ARM GAS  C:\Users\mvshv\AppData\Local\Temp\ccpgFvch.s 			page 1


   1              		.cpu cortex-m7
   2              		.eabi_attribute 20, 1
   3              		.eabi_attribute 21, 1
   4              		.eabi_attribute 23, 3
   5              		.eabi_attribute 24, 1
   6              		.eabi_attribute 25, 1
   7              		.eabi_attribute 26, 1
   8              		.eabi_attribute 30, 2
   9              		.eabi_attribute 34, 1
  10              		.eabi_attribute 18, 4
  11              		.file	"board.c"
  12              		.section	.gnu.lto_.profile.fb6a21d8,"",%progbits
  13 0000 789C6363 		.ascii	"x\234cc```\001bF\206\302\030\000\001\266\000\331"
  13      60606001 
  13      624686C2 
  13      180001B6 
  13      00D9
  14              		.text
  15              		.section	.gnu.lto_.icf.fb6a21d8,"",%progbits
  16 0000 789C6363 		.ascii	"x\234cc``\020a@\000f\206\333\035+\227\3600\366\254\274"
  16      60601061 
  16      40006686 
  16      DB1D2B97 
  16      F030F6AC 
  17 0015 D0C6CA74 		.ascii	"\320\306\312tw\376\322\233\254\014\000YX\010l"
  17      77FED29B 
  17      AC0C0059 
  17      58086C
  18              		.text
  19              		.section	.gnu.lto_.jmpfuncs.fb6a21d8,"",%progbits
  20 0000 789C6363 		.ascii	"x\234cc``\340e@\000f f\0041\230\200\030\000\002H\000"
  20      6060E065 
  20      40006620 
  20      66043198 
  20      80180002 
  21 0016 1A       		.ascii	"\032"
  22              		.text
  23              		.section	.gnu.lto_.inline.fb6a21d8,"",%progbits
  24 0000 789C6363 		.ascii	"x\234cc``pg@\000f\006\206[\0147\031\030\031\230\326"
  24      60607067 
  24      40006606 
  24      865B0C37 
  24      19181998 
  25 0015 316E38CF 		.ascii	"1n8\317\305\300\266@\236\011$\316\310\300*\006\024\004"
  25      C5C0B640 
  25      9E0924CE 
  25      C8C02A06 
  25      1404
  26 0027 B2E0225C 		.ascii	"\262\340\"\\0\202\211\201\231\011U\216\001\000dC\006"
  26      30828981 
  26      9909558E 
  26      01006443 
  26      06
  27 0038 D3       		.ascii	"\323"
  28              		.text
  29              		.section	.gnu.lto_.pureconst.fb6a21d8,"",%progbits
  30 0000 789C6363 		.ascii	"x\234cc```\007bf\006)F\011&\006\000\001\235\000F"
ARM GAS  C:\Users\mvshv\AppData\Local\Temp\ccpgFvch.s 			page 2


  30      60606007 
  30      62660629 
  30      46092606 
  30      00019D00 
  31              		.text
  32              		.section	.gnu.lto_stm32_gpio_init.fb6a21d8,"",%progbits
  33 0000 789CA5DA 		.ascii	"x\234\245\332\351O\234\307\035\007\360\347\367\314\356"
  33      E94F9CC7 
  33      1D07F0E7 
  33      F7CCEE
  34 000f 72E3F492 		.ascii	"r\343\364\222\3226j\375&R\022\251Fj\252V\252\224W\351"
  34      D2366AFD 
  34      265212A9 
  34      466AAA56 
  34      AA9457E9 
  35 0023 A1546A2B 		.ascii	"\241Tj+\325Q\325\274\250\334$m\323HU\0355\177\200\037"
  35      D551D5BC 
  35      A8DC246D 
  35      D348551D 
  35      357F801F 
  36 0037 0EDB18DB 		.ascii	"\016\333\030\333\004\023\016\203\227x\001\023\360\002"
  36      04130E83 
  36      97780113 
  36      F002
  37 0045 06DBDC18 		.ascii	"\006\333\334\030Xp\300`\033\014x\301\007\207\001\333"
  37      5870C060 
  37      1B0C78C1 
  37      078701DB 
  38 0055 DCA7397C 		.ascii	"\334\2479|`\330\316\374\236\231\345y\330]\312\200\025"
  38      60D8CEFC 
  38      9E99E579 
  38      D85DCA80 
  38      15
  39 0066 6FF0C2F3 		.ascii	"o\360\302\363\375\31633\237Y\026\333\246(J\376O\024"
  39      FDCE3333 
  39      9F5916DB 
  39      A6284AFE 
  39      4F14
  40 0078 E53DFAFF 		.ascii	"\345=\372\377\037\322\337@\024P\223:\024%:X\005`\037"
  40      1FD2DF40 
  40      1450933A 
  40      14253A58 
  40      05601F
  41 008b 68C1A01C 		.ascii	"h\301\240\034R\341\020\234 )\004\232\216\216V\253o\346"
  41      52E1109C 
  41      2029049A 
  41      8E8E56AB 
  41      6FE6
  42 009d 6BF4972B 		.ascii	"k\364\227+})4K\353\324\210\235(J\032\375\315~\301ex"
  42      7D29344B 
  42      EBD4889D 
  42      284A1AFD 
  42      CD7EC165 
  43 00b2 53A15F37 		.ascii	"S\241_7rq=5\302f\321\237\2072\260)@?(\351\266\272\264"
  43      72713D35 
  43      C266D19F 
  43      8732B029 
ARM GAS  C:\Users\mvshv\AppData\Local\Temp\ccpgFvch.s 			page 3


  43      403F28E9 
  44 00c9 75CF51CD 		.ascii	"u\317Q\315\325\177\016\322\377\360\001(v\002*{ \354"
  44      D57F0ED2 
  44      FFF00128 
  44      76022A7B 
  44      20EC
  45 00db C1C21EAC 		.ascii	"\301\302\036\254\354\301\306\036\024%\236^M\307\240"
  45      ECC1C61E 
  45      14259E5E 
  45      4DC7A0
  46 00ea B9946344 		.ascii	"\271\224cDe\037\305\272\224Ih\252\231\250\377\007\313"
  46      651FC5BA 
  46      944968AA 
  46      99A8FF07 
  46      CB
  47 00fb CC2440AB 		.ascii	"\314$@\253\322\0167\335\012:NG\241\002k\216\313j\036"
  47      D20E37DD 
  47      0A3A4E47 
  47      A1026B8E 
  47      CB6A1E
  48 010e 0DD1FFA8 		.ascii	"\015\321\377\250\315\307k\026\372T_\355\310\240\315"
  48      CDC76B16 
  48      FA545FED 
  48      C8A0CD
  49 011d 015F45D3 		.ascii	"\001_E\323Q\357\265\023\002\025\360\032\224\303k\012"
  49      51EFB513 
  49      0215F01A 
  49      94C36B0A 
  50 012d FBFAA947 		.ascii	"\373\372\251Gmu\221Q\305Z\034\330\211\005*\301\001\251"
  50      6D759151 
  50      C55A1CD8 
  50      89052AC1 
  50      01A9
  51 013f 782F5005 		.ascii	"x/P\005Q\264,\366\331\021\320\273T\275.o\"w9\222\345"
  51      51B42CF6 
  51      D911D0BB 
  51      54BD2E6F 
  51      22773992 
  52 0154 0378F640 		.ascii	"\003x\366@5M\241#r'\340\027\311u\325lt\325B\024-`IK"
  52      354DA123 
  52      7227E017 
  52      C975D56C 
  52      74D54214 
  53 016c C15241D1 		.ascii	"\301RA\321\354s\026\270\262\021U\007Q\306I\261\200\002"
  53      EC7316B8 
  53      B2115507 
  53      51C649B1 
  53      8002
  54 017e F5FA206B 		.ascii	"\365\372 k\3167X\365[!r\003m\300t\266\200\340\3324)"
  54      CE3758F5 
  54      5B217203 
  54      6DC074B6 
  54      80E0DA34 
  55 0193 161AB6AB 		.ascii	"\026\032\266\253Ih\334\310nb\223`\301\221\206\350\351"
  55      4968DCC8 
  55      6E629360 
  55      C19186E8 
ARM GAS  C:\Users\mvshv\AppData\Local\Temp\ccpgFvch.s 			page 4


  55      E9
  56 01a4 56B9ACAB 		.ascii	"V\271\254\253\230\245\262\254o6\215\223\205\355j\234"
  56      98A5B2AC 
  56      6F368D93 
  56      85ED6A9C 
  57 01b4 CD1BD92D 		.ascii	"\315\033\331-l\2346e\024b\366\362\234\256\270R;a\263"
  57      6C9C3665 
  57      1462F6F2 
  57      9CAEB852 
  57      3B61B3
  58 01c7 6D05B6DF 		.ascii	"m\005\266\337\026\3323\037\342\026\261\301^\372\307"
  58      16DA331F 
  58      E216B1C1 
  58      5EFAC7
  59 01d6 E38F0BA2 		.ascii	"\343\217\013\242U\362\016\356\316\212\205\364bx=W\323"
  59      55F20EEE 
  59      CE8A85F4 
  59      62783D57 
  59      D3
  60 01e7 6234576F 		.ascii	"b4Wo\341\017\262c\265V\315b'A\320\006\204Z\201V:\200"
  60      E10FB263 
  60      B556CD62 
  60      2741D006 
  60      845A8156 
  61 01fd 6B6C00AC 		.ascii	"kl\000\254\350:\274N/Y\352\033\351\000\226\026\004\232"
  61      E83ABC4E 
  61      2F59EA1B 
  61      E9009616 
  61      049A
  62 020f 463734DC 		.ascii	"F74\334\240\237\247\345\016\017\2357\275\177b\275d\314"
  62      A09FA7E5 
  62      0E0F9D37 
  62      BD7F62BD 
  62      64CC
  63 0221 42DEC506 		.ascii	"B\336\305\006O\375\331e\213oC0\334\364\323\320\216\015"
  63      4FFDD965 
  63      8B6F4330 
  63      DCF4D3D0 
  63      8E0D
  64 0233 DECD1282 		.ascii	"\336\315\022\202\011\261/\032\026#\017\255i\257\322"
  64      09B12F1A 
  64      16230FAD 
  64      69AFD2
  65 0242 271C6C53 		.ascii	"'\034lS\321\347\236w\315\304\207\261\231z\305NB\341"
  65      D1E79E77 
  65      CDC487B1 
  65      997AC54E 
  65      42E1
  66 0254 163D0E3A 		.ascii	"\026=\016:\3704]\315\364\314\207\323iJ\3224GI\332_\354"
  66      F8345DCD 
  66      F4CC87D3 
  66      694AD234 
  66      4749DA5F 
  67 0269 240C3A71 		.ascii	"$\014:q\256\370\225\253y\311\025\3014\3554\375|$\033"
  67      AEF895AB 
  67      79C915C1 
  67      34ED34FD 
ARM GAS  C:\Users\mvshv\AppData\Local\Temp\ccpgFvch.s 			page 5


  67      7C241B
  68 027c 471744E9 		.ascii	"G\027D\351\007B7\034\322\227#\253\247\000\274gF\034"
  68      0742371C 
  68      D29723AB 
  68      A700BC67 
  68      461C
  69 028e 9E2D8345 		.ascii	"\236-\203E6686\005x|\244\0210\036+p\033l\340f!n\234"
  69      36363836 
  69      05787CA4 
  69      11301E2B 
  69      701B6CE0 
  70 02a6 00EF1D04 		.ascii	"\000\357\035\004\341\227\265e\326\015\020:Z\272r\341"
  70      E197B565 
  70      D60D103A 
  70      5ABA72E1 
  71 02b6 6CBAA087 		.ascii	"l\272\240\207\017\266|\265y0Xw\343\310O}\225-l/\016"
  71      0FB67CB5 
  71      79305877 
  71      E3C84F7D 
  71      952D6C2F 
  72 02cb 568F54E0 		.ascii	"V\217T\340\016\352)\231\256~\036\241\033W\340\256\330"
  72      0EEA2999 
  72      AE7E1EA1 
  72      1B57E0AE 
  72      D8
  73 02dc 35C57498 		.ascii	"5\305t\230\274o[\005\037\261\370{\030o\345\361\3671"
  73      BC6F5B05 
  73      1FB1F87B 
  73      186FE5F1 
  73      F731
  74 02ee FED2FCD4 		.ascii	"\376\322\374\324\217\370\011\342yI\017\221>\321P\267"
  74      8FF809E2 
  74      79490F91 
  74      3ED150B7 
  75 02fe 93867E6C 		.ascii	"\223\206~l\260\361\206\001l\310XM\364\204\350\025\247"
  75      B0F18601 
  75      6CC8584D 
  75      F484E815 
  75      A7
  76 030f 72E2E89E 		.ascii	"r\342\350\236\031\024\025\355;\251x\200\025A\274b\010"
  76      191415ED 
  76      3BA97880 
  76      1541BC62 
  76      08
  77 0320 2BF25EAC 		.ascii	"+\362^\254\316\023q\027\004\206E\301\300N\012F\260 "
  77      CE137117 
  77      048645C1 
  77      C04E0A46 
  77      B020
  78 0332 98173CC4 		.ascii	"\230\027<\304\202#K\305EazA\351\235\230\303a\360HT\314"
  78      82234BC5 
  78      45617A41 
  78      E99D98C3 
  78      61F04854 
  79 0347 ECA4E231 		.ascii	"\354\244\3421V\204\360\212Q\254Xv\346j\274b\336\375"
  79      5684F08A 
  79      51AC5876 
ARM GAS  C:\Users\mvshv\AppData\Local\Temp\ccpgFvch.s 			page 6


  79      E66ABC62 
  79      DEFD
  80 0359 168C8982 		.ascii	"\026\214\211\202\265\235\024\214cA(/\230\300\002Gl\375"
  80      B59D148C 
  80      6341282F 
  80      98C00247 
  80      6CFD
  81 036b 40B05E50 		.ascii	"@\260^Pp*\247G\205In\267$\015\355\342\376\366\236$l"
  81      702AA747 
  81      85496EB7 
  81      240DEDE2 
  81      FEF69E24 
  82 0380 C72BC673 		.ascii	"\307+\306sE\352\264\230B\313\231M\253WC\370i\021\317"
  82      45EAB498 
  82      42CB994D 
  82      AB5743F8 
  82      6911CF
  83 0393 4E8B6973 		.ascii	"N\213is\243\354\0111\203\251\377\377H\230\015p$\324"
  83      A3EC0931 
  83      83A9FFFF 
  83      48980D70 
  83      24D4
  84 03a5 EA47C21C 		.ascii	"\352G\302\034NNX\200#a^\034\011\013[\034\011+\364H\240"
  84      4E4E5880 
  84      23615E1C 
  84      090B5B1C 
  84      092BF448 
  85 03ba A361F7E9 		.ascii	"\243a\367\351\367HxB'p\221\205,\342]6v?{a\025\0137m"
  85      F7487842 
  85      27709185 
  85      2CE25D36 
  85      763F7B61 
  86 03d2 58B8D6D3 		.ascii	"X\270\326\323g;\302\314g\300\2228\003\236\260\353\227"
  86      673BC2CC 
  86      67C09238 
  86      039EB0EB 
  86      97
  87 03e3 E968CCE8 		.ascii	"\351h\314\350%\022q+\254\010\364\230\367\024\267\302"
  87      2512712B 
  87      AC08F498 
  87      F714B7C2 
  88 03f3 40EBF942 		.ascii	"@\353\371B\257\027\017U\377\314\244^\266\342\271P\217"
  88      AF170F55 
  88      FFCCA45E 
  88      B6E2B950 
  88      8F
  89 0404 152FB062 		.ascii	"\025/\260b\346dC\205\215\253w\246hVX5\251\227\255x)"
  89      E6644385 
  89      8DAB77A6 
  89      68565835 
  89      A997AD78 
  90 0419 D463C51A 		.ascii	"\324c\305\032\235\0253r\331\274u\201\034\363<8\344\271"
  90      9D153372 
  90      D9BC7581 
  90      1CF33C38 
  90      E4B9
  91 042b 4BFD0FF8 		.ascii	"K\375\017\370\2548\243\265\303t\323\252F\344\262\025"
ARM GAS  C:\Users\mvshv\AppData\Local\Temp\ccpgFvch.s 			page 7


  91      AC38A3B5 
  91      C374D3AA 
  91      46E4B215 
  92 043b D12A478E 		.ascii	"\321*G\216\0251*\253\250\237n[\342g\241\346vZ!V5*\227"
  92      15312AAB 
  92      A89F6E5B 
  92      E267A1E6 
  92      765A2156 
  93 0452 6D8853B9 		.ascii	"m\210S\271rl8\214\015'z\033\256\363\206\204S1=\012\034"
  93      726C388C 
  93      0D277A1B 
  93      AEF38684 
  93      53313D0A 
  94 0467 517573B5 		.ascii	"Qus\265\\\371\224I\371\314n\224\037U\231\307\224\246"
  94      5CF99449 
  94      F9CC6E94 
  94      1F5599C7 
  94      94A6
  95 0479 0C770457 		.ascii	"\014w\004W\236\304\224\307\233\033e\225\037S\267\247"
  95      9EC494C7 
  95      9B1B6595 
  95      1F53B7A7 
  96 0489 3C41F5AF 		.ascii	"<A\365\257|LW~\034''<\200\362\023*W~R\015\254\274\243"
  96      7C4C577E 
  96      1C27273C 
  96      80F2132A 
  96      577E520D 
  97 04a0 D8C646C3 		.ascii	"\330\306F\303\356\323\257\362D\325\006_\2504\204>\320"
  97      EED3AFF2 
  97      44D5065F 
  97      A834843E 
  97      D0
  98 04b1 E76B72C7 		.ascii	"\347kr\307G\275\3073\235\004\357\302\365\365U\337\337"
  98      47BDC733 
  98      9D04EFC2 
  98      F5F555DF 
  98      DF
  99 04c2 63569EA4 		.ascii	"cV\236\244r\345\211\354\372S\352f\345\022\211\270\025"
  99      72E589EC 
  99      FA53EA66 
  99      E51289B8 
  99      15
 100 04d3 9255AE1C 		.ascii	"\222U\256\034\363\276\304\255\020{\351\322=\313\206"
 100      F3BEC4AD 
 100      107BE9D2 
 100      3DCB86
 101 04e2 72055254 		.ascii	"r\005RT\243r\331\212T\225+\307\2124\254\350t\317\334"
 101      A372D98A 
 101      54952BC7 
 101      8A34ACE8 
 101      74CFDC
 102 04f5 E7643487 		.ascii	"\347d4\207\266\027\322U#r\331\206\323*G\216\015\031"
 102      B617D255 
 102      2372D986 
 102      D32A478E 
 102      0D19
 103 0507 EA66E4B2 		.ascii	"\352f\344\262y\231*G\216ygp\304\011\215w&\370[\246\232"
ARM GAS  C:\Users\mvshv\AppData\Local\Temp\ccpgFvch.s 			page 8


 103      79992A47 
 103      8E796770 
 103      C4098D77 
 103      26F85BA6 
 104 051c D4392BD8 		.ascii	"\3249+\330M\306e\033\262\204ql\370\012\033jc\272\337"
 104      4DC6651B 
 104      B284716C 
 104      F80A1B6A 
 104      63BADF
 105 052f D10B6E66 		.ascii	"\321\013nf\274\015gM\302e\363\035B8\346gc\376\231\351"
 105      BC0D674D 
 105      C265F31D 
 105      4238E667 
 105      63FE99E9 
 106 0543 85647E07 		.ascii	"\205d~\007\316\324\202\357A\016\3476\306\201\263\335"
 106      CED482EF 
 106      410EE736 
 106      C681B3DD 
 107 0553 BA01FC98 		.ascii	"\272\001\374\230\272\013\340\271H1\2760%\227p\340\247"
 107      BA0BE0B9 
 107      4831BE30 
 107      259770E0 
 107      A7
 108 0564 19F073E6 		.ascii	"\031\360s\346FY\340y\333\004\376u\000\340\213:\360|"
 108      4659E079 
 108      DB04FE75 
 108      00E08B3A 
 108      F07C
 109 0576 9C9B8800 		.ascii	"\234\233\210\000\300\013\004\360\363[\000\037\245\300"
 109      C00B04F0 
 109      F35B001F 
 109      A5C0
 110 0584 E968D87D 		.ascii	"\351h\330}\372\005\356\244\300\013\331\314\027\342\272"
 110      FA05EEA4 
 110      C00BD9CC 
 110      17E2BA
 111 0593 DD5D29B9 		.ascii	"\335])\271\036!\326\355\234a\335\012\217\271\3536\001"
 111      1E21D6ED 
 111      9C61DD0A 
 111      8FB9EB36 
 111      01
 112 05a4 2F12C09D 		.ascii	"/\022\300\235\354\372b\037\340\022\211\270\023.\010"
 112      ECFA621F 
 112      E01289B8 
 112      132E08
 113 05b3 E0985742 		.ascii	"\340\230WB\363\314\257\331\262y\245B3\346]\304\235\265"
 113      F3CCAFD9 
 113      B279A542 
 113      33E65DC4 
 113      9DB5
 114 05c5 12133766 		.ascii	"\022\0237f\325w\226\313\021\375\026\\2i\226m\270,4c"
 114      D57796CB 
 114      11FD165C 
 114      3269966D 
 114      B82C3463 
 115 05d9 4319369C 		.ascii	"C\0316\234w\267O\206\362#\351\307P\256\032u\313\346"
 115      77B74F86 
ARM GAS  C:\Users\mvshv\AppData\Local\Temp\ccpgFvch.s 			page 9


 115      F223E9C7 
 115      50AE1A75 
 115      CBE6
 116 05eb 5708DD98 		.ascii	"W\010\335\230_\251\037y\327\272\017p{\337\207*\023m"
 116      5FA91F79 
 116      D7BA0F70 
 116      7BDF872A 
 116      136D
 117 05fd D9F86A41 		.ascii	"\331\370jA\033\343k0\376\336\225\332\3540a[\033\012"
 117      1BE36B30 
 117      FEDE95DA 
 117      EC30615B 
 117      1B0A
 118 060f 875A936E 		.ascii	"\207Z\223n\331\212+B7V\324a\205;!11\234\353\216/\210"
 118      D98A2B42 
 118      3756D461 
 118      853B2131 
 118      319CEB8E 
 119 0625 0E857A8E 		.ascii	"\016\205z\216m\221\363\3165\361\316\333\015\357\006"
 119      6D91F3CE 
 119      35F1CEDB 
 119      0DEF06
 120 0634 84D857D2 		.ascii	"\204\330W\322>\025\314y;\030o\227\271Q\226w\3436y7\005"
 120      3E15CC79 
 120      3B186F97 
 120      B9519677 
 120      E3367937 
 121 0649 E0EDD179 		.ascii	"\340\355\321y_\305\311\211\014\300\373\033\301\273y"
 121      5FC5C989 
 121      0CC0FB1B 
 121      C1BB79
 122 0658 0BDEEB94 		.ascii	"\013\336\353\2247\035\015\273O\277\274[(\357kl\352\257"
 122      371D0DBB 
 122      4FBFBC5B 
 122      28EF6B6C 
 122      EAAF
 123 066a E1C29D2B 		.ascii	"\341\302\235+\271x\006\304\302\271\014\013\227|\331"
 123      B97806C4 
 123      C2B90C0B 
 123      977CD9
 124 0679 FD57B3EE 		.ascii	"\375W\263\356V\241\273\205]\336\346\243{\373\201\270"
 124      56A1BB85 
 124      5DDEE6A3 
 124      7BFB81B8 
 125 0689 11AE0BDC 		.ascii	"\021\256\013\334\030w\303\007\267d\334Ma\033\343\332"
 125      1877C307 
 125      B764DC4D 
 125      611BE3DA 
 126 0699 715FC5DD 		.ascii	"q_\305\335\350]\344\373*\351\015\3500\311\226\214\277"
 126      E85DE4FB 
 126      2AE90DE8 
 126      30C9968C 
 126      BF
 127 06aa 2560637C 		.ascii	"%`c|\247\317\313\264d\\\227p\214q\335\372k\350\235\233"
 127      A7CFCBB4 
 127      645C9770 
 127      8C71DDFA 
ARM GAS  C:\Users\mvshv\AppData\Local\Temp\ccpgFvch.s 			page 10


 127      6BE89D9B 
 128 06be BFE3CEA2 		.ascii	"\277\343\316\242\253\264p\270m\242,Y\340\026\222\261"
 128      ABB470B8 
 128      6DA22C59 
 128      E01692B1 
 129 06ce A0070BAA 		.ascii	"\240\007\013\252\032\036\027D\010\311\227G\303\241\327"
 129      1A1E1744 
 129      08C99747 
 129      C3A1D7
 130 06dd 2459B2E1 		.ascii	"$Y\262\341\216\200\214\015w\261\241\253\354\372c\376"
 130      8E808C0D 
 130      77B1A1AB 
 130      ECFA63FE 
 131 06ed 062821CE 		.ascii	"\006(!\316\331\023\012\3678+\017\207\334`\202\334\270"
 131      D9130AF7 
 131      382B0F87 
 131      DC6082DC 
 131      B8
 132 06fe 1BC8F791 		.ascii	"\033\310\367\221\\g\376X\274\225C.`\220\373\314\215"
 132      5C67FE58 
 132      BC95432E 
 132      6090FBCC 
 132      8D
 133 070f B290FBB7 		.ascii	"\262\220\373\267\011y \000\344\302t\204<\210\223\263"
 133      09792000 
 133      E4C27484 
 133      3C8893B3 
 134 071f 2700E407 		.ascii	"'\000\344\007\002\362\320\026\220{/\330\330h\330}\372"
 134      02F2D016 
 134      907B2FD8 
 134      D868D87D 
 134      FA
 135 0730 853C4C21 		.ascii	"\205<L!\217\260\251\037\301u\213K?\333\355}\007\325"
 135      8FB0A91F 
 135      C1758B4B 
 135      3FDBED7D 
 135      07D5
 136 0742 67583747 		.ascii	"gX7G\\N\177\210Y\362C!y\230]\377\310G\262D\242\376\243"
 136      5C4E7F88 
 136      59F24321 
 136      79985DFF 
 136      C847B244 
 137 0759 1D4119F3 		.ascii	"\035A\031\363F}(\313\346\215\011\313\2307\216[+\247"
 137      467D28CB 
 137      E68D09CB 
 137      98378E5B 
 137      2BA7
 138 076b 7CE498F7 		.ascii	"|\344\230\367\273n\372\026o\302\244Y\266aRp\306\206"
 138      BB6EFA16 
 138      6FC2A459 
 138      B6615270 
 138      C686
 139 077d 291FCEB2 		.ascii	")\037\316\262y\323\3023\346\315\340\210/\224_p\022/"
 139      79D3C233 
 139      E6CDE088 
 139      2F945F70 
 139      122F
ARM GAS  C:\Users\mvshv\AppData\Local\Temp\ccpgFvch.s 			page 11


 140 078f 371BCC9A 		.ascii	"7\033\314\232<\3136\314\011\320\3300\217\015\311mK\011"
 140      3CCB36CC 
 140      09D0D830 
 140      8F0DC96D 
 140      4B09
 141 07a1 FC3B0B4D 		.ascii	"\374;\013Mc\240\027L\240e+\236\010\321X\261\210\025"
 141      63A0174C 
 141      A0652B9E 
 141      08D158B1 
 141      8815
 142 07b3 45AE9CF9 		.ascii	"E\256\234\371 \361\215\267\346\016\205%\356\2530]\027"
 142      20F18DB7 
 142      E60E8525 
 142      EEAB305D 
 142      17
 143 07c4 7DDF24BA 		.ascii	"}\337$\272\1777\242\227\321\336\227\313"
 143      7F37A297 
 143      D1DE97CB 
 144 07d0 F9C34274 		.ascii	"\371\303Bt)\023\275bn\224\025\375t\233\242\237\005\020"
 144      2913BD62 
 144      6E9415FD 
 144      749BA29F 
 144      0510
 145 07e2 5DA98B7E 		.ascii	"]\251\213~\216\223\363J\000\321/\204\350\325-D\317R"
 145      8E93F34A 
 145      00D12F84 
 145      E8D52D44 
 145      CF52
 146 07f4 D17434EC 		.ascii	"\321t4\354>\375\212~IE\257\261\251_\303\205\253\350"
 146      3EFD8A7E 
 146      4945AFB1 
 146      A95FC385 
 146      ABE8
 147 0806 CF767B4F 		.ascii	"\317v{O\342\025\303\302U:o\323\035f\022\275.D\277d\327"
 147      E215C3C2 
 147      553A6FD3 
 147      1D6612BD 
 147      2E44BF64 
 148 081b 7B7C444B 		.ascii	"{|DK$\342V\320\010\027\215y\321d\263h\331\274\030\302"
 148      24E256D0 
 148      08178D79 
 148      D164B368 
 148      D9BC18C2 
 149 082f 45635E2C 		.ascii	"Ec^,a[+\361\345\311/\370{\272NG\227\002q\304(Z\266\341"
 149      615B2BF1 
 149      E5C92FF8 
 149      7BBA4E47 
 149      970271C4 
 150 0847 30E1A2B1 		.ascii	"0\341\242\261\341\010\331,Z6\357(\341\2421/\036G\334"
 150      E108D92C 
 150      5A36EF28 
 150      E1A2312F 
 150      1E47DC
 151 085a 5C7DB43C 		.ascii	"\\}\264<T\274D\227\322\367\231\304(Z\266!\201p\321\330"
 151      54BC4497 
 151      D2F799C4 
 151      285AB621 
ARM GAS  C:\Users\mvshv\AppData\Local\Temp\ccpgFvch.s 			page 12


 151      8170D1D8 
 152 086e 701C1B5E 		.ascii	"p\034\033^\216\036K\344/\240'\206F\007\302\341\0041"
 152      8E1E4BE4 
 152      2FA02786 
 152      4607C2E1 
 152      0431
 153 0880 8A96AD38 		.ascii	"\212\226\2558I\270h\254H\304\212\201\334\344e\376\206"
 153      49B868AC 
 153      48C48A81 
 153      DCE465FE 
 153      86
 154 0891 2721259E 		.ascii	"'!%\236\212\376\202\350\276*\271\350e\223\350\247\273"
 154      8AFE82E8 
 154      BE2AB9E8 
 154      6593E8A7 
 154      BB
 155 08a2 119D4498 		.ascii	"\021\235D\230\275\346\262B\267\020]\305D\23727\312\212"
 155      BDE6B242 
 155      B7105DC5 
 155      449F3237 
 155      CA8A
 156 08b4 4E26DB13 		.ascii	"N&\333\023\375%\361/\372\241.:\005'\347[\001D\247\022"
 156      FD25F12F 
 156      FAA12E3A 
 156      0527E75B 
 156      0144A712 
 157 08c8 2E3A8D04 		.ascii	".:\215\004\026\335Rbc\243a\367\351Wt:\261\301i\266\355"
 157      16DD5262 
 157      63A361F7 
 157      E957743A 
 157      B1C169B6 
 158 08dd E9037D3E 		.ascii	"\351\003}>wzb8L,\034\235\004\357\302y\206\226\2326\275"
 158      777A6238 
 158      4C2C1C9D 
 158      04EFC279 
 158      86969A36 
 159 08f2 4667102E 		.ascii	"Fg\020.:\235]\237\211KWV\267\220'~\222J\340\0141\012"
 159      3A9D5D9F 
 159      894B5756 
 159      B790277E 
 159      924AE00C 
 160 0908 9768C0AD 		.ascii	"\227h\300\255a\027\3021?\313G\270l\336WB8\346\235\305"
 160      6117C231 
 160      3FCB47B8 
 160      6CDE5742 
 160      38E69DC5 
 161 091c F10E678C 		.ascii	"\361\016g\214\347s\341I\216N\247\025\034&\342\262\025"
 161      E773E149 
 161      8E4EA715 
 161      1C26E2B2 
 161      15
 162 092d D9823856 		.ascii	"\331\2028V\344\370\020\227\315\313\025\3041\357\034"
 162      E4F81097 
 162      CDCB15C4 
 162      31EF1C
 163 093c 0E7921A7 		.ascii	"\016y!\247\377f\220xI-<b\201<\223q\331\212\257\205q"
 163      FF669078 
ARM GAS  C:\Users\mvshv\AppData\Local\Temp\ccpgFvch.s 			page 13


 163      492D3C62 
 163      813C9371 
 163      D98AAF85 
 164 0951 ACC8C70A 		.ascii	"\254\310\307\012\357_V\003X\240\300\344[6\376\274\360"
 164      EF5F5603 
 164      58A0C0E4 
 164      5B36FEBC 
 164      F0
 165 0962 8DF14E8C 		.ascii	"\215\361N\214\237\312^*\347G\210\226\032\012\205\334"
 165      9FCA5E2A 
 165      E7478896 
 165      1A0A85DC 
 166 0972 DA43AE9B 		.ascii	"\332C\256\233m\325\015\335\311d\027\272\213\320\341"
 166      6DD50DDD 
 166      C96417BA 
 166      8BD0E1
 167 0981 8BC7CDC7 		.ascii	"\213\307\315\307\305[i\027\323]ln\224\325}a\233\272"
 167      C55B6917 
 167      D35D6C6E 
 167      94D57D61 
 167      9BBA
 168 0993 4B02E89E 		.ascii	"K\002\350\236\323u\227\342\324|;\200\356\213B\367\245"
 168      D37597E2 
 168      D47C3B80 
 168      EE8B42F7 
 168      A5
 169 09a4 2D740F52 		.ascii	"-t\017R\335t4\354>\375\352\276Lu\227\261\211/\303e\233"
 169      DD7434EC 
 169      3EFDEABE 
 169      4C7597B1 
 169      892FC365 
 170 09b9 3A533C10 		.ascii	":S<\020\"\226\255\330\260l\325k\315\233\177RV.t_f\327"
 170      2296ADD8 
 170      B06CD56B 
 170      CD9B7F52 
 170      562E745F 
 171 09cf 5790CDAF 		.ascii	"W\220\315\257\327\022\211\270\021*\205f\314\253\362"
 171      D71289B8 
 171      112A8566 
 171      CCABF2
 172 09de D12C9B57 		.ascii	"\321,\233W-4c^\015n\254\030\347\305I\376w\251=\324r"
 172      2D34635E 
 172      0D6EAC18 
 172      E7C549FE 
 172      77A93DD4 
 173 09f3 ADC9B26C 		.ascii	"\255\311\262l\301\025a\031\013\352|,\313\346\325\013"
 173      C1156119 
 173      0BEA7C2C 
 173      CBE6D50B 
 174 0a03 CB98D760 		.ascii	"\313\230\327`\234\320\231\235\344\271\004\\\314k\324"
 174      9CD0999D 
 174      E4B9045C 
 174      CC6BD4
 175 0a12 BF6199B1 		.ascii	"\277a\231\261\017\250\372\004\014eiO#\241\311\204W\266"
 175      0FA8FA04 
 175      0C65694F 
 175      23A1C984 
ARM GAS  C:\Users\mvshv\AppData\Local\Temp\ccpgFvch.s 			page 14


 175      57B6
 176 0a24 E2AAC08B 		.ascii	"\342\252\300\213\025\337`\305\335\361hO\2048~\034m\241"
 176      15DF60C5 
 176      DDF1684F 
 176      84387E1C 
 176      6DA1
 177 0a36 D0CC31CD 		.ascii	"\320\3141\315q\276E&\276\027v\303\267\005\241\235\032"
 177      71BE4526 
 177      BE1776C3 
 177      B705A19D 
 177      1A
 178 0a47 CAFA1BD7 		.ascii	"\312\372\033\327\333\312\364^3\027\312\352m\335\246"
 178      DBCAF45E 
 178      3317CAEA 
 178      6DDDA6
 179 0a56 DEB6007A 		.ascii	"\336\266\000zWu\275\327qn\276\023@\357\015\241\367\346"
 179      5775BDD7 
 179      716EBE13 
 179      40EF0DA1 
 179      F7E6
 180 0a68 167A57A8 		.ascii	"\026zW\250^:\032v\233~\365\266S\275\035l\346;p\335\326"
 180      5E3A1A76 
 180      9B7EF5B6 
 180      53BD1D6C 
 180      E63B70DD 
 181 0a7d 931A6322 		.ascii	"\223\032c\"\305\272]3\254\3333\255o\257\031\357-\201"
 181      C5BA5D33 
 181      ACDB33AD 
 181      6FAF19EF 
 181      2D81
 182 0a8f B79D5DDE 		.ascii	"\267\235]\336\351\203w\373\201\372\317\202\204]\214"
 182      E98377FB 
 182      81FACF82 
 182      845D8C
 183 0a9e EB36C6D5 		.ascii	"\3536\306\325\355 \356\266\240\213qnc\\\373\016\342"
 183      ED20EEB6 
 183      A08B716E 
 183      635CFB0E 
 183      E2
 184 0aaf 7A04548C 		.ascii	"z\004T\214\353\365\201*\031wG8\305\270\273\270\351K"
 184      EBF5812A 
 184      19774738 
 184      C5B8BBB8 
 184      E94B
 185 0ac1 3BA78AF8 		.ascii	";\247\212\370k\356\354@-uu\317\364\232+\331p_\310\305"
 185      6BEEEC40 
 185      2D7575CF 
 185      F49A2BD9 
 185      705FC8C5 
 186 0ad5 863E6C48 		.ascii	"\206>lH\350\036L\010\027\015\261\264\241\337$W\262a"
 186      E81E4C08 
 186      170DB1B4 
 186      A1DF2457 
 186      B261
 187 0ae7 40C0C586 		.ascii	"@\300\305\206Al8\323\232\355\341?%w\3668\233C\341\001"
 187      416C38D3 
 187      9AEDE13F 
ARM GAS  C:\Users\mvshv\AppData\Local\Temp\ccpgFvch.s 			page 15


 187      2577F638 
 187      9B43E101 
 188 0afb 77B4CAE1 		.ascii	"w\264\312\341\266\230\340\266\356\006\356\020\032\313"
 188      B698E0B6 
 188      EE06EE10 
 188      1ACB
 189 0b09 A84C6FB1 		.ascii	"\250Lo\261q\271\235L\356\260\271QV\356\3106\345>\014"
 189      71B99D4C 
 189      EEB0B951 
 189      56EEC836 
 189      E53E0C
 190 0b1c 2037DF8E 		.ascii	" 7\337\216r\037\341\344|7\200\334\307B\356\350\026r"
 190      721FE1E4 
 190      7C3780DC 
 190      C742EEE8 
 190      1672
 191 0b2e 3BAA6C6C 		.ascii	";\252ll4\354>\375\312\035\243r\307\331\324\217\343\272"
 191      34EC3EFD 
 191      CA1DA372 
 191      C7D9D48F 
 191      E3BA
 192 0b40 9DCC6AEA 		.ascii	"\235\314j\352\012\025\3536lX\267\216\326#\325\341f\272"
 192      0A15EB36 
 192      6C58B78E 
 192      D623D5E1 
 192      66BA
 193 0b52 1382EE18 		.ascii	"\023\202\356\030\273~\322\207\256D\"n\205)a\027\363"
 193      BB7ED287 
 193      AE44226E 
 193      85296117 
 193      F3
 194 0b63 A67DECCA 		.ascii	"\246}\354\312\346\315\010\274\2307\353\203W6oN\350\305"
 194      E6CD08BC 
 194      9837EB83 
 194      57366F4E 
 194      E8C5
 195 0b75 BC79DCAA 		.ascii	"\274y\334\252M\247\243W\370\367\237O=\364;^b\344,[\360"
 195      4DA7A357 
 195      F8F79F4F 
 195      3DF43B5E 
 195      62E42C5B 
 196 0b8a 4478C682 		.ascii	"Dx\306\202E\375m\312\305\333\343\374El6\253\212j[2y"
 196      45FD6DCA 
 196      C5DBE3FC 
 196      456C36AB 
 196      8A6A5B32 
 197 0b9f 96AD5816 		.ascii	"\226\255X\026\240\261b\3058'k;\311{*\370b\3363\034r"
 197      A0B162C5 
 197      38276B3B 
 197      C97B2AF8 
 197      62DE331C 
 198 0bb4 EC939821 		.ascii	"\354\223\230!\376\316~\322\255\302sN)\337\256\343\035"
 198      FECE7ED2 
 198      ADC2734E 
 198      29DFAEE3 
 198      1D
 199 0bc5 32E11D61 		.ascii	"2\341\035a\177\232e\377\244\313\216\377\220\025\375"
ARM GAS  C:\Users\mvshv\AppData\Local\Temp\ccpgFvch.s 			page 16


 199      7F9A65FF 
 199      A4CB8EFF 
 199      9015FD
 200 0bd4 C4D34D9A 		.ascii	"\304\323M\232\324\241\250\212\362\313}\373\242\274\377"
 200      D4A1A88A 
 200      F2CB7DFB 
 200      A2BCFF
 201 0be3 1DFC3CEA 		.ascii	"\035\374<\352_\037\376;\352\243\203\037\376\367\357"
 201      5F1FFE3B 
 201      EAA3831F 
 201      FEF7EF
 202 0bf2 9F47ED7F 		.ascii	"\237G\355\177\377\300\376\367\177\377\366O\177\363\213"
 202      FFC0FEF7 
 202      7FFFF64F 
 202      7FF38B
 203 0c01 9FFDFCB7 		.ascii	"\237\375\374\267\007~\365\336\376w\377\370\347_\377"
 203      077EF5DE 
 203      FE77FFF8 
 203      E75FFF
 204 0c10 E903FDD3 		.ascii	"\351\003\375\323\373>V\254\237|\366\351\301\317l\037"
 204      FB3E56AC 
 204      9F7CF6E9 
 204      C1CF6C1F 
 205 0c20 1FFCCF3F 		.ascii	"\037\374\317??\375\344\177j\024Nj"
 205      3FFDE47F 
 205      6A144E6A 
 206              		.text
 207              		.section	.gnu.lto___early_init.fb6a21d8,"",%progbits
 208 0000 789C6363 		.ascii	"x\234cc``\270\004\3046@,\015\304\214\314\014\214L\023"
 208      6060B804 
 208      C436402C 
 208      0DC48CCC 
 208      0C8C4C13 
 209 0014 CE313034 		.ascii	"\316104r012\202\030\015\034\214\014\365L\214\365\214"
 209      72303132 
 209      82180D1C 
 209      8C0CF54C 
 209      8CF58C
 210 0027 3DCC5398 		.ascii	"=\314S\230\031\017\265?\333\311\244\271\274\001\010"
 210      190FB53F 
 210      DBC9A4B9 
 210      BC0108
 211 0036 0E4CBFC2 		.ascii	"\016L\277\302\327\326\320*1\207\231\201a\032\020\203"
 211      D7D6D02A 
 211      31879981 
 211      611A1083 
 212 0046 00E36646 		.ascii	"\000\343fFM\006\240\262G\033\377M\345ec\201\2103nad"
 212      4D06A0B2 
 212      471BFF4D 
 212      E5656381 
 212      88336E61 
 213 005b 63600432 		.ascii	"c`\0042\326_b=\320\360\357\177{\303\2013\213\031\357"
 213      D65F623D 
 213      D0F0EF7F 
 213      7BC38133 
 213      8B19EF
 214 006e FAB13030 		.ascii	"\372\26100t\000\345\201\2264\034`\350df\002\261\232"
ARM GAS  C:\Users\mvshv\AppData\Local\Temp\ccpgFvch.s 			page 17


 214      7400E581 
 214      96341C60 
 214      E8646602 
 214      B19A
 215 0080 0F30BC61 		.ascii	"\0170\274al^\260y.3X\027\320\250\235;\337\334f\257\377"
 215      6C5EB079 
 215      2E335817 
 215      D0A89D3B 
 215      DFDC66AF 
 216 0095 DBC03187 		.ascii	"\333\3001\207\231q\0323\320\030\306\255\214\365\014"
 216      99711A33 
 216      D018C6AD 
 216      8CF50C
 217 00a4 7380CA41 		.ascii	"s\200\312A\012\267\312bW\307\004T\267\015\252\356\035"
 217      0AB7CA62 
 217      57C70454 
 217      B70DAAEE 
 217      1D
 218 00b5 63D382DD 		.ascii	"c\323\202\335s\031\301\012A\240\003h\012\320*\240\022"
 218      7319C10A 
 218      41A00368 
 218      0AD02AA0 
 218      12
 219 00c6 2B3D3D7D 		.ascii	"+==}8\312/\326\317H\314\321O\312O,J)\326\017\016\211"
 219      38CA2FD6 
 219      CF48CCD1 
 219      4FCA4F2C 
 219      4A29D60F 
 220 00dc 0F0EF135 		.ascii	"\017\016\36156r371s\217w\361\014v\366\017s\015\212\204"
 220      36723337 
 220      31738F77 
 220      F10C76F6 
 220      0F730D8A 
 221 00f1 48EB2533 		.ascii	"H\353%3\000\000+\036X&"
 221      00002B1E 
 221      5826
 222              		.text
 223              		.section	.gnu.lto_boardInit.fb6a21d8,"",%progbits
 224 0000 789C6363 		.ascii	"x\234cc``\250\003b\033 \226\006bFf\006F\246\011\347"
 224      6060A803 
 224      621B2096 
 224      06624666 
 224      0646A609 
 225 0015 18181A39 		.ascii	"\030\030\0329\230\030\031A\214\006\016F\206z&\306z\306"
 225      98181941 
 225      8C060E46 
 225      867A26C6 
 225      7AC6
 226 0027 1EE629CC 		.ascii	"\036\346)\314\214\207\332\237\355d\322\\\336\000\004"
 226      8C87DA9F 
 226      ED64D25C 
 226      DE0004
 227 0036 07A66F10 		.ascii	"\007\246o\020jkh\225\230\303\314\3000\015\210A\200q"
 227      6A6B6895 
 227      98C3CCC0 
 227      300D8841 
 227      8071
ARM GAS  C:\Users\mvshv\AppData\Local\Temp\ccpgFvch.s 			page 18


 228 0048 33A32603 		.ascii	"3\243&\003P\331\243\215\377\246\362\262\261@\304\031"
 228      50D9A38D 
 228      FFA6F2B2 
 228      B140C419 
 229 0058 B730B231 		.ascii	"\2670\26210\002\031\353/\261\036h\370\367\277\275\341"
 229      300219EB 
 229      2FB11E68 
 229      F8F7BFBD 
 229      E1
 230 0069 C097458C 		.ascii	"\300\227E\214[\203\230\030\030:\200\362@K\032\0160t"
 230      5B839818 
 230      183A80F2 
 230      404B1A0E 
 230      3074
 231 007b 32338158 		.ascii	"23\201X\315\007\030\33616)\200\265\200@\0073#H\030\250"
 231      CD0718DE 
 231      31362980 
 231      B5804007 
 231      33234818 
 232 0090 D44A4F4F 		.ascii	"\324JOO\037\216\362\213\3653\022s\364\223\362\023\213"
 232      1F8EF28B 
 232      F5331273 
 232      F493F213 
 232      8B
 233 00a1 528AF583 		.ascii	"R\212\365\203C\342\203C|\215\215\334\314M\314\334\343"
 233      43E28343 
 233      7C8D8DDC 
 233      CC4DCCDC 
 233      E3
 234 00b2 5D3C839D 		.ascii	"]<\203\235\375\303\\\203\"!\322z\311\014\000A\031<A"
 234      FDC35C83 
 234      2221D27A 
 234      C90C0041 
 234      193C41
 235              		.text
 236              		.section	.gnu.lto_.symbol_nodes.fb6a21d8,"",%progbits
 237 0000 789C55C8 		.ascii	"x\234U\310\313\011\200@\014\000\321I\002[\227\326a1"
 237      CB098040 
 237      0C00D149 
 237      025B97D6 
 237      6131
 238 0012 4909D6B0 		.ascii	"I\011\326\260]\350M\020?\027k\260\022\331 x\3600\014"
 238      5DE84D10 
 238      3F176BB0 
 238      12D92078 
 238      F0300C
 239 0025 BC020C19 		.ascii	"\274\002\014\031\272\251\303xAn\212%J\332\256.\237\315"
 239      BAA9C378 
 239      416E8A25 
 239      4ADAAE2E 
 239      9FCD
 240 0037 D1A71CEA 		.ascii	"\321\247\034\352\372\0239\325\355\025\210\350\300\004"
 240      FA1339D5 
 240      ED1588E8 
 240      C004
 241 0045 EAFD8889 		.ascii	"\352\375\210\211\261\346il9\030k"
 241      B1E6696C 
ARM GAS  C:\Users\mvshv\AppData\Local\Temp\ccpgFvch.s 			page 19


 241      39186B
 242              		.text
 243              		.section	.gnu.lto_.refs.fb6a21d8,"",%progbits
 244 0000 789C6363 		.ascii	"x\234cc```\004b\006\000\000D\000\010"
 244      60606004 
 244      62060000 
 244      440008
 245              		.text
 246              		.section	.gnu.lto_.decls.fb6a21d8,"",%progbits
 247 0000 789CCD59 		.ascii	"x\234\315Y{PTW\232\357sO\323t7/\013\334Y'c\355R\331"
 247      7B505457 
 247      9AEF734F 
 247      D374372F 
 247      0BDC5927 
 248 0018 8CA1666B 		.ascii	"\214\241fkD0\023w\247\266\266\326\000\0216f\244\032"
 248      44301377 
 248      A7B6B6D6 
 248      00113666 
 248      A41A
 249 002a 93D9D9A1 		.ascii	"\223\331\331\241\226\020\300\204]\004\027\332]S\363"
 249      9610C084 
 249      5D0417DA 
 249      5D53F3
 250 0039 C75E5EA2 		.ascii	"\307^^\242 \002\002*/E\301(JD\023\011\312\263\005y\010"
 250      2002022A 
 250      2F45C128 
 250      4A441309 
 250      CAB30579 
 251 004e A20811E5 		.ascii	"\242\010\021\345)bx\370\346\021\025\021e\277s\316\355"
 251      296278F8 
 251      E6111511 
 251      65BF73CE 
 251      ED
 252 005f BE874B53 		.ascii	"\276\207KS\363\332?\266\213\037\367~\367\374\356\367"
 252      F3DA3FB6 
 252      8B1FF77E 
 252      F7FCEEF7 
 253 006f 7DE73BDF 		.ascii	"}\347;\337\371\3569\367jT*U\327_\251T\377\256V\251|"
 253      F9EE39F7 
 253      6A542A55 
 253      D75FA954 
 253      FFAE56A9 
 254 0084 914A350F 		.ascii	"\221J5\017?8U]T\311?\"W\001j\000u\2126\363\357\277\341"
 254      3F38555D 
 254      54C93F22 
 254      57016A00 
 254      758A36F3 
 255 009b 5E07387E 		.ascii	"^\0078~\002x\033\360\267 \377\014p\015\316\235\001\313"
 255      02781BF0 
 255      B720FF0C 
 255      700DCE9D 
 255      01CB
 256 00ad 01BF0539 		.ascii	"\001\277\0059\032\260\037\220\0158\000\370W\300_@\233"
 256      1AB01F90 
 256      0D3800F8 
 256      57C05F40 
 256      9B
ARM GAS  C:\Users\mvshv\AppData\Local\Temp\ccpgFvch.s 			page 20


 257 00be 2D1CDF04 		.ascii	"-\034\337\004\374\030\220\012\330\010\370\030\260\011"
 257      FC18900A 
 257      D808F818 
 257      B009
 258 00cc F021C000 		.ascii	"\360!\300\000\370\010\260\031\260\033\220\014\310\000"
 258      F808B019 
 258      B01B900C 
 258      C800
 259 00da EC02A400 		.ascii	"\354\002\244\000\322\000\211\200t\300\036\300N\200 "
 259      D2008980 
 259      74C01EC0 
 259      4E8020
 260 00e9 F99D0FE7 		.ascii	"\371\235\017\347\360\247:\204\026\372\374;\220\261\344"
 260      F0A73A84 
 260      16FAFC3B 
 260      90B1E4
 261 00f8 F36138AF 		.ascii	"\363a8\257\224\256c\251\257UK\364\365\177$}\237H2\222"
 261      94AE63A9 
 261      AF554BF4 
 261      F57F247D 
 261      9F483292 
 262 010c E2A2FC65 		.ascii	"\342\242\374eaTy\261\246\316\3566\032@\340\013Z\306"
 262      615479B1 
 262      A6CEEE36 
 262      1A40E00B 
 262      5AC6
 263 011e D888FD87 		.ascii	"\330\210\375\207#\001\225\347\315?\304\256\303U\201"
 263      230195E7 
 263      CD3FC4AE 
 263      C35581
 264 012d 1D242A11 		.ascii	"\035$*\021\314\267 \313\025A\322!\230\365\322?I\001"
 264      CCB720CB 
 264      1541D221 
 264      98F5D23F 
 264      4901
 265 013f E2B5B276 		.ascii	"\342\265\262vf\316\374c\236\263\023\356>vI\220\215q"
 265      66CEFC63 
 265      9EB313EE 
 265      3E764990 
 265      8D71
 266 0151 B72CF255 		.ascii	"\267,\362Uei\2668%w\022IA8u)\251]?\204\006\241\365_"
 266      6569B638 
 266      25771249 
 266      41387529 
 266      A95D3F84 
 267 0169 6084B45B 		.ascii	"`\204\264[\021\271\372d\356\346y\214\005z~\266\247\245"
 267      11B9FA64 
 267      EEE6798C 
 267      057A7EB6 
 267      A7A5
 268 017b 41879DE9 		.ascii	"A\207\235\351yNW\275au\251\310~\332|\254B\337\"l\216"
 268      794E57BD 
 268      6175A9C8 
 268      7EDA7CAC 
 268      42DF226C 
 269 0190 67E3FC73 		.ascii	"g\343\374s\223S\012F\316z$\200\3309q\245\300\016\304"
 269      93530A46 
ARM GAS  C:\Users\mvshv\AppData\Local\Temp\ccpgFvch.s 			page 21


 269      CE7A2480 
 269      D83971A5 
 269      C00EC4
 270 01a3 E57AB40C 		.ascii	"\345z\264\014\304\322=\363Y6+\366\223\033\323\343\305"
 270      C4D23DF3 
 270      59362BF6 
 270      931BD3E3 
 270      C5
 271 01b4 6502FAE4 		.ascii	"e\002\372\344G\350\002Z\211\316\243\225\340M%Z\001\377"
 271      47E8025A 
 271      89CEA395 
 271      E04D255A 
 271      01FF
 272 01c6 23D54CD3 		.ascii	"#\325L\323\331\351\331\037\034\337,\024MC\242\351I\256"
 272      D9E9D91F 
 272      1CDF2C14 
 272      4D43A2E9 
 272      49AE
 273 01d8 DBA9CA71 		.ascii	"\333\251\312qQ\324\253\011\011\225#\214*\320j\322\203"
 273      51D4AB09 
 273      0995238C 
 273      2AD06AD2 
 273      83
 274 01e9 72621A9D 		.ascii	"rb\032\235CC\010}\203nC\007\252\320\233p\363\344\243"
 274      4343087D 
 274      836E4307 
 274      AAD09B70 
 274      F3E4A3
 275 01fc B4AB4E38 		.ascii	"\264\253N8\035Q\207o\325f\306;\201\246B\320\324]i\237"
 275      1D51876F 
 275      D566C63B 
 275      81A642D0 
 275      D45D699F 
 276 0210 2B9AE2C0 		.ascii	"+\232\342\300\001\201\252\252\226UU+U\325PUWF\007~\207"
 276      0181AAAA 
 276      9655552B 
 276      55D55055 
 276      5746077E 
 277 0225 0B98A6A6 		.ascii	"\013\230\246\246\252\251\024\015h:\003\232\352\375\026"
 277      AAA9140D 
 277      683A039A 
 277      EAFD16
 278 0234 28AA9515 		.ascii	"(\252\225\025\325*\025\325QE\342xU\277\023>\3164\245"
 278      D52A15D5 
 278      5145E278 
 278      55BF133E 
 278      CE34A5
 279 0247 9D4CAED5 		.ascii	"\235L\256\325\201\246!Q45\227\271\356\335\2753U<\202"
 279      81A62151 
 279      343597B9 
 279      EEDDBD33 
 279      553C82
 280 025a 680C9049 		.ascii	"h\014\220IVe\222\"\213.R\025\327\023\316\344c\026]5"
 280      56659222 
 280      8B2E5215 
 280      D713CEE4 
 280      63165D35 
ARM GAS  C:\Users\mvshv\AppData\Local\Temp\ccpgFvch.s 			page 22


 281 026e E9657BEE 		.ascii	"\351e{\356]G\026]W\020\247/\235\230\226b\237\216H\264"
 281      5D47165D 
 281      5710A72F 
 281      9D989662 
 281      9F8E48B4 
 282 0282 DB9BFB25 		.ascii	"\333\233\373%\366.\"\267\234\314\272\241\303\017\231"
 282      F62E22B7 
 282      9CCCBAA1 
 282      C30F99
 283 0291 03032D25 		.ascii	"\003\003-%\247H\343\333zDr\305\011.\225=\274\360\302"
 283      A748E3DB 
 283      7A4472C5 
 283      092E953D 
 283      BCF0C2
 284 02a4 815D228C 		.ascii	"\201]\"\214\316\264\251b[\374\224\322\205\333=/\373"
 284      CEB4A962 
 284      5BFC94D2 
 284      85DB3D2F 
 284      FB
 285 02b5 1D91DE6D 		.ascii	"\035\221\336m\227(\306\211\205\361\242\316W\205\032"
 285      9728C689 
 285      85F1A2CE 
 285      57851A
 286 02c4 60E4EA61 		.ascii	"`\344\352a\344P\033r#7\021\237Q\013\\l\206\213_\222"
 286      E4501B72 
 286      2337119F 
 286      510B5C6C 
 286      868B5F92 
 287 02d8 413635B7 		.ascii	"A65\267\374c\316\224(\272\242V\244G\227\345~\275\255"
 287      FC63CE94 
 287      28BAA256 
 287      A44797E5 
 287      7EBDAD
 288 02eb 67835C52 		.ascii	"g\203\\R\234qT\203\307h\222\011Uy#\215\302R6\256.mc"
 288      9C715483 
 288      C7689209 
 288      5579238D 
 288      C25236AE 
 289 0302 F0CDA644 		.ascii	"\360\315\246D2\014\355`\343\212l\003L2#\007;\317\372"
 289      320CED60 
 289      E38A6C03 
 289      4C322307 
 289      3BCFFA
 290 0315 E84169FC 		.ascii	"\350Ai\374\037\244\024n(<\330\022'\340+\230\206\341"
 290      1FA4146E 
 290      283CD812 
 290      27E02B98 
 290      86E1
 291 0327 DBD1CB4D 		.ascii	"\333\321\313Mz\026E\221D\261\370\374\320\034\3027Y\243"
 291      7A164591 
 291      44B1F8FC 
 291      D01CC237 
 291      59A3
 292 0339 A969CF23 		.ascii	"\251i\317#\204\207\231\260\353NR\227\304\234!rn\325"
 292      848799B0 
 292      EB4E5297 
 292      C49C2172 
ARM GAS  C:\Users\mvshv\AppData\Local\Temp\ccpgFvch.s 			page 23


 292      6ED5
 293 034b 0FAD364C 		.ascii	"\017\2556L\326\202X\361\370T\205\003\033-\023i\236\257"
 293      D68258F1 
 293      F8548503 
 293      1B2D1369 
 293      9EAF
 294 035d 7F7ECB01 		.ascii	"\177~\313\001\217\263{3&\24625\304I\2219In2\273\251"
 294      8FB37B33 
 294      26A63235 
 294      C4499139 
 294      496E32BB 
 295 0372 42B74857 		.ascii	"B\267HW\220\373J\264\206\372WQ^\364D\353\234N\247\221"
 295      90FB4AB4 
 295      86FA5751 
 295      5EF444EB 
 295      9C4EA791 
 296 0386 28FE939A 		.ascii	"(\376\223\232\366\274\033\3307(\273\0079\233\357\241"
 296      F6BC1BD8 
 296      3728BB07 
 296      399BEFA1 
 297 0396 76EEF514 		.ascii	"v\356\365\024\351\230\033\023D>pax\302\021OIv\033\236"
 297      E9981B13 
 297      443E7061 
 297      78C2114F 
 297      49761B9E 
 298 03aa 4EDBE167 		.ascii	"N\333\341gL\350?\232uL\315\230\343D.\230\233KP\343\227"
 298      4CE83F9A 
 298      754CCD98 
 298      E3442E98 
 298      9B4B50E3 
 299 03bf AC31AEAA 		.ascii	"\2541\256\252'C\312\256!\232\036q\231\305\032\234\250"
 299      2743CAAE 
 299      219A1E71 
 299      99C51A9C 
 299      A8
 300 03d0 A68D2F1F 		.ascii	"\246\215/\037\037\237\320\3404&T\334\311\256\223\014"
 300      1F9FD0E0 
 300      342654DC 
 300      C9AE930C 
 301 03e0 DE2272C3 		.ascii	"\336\"r\303t\376\244=\316a\215\211\305\337\355\261\305"
 301      74FEA43D 
 301      CE618D89 
 301      C5DFEDB1 
 301      C5
 302 03f1 454CE81A 		.ascii	"EL\350\032=\222`\317\230\035D\236\356Km\262\307_\261"
 302      3D9260CF 
 302      981D449E 
 302      EE4B6DB2 
 302      C75FB1
 303 0404 C64B2D77 		.ascii	"\306K-w\273\264\270\202\011)\215\345MR.\267\0209v\374"
 303      BBB4B882 
 303      09298DE5 
 303      4D522EB7 
 303      103976FC 
 304 0418 4C12C617 		.ascii	"L\022\306\027%\203Rd\235\245\310Nv4$\353p\033kl\337"
 304      25835264 
 304      9DA5C84E 
ARM GAS  C:\Users\mvshv\AppData\Local\Temp\ccpgFvch.s 			page 24


 304      763424EB 
 304      701B6B6C 
 305 042d BD2F5BC0 		.ascii	"\275/[\300]L81\232\277W2\370w$4y\023\005\366\270\217"
 305      5D4C3831 
 305      9ABF5732 
 305      F8772434 
 305      791305F6 
 306 0443 B5551725 		.ascii	"\265U\027%\226h\361\010\023\252*\252\233\244\261[\003"
 306      9668F108 
 306      13AA2AAA 
 306      9BA4B15B 
 306      03
 307 0454 62C2D5D4 		.ascii	"b\302\325\324~{\374\210\265\235\036O2\301\304`B\336"
 307      7E7BFC88 
 307      B59D1E4F 
 307      32C1C460 
 307      42DE
 308 0466 F4C03DA9 		.ascii	"\364\300=\251\263nDI\373\213RG\374\212\265\231\347\247"
 308      B36E4449 
 308      FB8B5247 
 308      FC8AB599 
 308      E7A7
 309 0478 339B9FD5 		.ascii	"3\233\237\325}\345\3568\311\2066\035\031\277\220\011"
 309      7DE5EE38 
 309      C986361D 
 309      19BF9009 
 310 0488 058A098F 		.ascii	"\005\212\011\217\023F\206\354\030o\005\210w\006\306"
 310      134686EC 
 310      186F0588 
 310      7706C6
 311 0497 921D710E 		.ascii	"\222\035q\016k\333Y\227]\243\303EL0\227SgVN/\015\015"
 311      6BDB5997 
 311      5DA3C345 
 311      4C309753 
 311      67564E2F 
 312 04ad 225CCA9A 		.ascii	"\"\\\312\232\036$\233z\004\\\316\204\222\013\251wlp"
 312      1E249B7A 
 312      045CCE84 
 312      920BA977 
 312      6C70
 313 04bf 2D13EE56 		.ascii	"-\023\356V$<S\343z&\234\232;\324\241\303\315L\350\250"
 313      243C53E3 
 313      7A269C9A 
 313      3BD4A1C3 
 313      CD4CE8A8 
 314 04d3 1C1A71C4 		.ascii	"\034\032q\304\327\230p\277n\347\367\322\370f\321\352"
 314      D79870BF 
 314      6EE7F7D2 
 314      F866D1EA 
 315 04e3 71636808 		.ascii	"qch\010\261t-\324\221\366\224C\305j\334I\311\177\363"
 315      B1742DD4 
 315      91F69443 
 315      C56ADC49 
 315      C97FF3
 316 04f6 F4757ABC 		.ascii	"\364uz\274\023zK\361s\261\234\271\231O\216\212\011\361"
 316      137A4BF1 
 316      73B19CB9 
ARM GAS  C:\Users\mvshv\AppData\Local\Temp\ccpgFvch.s 			page 25


 316      994F8E8A 
 316      09F1
 317 0508 A2E97615 		.ascii	"\242\351v\025\276VQ|=V,^\201\256A\256~\017\2634[p\221"
 317      BE56517C 
 317      3D562C5E 
 317      81AE41AE 
 317      7E0FB334 
 318 051f 27E2304D 		.ascii	"'\3420M\\\017\370\247:Jf\277\251\263\012CyM\3004\265"
 318      5C0FF8A7 
 318      3A4A66BF 
 318      A9B30A43 
 318      794DC034 
 319 0534 5F28E933 		.ascii	"_(\3513\224\336\200\030\237X\230\255\224\370D\375+%"
 319      94DE8018 
 319      9F5898AD 
 319      94F844FD 
 319      2B25
 320 0546 FF25AF9E 		.ascii	"\377%\257\236\320;k9z\223\222\336\270H\3750\257^\024"
 320      D03B6B39 
 320      7A9392DE 
 320      B848FD30 
 320      AF5E14
 321 0559 147C779E 		.ascii	"\024|w\236NJRo\015\216\245t\230\212\360Xet\363\004\205"
 321      4E4A526F 
 321      0D8EA574 
 321      988AF058 
 321      6574F304 
 322 056e C586C29B 		.ascii	"\305\206\302\233\341*N\3733\2457O\027y\323[\315\361"
 322      E12A4EFB 
 322      33A5374F 
 322      1779D35B 
 322      CDF1
 323 0580 1F28F9F7 		.ascii	"\037(\371\367\027\363y\375\317\255\353\367\220\275\037"
 323      17F379FD 
 323      CFADEBF7 
 323      90BD1F
 324 058f AEE6BCBF 		.ascii	"\256\346\274\277\247\364~\\I\237\342;{SI\377N\331\331"
 324      A7F47E5C 
 324      499FE23B 
 324      7B5349FF 
 324      4ED9D9
 325 05a2 5E3E94B1 		.ascii	"^>\224\261VC\311\345Ak5\227\007\217\225\256?B\312\310"
 325      5643C9E5 
 325      416B3597 
 325      078F95AE 
 325      3F42CAC8 
 326 05b6 DFAFE29C 		.ascii	"\337\257\342\234\371A\351\314\264\322\231)\336\231\327"
 326      F941E9CC 
 326      B4D29929 
 326      DE99D7
 327 05c5 4AF53716 		.ascii	"J\3657\026E\262\225\217\344\254\365\264\244\3523\244"
 327      45B2958F 
 327      E4ACF5B4 
 327      A4EA33A4 
 328 05d5 E22C22B5 		.ascii	"\342,\"\265\012\305\013+Q\234@\332\010\035\2366\350"
 328      0AC50B2B 
 328      519C40DA 
ARM GAS  C:\Users\mvshv\AppData\Local\Temp\ccpgFvch.s 			page 26


 328      081D9E36 
 328      E8
 329 05e6 B0E086D2 		.ascii	"\260\340\206\322\205\267\320n@\001 \023\220\004\310"
 329      85B7D06E 
 329      40012013 
 329      9004C8
 330 05f5 03640176 		.ascii	"\003d\001v\002R\001)\200}\200\243\200\375\200\003\200"
 330      02520129 
 330      807D80A3 
 330      80FD8003 
 330      80
 331 0606 0C403160 		.ascii	"\014@1`\017`/ \007\360% \021\220\0178\004(\004$\003"
 331      0F602F20 
 331      07F02520 
 331      11900F38 
 331      04280424 
 332 061b 0E028E03 		.ascii	"\016\002\216\003\322\000\307\000G\000E\200]\200\\\341"
 332      D200C700 
 332      47004580 
 332      5D805CE1 
 333 062b 2DBAB690 		.ascii	"-\272\266\220&\020\337\263Ie\317&\026E\242\236\317\301"
 333      2610DFB3 
 333      4965CF26 
 333      1645A29E 
 333      CFC1
 334 063d 27D60786 		.ascii	"'\326\007\206O\361\032\216\336\257\244\367*\351\367"
 334      4FF11A8E 
 334      DEAFA4F7 
 334      2AE9F7
 335 064c 79ED634A 		.ascii	"y\355cJ\372\310\242\234\342\247s\2022\247.)\351\365"
 335      FAC8A29C 
 335      E2A77382 
 335      32A72E29 
 335      E9F5
 336 065e 7C5FE7AC 		.ascii	"|_\347\254\027\013KRA\022\326\327pIx\327z\355\342cs"
 336      170B4B52 
 336      4112D6D7 
 336      704978D7 
 336      7AEDE263 
 337 0673 9FCFAA79 		.ascii	"\237\317\252y\353Y\305\271\323\312\307\346\216\222~"
 337      EB59C5B9 
 337      D3CAC7E6 
 337      8E927E
 338 0682 5BA6B3F5 		.ascii	"[\246\263\365\316\325J\234#\212\313\010K%\255u\344a"
 338      CED54A9C 
 338      238ACB08 
 338      4B25AD75 
 338      E461
 339 0694 ECAEC125 		.ascii	"\354\256\301%\347Dq\267\206*\033\262\256l\3018\362\241"
 339      E74471B7 
 339      862A1BB2 
 339      AE6CC138 
 339      F2A1
 340 06a6 EB54F2AF 		.ascii	"\353T\362\257/\342O\361\261\233\262\236'|\337x\365\035"
 340      2FE24FF1 
 340      B19BB29E 
 340      277CDF78 
ARM GAS  C:\Users\mvshv\AppData\Local\Temp\ccpgFvch.s 			page 27


 340      F51D
 341 06b8 D60B2D5F 		.ascii	"\326\013-_\227\371q\177h\275\262q\364Y>r]\326\235\347"
 341      97F9717F 
 341      68BDB271 
 341      F4593E72 
 341      5DD69DE7 
 342 06cc 673BAF7D 		.ascii	"g;\257}\324zV-\030G^}\237\365\244e|x>>--\035\260\303"
 342      D47A562D 
 342      18475E7D 
 342      9FF5A465 
 342      7C783E3E 
 343 06e5 191ABA94 		.ascii	"\031\032\272\224\375&yw\242\003rsa#\366\270\026\307"
 343      FD267977 
 343      A2037273 
 343      6123F6B8 
 343      16C7
 344 06f7 43254027 		.ascii	"C%@'\341\366\023\202e\201J\006p\211J\201J\240@\374\177"
 344      E1F61382 
 344      65814A06 
 344      70894A81 
 344      4AA040FC 
 345 070c 2C1664AD 		.ascii	",\026d\255w\363V'\262O\266,\322i\267\344\265\352)\301"
 345      77F35627 
 345      B24FB62C 
 345      D269B7E4 
 345      B5EA29C1 
 346 0720 9EEE58E0 		.ascii	"\236\356X\340\010\3443\363YC\016\270\200F\005\015\307"
 346      08E433F3 
 346      59430EB8 
 346      8046050D 
 346      C7
 347 0731 9D6B71C0 		.ascii	"\235kq\300G\231\220\232U_\257\306'\230P\224\223\221"
 347      4799909A 
 347      555FAFC6 
 347      27985094 
 347      9391
 348 0743 6483BF62 		.ascii	"d\203\277bB\311\276\3643z\\\306\204\203'o\316\352\360"
 348      42C9BEF4 
 348      337A5CC6 
 348      8483276F 
 348      CEEAF0
 349 0756 59261C9B 		.ascii	"Y&\034\233}9AV\201\253\310\246\005s[\226Ul\313R\327"
 349      7D394156 
 349      81ABC8A6 
 349      05735B96 
 349      556CCB52 
 350 076b 76F94B7B 		.ascii	"v\371K{\\\301\306\340t\356\334\234\223y;\001\333M\033"
 350      5CC1C6E0 
 350      74EEDC9C 
 350      93793B01 
 350      DB4D1B
 351 077e 379565B3 		.ascii	"7\225e\263\211\276\205\230\256\222V\376\337@\320\277"
 351      89BE8598 
 351      AE9256FE 
 351      DF40D0BF 
 352 078e 16E42DCB 		.ascii	"\026\344-\313\252\003Id;Q.\350\3219y\264VI\313\351\332"
 352      AA034964 
ARM GAS  C:\Users\mvshv\AppData\Local\Temp\ccpgFvch.s 			page 28


 352      3B512EE8 
 352      D13979B4 
 352      5649CBE9 
 353 07a3 8CBE513D 		.ascii	"\214\276Q=\256g6\342:\262\247\227\264qai\033\203\236"
 353      AE6736E2 
 353      3AB2A797 
 353      B4716169 
 353      1B839E
 354 07b6 97E896E5 		.ascii	"\227\350\226\345<\330\250\220m\200If$n\346h\265\026"
 354      3CD8A890 
 354      6D804966 
 354      246EE668 
 354      B516
 355 07c8 B75123EA 		.ascii	"\267Q#\352g'\312\273"
 355      6727CABB 
 356 07d0 1D112CAE 		.ascii	"\035\021,\256\334\344\\\021T\\\310\253\244D\251\005"
 356      DCE45C11 
 356      545CC8AB 
 356      A444A905 
 357 07e0 83D53058 		.ascii	"\203\3250X5\226\312N\252\327|\017\256.\272\272G,\274"
 357      3596CA4E 
 357      AAD77C0F 
 357      AE2EBABA 
 357      472CBC
 358 07f3 88A8BD4A 		.ascii	"\210\250\275J\260G\356\260\370\251|\346\336\377I\016"
 358      B047EEB0 
 358      F8A97CE6 
 358      DEFF490E 
 359 0803 EC6C3125 		.ascii	"\354l1%\237\265J\276\200\344r4\230\247\027E-!\361\325"
 359      9FB54ABE 
 359      80E47234 
 359      98A71745 
 359      2D21F1D5 
 360 0817 08DC6EAE 		.ascii	"\010\334n\256\177pN\017k\304\345nLmw\236sQ\274\330\262"
 360      7F704E0F 
 360      6BC4E56E 
 360      4C6D779E 
 360      7351BCD8 
 361 082c 8656D132 		.ascii	"\206V\3212\320{QX\276\304\203\037\324>\313s\214\245"
 361      D07B5158 
 361      BEC4831F 
 361      D43ECB73 
 361      8CA5
 362 083e 5E10EB67 		.ascii	"^\020\353g\226f\357\223\266Lt\372\310!!l\022\222z\010"
 362      9666EF93 
 362      B64C74FA 
 362      C821216C 
 362      12927A08 
 363 0852 491D84C4 		.ascii	"I\035\204\304$\205D*\241y+b\311\204\004\326B\247Q{\345"
 363      2485442A 
 363      A1792B62 
 363      C98404D6 
 363      42A7517B 
 364 0867 BE73BAE5 		.ascii	"\276s\272\345\2404vi\245\252\005\032\311\356\240\341"
 364      A0347669 
 364      A5AA051A 
 364      C9EEA0E1 
ARM GAS  C:\Users\mvshv\AppData\Local\Temp\ccpgFvch.s 			page 29


 365 0877 46B93D4E 		.ascii	"F\271=N\262\24598\322V\026\247\305)L8\324~\272\315\006"
 365      B2A53938 
 365      D25616A7 
 365      C5294C38 
 365      D47EBACD 
 366 088c A731A1EA 		.ascii	"\2471\241\352\324\351N\001g3\241\364\302D\012\302\005"
 366      D4E94E01 
 366      6733A1F4 
 366      C2440AC2 
 366      05
 367 089d 4C984C2A 		.ascii	"L\230L*3\342bv\236\326q\270O+m\023\311+\224\231#\337"
 367      33E26276 
 367      9ED671B8 
 367      4F2B6D13 
 367      C92B9499 
 368 08b3 EF13F049 		.ascii	"\357\023\360I\332h\277\247#\036\226\353\322b\333M^`"
 368      DA68BFA7 
 368      231E96EB 
 368      D262DB4D 
 368      5E60
 369 08c5 8FE64AB1 		.ascii	"\217\346J\261%\225\252\005\242u}\311\365)-\372?\221"
 369      2595AA05 
 369      A2757DC9 
 369      F5292DFA 
 369      3F91
 370 08d7 EBDA2525 		.ascii	"\353\332%%\373\345\242:8\373\206Lo\264N\347\253,\307"
 370      FBE5A23A 
 370      38FB864C 
 370      6FB44EE7 
 370      AB2CC7
 371 08ea 6E52B217 		.ascii	"nR\262\027/\251\352W\312\364\257\224t~\241\277\240P"
 371      2FA9EA57 
 371      CAF4AF94 
 371      747EA1BF 
 371      A050
 372 08fc B6C27C62 		.ascii	"\266\302|b\253\271\353R\362w\301H\177\007\343r\005\320"
 372      ABB9EB52 
 372      F277C148 
 372      7F07E372 
 372      05D0
 373 090e 0DB806B8 		.ascii	"\015\270\006\270\012h\007\334\004t\000:\0017\026,{Z"
 373      0A6807DC 
 373      0474003A 
 373      0137162C 
 373      7B5A
 374 0920 39EBA54A 		.ascii	"9\353\245J\353\334\312X\312\233\\g\2327\327\255=z\007"
 374      EBDCCA58 
 374      CA9B5C67 
 374      9A37D7AD 
 374      3D7A07
 375 0933 F931B86C 		.ascii	"\3711\270lu\014\370'\035g\270\315\272\341\005\217\""
 375      750CF827 
 375      1D67B8CD 
 375      BAE1058F 
 375      22
 376 0944 2EA8CDD6 		.ascii	".\250\315\326\203jV\016\323\346u\236\236\321\033 cO"
 376      836A560E 
ARM GAS  C:\Users\mvshv\AppData\Local\Temp\ccpgFvch.s 			page 30


 376      D3E6759E 
 376      9ED11B20 
 376      634F
 377 0956 5B0FAA87 		.ascii	"[\017\252\207\364\3342\265\317\234\263\301e4\277\204"
 377      F4DC32B5 
 377      CF9CB3C1 
 377      6534BF84 
 378 0966 DA6F8FD5 		.ascii	"\332o\217\325\330Z\236[\203\371\0322\265{\341\346[r"
 378      D85A9E5B 
 378      83F91A32 
 378      B57BE1E6 
 378      5B72
 379 0978 91BABEF8 		.ascii	"\221\272\276\370\261e\036\015\324\003\203\360\247\016"
 379      B1651E0D 
 379      D40383F0 
 379      A70E
 380 0986 0879E170 		.ascii	"\010y\341p\372\364$\346\037-\275\013\036-}\202\275\331"
 380      FAF424E6 
 380      1F2DBD0B 
 380      1E2D7D82 
 380      BDD9
 381 0998 893EFA74 		.ascii	"\211>\372t\351\337\275\363\220\006W\263\2113\\\331\017"
 381      E9DFBDF3 
 381      900657B3 
 381      89335CD9 
 381      0F
 382 09a9 DB898B4C 		.ascii	"\333\211\213Lx\222\331\330.\340F&\214\336\212\317\321"
 382      7892D9D8 
 382      2EE04626 
 382      8CDE8ACF 
 382      D1
 383 09ba E03626A4 		.ascii	"\3406&\244\277\352\0215\270\213\011\251Of\216\250q/"
 383      BFEA1135 
 383      B88B09A9 
 383      4F668EA8 
 383      712F
 384 09cc 13CED73C 		.ascii	"\023\316\327<\362d\033\340\225\344\315\360\300\244I"
 384      F2641BE0 
 384      95E4CDF0 
 384      C0A449
 385 09db 7A753944 		.ascii	"zu9D\366\303=\361\317\273\035\360\020\245\352\342n="
 385      F6C33DF1 
 385      CFBB1DF0 
 385      10A5EAE2 
 385      6E3D
 386 09ed 6B20F3D0 		.ascii	"k \363\320\205\355uY\201{\222\373\017\331\315;\305\364"
 386      85ED7559 
 386      817B92FB 
 386      0FD9CD3B 
 386      C5F4
 387 09ff 605AE1BE 		.ascii	"`Z\341\276\207\210\215-\021v\251\316\036\303dCL\310"
 387      87888D2D 
 387      1176A9CE 
 387      1EC36443 
 387      4CC8
 388 0a11 034A3237 		.ascii	"\003J27\253\026D\372.Dz\230n%\306\2440?\2000\337\203"
 388      AB1644FA 
ARM GAS  C:\Users\mvshv\AppData\Local\Temp\ccpgFvch.s 			page 31


 388      2E447A98 
 388      6E25C6A4 
 388      303F8030 
 389 0a27 303E028C 		.ascii	"0>\002\214\003\356\003F\001\017\001#\013\036\004\275"
 389      03EE0346 
 389      010F0123 
 389      0B1E04BD 
 390 0a37 B2BDDB4A 		.ascii	"\262\275\333J{7\224\316\265\312\344;J\262\362\2011,"
 390      7B3794CE 
 390      B5CAE43B 
 390      4AB2F281 
 390      312C
 391 0a49 7307AD2B 		.ascii	"s\007\255+n\340\036\030M\331\230d\325\230r\016\021M"
 391      6EE01E18 
 391      4DD99864 
 391      D598720E 
 391      114D
 392 0a5b CFB26DE5 		.ascii	"\317\262m\345\225v\277\365\240\360+\363N\331\362\220"
 392      9576BFF5 
 392      A0F02BF3 
 392      4ED9F290 
 393 0a6b 552F2DCB 		.ascii	"U/-\313\263\206\372\234\327\266x\204\245yiA\315\214"
 393      B386FA9C 
 393      D7B67884 
 393      A5796941 
 393      CD8C
 394 0a7d 1EB9B859 		.ascii	"\036\271\270Y\015-\232\200\210\3761\321\225\272\365"
 394      0D2D9A80 
 394      88FE31D1 
 394      95BAF5
 395 0a8c 2EE9D513 		.ascii	".\351\325\023\270\357\261<W\306\350\\!\257[\367\235"
 395      B8EFB13C 
 395      57C6E85C 
 395      21AF5BF7 
 395      9D
 396 0a9d 7AE8E822 		.ascii	"z\350\350\"\331\333\265\244=\325\3575F21\243\351\264"
 396      D9DBB5A4 
 396      3DD5EF35 
 396      463231A3 
 396      E9B4
 397 0aaf 8E9F2593 		.ascii	"\216\237%\223\013f\311\224\264\000\233\242S$\265\344"
 397      0B66C994 
 397      B4009BA2 
 397      5324B5E4 
 398 0abf F55FB3A4 		.ascii	"\365_\263\244>H\236&\223bj\222\364\002l\206d\365\345"
 398      3E489E26 
 398      93626A92 
 398      F4026C86 
 398      64F5E5
 399 0ad2 EE82C77A 		.ascii	"\356\202\307z<\305&\2009\345\235\245\224Oj\177z\\\300"
 399      3CC52680 
 399      39E59DA5 
 399      944F6A7F 
 399      7A5CC0
 400 0ae5 2F58E399 		.ascii	"/X\343\231\352\204G\322\313,\023iLIL\333m\213\241\313"
 400      EA8447D2 
 400      CB2C1369 
ARM GAS  C:\Users\mvshv\AppData\Local\Temp\ccpgFvch.s 			page 32


 400      4C494CDB 
 400      6D8BA1CB 
 401 0af9 F4C5DD89 		.ascii	"\364\305\335\211\257\017iY\343\011\322x\357U\323\003"
 401      AF0F6959 
 401      E309D278 
 401      EF55D303 
 402 0b09 1B9CC41A 		.ascii	"\033\234\304\032\273\236w$\351\361^&$\227g\0269\341"
 402      BB9E7724 
 402      E9F15E26 
 402      24976716 
 402      39E1
 403 0b1b 6C26EC4D 		.ascii	"l&\354M\373\346\254\036\3473\241\274\375\374\240\015"
 403      FBE6AC1E 
 403      E733A1BC 
 403      FDFCA00D 
 404 0b2b 2E6242FF 		.ascii	".bB\377Tw\222\035>\311\204\262\271\254\343\032|\226"
 404      5477921D 
 404      3EC984B2 
 404      B9ACE31A 
 404      7C96
 405 0b3d 091DF905 		.ascii	"\011\035\371\005\346\267\252\347H\217R\313\346\245\307"
 405      E6B7AAE7 
 405      488F52CB 
 405      E6A5C7
 406 0b4c 65A10B51 		.ascii	"e\241\013Q\2313\000\213\307\363\224\3530\361\365\344"
 406      9933008B 
 406      C7F394EB 
 406      30F1F5E4 
 407 0b5c 8806595E 		.ascii	"\210\006Y^L\271\321\347%\031\254\321\034\347L\221\324"
 407      4CB9D1E7 
 407      2519ACD1 
 407      1CE74C91 
 407      D4
 408 0b6d 6A325E2F 		.ascii	"j2^/`\274\222\260\213< 3\302\242\327\012o\260\267\012"
 408      60BC92B0 
 408      8B3C2033 
 408      C2A2D70A 
 408      6FB0B70A 
 409 0b81 849E8015 		.ascii	"\204\236\200\025\364ia\211m?\206\305<&m\204N\262i/v"
 409      F4696189 
 409      6D3F86C5 
 409      3C266D84 
 409      4EB2692F 
 410 0b96 43A91856 		.ascii	"C\251\030V\362\200d@\006`\027 \005\220\006H\004\244"
 410      F2806440 
 410      06601720 
 410      05900648 
 410      04A4
 411 0ba8 03F60076 		.ascii	"\003\366\000vb\313\334%o\224V\310\016\274R\372\273`"
 411      62CBDC25 
 411      6F9456C8 
 411      0EBC52FA 
 411      BB60
 412 0bba FB4CD89D 		.ascii	"\373L\330\235\177If\005\341\212Jg\027\276:\243}\263"
 412      7F496605 
 412      E18A4A67 
 412      17BE3AA3 
ARM GAS  C:\Users\mvshv\AppData\Local\Temp\ccpgFvch.s 			page 33


 412      7DB3
 413 0bcc 90E7958A 		.ascii	"\220\347\225\212\037)\025Oqn\314)\331\215\213Twra{\252"
 413      1F29154F 
 413      716ECC29 
 413      D98D8B54 
 413      7772617B 
 414 0be1 A4FFB028 		.ascii	"\244\377\260(\312\263?2{\022\253t[.9\322\226j?-\"\300"
 414      CAB33F32 
 414      7B12AB74 
 414      5B2E39D2 
 414      966A3F2D 
 415 0bf7 511411F2 		.ascii	"Q\024\021\362\224\346\007\367\245\322\354\254\240\350"
 415      94E607F7 
 415      A5D2ECAC 
 415      A0E8
 416 0c05 D3EC8F65 		.ascii	"\323\354\217e'\237+\331\317\224\354z.\002\257\225l~"
 416      279F2BD9 
 416      CF94EC7A 
 416      2E02AF95 
 416      6C7E
 417 0c17 0B493E17 		.ascii	"\013I>\027u\335|\245\306u4\027\205\232#\351\325Ze\315"
 417      75DD7CA5 
 417      C6753417 
 417      859A23E9 
 417      D55A65CD 
 418 0c2b 31A708CC 		.ascii	"1\247\010\314\031\267?+KXT^\347\322\007v&(\332\207-"
 418      19B73F2B 
 418      4B58545E 
 418      E7D20776 
 418      2628DA87 
 419 0c40 45880489 		.ascii	"E\210\004\211\372\323\231W\261aa\015\262f_\365G\033"
 419      FAD39957 
 419      B161610D 
 419      B2665FF5 
 419      471B
 420 0c52 07D5CDDD 		.ascii	"\007\325\315\335e\353\370\222\224\215\371\222\264\037"
 420      65EBF892 
 420      948DF992 
 420      B41F
 421 0c60 B3920447 		.ascii	"\263\222\004G\340~7\026wYg\275\026\252\376\360B\210"
 421      E07E3716 
 421      775967BD 
 421      16AAFEF0 
 421      4288
 422 0c72 0E6032DF 		.ascii	"\016`2\337_\230\206`I\332\316j\303\305\276\346z{\265"
 422      5F988660 
 422      49DACE6A 
 422      C3C5BEE6 
 422      7A7BB5
 423 0c85 C08A1FF9 		.ascii	"\300\212\037\371\222\010\327\272\223\022{u\364\032Y"
 423      9208D7BA 
 423      93127B75 
 423      F41A59
 424 0c94 3EE4607A 		.ascii	">\344`zq,\343a\320\222\337!\3630\371\016\231\213\245"
 424      712CE361 
 424      D092DF21 
 424      F330F90E 
ARM GAS  C:\Users\mvshv\AppData\Local\Temp\ccpgFvch.s 			page 34


 424      998BA5
 425 0ca7 0F916D6D 		.ascii	"\017\221mm_\266j\245\017\221\257K\3368\022/\236\200"
 425      5FB66AA5 
 425      0F91AF4B 
 425      DE38122F 
 425      9E80
 426 0cb9 DB5C090D 		.ascii	"\333\\\011\015\035\224\243\014\247\013\277\372\345c"
 426      1D94A30C 
 426      A70BBFFA 
 426      E563
 427 0cc7 F2C9AEB1 		.ascii	"\362\311\256\261 \266\306\016\337d\376\025^\312\033"
 427      20B6C60E 
 427      DF64FE15 
 427      5ECA1B
 428 0cd6 B1FB6991 		.ascii	"\261\373i\221\330a\202\022\224\267\002\262\224E\252"
 428      D8618212 
 428      94B702B2 
 428      9445AA
 429 0ce5 80A9E12A 		.ascii	"\200\251\341*\006\271\362o\260\311;\204\177\012\367"
 429      06B9F26F 
 429      B0C93B84 
 429      7F0AF7
 430 0cf4 1D9E7B99 		.ascii	"\035\236{\231\343\310\207\227|&\224\303{X\012/9:\305"
 430      E3C88797 
 430      7C2694C3 
 430      7B580A2F 
 430      393AC5
 431 0d07 18B7AEF5 		.ascii	"\030\267\256\365\014\372l[xTPxd\270\361\357W\257v\267"
 431      0CFA6C5B 
 431      78545078 
 431      64B8F1EF 
 431      57AF76B7 
 432 0d1b FC45C5B8 		.ascii	"\374E\305\270\177\036\034\341\376iTpth\214{\300\346"
 432      7F1E1CE1 
 432      FE695470 
 432      74688C7B 
 432      C0E6
 433 0d2d A080CD1F 		.ascii	"\240\200\315\037\256\365|\177\335;\357n\010\362\366"
 433      AEF57C7F 
 433      DD3BEF6E 
 433      08F2F6
 434 0d3c 0BF0DAF4 		.ascii	"\013\360\332\364\261\217\3417\254yu\210v\303\257>r\365"
 434      B18FE137 
 434      AC797588 
 434      76C3AF3E 
 434      72F5
 435 0d4e F2F050FD 		.ascii	"\362\360P\375\362OV\241\262\017\012\012\013\216\216"
 435      F24F56A1 
 435      B20F0A0A 
 435      0B8E8E
 436 0d5d F882BAA2 		.ascii	"\370\202\272\242\243W\375\340l\031s2$\"*\344?h\323Z"
 436      A357FDE0 
 436      6C197332 
 436      24222AE4 
 436      3F68D35A 
 437 0d71 2B26B645 		.ascii	"+&\266EE\033\211\005P\357.\031\331\261\203\264\004E"
 437      451B8905 
ARM GAS  C:\Users\mvshv\AppData\Local\Temp\ccpgFvch.s 			page 35


 437      50EF2E19 
 437      D9B183B4 
 437      0445
 438 0d83 4484AEFE 		.ascii	"D\204\256\376\\\245\365\366\372\300\353\375\015\006"
 438      5CA5F5F6 
 438      FAC0EBFD 
 438      0D06
 439 0d91 0F7D50D0 		.ascii	"\017}P\320\366\360H#(4n\011\371e`\310\347\341\237\206"
 439      F6F04823 
 439      28346E09 
 439      F96560C8 
 439      E7E19F86 
 440 0da5 C718B787 		.ascii	"\307\030\267\207\206G\005\032\243\242\"b\002?\213\334"
 440      8647051A 
 440      A3A22262 
 440      023F8BDC 
 441 0db5 EE4ACF5C 		.ascii	"\356J\317\\\203\243\267\272\206m\3754,44,4p\335\352"
 441      83A3B7BA 
 441      866DFD34 
 441      2C34342C 
 441      3470DDEA 
 442 0dc9 35AE9E6B 		.ascii	"5\256\236k<\326\375\347;\201p\375\347\221Q\221a?\017"
 442      3CD6FDE7 
 442      3B8170FD 
 442      E7915191 
 442      613F0F
 443 0ddc 0BFE343C 		.ascii	"\013\3764<0<2$b{hX\340\326`\320\025\031\026\030\024"
 443      303C3224 
 443      627B6858 
 443      E0D660D0 
 443      15191618 
 444 0df1 1AB62578 		.ascii	"\032\266%x{\2041\310\370\305\266\260\030b\332l\357\267"
 444      7B8431C8 
 444      F8C5B6B0 
 444      1862DA6C 
 444      EFB7
 445 0e03 FFA7F662 		.ascii	"\377\247\366b\276\210\011\014\2121\206\202r0\242\367"
 445      BE88090C 
 445      8A318682 
 445      7230A2F7 
 446 0e13 DFB83160 		.ascii	"\337\2701`\275\037\351\"9\365\363\014 \2476\001\001"
 446      BD1FE922 
 446      39F5F30C 
 446      20A73601 
 446      01
 447 0e24 5E1B0C3A 		.ascii	"^\033\014:\203O\200\217\341c\037\357w\261W\200A\375"
 447      834F808F 
 447      E1631FEF 
 447      77B15780 
 447      41FD
 448 0e36 9EB7977C 		.ascii	"\236\267\227|\351\027\272\365\376\357yn\364\367\371"
 448      E917BAF5 
 448      FEEF796E 
 448      F4F7F9
 449 0e45 95819C79 		.ascii	"\225\201\234y\2603s\353;\272\365\276\357\255\225Z}-"
 449      B03373EB 
 449      3BBAF5BE 
ARM GAS  C:\Users\mvshv\AppData\Local\Temp\ccpgFvch.s 			page 36


 449      EFAD955A 
 449      7D2D
 450 0e57 3C5F256F 		.ascii	"<_%o\255-\321\002W\310\321\203o\361\264%\032h\213\257"
 450      AD2DD102 
 450      57C8D183 
 450      6FF1B425 
 450      1A688BAF 
 451 0e6b C4F05DC8 		.ascii	"\304\360]\310\360\320\222{\015\001\233\015\344\304\203"
 451      F0D0927B 
 451      0D019B0D 
 451      E4C483
 452 0e7a 9C58DAD6 		.ascii	"\234X\332\326h\311\335\254\315\327L\362e$\354\345gP"
 452      68C9DDAC 
 452      CDD74CF2 
 452      6524ECE5 
 452      6750
 453 0e8c 934EDA42 		.ascii	"\223N\332B\177\311Q\3602\230G\331\363\027\212\024\011"
 453      7FC951F0 
 453      329847D9 
 453      F3178A14 
 453      09
 454 0e9d 89DABA35 		.ascii	"\211\332\2725*\322=l\207\021\262\203K\020\232Z[ \037"
 454      2AD23D6C 
 454      8711B283 
 454      4B109A5A 
 454      5B201F
 455 0eb0 77EC8020 		.ascii	"w\354\200 \332\031\274\274\2026\303\260y\207mQ\257\177"
 455      DA19BCBC 
 455      8236C3B0 
 455      79876D51 
 455      AF7F
 456 0ec2 DFB0D166 		.ascii	"\337\260\321f\343&\257\017 b\001\006\003\3725\362\265"
 456      E326AF0F 
 456      20620106 
 456      03FA35F2 
 456      B5
 457 0ed3 09898004 		.ascii	"\011\211\200\004\2252\310\343\335 \243\326|\202c\302"
 457      9532C8E3 
 457      DD20A3D6 
 457      7C8263C2 
 458 0ee3 8CEB7E4F 		.ascii	"\214\353~OZn\334\350\355\276\301\337o\323\177y\272\313"
 458      5A6EDCE8 
 458      EDBEC1DF 
 458      6FD37F79 
 458      BACB
 459 0ef5 D30EACE2 		.ascii	"\323\016\254\342M\336\006\354\347m\260\361\377\310\337"
 459      4DDE06EC 
 459      E76DB0F1 
 459      FFC8DF
 460 0f04 DB60BB29 		.ascii	"\333`\273)\300\337\307\307\333\240\331\264\3717\376"
 460      C0DFC7C7 
 460      DBA0D9B4 
 460      F937FE
 461 0f13 3E069B0F 		.ascii	">\006\233\0177y\373\030\2103\276\366\334d5\252\203\267"
 461      3779FB18 
 461      8833BEF6 
 461      DC6435AA 
ARM GAS  C:\Users\mvshv\AppData\Local\Temp\ccpgFvch.s 			page 37


 461      83B7
 462 0f25 4447E0A8 		.ascii	"DG\340\250\320h\233m\333\267\205F\333F\305l\013\013"
 462      D0689B6D 
 462      DBB78546 
 462      DB46C56C 
 462      0B0B
 463 0f37 0B8DD644 		.ascii	"\013\215\326D\221\254\213\266\331\032\025\032\026M8"
 463      91AC8BB6 
 463      D91A151A 
 463      164D38
 464 0f46 9FDB533E 		.ascii	"\237\333S>\270\267}[\220Q\343\377\317\336\301\306`\215"
 464      B8B77D5B 
 464      9051E3FF 
 464      CFDEC1C6 
 464      608D
 465 0f58 BF1F3BF8 		.ascii	"\277\037;\370\262\303\006vx\237\035|\330\301\233\035"
 465      B2C30676 
 465      789F1D7C 
 465      D8C19B1D 
 466 0f68 BCD8E13D 		.ascii	"\274\330\341=vX\317\016\037\220\203\003\325\034\022"
 466      7658CF0E 
 466      1F908303 
 466      D51C12
 467 0f77 15B925FC 		.ascii	"\025\271%\374\263 \243\316RD\\\350\231y\026\260\366"
 467      B320A3CE 
 467      52445CE8 
 467      997916B0 
 467      F6
 468 0f88 FF05DFF5 		.ascii	"\377\005\337\365\361\322"
 468      F1D2
 469              		.text
 470              		.section	.gnu.lto_.symtab.fb6a21d8,"",%progbits
 471 0000 5F5F6561 		.ascii	"__early_init\000"
 471      726C795F 
 471      696E6974 
 471      00
 472 000d 00       		.ascii	"\000"
 473 000e 00       		.ascii	"\000"
 474 000f 00       		.ascii	"\000"
 475 0010 00000000 		.ascii	"\000\000\000\000\000\000\000\000"
 475      00000000 
 476 0018 BD000000 		.ascii	"\275\000\000\000"
 477 001c 626F6172 		.ascii	"boardInit\000"
 477      64496E69 
 477      7400
 478 0026 00       		.ascii	"\000"
 479 0027 00       		.ascii	"\000"
 480 0028 00       		.ascii	"\000"
 481 0029 00000000 		.ascii	"\000\000\000\000\000\000\000\000"
 481      00000000 
 482 0031 BF000000 		.ascii	"\277\000\000\000"
 483 0035 73746D33 		.ascii	"stm32_clock_init\000"
 483      325F636C 
 483      6F636B5F 
 483      696E6974 
 483      00
 484 0046 00       		.ascii	"\000"
ARM GAS  C:\Users\mvshv\AppData\Local\Temp\ccpgFvch.s 			page 38


 485 0047 02       		.ascii	"\002"
 486 0048 00       		.ascii	"\000"
 487 0049 00000000 		.ascii	"\000\000\000\000\000\000\000\000"
 487      00000000 
 488 0051 C1000000 		.ascii	"\301\000\000\000"
 489              		.text
 490              		.section	.gnu.lto_.opts,"",%progbits
 491 0000 272D666D 		.ascii	"'-fmath-errno' '-fsigned-zeros' '-ftrapping-math' '"
 491      6174682D 
 491      6572726E 
 491      6F272027 
 491      2D667369 
 492 0033 2D666E6F 		.ascii	"-fno-trapv' '-fno-openmp' '-fno-openacc' '-mcpu=cor"
 492      2D747261 
 492      70762720 
 492      272D666E 
 492      6F2D6F70 
 493 0066 7465782D 		.ascii	"tex-m7' '-mno-thumb-interwork' '-mthumb' '-O2' '-fo"
 493      6D372720 
 493      272D6D6E 
 493      6F2D7468 
 493      756D622D 
 494 0099 6D69742D 		.ascii	"mit-frame-pointer' '-falign-functions=16' '-ffuncti"
 494      6672616D 
 494      652D706F 
 494      696E7465 
 494      72272027 
 495 00cc 6F6E2D73 		.ascii	"on-sections' '-fdata-sections' '-fno-common' '-flto"
 495      65637469 
 495      6F6E7327 
 495      20272D66 
 495      64617461 
 496 00ff 2700     		.ascii	"'\000"
 497              		.text
 498              		.comm	__gnu_lto_v1,1,1
 499              		.comm	__gnu_lto_slim,1,1
 500              		.ident	"GCC: (GNU Tools for Arm Embedded Processors 7-2017-q4-major) 7.2.1 20170904 (release) [ARM
ARM GAS  C:\Users\mvshv\AppData\Local\Temp\ccpgFvch.s 			page 39


DEFINED SYMBOLS
                            *ABS*:00000000 board.c
                            *COM*:00000001 __gnu_lto_v1
                            *COM*:00000001 __gnu_lto_slim

NO UNDEFINED SYMBOLS
