ARM GAS  C:\Users\mvshv\AppData\Local\Temp\ccK4Bobt.s 			page 1


   1              		.cpu cortex-m7
   2              		.eabi_attribute 20, 1
   3              		.eabi_attribute 21, 1
   4              		.eabi_attribute 23, 3
   5              		.eabi_attribute 24, 1
   6              		.eabi_attribute 25, 1
   7              		.eabi_attribute 26, 1
   8              		.eabi_attribute 30, 2
   9              		.eabi_attribute 34, 1
  10              		.eabi_attribute 18, 4
  11              		.file	"chcore_v7m.c"
  12              		.section	.gnu.lto_.profile.fb6a3f2a,"",%progbits
  13 0000 789C6363 		.ascii	"x\234cc```\001bF\006})\000\000\360\000U"
  13      60606001 
  13      6246067D 
  13      290000F0 
  13      0055
  14              		.text
  15              		.section	.gnu.lto_.icf.fb6a3f2a,"",%progbits
  16 0000 789C6363 		.ascii	"x\234cc``\020a@\000f\206\333\015\013613\257\370sh\012"
  16      60601061 
  16      40006686 
  16      DB0D0B36 
  16      3133AFF8 
  17 0017 2BCBBD8E 		.ascii	"+\313\275\216\013\307x\031\000]\245\010\335"
  17      0BC77819 
  17      005DA508 
  17      DD
  18              		.text
  19              		.section	.gnu.lto_.jmpfuncs.fb6a3f2a,"",%progbits
  20 0000 789C6363 		.ascii	"x\234cc``\340e@\000f(\301\002\242\001\002c\000\036"
  20      6060E065 
  20      40006628 
  20      C102A201 
  20      0263001E 
  21              		.text
  22              		.section	.gnu.lto_.inline.fb6a3f2a,"",%progbits
  23 0000 789C6363 		.ascii	"x\234cc``pe@\000f\006\006^\021F\006&\201\015\271\014"
  23      60607065 
  23      40006606 
  23      065E1146 
  23      0626810D 
  24 0016 6C0BE499 		.ascii	"l\013\344\231@bL\334`\011v6\2408\307\001;\2708\013\003"
  24      40624CDC 
  24      60097636 
  24      A038C701 
  24      3BB8380B 
  25 002b 0F2F48E9 		.ascii	"\017/H\351\233r\270\020#\027\210\004\000\373\351\006"
  25      9B72B810 
  25      23178804 
  25      00FBE906 
  26 003b B9       		.ascii	"\271"
  27              		.text
  28              		.section	.gnu.lto_.pureconst.fb6a3f2a,"",%progbits
  29 0000 789C6363 		.ascii	"x\234cc``\340\002bf\206]\214\314\273\030Yv1\002\000"
  29      6060E002 
  29      6266865D 
ARM GAS  C:\Users\mvshv\AppData\Local\Temp\ccK4Bobt.s 			page 2


  29      8CCCBB18 
  29      59763102 
  30 0015 0C38024C 		.ascii	"\0148\002L"
  31              		.text
  32              		.section	.gnu.lto__port_irq_epilogue.part.0.fb6a3f2a,"",%progbits
  33 0000 789C9D54 		.ascii	"x\234\235T\335k\024W\024?g\356\235\331\315v\022!\370"
  33      DD6B1457 
  33      143F67EE 
  33      9DD9CD76 
  33      1221F8
  34 0013 D0161F36 		.ascii	"\320\026\0376\017A\004\311\010>\264P|(\201\202\017K"
  34      0F4104C9 
  34      083EB450 
  34      7C288182 
  34      0F4B
  35 0025 4BF60F90 		.ascii	"K\366\017\2202\306Zj\262\313\356*y)\031\263\331d5\022"
  35      32C65A6A 
  35      B2CBEE2A 
  35      792919B3 
  35      D9643512 
  36 0039 A4B86B59 		.ascii	"\244\270kY&\335EA\373\225\266\251\3750\261\232\357D"
  36      26DD4541 
  36      FB95B6A9 
  36      FD30B19A 
  36      EF44
  37 004b 6D63AAA9 		.ascii	"mc\252\251\026j)6\211\241\365\243\264!\225*\230\355"
  37      166A2936 
  37      89A1F5A3 
  37      B421952A 
  37      98ED
  38 005d 39772689 		.ascii	"9w&\211\375\244t\230\271\037\347\236s~\347\234\337\271"
  38      FDA47498 
  38      B91FE79E 
  38      737EE79C 
  38      DFB9
  39 006f 6300C093 		.ascii	"c\000\300\223:\300\2734?G\037\006\000\215\303\227ha"
  39      3AC0BB34 
  39      3F471F06 
  39      008DC397 
  39      6861
  40 0081 A0A6664D 		.ascii	"\240\246fM\023\331\215\340\204$\217\246@\235\245\373"
  40      13D98DE0 
  40      84248FA6 
  40      409DA5FB 
  41 0091 837265A1 		.ascii	"\203re\241#\362\302\011\"\264\032\232\220:\266\342!"
  41      23F2C209 
  41      22B41A9A 
  41      903AB6E2 
  41      21
  42 00a2 7144E048 		.ascii	"qD\340H\347B\277\266\351\244C\317\320\321\245@\207\223"
  42      E742BFB6 
  42      E9A443CF 
  42      D0D1A540 
  42      8793
  43 00b4 79DC1500 		.ascii	"y\334\025\000y\372\370\301S\270\011Hm\266o9WiH\226\343"
  43      79FAF8C1 
  43      53B80948 
ARM GAS  C:\Users\mvshv\AppData\Local\Temp\ccK4Bobt.s 			page 3


  43      6DB66F39 
  43      57694896 
  44 00c9 4768A801 		.ascii	"Gh\250\001I~\271\375\003Wt\011W J\332\3762U\230\253"
  44      497EB9FD 
  44      03577409 
  44      57204ADA 
  44      FE325598 
  45 00de E2AD8661 		.ascii	"\342\255\206a\332\036\2740\177l\235\330\212\354\341"
  45      DA1EBC30 
  45      7F6C9DD8 
  45      8AECE1
  46 00ed D6E08FF7 		.ascii	"\326\340\217\367\315\332\343\216\323\346\014\335+V\037"
  46      CDDAE38E 
  46      D3E60CDD 
  46      2B561F
  47 00fc 4F3BE71D 		.ascii	"O;\347\035\351\012\201\237\242`\257\237\340\006\374"
  47      E90A819F 
  47      A260AF9F 
  47      E006FC
  48 010b 183728D4 		.ascii	"\0307(\3245@<\215\265\036X?\241\256\312\333U\274\367"
  48      35403C8D 
  48      B51E583F 
  48      A1AECADB 
  48      55BCF7
  49 011e DE5C2F81 		.ascii	"\336\\/\201\017\362BA,t\215\237\013\210\247\325\372"
  49      0FF24241 
  49      2C748D9F 
  49      0B88A7D5 
  49      FA
  50 012f D7A5BE13 		.ascii	"\327\245\276\023\206\017W\236|ff\274\3039<\034t\205"
  50      860F579E 
  50      7C6666BC 
  50      C3393C1C 
  50      7485
  51 0141 C433FF8A 		.ascii	"\3043\377\212\367\031\343\015\020\336Y\316\222\006\004"
  51      F719E30D 
  51      10DE59CE 
  51      920604
  52 0150 102C259D 		.ascii	"\020,%\235\276\273\367\207\225\317\327T\255N\2443*\005"
  52      BEBBF787 
  52      95CFD754 
  52      AD4EA433 
  52      2A05
  53 0162 AF2A8FFA 		.ascii	"\257*\217\372\303sX\313\221\277\177Ew\234\345r\247\343"
  53      C37358CB 
  53      91BF7F45 
  53      779CE572 
  53      A7E3
  54 0174 7CB3B5DA 		.ascii	"|\263\265\332D`?\032\360\211P\243\004W\350:\015\006"
  54      44603F1A 
  54      F08950A3 
  54      0457E83A 
  54      0D06
  55 0186 40962ACE 		.ascii	"@\226*\316\024eiC\2638 45\337\306\375\263\345t\331\364"
  55      14656943 
  55      B3382034 
  55      35DFC6FD 
ARM GAS  C:\Users\mvshv\AppData\Local\Temp\ccK4Bobt.s 			page 4


  55      B3E574D9 
  56 019b 02027895 		.ascii	"\002\002x\225\002\311w\347\213\262\346 \026\235\327"
  56      02C977E7 
  56      8BB2E620 
  56      169DD7
  57 01aa C3AE0870 		.ascii	"\303\256\010p\374\017g3s\025R#\354A\254Q\031M\314\236"
  57      FC0F6733 
  57      73155223 
  57      EC41AC51 
  57      194DCC9E 
  58 01be 1A304882 		.ascii	"\0320H\202C(\013T \300a\224\260\200ma\225\026\205\302"
  58      43280B54 
  58      20C06194 
  58      B0806D61 
  58      951685C2 
  59 01d2 52DADFE8 		.ascii	"R\332\337\350\352\036\257\3462\252\344\341\026\266-"
  59      EA1EAFE6 
  59      32AAE4E1 
  59      16B62D
  60 01e1 76BE2558 		.ascii	"v\276%XP\020\232\257\023V\347\247\331F#\215\264\333"
  60      50109AAF 
  60      1356E7A7 
  60      D946238D 
  60      B4DB
  61 01f3 D13BB3D3 		.ascii	"\321;\263\323S\021$\"\270\231\357\307\362\272\327\011"
  61      53112422 
  61      B899EFC7 
  61      F2BAD709 
  62 0203 37CAE5F2 		.ascii	"7\312\345\362:\034\241b\374\321R\260\357\245\037z2!"
  62      3A1CA162 
  62      FCD152B0 
  62      EFA51F7A 
  62      3221
  63 0215 9691CDFC 		.ascii	"\226\221\315\374\311\305\\\005\333\010\317\206D\356"
  63      C9C55C05 
  63      DB08CF86 
  63      44EE
  64 0223 CFD9EFCC 		.ascii	"\317\331\357\314\022\276\201\256\010\222c\034\345\222"
  64      12BE81AE 
  64      0892631C 
  64      E592
  65 0231 927C7279 		.ascii	"\222|rybJX\275\314{i\227+*p\014K\230S]\212\343hq+\336"
  65      624A58BD 
  65      CC7B6997 
  65      2B2A700C 
  65      4B98535D 
  66 024b 7C30AD9C 		.ascii	"|0\255\234\205\220\224\2028A\226*\227\263W\327{\221"
  66      85909482 
  66      3841962A 
  66      97B357D7 
  66      7B91
  67 025d 4A0E6125 		.ascii	"J\016a%$\366y{\276'(\272Q5\314\241w\026\337\023~\303"
  67      24F6797B 
  67      BE2728BA 
  67      5135CCA1 
  67      7716DF13 
  68 0273 5C2B9A05 		.ascii	"\\+\232\005g\250=\314\3552\371\327v\301\363\234\215"
ARM GAS  C:\Users\mvshv\AppData\Local\Temp\ccK4Bobt.s 			page 5


  68      67A83DCC 
  68      ED32F9D7 
  68      76C1F39C 
  68      8D
  69 0284 0445CD68 		.ascii	"\004E\315h\256\362Omy\364ZHg\025\2775\265G\357\017^"
  69      AEF24F6D 
  69      79F45A48 
  69      6715BF35 
  69      B547EF0F 
  70 0299 A0625C64 		.ascii	"\240b\\d&/\252\326\202\036\276E\307\212\037\376\026"
  70      262FAAD6 
  70      821EBE45 
  70      C78A1FFE 
  70      16
  71 02aa AA79DBE7 		.ascii	"\252y\333\347\36316\350\235;\343\004\025\237\237\373"
  71      F33136E8 
  71      9D3BE304 
  71      159F9FFB 
  72 02ba 7C7E5B18 		.ascii	"|~[\0308\022b>\277`>%\235L\255\360\311\025f@\270\203"
  72      3812623E 
  72      BF603E25 
  72      9D4CADF0 
  72      C9156640 
  73 02d0 E9D260EE 		.ascii	"\351\322`\356\011/]\235\214\372\373\357\\\017\264>t"
  73      092F5D9D 
  73      8CFAFBEF 
  73      5C0FB43E 
  73      74
  74 02e1 A8F3CD3C 		.ascii	"\250\363\315<e\017x\011[\251\341*\341&\266_\037\035"
  74      650F7809 
  74      5BA9E12A 
  74      E126B65F 
  74      1F1D
  75 02f3 C335D57C 		.ascii	"\3035\325|fd:\300\365\243\270p\332O\365\000\331d7\012"
  75      66643AC0 
  75      F5A3B870 
  75      DA4FF500 
  75      D964370A 
  76 0307 AAE383CE 		.ascii	"\252\343\203\316\236\257K\350W\356\277\260\324\314,"
  76      9EAF4BE8 
  76      57EEBFB0 
  76      D4CC2C
  77 0316 7DA958E2 		.ascii	"}\251X\342D\361\262bi%\240,i,\222yU^\245r\205\242b4"
  77      44F1B262 
  77      6925A02C 
  77      692C9279 
  77      555EA572 
  78 032e B98A76F7 		.ascii	"\271\212v\367\177\240\315\254\241}\365Oh\364\033\305"
  78      7FA0CDAC 
  78      A17DF54F 
  78      68F41BC5 
  79 033e AB3E9AAE 		.ascii	"\253>\232\256n\330O\250y?\273,\231\222\200v[\352\352"
  79      6ED84FA8 
  79      793FBB2C 
  79      99928076 
  79      5BEAEA
  80 0351 ACD53796 		.ascii	"\254\3257\226\264\354XSS\254\331\212\307\022\251\244"
ARM GAS  C:\Users\mvshv\AppData\Local\Temp\ccK4Bobt.s 			page 6


  80      B4EC5853 
  80      53ACD98A 
  80      C712A9A4 
  81 0361 F56C43A4 		.ascii	"\365lC\244>\322b\331\273\355X\242q\307\276\247\232\352"
  81      3ED262D9 
  81      BBED58A2 
  81      71C7BEA7 
  81      9AEA
  82 0373 6C9076AA 		.ascii	"l\220v\252%n$\032\223{\367\244\266\375\275qcK\212M\255"
  82      256E241A 
  82      937BF7A4 
  82      B6FDBD71 
  82      634B8A4D 
  83 0388 FA48747B 		.ascii	"\372Ht{\324\252'[k{\263\275g\357\316F\313nJ\276\234"
  83      D4AA275B 
  83      6B7BB3BD 
  83      67EFCE46 
  83      CB6E4ABE 
  84 039d DCF1926D 		.ascii	"\334\361\222m\327\355\0063\322\020\015\327n\331\034"
  84      D7ED0633 
  84      D2100DD7 
  84      6ED91C
  85 03ac 8E27E320 		.ascii	"\216'\343 \266%\240*\025\213?\277\353\205D\314\216\246"
  85      B625A02A 
  85      158B3FBF 
  85      EB8544CC 
  85      8EA6
  86 03be 5EB45F31 		.ascii	"^\264_1#\321\006>\333LJ\240%\340w\032\322\326A"
  86      23D1063E 
  86      DB4C4AA0 
  86      25E0771A 
  86      D2D641
  87              		.text
  88              		.section	.gnu.lto_SVC_Handler.fb6a3f2a,"",%progbits
  89 0000 789C9553 		.ascii	"x\234\225S\337O\024W\024>g\356\354\354*\353\217\370"
  89      DF4F1457 
  89      143E67EE 
  89      ECEC2AEB 
  89      8FF8
  90 0012 664ACC92 		.ascii	"fJ\314\222\206\244&\2061\361\241&\015\017\015/\362\260"
  90      86A42686 
  90      31F1A126 
  90      0D0F0D2F 
  90      F2B0
  91 0024 D1B07F80 		.ascii	"\321\260\177\200\321\351VH]w3\273\032\372\3200\354\362"
  91      D1E95648 
  91      5D7733BB 
  91      1AFAD030 
  91      ECF2
  92 0036 4BA1C644 		.ascii	"K\241\306DX\311f\011\212iKk\334\252\324_\250\313\012"
  92      58C96609 
  92      8A694B6B 
  92      DCAAD45F 
  92      A8CB0A
  93 0049 026A0B54 		.ascii	"\002j\013Tl\337\032\323.\224DH\332H\264\332\250\254"
  93      6CDF1AD3 
  93      2E944448 
ARM GAS  C:\Users\mvshv\AppData\Local\Temp\ccK4Bobt.s 			page 7


  93      DA48B4DA 
  93      A8AC
  94 005b E7DC1915 		.ascii	"\347\334\031\025\221\304x\2633;\367\236\357\373\316"
  94      91C478B3 
  94      333BF79E 
  94      EFFBCE
  95 006a 39DFBD57 		.ascii	"9\337\275W\003\200\230\012\260@\377\037\320\203\002"
  95      0380980A 
  95      B040FF1F 
  95      D08302
  96 0079 5039320E 		.ascii	"P92\016P\357Q\020\371\303\362 \324)X\207m\242]\340`"
  96      50EF5110 
  96      F9C3F220 
  96      D4295887 
  96      6DA25DE0 
  97 008e F3CC6565 		.ascii	"\363\314ee\343w\026\215\334\261g\353\255\336\034\246"
  97      E377168D 
  97      DCB167EB 
  97      ADDE1CA6 
  98 009e 0540921E 		.ascii	"\005@\222\036\036\330\207\033\201`w\032\316\244E\253"
  98      1ED8871B 
  98      8160771A 
  98      CEA445AB 
  99 00ae 480B4495 		.ascii	"H\013D\225\246\017\306RS\253y\252\240\217\246\207nM"
  99      A60FC652 
  99      53AB79AA 
  99      A08FA687 
  99      6E4D
 100 00c0 F7AC115B 		.ascii	"\367\254\021[\220\221\263\003\367\377\367\226\236\264"
 100      9091B303 
 100      F7FFF796 
 100      9EB4
 101 00ce ACB8951B 		.ascii	"\254\270\225\033\351\334\320\223\260nZjZ\010\274\200"
 101      E9DCD093 
 101      B06E5A6A 
 101      5A08BC80 
 102 00de 8254F13C 		.ascii	"\202T\361<\026\343OX,\325\011\236?\273\320\261JS\361"
 102      16E34F58 
 102      2CD5099E 
 102      3FBBD0B1 
 102      4A53F1
 103 00f1 2296DA49 		.ascii	"\"\226\332I\361\022j\200\000\012/\021`\246u8\353\026"
 103      F1126A80 
 103      000A2F11 
 103      60A67538 
 103      EB16
 104 0103 5BA5F6A3 		.ascii	"[\245\366\243\207g\277\325\034\355\302\350'w\207\233"
 104      8767BFD5 
 104      1CEDC2E8 
 104      2777879B 
 105 0113 AC23D73D 		.ascii	"\254#\327=i\241\342\345\267\305\261\037K\177\234t\345"
 105      69A1E2E5 
 105      B7C5B11F 
 105      4B7F9C74 
 105      E5
 106 0124 AC854233 		.ascii	"\254\205B3\365V\334<z/\245\270\021\322\302EH\022W\345"
 106      F556DC3C 
ARM GAS  C:\Users\mvshv\AppData\Local\Temp\ccK4Bobt.s 			page 8


 106      7A2FA5B8 
 106      11D2C245 
 106      481257E5 
 107 0138 DB258100 		.ascii	"\333%\201\000-\224\234\354\261rpP(\374\225\310\301\034"
 107      2D949CEC 
 107      B1727050 
 107      28FC95C8 
 107      C11C
 108 014a D6E70B89 		.ascii	"\326\347\013\211\202\367U\235\015\266Og\264m\262\316"
 108      82F7559D 
 108      0DB64F67 
 108      B46DB2CE 
 109 015a A4C0C53D 		.ascii	"\244\300\305=\260\016^A\015\257r\013W\355>\276\"@\362"
 109      B00E5E41 
 109      0DAF720B 
 109      57ED3EBE 
 109      2240F2
 110 016d 70B25B2D 		.ascii	"p\262[-9\204\335V\247/-4\346<\3177N\255P\025*\363\032"
 110      3984DD56 
 110      A72F2D34 
 110      E63CCF37 
 110      4EAD5015 
 111 0184 96482746 		.ascii	"\226H'F\362}\375\032\255`\026\325\224pQd\000U\230\301"
 111      F27DFD1A 
 111      AD6016D5 
 111      94705164 
 111      005598C1 
 112 0198 F89F5C02 		.ascii	"\370\237\\\002\313q\002\216\360Zkgb\035\227`\027?\213"
 112      CB71028E 
 112      F05A6B67 
 112      621D9760 
 112      173F8B
 113 01ab F1F9E683 		.ascii	"\361\371\346\203\202\027RB8\030\237\214_d\216 D\"\335"
 113      82175242 
 113      38189F8C 
 113      5F648E20 
 113      4422DD
 114 01be 34D6576C 		.ascii	"4\326WlC(\201X\274\215\210>\314\221oo\262T[\367y\237"
 114      43288158 
 114      BC8D883E 
 114      CC916F6F 
 114      B2545BF7 
 115 01d4 D766212F 		.ascii	"\327f!/\275\204\020}tn\272\313#\016\2434\241\355\324"
 115      BD84107D 
 115      746EBACB 
 115      230EA334 
 115      A1EDD4
 116 01e7 7C46387B 		.ascii	"|F8{\363\337\236\224\225k\360\361\306\\_fc\006Y\034"
 116      F3DF9E94 
 116      956BF0F1 
 116      C65C5F66 
 116      6306591C 
 117 01fb 6D77873A 		.ascii	"mw\207:V-q\367hVc\204c\260\262\310`\300!*\355\006\373"
 117      562D71F7 
 117      68566384 
 117      63B0B2C8 
 117      60C0212A 
ARM GAS  C:\Users\mvshv\AppData\Local\Temp\ccK4Bobt.s 			page 9


 118 0212 4A2FF216 		.ascii	"J/\362\026\272\220\242=\335\347\236\254,\371\301q\327"
 118      BA90A23D 
 118      DDE79EAC 
 118      2CF9C171 
 118      D7
 119 0223 CD84D353 		.ascii	"\315\204\323SW,\217tw\330q\367\217T\177\373Jvw\204\335"
 119      572C8F74 
 119      77D871F7 
 119      8F547FFB 
 119      4A767784 
 120 0238 252E8EE2 		.ascii	"%.\216\342\353fdB\232\311l\337\334\236\034(\022\247"
 120      EB666442 
 120      9AC96CDF 
 120      DC9E1C28 
 120      12A7
 121 024a EDB6BECF 		.ascii	"\355\266\276\317\234\350|y\234\377\315|\324\225h\375"
 121      9CE87C79 
 121      9CFFCD7C 
 121      D49568FD 
 122 025a DA3A1E5F 		.ascii	"\332:\036_\313\255\335\\\246\265[\362\314&\033\007'"
 122      CBADDD5C 
 122      A6B55BF2 
 122      CC261B07 
 122      27
 123 026b DCECAB8A 		.ascii	"\334\354\253\212\200\267)6\207\361|\341\344\323\267"
 123      80B72936 
 123      87F17CE1 
 123      E4D3B7
 124 027a 5AFD4D73 		.ascii	"Z\375Ms\332\024\260$4\227\331\332K\342?sP]\032\234\355"
 124      DA14B024 
 124      3497D9DA 
 124      4BE23F73 
 124      505D1A9C 
 125 028f 129C09F0 		.ascii	"\022\234\011\360\027\016\273\336\260h\214\272\031g\213"
 125      170EBBDE 
 125      B0688CBA 
 125      19678B
 126 029e C6D922A4 		.ascii	"\306\331\"\244\246\336e\321\204c\321B\367_\331\"\266"
 126      A6DE65D1 
 126      8463D142 
 126      F75FD922 
 126      B6
 127 02af E8575465 		.ascii	"\350WTe\325\200w\344m\357\315\016\375\355-y\354\260"
 127      D58077E4 
 127      6DEFCD0E 
 127      FDED2D79 
 127      ECB0
 128 02c1 3D8C9DCF 		.ascii	"=\214\235\317\234\373\275H\262'\231\215w\0353\245\003"
 128      9CFBBD48 
 128      B227998D 
 128      771D33A5 
 128      03
 129 02d2 00FFF009 		.ascii	"\000\377\360\011=\365\241\274\313<Z\310q\272R\204\337"
 129      3DF5A1BC 
 129      CB3C5AC8 
 129      71BA5284 
 129      DF
ARM GAS  C:\Users\mvshv\AppData\Local\Temp\ccK4Bobt.s 			page 10


 130 02e3 5C56A6BF 		.ascii	"\\V\246\277\372\205\243\272\021\016\205\302\373\364"
 130      FA85A3BA 
 130      110E85C2 
 130      FBF4
 131 02f1 48D88C45 		.ascii	"H\330\214E\365O\253\374\025\376Z\335\2506\302fp\347"
 131      F54FABFC 
 131      15FE5ADD 
 131      A836C266 
 131      70E7
 132 0303 818F4365 		.ascii	"\201\217Ce\006\250F\2546\242\231\301\350\376\275\261"
 132      06A846AC 
 132      36A299C1 
 132      E8FEBDB1 
 133 0313 F2E5C9C1 		.ascii	"\362\345\311\301\332\030S\365\012\177\2402\240W\020"
 133      DA1853F5 
 133      0A7FA032 
 133      A05710
 134 0322 57AFDC67 		.ascii	"W\257\334g\354\335\377YP7B\321\232\350\316=\206QV\015"
 134      ECDDFF59 
 134      503742D1 
 134      9AE8CE3D 
 134      8651560D 
 135 0336 5E7F55C0 		.ascii	"^\177U\300W\272y\223/\022\215\200(7au,\034\331\376\371"
 135      57BA7993 
 135      2F128D80 
 135      28376175 
 135      2C1CD9FE 
 136 034b 0E336C04 		.ascii	"\0163l\004b\273\214/\274\376@\025\3076\021\010\024\023"
 136      62BB8C2F 
 136      BCFE4015 
 136      C7361108 
 136      1413
 137 035d DCBB7745 		.ascii	"\334\273wE\203;\314\232\367,\271\032\326\262\020\223"
 137      833BCC9A 
 137      F72CB91A 
 137      D6B21093 
 138 036d 23668D14 		.ascii	"#f\215\024s\207\202\241\260\371%\274\000\344\350\262"
 138      738782A1 
 138      B0F925BC 
 138      00E4E8B2 
 139 037d 2C       		.ascii	","
 140              		.text
 141              		.section	.gnu.lto__port_irq_epilogue.fb6a3f2a,"",%progbits
 142 0000 789C9554 		.ascii	"x\234\225T\313O\023A\030\237og\267\255-\030\216\232"
 142      CB4F1341 
 142      189F6F67 
 142      B7AD2D18 
 142      8E9A
 143 0012 78280712 		.ascii	"x(\007\022M\014\353\201D/$\032N\304\220(\374\001D\327"
 143      4D0CEB81 
 143      442F241A 
 143      4EC49028 
 143      FC0144D7 
 144 0026 469A584A 		.ascii	"F\232XJZ4xbJA@41\"Hjy\0101J\004Q\360U\236\025|  \345"
 144      5A347862 
 144      4A414034 
 144      3122486A 
ARM GAS  C:\Users\mvshv\AppData\Local\Temp\ccK4Bobt.s 			page 11


 144      7908314A 
 145 0044 25A09C04 		.ascii	"%\240\234\004!\021\320\250\361\000\212\3407\263\205"
 145      2111D0A8 
 145      F1008AE0 
 145      37B385
 146 0053 68F11127 		.ascii	"h\361\021'\273\2633\337\367\233\357\371\2335\020B\372"
 146      BBB333DF 
 146      F79BEFF9 
 146      9B351042 
 146      FA
 147 0064 644226F0 		.ascii	"dB&\360\233\210/\030\010H\027\006\011\361\230$\211\276"
 147      9B882F18 
 147      08481706 
 147      09F19824 
 147      89BE
 148 0076 DD4E9859 		.ascii	"\335N\230YnH ,\212\202\302\305 \353_\217I\001\340\013"
 148      6E48202C 
 148      8A82C2C5 
 148      20EB5F8F 
 148      4901E00B 
 149 008a 6602922B 		.ascii	"f\002\222+QY\201\\8G/Q\350.\234\013H\273\2563\034\301"
 149      5159815C 
 149      38472F51 
 149      E82E9C0B 
 149      48BBAE33 
 150 00a0 CB5F8C67 		.ascii	"\313_\214gX\3016?%\244\034_>\240\005v\021\204M\337Y"
 150      58C1363F 
 150      25A41C5F 
 150      3EA00576 
 150      11844DDF 
 151 00b5 2D8B36C8 		.ascii	"-\2136\310\272\034\356r\277\270h\032Q\202lu\255\220"
 151      BA1CEE72 
 151      BFB8681A 
 151      51826C75 
 151      AD90
 152 00c7 0557EAA0 		.ascii	"\005W\352\240\362\240Y\"~\012\224O\204\024!\022=\262"
 152      F2A05922 
 152      7E0A944F 
 152      84142112 
 152      3DB2
 153 00d9 2029A612 		.ascii	" )\246\022_y\203d\001<\323M-\243Q\033\006\363\205\337"
 153      5F798364 
 153      013CD34D 
 153      2DA3511B 
 153      06F385DF 
 154 00ed D225A3B0 		.ascii	"\322%\243\260Y\216\347\"T\375U\273\253)\201{\\)E*\277"
 154      598EE722 
 154      54FD55BB 
 154      AB29817B 
 154      5C29452A 
 155 0102 FA50759F 		.ascii	"\372Pu\237\253\350\3171\302\0030\300C\036\"\2370\320"
 155      ABE8CF31 
 155      C20330C0 
 155      431E229F 
 155      30D0
 156 0114 5A40ED8D 		.ascii	"Z@\355\215\316\236\331\250\330\233P\315*\254~\335\326"
 156      CE9ED9A8 
ARM GAS  C:\Users\mvshv\AppData\Local\Temp\ccK4Bobt.s 			page 12


 156      D89B50CD 
 156      2AAC7EDD 
 156      D6
 157 0125 E75BCD2F 		.ascii	"\347[\315/-\262\204\220\000\304\342\334\0122\231\203"
 157      2DB28490 
 157      00C4E2DC 
 157      0A329983 
 158 0135 3C2BD70D 		.ascii	"<+\327\015\347\337\366\323\022\352\247\024d\334~z\341"
 158      E7DFF6D3 
 158      12EAA714 
 158      64DC7E7A 
 158      E1
 159 0146 9BD9CAB7 		.ascii	"\233\331\312\2672Xq{\255o\244\313B[@\304[\177\353jE"
 159      3258717B 
 159      AD6FA4CB 
 159      425B40C4 
 159      5B7FEB6A 
 160 015b 545C1D63 		.ascii	"T\\\035cy,8\356\243\015w\031+\336\357\247\012t\000\305"
 160      792C38EE 
 160      A30D7719 
 160      2BDEEFA7 
 160      0A7400C5 
 161 016f 7A413BEC 		.ascii	"zA;\354\2006\330\241\327\263\023\342\360H\341;\326!"
 161      8036D8A1 
 161      D7B313E2 
 161      F048E13B 
 161      D621
 162 0181 73730A58 		.ascii	"ss\012X\241\013u\013\2207\335T\367-zS\372;\257P~&\234"
 162      A10B750B 
 162      9037DD54 
 162      F72D7A53 
 162      FA3BAF50 
 163 0198 A7FC4B9E 		.ascii	"\247\374K\236A\314\363\021\317\023'\300<\333x\236\265"
 163      41CCF311 
 163      CF1327C0 
 163      3CDB789E 
 163      B5
 164 01a9 D5CD4BE6 		.ascii	"\325\315K\346\330\201p\236\006~\240q\246\215\231D\236"
 164      D881709E 
 164      067EA071 
 164      A68D9944 
 164      9E
 165 01ba DD3C4F94 		.ascii	"\335<O\224|\\\034\233\222P\002=\310\020\356\237\300"
 165      7C5C1C9B 
 165      9250023D 
 165      C810EE9F 
 165      C0
 166 01cb 6391E75F 		.ascii	"c\221\347_\253\364DT\351\351z\225D\\\242\247\215\336"
 166      ABF44454 
 166      E9E97A95 
 166      445CA2A7 
 166      8DDE
 167 01dd C39B024F 		.ascii	"\303\233\002O\270\262\336\034\345\227\240\237a\254\275"
 167      B8B2DE1C 
 167      E597A09F 
 167      61ACBD
 168 01ec 3CE85EBD 		.ascii	"<\350^\2759\241\1776\347\271p\333\207n\347\241\273u"
ARM GAS  C:\Users\mvshv\AppData\Local\Temp\ccK4Bobt.s 			page 13


 168      39A17F36 
 168      E7B970DB 
 168      876EE7A1 
 168      BB75
 169 01fe B9766D12 		.ascii	"\271vm\0228[|TBXyAw\310\310+i\024\275\360\004\332/)"
 169      385B7C54 
 169      42587941 
 169      77C8C82B 
 169      6914BDF0 
 170 0216 FA96BDF6 		.ascii	"\372\226\275\366\262\255(\232\037\3762\244\324@\225"
 170      B2AD289A 
 170      1FFE32A4 
 170      D44095
 171 0225 07E342E3 		.ascii	"\007\343B\343&\030\300~\364\363\234Qy\361l}\275Ymd\371"
 171      2618C07E 
 171      F4F39C51 
 171      79F16C7D 
 171      BD596D64 
 172 023a 1EAEDB02 		.ascii	"\036\256\333\002/\240\006\312\004\367a\020Tt\350]9S"
 172      2FA006CA 
 172      04F76110 
 172      5474E85D 
 172      3953
 173 024c AFE8EEA8 		.ascii	"\257\350\356\250\356\361\375\300l\255\350\035\000\213"
 173      EEF1FDC0 
 173      6CADE81D 
 173      008B
 174 025a 81101A9A 		.ascii	"\201\020\032\232\205\374\251\236\2040\010\021M\213\201"
 174      85FCA99E 
 174      84300811 
 174      4D8B81
 175 0269 E5681D41 		.ascii	"\345h\035A`(\334\371b$\351\333\355x\011\026\201\212"
 175      6028DCF9 
 175      6224E9DB 
 175      ED780916 
 175      818A
 176 027b 0B84C040 		.ascii	"\013\204\300@`q\312\230\373\235\231\374\324\\Ny9\206"
 176      6071CA98 
 176      FB9D99FC 
 176      D45C4E79 
 176      3986
 177 028d 2117AF8F 		.ascii	"!\027\257\217E\340e\322\220\200\3709\220\"Y\026\252"
 177      45E065D2 
 177      9080F839 
 177      90225916 
 177      AA
 178 029e DA59E92D 		.ascii	"\332Y\351-9\317j\362b\376\304\263\021\301\263\215\352"
 178      39CF6AF2 
 178      62FEC4B3 
 178      11C1B38D 
 178      EA
 179 02af 2818C9E8 		.ascii	"(\030\311\350\237yV\352\263\204o\240q\363\015\334w\003"
 179      9F7956EA 
 179      B3846FA0 
 179      71F30DDC 
 179      7703
 180 02c1 8D8F71A5 		.ascii	"\215\217q\245)R9_I\271'\002/7\263s\034\033=\301\033"
ARM GAS  C:\Users\mvshv\AppData\Local\Temp\ccK4Bobt.s 			page 14


 180      2952395F 
 180      49B92702 
 180      2F37B373 
 180      1C1B3DC1 
 181 02d6 3DF1133B 		.ascii	"=\361\023;W\253\337tZ\326\2117*\2107)\210\027\311\262"
 181      57ABDF74 
 181      5AD68937 
 181      2A883729 
 181      8817C9B2 
 182 02ea 571B2CE3 		.ascii	"W\033,\343\366E=\224\360_\344\003\026D\214\"\374_\240"
 182      F6453D94 
 182      F05FE403 
 182      16448C22 
 182      FC5FA0
 183 02fd 08777BE2 		.ascii	"\010w{\342\343\325\215\307\351V5\247\303\341\314T\263"
 183      E3D58DC7 
 183      E95635A7 
 183      C3E1CC54 
 183      B3
 184 030e 9CAE6CB7 		.ascii	"\234\256l\267z 5%)%G\32524\247\313\226~j\257#^#\211"
 184      7A203525 
 184      292547D5 
 184      3234A7CB 
 184      967E6AAF 
 185 0326 BF3F60CB 		.ascii	"\277?`\313\311\346p5)%-9MMB\274\232\234\251\2358y\314"
 185      C9E67035 
 185      29252D39 
 185      4D4D42BC 
 185      9A9CA99D 
 186 033d A66A0EB7 		.ascii	"\246j\016\267\335\235~\\\323\3423\376\327]\0061iYn\373"
 186      DD9D7E5C 
 186      D3E233FE 
 186      D75D0631 
 186      69596EFB 
 187 0351 31AB9D18 		.ascii	"1\253\235\030\0356\207\323u\232\030\217\036q\333\016"
 187      1D3687D3 
 187      759A188F 
 187      1E71DB0E 
 188 0361 B9EC3129 		.ascii	"\271\3541)i\251V\276\316r\331w[\343\366\020\311\245"
 188      69A956BE 
 188      CE72D977 
 188      5BE3F610 
 188      C9A5
 189 0373 836D08FE 		.ascii	"\203m\010\376\001\251Q\313d"
 189      01A951CB 
 189      64
 190              		.text
 191              		.section	.gnu.lto_.symbol_nodes.fb6a3f2a,"",%progbits
 192 0000 789C6363 		.ascii	"x\234cc``\250\005b\006\2465L\365\014\014\023\31610\324"
 192      6060A805 
 192      6206A635 
 192      4CF50C0C 
 192      13CE3130 
 193 0015 3330EE6C 		.ascii	"30\356l9\330\340\300\300\300\270\214\251\236\021,\306"
 193      39D8E0C0 
 193      C0C0B88C 
 193      A99E112C 
ARM GAS  C:\Users\mvshv\AppData\Local\Temp\ccK4Bobt.s 			page 15


 193      C6
 194 0026 C0D0B000 		.ascii	"\300\320\260\000$\260\234\251\236\011Y\200i1S=3T\027"
 194      24B09CA9 
 194      9E095980 
 194      6931533D 
 194      335417
 195 0039 C3AE0647 		.ascii	"\303\256\006G\240\310\022\246z\026\024\021\306\245L"
 195      A0C812A6 
 195      7A161411 
 195      C6A54C
 196 0048 F5AC304D 		.ascii	"\365\2540M c\231\031X\031\226\264\277\221gfa`X\324v"
 196      20639919 
 196      581996B4 
 196      BF916766 
 196      616058D4 
 197 005d 96950100 		.ascii	"\226\225\001\000\356y\037,"
 197      EE791F2C 
 198              		.text
 199              		.section	.gnu.lto_.refs.fb6a3f2a,"",%progbits
 200 0000 789C6363 		.ascii	"x\234cc``\340\004b&\006&F~&&\001\006\000\001\213\000"
 200      6060E004 
 200      62260626 
 200      467E2626 
 200      01060001 
 201 0016 38       		.ascii	"8"
 202              		.text
 203              		.section	.gnu.lto_.decls.fb6a3f2a,"",%progbits
 204 0000 789CDD5A 		.ascii	"x\234\335ZiP\025Y\226~\367\335\007\274\307j\240\335"
 204      69501559 
 204      967EF7DD 
 204      07BCC76A 
 204      A0DD
 205 0012 535D4144 		.ascii	"S]AD;UF\02411-X\345\214\025\0235\023\342SG\"\312i\203"
 205      3B554614 
 205      31312D58 
 205      E58C1513 
 205      3513E253 
 206 002b 67D91DD1 		.ascii	"g\331\035\321F\274\262\340\225\320-`\001Ni\327\226\310"
 206      46BCB2E0 
 206      95D02D60 
 206      014E69D7 
 206      96C8
 207 003d 228B0B08 		.ascii	"\"\213\013\010\312\276(\273\200\240\210\013(\373.\240"
 207      CABE28BB 
 207      80A0880B 
 207      28FB2EA0 
 208 004d A2A25080 		.ascii	"\242\242P\200\340\002\210\240\200;\240\314\271\367f"
 208      E00288A0 
 208      803BA0CC 
 208      B9F766
 209 005c 92F99287 		.ascii	"\222\371\222\207Q\025\321\277&\203\223\231\347\346w"
 209      5115D1BF 
 209      26839399 
 209      E7E677
 210 006b CF39F79C 		.ascii	"\3179\367\234sO\336\274\017s\205Bq\343C\205bB\245P\354"
 210      734FDEBC 
 210      0F738542 
ARM GAS  C:\Users\mvshv\AppData\Local\Temp\ccK4Bobt.s 			page 16


 210      71E34385 
 210      6242A550 
 211 0080 470AC52C 		.ascii	"G\012\305,\034p\253\250V\210\2079P9P\005P\025P\015P"
 211      1C70ABA8 
 211      56888739 
 211      50395005 
 211      5015500D 
 212 0095 1D50AB62 		.ascii	"\035P\253b\376\361-\310\260\203\353\227@\366@K\200F"
 212      FEF12DC8 
 212      B083EB97 
 212      40F6404B 
 212      8046
 213 00a7 8026803E 		.ascii	"\200&\200>\002j\004\232\006\032\002\352\000\322\003"
 213      026A049A 
 213      061A02EA 
 213      00D203
 214 00b6 BD017A0B 		.ascii	"\275\001z\013t\031h\026H\0114\0104 \321\255\002\271"
 214      74196816 
 214      48093408 
 214      3420D1AD 
 214      02B9
 215 00c8 1AC4740A 		.ascii	"\032\304t\012v\310\217\020\202y\207\356i^\227-\022\307"
 215      76C88F10 
 215      827987EE 
 215      695E972D 
 215      12C7
 216 00da 552391BD 		.ascii	"U#\221\275\010\310\036\3507h\276\354ph\263\346e\177"
 216      08C81EE8 
 216      3768BEEC 
 216      7068B3E6 
 216      657F
 217 00ec C4CB1074 		.ascii	"\304\313\020tL\360r\033\240\255\016\310\001\250\021"
 217      4CF0721B 
 217      A0AD0EC8 
 217      01A811
 218 00fb A80CDA88 		.ascii	"\250\014\332\210\250x\336.\342\263f\270\277\014\324"
 218      A878DE2E 
 218      E2B366B8 
 218      BF0CD4
 219 010a CEEBB986 		.ascii	"\316\353\271\206\330\370\004\335\362#\026\243\262\352"
 219      D8F804DD 
 219      F22316A3 
 219      B2EA
 220 0118 4B955677 		.ascii	"K\225VwP/\002\277\240E\264\025!v\206+!\312\317\012\007"
 220      502F02BF 
 220      A045B415 
 220      2176862B 
 220      21CACF0A 
 221 012d 62EDD0AA 		.ascii	"b\355\320\252d\027\036J\030\241\013\232kQ\3622\224\202"
 221      64171E4A 
 221      18A10B9A 
 221      6B51F232 
 221      9482
 222 013f 5CFAC70B 		.ascii	"\\\372\307\013@R\251\3549S'\034l\204\354F\322\2175)"
 222      4052A9EC 
 222      3953271C 
 222      6C84EC46 
ARM GAS  C:\Users\mvshv\AppData\Local\Temp\ccK4Bobt.s 			page 17


 222      D28F3529 
 223 0153 4565922E 		.ascii	"Ee\222.\363lU\314=\2363J\034$\342\235\220_\267\257\315"
 223      F36C55CC 
 223      3D9E334A 
 223      1C24E29D 
 223      905FB7AF 
 224 0168 B21FF5C1 		.ascii	"\262\037\365\301\323?+\024QjoDZg\016T\234\265\306Jz"
 224      D33F2B14 
 224      516A6F44 
 224      5A670E54 
 224      9CB5C64A 
 225 017d 9F793FEB 		.ascii	"\237y?\353\264\032;\320\373\253\035\025\265v\313\013"
 225      B41A3BD0 
 225      FBAB1D15 
 225      B576CB0B 
 226 018d 3876A893 		.ascii	"8v\250\223\261\002\235EXph\375\354\313*\273H\214\354"
 226      B1029D45 
 226      587068FD 
 226      ECCB2ABB 
 226      488CEC
 227 01a0 2D9112D8 		.ascii	"-\221\022\330\216\361\326\024+`\227X\242E\300\026\354"
 227      8EF1D614 
 227      2B609758 
 227      A245C016 
 227      EC
 228 01b1 9F8D357B 		.ascii	"\237\2155{\357(\351\030\025\304-R\242/\177\213. \007"
 228      EF28E918 
 228      15C42D52 
 228      A22F7F8B 
 228      2E2007
 229 01c4 741E3980 		.ascii	"t\0369\2009e\350=8\373\250\230\244\324\310\354R\333"
 229      3965E83D 
 229      38FBA898 
 229      A4D4C8EC 
 229      52DB
 230 01d6 0FD2B9AA 		.ascii	"\017\322\271\252~\256\352I\242cZkh\330U\350\367%\305"
 230      7EAEEA49 
 230      A2635A6B 
 230      68D855E8 
 230      F725C5
 231 01e9 A15284D1 		.ascii	"\241R\204\3219\264\234\214\242\224hGgP?B%\350\016\014"
 231      39B49C8C 
 231      A2946847 
 231      67503F42 
 231      25E80E0C 
 232 01fd A21C7D00 		.ascii	"\242\034}\000\375\307\332N\237\266\303\241\210\032\375"
 232      FDC7DA4E 
 232      9FB6C3A1 
 232      881AFD
 233 020c 6EC5978C 		.ascii	"n\305\227\214\024\337\014;wV\015\212\3739\256j(\177"
 233      14DF0C3B 
 233      77560D8A 
 233      FB39AE6A 
 233      287F
 234 021e E59BE261 		.ascii	"\345\233\342a.\314\222\202\320EQ\353E~\314\250\202j"
 234      2ECC9282 
 234      D04551EB 
ARM GAS  C:\Users\mvshv\AppData\Local\Temp\ccK4Bobt.s 			page 18


 234      457ECCA8 
 234      826A
 235 0230 1BE8CF9A 		.ascii	"\033\350\317\232\264\302mL[o\310\341\031;^\302\344\017"
 235      B4C26D4C 
 235      5B6FC8E1 
 235      193B5EC2 
 235      E40F
 236 0242 895C8D92 		.ascii	"\211\\\215\222\366\256\024{W\012\275\253h\357\334\372"
 236      F6AE147B 
 236      570ABDAB 
 236      68EFDCFA 
 237 0252 6759180F 		.ascii	"gY\030\017\260\336\341\\{\2105\364N\247\003\377t\350"
 237      B0DEE15C 
 237      7B8835F4 
 237      4EA703FF 
 237      74E8
 238 0264 0CC78580 		.ascii	"\014\307\205\200\335**\243Z\224Q-\037w\015\225ug\374"
 238      DD2A2AA3 
 238      5A94512D 
 238      1F770D95 
 238      7567FC
 239 0277 69A3151E 		.ascii	"i\243\025\036c\262\222R\257]\326\360\262:~\237\310U"
 239      63B29252 
 239      AF5DD6F0 
 239      B23A7E9F 
 239      C855
 240 0289 EDE5B840 		.ascii	"\355\345\270@fM\255(\251V.\251\216JJ\217\177\361\320"
 240      664DAD28 
 240      A9562EA9 
 240      8E4A4A8F 
 240      7FF1D0
 241 029c 1C732C05 		.ascii	"\034s,\005\332\352\257\307[\340D\312\250\222\352\316"
 241      DAEAAFC7 
 241      5BE044CA 
 241      A892EACE 
 242 02ac 3EB6421A 		.ascii	">\266B\032\007\004.D\216\3738\016\304\006E\301<C\237"
 242      07042E44 
 242      8EFB380E 
 242      C40645C1 
 242      3C439F
 243 02bf 38206707 		.ascii	"8 g\007\005jA\216\250\021\301\304DM\000i\006/'rj\332"
 243      056A418E 
 243      A811C1C4 
 243      444D0069 
 243      062F2772 
 244 02d5 92C88571 		.ascii	"\222\310\205q\334\"z\233-\344\220\202\260\250\201\367"
 244      DC227A9B 
 244      2DE49082 
 244      B0A881F7 
 245 02e5 098BC26C 		.ascii	"\011\213\302l\303x\201Z\0321\002\021Cv\331(dcC)Y\032"
 245      C378815A 
 245      1A310211 
 245      4376D928 
 245      64634329 
 246 02fb DEE18DAD 		.ascii	"\336\341\215\255\237M\361!\003\020\252\027\207Y/8\275"
 246      9F4DF121 
 246      0310AA17 
ARM GAS  C:\Users\mvshv\AppData\Local\Temp\ccK4Bobt.s 			page 19


 246      87592F38 
 246      BD
 247 030c 950EEF5A 		.ascii	"\225\016\357Zpq2f\251\252\002v\242-\361\236-K\325\245"
 247      70713266 
 247      A9AA0276 
 247      A22DF19E 
 247      2D4BD5A5 
 248 0320 C03E0E7E 		.ascii	"\300>\016~\320o\305\236\276\007l`i\306!k\\\307|\221"
 248      D06FC59E 
 248      BE076C60 
 248      69C6216B 
 248      5CC77C91 
 249 0334 D6335168 		.ascii	"\3263Qh\201\233)\243\354\234\035\036\266D\326\216\021"
 249      819B29A3 
 249      EC9C1D1E 
 249      B644D68E 
 249      11
 250 0345 C40BE941 		.ascii	"\304\013\351A\234f\003I\256v\260\264\015,E\327\301\023"
 250      9C660349 
 250      AE76B0B4 
 250      0D2C45D7 
 250      C113
 251 0357 7A6BDE04 		.ascii	"zk\336\004:\342\252[\335+\223+8n)\352@\326\350\232h"
 251      3AE2AA5B 
 251      DD2B932B 
 251      386E29EA 
 251      40D6E89A 
 252 036c 9FDE9A8D 		.ascii	"\237\336\232\215\346h\334\211\333\032<\313t\0113\310"
 252      E668DC89 
 252      DB1A3CCB 
 252      740933C8 
 253 037c 9ECDA047 		.ascii	"\236\315\240G\311\335\335\326x/\246\317J\032'\03258"
 253      C9DDDDD6 
 253      782FA6CF 
 253      4A1A271A 
 253      3538
 254 038e 9C3189E5 		.ascii	"\2341\211\345\317Z\314\030P\015l\327\325\342H[|\200"
 254      CF5ACC18 
 254      500D6CD7 
 254      D5E2485B 
 254      7C80
 255 03a0 3D0BCDA8 		.ascii	"=\013\315\250}m\203\243\030\223;rg\006\343\030\306L"
 255      7D6D83A3 
 255      18933B72 
 255      6706E318 
 255      C64C
 256 03b2 5FA8E7D4 		.ascii	"_\250\347\324\370(cr\032\273\032\355p\002c\004\177\330"
 256      F8286372 
 256      1ABB1AED 
 256      70026304 
 256      7FD8
 257 03c4 337F9C1C 		.ascii	"3\177\234\034\256L\266d\356\341`f[\036i?\277\033-#\207"
 257      AE4CB664 
 257      EEE16066 
 257      5B1E693F 
 257      BF1B2D23 
 258 03d9 E3B2C5CB 		.ascii	"\343\262\305\313\226\035'\243'\323\345J\3070\307\035"
ARM GAS  C:\Users\mvshv\AppData\Local\Temp\ccK4Bobt.s 			page 20


 258      961D27A3 
 258      27D3E54A 
 258      C730C71D 
 259 03e9 B6A663EB 		.ascii	"\266\246c\353\206\261\015\241\305\2423n\323\330\255"
 259      86B10DA1 
 259      C5A2336E 
 259      D3D8AD
 260 03f8 80938275 		.ascii	"\200\223\202uh\3713\344d0\246\350\033r\364\0259z\362"
 260      68F933E4 
 260      6430A6E8 
 260      1B72F415 
 260      397AF2
 261 040b 8F22BACB 		.ascii	"\217\"\272\313\264\354v$\302\357J\340?\313\341Nrt\267"
 261      B4EC7624 
 261      C2EF4AE0 
 261      3FCBE14E 
 261      7274B7
 262 041e 04DD6312 		.ascii	"\004\335c\022M-a!\354\274\262(\220\343\020\001)\370"
 262      4D2D6121 
 262      ECBCB228 
 262      90E31001 
 262      29F8
 263 0430 F029E624 		.ascii	"\360)\346$u\336\266?\036\30459SQWM\217\212i\216\246"
 263      75DEB63F 
 263      1EC43539 
 263      5351574D 
 263      8F8A698E 
 264 0445 E90D8454 		.ascii	"\351\015\204T\012\230x\016P\203\001\321\313w\001\271"
 264      0A98780E 
 264      508301D1 
 264      CB7701B9 
 265 0455 E801A4CF 		.ascii	"\350\001\244\317}\264\014\335\003\352\007\272\013\364"
 265      7DB40CDD 
 265      03EA07BA 
 265      0BF4
 266 0463 10681868 		.ascii	"\020h\030h\000h\020-\223h\256\221\270\263S\256\370\346"
 266      0068102D 
 266      9368AE91 
 266      B8B353AE 
 266      F8E6
 267 0475 3C074D49 		.ascii	"<\007MI\206|\3134\234\216\031\302\3776\201{ce-\311q"
 267      867CCB34 
 267      9C8E19C2 
 267      FF36817B 
 267      63652DC9 
 268 048a 29568146 		.ascii	")V\201F\2205\235Yp%\365\257)/\237\314\254\217,\021y"
 268      90359D59 
 268      7025F5AF 
 268      292F9FCC 
 268      AC8F2C11 
 269 049f 11D94153 		.ascii	"\021\331AS\321\350\205\3276\254\211f\365\241\311L\013"
 269      D1E885D7 
 269      36AC8966 
 269      F5A1C94C 
 269      0B
 270 04b0 9C45334D 		.ascii	"\234E3My\247k\272\307\026Y:\206\315IW\210f<\001\007"
 270      79A76BBA 
ARM GAS  C:\Users\mvshv\AppData\Local\Temp\ccK4Bobt.s 			page 21


 270      C716593A 
 270      86CD4957 
 270      88663C01 
 271 04c5 4027E263 		.ascii	"@'\342c4\012\215\217\240\221\305\240\361\361\177%L\222"
 271      340A8D8F 
 271      A091C5A0 
 271      F1F17F25 
 271      4C92
 272 04d7 69F41859 		.ascii	"i\364\030Y\2421q\032}d\311L\316\313\214>n\216\343TT"
 272      A231711A 
 272      7D64C94C 
 272      CECB8C3E 
 272      6E8EE354 
 273 04ec 4779D283 		.ascii	"Gy\322\203z\345B:&\027\326\261\377\303\341\333D\307"
 273      7AE5423A 
 273      2617D6B1 
 273      FFC3E1DB 
 273      44C7
 274 04fe 04E81817 		.ascii	"\004\350\030\027u\200Jr\201VP\024\037\332sZe\031F:0"
 274      75804A72 
 274      81565014 
 274      1FDA735A 
 274      6519463A 
 275 0513 DFC09411 		.ascii	"\337\300\224\021]\363\224@!\201h\341\002t\315dq\216"
 275      5DF39440 
 275      218168E1 
 275      0274CD64 
 275      718E
 276 0525 359B5758 		.ascii	"5\233WXRg\226\260:s\363\325\245)k<C\215V\025\004\235"
 276      526796B0 
 276      3A73F3D5 
 276      A5296B3C 
 276      438D5615 
 277 053b 18572147 		.ascii	"\030W!GVf-%\345r\012\254y!\226KZS\307\177\"\315\264"
 277      56662D25 
 277      E5720AAC 
 277      7921964B 
 277      5A53C77F 
 278 0552 CE922B1D 		.ascii	"\316\222+\035(\227\301\341\367\346\212\362K\030\346"
 278      2897C1E1 
 278      F7E68AF2 
 278      4B18E6
 279 0561 14B5E635 		.ascii	"\024\265\3465\010|\305\314I\034\312/F\366Q|\"\256FT"
 279      087CC5CC 
 279      491CCA2F 
 279      46F6517C 
 279      22AE4654 
 280 0575 F67378FE 		.ascii	"\366sx\376\214Z?\215\354\2051P\006zD\217O\306\230/8"
 280      8C5A3F8D 
 280      EC853150 
 280      067A448F 
 280      4FC6982F 
 281 058a DC1961B8 		.ascii	"\334\031a\270\316T\374\336\362\307\323*\271x\261\214"
 281      CE54FCDE 
 281      F2C7D32A 
 281      B978B18C 
 282 059a BFA1E267 		.ascii	"\277\241\342g\230\3707T\374\365\266\207iX\232i\244\212"
ARM GAS  C:\Users\mvshv\AppData\Local\Temp\ccK4Bobt.s 			page 22


 282      98F83754 
 282      FCF5B687 
 282      69589A69 
 282      A48A
 283 05ac 8BF2DFF2 		.ascii	"\213\362\337\362\231\366\226fZ\332\314t\202\255\024"
 283      99F69666 
 283      5ADACC74 
 283      82AD14
 284 05bb 7CC9083C 		.ascii	"|\311\010<\313\203g)\270\263\247#^\203\003\315h\006"
 284      CB836729 
 284      B8B3A723 
 284      5E8303CD 
 284      6806
 285 05cd 9E284C2D 		.ascii	"\236(L-\266\305\221\214\211\254\251M6W)\025(P\211Y\362"
 285      B6C5918C 
 285      89ACA94D 
 285      36572915 
 285      28508959 
 286 05e2 0C1E1AAE 		.ascii	"\014\036\032\256VI_?\023Fv\007)\245\257\237\204\304"
 286      56495F3F 
 286      13467607 
 286      29A5AF9F 
 286      84C4
 287 05f4 F6D3985F 		.ascii	"\366\323\230_\252\\\311\307\2439\251\007\270\364@nu"
 287      AA5CC9C7 
 287      A339A907 
 287      B8F4406E 
 287      75
 288 0605 939200A1 		.ascii	"\223\222\000\241^\362y\203\366*U\2043~\331\006+\311"
 288      5EF27983 
 288      F62A5584 
 288      337ED906 
 288      2BC9
 289 0617 DB6834FB 		.ascii	"\333h4\373\326\"|k!s\032sK\253\221J\311R\216\350\205"
 289      D6227C6B 
 289      21731A73 
 289      4BAB914A 
 289      C9528EE8 
 290 062c B6B8EBC7 		.ascii	"\266\270\353\307\313l\026\\\323\204Q\013\367)y\023\253"
 290      CB6C165C 
 290      D384510B 
 290      F7297913 
 290      AB
 291 063d 8AB2C684 		.ascii	"\212\262\306\204\325Tg\313\373\331A\\.t\313D\004\207"
 291      D55467CB 
 291      FBD9415C 
 291      2E74CB44 
 291      0487
 292 064f 42E60C0C 		.ascii	"B\346\014\014\005\003C\344\006\206S\003\357O\027\226"
 292      050343E4 
 292      06865303 
 292      EF4F1796 
 293 065f F1EF0373 		.ascii	"\361\357\003s`+[\203/Z-\230\005\221J>\013\"\2244\015"
 293      602B5B83 
 293      2F5A2D98 
 293      05914A3E 
 293      0B229434 
ARM GAS  C:\Users\mvshv\AppData\Local\Temp\ccK4Bobt.s 			page 23


 294 0674 9E4584BC 		.ascii	"\236E\204\274\344\337\265\026\344\0254\230|\320\232"
 294      E4DFB516 
 294      E4153498 
 294      7CD09A
 295 0683 25FDA764 		.ascii	"%\375\247d\001z7\366\362\274\034<\240t@\373\225D\330"
 295      017A37F6 
 295      F2BC1C3C 
 295      A07440FB 
 295      9544D8
 296 0696 41A5BD20 		.ascii	"A\245\275 \2222\320\243\371~a\215-\036`\356\252\010"
 296      9232D0A3 
 296      F97E618D 
 296      2D1E60EE 
 296      AA08
 297 06a8 6FC851F3 		.ascii	"o\310Q\363c\033\312w\316\015\212d\356g\331pH97k\017"
 297      631BCA77 
 297      CE0D8A64 
 297      EE67D970 
 297      4839376B 
 298 06bd C9471645 		.ascii	"\311G\026EG\326\2376\024c\203_0a\355\243=!\202\243:"
 298      47D69F36 
 298      1463835F 
 298      3061EDA3 
 298      3D2182A3 
 299 06d2 52305B32 		.ascii	"R0[2\035cK\246hQT\264\\\324a*\352\326`\215\007\336k"
 299      1D634BA6 
 299      685154B4 
 299      5CD4612A 
 299      EAD6608D 
 300 06e9 BE4014BB 		.ascii	"\276@\024\273j\373\303\315\305<\271]\2244\227'$\014"
 300      6AFBC3CD 
 300      C53CB95D 
 300      94349727 
 300      240C
 301 06fb 31736188 		.ascii	"1sa\210\2050\304\3105\034\241\032\032\016\366\306\362"
 301      8530C4C8 
 301      351CA11A 
 301      1A0EF6C6 
 301      F2
 302 070c AFF95C33 		.ascii	"\257\371\\3b\357\275\332\010~}\220N\370\336\360\307"
 302      62EFBDDA 
 302      087E7D90 
 302      4EF8DEF0 
 302      C7
 303 071d 2E388A59 		.ascii	".8\212Y\360\356\231\232 \304\310\211\206\350yf\201\216"
 303      F0EE999A 
 303      20C4C889 
 303      86E87966 
 303      818E
 304 072f C500B0AB 		.ascii	"\305\000\260\253U4\321Dp\"\215\001\355B\300w\223\357"
 304      5534D144 
 304      70228D01 
 304      ED42C077 
 304      93EF
 305 0741 76DAE044 		.ascii	"v\332\340D\246&\276\343\324:\242%\350\027\025V\350\020"
 305      A626BEE3 
 305      D43AA225 
ARM GAS  C:\Users\mvshv\AppData\Local\Temp\ccK4Bobt.s 			page 24


 305      E8171556 
 305      E810
 306 0753 5CD8DBC7 		.ascii	"\\\330\333\307\227\300xbsHN?,\376\2161i/C\373z0\316"
 306      97C07862 
 306      73484E3F 
 306      2CFE8E31 
 306      692F43FB 
 307 076a 664CDE44 		.ascii	"fL\336DI\020?\272(\202\034\217>\022a\207\013\331\303"
 307      49103FBA 
 307      28821C8F 
 307      3E126187 
 307      0BD9C3
 308 077d E494E9F7 		.ascii	"\344\224\351\367\361\031v\177\2427\277T\303\200\257"
 308      F119767F 
 308      A237BF54 
 308      C380AF
 309 078c C86AAEF8 		.ascii	"\310j\256\370b\360\030\277\232\253B\344k&w\360\267\270"
 309      62F018BF 
 309      9AAB42E4 
 309      6B2677F0 
 309      B7B8
 310 079e 9C619B33 		.ascii	"\234a\2333\313fx\365D\346\341\0233AhA/\345\010^\312"
 310      CB6678F5 
 310      44E6E113 
 310      33416841 
 310      2FE5085E 
 311 07b3 66995CFE 		.ascii	"f\231\\\3764\241MR\320\230\2372!W\331{=\227\372)G\360"
 311      34A14D52 
 311      D0989F32 
 311      2157D97B 
 311      3D97FA29 
 312 07c9 D3BD8CFA 		.ascii	"\323\275\214\372Is\246"
 312      4973A6
 313 07d0 6A9C9815 		.ascii	"j\234\230\025z-\346\367\270\236\231\221z#%\314\014\267"
 313      7A2DE6F7 
 313      B89E9991 
 313      7A2325CC 
 313      0CB7
 314 07e2 32662621 		.ascii	"2f&!\252\0121\3400\001&\326$x\342\233\354\331\340\323"
 314      AA0A31E0 
 314      300126D6 
 314      2478E29B 
 314      ECD9E0D3 
 315 07f6 FBF710FE 		.ascii	"\373\367\020\376\2311\235#}w\370\231\324O\200\303\327"
 315      99319D23 
 315      7D77F899 
 315      D44F80C3 
 315      D7
 316 0807 B386CCF0 		.ascii	"\263\206\314\360=\036y\244\374\222\032?b\314\315\330"
 316      3D1E79A4 
 316      FC921A3F 
 316      62CCCDD8 
 317 0817 D6381543 		.ascii	"\3268\025C\336&\310\267\371Yo5x\202=\034I\270\236n\213"
 317      DE26C8B7 
 317      F9596F35 
 317      78823D1C 
 317      49B89E6E 
ARM GAS  C:\Users\mvshv\AppData\Local\Temp\ccK4Bobt.s 			page 25


 318 082c 5F3326E3 		.ascii	"_3&\343\305\2513\374\324\276J\220\2635/o\333\340@\013"
 318      C5A933FC 
 318      D4BE4A90 
 318      B3352F6F 
 318      DBE0400B 
 319 0840 FA70E846 		.ascii	"\372p\350F~\2209\216dLiv\311\011\036\331D\220)33\301"
 319      7E90398E 
 319      644C6976 
 319      C9091ED9 
 319      44902933 
 320 0856 2A1CC31E 		.ascii	"*\034\303\036\216%\214\337\260\303)\214\351:\0321j&"
 320      8E258CDF 
 320      B0C3298C 
 320      E93A1A31 
 320      6A26
 321 0868 6445D82F 		.ascii	"dE\330/\311\212\206\201\214D>\204UD\366\213\213U\240"
 321      C98A8681 
 321      8C443E84 
 321      5544F68B 
 321      8B55A0
 322 087b 3883894B 		.ascii	"8\203\211K\010\255\331g\216\363\030\0237\366\372}\006"
 322      08ADD967 
 322      8EF31813 
 322      37F6FA7D 
 322      06
 323 088c E408F050 		.ascii	"\344\010\360PP\337\217\214\375\014\270\375\3619Q\346"
 323      50DF8F8C 
 323      FD0CB8FD 
 323      F13951E6 
 324 089c 2CF2FDE4 		.ascii	",\362\375\344\005[\3734y\302\032\027\261\236oz\002\337"
 324      055BFB34 
 324      79C21A17 
 324      B19E6F7A 
 324      02DF
 325 08ae 2A19D696 		.ascii	"*\031\326\226fBQ\363\302\023\244N\010}-\013}c\360\253"
 325      664251F3 
 325      C213A44E 
 325      087D2D0B 
 325      7D63F0AB 
 326 08c2 463B79E8 		.ascii	"F;y\350\253!\364U\264L\325\323\320\327\011\241/\251"
 326      AB21F455 
 326      B44CD5D3 
 326      D0D709A1 
 326      2FA9
 327 08d4 8E08B2C3 		.ascii	"\216\010\262\303\027\230\336\202\266\306\036>ja$\035"
 327      1798DE82 
 327      B6C61E3E 
 327      6A61241D 
 328 08e4 0B2F8E85 		.ascii	"\013/\216\205\363c}F\276\223#\032\357\027\3311\243\323"
 328      F3637D46 
 328      BE93231A 
 328      EF17D931 
 328      A3D3
 329 08f6 FF897C6E 		.ascii	"\377\211|n\014\027\357\303\270\202u\316\017\355JQ3p"
 329      0C17EFC3 
 329      B88275CE 
 329      0FED4A51 
ARM GAS  C:\Users\mvshv\AppData\Local\Temp\ccK4Bobt.s 			page 26


 329      3370
 330 0908 0FE10B8F 		.ascii	"\017\341\013\217\234\032\302\013Z\335*X}\231Y]\274\377"
 330      9C1AC20B 
 330      5ADD2A58 
 330      7D99595D 
 330      BCFF
 331 091a 65ACA5DC 		.ascii	"e\254\245\334\352f\260\272\211Z\335F\255n\025\254\036"
 331      EA66B0BA 
 331      895ADD46 
 331      AD6E15AC 
 331      1E
 332 092b 79FE6056 		.ascii	"y\376`V\215\233\230\342\263\203\315\015\226\274\243"
 332      8D9B98E2 
 332      B383CD0D 
 332      96BCA3
 333 093a 89D5C967 		.ascii	"\211\325\311gb\376\212\333\371\021MDg!|\2231a\003\373"
 333      62FE8ADB 
 333      F9114D44 
 333      67217C93 
 333      316103FB 
 334 094e AEF3C057 		.ascii	"\256\363\300W\204\277\023\031\335f\213{\330\303\206"
 334      84BF1319 
 334      DD668B7B 
 334      D8C386
 335 095d A3494734 		.ascii	"\243IG4\270\2371\263\017\2732\370\201\217\023~\240w"
 335      B89F31B3 
 335      0FBB32F8 
 335      818F137E 
 335      A077
 336 096f 28C2160F 		.ascii	"(\302\026\017\262\207{\313\273\242\371\315\203~\372"
 336      B2877BCB 
 336      BBA2F9CD 
 336      837EFA
 337 097e 09329372 		.ascii	"\0112\223r\216\007/!\301\273\023\025e\301;\211\2303"
 337      8E072F21 
 337      C1BB1315 
 337      65C13B89 
 337      9833
 338 0990 10911487 		.ascii	"\020\221\024\207\3608\353;\032\037\031d\267\240S~\026"
 338      F038EB3B 
 338      1A1F1964 
 338      B7A0537E 
 338      16
 339 09a1 9CD2C672 		.ascii	"\234\322\306r\355F\357\203\243\326r\247t\201SnS\247"
 339      ED46EF83 
 339      A3D672A7 
 339      7481536E 
 339      53A7
 340 09b3 F450A7FC 		.ascii	"\364P\247\374,8%s\360\324\023\215\024]\256|\007\372"
 340      2C382573 
 340      F0D4138D 
 340      145DAE7C 
 340      07FA
 341 09c5 FAE0B160 		.ascii	"\372\340\261`\276\274\\\225zq\011\357\305\247\207\242"
 341      BEBC5C95 
 341      7A7109EF 
 341      C5A787A2 
ARM GAS  C:\Users\mvshv\AppData\Local\Temp\ccK4Bobt.s 			page 27


 342 09d5 FA107EC5 		.ascii	"\372\020~\305\314\356\217\252\235]\330\354\001\301\354"
 342      CCEE8FAA 
 342      9D5DD8EC 
 342      01C1EC
 343 09e4 67CCECE7 		.ascii	"g\314\354\347Q\305\353\345V\337\001;\330Z\375.\265c"
 343      51C5EBE5 
 343      56DF013B 
 343      D85AFD2E 
 343      B563
 344 09f6 40B02321 		.ascii	"@\260#!e\344\244Rn\365\202\350\310\372\322\006>C\233"
 344      65E4A452 
 344      6EF582E8 
 344      C8FAD206 
 344      3E439B
 345 0a09 E887E199 		.ascii	"\350\207\341\231\323'\314\360,\2632#)\367\224\032\207"
 345      D327CCF0 
 345      2CB33223 
 345      29F7941A 
 345      87
 346 0a1a AA2973EE 		.ascii	"\252)s\356q\3769\033~\236J\371%<_s(c5>\300cK3\236\250"
 346      71FE391B 
 346      7E9E4AF9 
 346      253C5F73 
 346      2863353E 
 347 0a34 E5160F13 		.ascii	"\345\026\017\023\317\261\317\006\245\270\374#\26550"
 347      CFB1CF06 
 347      A5B8FC23 
 347      B53530
 348 0a43 F326965B 		.ascii	"\363&\226[\274 ZXD\330\263ED\374\353c#68\226\351\035"
 348      BC205A58 
 348      44D8B345 
 348      44FCEB63 
 348      23363896 
 349 0a59 7B3C5364 		.ascii	"{<Sd\213\023\030S~\356b\003\377\312t&\323\251\240\272"
 349      8B131853 
 349      7EEE6203 
 349      FFCA7426 
 349      D3A9A0BA 
 350 0a6d DD0AA7B2 		.ascii	"\335\012\247\262g3Qi%\032\234\311\230\244\247\275\017"
 350      67335169 
 350      251A9CC9 
 350      98A4A7BD 
 350      0F
 351 0a7e F97C7324 		.ascii	"\371|s$\003\311H=\254\301y\354\331lTX\202\005>\311\230"
 351      03C9483D 
 351      ACC179EC 
 351      D96C5458 
 351      82053EC9 
 352 0a93 D8F6D80C 		.ascii	"\330\366\330\014+\\\302\230\351\341\330.\276t[K\222"
 352      2B5CC298 
 352      E9E1D82E 
 352      BE745B4B 
 352      92
 353 0aa4 78099FC4 		.ascii	"x\011\237\304U9\261\377\214/0\350\255\256\340\013<\324"
 353      5539B1FF 
 353      8C2F30E8 
 353      ADAEE00B 
ARM GAS  C:\Users\mvshv\AppData\Local\Temp\ccK4Bobt.s 			page 28


 353      3CD4
 354 0ab6 0AD8A082 		.ascii	"\012\330\240\202\212\263f\013\006\177J\010\376k6\221"
 354      8AB3660B 
 354      067F4A08 
 354      FE6B3691 
 355 0ac6 8B42EEE7 		.ascii	"\213B\356\347\2212\340\000_U$\217\204O*\007\366Iu\246"
 355      9132E000 
 355      5F55248F 
 355      844F2A07 
 355      F64975A6 
 356 0ada EA69A10A 		.ascii	"\352i\241\012WPE\312S\205\367\377\212\034-\205\017\245"
 356      575045CA 
 356      5385F7FF 
 356      8A1C2D85 
 356      0FA5
 357 0aec E521FB38 		.ascii	"\345!\3738N\211f\301\235o\3045\214\003q\244\211\357"
 357      4E8966C1 
 357      9D6FC435 
 357      8C0371A4 
 357      89EF
 358 0afe 84B74A47 		.ascii	"\204\267JG\"\224\326\347\031\360\3764\323\237\227\226"
 358      2294D6E7 
 358      19F0FE34 
 358      D39F9796 
 359 0b0e 5B67839B 		.ascii	"[g\203\233\230\202\276\302'\355X\324\260\377\303\363"
 359      9882BEC2 
 359      27ED58D4 
 359      B0FFC3F3 
 360 0b1e 9DE43369 		.ascii	"\235\3443i/\206$\307s\032f\225\013\250\010\304&U\034"
 360      2F8624C7 
 360      731A6695 
 360      0BA808C4 
 360      26551C
 361 0b31 38995969 		.ascii	"8\231Yi.]\010\022y/\341\371\013:\321\202\260\275\340"
 361      2E5D0812 
 361      792FE1F9 
 361      0B3AD182 
 361      B0BDE0
 362 0b44 175A2EEA 		.ascii	"\027Z.\352\302\037!\366\212\371E\322\333\007#\257XI"
 362      C21F21F6 
 362      8AF945D2 
 362      DB0723AF 
 362      5849
 363 0b56 A507BF4B 		.ascii	"\245\007\277K\372\245\216\236\325\370*\213\333\363\366"
 363      FAA58E9E 
 363      D5F82A8B 
 363      DBF3F6
 364 0b65 9E01846F 		.ascii	"\236\001\204o0&\370rs\216\005\276\315\230\321\274\266"
 364      3026F872 
 364      738E05BE 
 364      CD98D1BC 
 364      B6
 365 0b76 2673DCC7 		.ascii	"&s\334\307\230\373\203S\3471\276\307\230\354\321\343"
 365      98FB8353 
 365      E731BEC7 
 365      98ECD1E3 
 366 0b86 07347898 		.ascii	"\0074x\2301\215\205\315q|e+ k\216\231\236\312'\374\002"
ARM GAS  C:\Users\mvshv\AppData\Local\Temp\ccK4Bobt.s 			page 29


 366      318D85CD 
 366      717C652B 
 366      206B8E99 
 366      9ECA27FC 
 367 0b9b B8FF5FC8 		.ascii	"\270\377_\310\272\240\265\262\315\032?\246\340\225c"
 367      BAA0B5B2 
 367      CD1A3FA6 
 367      E09563
 368 0baa 0F6F86D9 		.ascii	"\017o\206\331\260\275\225\005\217\305\313\370\275\027"
 368      B0BD9505 
 368      8FC5CBF8 
 368      BD17
 369 0bb8 A3E33817 		.ascii	"\243\3438\027\033\004k\340T\263KW\"`iY\203\350\014\272"
 369      1B046BE0 
 369      54B34B57 
 369      22606959 
 369      83E80CBA 
 370 0bcc 01212FC4 		.ascii	"\001!/\304\222O\373\016\245dc%\030z\214\374\3106\002"
 370      924FFB0E 
 370      A5646325 
 370      187A8CFC 
 370      C83602
 371 0bdf 92017D4C 		.ascii	"\222\001}L\216NW\032\355\033@\270k~`pX\024\242\013r"
 371      8E4E571A 
 371      ED1B40B8 
 371      6B7E6070 
 371      5814A20B 
 372 0bf4 F8792378 		.ascii	"\370y#xl ,\243\277\013\244\360{\000\357\347\341B\035"
 372      6C202CA3 
 372      BF0BA4F0 
 372      7B00EFE7 
 372      E1421D
 373 0c07 427D725B 		.ascii	"B}r[j~\022mI\222\013\217\223\243\247$\226\247\312\321"
 373      6A7E126D 
 373      49920B8F 
 373      93A3A724 
 373      96A7CAD1 
 374 0c1b 2946A650 		.ascii	")F\246P\341\337\213\360\253r\370\225y\360\221\277\213"
 374      E1DF8BF0 
 374      AB72F895 
 374      79F091BF 
 374      8B
 375 0c2c F0C772F8 		.ascii	"\360\307r\370\250\324\026\342\226\356\037\3318a\015"
 375      A8D416E2 
 375      96EE1FD9 
 375      38610D
 376 0c3b 88B278B4 		.ascii	"\210\262x\264\2602D\031r\313;\366\210\262#\260L\266"
 376      B0324419 
 376      72CB3BF6 
 376      88B223B0 
 376      4CB6
 377 0c4d 93DC920E 		.ascii	"\223\334\222\016\211W\016\312\321G\245\262\211\307\273"
 377      89570ECA 
 377      D147A5B2 
 377      89C7BB
 378 0c5c 798FF782 		.ascii	"y\217\367\202%\335\274%\302\373\012\3352B\023\037~\307"
 378      25DDBC25 
ARM GAS  C:\Users\mvshv\AppData\Local\Temp\ccK4Bobt.s 			page 30


 378      C2FB0ADD 
 378      3242131F 
 378      7EC7
 379 0c6e 64935CB9 		.ascii	"d\223\\\271f\332)\322\\\221\330\275On\211d\323\210G"
 379      66DA29D2 
 379      5C91D8BD 
 379      4F6E8964 
 379      D38847
 380 0c81 FF20A24F 		.ascii	"\377 \242O\311e\027\311=\330\362\223\230X\361\246co"
 380      C96517C9 
 380      3DD8F293 
 380      9858F1A6 
 380      636F
 381 0c93 E41449F0 		.ascii	"\344\024I\360O\310\341y\363\322\366\356\367\314+\260"
 381      4FC8E179 
 381      F3D2F6EE 
 381      F7CC2BB0 
 382 0ca3 5043353C 		.ascii	"PC5<\\X\276\241\312y\360\016\036\016+$\324\302\303\205"
 382      5C58BEA1 
 382      CA79F00E 
 382      1E0E2B24 
 382      D4C2C385 
 383 0cb7 75136A9C 		.ascii	"u\023j\234g\314\244\304/\241\246\375\"\205\267H2\261"
 383      67CCA4C4 
 383      2FA1A6FD 
 383      2285B748 
 383      32B1
 384 0cc9 5D6E7BA3 		.ascii	"]n{\243<D#\337\213!\252\220\243/\312C\324-\221\335 "
 384      3C4423DF 
 384      8B21AA90 
 384      A32FCA43 
 384      D42D91DD 
 385 0cde 4757CE9B 		.ascii	"GW\316\233B\222\020\235\224\243\013\344\350\026\211"
 385      4292109D 
 385      94A30BE4 
 385      E81689
 386 0ced CFF34DFB 		.ascii	"\317\363M\373\\:\231%\350B\323\262\215\002*\231oO\345"
 386      5C3A9925 
 386      E842D3B2 
 386      8D022A99 
 386      6F4FE5
 387 0d00 F0C979F0 		.ascii	"\360\311y\360\273\022\370\270\034\376\304\030\016\261"
 387      BB12F8B8 
 387      1CFEC418 
 387      0EB1
 388 0d0e 9CDA03A7 		.ascii	"\234\332\003\247@\370\334\304\366\350\025\017\027\312"
 388      40F8DCC4 
 388      F6E8150F 
 388      17CA
 389 0d1c BFF16633 		.ascii	"\277\361f3\025.1\375\270\351\232\270b\336\036\356\001"
 389      152E31FD 
 389      B8E99AB8 
 389      62DE1EEE 
 389      01
 390 0d2d EC80F663 		.ascii	"\354\200\366c\362\214\300\311\006\356\031x\027]\300"
 390      F28CC0C9 
 390      06EE1978 
ARM GAS  C:\Users\mvshv\AppData\Local\Temp\ccK4Bobt.s 			page 31


 390      175DC0
 391 0d3c CB503CD0 		.ascii	"\313P<\320Y\240J\240d\240\343@\371@\347\201\312\200"
 391      59A04AA0 
 391      64A0E340 
 391      F940E781 
 391      CA80
 392 0d4e F2804E02 		.ascii	"\362\200N\002\235\000:\012T\001t\021\250\010\350\022"
 392      9D003A0A 
 392      54017411 
 392      A808E812 
 393 0d5e D061A044 		.ascii	"\320a\240D\240\022\240C@\347\200\222\200\216\000e\000"
 393      A012A043 
 393      40E78092 
 393      808E0065 
 393      00
 394 0d6f 1D03CA02 		.ascii	"\035\003\312\002J\007\312\004*\005\252\002\212\006\252"
 394      4A07CA04 
 394      2A05AA02 
 394      8A06AA
 395 0d7e 01AA063A 		.ascii	"\001\252\006:\005T\014\224\002T\016\224\015\224\013"
 395      05540C94 
 395      02540E94 
 395      0D940B
 396 0d8d 94039406 		.ascii	"\224\003\224\006\024\007T\000\024\005t\032(\026(\006"
 396      14075400 
 396      1405741A 
 396      28162806 
 397 0d9d 28152801 		.ascii	"(\025(\001\013\033\3154\303$\236\2370\355yI\366\326"
 397      0B1BCD34 
 397      C3249E9F 
 397      30ED7949 
 397      F6D6
 398 0daf 480ACCA0 		.ascii	"H\012\314\240\034}_\2363w%\371X\"G\237\236\227\004\335"
 398      1C7D5F9E 
 398      337725F9 
 398      5822479F 
 398      9E9704DD 
 399 0dc3 12F819D3 		.ascii	"\022\370\031\323p\211\360IIT\323L\277/$\365\350\356"
 399      7089F049 
 399      4954D34C 
 399      BF2F24F5 
 399      E8EE
 400 0dd5 77623DEA 		.ascii	"wb=\352\224\243oJLa\313\240\267\257\354\351\257\002"
 400      94A36F4A 
 400      4C61CBA0 
 400      B7AFECE9 
 400      AF02
 401 0de7 0033FE55 		.ascii	"\0003\376U\2008\341\305\314\022\366\253\000\361\302"
 401      8038E1C5 
 401      CC12F6AB 
 401      00F1C2
 402 0df6 25D373D8 		.ascii	"%\323s\330h\\\222z\022.\257'F?\244\020\351\223\022\027"
 402      685C927A 
 402      122EAF27 
 402      463FA410 
 402      E9931217 
 403 0e0a 5F37FDBE 		.ascii	"_7\375\2767z\017J\342\367\\\016\3573*VDz\313\036Qz\244"
ARM GAS  C:\Users\mvshv\AppData\Local\Temp\ccK4Bobt.s 			page 32


 403      377A0F4A 
 403      E2F75C0E 
 403      EF332A56 
 403      447ACB1E 
 404 0e21 C97795B4 		.ascii	"\311w\225\264BHd?3=\211\245\001\221\204\257\330\364"
 404      4248643F 
 404      333D89A5 
 404      019184AF 
 404      D8F4
 405 0e33 0B42BA96 		.ascii	"\013B\272\226\230\372;+\312\217 \"\017y\270\360\205"
 405      98FA3B2B 
 405      CA8F2022 
 405      0F79B8F0 
 405      85
 406 0e44 8086E489 		.ascii	"\200\206\344\211\327\"\361\312\003\323\211gT\302%\226"
 406      D722F1CA 
 406      03D38967 
 406      54C22596 
 407 0e54 8F997EDD 		.ascii	"\217\231~\335\033\225\037I\204\302LGH\352\304)I\015"
 407      1B951F49 
 407      84C24C47 
 407      48EAC429 
 407      490D
 408 0e66 2F33BD6A 		.ascii	"/3\275j\222\244^\207d\215uV\216.\235gK\213\304\215\347"
 408      92A45E87 
 408      648D7556 
 408      8E2E9D67 
 408      4B8BC48D 
 409 0e7b 4CC3859F 		.ascii	"L\303\205\237r\332\357\034iW\341S\032\272\216\237\016"
 409      72DAEF1C 
 409      6957E153 
 409      1ABA8E9F 
 409      0E
 410 0e8c 1EEB52A3 		.ascii	"\036\353R\243\305\216&\253\030\252\207\342\365\377\265"
 410      C58E26AB 
 410      18AA87E2 
 410      F5FFB5
 411 0e9b 90B129DB 		.ascii	"\220\261)\3337k\316qjT\007\203\254\025\277[\310\004"
 411      376BCE71 
 411      6A540783 
 411      AC15BF5B 
 411      C804
 412 0ead A6BE2AB8 		.ascii	"\246\276*\270\025\327o!\375}\241N\342W\005j\300\354"
 412      15D76F21 
 412      FD7DA14E 
 412      E257056A 
 412      C0EC
 413 0ebf F705B8C6 		.ascii	"\367\005\270\306\232\3701\242\314\350\307\210F\036\334"
 413      9AF831A2 
 413      CCE8C788 
 413      461EDC
 414 0ece 48C1B52F 		.ascii	"H\301\265/:\013-p\231\206\355\261\205\234zm3\267\203"
 414      3A0B2D70 
 414      9986EDB1 
 414      859C7A6D 
 414      33B783
 415 0ee1 BD2CCD78 		.ascii	"\275,\315x\007\273I4\014n\2157\205\2331\331\024\316"
ARM GAS  C:\Users\mvshv\AppData\Local\Temp\ccK4Bobt.s 			page 33


 415      07BB4934 
 415      0C6E8D37 
 415      859B31D9 
 415      14CE
 416 0ef3 7EF92AD2 		.ascii	"~\371*\322\026\2671a\367B[o\012\333\341\035\211\306"
 416      16B73161 
 416      F7425B6F 
 416      0ADBE11D 
 416      89C6
 417 0f05 3BD82DA2 		.ascii	";\330-\242\250\026\271\250\313T\324\263\300\230\"5\276"
 417      A816B9A8 
 417      CB54D4B3 
 417      C0982235 
 417      BE
 418 0f16 A559600B 		.ascii	"\245Y`\013;\276\344\3655\013q\013;!K\334\302&\362[\005"
 418      3BBEE4F5 
 418      350B710B 
 418      3B214BDC 
 418      C226F25B 
 419 0f2b F9A80DAB 		.ascii	"\371\250\015\253\010g\254\242\235\252\310\0318\230i"
 419      0867ACA2 
 419      9DAAC819 
 419      389869
 420 0f3a 811F2CA4 		.ascii	"\201\037,\244\242\360\340x\262\260\003?\311\377\317"
 420      A2F0E078 
 420      B2B0033F 
 420      C9FFCF
 421 0f49 C2314B2A 		.ascii	"\3021K*\376\312\234\370\253 \376\212\\\3745\374\201"
 421      FECA9CF8 
 421      AB20FE8A 
 421      5CFC35FC 
 421      81
 422 0f5a E277FA9D 		.ascii	"\342w\372\235\276~\001z/\277o\364\206\235^;|\267\357"
 422      BE7E017A 
 422      2FBF6FF4 
 422      869D5E3B 
 422      7CB7EF
 423 0f6d 322CDFB9 		.ascii	"2,\337\271\315/`\271\263\323\362\345\342\237\257\277"
 423      CD2F60B9 
 423      B3D3F2E5 
 423      E29FAFBF 
 424 0f7d 93BBAFB7 		.ascii	"\223\273\257\267\267\257\217\023\201\373;\271\270m\324"
 424      B7AF8F13 
 424      81FB3BB9 
 424      B86DD4
 425 0f8c 6EDCEDE4 		.ascii	"n\334\355\344\356\351\356\353g\320\377\357*\357\345"
 425      EEE9EEEB 
 425      67D0FFEF 
 425      2AEFE5
 426 0f9b EEEAFFFE 		.ascii	"\356\352\377\376\237"
 426      9F
 427 0fa0 2F966A57 		.ascii	"/\226jW\254P8\377\312\216\212\3370\033\374\277\365\012"
 427      AC5038FF 
 427      CA8E8ADF 
 427      301BFCBF 
 427      F50A
 428 0fb2 70F7D47F 		.ascii	"p\367\324\177\355\347\353\255\367\362\367\373\225b<"
ARM GAS  C:\Users\mvshv\AppData\Local\Temp\ccK4Bobt.s 			page 34


 428      EDE7EBAD 
 428      F7F2F7FB 
 428      95623C
 429 0fc1 158B9918 		.ascii	"\025\213\231\030\303n\257\2009!V\272-Z\375\206m>\036"
 429      C36EAF80 
 429      392156BA 
 429      2D5AFD86 
 429      6D3E1E
 430 0fd4 3B0C7EF6 		.ascii	";\014~\366\363\207\372;wO\235\273\247\253\377&?\203"
 430      F387FA3B 
 430      774F9DBB 
 430      A7ABFF26 
 430      3F83
 431 0fe6 C17B6780 		.ascii	"\301{g\200\227\257\217\233\341\233]^~\006\0173\375\032"
 431      97AF8F9B 
 431      E19B5D5E 
 431      7E060F33 
 431      FD1A
 432 0ff8 5FDF1D1F 		.ascii	"_\337\035\037\312l\360\013"
 432      CA6CF00B 
 433 1000 70F2F271 		.ascii	"p\362\362q\337\261\313\303\000\252\375\335==@\255j\367"
 433      DFB1CBC3 
 433      00AAFDDD 
 433      3D3D40AD 
 433      6AF7
 434 1012 4E7F3FB5 		.ascii	"N\177?\265\237a\3736?o}\300\277\376b\253\241\253r\247"
 434      9F61FB36 
 434      3F6F7DC0 
 434      BFFE62AB 
 434      A1AB72A7 
 435 1026 BBF90E3F 		.ascii	"\273\371\016?}\200\247\007\366[\361\261\322\357\023"
 435      7D80A707 
 435      F65BF1B1 
 435      D2EF13
 436 1035 A51F9C57 		.ascii	"\245\037\234W(\375\234\255\370\241\004\270\007\354\266"
 436      28FD9CAD 
 436      F8A104B8 
 436      07ECB6
 437 1044 D4EB7779 		.ascii	"\324\353wy\371\004|\362\261>\340k\367\377\330\352\356"
 437      F9047CF2 
 437      B13EE06B 
 437      F7FFD8EA 
 437      EE
 438 1055 E9F59597 		.ascii	"\351\365\225\227\177\300.\017/\337\255\001`\243\377"
 438      7FC02E0F 
 438      2FDFAD01 
 438      60A3FF
 439 1064 D6ED3EBB 		.ascii	"\326\355>\273\226\322\273\245`\302R\203\367W\006\017"
 439      96D2BBA5 
 439      60C25283 
 439      F757060F 
 440 1074 0F83C7D6 		.ascii	"\017\203\307\326U\313\235\227~\354\274b\3257+\267B\373"
 440      55CB9D97 
 440      7EECBC62 
 440      D5372BB7 
 440      42FB
 441 1086 1F7C7C7D 		.ascii	"\037||}\014\1770l\373\312k+?\204\255\336\333@\226\217"
ARM GAS  C:\Users\mvshv\AppData\Local\Temp\ccK4Bobt.s 			page 35


 441      0C7F306C 
 441      FBCA6B2B 
 441      3F84ADDE 
 441      DB40968F 
 442 109a 61ABDEC3 		.ascii	"a\253\336\303\360\365\266];\002\364\001{v\032\374\301"
 442      F0F5B65D 
 442      3B02F401 
 442      7B761AFC 
 442      C1
 443 10ab 2EB5A0EF 		.ascii	".\265\240\357/\377P}\376{\374\267\352\375\003<@8\361"
 443      2FFF507D 
 443      FE7BFCB7 
 443      EAFD033C 
 443      4038F1
 444 10be 9BBBE736 		.ascii	"\233\273\3476?\215^\277\335\020\240\337\244\333d\263"
 444      3F8D5EBF 
 444      DD10A0DF 
 444      A4DB64B3 
 445 10ce 6DC7B7DB 		.ascii	"m\307\267\333\366\370\353\275|v\200M\377i\332\215\340"
 445      F6F8EBBD 
 445      7C76804D 
 445      FF69DA8D 
 445      E0
 446 10df 10E24427 		.ascii	"\020\342D'\355F\235\253\316I\013^tr\025\342\341\355"
 446      ED469DAB 
 446      CE490B5E 
 446      747215E2 
 446      E1ED
 447 10f1 EFE5AFDF 		.ascii	"\357\345\257\337\356\356\016\242A\252?\223\272\204\372"
 447      EEEE0EA2 
 447      41AA3F93 
 447      BA84FA
 448 1100 7197CF0E 		.ascii	"q\227\317\016_\367\277\211I!i\264a\3205.\272u\233\334"
 448      5FF7BF89 
 448      492169B4 
 448      61D0352E 
 448      BA759BDC 
 449 1114 5C356EEB 		.ascii	"\\5n\353t\353\334\266\254[\373\251\271\313\2065:\255"
 449      74EBDCB6 
 449      AC5BFBA9 
 449      B9CB8635 
 449      3AAD
 450 1126 9B4AEBA2 		.ascii	"\233J\353\242u#\367\233\340\262v\263v#\\\\\351e\016"
 450      7523F79B 
 450      E0B276B3 
 450      76235C5C 
 450      E9650E
 451 1139 BACA7CAD 		.ascii	"\272\312|\255V\353\252\373\223\232\\6nq\321\232\301"
 451      56EBAAFB 
 451      939A5C36 
 451      6E71D19A 
 451      C1
 452 114a 8DEE4F16 		.ascii	"\215\356O\026p&\034\177\375\002Z]i+\305X\270\322\353"
 452      70261C7F 
 452      FD025A5D 
 452      692BC558 
 452      B8D2EB
ARM GAS  C:\Users\mvshv\AppData\Local\Temp\ccK4Bobt.s 			page 36


 453 115d 177352FE 		.ascii	"\027sR\376\235\264\270|\376\271\330\362of\033\267\254"
 453      9DB4B87C 
 453      FEB9D8F2 
 453      6F661BB7 
 453      AC
 454 116e 77FB989E 		.ascii	"w\373\230\236W\320\263\363\334\263\225*\335fW\321\204"
 454      57D0B3F3 
 454      DCB3952A 
 454      DD6657D1 
 454      84
 455 117f 4FCCB49B 		.ascii	"O\314\264\233\210\235Z\235n\335\347p\321\352\\\327\272"
 455      889D5A9D 
 455      6EDDE770 
 455      D1EA5CD7 
 455      BA
 456 1190 61ED6637 		.ascii	"a\355f73\355\347p7\207s\266p]\253w\325\271\300\030\326"
 456      33EDE770 
 456      378773B6 
 456      705DAB77 
 456      D5B9C018 
 457 11a5 EA37AEA7 		.ascii	"\3527\256\247\027\027vY\313.\233\326\273\251\\\326\353"
 457      17177659 
 457      CB2E9BD6 
 457      BBA95CD6 
 457      EB
 458 11b6 DC546BD6 		.ascii	"\334Tk\326\273\270\231m\334\010g\325Z\302o '-\234\314"
 458      BBB8996D 
 458      DC0867D5 
 458      5AC26F20 
 458      272D9CCC 
 459 11ca 741BB470 		.ascii	"t\033\264p\253\333\260\311M\303\022\363S}\200\005\177"
 459      ABDBB0C9 
 459      4DC312F3 
 459      537D8005 
 459      7F
 460 11db C55AAD1B 		.ascii	"\305Z\255\033\006\267\231\271\270\272\201\363\266l\376"
 460      06B799B9 
 460      B8BA81F3 
 460      B66CFE
 461 11ea A39BCA15 		.ascii	"\243\233\312\025\340`\337\027\256k\315\\\326\200\200"
 461      E060DF17 
 461      AE6BCD5C 
 461      D68080
 462 11f9 CF7E7D68 		.ascii	"\317~}h\311\034w\367^E2S\247]\243\337\014ijOch\024V"
 462      C91C77F7 
 462      5E453253 
 462      A75DA3DF 
 462      0C696A4F 
 463 1211 CD5C1304 		.ascii	"\315\\\023\004\325\303\313\177\333W;\014d\266[\353\365"
 463      D5C3CB7F 
 463      DB573B0C 
 463      64B65BEB 
 463      F5
 464 1222 061F81F9 		.ascii	"\006\037\201\371?\261R\322}"
 464      3FB152D2 
 464      7D
 465              		.text
ARM GAS  C:\Users\mvshv\AppData\Local\Temp\ccK4Bobt.s 			page 37


 466              		.section	.gnu.lto_.symtab.fb6a3f2a,"",%progbits
 467 0000 5356435F 		.ascii	"SVC_Handler\000"
 467      48616E64 
 467      6C657200 
 468 000c 00       		.ascii	"\000"
 469 000d 00       		.ascii	"\000"
 470 000e 00       		.ascii	"\000"
 471 000f 00000000 		.ascii	"\000\000\000\000\000\000\000\000"
 471      00000000 
 472 0017 C2000000 		.ascii	"\302\000\000\000"
 473 001b 5F706F72 		.ascii	"_port_irq_epilogue\000"
 473      745F6972 
 473      715F6570 
 473      696C6F67 
 473      756500
 474 002e 00       		.ascii	"\000"
 475 002f 00       		.ascii	"\000"
 476 0030 00       		.ascii	"\000"
 477 0031 00000000 		.ascii	"\000\000\000\000\000\000\000\000"
 477      00000000 
 478 0039 C4000000 		.ascii	"\304\000\000\000"
 479 003d 5F706F72 		.ascii	"_port_switch_from_isr\000"
 479      745F7377 
 479      69746368 
 479      5F66726F 
 479      6D5F6973 
 480 0053 00       		.ascii	"\000"
 481 0054 02       		.ascii	"\002"
 482 0055 00       		.ascii	"\000"
 483 0056 00000000 		.ascii	"\000\000\000\000\000\000\000\000"
 483      00000000 
 484 005e BE000000 		.ascii	"\276\000\000\000"
 485 0062 5F706F72 		.ascii	"_port_exit_from_isr\000"
 485      745F6578 
 485      69745F66 
 485      726F6D5F 
 485      69737200 
 486 0076 00       		.ascii	"\000"
 487 0077 02       		.ascii	"\002"
 488 0078 00       		.ascii	"\000"
 489 0079 00000000 		.ascii	"\000\000\000\000\000\000\000\000"
 489      00000000 
 490 0081 C0000000 		.ascii	"\300\000\000\000"
 491 0085 63685363 		.ascii	"chSchIsPreemptionRequired\000"
 491      68497350 
 491      7265656D 
 491      7074696F 
 491      6E526571 
 492 009f 00       		.ascii	"\000"
 493 00a0 02       		.ascii	"\002"
 494 00a1 00       		.ascii	"\000"
 495 00a2 00000000 		.ascii	"\000\000\000\000\000\000\000\000"
 495      00000000 
 496 00aa CC000000 		.ascii	"\314\000\000\000"
 497              		.text
 498              		.section	.gnu.lto_.opts,"",%progbits
 499 0000 272D666D 		.ascii	"'-fmath-errno' '-fsigned-zeros' '-ftrapping-math' '"
ARM GAS  C:\Users\mvshv\AppData\Local\Temp\ccK4Bobt.s 			page 38


 499      6174682D 
 499      6572726E 
 499      6F272027 
 499      2D667369 
 500 0033 2D666E6F 		.ascii	"-fno-trapv' '-fno-openmp' '-fno-openacc' '-mcpu=cor"
 500      2D747261 
 500      70762720 
 500      272D666E 
 500      6F2D6F70 
 501 0066 7465782D 		.ascii	"tex-m7' '-mno-thumb-interwork' '-mthumb' '-O2' '-fo"
 501      6D372720 
 501      272D6D6E 
 501      6F2D7468 
 501      756D622D 
 502 0099 6D69742D 		.ascii	"mit-frame-pointer' '-falign-functions=16' '-ffuncti"
 502      6672616D 
 502      652D706F 
 502      696E7465 
 502      72272027 
 503 00cc 6F6E2D73 		.ascii	"on-sections' '-fdata-sections' '-fno-common' '-flto"
 503      65637469 
 503      6F6E7327 
 503      20272D66 
 503      64617461 
 504 00ff 2700     		.ascii	"'\000"
 505              		.text
 506              		.comm	__gnu_lto_v1,1,1
 507              		.comm	__gnu_lto_slim,1,1
 508              		.ident	"GCC: (GNU Tools for Arm Embedded Processors 7-2017-q4-major) 7.2.1 20170904 (release) [ARM
ARM GAS  C:\Users\mvshv\AppData\Local\Temp\ccK4Bobt.s 			page 39


DEFINED SYMBOLS
                            *ABS*:00000000 chcore_v7m.c
                            *COM*:00000001 __gnu_lto_v1
                            *COM*:00000001 __gnu_lto_slim

NO UNDEFINED SYMBOLS
