ARM GAS  C:\Users\mvshv\AppData\Local\Temp\ccNk7cvX.s 			page 1


   1              		.cpu cortex-m7
   2              		.eabi_attribute 20, 1
   3              		.eabi_attribute 21, 1
   4              		.eabi_attribute 23, 3
   5              		.eabi_attribute 24, 1
   6              		.eabi_attribute 25, 1
   7              		.eabi_attribute 26, 1
   8              		.eabi_attribute 30, 2
   9              		.eabi_attribute 34, 1
  10              		.eabi_attribute 18, 4
  11              		.file	"hal.c"
  12              		.section	.gnu.lto_.profile.fb6a34d9,"",%progbits
  13 0000 789C6363 		.ascii	"x\234cc```\001bF\006;v\000\000\373\000Q"
  13      60606001 
  13      6246063B 
  13      760000FB 
  13      0051
  14              		.text
  15              		.section	.gnu.lto_.icf.fb6a34d9,"",%progbits
  16 0000 789C6363 		.ascii	"x\234cc``\340`@\000F\206\273\357\247v\3613\000\000\017"
  16      6060E060 
  16      40004686 
  16      BBEFA776 
  16      F1330000 
  17 0015 39030A   		.ascii	"9\003\012"
  18              		.text
  19              		.section	.gnu.lto_.jmpfuncs.fb6a34d9,"",%progbits
  20 0000 789C6363 		.ascii	"x\234cc``\340f@\000F\004\023\000\001\305\000\023"
  20      6060E066 
  20      40004604 
  20      130001C5 
  20      0013
  21              		.text
  22              		.section	.gnu.lto_.inline.fb6a34d9,"",%progbits
  23 0000 789C6363 		.ascii	"x\234cc``0b@\000F\006\006N;F\006& \223m\201<\023X\210"
  23      60603062 
  23      40004606 
  23      064E3B46 
  23      06262093 
  24 001a 0B1FC100 		.ascii	"\013\037\301\000\000=`\001\215"
  24      003D6001 
  24      8D
  25              		.text
  26              		.section	.gnu.lto_.pureconst.fb6a34d9,"",%progbits
  27 0000 789C6363 		.ascii	"x\234cc```\006bF\006\011\000\000}\000#"
  27      60606006 
  27      62460609 
  27      00007D00 
  27      23
  28              		.text
  29              		.section	.gnu.lto_halInit.fb6a34d9,"",%progbits
  30 0000 789C75D0 		.ascii	"x\234u\320\277JC1\024\006\360\357K\332\333;(.:H)\316"
  30      BF4A4331 
  30      1406F0EF 
  30      4BDADB3B 
  30      282E3A48 
  31 0016 5DEE7D0F 		.ascii	"]\356}\017\337B\2728\010\242}\200\033\333\241\025\034"
ARM GAS  C:\Users\mvshv\AppData\Local\Temp\ccNk7cvX.s 			page 2


  31      DF42BA38 
  31      08A27D80 
  31      1BDBA115 
  31      1C
  32 0027 1C6C5DEE 		.ascii	"\034l]\356P\\\324I\304\266\032\247\340\0038\270:\371"
  32      505CD449 
  32      C4B61AA7 
  32      E00338B8 
  32      3AF9
  33 0039 874E4574 		.ascii	"\207NEt\024i\365\244\025\271\303\365\220\220C\362K\016"
  33      1469F5A4 
  33      15B9C3F5 
  33      909043F2 
  33      4B0E
  34 004b 2701801D 		.ascii	"'\001\200\035\002k\262\226eR\203\352\360\036\330\013"
  34      026BB296 
  34      655283EA 
  34      F01ED80B 
  35 005b 15E91313 		.ascii	"\025\351\023\023\022\211b\302\003}\244y\327\032YU=5"
  35      128962C2 
  35      037DA479 
  35      D71A5955 
  35      3D35
  36 006d 12EEF87D 		.ascii	"\022\356\370}\325\2349\246\032\350\312\364\301+V!\354"
  36      D59C39A6 
  36      1AE8CAF4 
  36      C12B5621 
  36      EC
  37 007e F972DA59 		.ascii	"\371r\332Y\014\012\363}\366\031@j\340\342\241\350\314"
  37      0C0AF37D 
  37      F619406A 
  37      E0E2A1E8 
  37      CC
  38 008f F4BB65DC 		.ascii	"\364\273e\334\353\011?\326C\240-\347R\3048\354k\345"
  38      EB093FD6 
  38      43A02DE7 
  38      52C438EC 
  38      6BE5
  39 00a1 B3A6C398 		.ascii	"\263\246\303\230\315\336WyvI^\262v\374XJ&&L5\273Z^\341"
  39      CDDE5779 
  39      76495EB2 
  39      76FC584A 
  39      26264C35 
  40 00b9 800952D1 		.ascii	"\200\011R\321\336\235/\344;%n\230qOK\371N\312\363:\343"
  40      DE9D2FE4 
  40      3B256E98 
  40      714F4BF9 
  40      4ECAF33A 
  41 00ce 3EFF7105 		.ascii	">\377q\005q7\0317Y\316wEq6\343\354J\276\013\304\335"
  41      71371937 
  41      59CE7745 
  41      7136E3EC 
  41      4ABE0BC4 
  42 00e3 FEBA3736 		.ascii	"\376\27276z/\035\316\240\217\266t)?!-T\242(\376\033"
  42      7A2F1DCE 
  42      A08FB674 
  42      293F212D 
ARM GAS  C:\Users\mvshv\AppData\Local\Temp\ccNk7cvX.s 			page 3


  42      54A228FE 
  43 00f8 DBF57873 		.ascii	"\333\365xsc+\256\357\326\374\032\325\360\003\255\244"
  43      632BAEEF 
  43      D6FC1AD5 
  43      F003ADA4 
  44 0108 81E8     		.ascii	"\201\350"
  45              		.text
  46              		.section	.gnu.lto_.symbol_nodes.fb6a34d9,"",%progbits
  47 0000 789C55C8 		.ascii	"x\234U\310\275\015\2030\030\006\341\363k\360\\a\262"
  47      BD0D8330 
  47      1806E1F3 
  47      6BF05C61 
  47      B2
  48 0011 CF450660 		.ascii	"\317E\006`\010\252\214\220\332\374\026\314\020$\346"
  48      08AA8C90 
  48      DAFC16CC 
  48      1024E6
  49 0020 4038AE70 		.ascii	"@8\256pq:\351\011\300'\207\222\014\372\035\362\276\261"
  49      713AE909 
  49      C0278792 
  49      0CFA1DF2 
  49      BEB1
  50 0032 03B7C95C 		.ascii	"\003\267\311\\\021\210\361\225a\225\251\202E\346+\230"
  50      1188F195 
  50      6195A982 
  50      45E62B98 
  51 0042 654D0593 		.ascii	"eM\005\223\254\255`\224\205'x\002\303\357r\236\226T"
  51      ACAD6094 
  51      85277802 
  51      C3EF729E 
  51      9654
  52 0054 DE70967B 		.ascii	"\336p\226{\336\307\377b(w\244|n*\224,n"
  52      DEC7FF62 
  52      2877A47C 
  52      6E2A942C 
  52      6E
  53              		.text
  54              		.section	.gnu.lto_.refs.fb6a34d9,"",%progbits
  55 0000 789C6363 		.ascii	"x\234cc```\004b\006\000\000D\000\010"
  55      60606004 
  55      62060000 
  55      440008
  56              		.text
  57              		.section	.gnu.lto_.decls.fb6a34d9,"",%progbits
  58 0000 789C8592 		.ascii	"x\234\205\222[HTA\030\200\347?\307uu5\225\250\360\301"
  58      5B485441 
  58      1880E73F 
  58      C7757535 
  58      95A8F0C1 
  59 0014 62917A93 		.ascii	"b\221z\223]\274P\022\275i\231`*iQO\353e\005\205M\305"
  59      5DBC5012 
  59      BD699960 
  59      2A69514F 
  59      EB650585 
  60 002a D5927A39 		.ascii	"\325\222z9\246\250\250\225\017\026x\251$B,%\244u\323"
  60      A6A8A895 
  60      0F1678A9 
ARM GAS  C:\Users\mvshv\AppData\Local\Temp\ccNk7cvX.s 			page 4


  60      24422C25 
  60      A475D3
  61 003d D4755757 		.ascii	"\324uWW\335\024\015\212^\325%+\262@\015\013\011\005"
  61      DD140D8A 
  61      5ED5252B 
  61      B2400D0B 
  61      0905
  62 004f FB67E65C 		.ascii	"\373g\346\\D%\207\375\317\334\376\357\233\177\316\236"
  62      442587FD 
  62      CFDCFEEF 
  62      9B7FCE9E 
  63 005f 4042C873 		.ascii	"@B\310s\221\220\027@H=\216\267\261\011\330\217\021\255"
  63      91901740 
  63      483D8EB7 
  63      B109D88F 
  63      11AD
  64 0071 E9318631 		.ascii	"\3511\2061\\\030ny\317\2131\211\341#{\333-t\241\222"
  64      5C186E79 
  64      CF8B3189 
  64      E1237BDB 
  64      2D74A192 
  65 0085 E460CC60 		.ascii	"\344`\314`\014\355\362\370d\326+\273\334\262{wk\021"
  65      0CEDF2F8 
  65      64D62BBB 
  65      DCB27B77 
  65      6B11
  66 0097 6168CCE5 		.ascii	"ah\314\345\016Y\204y\300\232 \202\255\002\360'\3664"
  66      0E598479 
  66      C09A2082 
  66      AD02F027 
  66      F634
  67 00a9 D87C5B69 		.ascii	"\330|[i\300\327qU\340\235\234J'\012\002\352\212 ;\004"
  67      C0D77155 
  67      E09D9C4A 
  67      270A02EA 
  67      8A203B04 
  68 00bd C5CB7EB2 		.ascii	"\305\313~\262\000vZ\371>?Ni\204\347\363z4\216/\011\332"
  68      00765AF9 
  68      3E3F4E69 
  68      84E7F37A 
  68      348E2F09 
  69 00d2 613B903D 		.ascii	"a;\220=\265\022u[-J\273$\310/\241g\242n\316\340\207"
  69      B512755B 
  69      2D4ABB24 
  69      C82FA167 
  69      A26ECEE0 
  70 00e7 05DCBD46 		.ascii	"\005\334\275FHs\320\015\240\253k\016\351\263A\024\330"
  70      4873D00D 
  70      A0AB6B0E 
  70      E9B34114 
  70      D8
  71 00f8 F8C7E0CC 		.ascii	"\370\307\340\314\252A4\260\361\303\365y\207\316\324"
  71      AA4134B0 
  71      F1C3F579 
  71      87CED4
  72 0107 2BF11694 		.ascii	"+\361\026\224A\340\015\210\312\373\234\334\336\360\204"
  72      41E00D88 
ARM GAS  C:\Users\mvshv\AppData\Local\Temp\ccNk7cvX.s 			page 5


  72      CAFB9CDC 
  72      DEF084
  73 0116 378A70D8 		.ascii	"7\212p\330\000\002N?\256\315>\016\301\351\021\003D\340"
  73      00024E3F 
  73      AECD3E0E 
  73      C1E91103 
  73      44E0
  74 0128 B4B769BB 		.ascii	"\264\267i\273E\027\371\210r\315\325R\204\0009\307\340"
  74      4517F988 
  74      72CDD552 
  74      840039C7 
  74      E0
  75 0139 2D44C120 		.ascii	"-D\301 Da5C\020\211\317\342\000n\352\257\372\323+Dw"
  75      44613543 
  75      1089CFE2 
  75      006EEAAF 
  75      FAD32B44 
  76 014e 4A9D7EC9 		.ascii	"J\235~\311\343\253=\321U-u#f\244Y\340\004\021\006\300"
  76      E3AB3DD1 
  76      552D7523 
  76      66A459E0 
  76      041106C0 
  77 0162 44AFE0A4 		.ascii	"D\257\340\244gC?\370\001\034\260\2107\030\206h\244\353"
  77      67433FF8 
  77      011CB088 
  77      37188668 
  77      A4EB
  78 0174 5EAF2CEA 		.ascii	"^\257,\352\304tVp\323\227ag8\232\374\222\344YmKl\353"
  78      C4745670 
  78      D3976167 
  78      389AFC92 
  78      E4596D4B 
  79 018a FB2ED51B 		.ascii	"\373.\325\033\330q0\242\211F\344K\200\213\011f\277\315"
  79      D87130A2 
  79      8946E44B 
  79      808B0966 
  79      BFCD
  80 019c DF116F33 		.ascii	"\337\021o3\276g\262\241*@\346\227\272c\\\276ZO&\307"
  80      BE67B2A1 
  80      2A40E697 
  80      BA635CBE 
  80      5A4F26C7 
  81 01b0 47357C54 		.ascii	"G5|T\301\335\014\357\330hw\012\242\033\230\240\253q"
  81      C1DD0CEF 
  81      D868770A 
  81      A21B98A0 
  81      AB71
  82 01c2 A35D9405 		.ascii	"\243]\224\005\233\203\306W\375R\215\216\361\036\215"
  82      9B83C657 
  82      FD528D8E 
  82      F11E8D
  83 01d1 F728FC18 		.ascii	"\367(\374\030\343\035\177\353\333A\374\315\371\341\205"
  83      E31D7FEB 
  83      DB41FCCD 
  83      F9E185
  84 01e0 819F7AA5 		.ascii	"\201\237z\245\000wB\273W-`\\\023\214+\002/\023\274\354"
  84      007742BB 
ARM GAS  C:\Users\mvshv\AppData\Local\Temp\ccNk7cvX.s 			page 6


  84      572D605C 
  84      138C2B02 
  84      2F13BCEC 
  85 01f4 6DFD1A2C 		.ascii	"m\375\032,>\343\177\337\247\252\373Ge\336\373\336\270"
  85      3EE37FDF 
  85      A7AAFB47 
  85      65DEFBDE 
  85      B8
  86 0205 A59E3FA1 		.ascii	"\245\236?\241\341\023\012>\311\360\326'\017\372Dq\231"
  86      E1130A3E 
  86      C9F0D627 
  86      0FFA4471 
  86      99
  87 0216 E32BEEF5 		.ascii	"\343+\356\365e\345\005\254/\234\2737\255\236?\245\011"
  87      65E505AC 
  87      2F9CBB37 
  87      AD9E3FA5 
  87      09
  88 0227 A614818F 		.ascii	"\246\024\201\217\011>\324\364u\210\374C\010\300\351"
  88      093ED4F4 
  88      7588FC43 
  88      08C0E9
  89 0236 AFB9B6A5 		.ascii	"\257\271\266\2450\376!\030q\372tk\2635,\264A\222\356"
  89      30FE2118 
  89      71FA746B 
  89      B3352CB4 
  89      4192EE
  90 0249 4A9DD552 		.ascii	"J\235\325R\360E&\233\306/\341\035\373\022f \224\251"
  90      F045269B 
  90      C62FE11D 
  90      FB126620 
  90      94A9
  91 025b 68AF2FCC 		.ascii	"h\257/\314\265\245\026\027\225G\231Lf\365Wb7\343\262"
  91      B5A51617 
  91      9547994C 
  91      66F55762 
  91      37E3B2
  92 026e D95E964F 		.ascii	"\331^\226O{S~PJ\372\025cRl,9\376\277,\022h/\247\252"
  92      7B537E50 
  92      4AFA1563 
  92      526C2C39 
  92      FEBF2C12 
  93 0286 93FB2415 		.ascii	"\223\373$\025\025\347\333*\254\005tl\261\227\233\012"
  93      15E7DB2A 
  93      AC05746C 
  93      B1979B0A 
  94 0296 49705E49 		.ascii	"Ip^In\231\225\246\237\335'\235m\332\315Y\331\226\254"
  94      6E9995A6 
  94      9FDD279D 
  94      6DDACD59 
  94      D996AC
  95 02a9 EC4BF171 		.ascii	"\354K\361q\027\316$\234N\261$\247f%e\\=\177\371:\337"
  95      17CE249C 
  95      4EB124A7 
  95      6625655C 
  95      3D7FF93A 
  96 02be 4689DE6E 		.ascii	"F\211\336n\255\240\212\230\203N,(+\302\256\302\236G"
ARM GAS  C:\Users\mvshv\AppData\Local\Temp\ccNk7cvX.s 			page 7


  96      ADA08A98 
  96      834E2C28 
  96      2BC2AEC2 
  96      9E47
  97 02d0 21EC2874 		.ascii	"!\354(t\352\000\210g\037\262\224\342\330f\263Z\212\220"
  97      EA008867 
  97      1FB294E2 
  97      D866B35A 
  97      8A90
  98 02e2 49DC8729 		.ascii	"I\334\207)-)+\247\245b\235\346\264\264dsJfj\306\315"
  98      2D292BA7 
  98      A5629DE6 
  98      B4B46473 
  98      4A666AC6 
  99 02f7 38A69051 		.ascii	"8\246\220Q\324\204\026\356\260\304\037`\221\357\\Yi"
  99      D48416EE 
  99      B0C41F60 
  99      91EF5C59 
  99      69
 100 0308 2E5405FF 		.ascii	".T\005\377\000\365u\203\266"
 100      00F57583 
 100      B6
 101              		.text
 102              		.section	.gnu.lto_.symtab.fb6a34d9,"",%progbits
 103 0000 68616C49 		.ascii	"halInit\000"
 103      6E697400 
 104 0008 00       		.ascii	"\000"
 105 0009 00       		.ascii	"\000"
 106 000a 00       		.ascii	"\000"
 107 000b 00000000 		.ascii	"\000\000\000\000\000\000\000\000"
 107      00000000 
 108 0013 BB000000 		.ascii	"\273\000\000\000"
 109 0017 7374496E 		.ascii	"stInit\000"
 109      697400
 110 001e 00       		.ascii	"\000"
 111 001f 02       		.ascii	"\002"
 112 0020 00       		.ascii	"\000"
 113 0021 00000000 		.ascii	"\000\000\000\000\000\000\000\000"
 113      00000000 
 114 0029 BD000000 		.ascii	"\275\000\000\000"
 115 002d 626F6172 		.ascii	"boardInit\000"
 115      64496E69 
 115      7400
 116 0037 00       		.ascii	"\000"
 117 0038 02       		.ascii	"\002"
 118 0039 00       		.ascii	"\000"
 119 003a 00000000 		.ascii	"\000\000\000\000\000\000\000\000"
 119      00000000 
 120 0042 BF000000 		.ascii	"\277\000\000\000"
 121 0046 73647549 		.ascii	"sduInit\000"
 121      6E697400 
 122 004e 00       		.ascii	"\000"
 123 004f 02       		.ascii	"\002"
 124 0050 00       		.ascii	"\000"
 125 0051 00000000 		.ascii	"\000\000\000\000\000\000\000\000"
 125      00000000 
 126 0059 C1000000 		.ascii	"\301\000\000\000"
ARM GAS  C:\Users\mvshv\AppData\Local\Temp\ccNk7cvX.s 			page 8


 127 005d 75736249 		.ascii	"usbInit\000"
 127      6E697400 
 128 0065 00       		.ascii	"\000"
 129 0066 02       		.ascii	"\002"
 130 0067 00       		.ascii	"\000"
 131 0068 00000000 		.ascii	"\000\000\000\000\000\000\000\000"
 131      00000000 
 132 0070 C3000000 		.ascii	"\303\000\000\000"
 133 0074 5F70616C 		.ascii	"_pal_lld_init\000"
 133      5F6C6C64 
 133      5F696E69 
 133      7400
 134 0082 00       		.ascii	"\000"
 135 0083 02       		.ascii	"\002"
 136 0084 00       		.ascii	"\000"
 137 0085 00000000 		.ascii	"\000\000\000\000\000\000\000\000"
 137      00000000 
 138 008d C5000000 		.ascii	"\305\000\000\000"
 139 0091 68616C5F 		.ascii	"hal_lld_init\000"
 139      6C6C645F 
 139      696E6974 
 139      00
 140 009e 00       		.ascii	"\000"
 141 009f 02       		.ascii	"\002"
 142 00a0 00       		.ascii	"\000"
 143 00a1 00000000 		.ascii	"\000\000\000\000\000\000\000\000"
 143      00000000 
 144 00a9 C7000000 		.ascii	"\307\000\000\000"
 145              		.text
 146              		.section	.gnu.lto_.opts,"",%progbits
 147 0000 272D666D 		.ascii	"'-fmath-errno' '-fsigned-zeros' '-ftrapping-math' '"
 147      6174682D 
 147      6572726E 
 147      6F272027 
 147      2D667369 
 148 0033 2D666E6F 		.ascii	"-fno-trapv' '-fno-openmp' '-fno-openacc' '-mcpu=cor"
 148      2D747261 
 148      70762720 
 148      272D666E 
 148      6F2D6F70 
 149 0066 7465782D 		.ascii	"tex-m7' '-mno-thumb-interwork' '-mthumb' '-O2' '-fo"
 149      6D372720 
 149      272D6D6E 
 149      6F2D7468 
 149      756D622D 
 150 0099 6D69742D 		.ascii	"mit-frame-pointer' '-falign-functions=16' '-ffuncti"
 150      6672616D 
 150      652D706F 
 150      696E7465 
 150      72272027 
 151 00cc 6F6E2D73 		.ascii	"on-sections' '-fdata-sections' '-fno-common' '-flto"
 151      65637469 
 151      6F6E7327 
 151      20272D66 
 151      64617461 
 152 00ff 2700     		.ascii	"'\000"
 153              		.text
ARM GAS  C:\Users\mvshv\AppData\Local\Temp\ccNk7cvX.s 			page 9


 154              		.comm	__gnu_lto_v1,1,1
 155              		.comm	__gnu_lto_slim,1,1
 156              		.ident	"GCC: (GNU Tools for Arm Embedded Processors 7-2017-q4-major) 7.2.1 20170904 (release) [ARM
ARM GAS  C:\Users\mvshv\AppData\Local\Temp\ccNk7cvX.s 			page 10


DEFINED SYMBOLS
                            *ABS*:00000000 hal.c
                            *COM*:00000001 __gnu_lto_v1
                            *COM*:00000001 __gnu_lto_slim

NO UNDEFINED SYMBOLS
