ARM GAS  C:\Users\mvshv\AppData\Local\Temp\ccNoTZdY.s 			page 1


   1              		.cpu cortex-m7
   2              		.eabi_attribute 20, 1
   3              		.eabi_attribute 21, 1
   4              		.eabi_attribute 23, 3
   5              		.eabi_attribute 24, 1
   6              		.eabi_attribute 25, 1
   7              		.eabi_attribute 26, 1
   8              		.eabi_attribute 30, 2
   9              		.eabi_attribute 34, 1
  10              		.eabi_attribute 18, 4
  11              		.file	"hal_st.c"
  12              		.section	.gnu.lto_.profile.fb6a18f2,"",%progbits
  13 0000 789C6363 		.ascii	"x\234cc```\001bF\006w9\000\001$\000q"
  13      60606001 
  13      62460677 
  13      39000124 
  13      0071
  14              		.text
  15              		.section	.gnu.lto_.icf.fb6a18f2,"",%progbits
  16 0000 789C6363 		.ascii	"x\234cc``0b@\000\016\206\177\353\367Mdc\374\335\266"
  16      60603062 
  16      40000E86 
  16      7FEBF74D 
  16      6463FCDD 
  17 0015 7A0227D3 		.ascii	"z\002'\323\341w\227n23\277\352=\332\301\315rr\322\252"
  17      E177976E 
  17      3233BFEA 
  17      3DDAC1CD 
  17      7272D2AA 
  18 0029 378CACDF 		.ascii	"7\214\254\337\347\034\335\312\310\366\365\307\233F\036"
  18      E71CDDCA 
  18      C8F6F5C7 
  18      9B461E
  19 0038 F6ADBBBE 		.ascii	"\366\255\273\276t\3603\000\000y\262\030\262"
  19      74F03300 
  19      0079B218 
  19      B2
  20              		.text
  21              		.section	.gnu.lto_.jmpfuncs.fb6a18f2,"",%progbits
  22 0000 789C6363 		.ascii	"x\234cc``\270\300\200\000\254 \202\021\010\352\3470"
  22      6060B8C0 
  22      8000AC20 
  22      821108EA 
  22      E730
  23 0012 3330314E 		.ascii	"301Nafl\376\265\3773_\375\337\006\2119\314\214\013\230"
  23      61666CFE 
  23      B5FF335F 
  23      FDDF0689 
  23      39CC8C0B 
  24 0027 41B29B19 		.ascii	"A\262\233\031\353\031\030\017\26002\000\361\237\377"
  24      EB19180F 
  24      B0303200 
  24      F19FFF
  25 0036 FFFFF333 		.ascii	"\377\377\36332\001\325Mk=t\236\275\233\031\250\212\221"
  25      3201D54D 
  25      6B3D749E 
  25      BD9B19A8 
ARM GAS  C:\Users\mvshv\AppData\Local\Temp\ccNoTZdY.s 			page 2


  25      8A91
  26 0048 81710BA3 		.ascii	"\201q\013\243\014\010\003\225\263\3400\213i\0013#\320"
  26      0C080395 
  26      B3E0308B 
  26      69013323 
  26      D0
  27 0059 ACADF8CD 		.ascii	"\254\255\370\315b\002\232\265\015h\026\020\2631`3\203"
  27      62029AB5 
  27      0D681610 
  27      B3316033 
  27      83
  28 006a 0968C676 		.ascii	"\011h\306vL3`\232\030\000\3327;\013"
  28      4C33609A 
  28      1800DA37 
  28      3B0B
  29              		.text
  30              		.section	.gnu.lto_.inline.fb6a18f2,"",%progbits
  31 0000 789C6363 		.ascii	"x\234cc``(g@\000V\006\006\026\036F\006& \223m\201<\210"
  31      60602867 
  31      40005606 
  31      06161E46 
  31      06262093 
  32 0018 6260E402 		.ascii	"b`\344\002\021\014<\274@a\276\015\271pq&n\22003\003"
  32      110C3CBC 
  32      4061BE0D 
  32      B9707126 
  32      6E903033 
  33 002d 0B335082 		.ascii	"\0133P\202\351\002?\\\202\205\201\213\033(\3045\301"
  33      E9023F5C 
  33      8285818B 
  33      1B28C435 
  33      C1
  34 003e 0F4D2D1B 		.ascii	"\017M-\033.\011\006\000'\274\010\356"
  34      2E090600 
  34      27BC08EE 
  35              		.text
  36              		.section	.gnu.lto_.pureconst.fb6a18f2,"",%progbits
  37 0000 789C6363 		.ascii	"x\234cc``\340\006bV\006\011F)f)\026)6)\000\004\017\000"
  37      6060E006 
  37      62560609 
  37      46296629 
  37      16293629 
  38 0018 A5       		.ascii	"\245"
  39              		.text
  40              		.section	.gnu.lto_stInit.fb6a18f2,"",%progbits
  41 0000 789C6363 		.ascii	"x\234cc``X\001\304J@,\015\304\214\314\014\214L\023\316"
  41      60605801 
  41      C44A402C 
  41      0DC48CCC 
  41      0C8C4C13 
  42 0015 31303472 		.ascii	"104r012\202\030\015\034\214\014\365L\214\365\214=\314"
  42      30313282 
  42      180D1C8C 
  42      0CF54C8C 
  42      F58C3DCC 
  43 0029 5398190F 		.ascii	"S\230\031\017\265?\333\311\244\271\274\001\010\016L"
  43      B53FDBC9 
ARM GAS  C:\Users\mvshv\AppData\Local\Temp\ccNoTZdY.s 			page 3


  43      A4B9BC01 
  43      080E4C
  44 0038 FF21D9B0 		.ascii	"\377!\331\260\342\000\343\034f\006\206i@\014\002\214"
  44      E200E31C 
  44      66068669 
  44      400C028C 
  45 0048 9B193519 		.ascii	"\233\0315\031\200\312\036m\3747\225\227\215\005\"\316"
  45      80CA1E6D 
  45      FC379597 
  45      8D0522CE 
  46 0058 B885918D 		.ascii	"\270\205\221\215\201\021\310X\177\211\365@\303\277\377"
  46      8111C858 
  46      7F89F540 
  46      C3BFFF
  47 0067 ED0D07EE 		.ascii	"\355\015\007\356,b\374\317\012\224\353\000b\240%\015"
  47      2C62FCCF 
  47      0A94EB00 
  47      62A0250D 
  48 0077 07183A99 		.ascii	"\007\030:\231\231@\254\346\003\014o\030\233\027\374"
  48      9940ACE6 
  48      030C6F18 
  48      9B17FC
  49 0086 96066B02 		.ascii	"\226\006k\002\232\264s\347\233\333\354\365\177\0338"
  49      9AB473E7 
  49      9BDBECF5 
  49      7F1B38
  50 0095 E630334E 		.ascii	"\34603Nc\006\232\302\270\225\261\236a\016P\365;\306"
  50      63069AC2 
  50      B895B19E 
  50      610E50F5 
  50      3BC6
  51 00a7 A605FFB9 		.ascii	"\246\005\377\271\301\352@\240\003(\0114\200\211\201"
  51      C1EA40A0 
  51      03280934 
  51      808981
  52 00b6 41414F4F 		.ascii	"AAOO\037\216\362\213\3653\022s\364\213\213\222At|q\211"
  52      1F8EF28B 
  52      F5331273 
  52      F48B8B92 
  52      41747C71 
  53 00cb 5E320300 		.ascii	"^2\003\000\313\256Cx"
  53      CBAE4378 
  54              		.text
  55              		.section	.gnu.lto_stStartAlarm.fb6a18f2,"",%progbits
  56 0000 789C9552 		.ascii	"x\234\225RKL\023Q\024}w\336t\372\341g\342B\027]4QBp"
  56      4B4C1351 
  56      147D77DE 
  56      74FAE167 
  56      E242175D 
  57 0018 D149D118 		.ascii	"\321I\321\030W\256\214\211\011\254dO\0005\230`0\224"
  57      57AE8C89 
  57      09AC644F 
  57      00359860 
  57      3094
  58 002a B8B48F7E 		.ascii	"\270\264\217~\370\010F\027R\264\031\265\021\010bB@\360"
  58      F8084617 
  58      52B419B5 
ARM GAS  C:\Users\mvshv\AppData\Local\Temp\ccNoTZdY.s 			page 4


  58      11086242 
  58      40F0
  59 003c 43B1C858 		.ascii	"C\261\310X>~\020(\2700\246.\210\304JL\375\223\220\372"
  59      3E7E1028 
  59      B830A62E 
  59      88C44A4C 
  59      FD9390FA 
  60 0050 01EF7B53 		.ascii	"\001\357{S\010\032\027\370\322y3\357\365\334s\357\271"
  60      081A17F8 
  60      D27933EF 
  60      F5DC73EF 
  60      B9
  61 0061 E72A8490 		.ascii	"\347*\204\220\"\231\220\023\370\336\207\017\230\010"
  61      22999013 
  61      F8DE870F 
  61      9808
  62 006f 48176708 		.ascii	"H\027g\010\251\267H\022\215\333\011\263\311\272\213"
  62      A9B74812 
  62      8DDB09B3 
  62      C9BA8B
  63 007e B06C0AB2 		.ascii	"\260l\012\262q-\003\360\017f\001\342\221\250\014\036"
  63      712D03F0 
  63      0F6601E2 
  63      91A80C1E 
  64 008e 68A59728 		.ascii	"h\245\227(\304\032\223\021\251\260\233\341\322\333\207"
  64      C41A9311 
  64      A9B09BE1 
  64      D2DB87
  65 009d 940616D8 		.ascii	"\224\006\026\330\251QB\202\370\360\005\203P\210\250"
  65      A9514282 
  65      F8F00583 
  65      5088A8
  66 00ac 397FBF46 		.ascii	"9\177\277F[\250F\001d<~\231\016-\346\362\243\004\016"
  66      5BA84601 
  66      643C7E99 
  66      0E2DE6F2 
  66      A3040E
  67 00bf 3CFEB8D5 		.ascii	"<\376\270\325\377:\217\356\002\202\3377z/t)\005]\214"
  67      FF3A8FEE 
  67      0282DF37 
  67      7A2F7429 
  67      055D8C
  68 00d2 79999EEA 		.ascii	"y\231\236\352\240l\267F)\334\003\212\204p\027\354p\007"
  68      A06CB746 
  68      29DC038A 
  68      847017EC 
  68      7007
  69 00e4 EC04AF08 		.ascii	"\354\004\257\010\334\207\002\216\177s{\265-G\221\303"
  69      DC87028E 
  69      7F737BB5 
  69      2D4791C3 
  70 00f4 EB396108 		.ascii	"\3539a\010\024\002\370\306\233\276y\223\316V\327\032"
  70      1402F8C6 
  70      9BBE7993 
  70      CE56D71A 
  71 0104 99BEDC09 		.ascii	"\231\276\334\011/\016\333P\002F\2310^V\370FH\023\206"
  71      2F0EDB50 
ARM GAS  C:\Users\mvshv\AppData\Local\Temp\ccNoTZdY.s 			page 5


  71      02469930 
  71      5E56F846 
  71      481386
  72 0117 A02AA693 		.ascii	"\240*\246\223f*\361/\237N\336Cl8\235X\326\016n\260\373"
  72      662AF12F 
  72      9F4EDE43 
  72      6C389D58 
  72      D60E6EB0 
  73 012c 0D755185 		.ascii	"\015uQ\205\012\372 \205M\231\011D@\201a\236\025\267"
  73      0AFA2085 
  73      4D990944 
  73      4081619E 
  73      15B7
  74 013e 1035E15F 		.ascii	"\0205\341_\301@l\326\314\365\231\004r\246w\345\263\315"
  74      C1406CD6 
  74      CCF59904 
  74      72A677E5 
  74      B3CD
  75 0150 387226DE 		.ascii	"8r&\336\201\360\325w\3260\\\003\215*\020EY\017P\026"
  75      81F0D577 
  75      D6305C03 
  75      8D2A1045 
  75      590F5016 
  76 0164 873626A7 		.ascii	"\2076&\247\342\271j/\363\327\263\205O\363\333\027\315"
  76      E2B96A2F 
  76      F3D7B385 
  76      4FF3DB17 
  76      CD
  77 0175 1A35C308 		.ascii	"\0325\303\010\204\241\015+\345\231\010<\004\025k\364"
  77      84A10D2B 
  77      E599083C 
  77      04156BF4 
  78 0185 FD6C7865 		.ascii	"\375lxe52f\222N\254\255\350y<\213\014\022\214\"\337"
  78      35326692 
  78      4EACADE8 
  78      793C8B0C 
  78      128C22DF 
  79 0199 5BF027C6 		.ascii	"[\360'\306\332\243\223\300\213F\030b\372R\221t\216\201"
  79      DAA393C0 
  79      8B461862 
  79      FA529174 
  79      8E81
  80 01ab 21A0F39C 		.ascii	"!\240\363\234\270\232\261\235q;*O\201\337!\372\207\310"
  80      B89AB19D 
  80      713B2A4F 
  80      81DF21FA 
  80      87C8
  81 01bd 48249530 		.ascii	"H$\2250{~1\213F-A\354\015\201G\340!\233\265Y\2056\337"
  81      7B7E318B 
  81      462D41EC 
  81      0D8147E0 
  81      219BB559 
  82 01d4 F7D16FB9 		.ascii	"\367\321o\271\210C\327\255\334\004~\227\236\373\320"
  82      8843D7AD 
  82      DC047E97 
  82      9EFBD0
  83 01e3 9485EAEA 		.ascii	"\224\205\352\352\267i\324\006c8*\261\214<_\347`\000"
ARM GAS  C:\Users\mvshv\AppData\Local\Temp\ccNoTZdY.s 			page 6


  83      B769D406 
  83      63382AB1 
  83      8C3C5FE7 
  83      6000
  84 01f5 107D9931 		.ascii	"\020}\2311\007g\030Ge\206c\023\340\321h\226\250F\316"
  84      07671847 
  84      65866313 
  84      E0D16896 
  84      A846CE
  85 0208 18910489 		.ascii	"\030\221\004\211\3074\353\347\306m\264Bd{\331\342_2"
  85      C734EBE7 
  85      C66DB442 
  85      647BD9E2 
  85      5F32
  86 021a E77788E9 		.ascii	"\347w\210\351H^\311\0161\335\357\340\0032\371\347\200"
  86      485EC90E 
  86      31DDEFE0 
  86      0332F9E7 
  86      80
  87 022b 88C97B0C 		.ascii	"\210\311{\014\371!\344B;C\351D\252\355\300\337v\306"
  87      F921E442 
  87      3B43E944 
  87      AAEDC0DF 
  87      76C6
  88 023d 15CA3119 		.ascii	"\025\3121\031K\351\037\226>AK\237\362\262p\333\252["
  88      4BE91F96 
  88      3E414B9F 
  88      F2B270DB 
  88      AA5B
  89 024f 033BBE62 		.ascii	"\003;\276bW\262\341\231p\013\004\011\007\351\255\336"
  89      57B2E199 
  89      700B0409 
  89      07E9ADDE 
  90 025f 1EB3AB8F 		.ascii	"\036\263\253\217\203\302\003\300\375\234\002\025\366"
  90      83C203C0 
  90      FD9C0215 
  90      F6
  91 026c 208340C0 		.ascii	" \203@\300spe\352\\^\212\006r\267\2362|\226\223M\213"
  91      737065EA 
  91      5C5E8A06 
  91      72B79E32 
  91      7C96934D 
  92 0281 7452866C 		.ascii	"tR\206l\006\324\315\036\231\261\214Y\214\024\344#\377"
  92      06D4CD1E 
  92      99B18C59 
  92      8C14E423 
  92      FF
  93 0292 4F1E5F9F 		.ascii	"O\036_\237<A>'\310\243\327[{l\006\271\004\363\030\231"
  93      3C413E27 
  93      C8A3D75B 
  93      7B6C06B9 
  93      04F31899 
  94 02a6 04EF42CB 		.ascii	"\004\357B\313\315J\336G\321P\362\021\274\341\356\363"
  94      CD4ADE47 
  94      D150F211 
  94      BCE1EEF3 
  95 02b6 86B17C35 		.ascii	"\206\261|5a7\320R\034\"\207\323\251n\374j\334jUy\265"
ARM GAS  C:\Users\mvshv\AppData\Local\Temp\ccNoTZdY.s 			page 7


  95      6137D052 
  95      1C2287D3 
  95      A96EFC6A 
  95      DC6A5579 
  96 02cb EAAEADE4 		.ascii	"\352\256\255\344\3572w\235\263\222\230\313+\334u'O\035"
  96      EF32779D 
  96      B39298CB 
  96      2BDC7527 
  96      4F1D
  97 02dd DFFF0FE0 		.ascii	"\337\377\017\340\351\232\332:\267z\264\264do\221Z\\"
  97      E99ADA3A 
  97      B77AB4B4 
  97      646F915A 
  97      5C
  98 02ee 7C482D3D 		.ascii	"|H-=Rr\306\225\011-\253\256>\346\254\"2\217\375\015"
  98      5272C695 
  98      092DABAE 
  98      3EE6AC22 
  98      328FFD0D 
  99 0302 0DA47B62 		.ascii	"\015\244{b"
 100              		.text
 101              		.section	.gnu.lto_stStopAlarm.fb6a18f2,"",%progbits
 102 0000 789C6D4F 		.ascii	"x\234mO=KBa\024>\317}\355fA\315E\016A\223\313\275T\324"
 102      3D4B4261 
 102      143ECF7D 
 102      ED6641CD 
 102      450E4193 
 103 0018 2F8820D0 		.ascii	"/\210 \320)\227&\011\033\034\004\303+\255\276\226\246"
 103      29972609 
 103      1B1C04C3 
 103      2BADBE96 
 103      A6
 104 0029 614343DA 		.ascii	"aCC\332b!44\211D\237\366\001\027i\023,\372\005\322`"
 104      62213434 
 104      89449FF6 
 104      01176913 
 104      2CFA05D2 
 105 003e D0102142 		.ascii	"\320\020!BB`\235WC\032:\274\347\343=\3479\3479G'\242"
 105      42609D57 
 105      431A3ABC 
 105      E7E33DE7 
 105      39E73947 
 106 0054 3910ADB0 		.ascii	"9\020\255\260\237`\205 h{5\242\270S\003T \235\240\230"
 106      9F608520 
 106      687B35A2 
 106      B8530354 
 106      209DA098 
 107 0068 861876C5 		.ascii	"\206\030v\305\276@%\325(k\356\023\311b\037\264\364m"
 107      BE4025D5 
 107      286BEE13 
 107      C9621FB4 
 107      F46D
 108 007a 991CCB0B 		.ascii	"\231\034\313\013\242\034\253\022\234\301M\014{9\355"
 108      A21CAB12 
 108      9CC14D0C 
 108      7B39ED
 109 0089 64477447 		.ascii	"dGtG/\217s\350\304\034Tz\036\260e\347;%\355\207c|-r"
ARM GAS  C:\Users\mvshv\AppData\Local\Temp\ccNoTZdY.s 			page 8


 109      2F8F73E8 
 109      C41C547A 
 109      1EB065E7 
 109      3B25ED87 
 110 00a1 2DCDCA24 		.ascii	"-\315\312$\322\246\035\241\251h\313\2467TZ\355\352]"
 110      D2A61DA1 
 110      A968CBA6 
 110      37545AED 
 110      EA5D
 111 00b3 CEE8CF49 		.ascii	"\316\350\317I\364\350\332\272\350\316\312\011\374\345"
 111      F4E8DABA 
 111      E8CECA09 
 111      FCE5
 112 00c1 C005745C 		.ascii	"\300\005t\\*\0126\234\317%+\217\203\031\221\027\350"
 112      2A0A369C 
 112      CF252B8F 
 112      83199117 
 112      E8
 113 00d2 C26AC5CF 		.ascii	"\302j\305\317\217\341\336W\215qp\252p\370:T\300\021"
 113      8FE1DE57 
 113      8D7170AA 
 113      70F83A54 
 113      C011
 114 00e4 F242C335 		.ascii	"\362B\3035\\\270\202\213\0244\325\250>\215\232E\231"
 114      5CB8828B 
 114      1434D5A8 
 114      3E8D9A45 
 114      99
 115 00f5 88CB7AA9 		.ascii	"\210\313z\2519\336\344&\2012\012\310\362\232\212\206"
 115      39DEE426 
 115      81320AC8 
 115      F29A8A86 
 116 0105 7003F32F 		.ascii	"p\003\363/\005o\202[\356~\307f=s?\325\275TI\232\013"
 116      056F825B 
 116      EE7EC766 
 116      3D733FD5 
 116      BD54499A 
 117 011a 7C8D4634 		.ascii	"|\215F4i\030f\377\205-3\270\0322\255H@y\277\0255\002"
 117      691866FF 
 117      852D33B8 
 117      1A32AD48 
 117      4079BF15 
 118 0130 34FF0F60 		.ascii	"4\377\017`=\034\211Z\346\262\317;;cz<\013\246o\311\273"
 118      3D1C895A 
 118      E6B2CF3B 
 118      3B637A3C 
 118      0BA66FC9 
 119 0145 31FDDBE2 		.ascii	"1\375\333\342\017\205\326\214 \375\000\351\353\202\275"
 119      0F85D68C 
 119      20FD00E9 
 119      EB82BD
 120              		.text
 121              		.section	.gnu.lto_stSetAlarm.fb6a18f2,"",%progbits
 122 0000 789C8D52 		.ascii	"x\234\215RKHTQ\030>\337=w\346\316\214\257\240M\213\011"
 122      4B485451 
 122      183EDF3D 
 122      77E6CE8C 
ARM GAS  C:\Users\mvshv\AppData\Local\Temp\ccNoTZdY.s 			page 9


 122      AFA04D8B 
 123 0015 064AC416 		.ascii	"\006J\304\026s\261\"Z\265\012\"\320U\356E\25500\014"
 123      73B1225A 
 123      B50A22D0 
 123      55EE45AD 
 123      30300C
 124 0028 47A2DD1C 		.ascii	"G\242\335\034g\306WJ\265\3101\206k\014\251D\221hj\345"
 124      67C6574A 
 124      B5C83186 
 124      6B0CA944 
 124      91686AE5 
 125 003c 68E56D7C 		.ascii	"h\345m|\3654u\023\245\013\311\232\"\354\035\310\364"
 125      F5347513 
 125      A50BC99A 
 125      22EC1DC8 
 125      F4
 126 004d D0FE7367 		.ascii	"\320\376sg\022\215\026\035\346\236\327|\377\367\377"
 126      128D161D 
 126      E69ED77C 
 126      FFF7FF
 127 005c DFFF1D3B 		.ascii	"\337\377\035;c\354\024g\354(\255\273\351\203\215A97"
 127      63EC1467 
 127      EC28ADBB 
 127      E9838D41 
 127      3937
 128 006e C558AD43 		.ascii	"\305X\255CQ\370\264\233\011\227j\0260\221\311\241\246"
 128      51F8B49B 
 128      09976A16 
 128      3091C9A1 
 128      A6
 129 007f AE55406E 		.ascii	"\256U@n\204\003\314\257p\025~\264\360\363\034\361\206"
 129      8403CCAF 
 129      70157EB4 
 129      F0F31CF1 
 129      86
 130 0090 444CC9BF 		.ascii	"DL\311\277,h\230m\275Z\275\250\333b\020o\230>9\320\217"
 130      2C68986D 
 130      BD5ABDA8 
 130      DB62106F 
 130      983E39D0 
 131 00a5 7C42CD84 		.ascii	"|B\315\204z\015\336\314\015\016\250t\374\374$\262\230"
 131      7A0DDECC 
 131      0D0EA874 
 131      FCFC24B2 
 131      98
 132 00b6 2D8F0A3C 		.ascii	"-\217\012<t\374q\265w>\207o\003\243\375\245\356\263"
 132      74FC71B5 
 132      773E876F 
 132      03A3FDA5 
 132      EEB3
 133 00c8 5DF6BC2E 		.ascii	"]\366\274.!\002\302\234\357\340b\273\3019n\202\023!"
 133      2102C29C 
 133      EFE062BB 
 133      C1396E82 
 133      1321
 134 00da 6EC08D01 		.ascii	"n\300\215\001\270\031]1\334B\236\304\277\274\276\322"
 134      B8195D31 
ARM GAS  C:\Users\mvshv\AppData\Local\Temp\ccNoTZdY.s 			page 10


 134      DC429EC4 
 134      BFBCBED2 
 135 00ea 9A6557A3 		.ascii	"\232eW\243\177rb\020v\006Z\351\246g\326f\212\225\325"
 135      7F726210 
 135      76065AE9 
 135      A667D666 
 135      8A95D5
 136 00fd 0661BEEA 		.ascii	"\006a\276\352\304\360\001)\201\242l\024\257\332\345"
 136      C4F00129 
 136      81A26C14 
 136      AFDAE5
 137 010c C4582385 		.ascii	"\304X#\205\220*a\262&\256\310]\320d\357\020\037J\316"
 137      902A61B2 
 137      26AEC85D 
 137      D064EF10 
 137      1F4ACE
 138 011f 7D33F6AD 		.ascii	"}3\366\255\261\207R\352\0064n\321\2079\326ef\210\301"
 138      B18752EA 
 138      06346ED1 
 138      8739D665 
 138      6688C1
 139 0132 8E219995 		.ascii	"\216!\231\225\246\010\267\321_\341\272\370SM\352\263"
 139      A608B7D1 
 139      5FE1BAF8 
 139      534DEAB3 
 140 0142 59C8A9EE 		.ascii	"Y\310\251\356\345O\256\324Q2\311\016D\333\3378\243\270"
 140      E54FAED4 
 140      5132C90E 
 140      44DBDF38 
 140      A3B8
 141 0154 0883DB71 		.ascii	"\010\203\333q\233d\015\223,\011mH<\232\316\326\273E"
 141      9B640D93 
 141      2C096D48 
 141      3C9ACED6 
 141      BB45
 142 0166 A8562C7C 		.ascii	"\250V,|\234\335\274\250\031\\\303\035D\321J\225\312"
 142      9CDDBCA8 
 142      195CC31D 
 142      44D14A95 
 142      CA
 143 0177 4C0C77A1 		.ascii	"L\014w\241S\215\301\237\365\317\235\251\214\351\244"
 143      538DC19F 
 143      F5CF9DA9 
 143      8CE9A4
 144 0186 E3ABCB66 		.ascii	"\343\253\313f\216\314\242B\301\010\361\275F\350\305"
 144      8ECCA242 
 144      C108F1BD 
 144      46E8C5
 145 0195 68DBC024 		.ascii	"h\333\300$d\321\004#L\317R,\231\225\3020\2302'\215&"
 145      64D10423 
 145      4CCF522C 
 145      9995C230 
 145      9832278D 
 146 01aa 6AE7B49B 		.ascii	"j\347\264\233\224/!\344\261\372G\310XliN\363\377\022"
 146      942F21E4 
 146      B1FA47C8 
 146      586C694E 
ARM GAS  C:\Users\mvshv\AppData\Local\Temp\ccNoTZdY.s 			page 11


 146      F3FF12
 147 01bd 0E833BC2 		.ascii	"\016\203;\302\324\033\206{\360\263\365\332\234\226\266"
 147      D41B867B 
 147      F0B3F5DA 
 147      9C96B6
 148 01cc E0F791AF 		.ascii	"\340\367\221\257\331\204#\327\235\322\004y\227\234y"
 148      D98423D7 
 148      9DD20479 
 148      979C79
 149 01db DF9841EA 		.ascii	"\337\230A\352j7\031\334\205Qz*\361\264\274`g\177\035"
 149      6A3719DC 
 149      85517A2A 
 149      F1B4BC60 
 149      677F1D
 150 01ee 087D4108 		.ascii	"\010}A\010\217d\030#e)\307\306\3417x\206U\215\2326\""
 150      8F641823 
 150      6529C7C6 
 150      E1377886 
 150      558D9A36 
 151 0203 0145C634 		.ascii	"\001E\3064\231\247\307\\\274\314\312\366\2549\364V\313"
 151      99A7C75C 
 151      BCCCCAF6 
 151      AC39F456 
 151      CB
 152 0214 EDB05EC7 		.ascii	"\355\260^\307D{fD\230!\217| \023\033\037\210\365\362"
 152      447B6644 
 152      98218F7C 
 152      20131B1F 
 152      88F5F2
 153 0227 26911B21 		.ascii	"&\221\033!.\2623\222\234\273\326\266\367o;\0075.1iK"
 153      2EB23392 
 153      9CBBD6B6 
 153      F76F3B07 
 153      352E3169 
 154 023c F9064BEF 		.ascii	"\371\006K\357\223\245\017dY4\375\257[}[\277PW2\361\320"
 154      93A50F64 
 154      5934FDAF 
 154      5B7D5BBF 
 154      505732F1 
 155 0251 720B1689 		.ascii	"r\013\026\211\004\231-\201+ZA\217\004E\373 \375|\004"
 155      04992D81 
 155      2B5A418F 
 155      0445FB20 
 155      FD7C04
 156 0264 1D3B88C1 		.ascii	"\035;\210\301B\3401\012d\235\011\004\026\232\347\313"
 156      42E0310A 
 156      649D0904 
 156      169AE7CB 
 157 0274 65355659 		.ascii	"e5VY\354\003\002\321\3453\251\366\310\321H\234\324\030"
 157      EC0302D1 
 157      E533A9F6 
 157      C8D1489C 
 157      D418
 158 0286 B2C2E3F5 		.ascii	"\262\302\343\365\352k\277*\237^QZ\251\373\252\313\345"
 158      EA6BBF2A 
 158      9F5E515A 
 158      A9FBAACB 
ARM GAS  C:\Users\mvshv\AppData\Local\Temp\ccNoTZdY.s 			page 12


 158      E5
 159 0297 5AE2ABF1 		.ascii	"Z\342\253\361\2263\255\264\314Ws\354\370\221=\377\000"
 159      9633ADB4 
 159      CC5773EC 
 159      F8913DFF 
 159      00
 160 02a8 9EA8AAAE 		.ascii	"\236\250\252\256\361\351\207\212\213v\355\324\013\013"
 160      F1E9878A 
 160      8B76EDD4 
 160      0B0B
 161 02b6 F7EBC507 		.ascii	"\367\353\305\007\213N\026\244CK*+\017{+\230*c\177\003"
 161      8B4E16A4 
 161      434B2A2B 
 161      0F7B2B98 
 161      2A637F03 
 162 02ca 508B4043 		.ascii	"P\213@C"
 163              		.text
 164              		.section	.gnu.lto_stGetAlarm.fb6a18f2,"",%progbits
 165 0000 789C8D52 		.ascii	"x\234\215RKL\023Q\024\275g\336t\246\345SM\334\030\323"
 165      4B4C1351 
 165      14BD67DE 
 165      74A6E553 
 165      4DDC18D3 
 166 0014 C46E71D1 		.ascii	"\304nq\321I\325\270tebL`%\033W\304\340\202\005\011\206"
 166      49D5B874 
 166      65624C60 
 166      251B57C4 
 166      E0820509 
 167 0029 12B77DA5 		.ascii	"\022\267}\245E \2600*\255\301\3214\321\304\270 \325"
 167      4520B030 
 167      2AADC1D1 
 167      34D1C4B8 
 167      20D5
 168 003b 503FAD0A 		.ascii	"P?\255\012#\0250!ba\247n\210\370IH%\250$XE\360\276\031"
 168      23153021 
 168      6261A76E 
 168      88F84948 
 168      25A82458 
 169 0053 82685C38 		.ascii	"\202h\\8\231\367\2717g\316\275\347\2361\210hI#:\305"
 169      99F7B937 
 169      67CEBDE7 
 169      9E318868 
 169      49233AC5 
 170 0067 E7615EF0 		.ascii	"\347a^\360\021\264\013\263D\011\277\246\211r\210d\215"
 170      11B40BB3 
 170      4409BFA6 
 170      89728864 
 170      8D
 171 0078 EE4449D6 		.ascii	"\356DI\326\011\350^Z\007\324E\372AqM\350\210cP\\\026"
 171      09E85E5A 
 171      07D445FA 
 171      41714DE8 
 171      8863505C 
 172 008d 984BDDB1 		.ascii	"\230K\335\261\305\200\260\005A\347\360\363\213\341\305"
 172      C580B005 
 172      41E7F0F3 
 172      8BE1C5
ARM GAS  C:\Users\mvshv\AppData\Local\Temp\ccNoTZdY.s 			page 13


 173 009c A00A8130 		.ascii	"\240\012\2010\207\225\345\251|]\303-)\273\245\223Y1"
 173      8795E5A9 
 173      7C5DC32D 
 173      29BBA593 
 173      5931
 174 00ae AFE6CB32 		.ascii	"\257\346\3132`\013\215\322\014\317#\204Q\204T\361{h"
 174      600B8DD2 
 174      0CCF2384 
 174      518454F1 
 174      7B68
 175 00c0 2046BFBD 		.ascii	" F\277\275\2731To\350YA\012\300\371\3730\010|r&7\357"
 175      BB31546F 
 175      E859410A 
 175      C0F9FB30 
 175      087C7226 
 176 00d6 73E4C666 		.ascii	"s\344\306f\257t\336\335\300\217\343\246N\266\020>\265"
 176      AF74DEDD 
 176      C08FE3A6 
 176      4EB6103E 
 176      B5
 177 00e7 196A23EA 		.ascii	"\031j#\352\343\305\015J\207\372\271\000\337\222\016"
 177      E3C50D4A 
 177      87FAB900 
 177      DF920E
 178 00f6 2D61A258 		.ascii	"-a\242X\235Y\265\217n\223\247$?Nf\325\024.{Z`Ga\302"
 178      9D59B58F 
 178      6E93A724 
 178      3F4E66D5 
 178      142E7B5A 
 179 010e 031878A8 		.ascii	"\003\030x\250\212\3626,\224\240t\317\304KS\011\322]"
 179      8AF2362C 
 179      94A074CF 
 179      C44B5309 
 179      D25D
 180 0120 E4ECC8DA 		.ascii	"\344\354\310\332J\215\027*&\205\310^\373\030\310\342"
 180      4A8D172A 
 180      2685C85E 
 180      FB18C8E2 
 181 0130 3A6CE143 		.ascii	":l\341C\2215\025\224&\316\367~\230)\007\255\021\231"
 181      91351594 
 181      26CEF77E 
 181      982907AD 
 181      1199
 182 0142 4AC885DC 		.ascii	"J\310\205\334\374\236E\323\026\006\036!\213!\356TU\""
 182      FC9E45D3 
 182      16061E21 
 182      8B21EE54 
 182      5522
 183 0154 3C86C53D 		.ascii	"<\206\305=&\327\317\277\012x\025}^\321\311\3155g\227"
 183      26D7CFBF 
 183      0A78157D 
 183      5ED1C9CD 
 183      356797
 184 0167 AA22A0E1 		.ascii	"\252\"\240\341\011\363\275G\352u)\263:\015\3254\303"
 184      09F3BD47 
 184      EA7529B3 
 184      3A0DD534 
ARM GAS  C:\Users\mvshv\AppData\Local\Temp\ccNoTZdY.s 			page 14


 184      C3
 185 0178 1893AB14 		.ascii	"\030\223\253\024\252\365\036\2060\346\316\221X\272\240"
 185      AAF51E86 
 185      30E6CE91 
 185      58BAA0
 186 0187 72889557 		.ascii	"r\210\225W\220\012\273\343cd\241Pyc\306\177J\277-\314"
 186      900ABBE3 
 186      6364A150 
 186      7963C67F 
 186      4ABF2DCC 
 187 019b 34CF8630 		.ascii	"4\317\2060\2168\355\324\346w\265%\277\217\177\0152n"
 187      8E38EDD4 
 187      E677B525 
 187      BF8F7F0D 
 187      326E
 188 01ad 2F279407 		.ascii	"/'\224\007*W\235\373\324W\313\352\022\273m\021\300S"
 188      2A579DFB 
 188      D457CBEA 
 188      12BB6D11 
 188      C053
 189 01bf 76DDD992 		.ascii	"v\335\331\222\227\2749\332\003F_\2212\254\030&X\231"
 189      97BC39DA 
 189      03465F91 
 189      32AC1826 
 189      5899
 190 01d1 67580971 		.ascii	"gX\011q[\324\270\335\350\277\215\030\253\316\254g\366"
 190      5BD4B8DD 
 190      E8BF8D18 
 190      ABCEAC67 
 190      F6
 191 01e2 FD65C4A5 		.ascii	"\375e\304\245o\346\226\017\342\017\037\236\261\017\223"
 191      6FE6960F 
 191      E20F1F9E 
 191      B10F93
 192 01f1 8A6B52C9 		.ascii	"\212kR\3115\376w\312_\366_\344\337\253\026S\356\224"
 192      35FE77CA 
 192      5FF65FE4 
 192      DFAB1653 
 192      EE94
 193 0203 E1F22890 		.ascii	"\341\362(\2203\330}\333\214\346\024([\324\224\017\323"
 193      33D87DDB 
 193      8CE61428 
 193      5BD4940F 
 193      D3
 194 0214 B0708019 		.ascii	"\260p\200\031\\\004\236#J\313\350^\030X/\031\336\204"
 194      5C049E23 
 194      4ACBE85E 
 194      18582F19 
 194      DE84
 195 0226 0D35CD3E 		.ascii	"\0155\315>\246\340\376yb\341H\304\332~;bV\333\351v+"
 195      A6E0FE79 
 195      62E148C4 
 195      DA7E3B62 
 195      56DBE976 
 196 023b D6D9AACE 		.ascii	"\326\331\252\316\226XW\244\225\216\374\003p\266\243"
 196      965857A4 
 196      958EFC03 
ARM GAS  C:\Users\mvshv\AppData\Local\Temp\ccNoTZdY.s 			page 15


 196      70B6A3
 197 024a B32B669D 		.ascii	"\263+f\235ln:t\320jl<f5\237h:\027\335\372\244\245\275"
 197      6C6E3A74 
 197      D06A6C3C 
 197      66359F68 
 197      3A17DDFA 
 198 0261 FD4CA48D 		.ascii	"\375L\244\215~\001\324q\023\313"
 198      7E01D471 
 198      13CB
 199              		.text
 200              		.section	.gnu.lto_.symbol_nodes.fb6a18f2,"",%progbits
 201 0000 789C558A 		.ascii	"x\234U\212\273\015\302@\020\005g\337\332'\334\006\005"
 201      BB0DC240 
 201      100567DF 
 201      DA27DC06 
 201      05
 202 0011 500354B6 		.ascii	"P\003T\266\027\270\000\212\240\006\007\304\374\1775"
 202      17B8008A 
 202      A00607C4 
 202      FC7F35
 203 0020 D00609E2 		.ascii	"\320\006\011\342tN\270\340i\244\231\227\200\251\014"
 203      744EB8E0 
 203      69A49997 
 203      80A90C
 204 002f 1D14B07D 		.ascii	"\035\024\260}A\301>o\2129*\2541\375]\344%\270N\012\265"
 204      41C13E6F 
 204      8A392AAC 
 204      31FD5DE4 
 204      25B84E0A 
 205 0044 E7B3C2DB 		.ascii	"\347\263\302\333\363C6\237/\212\256MO\251&\273*\372"
 205      F343369F 
 205      2F8AAE4D 
 205      4FA926BB 
 205      2AFA
 206 0056 9A20E735 		.ascii	"\232 \3475\330M\221\376\205\263`\367\376\232\333\300"
 206      D84D91FE 
 206      85B360F7 
 206      FE9ADBC0 
 207 0066 F8597937 		.ascii	"\370Yy7#U\360\003\010\203+\363"
 207      2355F003 
 207      08832BF3 
 208              		.text
 209              		.section	.gnu.lto_.refs.fb6a18f2,"",%progbits
 210 0000 789C6363 		.ascii	"x\234cc``\020\000bFF&&\026F\026&V\026F6&v\026\006\000"
 210      60601000 
 210      62464626 
 210      26164616 
 210      26561646 
 211 001a 033F0045 		.ascii	"\003?\000E"
 212              		.text
 213              		.section	.gnu.lto_.decls.fb6a18f2,"",%progbits
 214 0000 789CB558 		.ascii	"x\234\265XkP\024W\026\356\333w\300qx\271\223\224\345"
 214      6B501457 
 214      16EEDB77 
 214      C07178B9 
 214      9394E5
 215 0013 564C055D 		.ascii	"VL\005]S\260\225\004D\223\215\331\332M%A\363\252\230"
ARM GAS  C:\Users\mvshv\AppData\Local\Temp\ccNoTZdY.s 			page 16


 215      53B09504 
 215      44938DD9 
 215      DA4D2541 
 215      F3AA98
 216 0026 DD1DDDAA 		.ascii	"\335\035\335\252T-U\023\002\223H\025\017\327\031S\225"
 216      542D5513 
 216      02934815 
 216      0FD71953 
 216      95
 217 0037 3F9B4650 		.ascii	"?\233FP\306G\"\030PD\020\020A\214\304\200\012\210\210"
 217      C6472218 
 217      50441010 
 217      418CC480 
 217      0A8888
 218 004a 202F792A 		.ascii	" /y*A$\"\242\210\017\036F\004\024\025Q\331s\037=\335"
 218      412422A2 
 218      880F1E46 
 218      04141551 
 218      D9731F3D 
 219 005f D34092AD 		.ascii	"\323@\222\255\312vq\350>\367\236\373\235\357\234s\373"
 219      CA7671E8 
 219      3EF79EFB 
 219      9DEF9C73 
 219      FB
 220 0070 DEDBE32A 		.ascii	"\336\333\343*\010\202\357\323\202\360\017,\010sDA\230"
 220      0882EFD3 
 220      82F00F2C 
 220      08734441 
 220      98
 221 0081 80CB15DA 		.ascii	"\200\313\025\332N\202@\223P\001r\032\344\234\300\256"
 221      4E824093 
 221      5001721A 
 221      E49CC0AE 
 222 0091 19201741 		.ascii	"\031 \027A\272Az@\256\201\364\202\364\203\014\3621#"
 222      BA417A40 
 222      AE81F482 
 222      F4830CF2 
 222      3123
 223 00a3 20A3200F 		.ascii	" \243 \017\004\347\253\004\261\376\217A\306@:y\273\310"
 223      04E7AB04 
 223      B1FE8F41 
 223      C6403A79 
 223      BBC8
 224 00b5 31FB85C9 		.ascii	"1\373\205\311\327I\030\343\301\307\030A\236\346\234"
 224      D74918E3 
 224      C1C71841 
 224      9EE69C
 225 00c4 7C40FE0A 		.ascii	"|@\376\012}\177\001\231\200\347\327\021\343\331\014"
 225      7D7F0199 
 225      80E7D711 
 225      E3D90C
 226 00d3 720BC483 		.ascii	"r\013\304\203\373\362\205\273\017\310\037At\234\367"
 226      FBF285BB 
 226      0FC81F41 
 226      749CF7
 227 00e2 DB88717D 		.ascii	"\333\210q}\027\356\210\363U_5\334\366c\215\017\304\361"
 227      17EE88F3 
ARM GAS  C:\Users\mvshv\AppData\Local\Temp\ccNoTZdY.s 			page 17


 227      555F35DC 
 227      F6638D0F 
 227      C4F1
 228 00f4 441EFBFB 		.ascii	"D\036\373\373h2\337\372\377\201/\311i\233\212\257\250"
 228      6832DFFA 
 228      FF812FC9 
 228      699B8AAF 
 228      A8
 229 0105 E2ABE3B9 		.ascii	"\342\253\343\271\225\271~\300\271\216j\374\235\201F"
 229      95B97EC0 
 229      B98E6AFC 
 229      9D8146
 230 0114 F7DFC057 		.ascii	"\367\337\300W\257\312\327\207\334\227\266~\211\030u"
 230      AFCAD787 
 230      DC97B67E 
 230      891875
 231 0123 D5ED3F80 		.ascii	"\325\355?\2007c\344c@d\246xA\323\367?\225\214y\260&"
 231      3763E463 
 231      4064A678 
 231      41D3F73F 
 231      958C79B0 
 232 0138 62519A7B 		.ascii	"bQ\232{\347\031,\322\307\007%\023\247]\375\362$v\351"
 232      E7192CD2 
 232      C7072513 
 232      A75DFDF2 
 232      2476E9
 233 014b DF175021 		.ascii	"\337\027P!\3022R\353\326\221\2753\360\013\324\360\207"
 233      C23252EB 
 233      D691BD33 
 233      F00BD4F0 
 233      87
 234 015c D8FC5482 		.ascii	"\330\374T\202j4 \035\250\303\315)W=A}\332\200\274\023"
 234      6A34201D 
 234      A8C3CD29 
 234      573D417D 
 234      DA80BC13 
 235 0170 B178B963 		.ascii	"\261x\271c\374\242'2\370\332%i\235\224\021#\315|W@%"
 235      FCA22732 
 235      F8DA2569 
 235      9D941123 
 235      CD7C5740 
 236 0185 682E3A8A 		.ascii	"h.:\212\346\012\250\024\371\022\317E\310O@G\240\361"
 236      E60AA814 
 236      F912CF45 
 236      C84F4047 
 236      A0F1
 237 0197 3034E610 		.ascii	"04\346\020w\025\367\357\371$\304I\222\210\216!\003*"
 237      7715F7EF 
 237      F924C449 
 237      92888E21 
 237      032A
 238 01a9 4698DA40 		.ascii	"F\230\332@`>\006F`\377\336\204=\2568\015\021\006b\351"
 238      603E0646 
 238      60FFDE84 
 238      3DAE380D 
 238      110662E9 
 239 01bd AEEB35E2 		.ascii	"\256\3535\342t>NL\357#o~\355z\342\243\014|\034W|\200"
ARM GAS  C:\Users\mvshv\AppData\Local\Temp\ccNoTZdY.s 			page 18


 239      743E4E4C 
 239      EF236F7E 
 239      ED7AE2A3 
 239      0C7C1C57 
 240 01d3 4BE6646B 		.ascii	"K\346dka\347#/\274\216\346C\\\177\246\250\177Z''\247"
 240      61E7232F 
 240      BC8EE643 
 240      5C7FA6A8 
 240      7F5A2727 
 241 01e8 75D25BFF 		.ascii	"u\322[\377rZ\233$y\243\012pR\2568)\243NH+8\032\357K"
 241      725A9B24 
 241      79A30A70 
 241      52AE3829 
 241      A34E482B 
 242 0200 EC402C85 		.ascii	"\354@,\205\356\240\3368\226Xm0\330\311x\352\210\264"
 242      EEA0DE38 
 242      96586D30 
 242      D8C978EA 
 242      88B4
 243 0212 CBAE0454 		.ascii	"\313\256\004TEF\"\377\271\250\022T\260\316\032(\251"
 243      454622FF 
 243      B9A81254 
 243      B0CE1A28 
 243      A9
 244 0223 7261833D 		.ascii	"ra\203=@\275\270'1[\307\362\337G\272\317=({\350\216"
 244      40BDB827 
 244      315BC7F2 
 244      DF47BACF 
 244      3D287BE8 
 245 0238 F36910BA 		.ascii	"\363i\020\272\274\230o\207t\310w.\0024d\310\221\213"
 245      BC986F87 
 245      74C8772E 
 245      023464C8 
 245      918B
 246 024a 2BA00660 		.ascii	"+\240\006`W\313\353\013W\212\004\336\207\276$\315\360"
 246      57CBEB0B 
 246      578A04DE 
 246      87BE24CD 
 246      F0
 247 025b ACA7771A 		.ascii	"\254\247w\032\270\224%\3419\002Z<\027-\204\260OA\330"
 247      B89425E1 
 247      39025A3C 
 247      172D84B0 
 247      4F41D8
 248 026e 0D944E3D 		.ascii	"\015\224N=\000\3261>\222\324r\333\305\030O\200\341\337"
 248      00D6313E 
 248      92D472DB 
 248      C5184F80 
 248      E1DF
 249 0280 1B8862D7 		.ascii	"\033\210b\327@\1775\245\337\210\214r\020\304\272 \265"
 249      407F35A5 
 249      DF888C72 
 249      10C4BA20 
 249      B5
 250 0291 6E6CA681 		.ascii	"nl\246\201c\333\177\011{bG\352\360\0145v\323\317a\337"
 250      63DB7F09 
 250      7B6247EA 
ARM GAS  C:\Users\mvshv\AppData\Local\Temp\ccNoTZdY.s 			page 19


 250      F00C3576 
 250      D3CF61DF 
 251 02a5 EEAD3C68 		.ascii	"\356\255<hp\337\344(\030jFFU\"O#\362\356\321;\030?\036"
 251      70DFE428 
 251      186A4646 
 251      55224F23 
 251      F2EED13B 
 252 02bc 6A79ECCE 		.ascii	"jy\354\316\322HKR\267!\035M[\203\026\271\006g\030\257"
 252      D2484B52 
 252      B7211D4D 
 252      5B8316B9 
 252      066718AF 
 253 02d0 1F3B624B 		.ascii	"\037;bKx\001\335@-\276\222T>\223\325\340<\351>\321\330"
 253      7801DD40 
 253      2DBE9254 
 253      3E93D5E0 
 253      3CE93ED1 
 254 02e5 DAE1A94D 		.ascii	"\332\341\251MI+\240\375@\321\316R\332-2\355\266K[\002"
 254      492BA0FD 
 254      40D1CE52 
 254      DA2D32ED 
 254      B64B5B02 
 255 02f9 B5314E6B 		.ascii	"\2651Nk\234V\237\033\244\016\261\315)\304s<\304s4\304"
 255      9C569F1B 
 255      A40EB1CD 
 255      29C4733C 
 255      C47334C4 
 256 030d 6327CBCA 		.ascii	"c'\313\312\335.\243.\004\353\007\232E\013\215\020\373"
 256      DD2EA32E 
 256      04EB079A 
 256      450B8D10 
 256      FB
 257 031e 0F772254 		.ascii	"\017w\"T\237\220/\304\332\241Ud7nJ\024y\010r\264\210"
 257      9F902FC4 
 257      DAA15564 
 257      376E4A14 
 257      790872B4 
 258 0333 1C439471 		.ascii	"\034C\224q\351\037\007@jT\326\317\334\311\027[\241\331"
 258      E91F0740 
 258      6A54D6CF 
 258      DCC9175B 
 258      A1D9
 259 0345 836A1C6B 		.ascii	"\203j\034k\022\025g\252!\223\270\012\216n\007)%H\304"
 259      121567AA 
 259      2193B80A 
 259      8E6E0729 
 259      2548C4
 260 0358 97AE03D5 		.ascii	"\227\256\003\325q\315\206nt\011z?\022\204x}\004]\304"
 260      71CD866E 
 260      74097A3F 
 260      1284787D 
 260      045DC4
 261 036b E20E0D5E 		.ascii	"\342\016\015^v\301\205l\351\253\231\270_\341\305\252"
 261      76C1856C 
 261      E9AB99B8 
 261      5FE1C5AA 
 262 037b 2992C56E 		.ascii	")\222\305n\250)\315\215Us\026\250y[&\022]\346l\247\365"
ARM GAS  C:\Users\mvshv\AppData\Local\Temp\ccNoTZdY.s 			page 20


 262      A829CD8D 
 262      557316A8 
 262      795B2612 
 262      5DE66CA7 
 263 0390 89916689 		.ascii	"\211\221f\211\350\343\331\350\002d\274\203f\274\023"
 263      E8E3D9E8 
 263      0264BC83 
 263      66BC13
 264 039f CD81FF91 		.ascii	"\315\201\377\221:\346l\323\3279\3213\346gH\031\335\260"
 264      3AE66CD3 
 264      D739D133 
 264      E6674819 
 264      DDB0
 265 03b1 129C59D8 		.ascii	"\022\234Y\330{D\222`\305\221t\304\014\235WV\203\363"
 265      7B449260 
 265      C59174C4 
 265      0C9D5756 
 265      83F3
 266 03c3 E4D5433F 		.ascii	"\344\325C?\242n\204\332\321e\240v\021\315\207\3411y"
 266      A26E84DA 
 266      D165A076 
 266      11CD87E1 
 266      3179
 267 03d5 1736B9E0 		.ascii	"\0276\271\340.\306*?\357\273.\275Nd\213\006\361@\336"
 267      2EC62A3F 
 267      EFBB2EBD 
 267      4E648B06 
 267      F140DE
 268 03e8 B5CD6DDB 		.ascii	"\265\315m\333\274\246\345r\231r\271\2048\231\254\013"
 268      BCA6E572 
 268      9972B984 
 268      3899AC0B 
 269 03f8 31B97A20 		.ascii	"1\271z \323\015dz~\237\"U\300+\007\253\037X\301\224"
 269      D30D647A 
 269      7E9F2255 
 269      C02B07AB 
 269      1F58C194 
 270 040c 7050E9D2 		.ascii	"pP\351\322R\351\246T\352\307\017y\342\001\306\344rg"
 270      52E9A654 
 270      EAC70F79 
 270      E201C6E4 
 270      7267
 271 041e 7DBF1707 		.ascii	"}\277\027\007j}\306\001Db\272\242\000]\321\002\365P"
 271      6A7DC601 
 271      4462BAA2 
 271      005DD102 
 271      F550
 272 0430 A06D87EF 		.ascii	"\240m\207\357\247\273\340{\014\251s\377\376\373\036"
 272      A7BBE07B 
 272      0CA973FF 
 272      FEFB1E
 273 043f 1CA9F259 		.ascii	"\034\251\362Y'JW\025\244\253Z\244k\024)\357n\313!\017"
 273      274A5715 
 273      A4AB5AA4 
 273      6B1429EF 
 273      6ECB210F 
 274 0453 1C8D29D2 		.ascii	"\034\215)\322\243\255\033\206Eu&H\222\224T\334p*Kv\364"
ARM GAS  C:\Users\mvshv\AppData\Local\Temp\ccNoTZdY.s 			page 21


 274      A3AD1B86 
 274      45752648 
 274      929454DC 
 274      702A4B76 
 275 0468 BD5B7226 		.ascii	"\275[r&j\323gg\306H\271\022Y\243\301\012]W\374^\327"
 275      6AD36767 
 275      C648B912 
 275      59A3C10A 
 275      5D57FC5E 
 276 047d FAEDA57E 		.ascii	"\372\355\245~\207\267\334\316\360\302[\230\337\211\341"
 276      87B7DCCE 
 276      F0C25B98 
 276      DF89E1
 277 048c 83ED2E04 		.ascii	"\203\355.\004\012\326\372S7_L\317\357\223\354\006:\015"
 277      0AD6FA53 
 277      375F4CCF 
 277      EF93EC06 
 277      3A0D
 278 049e 509F82D4 		.ascii	"P\237\202\324\307\227V\324O\021*\206\366&c|\206!\\y"
 278      C79756D4 
 278      4F112A86 
 278      F626637C 
 278      86215C79 
 279 04b2 3051EDAE 		.ascii	"0Q\355\256~\205\311\373\256\274\3027\331+\014\206g\032"
 279      7E85C9FB 
 279      AEBCC237 
 279      D92B0C86 
 279      671A
 280 04c4 93B67BD1 		.ascii	"\223\266{\321\011\000m|\002L\304\354\2747\375d\274E"
 280      09006D7C 
 280      024CC4EC 
 280      BC37FD64 
 280      BC45
 281 04d6 A3FE499E 		.ascii	"\243\376I\236\000\321g\333\353\021\347\3328\376b\352"
 281      00D167DB 
 281      EB11E7DA 
 281      38FE62EA 
 282 04e6 1129D685 		.ascii	"\021)\326\205\330\240\001\205\351\200\314t\2202\355"
 282      D8A00185 
 282      E980CC74 
 282      9032ED
 283 04f5 2A7DD8E5 		.ascii	"*}\330\345>o\014\247\303&\000\253'A\271;\362U\232\016"
 283      3E6F0CA7 
 283      C32600AB 
 283      2741B93B 
 283      F2559A0E 
 284 0509 C7E928F9 		.ascii	"\307\351(\371\314\346;\333\0158\211);n\037hry>Kj\251"
 284      CCE63BDB 
 284      0D388929 
 284      3B6E1F68 
 284      72793E4B 
 285 051f 20B37DC9 		.ascii	" \263}\311\316\034\311\036\037M\307\241a\360\000\023"
 285      CE1CC91E 
 285      1F4DC7A1 
 285      61F00013 
 286 052f 49B5560F 		.ascii	"I\265V\017A\313m4O@#\350y\030\233\274+\253H\234\267"
 286      41CB6D34 
ARM GAS  C:\Users\mvshv\AppData\Local\Temp\ccNoTZdY.s 			page 22


 286      4F4023E8 
 286      79189BBC 
 286      2BAB489C 
 287 0544 5B471CB5 		.ascii	"[G\034\2651G;\354\225\033\274\360\267\014;!\266\363"
 287      31473BEC 
 287      951BBCF0 
 287      B70C3B21 
 287      B6F3
 288 0556 899E63B7 		.ascii	"\211\236c\267>\033\235Q\021\353M\327:\002\014\323A\265"
 288      3E1B9D51 
 288      11EB4DD7 
 288      3A020CD3 
 288      41B5
 289 0568 40DE8596 		.ascii	"@\336\205\226;\004x\224\002?\334\224zS?\357\250\032"
 289      3B047894 
 289      023FDC94 
 289      7A533FEF 
 289      A81A
 290 057a B8A7B12F 		.ascii	"\270\247\261/\316\003W3\340\321\353\335g\035\300\317"
 290      CE035733 
 290      E0D1EBDD 
 290      671DC0CF 
 291 058a 3903F73A 		.ascii	"9\003\367:\001\337\207\226{\004\370\001\005N\1774\276"
 291      01DF8796 
 291      7B04F801 
 291      054E7F34 
 291      BE
 292 059b D3535D37 		.ascii	"\323S]7Rs\245nc|\351\035\243K\257\274#\030\371\216\220"
 292      5273A56E 
 292      637CE91D 
 292      A34BAFBC 
 292      2318F98E 
 293 05b0 527AB781 		.ascii	"Rz\267\201o\332z\322=x\240\330\203-1\025\244\373\354"
 293      6FDA7AD2 
 293      3D78A0D8 
 293      832D3115 
 293      A4FBEC
 294 05c3 8DCC58BE 		.ascii	"\215\314X\276\031\265\020\275\252\375\324\220\016\267"
 294      19B510BD 
 294      AAFDD490 
 294      0EB7
 295 05d1 32C6C9AD 		.ascii	"2\306\311\255\005\313\310\316\024\363\253\316:0\240"
 295      05CBC8CE 
 295      14F3ABCE 
 295      3A30A0
 296 05e0 A969BCD9 		.ascii	"\251i\274\331\005\237g\2437\327\024\326\362\343Z\035"
 296      059F67A3 
 296      37D714D6 
 296      F2E35A1D 
 297 05f0 D1138F55 		.ascii	"\321\023\217U\225\272\341N\326yuSO\225+\356f\212L\312"
 297      95BAE14E 
 297      D6797553 
 297      4F952BEE 
 297      668A4CCA 
 298 0604 C849A577 		.ascii	"\310I\245w\2166 |\215u\226\026\037\257\345\001,T\255"
 298      8E36207C 
 298      8D759616 
ARM GAS  C:\Users\mvshv\AppData\Local\Temp\ccNoTZdY.s 			page 23


 298      1FAFE501 
 298      2C54AD
 299 0617 9146B646 		.ascii	"\221F\266F\026\335\250\2575\260x$\004zY\353\3057p?\033"
 299      16DDA8AF 
 299      35B07824 
 299      047A59EB 
 299      C537703F 
 300 062c 593992BF 		.ascii	"Y9\222\277\217\307\206A\355\216\257\232\360\232v\243"
 300      8FC78641 
 300      ED8EAF9A 
 300      F09A76A3 
 301 063c DD2CF28D 		.ascii	"\335,\362\215v\223HC\031\215\317\177[\331\033u\364\350"
 301      76934843 
 301      198DCF7F 
 301      5BD91B75 
 301      F4E8
 302 064e 6617E7A2 		.ascii	"f\027\347\2428\221Xo\021\215\362\030:\337\257d_\362"
 302      3891586F 
 302      118DF218 
 302      3ADFAF64 
 302      5FF2
 303 0660 545B4FFC 		.ascii	"T[O\374\234\365\301\254\354\035\006|\213\221\334u\247"
 303      9CF5C1AC 
 303      EC1D067C 
 303      8B91DC75 
 303      A7
 304 0671 AB9FD7CB 		.ascii	"\253\237\327\313\027\324\234{\2451z<\314\372\2769\221"
 304      17D49C7B 
 304      A5317A3C 
 304      CCFABE39 
 304      91
 305 0682 D63C038F 		.ascii	"\326<\003\2172E>\356\032\351q\027\255\373\361-<\306"
 305      32453EEE 
 305      1AE97117 
 305      ADFBF12D 
 305      3CC6
 306 0694 7ACA13B6 		.ascii	"z\312\023\266\301Z\372\230)\203\261\327\273y~\346\200"
 306      C15AFA98 
 306      2983B1D7 
 306      BB797EE6 
 306      80
 307 06a5 9AD478D3 		.ascii	"\232\324x\323\007\257s\241]O\352\252|\260\235=\327\026"
 307      07AF73A1 
 307      5D4FEAAA 
 307      7CB09D3D 
 307      D716
 308 06b7 E5EE43F8 		.ascii	"\345\356C\370k\246\214\244\324\3364\340mL\311hM=\252"
 308      6BA68CA4 
 308      D4DE34E0 
 308      6D4CC968 
 308      4D3DAA
 309 06ca C7494CC9 		.ascii	"\307IL\311y\260=\307\035\2470\245\255\344\234\335\015"
 309      79B03DC7 
 309      1DA730A5 
 309      ADE49CDD 
 309      0D
 310 06db A733C55E 		.ascii	"\2473\305^P\220\354\206\263\230\262\256\264#\201\357"
ARM GAS  C:\Users\mvshv\AppData\Local\Temp\ccNoTZdY.s 			page 24


 310      5090EC86 
 310      B398B2AE 
 310      B42381EF 
 311 06eb 63DD44BF 		.ascii	"c\335D\277\226}-\203\037K$W\262;\2656\301\234\336\307"
 311      967D2D83 
 311      1F4B2457 
 311      B23BB536 
 311      C19CDEC7 
 312 06ff 8C138646 		.ascii	"\214\023\206F\276q\235\266\016\231r\035\026\3222\024"
 312      BE719DB6 
 312      0E99721D 
 312      16D23214 
 313 070f 1766DDD6 		.ascii	"\027f\335\326k\353\360\010\254\307\251\365\036\232\331"
 313      6BEBF008 
 313      ACC7A9F5 
 313      1E9AD9
 314 071e 4C39B3D5 		.ascii	"L9\263\325\325e\217\221\266\016\323Y\317\256\210\313"
 314      D5658F91 
 314      B60ED359 
 314      CFAE88CB 
 315 072e 58EF8616 		.ascii	"X\357\206\026\260\353\251\005\362\345K\376\355\221b"
 315      B0EBA905 
 315      F2E54BFE 
 315      ED9162
 316 073d 63606DF9 		.ascii	"c`m\371\016o,\270\366C\264\264w\016\205\212\027a[\027"
 316      0E6F2CB8 
 316      F643B4B4 
 316      770E858A 
 316      17615B17 
 317 0751 9F52DE83 		.ascii	"\237R\336\203\255\264\276%\004]`Cz\276\204\315%\026"
 317      ADB4BE25 
 317      045D6043 
 317      7ABE84CD 
 317      2516
 318 0763 53F31D5A 		.ascii	"S\363\035Z\363$j\036\240XW\252\254wi\255\031i\331:Z"
 318      F3246A1E 
 318      A05857AA 
 318      AC7769AD 
 318      1969D93A 
 319 0778 AAB860C7 		.ascii	"\252\270`\307\321\324\374+\321\2106rsy\232\241\015\223"
 319      D1D4FC2B 
 319      D1883672 
 319      73799AA1 
 319      0D93
 320 078a B834A8D0 		.ascii	"\2704\250\320S\246FW\233\267\252\314wj\315\343\264\324"
 320      53A64657 
 320      9BB7AACC 
 320      776ACDE3 
 320      B4D4
 321 079c 47EC5831 		.ascii	"G\354X1_\2475\217V\221I\340\365\220`{@\351@w7\355$\366"
 321      5FA7358F 
 321      569149E0 
 321      F590607B 
 321      40E94077 
 322 07b4 B080A042 		.ascii	"\260\200\240B\321\027}/.@y 9 \271 \373A\212A\262A\276"
 322      D1177D2F 
 322      2E407920 
ARM GAS  C:\Users\mvshv\AppData\Local\Temp\ccNoTZdY.s 			page 25


 322      3920B920 
 322      FB418A41 
 323 07cb 032900C9 		.ascii	"\003)\000\311\007"
 323      07
 324 07d0 2901D90B 		.ascii	")\001\331\013r\024d\037\310a\220\203 \337\202\024\201"
 324      7214641F 
 324      C8619083 
 324      20DF8214 
 324      81
 325 07e1 1C023922 		.ascii	"\034\0029\".\240\033\013\243\371\360?\012\313T-K\177"
 325      2EA01B0B 
 325      A3F9F03F 
 325      0ACB542D 
 325      4B7F
 326 07f3 6D0A0654 		.ascii	"m\012\006T)\330>u\365\234\314\3259\210\231:\007\352"
 326      29D83E75 
 326      F59CCCD5 
 326      3988993A 
 326      07EA
 327 0805 94A9B8A4 		.ascii	"\224\251\270\244M\311Ee\374PE\345\033\255\361\266IT"
 327      4DC94565 
 327      FC5045E5 
 327      1BADF1B6 
 327      4954
 328 0817 4654E689 		.ascii	"FT\346\211S\233\253\347\335F\025\361'Hc\376x\322\324"
 328      539BABE7 
 328      DD4615F1 
 328      274863FE 
 328      78D2D4
 329 082a E85107BA 		.ascii	"\350Q\007\272^\013\037\353\314\006\346h\303F>S\263`"
 329      5E0B1FEB 
 329      CC06E668 
 329      C3463E53 
 329      B360
 330 083c A666707B 		.ascii	"\246fp{\371ED\017\225\211\315\276]\007\237\030\243a"
 330      F945440F 
 330      9589CDBE 
 330      5D079F18 
 330      A361
 331 084e 7A102B81 		.ascii	"z\020+\201\237\017\224\012>\261\343\0228\316nt\245\316"
 331      9F0F940A 
 331      3EB1E312 
 331      38CE6E74 
 331      A5CE
 332 0860 25ADF3C7 		.ascii	"%\255\363\307H\023\333\005U&\222\247\236\306N\263^\035"
 332      4813DB05 
 332      552692A7 
 332      9EC64EB3 
 332      5E1D
 333 0872 DAD75AFB 		.ascii	"\332\327Z\373\015\2232\2476O\230z=\240\346\344L\323"
 333      0D9332A7 
 333      364F987A 
 333      3DA0E6E4 
 333      4CD3
 334 0884 D49EEB89 		.ascii	"\324\236\353\211{\350\262'\026\332;\362\274\220\357"
 334      7BE8B227 
 334      16DA3BF2 
ARM GAS  C:\Users\mvshv\AppData\Local\Temp\ccNoTZdY.s 			page 26


 334      BC90EF
 335 0893 532CE2F6 		.ascii	"S,\342\366\2158\206D|\034F\037\023\035\207\"\222\200"
 335      8D388644 
 335      7C1C461F 
 335      131D8722 
 335      9280
 336 08a5 695E1854 		.ascii	"i^\030T\012\357\311\377\373\235!\337n\345\231\305:\365"
 336      0AEFC9FF 
 336      FB9D21DF 
 336      6EE599C5 
 336      3AF5
 337 08b7 69E3B82A 		.ascii	"i\343\270*@\001\225\211\354\264\001w\262\360W\266$\353"
 337      40019589 
 337      ECB40177 
 337      B2F057B6 
 337      24EB
 338 08c9 D5C6B79C 		.ascii	"\325\306\267\234\216&'\270\361\011j|\372Q]\201+\036"
 338      8E2627B8 
 338      F1096A7C 
 338      FA515D81 
 338      2B1E
 339 08db 64BB4073 		.ascii	"d\273@s\315\331\344\031x\275+\375\265`Wu\321\240\033"
 339      CDD9E419 
 339      78BD2BFD 
 339      B5605775 
 339      D1A01B
 340 08ee 9AC97E2D 		.ascii	"\232\311~-\360\215\243\337\3501\361\263\220\343\033"
 340      F08DA3DF 
 340      E831F1B3 
 340      90E31B
 341 08fd BD1AE23D 		.ascii	"\275\032\342=)\316\004\250JHG\025\244\203\374X@Z\350"
 341      29CE04A8 
 341      4A484715 
 341      A483FC58 
 341      405AE8
 342 0910 0F08B3E8 		.ascii	"\017\010\263\350\243\352W\006PQ\205\350\370\225\201"
 342      A3EA5706 
 342      505185E8 
 342      F89581
 343 091f 9C5F6B87 		.ascii	"\234_k\207\362\364\352\363+1Q\016\2605\242\372\330\276"
 343      F2F4EAF3 
 343      2B31510E 
 343      B035A2FA 
 343      D8BE
 344 0931 FF7CF616 		.ascii	"\377|\366\026\003\234_+\272\351Y\273\344|\237$A\220"
 344      039C5F2B 
 344      BAE959BB 
 344      E47C9F24 
 344      4190
 345 0943 B148470C 		.ascii	"\261HG\014Q\271R\260rQsr\257\025\311i6\363\360\335\024"
 345      51B952B0 
 345      72517372 
 345      AF15C969 
 345      36F3F0DD 
 346 0958 0FBC9946 		.ascii	"\017\274\231F\207\216v\364\354\366\342h\015/\260o\217"
 346      878E76F4 
 346      ECF6E268 
ARM GAS  C:\Users\mvshv\AppData\Local\Temp\ccNoTZdY.s 			page 27


 346      0D2FB06F 
 346      8F
 347 0969 4CF6ED71 		.ascii	"L\366\355qJA:\245E\252\243H\235\023%\031\036x7CZ\337"
 347      4A413AA5 
 347      45AAA348 
 347      9D132519 
 347      1E783743 
 348 097f 157DDC93 		.ascii	"\025}\334\223#\015\274\350@\"\347\301z\005\251^\213"
 348      230DBCE8 
 348      4022E7C1 
 348      7A05A95E 
 348      8B
 349 0990 D44091CA 		.ascii	"\324@\221\312\373\367\246\350p>C\032\370)\275\035\313"
 349      FBF7A6E8 
 349      703E431A 
 349      F829BD1D 
 349      CB
 350 09a1 9CFC9C38 		.ascii	"\234\374\23485*H\215Z\244&\212T\264#\351u|\222\001U"
 350      352A488D 
 350      5AA4268A 
 350      54B423E9 
 350      757C9201 
 351 09b6 DE180BE6 		.ascii	"\336\030\013\3468\203\337\033\263\350\007N\374\002\372"
 351      3883DF1B 
 351      B3E8074E 
 351      FC02FA
 352 09c5 81D3AC00 		.ascii	"\201\323\254\0005k\201N\213\363\205\347\374\374\374"
 352      356B814E 
 352      8BF385E7 
 352      FCFCFC
 353 09d4 1D7F5156 		.ascii	"\035\177QV\377U\301\341\376\3265!\344n\266\332\374B"
 353      FF55C1E1 
 353      FED63521 
 353      E46EB6DA 
 353      FC42
 354 09e6 F4EF7CF8 		.ascii	"\364\357|\370O\357\300\200\000\301`6\257\015\213\264"
 354      4FEFC080 
 354      00C16036 
 354      AF0D8BB4 
 355 09f6 2D5E64B6 		.ascii	"-^d\266}\032\362\347\240\220Ua\237\204YmkC\303\242\202"
 355      7D1AF2E7 
 355      A0905561 
 355      9F84596D 
 355      6B43C3A2 
 356 0a0b 6C5151E1 		.ascii	"lQQ\341\326\240\317\"\327z\323'\357\3405\021\336\226"
 356      D6A0CF22 
 356      D77AD327 
 356      EFE03511 
 356      DE96
 357 0a1d 884F2CA1 		.ascii	"\210O,\241\241\226\320\240W\375\026z/Z\030\360\352\277"
 357      A196D0A0 
 357      57FD167A 
 357      2F5A18F0 
 357      EABF
 358 0a2f 5F0E82F6 		.ascii	"_\016\202\366\227\"\243\"-/Y\202?\011\013\012\213\014"
 358      9722A322 
 358      2D2F5982 
ARM GAS  C:\Users\mvshv\AppData\Local\Temp\ccNoTZdY.s 			page 28


 358      3F090B0A 
 358      8B0C
 359 0a41 095F1B6A 		.ascii	"\011_\033j\011\212\010\006\254HK\2209\324\362i\360\332"
 359      098A0806 
 359      AC484B90 
 359      39D4F269 
 359      F0DA
 360 0a53 709BD9F6 		.ascii	"p\233\331\366\305j\213\325o\225\240\227\375\375\353"
 360      C56A8BD5 
 360      6F95A097 
 360      FDFDEB
 361 0a62 37F567FD 		.ascii	"7\365g\375\302\032\004\241\205\00288\231\011\252-,\302"
 361      C21A04A1 
 361      85023838 
 361      9909AA2D 
 361      2CC2
 362 0a74 62B6FD41 		.ascii	"b\266\375A\223\21156\177>\304?d\0251\001k]\310\252\340"
 362      93893536 
 362      7F3EC43F 
 362      64153101 
 362      6B5DC8AA 
 363 0a89 35AE56DB 		.ascii	"5\256V\333{\221a6\357_\310\234\340n\265\255\260\005"
 363      7B916136 
 363      EF5FC89C 
 363      E06EB5AD 
 363      B005
 364 0a9b AFB1BD19 		.ascii	"\257\261\275\031\016D\334\210\022\265\232>\033\340\331"
 364      0E44DC88 
 364      12B59A3E 
 364      1BE0D9
 365 0aaa 62931FDF 		.ascii	"b\223\037\337\2618,\314\341\341\241\3460\300\376\323"
 365      B1382CCC 
 365      E1E1A1E6 
 365      30C0FED3 
 366 0aba 14D8ABA3 		.ascii	"\024\330\253\243\326\330\254\376+V._\274\310\377\203"
 366      D6D8ACFE 
 366      2B562E5F 
 366      BCC8FF83 
 367 0aca 0F96FAAF 		.ascii	"\017\226\372\257|o\371\347\001\334\033\031H\202\011"
 367      7C6FF9E7 
 367      01DC1B19 
 367      488209
 368 0ad9 59B5E20B 		.ascii	"Y\265\342\013\353\273\301\3416mY\235\202\001K\01757"
 368      EBBBC1E1 
 368      366D599D 
 368      82014B0F 
 368      3537
 369 0aeb C1C36CFE 		.ascii	"\301\303l\376tmd\210\331\354\267$`\311\022\275\254\271"
 369      746D6488 
 369      D9ECB724 
 369      60C912BD 
 369      ACB9
 370 0afd 293C9D4C 		.ascii	")<\235L^{\305M\241\355\334\363\232K`\340r\323b\361o"
 370      5E7BC54D 
 370      A1EDDCF3 
 370      9A4B60E0 
 370      72D362F1 
ARM GAS  C:\Users\mvshv\AppData\Local\Temp\ccNoTZdY.s 			page 29


 371 0b12 26DDD2E5 		.ascii	"&\335\322\345o\232\360\322@\223\356\255\245+M80\320"
 371      6F9AF0D2 
 371      4093EEAD 
 371      A52B4D38 
 371      30D0
 372 0b24 844D206F 		.ascii	"\204M o\232L\370\357+\002q\340\207+u\201\201\313L\324"
 372      9A4CF8EF 
 372      2B0271E0 
 372      872B7581 
 372      81CB4CD4 
 373 0b38 7E11FD1F 		.ascii	"~\021\375\037\200\227\275c\022W\300\310\367\226\231"
 373      8097BD63 
 373      1257C0C8 
 373      F79699
 374 0b47 742B9683 		.ascii	"t+\226\203u\240i\021H\000X~dz\345W\347\304j\213 \323"
 374      75A06911 
 374      4800587E 
 374      647AE557 
 374      E7C46A8B 
 375 0b5d 262C0202 		.ascii	"&,\002\002us(f\333l9\303Vs0\241n\016\016\261\205}nq"
 375      75732866 
 375      DB6C39C3 
 375      567330A1 
 375      6E0E0EB1 
 376 0b75 31BF05D3 		.ascii	"1\277\005\323\310\310;\255$-\254\377w\216\246\250\325"
 376      C8C83BAD 
 376      242DACFF 
 376      778EA6A8 
 376      D5
 377 0b86 AC6596DC 		.ascii	"\254e\226\334b\26197|&7\374\027<\264\373\253"
 377      62B13937 
 377      7C2637FC 
 377      173CB4FB 
 377      AB
 378              		.text
 379              		.section	.gnu.lto_.symtab.fb6a18f2,"",%progbits
 380 0000 7374496E 		.ascii	"stInit\000"
 380      697400
 381 0007 00       		.ascii	"\000"
 382 0008 00       		.ascii	"\000"
 383 0009 00       		.ascii	"\000"
 384 000a 00000000 		.ascii	"\000\000\000\000\000\000\000\000"
 384      00000000 
 385 0012 DC000000 		.ascii	"\334\000\000\000"
 386 0016 73745374 		.ascii	"stStartAlarm\000"
 386      61727441 
 386      6C61726D 
 386      00
 387 0023 00       		.ascii	"\000"
 388 0024 00       		.ascii	"\000"
 389 0025 00       		.ascii	"\000"
 390 0026 00000000 		.ascii	"\000\000\000\000\000\000\000\000"
 390      00000000 
 391 002e E0000000 		.ascii	"\340\000\000\000"
 392 0032 73745374 		.ascii	"stStopAlarm\000"
 392      6F70416C 
 392      61726D00 
ARM GAS  C:\Users\mvshv\AppData\Local\Temp\ccNoTZdY.s 			page 30


 393 003e 00       		.ascii	"\000"
 394 003f 00       		.ascii	"\000"
 395 0040 00       		.ascii	"\000"
 396 0041 00000000 		.ascii	"\000\000\000\000\000\000\000\000"
 396      00000000 
 397 0049 E2000000 		.ascii	"\342\000\000\000"
 398 004d 73745365 		.ascii	"stSetAlarm\000"
 398      74416C61 
 398      726D00
 399 0058 00       		.ascii	"\000"
 400 0059 00       		.ascii	"\000"
 401 005a 00       		.ascii	"\000"
 402 005b 00000000 		.ascii	"\000\000\000\000\000\000\000\000"
 402      00000000 
 403 0063 E4000000 		.ascii	"\344\000\000\000"
 404 0067 73744765 		.ascii	"stGetAlarm\000"
 404      74416C61 
 404      726D00
 405 0072 00       		.ascii	"\000"
 406 0073 00       		.ascii	"\000"
 407 0074 00       		.ascii	"\000"
 408 0075 00000000 		.ascii	"\000\000\000\000\000\000\000\000"
 408      00000000 
 409 007d E7000000 		.ascii	"\347\000\000\000"
 410 0081 73745F6C 		.ascii	"st_lld_init\000"
 410      6C645F69 
 410      6E697400 
 411 008d 00       		.ascii	"\000"
 412 008e 02       		.ascii	"\002"
 413 008f 00       		.ascii	"\000"
 414 0090 00000000 		.ascii	"\000\000\000\000\000\000\000\000"
 414      00000000 
 415 0098 E9000000 		.ascii	"\351\000\000\000"
 416 009c 63685379 		.ascii	"chSysHalt\000"
 416      7348616C 
 416      7400
 417 00a6 00       		.ascii	"\000"
 418 00a7 02       		.ascii	"\002"
 419 00a8 00       		.ascii	"\000"
 420 00a9 00000000 		.ascii	"\000\000\000\000\000\000\000\000"
 420      00000000 
 421 00b1 EE000000 		.ascii	"\356\000\000\000"
 422              		.text
 423              		.section	.gnu.lto_.opts,"",%progbits
 424 0000 272D666D 		.ascii	"'-fmath-errno' '-fsigned-zeros' '-ftrapping-math' '"
 424      6174682D 
 424      6572726E 
 424      6F272027 
 424      2D667369 
 425 0033 2D666E6F 		.ascii	"-fno-trapv' '-fno-openmp' '-fno-openacc' '-mcpu=cor"
 425      2D747261 
 425      70762720 
 425      272D666E 
 425      6F2D6F70 
 426 0066 7465782D 		.ascii	"tex-m7' '-mno-thumb-interwork' '-mthumb' '-O2' '-fo"
 426      6D372720 
 426      272D6D6E 
ARM GAS  C:\Users\mvshv\AppData\Local\Temp\ccNoTZdY.s 			page 31


 426      6F2D7468 
 426      756D622D 
 427 0099 6D69742D 		.ascii	"mit-frame-pointer' '-falign-functions=16' '-ffuncti"
 427      6672616D 
 427      652D706F 
 427      696E7465 
 427      72272027 
 428 00cc 6F6E2D73 		.ascii	"on-sections' '-fdata-sections' '-fno-common' '-flto"
 428      65637469 
 428      6F6E7327 
 428      20272D66 
 428      64617461 
 429 00ff 2700     		.ascii	"'\000"
 430              		.text
 431              		.comm	__gnu_lto_v1,1,1
 432              		.comm	__gnu_lto_slim,1,1
 433              		.ident	"GCC: (GNU Tools for Arm Embedded Processors 7-2017-q4-major) 7.2.1 20170904 (release) [ARM
ARM GAS  C:\Users\mvshv\AppData\Local\Temp\ccNoTZdY.s 			page 32


DEFINED SYMBOLS
                            *ABS*:00000000 hal_st.c
                            *COM*:00000001 __gnu_lto_v1
                            *COM*:00000001 __gnu_lto_slim

NO UNDEFINED SYMBOLS
