ARM GAS  C:\Users\mvshv\AppData\Local\Temp\ccZiueoe.s 			page 1


   1              		.cpu cortex-m7
   2              		.eabi_attribute 20, 1
   3              		.eabi_attribute 21, 1
   4              		.eabi_attribute 23, 3
   5              		.eabi_attribute 24, 1
   6              		.eabi_attribute 25, 1
   7              		.eabi_attribute 26, 1
   8              		.eabi_attribute 30, 2
   9              		.eabi_attribute 34, 1
  10              		.eabi_attribute 18, 4
  11              		.file	"hal_st_lld.c"
  12              		.section	.gnu.lto_.profile.fb6a2c1f,"",%progbits
  13 0000 789C6363 		.ascii	"x\234cc```\001bF\206\032M\000\001\231\000\261"
  13      60606001 
  13      6246861A 
  13      4D000199 
  13      00B1
  14              		.text
  15              		.section	.gnu.lto_.icf.fb6a2c1f,"",%progbits
  16 0000 789C6363 		.ascii	"x\234cc``\020a@\000f\206\215\333w^\347e\234\360\360"
  16      60601061 
  16      40006686 
  16      8DDB775E 
  16      E7659CF0 
  17 0015 FB6B5EA6 		.ascii	"\373k^\246\267?\233\236\2622\000\000g3\011\330"
  17      B73F9B9E 
  17      B2320000 
  17      673309D8 
  18              		.text
  19              		.section	.gnu.lto_.jmpfuncs.fb6a2c1f,"",%progbits
  20 0000 789C6363 		.ascii	"x\234cc``8\300\200\000L`\202q\0123c\363\257\375\237"
  20      606038C0 
  20      80004C60 
  20      82710A33 
  20      63F3AFFD 
  21 0015 F9EAFF36 		.ascii	"\371\352\3776H\314afX\300\014\024e\334\314X\317\300"
  21      48CC6166 
  21      58C00C14 
  21      65DCCC58 
  21      CFC0
  22 0027 78808591 		.ascii	"x\200\205\221\001\210\377\374\377\377\237\237\221\011"
  22      0188FFFC 
  22      FFFF9F9F 
  22      9109
  23 0035 A86E5AEB 		.ascii	"\250nZ\353\241\363\354\335\314@U\214\014\214[\030e@"
  23      A1F3ECDD 
  23      CC40558C 
  23      0C8C5B18 
  23      6540
  24 0047 98018F29 		.ascii	"\230\001\217)[1M\201i\003Z\316\002\322\364\364\344\344"
  24      5B314D81 
  24      69035ACE 
  24      02D2F4F4 
  24      E4E4
  25 0059 361E9091 		.ascii	"6\036\220\221\214@\361m@\343@\352e@z\030@\322]\277\256"
  25      8C40F16D 
  25      40E340EA 
ARM GAS  C:\Users\mvshv\AppData\Local\Temp\ccZiueoe.s 			page 2


  25      65407A18 
  25      40D25DBF 
  26 006e F77140A4 		.ascii	"\367q@\2449\030\267C\2459\300\322\014\000\265\3562\335"
  26      3918B743 
  26      A539C0D2 
  26      0C00B5EE 
  26      32DD
  27              		.text
  28              		.section	.gnu.lto_.inline.fb6a2c1f,"",%progbits
  29 0000 789C6363 		.ascii	"x\234cc``\210f@\000&\006\006\261\343\014\214\014LB="
  29      60608866 
  29      40002606 
  29      06B1E30C 
  29      8C0C4C42 
  30 0015 D10C6C0B 		.ascii	"\321\014l\013\344\231@\202\214\\ \031n \003\302\304"
  30      E4994082 
  30      8C5C2019 
  30      6E2003C2 
  30      C4
  31 0026 4640A499 		.ascii	"F@\244\231\030\304\345\201\244\322\205N&\270nf\036\260"
  31      18C4E581 
  31      A4D2854E 
  31      26B86E66 
  31      1EB0
  32 0038 B10C0040 		.ascii	"\261\014\000@\204\005\362"
  32      8405F2
  33              		.text
  34              		.section	.gnu.lto_.pureconst.fb6a2c1f,"",%progbits
  35 0000 789C6363 		.ascii	"x\234cc```\003b&\206]\214LR\000\003\263\000\346"
  35      60606003 
  35      6226865D 
  35      8C4C5200 
  35      03B300E6 
  36              		.text
  37              		.section	.gnu.lto_VectorB0.fb6a2c1f,"",%progbits
  38 0000 789C8555 		.ascii	"x\234\205UmL[e\024~\317}/mi\371\022\375a\026\022\213"
  38      6D4C5B65 
  38      147ECF7D 
  38      2F6D69F9 
  38      12FD6116 
  39 0016 4A229170 		.ascii	"J\"\221p\267I\324?&\032\374C\262&f\354?\231\205\215"
  39      B749D43F 
  39      261AFC43 
  39      B22666EC 
  39      3F99858D 
  40 002a 2674252D 		.ascii	"&t%-.\333/.P\004\342\210\373\341\012B\261U\247\233\211"
  40      2EDB2F2E 
  40      5004E288 
  40      FBE10A42 
  40      B155A79B 
  41 003f 6C08B809 		.ascii	"l\010\270\011sPa\323\2159\276\334\246\202n|\310\347"
  41      735061D3 
  41      8D39BEDC 
  41      A6826E7C 
  41      C8E7
  42 0051 3A84CD88 		.ascii	":\204\315\210\303\015<\347\336\266\322\217\300\015\274"
  42      C30D3CE7 
ARM GAS  C:\Users\mvshv\AppData\Local\Temp\ccZiueoe.s 			page 3


  42      DEB6D28F 
  42      C00DBC
  43 0060 DCFB9EE7 		.ascii	"\334\373\236\347\234\363\234O4\214\2611-c\317\001c9"
  43      9CF39C4F 
  43      348CB131 
  43      2D63CF01 
  43      6339
  44 0072 F80E710C 		.ascii	"\370\016q\014\204\343\203\214U\350\004\201\017\2471"
  44      84E3838C 
  44      55E80481 
  44      0FA731
  45 0081 592FFA76 		.ascii	"Y/\372v19\201\203\250^\213\000\364\"\353\200\225\013"
  45      31398183 
  45      A85E8B00 
  45      F422EB80 
  45      950B
  46 0093 5C847238 		.ascii	"\\\204r8\306?\340\320W3\333%d\236\222\361\3615\254%"
  46      C63FE0D0 
  46      5733DB25 
  46      649E92F1 
  46      F135AC25 
  47 00a7 57C8D54F 		.ascii	"W\310\325O\2739c.\374\245\007: \223!l\352\253\365\023"
  47      BB39632E 
  47      FCA5073A 
  47      2093216C 
  47      EAABF513 
  48 00bb 891AD11B 		.ascii	"\211\032\321\033\024A'h\204\320\275SQ_\277\242W\356"
  48      14412768 
  48      84D0BD53 
  48      515FBFA2 
  48      57EE
  49 00cd 5D1C5884 		.ascii	"]\034X\204h\350\324\213\215\032\006_\223P\330d\217\301"
  49      68E8D48B 
  49      8D1A065F 
  49      9350D864 
  49      8FC1
  50 00df 39D0C079 		.ascii	"9\320\300y\320D*L7gY\030\011\\\234G\312\376\365dy8\203"
  50      D0442A4C 
  50      37675918 
  50      095C9C47 
  50      CAFEF564 
  51 00f6 6F482846 		.ascii	"oH(F\012\327\232P\324E\242\2700?\335\350\347\002\372"
  51      0AD79A50 
  51      D445A2B8 
  51      303FDDE8 
  51      E702FA
  52 0109 A12342A5 		.ascii	"\241#B\245\241=5.@<\212\307P\315n\"\376-\011\265a\006"
  52      A13D352E 
  52      403C8AC7 
  52      50CD6E22 
  52      FE2D09B5 
  53 011f 2FA2C19E 		.ascii	"/\242\301\236X\304\237/a$pq]4\361WO#\273^\022\306\223"
  53      58C49F2F 
  53      61247071 
  53      5D34F157 
  53      4F23BB5E 
  54 0136 70C4D9E6 		.ascii	"p\304\331\346\346\357q7\007\020\361s\345z\323t\022}"
ARM GAS  C:\Users\mvshv\AppData\Local\Temp\ccZiueoe.s 			page 4


  54      E6EF7137 
  54      0710F173 
  54      E57AD374 
  54      127D
  55 0148 0A60C4CF 		.ascii	"\012`\304\317\317\006F{\015\274\015\224l~q\346\343\306"
  55      CF06467B 
  55      0DBC0D94 
  55      6C7E71E6 
  55      E3C6
  56 015a 848C4F65 		.ascii	"\204\214Oe\271R\366\335j\341_v\312r\335\353n\316\241"
  56      B952F6DD 
  56      6AE15F76 
  56      CA72DDEB 
  56      6ECEA1
  57 016d 1F385604 		.ascii	"\0378V\004\372 \015\276\2034\245h\021n\227Z\020v\011"
  57      FA200DBE 
  57      8334A568 
  57      116E975A 
  57      107609
  58 0180 3218F8C8 		.ascii	"2\030\370\310\263>,\214\313\030\306\367\224\027<\260"
  58      B33E2C8C 
  58      CB18C6F7 
  58      94173CB0 
  59 0190 97002B7C 		.ascii	"\227\000+|v4\316'\257o\324`fv\364>\232o\311L\005\346"
  59      7634CE27 
  59      AF6FD460 
  59      6676F43E 
  59      9A6FC94C 
  60 01a6 E6A24007 		.ascii	"\346\242@\007c\265X~l$\331\307\352\260\224\370V\345"
  60      63B5587E 
  60      6C24D9C7 
  60      EAB094F8 
  60      56E5
  61 01b8 637E707A 		.ascii	"c~pz7<\234rH\306\273\272\374\343\332\362\307\262\316"
  61      373C9C72 
  61      48C6BBBA 
  61      FCE3DAF2 
  61      C7B2CE
  62 01cb CDE35CDC 		.ascii	"\315\343\\\334\200V\177\200r\022\270\252\373\206\264"
  62      80567F80 
  62      7212B8AA 
  62      FB86B4
  63 01da 14A04689 		.ascii	"\024\240F\211\251j\255\367A\022\342\260\3434\324Yt\367"
  63      A96AADF7 
  63      4112E2B0 
  63      E334D459 
  63      74F7
  64 01ec 70E45EAD 		.ascii	"p\344^\255\301\013\037U\244\270\271\026\256b\233^\241"
  64      C10B1F55 
  64      A4B8B916 
  64      AE629B5E 
  64      A1
  65 01fd A8087DB2 		.ascii	"\250\010}\262\243\032\020\335(\313F\2620\000^P<\302"
  65      A31A10DD 
  65      28CB46B2 
  65      30005E50 
  65      3CC2
ARM GAS  C:\Users\mvshv\AppData\Local\Temp\ccZiueoe.s 			page 5


  66 020f 35287763 		.ascii	"5(wc\266\375Pe\214A!\336\305\023\220\302\217H\301\215"
  66      B6FD5065 
  66      8C4121DE 
  66      C51390C2 
  66      8F48C18D 
  67 0223 C12F425F 		.ascii	"\301/B_\367\302\261:\003!\2338lfePX\015\266\256.\353"
  67      F7C2B13A 
  67      03219B38 
  67      6C666550 
  67      580DB6AE 
  68 0239 D54F4A1F 		.ascii	"\325OJ\037\025\306\3332\027O\234d\305u\002\014b\262"
  68      15C6DB32 
  68      174F9C64 
  68      C575020C 
  68      62B2
  69 024b AF0768D5 		.ascii	"\257\007h\325\314^\033N\222Zeg\005\311\022a\010i\235"
  69      CC5E1B4E 
  69      925A6567 
  69      05C91261 
  69      08699D
  70 025e 50A60786 		.ascii	"P\246\007\206ABwU\217\336\375P\253z\023T\207\2277V}"
  70      41427755 
  70      8FDEFD50 
  70      AB7A1354 
  70      87973756 
  71 0273 C9E44104 		.ascii	"\311\344A\004\001F\320\316\0148\307\373s\002\030\004"
  71      0146D0CE 
  71      0C38C7FB 
  71      73021804 
  72 0283 9CF5773D 		.ascii	"\234\365w=LT\001\014F\003U\255\303I\030N\303lc\004\177"
  72      4C54010C 
  72      460355AD 
  72      C349184E 
  72      C36C6304 
  73 0298 CDD75F55 		.ascii	"\315\327_U\"\010'\347\375\234*\2655\277\237\376\347"
  73      220827E7 
  73      FD9C2AB5 
  73      35BF9FFE 
  73      E7
  74 02a9 7703A4CD 		.ascii	"w\003\244\315\341'\242\263\233\250u\027*\246\246\033"
  74      E127A2B3 
  74      9BA87517 
  74      2AA6A61B 
  75 02b9 CE0D8032 		.ascii	"\316\015\20020\014\330\337D\372tO\377LB\372\006x\344"
  75      300CD8DF 
  75      44FA744F 
  75      FF4C42FA 
  75      0678E4
  76 02cc 46B49344 		.ascii	"F\264\223D\246\357\237i\277i\300\276`p\013\322\361\374"
  76      A6EF9F69 
  76      BF69C0BE 
  76      60700BD2 
  76      F1FC
  77 02de 1944360B 		.ascii	"\031D6\013\225\023\217\337\277} \252g\233\266\356Y\370"
  77      95138FDF 
  77      BF7D20AA 
  77      679BB6EE 
ARM GAS  C:\Users\mvshv\AppData\Local\Temp\ccZiueoe.s 			page 6


  77      59F8
  78 02f0 053288ED 		.ascii	"\0052\210\355\202|Q$2\034\214\360\253B\246\022\311t"
  78      827C5124 
  78      321C8CF0 
  78      AB42A612 
  78      C974
  79 0302 DE81A859 		.ascii	"\336\201\250Yz\241\231\223R`\332\303\273z\014\233y\234"
  79      7AA19993 
  79      5260DAC3 
  79      BB7A0C9B 
  79      799C
  80 0314 5A639CBA 		.ascii	"Zc\234\272\032X\015e\365\023O\373?\372\364FA\215 \231"
  80      1A580D65 
  80      F5134FFB 
  80      3FFAF446 
  80      418D2099 
  81 0328 145AA72F 		.ascii	"\024Z\247/\310:%\202\337(\002\274Y\366\337\030\027\360"
  81      C83A2582 
  81      DF2802BC 
  81      59F6DF18 
  81      17F0
  82 033a 067E0751 		.ascii	"\006~\007Q!\300\340\2662\234[\306\177G\211\177B\215"
  82      21C0E0B6 
  82      329C5BC6 
  82      7F47897F 
  82      428D
  83 034c DFA804C3 		.ascii	"\337\250\004\303\224<N6\034\327G1\317i\016\356\250\304"
  83      943C4E36 
  83      1CD74731 
  83      CF690EEE 
  83      A8C4
  84 035e 30D69348 		.ascii	"0\326\223Hv\212XO\251yo\026\266\363;\255\370\375\003"
  84      768A584F 
  84      A9796F16 
  84      B6F33BAD 
  84      F8FD03
  85 0371 FD62F34F 		.ascii	"\375b\363O\254\324w\357\010.\323\360\001H\242=\313`"
  85      ACD477EF 
  85      082ED3F0 
  85      0148A23D 
  85      CB60
  86 0383 26300304 		.ascii	"&0\003\004\236\3518\037\265\010\333B\21309\214\330,"
  86      9EE9381F 
  86      B508DB42 
  86      8B30398C 
  86      D82C
  87 0395 129B2303 		.ascii	"\022\233#\003s\261\214\247\220\234\301\374&\343\017"
  87      73B18CA7 
  87      909CC1FC 
  87      26E30F
  88 03a4 EAD7C720 		.ascii	"\352\327\307 \270\036\303\321O\320\346d\260\020@\317"
  88      B81EC3D1 
  88      4FD0E664 
  88      B01040CF 
  89 03b4 02E6FA92 		.ascii	"\002\346\372\222R\373P#\342\377\017X\014\324~\262\241"
  89      52FB5023 
  89      E2FF0F58 
ARM GAS  C:\Users\mvshv\AppData\Local\Temp\ccZiueoe.s 			page 7


  89      0CD47EB2 
  89      A1
  90 03c5 F3197537 		.ascii	"\363\031u7\005\252\270\356\231\3541\004\013\264\250"
  90      05AAB8EE 
  90      99EC3104 
  90      0BB4A8
  91 03d4 14E8AE52 		.ascii	"\024\350\256R\240\310j\370C\335\330}Pq\241\016\221\030"
  91      A0C86AF8 
  91      43DDD87D 
  91      5071A10E 
  91      9118
  92 03e6 DA595513 		.ascii	"\332YU\023u\356\370\330\013#\025\365\357\205\342q\306"
  92      75EEF8D8 
  92      0B2315F5 
  92      EF85E271 
  92      C6
  93 03f7 5A2BB8D9 		.ascii	"Z+\270\331\236D\324\222\272\331\266_e\177n\261\312\226"
  93      9E44D492 
  93      BAD9B65F 
  93      657F6EB1 
  93      CA96
  94 0409 43AB6C65 		.ascii	"C\253le\273U\366\024\372\274\037`\266\004\225\336\325"
  94      BB55F614 
  94      FABC1F60 
  94      B60495DE 
  94      D5
  95 041a 93AA263D 		.ascii	"\223\252&=\265\2308\014\016S\360rv\266\024\372\2619"
  95      B598380C 
  95      0E53F072 
  95      76B614FA 
  95      B139
  96 042c A4E2FD25 		.ascii	"\244\342\375%R\251\315^\346\220\362\367\231^\332-\355"
  96      52A9CD5E 
  96      E690F2F7 
  96      995EDA2D 
  96      ED
  97 043d D9F3A6B4 		.ascii	"\331\363\246\264/\317tx\027I\012\034e\005%%\205\331"
  97      2FCF7478 
  97      17490A1C 
  97      65052525 
  97      85D9
  98 044f 66F66C0C 		.ascii	"f\366l\0145\233\003\017{\231\3627\2738\012\202\022\313"
  98      359B030F 
  98      7B99F237 
  98      BB380A82 
  98      12CB
  99 0461 2173C93B 		.ascii	"!s\311;\205E\222\271\330q\324\201\220\235\021\020\263"
  99      854592B9 
  99      D871D481 
  99      909D1110 
  99      B3
 100 0472 CD6AB51D 		.ascii	"\315j\265\035\012\370\177c\257)\327t\004\261f\233\275"
 100      0AF87F63 
 100      AF29D774 
 100      04B1669B 
 100      BD
 101 0483 A8E0F02B 		.ascii	"\250\340\360+VT\320\276\275\337Q\364\226\335\362Zl\305"
ARM GAS  C:\Users\mvshv\AppData\Local\Temp\ccZiueoe.s 			page 8


 101      5654D0BE 
 101      BDDF51F4 
 101      96DDF25A 
 101      6CC5
 102 0495 A22365A4 		.ascii	"\242#e\244&\345\232\362\363\362\245\\\324\223\362\202"
 102      26E59AF2 
 102      F3F2A55C 
 102      D493F282 
 103 04a5 2EAD0E8B 		.ascii	".\255\016\213\243\340\240\331\214Vt\346R\207\245\320"
 103      A3E0A0D9 
 103      8C5674E6 
 103      5287A5D0 
 104 04b5 68615A6B 		.ascii	"haZk\221\325f?\312RL\371{\215d\272\324n\3112f\354d\202"
 104      91D5663F 
 104      CA524CF9 
 104      7B8D64BA 
 104      D46EC932 
 105 04cd 5D051521 		.ascii	"]\005\025!\350?m|\356u"
 105      E83F6D7C 
 105      EE75
 106              		.text
 107              		.section	.gnu.lto_st_lld_init.fb6a2c1f,"",%progbits
 108 0000 789CA595 		.ascii	"x\234\245\225OH\024Q\030\300\3377ovvf4\203\350\020\264"
 108      4F481451 
 108      18C0DF37 
 108      6F767666 
 108      3483E810 
 109 0015 87AE4638 		.ascii	"\207\256F8X\020\335\272t\011\364\244w\211:\024\010F"
 109      5810DDBA 
 109      7409F4A4 
 109      77893A14 
 109      0846
 110 0027 4AC776FC 		.ascii	"J\307v\374\267\253&!\224\0061\306@\220x\020\3234[\377"
 110      B7AB2621 
 110      940631C6 
 110      40907810 
 110      D3345BFF 
 111 003b E4B869E6 		.ascii	"\344\270i\346\277\325\314\362\317\252\201\224YZH\010"
 111      BFD5CCF2 
 111      CFAA8194 
 111      595A4808 
 112 004b 45A1F67D 		.ascii	"E\241\366}o\326]\261\323n\217\235\2673\357\275\371\375"
 112      6FD65DB1 
 112      D36E8F9D 
 112      B733EFBD 
 112      F9FD
 113 005d BEEFCD7B 		.ascii	"\276\357\315{3\012c\354\274\302\3309\374?\216\007p\006"
 113      330A63EC 
 113      BCC2D839 
 113      FC3F8E07 
 113      7006
 114 006f 525D84B1 		.ascii	"R]\204\261RU\002\240\023S\005\346\227\300\017\265\374"
 114      525502A0 
 114      135305E6 
 114      97C00FB5 
 114      FC
 115 0080 1E877070 		.ascii	"\036\207pp5$e6\231X\234\373?\216\004\314\312c\026g\254"
ARM GAS  C:\Users\mvshv\AppData\Local\Temp\ccZiueoe.s 			page 9


 115      35246536 
 115      99589CFB 
 115      3F8E04CC 
 115      CA631667 
 116 0095 010F2AF0 		.ascii	"\001\017*\360\0242\031\016[i\333\251?\244\310n;t\200"
 116      1432190E 
 116      5B69DBA9 
 116      3FA4C86E 
 116      3B7480
 117 00a8 C2004F5A 		.ascii	"\302\000OZ\247=\216\271\263\0334\235\301G\260\235w\024"
 117      A73D8EB9 
 117      B31B349D 
 117      C147B09D 
 117      7714
 118 00ba 98C541A2 		.ascii	"\230\305A\242\212S%S\245Q\245S\305X\025\336\215!\230"
 118      8A532553 
 118      A551A553 
 118      C55815DE 
 118      8D2198
 119 00cd 0EABE612 		.ascii	"\016\253\346\022\235\225;\354+\204\273\277\364_#\346"
 119      9D953BEC 
 119      2B84BBBF 
 119      F45F23E6 
 120 00dd 030EA86A 		.ascii	"\003\016\250j\250\014Ozos\213K@\346\212\306\241U\315"
 120      A80C4F7A 
 120      6F738B4B 
 120      40E68AC6 
 120      A155CD
 121 00f0 BD3437AB 		.ascii	"\27547\253L\031\233\242=+\313\212\015\017K1\350\023"
 121      4C199BA2 
 121      3D2BCB8A 
 121      0D0F4B31 
 121      E813
 122 0102 16E7F00C 		.ascii	"\026\347\360\014|\320\011>F\343\327?\216\364e\030-f"
 122      7CD0093E 
 122      46E3D73F 
 122      8EF46518 
 122      2D66
 123 0114 05585C86 		.ascii	"\005X\\\206.\260\241^\344\002\317\301@Y\371\257\000"
 123      2EB0A15E 
 123      E402CFC1 
 123      4059F9AF 
 123      00
 124 0125 B82EC9D5 		.ascii	"\270.\311\325u\014\016\007T\342\003\226\020B0\240\231"
 124      750C0E07 
 124      54E20396 
 124      104230A0 
 124      99
 125 0136 1A312639 		.ascii	"\0321&9UwB\325\003\006\362Ej\232+\343\311\261z\005\213"
 125      557742D5 
 125      0306F245 
 125      6A9A2BE3 
 125      C9B17A05 
 126 014b A618FA0E 		.ascii	"\246\030\372\016\204-#\354\277\342|\221`\367S\234\262"
 126      842D23EC 
 126      BFE27C91 
 126      60F7539C 
ARM GAS  C:\Users\mvshv\AppData\Local\Temp\ccZiueoe.s 			page 10


 126      B2
 127 015c 88B37934 		.ascii	"\210\263y4\026\251\266\377\021x\304#\250)\037hW\335"
 127      16A9B6FF 
 127      1178C423 
 127      A8291F68 
 127      57DD
 128 016e 4BD3A933 		.ascii	"K\323\25133\260i\376[E[Z\302\247\300\000\372\234\230"
 128      33B069FE 
 128      5B455B5A 
 128      C2A7C000 
 128      FA9C98
 129 0181 AF7BA3B9 		.ascii	"\257{\243\271K\211\373\302\302'\221\357\345\201\\t\324"
 129      4B89FBC2 
 129      C22791EF 
 129      E5815C74 
 129      D4
 130 0192 FD9B4B12 		.ascii	"\375\233K\022\354\301\004{\210r\321\211\264\2656Q\235"
 130      ECC1047B 
 130      8872D189 
 130      B4B53651 
 130      9D
 131 01a3 1163C533 		.ascii	"\021c\3053\361\212L\"-?7u\367\222V<-&\273\361\263\026"
 131      F18A4C22 
 131      2D3F3775 
 131      F792563C 
 131      2D26BBF1 
 132 01b9 93D9B770 		.ascii	"\223\331\267p\231\2520\214\272W1]pulJL])\205\"\303k"
 132      99AA308C 
 132      BA57315D 
 132      70756C4A 
 132      4C5D2985 
 133 01d0 21149B60 		.ascii	"!\024\233`\004\014\034Pi[\247\010(C\353\014\203Q7\227"
 133      040C1C50 
 133      695BA708 
 133      2843EB0C 
 133      83513797 
 134 01e4 ADB5483C 		.ascii	"\255\265H<\202\344\370c\202/\023\177\\\360\327{\237"
 134      82E4F863 
 134      822F137F 
 134      5CF0D77B 
 134      9F
 135 01f5 CC795CC1 		.ascii	"\314y\\\301.\226\3030\261\247\230LQ\021\021\012\017"
 135      2E96C330 
 135      B1A7984C 
 135      5111110A 
 135      0F
 136 0206 29268522 		.ascii	")&\205\">G20\230\332\303\317\245\204\327\340\215\300"
 136      3E473230 
 136      98DAC3CF 
 136      A584D7E0 
 136      8DC0
 137 0218 E31B883A 		.ascii	"\343\033\210:\235\332\262fov+u\332\355\342\211M\203"
 137      9DDAB266 
 137      6F762B75 
 137      DAEDE289 
 137      4D83
 138 022a 01277D62 		.ascii	"\001'}b\227\274\205\354\204n>\305lf\204\316K\274w\210"
ARM GAS  C:\Users\mvshv\AppData\Local\Temp\ccZiueoe.s 			page 11


 138      97BC85EC 
 138      846E3EC5 
 138      6C6684CE 
 138      4BBC7788 
 139 023e 8EF31652 		.ascii	"\216\363\026R\344\275\027<\225x\263\373y\321\024ys\202"
 139      E4BD173C 
 139      9578B3FB 
 139      79D11479 
 139      7382
 140 0250 A7116F5E 		.ascii	"\247\021o^\314vgp\274Mwg\033`a\017\277\230\">*\360:"
 140      CC766770 
 140      BC4D7767 
 140      1B60610F 
 140      BF98223E 
 141 0267 E117315C 		.ascii	"\341\0271\\\342m\340\232\334}\314\305K\032\357\010\205"
 141      E26DE09A 
 141      DC7DCCC5 
 141      4B1AEF08 
 141      85
 142 0278 36A25EFF 		.ascii	"6\242^\377\266\251Z\\o\240m\017K\340\247\216O#w\003"
 142      B6A95A5C 
 142      6FA06D0F 
 142      4BE0A78E 
 142      4F237703 
 143 028c E914481A 		.ascii	"\351\024H\032\362\227\301G\033\375\367\354\035\325m"
 143      F297C147 
 143      1BFDF7EC 
 143      1DD56D
 144 029b 52E103F8 		.ascii	"R\341\003\370,\236\316\276C\231\375\247I\354M\361E\250"
 144      2C9ECEBE 
 144      4399FDA7 
 144      49EC4DF1 
 144      45A8
 145 02ad 4206BEB9 		.ascii	"B\006\276\271q\317\235\315\3122\342\277\242b\343\352"
 145      71CF9DCD 
 145      CA32E2BF 
 145      A262E3EA 
 146 02bd A542E37A 		.ascii	"\245B\343z\321\215\222b#/?\367\314i#'\347\202\221\177"
 146      D18D9262 
 146      232F3FF7 
 146      CC692327 
 146      E782917F 
 147 02d1 31F76636 		.ascii	"1\367f6\365\024\024\227\024\024\026^\311\272\314\376"
 147      F5141497 
 147      1414165E 
 147      C9BACCFE 
 148 02e1 02970215 		.ascii	"\002\227\002\025\352"
 148      EA
 149              		.text
 150              		.section	.gnu.lto_.symbol_nodes.fb6a2c1f,"",%progbits
 151 0000 789C55C9 		.ascii	"x\234U\311\273\015\0021\020\204\341\361\354\331\367"
 151      BB0D0231 
 151      1084E1F1 
 151      ECD9F7
 152 000f 20A10324 		.ascii	" \241\003$*\201\312\326\301IH\220P\304UAl\336p\264@"
 152      2A81CAD6 
 152      C1494890 
ARM GAS  C:\Users\mvshv\AppData\Local\Temp\ccZiueoe.s 			page 12


 152      50C45541 
 152      6CDE70B4 
 153 0024 40884407 		.ascii	"@\210D\007\010\313\021\233\314/}\023\000L]\036&*\260"
 153      08CB119B 
 153      CC2F7D13 
 153      004C5D1E 
 153      262AB0
 154 0037 1D819C5D 		.ascii	"\035\201\234]\\\002\376H\3049 \334S\235\271\334\225"
 154      5C02FE48 
 154      C43920DC 
 154      539DB9DC 
 154      95
 155 0048 CA22408C 		.ascii	"\312\"@\214\213\014\027\252\0308S+\003#\325\033\270"
 155      8B0C17AA 
 155      1838532B 
 155      0323D51B 
 155      B8
 156 0059 5383811B 		.ascii	"S\203\201\033\2656p\2426\006\016\324\326\300\203\332"
 156      B53670A2 
 156      36060ED4 
 156      D6C083DA 
 157 0069 FD83A0C3 		.ascii	"\375\203\240\303\360\374:A\213T\332\240_}\274\240\306"
 157      F0FC3A41 
 157      8B54DAA0 
 157      5F7DBCA0 
 157      C6
 158 007a 501A904A 		.ascii	"P\032\220J=\322\372=\023Tx\225\012\372M.'\305\361\003"
 158      3DD2FA3D 
 158      13547895 
 158      0AFA4D2E 
 158      27C5F103 
 159 008e 758B4367 		.ascii	"u\213Cg"
 160              		.text
 161              		.section	.gnu.lto_.refs.fb6a2c1f,"",%progbits
 162 0000 789C6363 		.ascii	"x\234cc``\340\004b&\006&FF&Fa\006\000\001H\000,"
 162      6060E004 
 162      62260626 
 162      46462646 
 162      61060001 
 163              		.text
 164              		.section	.gnu.lto_.decls.fb6a2c1f,"",%progbits
 165 0000 789CCD59 		.ascii	"x\234\315YkPTI\226\256\274Y@\361\324@w\302\330pcl\327"
 165      6B505449 
 165      96AEBC59 
 165      40F1D440 
 165      77C2D870 
 166 0017 09D99819 		.ascii	"\011\331\230\031\001\265\333\216\331\235\335\326\022"
 166      01B5DB8E 
 166      D99DDDD6 
 166      12
 167 0024 9518ED36 		.ascii	"\225\030\3556\012{vv\326\216\032\204R\211\345\321\003"
 167      0A7B7676 
 167      D68E1A84 
 167      5289E5D1 
 167      03
 168 0035 D86BFFD8 		.ascii	"\330k\377\330\235\213\200\002\276@Q\021A\021AE@\241"
 168      9D8B8002 
ARM GAS  C:\Users\mvshv\AppData\Local\Temp\ccZiueoe.s 			page 13


 168      BE405111 
 168      41114145 
 168      40A1
 169 0047 11511029 		.ascii	"\021Q\020)\001\021y(\242\242\362\220\342\341\373\001"
 169      01117928 
 169      A2A2F290 
 169      E2E1FB01 
 170 0057 828A6FF6 		.ascii	"\202\212o\366d\346\275u\263.E\317\304\304n\304\336\360"
 170      64E6BD75 
 170      B32E45CF 
 170      C4C46EC4 
 170      DEF0
 171 0069 E3DE9379 		.ascii	"\343\336\223y\316wO\236s2of\351\250\321h\376a\272F\363"
 171      CE774F9E 
 171      73326F66 
 171      E9A8D168 
 171      FE61BA46 
 172 007e 8DA34693 		.ascii	"\215\243F\223\2054\232Q\2700\264\235\007\010\322\275"
 172      85349A51 
 172      B830B49D 
 172      0708D2BD 
 173 008e 41C32E57 		.ascii	"A\303.W@+\340:\240\015\320\001\350\002t\003z\000}\200"
 173      402BE03A 
 173      A00DD001 
 173      E8027403 
 173      7A007D80 
 174 00a2 BB80FB80 		.ascii	"\273\200\373\200'\000\240\323\014jl\257\\h\234\010\367"
 174      2700A0D3 
 174      0C6A6CAF 
 174      5C689C08 
 174      F7
 175 00b3 3F003C01 		.ascii	"?\000<\001\223%\376\231\200\347\322\373\314\200v\300"
 175      9325FE99 
 175      80E7D2FB 
 175      CC8076C0 
 176 00c3 10E02AE0 		.ascii	"\020\340*\340S\260\231\013\030\201\347_\301\375\037"
 176      53B0990B 
 176      1881E75F 
 176      C1FD1F
 177 00d2 11E3FE04 		.ascii	"\021\343\376\004\376\374\215\344\323\257\341\371_\000"
 177      FEFC8DE4 
 177      D3AFE1F9 
 177      5F00
 178 00e0 F3017AC0 		.ascii	"\363\001z\300b\200?\3407\200e\200\257\000+\020\363\215"
 178      62803FE0 
 178      37806580 
 178      AF002B10 
 178      F38D
 179 00f2 F8F8AF88 		.ascii	"\370\370\257\210\371\373o\210\371\336-\215\245C\032"
 179      F9FB6F88 
 179      F9DE2D8D 
 179      A5431A
 180 0101 9B3DDFF3 		.ascii	"\233=\337\363\240\321]\362\235\370{\014\2616\342W\031"
 180      A0D15DF2 
 180      9DF87B0C 
 180      B136E257 
 180      19
ARM GAS  C:\Users\mvshv\AppData\Local\Temp\ccZiueoe.s 			page 14


 181 0112 DC4B91E2 		.ascii	"\334K\221\342\253\003\3404bc{,\305\356\020\310\231\200"
 181      AB03E034 
 181      62637B2C 
 181      C5EE10C8 
 181      9980
 182 0124 62802F60 		.ascii	"b\200/`*\340\357\000?\005L\003\314\000x\003f\"\026\373"
 182      2AE0EF00 
 182      3F054C03 
 182      CC007803 
 182      662216FB 
 183 0138 EB521CD5 		.ascii	"\353R\034\325W*FW\343\2122\360f\214<]\220\026\304\347"
 183      572A4657 
 183      E38A32F0 
 183      668C3C5D 
 183      9016C4E7 
 184 014c CDE97D1E 		.ascii	"\315\351}\036 NvA\323@L\257x\321\340\300zu 6\276NY\352"
 184      204E7641 
 184      D3404CAF 
 184      78D1E0C0 
 184      7A752036 
 185 0164 9220C295 		.ascii	"\222 \302\225\025+:/!\315'\321TT\202\246\3028O!\027"
 185      152B3A2F 
 185      21CD27D1 
 185      545482A6 
 185      C2384F21 
 186 0179 F8EB3D15 		.ascii	"\370\353=\025\225\202\010\312\371\247r\313\021\263u"
 186      958208CA 
 186      F9A772CB 
 186      11B375
 187 0188 0671F385 		.ascii	"\006q\363\205\322:\314\230\353I\367\215\327\225o\335"
 187      D23ACC98 
 187      EB49F78D 
 187      D7956FDD 
 188 0198 B080E059 		.ascii	"\260\200\340Y[\020{lP\213\274\246\" C.\207Ev\3514\250"
 188      5B107B6C 
 188      508BBCA6 
 188      2220432E 
 188      874576E9 
 189 01ae 12B9A033 		.ascii	"\022\271\2403\010\313\376\246\213\360\362\301?\221f"
 189      08CBFEA6 
 189      8BF0F2C1 
 189      3F9166
 190 01bd 78D6D13B 		.ascii	"x\326\321;\264l\020\305C\"\236\242As\246\"\237\251\032"
 190      B46C10C5 
 190      43229EA2 
 190      4173A622 
 190      9FA91A
 191 01d0 548EBC68 		.ascii	"T\216\274h\227\006\235\005\302\012\346N\351\323\302"
 191      97069D05 
 191      C20AE64E 
 191      E9D3C2
 192 01df 3447CF64 		.ascii	"4G\317dB\014\177\276@\224\3734\364\227Q\357\317!Oy\014"
 192      420C7FBE 
 192      4094FB34 
 192      F49751EF 
 192      CF214F79 
 193 01f4 44BB38A3 		.ascii	"D\2738\243\376\215\263\213\304\235\360\347\270EKy\201"
ARM GAS  C:\Users\mvshv\AppData\Local\Temp\ccZiueoe.s 			page 15


 193      FE8DB38B 
 193      C49DF0E7 
 193      B8454B79 
 193      81
 194 0205 8EE7AEFA 		.ascii	"\216\347\256\3721\356\264\235\261M\356nI\204\233\205"
 194      31EEB49D 
 194      B14DEE6E 
 194      49849B85 
 195 0215 D18C3CB9 		.ascii	"\321\214<\2718\236Gnd\254\344\016\312]\365y\371$l3]"
 195      389E476E 
 195      64ACE40E 
 195      CA5DF579 
 195      F9246C33 
 196 022a 10995113 		.ascii	"\020\231Q\023\240\351\304\2233o\334Y\023\241\273\037"
 196      A0E9C493 
 196      336FDC59 
 196      13A1BB1F 
 197 023a 937CD90D 		.ascii	"\223|\331\015;\321\347\304\304\332m\272Y\005r\000\377"
 197      3BD1E7C4 
 197      C4DA6DBA 
 197      59057200 
 197      FF
 198 024b 4B836AA5 		.ascii	"K\203j\245\350Ag\353\366\241\034'\274\210(\012\335\267"
 198      E84167EB 
 198      F6A11C27 
 198      BC88280A 
 198      DDB7
 199 025d DF757A20 		.ascii	"\337uz \027\257\004\253\027\032\253\013\250\036\306"
 199      17AF04AB 
 199      171AAB0B 
 199      A81EC6
 200 026c 08E417D0 		.ascii	"\010\344\027\320,\015\252\201\306jh\244I1_I\377\347"
 200      2C0DAA81 
 200      C66A68A4 
 200      49315F49 
 200      FFE7
 201 027e BD43A238 		.ascii	"\275C\2428\015]\204\001\326!Lu\300\327\231\322\320\362"
 201      0D5D8401 
 201      D6214C75 
 201      C0D799D2 
 201      D0F2
 202 0290 7252B21D 		.ascii	"rR\262\035\361iD\337Q\261\357\356\005a\274w4\216\377"
 202      F16944DF 
 202      51B1EFEE 
 202      0561BC77 
 202      348EFF
 203 02a3 8ED3D3EB 		.ascii	"\216\323\323\353\342EQ@\015\360\216K\312;.\322\370\221"
 203      E2455140 
 203      0DF08E4B 
 203      CA3B2ED2 
 203      F891
 204 02b5 567851F9 		.ascii	"VxQ\371\371\312*\327n\324\205\240\274\321D:B\204\330"
 204      F9CA2AD7 
 204      6ED485A0 
 204      BCD1443A 
 204      4284D8
 205 02c8 5FB81350 		.ascii	"_\270\023PyT\276\020k\207V\201\335$U\"\310&\310\332"
ARM GAS  C:\Users\mvshv\AppData\Local\Temp\ccZiueoe.s 			page 16


 205      7954BE10 
 205      6B875681 
 205      DD245522 
 205      C826C8DA 
 206 02dc 22481C82 		.ascii	"\"H\034\202\314K\377I\004\210ge\375\354u\362\305&={"
 206      CC4BFF49 
 206      04886765 
 206      FDEC75F2 
 206      C5263D7B 
 207 02f0 E0EC5893 		.ascii	"\340\354X\223\240\274\2143\031\343\253\306\332muJ\031"
 207      A0BC8C33 
 207      19E3ABC6 
 207      DA6D754A 
 207      19
 208 0301 2492129A 		.ascii	"$\222\022\232_\273\251\331\305\202\356@\357\3574\232"
 208      5FBBA9D9 
 208      C582EE40 
 208      EFEF349A 
 209 0311 645D18AD 		.ascii	"d]\030\255\201\247\003O\216x\340L:\263\320\205\321\021"
 209      81A7034F 
 209      8E78E04C 
 209      3AB3D085 
 209      D111
 210 0323 F3043609 		.ascii	"\363\0046\011\005R\002\203M\231\256l\022N\004\261`\313"
 210      05520283 
 210      4D99AE6C 
 210      124E04B1 
 210      60CB
 211 0335 68AAC394 		.ascii	"h\252\303\224\335\264nc\305\211\002\372\303OP\013$\343"
 211      DDB46E63 
 211      C58902FA 
 211      C34F500B 
 211      24E3
 212 0347 0A2DC4AB 		.ascii	"\012-\304\253h\012\374\015\327\262\227\355\253xlv\231"
 212      680AFC0D 
 212      D7B297ED 
 212      AB786C76 
 212      99
 213 0358 9E256659 		.ascii	"\236%fYD\363H\323\334\252\352\215b\013\330}A\365\320"
 213      44F348D3 
 213      DCAAEA8D 
 213      620BD87D 
 213      41F5D0
 214 036b 65254F97 		.ascii	"e%O\227I\305\241fdA\250\011u\203o\255h:YY\266\014dM"
 214      49C5A166 
 214      6441A809 
 214      75836FAD 
 214      683A5959 
 215 0383 C05DCCAD 		.ascii	"\300]\314\255\354\316\243\357\234%\262\313\215n\351"
 215      ECCEA3EF 
 215      9C25B2CB 
 215      8D6EE9
 216 0392 A219E619 		.ascii	"\242\031\346\031\244\234P]S\250\256\251\251\256S\252"
 216      A49C505D 
 216      53A8AEA9 
 216      A9AE53AA 
 217 03a2 EEC1E18B 		.ascii	"\356\301\341\213\256\370!\243j=[\335\347\016T\026(\235"
ARM GAS  C:\Users\mvshv\AppData\Local\Temp\ccZiueoe.s 			page 17


 217      AEF821A3 
 217      6A3D5BDD 
 217      E70E5416 
 217      289D
 218 03b4 FBDD5E1F 		.ascii	"\373\335^\037\212\036\210\011.\314\251\033\012\323\015"
 218      8A1E8809 
 218      2ECCA91B 
 218      0AD30D
 219 03c3 691AA036 		.ascii	"i\032\2406\312P\223\275\271\037\341BL\031z^\217\326"
 219      CA5093BD 
 219      B91FE142 
 219      4C197A5E 
 219      8FD6
 220 03d5 BAF1F391 		.ascii	"\272\361\363\221\314^e>\336b\363\021\024\2574\356\332"
 220      CC5E653E 
 220      DE62F311 
 220      14AF34EE 
 220      DA
 221 03e6 3D412BB0 		.ascii	"=A+\2606\022\030h\033\215\335\373j\374\020\266\323\020"
 221      36121868 
 221      1B8DDDFB 
 221      6AFC10B6 
 221      D310
 222 03f8 DE46520C 		.ascii	"\336FR\014\357u\\\337-H\276\016\017\314\255<)\3069\020"
 222      EF755CDF 
 222      2D48BE0E 
 222      0FCCAD3C 
 222      29C63910 
 223 040c 1D7453F1 		.ascii	"\035tS\361\364\246\354i\007\365\264m\373\323\347\016"
 223      F4A6EC69 
 223      07F5B46D 
 223      FBD3E70E 
 224 041c B88F793A 		.ascii	"\270\217y:<|\351\212\203d_3\372\213|jOF\332\251\330"
 224      3C7CE98A 
 224      83645F33 
 224      FA8B7C6A 
 224      4F46DAA9 
 225 0431 77CAF65D 		.ascii	"w\312\366]\324\276\347e\354m'\234\251\245\3667\353^"
 225      D4BEE765 
 225      EC6D279C 
 225      A9A5F637 
 225      EB5E
 226 0443 36C8F60D 		.ascii	"6\310\366\015?O\027\253Y\304\357(\326wd\353nj\235XV"
 226      3F4F17AB 
 226      59C4EF28 
 226      D67764EB 
 226      6E6A9D58 
 227 0458 B315E3D3 		.ascii	"\263\025\343\323\314\272\241t\270\011I\326\035{q\325"
 227      CCBAA174 
 227      B80949D6 
 227      1D7B71D5 
 228 0468 A58DE6E5 		.ascii	"\245\215\346\345,\320\026\205\300\"\023\364P\202\256"
 228      2CD01685 
 228      C02213F4 
 228      5082AE
 229 0477 92FD6F1C 		.ascii	"\222\375o\034\3613F\320\274q\377]\027\253\373\323\024"
 229      F13346D0 
ARM GAS  C:\Users\mvshv\AppData\Local\Temp\ccZiueoe.s 			page 18


 229      BC71FF5D 
 229      17ABFBD3 
 229      14
 230 0488 F77B15FB 		.ascii	"\367{\025\373^\331\276\217\332\037\252y\365\322\015"
 230      5ED9BE8F 
 230      DA1FAA79 
 230      F5D20D
 231 0497 6F72A0F6 		.ascii	"or\240\366\205\215E\311\262\003\255\212\373\375\212"
 231      858D45C9 
 231      B203AD8A 
 231      FBFD8A
 232 04a6 75BF6C7D 		.ascii	"u\277l}\227Z\337-\352\274 \340\014f\335\262/\266~\202"
 232      975ADF2D 
 232      EABC20E0 
 232      0C66DDB2 
 232      2FB67E82 
 233 04ba 35F83E4A 		.ascii	"5\370>J\360\357)\366\367d\373\373\324~\337\365\336C"
 233      F0EF29F6 
 233      F764FBFB 
 233      D47EDFF5 
 233      DE43
 234 04cc 022E64F6 		.ascii	"\002.d\366\027\217\226\236G4\373dab\331o\0349R\245\265"
 234      178F969E 
 234      4734FB64 
 234      6162D96F 
 234      1C3952A5 
 235 04e1 B63D44B4 		.ascii	"\266=D\264\361\371\271;\273\205qK\3421-\211GrI\344\374"
 235      F1F9B93B 
 235      BB85714B 
 235      E2312D89 
 235      477249E4 
 236 04f6 9091EF26 		.ascii	"\220\221\357&{u\002\357\257\241A\005%\364@q\353\201"
 236      7B7502EF 
 236      AFA14105 
 236      25F44071 
 236      EB81
 237 0508 ECD613EA 		.ascii	"\354\326\023\352V\355\356\236\036\341\223\247\016\007"
 237      56EDEE9E 
 237      1EE193A7 
 237      0E07
 238 0516 E01308DF 		.ascii	"\340\023\010\337\016BS\325W\320\346\216G\230\247\007"
 238      0E4253D5 
 238      57D0E68E 
 238      4798A707 
 239 0526 9B8777BB 		.ascii	"\233\207w\273\340xG*t\337+\353s\370\331!\261\305L\346"
 239      E078472A 
 239      74DF2BEB 
 239      73F8D921 
 239      B1C54CE6 
 240 053a ED3F551D 		.ascii	"\355?U\035\026\023\222c\250\035\032\2007\300\344\344"
 240      16139263 
 240      A81D1A80 
 240      37C0E4E4 
 241 054a BE54CFA0 		.ascii	"\276T\317\240\345)\372D\203\006\321\317\300vCuK\232"
 241      E529FA44 
 241      8306D1CF 
 241      C0764375 
ARM GAS  C:\Users\mvshv\AppData\Local\Temp\ccZiueoe.s 			page 19


 241      4B9A
 242 055c 8E9F1924 		.ascii	"\216\237\031$\\\312\314x.}\251\236\323/\325\201\367"
 242      5CCACC78 
 242      2E7DA99E 
 242      D32FD581 
 242      F7
 243 056d EFF67AF0 		.ascii	"\357\366z\360\312Wm\224\207$\345!\252\\\326\263\253"
 243      CA576D94 
 243      8724E521 
 243      AA5CD6B3 
 243      AB
 244 057e CA99AD4B 		.ascii	"\312\231\255K\267\210\227e\317\362\313\334\331\302d"
 244      B7889765 
 244      CFF2CBDC 
 244      D9C264
 245 058d 26F2B57B 		.ascii	"&\362\265{\007\343\334X\177\013\221k\332.\016j\3616"
 245      07E3DC58 
 245      7F0B916B 
 245      DA2E0E6A 
 245      F136
 246 059f 36A4B4D6 		.ascii	"6\244\264\326b?\362m\216\375\213\276*`\320\324\364\256"
 246      623FF26D 
 246      8EFD8BBE 
 246      2A60D0D4 
 246      F4AE
 247 05b1 D901A732 		.ascii	"\331\001\2472ky#\342)mDR\313k*\\\361\036\326\331\227"
 247      6B7923E2 
 247      296D4452 
 247      CB6B2A5C 
 247      F11ED6D9 
 248 05c6 D45BE388 		.ascii	"\324[\343\2103\230 ;\345)9u\240\343e\003\302Y\254\263"
 248      3398203B 
 248      E5293975 
 248      A0E36503 
 248      C259ACB3 
 249 05da A2EC6C9D 		.ascii	"\242\354l\235\2645\362\341VVO\266\262\236\272w\251\316"
 249      B435F2E1 
 249      56564FB6 
 249      B29EBA77 
 249      A9CE
 250 05ec 858D4744 		.ascii	"\205\215GD W\266v~\201s\231e\365P\321\021il\030DKr\315"
 250      2057B676 
 250      7E817399 
 250      65F550D1 
 250      11696C18 
 251 0604 E8847177 		.ascii	"\350\204qwU\261\202\264\253\332 \320\241\274L.Z\244"
 251      55B182B4 
 251      ABDA20D0 
 251      A1BC4C2E 
 251      5AA4
 252 0616 EC34B4B4 		.ascii	"\3544\264\264\356Da*\032\245\332q\202\247lC\224czr\357"
 252      EE44612A 
 252      1AA5DA71 
 252      82A76C43 
 252      94637A72 
 253 062b 78F0DA23 		.ascii	"x\360\332#?\246}\374P\356\036\027\234\307\234\3347\334"
 253      3FA67DFC 
ARM GAS  C:\Users\mvshv\AppData\Local\Temp\ccZiueoe.s 			page 20


 253      50EE1E17 
 253      9CC79CDC 
 253      37DC
 254 063d F5504A90 		.ascii	"\365PJ\220\027\210\207_U\304\352p!\353\333y.\263\331"
 254      1788875F 
 254      55C4EA70 
 254      21EBDB79 
 254      2EB3D9
 255 0650 09173341 		.ascii	"\011\0273A\3361z\262\035\343\206\233\013p)\353\251J"
 255      DE317AB2 
 255      1DE3869B 
 255      0B7029EB 
 255      A94A
 256 0662 D9D185F0 		.ascii	"\331\321\205\360\031&<\213\273k\221\3423\005\304]\215"
 256      19263C8B 
 256      BB6B91E2 
 256      3305C45D 
 256      8D
 257 0673 8F67E273 		.ascii	"\217g\342s\254\353c}\315L\\\313\236\353N\035=\202p\003"
 257      ACEB637D 
 257      CD4C5CCB 
 257      9EEB4E1D 
 257      3D827003 
 258 0687 1386D2EB 		.ascii	"\023\206\322\353\036\273\340\313L\310j\3158\255\303"
 258      1EBBE0CB 
 258      4CC86ACD 
 258      38ADC3
 259 0696 579970F8 		.ascii	"W\231p\370\365\356\303n\270\215\011\327\317\334Hp\305"
 259      F5EEC36E 
 259      B88D09D7 
 259      CFDC4870 
 259      C5
 260 06a7 1D4C4828 		.ascii	"\035LH(.Ns\305\335L\330Pq;E\372\372Y\210\334\237\333"
 260      2E4E73C5 
 260      DD4CD850 
 260      713B45FA 
 260      FA5988DC 
 261 06bd 9FE52C65 		.ascii	"\237\345,e\305\021\344\244\326\246\021\204\373\230r"
 261      C511E4A4 
 261      D6A61184 
 261      FB9872
 262 06cc CAE0D04E 		.ascii	"\312\340\320N\307q\363\260W\316\203\017MCY\351\241\001"
 262      C771F3B0 
 262      57CE830F 
 262      4D4359E9 
 262      A101
 263 06de 9D3A0F2F 		.ascii	"\235:\017/\020\333\374jP:\215\354^9\262\265\265\225"
 263      10DBFC6A 
 263      503A8DEC 
 263      5E39B2B5 
 263      B595
 264 06f0 1F903A0F 		.ascii	"\037\220:\017\343i\377\304\274)+\336\025\315`\327\244"
 264      E369FFC4 
 264      BC292BDE 
 264      15CD60D7 
 264      A4
 265 0701 19F2E545 		.ascii	"\031\362\345E\376d\213q\261\242\371b\027N,\356\277\032"
ARM GAS  C:\Users\mvshv\AppData\Local\Temp\ccZiueoe.s 			page 21


 265      FE648B71 
 265      B1A2F962 
 265      174E2CEE 
 265      BF1A
 266 0713 23E64CA1 		.ascii	"#\346L\241T\011\002\254\224\302$e\036l\022\010\357I"
 266      540902AC 
 266      94C22465 
 266      1E6C1208 
 266      EF49
 267 0725 C2AE6126 		.ascii	"\302\256a&\275\177\202\217l\034\246\352\333\325\352"
 267      BD7F828F 
 267      6C1CA6EA 
 267      DBD5EA
 268 0734 5BA9BAAF 		.ascii	"[\251\272\257\242]\315i\357Tk3\247e\355\030\321\334"
 268      A25DCD69 
 268      EF546B33 
 268      A765ED18 
 268      D1DC
 269 0746 9E8063A8 		.ascii	"\236\200c\250z\274\340\211b$u\271\314\320G\244\366\245"
 269      7ABCE089 
 269      622475B9 
 269      CCD047A4 
 269      F6A5
 270 0758 8163DF61 		.ascii	"\201c\337a\237\235Wo\345\324S\324\352\243H\345\372P"
 270      9F9D576F 
 270      E5D453D4 
 270      EAA348E5 
 270      FA50
 271 076a 0256D4DF 		.ascii	"\002V\324\337\"\225\372\033\216=E\312\207\010k1\332"
 271      2295FA1B 
 271      8E3D45CA 
 271      87086B31 
 271      DA
 272 077b 03EEEEA6 		.ascii	"\003\356\356\246a \372\260\200\240B\301\013\035\021"
 272      6120FAB0 
 272      80A042C1 
 272      0B1D11
 273 078a 66A01CC0 		.ascii	"f\240\034\300~@\026\340 \340\004 \023\220\013\310\003"
 273      7E4016E0 
 273      20E00420 
 273      13900BC8 
 273      03
 274 079b 1C051403 		.ascii	"\034\005\024\0032\000E\200\003\200|\300a@6\3408\340"
 274      32004580 
 274      03807CC0 
 274      614036E0 
 274      38E0
 275 07ad 18A04098 		.ascii	"\030\240@\230A\027q\346\346\333\377V\274LU\017\312["
 275      411771E6 
 275      E6DBFF56 
 275      BC4C550F 
 275      CA5B
 276 07bf 1D82475C 		.ascii	"\035\202G\\\010\266\331\317\236\215:\037\203w\366c\300"
 276      08B6D9CF 
 276      9E8D3A1F 
 276      8377F663 
 276      C0
ARM GAS  C:\Users\mvshv\AppData\Local\Temp\ccZiueoe.s 			page 22


 277 07d0 878CF365 		.ascii	"\207\214\363e\227]_8\345\267\234+\233\325\312Ic\\\031"
 277      975D5F38 
 277      E5B79C2B 
 277      9BD5CA49 
 277      635C19
 278 07e3 E2D4B7D8 		.ascii	"\342\324\267\330W\347\353.\221s\374\225\332\361\227"
 278      57E7EB2E 
 278      9173FC95 
 278      DAF197
 279 07f2 634AA397 		.ascii	"cJ\243\227\037\350\007\265\376{[}\250\321\206D\251R"
 279      1FE807B5 
 279      FE7B5B7D 
 279      A8D18644 
 279      A952
 280 0804 F741A5A6 		.ascii	"\367A\245\246I\356\310\023\021\015+\201aG\221g\037="
 280      49EEC813 
 280      110D2B81 
 280      61479167 
 280      1F3D
 281 0816 63A03C88 		.ascii	"c\240<\210\226F\372\026+\031\374\230\200\317\234\024"
 281      9646FA16 
 281      2B19FC98 
 281      80CF9C14 
 282 0826 C54447FA 		.ascii	"\305DG\372\362\327\366\235\345\306\326\316E\"\331~\031"
 282      F2D7F69D 
 282      E5C6D6CE 
 282      4522D97E 
 282      19
 283 0837 DB543D3F 		.ascii	"\333T=?\264\215j\375\217j\366j^=\321\376z@\325\311\246"
 283      B48D6AFD 
 283      8F6AF66A 
 283      5E3DD1FE 
 283      7A40D5C9 
 284 084c ACA9EDA8 		.ascii	"\254\251\355\250\007\336O\217\214Bi\302\355\202\011"
 284      07DE4F8F 
 284      8C4269C2 
 284      ED8209
 285 085b C86B121B 		.ascii	"\310k\022\033q[\"\216%#>\011\326?\010\326\015\010\011"
 285      715B228E 
 285      25233E09 
 285      D63F08D6 
 285      0D0809
 286 086e C0381306 		.ascii	"\3008\023\006\225\300<\371\277\2363\344\304Wu\260L\313"
 286      95C03CF9 
 286      BF9E33E4 
 286      C45775B0 
 286      4CCB
 287 0880 6F2F4E72 		.ascii	"o/Nr\003\204eC`\333\013\270\223\205\376]a\271\364Q\""
 287      03846543 
 287      60DB0BB8 
 287      9385FE5D 
 287      61B9F451 
 288 0895 EB7C5553 		.ascii	"\353|US\334Y\327q\227\3662yi?\305>\261/\222\342G\244"
 288      DC59D771 
 288      97F63279 
 288      693FC53E 
 288      B12F92E2 
ARM GAS  C:\Users\mvshv\AppData\Local\Temp\ccZiueoe.s 			page 23


 289 08ab 0D821388 		.ascii	"\015\202\023\210G\357elsc\037\215\317\311\241\2537\265"
 289      47EF656C 
 289      73631F8D 
 289      CFC9A1AB 
 289      37B5
 290 08bd 11A97F47 		.ascii	"\021\251\177G8\003\3018Mc\\N\327rJI\005\372\025z\366"
 290      3803C138 
 290      4D635C4E 
 290      D7724A49 
 290      05FA157A 
 291 08d2 4EABB650 		.ascii	"N\253\266P6\204\025\334\352O\004r\244?\"\216x\340c\354"
 291      368415DC 
 291      EA4F0472 
 291      A43F228E 
 291      78E063EC 
 292 08e6 4CBF65A8 		.ascii	"L\277e\250\3561\331!\232\341\25440\200\363\213\213`"
 292      EE31D921 
 292      9AE1AC34 
 292      3080F38B 
 292      8B60
 293 08f8 E19F1CE7 		.ascii	"\341\237\034\347L\367Wg\225\034\301\243\355a\251R \233"
 293      4CF75767 
 293      951CC1A3 
 293      ED61A952 
 293      209B
 294 090a C5C1578D 		.ascii	"\305\301W\215)\030[\030\327@cq\207V\342\202-\374\336"
 294      29185B18 
 294      D7406371 
 294      8756E282 
 294      2DFCDE
 295 091d 667A88CB 		.ascii	"fz\210\313Z\302\266\361\347\024\262sj\262*JV\363\252"
 295      5AC2B6F1 
 295      E714B273 
 295      6AB22A4A 
 295      56F3AA
 296 0930 ADD0093F 		.ascii	"\255\320\011?gd\367\343\213\337\270Kd}\3353\016\324"
 296      6764F7E3 
 296      8BDFB84B 
 296      647DDD33 
 296      0ED4
 297 0942 D8909915 		.ascii	"\330\220\231\0252\263\232\354<%;<\362z\263\007\216\323"
 297      32B39AEC 
 297      3C253B3C 
 297      F27AB307 
 297      8ED3
 298 0954 B18DD7C6 		.ascii	"\261\215\327\306\246\033:\211\2545\035\263\023\341A"
 298      A61B3A89 
 298      AC351DB3 
 298      13E141
 299 0963 B6C1AF56 		.ascii	"\266\301\257V\250\252\325T5\224\352E\314\316\023:\274"
 299      A8AAD554 
 299      3594EA45 
 299      CCCE133A 
 299      BC
 300 0974 8D511D2B 		.ascii	"\215Q\035+\334_\344\2013\230\260\271\272&\303\021v\350"
 300      DC5FE481 
 300      3398B0B9 
ARM GAS  C:\Users\mvshv\AppData\Local\Temp\ccZiueoe.s 			page 24


 300      BA26C311 
 300      76E8
 301 0986 E802B1A4 		.ascii	"\350\002\261\244\273\307\2227W\235\2447\335\334\352"
 301      BBC79237 
 301      579DA437 
 301      DDDCEA
 302 0995 B03777DF 		.ascii	"\2607w\337V1+F\374\242\236\275\254V~\031\252\023\264"
 302      56312B46 
 302      FCA29EBD 
 302      AC567E19 
 302      AA13B4
 303 09a8 44B27DDF 		.ascii	"D\262}\337E\372\276\354[\267\177p\304\017\330+\216_"
 303      45FABEEC 
 303      5BB77F70 
 303      C40FD82B 
 303      8E5F
 304 09ba 4C4DC14A 		.ascii	"LM\301J\202\316\331$\250^\361\275^\315u\211r\245\346"
 304      82CED924 
 304      A85EF1BD 
 304      5ECD7589 
 304      72A5E6
 305 09cd 5E4CD4E2 		.ascii	"^L\324\342\017\214+NL\036\300J\202*m\023\324\240\220"
 305      0F8C2B4E 
 305      4C1EC04A 
 305      822A6D13 
 305      D4A090
 306 09e0 35A8C91A 		.ascii	"5\250\311\032)\331\245\376\302j\017\234\354L\311\316"
 306      29D9A5FE 
 306      C26A0F9C 
 306      EC4CC9CE 
 307 09f0 25D61DD1 		.ascii	"%\326\035\321Y\023\344s\3246AM\012Y\223\232\254\231"
 307      5913E473 
 307      D436414D 
 307      0A59939A 
 307      AC99
 308 0a02 92590EDC 		.ascii	"\222Y\016\334\337\351\216s\031\331\345'\235\361\036"
 308      DFE98E73 
 308      19D9E527 
 308      9DF11E
 309 0a11 7282326D 		.ascii	"r\2022m\023tY\241\272\254\246\272B\251n\336\253\016"
 309      137459A1 
 309      BAACA6BA 
 309      42A96EDE 
 309      AB0E
 310 0a23 C6C5CEE3 		.ascii	"\306\305\316\343\244\304\336\321j\317\265\354r\367q"
 310      A4C4DED1 
 310      6ACFB5EC 
 310      72F771
 311 0a32 4F51D704 		.ascii	"OQ\327\004r\212j\025\244S\324\355\032K\242\243\222\323"
 311      728A6A15 
 311      A453D4ED 
 311      1A4BA2A3 
 311      92D3
 312 0a44 5B27949C 		.ascii	"['\224\234\202&j\261\346\364*\344\264E\355\342u\352"
 312      82266AB1 
 312      E6F42AE4 
 312      B445EDE2 
ARM GAS  C:\Users\mvshv\AppData\Local\Temp\ccZiueoe.s 			page 25


 312      75EA
 313 0a56 E2919E6D 		.ascii	"\342\221\236m9N\270j<\037\013\267\015f\310\343\037\372"
 313      394EB86A 
 313      3C1F0BB7 
 313      0D66C8E3 
 313      1FFA
 314 0a68 A9347C17 		.ascii	"\2514|\027\366;\203\225\276\015\350o\250\351oR\372\327"
 314      F63B8395 
 314      BE0DE86F 
 314      A8E96F52 
 314      FAD7
 315 0a7a 2FCF9FD7 		.ascii	"/\317\237\327\341&F_\221\330\266OPJ\346L\011_2\267\224"
 315      E126465F 
 315      91D8B64F 
 315      504AE64C 
 315      095F32B7 
 316 0a8f 68DE5273 		.ascii	"h\336Rs\335\246\\\303\265G\207\245}m29]\0244_\354\224"
 316      DDA65CC3 
 316      B54787A5 
 316      7D6D3239 
 316      5D14345F 
 317 0aa5 56AC0422 		.ascii	"V\254\004\"\327\037K\275\341\214-\354]Yi\365\033\004"
 317      D71F4BBD 
 317      E18C2DEC 
 317      5D5969F5 
 317      1B04
 318 0ab7 FC9009F2 		.ascii	"\374\220\011\362\271\304S:\227\344\234\266\274G\370"
 318      B9C4533A 
 318      97E49CB6 
 318      BC47F8
 319 0ac6 05EB34D7 		.ascii	"\005\3534\327my\212\360(\023\022z6]\2234_\323\037:\252"
 319      6D798AF0 
 319      2813127A 
 319      365D9334 
 319      5FD31F3A 
 320 0adb 476EB9E3 		.ascii	"Gn\271\343x\366\233\343\350\303\333\207\244\323\301"
 320      78F69BE3 
 320      E8C3DB87 
 320      A4D3C1
 321 0aea 204DD699 		.ascii	" M\326\231\336A\017\274\235u\246\324\274\034v\305;\231"
 321      DE410FBC 
 321      9D75A6D4 
 321      BC1C76C5 
 321      3B99
 322 0afc D0999D9A 		.ascii	"\320\231\235\232\253e\232\017\210\234\371\376}\234\026"
 322      AB659A0F 
 322      889CF9FE 
 322      7D9C16
 323 0b0b A7B1CED6 		.ascii	"\247\261\316\326\015;s\034q6\023\336=;2\350\210\013"
 323      0D3B731C 
 323      713613DE 
 323      3D3B32E8 
 323      880B
 324 0b1d 9850339C 		.ascii	"\230P3\234\361\334\015\237bB|\316\365-N\330\314\204"
 324      F1DC0D9F 
 324      62427CCE 
 324      F52D4ED8 
ARM GAS  C:\Users\mvshv\AppData\Local\Temp\ccZiueoe.s 			page 26


 324      CC84
 325 0b2f E18EAD75 		.ascii	"\341\216\255un\270\201\011\265\365}\327t\370:\023b\036"
 325      6EB88109 
 325      B5F57DD7 
 325      74F83A13 
 325      621E
 326 0b41 146DC2F8 		.ascii	"\024m\302\370\016\023\236\267\324$9\343\007LhN\334\001"
 326      0E139EB7 
 326      D42439E3 
 326      074C684E 
 326      DC01
 327 0b53 FB9A4126 		.ascii	"\373\232A&\310\353\271'[\317G\367\015f\272\341\327\254"
 327      C8EBB927 
 327      5BCF47F7 
 327      0D66BAE1 
 327      D7AC
 328 0b65 EFECA1F8 		.ascii	"\357\354\241\370<\035\336\340\312\346\342\345\255\235"
 328      3C1DDEE0 
 328      CAE6E2E5 
 328      AD9D
 329 0b73 6E388909 		.ascii	"n8\211\011\307\037l2;\341\035L8\333\374\246\300\003"
 329      C71F6C32 
 329      3BE11D4C 
 329      38DBFCA6 
 329      C003
 330 0b85 A74B4247 		.ascii	"\247KBG\2517\316a\317\007\037\234\3319\001\0272\241"
 330      A937CE61 
 330      CF071F9C 
 330      D9390117 
 330      32A1
 331 0b97 A7EB7E92 		.ascii	"\247\353~\222\007>\305\204\215U\273*\235\261\231\011"
 331      073EC584 
 331      8D55BB2A 
 331      9DB19909 
 332 0ba7 B5963B08 		.ascii	"\265\226;\010_b\317\217\223\314\267\005\334\312\204"
 332      5F62CF8F 
 332      93CCB705 
 332      DCCA84
 333 0bb6 BC335B7B 		.ascii	"\2743[{\034p\007\023\372\312\342^iq7\023\362\337\357"
 333      1C700713 
 333      FACAE25E 
 333      69713713 
 333      F2DFEF
 334 0bc9 6F71C6FD 		.ascii	"oq\306\375Lh)\267\334\365\300O\230\360\250jc\277T\014"
 334      4C6829B7 
 334      DCF5C04F 
 334      98F0A86A 
 334      63BF540C 
 335 0bdd A9B4186E 		.ascii	"\251\264\030nX,\210}\257\262\310\017\357\2176\357\317"
 335      582C887D 
 335      AFB2C80F 
 335      EF8F36EF 
 335      CF
 336 0bee D1E201AA 		.ascii	"\321\342\001\252\374\367/?&\307N@3T\227\352\220\301"
 336      FCF72F3F 
 336      26C74E40 
 336      335497EA 
ARM GAS  C:\Users\mvshv\AppData\Local\Temp\ccZiueoe.s 			page 27


 336      90C1
 337 0c00 1D34461D 		.ascii	"\0354F\035\256\224\345(\007\215\307P\232\251\230\333"
 337      AE94E528 
 337      078DC750 
 337      9AA998DB 
 338 0c10 580CF3FB 		.ascii	"X\014\363\373\020\3704\233[+\244}\010\231\311o\324\352"
 338      10F8349B 
 338      5B2BA47D 
 338      0899C96F 
 338      D4EA
 339 0c22 63B7AA6F 		.ascii	"c\267\252o\313\271}\313{\265\376\230\335}\3539N\275"
 339      CBB97DCB 
 339      7BB5FE98 
 339      DD7DEB39 
 339      4EBD
 340 0c34 53ADDE31 		.ascii	"S\255\3361\366\330\303\323\217\252\365m\366\331d\373"
 340      F6D8C3D3 
 340      8FAAF56D 
 340      F6D964FB 
 341 0c44 D35E29ED 		.ascii	"\323^)\355\017\341H\206\356K\352\326\375\341=\365v\265"
 341      0FE14886 
 341      EE4BEAD6 
 341      FDE13DF5 
 341      76B5
 342 0c56 B782631F 		.ascii	"\267\202c\037Q\263\217\335\014\267\237\345\364\007\324"
 342      51B38FDD 
 342      0CB79FE5 
 342      F407D4
 343 0c65 FAEFC7EC 		.ascii	"\372\357\307\354\001\333y\376\327\366\371}\025\357{"
 343      01DB79FE 
 343      D7F6F97D 
 343      15EF7B
 344 0c74 CF72DE3F 		.ascii	"\317r\336?S{o\263\355'\352C\374`{\325\352=\352\301\266"
 344      537B6FB3 
 344      ED27EA43 
 344      FC607BD5 
 344      EA3DEAC1 
 345 0c89 F3A114B1 		.ascii	"\363\241\024\261\275Pru\320p\226\253\203!\265\353\317"
 345      BD507275 
 345      D07096AB 
 345      8321B5EB 
 345      CF
 346 0c9a 0575E41F 		.ascii	"\005u\344\037Up\316\274R;\263I\355\314\020\357\314\007"
 346      5570CEBC 
 346      523BB349 
 346      EDCC10EF 
 346      CC07
 347 0cac 35FDD833 		.ascii	"5\375\3303d\003\037\311\267\366\313\322w\314\241p\003"
 347      64031FC9 
 347      B7F6CBD2 
 347      77CCA170 
 347      03
 348 0cbd 9E8A6230 		.ascii	"\236\212b0\351#\352d\203\273\037{\241\355x\006J\000"
 348      E923EA64 
 348      83BB1F7B 
 348      A1ED7806 
 348      4A00
ARM GAS  C:\Users\mvshv\AppData\Local\Temp\ccZiueoe.s 			page 28


 349 0ccf 64007600 		.ascii	"d\000v\0006\002\322\001;\001\361\200-\200$@\012\340"
 349      3602D201 
 349      3B01F180 
 349      2D802440 
 349      0AE0
 350 0ce1 20601760 		.ascii	" `\027`7 \031p\010\260\031\260\025\220\006\310\005\304"
 350      37201970 
 350      08B019B0 
 350      159006C8 
 350      05C4
 351 0cf3 01F60132 		.ascii	"\001\366\0012\001\007\000\211\200=\200\303\200m\200"
 351      01070089 
 351      803D80C3 
 351      806D80
 352 0d02 1C401620 		.ascii	"\034@\026 \033\260\011\260\027\333\034$\371\221\275"
 352      1BB009B0 
 352      17DB1C24 
 352      F991BD
 353 0d11 508F6CEC 		.ascii	"P\217l\354\341\273\232\257\301a\373\211\341K\274\222"
 353      E1BB9AAF 
 353      C161FB89 
 353      E14BBC92 
 354 0d21 53BFAB56 		.ascii	"S\277\253V\357S\253?\342\331\237\252\325\307\236\211"
 354      EF53AB3F 
 354      E2D99FAA 
 354      D5C79E89 
 355 0d31 F8E91CAB 		.ascii	"\370\351\034\253\256\251\3661\307C~\254\357\354/\026"
 355      AEA9F631 
 355      C7437EAC 
 355      EFEC2F16 
 356 0d41 D6A28222 		.ascii	"\326\242\202\"\254\256\344\212\360\221\375\265\313\346"
 356      ACAEE48A 
 356      F091FDB5 
 356      CBE6
 357 0d4f DCCC57D5 		.ascii	"\334\314W\325G\373U\305\271\323\300\307\346\241Z}\267"
 357      47FB55C5 
 357      B9D3C0C7 
 357      E6A15A7D 
 357      B7
 358 0d60 E23D3B5B 		.ascii	"\342=;[].\307{Eq\"\321\032{\232l\253\304y\312i\362\201"
 358      5D2EC77B 
 358      457122D1 
 358      1A7B9A6C 
 358      ABC479CA 
 359 0d77 7D329B3C 		.ascii	"}2\233<\362\241\353V\353\337\031{\020\347c\367\322~"
 359      F2A1EB56 
 359      EBDF197B 
 359      10E763F7 
 359      D27E
 360 0d89 9DF063E3 		.ascii	"\235\360c\343\351\273\354/\264\374\272\314\347}\320"
 360      E9BBEC2F 
 360      B4FCBACC 
 360      E77DD0
 361 0d98 FECAC6FF 		.ascii	"\376\312\306\377\210\300G\316b\337y~\266\363\354O\354"
 361      88C047CE 
 361      62DF797E 
 361      B6F3EC4F 
ARM GAS  C:\Users\mvshv\AppData\Local\Temp\ccZiueoe.s 			page 29


 361      EC
 362 0da9 57954D1E 		.ascii	"W\225M\036y\372~\373E\313\364\311/\252\005\005]\256"
 362      79FA7EFB 
 362      45CBF4C9 
 362      2FAA0505 
 362      5DAE
 363 0dbb F8B81B3D 		.ascii	"\370\270\033=\015\227$%\306\273[O\303\317\316\261\323"
 363      0D972425 
 363      C6BB5B4F 
 363      C3CFCEB1 
 363      D3
 364 0dcc 701E981F 		.ascii	"p\036\230\037\301\326]\031I\3408+\005:\012\013\304\377"
 364      C1D65D19 
 364      49E0382B 
 364      053A0A0B 
 364      C4FF
 365 0dde C7C5826C 		.ascii	"\307\305\202l\260n\336jE\374\011:\017\363'\350c\230"
 365      B06EDE6A 
 365      45FC093A 
 365      0FF327E8 
 365      6398
 366 0df0 9DA0E10E 		.ascii	"\235\240\341\016\312oZ\267\305;\340r7\266\033\353**"
 366      CA6F5AB7 
 366      C53BE072 
 366      37B61BEB 
 366      2A2A
 367 0e02 D2E1F34C 		.ascii	"\322\341\363L\370\320_eq\306\365Tp\214\033\332\021\353"
 367      F8D05F65 
 367      71C6F554 
 367      708C1BDA 
 367      11EB
 368 0e14 44F7135E 		.ascii	"D\367\023^\223\244B\356\362\314\216\025\353}h\354\013"
 368      93A442EE 
 368      F2CC8E15 
 368      EB7D68EC 
 368      0B
 369 0e25 206825E3 		.ascii	" h%\343}&h\246\276Q\022U\250V\036\273\214\267\177c\373"
 369      7D2668A6 
 369      BE511255 
 369      A8561EBB 
 369      8CB77F63 
 370 0e3a 091ACB6D 		.ascii	"\011\032\313m\363\361\347\264\363\355\223s\323\263\256"
 370      F3F1E7B4 
 370      F3ED9373 
 370      D3B3AE
 371 0e49 8BFDD853 		.ascii	"\213\375\330Sb;=m\322\254\374v^\"\345\370\007\310\361"
 371      623B3D6D 
 371      D2ACFC76 
 371      5E22E5F8 
 371      07C8F1
 372 0e5c 71887311 		.ascii	"q\210s\021\240\030pB\211wZ\377\007\013\302WXa\035O\253"
 372      A0187042 
 372      89775AFF 
 372      070BC257 
 372      58611D4F 
 373 0e71 3FE68A26 		.ascii	"?\346\212&y\331\245C\247\200\345\31712/_uiEQ\207J\311"
 373      79D9A543 
ARM GAS  C:\Users\mvshv\AppData\Local\Temp\ccZiueoe.s 			page 30


 373      A780E5CF 
 373      31322F5F 
 373      75694551 
 374 0e88 50948A2C 		.ascii	"P\224\212,\241\025I6\243\231\243\361\316|\216Kmr\\&"
 374      A1154936 
 374      A399A3F1 
 374      CE7C8E4B 
 374      6D725C26 
 375 0e9c E5B88CE6 		.ascii	"\345\270\214\3468}CQ\257#\257\374\330\346\177lNK\312"
 375      387D4351 
 375      AF23AFFC 
 375      D8E67F6C 
 375      4E4BCA
 376 0eaf E4AE0D5A 		.ascii	"\344\256\015Z\033\030\371\351\254Y\336\326\177\021Q"
 376      1B18F9E9 
 376      AC59DED6 
 376      7F1151
 377 0ebe DE6B0343 		.ascii	"\336k\003C\275\277\215\210\214\216\362\016X\261l\316"
 377      BDBF8D88 
 377      8C8EF20E 
 377      58B16CCE 
 378 0ece 6CEFA54B 		.ascii	"l\357\245K\027z\257\360_\366\235/\3511FE\033CC\203g"
 378      177AAFF0 
 378      5FF69D2F 
 378      E9314645 
 378      1B434383 
 379 0ee3 05E9167F 		.ascii	"\005\351\026\177\371\3654\275\257\257\306\305h\\\027"
 379      F9F534BD 
 379      AFAFC6C5 
 379      685C17
 380 0ef2 121E3D67 		.ascii	"\022\036=g\2661zu\320\257V\006\255\015Y\025\022\025"
 380      B6317A75 
 380      D0AF5606 
 380      AD0D5915 
 380      1215
 381 0f04 BD2E3824 		.ascii	"\275.8$betDDh\324\3125\341\353\246\321\247i\201\221"
 381      62657444 
 381      4468D4CA 
 381      35E1EBA6 
 381      D1A76981 
 382 0f19 61D34C61 		.ascii	"a\323La\253L\301\301\246\340\225\363f\371L\233\355\343"
 382      AB4CC1C1 
 382      A6E095F3 
 382      66F94C9B 
 382      EDE3
 383 0f2b 3BEF8F73 		.ascii	";\357\217sWB\373/\303#\302M\2774\005\256\012Y\031\022"
 383      5742FB2F 
 383      C323C24D 
 383      BF3405AE 
 383      0A591912 
 384 0f3f 1E14BA2E 		.ascii	"\036\024\272.\330\2642,\020\270\302M+\215\301\246\325"
 384      D8B4322C 
 384      10B8C24D 
 384      2B8DC1A6 
 384      D5
 385 0f50 81EB42A3 		.ascii	"\201\353B\243\215\321\337\177k\212\232\265V\243\223"
 385      8DD1DF7F 
ARM GAS  C:\Users\mvshv\AppData\Local\Temp\ccZiueoe.s 			page 31


 385      6B8A9AB5 
 385      56A393
 386 0f5f DFF7EFFF 		.ascii	"\337\367\357\377\253\357\213\372>j%\014/\030\310\311"
 386      ABEF8BFA 
 386      3E6A250C 
 386      2F18C8C9 
 387 0f6f 4B7E6B0A 		.ascii	"K~k\012\212\216\210\\\340\363\331_\025\036\215+{2\206"
 387      8A8E885C 
 387      E0F3D95F 
 387      151E8D2B 
 387      7B3286
 388 0f82 8487447B 		.ascii	"\204\207D{\032\211\2011$\362\217F\323\267!\241\021k"
 388      1A898131 
 388      24F28F46 
 388      D3B721A1 
 388      116B
 389 0f94 D6997C54 		.ascii	"\326\231|T\254A\021aa\021\341\022"
 389      AC411161 
 389      6111E112 
 390 0fa0 F17CC332 		.ascii	"\361|\3032\375\262\365\336Ak\203\"\"M\306\357\346\205"
 390      FDB2F5DE 
 390      416B8322 
 390      224DC6EF 
 390      E685
 391 0fb2 813F138D 		.ascii	"\201?\023\215\321\221\201A&cHT\2441\324\024\370\235"
 391      D1918141 
 391      26634854 
 391      A431D414 
 391      F89D
 392 0fc4 69868A21 		.ascii	"i\206\212!2\332[\032\011\030R]\260\232l\014^\265\306"
 392      32DA5B1A 
 392      0918525D 
 392      B09A6C0C 
 392      5EB5C6
 393 0fd7 18B4D614 		.ascii	"\030\264\326\024\364\037\314\212\330\377\250e\260i\325"
 393      F41FCC8A 
 393      D8FFA865 
 393      B069D5
 394 0fe6 BA3560F9 		.ascii	"\2725`\371\267\234\345\272\360\320\010\270\255\216\214"
 394      B79CE5BA 
 394      F0D008B8 
 394      AD8E8C
 395 0ff5 0823F69E 		.ascii	"\010#\366\236Ak\003\276\217Z\021"
 395      416B03BE 
 395      8F5A11
 396 1000 12668A5C 		.ascii	"\022f\212\\\022\030\036\034j\212\364\237\376c\224\020"
 396      12181E1C 
 396      6A8AF49F 
 396      FE639410 
 397 1010 58209CC2 		.ascii	"X \234\302\273\302\323\361>\232\302\243M\221\244\221"
 397      BBC2D3F1 
 397      3E9AC2A3 
 397      4D91A491 
 398 1020 1F2E6D9C 		.ascii	"\037.m\234\030\376]H\220_x\340\252P\023\313\314\254"
 398      18FE5D48 
 398      905F78E0 
 398      AA5013CB 
ARM GAS  C:\Users\mvshv\AppData\Local\Temp\ccZiueoe.s 			page 32


 398      CCAC
 399 1032 71F322C5 		.ascii	"q\363\"\305R\212\"\261\203\327;\313\371\324\270\033"
 399      528A22B1 
 399      83D73BCB 
 399      F9D4B81B 
 400 1042 8DABD785 		.ascii	"\215\253\327\205\007\031\215\263>\367\375\374S\235,"
 400      07198DB3 
 400      3EF7FDFC 
 400      539D2C
 401 1051 39E8F5CB 		.ascii	"9\350\365\313\014s\204\257\014\332\205\313\346\033\360"
 401      0C7384AF 
 401      0CDA85CB 
 401      E61BF0
 402 1060 42BD41BB 		.ascii	"B\275A\273`\341\012\003\326\353\015\330\000\230o0\340"
 402      60E10A03 
 402      D6EB0DD8 
 402      00986F30 
 402      E0
 403 1071 E5017AAC 		.ascii	"\345\001z\254\377r\205V\257\3673P\375\331\364\257/\366"
 403      FF728556 
 403      AFF73350 
 403      FDD9F4AF 
 403      2FF6
 404 1083 5B6C1002 		.ascii	"[l\020\002\300\322\337\317\240\015X\006\332z\303l\200"
 404      C0D2DFCF 
 404      A00D5806 
 404      DA7AC36C 
 404      80
 405 1094 2F68FECE 		.ascii	"/h\376\316\360\227O\260\250\3500R\327!$\341\256V\301"
 405      F0974FB0 
 405      A8E83052 
 405      D72124E1 
 405      AE56C1
 406 10a7 18ED1911 		.ascii	"\030\355\031\021\025\030\0121_\012q[\004a\363\0170\250"
 406      15180A31 
 406      5F0A715B 
 406      0461F30F 
 406      30A8
 407 10b9 234E4889 		.ascii	"#NH\211\026\011=\271\223\222\241y\342l<i\031\332\004"
 407      16093DB9 
 407      9392A179 
 407      E26C3C69 
 407      19DA04
 408 10cc DFD9DA04 		.ascii	"\337\331\332\004a\011\016\211\"\361%\205\352\036\030"
 408      61090E89 
 408      22F12585 
 408      EA1E18
 409 10db FA9F81DF 		.ascii	"\372\237\201\337GA\371\206\302\034\374\265\375j5\255"
 409      4741F986 
 409      C21CFCB5 
 409      FD6A35AD 
 410 10eb 8F2651F6 		.ascii	"\217&Q\366\326/\013\360\017\360\326C\261z\373\313Y\017"
 410      D62F0BF0 
 410      0FF0D643 
 410      B17AFBCB 
 410      590F
 411 10fd 8B0A8932 		.ascii	"\213\012\2112\256\011\"\241\237,y\3775-#\331\027\352"
ARM GAS  C:\Users\mvshv\AppData\Local\Temp\ccZiueoe.s 			page 33


 411      AE0922A1 
 411      9F2C79FF 
 411      352D23D9 
 411      17EA
 412 110f 9C4DD364 		.ascii	"\234M\323d\352\213\252\330\\\271Fp1\312\024m\\0?\300"
 412      EA8BAAD8 
 412      5CB94670 
 412      31CA146D 
 412      5C303FC0 
 413 1123 6FB9C1DF 		.ascii	"o\271\301\337\315\010\225!\373;\211\274\343+\333\242"
 413      CD089521 
 413      FB3B89BC 
 413      E32BDBA2 
 414 1133 D42DD4FF 		.ascii	"\324-\324\377F\277h\261\301\327e\371\322\245\001\363"
 414      46BF68B1 
 414      C1D765F9 
 414      D2A501F3 
 415 1143 FDC93379 		.ascii	"\375\3113y\364\237\035@\036\035\002\002\364\213\015"
 415      F49F1D40 
 415      1E1D0202 
 415      F48B0D
 416 1152 CE06BF00 		.ascii	"\316\006\277\000?\303o\375\026~\206\365\001$\345z\245"
 416      3FC36FFD 
 416      167E86F5 
 416      0124E57A 
 416      A5
 417 1163 E953E7F9 		.ascii	"\351S\347\371\313\027\314^\272\334\357K\003y\362eOr"
 417      CB17CC5E 
 417      BADCEF4B 
 417      0379F265 
 417      4F72
 418 1175 EF5CE7F9 		.ascii	"\357\\\347\371K\026\314\221z\227X\365\226\250\365\346"
 418      4B16CC91 
 418      7A9758F5 
 418      96A8F5E6 
 419 1185 38111668 		.ascii	"8\021\026h!w_\276g\266\023a\240=K$\215%\266\032\276"
 419      21775FBE 
 419      67B61361 
 419      A03D4B24 
 419      8D25B61A 
 420 119a 3A626B08 		.ascii	":bk\010Xa \017\276\344\301\332\347\243#\326\254o\211"
 420      5861200F 
 420      BEE4C1DA 
 420      E7A323D6 
 420      AC6F89
 421 11ad ACB48429 		.ascii	"\254\264\204)a\275\277AK\006\351\004\343%wAo\220\303"
 421      61BDBF41 
 421      4B06E904 
 421      E3257741 
 421      6F90C3
 422 11c0 315B5D8F 		.ascii	"1[]\217\\6\003V\260\232\\4o\375zV\215\253\347\315\375"
 422      5C360356 
 422      B09A5C34 
 422      6FFD7A56 
 422      8DABE7CD 
 423 11d5 6CFD7A52 		.ascii	"l\375zR\217\006\275\336\270\002\226\340\205\246\325"
 423      8F06BDDE 
ARM GAS  C:\Users\mvshv\AppData\Local\Temp\ccZiueoe.s 			page 34


 423      B80296E0 
 423      85A6D5
 424 11e4 8EC49945 		.ascii	"\216\304\231E\277w\364_\250\377j\241\037\221f/\372\275"
 424      BF77F45F 
 424      A8FF6AA1 
 424      1F91662F 
 424      FABD
 425 11f6 C7C2058B 		.ascii	"\307\302\005\213\227\351\277\226u\376\007\023x\342\305"
 425      97E9BF96 
 425      75FE0713 
 425      78E2C5
 426              		.text
 427              		.section	.gnu.lto_.symtab.fb6a2c1f,"",%progbits
 428 0000 56656374 		.ascii	"VectorB0\000"
 428      6F724230 
 428      00
 429 0009 00       		.ascii	"\000"
 430 000a 00       		.ascii	"\000"
 431 000b 00       		.ascii	"\000"
 432 000c 00000000 		.ascii	"\000\000\000\000\000\000\000\000"
 432      00000000 
 433 0014 D2000000 		.ascii	"\322\000\000\000"
 434 0018 73745F6C 		.ascii	"st_lld_init\000"
 434      6C645F69 
 434      6E697400 
 435 0024 00       		.ascii	"\000"
 436 0025 00       		.ascii	"\000"
 437 0026 00       		.ascii	"\000"
 438 0027 00000000 		.ascii	"\000\000\000\000\000\000\000\000"
 438      00000000 
 439 002f D4000000 		.ascii	"\324\000\000\000"
 440 0033 5F706F72 		.ascii	"_port_irq_epilogue\000"
 440      745F6972 
 440      715F6570 
 440      696C6F67 
 440      756500
 441 0046 00       		.ascii	"\000"
 442 0047 02       		.ascii	"\002"
 443 0048 00       		.ascii	"\000"
 444 0049 00000000 		.ascii	"\000\000\000\000\000\000\000\000"
 444      00000000 
 445 0051 D6000000 		.ascii	"\326\000\000\000"
 446 0055 5F747261 		.ascii	"_trace_isr_leave\000"
 446      63655F69 
 446      73725F6C 
 446      65617665 
 446      00
 447 0066 00       		.ascii	"\000"
 448 0067 02       		.ascii	"\002"
 449 0068 00       		.ascii	"\000"
 450 0069 00000000 		.ascii	"\000\000\000\000\000\000\000\000"
 450      00000000 
 451 0071 DB000000 		.ascii	"\333\000\000\000"
 452 0075 5F646267 		.ascii	"_dbg_check_leave_isr\000"
 452      5F636865 
 452      636B5F6C 
 452      65617665 
ARM GAS  C:\Users\mvshv\AppData\Local\Temp\ccZiueoe.s 			page 35


 452      5F697372 
 453 008a 00       		.ascii	"\000"
 454 008b 02       		.ascii	"\002"
 455 008c 00       		.ascii	"\000"
 456 008d 00000000 		.ascii	"\000\000\000\000\000\000\000\000"
 456      00000000 
 457 0095 DD000000 		.ascii	"\335\000\000\000"
 458 0099 5F646267 		.ascii	"_dbg_check_unlock_from_isr\000"
 458      5F636865 
 458      636B5F75 
 458      6E6C6F63 
 458      6B5F6672 
 459 00b4 00       		.ascii	"\000"
 460 00b5 02       		.ascii	"\002"
 461 00b6 00       		.ascii	"\000"
 462 00b7 00000000 		.ascii	"\000\000\000\000\000\000\000\000"
 462      00000000 
 463 00bf DF000000 		.ascii	"\337\000\000\000"
 464 00c3 63685379 		.ascii	"chSysTimerHandlerI\000"
 464      7354696D 
 464      65724861 
 464      6E646C65 
 464      724900
 465 00d6 00       		.ascii	"\000"
 466 00d7 02       		.ascii	"\002"
 467 00d8 00       		.ascii	"\000"
 468 00d9 00000000 		.ascii	"\000\000\000\000\000\000\000\000"
 468      00000000 
 469 00e1 E1000000 		.ascii	"\341\000\000\000"
 470 00e5 5F646267 		.ascii	"_dbg_check_lock_from_isr\000"
 470      5F636865 
 470      636B5F6C 
 470      6F636B5F 
 470      66726F6D 
 471 00fe 00       		.ascii	"\000"
 472 00ff 02       		.ascii	"\002"
 473 0100 00       		.ascii	"\000"
 474 0101 00000000 		.ascii	"\000\000\000\000\000\000\000\000"
 474      00000000 
 475 0109 E3000000 		.ascii	"\343\000\000\000"
 476 010d 5F646267 		.ascii	"_dbg_check_enter_isr\000"
 476      5F636865 
 476      636B5F65 
 476      6E746572 
 476      5F697372 
 477 0122 00       		.ascii	"\000"
 478 0123 02       		.ascii	"\002"
 479 0124 00       		.ascii	"\000"
 480 0125 00000000 		.ascii	"\000\000\000\000\000\000\000\000"
 480      00000000 
 481 012d E5000000 		.ascii	"\345\000\000\000"
 482 0131 5F747261 		.ascii	"_trace_isr_enter\000"
 482      63655F69 
 482      73725F65 
 482      6E746572 
 482      00
 483 0142 00       		.ascii	"\000"
ARM GAS  C:\Users\mvshv\AppData\Local\Temp\ccZiueoe.s 			page 36


 484 0143 02       		.ascii	"\002"
 485 0144 00       		.ascii	"\000"
 486 0145 00000000 		.ascii	"\000\000\000\000\000\000\000\000"
 486      00000000 
 487 014d E7000000 		.ascii	"\347\000\000\000"
 488 0151 6E766963 		.ascii	"nvicEnableVector\000"
 488      456E6162 
 488      6C655665 
 488      63746F72 
 488      00
 489 0162 00       		.ascii	"\000"
 490 0163 02       		.ascii	"\002"
 491 0164 00       		.ascii	"\000"
 492 0165 00000000 		.ascii	"\000\000\000\000\000\000\000\000"
 492      00000000 
 493 016d EC000000 		.ascii	"\354\000\000\000"
 494              		.text
 495              		.section	.gnu.lto_.opts,"",%progbits
 496 0000 272D666D 		.ascii	"'-fmath-errno' '-fsigned-zeros' '-ftrapping-math' '"
 496      6174682D 
 496      6572726E 
 496      6F272027 
 496      2D667369 
 497 0033 2D666E6F 		.ascii	"-fno-trapv' '-fno-openmp' '-fno-openacc' '-mcpu=cor"
 497      2D747261 
 497      70762720 
 497      272D666E 
 497      6F2D6F70 
 498 0066 7465782D 		.ascii	"tex-m7' '-mno-thumb-interwork' '-mthumb' '-O2' '-fo"
 498      6D372720 
 498      272D6D6E 
 498      6F2D7468 
 498      756D622D 
 499 0099 6D69742D 		.ascii	"mit-frame-pointer' '-falign-functions=16' '-ffuncti"
 499      6672616D 
 499      652D706F 
 499      696E7465 
 499      72272027 
 500 00cc 6F6E2D73 		.ascii	"on-sections' '-fdata-sections' '-fno-common' '-flto"
 500      65637469 
 500      6F6E7327 
 500      20272D66 
 500      64617461 
 501 00ff 2700     		.ascii	"'\000"
 502              		.text
 503              		.comm	__gnu_lto_v1,1,1
 504              		.comm	__gnu_lto_slim,1,1
 505              		.ident	"GCC: (GNU Tools for Arm Embedded Processors 7-2017-q4-major) 7.2.1 20170904 (release) [ARM
ARM GAS  C:\Users\mvshv\AppData\Local\Temp\ccZiueoe.s 			page 37


DEFINED SYMBOLS
                            *ABS*:00000000 hal_st_lld.c
                            *COM*:00000001 __gnu_lto_v1
                            *COM*:00000001 __gnu_lto_slim

NO UNDEFINED SYMBOLS
