ARM GAS  C:\Users\mvshv\AppData\Local\Temp\ccxq7ma3.s 			page 1


   1              		.cpu cortex-m7
   2              		.eabi_attribute 20, 1
   3              		.eabi_attribute 21, 1
   4              		.eabi_attribute 23, 3
   5              		.eabi_attribute 24, 1
   6              		.eabi_attribute 25, 1
   7              		.eabi_attribute 26, 1
   8              		.eabi_attribute 30, 2
   9              		.eabi_attribute 34, 1
  10              		.eabi_attribute 18, 4
  11              		.file	"hal_pal.c"
  12              		.section	.gnu.lto_.profile.fb6a35d7,"",%progbits
  13 0000 789C6363 		.ascii	"x\234cc```\001bF\206\010C\000\001Y\000\225"
  13      60606001 
  13      62468608 
  13      43000159 
  13      0095
  14              		.text
  15              		.section	.gnu.lto_.icf.fb6a35d7,"",%progbits
  16 0000 789C6363 		.ascii	"x\234cc``Pc@\0006\206}g\267\315ac\234\375h\3055\036"
  16      60605063 
  16      40003686 
  16      7D67B7CD 
  16      61639CFD 
  17 0018 A6D573F7 		.ascii	"\246\325s\367\177db>?\345C;#\313\374\353\3137s\262\036"
  17      7F64623E 
  17      3FE5433B 
  17      23CBFCEB 
  17      CB3773B2 
  18 002d 3D38F92A 		.ascii	"=8\371*;\003\000aH\021\317"
  18      3B030061 
  18      4811CF
  19              		.text
  20              		.section	.gnu.lto_.jmpfuncs.fb6a35d7,"",%progbits
  21 0000 789C7D8E 		.ascii	"x\234}\216=\012\002A\014\205\363\222\331\265\323\326"
  21      3D0A0241 
  21      0C85F392 
  21      D9B5D3D6 
  22 0010 62CFE39D 		.ascii	"b\317\343\235\254V\020+[\261\332b\216 \370\277\010\212"
  22      AC56102B 
  22      5BB1DA62 
  22      8E20F8BF 
  22      088A
  23 0022 17B0F50E 		.ascii	"\027\260\365\016\226v\242\214oX\\d\212\015\274\"\311"
  23      9676A28C 
  23      6F585C64 
  23      8A0DBC22 
  23      C9
  24 0033 CB97978B 		.ascii	"\313\227\227\213\310\010\322\226\011\200\2622Q,\014"
  24      C808D296 
  24      0980B232 
  24      512C0C
  25 0042 D3D7F9D9 		.ascii	"\323\327\371\331/?\223ae\360\3065\326(\005\027\007\241"
  25      2F3F9361 
  25      65F0C635 
  25      D6280517 
  25      07A1
ARM GAS  C:\Users\mvshv\AppData\Local\Temp\ccxq7ma3.s 			page 2


  26 0054 DE218401 		.ascii	"\336!\204\001\224\276\345\354z\353\315\215.\0106(\242"
  26      94BEE5EC 
  26      7AEBCD8D 
  26      2E083628 
  26      A2
  27 0065 54018B24 		.ascii	"T\001\213$JS\232y\343Sl\273i\364`G\032\345~4T\346ri"
  27      4A539A79 
  27      E3536CBB 
  27      69F46047 
  27      1AE57E34 
  28 007d AF42BC92 		.ascii	"\257B\274\222\244\007\376)J\312\036\005G\217\323\352"
  28      A407FE29 
  28      4ACA1E05 
  28      478FD3EA 
  29 008d 9E35A3C6 		.ascii	"\2365\243\306w`\3141RZ\0326\363\246\364\034\273\303"
  29      7760CC31 
  29      525A1A36 
  29      F3A6F41C 
  29      BBC3
  30 009f 667C5333 		.ascii	"f|S3,%_=\004be"
  30      2C255F3D 
  30      046265
  31              		.text
  32              		.section	.gnu.lto_.inline.fb6a35d7,"",%progbits
  33 0000 789C6363 		.ascii	"x\234cc``\360`d\200\003f\006\006\001aF6\006\205\254"
  33      6060F060 
  33      64800366 
  33      06060161 
  33      46360685 
  34 0015 29CC8CD3 		.ascii	")\314\214\323Z\017\235g\357f\236\303\314\300\310\300"
  34      5A0F9D67 
  34      EF669EC3 
  34      CCC0C8C0 
  35 0025 B8995186 		.ascii	"\270\231Q\206\201A!\033Jg\000\245\327,\373x\200\037"
  35      8141211B 
  35      4A6700A5 
  35      D72CFB78 
  35      801F
  36 0037 24CDC6C8 		.ascii	"$\315\306\310\317\270\205Q\206\331\201A!\035\306\000"
  36      CFB88551 
  36      86D98141 
  36      211DC600 
  37 0047 99092498 		.ascii	"\231\011$\230\035X9W\2701p\3360cb`Y \357\300\300\270"
  37      1D583957 
  37      B83170DE 
  37      30636260 
  37      5920EFC0 
  38 005d 93AD8191 		.ascii	"\223\255\201\221\203\211\201u\256\002\220\006Y\311\304"
  38      83898175 
  38      AE029006 
  38      59C9C4
  39 006c CD2002B4 		.ascii	"\315 \002\264\200\211AT\202\221\035h1\272M\270\215f"
  39      80894154 
  39      82911D68 
  39      31BA4DB8 
  39      8D66
  40 007e 0431D904 		.ascii	"\0041\331\004_\2640\342\266\200\351\002\177\003\023"
ARM GAS  C:\Users\mvshv\AppData\Local\Temp\ccxq7ma3.s 			page 3


  40      5FB430E2 
  40      B680E902 
  40      7F0313
  41 008d 92352C0C 		.ascii	"\2225,\014Br`\377\021o\015+k\207:^\037\260\360\002\003"
  41      427260FF 
  41      116F0D2B 
  41      6B873A5E 
  41      1FB0F002 
  42 00a2 6E821F08 		.ascii	"n\202\037\010Bma\000\000\276\2573\234"
  42      426D6100 
  42      00BEAF33 
  42      9C
  43              		.text
  44              		.section	.gnu.lto_.pureconst.fb6a35d7,"",%progbits
  45 0000 789C6363 		.ascii	"x\234cc```\007bf\006)&)\026I\000\001\304\000d"
  45      60606007 
  45      62660629 
  45      26291649 
  45      0001C400 
  46              		.text
  47              		.section	.gnu.lto_palReadBus.fb6a35d7,"",%progbits
  48 0000 789C9552 		.ascii	"x\234\225RMO\024A\020\255753\014\354\007x\363\300a\215"
  48      4D4F1441 
  48      10AD3735 
  48      330CEC07 
  48      78F3C061 
  49 0015 24040FAC 		.ascii	"$\004\017\254\377A\343\3370\310\305\003\211F\342y\033"
  49      FF41E3DF 
  49      30C8C503 
  49      8946E279 
  49      1B
  50 0026 76410C9A 		.ascii	"vA\014\232\020\"\037!#\341\000j\214F\015(\262\242\014"
  50      10221F21 
  50      23E1006A 
  50      8C460D28 
  50      B2A20C
  51 0039 8BE24782 		.ascii	"\213\342G\202\210\007\203J<h<H\220\210zP\243hU\357\002"
  51      8807834A 
  51      3C683C48 
  51      90887A50 
  51      A36855EF 
  52 004e 1B6F2433 		.ascii	"\033o$3\335]5\257^\275z=>\021]a\242z\331\017\313\013"
  52      DD5D35AF 
  52      5EBD7A3D 
  52      3E115D61 
  52      A27AD90F 
  53 0064 9FE0F43C 		.ascii	"\237\340\364<'j\013\034\307]L\220\251\342\331\210\310"
  53      276A0B1C 
  53      C75D4C90 
  53      A9E2D988 
  53      C8
  54 0075 C4D97107 		.ascii	"\304\331q\007\017H\350\375\330/\221\013\257\210\362"
  54      0F48E8FD 
  54      D82F910B 
  54      AF88F2
  55 0084 003D9800 		.ascii	"\000=\230\000\224q\330\365\220\3019\276\300X\312\335"
  55      9471D8F5 
ARM GAS  C:\Users\mvshv\AppData\Local\Temp\ccxq7ma3.s 			page 4


  55      90C139BE 
  55      C058CADD 
  56 0094 0CB99B43 		.ascii	"\014\271\233C&\270\022n,\014}Hj\010\244$\\[\237\237"
  56      26B8126E 
  56      2C0C7D48 
  56      6A08A424 
  56      5C5B9F9F 
  57 00a8 88375C36 		.ascii	"\2107\\6\246\335D\003\275\376\360\304\013S\031\262C"
  57      A6DD4403 
  57      BDFEF0C4 
  57      0B5319B2 
  57      43
  58 00b9 FD029F40 		.ascii	"\375\002\237@-\306Q\253bn\243A\300\035K\003\235\314"
  58      2DC651AB 
  58      626EA341 
  58      C01D4B03 
  58      9DCC
  59 00cb 752039BF 		.ascii	"u 9\277\376ru%Y?f\013\277\217\262\251\013\231q\007\\"
  59      FE727525 
  59      593F660B 
  59      BF8FB2A9 
  59      0B997107 
  60 00e0 5E2829C2 		.ascii	"^()\302$\352\025\377\376\326f_\302wGdD\201\010\345]"
  60      24EA15FF 
  60      FED6665F 
  60      C2774764 
  60      448108E5 
  61 00f5 9D5076C9 		.ascii	"\235Pv\311\334x\351Ef\363\357\031\023\255\214\341\342"
  61      DC78E945 
  61      66F3EF19 
  61      13AD8CE1 
  61      E2
  62 0106 9138A4D2 		.ascii	"\2218\244\322ud\361X\026\337\325\320\323\223\257K\000"
  62      7564F158 
  62      16DFD5D0 
  62      D393AF4B 
  62      00
  63 0117 E58C91CA 		.ascii	"\345\214\221\312\244.\341\222\261MDg%\224S6\242\217"
  63      A42EE192 
  63      B14D4467 
  63      25945336 
  63      A28F
  64 0129 C8BD997B 		.ascii	"\310\275\231{7\350k\213!\016\244y\177Ga\261B\207f\020"
  64      37E86B8B 
  64      210EA479 
  64      7F4761B1 
  64      42876610 
  65 013d A6EC4824 		.ascii	"\246\354H$\005L\342\250\024\254\242=_YDC\320\323\205"
  65      054CE2A8 
  65      14ACA23D 
  65      5F594443 
  65      D0D385
  66 0150 85797F04 		.ascii	"\205y\177\004\303m\306\230T\310\025\302Q,R\373\272{"
  66      C36DC698 
  66      54C815C2 
  66      512C52FB 
  66      BA7B
ARM GAS  C:\Users\mvshv\AppData\Local\Temp\ccxq7ma3.s 			page 5


  67 0162 9791BE6E 		.ascii	"\227\221\276nz\354\247\000y\214\240O\347!\334CZ[/\037"
  67      7AECA700 
  67      798CA04F 
  67      E721DC43 
  67      5A5B2F1F 
  68 0176 DA61BA76 		.ascii	"\332a\272vi#\252\326\276\001\2521\275\335\327\245\374"
  68      6923AAD6 
  68      BE01AA31 
  68      BDDDD7A5 
  68      FC
  69 0187 4169BB86 		.ascii	"Ai\273\206\\\312\332 \310\251\251\265\267\025\231?&"
  69      5CCADA20 
  69      C8A9A9B5 
  69      B715993F 
  69      26
  70 0198 08B9B29F 		.ascii	"\010\271\262\237\325\227\373\310P\271\364*k{\366\327"
  70      D597FBC8 
  70      50B9F42A 
  70      6B7BF6D7 
  71 01a8 CCB7A4E0 		.ascii	"\314\267\244\340\366JB\275\324\334\317\245\317]1\325"
  71      F64A42BD 
  71      D4DCCFA5 
  71      CF5D31D5 
  72 01b8 5B13720C 		.ascii	"[\023r\0143r\361\017Jj\263\243\343\035\020\364\240U"
  72      3372F10F 
  72      4A6AB3A3 
  72      E31D10F4 
  72      A055
  73 01ca 5B8548D4 		.ascii	"[\205H\324\026\215\237E&\344\270U\343\225lS\027>\235"
  73      168D9F45 
  73      26E4B855 
  73      E3956C53 
  73      173E9D
  74 01dd 9F2BD9E6 		.ascii	"\237+\331\346\354\312\210\004\012\326\010\250\021sb"
  74      ECCA8804 
  74      0AD608A8 
  74      117362
  75 01ec C42A0A5B 		.ascii	"\304*\012[\226r\371\024I;\305\177\304\325\322\016\017"
  75      9672F914 
  75      493BC57F 
  75      C4D5D20E 
  75      0F
  76 01fd 4BC4AF26 		.ascii	"K\304\257&\363\223\011!\316\265\351\247\032<\262\304"
  76      F3930921 
  76      CEB5E9A7 
  76      1A3CB2C4 
  77 020d 8E12CF5B 		.ascii	"\216\022\317[\342\355\273rwyW\217w\356\352\211e\312"
  77      E2EDBB72 
  77      7779578F 
  77      77EEEA89 
  77      65CA
  78 021f 7EED4491 		.ascii	"~\355D\221\312\023\231BX\316\356\357\212}\017\236Zv"
  78      CA139942 
  78      58CEEEEF 
  78      8A7D0F9E 
  78      5A76
  79 0231 FB6B3F2B 		.ascii	"\373k?+\262\377\336b\217\331\006>\255\243=U\312\250"
ARM GAS  C:\Users\mvshv\AppData\Local\Temp\ccxq7ma3.s 			page 6


  79      B2FFDE62 
  79      8FD9063E 
  79      ADA33D55 
  79      CAA8
  80 0243 8A2EB14B 		.ascii	"\212.\261K\254\227\321\36656\246\267\237\023\255\351"
  80      AC97D1F6 
  80      3536A6B7 
  80      9F13ADE9 
  81 0253 E34D2DE9 		.ascii	"\343M-\351\326S\315\272\037=\331\324\322\330L|\354t"
  81      D653CDBA 
  81      1F3DD9D4 
  81      D2D84C7C 
  81      EC74
  82 0265 EB3FADB8 		.ascii	"\353?\255\2702X"
  82      3258
  83              		.text
  84              		.section	.gnu.lto_palWriteBus.fb6a35d7,"",%progbits
  85 0000 789C9552 		.ascii	"x\234\225RKO\023Q\024\276\337\334\231\351ch\251\270"
  85      4B4F1351 
  85      14BEDFDC 
  85      99E96368 
  85      A9B8
  86 0012 71C10223 		.ascii	"q\301\002#\011bL\353\316\037\240\361o\030`\243\011\211"
  86      09624CEB 
  86      CE1FA0F1 
  86      6F1860A3 
  86      0989
  87 0024 C6EABA43 		.ascii	"\306\352\272C_\200hB\214\024\202\003iP\2531\0325\250"
  87      5F806842 
  87      8C148203 
  87      6950AB31 
  87      1A35A8
  88 0037 D8823014 		.ascii	"\330\2020\024\005\037<\0021\006\037+\015,\010\032\210"
  88      051F3C02 
  88      31061F2B 
  88      0D2C081A 
  88      88
  89 0048 2ED060F1 		.ascii	".\320`\361\334;-Tv\334\314\234\271\367\334s\316\367"
  89      DC3B2D54 
  89      76DCCC9C 
  89      B9F7DC73 
  89      CEF7
  90 005a CD778ECE 		.ascii	"\315w\216\316\030\213\252\214\035\245\357Iz\2413(\235"
  90      188BAA8C 
  90      1DA5EF49 
  90      7AA13328 
  90      9D
  91 006b B38CB5B8 		.ascii	"\263\214\265\270\025E\235\3631\323\313\307m\306\314"
  91      15459DF3 
  91      31D3CBC7 
  91      6DC6CC
  92 007a 0AAEA83D 		.ascii	"\012\256\250=G\350\250m\034\242\223\012\315\211\322"
  92      47E8A86D 
  92      1CA2930A 
  92      CD89D2
  93 0089 00B131DD 		.ascii	"\000\2611\335`\021\205\253\032\"\270\302\257s\344[\227"
  93      601185AB 
ARM GAS  C:\Users\mvshv\AppData\Local\Temp\ccxq7ma3.s 			page 7


  93      1A22B8C2 
  93      AF73E45B 
  93      97
  94 009a B34AFD1D 		.ascii	"\263J\375\035\223\226\335\375KO\232\211\003\026g,E\257"
  94      9396DDFD 
  94      4B4F9A89 
  94      0316672C 
  94      45AF
  95 00ac 5818443D 		.ascii	"X\030D=E\315\307\037Y\274\203[\034P\351\270>\323\373"
  95      45CDC71F 
  95      59BC835B 
  95      1C50E9B8 
  95      3ED3FB
  96 00bf CD2F8E0A 		.ascii	"\315/\216\012j\350\230\230\357Nr^\013F\373\217k\367"
  96      6AE89898 
  96      EF4E725E 
  96      0B46FB8F 
  96      6BF7
  97 00d1 BEF8EB6E 		.ascii	"\276\370\353n\233f\324\2647or\263\326\342\034\317\300"
  97      9B66D4B4 
  97      376F72B3 
  97      D6E21CCF 
  97      C0
  98 00e2 A9209EA2 		.ascii	"\251 \236\242\032OP\315\310\3050\204:\012\357+\014L"
  98      1A4F50CD 
  98      C8C53084 
  98      3A0AEF2B 
  98      0C4C
  99 00f4 19FCB04C 		.ascii	"\031\374\260L\315\214ZM\305\314\351\214\314T\361|w\246"
  99      CD8C5A4D 
  99      C5CCE98C 
  99      CC54F17C 
  99      77A6
 100 0106 CA90459D 		.ascii	"\312\220E\235\010\377\372\270\320\345\323\325t\211-"
 100      08FFFAB8 
 100      D0E5D3D5 
 100      74892D
 101 0115 724214FA 		.ascii	"rB\024\372\222\347\341\202f\233\205\255V\342\220\301"
 101      92E7E182 
 101      669B85AD 
 101      56E290C1 
 102 0125 D6A92A50 		.ascii	"\326\251*P\246\246\220\321\2710\2520\232\360\351\302"
 102      A6A690D1 
 102      B930AA30 
 102      9AF0E9C2 
 103 0135 B8C4D12D 		.ascii	"\270\304\321-\214G\030/\031\227!v>\010\232\001HH\326"
 103      8C47182F 
 103      19972176 
 103      3E089A01 
 103      4848D6
 104 0148 4628A4A1 		.ascii	"F(\244\241i\263v\256\210]\314fK\210\177\232X\276\241"
 104      69B376AE 
 104      885DCC66 
 104      4B887F9A 
 104      58BEA1
 105 015b 0BF05EEE 		.ascii	"\013\360^\356#Z\251D~\316%\264\341`\030&\316b\265\323"
 105      235AA944 
ARM GAS  C:\Users\mvshv\AppData\Local\Temp\ccxq7ma3.s 			page 8


 105      7ECE25B4 
 105      E1601826 
 105      CE62B5D3 
 106 016f 1F537B28 		.ascii	"\037S{(a\005\321\234\307\211\006E\217\344g&\3654\372"
 106      6105D19C 
 106      C7890645 
 106      8FE46726 
 106      F534FA
 107 0182 5B48FF1A 		.ascii	"[H\377\032\213\273\251\206\223$T\356\270\266\210\320"
 107      8BBBA986 
 107      932454EE 
 107      B8B688D0 
 108 0192 03B3535E 		.ascii	"\003\263S^y0\2024\272d_\360\002!\001\275xb\247\322\375"
 108      79308234 
 108      BA645FF0 
 108      022101BD 
 108      7862A7D2 
 109 01a7 CCBA5D29 		.ascii	"\314\272])p=\250\304\3506\256\312r\307\010v\025\361"
 109      703DA8C4 
 109      E836AECA 
 109      72C70876 
 109      15F1
 110 01b9 1A291045 		.ascii	"\032)\020Ef\263\253\237]\221\277\246\333\342\336\024"
 110      66B3AB9F 
 110      5D91BFA6 
 110      DBE2DE14 
 111 01c9 178A8D21 		.ascii	"\027\212\215!\302\312\251\033\262\037\261?c?\375\024"
 111      C2CAA91B 
 111      B21FB13F 
 111      633FFD14 
 112 01d9 47036108 		.ascii	"G\003a\010\225\205\357\367\374\3676C\360\015X\274\002"
 112      9585EFF7 
 112      FCF73643 
 112      F00D58BC 
 112      02
 113 01ea E3344576 		.ascii	"\3434Ev\221m\354\326`\002\024\335#\331\032\310\023["
 113      916DECD6 
 113      600214DD 
 113      23D91AC8 
 113      135B
 114 01fc A7251388 		.ascii	"\247%\023\210X\334'\331hE\331H\205Br\351\270\303^\351"
 114      58DC27D9 
 114      6845D948 
 114      854272E9 
 114      B8C35EE9 
 115 0210 E581725D 		.ascii	"\345\201r]\370\236t\361\343\245\324\005B\227W\244\313"
 115      F89E74F1 
 115      E3A5D405 
 115      429757A4 
 115      CB
 116 0221 0A629B49 		.ascii	"\012b\233I8\245TY\235\227W\327\366\250\372\344\216\352"
 116      38A55459 
 116      9D9757D7 
 116      F6A8FAE4 
 116      8EEA
 117 0233 534EF554 		.ascii	"SN\365T\251z\261\332\302\332t\237!d\323\020\300k*C1"
 117      A97AB1DA 
ARM GAS  C:\Users\mvshv\AppData\Local\Temp\ccxq7ma3.s 			page 9


 117      C2DA749F 
 117      2164D310 
 117      C06B2A43 
 118 0248 6BA51897 		.ascii	"k\245\030\227$\241\377\307\212\360\270\363\317;q\036"
 118      24A1FFC7 
 118      8AF0B8F3 
 118      CF3B711E 
 119 0258 E9D6CA99 		.ascii	"\351\326\312\231z\367\304\264\022o$SE0}\3530\335(U7"
 119      7AF7C4B4 
 119      126F2453 
 119      45307DEB 
 119      30DD2855 
 120 026d 24110FF9 		.ascii	"$\021\017\371\362\357/K_y\273\003\262\335\273\240\366"
 120      F2EF2F4B 
 120      5F79BB03 
 120      B2DDBBA0 
 120      F6
 121 027e 1101BC2B 		.ascii	"\021\001\274+B}\030\312\015\371\010*\336\"\256\2520"
 121      427D18CA 
 121      0DF9082A 
 121      DE22AEAA 
 121      30
 122 028f 2DA18A33 		.ascii	"-\241\21231\334?p\027\333\227\3731\203P\027\315\035"
 122      31DC3F70 
 122      17DB97FB 
 122      31835017 
 122      CD1D
 123 02a1 D1984588 		.ascii	"\321\230E\210\260\331\017D\323[W\235i\020\253\215\232"
 123      B0D90F44 
 123      D35B579D 
 123      6910AB8D 
 123      9A
 124 02b2 4573404C 		.ascii	"Es@L\017\006\203\241\355\347\\8t\246\2419\024\276\320"
 124      0F0683A1 
 124      EDE75C38 
 124      74A6A139 
 124      14BED0
 125 02c5 24BEA7CF 		.ascii	"$\276\247\31774\007\233\030o\274\024V\033\317^\014\377"
 125      3734079B 
 125      186FBC14 
 125      561BCF5E 
 125      0CFF
 126 02d7 038D6E71 		.ascii	"\003\215nqj"
 126      6A
 127              		.text
 128              		.section	.gnu.lto_palSetBusMode.fb6a35d7,"",%progbits
 129 0000 789C9552 		.ascii	"x\234\225RMO\023Q\024}g\356L[Z(\270s\301\002#I\305\030"
 129      4D4F1351 
 129      147D67EE 
 129      4C5B5A28 
 129      B873C102 
 130 0018 EA7FD0C4 		.ascii	"\352\177\320\304\237a\020M\\`06\256\373hi\201`\"Q)\004"
 130      9F61104D 
 130      5C603036 
 130      AEFB6869 
 130      81602251 
 131 002e 27A40B8A 		.ascii	"'\244\013\212\321h\324\200\037\005\224\241(~D$\260\302"
ARM GAS  C:\Users\mvshv\AppData\Local\Temp\ccxq7ma3.s 			page 10


 131      D168D480 
 131      1F0594A1 
 131      287E4424 
 131      B0C2
 132 0040 2F161A5D 		.ascii	"/\026\032]\020 \0206j\024\275\367\015\002\0327\274\314"
 132      10201036 
 132      6A14BDF7 
 132      0D021A37 
 132      BCCC
 133 0052 BCF7EE9B 		.ascii	"\274\367\356\233s\317=\357\334\011(\245\372H\251C\274"
 133      73CF3DEF 
 133      DC0928A5 
 133      FA48A943 
 133      BC
 134 0063 1EE51701 		.ascii	"\036\345\027\001\005\253\353\265R-!\313\262g*\224\016"
 134      05ABEBB5 
 134      522D21CB 
 134      B2672A94 
 134      0E
 135 0074 D384A794 		.ascii	"\323\204\247\224.'\313\356=\310\241\363u?G6\034\037"
 135      2E27CBEE 
 135      3DC8A1F3 
 135      753F4736 
 135      1C1F
 136 0086 E500B2D1 		.ascii	"\345\000\262\321!\250\244E\266\203$.\320\025B\251\355"
 136      21A8A445 
 136      B683242E 
 136      D01542A9 
 136      ED
 137 0097 4BD1AABB 		.ascii	"K\321\252\273\246yx=s\301\254\316\354u\271N\216_\031"
 137      A679783D 
 137      73C1ACCE 
 137      EC75B94E 
 137      8E5F19
 138 00aa 18421DA3 		.ascii	"\030B\035\243f[\357\270\324I.\0016\207k\323}\237\242"
 138      665BEFB8 
 138      D4492E01 
 138      36876BD3 
 138      7D9FA2
 139 00bd 125AA8E1 		.ascii	"\022Z\250\34103\333\223%\252\205\342\375\233\325\033"
 139      3033DB93 
 139      25AA85E2 
 139      FD9BD51B 
 140 00cd EFA3B182 		.ascii	"\357\243\261\202\326)\355\275\032 ]\353\022\341>\210"
 140      D629EDBD 
 140      1A205DEB 
 140      12E13E88 
 141 00dd 09710FD5 		.ascii	"\011q\017\325\030F\265\342#\205\007\2101|}\250p9B\007"
 141      1846B5E2 
 141      23850788 
 141      317C7DA8 
 141      70394207 
 142 00f1 4CEAC2CA 		.ascii	"L\352\302\312\360\325\360f\352\217\202I\265\361\360"
 142      F0D5F066 
 142      EA8F8249 
 142      B5F1F0
 143 0100 DF545BA1 		.ascii	"\337T[\241\210\230\340?\336\335\350\256\010\330\371"
ARM GAS  C:\Users\mvshv\AppData\Local\Temp\ccxq7ma3.s 			page 11


 143      8898E03F 
 143      DEDDE8AE 
 143      08D8F9
 144 010f 3F723122 		.ascii	"?r1\"\256\360\312'\267\347\034Oo\374j\323\336\322 >"
 144      AEF0CA27 
 144      B7E71C4F 
 144      6FFC6AD3 
 144      DED2203E 
 145 0123 1C2B0767 		.ascii	"\034+\007g:\026O\001\342)hK\350\310.\010Q\022\206!U"
 145      3A164F01 
 145      E229684B 
 145      E8C82E08 
 145      51128621 
 146 0138 EDCCC336 		.ascii	"\355\314\3036iOu\220%\273\264\247>\243\365\355\344B"
 146      694F7590 
 146      25BBB4A7 
 146      3EA3F5ED 
 146      E442
 147 014a 7F40E8FB 		.ascii	"\177@\350\373(\310\205s\231\322LP\256OP\030eU2:\370"
 147      28C88573 
 147      99D24C50 
 147      AE4F5018 
 147      6555323A 
 148 015f 52DC014E 		.ascii	"R\334\001NXDj\244\314G\203\321c\245\351\251@\036\375"
 148      58446AA4 
 148      CC4783D1 
 148      63A5E9A9 
 148      401EFD
 149 0172 2D6C718D 		.ascii	"-lq\215K!\346\360\223\304\310\316K\363\210\337\322]"
 149      4B21E6F0 
 149      93C4C8CE 
 149      4BF388DF 
 149      D25D
 150 0184 E65319C6 		.ascii	"\346S\031\306\220G\267\261\036\217\020\227\322\363G"
 150      9047B7B1 
 150      1E8F1097 
 150      D2F347
 151 0193 B6996E0E 		.ascii	"\266\231n\016\256y\225R\267\014\225x\274U\327V#\207"
 151      AE799552 
 151      B70C9578 
 151      BC55D756 
 151      2387
 152 01a5 B9EC125A 		.ascii	"\271\354\022Zk\214\005\214,\026\227\336\005\223?u\310"
 152      6B8C058C 
 152      2C1697DE 
 152      05933F75 
 152      C8
 153 01b6 A5708EC4 		.ascii	"\245p\216\304\223q$\325N\351\021cy\372\373\370z\224"
 153      937124D5 
 153      4EE91163 
 153      79FAFBF8 
 153      7A94
 154 01c8 71DCF388 		.ascii	"q\334\363\210\370(g\337f\227\333#\242\267\312\245rL"
 154      F82867DF 
 154      6697DB23 
 154      A2B7CAA5 
 154      724C
ARM GAS  C:\Users\mvshv\AppData\Local\Temp\ccxq7ma3.s 			page 12


 155 01da F08FE26D 		.ascii	"\360\217\342m\252M\017\014e\300\350^\2436\202\022\253"
 155      AA4D0F0C 
 155      65C0E85E 
 155      A3368212 
 155      AB
 156 01eb F54D9F44 		.ascii	"\365M\237D\322\245\012\243\306\331\264M\\\270\276L\276"
 156      D2A50AA3 
 156      C6D9B44D 
 156      5CB8BE4C 
 156      BE
 157 01fc 7A6B573E 		.ascii	"zkW>D\361\304\370\000\361\341)\373\260\303Q\332\025"
 157      44F1C4F8 
 157      00F1E129 
 157      FBB0C351 
 157      DA15
 158 020e 5325A60C 		.ascii	"S%\246\014\223%L\317\376f\262w\331\233\347\333\275y"
 158      93254CCF 
 158      FE66B277 
 158      D99BE7DB 
 158      BD79
 159 0220 6198D2AB 		.ascii	"a\230\322\253Y\370T\016\353bBnA\366\177-\250\312\211"
 159      59F8540E 
 159      EB62426E 
 159      41F67F2D 
 159      A8CA89
 160 0233 00BCE416 		.ascii	"\000\274\344\026\260\025\006\036vi\217ZA*?z\321\267"
 160      B015061E 
 160      76698F5A 
 160      412A3F7A 
 160      D1B7
 161 0245 50463BDF 		.ascii	"PF;\337\230\315c\354\276\372\372\370\326\323\234\210"
 161      98CD63EC 
 161      BEFAFAF8 
 161      D6D39C88 
 162 0255 9F6E688A 		.ascii	"\237nh\212'\3165\312z\374lCS}\243\242\023\347\023\366"
 162      27CE35CA 
 162      7AFC6C43 
 162      537DA3A2 
 162      13E713F6 
 163 0269 99E693A7 		.ascii	"\231\346\223\247~\003\026\211/\320"
 163      7E031689 
 163      2FD0
 164              		.text
 165              		.section	.gnu.lto_.symbol_nodes.fb6a35d7,"",%progbits
 166 0000 789C55C9 		.ascii	"x\234U\311\301\015\202@\024E\321\373\337 \226Ab%P\331"
 166      C10D8240 
 166      1445D1FB 
 166      DF209641 
 166      622550D9 
 167 0014 9F8561ED 		.ascii	"\237\205a\355\206\016\250\2025\002jB%n\354\200\311\250"
 167      860EA882 
 167      35026A42 
 167      256EEC80 
 167      C9A8
 168 0026 092C5E6E 		.ascii	"\011,^n\362N\011tih\224\303m\205\224!6pZD\274@\320]"
 168      F24E0974 
 168      696894C3 
ARM GAS  C:\Users\mvshv\AppData\Local\Temp\ccxq7ma3.s 			page 13


 168      6D859421 
 168      36705A44 
 169 003e 6E477AC8 		.ascii	"nGz\310\2764\311u\244\247\224\311fy\310\0041\326`/y"
 169      BE34C975 
 169      A4A794C9 
 169      6679C804 
 169      31D6602F 
 170 0053 B13F0225 		.ascii	"\261?\002%\327\317jA\277\026\377\236\351\333w\305\006"
 170      D7CF6A41 
 170      BF16FF9E 
 170      E9DB77C5 
 170      06
 171 0064 5F7D23EA 		.ascii	"_}#\352"
 172              		.text
 173              		.section	.gnu.lto_.refs.fb6a35d7,"",%progbits
 174 0000 789C6363 		.ascii	"x\234cc``\020\000bF\006&F\026F&&f\026F\026&V\026\006"
 174      60601000 
 174      62460626 
 174      46164626 
 174      26661646 
 175 0019 0002EF00 		.ascii	"\000\002\357\000;"
 175      3B
 176              		.text
 177              		.section	.gnu.lto_.decls.fb6a35d7,"",%progbits
 178 0000 789CAD58 		.ascii	"x\234\255XkPTG\026\276}{\006\206a\000\013\314\226\265"
 178      6B505447 
 178      16BE7D7B 
 178      06866100 
 178      0BCC96B5 
 179 0014 61B39810 		.ascii	"a\263\230\020\245v7 f\263\272[\371\221\207&\246b\202"
 179      A5763720 
 179      66B3BA5B 
 179      F9918726 
 179      A66282
 180 0027 C198C45A 		.ascii	"\301\230\304Z\252&\004\306@-\017\227\031\266\312_{a"
 180      AA2604C6 
 180      402D0F97 
 180      19B6CA5F 
 180      7B61
 181 0039 1051A382 		.ascii	"\020Q\243\202\017\024PAQ\022@\320$( \362p@A\020\344"
 181      0F145041 
 181      511240D0 
 181      242820F2 
 181      70404110 
 182 004e 2118F085 		.ascii	"!\030\360\205\032\301W\020\320 /eOw\337;\367\316\310"
 182      1AC15710 
 182      D0202F65 
 182      4F77DF3B 
 182      F7CEC8
 183 0061 C4D4566E 		.ascii	"\304\324Vnq\346\336\356{\372\234\257\277sNw_\2348\216"
 183      71E6DEEE 
 183      7BFA9CAF 
 183      BF734E77 
 183      5F9C388E 
 184 0075 5BFB1C08 		.ascii	"[\373\034\010\346\270Q\304qSp\251\240\357$\2103\310"
 184      E6B851C4 
 184      715370A9 
ARM GAS  C:\Users\mvshv\AppData\Local\Temp\ccxq7ma3.s 			page 14


 184      A0EF2488 
 184      33C8
 185 0087 0CE8FB03 		.ascii	"\014\350\373\003\210\005\236g\303\375%\220?\203\374"
 185      88059E67 
 185      C3FD2590 
 185      3F83FC
 186 0096 05845C6A 		.ascii	"\005\204\\j\220\371\360\274\000\344u\2207A\336\005\001"
 186      90F9F0BC 
 186      00E47590 
 186      3741DE05 
 186      01
 187 00a7 73DCFB70 		.ascii	"s\334\373p\377\020\344#QW\272\014<\307yrLfr\3146\361"
 187      FF10E423 
 187      5157BA0C 
 187      3CC77972 
 187      4C6672CC 
 188 00bd B312EE13 		.ascii	"\263\022\356\023 sA<D\037\301\242\177o\2207@\226\203"
 188      2073413C 
 188      441FC1A2 
 188      7F6F9037 
 188      409683
 189 00d0 7C0C320E 		.ascii	"|\0142\016:\365 +\340\231\340\325\302\335\031d\000\236"
 189      3AF5202B 
 189      E099E0D5 
 189      C2DD1964 
 189      009E
 190 00e2 5DE1CE8B 		.ascii	"]\341\316\213\270\010\036$bQ^\261<\363\375\271\002\307"
 190      B8081E24 
 190      62515EB1 
 190      3CF3FDB9 
 190      02C7
 191 00f4 0C719E2B 		.ascii	"\014q\236+E\014\023v8\310\374}D\034+\354\260\\\023\361"
 191      450C1376 
 191      38C8FC7D 
 191      441C2BEC 
 191      B05C13F1 
 192 0108 A8452CAE 		.ascii	"\250E,\256\"\236G\320\276\3141<\013\024x>\264\303\263"
 192      229E47D0 
 192      BECC313C 
 192      0B14783E 
 192      B4C3B3
 193 011b 46E4C41E 		.ascii	"F\344\304\036\317K\277\300\013\211\303\237\024\274\020"
 193      CF4BBFC0 
 193      0B89C39F 
 193      14BC10
 194 012a 4C9F80BC 		.ascii	"L\237\200\274#\362/q\342*\266\225\361!\356\355\343\262"
 194      23F22F71 
 194      E22AB695 
 194      F121EEED 
 194      E3B2
 195 013c 1DA3B6A4 		.ascii	"\035\243\266\244#\273\361F\214<\265H\005\315\241\346"
 195      23BBF146 
 195      8C3CB548 
 195      05CDA1E6 
 196 014c CC1BEED0 		.ascii	"\314\033\356\320\234\251E>\320\314\254x\330\250fo5\320"
 196      9CA9453E 
 196      D0CCAC78 
ARM GAS  C:\Users\mvshv\AppData\Local\Temp\ccxq7ma3.s 			page 15


 196      D8A8666F 
 196      35D0
 197 015e 9CCA3BB2 		.ascii	"\234\312;\262^\203yD\006^n\310/$\003\347j\021I!\017"
 197      5E837944 
 197      065E6EC8 
 197      2F2403E7 
 197      6A114921 
 198 0173 E83A7CAF 		.ascii	"\350:|\257|\314\215u\021\215\356\202\332N-v\246\317"
 198      7CCC8D75 
 198      118DEE82 
 198      DA4E2D76 
 198      A6CF
 199 0185 DF15544F 		.ascii	"\337\025TO\271\372\037\022\330\245\371\214C\345\010"
 199      B9FA1F12 
 199      D8A5F98C 
 199      43E508
 200 0194 4B18DAB7 		.ascii	"K\030\332\267\014\037p\306\201D\221\277\332=q\311\035"
 200      0C1F70C6 
 200      814491BF 
 200      DA3D71C9 
 200      1D
 201 01a5 69FD5204 		.ascii	"i\375R\004!Q\3101\013.K8T\202\274\321\367\310\233C\225"
 201      2151C831 
 201      0B2E4B38 
 201      5482BCD1 
 201      F7C89B43 
 202 01ba C88F183F 		.ascii	"\310\217\030?\216\3749T\006\235\245\320\231G\014\326"
 202      8EFC3954 
 202      069DA5D0 
 202      99470CD6 
 203 01ca F43F9A9B 		.ascii	"\364?\232\233\266N\020xt\002iQ\005\302T\007&=W\313\\"
 203      B64E1078 
 203      74026951 
 203      05C25407 
 203      263D57CB 
 204 01df E41F48DB 		.ascii	"\344\037H\333\357\204s\021\365Q\221u\363\024\357\310"
 204      EF847311 
 204      F5519175 
 204      F314EFC8 
 205 01ef 478D631F 		.ascii	"G\215c\037E/\236^K|T\203\217*\331\007\270dN\222\352"
 205      452F9E5E 
 205      4B7C5483 
 205      8F2AD907 
 205      B8644E92 
 206 0204 46D2DC70 		.ascii	"F\322\334p\012\345\207\357\033K*qu\344\244\326\241\223"
 206      0AE587EF 
 206      1B4B2A71 
 206      75E4A4D6 
 206      A193
 207 0216 FB8D7E65 		.ascii	"\373\215~e\347\005\301\007Y\300\311I\331I\265\344\244"
 207      E705C107 
 207      59C0C949 
 207      D949B5E4 
 207      A4
 208 0227 736838DD 		.ascii	"sh8\335\035\267\260 H\341\362d\341:2\265\275\327\015"
 208      1DB7B020 
 208      48E1F264 
ARM GAS  C:\Users\mvshv\AppData\Local\Temp\ccxq7ma3.s 			page 16


 208      E13A32B5 
 208      BDD70D
 209 023a 77B277BB 		.ascii	"w\262w\273\332\277]\254\005\357\346_5E\0300\220t\263"
 209      DABF5DAC 
 209      05EFE65F 
 209      35451830 
 209      9074B3
 210 024d D795199B 		.ascii	"\327\225\031\233\005\315\353\211%\015n\270\207\031\333"
 210      05CDEB89 
 210      250D6EB8 
 210      8719DB
 211 025c B4DD6251 		.ascii	"\264\335bQ\341^\326\310\315H[\247\3067Y#\177k\352\021"
 211      E15ED6C8 
 211      CD485BA7 
 211      C6375923 
 211      7F6BEA11 
 212 0270 2DEE678D 		.ascii	"-\356g\215\366\301\263{\\Y\372\314\200\346\251\251G"
 212      F6C1B37B 
 212      5C59FACC 
 212      80E6A9A9 
 212      47
 213 0281 351ECC22 		.ascii	"5\036\314\"O\020\025\\\030w\301\267\231\352\301\361"
 213      4F10155C 
 213      1877C1B7 
 213      99EAC1F1 
 214 0291 8941923F 		.ascii	"\211A\222?sH\376`E\366\314a\331S\335t&O\207\35732\213"
 214      7348FE60 
 214      45F6CC61 
 214      D953DD74 
 214      264F87EF 
 215 02a8 3327273D 		.ascii	"3''=$2S\315\202\332\217C\315\200\274\205L\347<Lg\216"
 215      243253CD 
 215      82DA8F43 
 215      CD80BC85 
 215      4CE73C4C 
 216 02be 389D36E8 		.ascii	"8\2356\350l\225#V\372B\271 \314@\035\300e\273\314\345"
 216      6C952356 
 216      FA42B920 
 216      CC401DC0 
 216      65BBCCE5 
 217 02d2 1C91CAAA 		.ascii	"\034\221\312\252\264\213}Z<\316\\$\266\356x\340\320"
 217      B48B7D5A 
 217      3CCE5C24 
 217      B6EE78E0 
 217      D0
 218 02e3 C505C72E 		.ascii	"\305\005\307.\212\346\327\321\244\350\002\037\235\262"
 218      8AE6D7D1 
 218      A4E8021F 
 218      9DB2
 219 02f1 8F0E295E 		.ascii	"\217\016)^\211\243\373Oh\260\031\023'\252\221o\216v"
 219      89A3FB4F 
 219      68B01913 
 219      27AA916F 
 219      8E76
 220 0303 B9232F5F 		.ascii	"\271#/__\27742:\025\004\361rd8\324\215\274\210\005t"
 220      5FBF3432 
 220      3A1504F1 
ARM GAS  C:\Users\mvshv\AppData\Local\Temp\ccxq7ma3.s 			page 17


 220      726438D4 
 220      8DBC8805 
 221 0318 091CF620 		.ascii	"\011\034\366 _t\021\371\322*\331OP\325L\335\232\227"
 221      5F7411F9 
 221      D22AD94F 
 221      50D54CDD 
 221      9A97
 222 032a 35FCA320 		.ascii	"5\374\243 l\320Qw?\200;2\300\0123\200\230\010\364\266"
 222      6CD05177 
 222      3F803B32 
 222      C00A3380 
 222      9808F4B6 
 223 033e EADF793E 		.ascii	"\352\337y>C\250I\304T\371\334\264\312\315\304\2538\225"
 223      43A849C4 
 223      54F9DCB4 
 223      CACDC4AB 
 223      3895
 224 0350 2B595A28 		.ascii	"+YZ(M\242\304\211\263`\365\251\252\267\334-\321\"_\337"
 224      4DA2C489 
 224      B360F5A9 
 224      AAB7DC2D 
 224      D1225FDF 
 225 0364 997ECC6C 		.ascii	"\231~\314lW\226g\256Yh\230G\013\241\011\354^E3\345\354"
 225      579667AE 
 225      59689847 
 225      0BA109EC 
 225      5E4533E5 
 226 0379 B2010166 		.ascii	"\262\001\001fG\262\334\023(\012\342\375\254c\355\255"
 226      47B2DC13 
 226      280AE2FD 
 226      AC63EDAD 
 227 0389 441B5255 		.ascii	"D\033RU@*%#D\2330\322\013\214\\\006F\256\210\2140\314"
 227      402A2523 
 227      449B30D2 
 227      0B8C5C06 
 227      46AE888C 
 228 039f 2D59B312 		.ascii	"-Y\263\022`\004\321\262\005\215\232\217o-q\231\011F"
 228      6004D1B2 
 228      058D9A8F 
 228      6F2D7199 
 228      0946
 229 03b1 131C1BE5 		.ascii	"\023\034\033\345l,*\362\327\223\345oRm\347Q\035\256"
 229      6C2C2AF2 
 229      D793E56F 
 229      526DE751 
 229      1DAE
 230 03c3 A6B14337 		.ascii	"\246\261C7\233\016'jp-k\354m.nR\343z\326\250(,n\347"
 230      9B0E276A 
 230      702D6BEC 
 230      6D2E6E52 
 230      E37AD6A8 
 231 03db 71336B1C 		.ascii	"q3k\034*\037\334\210p'k\014\255;l\302\227\330s\326\203"
 231      2A1FDC88 
 231      70276B0C 
 231      AD3B6CC2 
 231      97D873D6 
 232 03f0 CBB75D98 		.ascii	"\313\267]\230m?hni\315\276\250a\245RC\212ct\337\217"
ARM GAS  C:\Users\mvshv\AppData\Local\Temp\ccxq7ma3.s 			page 18


 232      6D3F686E 
 232      69CDBEA8 
 232      61A55243 
 232      8A6374DF 
 233 0405 5B797C9D 		.ascii	"[y|\235\352\352\276j5\237S\003\343py\371\372\221\333"
 233      EAEABE6A 
 233      359F5303 
 233      E37079F9 
 233      FA91DB
 234 0418 7E21C92C 		.ascii	"~!\311,\324\364e\212\314\327\003\363\375\300\345\020"
 234      D4F4658A 
 234      CCD703F3 
 234      FDC0E510 
 235 0428 706ACB65 		.ascii	"pj\313e\011b\324\023u\313\363\231BM\022\246\3327\354"
 235      0962D413 
 235      75CBF399 
 235      424D12A6 
 235      DA37EC
 236 043b B5AF237B 		.ascii	"\265\257#{\365\361\337\313\352?N\257\036(k\017+\264"
 236      F5F1DFCB 
 236      EA3F4EAF 
 236      1E286B0F 
 236      2BB4
 237 044d 6FDA6B1F 		.ascii	"o\332k\037}\312\270\305[V?c\257\336\240P\227+\003Bv"
 237      7DCAB8C5 
 237      5B563F63 
 237      AFDEA050 
 237      972B0342 
 238 0462 07346ED3 		.ascii	"\0074n\323\227Cbe<\200<x\010Q\273\0072\002r\037d\000"
 238      97436265 
 238      3C803C78 
 238      0851BB07 
 238      3202721F 
 239 0478 E4279047 		.ascii	"\344'\220G \203 \303 ?[+\207xoTx?m\357\375\224<51\253"
 239      208320C3 
 239      203F5B2B 
 239      87786F54 
 239      783F6DEF 
 240 0492 323D6956 		.ascii	"2=iV\015\331\226\0023uE\031\203[\323\306@\301R\273\302"
 240      0DD99602 
 240      33754519 
 240      835BD3C6 
 240      40C152BB 
 241 04a7 F1DDE91D 		.ascii	"\361\335\351\035+Y\272\243 \265ozR%\343PTO\262\264L"
 241      2B59BAA3 
 241      20B56F7A 
 241      5225E350 
 241      544FB2B4 
 242 04bc FD1AE473 		.ascii	"\375\032\344s\343\364\244Ru\310\257\232\346\321\022"
 242      E3F4A452 
 242      75C8AF9A 
 242      E6D112
 243 04cb 35EEA7F9 		.ascii	"5\356\247\371\305W\035;X\351\214\374\274\304\302\337"
 243      C5571D3B 
 243      58E98CFC 
 243      BCC4C2DF 
 244 04db ED440A7F 		.ascii	"\355D\012\177\034\006\217\312+\030\231\274\203h\240"
ARM GAS  C:\Users\mvshv\AppData\Local\Temp\ccxq7ma3.s 			page 19


 244      1C068FCA 
 244      2B1899BC 
 244      8368A0
 245 04ea 3108C2FF 		.ascii	"1\010\302\377\033\020\300\262\247\270x\010\3536XwF\352"
 245      1B10C0B2 
 245      A7B87808 
 245      EB365877 
 245      46EA
 246 04fc 5AAECE09 		.ascii	"Z\256\316\011\244\023A\200n\351\372]\375n\370!\303\375"
 246      A4134180 
 246      6EE9FA5D 
 246      FD6EF821 
 246      C3FD
 247 050e C3ADAA9F 		.ascii	"\303\255\252\237\234\221\316\317\301P\364\004\260\310"
 247      9C91CECF 
 247      C150F404 
 247      B0C8
 248 051c A3A51DD5 		.ascii	"\243\245\035\325\267b\220\354\250\217\341\305\244<?"
 248      B76290EC 
 248      A88FE1C5 
 248      A43C3F
 249 052b D0631E26 		.ascii	"\320c\036&nm\357F\2540ud\301\256\350N\363`\205\331K"
 249      6E6DEF46 
 249      AC307564 
 249      C1AEE84E 
 249      F36085D9 
 250 0540 5E3FDCD6 		.ascii	"^?\334\326s\325\035Oa\233S\317\312\247O=+\331\276u\257"
 250      73D51D4F 
 250      619B53CF 
 250      CAA74F3D 
 250      2BD9BE75 
 251 0555 F55C07C2 		.ascii	"\365\\\007\302\311*\212\267g\270\015;:\003$\363~d\014"
 251      C92A8AB7 
 251      67B80D3B 
 251      3A0324F3 
 251      7E640C
 252 0568 5D86CCBC 		.ascii	"]\206\314\2747J\344\245=\345\352\206\227\356=!\210\327"
 252      374AE4A5 
 252      3DE5EA86 
 252      97EE3D21 
 252      88D7
 253 057a F25A94C4 		.ascii	"\362Z\224\304[\021\257d[\212\272(\2731\031V\007/?\262"
 253      5B11AF64 
 253      5B8ABA28 
 253      BB311956 
 253      072F3FB2 
 254 058e 2C9005F9 		.ascii	",\220\005\371\302\036<vp\363&!\307\202\350,\353`\226"
 254      C21E3C76 
 254      70F32621 
 254      C782E82C 
 254      EB6096
 255 05a1 29FCB459 		.ascii	")\374\264Yi\023O\001\334NQ\312\2116\011\346z\000\265"
 255      69134F01 
 255      DC4E51CA 
 255      893609E6 
 255      7A00B5
 256 05b4 8EF7451B 		.ascii	"\216\367E\033A6\360\312\225v\240\230\325\004h\332\326"
ARM GAS  C:\Users\mvshv\AppData\Local\Temp\ccxq7ma3.s 			page 20


 256      4136F0CA 
 256      9576A098 
 256      D50468DA 
 256      D6
 257 05c5 040170A5 		.ascii	"\004\001p\245L\254\011\2028\201\267\363n\223\267D}<"
 257      4CAC0982 
 257      3881B7F3 
 257      6E93B744 
 257      7D3C
 258 05d7 80A52D39 		.ascii	"\200\245-9\343\034\233\026+\253\011\240s,\377\301C\214"
 258      E31C9B16 
 258      2BAB09A0 
 258      732CFFC1 
 258      438C
 259 05e9 53D594CE 		.ascii	"S\325\224\316\372\224\311\375Z\344\3457\355$\320f\300"
 259      FA94C9FD 
 259      5AE4E537 
 259      ED24D066 
 259      C0
 260 05fa FEEC79F4 		.ascii	"\376\354y\364\225\321d\337\004\212_\311\324\222YQ\177"
 260      95D164DF 
 260      048A5FC9 
 260      D4925951 
 260      7F
 261 060b 531367CA 		.ascii	"S\023g\312x/\321A\212C\007\334S\326al\331\255\334A\215"
 261      782FD141 
 261      8A4307DC 
 261      53D6616C 
 261      D9ADDC41 
 262 0620 32ADB7F0 		.ascii	"2\255\267\360\312\264N\345I\302\321;(?\036l}\254cY\247"
 262      CAB44EE5 
 262      49C2D13B 
 262      283F1E6C 
 262      7DAC6359 
 263 0635 2549D890 		.ascii	"%I\330\220\234\215\310qM\020\307B\277<t+\017\241\007"
 263      9C8DC871 
 263      4D10C742 
 263      BF3C742B 
 263      0FA107
 264 0648 66501A4F 		.ascii	"fP\032O\217j\027\272\223\312\305\224u%5rmG\265\013K"
 264      8F6A17BA 
 264      93CAC594 
 264      75253572 
 264      6D47B50B 
 265 065d D91FE819 		.ascii	"\331\037\350\031q\264r\\\207\323)i\252C\346\202A\025"
 265      71B4725C 
 265      87D32969 
 265      AA43E682 
 265      4115
 266 066f F2F34660 		.ascii	"\362\363F`\015i\363\244#8\2072 V;x,}\014d\302t\205\301"
 266      0D69F3A4 
 266      23388732 
 266      20563B78 
 266      2C7D0C64 
 267 0687 FF926E78 		.ascii	"\377\222nx\326\320;M\\!W\300\2638\364\2527\232\007$"
 267      D6D03B4D 
 267      5C2157C0 
ARM GAS  C:\Users\mvshv\AppData\Local\Temp\ccxq7ma3.s 			page 21


 267      B338F4AA 
 267      379A0724 
 268 069b A4030919 		.ascii	"\244\003\011\031\024\316.\340e'\303S\325\324\336\355"
 268      14CE2EE0 
 268      6527C353 
 268      D5D4DEED 
 269 06ab EE992A86 		.ascii	"\356\231*\206\345\015Dmo\207\367\333x\002?\223\367\224"
 269      E50D446D 
 269      6F87F7DB 
 269      78023F93 
 269      F794
 270 06bd 2641B4BF 		.ascii	"&A\264\277\335\3350\346\242\025m\247<\313\366\371+_"
 270      DDDD30E6 
 270      A2156DA7 
 270      3CCBF6F9 
 270      2B5F
 271 06cf BDAD349D 		.ascii	"\275\2554\235\365K\246\367\234\371&D\031\201\335\274"
 271      F54BA6F7 
 271      9CF92644 
 271      1981DDBC 
 272 06df A782C63D 		.ascii	"\247\202\306=b\004\366\320\010\230\017U\035S;\244|\257"
 272      6204F6D0 
 272      08980F55 
 272      1D533BA4 
 272      7CAF
 273 06f1 44F93606 		.ascii	"D\3716\006c\340^^\241\332~\212r\001eS\034{%\034\307"
 273      63E05E5E 
 273      A1DA7E8A 
 273      72016553 
 273      1C7B251C 
 274 0706 4E67FCAC 		.ascii	"Ng\374\254\265G\355X;\247d3R\302\316\261\201\275O\204"
 274      B547ED58 
 274      3BA76433 
 274      52C2CEB1 
 274      81BD4F84 
 275 071a BD8FC22E 		.ascii	"\275\217\302.h\316\237T\341,V\021#u\375\271\032G+\314"
 275      68CE9F54 
 275      E12C5611 
 275      2375FDB9 
 275      1A472BCC 
 276 072e 01DEF157 		.ascii	"\001\336\361W\306\353\354+#\027`\355\347\355\2762H/"
 276      C6EBEC2B 
 276      231760ED 
 276      E7EDBE32 
 276      482F
 277 0740 39E6DF29 		.ascii	"9\346\337)\257\025?\376\334\310'\234\345\300\200\213"
 277      AF153FFE 
 277      DCC8279C 
 277      E5C0808B 
 278 0750 43BAF224 		.ascii	"C\272\362$\272\0162\272\036_Jx\302\263\301\356\244\254"
 278      BA0E32BA 
 278      1E5F4A78 
 278      C2B3C1EE 
 278      A4AC
 279 0762 6E77E78A 		.ascii	"nw\347\212\031:H^\013\346G}:{6\277\001~\276\246Q\315"
 279      193A485E 
 279      0BE6477D 
ARM GAS  C:\Users\mvshv\AppData\Local\Temp\ccxq7ma3.s 			page 22


 279      3A7B36BF 
 279      017EBEA6 
 280 0778 A7FCE449 		.ascii	"\247\374\344I\374|mI\252x\212M\207\332u\255\025\023"
 280      FC7C6D49 
 280      AA788A4D 
 280      87DA75AD 
 280      1513
 281 078a BC92CD02 		.ascii	"\274\222\315\002\0336\013E6\013)\233\311k+\236`\255"
 281      1B360B45 
 281      360B299B 
 281      C96B2B9E 
 281      60AD
 282 079c 485FCA33 		.ascii	"H_\3123\027ht\210Rs\374de\265\353U8=\302G<\232A\313"
 282      17687488 
 282      5273FC64 
 282      65B5EB55 
 282      383DC247 
 283 07b4 0721F60B 		.ascii	"\007!\366\013w\"\264=%]\210\365C/\317n\242*iHC\220\265"
 283      7722B43D 
 283      255D88F5 
 283      432FCF6E 
 283      A22A6948 
 284 07cb 87176DF0 		.ascii	"\207\027m\360\222"
 284      92
 285 07d0 5DFA271A 		.ascii	"]\372'\032@J\253\354=s']\034\323gx\344q\254\213\227"
 285      404AABEC 
 285      3D73275D 
 285      1CD36778 
 285      E471AC8B 
 286 07e5 9D29863C 		.ascii	"\235)\206<\205\225\263\276\266\202\222'\211\304\345"
 286      8595B3BE 
 286      B6829227 
 286      89C4E5
 287 07f4 AEB06E5D 		.ascii	"\256\260n]\263\266\027\216\317\034\372\214\343R5\321"
 287      B3B6178E 
 287      CF1CFA8C 
 287      E35235D1 
 288 0804 74FFBBD6 		.ascii	"t\377\273\326~\342\261\006\037\240\351\211Z\372\263"
 288      7EE2B106 
 288      1FA0E989 
 288      5AFAB3
 289 0813 BB908A67 		.ascii	"\273\220\212g\213\036\212Q\321\022m\313\357\322\314"
 289      8B1E8A51 
 289      D1126DCB 
 289      EFD2CC
 290 0822 4AA7C134 		.ascii	"J\247\3014\0133x\272\013H_%\034\372\226\237\005\277"
 290      0B3378BA 
 290      0B485F25 
 290      1CFA969F 
 290      05BF
 291 0834 47789578 		.ascii	"Gx\225xl\231\274\221\344\372b\216\220\323\013\237?E"
 291      6C99BC91 
 291      E4FA628E 
 291      90D30B9F 
 291      3F45
 292 0846 787DED3A 		.ascii	"x}\355:\330\346\320\033D\015\035\226\023\3670Y\307P"
 292      D8E6D01B 
ARM GAS  C:\Users\mvshv\AppData\Local\Temp\ccxq7ma3.s 			page 23


 292      440D1D96 
 292      13F73059 
 292      C750
 293 0858 31DF8B50 		.ascii	"1\337\213P\021\177\025\020}\307\277H\022g\227\271\311"
 293      117F1510 
 293      7DC7BF48 
 293      126797B9 
 293      C9
 294 0869 15B73130 		.ascii	"\025\26710\311\365\035\026g\012\206xd`\372{\256\235"
 294      C9F51D16 
 294      670A8678 
 294      6460FA7B 
 294      AE9D
 295 087b 72B2022C 		.ascii	"r\262\002,\341i\347d\341\310y\225\022\341\347\277S\000"
 295      E169E764 
 295      E1C87995 
 295      12E1E7BF 
 295      5300
 296 088d 3C46011E 		.ascii	"<F\001\036\225\000\346_*\270\257\025\001ve\351`c\203"
 296      9500E65F 
 296      2AB8AF15 
 296      017665E9 
 296      606383
 297 08a0 550DBE07 		.ascii	"U\015\276\007A\015}/\003\374\336\036`)\005\370\370\312"
 297      410D7D2F 
 297      03FCDE1E 
 297      602905F8 
 297      F8CA
 298 08b2 8D611E5F 		.ascii	"\215a\036_f\000K\033\252S\264\024\014)K\006pgQN\236"
 298      66004B1B 
 298      AA53B414 
 298      0C294B06 
 298      7067514E 
 299 08c7 CE0AB09C 		.ascii	"\316\012\260\234\001\034^[9\254s\010\260\202\002<.\001"
 299      011C5E5B 
 299      39AC7308 
 299      B082023C 
 299      2E01
 300 08d9 3C79B1AA 		.ascii	"<y\261\252\305M\004\330\370\202\025\037h\2412\031_\231"
 300      C54D04D8 
 300      F882151F 
 300      68A13219 
 300      5F99
 301 08eb 3DBE1314 		.ascii	"=\276\023\024_\315\340\201]\030\337e\370\256\215N\325"
 301      5FCDE081 
 301      5D18DF65 
 301      F8AE8D4E 
 301      D5
 302 08fc E9948545 		.ascii	"\351\224\205E\312P.\254*VX\240x\256iG\272\007\005]e"
 302      CA502EAC 
 302      2A5658A0 
 302      78AE6947 
 302      BA07055D 
 303 0911 0DFB9439 		.ascii	"\015\373\2249cD\355\020s\015\305\\-aN\350\350:\203\000"
 303      6344ED10 
 303      730DC55C 
 303      2D614EE8 
ARM GAS  C:\Users\mvshv\AppData\Local\Temp\ccxq7ma3.s 			page 24


 303      E83A8300 
 304 0925 732F59AB 		.ascii	"s/Y\253\252p\2239y\223\260\017Q5T)\203\256\024w/t\222"
 304      AA709339 
 304      7993B00F 
 304      51355429 
 304      83AE1477 
 305 093c 82FDE9A0 		.ascii	"\202\375\351\240y\233\007\336\341\344\220\314\251\214"
 305      799B07DE 
 305      E1E490CC 
 305      A98C
 306 094a CDB94ED6 		.ascii	"\315\271N\326\014\250ed\236\3559]\304\024\351\321\211"
 306      0CA86564 
 306      9EED395D 
 306      C414E9D1 
 306      89
 307 095b 7526DC1A 		.ascii	"u&\334\032\277\353\344\020\355i\212\366\224\204v\347"
 307      BFEBE410 
 307      ED698AF6 
 307      948476E7 
 308 096b 8EB122B5 		.ascii	"\216\261\"\265\210\366n\243\357d\211\220\244&:\310\""
 308      88F66EA3 
 308      EF648990 
 308      A4263AC8 
 308      22
 309 097c 43B54850 		.ascii	"C\265HP\353)\324\276\354\2521\227\331\205N\331\260\321"
 309      EB29D4BE 
 309      ECAA3197 
 309      D9854ED9 
 309      B0D1
 310 098e C21E45FF 		.ascii	"\302\036E\377\341q\343P\227\033.e\350\3675?H\327\342"
 310      E171E350 
 310      971B2E65 
 310      E8F7353F 
 310      48D7E2
 311 09a1 53ACB1B9 		.ascii	"S\254\261\271\373H\350\313\271Bk\015-\201\2157\222\204"
 311      FB48E8CB 
 311      B9426B0D 
 311      2D818D37 
 311      9284
 312 09b3 84AD7012 		.ascii	"\204\255p\022#{[#x\200TWl\210g\240\247\201\237\315\241"
 312      237B5B23 
 312      78805457 
 312      6C8867A0 
 312      A7819FCD 
 313 09c8 26FE65F2 		.ascii	"&\376e\362\241\272e\357w\332\331-\324Q\016s4~\247\364"
 313      A1BA65EF 
 313      77DAD92D 
 313      D4510E73 
 313      347EA7F4 
 314 09dc A213BEC8 		.ascii	"\242\023\276\310lw\017\214\026\252D\343\327\237O\310"
 314      6C770F8C 
 314      16AA44E3 
 314      D79F4FC8 
 315 09ec A949F2A1 		.ascii	"\251I\362\241\273\0171\014)\252\330\263\232\241\347"
 315      BB0F310C 
 315      29AAD8B3 
 315      9AA1E7
ARM GAS  C:\Users\mvshv\AppData\Local\Temp\ccxq7ma3.s 			page 25


 316 09fb 2C31DC42 		.ascii	",1\334B\015_\332\226\321\3501\37365\\\300\014\357L\261"
 316      0D5FDA96 
 316      D1E831FB 
 316      36355CC0 
 316      0CEF4CB1 
 317 0a0f 247BE051 		.ascii	"${\340QfxcM\333>g\321p\317\013\314p\201h\030rK\261|"
 317      6678634D 
 317      DB3E67D1 
 317      70CF0BCC 
 317      70816818 
 318 0a27 B742CF39 		.ascii	"\267B\3179b\270\215\032N\264\264\356\2629E\221\240\313"
 318      62B88D1A 
 318      4EB4B4EE 
 318      B2394591 
 318      A0CB
 319 0a39 59D62E2E 		.ascii	"Y\326..\337\355t\371>\2217\371\304CRN\371\205/\011\324"
 319      DFED74F9 
 319      3E9137F9 
 319      C443524E 
 319      F9852F09 
 320 0a4e 41F58FF6 		.ascii	"A\365\217\366\245\324\252\034\351\333}>\240\363tHB\371"
 320      A5D4AA1C 
 320      E9DB7D3E 
 320      A0F37448 
 320      42F9
 321 0a60 EE74F5F4 		.ascii	"\356t\365\364;\304t\377\306C\235l\363\374\372X\207\315"
 321      3BC474FF 
 321      C6439D6C 
 321      F3FCFA58 
 321      87CD
 322 0a72 2674DA66 		.ascii	"&t\332f\026]\342,\310]\025\035j\374\227\217\277\177"
 322      165DE22C 
 322      C85D151D 
 322      6AFC978F 
 322      BF7F
 323 0a84 80F52FD6 		.ascii	"\200\365/\326\030\020\021\032\025`\214\013#w\375\352"
 323      1810111A 
 323      15608C0B 
 323      2377FDEA 
 324 0a94 D028FF30 		.ascii	"\320(\3770\315\273\037\256\360y;0\220\323\352\365\361"
 324      CDBB1FAE 
 324      F0793B30 
 324      90D3EAF5 
 324      F1
 325 0aa5 9131A657 		.ascii	"\2211\246W\347\353M\253\302\376\021\022\026\021\371"
 325      E7EB4DAB 
 325      C2FE1112 
 325      1611F9
 326 0ab4 45A4D114 		.ascii	"E\244\321\024\037\036\031\033b\212\215\2152\206|\031"
 326      1F1E191B 
 326      628A8D8D 
 326      32867C19 
 327 0ac4 13EF439F 		.ascii	"\023\357C\237|B\343\242}\014\321_\030\302\303\015\341"
 327      7C42E3A2 
 327      7D0CD15F 
 327      18C2C30D 
 327      E1
ARM GAS  C:\Users\mvshv\AppData\Local\Temp\ccxq7ma3.s 			page 26


 328 0ad5 210BFCE7 		.ascii	"!\013\374\347\371\314\237\027\270\340\337\177\015\201"
 328      F9CC9F17 
 328      B8E0DF7F 
 328      0D81
 329 0ae3 FE576262 		.ascii	"\376Wbbc\014\257\030B\277\210\014\211\214\011\213\212"
 329      630CAF18 
 329      42BF880C 
 329      898C098B 
 329      8A
 330 0af4 0F378444 		.ascii	"\0177\204D\207\202\255\030C\210>\334\260*4>\312\244"
 330      8782AD18 
 330      43883EDC 
 330      B02A343E 
 330      CAA4
 331 0b06 37AD596D 		.ascii	"7\255Ym0\372Gp\032\311\337?\177S\177\3065\306\020\275"
 331      30FA4770 
 331      1AC9DF3F 
 331      7F537FC6 
 331      35C610BD 
 332 0b1a D1140EC6 		.ascii	"\321\024\016\306\301\211.2vul\234\211p\2417-\234\206"
 332      C1892E32 
 332      76756C9C 
 332      8970A137 
 332      2D9C86
 333 0b2d 0DF2D618 		.ascii	"\015\362\326\030\260\374\343\017^\235\037\260t\351\242"
 333      B0FCE30F 
 333      5E9D1FB0 
 333      74E9A2
 334 0b3c 807797BD 		.ascii	"\200w\227\275\027\364\237\371\022A\372\250\250p\260"
 334      17F49FF9 
 334      1241FAA8 
 334      A870B0
 335 0b4b E244B422 		.ascii	"\342D\264\"\303Uo\276\023\274T\2754\350\355\367\203"
 335      C3556FBE 
 335      13BC54BD 
 335      34E8EDF7 
 335      83
 336 0b5c 556F2D0F 		.ascii	"Uo-\017\016F\237\242%\352\260(Ch\234\310^\340\337\364"
 336      0E469FA2 
 336      25EAB028 
 336      43689CC8 
 336      5EE0DFF4 
 337 0b70 268DF480 		.ascii	"&\215\364\200\215\006\323\202_\357\321h\212\0062\276"
 337      8D06D382 
 337      5FEFD168 
 337      8A0632BE 
 338 0b80 5C1D190B 		.ascii	"\\\035\031\013\016q\320\242`\374\336\242`\365\262\025"
 338      0E71D0A2 
 338      60FCDEA2 
 338      60F5B215 
 339 0b90 CB16053B 		.ascii	"\313\026\005;\007-_\266x\361\242`\247\240\217W.[\034"
 339      072D5FB6 
 339      78F1A260 
 339      A7A08F57 
 339      2E5B1C
 340 0ba3 ACFE2068 		.ascii	"\254\376 h\321\342`\002f\211N\036\2457i\331\\#\303\365"
 340      D1E26002 
ARM GAS  C:\Users\mvshv\AppData\Local\Temp\ccxq7ma3.s 			page 27


 340      66894E1E 
 340      A53769D9 
 340      5C23C3F5 
 341 0bb7 26A7D855 		.ascii	"&\247\330U\253\300\275\216`\321\257\0125\232\026\352"
 341      ABC0BD8E 
 341      60D1AF0A 
 341      359A16EA 
 342 0bc7 4D9FFCB6 		.ascii	"M\237\374\2664K\014\277<\315\024E%k\232Ep\352\367\202"
 342      344B0CBF 
 342      3CCD1445 
 342      256B9A45 
 342      70EAF782 
 343 0bdb DE8A37AA 		.ascii	"\336\2127\252\302\"B\3434\221\261\321\261\341\006\300"
 343      C22242E3 
 343      3491B1D1 
 343      B1E106C0 
 344 0beb 0BAF820D 		.ascii	"\013\257\202\015\241\341\360b\366\263\362\224s\205\333"
 344      A1E1F062 
 344      F6B3F294 
 344      7385DB
 345 0bfa A7719126 		.ascii	"\247q\221&\003h\273\301\363r\203\011\236>\000C.a\021"
 345      0368BBC1 
 345      F3728309 
 345      9E3E0043 
 345      2E6111
 346 0c0d CBD71897 		.ascii	"\313\327\030\227\204F\231\376hg%\316dE\022\026\001 "
 346      844699FE 
 346      686725CE 
 346      64451216 
 346      0120
 347 0c1f 9E9342AA 		.ascii	"\236\223B\252\007n\276\214\213\215_M\200\270\312087"
 347      076EBE8C 
 347      8B8D5F4D 
 347      80B8CA30 
 347      3837
 348 0c31 BD7E557C 		.ascii	"\275~U|L\230^\357\2770p\341k\032\251\245S8\267\321\371"
 348      4C985EEF 
 348      BF3070E1 
 348      6B1AA9A5 
 348      5338B7D1 
 349 0c46 FB3C771B 		.ascii	"\373<w\033,\266/_\373\037\350&<\250"
 349      2CB62F5F 
 349      FB1FE826 
 349      3CA8
 350              		.text
 351              		.section	.gnu.lto_.symtab.fb6a35d7,"",%progbits
 352 0000 70616C52 		.ascii	"palReadBus\000"
 352      65616442 
 352      757300
 353 000b 00       		.ascii	"\000"
 354 000c 00       		.ascii	"\000"
 355 000d 00       		.ascii	"\000"
 356 000e 00000000 		.ascii	"\000\000\000\000\000\000\000\000"
 356      00000000 
 357 0016 32010000 		.ascii	"2\001\000\000"
 358 001a 70616C57 		.ascii	"palWriteBus\000"
 358      72697465 
ARM GAS  C:\Users\mvshv\AppData\Local\Temp\ccxq7ma3.s 			page 28


 358      42757300 
 359 0026 00       		.ascii	"\000"
 360 0027 00       		.ascii	"\000"
 361 0028 00       		.ascii	"\000"
 362 0029 00000000 		.ascii	"\000\000\000\000\000\000\000\000"
 362      00000000 
 363 0031 37010000 		.ascii	"7\001\000\000"
 364 0035 70616C53 		.ascii	"palSetBusMode\000"
 364      65744275 
 364      734D6F64 
 364      6500
 365 0043 00       		.ascii	"\000"
 366 0044 00       		.ascii	"\000"
 367 0045 00       		.ascii	"\000"
 368 0046 00000000 		.ascii	"\000\000\000\000\000\000\000\000"
 368      00000000 
 369 004e 3C010000 		.ascii	"<\001\000\000"
 370 0052 63685379 		.ascii	"chSysHalt\000"
 370      7348616C 
 370      7400
 371 005c 00       		.ascii	"\000"
 372 005d 02       		.ascii	"\002"
 373 005e 00       		.ascii	"\000"
 374 005f 00000000 		.ascii	"\000\000\000\000\000\000\000\000"
 374      00000000 
 375 0067 41010000 		.ascii	"A\001\000\000"
 376 006b 5F70616C 		.ascii	"_pal_lld_setgroupmode\000"
 376      5F6C6C64 
 376      5F736574 
 376      67726F75 
 376      706D6F64 
 377 0081 00       		.ascii	"\000"
 378 0082 02       		.ascii	"\002"
 379 0083 00       		.ascii	"\000"
 380 0084 00000000 		.ascii	"\000\000\000\000\000\000\000\000"
 380      00000000 
 381 008c 47010000 		.ascii	"G\001\000\000"
 382              		.text
 383              		.section	.gnu.lto_.opts,"",%progbits
 384 0000 272D666D 		.ascii	"'-fmath-errno' '-fsigned-zeros' '-ftrapping-math' '"
 384      6174682D 
 384      6572726E 
 384      6F272027 
 384      2D667369 
 385 0033 2D666E6F 		.ascii	"-fno-trapv' '-fno-openmp' '-fno-openacc' '-mcpu=cor"
 385      2D747261 
 385      70762720 
 385      272D666E 
 385      6F2D6F70 
 386 0066 7465782D 		.ascii	"tex-m7' '-mno-thumb-interwork' '-mthumb' '-O2' '-fo"
 386      6D372720 
 386      272D6D6E 
 386      6F2D7468 
 386      756D622D 
 387 0099 6D69742D 		.ascii	"mit-frame-pointer' '-falign-functions=16' '-ffuncti"
 387      6672616D 
 387      652D706F 
ARM GAS  C:\Users\mvshv\AppData\Local\Temp\ccxq7ma3.s 			page 29


 387      696E7465 
 387      72272027 
 388 00cc 6F6E2D73 		.ascii	"on-sections' '-fdata-sections' '-fno-common' '-flto"
 388      65637469 
 388      6F6E7327 
 388      20272D66 
 388      64617461 
 389 00ff 2700     		.ascii	"'\000"
 390              		.text
 391              		.comm	__gnu_lto_v1,1,1
 392              		.comm	__gnu_lto_slim,1,1
 393              		.ident	"GCC: (GNU Tools for Arm Embedded Processors 7-2017-q4-major) 7.2.1 20170904 (release) [ARM
ARM GAS  C:\Users\mvshv\AppData\Local\Temp\ccxq7ma3.s 			page 30


DEFINED SYMBOLS
                            *ABS*:00000000 hal_pal.c
                            *COM*:00000001 __gnu_lto_v1
                            *COM*:00000001 __gnu_lto_slim

NO UNDEFINED SYMBOLS
