ARM GAS  C:\Users\mvshv\AppData\Local\Temp\ccV6ycxb.s 			page 1


   1              		.cpu cortex-m7
   2              		.eabi_attribute 20, 1
   3              		.eabi_attribute 21, 1
   4              		.eabi_attribute 23, 3
   5              		.eabi_attribute 24, 1
   6              		.eabi_attribute 25, 1
   7              		.eabi_attribute 26, 1
   8              		.eabi_attribute 30, 2
   9              		.eabi_attribute 34, 1
  10              		.eabi_attribute 18, 4
  11              		.file	"hal_lld.c"
  12              		.section	.gnu.lto_.profile.fb6a06c6,"",%progbits
  13 0000 789C6363 		.ascii	"x\234cc```\005bF\206F\306\034\000\002~\000\373"
  13      60606005 
  13      62468646 
  13      C61C0002 
  13      7E00FB
  14              		.text
  15              		.section	.gnu.lto_.icf.fb6a06c6,"",%progbits
  16 0000 789C6363 		.ascii	"x\234cc``\220b@\000\026\206\345{\217\354\347c\374\177"
  16      60609062 
  16      40001686 
  16      E57B8FEC 
  16      E763FC7F 
  17 0014 F2F60416 		.ascii	"\362\366\004\026\246\327\347\347_\347`>\275\371\376"
  17      A6D7E7E7 
  17      5FE7603E 
  17      BDF9FE
  18 0023 6E560600 		.ascii	"nV\006\000\255o\014\254"
  18      AD6F0CAC 
  19              		.text
  20              		.section	.gnu.lto_.jmpfuncs.fb6a06c6,"",%progbits
  21 0000 789C6363 		.ascii	"x\234cc``\340e@\000f f\0041\230\200\030\000\002H\000"
  21      6060E065 
  21      40006620 
  21      66043198 
  21      80180002 
  22 0016 1A       		.ascii	"\032"
  23              		.text
  24              		.section	.gnu.lto_.inline.fb6a06c6,"",%progbits
  25 0000 789C6363 		.ascii	"x\234cc``\360f@\000f\006\0061mF\006&\265\015\015\254"
  25      6060F066 
  25      40006606 
  25      06316D46 
  25      0626B50D 
  26 0016 0C6C0BE4 		.ascii	"\014l\013\344\231@\202\214\014\302*@1\231\007\267\030"
  26      9940828C 
  26      0CC22A40 
  26      319907B7 
  26      18
  27 0027 11625C30 		.ascii	"\021b\\0\202\211\341$\303_F\240|\017\343\203krp\005"
  27      8289E124 
  27      C35F46A0 
  27      7C0FE383 
  27      6B727005 
  28 003b 0C0084D8 		.ascii	"\014\000\204\330\012\236"
  28      0A9E
ARM GAS  C:\Users\mvshv\AppData\Local\Temp\ccV6ycxb.s 			page 2


  29              		.text
  30              		.section	.gnu.lto_.pureconst.fb6a06c6,"",%progbits
  31 0000 789C6363 		.ascii	"x\234cc```\007bf\006)F)&)\000\001\275\000b"
  31      60606007 
  31      62660629 
  31      46292629 
  31      0001BD00 
  32              		.text
  33              		.section	.gnu.lto_hal_lld_backup_domain_init.fb6a06c6,"",%progbits
  34 0000 789CA594 		.ascii	"x\234\245\224KL\024A\020\206\253\272{fv\027\221\304"
  34      4B4C1441 
  34      1086ABBA 
  34      7B667617 
  34      91C4
  35 0012 931A0E5E 		.ascii	"\223\032\016^\2710\211\210\217\213\211\027=y\322\273"
  35      B9308988 
  35      8F8B8917 
  35      3D79D2BB 
  36 0022 CF830712 		.ascii	"\317\203\007\022\214x\340F\257,\217U\243\036\2045d\325"
  36      8C78E046 
  36      AF2C8F55 
  36      A31E8435 
  36      64D5
  37 0034 3586F848 		.ascii	"5\206\370H\204\030\327\007 2\354\212\202\"(\302\001"
  37      8418D707 
  37      2032EC8A 
  37      822228C2 
  37      01
  38 0045 21C41024 		.ascii	"!\304\020$\370\2101q\023$\"k\365\364,C\270\350jg\246"
  38      F8883171 
  38      1324226B 
  38      F5F42C43 
  38      B8E86A67 
  39 005a A6A7A752 		.ascii	"\246\247\247R_\375\325\325c\002\300\016\003\240\234"
  39      5FFDD5D5 
  39      6302C00E 
  39      03A09C
  40 0069 9E07E9C6 		.ascii	"\236\007\351\306\000 \2730\004\020\0160\306\373\313"
  40      0020BB30 
  40      04100E30 
  40      C6FBCB
  41 0078 408644FF 		.ascii	"@\206D\377F\220k8\012\275,\320\320\023\203Y\311\024"
  41      46906B38 
  41      0ABD2CD0 
  41      D0138359 
  41      C914
  42 008a 90833959 		.ascii	"\220\2039Y@\016\226^\337e\"\252\247\014 \3240.\014\313"
  42      400E965E 
  42      DF6522AA 
  42      A70C20D4 
  42      302E0CCB 
  43 009e C41A4604 		.ascii	"\304\032F\004=\316\362\213\034S\015\263\035\254\344"
  43      3DCEF28B 
  43      1C530DB3 
  43      1DACE4
  44 00ad 86A4E1C4 		.ascii	"\206\244\341\304&\313\303\262n}\234\0034s\355\203\367"
  44      26CBC3B2 
ARM GAS  C:\Users\mvshv\AppData\Local\Temp\ccV6ycxb.s 			page 3


  44      6E7D9C03 
  44      3473ED83 
  44      F7
  45 00be B004C86D 		.ascii	"\260\004\310m\372\356RS\241)\364:&\321\004\244I\373"
  45      FAEE5253 
  45      A129F43A 
  45      26D104A4 
  45      49FB
  46 00d0 88E1C8A5 		.ascii	"\210\341\310\245l\203t2\255\030\333\263\016!\316\221"
  46      6C837432 
  46      AD18DBB3 
  46      0E21CE91 
  47 00e0 29C39511 		.ascii	")\303\225\021\312\030\312\230\312X\312\004\224\011*"
  47      CA18CA98 
  47      CA58CA04 
  47      94092A
  48 00ef 135206A0 		.ascii	"\023R\006\240\221\"N\026H\007\242\234\321\244\326\201"
  48      91224E16 
  48      4807A29C 
  48      D1A4D681 
  49 00ff 4F98EAFC 		.ascii	"O\230\352\374\270\260]QZ8\022\274\271.5l\235\341q\316"
  49      B8B05D51 
  49      5A3812BC 
  49      B92E356C 
  49      9DE171CE 
  50 0113 50E572ED 		.ascii	"P\345r\355W\244-\250_\345\373\260\024\264t\263\267S"
  50      57A42DA8 
  50      5FE5FBB0 
  50      14B474B3 
  50      B753
  51 0125 06137825 		.ascii	"\006\023x%L26\3059\307\007X\214\367\261\030\224\177"
  51      4C3236C5 
  51      39C70758 
  51      8CF7B118 
  51      947F
  52 0137 772CD980 		.ascii	"w,\331\200\366\035\031\3018\027\370\020\023\330\344"
  52      F61D19C1 
  52      3817F810 
  52      13D8E4
  53 0146 AAC34768 		.ascii	"\252\303Gh\023\254\366G=j\026\323\270\266\271\236xH"
  53      13ACF647 
  53      3D6A16D3 
  53      B8B6B99E 
  53      7848
  54 0158 C547940C 		.ascii	"\305G\224\014;(\012e4z\332u\312\217\325\351\263\272"
  54      3B280A65 
  54      347ADA75 
  54      CA8FD5E9 
  54      B3BA
  55 016a D02680D6 		.ascii	"\320&\200\326\266\270U\363\370Jm\206\253-r\271o6\250"
  55      B6B855F3 
  55      F84A6D86 
  55      AB2D72B9 
  55      6F36A8
  56 017d 5FE5B746 		.ascii	"_\345\267FW\333D\327\364\224\351\363L\354&\336c\217"
  56      57DB44D7 
  56      F494E9F3 
ARM GAS  C:\Users\mvshv\AppData\Local\Temp\ccV6ycxb.s 			page 4


  56      4CEC26DE 
  56      638F
  57 018f F77966A0 		.ascii	"\367yf\240{\255\342\205\3257\201O\\\242\332\033\354"
  57      7BADE285 
  57      D537814F 
  57      5CA2DA1B 
  57      EC
  58 01a0 D1EA16EB 		.ascii	"\321\352\026\353o\031\032'4q\246u&\021\364\344\231\350"
  58      6F191A27 
  58      3471A675 
  58      2611F4E4 
  58      99E8
  59 01b2 50A00F18 		.ascii	"P\240\017\030\231Ho\361\234\\\301jD9\207)K\357Gfni\247"
  59      99486FF1 
  59      9C5CC16A 
  59      44398729 
  59      4BEF4766 
  60 01c9 277F653A 		.ascii	"'\177e:\211\303\360\247\204z\375\204Rh\223\303\355\371"
  60      89C3F0A7 
  60      847AFD84 
  60      526893C3 
  60      EDF9
  61 01db ABDF85C2 		.ascii	"\253\337\205\302\013\224R`Z\22773\227\375G\300S\037"
  61      0B945260 
  61      5A973733 
  61      97FD47C0 
  61      531F
  62 01ed D0E70296 		.ascii	"\320\347\002\226+*\020\360\231+&\312\305\212\326\272"
  62      2B2A10F0 
  62      992B26CA 
  62      C58AD6BA 
  63 01fd 74DDD25A 		.ascii	"t\335\322Z\215\277\256\256\273\233\317}R\377\252\316"
  63      8DBFAEAE 
  63      BB9BCF7D 
  63      52FFAACE 
  64 020d F1826562 		.ascii	"\361\202eb\203\343E\272\264\033p`u\343\344\201z\341"
  64      83E345BA 
  64      B41B7060 
  64      75E3E481 
  64      7AE1
  65 021f A35EAAC6 		.ascii	"\243^\252\3061]\021\006\320i\316\251hI{*\254|{d\320"
  65      315D1106 
  65      D069CEA9 
  65      68497B2A 
  65      AC7C7B64 
  66 0234 0FFE2AD7 		.ascii	"\017\376*\327#\343^\217\004t\274\276\354\274\343\011"
  66      23E35E8F 
  66      0474BCBE 
  66      ECBCE309 
  67 0244 6138A45B 		.ascii	"a8\244[\344]z\320S\033 \217\366/\035\013\205\332\003"
  67      E45D7AD0 
  67      531B208F 
  67      F62F1D0B 
  67      85DA03
  68 0257 70D86B99 		.ascii	"p\330k\231Fn\001\375\2070J\011\373\365\036\310\325;"
  68      466E01FD 
  68      87304A09 
ARM GAS  C:\Users\mvshv\AppData\Local\Temp\ccV6ycxb.s 			page 5


  68      FBF51EC8 
  68      D53B
  69 0269 98DFE979 		.ascii	"\230\337\351y\355\346\311T\236oryz\031\204t\260\344"
  69      EDE6C954 
  69      9E6F7279 
  69      7A198474 
  69      B0E4
  70 027b F9AE312F 		.ascii	"\371\2561/\211\354\317l\266\010G\376\343\260\276\365"
  70      89ECCF6C 
  70      B60847FE 
  70      E3B0BEF5 
  71 028b 71A3AAE6 		.ascii	"q\243\252\346!\370\212\247\022\355\347\334P\236<$Y\344"
  71      21F88AA7 
  71      12EDE7DC 
  71      509E3C24 
  71      59E4
  72 029d 51565A6A 		.ascii	"QVZj/_\225U\366\261C\025\366\361\312\023'\253\354}\373"
  72      2F5F9555 
  72      F6B14315 
  72      F6F1CA13 
  72      27ABEC7D 
  73 02b2 F7966DD6 		.ascii	"\367\226m\326v\367\266\352j\365\345@E\305\321\322#\360"
  73      76F7B6EA 
  73      6AF5E540 
  73      45C5D1D2 
  73      23F0
  74 02c4 1B1E81C1 		.ascii	"\033\036\201\301;"
  74      3B
  75              		.text
  76              		.section	.gnu.lto_hal_lld_init.fb6a06c6,"",%progbits
  77 0000 789CA594 		.ascii	"x\234\245\224\317k\023A\024\307\337wg\223\254BZ\020"
  77      CF6B1341 
  77      14C7DF77 
  77      6793AC42 
  77      5A10
  78 0012 0F823D78 		.ascii	"\017\202=x\355%\013\026\361?\360 x\322\273H=x\010T\254"
  78      ED250B16 
  78      F13FF020 
  78      78D2BB48 
  78      3D780854 
  79 0027 87DE3231 		.ascii	"\207\33621\375\021\177A\017&\202\254\022\360 ED\212"
  79      FD117F41 
  79      0F2682AC 
  79      12F02045 
  79      448A
  80 0039 3F37B5BA 		.ascii	"?7\265\272\215\326\266Z[\255\271\025\025J)\250E\004"
  80      8DD6B65A 
  80      5BADB915 
  80      154A29A8 
  80      4504
  81 004b 3D344ABB 		.ascii	"=4J\273\276\231\011n\020/\233.\273/\263\273o?\337\357"
  81      BE99096E 
  81      102F9B2E 
  81      BB2FB3BB 
  81      6F3FDFEF 
  82 005f 7B339924 		.ascii	"{3\231$\021\245\022D\007\370w/_\020\004kt\201(\357X"
  82      11A51244 
ARM GAS  C:\Users\mvshv\AppData\Local\Temp\ccV6ycxb.s 			page 6


  82      07F8772F 
  82      5F10046B 
  82      748128EF 
  83 0074 801A4807 		.ascii	"\200\032H\007\224\263\220\303%qE\2406\262\346[\335\267"
  83      94B390C3 
  83      257145A0 
  83      36B2E65B 
  83      DDB7
  84 0086 241FC1D5 		.ascii	"$\037\301\325zjX\016\355\361\004Q\231/u\340\036\272"
  84      7A6A580E 
  84      EDF10451 
  84      992F75E0 
  84      1EBA
  85 0098 89D356C6 		.ascii	"\211\323V\306\267J\351\244m\236\343>\222\004\036\334"
  85      B74AE9A4 
  85      6D9EE33E 
  85      92041EDC 
  86 00a8 5D4A0472 		.ascii	"]J\004r+\034\221\301\374M4\016\357\002y\002\226\012"
  86      2B1C91C1 
  86      FC4D340E 
  86      EF027902 
  86      960A
  87 00ba 42055B05 		.ascii	"B\005[\005G\205\264\012DE\376\232-\310\200\316\013K"
  87      4785B40A 
  87      4445FE9A 
  87      2DC880CE 
  87      0B4B
  88 00cc 8D0A017D 		.ascii	"\215\012\001}A\255\372y\243W1\257\011\260Ty\250\266"
  88      41ADFA79 
  88      A35731AF 
  88      09B05479 
  88      A8B6
  89 00de 98BA283C 		.ascii	"\230\272(<aA)\017^\237^\333an\345\367\242\264\371\321"
  89      6141290F 
  89      5E9F5EDB 
  89      616EE5F7 
  89      A2B4F9D1 
  90 00f2 F2C4CAC7 		.ascii	"\362\304\312\307d\0057\362lz\237'\004\036\242\013\017"
  90      640537F2 
  90      6C7A9F27 
  90      041EA20B 
  90      0F
  91 0103 D0452AFF 		.ascii	"\320E*\377\353\352\334d\207{G\016\302\0236\036\241\202"
  91      EBEADC64 
  91      877B470E 
  91      C213361E 
  91      A182
  92 0115 92AE058F 		.ascii	"\222\256\005\217\341\262Xac\030F\3132r\343\243\2533"
  92      E1B25861 
  92      631846CB 
  92      3272E3A3 
  92      AB33
  93 0127 3B151FCC 		.ascii	";\025\037\314\017\303N\370\014bS\365\013:/\236\\5\222"
  93      0FC34EF8 
  93      0C6253F5 
  93      0B3A2F9E 
  93      5C3592
ARM GAS  C:\Users\mvshv\AppData\Local\Temp\ccV6ycxb.s 			page 7


  94 013a 9B80CB1A 		.ascii	"\233\200\313\032\212\364\323\211\005\312\253w6\236D"
  94      8AF4D389 
  94      05CAAB77 
  94      369E44
  95 0149 A849B8AD 		.ascii	"\250I\270\255}\261AxjLV\307\032\302T\343\3043\372L\323"
  95      7DB14178 
  95      6A4C56C7 
  95      1AC254E3 
  95      C433FA4C 
  96 015e D51C22D0 		.ascii	"\325\034\"\320}\211\353RS\246\"JM{\3740;v[\230f\206"
  96      7D89EB52 
  96      53A6224A 
  96      4D7BFC30 
  96      3B765B98 
  97 0174 A16AE673 		.ascii	"\241j\346s\343\263\275\026\274\210\360\323p\243\232"
  97      E3B3BD16 
  97      BC88F0D3 
  97      70A39A
  98 0183 7F356B16 		.ascii	"\1775k\026\361\334\276\3248K\341f\376Y\013\266\201]"
  98      F1DCBED4 
  98      384BE166 
  98      FE590BB6 
  98      815D
  99 0195 DEFC34D5 		.ascii	"\336\3744\325b\277\003\263\333X\013s\221\334+\265\026"
  99      62BF03B3 
  99      DB580B73 
  99      91DC2BB5 
  99      16
 100 01a6 ECF61BF1 		.ascii	"\354\366\033\361:B\315\2676\342w\263\021\351x\316\336"
 100      3A42CDB7 
 100      36E277B3 
 100      11E978CE 
 100      DE
 101 01b7 689CFE27 		.ascii	"h\234\376'/\264?\371\213\021\345-\233\332\326L\277\213"
 101      2FB43FF9 
 101      8B11E52D 
 101      9BDAD64C 
 101      BF8B
 102 01c9 584BCD02 		.ascii	"XK\315\002\327Q\2504:\365V\303\037\370\376\372r*\267"
 102      D751A834 
 102      3AF556C3 
 102      1FF8FEFA 
 102      722AB7
 103 01dc 291D4F24 		.ascii	")\035O$\312jI\340=r\274\251$u\236\277\373\377y\3341"
 103      CA6A49E0 
 103      3D72BCA9 
 103      24759EBF 
 103      FBFF79DC 
 104 01f1 D49B79DF 		.ascii	"\324\233y\337p\256\362\243\244\347Q\357lE\246\360\016"
 104      70AEF2A3 
 104      A4E751EF 
 104      6C45A6F0 
 104      0E
 105 0202 C4293D99 		.ascii	"\304)=\231\214\373\367\354\353wO\235\310\272\247\373"
 105      8CFBF7EC 
 105      EB774F9D 
 105      C8BAA7FB 
ARM GAS  C:\Users\mvshv\AppData\Local\Temp\ccV6ycxb.s 			page 8


 106 0212 CE9CED77 		.ascii	"\316\234\355w\217\036;\322\263\337\304C\007\007\006"
 106      8F1E3BD2 
 106      B3DFC443 
 106      070706
 107 0221 D49BE3D9 		.ascii	"\324\233\343\331\354\311L/\375\001\242@\261{"
 107      ECC94C2F 
 107      FD01A240 
 107      B17B
 108              		.text
 109              		.section	.gnu.lto_stm32_clock_init.fb6a06c6,"",%progbits
 110 0000 789CA558 		.ascii	"x\234\245XkL\024W\024\236sg\037\263\357\005\026X\326"
 110      6B4C1457 
 110      149E7367 
 110      1FB3EF05 
 110      1658D6
 111 0013 15F1F5C3 		.ascii	"\025\361\365\303\244q\323\232\264\375\325d\377\364_"
 111      A471D39A 
 111      B4FDD564 
 111      FFF45F
 112 0022 7FD5FF4D 		.ascii	"\177\325\377M\253\351#5\261\321\2461\375\343\000\013"
 112      ABE92335 
 112      B1D1A631 
 112      FDE3000B 
 113 0032 0B4AABB5 		.ascii	"\013J\253\265\212\205n\015\246\255\217\244\212\015X"
 113      8A856E0D 
 113      A6AD8FA4 
 113      8A0D58
 114 0041 058AAE20 		.ascii	"\005\212\256 \305E\220j\325\252\340\243(/\037\370\250"
 114      C545906A 
 114      D5AAE0A3 
 114      282F1FF8 
 114      A8
 115 0052 45E5B5BD 		.ascii	"E\345\265\275\347\336\031f\034\333\350\000!g\357\334"
 115      E7DE1966 
 115      1CDBE800 
 115      2167EFDC 
 116 0062 33FB9DEF 		.ascii	"3\373\235\357|\347\334{g\326&\010\302\362\014Ax\203"
 116      7CE7DC7B 
 116      67D62608 
 116      C2F20C41 
 116      7883
 117 0074 7E7E0E82 		.ascii	"~~\016\202\000s\004 \233O\011B\241D@\344\003\221\204"
 117      00730420 
 117      9B4F0942 
 117      A14440E4 
 117      039184
 118 0087 EA5B0441 		.ascii	"\352[\004AvZz]\202\354\016\361\371\250\005\254\334o"
 118      765A7A5D 
 118      82EC0EF1 
 118      F9A805AC 
 118      DC6F
 119 0099 2579DC6F 		.ascii	"%y\334oc\376<>\037\265\201\235\373\355$\310\375\022"
 119      63FE3C3E 
 119      1FB5819D 
 119      FBED24C8 
 119      FD12
 120 00ab F307F97C 		.ascii	"\363\007\371|T\002\007\367;H.\367;\231?\227\317G\235"
ARM GAS  C:\Users\mvshv\AppData\Local\Temp\ccV6ycxb.s 			page 9


 120      540207F7 
 120      3B482EF7 
 120      3B993F97 
 120      CF479D
 121 00be E0E27E17 		.ascii	"\340\342~\027\311\341~7\363\347\360\371\250\033<\334"
 121      C9E17E37 
 121      F3E7F0F9 
 121      A81B3CDC 
 122 00ce EF21D9DC 		.ascii	"\357!\331\334\237\311\374\331|>\232\011^\374\004/\011"
 122      9FC9FCD9 
 122      7C3E9A09 
 122      5EFC042F 
 122      09
 123 00df 70B78FB9 		.ascii	"p\267\217\271\003|:\352\003?\377\272\237dq\177\006\363"
 123      037C3AEA 
 123      033FFFBA 
 123      9F64717F 
 123      06F3
 124 00f1 67F1F968 		.ascii	"g\361\371h\006\000~\312\022\010\353\211\030\262X\363"
 124      06007ECA 
 124      1208EB89 
 124      18B258F3 
 125 0101 6CF6A0E4 		.ascii	"l\366\240\344\310u\272r\334\236\354Lo\300\347\317\312"
 125      C875BA72 
 125      DC9EEC4C 
 125      6FC0E7CF 
 125      CA
 126 0112 80F50E51 		.ascii	"\200\365\016QP\376\254\352\300\256\016\034\352\300\245"
 126      50FEACEA 
 126      C0AE0E1C 
 126      EAC0A5
 127 0121 0E3CEAC0 		.ascii	"\016<\352\300\253\016\374\352\240B\334*BK|\240\201,"
 127      AB0EFCEA 
 127      A042DC2A 
 127      424B7CA0 
 127      812C
 128 0133 D92DD3BF 		.ascii	"\331-\323\277\344\366jW\251\\\022L\320\000\225J\020"
 128      E4F66A57 
 128      A95C124C 
 128      D000954A 
 128      10
 129 0144 A8832502 		.ascii	"\250\203%\002\275\255\357\347\251m\036\233\205\317C"
 129      BDADEFE7 
 129      A96D1E9B 
 129      85CF43
 130 0153 3DD8804E 		.ascii	"=\330\200N\236\216\035H\210\033\305\204\010`\241\227"
 130      9E8E1D48 
 130      881BC584 
 130      0860A197 
 131 0163 F7BBAAAF 		.ascii	"\367\273\252\257{\361\222@\001\275\254\355\333\330\346"
 131      7BF19240 
 131      01BDACED 
 131      DBD8E6
 132 0172 145F05FC 		.ascii	"\024_\005\374z\335\226\203\033\304\305\337\313r\221"
 132      7ADD9683 
 132      1BC4C5DF 
 132      CB7291
ARM GAS  C:\Users\mvshv\AppData\Local\Temp\ccV6ycxb.s 			page 10


 133 0181 9C1C4D85 		.ascii	"\234\034M\205w\026\313'dKB\024\341\020\210\024\022~"
 133      7716CB27 
 133      644B4214 
 133      E1108814 
 133      127E
 134 0193 81301C84 		.ascii	"\2010\034\2040\013\251E\203\303\260\230\005\243!\033"
 134      300BA945 
 134      83C3B098 
 134      05A3211B 
 135 01a3 6848EAAC 		.ascii	"hH\352\254=cM\312S\351\270\234\034y\251\271\376n\340"
 135      3D634DCA 
 135      53E9B89C 
 135      1C79A9B9 
 135      FE6EE0
 136 01b6 751012A2 		.ascii	"u\020\022\242\205\240\021\321X\320X\321\330\320\330"
 136      85A011D1 
 136      58D058D1 
 136      D8D0D8
 137 01c5 D148681C 		.ascii	"\321Hh\034h\234h\\h\334h<h\274h|h\374h2\320d\242\311"
 137      689C685C 
 137      68DC683C 
 137      68BC687C 
 137      68FC6832 
 138 01dd 42134093 		.ascii	"B\023@\223\215&\007M.\232 \232<4!4s\320\204\321\314"
 138      8D26074D 
 138      2E9A209A 
 138      3C342134 
 138      73D084D1 
 139 01f2 45938F66 		.ascii	"E\223\217f\036\232\0024\363\321,@\263\020\315\"4\202"
 139      1E9A0234 
 139      F3D12C40 
 139      B310CD22 
 139      3482
 140 0204 504665EC 		.ascii	"PFe\354u\311I\241\\$tP\234\024nB\313\303\241\336\022"
 140      75C949A1 
 140      5C247450 
 140      9C146E42 
 140      CBC3A1DE 
 141 0219 27A64B15 		.ascii	"'\246K\025\250,i\351\266\243\226V\246_\354\273\266\001"
 141      A82C69E9 
 141      B6A39656 
 141      A65FECBB 
 141      B601
 142 022b 07BF94EF 		.ascii	"\007\277\224\357\225\311\250vOS\337\025[\015\354(\244"
 142      95C9A876 
 142      4F53DF15 
 142      5B0DEC28 
 142      A4
 143 023c 95AB0925 		.ascii	"\225\253\011%D\0334Q\021\033QD\352\275u#\325\354\215"
 143      441B3451 
 143      111B5144 
 143      EABD7523 
 143      D5EC8D
 144 024f EC936385 		.ascii	"\354\223c\205rAB\264\303\257P\003\333XM\241\031\"\364"
 144      724142B4 
 144      C3AF5003 
 144      DB584DA1 
ARM GAS  C:\Users\mvshv\AppData\Local\Temp\ccV6ycxb.s 			page 11


 144      1922F4
 145 0262 8643E7AA 		.ascii	"\206C\347\252;\254\210h\007\254=\300\021\372MFb\250"
 145      3BAC8868 
 145      07AC3DC0 
 145      11FA4D46 
 145      62A8
 146 0274 C46E2421 		.ascii	"\304n$!1\022;'c\373\035\374R\276V\310H\3549\326(;t$"
 146      31123B27 
 146      63FB1DFC 
 146      52BE56C8 
 146      48EC39D6 
 147 028c 1C90A424 		.ascii	"\034\220\244$\216*$\232\267\327\307AG\342\030#\201e"
 147      8E2A249A 
 147      B7D7C741 
 147      47E21823 
 147      8165
 148 029e 841646A2 		.ascii	"\204\026F\242m\377X\237C%!B+\247\3208|\273\337\206\024"
 148      6DFF589F 
 148      43252142 
 148      2BA7D038 
 148      7CBBDF86 
 149 02b3 AA453024 		.ascii	"\252E0$Z\360\277y\002\202\034g\001\010\006h\203\010"
 149      5AF0BF79 
 149      02821C67 
 149      01080668 
 149      8308
 150 02c5 C52A7E5C 		.ascii	"\305*~\\\012\034\211p\260\372\343\355\245\022F\264\000"
 150      0A1C8970 
 150      B0FAE3ED 
 150      A51246B4 
 150      00
 151 02d6 C06F3CDE 		.ascii	"\300o<\336\331\015\240$l\"T\273\026\352\004D\252\331"
 151      D90DA024 
 151      6C2254BB 
 151      16EA0444 
 151      AAD9
 152 02e8 A85C1405 		.ascii	"\250\\\024\005\272\202y5\033\207\357\364\333yl\361\205"
 152      BA827935 
 152      1B87EFF4 
 152      DB796CF1 
 152      85
 153 02f9 A115A152 		.ascii	"\241\025\241R\032x\007\317c\2424e\345`\026\216\327\226"
 153      1A7807CF 
 153      63A23465 
 153      E560168E 
 153      D796
 154 030b 7E94F4F1 		.ascii	"~\224\364\361D\010\234\2448\375\020\273\324\332\251"
 154      44089CA4 
 154      38FD10BB 
 154      D4DAA9
 155 031a 648BB5A9 		.ascii	"d\213\265\251\275\335\360\304\303\357\020\240SY\\eb"
 155      BDDDF0C4 
 155      C3EF10A0 
 155      53595C65 
 155      62
 156 032b 48A07B0F 		.ascii	"H\240{\017\224\323.T\373\256qx\374G\205\251\325\234"
 156      94D32E54 
ARM GAS  C:\Users\mvshv\AppData\Local\Temp\ccV6ycxb.s 			page 12


 156      FBAE7178 
 156      FC4785A9 
 156      D59C
 157 033d 085D8C27 		.ascii	"\010]\214'\333\022N\251<\025\006\012\330\221\321\222"
 157      DB124EA9 
 157      3C15060A 
 157      D891D192 
 158 034d CF388789 		.ascii	"\3178\207\211t:\355\203\356YH\376\273\026\3554Jnc\222"
 158      743AED83 
 158      EE5948FE 
 158      BB16ED34 
 158      4A6E6392 
 159 0361 5BF5924F 		.ascii	"[\365\222O\264)\211\330\315J~F\003\377CM\345\242\"\271"
 159      B42989D8 
 159      CD4A7E46 
 159      03FF434D 
 159      E5A222B9 
 160 0375 C4F1C687 		.ascii	"\304\361\306\207\266^\004\236\214\033\316r\311{\246"
 160      B65E049E 
 160      8C1BCE72 
 160      C97BA6
 161 0384 2597741A 		.ascii	"%\227t\032\347)\032\333t\032\227\015*=\3550\227\365"
 161      E7291ADB 
 161      741A970D 
 161      2A3DED30 
 161      97F5
 162 0396 39AD17CE 		.ascii	"9\255\027\316\0334vr\260\332TI\273\302\353\011\300\237"
 162      1B347672 
 162      B0DA5449 
 162      BBC2EB09 
 162      C09F
 163 03a8 B350F882 		.ascii	"\263P\370\202\026\353\"*\354\344;B\371n\373\177`=\177"
 163      16EB222A 
 163      ECE43B42 
 163      F96EFB7F 
 163      603D7F
 164 03bb D3B9A469 		.ascii	"\323\271\244i\332\303\326\373\364\206b\247-\331\253"
 164      DAC3D6FB 
 164      F48662A7 
 164      2DD9AB
 165 03ca AEF64DAA 		.ascii	"\256\366M\2522.sl/kl\257\030V\273\233\203=\270z\265"
 165      322E736C 
 165      2F6B6CAF 
 165      1856BB9B 
 165      833DB87A 
 166 03df C8CB9591 		.ascii	"\310\313\225\221\345\000\\\235\2054\327\264`\177\241"
 166      E5005C9D 
 166      8534D7B4 
 166      607FA1
 167 03ee 346ED67C 		.ascii	"4n\326|v}\363%\332\225\346\363\230m\276>\015\374\272"
 167      767DF325 
 167      DA95E6F3 
 167      986DBE3E 
 167      0DFCBA
 168 0401 5AE306A5 		.ascii	"Z\343\006\245\371\274\034\257u\307\216\030QS\221\340"
 168      F9BC1CAF 
 168      75C78E18 
ARM GAS  C:\Users\mvshv\AppData\Local\Temp\ccV6ycxb.s 			page 13


 168      515391E0 
 169 0411 8671C57B 		.ascii	"\206q\305{u\355\027T\332O\322\035-\015q\347\214j\330"
 169      75ED1754 
 169      DA4FD21D 
 169      2D0D71E7 
 169      8C6AD8
 170 0424 CFA85990 		.ascii	"\317\250Y\220\332\000\253\341\344hy\225\304kXu\241\260"
 170      DA00ABE1 
 170      E4687995 
 170      C46B5875 
 170      A1B0
 171 0436 438041B5 		.ascii	"C\200A\265\216Mj\035}\346\244\035\322\262\0376\324\321"
 171      8E4D6A1D 
 171      7DE6A41D 
 171      D2B21F36 
 171      D4D1
 172 0448 CFC14EF7 		.ascii	"\317\301N\367\217u;\324\344i\3667gQ\310[Z\264\333XH"
 172      8F753BD4 
 172      E469F637 
 172      6751C85B 
 172      5AB4DB58 
 173 045d 3F2BA443 		.ascii	"?+\244C_\310#j!3\014G\\\301\363N\270;\014\034\237\313"
 173      5FC8236A 
 173      21330C47 
 173      5CC1F34E 
 173      B83B0C1C 
 174 0473 60C4B88B 		.ascii	"`\304\270\213dr\274\236\216\303g\355j.\000w\215\205"
 174      6472BC9E 
 174      8EC367ED 
 174      6A2E0077 
 174      8D85
 175 0485 CCD41532 		.ascii	"\314\324\0252W)\244S\267\217t\306\025rY/L\216\345}O"
 175      5729A453 
 175      B78F74C6 
 175      1572592F 
 175      4C8EE57D 
 176 049a 3B7CEF1B 		.ascii	";|\357\033T\016p\260\301\221\237*\246\231Y\340\201Q"
 176      540E70B0 
 176      C1919F2A 
 176      A69959E0 
 176      8151
 177 04ac 6413C1FE 		.ascii	"d\023\301\376\326\202=D\221\003Ld\227^\344\256A%\217"
 177      D6823D44 
 177      91034C64 
 177      975EE4AE 
 177      41258F
 178 04bf 6CB322FF 		.ascii	"l\263\"\377\243\211<\252\212<\254\210\234C\361\030\363"
 178      A3893CAA 
 178      8A3CAC88 
 178      9C43F118 
 178      F3
 179 04d0 A734CDD1 		.ascii	"\2474\315\321i\232\243h\352\326i\332\255j\232k.\315"
 179      699AA368 
 179      EAD669DA 
 179      AD6A9A6B 
 179      2ECD
 180 04e2 475A9A8F 		.ascii	"GZ\232\217\015\232\006)\030[\2453\225\360\211\206=\206"
ARM GAS  C:\Users\mvshv\AppData\Local\Temp\ccV6ycxb.s 			page 14


 180      0D9A0629 
 180      185BA533 
 180      95F08986 
 180      3D86
 181 04f4 12069984 		.ascii	"\022\006\231\204\036\275\204\027T\011\363\314J8\256"
 181      1EBD8417 
 181      5409F3CC 
 181      4A38AE
 182 0503 49386194 		.ascii	"I8a\2240D\361\236\335_B:\011\263\231\204eb&\225\220"
 182      3044F19E 
 182      DD5F423A 
 182      09B39984 
 182      65622695 
 183 0518 2AE9D573 		.ascii	"*\351\325s\272\254r\232cv\023\234\324\026\346\224\361"
 183      BAAC729A 
 183      6376139C 
 183      D416E694 
 183      F1
 184 0529 A127CCF1 		.ascii	"\241'\314\361N\246+\356Z\247\367\001?\244\215,\303:"
 184      4EA62BEE 
 184      5AA7F701 
 184      3FA48D2C 
 184      C33A
 185 053b 9601A5D0 		.ascii	"\226\001\245\320>\335.\270i\357\314N2\231L\237d\205"
 185      3EDD2EB8 
 185      69EFCC4E 
 185      32994C9F 
 185      6485
 186 054d 0477C1CE 		.ascii	"\004w\301\316\243\265.\345\301u\317@L\204\"\022\026"
 186      A3B52EE5 
 186      C175CF40 
 186      4C842212 
 186      16
 187 055e 06A0A866 		.ascii	"\006\240\250f\374\207|\366\252B\337\\\350]S\347oU\261"
 187      FC877CF6 
 187      AA42DF5C 
 187      E85D53E7 
 187      6F55B1
 188 0571 1724917E 		.ascii	"\027$\221~\015\212\011\353\206\312\341}\303N\274\311"
 188      0D8A09EB 
 188      86CAE17D 
 188      C34EBCC9 
 189 0581 C8E23DE1 		.ascii	"\310\342=\341y4b\214\006>\367@\011\211\250\200ts\337"
 189      7934628C 
 189      063EF740 
 189      0989A880 
 189      7473DF
 190 0594 3BB3CDBD 		.ascii	";\263\315\275\224\341\341\333#\304)^\257\372\012\220"
 190      94E1E1DB 
 190      23C4295E 
 190      AFFA0A90 
 191 05a4 4A3DF30A 		.ascii	"J=\363\012\340d\257\000C\007\332\307<\374R~\314\337"
 191      E064AF00 
 191      4307DAC7 
 191      3CFC527E 
 191      CCDF
 192 05b6 43CEECDA 		.ascii	"C\316\354\332sL\322\247@[\202\204\241\214\360\220\351"
ARM GAS  C:\Users\mvshv\AppData\Local\Temp\ccV6ycxb.s 			page 15


 192      734CD2A7 
 192      405B8284 
 192      A18CF090 
 192      E9
 193 05c7 EB6375FA 		.ascii	"\353cu\372\316\333\300BJ\030r#S\262u\262\256\335\302"
 193      CEDBC042 
 193      4A187223 
 193      53B275B2 
 193      AEDDC2
 194 05da A58CDBA0 		.ascii	"\245\214\333\240\202(\207I\327^\245\217\346\232\333"
 194      82288749 
 194      D75EA58F 
 194      E69ADB
 195 05e9 DEBFD02A 		.ascii	"\336\277\320*\365%yzI\346S0\366\250<\323\243c\223\206"
 195      F525797A 
 195      49E65330 
 195      F6A83CD3 
 195      A3639386 
 196 05fd BD99D025 		.ascii	"\275\231\320%\231\317\226\244_\337\376\247R\012\355"
 196      99CF96A4 
 196      5FDFFEA7 
 196      520AED
 197 060c 7966DBFF 		.ascii	"yf\333\377+\015|\0131\034\035\005\024\357\331'N|\311"
 197      2B0D7C0B 
 197      311C1D05 
 197      14EFD927 
 197      4E7CC9
 198 061f AE6E7AD8 		.ascii	"\256nz\330\241\254\010\011\276&j\357g)\275\237\241\333"
 198      A1AC0809 
 198      BE266AEF 
 198      6729BD9F 
 198      A1DB
 199 0631 E42E7FC4 		.ascii	"\344.\177\304\2776\337\\\322[\031/\374a\001\266\031"
 199      BF36DF5C 
 199      D25B192F 
 199      FC6101B6 
 199      19
 200 0642 045D40C1 		.ascii	"\004]@\301\330\0016SA+5\354\355(\350\002\306\324\301"
 200      D8013653 
 200      412B35EC 
 200      ED28E802 
 200      C6D4C1
 201 0655 D1179AC3 		.ascii	"\321\027\232\303\372\206a9\021\253\312\300s\021\005"
 201      FA866139 
 201      11ABCAC0 
 201      731105
 202 0664 9B15CF6A 		.ascii	"\233\025\317j\015\373[\344\271H\030\301\265\276\013"
 202      0DFB5BE4 
 202      B94818C1 
 202      B5BE0B
 203 0673 F88F134C 		.ascii	"\370\217\023Lr\240R\323\315k\331\322\245\221\351\377"
 203      72A052D3 
 203      CD6BD9D2 
 203      A591E9FF 
 204 0683 D56B231F 		.ascii	"\325k#\037\276\273*\362\311\3525\237\256\215\274\275"
 204      BEBB2AF2 
 204      C9EA359F 
ARM GAS  C:\Users\mvshv\AppData\Local\Temp\ccV6ycxb.s 			page 16


 204      AE8DBCBD 
 205 0693 FCAD65AF 		.ascii	"\374\255e\257p\373\346k\353\326\241\347\235U\253V.]"
 205      70FBE66B 
 205      EBD6A1E7 
 205      9D55AB56 
 205      2E5D
 206 06a5 21482B57 		.ascii	"!H+W|\274\342\375\017\326\274\374/\333\245\311\015"
 206      7CBCE2FD 
 206      0FD6BCFC 
 206      2FDBA5C9 
 206      0D
 207              		.text
 208              		.section	.gnu.lto_.symbol_nodes.fb6a06c6,"",%progbits
 209 0000 789C6363 		.ascii	"x\234cc``H\001b\006\246\243L\365\014\014\023\31610\000"
 209      60604801 
 209      6206A6A3 
 209      4CF50C0C 
 209      13CE3130 
 210 0015 A99D0D07 		.ascii	"\251\235\015\007\033\330\200b\307\230\352\031ab\273"
 210      1BD88062 
 210      C798EA19 
 210      6162BB
 211 0024 1A1C8122 		.ascii	"\032\034\201\"\307\231\352\231PDX\217014*\001\015`<"
 211      C799EA99 
 211      5044588F 
 211      3031342A 
 211      010D603C 
 212 0038 C154CF0C 		.ascii	"\301T\317\014\226b`hhp```fd`x\324\376F\236\231\221\205"
 212      96626068 
 212      68706060 
 212      60666460 
 212      78D4FE46 
 213 0050 A1A5EB8D 		.ascii	"\241\245\353\215<\003\000/\246\031H"
 213      3C03002F 
 213      A61948
 214              		.text
 215              		.section	.gnu.lto_.refs.fb6a06c6,"",%progbits
 216 0000 789C6363 		.ascii	"x\234cc```\004b\006\000\000D\000\010"
 216      60606004 
 216      62060000 
 216      440008
 217              		.text
 218              		.section	.gnu.lto_.decls.fb6a06c6,"",%progbits
 219 0000 789CCD58 		.ascii	"x\234\315XyPTG\032\177\375z8\206\323\202\324\226\233"
 219      79505447 
 219      1A7FFD7A 
 219      3886D382 
 219      D4969B
 220 0013 35BB9421 		.ascii	"5\273\224!%\265\025\301A\243\251-7\025\035\017\254\270"
 220      25B515C1 
 220      41A3A92D 
 220      37151D0F 
 220      ACB8
 221 0025 893BB837 		.ascii	"\211;\2707U\004a\\\251p\030\301]\255\375c\2370\212\202"
 221      5504615C 
 221      A97018C1 
 221      5DADFD63 
ARM GAS  C:\Users\mvshv\AppData\Local\Temp\ccV6ycxb.s 			page 17


 221      9F308A82 
 222 0039 282A2A82 		.ascii	"(**\202\007\002\306\003B\360@\216\031`\004\034\221\010"
 222      0702C603 
 222      42F0408E 
 222      1960041C 
 222      9108
 223 004b 72C925E8 		.ascii	"r\311%\350\340\201\210G\020\342\205\254\354\327\257"
 223      E0818847 
 223      10E285AC 
 223      ECD7AF
 224 005a DFCC348F 		.ascii	"\337\3144\217\261\312T\355\037\373\212o^\177\375\375"
 224      B1CA54ED 
 224      1FFB8A6F 
 224      5E7FFDFD 
 225 006a FAD75F7F 		.ascii	"\372\327_\177\375\365\367Z\0359\2163\275\303q\377\300"
 225      FDF5F75A 
 225      1D398E33 
 225      BDC371FF 
 225      C0
 226 007b 1C178238 		.ascii	"\034\027\2028n\034\036\005\364]\340l\017\321\365 \025"
 226      6E1C1E05 
 226      F45DE06C 
 226      0FD1F520 
 226      15
 227 008c 2055920D 		.ascii	" U\222\015\240\\#7\361\371't:\301\373K\220\031 f\220"
 227      A05C2337 
 227      F1F92774 
 227      3AC1FB4B 
 227      90192066 
 228 00a1 9B20CD20 		.ascii	"\233 \315 \277\005\333|\020\230\206\353\004\3715\264"
 228      BF05DB7C 
 228      109886EB 
 228      04F935B4 
 229 00b1 3B241E3D 		.ascii	";$\036=7\371\371\227\214\3132\236p}\002\357r\311\257"
 229      37F9F997 
 229      8CCB329E 
 229      707D02EF 
 229      72C9AF
 230 00c4 9F437B26 		.ascii	"\237C{&\310\257@\336\223\370+$\316\013vx\377\015\030"
 230      C8AF40DE 
 230      93F82B24 
 230      CE0B7678 
 230      FF0D18
 231 00d7 3789D70B 		.ascii	"7\211\327\013\004\226\316\325\333\231\303\342{0\350"
 231      0496CED5 
 231      DB99C3E2 
 231      7B30E8
 232 00e6 BF077185 		.ascii	"\277\007q\205\366\\D}\237\016\357\000\220_Hkx\027\336"
 232      F65C447D 
 232      9F0EEF00 
 232      905F486B 
 232      7817DE
 233 00f9 1F827C01 		.ascii	"\037\202|\001\362K\220@D\327Ueg\376t\214\312/TT\271"
 233      F24B9040 
 233      44D75565 
 233      67FE748C 
 233      CA2F5454 
ARM GAS  C:\Users\mvshv\AppData\Local\Temp\ccV6ycxb.s 			page 18


 234 010e DE44BD88 		.ascii	"\336D\275\210\007\330\024\261\027!\372\013o\"\242>n"
 234      07D814B1 
 234      1721FA0B 
 234      6F22A23E 
 234      6E
 235 011f 7910ED87 		.ascii	"y\020\355\207^\236\276$(Q,C\220\265\207\2278x\013\257"
 235      5E9EBE24 
 235      28512C43 
 235      90B58797 
 235      38780BAF 
 236 0133 F8271120 		.ascii	"\370'\021 \226\225\332\351t\226\207\356\010m0\343h\027"
 236      9695DAE9 
 236      749687EE 
 236      086D30E3 
 236      6817
 237 0145 6F9B8C19 		.ascii	"o\233\214\0312\311W\316j\266:e[$\222\202\220_\233\324"
 237      32C957CE 
 237      6AB63A65 
 237      5B249282 
 237      905F9BD4 
 238 0159 E0624637 		.ascii	"\340bF7\300\372g\216Ks\216F\244\367PgN%\217y\261\235"
 238      C0FA678E 
 238      4B738E46 
 238      A4F75067 
 238      4E258F79 
 239 016f F3E2791B 		.ascii	"\363\342y\033\306\357\211\355\366\216\344\375\356\376"
 239      C6EF89ED 
 239      F68EE4FD 
 239      EEFE
 240 017d 05027D9C 		.ascii	"\005\002}\234O`\016\235G\330\022\320\213\343\317\215"
 240      4F600E9D 
 240      47D812D0 
 240      8BE3CF8D 
 241 018d 9E291879 		.ascii	"\236)\030y\271 \036\324\226\241+\207\\A}\307\005M\001"
 241      B9201ED4 
 241      96A12B87 
 241      5C417DC7 
 241      054D01
 242 01a0 B560FB78 		.ascii	"\265`\373x\272\303\324}d`Z\2420\205G_\376\014\225\241"
 242      BAC3D47D 
 242      64605AA2 
 242      3085475F 
 242      FE0C95A1 
 243 01b4 69A8144D 		.ascii	"i\250\024M\003w\312\321T\370\215QP\246\276\301}\177"
 243      0377CAD1 
 243      54F88D51 
 243      50A6BEC1 
 243      7D7F
 244 01c6 9D9E2D18 		.ascii	"\235\236-\030\315\202\361j\326\307\3555[\204&\030\366"
 244      CD82F16A 
 244      D6C7ED35 
 244      5B842618 
 244      F6
 245 01d7 A90843C5 		.ascii	"\251\010C\305\010\243\022\344O\026QL&G\347\220\031\241"
 245      08A312E4 
 245      4F16514C 
 245      2647E790 
ARM GAS  C:\Users\mvshv\AppData\Local\Temp\ccV6ycxb.s 			page 19


 245      19A1
 246 01e9 B3E826AC 		.ascii	"\263\350&\254A\217\246\303\360\003\207w\026a\234\212"
 246      418FA6C3 
 246      F0038777 
 246      16619C8A 
 247 01f9 449FCF6C 		.ascii	"D\237\317l)lv\006\262l k?\354\226)\030\023\200\213\027"
 247      296C7606 
 247      B26C206B 
 247      3FEC9629 
 247      1813808B 
 248 020e A90C362A 		.ascii	"\251\0146*\203\234\252B\244\022\006\364=\2368\223R5"
 248      839CAA42 
 248      A41206F4 
 248      3D9E3893 
 248      5235
 249 0220 37B5A53A 		.ascii	"7\265\245:HT\203\037N`\252\2641U\312\231\252D\246\224"
 249      4854831F 
 249      4E60AAB4 
 249      3155CA99 
 249      AA44A694 
 250 0234 07A33B11 		.ascii	"\007\243;\021\316\247L\233\014\372ZG`2\013\202\261\267"
 250      CEA74C9B 
 250      0CFA5A47 
 250      60320B82 
 250      B1B7
 251 0246 D0E76862 		.ascii	"\320\347hb\266\237Hc\264\321\030\245\300\242\013\342"
 251      B69F4863 
 251      B4D118A5 
 251      C0A20BE2 
 252 0256 F0DEBA93 		.ascii	"\360\336\272\223\371\030\2429\303\005\221\015\366\204"
 252      F918A239 
 252      C305910D 
 252      F684
 253 0264 AEEF1E96 		.ascii	"\256\357\036\226\275t\247]\204\263e\347p\236\023\276"
 253      BD74A75D 
 253      84B365E7 
 253      709E13BE 
 254 0274 2FB9AA2B 		.ascii	"/\271\252+:\210\351^(@}\322\220y\333\203\356\205O:\346"
 254      3A88E95E 
 254      28407DD2 
 254      9079DB83 
 254      EE854F3A 
 255 0289 6F76BDEA 		.ascii	"ov\275\352\361@.~[\005!A\310N\024\224A\0342\301^\\\204"
 255      F1402E7E 
 255      5B052141 
 255      C84E1494 
 255      411C32C1 
 256 02a0 BD4075C8 		.ascii	"\275@u\310\217P\0227P\015tVC\3477d\333\214\367*?90,"
 256      8F501237 
 256      500D7456 
 256      43E73764 
 256      DB8CF72A 
 257 02b8 083EE812 		.ascii	"\010>\350\022rA\2656Wg\270\320m;\231\267+\307\021_\027"
 257      7241B536 
 257      5767B8D0 
 257      6D3B99B7 
 257      2BC7115F 
ARM GAS  C:\Users\mvshv\AppData\Local\Temp\ccV6ycxb.s 			page 20


 258 02cd F386D767 		.ascii	"\363\206\327g\335\275\310\277i\216\357\337<G\317t\323"
 258      DDBDC8BF 
 258      698EEFDF 
 258      3C47CF74 
 258      D3
 259 02de 6612D57A 		.ascii	"f\022\325z\230\343\262m\016\230\222Nrj\364\231\216\254"
 259      98E3B26D 
 259      0E98924E 
 259      726AF499 
 259      8EAC
 260 02f0 8CD8852B 		.ascii	"\214\330\205+\343\375\244\257(\357\356\373\330\210\305"
 260      E3FDA4AF 
 260      28EFEEFB 
 260      D888C5
 261 02ff 95EF3871 		.ascii	"\225\3578q\265\307\361\203\\!\273\232$\317\374<H\236"
 261      B5C7F183 
 261      5C21BB9A 
 261      24CFFC3C 
 261      489E
 262 0311 3424A21B 		.ascii	"4$\242\033(\233\325\013N\354\271B\374iD\037\300\320"
 262      289BD50B 
 262      4EECB942 
 262      FC69441F 
 262      C0D0
 263 0323 4CFD8FF5 		.ascii	"L\375\217\365\0164h\316\240\266\225]\333\352\212\233"
 263      0E3468CE 
 263      A0B6955D 
 263      DBEA8A9B 
 264 0333 286D46CB 		.ascii	"(mF\313\351\305.\260\226\304\267Z\013\014xt{(\313\023"
 264      E9C52EB0 
 264      96C4B75A 
 264      0B0C7874 
 264      7B28CB13 
 265 0347 B7D1D15B 		.ascii	"\267\321\321[O\237\316p\305]T\261\034\014/z0\316\367"
 265      4F9FCE70 
 265      C55D54B1 
 265      1C0C2F7A 
 265      30CEF7
 266 035a 5F36B9D0 		.ascii	"_6\271\320\275\021\020\331\272\206\354\024\005\356\025"
 266      BD1110D9 
 266      BA86EC14 
 266      05EE15
 267 0369 B18EF919 		.ascii	"\261\216\371\031\035j\344\353\353\353\347\353\235#\350"
 267      1D6AE4EB 
 267      EBEBE7EB 
 267      9D23E8
 268 0378 120563C7 		.ascii	"\022\005c\307\330\374\322\334\344TX\036B\315\260\250"
 268      D8FCD2DC 
 268      E454581E 
 268      42CDB0A8 
 269 0388 1658420F 		.ascii	"\026XB\017\362\266\271\023@\026f\"\313\343\350\210\341"
 269      F2B6B913 
 269      40166622 
 269      CBE3E888 
 269      E1
 270 0399 520CA9AA 		.ascii	"R\014\251\252\303\"\274\325.\\eCW\2271\350&9\372*\262"
 270      C322BCD5 
ARM GAS  C:\Users\mvshv\AppData\Local\Temp\ccV6ycxb.s 			page 21


 270      2E5C6543 
 270      579731E8 
 270      2639FA2A 
 271 03ae C2E976F5 		.ascii	"\302\351v\365\227\342\003\2020\205\2408i\2538+Wc\031"
 271      97E20382 
 271      3085A038 
 271      69AB382B 
 271      576319
 272 03c1 3E794E10 		.ascii	">yN\020\2669\212d\355\366\311\250\253\273\304\272\000"
 272      B6398A64 
 272      EDF6C9A8 
 272      ABBBC4BA 
 272      00
 273 03d2 82141CBA 		.ascii	"\202\024\034\272\006\2106\321H\360d\313\272!\306\235"
 273      068836D1 
 273      48F064CB 
 273      BA21C69D 
 274 03e2 C8177580 		.ascii	"\310\027u\200t\201\\G\276\226\252\223y\246\266\312\011"
 274      74815C47 
 274      BE96AA93 
 274      79A6B6CA 
 274      09
 275 03f3 6728C4A4 		.ascii	"g(\304\244+L\030<\355\204\374\274\251s\355e8\021\030"
 275      2B4C183C 
 275      ED84FCBC 
 275      A973ED65 
 275      381118
 276 0406 E1107A43 		.ascii	"\341\020zC\231\267\246\022\361\365\0153B!\364{\233I"
 276      99B7A612 
 276      F1F50D33 
 276      4221F47B 
 276      9B49
 277 0418 879E1F7B 		.ascii	"\207\236\037{\250tK\266\246\2668\205-\257\314\310M<"
 277      A8744BB6 
 277      A6B63885 
 277      2DAFCCC8 
 277      4D3C
 278 042a BAF006F0 		.ascii	"\272\360\006\360H\355\211\021\251.\246\221\015.h\270"
 278      48ED8911 
 278      A92EA691 
 278      0D2E68B8 
 279 043a D4239DCD 		.ascii	"\324#\235\315\255D\257;\225~M\211\363\304\025\240\354"
 279      AD44AF3B 
 279      957E4D89 
 279      F3C415A0 
 279      EC
 280 044b 8CBA041E 		.ascii	"\214\272\004\036\177K\025KjxI\251\221Wj\036C\270\224"
 280      7F4B154B 
 280      6A7849A9 
 280      91576A1E 
 280      43B894
 281 045e 1A8DA6ED 		.ascii	"\032\215\246\355\217\020\256\241\312\326\276\244V\011"
 281      8F10AEA1 
 281      CAD6BEA4 
 281      5609
 282 046c F982E825 		.ascii	"\371\202\350%\217\363K\334iR\031\211>^\375\274\323\035"
 282      8FF34BDC 
ARM GAS  C:\Users\mvshv\AppData\Local\Temp\ccV6ycxb.s 			page 22


 282      69521989 
 282      3E5EFDBC 
 282      D31D
 283 047e 5FA6E05D 		.ascii	"_\246\340]C\303{\034I2\013\222\3670\312\346\374\003"
 283      43C37B1C 
 283      49320B92 
 283      F730CAE6 
 283      FC03
 284 0490 72D2202F 		.ascii	"r\322 /\320,1\217K\212s\177p\366J\223\242\365\251B<"
 284      D02C318F 
 284      4B8A737F 
 284      70F64A93 
 284      A2F5A942 
 285 04a5 4AF7014D 		.ascii	"J\367\001M\267\357!\362\262\214\021\347\271\337\225"
 285      B7EF21F2 
 285      B28C11E7 
 285      B9DF95
 286 04b4 ABA47E0C 		.ascii	"\253\244~\014\021}\177\331\255!\017\334*\315[\363t\304"
 286      117D7FD9 
 286      AD210FDC 
 286      2ACD5BF3 
 286      74C4
 287 04c6 157750A5 		.ascii	"\025wP\245''\375\230\202\"\007\304o\316\330\230N\201"
 287      2727FD98 
 287      822207C4 
 287      6FCED898 
 287      4E81
 288 04d8 7BA83141 		.ascii	"{\2501A\337\265K\012\231Y<2\011{\362\034q?5\276z||\310"
 288      DFB54B0A 
 288      99593C32 
 288      097BF21C 
 288      713F35BE 
 289 04f0 110F51A5 		.ascii	"\021\017Q\245\244oo\2254a'\321kF\016>q\303\243\324\270"
 289      A46F6F95 
 289      346127D1 
 289      6B460E3E 
 289      71C3A3D4 
 290 0505 39AF6DBB 		.ascii	"9\257m\273\023\3269\210Jk\377Q\235\033E6\021}\344z\252"
 290      13D63988 
 290      4A6BFF51 
 290      9D1B4536 
 290      117DE47A 
 291 051a C90DEFA0 		.ascii	"\311\015\357\240\306\332\272\333\255\3168\203*)\027"
 291      C6DABADB 
 291      ADCE3883 
 291      2A2917
 292 0529 8B4DD206 		.ascii	"\213M\322\006\325\211\325z\240(\011\343\034j\264D\326"
 292      D589D57A 
 292      A02809E3 
 292      1C6AB444 
 292      D6
 293 053a 4B8AEC93 		.ascii	"K\212\354\223\246\232d%.\240\306\206m\273\367\362\370"
 293      A69A6425 
 293      2EA0C686 
 293      6DBBF7F2 
 293      F8
 294 054b 1C554EF4 		.ascii	"\034UN\364\037\334!M\3701\011M\326\320!7l\2406C\356"
ARM GAS  C:\Users\mvshv\AppData\Local\Temp\ccV6ycxb.s 			page 23


 294      1FDC214D 
 294      F831094D 
 294      D6D02137 
 294      6CA03643 
 295 0560 E693CED8 		.ascii	"\346\223\316\330D\025}\211\301$\325\235Y\240\352\032"
 295      44157D89 
 295      C124D59D 
 295      59A0EA1A 
 296 0570 537BDC70 		.ascii	"S{\334p#\265\025\016$\031\235p;U\262Fz\357K\213\365"
 296      23B5150E 
 296      24199D70 
 296      3B55B246 
 296      7AEF4B8B 
 297 0585 23240D2F 		.ascii	"#$\015/\013<\360\015j\263\224x/\261\304#\303\365\342"
 297      0B3CF00D 
 297      6AB39478 
 297      2FB1C423 
 297      C3F5E2
 298 0598 003C404D 		.ascii	"\000<@MG\007\312\366x\342'Ty\254\273k\226\252\317T\362"
 298      4707CAF6 
 298      78E22754 
 298      79ACBB6B 
 298      96AACF54 
 299 05ad A9EDBD97 		.ascii	"\251\355\275\227\354\201G\251mK\325\336\012%\3269\322"
 299      EC8147A9 
 299      6D4BD5DE 
 299      0A25D639 
 299      D2
 300 05be 90986F20 		.ascii	"\220\230o \234J\333\017\222\215]<\336G\225\223e\251"
 300      9C4ADB0F 
 300      928D5D3C 
 300      DE479593 
 300      65A9
 301 05d0 7D0EF808 		.ascii	"}\016\370\010Un\227\350\236)p.U\362\307\0167)\361\011"
 301      556E97E8 
 301      9E29702E 
 301      55F2C70E 
 301      3729F109 
 302 05e4 AA34959B 		.ascii	"\2524\225\233\357z\340\"\252\014Vm\271#mh\272x\006\256"
 302      EF7AE022 
 302      AA0C566D 
 302      B9236D68 
 302      BA7806AE 
 303 05f8 99CD88E6 		.ascii	"\231\315\210\346g\266\222\330S\016\347)\360Y\021\374"
 303      67B692D8 
 303      530EE729 
 303      F05911FC 
 304 0608 FED3D769 		.ascii	"\376\323\327i\211\236\244\352Mx\274\255-?K\203\226\231"
 304      899EA4EA 
 304      4D78BCAD 
 304      2D3F4B83 
 304      9699
 305 061a D706B6CC 		.ascii	"\327\006\266\314<\207\203~\234g\312\314S\304\22488\260"
 305      3C87837E 
 305      9C67CACC 
 305      53C49438 
 305      38B0
ARM GAS  C:\Users\mvshv\AppData\Local\Temp\ccV6ycxb.s 			page 24


 306 062c C616BD54 		.ascii	"\306\026\275T\342H&o\347e\360\024^^@G\313\231\222\270"
 306      E248266F 
 306      E765F014 
 306      5E5E4047 
 306      CB9992B8 
 307 0640 538E6F43 		.ascii	"S\216oC\262\012\332R\311\300o\313\275\271\205\344\364"
 307      B20ADA52 
 307      C9C06FCB 
 307      BDB985E4 
 307      F4
 308 0651 B758FADD 		.ascii	"\267X\372\335r\372\011\345\234\024\265\356\012\274I"
 308      72FA09E5 
 308      9C14B5EE 
 308      0ABC49
 309 0660 84C3C943 		.ascii	"\204\303\311CO$z\313yDCron\351\031\366mr\366\255\223"
 309      4F247ACB 
 309      79444372 
 309      6F6EE919 
 309      F66D72F6 
 310 0676 16DB6D60 		.ascii	"\026\333m`\360\257\345\336\377g\222\367\335,\177\262"
 310      F0AFE5DE 
 310      FF6792F7 
 310      DD2C7FB2 
 311 0686 7D7E95CD 		.ascii	"}~\225\315\373[\006\306\3731\271\367\257\220\014>\314"
 311      FB5B06C6 
 311      FB31B9F7 
 311      AF900C3E 
 311      CC
 312 0697 2E76500E 		.ascii	".vP\016\037\220/\266\233\015\345\036\273\241d\362\240"
 312      1F902FB6 
 312      9B0DE51E 
 312      BBA164F2 
 312      A0
 313 06a8 DEC0E4C1 		.ascii	"\336\300\344\301&9Z\340\345\221\037\3243\316$\3612g"
 313      26395AE0 
 313      E5911FD4 
 313      33CE24F1 
 313      3267
 314 06ba B6F03267 		.ascii	"\266\3602g\206Yg\322\344\364W'E\262\236\215d\252\375"
 314      865967D2 
 314      E4F45727 
 314      45B29E8D 
 314      64AAFD
 315 06cd B4544DFA 		.ascii	"\264TM\372V\356\345\247\241t\321F\340\344\263u\232\367"
 315      56EEE5A7 
 315      A174D146 
 315      E0E4B375 
 315      9AF7
 316 06df 4339BC2F 		.ascii	"C9\274/\312\002\371\016\344\030\310\001\220oA\276\001"
 316      CA02F90E 
 316      E418C801 
 316      906F41BE 
 316      01
 317 06f0 C9003902 		.ascii	"\311\0009\002r\010$\017\344\034\310\011\220\223 \271"
 317      7208240F 
 317      E41CC809 
 317      909320B9 
ARM GAS  C:\Users\mvshv\AppData\Local\Temp\ccV6ycxb.s 			page 25


 318 0700 20E7410E 		.ascii	" \347A\016\203d\203\344\203\224\202\354\007)\004)\002"
 318      836483E4 
 318      839482EC 
 318      07290429 
 318      02
 319 0711 39037210 		.ascii	"9\003r\020\344\024H\031\310Q\220\022\220\263 \305 \231"
 319      E4144819 
 319      C8519012 
 319      90B320C5 
 319      2099
 320 0723 2005BC2F 		.ascii	" \005\274/s\017\030eW\246\223\257,qR\016V\2639\230`"
 320      730F1865 
 320      57A693AF 
 320      2C71520E 
 320      56B33998 
 321 0738 7F63D814 		.ascii	"\177c\330\024\257`\340?\310S\366\221<I\006Y\366Q9\374"
 321      AF60E03F 
 321      C853F691 
 321      3C490659 
 321      F65139FC 
 322 074c C5A49C62 		.ascii	"\305\244\234b\217\363>\2713}rx5\273\326\035\366\213"
 322      8FF33EB9 
 322      337D7278 
 322      35BBD61D 
 322      F68B
 323 075e 8535A920 		.ascii	"\2055\251 \011\253+\230$|f\277v\261\261\031d\263j\227"
 323      09AB2B98 
 323      247C66BF 
 323      76B1B119 
 323      64B36A97 
 324 0772 FDAC62DC 		.ascii	"\375\254b\334\251gc\363\243\234~X~\235k,\247\3279@M"
 324      A96763F3 
 324      A39C7E58 
 324      7E9D6B2C 
 324      A7D73940 
 325 0787 BECEB557 		.ascii	"\276\316\265W\260uv\304>\331\204}dC\327/\307\337\235"
 325      B07576C4 
 325      3ED9847D 
 325      6443D72F 
 325      C7DF9D
 326 079a 841F6663 		.ascii	"\204\037fc\267\331~\236\260kc\351\357\330/\264l]f\367"
 326      B7D97E9E 
 326      B06B63E9 
 326      EFD82FB4 
 326      6C5D66F7 
 327 07ae 7DDC7E65 		.ascii	"}\334~ec\340\243l\344\356\331w\236=\355,\373K\373Y5"
 327      63E0A36C 
 327      E4EED977 
 327      9E3DED2C 
 327      FB4BFB59 
 328 07c3 611F59FA 		.ascii	"a\037Y\372\307\366\223\226\342\341\353\370\264"
 328      C7F69396 
 328      E2E1EBF8 
 328      B4
 329 07d0 A0A0D715 		.ascii	"\240\240\327\025\033\304\257#\1776y\333fw\353\035\367"
 329      1BC4AF23 
 329      7F3679DB 
ARM GAS  C:\Users\mvshv\AppData\Local\Temp\ccV6ycxb.s 			page 26


 329      6677EB1D 
 329      F7
 330 07e1 7125BDE3 		.ascii	"q%\275\343\032`x9o\275\343\222\015|C\245@z(\020\377"
 330      1A607839 
 330      6FBDE392 
 330      0D7C43A5 
 330      407A2810 
 331 07f6 8FC5825C 		.ascii	"\217\305\202\\\355::[\020{\2576\360\354\275\272\202"
 331      ED3A3A5B 
 331      107BAF36 
 331      F0ECBDBA 
 331      82
 332 0807 A7F76A78 		.ascii	"\247\367jx\003\370\310\330\253\003\036,\230\374\013"
 332      03F8C8D8 
 332      AB031E2C 
 332      98FC0B
 333 0816 DA06AE94 		.ascii	"\332\006\256\224\300\225\"\270\375\321\241\335\016\270"
 333      C09522B8 
 333      FDD1A1DD 
 333      0EB8
 334 0824 8EDE4686 		.ascii	"\216\336F\2063M\017\\p#U\262\012O\3510n\246J\217aS\255"
 334      334D0F5C 
 334      702355B2 
 334      0A4FE930 
 334      6EA64A8F 
 335 083b 07EEA24A 		.ascii	"\007\356\242J\337\221\204;\016\370\006UJ+\036\005\322"
 335      DF91843B 
 335      0EF80655 
 335      4A2B1E05 
 335      D2
 336 084c 0BCC34F2 		.ascii	"\013\3144\362\237G\275O\214\322\177n\230\311}\346\310"
 336      9F47BD4F 
 336      8CD27F6E 
 336      98C97DE6 
 336      C8
 337 085d 8301B32B 		.ascii	"\203\001\263+\276%B\2255\275m\305\010IW\026?\351\226"
 337      BE254295 
 337      35BD6DC5 
 337      08495716 
 337      3FE996
 338 0870 F238853D 		.ascii	"\3628\205==U\260U\365o\256\014bYK\221}\314\354\340\331"
 338      3D55B055 
 338      F56FAE0C 
 338      62594B91 
 338      7DCCECE0 
 339 0885 F466E117 		.ascii	"\364f\341\027\344p\2460LH\212\213\220\024\265\342\301"
 339      E470A630 
 339      4C488A8B 
 339      9014B5E2 
 339      C1
 340 0896 AA9732A2 		.ascii	"\252\2272\242\0212\342*\354J\003\310e\220\357A\352@"
 340      1132E22A 
 340      EC4A03C8 
 340      6590EF41 
 340      EA40
 341 08a8 2E815C99 		.ascii	".\201\\\231P\326\273\331\031\215\366g\234p\274Y\274"
 341      50D6BBD9 
ARM GAS  C:\Users\mvshv\AppData\Local\Temp\ccV6ycxb.s 			page 27


 341      198DF667 
 341      9C70BC59 
 341      BC
 342 08b9 498E4F99 		.ascii	"I\216O\231t\274Yx\265\034\316\334\213\350Ax\226LKW\275"
 342      74BC5978 
 342      B51CCEDC 
 342      8BE84178 
 342      964C4B57 
 343 08ce BDD2659A 		.ascii	"\275\322e\232\020\374\032\273d*\351\260m\351\022:]\361"
 343      10FC1ABB 
 343      642AE9B0 
 343      6DE9123A 
 343      5DF1
 344 08e0 7D7AD8EA 		.ascii	"}z\330\352\212\222\014J\344\355g7h\250\005b\365S\342"
 344      8A920C4A 
 344      E4ED6737 
 344      68A80562 
 344      F553E2
 345 08f3 463D7D9D 		.ascii	"F=}\235B\217l3\214l\262\035\331z\361\310\202\003{\217"
 345      428F6C33 
 345      8C6CB21D 
 345      D97AF1C8 
 345      82037B8F 
 346 0907 E775B9B2 		.ascii	"\347u\271\262y\335<\341\020\264JyM\336\357\256\011\213"
 346      79DD3CE1 
 346      10B44A79 
 346      4DDEEFAE 
 346      098B
 347 0919 0A8D8A8A 		.ascii	"\012\215\212\212\010]\025\026\376\325\372\265\241\021"
 347      085D1516 
 347      FED5FAB5 
 347      A111
 348 0927 B1D16191 		.ascii	"\261\321a\2211\241\2211\221\361\201\376\376\001\326"
 348      31A19131 
 348      91F181FE 
 348      FE01D6
 349 0936 BFD8B800 		.ascii	"\277\330\270\000@\006\254\215]\027\037\027\020\274\362"
 349      4006AC8D 
 349      5D171F17 
 349      10BCF2
 350 0945 77B303E9 		.ascii	"w\263\003\351\357\222y\0336\004H\034\376\341\316K?\377"
 350      EF92791B 
 350      3604481C 
 350      FEE1CE4B 
 350      3FFF
 351 0957 838F5AA5 		.ascii	"\203\217Z\245\342f\377\364\261\234\233\305\0252\371"
 351      E266FFF4 
 351      B19C9BC5 
 351      1532F9
 352 0966 94B8F8E8 		.ascii	"\224\270\370\350\331\201\241\341Q\261\341_\211\035N"
 352      D981A1E1 
 352      51B1E15F 
 352      891D4E
 353 0975 91EBBE5E 		.ascii	"\221\353\276^\006\357\217\336\232\2312D\306\255\363"
 353      06EF8FDE 
 353      9A993244 
 353      C6ADF3
ARM GAS  C:\Users\mvshv\AppData\Local\Temp\ccV6ycxb.s 			page 28


 354 0984 5FC3B984 		.ascii	"_\303\271\204\206\256\217\214\211\007=~u\370oB\302\327"
 354      86AE8F8C 
 354      89073D7E 
 354      75F86F42 
 354      C2D7
 355 0996 44AE8A8C 		.ascii	"D\256\212\214\213_\037\021\031\033\022\037\033\033\025"
 355      8B5F1F11 
 355      191B121F 
 355      1B1B15
 356 09a5 17F2F798 		.ascii	"\027\362\367\230\365>b\313'l]\264\2176z\2256\"B\033"
 356      F53E62CB 
 356      276C5DB4 
 356      8F367A95 
 356      3622421B 
 357 09b9 1132CF7F 		.ascii	"\0212\317\177\226O\340,\325\274\257\347\204@\377\314"
 357      964FE02C 
 357      D5BCAFE7 
 357      8440FFCC 
 358 09c9 98D818ED 		.ascii	"\230\330\030\355Lm\330\252\310\220\310\230\360\250\365"
 358      4C6DD8AA 
 358      C890C898 
 358      F0A8F5
 359 09d8 11DA90E8 		.ascii	"\021\332\220\3500\340\212\321\206\204FhW\207\255\217"
 359      30E08AD1 
 359      86844668 
 359      5787AD8F 
 360 09e8 8A0F8DDF 		.ascii	"\212\017\215\337\270V\033\0073:[\346\373\333\377t\276"
 360      B8561B07 
 360      333A5BE6 
 360      FBDBFF74 
 360      BE
 361 09f9 B88D7121 		.ascii	"\270\215q!\241q\361\021@\016\223x\006o\214\213\327F"
 361      A171F111 
 361      400E9378 
 361      066F8C8B 
 361      D746
 362 0a0b AB63D769 		.ascii	"\253c\327i\325$RX\255\011T\250\2035*h\250H#P\036\256"
 362      D5245258 
 362      AD0954A8 
 362      83352A68 
 362      A8482350 
 363 0a21 F0D8E8E8 		.ascii	"\360\330\350\350\330\230\000\355\206x\210\224<X\253"
 363      D89800ED 
 363      86788894 
 363      3C58AB
 364 0a30 E7CD99BB 		.ascii	"\347\315\231\273a\003\360\272\256\370\223&t%\254d\221"
 364      6103F0BA 
 364      AEF89326 
 364      7425AC64 
 364      91
 365 0a41 76B5F322 		.ascii	"v\265\363\"\365g\352%K5*\227\025\313\227\007/XF\332"
 365      F567EA25 
 365      4B352A97 
 365      15CB9707 
 365      2F5846DA 
 366 0a55 A4B92C30 		.ascii	"\244\271,0\2304\035\202\203\325K5J\315\342\340\305\232"
 366      98341D82 
ARM GAS  C:\Users\mvshv\AppData\Local\Temp\ccV6ycxb.s 			page 29


 366      83D54B35 
 366      4ACDE2E0 
 366      C59A
 367 0a67 3F2E5E34 		.ascii	"?.^4\027\303\254\212\205\213\324\266\256\217\224\013"
 367      17C3AC8A 
 367      858BD4B6 
 367      AE8F940B 
 368 0a77 562C0C5C 		.ascii	"V,\014\\\276b\361\347\032\322R\321\226\305:G\271 h\341"
 368      BE62F1E7 
 368      1AD252D1 
 368      96C53A47 
 368      B92068E1 
 369 0a8b 6CC91A64 		.ascii	"l\311\032d\305\005\311q\263\235\010\013\364\220\267"
 369      C505C971 
 369      B39D080B 
 369      F490B7
 370 0a9a 8AB5043A 		.ascii	"\212\265\004:\021\006\321\022$!\202&\"T\316d\254&x\245"
 370      1106D112 
 370      24218226 
 370      2254CE64 
 370      AC2678A5 
 371 0aae 863454A4 		.ascii	"\2064T\244a\265\315r&\243\251-\310\002\012\242 \254"
 371      61B5CD72 
 371      26A3A92D 
 371      C8020AA2 
 371      20AC
 372 0ac0 5EA65190 		.ascii	"^\246Q\220E:\301z\311\233Wk,\341\010t\325\250\325\226"
 372      453AC17A 
 372      C99B576B 
 372      2CE10874 
 372      D5A8D596 
 373 0ad4 18397CB1 		.ascii	"\0309|\261b\245Z\303\007k\234\240\361\331\342\277h\024"
 373      62A55AC3 
 373      076B9CA0 
 373      F1D9E2BF 
 373      6814
 374 0ae6 E4072F50 		.ascii	"\344\007/Pk\034E\213\312}\311\362\005\301A\026\370\177"
 374      6B1C458B 
 374      CA7DC9F2 
 374      05C14116 
 374      F87F
 375 0af8 01340AED 		.ascii	"\0014\012\355\211"
 375      89
 376              		.text
 377              		.section	.gnu.lto_.symtab.fb6a06c6,"",%progbits
 378 0000 68616C5F 		.ascii	"hal_lld_init\000"
 378      6C6C645F 
 378      696E6974 
 378      00
 379 000d 00       		.ascii	"\000"
 380 000e 00       		.ascii	"\000"
 381 000f 00       		.ascii	"\000"
 382 0010 00000000 		.ascii	"\000\000\000\000\000\000\000\000"
 382      00000000 
 383 0018 BD000000 		.ascii	"\275\000\000\000"
 384 001c 73746D33 		.ascii	"stm32_clock_init\000"
 384      325F636C 
ARM GAS  C:\Users\mvshv\AppData\Local\Temp\ccV6ycxb.s 			page 30


 384      6F636B5F 
 384      696E6974 
 384      00
 385 002d 00       		.ascii	"\000"
 386 002e 00       		.ascii	"\000"
 387 002f 00       		.ascii	"\000"
 388 0030 00000000 		.ascii	"\000\000\000\000\000\000\000\000"
 388      00000000 
 389 0038 BF000000 		.ascii	"\277\000\000\000"
 390 003c 53797374 		.ascii	"SystemCoreClock\000"
 390      656D436F 
 390      7265436C 
 390      6F636B00 
 391 004c 00       		.ascii	"\000"
 392 004d 00       		.ascii	"\000"
 393 004e 00       		.ascii	"\000"
 394 004f 00000000 		.ascii	"\000\000\000\000\000\000\000\000"
 394      00000000 
 395 0057 CE000000 		.ascii	"\316\000\000\000"
 396 005b 69727149 		.ascii	"irqInit\000"
 396      6E697400 
 397 0063 00       		.ascii	"\000"
 398 0064 02       		.ascii	"\002"
 399 0065 00       		.ascii	"\000"
 400 0066 00000000 		.ascii	"\000\000\000\000\000\000\000\000"
 400      00000000 
 401 006e C1000000 		.ascii	"\301\000\000\000"
 402              		.text
 403              		.section	.gnu.lto_.opts,"",%progbits
 404 0000 272D666D 		.ascii	"'-fmath-errno' '-fsigned-zeros' '-ftrapping-math' '"
 404      6174682D 
 404      6572726E 
 404      6F272027 
 404      2D667369 
 405 0033 2D666E6F 		.ascii	"-fno-trapv' '-fno-openmp' '-fno-openacc' '-mcpu=cor"
 405      2D747261 
 405      70762720 
 405      272D666E 
 405      6F2D6F70 
 406 0066 7465782D 		.ascii	"tex-m7' '-mno-thumb-interwork' '-mthumb' '-O2' '-fo"
 406      6D372720 
 406      272D6D6E 
 406      6F2D7468 
 406      756D622D 
 407 0099 6D69742D 		.ascii	"mit-frame-pointer' '-falign-functions=16' '-ffuncti"
 407      6672616D 
 407      652D706F 
 407      696E7465 
 407      72272027 
 408 00cc 6F6E2D73 		.ascii	"on-sections' '-fdata-sections' '-fno-common' '-flto"
 408      65637469 
 408      6F6E7327 
 408      20272D66 
 408      64617461 
 409 00ff 2700     		.ascii	"'\000"
 410              		.text
 411              		.comm	__gnu_lto_v1,1,1
ARM GAS  C:\Users\mvshv\AppData\Local\Temp\ccV6ycxb.s 			page 31


 412              		.comm	__gnu_lto_slim,1,1
 413              		.ident	"GCC: (GNU Tools for Arm Embedded Processors 7-2017-q4-major) 7.2.1 20170904 (release) [ARM
ARM GAS  C:\Users\mvshv\AppData\Local\Temp\ccV6ycxb.s 			page 32


DEFINED SYMBOLS
                            *ABS*:00000000 hal_lld.c
                            *COM*:00000001 __gnu_lto_v1
                            *COM*:00000001 __gnu_lto_slim

NO UNDEFINED SYMBOLS
