ARM GAS  C:\Users\mvshv\AppData\Local\Temp\ccuC59CN.s 			page 1


   1              		.cpu cortex-m7
   2              		.eabi_attribute 20, 1
   3              		.eabi_attribute 21, 1
   4              		.eabi_attribute 23, 3
   5              		.eabi_attribute 24, 1
   6              		.eabi_attribute 25, 1
   7              		.eabi_attribute 26, 1
   8              		.eabi_attribute 30, 2
   9              		.eabi_attribute 34, 1
  10              		.eabi_attribute 18, 4
  11              		.file	"memstreams.c"
  12              		.section	.gnu.lto_.profile.fb6a3deb,"",%progbits
  13 0000 789C6363 		.ascii	"x\234cc```\001bF\206\000K\000\001Q\000\225"
  13      60606001 
  13      62468600 
  13      4B000151 
  13      0095
  14              		.text
  15              		.section	.gnu.lto_.icf.fb6a3deb,"",%progbits
  16 0000 789C6363 		.ascii	"x\234cc``Pe@\0006\206\367\027\227\2610n[\274\262\227"
  16      60605065 
  16      40003686 
  16      F71797B1 
  16      306E5BBC 
  17 0016 8569C9E2 		.ascii	"\205i\311\342{o\231\230\301$\313\215g\367\336\261\262"
  17      7B6F9998 
  17      C124CB8D 
  17      67F7DEB1 
  17      B2
  18 0027 AEFDFDF3 		.ascii	"\256\375\375\363\013\027\003\000R\"\022\224"
  18      0B170300 
  18      52221294 
  19              		.text
  20              		.section	.gnu.lto_.jmpfuncs.fb6a3deb,"",%progbits
  21 0000 789C8D4E 		.ascii	"x\234\215NA\012\2000\014K\332n\036\367^O\373\310^\342"
  21      410A8030 
  21      0C4BDA6E 
  21      1EF75E4F 
  21      FBC85EE2 
  22 0014 C99FB946 		.ascii	"\311\237\271F\004\305\203\030\010M\240\011\251\0006"
  22      04C58318 
  22      084DA009 
  22      A90036
  23 0023 DC2830D2 		.ascii	"\334(0\322\373p$)H\233\344\"\305\341\226\327\253\255"
  23      FB702429 
  23      489BE422 
  23      C5E196D7 
  23      ABAD
  24 0035 24B80791 		.ascii	"$\270\007\221<\022-\323\337\336\237-q\266\274_~\264"
  24      3C122DD3 
  24      DFDE9F2D 
  24      71B6BC5F 
  24      7EB4
  25 0047 466855CB 		.ascii	"FhU\313x\351\327\030\021\023\360\01519"
  25      78E9D718 
  25      1113F00D 
  25      3139
ARM GAS  C:\Users\mvshv\AppData\Local\Temp\ccuC59CN.s 			page 2


  26              		.text
  27              		.section	.gnu.lto_.inline.fb6a3deb,"",%progbits
  28 0000 789C6363 		.ascii	"x\234cc``hdd\200\003V\006\006^\036Ff\006\005F\006f\007"
  28      60606864 
  28      64800356 
  28      06065E1E 
  28      46660605 
  29 0018 30990026 		.ascii	"0\231\000&\025\270\330\326\3511p\334\322cb`|\301\316"
  29      15B8D8D6 
  29      E93170DC 
  29      D2636260 
  29      7CC1CE
  30 002b 02214104 		.ascii	"\002!A\004\007\230\311\301\300\262@\236\207\201\361"
  30      0798C9C1 
  30      C0B2409E 
  30      8781F1
  31 003a 2EBB0013 		.ascii	".\273\000\023\230d`\332\305/\0012\220\221\201\207\033"
  31      986460DA 
  31      C52F0132 
  31      90918187 
  31      1B
  32 004b 6A1EC4A4 		.ascii	"j\036\304\244\006F\250\201\314\323\305\031\330\377\252"
  32      0646A881 
  32      CCD3C519 
  32      D8FFAA
  33 005a 61319079 		.ascii	"a1\220y\2218n\003\231\030\004%\031YP\014dR\000\371\000"
  33      91386E03 
  33      99180425 
  33      1959500C 
  33      645200F9 
  34 006f 6C2A3750 		.ascii	"l*7P\033\003\307\007\234\316d\272\300\317\0032Z\006"
  34      1B03C707 
  34      9CCE64BA 
  34      C0CF0332 
  34      5A06
  35 0081 C455000B 		.ascii	"\304U\000\013*\200\0045@F\263\360200O\360\003Af\204"
  35      2A800435 
  35      4046B3F0 
  35      3230304F 
  35      F0034166 
  36 0096 2DD060A0 		.ascii	"-\320`\240\201%,\014\034\354\214\014L\254\035\352\014"
  36      81252C0C 
  36      1CEC8C0C 
  36      4CAC1DEA 
  36      0C
  37 00a7 DC2BDC98 		.ascii	"\334+\334\230\300\021\000\000I\0135\372"
  37      C0110000 
  37      490B35FA 
  38              		.text
  39              		.section	.gnu.lto_.pureconst.fb6a3deb,"",%progbits
  40 0000 789C6363 		.ascii	"x\234cc``\340\006bV\006)F)&)f)\026)\000\004\023\000"
  40      6060E006 
  40      62560629 
  40      46292629 
  40      66291629 
  41 0018 A3       		.ascii	"\243"
  42              		.text
ARM GAS  C:\Users\mvshv\AppData\Local\Temp\ccuC59CN.s 			page 3


  43              		.section	.gnu.lto__put.fb6a3deb,"",%progbits
  44 0000 789C9552 		.ascii	"x\234\225R\317KTQ\024\276\337;\357\207\243f\324\252"
  44      CF4B5451 
  44      14BEDF3B 
  44      EF87A366 
  44      D4AA
  45 0012 C52C5C24 		.ascii	"\305,\\$\"\324\274(\243U\177\214\212\220\340\2204\255"
  45      22D4BC28 
  45      A3557F8C 
  45      8A90E090 
  45      34AD
  46 0024 F3EA9866 		.ascii	"\363\352\230f\031\011\251\331\360\220!\221\242\010\223"
  46      1909A9D9 
  46      F0902191 
  46      A20893
  47 0033 462BD37A 		.ascii	"F+\323z\251\231\277\246\2544\244\205\013C\351wD\344"
  47      A999BFA6 
  47      AC34A485 
  47      0B43E977 
  47      44E4
  48 0045 D23AE7BD 		.ascii	"\322:\347\275)\2156\372\2309\357\336\363\316\371\276"
  48      298D36FA 
  48      9839EFDE 
  48      F3CEF9BE 
  49 0055 EF7CF7DA 		.ascii	"\357|\367\332J\251/\244\3241~\037\345?,\005\243\375"
  49      4AA92FA4 
  49      D4317E1F 
  49      E53F2C05 
  49      A3FD
  50 0067 B9520D79 		.ascii	"\271R\015y\206a\276WJ\347\323\215,\277\012\011f\230"
  50      8661BE57 
  50      4AE7D38D 
  50      2CBF0A09 
  50      6698
  51 0079 370159E8 		.ascii	"7\001Y\350<\250z\203L\324\243\215:\010/\233\356xt\201"
  51      3CA87A83 
  51      4CD4A38D 
  51      3A082F9B 
  51      EE787481 
  52 008d 3C523079 		.ascii	"<R0y\373=\233zW$[\240\230\267}\243\311\021\224]\327"
  52      FB3D9B7A 
  52      57245BA0 
  52      98B77DA3 
  52      C911945D 
  53 00a2 FCF8573A 		.ascii	"\374\370W:\354\236\314\274\216xd\250..\317 \212\273"
  53      EC9ECCBC 
  53      8E7864A8 
  53      2E2ECF20 
  53      8ABB
  54 00b4 880AFB20 		.ascii	"\210\012\373 \312\270\370uv\261\335!\027\212\327\227"
  54      CAB8F875 
  54      76B1DD21 
  54      178AD797 
  55 00c4 7F7EF28D 		.ascii	"\177~\362\215\322>\255\033\265?\327Kz\277G\204!\320"
  55      D23EAD1B 
  55      B53FD74B 
  55      7ABF4784 
ARM GAS  C:\Users\mvshv\AppData\Local\Temp\ccuC59CN.s 			page 4


  55      21D0
  56 00d6 D6464E29 		.ascii	"\326FN)\334C)\227{\3157W\211\016\007\255\263\353S\023"
  56      DC432997 
  56      7BCD3757 
  56      890E07AD 
  56      B3EB5313 
  57 00ea 7F5A3F37 		.ascii	"\177Z?7\221.\364X\355\375\260\365H\024\207\244\321T"
  57      912EF458 
  57      EDFDB0F5 
  57      481487A4 
  57      D154
  58 00fc 788052A9 		.ascii	"x\200R\251\376\361mq6B\345A\347\255\241\314LaIo\320"
  58      FEF16D71 
  58      3642E541 
  58      E7ADA1CC 
  58      4C61496F 
  59 0111 B9DCBDF7 		.ascii	"\271\334\275\367ZROi\323#\013\303\377\022\313\303\345"
  59      5A524F69 
  59      D3230BC3 
  59      FF12CBC3 
  59      E5
  60 0122 2B031B9D 		.ascii	"+\003\033\235\273l\023\017Q\"\003\361\034#\260\025x"
  60      BB6C130F 
  60      512203F1 
  60      1C23B015 
  60      78
  61 0133 D1FFCAF2 		.ascii	"\321\377\312\362\365\306\257\026\355\277\331\267\224"
  61      F5C6AF16 
  61      EDBFD9B7 
  61      94
  62 0140 C9EE2902 		.ascii	"\311\356)\002s\332\206\004\342\340\230\022,\331\332"
  62      73DA8604 
  62      E2E09812 
  62      2CD9DA
  63 014f 121C0E46 		.ascii	"\022\034\016F\0042K\001\002a\352\034\343\261\335\332"
  63      04324B01 
  63      0261EA1C 
  63      E3B1DDDA 
  64 015f 57AD6C17 		.ascii	"W\255l\027\257\222\276ZCc\272\277\255LX\2043E\021\365"
  64      AF92BE5A 
  64      4363BABF 
  64      AD4C5884 
  64      334511F5 
  65 0173 118DC31F 		.ascii	"\021\215\303\037.\216\333\222K\021XT\327\331\261\027"
  65      2E8EDB92 
  65      4B115854 
  65      D7D9B117 
  66 0183 8E1C8015 		.ascii	"\216\034\200\025\21442\226\235\264\323\350i\340\023"
  66      8C343296 
  66      9DB4D3E8 
  66      69E013
  67 0192 28F6288F 		.ascii	"(\366(\217\2330*#\360\267\205\226\245\345\002\367\266"
  67      9B302A23 
  67      F0B78596 
  67      A5E502F7 
  67      B6
  68 01a3 0E3F45F0 		.ascii	"\016?E\360\010it\312\034\012\217\341\006\330\323\261"
ARM GAS  C:\Users\mvshv\AppData\Local\Temp\ccuC59CN.s 			page 5


  68      086974CA 
  68      1C0A8FE1 
  68      06D8D3B1 
  69 01b3 10D9D821 		.ascii	"\020\331\330!\224\037@\211\025x\302P\253hz;^\236\023"
  69      941F4089 
  69      1578C250 
  69      AB687A3B 
  69      5E9E13
  70 01c6 C9688183 		.ascii	"\311h\201\203\255|||\307x\260`\212K\311\334\024\264"
  70      AD7C7C7C 
  70      C778B060 
  70      8A4BC9DC 
  70      14B4
  71 01d8 232E0763 		.ascii	"#.\007c\001\227`b<\220\235\364\232\257Z!\226\311p\302"
  71      01976062 
  71      3C909DF4 
  71      9AAF5A21 
  71      96C970C2 
  72 01ec C70CA9E9 		.ascii	"\307\014\251\351\343\222\333j\221\363\237E\351\"OzL"
  72      E392DB6A 
  72      91F39F45 
  72      E9224F7A 
  72      4C
  73 01fd 4C08199E 		.ascii	"L\010\031\2362t\212\012B\201\335I'\004\265\266%\360"
  73      32748A0A 
  73      4281DD49 
  73      2704B5B6 
  73      25F0
  74 020f A0F830B9 		.ascii	"\240\3700\271\351\303\263P[W3B\224\034\320`\313\334"
  74      E9C3B350 
  74      5B573342 
  74      941CD060 
  74      CBDC
  75 0221 40BE88E1 		.ascii	"@\276\210\341\363\307\024#0\327\302y\344\244n\223fz"
  75      F3C71423 
  75      30D7C279 
  75      E4A46E93 
  75      667A
  76 0233 9366062E 		.ascii	"\223f\006.c\007\366\232\271{\363\025\206J\221\303\271"
  76      6307F69A 
  76      B97BF315 
  76      864A91C3 
  76      B9
  77 0244 7538DCB8 		.ascii	"u8\334\270\346e&w\013\245\2013\230E\324\230\251\332"
  77      E6652677 
  77      0BA58133 
  77      9845D498 
  77      A9DA
  78 0256 EA8A0185 		.ascii	"\352\212\001\2059Dixm\036|\017!(\354\356\201X\314\375"
  78      39446978 
  78      6D1E7C0F 
  78      2128ECEE 
  78      8158CCFD 
  79 026a FB3B9970 		.ascii	"\373;\231pOT\324\272\2655\225n\342\364\251\352\212x"
  79      4F54D4BA 
  79      B535956E 
  79      E2F4A9EA 
ARM GAS  C:\Users\mvshv\AppData\Local\Temp\ccuC59CN.s 			page 6


  79      8A78
  80 027c C28D57C7 		.ascii	"\302\215W\307s\313X\2252j\352PI\361D\335os4Lx"
  80      73CB5895 
  80      326AEA50 
  80      49F144DD 
  80      6F73344C 
  81              		.text
  82              		.section	.gnu.lto__get.fb6a3deb,"",%progbits
  83 0000 789C9552 		.ascii	"x\234\225R]KTQ\024=\353\236;w>\032\213z\020\202!|h\020"
  83      5D4B5451 
  83      143DEB9E 
  83      3B773E1A 
  83      8B7A1082 
  84 0018 21BDD1E7 		.ascii	"!\275\321\347o\351QCPpH\232\036#\217\2169i>\010\246"
  84      6FE95143 
  84      5070489A 
  84      1E238F8E 
  84      39693E08 
  85 002d E5709121 		.ascii	"\345p\221!\221\304\210\222f\314FGoN\232\226SV\032\325"
  85      91C48892 
  85      66CC4647 
  85      6F4E9A96 
  85      53561AD5 
  86 0041 4344A194 		.ascii	"CD\241\224\202\321\227/\205\265\367\275\203\031\275"
  86      82D1972F 
  86      85B5F7BD 
  86      8319BD
  87 0050 E461E67C 		.ascii	"\344a\346|\354\273\327Z{\257s\014!\304\224\024\3428"
  87      ECBBD75A 
  87      7BAF730C 
  87      21C49414 
  87      E238
  88 0062 AD47E90F 		.ascii	"\255G\351\017\217\200\326\361X\210F\237\246\351\037"
  88      8F80D6F1 
  88      5888469F 
  88      A6E91F
  89 0071 84500139 		.ascii	"\204P\0019\220\247%(\241\273q\035\340\215\362A4hRG\003"
  89      90A72528 
  89      A1BB711D 
  89      E08DF241 
  89      34685247 
  90 0086 DAE52589 		.ascii	"\332\345%\211\247\315\267,yQZR@\247\343\347|\342\375"
  90      A7CDB72C 
  90      79515A52 
  90      40A7E3E7 
  90      7CE2FD
  91 0099 4E3E0225 		.ascii	"N>\002%t\354\317\306\306PvM\321\260/\217\030\275\251"
  91      74ECCFC6 
  91      C650764D 
  91      D1B02F8F 
  91      18BDA9
  92 00ac 79E5B7A4 		.ascii	"y\345\267\244&\272)=\205\020n#\304\352i\224Q\362\363"
  92      26BA293D 
  92      85106E23 
  92      C4EA6994 
  92      51F2F3
  93 00bf FC628757 		.ascii	"\374b\207W\232\020\264\357\374\276jk\245\375J5){\256"
ARM GAS  C:\Users\mvshv\AppData\Local\Temp\ccuC59CN.s 			page 7


  93      9A10B4EF 
  93      FCBE6A6B 
  93      A5FD4A35 
  93      297BAE
  94 00d2 4FAAFD96 		.ascii	"O\252\375\226\224\030\206\334\012\244\220\300\035\224"
  94      941886DC 
  94      0AA490C0 
  94      1D94
  95 00e0 72FED74F 		.ascii	"r\376\327O\213\217\374\362\220\203\275>\234z\030\014"
  95      8B8FFCF2 
  95      9083BD3E 
  95      9C7A180C 
  96 00f0 F739D8F5 		.ascii	"\3679\330\365\236=WcjF\351\026\225<\3627\236\007\245"
  96      9E3D5763 
  96      6A46E916 
  96      953CF237 
  96      9E07A5
  97 0103 5B2D834B 		.ascii	"[-\203KR\036s\240\343\235\311\011\275\000]\353)n\214"
  97      521E73A0 
  97      E39DC909 
  97      BD005DEB 
  97      296E8C
  98 0116 A92B0CF5 		.ascii	"\251+\014\365 \343B\017\207pp\023\370nh\243\253\310"
  98      20E3420F 
  98      87707013 
  98      F86E68A3 
  98      ABC8
  99 0128 D0318A30 		.ascii	"\3201\2120\356\"\314MQ/c0\004h\345\360\315g\036[m\374"
  99      EE22CC4D 
  99      512F6330 
  99      0468E5F0 
  99      CD671E5B 
 100 013e 8A2B7B79 		.ascii	"\212+{yo\366\333\213\335E\240\242\015\215'I\223W\347"
 100      6FF6DB8B 
 100      DD45A0A2 
 100      0D8D2749 
 100      9357E7
 101 0151 C9C34783 		.ascii	"\311\303G\203&\315\007n' \030\032\344\200\020\027\210"
 101      26CD076E 
 101      2720181A 
 101      E4801017 
 101      88
 102 0162 936C57B6 		.ascii	"\223lW\266h\245#\355b\266XFS\362G{\031+\261nB\372\304"
 102      68A523ED 
 102      62B65846 
 102      53F2477B 
 102      192BB16E 
 103 0179 0A9A321F 		.ascii	"\012\2322\037\007r\006\307\022\022T\\\367\371\311'^"
 103      077206C7 
 103      1212545C 
 103      F7F9C927 
 103      5E
 104 018a BE08DD69 		.ascii	"\276\010\335ill2?m$\321\333H7QbI\037\201\220e\017\350"
 104      6C6C323F 
 104      6D24D1DB 
 104      48375162 
 104      491F8190 
ARM GAS  C:\Users\mvshv\AppData\Local\Temp\ccuC59CN.s 			page 8


 105 01a1 DB42FCE5 		.ascii	"\333B\374\345\233\035\346\015\345~\362c\034Itq/\002"
 105      9B1DE60D 
 105      E57EF263 
 105      1C497471 
 105      2F02
 106 01b3 13301DEE 		.ascii	"\0230\035\356\331r\227Y\333&\225\355P\201\251\356\021"
 106      D9729759 
 106      DB2695ED 
 106      5081A9EE 
 106      11
 107 01c4 D5129A5F 		.ascii	"\325\022\232_\347\216\024\212Lp\1774Z\351\032\351\255"
 107      E78E148A 
 107      4C707F34 
 107      5AE91AE9 
 107      AD
 108 01d5 51634E17 		.ascii	"QcN\027\2031\257\233 \267\245\345\305\244\243\305\234"
 108      8331AF9B 
 108      20B7A5E5 
 108      C5A4A3C5 
 108      9C
 109 01e6 C83965C7 		.ascii	"\3109e\307\254\226W\036\227K':\326#\205\237m'\334X`"
 109      AC96571E 
 109      974B273A 
 109      D623859F 
 109      6D27DC58 
 110 01fb AB4BDE7F 		.ascii	"\253K\336\177\\J\356\243{'$\356\263\036\246\210\335"
 110      5C4AEEA3 
 110      7B2724EE 
 110      B31EA688 
 110      DD
 111 020c 71BED8F1 		.ascii	"q\276\330\361}\224}\017\260HwK6}\326e\364\270\006\245"
 111      7D947D0F 
 111      B048774B 
 111      367DD665 
 111      F4B806A5 
 112 0220 E3734301 		.ascii	"\343sC\001&\365\003\230&4\251.\264\201s\376\253\245"
 112      26F50398 
 112      2634A92E 
 112      B48173FE 
 112      ABA5
 113 0232 72463EF8 		.ascii	"rF>\370\343\334\014L\342f\226/\361|\272\306\325\012"
 113      E3DC0C4C 
 113      E266962F 
 113      F17CBAC6 
 113      D50A
 114 0244 B23C9BA7 		.ascii	"\262<\233\247\027^\305\0324\221\220\006\305\326\035"
 114      175EC51A 
 114      34919006 
 114      C5D61D
 115 0253 9D652B35 		.ascii	"\235e+5\275\213\253\320p\016\263\010i\231\225\267\344"
 115      BD8BABD0 
 115      700EB308 
 115      699995B7 
 115      E4
 116 0264 79502656 		.ascii	"yP&V\347A\357\012\214#\267\016TT\230\233\277SQ\263\246"
 116      E741EF0A 
 116      8C23B70E 
ARM GAS  C:\Users\mvshv\AppData\Local\Temp\ccuC59CN.s 			page 9


 116      5454989B 
 116      BF5351B3 
 117 0279 B2CEACAB 		.ascii	"\262\316\254\253\2552\243gNWWF\242f\244:R\330V\234\024"
 117      AD32A367 
 117      4E575746 
 117      A266A43A 
 117      52D8569C 
 118 028e 5A6DBD8C 		.ascii	"Zm\275\214D\353Q\365\033\306;B\337"
 118      44EB51F5 
 118      1BC63B42 
 118      DF
 119              		.text
 120              		.section	.gnu.lto__reads.fb6a3deb,"",%progbits
 121 0000 789C9552 		.ascii	"x\234\225R]KTQ\024=\353\234\37359\331\037\360A(\021"
 121      5D4B5451 
 121      143DEB9C 
 121      FB3539D9 
 121      1FF04128 
 122 0015 25BD1046 		.ascii	"%\275\020FP\324s\317\375\003\015!\301)iz\237\343\327"
 122      50D473CF 
 122      FD030D21 
 122      C129697A 
 122      9FE3D7
 123 0028 98E98391 		.ascii	"\230\351\203\221\2162\\bbP\211\210\212\314\322\254n"
 123      8E325C62 
 123      62508988 
 123      8ACCD2AC 
 123      6E
 124 0039 5A536A1A 		.ascii	"ZSj\032\245B\020\024\224%\225X!}\2008\266\317\271\223"
 124      A5421014 
 124      94259558 
 124      217D8038 
 124      B6CFB993 
 125 004d 964F7A99 		.ascii	"\226Oz\231{f\237}\366Zg\355\265\257\305\030+5\030;H"
 125      7B669F7D 
 125      F65A67ED 
 125      B5AFC518 
 125      2B35183B 
 126 0062 FF15F4C2 		.ascii	"\377\025\364\302d\340\035\323\214\325;\234\213\236R"
 126      64E01DD3 
 126      8CD53B9C 
 126      8B9E52
 127 0071 267718BF 		.ascii	"&w\030\277w3\031\0260\202\264\001\250@:`1.\014\304\320"
 127      77331916 
 127      3082B401 
 127      A8403A60 
 127      312E0CC4 
 128 0086 2E3A055E 		.ascii	".:\005^4]\367D\233\360\004\203A\333\357S\311\367\371"
 128      345DF744 
 128      9BF00483 
 128      41DBEF53 
 128      C9F7F9
 129 0099 6A0B14D2 		.ascii	"j\013\024\322vq)3\020.\351\227\262A\372\335\337\016"
 129      76712933 
 129      102EE997 
 129      B241FADD 
 129      DF0E
ARM GAS  C:\Users\mvshv\AppData\Local\Temp\ccuC59CN.s 			page 10


 130 00ab 5F6A6C3E 		.ascii	"_jl>\352\011\316\022T=\200\002\334D\201\272\373\026"
 130      EA09CE12 
 130      543D8002 
 130      DC4481BA 
 130      FB16
 131 00bd 4AA87666 		.ascii	"J\250vfj\256\303\026.\030\305\027~|\361yq\257\306\315"
 131      6AAEC316 
 131      2E18C517 
 131      7E7CF179 
 131      71AFC6CD 
 132 00d1 A785DCE3 		.ascii	"\247\205\334\343\011\201A\210\177\201\224b\270\215b"
 132      09814188 
 132      7F819462 
 132      B88D62
 133 00e0 2A5F699B 		.ascii	"*_i\233K\204\304>\015=\277\320\237E\016\372\254WC\015"
 133      4B84C43E 
 133      0D3DBFD0 
 133      9F450EFA 
 133      AC57430D 
 134 00f4 DCD90C35 		.ascii	"\334\331\0145\030\2064tUv&\362\305~\015\235\237Lw\330"
 134      18863474 
 134      557626F2 
 134      C57E0D9D 
 134      9F4C77D8 
 135 0108 7F6FEDD3 		.ascii	"\177o\355\323P\216\341\315P\316p\027\305\252~\371\353"
 135      508EE1CD 
 135      50CE7017 
 135      C5AA7EF9 
 135      EB
 136 0119 DC64481C 		.ascii	"\334dH\034\320\330+\203\003\023\341\242\264\306Nw\233"
 136      D0D82B83 
 136      0313E1A2 
 136      B4C64E77 
 136      9B
 137 012a 49E93715 		.ascii	"I\3517\025z\302\304\310\377p\365P\365\273\033\331\256"
 137      7AC2C4C8 
 137      FF70F550 
 137      F5BB1BD9 
 137      AE
 138 013b 9D96817B 		.ascii	"\235\226\201{(Rf\220\007\367a1Pp\355\245\351\313\354"
 138      28526690 
 138      07F76131 
 138      5070EDA5 
 138      E9CBEC
 139 014e 5A8BF433 		.ascii	"Z\213\3643\277\320\227n\307.\320\235\026W\213P\213\241"
 139      BFD0976E 
 139      C72ED09D 
 139      16578B50 
 139      8BA1
 140 0160 D49B6AB1 		.ascii	"\324\233j\261\324\326V\213\243%\205\240\354\310\203"
 140      D4D6568B 
 140      A32585A0 
 140      ECC883
 141 016f 8AC350FD 		.ascii	"\212\303P\3751v\226\310il\322g\255$\234\242F\237}DC"
 141      317696C8 
 141      696CD267 
 141      AD249CA2 
ARM GAS  C:\Users\mvshv\AppData\Local\Temp\ccuC59CN.s 			page 11


 141      469F7D44 
 142 0184 6A6192AB 		.ascii	"ja\222\253+\225\200\244\010\261\317h\030\376\264R\241"
 142      2B9580A4 
 142      08B1CF68 
 142      18FEB452 
 142      A1
 143 0195 52490112 		.ascii	"RI\001\022\230h\036}n\2539\232\272\273\221\321\251\214"
 143      98681E7D 
 143      6EAB399A 
 143      BABB91D1 
 143      A98C
 144 01a7 95C2C57A 		.ascii	"\225\302\305z)%\265e\023\006\017T;t6\333\362\352M\236"
 144      2925B565 
 144      13060F54 
 144      3B7436DB 
 144      F2EA4D9E 
 145 01bb 7B550647 		.ascii	"{U\006G\034>R\350R=1<\204\253\251\307\313\002f\276M"
 145      1C3E52E8 
 145      523D313C 
 145      84ABA9C7 
 145      CB0266BE 
 146 01d0 AA514DA5 		.ascii	"\252QM\245l\301\230\246j\354\211\267\232\001\227 \241"
 146      6CC198A6 
 146      6AEC89B7 
 146      9A019720 
 146      A1
 147 01e1 C4C83EA0 		.ascii	"\304\310>\240iz\254b=\227\247-n\245o\243\2474\327\353"
 147      697AAC62 
 147      3D97A72D 
 147      6EA56FA3 
 147      A734D7EB 
 148 01f5 F221DD2A 		.ascii	"\362!\335*\271B\025\372\320Xw\"\030fR8\201\005\253\307"
 148      B94215FA 
 148      D0587722 
 148      18665238 
 148      8105ABC7 
 149 0209 0222635B 		.ascii	"\002\"c[B\015<\322B\271\022\3728\020\352\305/\333\001"
 149      420D3CD2 
 149      42B912FA 
 149      3810EAC5 
 149      2FDB01
 150 021c 9749744A 		.ascii	"\227ItJ\350\"\342\251|=g\"\030\032Z|m\307V\245\343\011"
 150      E822E2A9 
 150      7C3D6722 
 150      181A5A7C 
 150      6DC756A5 
 151 0232 27A13A44 		.ascii	"'\241:D\0061\226\024a]O\331\334L\262G\002\022kK\202"
 151      06319614 
 151      615D4FD9 
 151      DC4CB247 
 151      02126B4B 
 152 0247 CA94694F 		.ascii	"\312\224iO6L{\032hI\304\021\260\020\304\312\365:{N\347"
 152      364C7B1A 
 152      6849C411 
 152      B010C4CA 
 152      F53A7B4E 
 153 025c B64E3BBE 		.ascii	"\266N;\276A;\001\227\270\330\022y\2736\223\243v\350"
ARM GAS  C:\Users\mvshv\AppData\Local\Temp\ccuC59CN.s 			page 12


 153      413B0197 
 153      B8D81279 
 153      BB3693A3 
 153      76E8
 154 026e E0271C1A 		.ascii	"\340'\034\032\000\2476h\022o\005}|PF\223-{\313\313\335"
 154      00A73668 
 154      126F057D 
 154      7C504693 
 154      2D7BCBCB 
 155 0283 F5DFA9A8 		.ascii	"\365\337\251\250{\242\262\326\255\255\251r\243gNWWF"
 155      7BA2B2D6 
 155      ADADA972 
 155      A3674E57 
 155      5746
 156 0295 A26EA43A 		.ascii	"\242n\244:\222\013\313\2173^S\307\253\352pRD\242u\177"
 156      920BCB8F 
 156      335E53C7 
 156      ABEA7052 
 156      44A2757F 
 157 02a9 0096F25B 		.ascii	"\000\226\362[7"
 157      37
 158              		.text
 159              		.section	.gnu.lto__writes.fb6a3deb,"",%progbits
 160 0000 789C9552 		.ascii	"x\234\225R\337K\024Q\024\276\337\2753;\263\356f\377"
 160      DF4B1451 
 160      14BEDFBD 
 160      333BB3EE 
 160      66FF
 161 0012 800F4289 		.ascii	"\200\017B\211(\265\003a\024F\357\375\033\032B\202[\322"
 161      28B50361 
 161      1446EFFD 
 161      1B1A4282 
 161      5BD2
 162 0024 F6BED75F 		.ascii	"\366\276\327_kf\017F\272\3312\304\206\324>HTd\232?\252"
 162      6B660F46 
 162      BAD932C4 
 162      86D43E48 
 162      54649A3F 
 163 0039 49CD52D1 		.ascii	"I\315R\321(\025\302\242\207\312bs1\"\222 \\;\367\316"
 163      2815C2A2 
 163      87CA6273 
 163      31229220 
 163      5C3BF7CE 
 164 004d A2E5930E 		.ascii	"\242\345\223\016;g\317=\367|\337\375\316w'\300\030\253"
 164      3B67CF3D 
 164      F77CDFFD 
 164      CE7727C0 
 164      18AB
 165 005f 3018ABA6 		.ascii	"0\030\253\246\377*za2\360\256y\306\232l\316Eo%\223E"
 165      FF2A7A61 
 165      32F0AE79 
 165      C69A6CCE 
 165      456F2593 
 166 0074 C6EF034C 		.ascii	"\306\357\003L\206\005\014\277l\000*\2216X\234\013\003"
 166      86050CBF 
 166      6C002A91 
 166      36589C0B 
ARM GAS  C:\Users\mvshv\AppData\Local\Temp\ccuC59CN.s 			page 13


 166      03
 167 0085 715C16DD 		.ascii	"q\\\026\335\002\257[\357\271\242S\270\202\301\240\345"
 167      02AF5BEF 
 167      B9A253B8 
 167      82C1A0E5 
 168 0095 8FB9D4A7 		.ascii	"\217\271\324\247b\265\004Ji\231[\233\032\010Wd\244l"
 168      62B5044A 
 168      69995B9B 
 168      1A085764 
 168      A46C
 169 00a7 96DEB5B1 		.ascii	"\226\336\265\261\2237[\332N\271\202\263$u\017\240\004"
 169      93375BDA 
 169      4EB982B3 
 169      24750FA0 
 169      04
 170 00b8 0F50A2CE 		.ascii	"\017P\242\316~\210\012\352]\230[\352\262\204\003F\371"
 170      7E880AEA 
 170      5D985BEA 
 170      B2840346 
 170      F9
 171 00c9 D55FAB1E 		.ascii	"\325_\253\036/\277\245q\271>!\017\272B`\020\342_ \225"
 171      2FBFA571 
 171      B93E210F 
 171      BA426010 
 171      E25F2095 
 172 00dd 1886504E 		.ascii	"\030\206PN\355\177:\227\222AqDC\257|\315\344Q\200N\336"
 172      ED7F3A97 
 172      92417144 
 172      43AF7CCD 
 172      E451804E 
 173 00f2 D650038F 		.ascii	"\326P\003\217vB\015\206a\015\335\220\335\311bqTC?\317"
 173      76420D86 
 173      610DDD90 
 173      DDC96271 
 173      54433FCF 
 174 0106 F6755905 		.ascii	"\366uY\005\350\373\214\206r\214\354\204r\206Q\224\253"
 174      E8FB8C86 
 174      728CEC84 
 174      72865194 
 174      AB
 175 0117 FE9FDF97 		.ascii	"\376\237\337\227f\203\342\230\306\366\017\016\314\204"
 175      6683E298 
 175      C6F60F0E 
 175      CC84
 176 0125 CBFA3436 		.ascii	"\313\37246\337c\246\244\327Z\352\012\023c\377\303\325"
 176      DF63A6A4 
 176      D75AEA0A 
 176      1363FFC3 
 176      D5
 177 0136 43DD1FEF 		.ascii	"C\335\037\357\347{\366\005\014<F\2312\203<x\202\000"
 177      E77BF605 
 177      0C3C4699 
 177      32833C78 
 177      8200
 178 0148 032577DF 		.ascii	"\003%w\337\230\236\314o\266Ko}\005\231\321\320~\320"
 178      989ECC6F 
 178      B64B6F7D 
ARM GAS  C:\Users\mvshv\AppData\Local\Temp\ccuC59CN.s 			page 14


 178      0599D1D0 
 178      7ED0
 179 015a 9101AE82 		.ascii	"\221\001\256\202P\301\240`\231*\004\324\322R\301\326"
 179      50C1A060 
 179      992A04D4 
 179      D252C1D6 
 180 016a 8A82506E 		.ascii	"\212\202Pn\204\240\3620\324x\214]$n\2725\351\261\016"
 180      84A0F230 
 180      D4788C5D 
 180      246EBA35 
 180      E9B10E
 181 017d D24D598B 		.ascii	"\322MY\213\307\276\2409\2759\303\325\211\352\374\224"
 181      C7BEA039 
 181      BD39C3D5 
 181      89EAFC94 
 182 018d 08B26F68 		.ascii	"\010\262oh\036\311f\253T)%@\372\222m\343\257,u\215\246"
 182      1EC966AB 
 182      54292540 
 182      FA926DE3 
 182      AF2C758D 
 183 01a2 1E6E6C7C 		.ascii	"\036nl|n*\220\306\215&)%Me\023\006O\3254\264\267\330"
 183      6E2A90C6 
 183      8D262925 
 183      4D651306 
 183      4FD534B4 
 184 01b8 FEF643C8 		.ascii	"\376\366C\310\271#\375-\016\017i\364\250\221\030\236"
 184      B923FD2D 
 184      0E0F69F4 
 184      A891189E 
 185 01c8 C1D1D4D3 		.ascii	"\301\321\324\323\021\237\231\357\221j\\S)W0\241\251"
 185      119F99EF 
 185      916A5C53 
 185      295730A1 
 185      A9
 186 01d9 5A7A13D7 		.ascii	"Zz\023\327M\237K\220Pbd+h\235\237\250\332\252\205\264"
 186      4D9F4B90 
 186      5062642B 
 186      689D9FA8 
 186      DAAA85B4 
 187 01ed C31DF469 		.ascii	"\303\035\364i\364V\026f\355?\241G%W\250Co\032[N\370"
 187      F4561666 
 187      ED3FA147 
 187      2557A843 
 187      6F1A5B4E 
 188 0202 779912B6 		.ascii	"w\231\022\266o\301j\265Od\354I\250\205I-\224+\241\317"
 188      6FC16AB5 
 188      4F64EC49 
 188      A885492D 
 188      942BA1CF 
 189 0216 7DA16E22 		.ascii	"}\241n\"[\020j\022\235\022\232C\"]\254\257\231\010\206"
 189      5B106A12 
 189      9D129A43 
 189      225DACAF 
 189      990886
 190 0229 8773EFAC 		.ascii	"\207s\357\254\370\206\264]\021L\252\0111\2058\323\315"
 190      F886B45D 
 190      114CAA09 
ARM GAS  C:\Users\mvshv\AppData\Local\Temp\ccuC59CN.s 			page 15


 190      318538D3 
 190      CD
 191 023a 6152E38A 		.ascii	"aR\343\212\"_P\356\270O\022\330\225\240\303\312\264"
 191      225F50EE 
 191      B84F12D8 
 191      95A0C3CA 
 191      B4
 192 024b 17DBA6BD 		.ascii	"\027\333\246\275\364\265$\023\360Y,\"*\314\272xI\327"
 192      F4B52413 
 192      F0592C22 
 192      2ACCBA78 
 192      49D7
 193 025d 764F3BBD 		.ascii	"vO;\275M;\003\207\270\330\032y;\264P\240\266ic\035\004"
 193      4D3B0387 
 193      B8D81A79 
 193      3BB450A0 
 193      B669631D 
 194 0272 0E711A43 		.ascii	"\016q\032C\210\345eA\037\037\224\321d\313\241H\304\331"
 194      88E56541 
 194      1F1F94D1 
 194      64CBA148 
 194      C4D9
 195 0284 FA9D8B39 		.ascii	"\372\235\2139gj\032\234\206\372Z'v\341|]M4\346D\353"
 195      676A1A9C 
 195      86FA5A27 
 195      76E17C5D 
 195      4D34E644 
 196 0299 A2853472 		.ascii	"\242\2054r\232\361\372F^\333\210\263\"\032k\374\013"
 196      9AF1FA46 
 196      5EDB88B3 
 196      221A6BFC 
 196      0B
 197 02aa 9B045AAC 		.ascii	"\233\004Z\254"
 198              		.text
 199              		.section	.gnu.lto_msObjectInit.fb6a3deb,"",%progbits
 200 0000 789C9D92 		.ascii	"x\234\235\222\317k\023A\024\307\347\273\263\273\331"
 200      CF6B1341 
 200      14C7E7BB 
 200      B3BBD9
 201 000f 125A3C78 		.ascii	"\022Z<x\020\355\241\007!\026${\360\346E\360\242\377"
 201      10EDA107 
 201      2116247B 
 201      F0E645F0 
 201      A2FF
 202 0021 462B2916 		.ascii	"F+)\026\032*]\275\210\220M\322\230\024\177\340\301F"
 202      1A2A5DBD 
 202      88904DD2 
 202      98147FE0 
 202      C146
 203 0033 096B09B5 		.ascii	"\011k\011\2651\247`\245ZmS\315\032m\324\246\251T,X\324"
 203      31A760A5 
 203      5A6D53CD 
 203      1A6DD4A6 
 203      A9542C58 
 204 0048 2A56440B 		.ascii	"*VD\013*\322\202\265h\353\233I\024-^\314\260\313\276"
 204      2AD282B5 
 204      68EB9B49 
ARM GAS  C:\Users\mvshv\AppData\Local\Temp\ccuC59CN.s 			page 16


 204      142D5ECC 
 204      B0CBBE
 205 005b D97DDFCF 		.ascii	"\331}\337\317\373\356{\2433\306\0069c\373\351\271\203"
 205      FBEE7BA3 
 205      33C60639 
 205      63FBE9B9 
 205      83
 206 006c 6E7006E5 		.ascii	"np\006\345\334\014caC\001D`\033`!\005!\234\346\3479"
 206      DC0C6361 
 206      43014460 
 206      1B602105 
 206      219CE6E7 
 207 0081 8AF17763 		.ascii	"\212\361wcJk\326\246\345^\030\360\234\264c\333\034\222"
 207      4A6BD6A6 
 207      E55E18F0 
 207      9CB463DB 
 207      1C92
 208 0093 27E9160B 		.ascii	"'\351\026\013#h\245\254\331\336a\207\237\342\016\007"
 208      2368A5AC 
 208      D9DE6187 
 208      9FE20E07 
 209 00a3 54DA7EA9 		.ascii	"T\332~\251\244\026\233\304VA\013m\227?\317\225\033\270"
 209      A4169BC4 
 209      56410B6D 
 209      973FCF95 
 209      1BB8
 210 00b5 0946F1EA 		.ascii	"\011F\361\352\374\350._\306\266#\266;=\304\355\235\016"
 210      FCE82E5F 
 210      C6B623B6 
 210      3B3DC4ED 
 210      9D0E
 211 00c7 E7180527 		.ascii	"\347\030\005'\036n\240\031\327\321\314\350\025\303M"
 211      1E6EA019 
 211      D7D1CCE8 
 211      15C34D
 212 00d6 F8283BDB 		.ascii	"\370(;\333\233\237o\340{\244r\370\325\312\252Q\223~"
 212      9B9F6FE0 
 212      7BA472F8 
 212      D5CAAA51 
 212      937E
 213 00e8 CF48A98A 		.ascii	"\317H\251\212[\233\245*\303\230\224\016\206\347\312"
 213      5B9BA52A 
 213      C398940E 
 213      86E7CA
 214 00f7 8D7CAF94 		.ascii	"\215|\257\224\276\356\313\235Qk\322\322\245\255\227"
 214      BEEECB9D 
 214      516BD2D2 
 214      A5AD97
 215 0106 A3F64187 		.ascii	"\243\366A\207k\030\337,\326\030\362R\3745[\234T\371"
 215      6B18DF2C 
 215      D618F252 
 215      FC355B9C 
 215      54F9
 216 0118 3E295E4A 		.ascii	">)^JN\215k\277\352V-k\230\370\207\3646|\"\377\315\265"
 216      4E8D6BBF 
 216      EA562D6B 
 216      98F887F4 
ARM GAS  C:\Users\mvshv\AppData\Local\Temp\ccuC59CN.s 			page 17


 216      367C22FF 
 217 012e F5FE465D 		.ascii	"\365\376F]\255\266\010w\2403Pp\365\211\346\332\353\033"
 217      ADB60877 
 217      A0335070 
 217      F589E6DA 
 217      EB1B
 218 0140 71DB7D9B 		.ascii	"q\333}\233A\341\200\227\232M\277\250B\270\325!\312\032"
 218      41E18097 
 218      9A4DBFA8 
 218      42B8D521 
 218      CA1A
 219 0152 90049620 		.ascii	"\220\004\226 \035\315\301vY\037WD\024u\331\022\"k\361"
 219      1DCDC176 
 219      591F5744 
 219      1475D912 
 219      226BF1
 220 0165 5CFE84C0 		.ascii	"\\\376\204\300Q\211d\254\370\330#\372\313\245\303\211"
 220      518964AC 
 220      F8D823FA 
 220      CBA5C389 
 221 0175 62A5A4A7 		.ascii	"b\245\244\2471\020\246!\245\267;\\OQ\343\013dK||\032"
 221      3110A621 
 221      A5B73B5C 
 221      4F51E30B 
 221      644B7C7C 
 222 018a 7FB6E035 		.ascii	"\177\266\3405sb\200-\016\367\300E\032\375rz\270\013"
 222      7362802D 
 222      0EF7C045 
 222      1AFD727A 
 222      B80B
 223 019c F34F9847 		.ascii	"\363O\230G\302\242k\205\345\246\320\017\233\306\354"
 223      C2A26B85 
 223      E5A6D00F 
 223      9BC6EC
 224 01ab 498B3C7A 		.ascii	"I\213<z\367m\366c\302+\012lq\270\201{t6\2125zth$\006"
 224      F76DF663 
 224      C22B0A6C 
 224      71B8817B 
 224      74368A35 
 225 01c4 CABE4895 		.ascii	"\312\276H\225\257@0\356\023\237\330\223\010\011\327"
 225      AF4030EE 
 225      139FD893 
 225      0809D7
 226 01d3 A90FCF17 		.ascii	"\251\017\317\027=5\327\377aSEI\332\024\235\303\003\230"
 226      3D35D7FF 
 226      61534549 
 226      DA149DC3 
 226      0398
 227 01e5 299AABA4 		.ascii	")\232\253\244\275\250\207\246\341\241\244)\202\366H"
 227      BDA887A6 
 227      E1A1A429 
 227      82F648
 228 01f4 D0F42AED 		.ascii	"\320\364*\355e}\264)I\223\343-\013\232!h+\357\027\352"
 228      657DB429 
 228      4993E32D 
 228      0B9A2168 
 228      2BEF17EA 
ARM GAS  C:\Users\mvshv\AppData\Local\Temp\ccuC59CN.s 			page 18


 229 0208 A34D4B9A 		.ascii	"\243MK\232*h\225\277\007\242\201a\206T\237\020Io\234"
 229      2A6895BF 
 229      07A28161 
 229      86549F10 
 229      496F9C
 230 021b 853C4B62 		.ascii	"\205<Kb%\250/t.\350wv\373\375\346\357\253\3332\017\267"
 230      25A82F74 
 230      2EE87776 
 230      FBFDE6EF 
 230      ABDB320F 
 231 0230 75995D9D 		.ascii	"u\231]\235\355\246u\264'\320\026\264\314` X\013\375"
 231      EDA675B4 
 231      27D016B4 
 231      CC602058 
 231      0BFD
 232 0242 87180F5A 		.ascii	"\207\030\017ZG\364\366c\035\035\201\036\325\352<\036"
 232      47F4F663 
 232      1D1D811E 
 232      D5EA3C1E 
 233 0252 E0816EEB 		.ascii	"\340\201n\353'\206MF\037"
 233      27864D46 
 233      1F
 234              		.text
 235              		.section	.gnu.lto_vmt.fb6a3deb,"",%progbits
 236 0000 789C6363 		.ascii	"x\234cc``\330\000\304z\014\0200\205\231q\347\3167\267"
 236      6060D800 
 236      C47A0C10 
 236      30859971 
 236      E7CE37B7 
 237 0014 D9EBFF36 		.ascii	"\331\353\3776t44<\350^\317<\233y\0163\3034f\014\271"
 237      7434343C 
 237      E85ECF3C 
 237      9B790E33 
 237      C334660C 
 238 0029 05DB78E6 		.ascii	"\005\333x\34603Ncf\304\220\370\006\324\3014\215\231"
 238      30334E63 
 238      66C490F8 
 238      06D4C134 
 238      8D99
 239 003b 09436213 		.ascii	"\011Cb\023P\202y\03233Xb\375\233\235?y\273\201\",\214"
 239      5082791A 
 239      33335862 
 239      FD9B9D3F 
 239      79BB8122 
 240 0051 20EED9FB 		.ascii	" \356\331\373s\2370Ylk\350X\320\0200\207\231u*3\003"
 240      739F3059 
 240      6C6BE858 
 240      D0103087 
 240      99752A33 
 241 0066 E3764699 		.ascii	"\343vF\231\251\314\214\214\333\030\353\247231n\005Q"
 241      A9CC8C8C 
 241      DB18EBA7 
 241      3233316E 
 241      0551
 242 0078 CC8C5B40 		.ascii	"\314\214[@\024\013\343f\306z\006\306\035\214\026\014"
 242      140BE366 
 242      C67A06C6 
ARM GAS  C:\Users\mvshv\AppData\Local\Temp\ccuC59CN.s 			page 19


 242      1D8C160C 
 243 0088 3A7A7AFA 		.ascii	":zz\372p\224_\254\237\221\230\243\237\223\231\244_\\"
 243      70945FAC 
 243      9F9198A3 
 243      9F9399A4 
 243      5F5C
 244 009a 52949A98 		.ascii	"R\224\232\230[\254\237\233\232\013e\352%3\000\000\304"
 244      5BAC9F9B 
 244      9A0B65EA 
 244      25330000 
 244      C4
 245 00ab 414F10   		.ascii	"AO\020"
 246              		.text
 247              		.section	.gnu.lto_.symbol_nodes.fb6a3deb,"",%progbits
 248 0000 789C6363 		.ascii	"x\234cc``\350\003b\006\246cL\365\014\014\023\31610\000"
 248      6060E803 
 248      6206A663 
 248      4CF50C0C 
 248      13CE3130 
 249 0015 A91D0B0E 		.ascii	"\251\035\013\0166\260\001\305\2163\3253\242\213\035"
 249      36B001C5 
 249      8E33D533 
 249      A28B1D
 250 0024 65AA6742 		.ascii	"e\252gB\027;\302T\317\214.v\222\251\236\005&\266\253"
 250      173BC254 
 250      CF8C2E76 
 250      92A99E05 
 250      26B6AB
 251 0037 C1918181 		.ascii	"\301\221\201\201\365\004\023C\203\022\003\0033\343)"
 251      F5041343 
 251      83120303 
 251      33E329
 252 0046 A67A56B0 		.ascii	"\246zV\260\024\003CC\203\003P\204\211\215\341I\333\033"
 252      14034343 
 252      83035084 
 252      898DE149 
 252      DB1B
 253 0058 79666608 		.ascii	"yff\010\315\000\000EW&\271"
 253      CD000045 
 253      5726B9
 254              		.text
 255              		.section	.gnu.lto_.refs.fb6a3deb,"",%progbits
 256 0000 789C6363 		.ascii	"x\234cc``\020\000bF\026&VF\026V&f&&&\006&F\006\000\003"
 256      60601000 
 256      62461626 
 256      56461656 
 256      26662626 
 257 001b 51003B   		.ascii	"Q\000;"
 258              		.text
 259              		.section	.gnu.lto_.decls.fb6a3deb,"",%progbits
 260 0000 789CAD56 		.ascii	"x\234\255VkP\024\331\025\356\333w\230\031\206\227\253"
 260      6B5014D9 
 260      15EEDB77 
 260      98198697 
 260      AB
 261 0011 D6AE5BA1 		.ascii	"\326\256[\241*\254\313V\221M\226\207\233\212\251$?\222"
 261      2AACCB56 
ARM GAS  C:\Users\mvshv\AppData\Local\Temp\ccuC59CN.s 			page 20


 261      914D9687 
 261      9B8AA924 
 261      3F92
 262 0023 F2C7263F 		.ascii	"\362\307&?L\252b\262\025+\324\216\303\320\310l13\204"
 262      4CAA62B2 
 262      152BD48E 
 262      C3D0C86C 
 262      313384
 263 0036 69B26B7E 		.ascii	"i\262k~5/A\004\005\361\005\202\022\304\007\214(.\370"
 263      352F4104 
 263      05F10582 
 263      12C4078C 
 263      282EF8
 264 0049 E4E10888 		.ascii	"\344\341\010\210O\036\342\372ZQ\014\342*f\025\361\001"
 264      4F1EE2FA 
 264      5A510CE2 
 264      2A6615F1 
 264      01
 265 005a 220A39F7 		.ascii	"\"\0129\367\336\356\231f\230\331lR\333\305\241\347\236"
 265      DEEE9966 
 265      98D96C52 
 265      DBC5A1E7 
 265      9E
 266 006b 3EF7FBCE 		.ascii	">\367\373\316\371\356\351{[\313q\\G\030\307E`\216\223"
 266      F9EEE97B 
 266      5BCB715C 
 266      4718C745 
 266      608E93
 267 007e 788E9B86 		.ascii	"x\216\233\206K\007\276\223`Z0#X3\330\011\260v\260N0"
 267      4B07BE93 
 267      605A3023 
 267      5833D809 
 267      B076B04E 
 268 0093 1DE2E845 		.ascii	"\035\342\350E\236\007\301\357\020\2600\2607\300\026"
 268      9E07C1EF 
 268      10B030B0 
 268      37C016
 269 00a2 80458191 		.ascii	"\200E\201\221\220\037\311q\312\365\026\340\033\340>"
 269      901FC971 
 269      CAF516E0 
 269      1BE03E
 270 00b1 176C3E58 		.ascii	"\027l>X\277\012\237`.\227y\264\210qAJ\334\024\030\202"
 270      BF0A9F60 
 270      2E9779B4 
 270      8871414A 
 270      DC141882 
 271 00c5 31963183 		.ascii	"1\2261\203\2740\311\365\003?\270\004\223`\373\302%\230"
 271      BC30C9F5 
 271      033FB804 
 271      9360FBC2 
 271      2598
 272 00d7 D39C0737 		.ascii	"\323\234\0077\304\007\356\017\275p\333e\334\023\252"
 272      C407EE0F 
 272      BD70DB65 
 272      DC13AA
 273 00e6 7C09E6FB 		.ascii	"|\011\346\373`\261h6.L\247\272D\371\300~\027\036\006"
 273      60B16836 
ARM GAS  C:\Users\mvshv\AppData\Local\Temp\ccuC59CN.s 			page 21


 273      2E4CA7BA 
 273      44F9C07E 
 273      171E06
 274 00f9 F9C0EEE4 		.ascii	"\371\300\356\344fk\241\306W\353A\360\337\360\203\037"
 274      666BA1C6 
 274      57EB41F0 
 274      DFF0831F 
 275 0109 070F03E1 		.ascii	"\007\017\003\341\276B\305Ap\225u$\270\223p\177\011\026"
 275      BE42C541 
 275      70957524 
 275      B893707F 
 275      0916
 276 011b 00F65ACE 		.ascii	"\000\366Z\316Y\301'5\020\330\005~\326r\031\317\326\377"
 276      59C12735 
 276      10D8057E 
 276      D67219CF 
 276      D6FF
 277 012d 09D82DB0 		.ascii	"\011\330-\260!\260\007\262\326\012\346\030\330s\260"
 277      21B007B2 
 277      D60AE618 
 277      D873B0
 278 013c 09B0A760 		.ascii	"\011\260\247`\343`\032Y\353 U\317x_\0331:\2203T\243"
 278      E3601A59 
 278      EB2055CF 
 278      785F1B31 
 278      3A903354 
 279 0151 5F8B51B8 		.ascii	"_\213Q\270\001M#2\376\346\330D\010\033\223\307\271\255"
 279      014D2332 
 279      FEE6D844 
 279      081B93C7 
 279      B9AD
 280 0163 DD5DA198 		.ascii	"\335]\241\230\247\277\253\206\252\237h\243\367I\354"
 280      A7BFAB86 
 280      AA9F68A3 
 280      F749EC
 281 0172 D27FC2A1 		.ascii	"\322\177\302\241C\010+8\215\256\247u\032\274\230\004"
 281      43082B38 
 281      8DAEA775 
 281      1ABC9804 
 282 0182 F207EB86 		.ascii	"\362\007\353\206>EQ\206\335$\314\325\2635:'W\222xt\014"
 282      3E455186 
 282      DD24CCD5 
 282      B3353A27 
 282      57927874 
 283 0197 19D01184 		.ascii	"\031\320\021\204\321a\024MJ\016'\013\236'I\231\222\264"
 283      D161144D 
 283      4A0E270B 
 283      9E274999 
 283      92B4
 284 01a9 53C20B38 		.ascii	"S\302\0138\364a8\212\015\347\320Q\024E\310I\024jD\341"
 284      F461388A 
 284      0DE7D051 
 284      1445C849 
 284      146A44E1 
 285 01bd A8018513 		.ascii	"\250\001\205\023\374\232\035{;B\360^D\011n\325\215t"
 285      FC9A1D7B 
 285      3B42F05E 
ARM GAS  C:\Users\mvshv\AppData\Local\Temp\ccuC59CN.s 			page 22


 285      44096ED5 
 285      8D74
 286 01cf 6337C3E9 		.ascii	"c7\303\351\375\013\033r\010C30\034\3670\000\241o\212"
 286      FD0B1B72 
 286      08433330 
 286      1CF73000 
 286      A16F8A
 287 01e2 261F1464 		.ascii	"&\037\024d2\320\\\314\256/\307P\376\\\003\322\300p\264"
 287      32D05CCC 
 287      AE2FC750 
 287      FE5C03D2 
 287      C070B4
 288 01f5 ABEC4E28 		.ascii	"\253\354N(\014\347\033P\004\014k\033\367\355\016\013"
 288      0CE71B50 
 288      040C6B1B 
 288      F7ED0E0B 
 289 0205 CE278895 		.ascii	"\316'\210\225YR\340o)c+ \264\000\002\207N\240`\242\006"
 289      5952E06F 
 289      29632B20 
 289      B4000287 
 289      4EA060A2 
 290 021a B943F0CD 		.ascii	"\271C\360\31535N\002\265\034\224\205+L%\356r&n\365\304"
 290      33354E02 
 290      B51C9485 
 290      2B4C25EE 
 290      72266EF5 
 291 022f C891605C 		.ascii	"\310\221`\\@\325\345\273z\307\217\353\221!*\317\215"
 291      40D5E5BB 
 291      7AC78FEB 
 291      91212ACF 
 291      8D
 292 0240 CEB9A151 		.ascii	"\316\271\241Q\007d\274\\\316\370$8]\340d\305\017\234"
 292      0764BC5C 
 292      CEF82438 
 292      5DE064C5 
 292      0F9C
 293 0252 5BD8744B 		.ascii	"[\330tK\222\"P;\244\322\346)~9\251\2358\201g\342^\233"
 293      9222503B 
 293      A4D2E629 
 293      7E39A99D 
 293      388167E2 
 294 0268 A431C842 		.ascii	"\2441\310B\344\375\027! \276\267\247n\204W\227yjF\231"
 294      E4FD1721 
 294      20BEB7A7 
 294      6E845797 
 294      796A4699 
 295 027c 9D72999D 		.ascii	"\235r\231\235\264\314\276\307\027*\202\230bs`X\326\364"
 295      B4CCBEC7 
 295      172A8298 
 295      62736058 
 295      D6F4
 296 028e EC5C001B 		.ascii	"\354\\\000\033\352a8\276\247\355\224\006\277\220\033"
 296      EA6138BE 
 296      A7ED9406 
 296      BF901B
 297 029d 28E3F2F9 		.ascii	"(\343\362\371\020\374\212\015\366d7]\017\304\031\230"
 297      10FC8A0D 
ARM GAS  C:\Users\mvshv\AppData\Local\Temp\ccuC59CN.s 			page 23


 297      F664375D 
 297      0FC41998 
 298 02ad 0E8AA7AB 		.ascii	"\016\212\247\253\277\014\304yl0=\362\364\026\310\302"
 298      BF0CC479 
 298      6C303DF2 
 298      F416C8C2 
 299 02bd 068D037D 		.ascii	"\006\215\003}{\2024\360\016P\255m\032\342\353\310_\273"
 299      7B8234F0 
 299      0E50AD6D 
 299      1AE2EBC8 
 299      5FBB
 300 02cf 8CBA8CC1 		.ascii	"\214\272\214\301\250\033Q\327\251\351qW\030\243\345"
 300      A81B51D7 
 300      A9E97157 
 300      18A3E5
 301 02de 5549CD67 		.ascii	"UI\315gI\345\024\326m1\300P\313\226B\007\256\241\307"
 301      49E514D6 
 301      6D31C050 
 301      CB964207 
 301      AEA1C7
 302 02f1 2F0F6B98 		.ascii	"/\017k\230\213\350\3709\270*J\373\017\206\342\"\312"
 302      8BE8F839 
 302      B82A4AFB 
 302      0F86E222 
 302      CA
 303 0302 CBB75E3A 		.ascii	"\313\267^:\232\035\242j\342\237\225>&*_\201$\276\364"
 303      9A1DA26A 
 303      E29F953E 
 303      262A5F81 
 303      24BEF4
 304 0315 A8AC953B 		.ascii	"\250\254\225;L\232\265b\227AZ\255,\355%p\3661i\237L"
 304      4C9AB562 
 304      97415AAD 
 304      2CED2570 
 304      F631699F 
 305 032a 3C6ED4E0 		.ascii	"<n\324\3402\306\321P\362jk\250\252\215\027\035\242m"
 305      32C6D150 
 305      F26A6BA8 
 305      AA8D171D 
 305      A26D
 306 033c 7C1D38AE 		.ascii	"|\0358\256z8\256 \277$\327|\223\\-\270tC\213\253\030"
 306      7A38AE20 
 306      BF24D77C 
 306      935C2DB8 
 306      74438BAB 
 307 0351 C991F3FD 		.ascii	"\311\221\363\375\223\252w\345\341\257.\323\267\261\037"
 307      93AA77E5 
 307      E1AF2ED3 
 307      B7B11F
 308 0360 48BEF290 		.ascii	"H\276\362\220\\\367Or\3037\311\313+\303\231\372\005"
 308      5CF74F72 
 308      C337C9CB 
 308      2BC399FA 
 308      05
 309 0371 9BC98CA2 		.ascii	"\233\311\214\242,i\016C\274\010\317{i\223\334D\013\340"
 309      2C690E43 
 309      BC08CF7B 
ARM GAS  C:\Users\mvshv\AppData\Local\Temp\ccuC59CN.s 			page 24


 309      6993DC44 
 309      0BE0
 310 0383 7F0FD2B0 		.ascii	"\177\017\322\260\355a\374ZK\357\214\226\202\347\252"
 310      ED61FC5A 
 310      4BEF8C96 
 310      82E7AA
 311 0392 96BAC55A 		.ascii	"\226\272\305Z\012\002\037\255>~3\024\017\261\305/\037"
 311      0A021FAD 
 311      3E7E3314 
 311      0FB1C52F 
 311      1F
 312 03a3 2A5C1740 		.ascii	"*\\\027@W\272\335\275\370\315}\007\3572\037\274f\350"
 312      57BADDBD 
 312      F8CD7D07 
 312      EF321FBC 
 312      66E8
 313 03b5 365BFED7 		.ascii	"6[\376\327\255'\367a\245%\376\305|\217\0323\327\360"
 313      AD27F761 
 313      A525FEC5 
 313      7C8F1A33 
 313      D7F0
 314 03c7 EA04DB67 		.ascii	"\352\004\333g$x\207&8\250$\330z\250f\000\251\023\274"
 314      24788726 
 314      38A824D8 
 314      7AA86600 
 314      A913BC
 315 03da 3323C121 		.ascii	"3#\301!w\202\227\357\035\033\013\302\303\376\023\354"
 315      778297EF 
 315      1D1B0BC2 
 315      C3FE13EC 
 316 03ea 2F196C62 		.ascii	"/\031lb\035\013/\010\372\232%S\370L\352\011S\022\274"
 316      1D0B2F08 
 316      FA9A2553 
 316      F84CEA09 
 316      5312BC
 317 03fd C77C3537 		.ascii	"\307|57\327\257\013\363\237\3400M\360\276\222\340\336"
 317      D7AF0BF3 
 317      9FE0304D 
 317      F0BE92E0 
 317      DE
 318 040e 5DAFEB02 		.ascii	"]\257\353\002\325\011\016\317H\360\201;\301\375}\367"
 318      D5090ECF 
 318      48F0813B 
 318      C1FD7DF7 
 319 041e 9FF37884 		.ascii	"\237\363x\204%\330\327\354\354\016\305\323l0\372\252"
 319      25D8D7EC 
 319      EC0EC5D3 
 319      6C30FAAA 
 320 042e E248207B 		.ascii	"\342H {I\346\023\321\006\212\212t\354%\251\244[\377"
 320      49E613D1 
 320      068A8A74 
 320      EC25A9A4 
 320      5BFF
 321 0440 CDAABC10 		.ascii	"\315\252\274\020\\\240\241\261\373\367M\326\033\224"
 321      5CA0A1B1 
 321      FBF74DD6 
 321      1B94
ARM GAS  C:\Users\mvshv\AppData\Local\Temp\ccuC59CN.s 			page 25


 322 044e 84596177 		.ascii	"\204Yaw\245\301\272P\377+>J\363}\254\344\353\\\357|"
 322      A5C1BA50 
 322      FF2B3E4A 
 322      F37DACE4 
 322      EB5CEF7C 
 323 0462 4B9DEEE8 		.ascii	"K\235\356\350\214t\237(\351\352\352/\025\036\322\242"
 323      8C749F28 
 323      E9EAEA2F 
 323      151ED2A2 
 324 0472 C8799191 		.ascii	"\310y\221\221\221Q\221U$\336u:\037Ou\256\226\212L\244"
 324      91519155 
 324      24DE753A 
 324      1F4F75AE 
 324      968A4CA4 
 325 0486 2F501774 		.ascii	"/P\027t\35134\317\323\220g(B+\371\317\025\323l\300\200"
 325      E93334CF 
 325      D3906728 
 325      422BF9CF 
 325      15D36CC0 
 326 049b 163D8288 		.ascii	"\026=\202\210\207$\342\033y\012\364,z\001\355;\206\""
 326      8724E21B 
 326      790AF42C 
 326      7A01ED3B 
 326      8622
 327 04ad D173B009 		.ascii	"\321s\260\011\260\247`\343(\222\236[\214\256\027\235"
 327      B0A760E3 
 327      28929E5B 
 327      8CAE179D 
 328 04bd 8925FAA1 		.ascii	"\211%\372\241\273\336L1\036\"U(Y\246\177\373\014\215"
 328      BBDE4C31 
 328      1E225528 
 328      59A67FFB 
 328      0C8D
 329 04cf F38A842A 		.ascii	"\363\212\204*\321\210w\344i\344\016e\357\344\243\\\014"
 329      D18877E4 
 329      69E40E65 
 329      EFE4A35C 
 329      0C
 330 04e0 C72909E2 		.ascii	"\307)\011\342\344\327\321\223\333\330\3422\311\225\215"
 330      E4D7D193 
 330      DBD8E232 
 330      C9958D
 331 04ef 49FFA101 		.ascii	"I\377\241\001\337BP$\020<\177Cqy\320<Y\220<\277\202"
 331      DF425024 
 331      103C7F43 
 331      7179D03C 
 331      59903CBF 
 332 0504 707ED500 		.ascii	"p~\325\000\214\015\243}\353C\324\253\366R\305\307\241"
 332      8C0DA37D 
 332      EB43D4AB 
 332      F652C5C7 
 332      A1
 333 0515 4977933D 		.ascii	"Iw\223=+\371j \024\267\320^\321\365\016\346\256B\260"
 333      2BF96A20 
 333      14B7D05E 
 333      D1F50EE6 
 333      AE42B0
ARM GAS  C:\Users\mvshv\AppData\Local\Temp\ccuC59CN.s 			page 26


 334 0528 7EF3DC2B 		.ascii	"~\363\334+\330Y\032\2763K\002\005`\006\272\000\344\022"
 334      D8591ABE 
 334      334B0205 
 334      6006BA00 
 334      E412
 335 053a FF2D5A75 		.ascii	"\377-Zu\227jY\225D\331s\336\321\252*\275\026\341\225"
 335      976A5995 
 335      44D973DE 
 335      D1AA2ABD 
 335      16E195
 336 054d 77A84A5A 		.ascii	"w\250JZ\237\215\301\321p\322\025\231|\024z\015\265g"
 336      9F8DC1D1 
 336      70D21599 
 336      7C147A0D 
 336      B567
 337 055f F191680A 		.ascii	"\361\221h\012\356\031p\237\236\335\025\204\345\254\357"
 337      EE19709F 
 337      9EDD1584 
 337      E5ACEF
 338 056e 84585BB0 		.ascii	"\204X[\260\025\034\333:7\003\230H\330\354%tWG\366\253"
 338      151CDB3A 
 338      37039848 
 338      D8EC2574 
 338      5747F6AB 
 339 0582 F33EB560 		.ascii	"\363>\265`X \353\246\332+W\365\270\203\312\312\357\317"
 339      5820EBA6 
 339      DA2B57F5 
 339      B883CACA 
 339      EFCF
 340 0594 CCDF148C 		.ascii	"\314\337\024\214\242\3461\216\276\267I\223\254\206\271"
 340      A2E6318E 
 340      BEB74993 
 340      AC86B9
 341 05a3 D9BC7BDB 		.ascii	"\331\274{\333&\204\376^\202\034(\361\273\224\013\264"
 341      2684FE5E 
 341      821C28F1 
 341      BB940BB4 
 342 05b3 630F0EDF 		.ascii	"c\017\016\337\320\251\227}5\257^\366\\\236\035\370p"
 342      D0A9977D 
 342      35AF5EF6 
 342      5C9E1DF8 
 342      70
 343 05c4 87E0E327 		.ascii	"\207\340\343'[N\004\015\300\006N6\2079\024\002!\366"
 343      5B4E040D 
 343      C0064E36 
 343      87391402 
 343      21F6
 344 05d6 1FEEC4D8 		.ascii	"\037\356\304\330w\255r!\346\007/\317nr(\031(S\220\333"
 344      77AD7221 
 344      E6072FCF 
 344      6E722819 
 344      285390DB 
 345 05ea C3CB18BC 		.ascii	"\303\313\030\274\202K\377d\000\244Fe\317\031\235r\261"
 345      824BFF64 
 345      00A44665 
 345      CF199D72 
 345      B1
ARM GAS  C:\Users\mvshv\AppData\Local\Temp\ccuC59CN.s 			page 27


 346 05fb 6F69F643 		.ascii	"oi\366C5\217\271x\017\231j\312\254\\9\367cwR\236\"\221"
 346      358FB978 
 346      0F996ACA 
 346      AC5C39F7 
 346      6377529E 
 347 0611 AC98B323 		.ascii	"\254\230\263#\267\313p\033\366'\016\375\205\343\212"
 347      B7CB701B 
 347      F6270EFD 
 347      85E38A
 348 0620 F456BA69 		.ascii	"\364V\272i\236n)\357\010\303\027\331\016\352|x\244\325"
 348      9E6E29EF 
 348      08C317D9 
 348      0EEA7C78 
 348      A4D5
 349 0632 B0B05272 		.ascii	"\260\260Rr\335\226\\\343e8\277=\267P\252D\277\246'_"
 349      DD965CE3 
 349      6538BF3D 
 349      B750AA44 
 349      BFA6275F 
 350 0646 BE6709E1 		.ascii	"\276g\011\341'\374_\303\337F(\217\037\000\274\265\374"
 350      27FC5FC3 
 350      DF46288F 
 350      1F00BCB5 
 350      FC
 351 0657 42989D3D 		.ascii	"B\230\235=\350\314\321\343\254\000\366\025\276\305\331"
 351      E8CCD1E3 
 351      AC00F615 
 351      BEC5D9
 352 0666 1620430D 		.ascii	"\026 C\015\276\015\335\004\037rp\206\223-\265\300\203"
 352      BE0DDD04 
 352      1F727086 
 352      932DB5C0 
 352      83
 353 0677 54E08D54 		.ascii	"T\340\215TH\221:o\334\233\320\342<\206\264\243\273\307"
 353      48913A6F 
 353      DC9BD0E2 
 353      3C86B4A3 
 353      BBC7
 354 0689 192C2375 		.ascii	"\031,#u\216c7\0249\355\326y\240\326yC\255\247P\227j"
 354      8E633714 
 354      39EDD679 
 354      A0D67943 
 354      ADA75097 
 355 069e 9B93F17A 		.ascii	"\233\223\361z\206\224\371E\361\345P\031\351\311.,m\004"
 355      8694F945 
 355      F1E55019 
 355      E9C92E2C 
 355      6D04
 356 06b0 9C39F450 		.ascii	"\2349\364P*\362\340\024y\343\024S\234\355\2337L\005"
 356      2AF2E014 
 356      79E31453 
 356      9CED9B37 
 356      4C05
 357 06c2 E12D017E 		.ascii	"\341-\001~\317\320\372\372\263N\344\366\225\360\324"
 357      CFD0FAFA 
 357      B34EE4F6 
 357      95F0D4
ARM GAS  C:\Users\mvshv\AppData\Local\Temp\ccuC59CN.s 			page 28


 358 06d1 59B0B5A6 		.ascii	"Y\260\265\246[\357>\37172gF\376\346bv\362Cw\242M\314"
 358      5BEF3EF9 
 358      37326746 
 358      FEE66276 
 358      F24377A2 
 359 06e7 995F79B5 		.ascii	"\231_y\265w\306\267\311\2127U\007\325\026\236\034T\233"
 359      77C6B7C9 
 359      8A375507 
 359      D5169E1C 
 359      549B
 360 06f9 79F9A03A 		.ascii	"y\371\240:\360\342\354a-\024R\011\205L\225\007\273%"
 360      F0E2EC61 
 360      2D145209 
 360      854C9507 
 360      BB25
 361 070b 8130B4C1 		.ascii	"\2010\264\301S\312\006\357R\266\322R\266\32565hq5+\245"
 361      53CA06EF 
 361      52B6D252 
 361      B6D53635 
 361      6871352B 
 362 0720 EBC0F05A 		.ascii	"\353\300\360Z-v\262A\375\266\257\317\351 3TFfRO\206"
 362      2D76B241 
 362      FDB6AFCF 
 362      E9203354 
 362      4666524F 
 363 0735 6B4F08AE 		.ascii	"kO\010\256g\217\253vm\357\013$\217\313\3411\332\306"
 363      678FAB76 
 363      6DEF0B24 
 363      8FCBE131 
 363      DAC6
 364 0747 12F7A545 		.ascii	"\022\367\245E{\335\244\213Uh\012F\333Y\\\305\261\241"
 364      7BDDA48B 
 364      55680A46 
 364      DB595CC5 
 364      B1A1
 365 0759 8A40E574 		.ascii	"\212@\345t\336\301|W\262\012\306B\3379\032\260C\322"
 365      DEC17C57 
 365      B20AC642 
 365      DF391AB0 
 365      43D2
 366 076b 53B696D2 		.ascii	"S\266\226\322\341\006\015\215\371'\377\016{\315\007"
 366      E1060D8D 
 366      F927FF0E 
 366      7BCD07
 367 077a 0B4B74F8 		.ascii	"\013Kt\3708\343\037\335\361t\267\226\360\357\204\032"
 367      38E31FDD 
 367      F174B796 
 367      F0EF841A 
 368 078a AB881864 		.ascii	"\253\210\030d[\357/m\016\300m,\302\271\245\272\227\026"
 368      5BEF2F6D 
 368      0EC06D2C 
 368      C2B9A5BA 
 368      9716
 369 079c B08B6458 		.ascii	"\260\213dX\315XVOmn\300ji!\001YZ\264\033B\320\036\252"
 369      CD58564F 
 369      6D6EC06A 
 369      69210159 
ARM GAS  C:\Users\mvshv\AppData\Local\Temp\ccuC59CN.s 			page 29


 369      5AB41B42 
 370 07b3 6EA5A26E 		.ascii	"n\245\242nw\355\241S:P\3676t\312\325c\357\236\250\277"
 370      77EDA153 
 370      3A50F736 
 370      74CAD563 
 370      EF9EA8BF 
 371 07c7 2FE5E54B 		.ascii	"/\345\345K\261R\016&\221"
 371      B1520E26 
 371      91
 372 07d0 A8541118 		.ascii	"\250T\021\030U\360\0322b\257\332^\252mq[\365i\374\336"
 372      55F01A32 
 372      62AFDA5E 
 372      AA6D715B 
 372      F569FCDE 
 373 07e4 4EA9D745 		.ascii	"N\251\327E\337\240\003\355}\360u\312\3233\351\002\373"
 373      DFA003ED 
 373      7DF075CA 
 373      D333E902 
 373      FB
 374 07f5 7455EDEC 		.ascii	"tU\355\354\304\363\011$[\303\277\007S\327\214\214\264"
 374      C4F30924 
 374      5BC3BF07 
 374      53D78C8C 
 374      B4
 375 0806 1BD43B1A 		.ascii	"\033\324;\032!\363\354h\265\362\216VKw4_\252\217\365"
 375      21F3EC68 
 375      B5F28E56 
 375      4B77345F 
 375      AA8FF5
 376 0819 3C9AABCC 		.ascii	"<\232\253\314\317\204\371\011o\252\246\233\224c\260"
 376      CF84F909 
 376      6FAAA69B 
 376      9463B0
 377 0828 A6B5A596 		.ascii	"\246\265\245\226}\326\355\203\356s\362>\247\256PO\005"
 377      7DD6ED83 
 377      EE73F23E 
 377      A7AE504F 
 377      05
 378 0839 B9584341 		.ascii	"\271XCA\340\265\311\243\317\331\354\3750\273\216\315"
 378      E0B5C9A3 
 378      CFD9ECFD 
 378      30BB8ECD 
 379 0849 DE565C12 		.ascii	"\336V\\\022\376m\372\326S}\017P}\351\340\307\321\321"
 379      FE6DFAD6 
 379      537D0F50 
 379      7DE9E0C7 
 379      D1D1
 380 085b 31EE3FBB 		.ascii	"1\356?\273#&\331\224\022\223bI\210q\210i\202\311\352"
 380      2326D994 
 380      12936249 
 380      88718869 
 380      82C9EA
 381 086e 88B10A56 		.ascii	"\210\261\012V\371g\264Y\377\321\357\377\034\261$.\216"
 381      F967B459 
 381      FFD1EFFF 
 381      1CB1242E 
 381      8E
ARM GAS  C:\Users\mvshv\AppData\Local\Temp\ccuC59CN.s 			page 30


 382 087f 0B341AD3 		.ascii	"\0134\032\323-6\361\347F1\311\374\213xs\262%\301\342"
 382      2D36F1E7 
 382      4631C9FC 
 382      8B7873B2 
 382      25C1E2
 383 0892 10D3132D 		.ascii	"\020\323\023-\366x\321nOq\304\257\264\245G\320_\021"
 383      F678D16E 
 383      4F71C4AF 
 383      B4A547D0 
 383      5F11
 384 08a4 A6346B84 		.ascii	"\2464k\204`M\020\022\023\205\304\370\305\321\261\021"
 384      604D1012 
 384      1385C4F8 
 384      C5D1B111 
 385 08b4 8B62E316 		.ascii	"\213b\343\026\377\355\247\361\340\377\300f\267\011\037"
 385      FFEDA7F1 
 385      E0FFC066 
 385      B7091F
 386 08c3 08A6044B 		.ascii	"\010\246\004K\274\305fNIO\024\342\255&\300\262\011\361"
 386      BCC5664E 
 386      494F14E2 
 386      AD26C0B2 
 386      09F1
 387 08d5 C64421C9 		.ascii	"\306D!\311\224\236\"\032\305U\251\202#:\231\323\311"
 387      949E221A 
 387      C555A982 
 387      233A99D3 
 387      C9
 388 08e6 747FFD5E 		.ascii	"t\177\375^\351\034\253\034\361F\207\230\010\330\300"
 388      E91CAB1C 
 388      F1468798 
 388      08D8C0
 389 08f5 A17558FE 		.ascii	"\241uX\376!\030\305\304\377\223\002D\213_i6{Q-\216^"
 389      2118C5C4 
 389      FF930244 
 389      8B5F6936 
 389      7B512D8E 
 390 090a 141DE721 		.ascii	"\024\035\347!\024aV\022pa\301\356\320\020>mBzR\222\220"
 390      14615612 
 390      7061C1EE 
 390      D0103E6D 
 390      427A5292 
 391 091f 86FF6E15 		.ascii	"\206\377n\025qj\272\010\302B2\037.2\212:\371\036`u\254"
 391      716ABA08 
 391      C242321F 
 391      2E328A3A 
 391      F91E6075 
 392 0934 348ABFF4 		.ascii	"4\212\277\364Z%\263\335j\265\333bR\355i\242#\3467\177"
 392      5A25B3DD 
 392      6AB5DB62 
 392      52ED69A2 
 392      23E6377F 
 393 0948 5CBA64E9 		.ascii	"\\\272d\351\347\304\227jI\021\322\0341\037-Y\022cNV"
 393      E7C4976A 
 393      4911D21C 
 393      311F2D59 
 393      12634E56 
ARM GAS  C:\Users\mvshv\AppData\Local\Temp\ccuC59CN.s 			page 31


 394 095c B4D3C0EA 		.ascii	"\264\323\300\352%\006|\226f\021\2050\213\315!\232lf"
 394      25067C96 
 394      66118530 
 394      8BCD219A 
 394      6C66
 395 096e C1684F4A 		.ascii	"\301hOJr\010b\360R\301\272\214\256\356\307K\377\204"
 395      720862F0 
 395      52C1BA8C 
 395      AEEEC74B 
 395      FF84
 396 0980 570AE24F 		.ascii	"W\012\342O\276{7\200`\036\020{\332*\206\2431B\025\377"
 396      BE7B3780 
 396      601E107B 
 396      DA2A86A3 
 396      314215FF 
 397 0994 038A99D3 		.ascii	"\003\212\231\323\030\201Wk$I:tF\232\246#\330\352\370"
 397      1881576B 
 397      24493A74 
 397      469AA623 
 397      D8EAF8
 398 09a7 43C2A782 		.ascii	"C\302\247\202Y\374\235\315\"j!\334\234\272J\223\"\230"
 398      59FC9DCD 
 398      226A21DC 
 398      9CBA4A93 
 398      2298
 399 09b9 927436BB 		.ascii	"\222t6\273\230\234f\377\014\305\351\222l\021\216T\301"
 399      989C66FF 
 399      0CC5E992 
 399      6C118E54 
 399      C1
 400 09ca 0C1E9B2D 		.ascii	"\014\036\233-=%\345\343\357\2673\3044\213m%\324\370"
 400      3D25E5E3 
 400      EFB733C4 
 400      348B6D25 
 400      D4F8
 401 09dc 1FA1B989 		.ascii	"\037\241\271\211}"
 401      7D
 402              		.text
 403              		.section	.gnu.lto_.symtab.fb6a3deb,"",%progbits
 404 0000 6D734F62 		.ascii	"msObjectInit\000"
 404      6A656374 
 404      496E6974 
 404      00
 405 000d 00       		.ascii	"\000"
 406 000e 00       		.ascii	"\000"
 407 000f 00       		.ascii	"\000"
 408 0010 00000000 		.ascii	"\000\000\000\000\000\000\000\000"
 408      00000000 
 409 0018 18010000 		.ascii	"\030\001\000\000"
 410              		.text
 411              		.section	.gnu.lto_.opts,"",%progbits
 412 0000 272D666D 		.ascii	"'-fmath-errno' '-fsigned-zeros' '-ftrapping-math' '"
 412      6174682D 
 412      6572726E 
 412      6F272027 
 412      2D667369 
 413 0033 2D666E6F 		.ascii	"-fno-trapv' '-fno-openmp' '-fno-openacc' '-mcpu=cor"
ARM GAS  C:\Users\mvshv\AppData\Local\Temp\ccuC59CN.s 			page 32


 413      2D747261 
 413      70762720 
 413      272D666E 
 413      6F2D6F70 
 414 0066 7465782D 		.ascii	"tex-m7' '-mno-thumb-interwork' '-mthumb' '-O2' '-fo"
 414      6D372720 
 414      272D6D6E 
 414      6F2D7468 
 414      756D622D 
 415 0099 6D69742D 		.ascii	"mit-frame-pointer' '-falign-functions=16' '-ffuncti"
 415      6672616D 
 415      652D706F 
 415      696E7465 
 415      72272027 
 416 00cc 6F6E2D73 		.ascii	"on-sections' '-fdata-sections' '-fno-common' '-flto"
 416      65637469 
 416      6F6E7327 
 416      20272D66 
 416      64617461 
 417 00ff 2700     		.ascii	"'\000"
 418              		.text
 419              		.comm	__gnu_lto_v1,1,1
 420              		.comm	__gnu_lto_slim,1,1
 421              		.ident	"GCC: (GNU Tools for Arm Embedded Processors 7-2017-q4-major) 7.2.1 20170904 (release) [ARM
ARM GAS  C:\Users\mvshv\AppData\Local\Temp\ccuC59CN.s 			page 33


DEFINED SYMBOLS
                            *ABS*:00000000 memstreams.c
                            *COM*:00000001 __gnu_lto_v1
                            *COM*:00000001 __gnu_lto_slim

NO UNDEFINED SYMBOLS
