ARM GAS  C:\Users\mvshv\AppData\Local\Temp\ccmkC3UP.s 			page 1


   1              		.cpu cortex-m7
   2              		.eabi_attribute 20, 1
   3              		.eabi_attribute 21, 1
   4              		.eabi_attribute 23, 3
   5              		.eabi_attribute 24, 1
   6              		.eabi_attribute 25, 1
   7              		.eabi_attribute 26, 1
   8              		.eabi_attribute 30, 2
   9              		.eabi_attribute 34, 1
  10              		.eabi_attribute 18, 4
  11              		.file	"nullstreams.c"
  12              		.section	.gnu.lto_.profile.fb6a077e,"",%progbits
  13 0000 789C6363 		.ascii	"x\234cc```\001bF\006n6\000\000\224\000\035"
  13      60606001 
  13      6246066E 
  13      36000094 
  13      001D
  14              		.text
  15              		.section	.gnu.lto_.icf.fb6a077e,"",%progbits
  16 0000 789C6363 		.ascii	"x\234cc``Pc@\0006\206\246\245\363\326\3612\256>z\354"
  16      60605063 
  16      40003686 
  16      A6A5F3D6 
  16      F132AE3E 
  17 0016 072BD3A5 		.ascii	"\007+\323\245uG^\2610?z=\377\014?\313\205\237\223.\261"
  17      75475EB1 
  17      303F7A3D 
  17      FF0C3FCB 
  17      859F932E 
  18 002b B0AEFDFD 		.ascii	"\260\256\375\375\363\013\027\003\000j\233\023>"
  18      F30B1703 
  18      006A9B13 
  18      3E
  19              		.text
  20              		.section	.gnu.lto_.jmpfuncs.fb6a077e,"",%progbits
  21 0000 789C458A 		.ascii	"x\234E\212\201\011\000 \014\303\322u\372\230\207\371"
  21      81090020 
  21      0CC3D275 
  21      FA9887F9 
  22 0010 C88E7582 		.ascii	"\310\216u\202`!PB&\260\370\033XRR\246\321.\207\256\341"
  22      60215042 
  22      26B0F81B 
  22      585252A6 
  22      D12E87AE 
  23 0025 193711F1 		.ascii	"\0317\021\361E\372\375\354\252\363\301\001\013\251\007"
  23      45FAFDEC 
  23      AAF3C101 
  23      0BA907
  24 0034 B7       		.ascii	"\267"
  25              		.text
  26              		.section	.gnu.lto_.inline.fb6a077e,"",%progbits
  27 0000 789C6363 		.ascii	"x\234cc``\210e@\000V\006\006f&F\006& \223m\201<\210"
  27      60608865 
  27      40005606 
  27      06662646 
  27      06262093 
  28 0018 6260C410 		.ascii	"b`\304\020a\302\020a\306\020aa`a\006\2120\276`g`\357"
ARM GAS  C:\Users\mvshv\AppData\Local\Temp\ccmkC3UP.s 			page 2


  28      61C21061 
  28      C6106161 
  28      6061068A 
  28      30BE6067 
  29 002e 50070B31 		.ascii	"P\007\0131\000\000\355\016\005a"
  29      0000ED0E 
  29      0561
  30              		.text
  31              		.section	.gnu.lto_.pureconst.fb6a077e,"",%progbits
  32 0000 789C6363 		.ascii	"x\234cc``\340\006bV\006\006F\006&\006f\006\026)\000"
  32      6060E006 
  32      62560606 
  32      46062606 
  32      66061629 
  33 0015 01A3003B 		.ascii	"\001\243\000;"
  34              		.text
  35              		.section	.gnu.lto_writes.fb6a077e,"",%progbits
  36 0000 789C5D90 		.ascii	"x\234]\220MKBA\024\206\317;s\375\010\312?P\213\026\201"
  36      4D4B4241 
  36      1486CF3B 
  36      73FD08CA 
  36      3F508B16 
  37 0015 B8C81B04 		.ascii	"\270\310\033\004\265j\337\257\0104\202\204\233I\326"
  37      B56ADFAF 
  37      08348284 
  37      9B49D6
  38 0024 DA498B0A 		.ascii	"\332I\213\012[\030\231\201\334E!r\227\025Y\331\307\342"
  38      5B189981 
  38      DC452172 
  38      971559D9 
  38      C7E2
  39 0036 AEDA8441 		.ascii	"\256\332\204A\231\177\240\204\026\211\320\242Ue\235"
  39      997FA084 
  39      1689D0A2 
  39      55659D
  40 0045 7B910861 		.ascii	"{\221\010a\206y\317\314\363\3140\307KD3 \232\344u\220"
  40      8679CFCC 
  40      F3CC30C7 
  40      4B443320 
  40      9AE47590 
  41 0059 272441E4 		.ascii	"'$A\344\356\211V\375\002p\202\362\203R\002)l\313\274"
  41      EE8956FD 
  41      027082F2 
  41      83520229 
  41      6CCBBC
  42 006c C4C3DAB1 		.ascii	"\304\303\332\261)\263\322dL\343\362\275V|\0118%0\314"
  42      29B3D264 
  42      4CE3F2BD 
  42      567C0938 
  42      2530CC
  43 007f 65AB7D5B 		.ascii	"e\253}[\351\017YJ\245\225\275_\235:\314\254O\233RP\201"
  43      E90F594A 
  43      A595BD5F 
  43      9D3ACCAC 
  43      4F9B5250 
  44 0094 E90A8670 		.ascii	"\351\012\206p\212!\347\2113\204\230\255\327\0329\237"
  44      8A21E789 
ARM GAS  C:\Users\mvshv\AppData\Local\Temp\ccmkC3UP.s 			page 3


  44      338498AD 
  44      D71A399F 
  45 00a4 1C0371DE 		.ascii	"\034\003q\336\375x\263E\260\354z\315\222T#\246\2248"
  45      FD78B345 
  45      B0EC7ACD 
  45      925423A6 
  45      9438
  46 00b6 87FC2FF2 		.ascii	"\207\374/\362\026\341\002A\306?\263\215B\237\034w\325"
  46      16E10241 
  46      C63FB38D 
  46      429F1C77 
  46      D5
  47 00c7 9D57AB83 		.ascii	"\235W\253\203\256\372UvU\015\325^U#\\\272\352\267\312"
  47      AEFA5576 
  47      550DD55E 
  47      55235CBA 
  47      EAB7CA
  48 00da 170272C2 		.ascii	"\027\002r\302U\233w\245\234\257\253>Y\256*p\325\253"
  48      559B77A5 
  48      9CAFAB3E 
  48      59AE2A70 
  48      D5AB
  49 00ec 0AC23582 		.ascii	"\012\3025\202\016\377|\322\331\033\360j\316w\370\027"
  49      0EFF7CD2 
  49      D91BF06A 
  49      CE77F817 
  50 00fc 37F01237 		.ascii	"7\360\0227\216\216\036=\266\352\374l(\273e\241\341\341"
  50      8E8E1E3D 
  50      B6EAFC6C 
  50      28BB65A1 
  50      E1E1
  51 010e 4EB83C6D 		.ascii	"N\270<m2\305\375S6m\361\035\23426\265\221>\260\352p"
  51      32C5FD53 
  51      366DF11D 
  51      9C3236B5 
  51      913EB0EA 
  52 0123 DCA27464 		.ascii	"\334\242td\246\340\234\011\242\321pX\377\033\213I}>"
  52      A6E09C09 
  52      A2D17058 
  52      FF1B8B49 
  52      7D3E
  53 0135 62E8462C 		.ascii	"b\350F,\252'\227\227\346\"\013I=\276b\030\335\034\236"
  53      AA279797 
  53      E6220B49 
  53      3DBE6218 
  53      DD1C9E
  54 0148 25114B88 		.ascii	"%\021K\210h\002\361_v\311\202`"
  54      6802F15F 
  54      76C98260 
  55              		.text
  56              		.section	.gnu.lto_reads.fb6a077e,"",%progbits
  57 0000 789C5D90 		.ascii	"x\234]\220\315KBA\024\305\357\231\361+(\377\201\\\264"
  57      CD4B4241 
  57      14C5EF99 
  57      F12B28FF 
  57      815CB4
  58 0013 08C445BE 		.ascii	"\010\304E\276 \250U\373\376\015\215@\301L\262\326N\232"
ARM GAS  C:\Users\mvshv\AppData\Local\Temp\ccmkC3UP.s 			page 4


  58      20A855FB 
  58      FE0D8D40 
  58      C14CB2D6 
  58      4E9A
  59 0025 54D8C2C8 		.ascii	"T\330\302\310\014\302E!\352\262\"\373.xD\264\011\213"
  59      0CC24521 
  59      EAB222FB 
  59      2E7844B4 
  59      098B
  60 0037 12A145AB 		.ascii	"\022\241E\253\012Z\030BP\264\210\254\373\036\026!\314"
  60      0A5A1842 
  60      50B488AC 
  60      FB1E1621 
  60      CC
  61 0048 30E7CE9C 		.ascii	"0\347\316\234\337\\\356\261\021Q\000DC|v\363\206$\210"
  61      DF5CEEB1 
  61      11510044 
  61      437C76F3 
  61      862488
  62 005b F415D18C 		.ascii	"\364\025\321\214C\000\206P\016PL \206E\231\221\270\231"
  62      43008650 
  62      0E504C20 
  62      86459991 
  62      B899
  63 006d DDCAC994 		.ascii	"\335\312\311\224\314\261\315\302\345ke\355\321i\224"
  63      CCB1CDC2 
  63      E56B65ED 
  63      D16994
  64 007c 400F972F 		.ascii	"@\017\227/\215\213r\247\247\244T\\\351\253w\303\033"
  64      8D8B72A7 
  64      A7A4545C 
  64      E9AB77C3 
  64      1B
  65 008d 89E4484E 		.ascii	"\211\344HN\012\312\262\273\014\027v\3402Z\354\302\303"
  65      0ACAB2BB 
  65      0C1776E0 
  65      325AECC2 
  65      C3
  66 009e DE6AA596 		.ascii	"\336j\245\226\266\313~\020\353\345\367\272.\334\005"
  66      B6CB7E10 
  66      EBE5F7BA 
  66      2EDC05
  67 00ad 93BBCF4B 		.ascii	"\223\273\317K\325\233\223\022{\220\377A\276\"\354\303"
  67      D59B9312 
  67      7B90FF41 
  67      BE22ECC3 
  68 00bd CDF6CF54 		.ascii	"\315\366\317T-\333!\007Lt\351\271\324D\013=/\230\250"
  68      2DDB2107 
  68      4C74E9B9 
  68      D4440B3D 
  68      2F98A8
  69 00d0 0507EDA8 		.ascii	"\005\007\355\250\205ph\242_*\223u\312A\023}\272\314"
  69      857068A2 
  69      5F2A9375 
  69      CA41137D 
  69      BACC
  70 00e2 A7EDBF5D 		.ascii	"\247\355\277]\213&*p\324\216\012\3021\334\206\377a\273"
ARM GAS  C:\Users\mvshv\AppData\Local\Temp\ccmkC3UP.s 			page 5


  70      8B262A70 
  70      D48E0AC2 
  70      31DC86FF 
  70      61BB
  71 00f4 B9D265B3 		.ascii	"\271\322e\263\030\343\360\024'\260\021\007G\233\267"
  71      18E3F014 
  71      27B01107 
  71      479BB7
  72 0103 565D35BF 		.ascii	"V]5\277\347\224\376V\304\207U\020\315\363;'\247tZ`\232"
  72      E794FE56 
  72      C4875510 
  72      CDF33B27 
  72      A7745A60 
  73 0118 5542A706 		.ascii	"UB\247\006\342\353\365*\014\212\177\312&\317\256\355"
  73      E2EBF52A 
  73      0C8A7FCA 
  73      26CFAEED 
  74 0128 466C0284 		.ascii	"Fl\002\204S3\025\246`x\231\357\363z\265\2775\021\325"
  74      533315A6 
  74      607899EF 
  74      F37AB5BF 
  74      3511D5
  75 013b 02BE9016 		.ascii	"\002\276\220\026\012\372\265\350\324\344\230o<\252\205"
  75      0AFAB5E8 
  75      D4E4986F 
  75      3CAA85
  76 014a A743A196 		.ascii	"\247C\241\226\366\216\222\010F\204?\202\360\017S\313"
  76      F68E9208 
  76      46843F82 
  76      F00F53CB 
  77 015a 868F     		.ascii	"\206\217"
  78              		.text
  79              		.section	.gnu.lto_put.fb6a077e,"",%progbits
  80 0000 789C4D8F 		.ascii	"x\234M\217\311JC1\024\206\317\237\\\333.\324\007\320"
  80      C94A4331 
  80      1486CF9F 
  80      5CDB2ED4 
  80      07D0
  81 0012 2E5C08A5 		.ascii	".\\\010\245\210\275\205\272\361\005\304\327hE\260p\035"
  81      88BD85BA 
  81      F105C4D7 
  81      6845B070 
  81      1D
  82 0023 B0BA6EEC 		.ascii	"\260\272n\354\340\200]\024\324\026\344.\024-\202.T\234"
  82      E0805D14 
  82      D416E42E 
  82      142D822E 
  82      549C
  83 0035 2708D285 		.ascii	"'\010\322\205 UT|\001\207\225 \270\320\205H\365\244"
  83      2055547C 
  83      01879520 
  83      B8D08548 
  83      F5A4
  84 0047 0E1812F2 		.ascii	"\016\030\022\362\237\344\377\222\363{\210\250\015D\035"
  84      9FE4FF92 
  84      F37B88A8 
  84      0D441D
ARM GAS  C:\Users\mvshv\AppData\Local\Temp\ccmkC3UP.s 			page 6


  85 0056 BC37F382 		.ascii	"\2747\363\202$\210\374\005\321\230O\000F(\037()\220"
  85      2488FC05 
  85      D1984F00 
  85      46281F28 
  85      2990
  86 0068 444ECE4A 		.ascii	"DN\316J\\e6\\9-]\266Y\\\276T\346\357\033M\011\264pY"
  86      5C65365C 
  86      392D5DB6 
  86      595CBE54 
  86      E6EF1B4D 
  87 0080 3A491F23 		.ascii	":I\037#\270\242x\350\342{\347b:\333\355JA\005vo\303"
  87      B8A278E8 
  87      E27BE762 
  87      3ADBED4A 
  87      4105766F 
  88 0095 8F2DF8CD 		.ascii	"\217-\370\315\027;\010\262\367\246r\233\367\3120\210"
  88      173B08B2 
  88      F7A6729B 
  88      F7CA3088 
  89 00a5 F5CCEB93 		.ascii	"\365\314\353\223\026\201\222R)\245\313KR\265\272Rb\027"
  89      16819252 
  89      29A5CB4B 
  89      52B5BA52 
  89      6217
  90 00b7 F23FC847 		.ascii	"\362?\310G\204=\004\330\356\216\257>J\031\251\241\347"
  90      843D04D8 
  90      EE8EAF3E 
  90      4A19A9A1 
  90      E7
  91 00c8 6F67E55F 		.ascii	"og\345_\364!#U\275+-\354\177\243\021?\302\006\264\010"
  91      F4212355 
  91      BD2B2DEC 
  91      7FA3113F 
  91      C206B408 
  92 00dc 070818F7 		.ascii	"\007\010\030\367\335fu\256\301c\231\216\270\221Cx\210"
  92      DD6675AE 
  92      C163998E 
  92      B8914378 
  92      88
  93 00ed B3D3FA75 		.ascii	"\263\323\372u\235V\325\317\011\245?\226Q\354\022D\223"
  93      9D56D5CF 
  93      09A53F96 
  93      51EC1244 
  93      93
  94 00fe 7CCFE195 		.ascii	"|\317\341\225\246)\356\237UZ\3233R\013k\271&C\361K\205"
  94      A629EE9F 
  94      555AD333 
  94      520B6BB9 
  94      2643F14B 
  95 0113 ECE9A5D7 		.ascii	"\354\351\245\327$\027 \034\325\2021\005\343e\276=\024"
  95      2417201C 
  95      D5823105 
  95      E365BE3D 
  95      14
  96 0124 B2FFE660 		.ascii	"\262\377\346`\302\356\213:\266\023\217\331\211\221\341"
  96      C2EE8B3A 
  96      B6138FD9 
ARM GAS  C:\Users\mvshv\AppData\Local\Temp\ccmkC3UP.s 			page 7


  96      8991E1
  97 0133 DE687FC2 		.ascii	"\336h\177\302\036\030u\234\037\035\352!\021\037B\354"
  97      1E18759C 
  97      1F1DEA21 
  97      111F42EC 
  98 0143 0BE80C71 		.ascii	"\013\350\014q\024"
  98      14
  99              		.text
 100              		.section	.gnu.lto_get.fb6a077e,"",%progbits
 101 0000 789C4D4F 		.ascii	"x\234MO\313J\003A\020\354\232^\327\210\350\007h\016"
 101      CB4A0341 
 101      10EC9A5E 
 101      D788E807 
 101      680E
 102 0012 1E849083 		.ascii	"\036\204\220\203;\342G\370\037Q\004\003\353\003W\317"
 102      3BE247F8 
 102      1F510403 
 102      EB0357CF 
 103 0022 191341C5 		.ascii	"\031\023A\305\034\002\276 ,\"\204\220\243\257\304\007"
 103      1C02BE20 
 103      2C228490 
 103      A3AFC407 
 104 0032 288CE035 		.ascii	"(\214\3405\342\003\357\242\202\007A\010\3425\332#\""
 104      E203EFA2 
 104      82074108 
 104      E235DA23 
 104      22
 105 0043 0ED35035 		.ascii	"\016\323P5SU\335\355\023\321\207\324\210T\277\024\230"
 105      5355DDED 
 105      13D187D4 
 105      8854BF14 
 105      98
 106 0054 A04AD744 		.ascii	"\240J\327D\213\011\0058`\022\240\234B\016E\336`\334"
 106      8B090538 
 106      6012A09C 
 106      420E45DE 
 106      60DC
 107 0066 2EEDC7BC 		.ascii	".\355\307\274\306\261\310<\241\255f\371\271\327Q`@h"
 107      C6B1C83C 
 107      A1AD66F9 
 107      B9D75160 
 107      4068
 108 0078 F5A2708E 		.ascii	"\365\242p\216t\315\310\261\333e\177\247~c\272bV\264"
 108      74CDC8B1 
 108      DB657FA7 
 108      7E63BA62 
 108      56B4
 109 008a 25F23A92 		.ascii	"%\362:\2228B\322\365h -\342\373\346C\251\223\207A\202"
 109      3842D2F5 
 109      68202DE2 
 109      FBE643A9 
 109      93874182 
 110 009e D73FDFAC 		.ascii	"\327?\337\254JU\215\311\033{Ua3\0303\343\030\374\337"
 110      4A558DC9 
 110      1B7B5561 
 110      331833E3 
 110      18FCDF
ARM GAS  C:\Users\mvshv\AppData\Local\Temp\ccmkC3UP.s 			page 8


 111 00b1 284F8413 		.ascii	"(O\204\023\244\234\376\351\240\275\331\343{.X\362N\341"
 111      A49CFEE9 
 111      A0BDD9E3 
 111      7B2E58F2 
 111      4EE1
 112 00c3 1304ECDD 		.ascii	"\023\004\354\335uX\323\376Z6\366\245\202\306\250\"Z"
 112      7558D3FE 
 112      5A36F6A5 
 112      82C6A822 
 112      5A
 113 00d4 917F59C2 		.ascii	"\221\177Y\302XZ\2251\004\025,\275#\277\373Z\354s.I\272"
 113      585A9531 
 113      04152CBD 
 113      23BFFB5A 
 113      EC732E49 
 114 00e9 7C3C6C75 		.ascii	"|<lu\273\015\024<\234\375\314'.8\255\370\207\202@\377"
 114      BB0D143C 
 114      9CFDCC27 
 114      2E38ADF8 
 114      878240FF 
 115 00fd DD99484F 		.ascii	"\335\231HOfB\035f\307t4?7\221\231\212\364\364B\030\376"
 115      66421D66 
 115      C774343F 
 115      3791998A 
 115      F4F44218 
 116 0112 E2609C54 		.ascii	"\342`\234Tv\366\033\026\304an"
 116      76F61B16 
 116      C4616E
 117              		.text
 118              		.section	.gnu.lto_nullObjectInit.fb6a077e,"",%progbits
 119 0000 789C4D50 		.ascii	"x\234MPAK\033A\024~\337\276\315*\006\305\243h\016\036"
 119      414B1B41 
 119      147EDFBE 
 119      CD2A06C5 
 119      A3680E1E 
 120 0014 84E0A1D9 		.ascii	"\204\340\241\331\202\377\301\377\221\212`a\033\305m"
 120      82FFC1FF 
 120      918A6061 
 120      1BC56D
 121 0023 2FBDEC24 		.ascii	"/\275\354$1n\244\025<4Vt\225-\244\264\027\321Vm\252"
 121      316EA415 
 121      3C345674 
 121      952DA4B4 
 121      17D1566D 
 122 0038 B575C9A1 		.ascii	"\265u\311\241\247Z\211x\360\344\301\202B\253\205\242"
 122      A75A8978 
 122      F0E4C182 
 122      42AB85A2 
 123 0048 1E0C54FB 		.ascii	"\036\014T\373&J\3611\303\2747\363\315\367\276\357YD"
 123      264AF131 
 123      C3BC37F3 
 123      CDF7BEEF 
 123      5944
 124 005a 5402519F 		.ascii	"T\002Q\237\234]\262\301\004c\352;Q\266\331\000t\242"
 124      9C5DB2C1 
 124      0463EA3B 
 124      51B6D900 
ARM GAS  C:\Users\mvshv\AppData\Local\Temp\ccmkC3UP.s 			page 9


 124      74A2
 125 006c 9A419E01 		.ascii	"\232A\236\001\017\317\371\005\243\352\037\255\033\275"
 125      0FCFF905 
 125      A3EA1FAD 
 125      1BBD
 126 007a 6F9444F4 		.ascii	"o\224D\364\362\300\032W\205\216\200\211\246e\353\300"
 126      F2C01A57 
 126      858E8089 
 126      A665EBC0 
 127 008a 0A7A0555 		.ascii	"\012z\005U\033[\016\370\031\007\014\230R\376\331\236"
 127      1B5B0EF8 
 127      19070C98 
 127      52FED99E 
 128 009a FDD1A64B 		.ascii	"\375\321\246K\003\335R\036\277z\177b\362}\220\344\363"
 128      03DD521E 
 128      BF7A7F62 
 128      F27D90E4 
 128      F3
 129 00ab 6F6B732D 		.ascii	"oks-\311\327J\345T\364\255\314\252'`\306\007\260\020"
 129      C9D74AE5 
 129      54F4ADCC 
 129      AA2760C6 
 129      07B010
 130 00be 620D09AC 		.ascii	"b\015\011\254\"ArE\250 \251\361\207\357\256J\255\226"
 130      22417245 
 130      A820A9F1 
 130      87EFAE4A 
 130      AD96
 131 00d0 79D3101F 		.ascii	"y\323\020\037a\221\210\247\245\335X\244\256\256}\025"
 131      619188A7 
 131      A5DD58A4 
 131      AEAE7D15 
 132 00e0 9D9771D1 		.ascii	"\235\227q\321o\212t\215\247\242\240\304\203\212h\202"
 132      6F8A748D 
 132      A7A2A0C4 
 132      838A6882 
 133 00f0 0D9DE523 		.ascii	"\015\235\345#\372\211\\\335\237\257\214\350\317B8]\250"
 133      FA895CDD 
 133      9FAF8CE8 
 133      CF42385D 
 133      A8
 134 0101 EE34696D 		.ascii	"\3564im\334\320\263Y\335\376j\205X\310\212\301\2603"
 134      DCD0B359 
 134      DDFE6A85 
 134      58C88AC1 
 134      B033
 135 0113 60735644 		.ascii	"`sVD\257\213\010\375\270\347\357\037\304\355Em\276;"
 135      AF8B08FD 
 135      B8E7EF1F 
 135      C4ED456D 
 135      BE3B
 136 0125 E0183610 		.ascii	"\340\0306\020\242\324p\216O\260\357\222\305\032d\371"
 136      A2D4708E 
 136      4FB0EF92 
 136      C51A64F9 
 137 0135 FAD6599B 		.ascii	"\372\326Y\233\367W\311\210b\241\306\311\335e\355\264"
 137      F757C988 
ARM GAS  C:\Users\mvshv\AppData\Local\Temp\ccmkC3UP.s 			page 10


 137      62A1C6C9 
 137      DD65EDB4 
 138 0145 18D70DDA 		.ascii	"\030\327\015\332\003\266\360Y\346\272y\313\236/\257"
 138      03B6F059 
 138      E6BA79CB 
 138      9E2FAF
 139 0154 1420E819 		.ascii	"\024 \350\031\351\374TS|\021z\241\336\202G\277\221\013"
 139      E9FC5453 
 139      7C117AA1 
 139      DE8247BF 
 139      910B
 140 0166 7F4DA261 		.ascii	"\177M\242aXGQ\324\212\035\203\350^*e\377_\303\256=\224"
 140      584751D4 
 140      8A1D83E8 
 140      5E2A65FF 
 140      5FC3AE3D 
 141 017b 766CE7E1 		.ascii	"vl\347\341\003\333}<:\230~\344\332\231'\216s\233\247"
 141      03DB7D3C 
 141      3A987EE4 
 141      DA99278E 
 141      739BA7
 142 018e 068833EE 		.ascii	"\006\2103\356\310?\336w\2276"
 142      C83FDE77 
 142      9736
 143              		.text
 144              		.section	.gnu.lto_vmt.fb6a077e,"",%progbits
 145 0000 789C6363 		.ascii	"x\234cc``\330\000\304\372\014\0200\205\231q\347\316"
 145      6060D800 
 145      C4FA0C10 
 145      30859971 
 145      E7CE
 146 0012 37B7D9EB 		.ascii	"7\267\331\353\3776t44<\350\236\303<\223y\0163\3034f"
 146      FF367434 
 146      343CE89E 
 146      C33C9379 
 146      0E33C334 
 147 0027 0CB9059B 		.ascii	"\014\271\005\233x\34603Ncf\304\220\370\006\324\3014"
 147      78E63033 
 147      4E6366C4 
 147      90F806D4 
 147      C134
 148 0039 8D990943 		.ascii	"\215\231\011Cb\033P\202y\03233Xb\375\233\235?y\273\201"
 148      621B5082 
 148      791A3333 
 148      5862FD9B 
 148      9D3F79BB 
 149 004e 222C8C20 		.ascii	"\",\214 \356\331\373s\2370Ylk\350X\320\0200\207\231"
 149      EED9FB73 
 149      9F30596C 
 149      6BE858D0 
 149      10308799 
 150 0062 752A3303 		.ascii	"u*3\003\343vF\231\251\314\214\214\333\030\353\24723"
 150      E3764699 
 150      A9CC8C8C 
 150      DB18EBA7 
 150      3233
 151 0074 316E0551 		.ascii	"1n\005Q\314\214[@\024\013\343f\306z\006\306\035\214"
ARM GAS  C:\Users\mvshv\AppData\Local\Temp\ccmkC3UP.s 			page 11


 151      CC8C5B40 
 151      140BE366 
 151      C67A06C6 
 151      1D8C
 152 0086 160CBA7A 		.ascii	"\026\014\272zz\372p\224_\254\237\221\230\243\237\223"
 152      7AFA7094 
 152      5FAC9F91 
 152      98A39F93 
 153 0096 99A45F5C 		.ascii	"\231\244_\\R\224\232\230[\254\237W\232\223\003e\353"
 153      52949A98 
 153      5BAC9F57 
 153      9A930365 
 153      EB
 154 00a7 25330000 		.ascii	"%3\000\000\004\234Oy"
 154      049C4F79 
 155              		.text
 156              		.section	.gnu.lto_.symbol_nodes.fb6a077e,"",%progbits
 157 0000 789C6363 		.ascii	"x\234cc``\310\005b\006\246#L\365\014\014\023\31610\000"
 157      6060C805 
 157      6206A623 
 157      4CF50C0C 
 157      13CE3130 
 158 0015 A91D0B0E 		.ascii	"\251\035\013\0166\260\001\305\2162\3253\242\213\035"
 158      36B001C5 
 158      8E32D533 
 158      A28B1D
 159 0024 63AA6742 		.ascii	"c\252gB\027;\316T\317\214.v\222\251\236\005&\266\253"
 159      173BCE54 
 159      CF8C2E76 
 159      92A99E05 
 159      26B6AB
 160 0037 C1918181 		.ascii	"\301\221\201\201\365\004\023C\203\022\003\0033\003\000"
 160      F5041343 
 160      83120303 
 160      330300
 161 0046 CCB31DA8 		.ascii	"\314\263\035\250"
 162              		.text
 163              		.section	.gnu.lto_.refs.fb6a077e,"",%progbits
 164 0000 789C6363 		.ascii	"x\234cc``\020\000bF\026&VF\026V&\006&F&&&f\006\000\003"
 164      60601000 
 164      62461626 
 164      56461656 
 164      26062646 
 165 001b 3F003B   		.ascii	"?\000;"
 166              		.text
 167              		.section	.gnu.lto_.decls.fb6a077e,"",%progbits
 168 0000 789CAD56 		.ascii	"x\234\255VoL[\327\025\177\347]\377\001cpT\2426\223\320"
 168      6F4C5BD7 
 168      157FE75D 
 168      FF016370 
 168      54A23693 
 169 0015 84222AF1 		.ascii	"\204\"*\361a\261CZ5\325\266/S>t\373\220NZ\267ih\326"
 169      61B1435A 
 169      35D5B62F 
 169      533E74FB 
 169      904E5AB7 
 170 002c 5CB04D70 		.ascii	"\\\260Mp\205\355\024?\266v\237^\370\02774\011(\351\232"
ARM GAS  C:\Users\mvshv\AppData\Local\Temp\ccmkC3UP.s 			page 12


 170      85ED143F 
 170      B6769F5E 
 170      F8173734 
 170      0928E99A 
 171 0040 648D1A25 		.ascii	"d\215\032%Y\032F`\311\342\204\006\022\352\244\224d$"
 171      591A4660 
 171      C9E28406 
 171      12EAA494 
 171      6424
 172 0052 341402E4 		.ascii	"4\024\002\344\017\004JIH\333\014LB\241\204?\336\271"
 172      0F044A49 
 172      48DB0C4C 
 172      42A1843F 
 172      DEB9
 173 0064 F73EDBCF 		.ascii	"\367>\333\317\256\255\251\323\236|\236}\317;\347\374"
 173      AEADA9D3 
 173      9E7C9E7D 
 173      CF3BE7FC 
 174 0074 7EF777CF 		.ascii	"~\367w\317\275\317:A\020LFA\250\026\005\341\006\010"
 174      BDCF3A41 
 174      104C4641 
 174      A81605E1 
 174      0608
 175 0086 42182F3D 		.ascii	"B\030/=\372.\242\351\320lhA\264N\264.\264\016\264\260"
 175      FA2EA2E9 
 175      D06C6841 
 175      B44EB42E 
 175      B40EB4B0 
 176 009a C02F2D1A 		.ascii	"\300/-\032\301\034-\232\016M\217\226\201\206\037\301"
 176      C11C2D9A 
 176      0E4D8F96 
 176      81861FC1 
 177 00aa 0842DCA5 		.ascii	"\010B\334\245\027y\374Sh\253\225z\221\332\364\002\245"
 177      1779FC53 
 177      68AB957A 
 177      91DAF402 
 177      A5
 178 00bb 56E29591 		.ascii	"V\342\225\221\"\257K\225\247M\222\227\231\220wK\311"
 178      22AF4B95 
 178      A74D9297 
 178      9990774B 
 178      C9
 179 00cc EB50E5E9 		.ascii	"\353P\345\351\222\344\2310O\223$/\222\243O\222\363\014"
 179      92E49930 
 179      4F93242F 
 179      92A34F92 
 179      F30C
 180 00de E650CD5E 		.ascii	"\346P\315^U\345Q\215V\320\276E\233Wr\027\225\357T\032"
 180      55E5518D 
 180      56D0BE45 
 180      9B577217 
 180      95EF541A 
 181 00f2 FD40E49A 		.ascii	"\375@\344\232O\243\335A\373\034m\022\255P\251A\347\363"
 181      4FA3DD41 
 181      FB1C6D12 
 181      AD50A941 
 181      E7F3
ARM GAS  C:\Users\mvshv\AppData\Local\Temp\ccmkC3UP.s 			page 13


 182 0104 186D066D 		.ascii	"\030m\006m\016-\2046+p\276ze\015\250\026\311t\334K\340"
 182      0E2D8436 
 182      2B70BE7A 
 182      650DA816 
 182      C974DC4B 
 183 0119 B3EA93EF 		.ascii	"\263\352\223\357\221:\002O\031@\203\303\231\236\003"
 183      913A024F 
 183      194083C3 
 183      999E03
 184 0128 5F64E170 		.ascii	"_d\341p\265\001rq\370\217\232\211\3064\034\346\030 "
 184      B5017271 
 184      F88F9A89 
 184      C6341CE6 
 184      1820
 185 013a 0C74FCF0 		.ascii	"\014t\374\360\334B&\037\323\344\201\341\275\267\011"
 185      DC42261F 
 185      D3E481E1 
 185      BDB709
 186 0149 11D9EFF3 		.ascii	"\021\331\357\363\241\24660\237\220\371\225f\023\240"
 186      A1A63630 
 186      9F90F995 
 186      6613A0
 187 0158 15480425 		.ascii	"\025H\004%\020|\334\254!/\322@\361T\363\304k\220o8F"
 187      107CDCAC 
 187      212FD240 
 187      F154F3C4 
 187      6B906F38 
 188 016d C38243FB 		.ascii	"\303\202C\373\3145\333eY\204v0\3009 \360!\230\251 9"
 188      CC35DB65 
 188      59847630 
 188      C03920F0 
 188      2198A920 
 189 0182 06BCFB65 		.ascii	"\006\274\373e\271R\226\217\310d\215\000\317\345\300"
 189      B952968F 
 189      C8648D00 
 189      CFE5C0
 190 0191 FA1C01DA 		.ascii	"\372\034\001\332 \237\202\323(8\0139p\006rh\375\306"
 190      209F82D3 
 190      28380B39 
 190      70067268 
 190      FDC6
 191 01a3 F78F7766 		.ascii	"\367\217wf\222F`\000w\233\247?%Q\204\353-kO\327P\204"
 191      92466000 
 191      779BA73F 
 191      255184EB 
 191      2D6B4FD7 
 192 01b9 0E44381F 		.ascii	"\016D8\037C@\300\344\020\027\222C,L^\2225\006%\336\377"
 192      4340C0E4 
 192      10179243 
 192      2C4C5E92 
 192      350625DE 
 193 01ce DFE37BAF 		.ascii	"\337\343{\2577O\213\306\0354\376P\225\234\376s\370\010"
 193      374F8BC6 
 193      1D34FE50 
 193      959CFE73 
 193      F808
 194 01e0 F103F8FC 		.ascii	"\361\003\370\3744>\027 \010F\326=\370\215\301#W\032"
ARM GAS  C:\Users\mvshv\AppData\Local\Temp\ccmkC3UP.s 			page 14


 194      343E1720 
 194      0846D63D 
 194      F88DC123 
 194      571A
 195 01f2 9BE82A14 		.ascii	"\233\350*\024\242\316x\231TR\027r\251\217.L\267\032"
 195      A2CE7899 
 195      54521772 
 195      A98F2E4C 
 195      B71A
 196 0204 C94EA6B5 		.ascii	"\311N\246\265\330\323;\337\226\006\206|\177\264\272"
 196      D8D33BDF 
 196      9606867C 
 196      7FB4BA
 197 0213 102D0D9F 		.ascii	"\020-\015\237 \237B\205\317%t^D'\227b\262{m\373]Y\316"
 197      209F4285 
 197      CF25745E 
 197      44279762 
 197      B27B6DFB 
 198 022a 854EA4F2 		.ascii	"\205N\244\362qL\212B\252\004u\"\316\337\003'\216\231"
 198      714C8A42 
 198      AA047522 
 198      CEDF0327 
 198      8E99
 199 023c D4B43BE2 		.ascii	"\324\264;\342hw)\264\273\030\355\206\360\321\033\351"
 199      687729B4 
 199      BB18ED86 
 199      F0D11BE9 
 200 024c 64813740 		.ascii	"d\2017@_\350\332\301\014\336I\253px\240}\266[\313\207"
 200      5FE8DAC1 
 200      0CDE49AB 
 200      7078A07D 
 200      B65BCB87 
 201 0260 69380C4F 		.ascii	"i8\014O?\276k$\313<40\332\367A\206\006\033\233U\367"
 201      3FBE6B24 
 201      CB3C3430 
 201      DAF74186 
 201      061B9B55 
 202 0275 68A8AF73 		.ascii	"h\250\257sG\335+\314e3\302U`\256O\302\363A\023/!\252"
 202      47DD2BCC 
 202      6533C255 
 202      60AE4FC2 
 202      F341132F 
 203 028b 00567380 		.ascii	"\000Vs\200\232\235\315\357\032p\250\343\232\351\321"
 203      9A9DCDEF 
 203      1A70A8E3 
 203      9AE9D1
 204 029a 35117A72 		.ascii	"5\021zrV\303]t\302o\240\353\340\376\341SYd\033a\272"
 204      56C35D74 
 204      C26FA0EB 
 204      E0FEE153 
 204      59641B61 
 205 02af 75F47F58 		.ascii	"u\364\177X\235\251\352\275\027\366\207\250\034\375H"
 205      9DA9EABD 
 205      17F687A8 
 205      1CFD48
 206 02be E2B3981C 		.ascii	"\342\263\230\034:\2451\344\357H\333\207\322\352\024"
 206      3AA531E4 
ARM GAS  C:\Users\mvshv\AppData\Local\Temp\ccmkC3UP.s 			page 15


 206      EF48DB87 
 206      D2EA14
 207 02cd 697BD179 		.ascii	"i{\321y\235/\365\243\205P@C\227\217b\234\336\263\264"
 207      9D2FF5A3 
 207      85504043 
 207      978F629C 
 207      DEB3B4
 208 02e0 2F4BD57D 		.ascii	"/K\325}\033\316\260\356\033D\214\0331\214~H\0112\220"
 208      1BCEB0EE 
 208      1B448C1B 
 208      318C7E48 
 208      093290
 209 02f3 1C64E8ED 		.ascii	"\034d\350\355\376;:\262\207\203\264^\035^T\265\370\327"
 209      FE3B3AB2 
 209      8783B45E 
 209      1D5E54B5 
 209      F8D7
 210 0305 3F1D609B 		.ascii	"?\035`\233\350\026\202\014\305@\006S\203\334L\016\362"
 210      E816820C 
 210      C5400653 
 210      83DC4C0E 
 210      F2
 211 0316 64F0CBCA 		.ascii	"d\360\313\312\2645\177\241\031\365U\362*^\361S|\336"
 211      B4357FA1 
 211      19F555F2 
 211      2A5EF153 
 211      7CDE
 212 0328 C356FF36 		.ascii	"\303V\3776\254\301\3735\320\360]=\177\363Bo\\\213\343"
 212      ACC1FB35 
 212      D0F05D3D 
 212      7FF3426F 
 212      5C8BE3
 213 033b 7355AFDC 		.ascii	"sU\257\334\341\275\202\201S\265m#Yd\200q\207\367&v\356"
 213      E1BD8281 
 213      53B56D23 
 213      59648071 
 213      87F72676 
 214 0350 D2B295EE 		.ascii	"\322\262\225\356\214.\376\371\276S\367\270\017\033\013"
 214      8C2EFEF9 
 214      BE53F7B8 
 214      0F1B0B
 215 035f 46F8F22F 		.ascii	"F\370\362/w\\<A\"-q\227\373\246\002\225o\211j\202\235"
 215      775C3C41 
 215      222D7197 
 215      FBA60295 
 215      6F896A82 
 216 0374 7104C718 		.ascii	"q\004\307\030\301\321\010\301\2163\215\243\240&8\026"
 216      C1D108C1 
 216      8E338DA3 
 216      A0263816 
 217 0384 47F0F328 		.ascii	"G\360\363(\301\201\311ss\031\344vj\202\303{\306\333"
 217      C181C973 
 217      7319E476 
 217      6A82C37B 
 217      C6DB
 218 0396 79C7E286 		.ascii	"y\307\342\206\205/8\231\235\263\362uS\204\340\004\367"
 218      852F3899 
ARM GAS  C:\Users\mvshv\AppData\Local\Temp\ccmkC3UP.s 			page 16


 218      9DB3F275 
 218      5384E004 
 218      F7
 219 03a7 358EECDE 		.ascii	"5\216\354\336eJM\360>#x/B\360\370\337\226\233\323\325"
 219      654A4DF0 
 219      3E23782F 
 219      42F0F8DF 
 219      969BD3D5 
 220 03bb 04EFC711 		.ascii	"\004\357\307\021\234\214\022l\351{\360\215H\3068\301"
 220      9C8C126C 
 220      E97BF08D 
 220      48C638C1 
 221 03cb CA96D96B 		.ascii	"\312\226\331kY$\304\0073K\007[\323\371&YME\033\255\257"
 221      5924C407 
 221      334B075B 
 221      D3F92659 
 221      4D451BAD 
 222 03e0 D7F34D72 		.ascii	"\327\363Mr\210\235\330#\207\375\231d\205\307\266\234"
 222      889DD823 
 222      87FD9964 
 222      85C7B69C 
 223 03f0 583C6988 		.ascii	"X<i\210\020\346\023\273'\2177g\245^\361)\306\367\337"
 223      10E613BB 
 223      278F3767 
 223      A55EF129 
 223      C6F7DF
 224 0403 11BE4DBB 		.ascii	"\021\276M\273\233\236Q\323\235\212\243;\035\241\253"
 224      9B9E51D3 
 224      9D8AA33B 
 224      1DA1AB
 225 0412 FFE7357F 		.ascii	"\377\3475\177]\006\344\345e\347\345\345\347\035\246"
 225      5D06E4E5 
 225      65E7E5E5 
 225      E71DA6
 226 0421 F1C1213F 		.ascii	"\361\301!?\231\352\252\225\353\213h_@7v\351#\310\216"
 226      99EAAA95 
 226      EB8B685F 
 226      403776E9 
 226      23C88E
 227 0434 35E4BF58 		.ascii	"5\344\277X\205\000\275\013<\241\027\256\254\247\012"
 227      8500BD0B 
 227      3CA117AE 
 227      ACA70A
 228 0443 C07862AC 		.ascii	"\300xb\254%\026\332\300\210\243!C\370\032\003\276\242"
 228      2516DAC0 
 228      88A32143 
 228      F81A03BE 
 228      A2
 229 0454 015F2A19 		.ascii	"\001_*\031\330\336\360\015v\372c\310\203\031\2649\264"
 229      D8DEF00D 
 229      76FA63C8 
 229      8319B439 
 229      B4
 230 0465 10DA2CE4 		.ascii	"\020\332,\344\2617\223\012\210.\323\203\244@\005\011"
 230      B137930A 
 230      882ED383 
 230      A4400509 
ARM GAS  C:\Users\mvshv\AppData\Local\Temp\ccmkC3UP.s 			page 17


 231 0475 947096F0 		.ascii	"\224p\226\36001\362\012DC\371\236\234\252%\370\026\244"
 231      3031F20A 
 231      4443F99E 
 231      9CAA25F8 
 231      16A4
 232 0487 4182B21D 		.ascii	"A\202\262\035c\200s/\034\220\203\325\204\366\037\014"
 232      6380732F 
 232      1C9083D5 
 232      84F61F0C 
 233 0497 27178255 		.ascii	"'\027\202UB\301[g\256\034&\331\312,\375)g)\244\234\""
 233      42C15B67 
 233      AE1C26D9 
 233      CA2CFD29 
 233      6729A49C 
 234 04ac D698AC1D 		.ascii	"\326\230\254\035\232\211\333\246\363*<\001\276\215\254"
 234      9A89DBA6 
 234      F32A3C01 
 234      BE8DAC
 235 04bb 1A596ADD 		.ascii	"\032Yj\335qI\003\331\371y\015\312\221\301\360b\221\013"
 235      714903D9 
 235      F9790DCA 
 235      91C1F062 
 235      910B
 236 04cd 8AA44F50 		.ascii	"\212\244OP\322E\245>\237\355\334\273l\266\013\311f\333"
 236      D245A53E 
 236      9FEDDCBB 
 236      6CB60BC9 
 236      66DB
 237 04df B5EF8747 		.ascii	"\265\357\207G\252d\024\016\201\3402r^H.1\335y\273\206"
 237      AA64140E 
 237      81E03272 
 237      5E482E31 
 237      DD79BB86 
 238 04f3 CF1AC949 		.ascii	"\317\032\311I\015;\343n\356\016\264h!?\233#\014\356"
 238      0D3BE36E 
 238      EE0EB468 
 238      213F9B23 
 238      0CEE
 239 0505 D3518415 		.ascii	"\323Q\204\025\314]\212\235p\024Pi\202D\272\260\214,"
 239      CC5D8A9D 
 239      70145069 
 239      8244BAB0 
 239      8C2C
 240 0517 9331469C 		.ascii	"\2231F\234S\363\357\\\215Sd%N\221\260\362\222\013\263"
 240      53F3EF5C 
 240      8D536425 
 240      4E91B0F2 
 240      920BB3
 241 052a 975CDBC5 		.ascii	"\227\\\333\305\013\037e\214\342\241D\367\315*V\002\200"
 241      0B1F658C 
 241      E2A144F7 
 241      CD2A5602 
 241      80
 242 053b DFF19B1A 		.ascii	"\337\361\233\032\033\207#\027p?zE\376\245\204\322A$"
 242      1B872317 
 242      703F7A45 
 242      FEA584D2 
ARM GAS  C:\Users\mvshv\AppData\Local\Temp\ccmkC3UP.s 			page 18


 242      4124
 243 054d 05A21E51 		.ascii	"\005\242\036Q\251!F\352\262\217R\000\324U\371s\016\027"
 243      A92146EA 
 243      B28F5200 
 243      D455F973 
 243      0E17
 244 055f B9F87F47 		.ascii	"\271\370\177G\376C\225\307]b\014L\225\362\035\256B\364"
 244      FE4395C7 
 244      5D620C4C 
 244      95F21DAE 
 244      42F4
 245 0571 7194546C 		.ascii	"q\224Tl\222\240(\326\324\271\275\3070\206\247\260\000"
 245      92A028D6 
 245      D4B9BDC7 
 245      3086A7B0 
 245      00
 246 0582 BF1384FA 		.ascii	"\277\023\204\37247;O\256\376\365`\003\220v\266^\260"
 246      34373B4F 
 246      AEFEF560 
 246      039076B6 
 246      5EB0
 247 0594 7CF2D63B 		.ascii	"|\362\326;\231k\017\311\275c\364\325J\206;\036\310\262"
 247      996B0FC9 
 247      BD63F4D5 
 247      4A863B1E 
 247      C8B2
 248 05a6 41C34EB4 		.ascii	"A\303N\264J1\272b\370\023\357\333\3041\000Y\034\305"
 248      4A31BA62 
 248      F813EFDB 
 248      C4310059 
 248      1CC5
 249 05b8 7255E25A 		.ascii	"rU\342Z\372\357\252\241'\240%!^i\274\247\355\262I\251"
 249      FAEFAAA1 
 249      27A02521 
 249      5E69BCA7 
 249      EDB249A9 
 250 05cc 347E8CC8 		.ascii	"4~\214\310{qyW\261\263\273:V\250:\261P\015+\364h\357"
 250      7B717957 
 250      B1B3BB3A 
 250      56A83AB1 
 250      500D2BF4 
 251 05e2 58955EC9 		.ascii	"X\225^\311\235\232$\270\321\360\377\032\276\032\351"
 251      9D9A24B8 
 251      D1F0FF1A 
 251      BE1AE9
 252 05f1 ABA93BD6 		.ascii	"\253\251;\3268\335\220\220]\313\262\373/\325]\326)\331"
 252      38DD9090 
 252      5DCBB2FB 
 252      2FD55DD6 
 252      29D9
 253 0603 5FAD8926 		.ascii	"_\255\211&\323c\356a,\371ab\362v\226\\\277\353\311b"
 253      D363EE61 
 253      2CF96162 
 253      F276965C 
 253      BFEBC962 
 254 0617 1A99E373 		.ascii	"\032\231\343sx\377\350\374r\026;j\261\213\224\263\366"
 254      78FFE8FC 
ARM GAS  C:\Users\mvshv\AppData\Local\Temp\ccmkC3UP.s 			page 19


 254      72163B6A 
 254      B18B94B3 
 254      F6
 255 0628 76776030 		.ascii	"vw`0\356\345\365\352\323\252\243v\207H\217\332\267D"
 255      EEE5F5EA 
 255      D3AAA376 
 255      87488FDA 
 255      B744
 256 063a E5A87DB0 		.ascii	"\345\250}\260\274\3641\225\363\020RY9`\214r\3010\360"
 256      BCF43195 
 256      F3105259 
 256      39608C72 
 256      C130F0
 257 064d C764F027 		.ascii	"\307d\360'\312P\307\270T~\260\355x\306\263G\344\336"
 257      CA50C7B8 
 257      547EB0ED 
 257      78C6B347 
 257      E4DE
 258 065f A01CBCBF 		.ascii	"\240\034\274\277\377iT\220o\373\313|\026\321CD`\236"
 258      FF695490 
 258      6FFBCB7C 
 258      16D14344 
 258      609E
 259 0671 3F8802BC 		.ascii	"?\210\002\274->+\374\310l\266D?^\237\245\264\250\314"
 259      2D3E2BFC 
 259      C86CB644 
 259      3F5E9FA5 
 259      B4A8CC
 260 0684 52E62AB6 		.ascii	"R\346*\266\370\244rg\221\333g\361T\224\225)\277\315"
 260      F8A47267 
 260      91DB67F1 
 260      54949529 
 260      BFCD
 261 0696 F6B4975E 		.ascii	"\366\264\227^\376M\356\246\202\002!\335f\253py\244\027"
 261      FE4DEEA6 
 261      820221DD 
 261      66AB7079 
 261      A417
 262 06a8 6D5289FD 		.ascii	"mR\211\375\307V{\251\253\330\345\223*\034.\257U\362"
 262      C7567BA9 
 262      ABD8E593 
 262      2A1C2EAF 
 262      55F2
 263 06ba 7ACB7CD6 		.ascii	"z\313|\326-\236\212\\\366+\267\250\334\235\353t\027"
 263      2D9E8A5C 
 263      F62BB7A8 
 263      DC9DEB74 
 263      17
 264 06cb 3B1D0EA7 		.ascii	";\035\016\247\303\272\321\274>w\303\372\202\215\257"
 264      C3BAD1BC 
 264      3E77C3FA 
 264      828DAF
 265 06da 3F6F45FF 		.ascii	"?oE\377:\217\327\343\\\347,*vY]\036{Y\205\303iu\027"
 265      3A8FD7E3 
 265      5CE72C2A 
 265      76595D1E 
 265      7B5985C3 
ARM GAS  C:\Users\mvshv\AppData\Local\Temp\ccmkC3UP.s 			page 20


 266 06f1 612D8FD3 		.ascii	"a-\217\323js8K\212*\312$\233\364\346V\247\317\\*\350"
 266      6A73384B 
 266      8A2ACA24 
 266      9BF4E656 
 266      A7CF5C2A 
 267 0706 15B8DFFF 		.ascii	"\025\270\337\377_\341|o\372\2546\237\344\300\332\210"
 267      5FE17C6F 
 267      FAAC369F 
 267      E4C0DA88 
 268 0716 A1F3B9FE 		.ascii	"\241\363\271\376\354\264I\216\377\021\002U\263n\261"
 268      ECB4498E 
 268      FF110255 
 268      B36EB1
 269 0725 DB13A036 		.ascii	"\333\023\2406\2327\230\013b\200\022f\225 \026\371\243"
 269      9A37980B 
 269      62801266 
 269      952016F9 
 269      A3
 270 0736 5B225B2B 		.ascii	"[\"[+$\024\022\301\237\333`\223\364\312\267\326\355"
 270      241412C1 
 270      9FDB6093 
 270      F4CAB7D6 
 270      ED
 271 0747 DB62937E 		.ascii	"\333b\223~\222\260,v\257\333\355\365X\266z\313%\237"
 271      92B02C76 
 271      AFDBEDF5 
 271      58B67ACB 
 271      259F
 272 0759 E567BFDA 		.ascii	"\345g\277\332\274i\363\033\324\267\325U\346,\367Y^\332"
 272      BC69F31B 
 272      D4B7D555 
 272      E62CF759 
 272      5EDA
 273 076b B4C9622F 		.ascii	"\264\311b/\215h\245\301\325rh\377T\356\222\234&\227"
 273      8D68A5C1 
 273      D57268FF 
 273      54EE929C 
 273      2697
 274 077d C7271579 		.ascii	"\307'\025y\354N\233\267\244\304\347\2242_\306\345|\205"
 274      EC4E9BB7 
 274      A4C4E794 
 274      325FC6E5 
 274      7C85
 275 078f 2DE76F37 		.ascii	"-\347o7\377\232lqJ\353\276\307\372\227\012\206X\276"
 275      FF9A6C71 
 275      4AEBBEC7 
 275      FA970A86 
 275      58BE
 276 07a1 8E01F8BE 		.ascii	"\216\001\370\276O\276]\320Rj\276,\352\374e\361kN\273"
 276      4FBE5DD0 
 276      526ABE2C 
 276      EAFC65F1 
 276      6B4EBB
 277 07b4 F40B8F4B 		.ascii	"\364\013\217K\372\017`\274P\365"
 277      FA0F60BC 
 277      50F5
 278              		.text
ARM GAS  C:\Users\mvshv\AppData\Local\Temp\ccmkC3UP.s 			page 21


 279              		.section	.gnu.lto_.symtab.fb6a077e,"",%progbits
 280 0000 6E756C6C 		.ascii	"nullObjectInit\000"
 280      4F626A65 
 280      6374496E 
 280      697400
 281 000f 00       		.ascii	"\000"
 282 0010 00       		.ascii	"\000"
 283 0011 00       		.ascii	"\000"
 284 0012 00000000 		.ascii	"\000\000\000\000\000\000\000\000"
 284      00000000 
 285 001a 0B010000 		.ascii	"\013\001\000\000"
 286              		.text
 287              		.section	.gnu.lto_.opts,"",%progbits
 288 0000 272D666D 		.ascii	"'-fmath-errno' '-fsigned-zeros' '-ftrapping-math' '"
 288      6174682D 
 288      6572726E 
 288      6F272027 
 288      2D667369 
 289 0033 2D666E6F 		.ascii	"-fno-trapv' '-fno-openmp' '-fno-openacc' '-mcpu=cor"
 289      2D747261 
 289      70762720 
 289      272D666E 
 289      6F2D6F70 
 290 0066 7465782D 		.ascii	"tex-m7' '-mno-thumb-interwork' '-mthumb' '-O2' '-fo"
 290      6D372720 
 290      272D6D6E 
 290      6F2D7468 
 290      756D622D 
 291 0099 6D69742D 		.ascii	"mit-frame-pointer' '-falign-functions=16' '-ffuncti"
 291      6672616D 
 291      652D706F 
 291      696E7465 
 291      72272027 
 292 00cc 6F6E2D73 		.ascii	"on-sections' '-fdata-sections' '-fno-common' '-flto"
 292      65637469 
 292      6F6E7327 
 292      20272D66 
 292      64617461 
 293 00ff 2700     		.ascii	"'\000"
 294              		.text
 295              		.comm	__gnu_lto_v1,1,1
 296              		.comm	__gnu_lto_slim,1,1
 297              		.ident	"GCC: (GNU Tools for Arm Embedded Processors 7-2017-q4-major) 7.2.1 20170904 (release) [ARM
ARM GAS  C:\Users\mvshv\AppData\Local\Temp\ccmkC3UP.s 			page 22


DEFINED SYMBOLS
                            *ABS*:00000000 nullstreams.c
                            *COM*:00000001 __gnu_lto_v1
                            *COM*:00000001 __gnu_lto_slim

NO UNDEFINED SYMBOLS
