ARM GAS  C:\Users\mvshv\AppData\Local\Temp\cc9lK5f7.s 			page 1


   1              		.cpu cortex-m7
   2              		.eabi_attribute 20, 1
   3              		.eabi_attribute 21, 1
   4              		.eabi_attribute 23, 3
   5              		.eabi_attribute 24, 1
   6              		.eabi_attribute 25, 1
   7              		.eabi_attribute 26, 1
   8              		.eabi_attribute 30, 2
   9              		.eabi_attribute 34, 1
  10              		.eabi_attribute 18, 4
  11              		.file	"nvic.c"
  12              		.section	.gnu.lto_.profile.fb6a275d,"",%progbits
  13 0000 789C6363 		.ascii	"x\234cc```\001bF\006u)\000\000\340\000M"
  13      60606001 
  13      62460675 
  13      290000E0 
  13      004D
  14              		.text
  15              		.section	.gnu.lto_.icf.fb6a275d,"",%progbits
  16 0000 789C6363 		.ascii	"x\234cc``P`@\000V\206\275\363\367\254\345f\274\362\355"
  16      60605060 
  16      40005686 
  16      BDF3F7AC 
  16      E566BCF2 
  17 0015 D27446A6 		.ascii	"\322tF\246S\207n-\346b\236ydg?\027\313\344\355\257\027"
  17      53876E2D 
  17      E6629E79 
  17      64673F17 
  17      CBE4EDAF 
  18 002a B1330000 		.ascii	"\2613\000\000\374\"\016\332"
  18      FC220EDA 
  19              		.text
  20              		.section	.gnu.lto_.jmpfuncs.fb6a275d,"",%progbits
  21 0000 789C6363 		.ascii	"x\234cc``\310e@\000\026\006&FF\346\3729\314\014 \314"
  21      6060C865 
  21      40001606 
  21      264646E6 
  21      FA39CC0C 
  22 0016 0804209A 		.ascii	"\010\004 \232\011Y\220\211q\0123c\363\257\375\237\371"
  22      09599089 
  22      710A3363 
  22      F3AFFD9F 
  22      F9
  23 0027 EAFF3648 		.ascii	"\352\3776H\314af\\\300\014\324\310\270\231\261\236\201"
  23      CC61665C 
  23      C00CD4C8 
  23      B899B19E 
  23      81
  24 0038 F1000B23 		.ascii	"\361\000\013#\003\020\377\371\377\377??#\023P\335\264"
  24      0310FFF9 
  24      FFFF3F3F 
  24      231350DD 
  24      B4
  25 0049 D643E7D9 		.ascii	"\326C\347\331\273\231\201\252\030\031\030\2670\312\200"
  25      BB9981AA 
  25      181918B7 
  25      30CA80
ARM GAS  C:\Users\mvshv\AppData\Local\Temp\cc9lK5f7.s 			page 2


  26 0058 300BD454 		.ascii	"0\013\324T\006\000\264K\033^"
  26      0600B44B 
  26      1B5E
  27              		.text
  28              		.section	.gnu.lto_.inline.fb6a275d,"",%progbits
  29 0000 789C458E 		.ascii	"x\234E\216\301\015\3020\014E\377w\254$m\0170\000R3A"
  29      C10DC230 
  29      0C45FF77 
  29      AC246D0F 
  29      30005233 
  30 0015 D7825DB8 		.ascii	"\327\202]\270r\344\320\035zf\005\304(\034\221\270\360"
  30      72E4D01D 
  30      7A6605C4 
  30      281C91B8 
  30      F0
  31 0026 9342B164 		.ascii	"\223B\261d[\226\277\337w\004\260\340\037\016\364\035"
  31      5B96BFDF 
  31      7704B0E0 
  31      1F0EF41D 
  32 0036 8D851A6A 		.ascii	"\215\205\032j\361\370\234\020\347\321`\217\235CS\326"
  32      F1F89C10 
  32      E7D1608F 
  32      9D4353D6 
  33 0046 2683C889 		.ascii	"&\203\310\211l\222\340\363\270J\264\365\0061t=\035\345"
  33      6C92E0F3 
  33      B84AB4F5 
  33      0631743D 
  33      1DE5
  34 0058 74097CBF 		.ascii	"t\011|\277\356\267t\016\327\000\016\\x\020\367\370\355"
  34      EEB7740E 
  34      D7000E5C 
  34      7810F7F8 
  34      ED
  35 0069 3A6E4E2E 		.ascii	":nN.\366J\020j_\235J}\306\006\241\250L\361g\265\011"
  35      F64A106A 
  35      5F9D4A7D 
  35      C606A1A8 
  35      4CF167B5 
  36 007e 372B7C00 		.ascii	"7+|\000d\232\027\014"
  36      649A170C 
  37              		.text
  38              		.section	.gnu.lto_.pureconst.fb6a275d,"",%progbits
  39 0000 789C6363 		.ascii	"x\234cc``\340\004b\026\006)F)&)\026)\000\002\306\000"
  39      6060E004 
  39      62160629 
  39      46292629 
  39      16290002 
  40 0016 83       		.ascii	"\203"
  41              		.text
  42              		.section	.gnu.lto_nvicEnableVector.fb6a275d,"",%progbits
  43 0000 789C9D53 		.ascii	"x\234\235S\317k\023A\024\236o\337\356&\3064w1h\017B"
  43      CF6B1341 
  43      149E6FDF 
  43      EE26C634 
  43      7731680F 
  44 0015 E9254BF1 		.ascii	"\351%K\361\340Y\004\017B/\376\007\322\213\005\233\224"
  44      E059040F 
ARM GAS  C:\Users\mvshv\AppData\Local\Temp\cc9lK5f7.s 			page 3


  44      422FFE07 
  44      D28B059B 
  44      94
  45 0026 568AB74E 		.ascii	"V\212\267N\222\232\266\232C\241\277 \254\222b\253\005"
  45      929AB69A 
  45      43A1BF20 
  45      AC9262AB 
  45      05
  46 0037 A931B455 		.ascii	"\2511\264US\253\2561\265\015\242b)\336\265E\241bisR"
  46      53ABAE31 
  46      B50DA262 
  46      29DEB545 
  46      A1626973 
  47 004c 68AB6F76 		.ascii	"h\253ov\202\012\352A\207\235\2673\357}\357\275\357\233"
  47      820AEA41 
  47      879DB733 
  47      EF7DEFBD 
  47      EF9B
  48 005e D9B58510 		.ascii	"\331\265\205\020gH\210\023\374>\314\023$`\014\275\022"
  48      67488813 
  48      FC3ECC13 
  48      24600CBD 
  48      12
  49 006f 22193400 		.ascii	"\"\0314\000\265\220A\210^\003\275\310\322\010\241\334"
  49      B5904188 
  49      5E03BDC8 
  49      D208A1DC 
  50 007f FFA16434 		.ascii	"\377\241d4\337\222<\274\361\332!9\355\301\345\3641\236"
  50      DF923CBC 
  50      F1DA2139 
  50      EDC1E5F4 
  50      319E
  51 0091 6A6016CD 		.ascii	"j`\026\315\214z\323w\327\245\253\344\022`\362v\347e"
  51      8C7AD377 
  51      D7A5ABE4 
  51      1260F276 
  51      E765
  52 00a3 6E3DA2B6 		.ascii	"n=\242\266\006\032y\273'G\306\"\324\002\301\353\215"
  52      061A79BB 
  52      2747C622 
  52      D402C1EB 
  52      8D
  53 00b4 17378602 		.ascii	"\0277\206\002MSR\246\244W\231$y\314%\302=\020\027\304"
  53      4D5352A6 
  53      A4579924 
  53      79CC25C2 
  53      3D1017C4 
  54 00c8 3CA29843 		.ascii	"<\242\230CT\260K\340>\232\030~;\365\3613\321q?\365\375"
  54      54B04BE0 
  54      3E9A187E 
  54      3BF5F133 
  54      D1713FF5 
  55 00dd CABB11AB 		.ascii	"\312\273\021\253\236\2721UO}\360\207\324\022\232||q"
  55      9EBA3155 
  55      4F7DF087 
  55      D4129A7C 
  55      7C71
ARM GAS  C:\Users\mvshv\AppData\Local\Temp\cc9lK5f7.s 			page 4


  56 00ef 7FB4C136 		.ascii	"\177\264\30165W,\300\026\340Ea\325\362\344\376\267~"
  56      35572CC0 
  56      16E04561 
  56      D5F2E4FE 
  56      B77E
  57 0101 E9ADDDC4 		.ascii	"\351\255\335\304\370\35108\3074\224!6\226\251\214\305"
  57      F8E93038 
  57      C7349421 
  57      3696A98C 
  57      C5
  58 0112 C6B6A10A 		.ascii	"\306\266\241\012\005\241\230\0101\300E\370t\244'\006"
  58      05A19808 
  58      31C045F8 
  58      74A42706 
  59 0122 C950ABB4 		.ascii	"\311P\253\264'6\221\252\365\357\025B\252v\216\220#\233"
  59      273691AA 
  59      F5EF1542 
  59      AA768E90 
  59      239B
  60 0134 5DE9ED0C 		.ascii	"]\351\355\014\264\303`\337\257gc\303\304C\346\270\211"
  60      B4C360DF 
  60      AF6763C3 
  60      C443E6B8 
  60      89
  61 0145 F2DA95AF 		.ascii	"\362\332\225\257\244@\034\036\273\\~\035P\341\200/r"
  61      A4401C1E 
  61      BB5C7E1D 
  61      50E1802F 
  61      72
  62 0156 6E62EB4B 		.ascii	"nb\353KXoe9-#\354\232\3754\274\036\310\343z\222\357"
  62      586F6539 
  62      2D23EC9A 
  62      FD34BC1E 
  62      C8E37A92 
  63 016b 207FC4A5 		.ascii	" \177\304\245 \036\261\332E\256\244\022\226\262\311"
  63      201EB1DA 
  63      45AEA412 
  63      96B2C9
  64 017a 89903323 		.ascii	"\211\2203#\373\222\262\321\245\003x\214<F\375\333\341"
  64      FB92B2D1 
  64      A503788C 
  64      3C46FDDB 
  64      E1
  65 018b E0DBD5F9 		.ascii	"\340\333\325\371\331HKA\005\363q\227Bx\002'GA\377\346"
  65      D9484B41 
  65      05F37197 
  65      42780227 
  65      4741FFE6 
  66 019f 3CB43047 		.ascii	"<\2640G\305x7s\2558mh\322\304aN\034\236\274SjP4,\034"
  66      C5783773 
  66      AD386D68 
  66      D2C4614E 
  66      1C9EBC53 
  67 01b8 C5539F74 		.ascii	"\305S\237t\272\226\031\2644\310\324\240\352\344\302"
  67      BA9619B4 
  67      34C8D4A0 
  67      EAE4C2
ARM GAS  C:\Users\mvshv\AppData\Local\Temp\cc9lK5f7.s 			page 5


  68 01c7 6E582BB3 		.ascii	"nX+\263P\326\240\355L5\240A\226RSY\316\0045\002x\206"
  68      50D6A0ED 
  68      4C35A041 
  68      96525359 
  68      CE043502 
  69 01dd 28D7AFCB 		.ascii	"(\327\257\313\267\352\362\377E\334AT|q\370]\\\217Ka"
  69      B7EAF2FF 
  69      45DC4154 
  69      7C71F85D 
  69      5C8F4B61 
  70 01f1 2C2971A6 		.ascii	",)q\246/\356\271\022g\351^3\305E\374W\267e\277\233\361"
  70      2FEEB912 
  70      67E95E33 
  70      C545FC57 
  70      B765BF9B 
  71 0206 976E2B3F 		.ascii	"\227n+?\273Uu\267-\244\362\205\254\337\313\3779\006"
  71      BB5575B7 
  71      2DA4F285 
  71      ACDFCBFF 
  71      3906
  72 0218 98297F29 		.ascii	"\230)\177)\\ \026\2139?\236D\267s\376\334\005\2473\321"
  72      5C20168B 
  72      393F9E44 
  72      B773FEDC 
  72      05A733D1 
  73 022c 75B1DB69 		.ascii	"u\261\333iKtt$\342\316\311\263\255\247Z/9\361\236\366"
  73      4B747424 
  73      E2CEC9B3 
  73      ADA75A2F 
  73      39F19EF6 
  74 0240 B6589B40 		.ascii	"\266X\233@\334\354\354jO|\007H\215\032\270"
  74      DCECEC6A 
  74      4F7C0748 
  74      8D1AB8
  75              		.text
  76              		.section	.gnu.lto_nvicDisableVector.fb6a275d,"",%progbits
  77 0000 789C9551 		.ascii	"x\234\225Q]k\023Q\020\235sg7\033\373\221g\301\240}\020"
  77      5D6B1351 
  77      109D7367 
  77      371BFB91 
  77      67C1A07D 
  78 0015 4A5FB2C4 		.ascii	"J_\262\304\177 \202o}\361\037H^\024m\"V\212o\275i\332"
  78      7F20826F 
  78      7DF11F48 
  78      5E146D22 
  78      568A6FBD 
  79 002b 6DAB150A 		.ascii	"m\253\025\012m#\204E\266\030\261 Z%\251\232\372\265"
  79      6D238445 
  79      B618B120 
  79      5A25A99A 
  79      FAB5
  80 003d AE15295A 		.ascii	"\256\025)Z\305\242\376\000SD\024\212\212\017\012\265"
  80      C5A2FE00 
  80      5344148A 
  80      8A0F0AB5 
  81 004d 3A775744 		.ascii	":wWD\360\311a\357\335\231{\317\3149w&ED\307\024\321"
  81      F0C961EF 
ARM GAS  C:\Users\mvshv\AppData\Local\Temp\cc9lK5f7.s 			page 6


  81      DD997BCF 
  81      CC397726 
  81      4544C714 
  82 0062 3EF9EF92 		.ascii	">\371\357\222\005&\250\351\347D\345\264\002\214\243"
  82      0526A8E9 
  82      E744E5B4 
  82      028CA3
  83 0071 D3A06185 		.ascii	"\323\240a\205aL\361,#\032\177\327R}\227\265Xx\276\231"
  83      614CF12C 
  83      231A7FD7 
  83      527D97B5 
  83      5878BE99 
  84 0085 F2F4D84E 		.ascii	"\362\364\330N\237\211\252\262\214\241\201>A\275\034"
  84      9F89AAB2 
  84      8CA1813E 
  84      41BD1C
  85 0094 BDEEF359 		.ascii	"\275\356\363Y\366\031\260$\374\274VkgL\250\320#\341"
  85      F619B024 
  85      FCBC566B 
  85      674CA8D0 
  85      23E1
  86 00a6 0F3D5BCD 		.ascii	"\017=[\315p\036$\376\306\323\213\323N\357%\255Gt\370"
  86      701E24FE 
  86      C6D38BD3 
  86      4EEF25AD 
  86      4774F8
  87 00b9 ACCE7AAF 		.ascii	"\254\316z\257\317\214\233`)\210%d\321D\226\344\210p"
  87      CF8C9B60 
  87      29882564 
  87      D14496E4 
  87      8870
  88 00cb 0BBD06FF 		.ascii	"\013\275\006\377\366\306\366\\w\312J\010q\033)\2028"
  88      F6C6F65C 
  88      77CA4A08 
  88      711B2982 
  88      38
  89 00dc 8BEB76A8 		.ascii	"\213\353v\250\267\177\216\353p\243\216\327\007E\261"
  89      B77F8EEB 
  89      70A38ED7 
  89      0745B1
  90 00eb CF96321B 		.ascii	"\317\2262\033\313f[\210\323iB\222\344I:\244IV\306\253"
  90      CB665B88 
  90      D3694292 
  90      E4493AA4 
  90      4956C6AB 
  91 00ff 84F40195 		.ascii	"\204\364\001\225-o\255\261\240L\261\032\243\306F\361"
  91      2D6FADB1 
  91      A04CB11A 
  91      A3C646F1 
  92 010f 4CFD5AAB 		.ascii	"L\375Z\253\333(\266\260\007-\321 \260/\336\244\235\200"
  92      DB28B6B0 
  92      072DD120 
  92      B02FDEA4 
  92      9D80
  93 0121 54025AAD 		.ascii	"T\002Z\255/ou\031\220\015\033\313\011\350\223\267\352"
  93      2F6F7519 
  93      900D1BCB 
ARM GAS  C:\Users\mvshv\AppData\Local\Temp\cc9lK5f7.s 			page 7


  93      09E893B7 
  93      EA
  94 0132 2420D3AD 		.ascii	"$ \323\255\346\312\023/\235 \200;\310J}\001E\257\316"
  94      E6CA132F 
  94      9D20803B 
  94      C84A7D01 
  94      45AFCE
  95 0145 7C8F2B09 		.ascii	"|\217+\011\242:\026\275p\014\"\025\267\2439\277\371"
  95      A23A16BD 
  95      700C2215 
  95      B7A339BF 
  95      F9
  96 0156 AD2B0975 		.ascii	"\255+\011uT\321\0319j|\234i;\001.\224\245\345\301n\237"
  96      54D11939 
  96      6A7C9C69 
  96      3B012E94 
  96      A5E5C16E 
  97 016b 1DDC93BE 		.ascii	"\035\334\223\276\334\025:\223\360x\252<\337\341^\325"
  97      DC153A93 
  97      F078AA3C 
  97      DFE15ED5 
  98 017b A365DDE3 		.ascii	"\243e\335\343s\032\367\021`.\036\206\\\276Y_jd\362\213"
  98      731AF711 
  98      602E1E86 
  98      5CBE595F 
  98      6A64F28B 
  99 018f E63218F2 		.ascii	"\3462\030\362y\007\036\300\025\365\361\240B\344E\243"
  99      79071EC0 
  99      15F5F1A0 
  99      42E445A3 
 100 019f 51F3F5FD 		.ascii	"Q\363\365\375B\333\371-\347\177\310:\3600&\303\277d"
 100      42DBF92D 
 100      E77FC83A 
 100      F03026C3 
 100      BF64
 101 01b1 459F3B11 		.ascii	"E\237;\021\0312+&{\204\374\337o\355\004aEjnb$\270r\016"
 101      19322B26 
 101      7B84FCDF 
 101      6FED0461 
 101      456A6E62 
 102 01c9 F1188D4D 		.ascii	"\361\030\215MH-\231\212\010\314\345r\356\237\2574\350"
 102      482D998A 
 102      08CCE572 
 102      EE9FAF34 
 102      E8
 103 01da 1E397CDC 		.ascii	"\0369|\334=Q:yj\320-\224\006\006JEw\377\241\376\003"
 103      3D513A79 
 103      6AD02D94 
 103      06064A45 
 103      77FFA1FE 
 104 01ef FDA7DDE2 		.ascii	"\375\247\335\342\320\321B\256@(\376\002\223\033\324"
 104      D0D142AE 
 104      4028FE02 
 104      931BD4
 105 01fe AD       		.ascii	"\255"
 106              		.text
 107              		.section	.gnu.lto_nvicSetSystemHandlerPriority.fb6a275d,"",%progbits
ARM GAS  C:\Users\mvshv\AppData\Local\Temp\cc9lK5f7.s 			page 8


 108 0000 789C6D52 		.ascii	"x\234mR\315O\023Q\020\177\277\235\335m\241\200\036\211"
 108      CD4F1351 
 108      107FBF9D 
 108      DD6DA180 
 108      1E89
 109 0012 E9A10713 		.ascii	"\351\241\007\023\302\245\233&^<x0^\274p\361? \325\004"
 109      C2A59B26 
 109      5E3C7830 
 109      5EBC70F1 
 109      3F20D504 
 110 0026 12A0A418 		.ascii	"\022\240\244\030\343\255\257\037\320\202\306\030-\205"
 110      E3ADAF1F 
 110      D082C618 
 110      2D85
 111 0034 D48DE941 		.ascii	"\324\215\351A\202\304\0204\210Z\371Z\213\032/\"\020"
 111      82C41034 
 111      885AF95A 
 111      8B1A2F22 
 111      10
 112 0045 630C5EFC 		.ascii	"c\014^\374\304\330\200Q\351\0015\242\363\266\325pp\262"
 112      C4D88051 
 112      E90135A2 
 112      F3B6D570 
 112      70B2
 113 0057 6FDF9B79 		.ascii	"o\337\233y\277\231\371\315\2741\205\0203\232\020Gx?"
 113      BF99F9CD 
 113      BC318510 
 113      339A1047 
 113      783F
 114 0069 C40B8680 		.ascii	"\304\013\206\200vqY\210\270W\323h\305/d\275\356\204"
 114      76715988 
 114      B857D368 
 114      C52F64BD 
 114      EE84
 115 007b 846C20E8 		.ascii	"\204l \350U\263\016\250\203\364B\3044\322\021\303y\312"
 115      55B30EA8 
 115      83F442C4 
 115      34D211C3 
 115      79CA
 116 008d 124AE98D 		.ascii	"\022J\351\215\242\326:.Y\234\221\2129 \373\233m\022"
 116      A2D63A2E 
 116      599C918A 
 116      3920FB9B 
 116      6D12
 117 009f 22C74B09 		.ascii	"\"\307K\011\246\321\312\250\325\324M\233\316\221M\200"
 117      A6D1CAA8 
 117      D5D44D9B 
 117      CE914D80 
 118 00af CEEAD7A7 		.ascii	"\316\352\327\247\371wMJ\325\020`5yya\316K!\010>\257"
 118      F9774D4A 
 118      D5106035 
 118      797961CE 
 118      4B21083E 
 119 00c4 4D8F1E6F 		.ascii	"M\217\036o\031\2232!\235\367c$\017\332D\270\003\342"
 119      19933221 
 119      9DF76324 
 119      0FDA44B8 
ARM GAS  C:\Users\mvshv\AppData\Local\Temp\cc9lK5f7.s 			page 9


 119      03E2
 120 00d6 7898811F 		.ascii	"x\230\201\037\267\341\027l\022\270\213\026F\337H|\334"
 120      B7E1176C 
 120      12B88B16 
 120      46DF487C 
 120      DC
 121 00e7 223AEC7A 		.ascii	"\":\354z\276}\362&k\324\\+\3435\327{\377q-\242\305\305"
 121      BE7DF226 
 121      6BD45C2B 
 121      E335D77B 
 121      FF712DA2 
 122 00fd DFDA1D6E 		.ascii	"\337\332\035n4\365\302_\266\270\017S\200w\266L\255\031"
 122      34F5C25F 
 122      B6B80F53 
 122      8077B64C 
 122      AD19
 123 010f 8EDCFD9D 		.ascii	"\216\334\375\235f\022\315\353\333\336:\260\247\256\251"
 123      6612CDEB 
 123      DBDE3AB0 
 123      A7AEA9
 124 011e 1FB78153 		.ascii	"\037\267\201S{\340F\021\031v\344\256HG\014\222\246N"
 124      7BE04611 
 124      1976E4AE 
 124      48470C92 
 124      A64E
 125 0130 49477C40 		.ascii	"IG|@\352\345\322\306\025S\305\313\223*\367\347\316\362"
 125      EAE5D2C6 
 125      1553C5CB 
 125      932AF7E7 
 125      CEF2
 126 0142 BC47954B 		.ascii	"\274G\225K\360a\226i(\031d*+~\306o\"\025ps3\262X\334"
 126      F0619669 
 126      2819642A 
 126      2B7EC66F 
 126      22157073 
 127 015a 7CE589FD 		.ascii	"|\345\211\375\222^\233\214\034)2s\210\251\213\\\177"
 127      925E9B8C 
 127      1C293273 
 127      88A98B5C 
 127      7F
 128 016b E9991BC2 		.ascii	"\351\231\033\302tkM\376X\334nb\034\367\332T\005(\333"
 128      746B4DFE 
 128      58DC6E62 
 128      1CF7DA54 
 128      0528DB
 129 017e F7D5AD8C 		.ascii	"\367\325\255\214\257\200\253\361\3756y\260\300\0174"
 129      AF80ABF1 
 129      FD3679B0 
 129      C00F34
 130 018d AF5229F4 		.ascii	"\257R)\364\265\351~0zT\312\200\212\260\210\002\252\325"
 130      B5E97E30 
 130      7A54CA80 
 130      8AB08802 
 130      AAD5
 131 019f 3A88D9E4 		.ascii	":\210\331\344u\331\3505\372e$\276\245'\213\257Q\345"
 131      75D9E835 
 131      FA6524BE 
ARM GAS  C:\Users\mvshv\AppData\Local\Temp\cc9lK5f7.s 			page 10


 131      A5278BAF 
 131      51E5
 132 01b1 8F3C79D8 		.ascii	"\217<y\330\226\3742P3hl\333\373\242u\320\361\200\023"
 132      96FC3250 
 132      33686CDB 
 132      FBA275D0 
 132      F18013
 133 01c4 95517A3E 		.ascii	"\225Qz>\364\311P\240\275|\353]\276\361\342\\\326\250"
 133      F4C950A0 
 133      BD7CEB5D 
 133      BEF1E25C 
 133      D6A8
 134 01d6 AA723D29 		.ascii	"\252r=)\233\330T^\255\254\030\212.ON\341\200M>,\361"
 134      9BD8545E 
 134      ADAC188A 
 134      2E4F4EE1 
 134      804D3E2C 
 135 01eb 23956A94 		.ascii	"#\225j\224/\015ML\324[\2232\025W\224\033\360\220)\017"
 135      2F0D4D4C 
 135      D45B9332 
 135      1557941B 
 135      F090290F 
 136 01ff BB33C597 		.ascii	"\2733\305\227/\256\357\214\354\013M\251\313B\324\246"
 136      2FAEEF8C 
 136      EC0B4DA9 
 136      CB42D4A6 
 137 020f 463C82C5 		.ascii	"F<\202\305\235v\347\3551B\314Q|F\2420{\241Z\245\222"
 137      9D76E7ED 
 137      3142CC51 
 137      7C46A230 
 137      7BA15AA5 
 138 0224 0C3793EB 		.ascii	"\0147\223\353\343\211\017\006\203\326\277/\322gu\264"
 138      E3890F06 
 138      83D6BF2F 
 138      D26775B4 
 139 0234 7759BD91 		.ascii	"wY\275\221\350\351>+\034\351\356\216\364XGO\264\035"
 139      E8E93E2B 
 139      1CE9EE8E 
 139      F458474F 
 139      B41D
 140 0246 6B3B6BF5 		.ascii	"k;k\365\234\351\014\007\303\302\323\321\336s\262\353"
 140      9CE90C07 
 140      C3C2D3D1 
 140      DE73B2EB 
 141 0256 5454EF8D 		.ascii	"TT\357\215vF\376\000\241K\363\374"
 141      7646FE00 
 141      A14BF3FC 
 142              		.text
 143              		.section	.gnu.lto___func__.8193.fb6a275d,"",%progbits
 144 0000 789C6363 		.ascii	"x\234cc``\020\005by\006\010\230\302\314\370\341\361"
 144      60601005 
 144      62790608 
 144      98C2CCF8 
 144      E1F1
 145 0012 9CCB4C8A 		.ascii	"\234\313L\212L\363\0338\3460300nfTd\220\315+\313L\016"
 145      4CF31B38 
 145      E6303330 
ARM GAS  C:\Users\mvshv\AppData\Local\Temp\cc9lK5f7.s 			page 11


 145      306E6654 
 145      6490CD2B 
 146 0029 4E2D09AE 		.ascii	"N-\011\256,.I\315\365H\314K\311I-\012(\312\314/\312"
 146      2C2E49CD 
 146      F548CC4B 
 146      C9492D0A 
 146      28CACC2F 
 147 003e 2CA96400 		.ascii	",\251d\000\000\346\363\022t"
 147      00E6F312 
 147      74
 148              		.text
 149              		.section	.gnu.lto_nvicClearPending.fb6a275d,"",%progbits
 150 0000 789C3D51 		.ascii	"x\234=Q\317KTQ\024>\337=\357\315\233Bg-4\224\213@D\230"
 150      CF4B5451 
 150      143EDF3D 
 150      EFCD9B42 
 150      672D3494 
 151 0018 C7F41F48 		.ascii	"\307\364\037H\013Wn\372\017d6\0059\023\031\322\316;"
 151      0B576EFA 
 151      0F643605 
 151      391319D2 
 151      CE3B
 152 002a 333AA329 		.ascii	"3:\243)$\250\023\014\017y\342D\264(\213\321j\306~<\006"
 152      24A8130C 
 152      0F79E244 
 152      B4288BD1 
 152      6AC67E3C 
 153 003f 5B44A428 		.ascii	"[D\244(\342\252U\212\220\202\244 \264P\353\334\367\250"
 153      E2AA558A 
 153      9082A420 
 153      B450EBDC 
 153      F7A8
 154 0051 C3FD71CE 		.ascii	"\303\375q\316\271\347;\367\273\337\215\021\321)\210"
 154      B9E73BF7 
 154      BBDF8D11 
 154      D12988
 155 0060 6EC87E45 		.ascii	"n\310~E&\230\240\246\327\211\362q\005\030G\307A#\012"
 155      2698A0A6 
 155      D789F271 
 155      051847C7 
 155      41230A
 156 0073 2398E259 		.ascii	"#\230\342YF\253\274\337P\335\317\264X\360\244\351\224"
 156      46ABBCDF 
 156      50DDCFB4 
 156      58F0A4E9 
 156      94
 157 0084 F45887C7 		.ascii	"\364X\207\307D\025\231\306PG\267Tm\216\276\362x\222"
 157      441599C6 
 157      5047B754 
 157      6D8EBEF2 
 157      7892
 158 0096 3D062C09 		.ascii	"=\006,\011\217\277Uw\023&T\350\224\360\\\317V\022\234"
 158      8FBF5577 
 158      132654E8 
 158      94F05CCF 
 158      56129C
 159 00a9 0689BFF7 		.ascii	"\006\211\277\367uq\332\351z\252uA\007k5\326\327=f\274"
ARM GAS  C:\Users\mvshv\AppData\Local\Temp\cc9lK5f7.s 			page 12


 159      7571DAE9 
 159      7AAA7541 
 159      076B35D6 
 159      D73D66BC 
 160 00bd 014B43AC 		.ascii	"\001KC\254 \211e$IR\204\267\3502\365?^_\314\265\307"
 160      20896524 
 160      495284B7 
 160      E832F53F 
 160      5E5FCCB5 
 161 00d2 ACE842BC 		.ascii	"\254\350B\274C\214\204<-m\331\201\276\370S\326\301\367"
 161      438C843C 
 161      2D6DD981 
 161      BEF853D6 
 161      C1F7
 162 00e4 1A36FB84 		.ascii	"\0326\373\204\261\307\226\222\305f\343Yf\261\021\366"
 162      B1C79692 
 162      C566E359 
 162      66B111F6 
 163 00f4 A07141CA 		.ascii	"\240qA\312\273t@\023\254\214W\014\350\000\305\263\322"
 163      BB744013 
 163      AC8C570C 
 163      E800C5B3 
 163      D2
 164 0105 F9AAAF4C 		.ascii	"\371\252\257L\307*\243\312\266\3345S{\331h7\264-\\C"
 164      C72AA3CA 
 164      B6DC3553 
 164      7BD96837 
 164      B42D5C43 
 165 0119 438848D9 		.ascii	"C\210H\331\257\322s'*R\350IJ\251I\236\224&\354(\311"
 165      AFD27327 
 165      2A52E849 
 165      4AA9499E 
 165      9426EC28 
 166 012e 11F24BAD 		.ascii	"\021\362K\255y\326f\2206l4Cd\341\244\374\017i\011X2"
 166      79D66690 
 166      366C3443 
 166      64E1A4FC 
 166      0F690958 
 167 0143 ADED473F 		.ascii	"\255\355G?C\230\000*c\255\015\307\000b\241*\313\013"
 167      4398002A 
 167      63AD0DC7 
 167      0062A12A 
 167      CB0B
 168 0155 47BFDBA2 		.ascii	"G\277\333\242P\267\212:!\251\372\341\314\256\343c>/"
 168      50B78A3A 
 168      21A9FAE1 
 168      CCAEE363 
 168      3E2F
 169 0167 CAFB573D 		.ascii	"\312\373W=v\360^\344Y\225\336\006\360y*\277p\331}\241"
 169      76F05EE4 
 169      5995DE06 
 169      F0792ABF 
 169      70D97DA1 
 170 017b 47F3BAD3 		.ascii	"G\363\272\323\3438>\300\307\\\370'r\270\263\265RO\244"
 170      E3383EC0 
 170      C75CF827 
 170      72B8B3B5 
ARM GAS  C:\Users\mvshv\AppData\Local\Temp\cc9lK5f7.s 			page 13


 170      524FA4
 171 018e 97CCA13F 		.ascii	"\227\314\241?\354\361%|\204+T\303\377\372\204\264\020"
 171      ECF1257C 
 171      842B54C3 
 171      FFFA84B4 
 171      10
 172 019f A22314FC 		.ascii	"\242#\024\374\305\307\010\00556.\017\023i\024Q*\225"
 172      C5C70805 
 172      35362E0F 
 172      13691451 
 172      2A95
 173 01b1 72FF8FDC 		.ascii	"r\377\217\334\220{{\340\256{/w\377\301\220\233\311\015"
 173      907B7BE0 
 173      AE7B2F77 
 173      FFC1909B 
 173      C90D
 174 01c3 0EE6B26E 		.ascii	"\016\346\262n\357\255\376\233\375\017\335\354\360\235"
 174      EFADFE9B 
 174      FD0FDDEC 
 174      F09D
 175 01d1 4C2A43C8 		.ascii	"L*C\310\376\005\360\222\255Q"
 175      FE05F092 
 175      AD51
 176              		.text
 177              		.section	.gnu.lto_.symbol_nodes.fb6a275d,"",%progbits
 178 0000 789C6363 		.ascii	"x\234cc``\310\006b\006\246#L\365\014\014\023\31610\000"
 178      6060C806 
 178      6206A623 
 178      4CF50C0C 
 178      13CE3130 
 179 0015 A95D0D8E 		.ascii	"\251]\015\216@\221\243L\365\214\250\"\307\230\352\231"
 179      4091A34C 
 179      F58CA822 
 179      C798EA99 
 180 0025 5044584F 		.ascii	"PDXO214(1003\035g\252gF\221b<\301T\317\002\026a`hhp"
 180      32313428 
 180      31303033 
 180      1D67AA67 
 180      4691623C 
 181 0043 00A96165 		.ascii	"\000\251ae8\362C\217\001\000\302\264\032O"
 181      38F2438F 
 181      0100C2B4 
 181      1A4F
 182              		.text
 183              		.section	.gnu.lto_.refs.fb6a275d,"",%progbits
 184 0000 789C6363 		.ascii	"x\234cc```\003bF&&f&\006\000\000\303\000\027"
 184      60606003 
 184      62462626 
 184      66260600 
 184      00C30017 
 185              		.text
 186              		.section	.gnu.lto_.decls.fb6a275d,"",%progbits
 187 0000 789CDD58 		.ascii	"x\234\335XyPTI\232\257\254\254\202\342\356\245\211\331"
 187      79505449 
 187      9AAFACAC 
 187      82E2EEA5 
 187      89D9
ARM GAS  C:\Users\mvshv\AppData\Local\Temp\cc9lK5f7.s 			page 14


 188 0012 DE5926C6 		.ascii	"\336Y&\306\355\260\243\211\211iP\273w\354\331\230\330"
 188      EDB0A389 
 188      896950BB 
 188      77ECD998 
 188      D8
 189 0023 6D2C7425 		.ascii	"m,t%\242\235%@\235\331]c\031\032\351\221\016\205Y\300"
 189      A29D2540 
 189      9DD95D63 
 189      191AE991 
 189      0E8559C0 
 190 0037 8D71BAA7 		.ascii	"\215q\272\247\273\220\022\021l\0049\344l\020P\344\022"
 190      BB901211 
 190      6C0439E4 
 190      6C1050E4 
 190      12
 191 0048 68395444 		.ascii	"h9TDJ\224[P\271\224\033\221K\004\344PQD\331/\217G=\036"
 191      4A945B50 
 191      B9941B91 
 191      4B04E450 
 191      5144D92F 
 192 0060 554E6FC4 		.ascii	"UNo\304\374\265/\352\253|_\346\357}\371\313\357\313"
 192      FCB52FEA 
 192      AB7C5FE6 
 192      EF7DF9CB 
 192      EFCB
 193 0072 FC32DF33 		.ascii	"\3742\3373\221\311d9\353e\262\213X&\033D2\3312\\&Pw"
 193      91C96439 
 193      EB65B28B 
 193      58261B44 
 193      32D9325C 
 194 0089 0D440E52 		.ascii	"\015D\016R\011\322$c\227\022\244\035\344\036H7H/\310"
 194      09D22463 
 194      9712A41D 
 194      E41E4837 
 194      482FC8
 195 009c 7D10784C 		.ascii	"}\020xL6,[}\345@\245\025\224\277\003\261\005\261\343"
 195      362C5B7D 
 195      E540A515 
 195      94BF03B1 
 195      05B1E3
 196 00af B6EC41DE 		.ascii	"\266\354A\336\007\371w\220_\000\346#\220Wp\277\004b"
 196      07F97790 
 196      5F00E623 
 196      905770BF 
 196      0462
 197 00c1 05F79620 		.ascii	"\005\367\226 @E\366\036\224\033A\326#f\277]\266\366"
 197      4045F61E 
 197      941B41D6 
 197      2366BF5D 
 197      B6F6
 198 00d3 2A267803 		.ascii	"*&x\003}H\355\013v\205~\310\270\034\020\353\003\361"
 198      7D48ED0B 
 198      76857EC8 
 198      B81C10EB 
 198      03F1
 199 00e5 F148AF52 		.ascii	"\361H\257Rh\2606\302\1773b>i\004\031\344}\365@]\027"
 199      68B036C2 
ARM GAS  C:\Users\mvshv\AppData\Local\Temp\cc9lK5f7.s 			page 15


 199      7F33623E 
 199      690419E4 
 199      7DF5405D 
 200 00fa 4812627D 		.ascii	"H\022b}\020\273:\304\372\352~\203\237\0328\207F\003"
 200      10BB3AC4 
 200      FAEA7E83 
 200      9F1A3887 
 200      4603
 201 010c 1C84EB12 		.ascii	"\034\204\353\022\000\314\215\214\363?\014\214\223\330"
 201      00CC8D8C 
 201      F33F0C8C 
 201      93D8
 202 011a DBC8CB5E 		.ascii	"\333\310\313^\003\366b1\352\253\317\311\303\021\030"
 202      03F66231 
 202      EAABCFC9 
 202      C31118
 203 0129 BD6F8E48 		.ascii	"\275o\216H\304m\240\252p\362\322\013+VE\020e9\203\345"
 203      C46DA0AA 
 203      70F2D20B 
 203      2B564510 
 203      653983E5 
 204 013d 08CBE97D 		.ascii	"\010\313\351}I\315X\250\251c\276\206]\252}2T\212\260"
 204      49CD58A8 
 204      A963BE86 
 204      5DAA7D32 
 204      548AB0
 205 0150 60AAF5C4 		.ascii	"`\252\365\304\\\226)\376%\005\336\321\026\245\020\263"
 205      5C9629FE 
 205      2505DED1 
 205      16A510B3 
 206 0160 B6E64801 		.ascii	"\266\346H\001\352ls\322\003kP\355\314\321\272X,\037"
 206      EA6C73D2 
 206      036B50ED 
 206      CCD1BA58 
 206      2C1F
 207 0172 E87AD96B 		.ascii	"\350z\331k\215\314\035\3024\232\303\232\364\020\215"
 207      8DCC1DC2 
 207      349AC39A 
 207      F4108D
 208 0181 D97619BA 		.ascii	"\331v\031\272\204\354\321Ed/C\025\310\201t]\206\034"
 208      84ECD145 
 208      642F4315 
 208      C881745D 
 208      861C
 209 0193 65A8042A 		.ascii	"e\250\004*/@\345Y\322\235n,\341\237\023\3474\232u\350"
 209      2F40E559 
 209      D29D6E2C 
 209      E19F13E7 
 209      349A75E8 
 210 01a7 323247C0 		.ascii	"22G\300\211b`t\357\2333\0029Y\321\031&8\017\021\006"
 210      89626074 
 210      EF9B3302 
 210      3959D119 
 210      26380F11 
 211 01bc F28AE491 		.ascii	"\362\212\344\221\032\271\261>\256\032\357\343\374\273"
 211      1AB9B13E 
 211      AE1AEFE3 
ARM GAS  C:\Users\mvshv\AppData\Local\Temp\cc9lK5f7.s 			page 16


 211      FCBB
 212 01ca B547341A 		.ascii	"\265G4\0329\252\204>\256\350\373\200.I\001\265\320\321"
 212      39AA843E 
 212      AEE8FB80 
 212      2E4901B5 
 212      D0D1
 213 01dc C5CAA94D 		.ascii	"\305\312\251Mlp\366\304\205\021\275=\310<\214<N\373"
 213      6C70F6C4 
 213      8511BD3D 
 213      C83C8C3C 
 213      4EFB
 214 01ee 21F5424F 		.ascii	"!\365BO2\244#\017\"'{T\005*\2403\306\233\033\224\354"
 214      32A4230F 
 214      22277B54 
 214      052AA033 
 214      C69B1B94 
 215 0203 E19F80DA 		.ascii	"\341\237\200\332\0213\031\211\230g\306\021\321\237W"
 215      11331989 
 215      9867C611 
 215      D19F57
 216 0212 2E5AE228 		.ascii	".Z\342(\352nE~H\356\214\0029\330#\260\206\314\317\012"
 216      EA6E457E 
 216      48EE8C02 
 216      39D823B0 
 216      86CCCF0A 
 217 0226 6E97A13A 		.ascii	"n\227\241: w\235{\036\256$\015\364>\363\015\251\206"
 217      20779D7B 
 217      1EAE240D 
 217      F43EF30D 
 217      A986
 218 0238 7B152DE9 		.ascii	"{\025-\351\2705\231\032\374\216\014}h\2176\300\250o"
 218      B835991A 
 218      FC8E0C7D 
 218      688F36C0 
 218      A86F
 219 024a C0A8EB28 		.ascii	"\300\250\353(\235Z0X\303\370\244\245]\355D\266Q\304"
 219      9D5A3058 
 219      C3F8A4A5 
 219      5DED44B6 
 219      51C4
 220 025c 30FC7D82 		.ascii	"0\374}\202\250\355jh\277F\351\327#[a\020\004]\234R\377"
 220      A8ED6A68 
 220      BF46E9D7 
 220      235B6110 
 220      045D9C52 
 221 0271 C2CC9CDB 		.ascii	"\302\314\234\333\016\373K\266\363\346\262\226,\304\266"
 221      0EFB4BB6 
 221      F3E6B296 
 221      2CC4B6
 222 0280 1BDE64BB 		.ascii	"\033\336d\2739\363z\216\205e\370J\274P#\262\0259\262"
 222      39F37A8E 
 222      8565F84A 
 222      BC5023B2 
 222      1539B2
 223 0293 0991254E 		.ascii	"\011\221%NK\000_\276VYe1\200\372\020\254+\364\026\365"
 223      4B005FBE 
 223      56596531 
ARM GAS  C:\Users\mvshv\AppData\Local\Temp\cc9lK5f7.s 			page 17


 223      80FA10AC 
 223      2BF416F5 
 224 02a7 0242EC1F 		.ascii	"\002B\354\037J\"T_\026.\304\352\241V\316\012\016%\212"
 224      4A22545F 
 224      162EC4EA 
 224      A156CE0A 
 224      0E258A
 225 02ba F0085AA9 		.ascii	"\360\010Z\251\221s\033r\301.\375q\003Hl\225\265\263"
 225      91731B72 
 225      C12EFD71 
 225      03486C95 
 225      B5B3
 226 02cc EE848BAD 		.ascii	"\356\204\213\255pv#z\216U\311\365\235\211\036Y\303U"
 226      7076237A 
 226      8E55C9F5 
 226      9D891E59 
 226      C355
 227 02de B6D2BC42 		.ascii	"\266\322\274BJ?H\304W\\\336\215\243\315\346\203\250"
 227      4A3F48C4 
 227      575CDE8D 
 227      A3CDE683 
 227      A8
 228 02ef 1F5A7F2B 		.ascii	"\037Z\177+\223E\251\016\320\265\227\334>\224)\307ql"
 228      9345A90E 
 228      D0B597DC 
 228      3E9429C7 
 228      716C
 229 0301 C5D69D2B 		.ascii	"\305\326\235+\275\206\024r6u\221\237\202\3245-dW)V\352"
 229      BD861472 
 229      3675919F 
 229      82D4352D 
 229      64572956 
 230 0316 6E215A59 		.ascii	"n!ZY\263\274\240\263a\363RN\026\363\314\315T\0136/\337"
 230      B3BCA0B3 
 230      61F3524E 
 230      16F3CCCD 
 230      540B362F 
 231 032b 220BF86A 		.ascii	"\"\013\370j\177\274\374\235x\032\311\020\315[r\364\273"
 231      7FBCFC9D 
 231      781AC910 
 231      CD5B72F4 
 231      BB
 232 033c 1FA15608 		.ascii	"\037\241V\010\315\035\032\2326\364\016\374\337\006C"
 232      CD1D1A9A 
 232      36F40EFC 
 232      DF0643
 233 034b 9456E4B3 		.ascii	"\224V\344\263K[\337M\327\244\017jt\0137\327\217\225"
 233      4B5BDF4D 
 233      D7A40F6A 
 233      740B37D7 
 233      8F95
 234 035d 6834B0A2 		.ascii	"h4\260\2424\012\002C-\372%\325B&0jF\203\010\335D\003"
 234      340A0243 
 234      2DFA25D5 
 234      4226306A 
 234      468308DD 
 235 0373 308676F4 		.ascii	"0\206v\364.Y\001\375\2253\030w\030\247\177\252-\343"
ARM GAS  C:\Users\mvshv\AppData\Local\Temp\cc9lK5f7.s 			page 18


 235      2E5901FD 
 235      95331877 
 235      18A77FAA 
 235      2DE3
 236 0385 B295512E 		.ascii	"\262\225Q.w)\227N\201KGFa\251\212\223i\375\273$\215"
 236      7729974E 
 236      814B4746 
 236      61A98A93 
 236      69FDBB24 
 237 039a 0E262EAC 		.ascii	"\016&.\254n@\241\016=\225\016)\225{\224J\361\363G!\030"
 237      6E40A10E 
 237      3D950E29 
 237      957B944A 
 237      F1F34721 
 238 03af 8F312AD5 		.ascii	"\2171*\325O\333;\024\202\245\277_\261D\006\325\245\267"
 238      4FDB3B14 
 238      82A5BF5F 
 238      B14406D5 
 238      A5B7
 239 03c1 D425B5D4 		.ascii	"\324%\265\324M-Uf\237r\305ZL\015\205\346\346\325XqC"
 239      4D2D5566 
 239      9F72C55A 
 239      4C0D85E6 
 239      E6D55871 
 240 03d6 133F5945 		.ascii	"\023?YE\251Go\250Gj\250\227\032\322\315d%`\034\307,"
 240      A9476FA8 
 240      476AA897 
 240      1AD2CD64 
 240      25601CC7 
 241 03eb DD7FBE7C 		.ascii	"\335\177\276|\303R\274b\310\372\322\257\230~\266b\000"
 241      C352BC62 
 241      C8FAD2AF 
 241      987EB662 
 241      00
 242 03fc 78AB292E 		.ascii	"x\253).\336\206\272\021\352\270\033\227C\022\237)\215"
 242      DE86BA11 
 242      EAB81B97 
 242      43129F29 
 242      8D
 243 040d BA7190BA 		.ascii	"\272q\220\272q@pcp[g\003\002\316\203\220\"\227\037\375"
 243      71407063 
 243      705B6703 
 243      02CE8390 
 243      22971FFD 
 244 0421 3CA5685C 		.ascii	"<\245h\\\023fNQ\260\004W8\367\361\224\204\356S\256\303"
 244      13664E51 
 244      B0045738 
 244      F7F19484 
 244      EE53AEC3 
 245 0435 0F93BA30 		.ascii	"\017\223\2720\256b\\O7\317\307\233\343f\246hk\007\""
 245      AE625C4F 
 245      37CFC79B 
 245      E366A668 
 245      6B0722
 246 0448 15EF656A 		.ascii	"\025\357ejn\353\310\024\331\220|V\023\026\025\254\242"
 246      6EEBC814 
 246      D9907C56 
ARM GAS  C:\Users\mvshv\AppData\Local\Temp\cc9lK5f7.s 			page 19


 246      131615AC 
 246      A2
 247 0459 0BFE0198 		.ascii	"\013\376\001\230\003\237\211\322\304\020\324\374\227"
 247      039F89D2 
 247      C410D4FC 
 247      97
 248 0466 5C8686D1 		.ascii	"\\\206\206\321{\360h~GZ\205%\233\247\032\222}g\257\035"
 248      7BF0687E 
 248      475A8525 
 248      9BA71A92 
 248      7D67AF1D 
 249 047a 2DE1FA8C 		.ascii	"-\341\372\214)\350\261\005\017\312\021\323\243\354@"
 249      29E8B105 
 249      0FCA11D3 
 249      A3EC40
 250 0489 1FEFC84E 		.ascii	"\037\357\310N\262b\023Ys\232d\330\324\245%\255\002w"
 250      B2621359 
 250      739A64D8 
 250      D4A525AD 
 250      0277
 251 049b 720F76BE 		.ascii	"r\017v\276n\342\373T\210\222,\215\221\3368+\243\271"
 251      6EE2FB54 
 251      88922C8D 
 251      91DE382B 
 251      A3B9
 252 04ad FC9190CB 		.ascii	"\374\221\220\313'x~\213\317(\305\372\374\246\240\223"
 252      27787E8B 
 252      CF28C5FA 
 252      FCA6A093 
 253 04bd 741CE063 		.ascii	"t\034\340c\024>I\363\333#!\277\015\237\031N7\343\314"
 253      143E49F3 
 253      DB2321BF 
 253      0D9F194E 
 253      37E3CC
 254 04d0 4DC83C88 		.ascii	"M\310<\210\036\312\264\346\314\011\261\333\321\307c"
 254      1ECAB4E6 
 254      CC09B1DB 
 254      D1C763
 255 04df 149C29D9 		.ascii	"\024\234)\331\207#\357F\377\013\036d<\357\025\307\024"
 255      8723EF46 
 255      FF0B1E64 
 255      3CEF15C7 
 255      14
 256 04f0 F15DE331 		.ascii	"\361]\3431\301^N\352L\2620\312sN\3409\313x\026\036\031"
 256      C15E4EEA 
 256      4CB230CA 
 256      734EE039 
 256      CB78161E 
 257 0505 CE51C1D3 		.ascii	"\316Q\301\323\366\260\311#\321\016o\317v\370\022\335"
 257      F6B0C923 
 257      D10E6FCF 
 257      76F812DD 
 258 0515 7C81023F 		.ascii	"|\201\002?\240=\311\213\013\206\277@\016\346\302\216"
 258      A03DC98B 
 258      0B86BF40 
 258      0EE6C28E 
 259 0525 EB78E428 		.ascii	"\353x\344(\231\234\0130\260\247\372@\333\223!\031\330"
ARM GAS  C:\Users\mvshv\AppData\Local\Temp\cc9lK5f7.s 			page 20


 259      999C0B30 
 259      B0A7FA40 
 259      DB932119 
 259      D8
 260 0536 619EC12E 		.ascii	"a\236\301.`\317\367\325'@g\236\365\237\223v\356\206"
 260      60CFF7D5 
 260      2740679E 
 260      F59F9376 
 260      EE86
 261 0548 159E621D 		.ascii	"\025\236b\035\364\027<n\301\372\036\316\277{\201\356"
 261      F4173C6E 
 261      C1FA1ECE 
 261      BF7B81EE 
 262 0558 B78BD0C3 		.ascii	"\267\213\320\303s}\017\013\310H\027/\014w\3211\020\337"
 262      737D0F0B 
 262      C848172F 
 262      0C77D131 
 262      10DF
 263 056a B36AAB21 		.ascii	"\263j\253!\366\036C\3734\365\310K\032\2129!\024\207"
 263      F61E43FB 
 263      34F5C84B 
 263      1A8A3921 
 263      1487
 264 057c 6F1C7B44 		.ascii	"o\034{D\267\354\220\037f=\241\346\305c\205\330\372\322"
 264      B7EC901F 
 264      663DA1E6 
 264      C56385D8 
 264      FAD2
 265 058e 9BAC970D 		.ascii	"\233\254\227\015\304\036\343S2\235\234~.\367\315\352"
 265      C41EE353 
 265      329D9C7E 
 265      2EF7CDEA 
 266 059e 2C983E48 		.ascii	",\230>H\334\377b2\241C\305\003m\015\372\365\371\224"
 266      DCFF6232 
 266      A143C503 
 266      6D0DFAF5 
 266      F994
 267 05b0 594BFC94 		.ascii	"YK\374\224E\272\272\2472\214Gz3\2507#/\215\030\237\220"
 267      45BABAA7 
 267      328C477A 
 267      33A83723 
 267      2F8D189F 
 268 05c5 21721EE8 		.ascii	"!r\036\350\303r\312\363uzJ\247\\:!5r{\010;\201k\345"
 268      C372CAF3 
 268      757A4AA7 
 268      5C3A2135 
 268      727B083B 
 269 05dc B6C24334 		.ascii	"\266\302C4\221N\275\3701\237\217\342C\232-=\244\241"
 269      914EBDF8 
 269      319F8FE2 
 269      439A2D3D 
 269      A4A1
 270 05ee F3E35529 		.ascii	"\363\343U)\346\234%\331\021\256\267%\347\231\342e\306"
 270      E69C25D9 
 270      11AEB725 
 270      E799E265 
 270      C6
ARM GAS  C:\Users\mvshv\AppData\Local\Temp\cc9lK5f7.s 			page 21


 271 05ff F249F891 		.ascii	"\362I\370\221\005\276n\310\242\033n\234\373\336\332"
 271      05BE6EC8 
 271      A21B6E9C 
 271      FBDEDA
 272 060e 28CB7081 		.ascii	"(\313p\201\3451\3062eb~\331Z\312\362(\260\014\225\023"
 272      E531C632 
 272      65627ED9 
 272      5ACAF228 
 272      B00C9513 
 273 0622 78046519 		.ascii	"x\004e\031.\260Lh-\336\312B\365CNq\360@\333\325\305"
 273      2EB04C68 
 273      2DDECA42 
 273      F5434E71 
 273      F040DBD5 
 274 0637 5B3662F3 		.ascii	"[6b\363\307\345o0\277P\366\262\207\217:\035\223\251"
 274      C7E56F30 
 274      BF50F6B2 
 274      878F3A1D 
 274      93A9
 275 0649 51D115CD 		.ascii	"Q\321\025\315\367\301A\361\252\265\343\2536x\274\350"
 275      F7C141F1 
 275      AAB5E3AB 
 275      3678BCE8 
 276 0659 28C65A05 		.ascii	"(\306Z\005u\303\374\251#\307T\014\374\267$\307\025N"
 276      75C3FCA9 
 276      23C7540C 
 276      FCB724C7 
 276      154E
 277 066b 4FAA8CBA 		.ascii	"O\252\214\272!Fp\303I\346\206W\325\003\0316R7D\001\317"
 277      214670C3 
 277      49E68657 
 277      D5031936 
 277      52374401 
 278 0680 1394672C 		.ascii	"\023\224g,\345\031#\360,\251\234=#d\017\302s$o(\323"
 278      E51923F0 
 278      2CA99C3D 
 278      23640FC2 
 278      73246F28 
 279 0695 1C47321E 		.ascii	"\034G2\036\271\272\210z\036\216t\022\253\345\344\231"
 279      B9BA887A 
 279      1E8E7412 
 279      ABE5E499 
 280 06a5 544B1CC3 		.ascii	"TK\034\303\032\205@\332\362@\336zXV,\307\251\254\361"
 280      1A8540DA 
 280      F240DE7A 
 280      58562CC7 
 280      A9ACF1
 281 06b8 D5405494 		.ascii	"\325@T\224)\177\222\314\315\201\256\216bK\234\301\032"
 281      297F92CC 
 281      CD81AE8E 
 281      624B9CC1 
 281      1A
 282 06c9 CB461B6A 		.ascii	"\313F\033j\205'I\343\261\302\241\010%\316c\215\367\373"
 282      852749E3 
 282      B1C2A108 
 282      25CE638D 
 282      F7FB
ARM GAS  C:\Users\mvshv\AppData\Local\Temp\cc9lK5f7.s 			page 22


 283 06db C6C2AD71 		.ascii	"\306\302\255q\021S\352j\017\177\201/\263\373\246\007"
 283      1153EA6A 
 283      0F7F812F 
 283      B3FBA607 
 284 06eb DA9FB387 		.ascii	"\332\237\263\207\264$A\327d\025\247a\346\300t:\375/"
 284      B42441D7 
 284      6415A761 
 284      E6C0743A 
 284      FD2F
 285 06fd 5C0B0FB1 		.ascii	"\\\013\017\261\301U\024l3\260\0302`\211\326\263\353"
 285      C155146C 
 285      33B01832 
 285      6089D6B3 
 285      EB
 286 070e EDF50EB4 		.ascii	"\355\365\016\264\314\320h\203I\362\301\267\232\033\301"
 286      CCD06883 
 286      49F2C1B7 
 286      9A1BC1
 287 071d 95D5087D 		.ascii	"\225\325\010}+\267\205\221A\306\225\277\275\022Jp%8"
 287      2BB78591 
 287      41C695BF 
 287      BD124A70 
 287      2538
 288 072f 68237911 		.ascii	"h#y\021c\0174\372\301_0\214\011\266\221\031\304\300"
 288      630F34FA 
 288      C15F308C 
 288      09B69119 
 288      C4C0
 289 0741 C2224553 		.ascii	"\302\"ESH\204&\231g\356\000\240aK\006?\243hnZ\360>\212"
 289      48842699 
 289      67EE00A0 
 289      614B063F 
 289      A3686E5A 
 290 0758 944B6C2F 		.ascii	"\224Kl/r4!\022&%rD\212n\024\241\277\223\242S\345\022"
 290      72342112 
 290      26257244 
 290      8A6E14A1 
 290      BF93A253 
 291 076e 26432226 		.ascii	"&C\"&\011R&\247V\331\016\321\350\272\375\222(\232\314"
 291      095226A7 
 291      56D90ED1 
 291      E8BAFD92 
 291      289ACC
 292 0781 EA4C8E5E 		.ascii	"\352L\216^Y\022#\372QF\363\211\245\201=\034e\200\271"
 292      591223FA 
 292      5146F389 
 292      A5813D1C 
 292      6580B9
 293 0794 D3D41281 		.ascii	"\323\324\022\201\303\212A\005r\007\224%_\217\012A\316"
 293      C38A4105 
 293      72079425 
 293      5F8F0A41 
 293      CE
 294 07a5 81E4837C 		.ascii	"\201\344\203|\017\222\003R\014r\026$\033\244\010\344"
 294      0F920352 
 294      0C721624 
 294      1BA408E4 
ARM GAS  C:\Users\mvshv\AppData\Local\Temp\cc9lK5f7.s 			page 23


 295 07b5 0CC87990 		.ascii	"\014\310y\220\\\371z\272\2773\332\255\"\332)R\332\311"
 295      5CF97ABA 
 295      BF33DAAD 
 295      22DA2952 
 295      DAC9
 296 07c7 7ADA2CD1 		.ascii	"z\332,\321OO\332\006\003"
 296      4F4FDA06 
 296      03
 297 07d0 178292F1 		.ascii	"\027\202\222\361$\2577\3259mwR\243\251\337@\266L\364"
 297      24AF37D5 
 297      396D7752 
 297      A3A9DF40 
 297      B64CF4
 298 07e3 90874ED8 		.ascii	"\220\207N\330H\321\2504t\325\242\236\323\244=\207J\335"
 298      48D1A834 
 298      74D5A29E 
 298      D3A43D87 
 298      4ADD
 299 07f5 5BEDC7D0 		.ascii	"[\355\307\320\220\375P0G\0139\021\275F\222\320M\210"
 299      90FD5030 
 299      470B3911 
 299      BD4692D0 
 299      4D88
 300 0807 42172F0D 		.ascii	"B\027/\015]\2344\320\335\"t\222\024\235\250G\223\334"
 300      5D9C34D0 
 300      DD227492 
 300      149DA847 
 300      93DC
 301 0819 DC397003 		.ascii	"\3349p\003\341`%\335\004\017/\026\227)\321\333\016\006"
 301      E16025DD 
 301      040F2F16 
 301      9729D1DB 
 301      0E06
 302 082b 83844A21 		.ascii	"\203\204J!6\177\21581\317\217N\253\340\245\021\225\200"
 302      367F8D38 
 302      31CF8F4E 
 302      ABE0A511 
 302      9580
 303 083d C10BF295 		.ascii	"\301\013\362\225\015\226\304\201\362:6\266\330\204\305"
 303      0D96C481 
 303      F23A36B6 
 303      D884C5
 304 084c 87C812D1 		.ascii	"\207\310\022\321\204\202P\311\331k\027\224$;V\337NP"
 304      848250C9 
 304      D96B1794 
 304      243B56DF 
 304      4E50
 305 085e 89C1E404 		.ascii	"\211\301\344\004\250\007\227sp9\005\327F\366\305\362"
 305      A8079773 
 305      703905D7 
 305      46F6C5F2 
 306 086e ADEC1C39 		.ascii	"\255\354\0349\\\265<\270\036\316\367\301t\242\367\035"
 306      5CB53CB8 
 306      1ECEF7C1 
 306      74A2F71D 
 307 087e 9B76C611 		.ascii	"\233v\306\021\324!(zf.\306\304h\352\254\020R\247\023"
 307      D421287A 
ARM GAS  C:\Users\mvshv\AppData\Local\Temp\cc9lK5f7.s 			page 24


 307      662EC6C4 
 307      68EAAC10 
 307      52A713
 308 0891 CD9C4FB3 		.ascii	"\315\234O\263\362=X\342\004,O\234z\360\025\2328+\204"
 308      F23D58E2 
 308      042C4F9C 
 308      7AF0159A 
 308      382B84
 309 08a4 C4399432 		.ascii	"\3049\2242\324i\205\343X7\332\202\276~\2765'\020\012"
 309      D46985E3 
 309      5837DA82 
 309      BE7EBE35 
 309      27100A
 310 08b7 47B2076B 		.ascii	"G\262\007k\021Na\215\013\241\375\275\030\237fJ\316\354"
 310      114E618D 
 310      0BA1FDBD 
 310      189F664A 
 310      CEEC
 311 08c9 85104E36 		.ascii	"\205\020N6\212 g\242\343\302m\3609\326\230\222\372\362"
 311      8A2067A2 
 311      E3C26DF0 
 311      39D69892 
 311      FAF2
 312 08db C7B890DD 		.ascii	"\307\270\220\335\347\366\345\225\362\304\374\234l\243"
 312      E7F6E595 
 312      F2C4FC9C 
 312      6CA3
 313 08e9 D3DA9141 		.ascii	"\323\332\221A\376\340;\240\026]\321N\361O\037:\222\375"
 313      FEE03BA0 
 313      165DD14E 
 313      F14F1F3A 
 313      92FD
 314 08fb 96CE8DFE 		.ascii	"\226\316\215\376\010\227\261G\033\262./q6\244\213\223"
 314      0897B147 
 314      1BB22E2F 
 314      7136A48B 
 314      93
 315 090c B94B21C6 		.ascii	"\271K!\306?$4\010>\250g\333G\305|b\263B\272}\324\302"
 315      3F243408 
 315      3EA867DB 
 315      47C57C62 
 315      B342BA7D 
 316 0922 14AAA1D3 		.ascii	"\024\252\241\323\256\221z\241A\360\302\203\314\2329"
 316      AE917AA1 
 316      41F0C283 
 316      CC9A39
 317 0931 137ED824 		.ascii	"\023~\330$,C\357\304\374\024\353\030\215\357\332S\303"
 317      2C43EFC4 
 317      FC14EB18 
 317      8DEFDA53 
 317      C3
 318 0942 94B88E29 		.ascii	"\224\270\216)K\211Q:~~\036'\300\244\352\304}\3706k\033"
 318      4B89513A 
 318      7E7E1E27 
 318      C0A4EAC4 
 318      7DF8366B 
 319 0957 9D1F86E3 		.ascii	"\235\037\206\343y'S:'\372\007\370\2363H\200\343mg\306"
ARM GAS  C:\Users\mvshv\AppData\Local\Temp\cc9lK5f7.s 			page 25


 319      7927533A 
 319      27FA07F8 
 319      9E334880 
 319      E36D67C6 
 320 096b 94B89F23 		.ascii	"\224\270\237#\343**Ux\224)\035\2617O)\030\362\036A\276"
 320      E32A2A55 
 320      7894291D 
 320      B1374F29 
 320      18F21E41 
 321 0980 CE3BF3DA 		.ascii	"\316;\363\332\014O\262\306\211\304\266tk\374\204)\231"
 321      0C4FB2C6 
 321      89C4B674 
 321      6BFC8429 
 321      99
 322 0991 CF8A4BF8 		.ascii	"\317\212K\370f|\233 \227\253\027\356Y\341%\3268\326"
 322      667C9B20 
 322      97AB17EE 
 322      59E125D6 
 322      38D6
 323 09a3 9E176282 		.ascii	"\236\027b\202CM\250Rz\366B.G\326\023\344T\342L\273\015"
 323      434DA852 
 323      7AF6422E 
 323      47D613E4 
 323      54E24CBB 
 324 09b8 8E648D5D 		.ascii	"\216d\215]\361\341\223J\341\314\020\366C\316\014\265"
 324      F1E1934A 
 324      E1CC10F6 
 324      43CE0CB5 
 325 09c8 F7339378 		.ascii	"\3673\223x\020u\304\334\263+:\350+\226\231K\014\255"
 325      1075C4DC 
 325      B32B3AE8 
 325      2B96994B 
 325      0CAD
 326 09da 3E6A8293 		.ascii	">j\202\223\230r\"\244\377k\006\374\025h\307\023\262"
 326      987222A4 
 326      FF6B06FC 
 326      1568C713 
 326      B2
 327 09eb A34C5874 		.ascii	"\243LXt\007\311\256\374\2527\370\265\2345[\323\000\027"
 327      07C9AEFC 
 327      AA37F8B5 
 327      9C355BD3 
 327      0017
 328 09fd 36189FD5 		.ascii	"6\030\237\325\017\204\210\016\261\210\326i\237\327\255"
 328      0F84880E 
 328      B188D669 
 328      9FD7AD
 329 0a0c 3910DC87 		.ascii	"9\020\334\207\210\016\322\210\016\323\210>\020\"\232"
 329      880ED288 
 329      0ED3883E 
 329      10229A
 330 0a1b DF5CD7CB 		.ascii	"\337\\\327\313\375\037F&V\301\225\251c|\010O\3106\037"
 330      FD1F4626 
 330      56C195A9 
 330      637C084F 
 330      C8361F
 331 0a2e 5E375C68 		.ascii	"^7\\h\303\367]r8\311\013\355J\345g\225^\362|A\\\361"
ARM GAS  C:\Users\mvshv\AppData\Local\Temp\cc9lK5f7.s 			page 26


 331      C3F75D72 
 331      38C90BED 
 331      4AE56795 
 331      5EF27C41 
 332 0a44 1836CAED 		.ascii	"\0306\312\355\241\300m\234q+:\276\020k.\3456\006\334"
 332      A1C06D9C 
 332      712B3ABE 
 332      106B2EE5 
 332      3606DC
 333 0a57 4629B709 		.ascii	"F)\267\011\312\355\241\300m\342\351\310\262\012\247"
 333      CAEDA1C0 
 333      6DE2E9C8 
 333      B20AA7
 334 0a66 338FA594 		.ascii	"3\217\245\224\304|\201\317\262\373\374\331\3503\010"
 334      C47C81CF 
 334      B2FBFCD9 
 334      E83308
 335 0a75 173025EC 		.ascii	"\0270%\354\376\3216~\274xN\364\201\210\350fk\\\302\032"
 335      FED1367E 
 335      BC784EF4 
 335      8188E866 
 335      6B5CC21A 
 336 0a89 6BE393E3 		.ascii	"k\343\223\343\314\360E\246,?\354\312\344c\233!\372\354"
 336      CCF045A6 
 336      2C3FECCA 
 336      E4639B21 
 336      FAEC
 337 0a9b 526A39D7 		.ascii	"Rj9\327\355D\207\030;~\210\271\037\236|\012\341\253"
 337      ED448718 
 337      3B7E88B9 
 337      1F9E7C0A 
 337      E1AB
 338 0aad ECD9C984 		.ascii	"\354\331\311\204\210\020\033\243\343|*\214\363\"\233"
 338      88101BA3 
 338      E37C2A8C 
 338      F3229B
 339 0abc 08ED7D23 		.ascii	"\010\355}#\361\226\322q\316\3038\347\3508\237\321q>"
 339      F196D271 
 339      CEC338E7 
 339      E8389FD1 
 339      713E
 340 0ace 15C69935 		.ascii	"\025\306\2315Z\374\330L\214\356\225\277\001\3356zZ\313"
 340      5AFCD84C 
 340      8CEE95BF 
 340      01DD367A 
 340      5ACB
 341 0ae0 97FB6DFA 		.ascii	"\227\373m\372\301\224\177c\261e\337X\204\323\226\035"
 341      C1947F63 
 341      B165DF58 
 341      84D3961D 
 342 0af0 3F6DCD9F 		.ascii	"?m\315\237\210\352G\270\226\215\242z\256(\233?K\346"
 342      88EA47B8 
 342      968DA27A 
 342      AE289B3F 
 342      4BE6
 343 0b02 D960D4F5 		.ascii	"\331`\324\365e\343\203z%\014j\211\005\357iT\3216\351"
 343      65E3837A 
ARM GAS  C:\Users\mvshv\AppData\Local\Temp\cc9lK5f7.s 			page 27


 343      250C6A89 
 343      05EF6954 
 343      D136E9
 344 0b15 981681E5 		.ascii	"\230\026\201\345\013\312\3625e\371J`\231\230:q^.\035"
 344      0BCAF235 
 344      65F94A60 
 344      99983A71 
 344      5E2E1D
 345 0b28 93517444 		.ascii	"\223QtDMi-\237\205\365D\177Y\362}\256\02273\322\231"
 345      4D692D9F 
 345      85F5447F 
 345      59F27DAE 
 345      123733D2 
 346 0b3d C9E78A55 		.ascii	"\311\347\212U\270\235)\345\323y\345V|\211\021=\251\342"
 346      B89D29E5 
 346      D379E556 
 346      7C89113D 
 346      A9E2
 347 0b4f 4923DF1D 		.ascii	"I#\337\035T\242f;\336\\}\"\363\023\334c\362\0036\207"
 347      54A2663B 
 347      DE5C7D22 
 347      F313DC63 
 347      F2033687 
 348 0b63 A3988F76 		.ascii	"\243\230\217v\003\035lyi\346c\225t\264G\260=\322b\202"
 348      031D6C79 
 348      69E66395 
 348      74B447B0 
 348      3DD26282 
 349 0b77 0EC3B6C2 		.ascii	"\016\303\266\30234\213\006gu`\351h\215\242\317\215\246"
 349      33348B06 
 349      677560E9 
 349      688DA2CF 
 349      8DA6
 350 0b89 44F2287C 		.ascii	"D\362(|L^M^\234\236\260\302C\214\344\324\364R\2415\036"
 350      4C5E4D5E 
 350      9C9EB0C2 
 350      438CE4D4 
 350      F452A135 
 351 0b9e 634A45F9 		.ascii	"cJE\371\225Z>\270\015d\355\345_k\261\300\223\254m)*"
 351      955A3EB8 
 351      0D64EDE5 
 351      5F6BB1C0 
 351      93AC6D29 
 352 0bb3 ED82199E 		.ascii	"\355\202\031\236cJ\362|\337C>\223\035\310\2503\277;"
 352      634AF27C 
 352      DF433E93 
 352      1DC8A833 
 352      BF3B
 353 0bc5 698617F8 		.ascii	"i\206\027\370\254\217\012K4\305KL\211m\211\315\264\300"
 353      AC8F0A4B 
 353      34C54B4C 
 353      896D89CD 
 353      B4C0
 354 0bd7 C1A65479 		.ascii	"\301\246Ty9\036\333\305\223\264\245\350\235\305\216"
 354      391EDBC5 
 354      93B4A5E8 
 354      9DC58E
ARM GAS  C:\Users\mvshv\AppData\Local\Temp\cc9lK5f7.s 			page 28


 355 0be6 BFB3E8B2 		.ascii	"\277\263\350\262c\377\001\037e\320\273]\332K\034j\001"
 355      63FF011F 
 355      65D0BB5D 
 355      DA4B1C6A 
 355      01
 356 0bf7 6A48FED5 		.ascii	"jH\376\3252\245QW&\010\256<\205\251/\277=\237Ue\"}\253"
 356      32A55157 
 356      2608AE3C 
 356      85A92FBF 
 356      3D9F5565 
 357 0c0e 8E03EFC4 		.ascii	"\216\003\357\304R\357$R\357$\010\336i\031\215\270e!"
 357      52EF2452 
 357      EF2408DE 
 357      69198DB8 
 357      6521
 358 0c20 7D4B368A 		.ascii	"}K6\212\256l\355\375\004\037g$\237\266\364\336G8\212"
 358      AE6CEDFD 
 358      041F6724 
 358      9FB6F4DE 
 358      47388A
 359 0c33 29DAA686 		.ascii	")\332\246\206lS\034\313\224\311\234\346z\310\275L\031"
 359      6C531CCB 
 359      94C99CE6 
 359      7AC8BD4C 
 359      19
 360 0c44 1E5DBC88 		.ascii	"\036]\274\210q\032S\316Nf|k\206\263\230RW\320p\212\277"
 360      711A53CE 
 360      4E667C6B 
 360      86B39852 
 360      57D0708A 
 361 0c59 B5E593AD 		.ascii	"\265\345\223\255t\251\267\352\261%\367\310\317\310v"
 361      74A9B7EA 
 361      B125F7C8 
 361      CFC876
 362 0c68 77B3AAD9 		.ascii	"w\263\252\331\022\347R\360GS\017;\302\254\204w\016#"
 362      12E752F0 
 362      47530F3B 
 362      C2AC8477 
 362      0E23
 363 0c7a D7DBAC70 		.ascii	"\327\333\254pX]\233\241\211\205\023\370\364K\273\214"
 363      585D9BA1 
 363      898513F8 
 363      F44BBB8C 
 364 0c8a 10725A25 		.ascii	"\020rZ%se\006\216T\325Xt\004\237\226\036\330'\276\326"
 364      7365068E 
 364      54D55874 
 364      049F961E 
 364      D827BED6 
 365 0c9e 1FD8ABA5 		.ascii	"\037\330\253\245\350k\024}\011\211\216\253\177fp8\306"
 365      E86B147D 
 365      09898EAB 
 365      7F667038 
 365      C6
 366 0caf D0A3F02A 		.ascii	"\320\243\360*x\367*x,\034>[\277d'\320e\200\277\344\326"
 366      78F72A78 
 366      2C1C3E5B 
 366      BF6427D0 
ARM GAS  C:\Users\mvshv\AppData\Local\Temp\cc9lK5f7.s 			page 29


 366      6580BFE4 
 367 0cc4 85D58A9E 		.ascii	"\205\325\212\236K\271T\177\243\347R)\345rI\212^\024"
 367      4BB9547F 
 367      A3E75229 
 367      E572498A 
 367      5E14
 368 0cd6 31AF92A2 		.ascii	"1\257\222\242\257\256\242B\215\177\245\207OJ\341\251"
 368      AFAEA242 
 368      8D7FA587 
 368      4F4AE1A9 
 369 0ce6 6BE0137F 		.ascii	"k\340\023\177\322\303\217c\011<\034KN\361\335_\263q"
 369      D2C38F63 
 369      093C1C4B 
 369      4EF1DD5F 
 369      B371
 370 0cf8 C2B906D5 		.ascii	"\302\271\006\325q\343\302i\007\335\2202o=\244\267\235"
 370      71E3C269 
 370      07DD9032 
 370      6F3DA4B7 
 370      9D
 371 0d09 26B5ED24 		.ascii	"&\265\355$e\322*\362J\246\024}Ql\233x\274\233{|\001"
 371      65D22AF2 
 371      4AA6147D 
 371      516C9B78 
 371      BC9B7B7C 
 372 0d1e 983CE14C 		.ascii	"\230<\341L\204\234\317\337\335\0054\361\341\227\314"
 372      849CCFDF 
 372      DD0534F1 
 372      E197CC
 373 0d2d 36992B53 		.ascii	"6\231+S\206\235\"\236+\"\336)R&/\326\240\377\254G\267"
 373      869D229E 
 373      2B22DE29 
 373      52262FD6 
 373      A0FFAC47 
 374 0d42 496DDF91 		.ascii	"Im\337\221\276\0075~\243\237X\227\015\307~\225SD\301"
 374      BE07357E 
 374      A39F5897 
 374      0DC77E95 
 374      5344C1
 375 0d55 BF298537 		.ascii	"\277)\2057\255\231\266C_1\257\014\363\267,\002\027\316"
 375      AD99B643 
 375      5F31AF0C 
 375      F3B72C02 
 375      17CE
 376 0d67 2EFC0559 		.ascii	".\374\005Y\014o\345\360\011\376\366M\340\302q\002\215"
 376      0C6FE5F0 
 376      09FEF64D 
 376      E0C27102 
 376      8D
 377 0d78 AC213327 		.ascii	"\254!3'\362K\262a\277\210\341\215\242\231\370H\312}"
 377      F24BB261 
 377      BF88E18D 
 377      A299F848 
 377      CA7D
 378 0d8a 441AA289 		.ascii	"D\032\242\211\257\364!\032\220\242\373\326\274\177\177"
 378      AFF4211A 
 378      90A2FBD6 
ARM GAS  C:\Users\mvshv\AppData\Local\Temp\cc9lK5f7.s 			page 30


 378      BC7F7F
 379 0d99 B5FAFD7B 		.ascii	"\265\372\375{\025\372\310\232%$\012\321m)\272E\212n"
 379      15FAC89A 
 379      25240AD1 
 379      6D29BA45 
 379      8A6E
 380 0dab 14F9BCD9 		.ascii	"\024\371\274\331\260\317\305\213Y\204\276e\330\366\252"
 380      B0CFC58B 
 380      5984BE65 
 380      D8F6AA
 381 0dba 808AD65B 		.ascii	"\200\212\326[\264\324\207QX\012\037\022\301#\245\360"
 381      B4D48751 
 381      580A1F12 
 381      C123A5F0 
 382 0dca 6F57C3C9 		.ascii	"oW\303\311\007\222C\354\343K\022\206\367f\016\027r?"
 382      079243EC 
 382      E34B1286 
 382      F7660E17 
 382      723F
 383 0ddc 7F251151 		.ascii	"\177%\021Q\037\022Q\277n8'\032\370\210\001\346N\323"
 383      1F1251BF 
 383      6E38271A 
 383      F88801E6 
 383      4ED3
 384 0dee 8E099CBC 		.ascii	"\216\011\234\274\0347`\007\324\202\327\243\002\220&"
 384      1C376007 
 384      D482D7A3 
 384      029026
 385 0dfd 90769062 		.ascii	"\220v\220b\220r\020\035H3\310-\220\253 \327A\252@\362"
 385      9072101D 
 385      4833C82D 
 385      90AB20D7 
 385      41AA40F2 
 386 0e11 40DA40EE 		.ascii	"@\332@\356\200\334\000i\005\311\006)\004\251\007\311"
 386      80DC0069 
 386      05C90629 
 386      04A907C9 
 387 0e21 02B90952 		.ascii	"\002\271\011R\004\222\013r\021\244\014\3442H)\310%\220"
 387      04920B72 
 387      11A40CE4 
 387      324829C8 
 387      2590
 388 0e33 46900E90 		.ascii	"F\220\016\220\263 wA:AjAj@\276\007\271\015R\001R\011"
 388      B3207741 
 388      3A416A41 
 388      6A40BE07 
 388      B90D5201 
 389 0e49 7205A404 		.ascii	"r\005\244\004$\037\344\032\310\031\220:\220\034\220"
 389      241FE41A 
 389      C819903A 
 389      901C90
 390 0e58 73201740 		.ascii	"s \027@\316c\341\303\012\235a\"\317\2370\354y\321\354"
 390      CE63E1C3 
 390      0A9D6122 
 390      CF9F30EC 
 390      79D1EC
 391 0e6b AD162598 		.ascii	"\255\026%\230\303R\264\006K\035/\232\217\035R\307\267"
ARM GAS  C:\Users\mvshv\AppData\Local\Temp\cc9lK5f7.s 			page 31


 391      C352B406 
 391      4B1D2F9A 
 391      8F1D52C7 
 391      B7
 392 0e7c AF9933DD 		.ascii	"\257\2313\335\"x\247a\270\310\370\234(\252:\303\373"
 392      2278A761 
 392      B8C8F89C 
 392      28AA3AC3 
 392      FB
 393 0e8d 85F8B3D7 		.ascii	"\205\370\263\327\227\372|\224&E\317\212\250\260\317"
 393      97FA7C94 
 393      2645CF8A 
 393      A8B0CF
 394 0e9c 18AF9FB3 		.ascii	"\030\257\237\263\017H\000[\375\001\2118\341\331\222"
 394      0F48005B 
 394      FD018938 
 394      E1D992
 395 0eab 684BEE37 		.ascii	"hK\3567\274\206W\215K\224O\276\223:M+u\361\234\310\305"
 395      BC86578D 
 395      4B944FBE 
 395      933A4D2B 
 395      75F19CC8 
 396 0ec0 8F0DEFF7 		.ascii	"\217\015\357\367\253\366AQ\374b\244\306CW\357\340d\321"
 396      ABF64151 
 396      FC62A4C6 
 396      4357EFE0 
 396      64D1
 397 0ed2 1FD25B4F 		.ascii	"\037\322[O7\270W\2113\204\310\366I\303\213X\034\020"
 397      37B85789 
 397      3384C8F6 
 397      49C38B58 
 397      1C10
 398 0ee4 51F85A0D 		.ascii	"Q\370Z\015o\020\342\263\304\342\237XR>\006k8\224\033"
 398      6F10E2B3 
 398      C4E29F58 
 398      523E066B 
 398      38941B
 399 0ef7 17CEC228 		.ascii	"\027\316\302(D\352\225F\221W\202\015O\274U)\\\304<\302"
 399      44EA9546 
 399      9157820D 
 399      4FBC5529 
 399      5CC43CC2 
 400 0f0b F076BF2A 		.ascii	"\360v\277*\375\210\"\224j8Bb'.\212rx\217t\244\335\322"
 400      FD882294 
 400      6A384262 
 400      272E8A72 
 400      788F74A4 
 401 0f21 A9D72A3A 		.ascii	"\251\327*:c\335\223\242\357\256\335NDn\3542\014\027"
 401      63DD93A2 
 401      EFAEDD4E 
 401      446EEC32 
 401      0C17
 402 0f33 BEF2B50C 		.ascii	"\276\362\265\014\304\265(p\021=h\312_j\247\272Tk\276"
 402      C4B52870 
 402      113D68CA 
 402      5F6AA7BA 
 402      546BBE
ARM GAS  C:\Users\mvshv\AppData\Local\Temp\cc9lK5f7.s 			page 32


 403 0f46 F2F12C86 		.ascii	"\362\361,\206\272!y\375\177Mdl\311\366/\233\220/\217"
 403      BA2179FD 
 403      7F4D646C 
 403      C9F62F9B 
 403      902F8F
 404 0f59 5D30C87B 		.ascii	"]0\310{x\345\313#Y\300\354\013\306\335S\203\246\342"
 404      78E5CB23 
 404      59C0EC0B 
 404      C6DD5383 
 404      A6E2
 405 0f6b 8F895D22 		.ascii	"\217\211]\"\277\312P\017f\037\023I\371\201\243\243\323"
 405      BFCA500F 
 405      661F1349 
 405      F981A3A3 
 405      D3
 406 0f7c CACF3FD0 		.ascii	"\312\317?\320i\237\327~\247?\370\007\004\005:y\373\037"
 406      699FD77E 
 406      A73FF807 
 406      04053A79 
 406      FB1F
 407 0f8e 38E0EFE7 		.ascii	"8\340\357\347\344\354\276C\275\343\217N~\377\343\353"
 407      E4ECBE43 
 407      BDE38F4E 
 407      7EFFE3EB 
 408 0f9e EDE8     		.ascii	"\355\350"
 409 0fa0 ADFAD75F 		.ascii	"\255\372\327_\357Z\247\336\270Qf\356\351y\320\327/\350"
 409      EF5AA7DE 
 409      B85166EE 
 409      E979D0D7 
 409      2FE8
 410 0fb2 C34D9E41 		.ascii	"\303M\236A\237{\377\323\036\357}\276\237\371\006\006"
 410      9F7BFFD3 
 410      1EEF7DBE 
 410      9FF90606 
 411 0fc2 1DDCEBEB 		.ascii	"\035\334\353\353\277'\310\337\177\177\340\236\337\373"
 411      BF27C8DF 
 411      7F7FE09E 
 411      DFFB
 412 0fd0 1D5C47EF 		.ascii	"\035\\G\357\326y\005\034X\347s\3403\237\275{}\366\356"
 412      D679051C 
 412      58E773E0 
 412      339FBD7B 
 412      7DF6EE
 413 0fe3 D9ECB861 		.ascii	"\331\354\270a\335\246\015\0337\377\367G{\240\376\003"
 413      DDA60D1B 
 413      37FFF747 
 413      7BA0FE03 
 414 0ff3 3F7F3F9F 		.ascii	"?\177?\237\017|\274>\363\335\343\353\347"
 414      0F7CBC3E 
 414      F3DDE3EB 
 414      E7
 415 1000 BDFFE05E 		.ascii	"\275\377\340^\237=\007\274\300\226\237\317\036\317\275"
 415      9F3D07BC 
 415      C0969FCF 
 415      1ECFBD
 416 100f 3E9F7B1D 		.ascii	">\237{\035\334\037\344\031t\350\017>\201\216\373d*\241"
 416      DC1FE419 
ARM GAS  C:\Users\mvshv\AppData\Local\Temp\cc9lK5f7.s 			page 33


 416      74E80F3E 
 416      818EFB64 
 416      2AA1
 417 1021 BFFFFCAB 		.ascii	"\277\377\374\253\366\027x(p\217g`\320^0\016\235(\274"
 417      F6177828 
 417      708F6760 
 417      D05E300E 
 417      9D28BC
 418 1034 F77905BC 		.ascii	"\367y\005\274E\306\272\325\317\353\263\375>\273}\274"
 418      45C6BAD5 
 418      CFEBB3FD 
 418      3EBB7DBC 
 419 1044 83FC031C 		.ascii	"\203\374\003\034\377O>\222\375\015)]|\003\365\006\354"
 419      FF4F3E92 
 419      FD0D295D 
 419      7C03F506 
 419      EC
 420 1055 498D874F 		.ascii	"I\215\207O\220\307\241\300 \237\003\333\275\374\366"
 420      90C7A1C0 
 420      209F03DB 
 420      BDFCF6
 421 1064 EEF70970 		.ascii	"\356\367\011p\013\360\365\017\360\015:D\273S\357\367"
 421      0BF0F50F 
 421      F00D3A44 
 421      BB53EFF7 
 422 1074 F10A70F3 		.ascii	"\361\012p\363\361\003\036\2777\363\336\007\300\355^"
 422      F1031EBF 
 422      37F3DE07 
 422      C0ED5E
 423 1083 FB837E2A 		.ascii	"\373\203~*\3518 \310\211\363v\362\336\007t\255<=??\350"
 423      E93820C8 
 423      89F376F2 
 423      DE0774AD 
 423      3C3D3F3F 
 424 1098 E7EDE9E9 		.ascii	"\347\355\351\351\370\361\306_~\250\02243\367\255\036"
 424      F8F1C65F 
 424      7EA81234 
 424      33F7AD1E 
 425 10a8 5BDD776F 		.ascii	"[\335wou\371G\271\253\233\031\213\324\307\236A\246\274"
 425      75F947B9 
 425      AB9B198B 
 425      D4C79E41 
 425      A6BC
 426 10ba 5C69FE48 		.ascii	"\\i\376H\341\352\274\305}E\375P\341\252v\323\253\233"
 426      E1EABCC5 
 426      7D45FD50 
 426      E1AA76D3 
 426      AB9B
 427 10cc 14AE1E6E 		.ascii	"\024\256\036n\356*w\246m\204\306\255\372\306\015\320"
 427      EE2A77A6 
 427      6D84C6AD 
 427      FAC60DD0 
 428 10dc B8D55DE1 		.ascii	"\270\325]\341\261\323\325\375W\022\222\334'>\177\014"
 428      B1D3D5FD 
 428      571292DC 
 428      273E7F0C 
 429 10ec 227E7152 		.ascii	"\"~qR\357\360p\365pR\373\007\3708\271\012\334A\361\364"
ARM GAS  C:\Users\mvshv\AppData\Local\Temp\cc9lK5f7.s 			page 34


 429      EFF070F5 
 429      7052FB07 
 429      F838B90A 
 429      DC41F1F4 
 430 1100 3EB01946 		.ascii	">\260\031F`\366\353\335\256j\317\235\020\343\025\323"
 430      60F6EBDD 
 430      AE6ACF9D 
 430      10E315D3 
 431 1110 1F9B386F 		.ascii	"\037\2338o\337\342\241vW\250\235\325\356\344\336\015"
 431      DFE2A176 
 431      57A89DD5 
 431      EEE4DE0D 
 432 1120 0A979DEA 		.ascii	"\012\227\235\352\035P\270\322b\005\272\331\304E\255"
 432      1D50B8D2 
 432      6205BAD9 
 432      C445AD
 433 112f 76F5F88D 		.ascii	"v\365\370\215\212\024;v;\253\225p\343\361\033S\370'"
 433      8A143B76 
 433      3BAB9570 
 433      E3F11B53 
 433      F827
 434 1141 1A2F7741 		.ascii	"\032/wA\255+\255\245\030SWZ\356Z\261\362\013R\343\374"
 434      AD2BADA5 
 434      1853575A 
 434      EE5AB1F2 
 434      0B52E3FC 
 435 1155 E9A7BB94 		.ascii	"\351\247\273\224;vos\337D\3777\322\377\015J\265\033"
 435      3B766F73 
 435      DF44FF37 
 435      D2FF0D4A 
 435      B51B
 436 1167 21A1F6F0 		.ascii	"!\241\366\360\330\372)\024j\017W\027w\254\336\351\256"
 436      D8FA2914 
 436      6A0F5717 
 436      77ACDEE9 
 436      AE
 437 1178 547F0A77 		.ascii	"T\177\012w\246\256.\236\256\036\316@\313\305s\3076Z"
 437      A6AE2E9E 
 437      AE1ECE40 
 437      CBC573C7 
 437      365A
 438 118a 38B3C285 		.ascii	"8\263\302\205\025n\333\334\025\316\333<\334\025[\266"
 438      156EDBDC 
 438      15CEDB3C 
 438      DC155BB6 
 439 119a 39BB2B77 		.ascii	"9\273+w\354\200\177\205\013\321\267\223?5\374)=\266"
 439      EC807F85 
 439      0BD1B793 
 439      3F35FC29 
 439      3DB6
 440 11ac ABE1D663 		.ascii	"\253\341\326c\273\033\330U\273c\030\267\322\331\325"
 440      BB1BD855 
 440      BB6318B7 
 440      D2D9D5
 441 11bb 1D46BF7B 		.ascii	"\035F\277{\347\277\271\203\317\001\242v\333\345\352"
 441      E7BFB983 
 441      CF01A276 
ARM GAS  C:\Users\mvshv\AppData\Local\Temp\cc9lK5f7.s 			page 35


 441      DBE5EA
 442 11ca A274DE02 		.ascii	"\242t\336\002p\225\207z\013\365\326\377\002o\256`\206"
 442      7095877A 
 442      0BF5D6FF 
 442      026FAE60 
 442      86
 443              		.text
 444              		.section	.gnu.lto_.symtab.fb6a275d,"",%progbits
 445 0000 6E766963 		.ascii	"nvicEnableVector\000"
 445      456E6162 
 445      6C655665 
 445      63746F72 
 445      00
 446 0011 00       		.ascii	"\000"
 447 0012 00       		.ascii	"\000"
 448 0013 00       		.ascii	"\000"
 449 0014 00000000 		.ascii	"\000\000\000\000\000\000\000\000"
 449      00000000 
 450 001c D4000000 		.ascii	"\324\000\000\000"
 451 0020 6E766963 		.ascii	"nvicDisableVector\000"
 451      44697361 
 451      626C6556 
 451      6563746F 
 451      7200
 452 0032 00       		.ascii	"\000"
 453 0033 00       		.ascii	"\000"
 454 0034 00       		.ascii	"\000"
 455 0035 00000000 		.ascii	"\000\000\000\000\000\000\000\000"
 455      00000000 
 456 003d D8000000 		.ascii	"\330\000\000\000"
 457 0041 6E766963 		.ascii	"nvicSetSystemHandlerPriority\000"
 457      53657453 
 457      79737465 
 457      6D48616E 
 457      646C6572 
 458 005e 00       		.ascii	"\000"
 459 005f 00       		.ascii	"\000"
 460 0060 00       		.ascii	"\000"
 461 0061 00000000 		.ascii	"\000\000\000\000\000\000\000\000"
 461      00000000 
 462 0069 DA000000 		.ascii	"\332\000\000\000"
 463 006d 6E766963 		.ascii	"nvicClearPending\000"
 463      436C6561 
 463      7250656E 
 463      64696E67 
 463      00
 464 007e 00       		.ascii	"\000"
 465 007f 00       		.ascii	"\000"
 466 0080 00       		.ascii	"\000"
 467 0081 00000000 		.ascii	"\000\000\000\000\000\000\000\000"
 467      00000000 
 468 0089 DC000000 		.ascii	"\334\000\000\000"
 469 008d 63685379 		.ascii	"chSysHalt\000"
 469      7348616C 
 469      7400
 470 0097 00       		.ascii	"\000"
 471 0098 02       		.ascii	"\002"
ARM GAS  C:\Users\mvshv\AppData\Local\Temp\cc9lK5f7.s 			page 36


 472 0099 00       		.ascii	"\000"
 473 009a 00000000 		.ascii	"\000\000\000\000\000\000\000\000"
 473      00000000 
 474 00a2 E1000000 		.ascii	"\341\000\000\000"
 475              		.text
 476              		.section	.gnu.lto_.opts,"",%progbits
 477 0000 272D666D 		.ascii	"'-fmath-errno' '-fsigned-zeros' '-ftrapping-math' '"
 477      6174682D 
 477      6572726E 
 477      6F272027 
 477      2D667369 
 478 0033 2D666E6F 		.ascii	"-fno-trapv' '-fno-openmp' '-fno-openacc' '-mcpu=cor"
 478      2D747261 
 478      70762720 
 478      272D666E 
 478      6F2D6F70 
 479 0066 7465782D 		.ascii	"tex-m7' '-mno-thumb-interwork' '-mthumb' '-O2' '-fo"
 479      6D372720 
 479      272D6D6E 
 479      6F2D7468 
 479      756D622D 
 480 0099 6D69742D 		.ascii	"mit-frame-pointer' '-falign-functions=16' '-ffuncti"
 480      6672616D 
 480      652D706F 
 480      696E7465 
 480      72272027 
 481 00cc 6F6E2D73 		.ascii	"on-sections' '-fdata-sections' '-fno-common' '-flto"
 481      65637469 
 481      6F6E7327 
 481      20272D66 
 481      64617461 
 482 00ff 2700     		.ascii	"'\000"
 483              		.text
 484              		.comm	__gnu_lto_v1,1,1
 485              		.comm	__gnu_lto_slim,1,1
 486              		.ident	"GCC: (GNU Tools for Arm Embedded Processors 7-2017-q4-major) 7.2.1 20170904 (release) [ARM
ARM GAS  C:\Users\mvshv\AppData\Local\Temp\cc9lK5f7.s 			page 37


DEFINED SYMBOLS
                            *ABS*:00000000 nvic.c
                            *COM*:00000001 __gnu_lto_v1
                            *COM*:00000001 __gnu_lto_slim

NO UNDEFINED SYMBOLS
