ARM GAS  C:\Users\mvshv\AppData\Local\Temp\cc8sujE5.s 			page 1


   1              		.cpu cortex-m7
   2              		.eabi_attribute 20, 1
   3              		.eabi_attribute 21, 1
   4              		.eabi_attribute 23, 3
   5              		.eabi_attribute 24, 1
   6              		.eabi_attribute 25, 1
   7              		.eabi_attribute 26, 1
   8              		.eabi_attribute 30, 2
   9              		.eabi_attribute 34, 1
  10              		.eabi_attribute 18, 4
  11              		.file	"portab.c"
  12              		.section	.gnu.lto_.profile.fb6a0c39,"",%progbits
  13 0000 789C6363 		.ascii	"x\234cc```\001bF\006\0016\000\000\236\000\""
  13      60606001 
  13      62460601 
  13      3600009E 
  13      0022
  14              		.text
  15              		.section	.gnu.lto_.icf.fb6a0c39,"",%progbits
  16 0000 789C6363 		.ascii	"x\234cc``\340`@\000F\206\333\217_\355ba\000\000\020"
  16      6060E060 
  16      40004686 
  16      DB8F5FED 
  16      62610000 
  17 0015 BF0376   		.ascii	"\277\003v"
  18              		.text
  19              		.section	.gnu.lto_.jmpfuncs.fb6a0c39,"",%progbits
  20 0000 789C6363 		.ascii	"x\234cc``hf@\000F fc\234\302\314\370\353\351\321n\216"
  20      60606866 
  20      40004620 
  20      66639CC2 
  20      CCF8EBE9 
  21 0017 6EE639CC 		.ascii	"n\3469\314\014\214\015\007:\032X\03073\31200\036`ad"
  21      0C8C0D07 
  21      3A1A5818 
  21      3733CA30 
  21      301E6061 
  22 002c 00E21FFF 		.ascii	"\000\342\037\377\377\377\347gd\002*\233\326z\350<;D"
  22      FFFFE767 
  22      64022A9B 
  22      D67AE83C 
  22      3B44
  23 003e 1903E316 		.ascii	"\031\003\343\026F\0310\006\212\037\375\377\375\000?"
  23      46193006 
  23      8A1FFDFF 
  23      FD003F
  24 004d 489C9191 		.ascii	"H\234\221\221\211q+T+\023H;\003Hzk\373\231\215\\ i&"
  24      89712B54 
  24      2B13483B 
  24      03487A6B 
  24      FB998D5C 
  25 0064 4646C66D 		.ascii	"FF\306mPi\260\351\014\014\000\3712\"\374"
  25      5069B0E9 
  25      0C0C00F9 
  25      3222FC
  26              		.text
  27              		.section	.gnu.lto_.inline.fb6a0c39,"",%progbits
ARM GAS  C:\Users\mvshv\AppData\Local\Temp\cc8sujE5.s 			page 2


  28 0000 789C6363 		.ascii	"x\234cc``\220e@\000F\006\006\016\001F\006&\246\013\374"
  28      60609065 
  28      40004606 
  28      060E0146 
  28      0626A60B 
  29 0015 0C6C0BE4 		.ascii	"\014l\013\344\231@b,\274\014\014\314 \006\000'\026\001"
  29      9940622C 
  29      BC0C0CCC 
  29      20060027 
  29      1601
  30 0027 FC       		.ascii	"\374"
  31              		.text
  32              		.section	.gnu.lto_.pureconst.fb6a0c39,"",%progbits
  33 0000 789C6363 		.ascii	"x\234cc```\006bF\006)\000\000\177\000%"
  33      60606006 
  33      62460629 
  33      00007F00 
  33      25
  34              		.text
  35              		.section	.gnu.lto_portab_setup.fb6a0c39,"",%progbits
  36 0000 789C4D50 		.ascii	"x\234MP\317+DQ\024>\337\273o\336\274\031\311Zf\241d"
  36      CF2B4451 
  36      143EDFBB 
  36      6FDEBC19 
  36      C95A66A1 
  37 0015 61E315E2 		.ascii	"a\343\025\342\317\021\303\310B\204\224\325\273c\230"
  37      CF11C3C8 
  37      428494D5 
  37      BB6398
  38 0024 1FB1B030 		.ascii	"\037\261\26003\013/MY\260\221\344\347`\364\032\315N"
  38      330B2F4D 
  38      59B091E4 
  38      E760F41A 
  38      CD4E
  39 0036 9495120B 		.ascii	"\224\225\022\013\205\301dCi\224\341\334\231\232\234"
  39      85C16443 
  39      6994E1DC 
  39      999A9C
  40 0045 3ADD73CF 		.ascii	":\335s\317w\316\367}\367\032D\224\000Q;\237-\234\020"
  40      77CEF77D 
  40      F71A4494 
  40      00513B9F 
  40      2D9C10
  41 0058 046DF992 		.ascii	"\004m\371\222(lj\200*\244\011\2625\330X\022+\002\371"
  41      286C6A80 
  41      2AA409B2 
  41      35D85812 
  41      2B02F9
  42 006b D85356EB 		.ascii	"\330SV\353\330\220\034n\372\246Yn\272p\004Q\212S\005"
  42      D8901C6E 
  42      FAA6596E 
  42      BA700451 
  42      8A5305
  43 007e 76D1413C 		.ascii	"v\321A<\366\260SI6\032z\255\217=\030\304\032\264}\355"
  43      F6B05349 
  43      361A7AAD 
  43      8F3D18C4 
ARM GAS  C:\Users\mvshv\AppData\Local\Temp\cc8sujE5.s 			page 3


  43      1AB47DED 
  44 0092 7165E537 		.ascii	"qe\3457&\335\213u\224=:Q\234q\026\221.%\204\246\252"
  44      26DD8B75 
  44      943D3A51 
  44      9C711691 
  44      2E2584A6 
  45 00a7 884BAFC8 		.ascii	"\210K\257\310\177\026\313\206\332b\246\324B\376\312"
  45      7F16CB86 
  45      DA62A6D4 
  45      42FECA
  46 00b6 BB281C01 		.ascii	"\273(\034\001(\342\357\307\302\242Y\273J7.un\275\255"
  46      28E2EFC7 
  46      C2A259BB 
  46      4A372E75 
  46      6EBDAD
  47 00c9 6EDDF932 		.ascii	"n\335\3712X\013\263\247VGh8@\000\373\010\220\232\317"
  47      580BB3A7 
  47      56476838 
  47      4000FB08 
  47      909ACF
  48 00dc FE14724D 		.ascii	"\376\024rM\326\226\234\017+L\340\020\031$\253f\031\274"
  48      D6969C0F 
  48      2B4CE010 
  48      1924AB66 
  48      19BC
  49 00ee 3F4F4750 		.ascii	"?OGP\007u\034\301J\012\324\260\342\321s\264\241\216"
  49      07751CC1 
  49      4A0AD4B0 
  49      E2D173B4 
  49      A18E
  50 0100 79905598 		.ascii	"y\220U\230\246^s\014\213\361\302\357\227\333\244\214"
  50      A65E730C 
  50      8BF1C2EF 
  50      97DBA48C 
  51 0110 18D070C2 		.ascii	"\030\320p\302j%D3/\242\372V\245\233-\335z\355\037i:"
  51      6A254433 
  51      2FA2FA56 
  51      A59B2DDD 
  51      7AED1F69 
  52 0125 C29B529C 		.ascii	"\302\233R\2348\205M\312\332\377]\223ws\325\326~\354"
  52      38854DCA 
  52      DAFF5D93 
  52      7773D5D6 
  52      7EEC
  53 0137 62C7AF5A 		.ascii	"b\307\257Z>\000g\0108\302O\357\230\313|4T\031U\304\231"
  53      3E006708 
  53      38C24FEF 
  53      98CB7C34 
  53      541955C4 
  54 014c 867F883D 		.ascii	"\206\177\210=\264uZ\301\320\21055=\326\335\025\352\353"
  54      B4755AC1 
  54      D0883535 
  54      3DD6DD15 
  54      EAEB
  55 015e E9ED1F1A 		.ascii	"\351\355\037\032\235\012\216\317\014O\316Z\023\343\223"
  55      9D0A8ECF 
  55      0C4FCE5A 
ARM GAS  C:\Users\mvshv\AppData\Local\Temp\cc8sujE5.s 			page 4


  55      13E393
  56 016d D303839D 		.ascii	"\323\003\203\235A\372\003^\015\216\241"
  56      41FA035E 
  56      0D8EA1
  57              		.text
  58              		.section	.gnu.lto_.symbol_nodes.fb6a0c39,"",%progbits
  59 0000 789C6363 		.ascii	"x\234cc``\320\005b\006\246#L\365\014\014\023\31610\000"
  59      6060D005 
  59      6206A623 
  59      4CF50C0C 
  59      13CE3130 
  60 0015 A95D0D8E 		.ascii	"\251]\015\216\014\014\214G\231\352\031\301\"\014\014"
  60      0C0C8C47 
  60      99EA19C1 
  60      220C0C
  61 0024 0D0D0E0C 		.ascii	"\015\015\016\014\014\314\014\214\014G\036\374cd\000"
  61      0CCC0C8C 
  61      0C471EFC 
  61      636400
  62 0033 0005770B 		.ascii	"\000\005w\013`"
  62      60
  63              		.text
  64              		.section	.gnu.lto_.refs.fb6a0c39,"",%progbits
  65 0000 789C6363 		.ascii	"x\234cc```\004b\006\000\000D\000\010"
  65      60606004 
  65      62060000 
  65      440008
  66              		.text
  67              		.section	.gnu.lto_.decls.fb6a0c39,"",%progbits
  68 0000 789CAD56 		.ascii	"x\234\255V}PTU\024\177\347\335]\\\036\2132`\215SN\303"
  68      7D505455 
  68      147FE7DD 
  68      5D5C1E8B 
  68      32608D53 
  69 0016 1883FB4F 		.ascii	"\030\203\373O\273\200M6M\377\224\220:i0kM5\355\314\206"
  69      BB804D36 
  69      4DFF9490 
  69      3A69306B 
  69      4D35EDCC 
  70 002b ECA23B01 		.ascii	"\354\242;\001K\354\322\214\377=X\014?\023\010C\241\017"
  70      4BECD28C 
  70      FF3D580C 
  70      3F130843 
  70      A10F
  71 003d 13AD940F 		.ascii	"\023\255\224\017mB\010PX\021\025?\326\214\322LR\251"
  71      6D420850 
  71      5811153F 
  71      D68CD24C 
  71      52A9
  72 004f 04152105 		.ascii	"\004\025!\005\025\020\321\355\334w\337\356[\220\035"
  72      1510D1ED 
  72      DC77DFEE 
  72      5B901D
  73 005e 9DA6377B 		.ascii	"\235\2467{\366\335s\337\357\234\337\271\347\234{\337"
  73      F6DD73DF 
  73      EF9CDFB9 
  73      E79C7BDF 
ARM GAS  C:\Users\mvshv\AppData\Local\Temp\cc8sujE5.s 			page 5


  74 006e 0BE1384E 		.ascii	"\013\3418N\257\345\270D\236\343\266\340\330\213\027"
  74      AFE5B844 
  74      9EE3B6E0 
  74      D88B17
  75 007d 0EB98328 		.ascii	"\016\271\203(\004e\030e.\312(\307.\372\354\001\212\000"
  75      04651865 
  75      2ECA28C7 
  75      2EFAEC01 
  75      8A00
  76 008f DC43D77D 		.ascii	"\334C\327}\234\013\303\373\373\262\335\035\224.\224"
  76      9C0BC3FB 
  76      FBB2DD1D 
  76      942E94
  77 009e 309CD7A2 		.ascii	"0\234\327\242\304\3428\034\024\177\241\3008\206P\316"
  77      C4E2381C 
  77      147FA1C0 
  77      388650CE 
  78 00ae A19C7984 		.ascii	"\241\234y\204\377R\002\353\313\207\272\200\360@\307"
  78      FF5202EB 
  78      CB87BA80 
  78      F040C7
  79 00bd ADE3E7FB 		.ascii	"\255\343\347\3735\372j\221]\232\245\034\374\000\304"
  79      35FA6A91 
  79      5D9AA51C 
  79      FC00C4
  80 00cc 07FCB960 		.ascii	"\007\374\271`\357\347d=\201H\001T\250\016z\312\377\236"
  80      EFE7643D 
  80      81480154 
  80      A80E7ACA 
  80      FF9E
  81 00de 8EEA4C01 		.ascii	"\216\352L\001\242\003\324H\246\356\365\226v\207\023"
  81      A203D448 
  81      A6EEF596 
  81      768713
  82 00ed BDE4F542 		.ascii	"\275\344\365B\307\256*j8W\000\232\213\0318\265\247\277"
  82      C7AE2A6A 
  82      3857009A 
  82      8B1938B5 
  82      A7BF
  83 00ff F16E389B 		.ascii	"\361n8\233\242\210\316MC;\246\221yt\314_\372\375\336"
  83      A288CE4D 
  83      433BA691 
  83      7974CC5F 
  83      FAFDDE
  84 0112 1FD341D0 		.ascii	"\037\323A\320\255\021\305|q\233K\014]\304A=\314\206"
  84      AD11C57C 
  84      719B4B0C 
  84      5DC4413D 
  84      CC86
  85 0124 7D309B83 		.ascii	"}0\233\203\003\240\2436u\240\347\240\011'\033q\362\033"
  85      03A0A336 
  85      75A0E7A0 
  85      09271B71 
  85      F21B
  86 0136 1AAB7B64 		.ascii	"\032\253{ddnq\241(\362\260\037\004h\006\"a8\016\321"
  86      646E71A1 
  86      28F2B01F 
ARM GAS  C:\Users\mvshv\AppData\Local\Temp\cc8sujE5.s 			page 6


  86      04680622 
  86      61380ED1 
  87 014a 2CFA5D3B 		.ascii	",\372];\212\267\207\220\235 q4W\364\034\346\203q\270"
  87      8AB78790 
  87      9D207134 
  87      57F41CE6 
  87      8371B8
  88 015d 8373D4CC 		.ascii	"\203s\324\3149\262\232r\264\"G\213\302\201\224\214d"
  88      39B29A72 
  88      B422478B 
  88      C281948C 
  88      64
  89 016e 4BE7F749 		.ascii	"K\347\367I\002:u=\226S4\370\247\240\247;\214em\026\252"
  89      023A753D 
  89      965334F8 
  89      A7A0A73B 
  89      8C656D16 
  90 0183 7FE5D775 		.ascii	"\177\345\327u\204\223u\254\030\033K\333\332T\244\210"
  90      849375AC 
  90      181B4BDB 
  90      DA54A488 
  91 0193 29955B8B 		.ascii	")\225[\213\013\325d3Sv\225\024\355\025H\031S:o\236\374"
  91      0BD56433 
  91      53769514 
  91      ED154819 
  91      533A6F9E 
  92 01a8 228CD521 		.ascii	"\"\214\325!\002\325\303\336\021\367\014\346\221\247"
  92      02D5C3DE 
  92      11F70CE6 
  92      91A7
  93 01b6 11EDFE6D 		.ascii	"\021\355\376m,\224le\320\235c\367n\322B\304\322B\220"
  93      2C946C65 
  93      D09D63F7 
  93      6ED242C4 
  93      D24290
  94 01c9 8032C4B2 		.ascii	"\2002\304\2622\264\2368\366\215\226|%\201\371\332\362"
  94      32B49E38 
  94      F68D967C 
  94      2581F9DA 
  94      F2
  95 01da F1F119BE 		.ascii	"\361\361\031\276\034\025\271D\265\216\203\243\030y\007"
  95      1C15B944 
  95      B58E83A3 
  95      187907
  96 01e9 5DCE295C 		.ascii	"]\316)\\N\254\274\234\0238y\\\311Q\3033\215\242\030"
  96      4EACBC9C 
  96      1338795C 
  96      C951C333 
  96      8DA218
  97 01fc 011E4CD1 		.ascii	"\001\036L\321I%E\261r\206Z\212\273z\005\262\233Q\344"
  97      492545B1 
  97      72865A8A 
  97      BB7A05B2 
  97      9B51E4
  98 020f 9FDE7C2B 		.ascii	"\237\336|+(\305\317\301)j\022\332\2452\234F\216\237"
  98      28C5CFC1 
  98      296A12DA 
ARM GAS  C:\Users\mvshv\AppData\Local\Temp\cc8sujE5.s 			page 7


  98      A5329C46 
  98      8E9F
  99 0221 140E8FAF 		.ascii	"\024\016\217\257\014\371\243\333\367k\310\017\022\211"
  99      0CF9A3DB 
  99      F76BC80F 
  99      1289
 100 022f 6AF8BB7D 		.ascii	"j\370\273}g\247CTL\214\256\230Z\027\241\000\257T\206"
 100      67A74354 
 100      4C8CAE98 
 100      5A17A100 
 100      AF5486
 101 0242 835F208A 		.ascii	"\203_ \212z\200\263H\370+\304\300\031\210\221Z~;\215"
 101      7A80B348 
 101      F82BC4C0 
 101      1988915A 
 101      7E3B8D
 102 0255 CAED3D15 		.ascii	"\312\355=\025W1tY\024\327i%\272N\244\243\006\3760\015"
 102      57317459 
 102      14D76925 
 102      BA4EA4A3 
 102      06FE300D 
 103 0269 D445FC6C 		.ascii	"\324E\374l?\276\357\351\255\242;\237H\340cS\202\217"
 103      3FBEEFE9 
 103      ADA23B9F 
 103      48E06353 
 103      828F
 104 027b 52567929 		.ascii	"RVy)\027+\004\334g\024\304\311\253`\233Mu\264\355z\235"
 104      172B04DC 
 104      6714C4C9 
 104      AB609B4D 
 104      75B4ED7A 
 105 0290 00313133 		.ascii	"\000113u\314\355\331\212\310J\227\330\021'\265\336a"
 105      75CCEDD9 
 105      8AC84A97 
 105      D81127B5 
 105      DE61
 106 02a2 F4FB3BCC 		.ascii	"\364\373;\314T\272kB\020\350v\270bz\236\024\005e?\022"
 106      54BA6B42 
 106      10E876B8 
 106      627A9E14 
 106      05653F12 
 107 02b6 1C5D42D1 		.ascii	"\034]B\321\330\252\"\250\0023B\3214#\3471#\277aF\316"
 107      D8AA22A8 
 107      023342D1 
 107      3423E731 
 107      23BF6146 
 108 02cb C9196131 		.ascii	"\311\031a1\237\252\230\225\207\026\02451h\3604\225\324"
 108      9FAA9895 
 108      87161435 
 108      3168F034 
 108      95D4
 109 02dd 85CE44A7 		.ascii	"\205\316D\247y\301\235r\023<\006\364o$\353\337\202C"
 109      79C19D72 
 109      133C06F4 
 109      6F24EBDF 
 109      8243
 110 02ef 67F669C9 		.ascii	"g\366i\311\015\326\260='\366\344k\310-\246\2247\337"
ARM GAS  C:\Users\mvshv\AppData\Local\Temp\cc8sujE5.s 			page 8


 110      0DD6B03D 
 110      27F6E46B 
 110      C82DA694 
 110      37DF
 111 0301 3EAE6640 		.ascii	">\256f@\015\252_zjO\250\311\010{\326\\U\333\311\223"
 111      0DAA5F7A 
 111      6A4FA8C9 
 111      087BD65C 
 111      55DBC993 
 112 0315 FB4CA96E 		.ascii	"\373L\251n\274\271\036\310j\")\203\205{\234d\003\033"
 112      BCB91EC8 
 112      6A222983 
 112      857B9C64 
 112      031B
 113 0327 57DCBA70 		.ascii	"W\334\272p-\224y\320\241\272\351\364W]\032\266s\334"
 113      2D9479D0 
 113      A1BAE9F4 
 113      575D1AB6 
 113      73DC
 114 0339 74AF8C7E 		.ascii	"t\257\214~}\271\204'%\022V\273\341\264\353'5\026\000"
 114      7DB98427 
 114      251256BB 
 114      E1B4EB27 
 114      351600
 115 034c AFA8181D 		.ascii	"\257\250\030\035\275m\027\013\\\242\273\267\\.\304A"
 115      BD6D170B 
 115      5CA2BBB7 
 115      5C2EC441 
 116 035c 2CC45F98 		.ascii	",\304_\230\332~L\361\304\324\326\003\253\004\205\267"
 116      DA7E4CF1 
 116      C4D4D603 
 116      AB0485B7 
 117 036c 3D5D2EBA 		.ascii	"=].\272\013\210\204\2760\031\375\007L\206\217=\245\300"
 117      0B8884BE 
 117      3019FD07 
 117      4C868F3D 
 117      A5C0
 118 037e 2F4E0D8F 		.ascii	"/N\015\217W\320C\001\350\356\311\350K\0179o\233\255"
 118      57D04301 
 118      E8EEC9E8 
 118      4B0F396F 
 118      9BAD
 119 0390 C00F4D86 		.ascii	"\300\017M\206\267\005\300\225\215\202\025\354A\304e"
 119      B705C095 
 119      8D8215EC 
 119      41C465
 120 039f E961BFBC 		.ascii	"\351a\277\274Q\376\301\266\270\201E\274\2022\210\322"
 120      51FEC1B6 
 120      B88145BC 
 120      823288D2 
 121 03af 87720DE5 		.ascii	"\207r\015\345*\312\020\312u\224\001\224\233\376\215"
 121      2ACA10CA 
 121      75940194 
 121      9BFE8D
 122 03be 44D98F07 		.ascii	"D\331\217\007\260\3778\231\275AY\232\334d\345\221R\223"
 122      B0FF3899 
 122      BD41599A 
ARM GAS  C:\Users\mvshv\AppData\Local\Temp\cc8sujE5.s 			page 9


 122      DC64E591 
 122      5293
 123 03d0 F54FDC19 		.ascii	"\365O\334\031\314\325\305\300\032\374=e\015\002\262"
 123      CCD5C5C0 
 123      1AFC3D65 
 123      0D02B2
 124 03df D41940DC 		.ascii	"\324\031@\334;5q`\226\372\002\222\372\347\324I\3659"
 124      3B357160 
 124      96FA0292 
 124      FAE7D449 
 124      F539
 125 03f1 C73DF6A0 		.ascii	"\307=\366\240B`\360.l\357\366\251\223*\301\261\277\334"
 125      4260F02E 
 125      6CEFF6A9 
 125      932AC1B1 
 125      BFDC
 126 0403 9ED13A35 		.ascii	"\236\321:5)\223\372\213o\251\337y`\032\350\242\344s"
 126      2993FA8B 
 126      6FA9DF79 
 126      601AE8A2 
 126      E473
 127 0415 E0F3107A 		.ascii	"\340\363\020z\016\334A\343[\312\201F\027\037\244\032"
 127      0EDC41E3 
 127      5BCA8146 
 127      171FA41A 
 128 0425 701B8BF0 		.ascii	"p\033\213\360_\013\202\261|Q[;H\264\353\374\357?\211"
 128      5F0B82B1 
 128      7C515B3B 
 128      48B4EBFC 
 128      EF3F89
 129 0438 5AD9ACC3 		.ascii	"Z\331\254\303\240\365\005\201C\304\357\366\354\032W"
 129      A0F50581 
 129      43C4EFF6 
 129      EC1A57
 130 0447 911D2CF6 		.ascii	"\221\035,\366\341\366+\225\232`\257\317\273A_\2377\006"
 130      E1F62B95 
 130      9A60AFCF 
 130      BB415F9F 
 130      3706
 131 0459 5EFEF157 		.ascii	"^\376\361WQ\214\206QL\355\210\262\314V\351\334\246\263"
 131      518C8651 
 131      4CED88B2 
 131      CC56E9DC 
 131      A6B3
 132 046b 48D474F0 		.ascii	"H\324t\360@k\330%\334+\370\331\002\021R\270\000\354"
 132      406BD825 
 132      DC2BF8D9 
 132      021152B8 
 132      00EC
 133 047d 1FEF5424 		.ascii	"\037\357T$\335\353\273\200\315\343,\317n2\224*>\023"
 133      DDEBBB80 
 133      CDE32CCF 
 133      6E32942A 
 133      3E13
 134 048f F0CFF0B2 		.ascii	"\360\317\360\262\017\336\347W\372\311\016 \320+{\316"
 134      0FDEE757 
 134      FAC90E20 
ARM GAS  C:\Users\mvshv\AppData\Local\Temp\cc8sujE5.s 			page 10


 134      D02B7BCE 
 135 049f E87C17C7 		.ascii	"\350|\027\307\360,\036\305\216M\361\012Y\200\311C\261"
 135      F02C1EC5 
 135      8E4DF10A 
 135      5980C943 
 135      B1
 136 04b0 72FEC7FE 		.ascii	"r\376\307\376\240\224E\202\\\235\252\366B\217\320\215"
 136      A0944582 
 136      5C9DAAF6 
 136      428FD08D 
 137 04c0 270007EF 		.ascii	"'\000\007\357p\\\221&S:\276\212\012\016\036S\221^v\226"
 137      705C9126 
 137      533ABE8A 
 137      0A0E1E53 
 137      915E7696 
 138 04d4 556FF096 		.ascii	"Uo\360\226\252g}&\365\206K\214\340\341\375'\375\357"
 138      AA677D26 
 138      F5864B8C 
 138      E0E1FD27 
 138      FDEF
 139 04e6 190EEEC3 		.ascii	"\031\016\356\303,\374\317R1w\215-=\325\341s\266\211"
 139      2CFCCF52 
 139      31778D2D 
 139      3DD5E173 
 139      B689
 140 04f8 DBBA45F7 		.ascii	"\333\272E\367\245\007q\275u\242\210\357OQEa0\256\024"
 140      A50771BD 
 140      75A288EF 
 140      4F514561 
 140      30AE14
 141 050b 629C7EEC 		.ascii	"b\234~\354\301=<K`\014[\235\203\0070\007\315\007v\272"
 141      C13D3C4B 
 141      600C5B9D 
 141      83073007 
 141      CD0776BA 
 142 051f 3E9D41CA 		.ascii	">\235A\312T\022oCG\353\032A\305\263zQ\006zf\267\017"
 142      54126F43 
 142      47EB1A41 
 142      C5B37A51 
 142      067A66B7 
 143 0534 1787931A 		.ascii	"\027\207\223\032\011\300\367\336-\250\013\013\326\034"
 143      09C0F7DE 
 143      2DA80B0B 
 143      D61C
 144 0542 2E3E7873 		.ascii	".>xs\350Xs\344\363\002\344\361\223\232\003I\274[?\251"
 144      E85873E4 
 144      F302E4F1 
 144      939A0349 
 144      BC5B3FA9 
 145 0556 0C918829 		.ascii	"\014\221\210)B\344%\346\206\265[\256\204\223&\306|\356"
 145      42E425E6 
 145      86B55BAE 
 145      849326C6 
 145      7CEE
 146 0568 6ACBC034 		.ascii	"j\313\3004\320\352\202t5\024\"\271\322\330\3629\323"
 146      D0EA8274 
 146      351422B9 
ARM GAS  C:\Users\mvshv\AppData\Local\Temp\cc8sujE5.s 			page 11


 146      D2D8F239 
 146      D3
 147 0579 1C41DF54 		.ascii	"\034A\337T\3601\257\205\325\012+\302\030\353\311\363"
 147      F031AF85 
 147      D50A2BC2 
 147      18EBC9F3 
 148 0589 476AD872 		.ascii	"Gj\330r)\242\200\261\346]\035\273\036\0224\367ky\232"
 148      29A280B1 
 148      E65D1DBB 
 148      1E1234F7 
 148      6B799A
 149 059c FB35BC9C 		.ascii	"\3735\274\234\374\262\315wk\324\230\374n\3126\036\361"
 149      FCB2CD77 
 149      6BD498FC 
 149      6ECA361E 
 149      F1
 150 05ad B56B9B8E 		.ascii	"\265k\233\216B\300\253\344\335+\177d\303:\236\346\273"
 150      42C0ABE4 
 150      DD2B7F64 
 150      C33A9EE6 
 150      BB
 151 05be DC557439 		.ascii	"\334Ut94\252\230\276F\203~\255p\023>U`=\037\205\206"
 151      34AA98BE 
 151      46837EAD 
 151      70133E55 
 151      603D1F85 
 152 05d3 7D839EAA 		.ascii	"}\203\236\252P\366\375\3718_S\260\201\247;\256\362\333"
 152      50F6FDF9 
 152      385F53B0 
 152      81A73BAE 
 152      F2DB
 153 05e5 FA5FF8C0 		.ascii	"\372_\370\300\243\200F\247\020n\344\265\022\005\275"
 153      A38046A7 
 153      106EE4B5 
 153      1205BD
 154 05f4 CFD11BD2 		.ascii	"\317\321\033\322\322W\030\034\316\314y\011\351\363\237"
 154      D257181C 
 154      CECC7909 
 154      E9F39F
 155 0603 7FC16CB1 		.ascii	"\177\301l\2619\322\354\037YsV\031\262\3559\316\324\345"
 155      39D2EC1F 
 155      59735619 
 155      B2ED39CE 
 155      D4E5
 156 0615 FA34CDC2 		.ascii	"\3724\315\3027\336\212^\020\037\317\251^y\315\270D0"
 156      37DE8A5E 
 156      101FCFA9 
 156      5E79CDB8 
 156      4430
 157 0627 9B736D59 		.ascii	"\233smY\316y\011fgz\332K\246\264\225\266\3456\2073\327"
 157      CE790966 
 157      677ADA4B 
 157      A6B495B6 
 157      E5368733 
 158 063c 62B39B9C 		.ascii	"b\263\233\234v{\206\303\264\"+7Z\032E\247\346dF[3\227"
 158      767B86C3 
 158      B4222B37 
ARM GAS  C:\Users\mvshv\AppData\Local\Temp\cc8sujE5.s 			page 12


 158      5A1A45A7 
 158      E664465B 
 159 0652 5B2D16AB 		.ascii	"[-\026\253\3054_\037\027\235\020\027?\377\303\347M8"
 159      C5345F1F 
 159      179D1017 
 159      3FFFC3E7 
 159      4D38
 160 0664 FF5C963D 		.ascii	"\377\\\226=\313\372\2345u\271\315d\313J\313\310\265"
 160      CBFA9C35 
 160      75B9CD64 
 160      CB4ACBC8 
 160      B5
 161 0675 584D99A9 		.ascii	"XM\231\251\350+\313j2[\254\351\251\271\031N\263sU\266"
 161      E82BCB6A 
 161      325BACE9 
 161      A9B9194E 
 161      B37355B6 
 162 0689 D5A15FC9 		.ascii	"\325\241_\311i||\357\375\257|\216U\016\223\331\341\264"
 162      697C7CEF 
 162      FDAF7C8E 
 162      550E93D9 
 162      E1B4
 163 069b A0732451 		.ascii	"\240s$Q/I^\360\272Q\365\3522\243\021\336\206E\352\264"
 163      2F495EF0 
 163      BA51F5EA 
 163      32A311DE 
 163      8645EAB4 
 164 06af 0C6B6A8E 		.ascii	"\014kj\216\274\326\370\027\314N\215o@\034V\347|\275"
 164      BCD6F817 
 164      CC4E8D6F 
 164      401C56E7 
 164      7CBD
 165 06c1 DEE0FFD9 		.ascii	"\336\340\377\331\035\206\225\251\031R\266\034\206eo"
 165      1D8695A9 
 165      1952B61C 
 165      86656F
 166 06d0 2E9D9760 		.ascii	".\235\227`X\262$\321\2600eq\362G\011,\261\346\025\331"
 166      58B224D1 
 166      B0306571 
 166      F247092C 
 166      B1E615D9 
 167 06e4 363B9290 		.ascii	"6;\222\220\344D#Y\234hT\247\274\225\222h\234\226\274"
 167      E4442359 
 167      9C6854A7 
 167      BC959268 
 167      9C96BC
 168 06f7 2C252929 		.ascii	",%))\321\030\222\374\346\273)IF\365\322\344\304$#\315"
 168      D11892FC 
 168      E6BB2949 
 168      46F5D2E4 
 168      C42423CD 
 169 070b F122AD62 		.ascii	"\361\"\255b\205\3146{\246\335b5;_||V|d\316F\311\310"
 169      85CC367B 
 169      A6DD6235 
 169      3B5F7C7C 
 169      567C64CE 
 170 0722 B020AD96 		.ascii	"\260 \255\226U\322\214\221\347f?\373\350\202sO\370\214"
ARM GAS  C:\Users\mvshv\AppData\Local\Temp\cc8sujE5.s 			page 13


 170      55D28C91 
 170      E7663FFB 
 170      E882734F 
 170      F88C
 171 0734 A9C98A1C 		.ascii	"\251\311\212\034{n6\215@k\263SDf\252\343\003\263S`\212"
 171      7B6E368D 
 171      406BB353 
 171      4466AAE3 
 171      03B35360 
 172 0749 CD6276FE 		.ascii	"\315bv\376\013k\240\037\376"
 172      0B6BA01F 
 172      FE
 173              		.text
 174              		.section	.gnu.lto_.symtab.fb6a0c39,"",%progbits
 175 0000 706F7274 		.ascii	"portab_setup\000"
 175      61625F73 
 175      65747570 
 175      00
 176 000d 00       		.ascii	"\000"
 177 000e 00       		.ascii	"\000"
 178 000f 00       		.ascii	"\000"
 179 0010 00000000 		.ascii	"\000\000\000\000\000\000\000\000"
 179      00000000 
 180 0018 FE000000 		.ascii	"\376\000\000\000"
 181 001c 5F70616C 		.ascii	"_pal_lld_setgroupmode\000"
 181      5F6C6C64 
 181      5F736574 
 181      67726F75 
 181      706D6F64 
 182 0032 00       		.ascii	"\000"
 183 0033 02       		.ascii	"\002"
 184 0034 00       		.ascii	"\000"
 185 0035 00000000 		.ascii	"\000\000\000\000\000\000\000\000"
 185      00000000 
 186 003d 0A010000 		.ascii	"\012\001\000\000"
 187              		.text
 188              		.section	.gnu.lto_.opts,"",%progbits
 189 0000 272D666D 		.ascii	"'-fmath-errno' '-fsigned-zeros' '-ftrapping-math' '"
 189      6174682D 
 189      6572726E 
 189      6F272027 
 189      2D667369 
 190 0033 2D666E6F 		.ascii	"-fno-trapv' '-fno-openmp' '-fno-openacc' '-mcpu=cor"
 190      2D747261 
 190      70762720 
 190      272D666E 
 190      6F2D6F70 
 191 0066 7465782D 		.ascii	"tex-m7' '-mno-thumb-interwork' '-mthumb' '-O2' '-fo"
 191      6D372720 
 191      272D6D6E 
 191      6F2D7468 
 191      756D622D 
 192 0099 6D69742D 		.ascii	"mit-frame-pointer' '-falign-functions=16' '-ffuncti"
 192      6672616D 
 192      652D706F 
 192      696E7465 
 192      72272027 
ARM GAS  C:\Users\mvshv\AppData\Local\Temp\cc8sujE5.s 			page 14


 193 00cc 6F6E2D73 		.ascii	"on-sections' '-fdata-sections' '-fno-common' '-flto"
 193      65637469 
 193      6F6E7327 
 193      20272D66 
 193      64617461 
 194 00ff 2700     		.ascii	"'\000"
 195              		.text
 196              		.comm	__gnu_lto_v1,1,1
 197              		.comm	__gnu_lto_slim,1,1
 198              		.ident	"GCC: (GNU Tools for Arm Embedded Processors 7-2017-q4-major) 7.2.1 20170904 (release) [ARM
ARM GAS  C:\Users\mvshv\AppData\Local\Temp\cc8sujE5.s 			page 15


DEFINED SYMBOLS
                            *ABS*:00000000 portab.c
                            *COM*:00000001 __gnu_lto_v1
                            *COM*:00000001 __gnu_lto_slim

NO UNDEFINED SYMBOLS
