ARM GAS  C:\Users\mvshv\AppData\Local\Temp\ccN4Ivtc.s 			page 1


   1              		.cpu cortex-m7
   2              		.eabi_attribute 20, 1
   3              		.eabi_attribute 21, 1
   4              		.eabi_attribute 23, 3
   5              		.eabi_attribute 24, 1
   6              		.eabi_attribute 25, 1
   7              		.eabi_attribute 26, 1
   8              		.eabi_attribute 30, 2
   9              		.eabi_attribute 34, 1
  10              		.eabi_attribute 18, 4
  11              		.file	"stm32_isr.c"
  12              		.section	.gnu.lto_.profile.fb6a1dcf,"",%progbits
  13 0000 789C6363 		.ascii	"x\234cc```\005bF\206\245\214\252\000\002\243\000\330"
  13      60606005 
  13      624686A5 
  13      8CAA0002 
  13      A300D8
  14              		.text
  15              		.section	.gnu.lto_.icf.fb6a1dcf,"",%progbits
  16 0000 789C6363 		.ascii	"x\234cc``\340c@\000&\206\017\235\033\3338\031_\374]"
  16      6060E063 
  16      40002686 
  16      0F9D1BDB 
  16      38195FFC 
  17 0015 71899901 		.ascii	"q\211\231\001\000.\351\0063"
  17      002EE906 
  17      33
  18              		.text
  19              		.section	.gnu.lto_.jmpfuncs.fb6a1dcf,"",%progbits
  20 0000 789C6363 		.ascii	"x\234cc``8\317\310\000\007L@\314\3028\205\231q\353\351"
  20      606038CF 
  20      C800074C 
  20      40CCC238 
  20      859971EB 
  21 0015 03B7D8BB 		.ascii	"\003\267\330\273\231\347030j0nf\224a`<\300\302\250\001"
  21      99E73033 
  21      306A306E 
  21      66946160 
  21      3CC0C2A8 
  22 002a C40C0C20 		.ascii	"\304\014\014 \351\247+\016?\346\202H\2631n\201J\263"
  22      E9A72B0E 
  22      3FE68248 
  22      B3316E81 
  22      4AB3
  23 003c 81A5C1DA 		.ascii	"\201\245\301\332\037\317|\272\213\033\"/\316\270\025"
  23      1FCF7CBA 
  23      8B1B222F 
  23      CEB815
  24 004b 2A2F0ED1 		.ascii	"*/\016\321\216M\375\331\205k\316\261A\324s1n\203\312"
  24      8E4DFDD9 
  24      856BCEB1 
  24      41D47331 
  24      6E83CA
  25 005e 73E1563F 		.ascii	"s\341V?\355\354\304]P\365\234\214\333\241\362\234\270"
  25      EDECC45D 
  25      50F59C8C 
  25      DBA1F29C 
ARM GAS  C:\Users\mvshv\AppData\Local\Temp\ccN4Ivtc.s 			page 2


  25      B8
  26 006f D577FDBA 		.ascii	"\325w\375\272\336\307\001Q\317\301\270\003*\317\201"
  26      DEC70151 
  26      CFC1B803 
  26      2ACF81
  27 007e 5BFDC953 		.ascii	"[\375\311S\323W\360@\324\2633\356\204\312\263\343P\217"
  27      D357F040 
  27      D4B333EE 
  27      84CAB3E3 
  27      508F
  28 0090 2680C107 		.ascii	"&\200\301\007\006+#Z\030\002\005PC\005(\200\352m\240"
  28      062B235A 
  28      18020550 
  28      43052880 
  28      EA6DA0
  29 00a3 00AABF80 		.ascii	"\000\252\277\200\002\250\016\007\012\240\272\214\011"
  29      02A80E07 
  29      0AA0BA8C 
  29      09
  30 00b0 DD660600 		.ascii	"\335f\006\000M\273U\224"
  30      4DBB5594 
  31              		.text
  32              		.section	.gnu.lto_.inline.fb6a1dcf,"",%progbits
  33 0000 789C6363 		.ascii	"x\234cc``hf@\000&\006\006\211k\014\214 \232\201m\201"
  33      60606866 
  33      40002606 
  33      06896B0C 
  33      8C209A81 
  34 0016 3C886260 		.ascii	"<\210b`\346\001\213\023O12\010\236G3\203\211\033$L\014"
  34      E6018B13 
  34      4F313208 
  34      9E473383 
  34      891B244C 
  35 002b C90000AF 		.ascii	"\311\000\000\257K\004\310"
  35      4B04C8
  36              		.text
  37              		.section	.gnu.lto_.pureconst.fb6a1dcf,"",%progbits
  38 0000 789C6363 		.ascii	"x\234cc```\005b&\006\011F\011\000\000\364\000?"
  38      60606005 
  38      62260609 
  38      46090000 
  38      F4003F
  39              		.text
  40              		.section	.gnu.lto_irqInit.fb6a1dcf,"",%progbits
  41 0000 789C7DD2 		.ascii	"x\234}\322?HBA\030\000\360\357{W\317\247\025\215\005"
  41      3F484241 
  41      1800F0EF 
  41      7B57CFA7 
  41      158D05
  42 0013 45732E3E 		.ascii	"Es.>P\302\241\275-\032j\217h)(\014\237\203\333{\025"
  42      50C2A1BD 
  42      2D1A6A8F 
  42      6829280C 
  42      9F83DB7B 
  43 0028 A6FD210A 		.ascii	"\246\375!\012J\011\036b-9\004\"e\366,\353\262\251B\207"
  43      4A091E62 
  43      2D390422 
ARM GAS  C:\Users\mvshv\AppData\Local\Temp\ccN4Ivtc.s 			page 3


  43      65F62CEB 
  43      B2A94287 
  44 003c 96A0A632 		.ascii	"\226\240\2462\233\244\366 \353\236\027\305\033z\037"
  44      9BA4F620 
  44      EB9E17C5 
  44      1B7A1F
  45 004b F7DD7DDC 		.ascii	"\367\335}\334\335\357n\270\023\001`P\000\360\263\261"
  45      DDEF6EB8 
  45      13016050 
  45      00F0B3B1 
  46 005b 87251240 		.ascii	"\207%\022@a\243\0020/\011\210f\241I\010\252\200*\256"
  46      61A30230 
  46      2F098866 
  46      A14908AA 
  46      802AAE
  47 006e 912D82A5 		.ascii	"\221-\202\245\350\253!\270\3675\0264\261\321\271\244"
  47      E8AB21B8 
  47      F7351634 
  47      B1D1B9A4 
  48 007e 45BA7502 		.ascii	"E\272u\002\020gi\006\036\242\033\330\266\347lc\273C"
  48      10676906 
  48      1EA21BD8 
  48      B6E76C63 
  48      BB43
  49 0090 6CE1F378 		.ascii	"l\341\363x\204\" +2w\255Tk|E5\372\262\207\371\021'@"
  49      8422202B 
  49      3277AD54 
  49      6B7C4535 
  49      FAB287F9 
  50 00a7 8CADB34B 		.ascii	"\214\255\263K4\012\313D0\253E\012u\214\2442I\322T\354"
  50      340ACB44 
  50      30AB450A 
  50      758CA432 
  50      49D254EC 
  51 00bb 28C3A83F 		.ascii	"(\303\250?:\324OM\322\011\306\011;\006s\250\232\013"
  51      3AD44F4D 
  51      D209C609 
  51      3B0673A8 
  51      9A0B
  52 00cd B5F455D5 		.ascii	"\265\364U\325\265Jt\"\240\210\307\330k\246NH\323g\373"
  52      B54A7422 
  52      A088C7D8 
  52      6BA64E48 
  52      D367FB
  53 00e0 FEE779CE 		.ascii	"\376\347y\316\257o\022\351v\316\035xb\3459\033np\276"
  53      AF6F12E9 
  53      76CE1D78 
  53      62E5391B 
  53      6E70BE
  54 00f3 F271BF2E 		.ascii	"\362q\277.q.a\301\312\015\033~\312y\274\274Y\0209w\342"
  54      712E61C1 
  54      CA0D1B7E 
  54      CA79BCBC 
  54      59103977 
  55 0108 9995176D 		.ascii	"\231\225\027mx\221\363\362\356A\345\207\273\360\334"
  55      7891F3F2 
  55      EE41E587 
ARM GAS  C:\Users\mvshv\AppData\Local\Temp\ccN4Ivtc.s 			page 4


  55      BBF0DC
  56 0117 CA9F6CF8 		.ascii	"\312\237l\370\005\347\325\235Z\241\215\363.\244V^\263"
  56      05E7D59D 
  56      5AA18DF3 
  56      2EA4565E 
  56      B3
  57 0128 E1979CE7 		.ascii	"\341\227\234\347n\351\203\203\363~,\375\3617\\H\275"
  57      6EE98383 
  57      F37E2CFD 
  57      F1375C48 
  57      BD
  58 0139 27B1E9CD 		.ascii	"'\261\351\315\2101\304\336\224}\257\001\217G\376m\001"
  58      8831C4DE 
  58      947DAF01 
  58      8F47FE6D 
  58      01
  59 014a 459E9A98 		.ascii	"E\236\232\230\221\347\002\301\220\"\217\216\015\373"
  59      91E702C1 
  59      90228F8E 
  59      0DFB
  60 0158 BCBC1FF2 		.ascii	"\274\274\037\362\207\303\262\022\232\365y\307\247\225"
  60      87C3B212 
  60      9AF579C7 
  60      A795
  61 0166 A06712BE 		.ascii	"\240g\022\276\001\011\272\303&"
  61      0109BAC3 
  61      26
  62              		.text
  63              		.section	.gnu.lto_irqDeinit.fb6a1dcf,"",%progbits
  64 0000 789C7DD2 		.ascii	"x\234}\322\315K\002A\024\000\360\367fj]\255\350XP\340"
  64      CD4B0241 
  64      1400F0F7 
  64      666A5DAD 
  64      E85850E0 
  65 0014 352F2E28 		.ascii	"5/.(\341\177\320-:\324=\242KAa\270\036\274\355\366\251"
  65      E17FD02D 
  65      3AD43DA2 
  65      4B4161B8 
  65      1EBCEDF6 
  66 0029 7D1005A5 		.ascii	"}\020\005\245\004\013Z\227<\004\021e\266\226\265\331"
  66      040B5A97 
  66      3C041165 
  66      B696B5D9 
  67 0039 A9420F11 		.ascii	"\251B\017\021\004u*1\010\254S\020\024}\314:\321\236"
  67      04752A31 
  67      08AC5310 
  67      147DCC3A 
  67      D19E
  68 004b DAC77C3C 		.ascii	"\332\307|<\346\315o\3460#\000\200\233\000\004\330\334"
  68      E6CD6FE6 
  68      30230080 
  68      9B0004D8 
  68      DC
  69 005c C63A5240 		.ascii	"\306:R@\262T\002\030\027\011\242\231\250\"\202BP\301"
  69      B2540218 
  69      1709A299 
  69      A8228242 
ARM GAS  C:\Users\mvshv\AppData\Local\Temp\ccN4Ivtc.s 			page 5


  69      50C1
  70 006e 05BA42B1 		.ascii	"\005\272B\261\020}\324\211gSea$\256\233g\324\351V\215"
  70      107DD489 
  70      67536561 
  70      24AE9B67 
  70      D4E9568D 
  71 0082 02C45937 		.ascii	"\002\304Y7\003w\321\003l\333\303\316\327j\223P\307\327"
  71      0377D103 
  71      6CDBC3CE 
  71      D76A9350 
  71      C7D7
  72 0094 710F0540 		.ascii	"q\017\005@\226l_\325\033\352\327wT5^7\360\243\307\011"
  72      966C5FD5 
  72      1BEAD777 
  72      54355E37 
  72      F0A3C709 
  73 00a8 10637576 		.ascii	"\020cuv\211j\300,%f6i@\025\247R\331$\255)v\224\256W"
  73      896AC02C 
  73      25663669 
  73      4015A752 
  73      D924AD29 
  74 00c0 EF1CCAA7 		.ascii	"\357\034\312\247*j\024\343\224\035\203\031T\314B%}V"
  74      2A6A14E3 
  74      941D8319 
  74      54CC4225 
  74      7D56
  75 00d2 76CD538D 		.ascii	"v\315S\215\022\024p\037\3335JkVw\377O\263\234\236_$"
  75      1214701F 
  75      DB354A6B 
  75      5677FF4F 
  75      B39C9E5F 
  76 00e7 D28D9C3A 		.ascii	"\322\215\234:\360\300\242y\033\252s:\367~\263(r*b\316"
  76      F0C0A279 
  76      1BAA733A 
  76      F77EB328 
  76      722A62CE 
  77 00fb A2F736F4 		.ascii	"\242\3676\364\220\323xq9'p\352\304#\213Vlh\236\323\342"
  77      90D37871 
  77      392770EA 
  77      C4238B56 
  77      6C689ED3 
  78 0110 FA56E997 		.ascii	"\372V\351\227\272\360\330\242O6\364\204\323\362Z%\327"
  78      BAF0D8A2 
  78      4F36F484 
  78      D3F25A25 
  78      D7
  79 0121 C0690B1A 		.ascii	"\300i\013\032\026}\266\241\247\234f.\215[\007\247\035"
  79      167DB6A1 
  79      A79C662E 
  79      8D5B07A7 
  79      1D
  80 0132 58E0F405 		.ascii	"X\340\364\005'RoI\254Y3b\014\260wc_\250\323\353\225"
  80      27526F49 
  80      AC593362 
  80      0CB07763 
  80      5FA8D3EB 
  81 0147 FE5A5096 		.ascii	"\376ZP\226\206\006F\244\261`(,K\275}\335~\037\037\273"
ARM GAS  C:\Users\mvshv\AppData\Local\Temp\ccN4Ivtc.s 			page 6


  81      860646A4 
  81      B160282C 
  81      4BBD7DDD 
  81      7E1F1FBB 
  82 015b 02918824 		.ascii	"\002\221\210$\207G\375\276\376a9\344\035\204\037%a\276"
  82      8747FDBE 
  82      FE6139E4 
  82      1D841F25 
  82      61BE
  83 016d 57       		.ascii	"W"
  84              		.text
  85              		.section	.gnu.lto_.symbol_nodes.fb6a1dcf,"",%progbits
  86 0000 789C55CB 		.ascii	"x\234U\313\301\011\2000\014\205\341\327\024\234K'k\017"
  86      C1098030 
  86      0C85E1D7 
  86      149C4B27 
  86      6B0F
  87 0012 1DC0213A 		.ascii	"\035\300!:\204x\216zs\006\205\316!\246\365\011z\010"
  87      84788E7A 
  87      730685CE 
  87      21A6F509 
  87      7A08
  88 0024 5FF8433A 		.ascii	"_\370C:\000\223\015D%\000\343\016\030s\034\254,\022"
  88      00930D44 
  88      2500E30E 
  88      18731CAC 
  88      2C12
  89 0036 DCAFB855 		.ascii	"\334\257\270U\202\264\002\304\330[\330$\370o\360\020"
  89      82B402C4 
  89      D85BD824 
  89      F86FF010 
  90 0046 E4E37255 		.ascii	"\344\343rU\245\205\246\3631S\245\245j[\3733\225\026"
  90      A585A6F3 
  90      3153A5A5 
  90      6A5BFB33 
  90      9516
  91 0058 9ADE3B55 		.ascii	"\232\336;UZ\377p\003\22176\227"
  91      5AFF7003 
  91      91373697 
  92              		.text
  93              		.section	.gnu.lto_.refs.fb6a1dcf,"",%progbits
  94 0000 789C6363 		.ascii	"x\234cc```\004b\006\000\000D\000\010"
  94      60606004 
  94      62060000 
  94      440008
  95              		.text
  96              		.section	.gnu.lto_.decls.fb6a1dcf,"",%progbits
  97 0000 789CAD53 		.ascii	"x\234\255S_l\024E\030\237o\347(e)P\2151\230\360p\351"
  97      5F6C1445 
  97      189F6FE7 
  97      28652950 
  97      8D3198F0 
  98 0016 0BBC70D7 		.ascii	"\013\274p\327\026L\015\017\004\003\242>\324\007\377"
  98      164C0D0F 
  98      0403A23E 
  98      D407FF
  99 0025 C5C44D8E 		.ascii	"\305\304M\216\353\335b7\271\333\205\333=S\336&\305?"
ARM GAS  C:\Users\mvshv\AppData\Local\Temp\ccN4Ivtc.s 			page 7


  99      EBDD6237 
  99      B9DB85DB 
  99      3D53DE26 
  99      C53F
 100 0037 84921493 		.ascii	"\204\222\024\223\012i\201x\301F!%\241AQii{\007m\257"
 100      0A698178 
 100      C1462125 
 100      A1415169 
 100      697B076D 
 101 004c D2ABFD23 		.ascii	"\322\253\375#<@\240W@\023\022}\240\215Z\305\207\363"
 101      3C40A057 
 101      4013127D 
 101      A08D5AC5 
 101      87F3
 102 005e 9B99DDBB 		.ascii	"\233\231\335\273S\274\027\343dgg\3477\337\367\373\375"
 102      53BC17E3 
 102      646767E7 
 102      37DFF7FB 
 102      FD
 103 006f 66E6DB2A 		.ascii	"f\346\333*BH\312GH?\020r\006\277\013\330(\216\031\354"
 103      4248CA47 
 103      483F1072 
 103      06BF0BD8 
 103      288E19EC 
 104 0083 08912122 		.ascii	"\010\221!\"\033\206\2201\354Y\3549\3543\344\361\326"
 104      1B869031 
 104      EC59EC39 
 104      EC33E4F1 
 104      D6
 105 0094 01326E0F 		.ascii	"\0012n\017\366Y7w\322]S\334\374\334\277\344u\226\345"
 105      F6593777 
 105      D25D53DC 
 105      FCDCBFE4 
 105      7596E5
 106 00a7 CDB979D3 		.ascii	"\315\271y\323ey\331\012z]\024\356L\234\355\243\035\024"
 106      6579D90A 
 106      7A5D14EE 
 106      4C9CEDA3 
 106      1D14
 107 00b9 36AAC09D 		.ascii	"6\252\300\235\257C\350\374\317\227\376X#!\0361qkT\243"
 107      AF43E8FC 
 107      CF97FE58 
 107      23211E31 
 107      716B54A3 
 108 00cd 8AF8BCBB 		.ascii	"\212\370\274\273\230Z\254\011\234c\262U[\004.\002\365"
 108      985AAC09 
 108      9C63B255 
 108      5B042E02 
 108      F5
 109 00de 98E63A97 		.ascii	"\230\346:\227zW\322\035\"p\366\275\376\223\234\365I"
 109      7A57D21D 
 109      2270F6BD 
 109      FE939CF5 
 109      49
 110 00ef 157C385D 		.ascii	"\025|8]\234\352\271\277\026\247O\251\340\357\242J\376"
 110      9CEAB9BF 
 110      16A74FA9 
ARM GAS  C:\Users\mvshv\AppData\Local\Temp\ccN4Ivtc.s 			page 8


 110      E0EFA24A 
 110      FE
 111 0100 E69FB7D7 		.ascii	"\346\237\267\327\202\272\351\020c\355,u\220\255z\211"
 111      82BAE910 
 111      63ED2C75 
 111      90AD7A89 
 112 0110 C025D800 		.ascii	"\300%\330\000\337\300\006\002\203\260\211+\177\005\001"
 112      DFC00602 
 112      83B0892B 
 112      7F0501
 113 011f 025F22F8 		.ascii	"\002_\"\370\005\202\237q\271t\276{{\367\022c~\030\000"
 113      05829F71 
 113      B974BE7B 
 113      7BF71263 
 113      7E1800
 114 0132 15BE062A 		.ascii	"\025\276\006*b\360\2207\252\322\300\331\336\217NW\321"
 114      62F09037 
 114      AAD2C0D9 
 114      DE8F4E57 
 114      D1
 115 0143 0BC01D28 		.ascii	"\013\300\035(\203'~\034S*i\014W\3268_7\376>c\012\014"
 115      83277E1C 
 115      532A690C 
 115      57D6385F 
 115      37FE3E63 
 116 0159 A1C6E592 		.ascii	"\241\306\345\222\006J\362\001Q\024\032\310\014\215\254"
 116      064AF201 
 116      51141AC8 
 116      0C8DAC
 117 0168 CEC31DC0 		.ascii	"\316\303\035\300\263\205Z\261\177\000\371\306\221w1"
 117      B3855AB1 
 117      7F00F9C6 
 117      917731
 118 0177 2F780D24 		.ascii	"/x\015$\216\250\"\0077\224O\274\024(\"\212\313\241x"
 118      8EA82207 
 118      37944FBC 
 118      1428228A 
 118      CBA178
 119 018a BCE27109 		.ascii	"\274\342q\011\240\234U\256K9\257\311\252\223\037ey\022"
 119      A09C55AE 
 119      4B39AFC9 
 119      AA931F65 
 119      7912
 120 019c 524A6265 		.ascii	"RJbe)\217y%\305\345\242\251\322&\301\275\356\276\321"
 120      298F7925 
 120      C5E5A2A9 
 120      D226C1BD 
 120      EEBED1
 121 01af 0FA7D405 		.ascii	"\017\247\324\005\230\307\325\267\0109Z\035\027\027\337"
 121      98C7D5B7 
 121      08395A1D 
 121      1717DF
 122 01be F1D3A34E 		.ascii	"\361\323\243N\240\307e\271\214\025\226\323\353d\025"
 122      A0C765B9 
 122      8C1596D3 
 122      EB6415
 123 01cd 28BC401E 		.ascii	"(\274@\036\346N\255\226UP\213\323sG\012]+\326\037\343"
ARM GAS  C:\Users\mvshv\AppData\Local\Temp\ccN4Ivtc.s 			page 9


 123      E64EAD96 
 123      55508BD3 
 123      73470A5D 
 123      2BD61FE3 
 124 01e1 C77EF420 		.ascii	"\307~\364 \253U`\317\323p\025/\343\012^\006\201QX\217"
 124      AB5560CF 
 124      D370152F 
 124      E30A5E06 
 124      8151588F 
 125 01f5 6FD327C5 		.ascii	"o\323'\305\206\227N\015\322\272\024K-\260ta\322\177"
 125      86974E0D 
 125      D2BA144B 
 125      2DB07461 
 125      D27F
 126 0207 39F7019B 		.ascii	"9\367\001\233\301\274\035\"\0162\245{\312\360z\2044"
 126      C1BC1D22 
 126      0E32A57B 
 126      CAF07A84 
 126      34
 127 0218 2C008C40 		.ascii	",\000\214@\036\275\215A\035\346?\370\341\267_TzC\332"
 127      1EBD8D41 
 127      1DE63FF8 
 127      E1B75F54 
 127      7A43DA
 128 022b EABA76F8 		.ascii	"\352\272v\370wp\311\346\266\367\260t;\3437\316\231\306"
 128      7770C9E6 
 128      B6F7B074 
 128      3BE337CE 
 128      99C6
 129 023d 4B4CE3FF 		.ascii	"KL\343\377d\312\012\246\023\327\357}\252\320\274d\312"
 129      64CA0AA6 
 129      13D7EF7D 
 129      AAD0BC64 
 129      CA
 130 024e 9EB99801 		.ascii	"\236\271\230\001\237\"\013\203\233Elr\371\363\021_\021"
 130      9F220B83 
 130      9B456C72 
 130      F9F3115F 
 130      11
 131 025f FB1604B8 		.ascii	"\373\026\004\2708<\177L\251\270\327I\261\327k\340n\266"
 131      383C7F4C 
 131      A9B8D749 
 131      B1D76BE0 
 131      6EB6
 132 0271 F7C2C9BE 		.ascii	"\367\302\311\276\032\364\267\200\365\230\235\177\256"
 132      1AF4B780 
 132      F5989D7F 
 132      AE
 133 027e BBFF013B 		.ascii	"\273\377\001;\244\212(\230(\371\233p\377<\310\011_7"
 133      A48A2898 
 133      28F99B70 
 133      FF3CC809 
 133      5F37
 134 0290 E6871E52 		.ascii	"\346\207\036R\372\011\255\350\353\370\367\247\007\326"
 134      FA09ADE8 
 134      EBF8F7A7 
 134      07D6
ARM GAS  C:\Users\mvshv\AppData\Local\Temp\ccN4Ivtc.s 			page 10


 135 029e 54B4302D 		.ascii	"T\2640-,|\347YH\375\272\\\357:x\364L\017\273\242\360"
 135      2C7CE759 
 135      48FDBA5C 
 135      EF3A78F4 
 135      4C0FBBA2 
 136 02b3 00982AA9 		.ascii	"\000\230*\251Oy\3523B\275\247\275\377^U\315\341\342"
 136      4F79EA33 
 136      42BDA7BD 
 136      FF5E55CD 
 136      E1E2
 137 02c5 BF26CC7A 		.ascii	"\277&\314z\277\033\201Y\250\021\3018b\360\307\205\345"
 137      BF1B8159 
 137      A811C138 
 137      62F0C785 
 137      E5
 138 02d6 FB2BCA83 		.ascii	"\373+\312\203\247\377\026<\347\006\363qk \020,>\226"
 138      A7FF163C 
 138      E706F371 
 138      6B20102C 
 138      3E96
 139 02e8 1D6C0DC7 		.ascii	"\035l\015\307\202\373\254\204c\007_{\275yK\243|\357"
 139      82FBAC84 
 139      63075F7B 
 139      BD794BA3 
 139      7CEF
 140 02fa 6E6A6B0B 		.ascii	"njk\013\332N|Kc\310\260\023\201H\365\213\257\274\341"
 140      DA4E7C4B 
 140      63C8B013 
 140      8148F58B 
 140      AFBCE1
 141 030d DFD9D040 		.ascii	"\337\331\320@\324P(i\230\016\342\316\336\3106-\322j"
 141      D4502869 
 141      980EE2CE 
 141      DEC8362D 
 141      D26A
 142 031f B418B693 		.ascii	"\264\030\266\223\214\032\226\346XV\314\326\3361\223"
 142      8C1A96E6 
 142      5856CCD6 
 142      DE3193
 143 032e 7EF1E50F 		.ascii	"~\361\345\017'\342~=\336\242G\243zTk\012\324\373\033"
 143      27E27E3D 
 143      DEA247A3 
 143      7A546B0A 
 143      D4FB1B
 144 0341 EB1B9AF6 		.ascii	"\353\033\232\366o\325\020\337lZ\246\276Y\017\267\030"
 144      6FD510DF 
 144      6C5AA6BE 
 144      590FB718 
 145 0351 9A614662 		.ascii	"\232aFb\311\250\256\305\303\310e\352Z(\252\357\015'"
 145      C9A8AEC5 
 145      C3C865EA 
 145      5A28AAEF 
 145      0D27
 146 0363 634EC839 		.ascii	"cN\3109\260O\267\003\255\244\332\323{\373\177\325\263"
 146      B04FB703 
 146      ADA4DAD3 
 146      7BFB7FD5 
ARM GAS  C:\Users\mvshv\AppData\Local\Temp\ccN4Ivtc.s 			page 11


 146      B3
 147 0374 0FD85AC8 		.ascii	"\017\330Z\310v\242H\216\"+\215\304\376\227M\303y\366"
 147      76A2488E 
 147      222B8DC4 
 147      FE974DC3 
 147      79F6
 148 0386 BF1C0E59 		.ascii	"\277\034\016Y\205\331\273t\003\363k\315w\215\310\013"
 148      85D9BB74 
 148      03F36BCD 
 148      778DC80B 
 149 0396 66B825A6 		.ascii	"f\270%\246\277\251G\034+\021\250H\030\261\342q\313\014"
 149      BFA9471C 
 149      2B11A848 
 149      18B1E271 
 149      CB0C
 150 03a8 3EFF6AF3 		.ascii	">\377j\363\316\346\266 \317C\037O\360q\227a\227\010"
 150      CEE6B620 
 150      CF431F4F 
 150      F0719761 
 150      9708
 151 03ba FE0216EA 		.ascii	"\376\002\026\352\331\250"
 151      D9A8
 152              		.text
 153              		.section	.gnu.lto_.symtab.fb6a1dcf,"",%progbits
 154 0000 69727149 		.ascii	"irqInit\000"
 154      6E697400 
 155 0008 00       		.ascii	"\000"
 156 0009 00       		.ascii	"\000"
 157 000a 00       		.ascii	"\000"
 158 000b 00000000 		.ascii	"\000\000\000\000\000\000\000\000"
 158      00000000 
 159 0013 C5000000 		.ascii	"\305\000\000\000"
 160 0017 69727144 		.ascii	"irqDeinit\000"
 160      65696E69 
 160      7400
 161 0021 00       		.ascii	"\000"
 162 0022 00       		.ascii	"\000"
 163 0023 00       		.ascii	"\000"
 164 0024 00000000 		.ascii	"\000\000\000\000\000\000\000\000"
 164      00000000 
 165 002c C7000000 		.ascii	"\307\000\000\000"
 166 0030 6E766963 		.ascii	"nvicEnableVector\000"
 166      456E6162 
 166      6C655665 
 166      63746F72 
 166      00
 167 0041 00       		.ascii	"\000"
 168 0042 02       		.ascii	"\002"
 169 0043 00       		.ascii	"\000"
 170 0044 00000000 		.ascii	"\000\000\000\000\000\000\000\000"
 170      00000000 
 171 004c CC000000 		.ascii	"\314\000\000\000"
 172 0050 6E766963 		.ascii	"nvicDisableVector\000"
 172      44697361 
 172      626C6556 
 172      6563746F 
 172      7200
ARM GAS  C:\Users\mvshv\AppData\Local\Temp\ccN4Ivtc.s 			page 12


 173 0062 00       		.ascii	"\000"
 174 0063 02       		.ascii	"\002"
 175 0064 00       		.ascii	"\000"
 176 0065 00000000 		.ascii	"\000\000\000\000\000\000\000\000"
 176      00000000 
 177 006d D0000000 		.ascii	"\320\000\000\000"
 178              		.text
 179              		.section	.gnu.lto_.opts,"",%progbits
 180 0000 272D666D 		.ascii	"'-fmath-errno' '-fsigned-zeros' '-ftrapping-math' '"
 180      6174682D 
 180      6572726E 
 180      6F272027 
 180      2D667369 
 181 0033 2D666E6F 		.ascii	"-fno-trapv' '-fno-openmp' '-fno-openacc' '-mcpu=cor"
 181      2D747261 
 181      70762720 
 181      272D666E 
 181      6F2D6F70 
 182 0066 7465782D 		.ascii	"tex-m7' '-mno-thumb-interwork' '-mthumb' '-O2' '-fo"
 182      6D372720 
 182      272D6D6E 
 182      6F2D7468 
 182      756D622D 
 183 0099 6D69742D 		.ascii	"mit-frame-pointer' '-falign-functions=16' '-ffuncti"
 183      6672616D 
 183      652D706F 
 183      696E7465 
 183      72272027 
 184 00cc 6F6E2D73 		.ascii	"on-sections' '-fdata-sections' '-fno-common' '-flto"
 184      65637469 
 184      6F6E7327 
 184      20272D66 
 184      64617461 
 185 00ff 2700     		.ascii	"'\000"
 186              		.text
 187              		.comm	__gnu_lto_v1,1,1
 188              		.comm	__gnu_lto_slim,1,1
 189              		.ident	"GCC: (GNU Tools for Arm Embedded Processors 7-2017-q4-major) 7.2.1 20170904 (release) [ARM
ARM GAS  C:\Users\mvshv\AppData\Local\Temp\ccN4Ivtc.s 			page 13


DEFINED SYMBOLS
                            *ABS*:00000000 stm32_isr.c
                            *COM*:00000001 __gnu_lto_v1
                            *COM*:00000001 __gnu_lto_slim

NO UNDEFINED SYMBOLS
