ARM GAS  /tmp/ccZlnmEb.s 			page 1


   1              		.cpu cortex-m4
   2              		.eabi_attribute 20, 1
   3              		.eabi_attribute 21, 1
   4              		.eabi_attribute 23, 3
   5              		.eabi_attribute 24, 1
   6              		.eabi_attribute 25, 1
   7              		.eabi_attribute 26, 1
   8              		.eabi_attribute 30, 2
   9              		.eabi_attribute 34, 1
  10              		.eabi_attribute 18, 4
  11              		.file	"board.c"
  12              		.section	.gnu.lto_.profile.9d29402e0919a989,"",%progbits
  13 0000 789C6363 		.ascii	"x\234cc```\001bF\206d?\000\001\214\000\275"
  13      60606001 
  13      62468664 
  13      3F00018C 
  13      00BD
  14              		.text
  15              		.section	.gnu.lto_.icf.9d29402e0919a989,"",%progbits
  16 0000 789C6363 		.ascii	"x\234cc``\020a@\000f\206\211\337..\341f\\p\346\316y"
  16      60601061 
  16      40006686 
  16      89DF2E2E 
  16      E1665C70 
  17 0017 6EA63F5B 		.ascii	"n\246?[^_\344e\000\000e\301\011\303"
  17      5E5FE465 
  17      000065C1 
  17      09C3
  18              		.text
  19              		.section	.gnu.lto_.jmpfuncs.9d29402e0919a989,"",%progbits
  20 0000 789C6363 		.ascii	"x\234cc``\340e@\000f f\0041\230\200\030\000\002H\000"
  20      6060E065 
  20      40006620 
  20      66043198 
  20      80180002 
  21 0016 1A       		.ascii	"\032"
  22              		.text
  23              		.section	.gnu.lto_.inline.9d29402e0919a989,"",%progbits
  24 0000 789C6363 		.ascii	"x\234cc``pg@\000f\006\2063\014\247\031\030\031\230&"
  24      60607067 
  24      40006606 
  24      86330CA7 
  24      19181998 
  25 0015 315EF8C2 		.ascii	"1^\370\302\301\300\266@\236\011$\316\310\300*\006\024"
  25      C1C0B640 
  25      9E0924CE 
  25      C8C02A06 
  25      14
  26 0026 04B2E022 		.ascii	"\004\262\340\"\\0\202\211\201\231\011U\216\001\000e"
  26      5C308289 
  26      81990955 
  26      8E010065 
  27 0036 9306DE   		.ascii	"\223\006\336"
  28              		.text
  29              		.section	.gnu.lto_.pureconst.9d29402e0919a989,"",%progbits
  30 0000 789C6363 		.ascii	"x\234cc```\007bf\006)F\011&\006\000\001\235\000F"
  30      60606007 
ARM GAS  /tmp/ccZlnmEb.s 			page 2


  30      62660629 
  30      46092606 
  30      00019D00 
  31              		.text
  32              		.section	.gnu.lto_stm32_gpio_init.9d29402e0919a989,"",%progbits
  33 0000 789CA59A 		.ascii	"x\234\245\232\333ST\331\025\207\317:\273\273\001\021"
  33      DB5354D9 
  33      1587CF3A 
  33      BBBB0111 
  34 0010 9CC99395 		.ascii	"\234\311\223\225\314\003\017\231\207\311\303P\231\344"
  34      CC030F99 
  34      87C9C350 
  34      99E4
  35 001e 61AAF294 		.ascii	"a\252\362\224\312\255R\251$Uq*5yHM\215&\231\261j*L\305"
  35      CAAD52A9 
  35      2455712A 
  35      3579484D 
  35      8D2699B1 
  36 0036 3FC003B4 		.ascii	"?\300\003\264\332\210\027F\271\323H#0 -\266\216\012"
  36      DA881746 
  36      B9D34823 
  36      30202DB6 
  36      8E0A
  37 0048 02020D88 		.ascii	"\002\002\015\210\203\027P\261\033\035\271\204\213\202"
  37      831750B1 
  37      1B1DB984 
  37      8B82
  38 0056 C84D051D 		.ascii	"\310M\005\035.Bg\357u\366n\372\364\351&l\240\212\206"
  38      2E4267EF 
  38      75F66EFA 
  38      F4E9266C 
  38      A08A86
  39 0069 BE9CEFB7 		.ascii	"\276\234\357\267\316\332\373[M\037\265)\212R\372cE\371"
  39      CEDAFB5B 
  39      4D1FB529 
  39      8A52FA63 
  39      45F9
  40 007b 1DFDF923 		.ascii	"\035\375\371#\372\015D\0015\253[QRcU\000\366\213\026"
  40      FA0D4401 
  40      35AB5B51 
  40      52635500 
  40      F68B16
  41 008e 0BCA7E15 		.ascii	"\013\312~\025\366\303\021\222M\240\355\320X\275\372"
  41      F6C31192 
  41      4DA0EDD0 
  41      58BDFA
  42 009d 5EA546BF 		.ascii	"^\245F\277\274y\363\333\212\265\273\032q\022E\311\245"
  42      BC79F3DB 
  42      8AB5BB1A 
  42      711245C9 
  42      A5
  43 00ae DFEC0B2E 		.ascii	"\337\354\013.\302{\012}\335\310\205\325\234\004\233"
  43      C27B0A7D 
  43      DDC885D5 
  43      9C049B
  44 00bd 457F1C2E 		.ascii	"E\177\034.\201M\001\372\213\247\307\352\325V\003\207"
  44      814D01FA 
ARM GAS  /tmp/ccZlnmEb.s 			page 3


  44      8BA7C7EA 
  44      D5560387 
  45 00cd 346F7F39 		.ascii	"4o\1779\344\375\351\017\2408\011\250\354\206\260\033"
  45      E4FDE90F 
  45      A03809A8 
  45      EC86B01B 
  46 00dd 0BBBB1B2 		.ascii	"\013\273\261\262\033\033\273Q\024\007=\232\326\240y"
  46      1B1BBB51 
  46      14073D9A 
  46      D6A079
  47 00ec 950CA2B2 		.ascii	"\225\014\242\262\337\322\275\3123hk\230h\376'c\026\022"
  47      DFD2BDCA 
  47      33686B98 
  47      68FE2763 
  47      1612
  48 00fe A051B907 		.ascii	"\240Q\271\007\332\356\304d\322*T`\311\366\342\216\261"
  48      DAEEC464 
  48      D22A5460 
  48      C9F6E28E 
  48      B1
  49 010f 38FDAEF6 		.ascii	"8\375\256\366\334\241Y\350C}\215#\2036\027\234J\245"
  49      DCA159E8 
  49      437D8D23 
  49      8336179C 
  49      4AA5
  50 0121 55273909 		.ascii	"U'9\011\201Zx\007.\303;\012{\375\344\343\033M\211\311"
  50      815A7807 
  50      2EC33B0A 
  50      7BFDE4E3 
  50      1B4D89C9 
  51 0135 359A1D9C 		.ascii	"5\232\035\234\304\002u\340\202\034<\027\270\002\311"
  51      C40275E0 
  51      821C3C17 
  51      B802C9
  52 0144 342C7DE1 		.ascii	"4,}\341 \350Y\252\036\227\345\277u\324\302\370\000\001"
  52      20E859AA 
  52      1E97E5BF 
  52      75D4C2F8 
  52      0001
  53 0156 02F59442 		.ascii	"\002\365\224B+\362\035\306\027\311e5\254e5B2\015`\244"
  53      2BF21DC6 
  53      17C96535 
  53      AC653542 
  53      320D60A4 
  54 016a F9582950 		.ascii	"\371X)P*{\316\002W\327PM\220\034\332\024\013(\320\254"
  54      2A7BCE02 
  54      57D7504D 
  54      901CDA14 
  54      0B28D0AC 
  55 017e 17D970A6 		.ascii	"\027\331p\246\305\252\237\012\221+\264\005\351l\001"
  55      C5AA9F0A 
  55      912BB405 
  55      E96C01
  56 018d C11BD614 		.ascii	"\301\033\326\024\013\205m\251\011\255k\3546\326\004"
  56      0B856DA9 
  56      09AD6BEC 
  56      36D604
ARM GAS  /tmp/ccZlnmEb.s 			page 4


  57 019c 0B561AA7 		.ascii	"\013V\032\247\323\255r\254vd\251\214u-\254N\006\333"
  57      D3AD72AC 
  57      7664A98C 
  57      752DAC4E 
  57      06DB
  58 01ae 529D1D6B 		.ascii	"R\235\035k\354\353\254N\2332\006iI\234s\317~\336IX\267"
  58      ECEBAC4E 
  58      9B320669 
  58      499C73CF 
  58      7EDE4958 
  59 01c3 ADC0F6DB 		.ascii	"\255\300\366\333\213\256\302\321Dv\327\006I\364n\346"
  59      8BAEC2D1 
  59      4476D706 
  59      49F46EE6 
  60 01d3 93AA5495 		.ascii	"\223\252T\225\374\002wg\355\213\274\032x\267L\323\322"
  60      FC027767 
  60      ED8BBC1A 
  60      78B74CD3 
  60      D2
  61 01e4 346FAFFB 		.ascii	"4o\257\373\207\245\351Z\247fq\222\030\270\001\204\272"
  61      87A5E95A 
  61      A7667192 
  61      18B80184 
  61      BA
  62 01f5 029DB480 		.ascii	"\002\235\264\200oY\001,\350&\274K\017\231\357\033\351"
  62      6F59012C 
  62      E826BC4B 
  62      0F99EF1B 
  62      E9
  63 0206 06468B01 		.ascii	"\006F\213\001M\243\033\032n\321\347i\270+@\373\246\347"
  63      4DA31B1A 
  63      6ED1E769 
  63      B82B40FB 
  63      A6E7
  64 0218 4FAC7AC6 		.ascii	"O\254z\306-\344\227\230\020h.ye1'\304\302\355\010\011"
  64      2DE49798 
  64      10682E79 
  64      653127C4 
  64      C2ED0809 
  65 022c 5D9810DC 		.ascii	"]\230\020\334,qHH_j\231K\334\277\242\355\244\017\270"
  65      2C714848 
  65      5F6A994B 
  65      DCBFA2ED 
  65      A40FB8
  66 023f D8A6A28F 		.ascii	"\330\246\242\217-\336\233v\304\263N\275\345$\333\340"
  66      2DDE9B76 
  66      C4B34EBD 
  66      E524DBE0 
  67 024f 0E1D07DD 		.ascii	"\016\035\007\335\274M\355\205\201\347\333i\233\2624"
  67      BC4DED85 
  67      81E7DB69 
  67      9BB234
  68 025e CDE5C9FD 		.ascii	"\315\345\311\375\330I\342\341.\366\212\037\271\\q\242"
  68      D849E2E1 
  68      2EF68A1F 
  68      B95C71A2 
  69 026e 3696D2F2 		.ascii	"6\226\322\362\351\363\211\254\216{\220\254\017\204\036"
ARM GAS  /tmp/ccZlnmEb.s 			page 5


  69      E9F389AC 
  69      8E7B90AC 
  69      0F841E
  70 027d D8AF2F47 		.ascii	"\330\257/G\261\277\012\2023\303\216\263e\360\254\215"
  70      B1BF0A82 
  70      33C38EB3 
  70      65F0AC8D 
  71 028d 15C75A80 		.ascii	"\025\307Z\200\343#\227@\350X\201\373`\003\037\203\370"
  71      E3239740 
  71      E85881FB 
  71      60031F83 
  71      F8
  72 029e B001C133 		.ascii	"\260\001\3013\210\301\227\335(l\032 \264Z\272r\333Y"
  72      88C197DD 
  72      286C1A20 
  72      B45ABA72 
  72      DB59
  73 02b0 BBC0CF8B 		.ascii	"\273\300\317\213\275\274\3341\030\253{\343\252\314\331"
  73      BDBCDC31 
  73      18AB7BE3 
  73      AACCD9
  74 02bf C916B617 		.ascii	"\311\026\266\027\213\325\221\012<@{<S\365\213\011\272"
  74      8BD5910A 
  74      3C407B3C 
  74      53F58B09 
  74      BA
  75 02d0 E30A3C14 		.ascii	"\343\012<\024\273\246\206\226\311\3636\024\260\233\341"
  75      BBA68696 
  75      C9F33614 
  75      B09BE1
  76 02df BF43BC95 		.ascii	"\277C\274\225\343\037!\336_\260\340W\371\010y\260\032"
  76      E31F21DE 
  76      5FB0E057 
  76      F90879B0 
  76      1A
  77 02f0 D8017D22 		.ascii	"\330\001}\"\242i3\021\375\030a\343\021\003\030\261X"
  77      A2693311 
  77      FD1861E3 
  77      110318B1 
  77      58
  78 0301 B99A95A8 		.ascii	"\271\232\225\250G\3704;\3354\203\"\242k3\021\377\305"
  78      47F8343B 
  78      DD348322 
  78      A26B3311 
  78      FFC5
  79 0313 88181E31 		.ascii	"\210\030\0361\204\021\025K\313\317\011?\013:\011\207"
  79      8411154B 
  79      CBCF093F 
  79      0B3A0987 
  80 0323 45C0C066 		.ascii	"E\300\300f\002F0 \226\007\214b@Q\376\254\227\237\203"
  80      02463020 
  80      96078C62 
  80      4051FEAC 
  80      979F83
  81 0336 A63DACB6 		.ascii	"\246=\254\266\302c\0211\275\231\210'\030\021\307#\306"
  81      C2631131 
  81      BD998827 
ARM GAS  /tmp/ccZlnmEb.s 			page 6


  81      1811C723 
  81      C6
  82 0347 3062E19B 		.ascii	"0b\341\233\302\226\355<\302\367\023\030\027\001+\233"
  82      C296ED3C 
  82      C2F71318 
  82      17012B9B 
  83 0357 09788A01 		.ascii	"\011x\212\001\333x\300\004\006\244\017u\034\003\021"
  83      DB78C004 
  83      06A40F75 
  83      1C0311
  84 0366 90E657E1 		.ascii	"\220\346W\341\031\227\327\223\213\362\342\006\017\216"
  84      1997D793 
  84      8BF2E206 
  84      0F8E
  85 0374 12B6E595 		.ascii	"\022\266\345\225\320\301\"5.&Q\346\302\266\345\3668"
  85      D0C12235 
  85      2E2651E6 
  85      C2B6E5F6 
  85      38
  86 0385 3E2E1C6C 		.ascii	">.\034l\\L\031\023eG\3044R\377\377L\230\2112\023\032"
  86      5C4C1913 
  86      6547C434 
  86      52FFFF4C 
  86      98893213 
  87 039a F599308B 		.ascii	"\365\2310\213\315\211\2172\023\236\213\231\360b\235"
  87      CD898F32 
  87      139E8B99 
  87      F0629D
  88 03a9 99F09ACE 		.ascii	"\231\360\232\316\004Z\015;\317\2103\341%m\340\034\203"
  88      045A0D3B 
  88      CF8833E1 
  88      256DE01C 
  88      83
  89 03ba CCE159B6 		.ascii	"\314\341Y\266\366,,Y\305\302M\205,\\g~Iw\274q\010\314"
  89      F62C2C59 
  89      C5C24D85 
  89      2C5C677E 
  89      4977BC71 
  90 03d0 8B21F092 		.ascii	"\213!\360\222\035\377\012\227\356\372pYa\234\276t^\013"
  90      1DFF0A97 
  90      EEFA7059 
  90      619CBE74 
  90      5E0B
  91 03e2 BC364C01 		.ascii	"\2746L\001\211\004\334\032\337\213)\200\374\005\344"
  91      8904DC1A 
  91      DF8B2980 
  91      FC05E4
  92 03f1 0F749E71 		.ascii	"\017t\236q\007\375\011\320)\260h\230\002\262\021Kb\012"
  92      07FD09D0 
  92      29B06898 
  92      02B2114B 
  92      620A
  93 0403 60C43246 		.ascii	"`\3042F\\\255\270\363\261\236\220s\370\200\333\012o"
  93      5CADB8F3 
  93      B19E9073 
  93      F880DB0A 
  93      6F
ARM GAS  /tmp/ccZlnmEb.s 			page 7


  94 0414 0C434036 		.ascii	"\014C@6aE\014\001LX\245Kft^\226\027\020\316#OSY\305"
  94      61450C01 
  94      4C58A54B 
  94      66745E96 
  94      1710CE23 
  95 042c 53BD9E19 		.ascii	"S\275\236\031\233p^K\202T5Ty\331\2044\225+\217\011\351"
  95      9B705E4B 
  95      82543554 
  95      79D98434 
  95      952B8F09 
  96 0441 985037E3 		.ascii	"\230P7\343\256\343\263\335\253\200]\0155^\226\177@\345"
  96      AEE3B3DD 
  96      AB805D0D 
  96      355E967F 
  96      40E5
  97 0453 C623FF20 		.ascii	"\306#\377 \362_\0269r\371\337\207Z\353\220\002\207T"
  97      F25F1639 
  97      72F9DF87 
  97      5AEB9002 
  97      8754
  98 0465 5DBF462E 		.ascii	"]\277F.\374\244A\370\351\255\010\357P\231\232\331m\005"
  98      FCA441F8 
  98      E9AD08EF 
  98      50999AD9 
  98      6D05
  99 0477 BE042E7C 		.ascii	"\276\004.|\026\023>\303\230(+\374auc\302g\252\221\205"
  99      16133EC3 
  99      98282BFC 
  99      617563C2 
  99      67AA9185 
 100 048b 1FD7853F 		.ascii	"\037\327\205?\202\275\331\036E\370\243*\027\376\230"
 100      82BDD91E 
 100      45F8A32A 
 100      17FE98
 101 049a 1A5DF8EE 		.ascii	"\032]\370\356\032\033\253\206\235gD\341\217\2536\310"
 101      1A1BAB86 
 101      9D6744E1 
 101      8FAB36C8 
 102 04aa 522984DE 		.ascii	"R)\204\336\320\307\033\312\236\216\005'5mBp\335\372"
 102      D0C71BCA 
 102      9E8E0527 
 102      356D4270 
 102      DDFA
 103 04bc FAEA1FED 		.ascii	"\372\352\037\3550\012\377\225\312\205?\316\216?A\253"
 103      300AFF95 
 103      CA853FCE 
 103      8E3F41AB 
 104 04cc 31BECD4B 		.ascii	"1\276\315K\020q'\234T\271\340\310\313\246<\243\315\262"
 104      1071279C 
 104      54B9E0C8 
 104      CBA63CA3 
 104      CDB2
 105 04de BC1C95DB 		.ascii	"\274\034\225\333\214\274\\\334Y\271\025'+\305{zuv\333"
 105      8CBC5CDC 
 105      59B91527 
 105      2BC57B7A 
 105      7576DB
ARM GAS  /tmp/ccZlnmEb.s 			page 8


 106 04f1 36C85343 		.ascii	"6\310SCu\226\215\310W\271\316\030Q\240\206\353,\313"
 106      75968DC8 
 106      57B9CE18 
 106      51A086EB 
 106      2CCB
 107 0503 2B54B9CE 		.ascii	"+T\271\316\310+\302\222\335\307\2072\342\202:k6p\032"
 107      C82BC292 
 107      DDC78732 
 107      E2823A6B 
 107      36701A
 108 0516 7C968D28 		.ascii	"|\226\215(\026>c\304)\214x\274p\341v<\2178\262\023J"
 108      163E63C4 
 108      298C78BC 
 108      70E1763C 
 108      8F38B213 
 109 052b 0C42CB06 		.ascii	"\014B\313\006\270\204\320\030P\212\001\325co\352\371"
 109      B884D018 
 109      508A01D5 
 109      636FEAF9 
 110 053b 9C4ED5D2 		.ascii	"\234N\325\322\336\206\323\\\257q.4\333\235kB\037V\267"
 110      DE86D35C 
 110      AF712E34 
 110      DB9D6B42 
 110      1F56B7
 111 054e 207419AA 		.ascii	" t\031\252\347pg\227\021.t>\023\272\334\230(+t\305\006"
 111      E7706797 
 111      112E743E 
 111      13BADC98 
 111      282B74C5 
 112 0563 85FE3A8A 		.ascii	"\205\376:\212\320s\272\320\225\330\233\204(BW\011\241"
 112      D073BAD0 
 112      95D89B84 
 112      28425709 
 112      A1
 113 0574 CFAC23F4 		.ascii	"\317\254#\364\030\025\232V\303\3163\242\320\325Th7\353"
 113      18159A56 
 113      C3CE33A2 
 113      D0D55468 
 113      37EB
 114 0586 BC1BD7ED 		.ascii	"\274\033\327\355\341k\317\315\004\261n\345!\353\346"
 114      E16BCFCD 
 114      04B16EE5 
 114      21EBE6
 115 0595 CEF03585 		.ascii	"\316\3605\205\011}V\010]\315\216\2571\011-A\304\235"
 115      097D5608 
 115      5DCD8EAF 
 115      31092D41 
 115      C49D
 116 05a7 704E088D 		.ascii	"pN\010\215<\217IhY\336y!4\362.\340\316\252=\332\327"
 116      3C8F4968 
 116      59DE7921 
 116      34F22EE0 
 116      CEAA3DDA 
 117 05bc CEDF8AAA 		.ascii	"\316\337\212\252[\351\337\267\337\030|\226M\270(|\306"
 117      5BE9DFB7 
 117      DF187C96 
 117      4DB8287C 
ARM GAS  /tmp/ccZlnmEb.s 			page 9


 117      C6
 118 05cd 844B9810 		.ascii	"\204K\230\020\374$\012\220\004\227\325P\275e\361\265"
 118      FC240A90 
 118      0497D550 
 118      BD65F1B5 
 119 05dd 426FC4D7 		.ascii	"Bo\304\327\2056xz3\274+\302e\344\325\207\362V6\303k"
 119      8536787A 
 119      33BC2BC2 
 119      65E4D587 
 119      F25636C3 
 120 05f2 10EA22AF 		.ascii	"\020\352\"\257\021O\277\347\\\205\203\277\027\373\253"
 120      114FBFE7 
 120      5C8583BF 
 120      17FBAB
 121 0601 FDB4C357 		.ascii	"\375\264\303W\271Is\334\3352\203\273\025[q\267\011-"
 121      B94973DC 
 121      DD3283BB 
 121      155B71B7 
 121      092D
 122 0613 EBF3744D 		.ascii	"\353\363tM\306rw]\314\335fc\242\254\273-\033t\327\033"
 122      C672775D 
 122      CCDD6663 
 122      A2ACBB2D 
 122      1B74D71B 
 123 0627 C5DD80EE 		.ascii	"\305\335\200\356n+6'1\212\273m\302\335\366u\334]\245"
 123      6E2B3627 
 123      318ABB6D 
 123      C2DDF675 
 123      DC5DA5
 124 063a EED26AD8 		.ascii	"\356\322j\330yFt\367\032u\267\203\265\276\003\027\256"
 124      794674F7 
 124      1A75B783 
 124      B5BE0317 
 124      AE
 125 064b DC73A108 		.ascii	"\334s\241\010\304\3025\207,\334\211\213\276\277\033"
 125      C4C23587 
 125      2CDC898B 
 125      BEBF1B
 126 065a D5BD2ED4 		.ascii	"\325\275.\324\275\306\016\377\326\244\356\306\201\270"
 126      BDC60EFF 
 126      D6A4EEC6 
 126      81B8
 127 0668 113A85B9 		.ascii	"\021:\205\271\210\273a2W\022wS\210\213\270[\241\325"
 127      88BB6132 
 127      57127753 
 127      888BB85B 
 127      A1D5
 128 067a 756D0277 		.ascii	"um\002w[X\212\270.\323\273\256$\256[X\211\270;&+%qw"
 128      5B588AB8 
 128      2ED3BBAE 
 128      24AE5B58 
 128      89B83B26 
 129 0692 859488BB 		.ascii	"\205\224\210\273g\222R\022\327#\234D\334}\212\263s\035"
 129      67925212 
 129      D7239C44 
 129      DC7D8AB3 
 129      731D
ARM GAS  /tmp/ccZlnmEb.s 			page 10


 130 06a4 025CC026 		.ascii	"\002\\\300&\203\200-[\021\320\207\252\334\255\034wX"
 130      83802D5B 
 130      11D087AA 
 130      DCAD1C77 
 130      58
 131 06b5 B980554C 		.ascii	"\271\200UL@\2771QV\300\336\015\012\370 \212\200\356"
 131      40BF3151 
 131      56C0DE0D 
 131      0AF8208A 
 131      80EE
 132 06c7 3C14F021 		.ascii	"<\024\360!vbG\024\001\277\023\002>ZG\300\336s6V\015"
 132      76624714 
 132      01BF1302 
 132      3E5A47C0 
 132      DE733656 
 133 06dc 3BCF8802 		.ascii	";\317\210\002\366Q\001\373Y\237\373q\221\354y%=\301"
 133      F65101FB 
 133      599FFB71 
 133      91EC7925 
 133      3DC1
 134 06ee 4F31FE90 		.ascii	"O1\376\220Er\331O\367\307\031\015\034\020\006\366\261"
 134      4572D94F 
 134      F7C7190D 
 134      1C1006F6 
 134      B1
 135 06ff E3074D06 		.ascii	"\343\007M\006J\020\365\313EBA\344\015\231\024\224\345"
 135      4A10F5CB 
 135      454241E4 
 135      0D991494 
 135      E5
 136 0710 0D0B0791 		.ascii	"\015\013\007\2217brP\2267*$D\336c\223\204\262\274'\302"
 136      37627250 
 136      96372A24 
 136      44DE6393 
 136      84B2BC27 
 137 0725 42E48D99 		.ascii	"B\344\215\231,\224\345\215\013\015\221\367\324\244\241"
 137      2C94E58D 
 137      0B0D91F7 
 137      D4A4A1
 138 0734 2C6F4278 		.ascii	",oBx\210\274g\234\307\254p\347\351\036\372\014\036\366"
 138      88BC679C 
 138      C7AC70E7 
 138      E91EFA0C 
 138      1EF6
 139 0746 6EC5C349 		.ascii	"n\305\303I4\346\344\253\312a\341\341y\274\014\245\032"
 139      34E6E4AB 
 139      CA61E1E1 
 139      79BC0CA5 
 139      1A
 140 0757 12A52F43 		.ascii	"\022\245/Cm\320\303\231(\036\326\351\036\316b'\336\212"
 140      6DD0C399 
 140      281ED6E9 
 140      1ECE6227 
 140      DE8A
 141 0769 76194A78 		.ascii	"v\031Jx\370b\035\017g\250\207\264\032v\236\221/CQ\017"
 141      F8621D0F 
 141      67A887B4 
ARM GAS  /tmp/ccZlnmEb.s 			page 11


 141      1A769E91 
 141      2F43510F 
 142 077d E7589FE7 		.ascii	"\347X\237\347p\225j\373K}\301a9\025\262Ju\325\367\247"
 142      70956AFB 
 142      4B7DC161 
 142      3915B24A 
 142      75D5F7A7 
 143 0791 D5B0CB50 		.ascii	"\325\260\313P\302\303\227\354\370W&\017%\210\270\356"
 143      C2C397EC 
 143      F857260F 
 143      2588B8EE 
 144 07a1 AF8587C8 		.ascii	"\257\205\207\310\373\336\344\241,oAx\210\274E\223\207"
 144      FBDEE4A1 
 144      2C6F4178 
 144      88BC4593 
 144      87
 145 07b2 B2BC25E1 		.ascii	"\262\274%\341!\362\226M\036\312\362\336\010\017\221"
 145      21F2964D 
 145      1ECAF2DE 
 145      080F91
 146 07c1 B762F250 		.ascii	"\267b\362P\226\267\032\274~\304x\001\223\207\262"
 146      96B71ABC 
 146      7EC47801 
 146      9387B2
 147 07d0 3C8D88EB 		.ascii	"<\215\210\353E\214\227J\326<\254\343\036N\032<\234\336"
 147      458C974A 
 147      D63CACE3 
 147      1E4E1A3C 
 147      9CDE
 148 07e2 8A876984 		.ascii	"\212\207i\204\031\323q\311\355\023\036^a\036\246\023"
 148      19D371C9 
 148      ED131E5E 
 148      611EA613 
 149 07f2 43A2AC87 		.ascii	"C\242\254\207v\2621\017\017\220\310\036\216\352\036"
 149      76B2310F 
 149      0F90C81E 
 149      8EEA1E
 150 0801 1EC44EBC 		.ascii	"\036\304N\274\035\305\303C\204{\350 \321=\274\356\261"
 150      1DC5C343 
 150      847BE820 
 150      D13DBCEE 
 150      B1
 151 0812 B16AD879 		.ascii	"\261j\330yF\3640\203\320O\343l\263\322\033\372x\331"
 151      46F43083 
 151      D04FE36C 
 151      B3D21BFA 
 151      78D9
 152 0824 D4C470BC 		.ascii	"\324\304p\274X%\332\204\340*\005\206\346\333\302\336"
 152      5825DA84 
 152      E02A0586 
 152      E6DBC2DE 
 153 0834 0F3309F7 		.ascii	"\0173\011\3670\203\035\177\204\204{(A\304u?J\270\207"
 153      30831D7F 
 153      84847B28 
 153      41C4753F 
 153      4AB887
 154 0847 C83B46C2 		.ascii	"\310;F\302=\224\345\035'\334C\344e\221p\017ey_\021\356"
ARM GAS  /tmp/ccZlnmEb.s 			page 12


 154      3D94E51D 
 154      27DC43E4 
 154      6591700F 
 154      65795F11 
 155 085c 21F24E90 		.ascii	"!\362N\220p\017ey'\011\367\020y\331$\334CY^\016\341"
 155      700F6579 
 155      2709F710 
 155      79D924DC 
 155      43595E0E 
 156 0871 1E222F97 		.ascii	"\036\"/\227\204{(\313\313\023\036\"/?\304\303Q\356!"
 156      847B28CB 
 156      CB131E22 
 156      2F3FC4C3 
 156      51EE21
 157 0884 DB546B1E 		.ascii	"\333Tk\036\332\311\026<,@c\226\236td\212\017\206^\346"
 157      DAC9163C 
 157      2C406396 
 157      9E74648A 
 157      0F865EE6 
 158 0898 61213124 		.ascii	"a!1$\312zX\264A\017\235Q<\234\325=,\306N\374 \212\207"
 158      CA7A58B4 
 158      410F9D51 
 158      3C9CD53D 
 158      2CC64EFC 
 159 08af A7848725 		.ascii	"\247\204\207%\353x8H=\244\325\260\363\214\350\241\213"
 159      EB783848 
 159      3DA4D5B0 
 159      F38CE8A1 
 159      8B
 160 08c0 7A58CAFA 		.ascii	"zX\312\372\\\212\2534YT3\020'V\2510d\225\352W:\302/"
 160      5C8AAB34 
 160      59543310 
 160      2756A930 
 160      6495EA57 
 161 08d7 EA9C161E 		.ascii	"\352\234\026\036\272\330\361e&\017%\210\270\356\345"
 161      BAD8F165 
 161      260F2588 
 161      B8EEE5
 162 08e6 C243E455 		.ascii	"\302C\344U\230<\224\345}-<D^\245\311CY^\225\360\020"
 162      983C94E5 
 162      7D2D3C44 
 162      5EA5C943 
 162      595E95F0 
 163 08fb 79674C1E 		.ascii	"ygL\036\312\362\252\205\207\310s\233<\224\345\235\025"
 163      CAF2AA85 
 163      87C8739B 
 163      3C94E59D 
 163      15
 164 090c 1E22AFC6 		.ascii	"\036\"\257\306\344\241,\357\234\360\020y\236\020\017"
 164      E4A12CEF 
 164      9CF01079 
 164      9E100F
 165 091b 67B98705 		.ascii	"g\271\207\005\006\017\213\330\275\031\366o\231N\374"
 165      060F8BD8 
 165      BD19F66F 
 165      994EFC
 166 092a 2F1CA882 		.ascii	"/\034\250\202\203\356\267\254nEU\224\017\337O\336\363"
ARM GAS  /tmp/ccZlnmEb.s 			page 13


 166      83EEB7AC 
 166      6E455594 
 166      0FDF4FDE 
 166      F3
 167 093b F9DEDD7B 		.ascii	"\371\336\335{S\366\375\364\303\017\222S\366%\177\376"
 167      53F6FDF4 
 167      C30F9253 
 167      F6257FFE 
 168 094b E917C9BB 		.ascii	"\351\027\311\273S>\375\317?\366%\357\372\350\223]\037"
 168      533EFDCF 
 168      3FF625EF 
 168      FAE8935D 
 168      1F
 169 095c FDF1671F 		.ascii	"\375\361g\037\374\366\347\237\374\372\367\273~\365\347"
 169      FCF6E79F 
 169      FCFAF7BB 
 169      7EF5E7
 170 096b BFFEE62F 		.ascii	"\277\376\346/\177\323\237{\177\217b\375\354\313\275"
 170      7FD39F7B 
 170      7F8F62FD 
 170      ECCBBD
 171 097a 295FDAF6 		.ascii	")_\332\366\244\374\373_{?\373\037g$-\373"
 171      A4FCFB5F 
 171      7B3FFB1F 
 171      67242DFB 
 172              		.text
 173              		.section	.gnu.lto___early_init.9d29402e0919a989,"",%progbits
 174 0000 789C6363 		.ascii	"x\234cc``\270\004\304V@,\015\304\214\314\014\214L\023"
 174      6060B804 
 174      C456402C 
 174      0DC48CCC 
 174      0C8C4C13 
 175 0014 CE313034 		.ascii	"\316104r012\202\030\015\034\214\014\365L\214\365\214"
 175      72303132 
 175      82180D1C 
 175      8C0CF54C 
 175      8CF58C
 176 0027 3DCC5398 		.ascii	"=\314S\230\031\017\265?\333\311\244\271\274\001\010"
 176      190FB53F 
 176      DBC9A4B9 
 176      BC0108
 177 0036 0E4CBFC2 		.ascii	"\016L\277\302\327\326\320*1\207\231\201a\032\020\203"
 177      D7D6D02A 
 177      31879981 
 177      611A1083 
 178 0046 00E36646 		.ascii	"\000\343fFM\006\240\262G\033\377M\345ec\201\2103nad"
 178      4D06A0B2 
 178      471BFF4D 
 178      E5656381 
 178      88336E61 
 179 005b 63600432 		.ascii	"c`\0042\326_b=\320\360\357\177{\303\2013\213\031\357"
 179      D65F623D 
 179      D0F0EF7F 
 179      7BC38133 
 179      8B19EF
 180 006e FAB13030 		.ascii	"\372\26100t\000\345\201\2264\034`\350df\002\261\232"
 180      7400E581 
ARM GAS  /tmp/ccZlnmEb.s 			page 14


 180      96341C60 
 180      E8646602 
 180      B19A
 181 0080 0F30BC61 		.ascii	"\0170\274al^\260y.3X\027\320\250\235;\337\334f\257\377"
 181      6C5EB079 
 181      2E335817 
 181      D0A89D3B 
 181      DFDC66AF 
 182 0095 DBC03187 		.ascii	"\333\3001\207\231q\0323\320\030\306\255\214\365\014"
 182      99711A33 
 182      D018C6AD 
 182      8CF50C
 183 00a4 7380CA41 		.ascii	"s\200\312A\012\267\312bW\307\004T\267\015\252\356\035"
 183      0AB7CA62 
 183      57C70454 
 183      B70DAAEE 
 183      1D
 184 00b5 63D382DD 		.ascii	"c\323\202\335s\031\301\012A\240\003h\012\320*\240\022"
 184      7319C10A 
 184      41A00368 
 184      0AD02AA0 
 184      12
 185 00c6 0B3DFDE4 		.ascii	"\013=\375\344\214\314\244\314\374bC\013#\375\374b\375"
 185      8CCCA4CC 
 185      FC62430B 
 185      23FDFC62 
 185      FD
 186 00d7 8CC41CFD 		.ascii	"\214\304\034\375\244\374\304\242\224b\375\340\220\370"
 186      A4FCC4A2 
 186      9462FDE0 
 186      90F8
 187 00e5 E0105F63 		.ascii	"\340\020_c#7\223x\027\317`g\3770\327\240H\210\234^2"
 187      23379378 
 187      17CF6067 
 187      FF30D7A0 
 187      48889C5E 
 188 00fa 0300CB6B 		.ascii	"\003\000\313kYJ"
 188      594A
 189              		.text
 190              		.section	.gnu.lto_boardInit.9d29402e0919a989,"",%progbits
 191 0000 789C6363 		.ascii	"x\234cc``\250\003b+ \226\006bFf\006F\246\011\347\030"
 191      6060A803 
 191      622B2096 
 191      06624666 
 191      0646A609 
 192 0016 181A3998 		.ascii	"\030\0329\230\030\031A\214\006\016F\206z&\306z\306\036"
 192      1819418C 
 192      060E4686 
 192      7A26C67A 
 192      C61E
 193 0028 E629CC8C 		.ascii	"\346)\314\214\207\332\237\355d\322\\\336\000\004\007"
 193      87DA9FED 
 193      64D25CDE 
 193      000407
 194 0037 A66F106A 		.ascii	"\246o\020jkh\225\230\303\314\3000\015\210A\200q3\243"
 194      6B689598 
 194      C3CCC030 
ARM GAS  /tmp/ccZlnmEb.s 			page 15


 194      0D884180 
 194      7133A3
 195 004a 260350D9 		.ascii	"&\003P\331\243\215\377\246\362\262\261@\304\031\267"
 195      A38DFFA6 
 195      F2B2B140 
 195      C419B7
 196 0059 30B23130 		.ascii	"0\26210\002\031\353/\261\036h\370\367\277\275\341\300"
 196      0219EB2F 
 196      B11E68F8 
 196      F7BFBDE1 
 196      C0
 197 006a 97458C5B 		.ascii	"\227E\214[\203\230\030\030:\200\362@K\032\0160t23\201"
 197      83981818 
 197      3A80F240 
 197      4B1A0E30 
 197      74323381 
 198 007e 58CD0718 		.ascii	"X\315\007\030\33616)\200\265\200@\0073#H\030\250\324"
 198      DE313629 
 198      80B58040 
 198      07332348 
 198      18A8D4
 199 0091 424F3F39 		.ascii	"BO?9#3)3\277\330\320\302H?\277X?#1G?)?\261(\245X?8$"
 199      23332933 
 199      BFD8D0C2 
 199      483FBF58 
 199      3F233147 
 200 00af 3E38C4D7 		.ascii	">8\304\327\330\310\315$\336\3053\330\331?\3145(\022"
 200      D8C8CD24 
 200      DEC533D8 
 200      D93FCC35 
 200      2812
 201 00c1 22A797CC 		.ascii	"\"\247\227\314\000\000\031\347=e"
 201      000019E7 
 201      3D65
 202              		.text
 203              		.section	.gnu.lto_.symbol_nodes.9d29402e0919a989,"",%progbits
 204 0000 789C55C8 		.ascii	"x\234U\310\313\011\200@\014\000\321I\002[\227\326a1"
 204      CB098040 
 204      0C00D149 
 204      025B97D6 
 204      6131
 205 0012 4909D6B0 		.ascii	"I\011\326\260]\370\005\301\2635X\211l\020<x\030\006"
 205      5DF805C1 
 205      B3355889 
 205      6C103C78 
 205      1806
 206 0024 5E01860C 		.ascii	"^\001\206\014]\324a\274 7\305\021%mU\227\317\346\350"
 206      5DD461BC 
 206      2037C511 
 206      256D5597 
 206      CFE6E8
 207 0037 533675FD 		.ascii	"S6u\375\211\354\352\366\012Dt`\002\365~\304\3048\363"
 207      89ECEAF6 
 207      0A447460 
 207      02F57EC4 
 207      C438F3
 208 004a 3461D318 		.ascii	"4a\323\030?"
ARM GAS  /tmp/ccZlnmEb.s 			page 16


 208      3F
 209              		.text
 210              		.section	.gnu.lto_.refs.9d29402e0919a989,"",%progbits
 211 0000 789C6363 		.ascii	"x\234cc```\004b\006\000\000D\000\010"
 211      60606004 
 211      62060000 
 211      440008
 212              		.text
 213              		.section	.gnu.lto_.decls.9d29402e0919a989,"",%progbits
 214 0000 789CCD59 		.ascii	"x\234\315Y{T\224\307\025\337\371fwa\227\005<\340Imb"
 214      7B5494C7 
 214      15DFF966 
 214      77619705 
 214      3CE0496D 
 215 0015 CFB1A931 		.ascii	"\317\261\2511\364\234\306\025\264&\177\364\364D\001"
 215      F49CC615 
 215      B4267FF4 
 215      F44401
 216 0024 C5D644CE 		.ascii	"\305\326D\316b\322\223\177\272!\202\011-\202\007\260"
 216      62D2937F 
 216      BA218209 
 216      2D8207B0 
 217 0034 D5A68F8F 		.ascii	"\325\246\217\217\227\010\202\212@\022@|\341\003\"A\223"
 217      9708828A 
 217      4012407C 
 217      E1032241 
 217      93
 218 0045 88CA4B56 		.ascii	"\210\312KV\020\020\024EP|\201<TT|!* \240\364\316\314"
 218      10101445 
 218      507C813C 
 218      54547C21 
 218      2A20A0F4 
 219 005b B7FBCD7E 		.ascii	"\267\373\315~,m\232\277\272\207\313|\367\233\337\334"
 219      2C6D9ABF 
 219      BA87CB7C 
 219      F79BDFDC 
 220 006b 7BE7CEBD 		.ascii	"{\347\316\2753wv\265*\225\352\355\237\251TW\261J\365"
 220      337776B5 
 220      2A95EAED 
 220      9FA95457 
 220      B14AF5
 221 007e 2E52A9C6 		.ascii	".R\251\306\341\243\206w'T\362\207\360\345@\225@U\212"
 221      E1A38677 
 221      2754F287 
 221      F0E54095 
 221      40558A
 222 0091 3EEBE7AF 		.ascii	">\353\347\2570\326\025\332\217\201\336\004\372\005\360"
 222      30D615DA 
 222      8F81DE04 
 222      FA05F0
 223 00a0 3F073A0B 		.ascii	"?\007:\013\317\036@S\201\202\200\377\023\320\006\240"
 223      CF1E4053 
 223      818280FF 
 223      13D006A0 
 224 00b0 24A06420 		.ascii	"$\240d \023\220'\364\011\320\276F\236\201\376\005\344"
 224      139027F4 
 224      09D0BE46 
ARM GAS  /tmp/ccZlnmEb.s 			page 17


 224      9E81FE05 
 224      E4
 225 00c1 07F43ED0 		.ascii	"\007\364>\320b \177\240\337\001\275\007\264\024\350"
 225      62207FA0 
 225      DF01BD07 
 225      B414E8
 226 00d0 EF40FF00 		.ascii	"\357@\377\000\212\007\372\033\320?\201b\201\326\001"
 226      8A07FA1B 
 226      D03F8162 
 226      81D601
 227 00df C5010992 		.ascii	"\305\001\011\222\275\233\340\031\376T[\220\275\255\237"
 227      BD9BE019 
 227      FE545B90 
 227      BDAD9F
 228 00ee 038F255B 		.ascii	"\003\217%[\323\341\271Lz\217\2459\226O2\307\177I\362"
 228      D3E1B94C 
 228      7A8FA539 
 228      964F32C7 
 228      7F49F2
 229 0101 3E967824 		.ascii	">\226x$\371C\371\311\304\250\354De\225K'\352@`\013\232"
 229      F943F9C9 
 229      C4A8EC44 
 229      65954B27 
 229      EA40600B 
 230 0116 C2D088FD 		.ascii	"\302\320\210\375\207\226\020\345\307\255\037\304\336"
 230      879610E5 
 230      C7AD1FC4 
 230      DE
 231 0123 C35B8135 		.ascii	"\303[\2015\022\2240\326!\310\366F\220d\010V\271\364"
 231      129430D6 
 231      21C8F646 
 231      90640856 
 231      B9F4
 232 0135 4F128078 		.ascii	"O\022\200x\251\254\237\251\263~\230\345\354\201\033"
 232      A9AC9FA9 
 232      B37E98E5 
 232      EC811B
 233 0144 C75E09B2 		.ascii	"\307^\011\2622n\310\004[U\266n\233Q\362$\221\344\204"
 233      326EC804 
 233      5B55B66E 
 233      9B51F224 
 233      91E484
 234 0157 A6AD79AD 		.ascii	"\246\255y\255\372.t\035z?\202Up\216@\344\355\243\261"
 234      FA2E741D 
 234      7A3F8255 
 234      708E40E4 
 234      EDA3B1
 235 016a 4BC73016 		.ascii	"K\3070\026\350sO\353\305X\015\366\240\317\261\027\032"
 235      E8734FEB 
 235      C5580DF6 
 235      A0CFB117 
 235      1A
 236 017b C7D4B38B 		.ascii	"\307\324\263\213D\366q\316\301*t\004a\253Ck\307\207"
 236      44F671CE 
 236      C12A7404 
 236      61AB436B 
 236      C787
ARM GAS  /tmp/ccZlnmEb.s 			page 18


 237 018d 2CEE1B31 		.ascii	",\356\0331\362\320#\001\330\226\3763y.\300N\325\243"
 237      F2D02301 
 237      D896FE33 
 237      792EC04E 
 237      D5A3
 238 019f 29C016A5 		.ascii	")\300\026\245\216gj\246}A\006n\211\027\247\010\350\343"
 238      8E676AA6 
 238      7D41066E 
 238      8917A708 
 238      E8E3
 239 01b1 5750299A 		.ascii	"WP)\232\216\216\241\351`N\031\232\006\377#\324L\322"
 239      8E8EA1E9 
 239      604E199A 
 239      06FF23D4 
 239      4CD2
 240 01c3 F891A278 		.ascii	"\370\221\242x\374\372N\321\322%Z:s\274\016\224\335\021"
 240      FCFA4ED1 
 240      D2255A3A 
 240      73BC0E94 
 240      DD11
 241 01d5 45BD9A80 		.ascii	"E\275\232\200P\011\302\350(\232M\246PBT\243\303\250"
 241      5009C2E8 
 241      289A4DA6 
 241      504254A3 
 241      C3A8
 242 01e7 0BA1EF51 		.ascii	"\013\241\357Q'\314\240\034\275\016\203\037?\330|\326"
 242      27CCA01C 
 242      BD0E831F 
 242      3FD87CD6 
 243 01f7 1DA7226A 		.ascii	"\035\247\"jq\336\336\314n\035H\332\011\222\332\312\014"
 243      71DEDECC 
 243      6E1D48DA 
 243      0992DACA 
 243      0C
 244 0208 39A2250E 		.ascii	"9\242%\016\014\020\250\250\012YT\205RT%\025u\246\267"
 244      0C10A8A8 
 244      0A595485 
 244      52542515 
 244      75A6B7
 245 021b E3739CCD 		.ascii	"\343s\234\315$\335\252]\337\246\006I\207@R\365\022;"
 245      24DDAA5D 
 245      DFA60649 
 245      874052F5 
 245      123B
 246 022d 41C76541 		.ascii	"A\307eA\307\225\202\252\250 \361Ny\273;\316g\2226\177"
 246      C79582AA 
 246      A820F14E 
 246      79BB3BCE 
 246      6792367F 
 247 0241 9D729CD8 		.ascii	"\235r\234\330\324%\212\226\333\305\277\032IZ\237&\356"
 247      D4258A96 
 247      DBC5BF1A 
 247      495A9F26 
 247      EE
 248 0252 42D407C8 		.ascii	"B\324\007\310\"\213\262H\236E'\250\210\363\011\207\266"
 248      228BB248 
 248      9E4527A8 
ARM GAS  /tmp/ccZlnmEb.s 			page 19


 248      88F30987 
 248      B6
 249 0263 61E65D35 		.ascii	"a\346]5\231eS\316\0157\346\335\031\300\036\351m\250"
 249      996553CE 
 249      0D37E6DD 
 249      19C01EE9 
 249      6DA8
 250 0275 D3B35E11 		.ascii	"\323\263^\021\001o\251K}\200\360]\246\260\343T\341\001"
 250      016FA94B 
 250      7D80F05D 
 250      A6B0E354 
 250      E101
 251 0287 32F44D3D 		.ascii	"2\364M=\"\301\341\016\257\016\336/}\356\312^\021D\313"
 251      22C1E10E 
 251      AF0EDE2F 
 251      7DEECA5E 
 251      1144CB
 252 029a E6813D4E 		.ascii	"\346\201=N\370\021\205\013\235WF\333\335\220\336k\203"
 252      F811850B 
 252      9D5746DB 
 252      DD90DE6B 
 252      83
 253 02ab 28C6893B 		.ascii	"(\306\211;\343E]\200\012\325\300JU\303J\241F\344E\006"
 253      E3455D80 
 253      0AD5C04A 
 253      55C34AA1 
 253      46E44506 
 254 02bf 111B513D 		.ascii	"\021\033Q=\274\254\203\227\373\310\242Z.U\3756{@\024"
 254      BCAC8397 
 254      FBC8A25A 
 254      2E55FD36 
 254      7B4014
 255 02d2 67A006A4 		.ascii	"g\240\006\244G\247\344y\274\251g\213Z\270'}\267\026"
 255      47A7E479 
 255      BCA9678B 
 255      5AB8277D 
 255      B716
 256 02e4 1FA45125 		.ascii	"\037\244Q%\224\347\336\252\025&\323\3214\251\216\372"
 256      94E7DEAA 
 256      1526D3D1 
 256      34A98EFA 
 257 02f4 73AFD725 		.ascii	"s\257\327%\022\267\237\001\035\247e\035\240\222)\371"
 257      12B79F01 
 257      1DA7651D 
 257      A09229F9 
 258 0304 AAE55B7F 		.ascii	"\252\345[\177=\010\215\377ABa\300\206\356\244V\311q"
 258      3D088DFF 
 258      414261C0 
 258      86EEA456 
 258      C971
 259 0316 C384CF29 		.ascii	"\303\204\317)\177\332\250a\2743\260G\037\0368\352\312"
 259      7FDAA861 
 259      BC33B047 
 259      1F1E38EA 
 259      CA
 260 0327 DC6CA191 		.ascii	"\334l\241\221Y=t\331\025\367\260\324H\357\037\310\320"
 260      593D74D9 
ARM GAS  /tmp/ccZlnmEb.s 			page 20


 260      15F7B0D4 
 260      48EF1FC8 
 260      D0
 261 0338 126D22D3 		.ascii	"\022m\"\323F\006Y\365\251P+\261\011\031\247\2439T\321"
 261      460659F5 
 261      A9502BB1 
 261      0919A7A3 
 261      3954D1
 262 034b D192FC47 		.ascii	"\321\222\374G\316\036[h\374\213\342\273j:\205\363\200"
 262      CE1E5B68 
 262      FC8BE2BB 
 262      6A3A85F3 
 262      80
 263 035c 6EA6E80B 		.ascii	"n\246\350\013\310\303:\206\352\271{%_\307\314\350'\374"
 263      C8C33A86 
 263      EAB97B25 
 263      5FC7CCE8 
 263      27FC
 264 036e 97A53DFD 		.ascii	"\227\245=\375n\370\276\244\267\346\331\023\027\334\317"
 264      6EF8BEA4 
 264      B7E6D913 
 264      17DCCF
 265 037d 98F6DD99 		.ascii	"\230\366\335\231{\325\014y\207F\374\330X\202\032?c\235"
 265      7BD50C79 
 265      8746FCD8 
 265      58821A3F 
 265      639D
 266 038f 71E557D2 		.ascii	"q\345W\322\245\224\354\242\353\034\227\261G\213\307"
 266      A594ECA2 
 266      EB1C97B1 
 266      478BC7
 267 039e 59E7E8C3 		.ascii	"Y\347\350\303\375\375Z\234\214)s\264;\253JRx\231\360"
 267      FDFD5A9C 
 267      8C2973B4 
 267      3BAB4A52 
 267      7899F0
 268 03b1 354FB63D 		.ascii	"5O\266=6\340\014\326\231\270\347B\252\023\316cLk\357"
 268      36E00CD6 
 268      99B8E742 
 268      AA13CE63 
 268      4C6BEF
 269 03c4 AE040343 		.ascii	"\256\004\003C6\023\376\311\265\264:\003\336\317:O\236"
 269      3613FEC9 
 269      B5B43A03 
 269      DECF3A4F 
 269      9E
 270 03d5 BAD1EA8C 		.ascii	"\272\321\352\214\277e\314\306\332\222:)dO\321\355\343"
 270      BF65CCC6 
 270      DA923A29 
 270      644FD1ED 
 270      E3
 271 03e6 CEA1248C 		.ascii	"\316\241$\214\313%\205\222g=$\317>n\256I\321\341Z\326"
 271      CB258592 
 271      673D24CF 
 271      3E6EAE49 
 271      D1E15AD6 
 272 03fa D994BC35 		.ascii	"\331\224\2745K\300M\214)\350\335\266IR\370\016qMn\177"
ARM GAS  /tmp/ccZlnmEb.s 			page 21


 272      4BC04D8C 
 272      29E8DDB6 
 272      4952F80E 
 272      714D6E7F 
 273 040e 9E015F64 		.ascii	"\236\001_d}\025\371\211\205\316\270\2231\345G+\352\244"
 273      7D15F989 
 273      85CEB893 
 273      31E5472B 
 273      EAA4
 274 0420 B59B036C 		.ascii	"\265\233\003l\302\331\264v\003\276\315\372\212\357$"
 274      C2D9B476 
 274      03BECDFA 
 274      8AEF24
 275 042f 5920C219 		.ascii	"Y \302\031\223\373\244\343\2564Y/\"\244\351y\221\033"
 275      93FBA4E3 
 275      AE34592F 
 275      22A4E979 
 275      911B
 276 0441 1E627DD6 		.ascii	"\036b}\326\304\362`\211Uq\255\304\210c\325\264k\327"
 276      C4F26089 
 276      5571ADC4 
 276      8863D5B4 
 276      6BD7
 277 0453 9DD20C77 		.ascii	"\235\322\014w\234\302\230\207\011\267\272\\\030n\032"
 277      9CC29887 
 277      09B7BA5C 
 277      186E1A
 278 0462 B0DD1DB7 		.ascii	"\260\335\035\267S\334p\006\353[_\225U\251\303y\214\261"
 278      53DC7006 
 278      EB5B5F95 
 278      55A9C379 
 278      8CB1
 279 0474 EE831E6C 		.ascii	"\356\203\036l\037<\331u\035\341}\254\353^\212\345\212"
 279      1F3CD975 
 279      1DE17DAC 
 279      EB5E8AE5 
 279      8A
 280 0485 800F32A6 		.ascii	"\200\0172\246\2604\255[\203\2171\346\306\321\204A5\256"
 280      B034AD5B 
 280      838F31E6 
 280      C6D18441 
 280      35AE
 281 0497 60CC81B1 		.ascii	"`\314\201\261\355\315:|\2021\315e]\267\334p\003c\212"
 281      EDCD3A7C 
 281      8231CD65 
 281      5DB7DC70 
 281      03638A
 282 04aa 9AEADB25 		.ascii	"\232\352\333%\017o i_T\320\321\353$\205+\011\337=\307"
 282      0F6F2069 
 282      5F54D0D1 
 282      EB24852B 
 282      09DF3DC7 
 283 04be BAC6103E 		.ascii	"\272\306\020>C\3013\216<\313<\240E3'|<\351\177/\211"
 283      43C1338E 
 283      3CCB3CA0 
 283      4533277C 
 283      3CE97F2F 
ARM GAS  /tmp/ccZlnmEb.s 			page 22


 284 04d3 DB2D26C4 		.ascii	"\333-&\304\213\226\361\034<\372\375\236\363\261\342"
 284      8B96F11C 
 284      3CFAFD9E 
 284      F3B1E2
 285 04e2 9E69E82C 		.ascii	"\236i\350,\004j'\344\332V\301SN\247\016\032\265\336"
 285      046A27E4 
 285      DA56C153 
 285      4EA70E1A 
 285      B5DE
 286 04f4 F04FB59B 		.ascii	"\360O\265\233\344\260e \017\303\246\230\200i\\?U\302"
 286      E4B06520 
 286      0FC3A698 
 286      80695C3F 
 286      55C2
 287 0506 9F50780D 		.ascii	"\237Px\015bx\242\341\252\025O\304\017+\361\203\274x"
 287      6278A2E1 
 287      AA154FC4 
 287      0F2BF183 
 287      BC78
 288 0518 02AFE6E1 		.ascii	"\002\257\346\341\243J\270\221\227N6\212\221\0358\226"
 288      A34AB891 
 288      974E368A 
 288      911D3896 
 289 0528 C221AFD0 		.ascii	"\302!\257\320\025\011n\3156ty\202\364\355\234\364\307"
 289      15096ECD 
 289      36747982 
 289      F4ED9CF4 
 289      C7
 290 0539 4AE9FD13 		.ascii	"J\351\375\023\214\037\341\361\275J\374\255\211x\336"
 290      8C1FE1F1 
 290      BD4AFCAD 
 290      8978DE
 291 0548 FA01C7F2 		.ascii	"\372\001\307\362\275e\353\253y\353o*\255\277\241\204"
 291      BD65EBAB 
 291      79EB6F2A 
 291      ADBFA184 
 292 0558 B71470F0 		.ascii	"\267\024p\360\026%\374\234r\262#\3338c\306\034\272\222"
 292      1625FC9C 
 292      72B223DB 
 292      3863C61C 
 292      BA92
 293 056a 5BD7BEED 		.ascii	"[\327\276\355\334\272\336U\242\357 \245\347\033\267"
 293      DCBADE55 
 293      A2EF20A5 
 293      E71BB7
 294 0579 73C63C52 		.ascii	"s\306<R\032\363PiL\013\357\231\347J\361\315\023<\331"
 294      1AF35069 
 294      4C0BEF99 
 294      E74AF1CD 
 294      133CD9
 295 058c C7E39F39 		.ascii	"\307\343\2379\0163N\374U~\241\356+\341\367&\210\357"
 295      0E334EFC 
 295      557EA1EE 
 295      2BE1F726 
 295      88EF
 296 059e E1F17D8E 		.ascii	"\341\361}\216g\313\307M\001\007\277\244\204_\224\341"
 296      67CBC74D 
ARM GAS  /tmp/ccZlnmEb.s 			page 23


 296      0107BFA4 
 296      845F94E1 
 297 05ae E9D2BE2F 		.ascii	"\351\322\276/\"\265\012\275\004\300\013\332G\340p\""
 297      22B50ABD 
 297      04C00BDA 
 297      47E07022 
 298 05be A1AF042F 		.ascii	"\241\257\004/\224\"\314D\361@_\000\245\001\305\001e"
 298      9422CC44 
 298      F1405F00 
 298      A501C501 
 298      65
 299 05cf 026D028A 		.ascii	"\002m\002\212\005J\002J\004J\005\312\005\332\014\264"
 299      054A024A 
 299      044A05CA 
 299      05DA0CB4 
 300 05df 056823D0 		.ascii	"\005h#\3206\240\365@\033\2002\200\266\003\211@Y@_\002"
 300      36A0F540 
 300      1B803280 
 300      B6038940 
 300      59405F02 
 301 05f3 65032500 		.ascii	"e\003%\000\245\003\355\000J\006\312\003\312\021f\322"
 301      A503ED00 
 301      4A06CA03 
 301      CA1166D2 
 302 0603 1A83CDA6 		.ascii	"\032\203\315\246q\0077\233\036\345l\272\224\223\357"
 302      7107379B 
 302      1EE56CBA 
 302      9493EF
 303 0612 E19762C8 		.ascii	"\341\227b\310q\006\333\"\003\"\251g\007\027I\327\035"
 303      7106DB22 
 303      0322A967 
 303      071749D7 
 303      1D
 304 0623 6F28FC5A 		.ascii	"o(\374Z4\362\362G\034\207\006gN\037o}\273\022~U\206"
 304      34F2F247 
 304      1C870667 
 304      4E1F6F7D 
 304      BB127E55 
 305 0638 B352E2E1 		.ascii	"\263R\342\3416\234-\212S\010J%\225\021\262'\006w\340"
 305      369C2D8A 
 305      53084A25 
 305      9511B227 
 305      0677E0
 306 064b C2C3A298 		.ascii	"\302\303\242\230\254\245\302\2569\026f\0277| \214+\361"
 306      ACA5C2AE 
 306      39166617 
 306      377C208C 
 306      2BF1
 307 065d 2727E05B 		.ascii	"''\340[\3708{\3408.\271\271\015\360\360\333\216\367"
 307      F8387BE0 
 307      382EB9B9 
 307      0DF0F0DB 
 307      8EF7
 308 066f 1B3EEA79 		.ascii	"\033>\352ykj\035[\303\347 \357\271n\307\353n\2670\274"
 308      6B6A1D5B 
 308      C3E720EF 
 308      B96EC7EB 
ARM GAS  /tmp/ccZlnmEb.s 			page 24


 308      6EB730BC 
 309 0683 F836C751 		.ascii	"\3706\307Q\317\360p\004=+*\352p\301\2334\264\354\353"
 309      CFF07004 
 309      3D2B2AEA 
 309      70C19B34 
 309      B4ECEB
 310 0696 1E2ACD15 		.ascii	"\036*\315\025\220\247\227\303t@\273!\013\376_2B\012"
 310      90A797C3 
 310      7440BB21 
 310      0BFE5F32 
 310      420A
 311 06a8 92021C0F 		.ascii	"\222\002\034\017F\242]`\325N\301Vn\222\230\241\223\253"
 311      46A25D60 
 311      D54EC156 
 311      6E9298A1 
 311      93AB
 312 06ba 6A3BD3E6 		.ascii	"j;\323\346dH\261\025\261\024(\227\200\371\202\201V\360"
 312      6448B115 
 312      B1142897 
 312      80F98281 
 312      56F0
 313 06cc D002F8D0 		.ascii	"\320\002\370\320xf\227+\316\321\260kU\334\341S\256x"
 313      7866972B 
 313      CED1B06B 
 313      55DCE153 
 313      AE78
 314 06de 0763D232 		.ascii	"\007c\3222\253\253\325x/c\362\263\323\2234\370k\306"
 314      ABABD578 
 314      2F63F2B3 
 314      D39334F8 
 314      6BC6
 315 06f0 146EDD72 		.ascii	"\024n\335rH\217\213\030\363\325\327\227Ft\270\2301{"
 315      488F8B18 
 315      F3D5D797 
 315      4674B898 
 315      317B
 316 0702 4746FBC9 		.ascii	"GF\373\311\321?\213\024\365\230+\351g\261\222\276\352"
 316      D13F8B14 
 316      F5982BE9 
 316      67B192BE 
 316      EA
 317 0713 74C33E03 		.ascii	"t\303>\003>\314\374^\23436\346n-\267\341\372\245\361"
 317      3ECCFC5E 
 317      9C3336E6 
 317      6E2DB7E1 
 317      FAA5F1
 318 0726 52D92E5F 		.ascii	"R\331._\250\030\\=K\252\214\017\010\323\321\327\202"
 318      A8185C3D 
 318      4BAA8C0F 
 318      08D3D1D7 
 318      82
 319 0737 5CD2CFFA 		.ascii	"\\\322\317\3722\211\224\333\337\010zT$\317\177\226T"
 319      328994DB 
 319      DF087A54 
 319      24CF7F96 
 319      54
 320 0748 A51E4FBF 		.ascii	"\245\036O\277\326\253\307ULG\\s\326\223Iu|;\251\216"
ARM GAS  /tmp/ccZlnmEb.s 			page 25


 320      D6ABC755 
 320      4C475C73 
 320      D6934975 
 320      7C3BA98E 
 321 075c FA733E27 		.ascii	"\372s>'iI\177\010t\034\224u\200J\246$nxw\2053>E\225"
 321      69497F08 
 321      741C9475 
 321      804AA624 
 321      6E787785 
 322 0774 A8070B4A 		.ascii	"\250\007\013J\332\334\020T,\\\010\011*\316\345\337K"
 322      DADC1054 
 322      2C5C0809 
 322      2ACEE5DF 
 322      4B
 323 0785 F1730414 		.ascii	"\361s\004\024\036\206\365,\261\355pd\013\272]\212+\362"
 323      1E86F52C 
 323      B1ED7064 
 323      0BBA5D8A 
 323      2BF2
 324 0797 CFA68A3B 		.ascii	"\317\246\212;O \252\357;\320GF\330\354\234p\372\275"
 324      4F20AAEF 
 324      3BD04746 
 324      D8EC9C70 
 324      FABD
 325 07a9 960D373D 		.ascii	"\226\0157=L\301\205\016\301\245H\336S\256\347\352\341"
 325      4CC1850E 
 325      C1A548DE 
 325      53AEE7EA 
 325      E1
 326 07ba 5A4C40FC 		.ascii	"ZL@\374\226\002f\327W\337;\254\207\322k\252\027\023"
 326      960266D7 
 326      57DF3BAC 
 326      87D26BAA 
 326      1713
 327 07cc DB96EB91 		.ascii	"\333\226\353\221"
 328 07d0 1F2F9E9A 		.ascii	"\037/\236\232C\267\302\375 \267T\230:\311\021\014b\007"
 328      43B7C2FD 
 328      20B75498 
 328      3AC9110C 
 328      6207
 329 07e2 73DD62A9 		.ascii	"s\335b\251\025D{\301\344\350\255\322M\204f\225\354\022"
 329      15447BC1 
 329      E4E8ADD2 
 329      4D846695 
 329      EC12
 330 07f4 82262E29 		.ascii	"\202&.)\003\227\034\005\227\034\263\013\361\263\271"
 330      03971C05 
 330      971CB30B 
 330      F1B3B9
 331 0803 D3624988 		.ascii	"\323bI\210\003\312\336h\324T\266\365\260n*\010\215\235"
 331      03CADE68 
 331      D454B6F5 
 331      B06E2A08 
 331      8D9D
 332 0815 5CA8CA4E 		.ascii	"\\\250\312N\")\272k.\226\030p\242\226\335\231O\037\214"
 332      2229BA6B 
 332      2E961870 
ARM GAS  /tmp/ccZlnmEb.s 			page 26


 332      A296DD99 
 332      4F1F8C
 333 0828 73C6C98C 		.ascii	"s\306\311\214\331\336T|Z\203\323\030S~\240\270E\300"
 333      D9DE547C 
 333      5A83D318 
 333      537EA0B8 
 333      45C0
 334 083a 198C292A 		.ascii	"\031\214)*\355\337\210p.c\036'\035\214\301\273\331\363"
 334      EDDF8870 
 334      2E631E27 
 334      1D8CC1BB 
 334      D9F3
 335 084c E6E61DD7 		.ascii	"\346\346\035\327\234\245r\226|\2450\274\353\346V\001"
 335      9CA57296 
 335      7CA530BC 
 335      EBE65601 
 336 085c 17D04E43 		.ascii	"\027\320NCjs\3749\015\222*X/\271t\355\315\221|Kv'\013"
 336      6A73FC39 
 336      0D922A58 
 336      2FB974ED 
 336      CD917C4B 
 337 0873 78AB61D2 		.ascii	"x\253a\322J\221\036\341\257\311{Y\205\022=8a\357\033"
 337      4A911EE1 
 337      AFC97B59 
 337      85123D38 
 337      61EF1B
 338 0886 79558657 		.ascii	"yU\206W:\206\363\3736\207>\256DO,n\252\247\313\360\275"
 338      3A86F3FB 
 338      36873EAE 
 338      444F2C6E 
 338      AAA7CBF0 
 339 089b 4A385F42 		.ascii	"J8_B\333\355\237\325\220O\254\256j\220\202\3774\254"
 339      DBED9FD5 
 339      904FACAE 
 339      6A9082FF 
 339      34AC
 340 08ad F4195897 		.ascii	"\364\031X\227\223@g\201\352\201\352\200j\201\316\001"
 340      93406781 
 340      EA81EA80 
 340      6A81CE01 
 341 08bd 9D026A04 		.ascii	"\235\002j\004j\262?\3769\355{\224\332\271\032U\212\233"
 341      6AB23FFE 
 341      39ED7B94 
 341      DAB91A55 
 341      8A9B
 342 08cf 1C0F1A37 		.ascii	"\034\017\0327\015\216\316\317\353\374\032\234p\270\006"
 342      0D8ECECF 
 342      EBFC1A9C 
 342      70B806
 343 08de FCF9C329 		.ascii	"\374\371\303)\256q\254\330\256\004\344\234Z\345\330"
 343      AE71ACD8 
 343      AE04E49C 
 343      5AE5D8
 344 08ed A956E190 		.ascii	"\251V\341\2206/s\365\014^\016\021\273\317\261S\275\245"
 344      362F73F5 
 344      0C5E0E11 
 344      BBCFB153 
ARM GAS  /tmp/ccZlnmEb.s 			page 27


 344      BDA5
 345 08ff B3CAD234 		.ascii	"\263\312\3224|X\203\277\241\361%\034?\262\267\322\011"
 345      7C5883BF 
 345      A1F1251C 
 345      3FB2B7D2 
 345      09
 346 0910 79794AA9 		.ascii	"yyJ\251\275MKR\273\005\0067\313\233T\003=\010\034\256"
 346      BD4D4B52 
 346      BB050637 
 346      CB9B5403 
 346      3D081CAE 
 347 0924 063A0F8B 		.ascii	"\006:\017\213\360c\027\204\334\343\213\213\037c\376"
 347      F0631784 
 347      DCE38B8B 
 347      1F63FE
 348 0933 6869B13B 		.ascii	"hi\261;ZZ\005\203\325\210Vz\272\264'\257\337\256\305"
 348      5A5A0583 
 348      D588567A 
 348      BAB427AF 
 348      DFAEC5
 349 0946 652C717A 		.ascii	"e,qz\312\332c\005\\\305\230G\031\265M\002\256aL\357"
 349      CADA6305 
 349      5CC59847 
 349      19B54D02 
 349      AE614CEF 
 350 095a E5F86C2D 		.ascii	"\345\370l-n`\314\226\027WD->\317\230\264G\303\273\324"
 350      6E60CC96 
 350      1757442D 
 350      3ECF98B4 
 350      47C3BBD4 
 351 096e F832638E 		.ascii	"\3702c\216U>\360a\367\312\351\344\253\322\216\307\026"
 351      553EF061 
 351      F7CAE9E4 
 351      ABD28EC7 
 351      16
 352 097f E9ABBC2E 		.ascii	"\351\253\274.r\315\274\022?\324\346\212\257S\250.\356"
 352      72CDBC12 
 352      3FD4E68A 
 352      AF53A82E 
 352      EE
 353 0990 F2600DC9 		.ascii	"\362`\015\311COv\211d\033\\g\316o\262\352\327\213[\202"
 353      434F7689 
 353      641B5C67 
 353      CE6FB2EA 
 353      D78B5B82 
 354 09a4 E90ED70E 		.ascii	"\351\016\327\016\036\353\234\264N\247\373\354^L\256"
 354      1EEB9CB4 
 354      4EA7FBEC 
 354      5E4CAE
 355 09b3 9A047C51 		.ascii	"\232\004|Q\011\346\262\312\316\323\327\300\323W\005"
 355      09E6B2CA 
 355      CED3D7C0 
 355      D35705
 356 09c2 D2D729B9 		.ascii	"\322\327)\271\371\006\270\271\033\334x\013\250\013\250"
 356      F906B8B9 
 356      1BDC780B 
 356      A80BA8
ARM GAS  /tmp/ccZlnmEb.s 			page 28


 357 09d1 07E83AD0 		.ascii	"\007\350:\320M\240\016\273\203\340\252\254\357\222R"
 357      4DA00EBB 
 357      83E0AAAC 
 357      EF9252
 358 09e0 5FB3D2B8 		.ascii	"_\263\322\270F\031|E\011V\036\030=2\266\315\261\340"
 358      46197C45 
 358      09561E18 
 358      3D32B6CD 
 358      B1E0
 359 09f2 1AEEC0A8 		.ascii	"\032\356\300\250\313\302$\252:\2259D$\015f9\311\345"
 359      CBC224AA 
 359      3A953944 
 359      240D6639 
 359      C9E5
 360 0a04 F205C74E 		.ascii	"\362\005\307N\341\313\353\026Y\363e\207V\332J\262\232"
 360      E1CBEB16 
 360      59F36587 
 360      56DA4AB2 
 360      9A
 361 0a15 EAEC974E 		.ascii	"\352\354\227N\370\006\013\363\242\274\312a\275\262$"
 361      F8060BF3 
 361      A2BCCA61 
 361      BDB224
 362 0a24 B3BA16DD 		.ascii	"\263\272\026\335\001\217\376/\336\225\2465\237\314\352"
 362      018FFE2F 
 362      DE95A635 
 362      9FCCEA
 363 0a33 368CEB95 		.ascii	"6\214\353\225s\245\323Z4ul=p\337\315S\322\267aR}\252"
 363      73A5D35A 
 363      34756C3D 
 363      70DFCD53 
 363      D2B76152 
 364 0a49 FFAA8C44 		.ascii	"\377\252\214Dbz]\261\216\317\222\273vY\322'\025`}4E"
 364      627A5DB1 
 364      8ECF92BB 
 364      7659D227 
 364      15607D34 
 365 0a5e AC61EC21 		.ascii	"\254a\354!\205\361\241\212\204\007\322W=\026\302oL\334"
 365      85F1A18A 
 365      8407D257 
 365      3D16C26F 
 365      4CDC
 366 0a70 9CEC84FB 		.ascii	"\234\354\204\373Y\006<)\370n\2733\353, \235w_\324\335"
 366      59063C29 
 366      F86EBB33 
 366      EB2C209D 
 366      775FD4DD 
 367 0a84 D3E021D6 		.ascii	"\323\340!\326\331:\324\234\244\307/\031\223R\222\221"
 367      D93AD49C 
 367      A4C72F19 
 367      93529291 
 368 0a94 EF8E139D 		.ascii	"\357\216\023\235(\263i\363\367\337\352q*cJ\232\216]"
 368      28B369F3 
 368      F7DFEA71 
 368      2A634A9A 
 368      8E5D
 369 0aa6 D7E00CC6 		.ascii	"\327\340\014\306\264\017\264%\271\340\034\306\034\034"
ARM GAS  /tmp/ccZlnmEb.s 			page 29


 369      B40FB425 
 369      B9E01CC6 
 369      1C1C
 370 0ab4 CBDCAFC5 		.ascii	"\313\334\257\305\273\030\323\330>\334\355\304T\215\021"
 370      BB18D3D8 
 370      3EDCEDC4 
 370      548D11
 371 0ac3 557D69E3 		.ascii	"U}i\343\355\006)\335\310\227\265IM\317\240F(\240`\227"
 371      ED0629DD 
 371      C897B549 
 371      4DCFA046 
 371      28A06097 
 372 0ad7 5BF5378B 		.ascii	"[\3657\213\221\224n\364\330c5Bo\266G\206Hv\\\342\365"
 372      91946EF4 
 372      D8633542 
 372      6FB64786 
 372      48765CE2 
 373 0aec 07E0F551 		.ascii	"\007\340\365Qhmn\275/(\257\351W\247\261[:\201?V\302"
 373      686D6EBD 
 373      2F28AFE9 
 373      57A7B15B 
 373      3A813F56 
 374 0b01 27BBB80E 		.ascii	"'\273\270\016\001`\220\212\032\225bB\304^h\034\226d"
 374      0160908A 
 374      1A956242 
 374      C45E681C 
 374      9664
 375 0b13 0CE80529 		.ascii	"\014\350\005)\327\361L4\002\355KR\242\303\363sR\266"
 375      D7F14C34 
 375      02ED4B52 
 375      A2C3F373 
 375      52B6
 376 0b25 635BE691 		.ascii	"c[\346\221/+~B\242\224\250}\252Tk\377%\021\001\367\331"
 376      2F2B7E42 
 376      A294A87D 
 376      AA546BFF 
 376      251101F7 
 377 0b3a C04F9460 		.ascii	"\300O\224`\273\2738\301\016p3\352W\242_L\020=\362\212"
 377      BBBB38C1 
 377      0E7033EA 
 377      57A25F4C 
 377      103DF28A 
 378 0b4e 55F43325 		.ascii	"U\3643%X\316i\351\026\360\005\315\322\321\011YJ\216"
 378      58CE69E9 
 378      16F005CD 
 378      D2D10959 
 378      4A8E
 379 0b60 41DEEF8F 		.ascii	"A\336\357\217\224\222\036\012\012#G~*\0339\254D\337"
 379      94921E0A 
 379      0A23477E 
 379      2A1B39AC 
 379      44DF
 380 0b72 53A2ABB9 		.ascii	"S\242\253\271)\015(\321\374\275\014\202\244\256\365"
 380      290D28D1 
 380      FCBD0C82 
 380      A4AEF5
 381 0b81 D20B353E 		.ascii	"\322\0135>H\203D8_\230\366\324M\231\324\326\325C\353"
ARM GAS  /tmp/ccZlnmEb.s 			page 30


 381      48834438 
 381      5F98F6D4 
 381      4D99D4D6 
 381      D543EB
 382 0b94 61D17ECC 		.ascii	"a\321~\314\0022o\274\314\241'a\"\366D\011\330\226\335"
 382      02326FBC 
 382      CCA12761 
 382      22F64409 
 382      D896DD
 383 0ba7 A3D6ECBE 		.ascii	"\243\326\354\2760x\261Ac\237\335\216\024\253~\260V\220"
 383      3078B141 
 383      639FDD8E 
 383      14AB7EB0 
 383      5690
 384 0bb9 792DE341 		.ascii	"y-\343A\221+\237\345I\230\317\362\015\230e9\264\304"
 384      912B9FE5 
 384      4998CFF2 
 384      0D986539 
 384      B4C4
 385 0bcb 80DB710D 		.ascii	"\200\333q\015:\307\333\213\352\207\357-(\031{\202\260"
 385      3AC7DB8B 
 385      EA87EF2D 
 385      28197B82 
 385      B0
 386 0bdc E796AE5A 		.ascii	"\347\226\256Z\001W\262<=q\255\276\332\240\026\330~B"
 386      0157B23C 
 386      3D71ADBE 
 386      DAA016D8 
 386      7E42
 387 0bee 7EAC8277 		.ascii	"~\254\202wmI\211Wu\364\0359\2217b\372\362v\372}\363"
 387      6D498957 
 387      75F41D39 
 387      913762FA 
 387      F276FA7D 
 388 0c03 A43F75A5 		.ascii	"\244?u\245a\362SW*\226~\353\272\325\2273b\375\255\353"
 388      61F25357 
 388      2A967EEB 
 388      BAD59733 
 388      62FDADEB 
 389 0c17 65E1ABBB 		.ascii	"e\341\253\273\342\305\002\0306\203\300P\212\354_x\264"
 389      E2C50218 
 389      3683C050 
 389      8AEC5F78 
 389      B4
 390 0c28 FF616913 		.ascii	"\377ai\023&\277\012\325\346\305V\272\340zf\337\311\254"
 390      26BF0AD5 
 390      E6C556BA 
 390      E07A66DF 
 390      C9AC
 391 0c3a DA6CE737 		.ascii	"\332l\3477\362\305f\013\354\007\271\323 .\231\24763"
 391      F2C5660B 
 391      EC07B9D3 
 391      202E99A7 
 391      3633
 392 0c4c 315CFA92 		.ascii	"1\\\372\2227\177\204{\323\026\374\006\214\33316\232"
 392      377F847B 
 392      D316FC06 
ARM GAS  /tmp/ccZlnmEb.s 			page 31


 392      8CDB3136 
 392      9A
 393 0c5d EDC6BB97 		.ascii	"\355\306\273\227\374\022%\2737]r/i\335\243cV\315\365"
 393      FC1225BB 
 393      375D722F 
 393      69DDA363 
 393      56CDF5
 394 0c70 317FBA3A 		.ascii	"1\177\272:,\322\034\026\021\026\363\366l\343\212\317"
 394      2CD21C16 
 394      1116F3F6 
 394      6CE38ACF 
 395 0c80 C23E098B 		.ascii	"\302>\011\213\214\366~\307\307\030\031m\374,8\334\370"
 395      8CF67EC7 
 395      C718196D 
 395      FC2C38DC 
 395      F8
 396 0c91 49647054 		.ascii	"IdpTH\2641h\2719h\371{s}\026\3153\373-\011\362]\366"
 396      48B43168 
 396      B93968F9 
 396      7B737D16 
 396      CD33FB2D 
 397 0ca9 A1BFE923 		.ascii	"\241\277\351#\3267{\205\363\342\367?\230\341\353\355"
 397      D6377B85 
 397      F3E2F73F 
 397      98E1EBED 
 398 0cb9 AD7AE747 		.ascii	"\255z\347G\012P\031\314\346\320\340\250\360u\324\014"
 398      0A5019CC 
 398      E6D0E0A8 
 398      F075D40C 
 399 0cc9 1D7DBB04 		.ascii	"\035}\273\004\236\2460\003W\204G\256\3703\355\232\347"
 399      9EA63003 
 399      578447AE 
 399      F833ED9A 
 399      E7
 400 0cda 48C1EAC8 		.ascii	"H\301\352\310\250\030\"\037\204\033%\025k\327\222\036"
 400      A818221F 
 400      841B2515 
 400      6BD7921E 
 401 0cea 737878C8 		.ascii	"sxx\310\354\317T\232\240 \337\305&\275\331\274&,\"\006"
 401      ECCF549A 
 401      A020DFC5 
 401      26BDD9BC 
 401      262C2206 
 402 0cfe C4C5CC33 		.ascii	"\304\305\3143\256\211\2162\006G\255z+\"2\"\364\255\320"
 402      AE898E32 
 402      0647AD7A 
 402      2B223222 
 402      F4ADD0
 403 0d11 E04FC28C 		.ascii	"\340O\302\214a\021+\302\327\204\204\032W\005\203\202"
 403      61112BC2 
 403      D784841A 
 403      57058382 
 404 0d21 8850A339 		.ascii	"\210P\2439$te\360\232\360\030s\314\272\325\241\321 "
 404      247465F0 
 404      9AF01873 
 404      CCBAD5A1 
 404      D120
ARM GAS  /tmp/ccZlnmEb.s 			page 32


 405 0d33 C5D93AFA 		.ascii	"\305\331:\372\227\377at\364\272h\2439:&\004\2400Dg\362"
 405      97FF6174 
 405      F4BA68A3 
 405      393A2604 
 405      A0304467 
 406 0d48 0FF2377D 		.ascii	"\017\3627}\350\3577\037\373\006\231\324\013\375|M\266"
 406      E8EF371F 
 406      FB0699D4 
 406      0BFD7C4D 
 406      B6
 407 0d59 57BFD62D 		.ascii	"W\277\326-\010\\\350\2634\320\377}\023y\362fO\326\336"
 407      085CE8B3 
 407      34D0FF7D 
 407      1379F266 
 407      4FD6DE
 408 0d6c 79BA0501 		.ascii	"y\272\005\001\013\347J\275\0016\\\200\0227\327\211H"
 408      0BE74ABD 
 408      01365C80 
 408      1237D789 
 408      48
 409 0d7d 8137A4F5 		.ascii	"\2017\244\365\346{|\234\210\004\332\023 !\002\354\021"
 409      E67B7C9C 
 409      8804DA13 
 409      202102EC 
 409      11
 410 0d8e DECE64AC 		.ascii	"\336\316d\254)h\271\211<x\223\007[\337\034g2\232\365"
 410      2968B989 
 410      3C789307 
 410      5BDF1C67 
 410      329AF5
 411 0da1 05584101 		.ascii	"\005XA\001\014\204}\227\230\324\276\213\026\233\234"
 411      0C847D97 
 411      98D4BE8B 
 411      169B9C
 412 0db0 02972E25 		.ascii	"\002\227.%\255\340k\322\303\343\022\237 \302\315W.\321"
 412      ADE06BD2 
 412      C3E3129F 
 412      20C2CD57 
 412      2ED1
 413 0dc2 8AC855AB 		.ascii	"\212\310U\253\"#\214\241kc`u\270\005\242k\273r\336\234"
 413      22238CA1 
 413      6B636075 
 413      B805A26B 
 413      BB72DE9C 
 414 0dd6 B7D7AE05 		.ascii	"\267\327\256\005_\271\230|}\315\313\301\327~\241+\325"
 414      5FB9987C 
 414      7DCDCBC1 
 414      D77EA12B 
 414      D5
 415 0de7 0B169996 		.ascii	"\013\026\231\226j\226.\363\375=8-\310dB\177@\001\232"
 415      6A962EF3 
 415      FD3D382D 
 415      C864427F 
 415      40019A
 416 0dfa 15E11021 		.ascii	"\025\341\020!\322\"z\3177\3078[\037pth\214\303\300\343"
 416      D2227ACF 
 416      37C7385B 
ARM GAS  /tmp/ccZlnmEb.s 			page 33


 416      1F707468 
 416      8CC3C0E3 
 417 0e0e E362E952 		.ascii	"\343b\351R?\343\342\300%\313\376\342c\224\203\036\324"
 417      3FE3E2C0 
 417      25CBFEE2 
 417      6394831E 
 417      D4
 418 0e1f E2657E26 		.ascii	"\342e~&\274\304\317\244\011\374 \320\317\344\264,(\320"
 418      BCC4CFA4 
 418      09FC20D0 
 418      CFE4B42C 
 418      28D0
 419 0e31 DFDFCFA4 		.ascii	"\337\337\317\244]\266\374\243@\177\223\346\275e~\376"
 419      5DB6FCA3 
 419      407F93E6 
 419      BD657EFE 
 420 0e41 26624D80 		.ascii	"&bM\200\201K\225\030u\360\312\250p\034\031\022\245Y"
 420      814B9518 
 420      75F0CAA8 
 420      701C1912 
 420      A559
 421 0e53 BD667548 		.ascii	"\275fuH\224Sd\364\352\320\320\220(m$\211\225(\315\252"
 421      945364F4 
 421      EAD0D090 
 421      286D2489 
 421      9528CDAA 
 422 0e67 C890D028 		.ascii	"\310\220\320(\202\371\314@\361`\337\232\325\346\030"
 422      82F9CC40 
 422      F160DF9A 
 422      D5E618
 423 0e76 6D60805F 		.ascii	"m`\200_pL\2606p1k\026\261\306\2375~\254\361e\315B\326"
 423      704CB036 
 423      70316B16 
 423      B1C69F35 
 423      7EACF165 
 424 0e8d 2C60CD12 		.ascii	",`\315\022\322\270RY+\"#V\206}j\216\321\331\222\326"
 424      D2B85259 
 424      2B222356 
 424      867D6A8E 
 424      D1D992D6 
 425 0ea1 933E59A3 		.ascii	"\223>Y\243\225\365\377\033\221\216_\234"
 425      95F5FF1B 
 425      918E5F9C 
 426              		.text
 427              		.section	.gnu.lto_.symtab.9d29402e0919a989,"",%progbits
 428 0000 5F5F6561 		.ascii	"__early_init\000"
 428      726C795F 
 428      696E6974 
 428      00
 429 000d 00       		.ascii	"\000"
 430 000e 00       		.ascii	"\000"
 431 000f 00       		.ascii	"\000"
 432 0010 00000000 		.ascii	"\000\000\000\000\000\000\000\000"
 432      00000000 
 433 0018 BD000000 		.ascii	"\275\000\000\000"
 434 001c 626F6172 		.ascii	"boardInit\000"
 434      64496E69 
ARM GAS  /tmp/ccZlnmEb.s 			page 34


 434      7400
 435 0026 00       		.ascii	"\000"
 436 0027 00       		.ascii	"\000"
 437 0028 00       		.ascii	"\000"
 438 0029 00000000 		.ascii	"\000\000\000\000\000\000\000\000"
 438      00000000 
 439 0031 BF000000 		.ascii	"\277\000\000\000"
 440 0035 73746D33 		.ascii	"stm32_clock_init\000"
 440      325F636C 
 440      6F636B5F 
 440      696E6974 
 440      00
 441 0046 00       		.ascii	"\000"
 442 0047 02       		.ascii	"\002"
 443 0048 00       		.ascii	"\000"
 444 0049 00000000 		.ascii	"\000\000\000\000\000\000\000\000"
 444      00000000 
 445 0051 C1000000 		.ascii	"\301\000\000\000"
 446              		.text
 447              		.section	.gnu.lto_.opts,"",%progbits
 448 0000 272D666D 		.ascii	"'-fmath-errno' '-fsigned-zeros' '-ftrapping-math' '"
 448      6174682D 
 448      6572726E 
 448      6F272027 
 448      2D667369 
 449 0033 2D666E6F 		.ascii	"-fno-trapv' '-fno-openmp' '-fno-openacc' '-mcpu=cor"
 449      2D747261 
 449      70762720 
 449      272D666E 
 449      6F2D6F70 
 450 0066 7465782D 		.ascii	"tex-m4' '-mno-thumb-interwork' '-mthumb' '-O2' '-fo"
 450      6D342720 
 450      272D6D6E 
 450      6F2D7468 
 450      756D622D 
 451 0099 6D69742D 		.ascii	"mit-frame-pointer' '-falign-functions=16' '-ffuncti"
 451      6672616D 
 451      652D706F 
 451      696E7465 
 451      72272027 
 452 00cc 6F6E2D73 		.ascii	"on-sections' '-fdata-sections' '-fno-common' '-flto"
 452      65637469 
 452      6F6E7327 
 452      20272D66 
 452      64617461 
 453 00ff 2700     		.ascii	"'\000"
 454              		.text
 455              		.comm	__gnu_lto_v1,1,1
 456              		.comm	__gnu_lto_slim,1,1
 457              		.ident	"GCC: (GNU Tools for Arm Embedded Processors 7-2018-q3-update) 7.3.1 20180622 (release) [AR
ARM GAS  /tmp/ccZlnmEb.s 			page 35


DEFINED SYMBOLS
                            *ABS*:0000000000000000 board.c
                            *COM*:0000000000000001 __gnu_lto_v1
                            *COM*:0000000000000001 __gnu_lto_slim

NO UNDEFINED SYMBOLS
