ARM GAS  /tmp/cc0HNTG6.s 			page 1


   1              		.cpu cortex-m4
   2              		.eabi_attribute 20, 1
   3              		.eabi_attribute 21, 1
   4              		.eabi_attribute 23, 3
   5              		.eabi_attribute 24, 1
   6              		.eabi_attribute 25, 1
   7              		.eabi_attribute 26, 1
   8              		.eabi_attribute 30, 2
   9              		.eabi_attribute 34, 1
  10              		.eabi_attribute 18, 4
  11              		.file	"chcore_v7m.c"
  12              		.section	.gnu.lto_.profile.1736043738942a5f,"",%progbits
  13 0000 789C6363 		.ascii	"x\234cc```\001bF\006]\011\000\000\352\000Q"
  13      60606001 
  13      6246065D 
  13      090000EA 
  13      0051
  14              		.text
  15              		.section	.gnu.lto_.icf.1736043738942a5f,"",%progbits
  16 0000 789C6363 		.ascii	"x\234cc``\020a@\000f\206\265O\337\354`a\236\374\177"
  16      60601061 
  16      40006686 
  16      B54FDFEC 
  16      60619EFC 
  17 0015 F2253E96 		.ascii	"\362%>\226[\253\257\256\341e\000\000fh\011w"
  17      5BABAFAE 
  17      E1650000 
  17      66680977 
  18              		.text
  19              		.section	.gnu.lto_.jmpfuncs.1736043738942a5f,"",%progbits
  20 0000 789C6363 		.ascii	"x\234cc``\340e@\000f(\301\002\242\001\002c\000\036"
  20      6060E065 
  20      40006628 
  20      C102A201 
  20      0263001E 
  21              		.text
  22              		.section	.gnu.lto_.inline.1736043738942a5f,"",%progbits
  23 0000 789C6363 		.ascii	"x\234cc``pe@\000f\006\006^\021F\006&\201\015\271\014"
  23      60607065 
  23      40006606 
  23      065E1146 
  23      0626810D 
  24 0016 6C0BE499 		.ascii	"l\013\344\231@bL\334`\011v6\2408\307\001;\2708\013\003"
  24      40624CDC 
  24      60097636 
  24      A038C701 
  24      3BB8380B 
  25 002b 17375088 		.ascii	"\0277P\210\347L\004\\\210\221\013D\002\000\3677\006"
  25      E74C045C 
  25      88910B44 
  25      0200F737 
  25      06
  26 003c 72       		.ascii	"r"
  27              		.text
  28              		.section	.gnu.lto_.pureconst.1736043738942a5f,"",%progbits
  29 0000 789C6363 		.ascii	"x\234cc``\340\002bf\206]\214\314\273\030Yv1\002\000"
  29      6060E002 
ARM GAS  /tmp/cc0HNTG6.s 			page 2


  29      6266865D 
  29      8CCCBB18 
  29      59763102 
  30 0015 0C38024C 		.ascii	"\0148\002L"
  31              		.text
  32              		.section	.gnu.lto__port_irq_epilogue.part.0.1736043738942a5f,"",%progbits
  33 0000 789C9D54 		.ascii	"x\234\235T\335k\024W\024?g\356\235\331\315v\215\020"
  33      DD6B1457 
  33      143F67EE 
  33      9DD9CD76 
  33      8D10
  34 0012 7C68C1C2 		.ascii	"|h\301\302\346!\210 \231\332\026j\037Z(\201\202\017"
  34      E6218820 
  34      99DA166A 
  34      1F5A2881 
  34      820F
  35 0024 4B4BF60F 		.ascii	"KK\366\017\220v\2145\324d\227\335U\362\266\327$k\326"
  35      90768C35 
  35      D46497DD 
  35      55F2B6D7 
  35      246BD6
  36 0037 26888859 		.ascii	"&\210\210Ye\231t\027\003\332\322\3066\265\037&\326$"
  36      65997417 
  36      03DAD2C6 
  36      36B51F26 
  36      D624
  37 0049 C67CA86D 		.ascii	"\306|\250m\214&\325\026-\305&1X?\212\015\251T\301\244"
  37      8C26D516 
  37      2DC52631 
  37      583F8A0D 
  37      A954C1A4 
  38 005d E7DCD918 		.ascii	"\347\334\331\030\333b)\035\230;s\317=\277\363;\347\374"
  38      DB62291D 
  38      983B73CF 
  38      3DBFF33B 
  38      E7FC
  39 006f CE8C0500 		.ascii	"\316\214\005\000\317\232\000G\351\371:\335\350\003\264"
  39      CF9A0047 
  39      E9F93ADD 
  39      E803B4
  40 007e F69EA717 		.ascii	"\366\236\247\027\013\015\3754\014\221Y\003* y\015\012"
  40      0B0DFD34 
  40      0C915903 
  40      2A20790D 
  40      0A
  41 008f 34D9BAD3 		.ascii	"4\331\272\323/\227^LD~Q~\204\224e\010ib\012\333\304"
  41      2F975E4C 
  41      447E517E 
  41      84946508 
  41      69620ADB 
  42 00a4 7E81832D 		.ascii	"~\201\203-\263=\306\332#\212\256\201\003\363\276]*\375"
  42      B33DC6DA 
  42      238AAE81 
  42      03F3BE5D 
  42      2AFD
  43 00b6 B42B00B2 		.ascii	"\264+\000\262t\363\205\307p-\220\333T\367B\373\012K"
  43      74F385C7 
ARM GAS  /tmp/cc0HNTG6.s 			page 3


  43      702D90DB 
  43      54F742FB 
  43      0A4B
  44 00c8 B21D3F47 		.ascii	"\262\035?GK/H\366\213\315\237\272\242U\270\002Q\322"
  44      4B2F48F6 
  44      8BCD9FBA 
  44      A255B802 
  44      51D2
  45 00da F6B7B1DC 		.ascii	"\366\267\261\334t)o\015\014\321\366\275\2633\207V\212"
  45      74296F0D 
  45      0CD1F6BD 
  45      B3338756 
  45      8A
  46 00eb 179123DC 		.ascii	"\027\221#\334\354\377\345~\260\242S\251F5p/_\326\331"
  46      ECFFE57E 
  46      B0A253A9 
  46      4635702F 
  46      5FD6D9
  47 00fe A4CE28E9 		.ascii	"\244\316(\351\012\201_\241\340\250_\342j\374\002Wk\326"
  47      0A815FA1 
  47      E0A85FE2 
  47      6AFC0257 
  47      6BD6
  48 0110 65423C8E 		.ascii	"eB<\216\025\036Y\017\261>\2627\353|\357}\260J\002\037"
  48      151E590F 
  48      B13EB237 
  48      EB7CEF7D 
  48      B04A021F 
  49 0124 6485A698 		.ascii	"d\205\246\230m\035\356\363\211\227\365\373\357\363\335"
  49      6D1DEEF3 
  49      8997F5FB 
  49      EFF3DD
  50 0133 87AD22DD 		.ascii	"\207\255\"\335\350\301\015}Wn(\265/\203\256\220x\342"
  50      E8C10D7D 
  50      576E28B5 
  50      2F83AE90 
  50      78E2
  51 0145 5F09BF66 		.ascii	"_\011\277f\302^\"<\311e\322\202\000\202\255\344\323"
  51      C25E223C 
  51      C965D282 
  51      0082ADE4 
  51      D3
  52 0156 7DE7FE29 		.ascii	"}\347\376)\035t\237n\326\341\246\264\256\301k\313\343"
  52      1D749F6E 
  52      D6E1A6B4 
  52      AEC16BCB 
  52      E3
  53 0167 F1B00F2B 		.ascii	"\361\260\017+8\365O&L\245\026\026[\224\272\362BY\020"
  53      38F54F26 
  53      4CA51616 
  53      5B94BAF2 
  53      425910
  54 017a 81E318C0 		.ascii	"\201\343\030\300'B\257\022\\a\232\264X\000\031j9k\224"
  54      2742AF12 
  54      5C619AB4 
  54      5800196A 
  54      396B94
ARM GAS  /tmp/cc0HNTG6.s 			page 4


  55 018d A10D3DC5 		.ascii	"\241\015=\305na\350\347-\3349\325\331vw\034\275\214"
  55      6E61E8E7 
  55      2DDC39D5 
  55      D976771C 
  55      BD8C
  56 019f 00529449 		.ascii	"\000R\224IvO6/\313\3330\257\016\206\\\341\343\002\036"
  56      764F362F 
  56      CBDB30AF 
  56      0E865CE1 
  56      E3021E
  57 01b2 4EA5A74B 		.ascii	"N\245\247K\244A\344\375X\256K\032\231:\326k\221\005"
  57      A441E4FD 
  57      58AE4B1A 
  57      993AD66B 
  57      9105
  58 01c4 0750E6A8 		.ascii	"\007P\346\250E\200\247P\302,6\206t]\224\013[i\177\255"
  58      4580A750 
  58      C22C3686 
  58      745D940B 
  58      5B697FAD 
  59 01d8 75CF7019 		.ascii	"u\317p\0317RW\0177\261q\256\345C\301\206\2340\212>!"
  59      3752570F 
  59      37B171AE 
  59      E543C186 
  59      9C308A3E 
  60 01ed 7D7E9C31 		.ascii	"}~\2341\006y4\271\273\272&7{.\202LD7\371\363P\326\364"
  60      067934B9 
  60      BBBA2637 
  60      7B2E824C 
  60      4437F9F3 
  61 0204 66E1DAE2 		.ascii	"f\341\332\342\342\342J\034\244n\374\025)8\366\374\215"
  61      E2E24A1C 
  61      A46EFC15 
  61      2938F6FC 
  61      8D
  62 0215 8E74806D 		.ascii	"\216t\200m\204\23192\327^\302\030\341a\310\344\336\315"
  62      84993932 
  62      D75EC218 
  62      E161C8E4 
  62      DECD
  63 0227 FC142CE0 		.ascii	"\374\024,\340\373\244\225\237\002\343i\356)\331G\027"
  63      FBA4959F 
  63      02E369EE 
  63      29D94717 
  64 0237 46C684DD 		.ascii	"F\306\204\335\305\312\027\266\270\242\004\207\260\200"
  64      C5CA17B6 
  64      B8A20487 
  64      B080
  65 0245 ED7A4E71 		.ascii	"\355zNq\030m\036\306\353\017\306u\260\000\222\223\037"
  65      186D1EC6 
  65      EB0FC675 
  65      B0009293 
  65      1F
  66 0256 4708A96B 		.ascii	"G\010\251k9yi\225\227\251\344\024\226R\342\230\267f"
  66      39796995 
  66      97A9E414 
  66      9652E298 
ARM GAS  /tmp/cc0HNTG6.s 			page 5


  66      B766
  67 0268 3AFC622F 		.ascii	":\374b/\352\221i\373h\356\250(\216\314\345|0\247\006"
  67      EA9169FB 
  67      68EEA828 
  67      8ECCE57C 
  67      30A706
  68 027b 9A433C2F 		.ascii	"\232C</\243\377\234\027<\303\325H\360\264\371a\002\377"
  68      A3FF9C17 
  68      3CC3D548 
  68      F0B4F961 
  68      02FF
  69 028d 3699072E 		.ascii	"6\231\007.\007L\366)N\247\361\370'\204g\251\033\347"
  69      074CF629 
  69      4EA7F1F8 
  69      278467A9 
  69      1BE7
  70 029f 58CA737A 		.ascii	"X\312sz\270 \317\350C\371\317\376\010\224\177\\\024"
  70      B820CFE8 
  70      43F9CFFE 
  70      08947F5C 
  70      14
  71 02b0 F4290674 		.ascii	"\364)\006tM\237P~-\3507EA\177\314\365\356\017\260\240"
  71      4D9F507E 
  71      2DE83745 
  71      417FCCF5 
  71      EE0FB0A0 
  72 02c4 DFB2A092 		.ascii	"\337\262\240\222N\306\226\004\345\0263!\334\306\246"
  72      4EC69604 
  72      E5163321 
  72      DCC6A6
  73 02d3 427FFB33 		.ascii	"B\177\3733^\275&\201zzn_\365\245\036*\277+\202Y*\037"
  73      5EBD2681 
  73      7A7A6E5F 
  73      F5A51E2A 
  73      BF2B8259 
  74 02e9 F03CA668 		.ascii	"\360<\246h\344V\300ul\276zz\010\227]\263\351\301q\037"
  74      E456C075 
  74      6CBE7A7A 
  74      08975DB3 
  74      E9C1711F 
  75 02fd 3790F2C2 		.ascii	"7\220\362\302\361b\255\273\011\223Y#\250\221\017Z:\276"
  75      F162ADBB 
  75      09935923 
  75      A8910F5A 
  75      3ABE
  76 030f 2F60B175 		.ascii	"/`\261u\377E\246z\226\351\202\226\211\013\305\213Z\246"
  76      FF45A67A 
  76      96E98296 
  76      890BC58B 
  76      5AA6
  77 0321 A58432E4 		.ascii	"\245\2042\3441G\360\322\254.e\202\262b6\371\210\355"
  77      3147F0D2 
  77      AC2E6582 
  77      B26236F9 
  77      88ED
  78 0333 CEFF609B 		.ascii	"\316\377`\233\\f\373\356Il\364'\305KE6S\177c\277\242"
  78      5C66FBEE 
ARM GAS  /tmp/cc0HNTG6.s 			page 6


  78      496CF427 
  78      C54B4536 
  78      537F63BF 
  79 0348 E1FDEF32 		.ascii	"\341\375\3572\004%\003\355\326W\332\316\326\332\267"
  79      042503ED 
  79      D657DACE 
  79      D6DAB7
  80 0357 6BA389F5 		.ascii	"k\243\211\365\033\236\267\243\011\333\211\326\325E\353"
  80      1B9EB7A3 
  80      09DB89D6 
  80      D545EB
  81 0366 ED58349E 		.ascii	"\355X4\236L\330\257U\207\253\302\015\344\341D\3435\233"
  81      4CD8AF55 
  81      87ABC20D 
  81      E4E144E3 
  81      359B
  82 0378 76BC5457 		.ascii	"v\274TW\351\200t\222\0151+^\223\330\276-\371\352\023"
  82      E9807492 
  82      0D312B5E 
  82      93D8BE2D 
  82      F9EA13
  83 038b D0350D49 		.ascii	"\3205\015I\306\332U\341\310\306\210]E`{c\275\263m\373"
  83      C6DA55E1 
  83      C8C6885D 
  83      45607B63 
  83      BDB36DFB 
  84 039f E61ADBA9 		.ascii	"\346\032\333\251K\324&6\275\3438\225[!\030\256\216\204"
  84      4BD42636 
  84      BDE33895 
  84      5B2118AE 
  84      8E84
  85 03b1 2A9E5B17 		.ascii	"*\236[\027\212%b ^\211Ci2\032{c\313\233\361\250\023"
  85      8A256220 
  85      5E894369 
  85      321A7B63 
  85      CB9BF1A8 
  86 03c6 49BEE5BC 		.ascii	"I\276\345\274\033\014G\252\371l\0359\201\021\207?\001"
  86      1B0C47AA 
  86      F96C1D39 
  86      8111873F 
  86      01
  87 03d7 8AD5DB1E 		.ascii	"\212\325\333\036"
  88              		.text
  89              		.section	.gnu.lto_SVC_Handler.1736043738942a5f,"",%progbits
  90 0000 789C9593 		.ascii	"x\234\225\223\337k\024W\024\307\317\231;;\2735\253\025"
  90      DF6B1457 
  90      14C7CF99 
  90      3B3BBB35 
  90      AB15
  91 0012 DFC45036 		.ascii	"\337\304P6\224\200\202d\252\024\032\037*\224\274\324"
  91      94808264 
  91      AA141A1F 
  91      2A94BCD4 
  92 0022 87A592FD 		.ascii	"\207\245\222\375\003D\307\325,\272\3162\273J|\312\270"
  92      0344C7D5 
  92      2CBACE32 
  92      BB4A7CCA 
ARM GAS  /tmp/cc0HNTG6.s 			page 7


  92      B8
  93 0033 1B4D34A9 		.ascii	"\033M4\251\210\265\353\262lX\033\321\246\250\353\217"
  93      88B5EBB2 
  93      6C581BD1 
  93      A6A8EB8F 
  94 0043 F833EA66 		.ascii	"\3703\352f\233\324Dm\223\324TADl\233h\250\011\210\015"
  94      9BD4446D 
  94      93D45441 
  94      446C9B68 
  94      A809880D 
  95 0057 55EAAFD8 		.ascii	"U\352\257\330s\356\2165FE\034\230a\356=\337\357\371"
  95      73EE8E35 
  95      46451C98 
  95      61EE3DDF 
  95      EFF9
  96 0069 F1B9331A 		.ascii	"\361\2713\032\000lT\001\020\001\346\320;\012@eG?\300"
  96      006C5401 
  96      1001E6D0 
  96      3B0A4065 
  96      473FC0
  97 007c 268F82C8 		.ascii	"&\217\202\310/\266\007\241N\301:l\026\273\004v5\214"
  97      2FB607A1 
  97      4EC13A6C 
  97      16BB0476 
  97      358C
  98 008e 9C51E67D 		.ascii	"\234Q\346}o\323U\330\375t\266\335V\300\214\000H\322"
  98      6FD355D8 
  98      FD74B6DD 
  98      56C08C00 
  98      48D2
  99 00a0 CD17B6E3 		.ascii	"\315\027\266\343< \331\225\372#\031\321$2\002Q\245\345"
  99      3C20D995 
  99      FA2319D1 
  99      24320251 
  99      A5E5
 100 00b2 DF7DE9E1 		.ascii	"\337}\351\341\031\274T\320G\313m\227n\267~(>EV\216v"
 100      19BC54D0 
 100      47CB6D97 
 100      6EB77E28 
 100      3E45568E 
 101 00c7 DE7DE42D 		.ascii	"\336}\344-\337k\333q\273\320\223\372\2505a_\264\325"
 101      DF6BDB71 
 101      BBD093FA 
 101      A835615F 
 101      B4D5
 102 00d9 8C107812 		.ascii	"\214\020x\022\005e\305\023X\212\307\261Tf'\371\320\321"
 102      0565C513 
 102      588AC7B1 
 102      546627F9 
 102      D0D1
 103 00eb 896FA76B 		.ascii	"\211o\247k*\236\302\362bQ<\215\032P\363\012o\221`\244"
 103      2A9EC2F2 
 103      62513C8D 
 103      1A50F30A 
 103      6F9160A4 
 104 00ff E942DE2D 		.ascii	"\351B\336-\026\311\334\017\3769\272_sr\367\246*\363"
 104      16C9DC0F 
ARM GAS  /tmp/cc0HNTG6.s 			page 8


 104      FE39BA5F 
 104      7372F7A6 
 104      2AF3
 105 0111 37FEB2ED 		.ascii	"7\376\262\355\235\215\324\260\212g^\317\216\035X~x\320"
 105      9D8DD4B0 
 105      8A675ECF 
 105      8E1D587E 
 105      78D0
 106 0123 55B0279E 		.ascii	"U\260'\2367\320p\245\015\275\267\322\212\033!#\\\244"
 106      37D070A5 
 106      0DBDB7D2 
 106      8A1B2123 
 106      5CA4
 107 0135 A4ECAA7C 		.ascii	"\244\354\252|\272\244\020\240\221\252\023\037\273\000"
 107      BAA410A0 
 107      91AA131F 
 107      BB00
 108 0143 5B85C26F 		.ascii	"[\205\302o\211\002\214\341\246\241\275\315\367\007\360"
 108      89028CE1 
 108      A6A1BDCD 
 108      F707F0
 109 0152 FF4EEB8B 		.ascii	"\377N\353\213\244\216h_\312N\223\002'O\301\211\360,"
 109      A48E685F 
 109      CA4E9302 
 109      274FC189 
 109      F02C
 110 0164 6A788E87 		.ascii	"jx\216\2078W\234\244\216\004\311\355\311\254Z\326\214"
 110      38579CA4 
 110      8E04C9ED 
 110      C9AC5AD6 
 110      8C
 111 0175 593BE5CB 		.ascii	"Y;\345\313\010\215=\317\2066\017\177\240*\324\347y,"
 111      088D3DCF 
 111      86360F7F 
 111      A02AD4E7 
 111      792C
 112 0187 932C7A86 		.ascii	"\223,z\206\332;4\332\301<\252i\341\242H'\2520\202\361"
 112      DA3B34DA 
 112      C13CAA69 
 112      E1A24827 
 112      AA3082F1 
 113 019b 3F640F9C 		.ascii	"?d\017\234\217+p\2107\233R\211Y\334C\261\375Q\214\217"
 113      8F2B7088 
 113      379B5289 
 113      59DC43B1 
 113      FD518C8F 
 114 01af 376C15BC 		.ascii	"7l\025\274\221\026\302\321\370d\374\024{\004)\022\231"
 114      9116C2D1 
 114      F864FC14 
 114      7B042912 
 114      99
 115 01c0 2D7DEDA5 		.ascii	"-}\355\245E\011U\020\223O\022\321\207\005\"\367\252"
 115      45095510 
 115      934F12D1 
 115      870522F7 
 115      AA
 116 01d1 4B2DE67D 		.ascii	"K-\346}\326\356-\272\220\267^H\310\336;v\273\305#v\240"
ARM GAS  /tmp/cc0HNTG6.s 			page 9


 116      D6EE2DBA 
 116      90B75E48 
 116      C8DE3B76 
 116      BBC52376 
 117 01e6 A4D07C60 		.ascii	"\244\320|`<'\234\343y\270:m\027\352}|4?\276\341h\272"
 117      3C279CE3 
 117      79B83A6D 
 117      17EA7D7C 
 117      343FBEE1 
 118 01fc 38393A7C 		.ascii	"89:|\257\017N\345\373M^c\211\203X\231\204\030\260\233"
 118      AF0F4EE5 
 118      FB4D5E63 
 118      89835899 
 118      8418B09B 
 119 0210 7AFB89C9 		.ascii	"z\373\211\311\322\203\350B\226\315\255\331c\377N+;\350"
 119      D283E842 
 119      96CDADD9 
 119      63FF4E2B 
 119      3BE8
 120 0222 F075B3E1 		.ascii	"\360u\263\341\320\360Y\333#\371^p\370\336Lw\354\232"
 120      D0F059DB 
 120      23F95E70 
 120      F8DE4C77 
 120      EC9A
 121 0234 C67C7B98 		.ascii	"\306|{\230/y\261\027_N#\013\322JV\333wy\260\263D\034"
 121      2F79B117 
 121      5F4E230B 
 121      D24A56DB 
 121      7779B0B3 
 122 024a 2ECEF543 		.ascii	".\316\365C\356\273\324\213O\372ynnK\242\351k{O|&\317"
 122      EEBBD48B 
 122      4FFA796E 
 122      6E4BA2E9 
 122      6B7B4F7C 
 123 0260 76F10DB3 		.ascii	"v\361\015\263]\222\337mrs\327\200\233\301\252\010x\231"
 123      5D92DF6D 
 123      7273D780 
 123      9BC1AA08 
 123      7899
 124 0272 626318A7 		.ascii	"bc\030\247Y\217\377\376\332\254W5gN\001SBOr\225m\224"
 124      598FFFFE 
 124      DAAC5735 
 124      674E0153 
 124      424F7295 
 125 0288 FD670EAA 		.ascii	"\375g\016\252S\203\243-\202K\001\376\302a\327+\214\372"
 125      5383A32D 
 125      824B01FE 
 125      C261D72B 
 125      8CFA
 126 029a 689C7E66 		.ascii	"h\234~f\324\317\214\020\356\276\223\321\200\303h\"\373"
 126      D4CF8C10 
 126      EEBE93D1 
 126      80C36822 
 126      FB
 127 02ab 67BE8419 		.ascii	"g\276\204\031\375\212\252l\033\360\212\374\345\333\362"
 127      FD8AAA6C 
 127      1BF08AFC 
ARM GAS  /tmp/cc0HNTG6.s 			page 10


 127      E5DBF2
 128 02ba DD77BC65 		.ascii	"\335w\274e\217\035\267\207\265\343\271c\327J\244{\220"
 128      8F1DB787 
 128      B5E3B963 
 128      D74AA47B 
 128      90
 129 02cb DDF89B43 		.ascii	"\335\370\233CS\"\000\270\307\337\350\201\217\345\017"
 129      532200B8 
 129      C7DFE881 
 129      8FE50F
 130 02da CD572321 		.ascii	"\315W#!\247\337\212\364\013*t\243&\264\"dF\027T.\324"
 130      A7DF8AF4 
 130      0B2A74A3 
 130      26B42264 
 130      4617542E 
 131 02ef CDA86E98 		.ascii	"\315\250n\230\341\260\271N\217\230V,\252\177Q\355\257"
 131      E1B0B94E 
 131      8F98562C 
 131      AA7F51ED 
 131      AF
 132 0300 F2D792C2 		.ascii	"\362\327\222\3020\255\340\262\015\237\205+\014P\215"
 132      30ADE0B2 
 132      0D9F852B 
 132      0C508D
 133 030f 586D44B3 		.ascii	"XmD\263\202\321\365kc\213\337\342\016\326\306\330\253"
 133      82D1F56B 
 133      638BDFE2 
 133      0ED6C6D8 
 133      AB
 134 0320 57F9034B 		.ascii	"W\371\003K\002z\025\231\365%\353\214\265\353W\006u#"
 134      027A1599 
 134      F525EB8C 
 134      B5EB5706 
 134      7523
 135 0332 1C0D4597 		.ascii	"\034\015E\227\2556\214\212\032\360\372\253\003\276\362"
 135      AD368C8A 
 135      1AF0FAAB 
 135      03BEF2
 136 0341 4FE6FB22 		.ascii	"O\346\373\"\321\010\210\317-\230\0213#_\255Zj\231F "
 136      D10888CF 
 136      2D981133 
 136      235FAD5A 
 136      6A994620 
 137 0355 B6DC58E3 		.ascii	"\266\334X\343\365\007\25296\237D\240X\340^\261<\032"
 137      F507AA39 
 137      369F44A0 
 137      58E05EB1 
 137      3C1A
 138 0367 5C6A85DE 		.ascii	"\\j\205\336\267\351\032\230\311\231\330\035\261B2\233"
 138      B7E91A98 
 138      C999D81D 
 138      B142329B 
 139 0377 3B1C0C9B 		.ascii	";\034\014\233\326F\370\017\370=\270\217"
 139      D646F80F 
 139      F83DB88F 
 140              		.text
 141              		.section	.gnu.lto__port_irq_epilogue.1736043738942a5f,"",%progbits
ARM GAS  /tmp/cc0HNTG6.s 			page 11


 142 0000 789C9553 		.ascii	"x\234\225S[KTQ\024^\353\354sf&G\305\307\014\037F\302"
 142      5B4B5451 
 142      145EEBEC 
 142      73662647 
 142      C5C70C1F 
 143 0016 07233C15 		.ascii	"\007#<\025R\275$\204O\022B\350\017\220\234\206\034h"
 143      52BD2484 
 143      4F1242E8 
 143      0F909C86 
 143      1C68
 144 0028 1C99B1B0 		.ascii	"\034\231\261\260'\367x\267\"\302\324\314\3064%J\360"
 144      27F778B7 
 144      22C2D4CC 
 144      C634254A 
 144      F0
 145 0039 526697F1 		.ascii	"Rf\227\361:j\245yW\012$\037\"\257e\026\031>(\231\266"
 145      3A6AA579 
 145      570A241F 
 145      22AF6516 
 145      193E2899 
 146 004e F699C94C 		.ascii	"\366\231\311L\251h\3039g\357u\331\337Z\337\372\216\016"
 146      A968C339 
 146      67EF75D9 
 146      DF5ADFFA 
 146      8E0E
 147 0060 00961840 		.ascii	"\000\226\030@\037}\217\321\203:@\351\3520\200\313 I"
 147      1F7D8FD1 
 147      833A40E9 
 147      EA3080CB 
 147      2049
 148 0072 6C261478 		.ascii	"l&\024x\200\\\027\015<\220\241\"\314(\373\276.\203\202"
 148      805C170D 
 148      3C90A122 
 148      CC28FBBE 
 148      2E8382
 149 0085 2836DC80 		.ascii	"(6\334\200\220)1Y\301L\274\314\212\031v\347\317y\244"
 149      90293159 
 149      C14CBCCC 
 149      8A1976E7 
 149      CF79A4
 150 0098 C8BB9C96 		.ascii	"\310\273\234\226\367\372\262>\217\347\356v\023@)=b\341"
 150      F7FAB23E 
 150      8FE7EE76 
 150      1340293D 
 150      62E1
 151 00aa 438C040A 		.ascii	"C\214\004\012\233z\260^\022\244\223}vl\026\270\264i"
 151      9B7AB05E 
 151      12A4937D 
 151      766C16B8 
 151      B469
 152 00bc 1C57BC7C 		.ascii	"\034W\274|}#\237{\327j\260\342\204A\0027C&^\000\005"
 152      7D239F7B 
 152      D76AB0E2 
 152      84410237 
 152      43265E00 
 153 00d1 144988DC 		.ascii	"\024I\210\334\013\205L\022\273l/\314\241$.\033\313\271"
 153      0B854C12 
ARM GAS  /tmp/cc0HNTG6.s 			page 12


 153      BB6C2FCC 
 153      A1242E1B 
 153      CBB9
 154 00e3 EF669798 		.ascii	"\357f\227\230\233I(\323qi\250|:X\034\031\232\350x\247"
 154      9B4928D3 
 154      7169A87C 
 154      3A581C19 
 154      9AE878A7 
 155 00f7 7FBCD3C8 		.ascii	"\177\274\323\310\242QD\3266\334.\013\214\250\341<\213"
 155      A25144D6 
 155      36DC2E0B 
 155      8CA8E13C 
 155      8B
 156 0108 7BE77BF7 		.ascii	"{\347{\367\335\230x\317y\021G7\223\361\0112*\006\037"
 156      DD9878CF 
 156      79114737 
 156      93F10932 
 156      2A061F
 157 011b 63183EC2 		.ascii	"c\030>\3020_\261O1\202\222\362?\360vY\334'\243\011="
 157      305FB14F 
 157      318292F2 
 157      3FF07659 
 157      DC27A309 
 158 0130 E4FB8859 		.ascii	"\344\373\210YS\337\2564\277\305\315Fr\264~\257\255\350"
 158      53DFAE34 
 158      BFC5CD46 
 158      72B47EAF 
 158      ADE8
 159 0142 B55E4A19 		.ascii	"\265^J\031\3026\327\364|L(`\213\360I\333}\3437\231@"
 159      C236D7F4 
 159      7C4C2860 
 159      8BF049DB 
 159      7DE33799 
 160 0157 026C156E 		.ascii	"\002l\025n\266\225\036lC\035\266\013v\350\205\304Q\275"
 160      B6951E6C 
 160      431DB60B 
 160      76E885C4 
 160      51BD
 161 0169 C0ACAE6C 		.ascii	"\300\254\256lZ\011\010\357\300J^fr3E$\324O\267r\203"
 161      5A0908EF 
 161      C04A5E66 
 161      72334524 
 161      D44FB772 
 162 017e 2C51CD1D 		.ascii	",Q\315\035\030\016\302\362e\361\325\244D\026\354\244"
 162      180EC2F2 
 162      65F1D5A4 
 162      4416ECA4 
 163 018e A189AA01 		.ascii	"\241\211\252\001\275\032=\367:zf\003\303\273\374\331"
 163      BD1A3DF7 
 163      3A7A6603 
 163      C3BBFCD9 
 164 019e 3A11FBB5 		.ascii	":\021\373\265\241\351\265Q\313\356\022\331\330\2152"
 164      A1E9B551 
 164      CBEE12D9 
 164      D88D32
 165 01ad 719B65D2 		.ascii	"q\233e\322\030\000X\300\356\226\325\352\215\011\024"
 165      180058C0 
ARM GAS  /tmp/cc0HNTG6.s 			page 13


 165      EE96D5EA 
 165      8D0914
 166 01bc CD953389 		.ascii	"\315\2253\2112Js\273G\364\202\023\275\326\252\313\323"
 166      324A73BB 
 166      47F48213 
 166      BDD6AACB 
 166      D3
 167 01cd 56ACF88E 		.ascii	"V\254\370\216\374M6\017&\323\302\330\362\250R\205\267"
 167      FC4D360F 
 167      26D3C2D8 
 167      F2A85285 
 167      B7
 168 01de 5CD422E1 		.ascii	"\\\324\"\341\030\360\0311\333#\352 g\321\305\332\332"
 168      18F01931 
 168      DB23EA20 
 168      67D1C5DA 
 168      DA
 169 01ef 00B59EE7 		.ascii	"\000\265\236\347\270\204o\027>\307*,\321$\202/P%\300"
 169      B8846F17 
 169      3EC72A2C 
 169      D124822F 
 169      5025C0
 170 0202 ECB5BC5A 		.ascii	"\354\265\274Z\305\007\307|\210\237\006g\253\265) \362"
 170      C507C77C 
 170      889F0667 
 170      ABB52920 
 170      F2
 171 0213 10ECA58B 		.ascii	"\020\354\245\213f1g\262'\332\037D\021\215\213\236\325"
 171      663167B2 
 171      27DA1F44 
 171      118D8B9E 
 171      D5
 172 0224 205F0460 		.ascii	" _\004`\237\177\206\205D\350L(ie\021\231\2463\012\364"
 172      9F7F8685 
 172      44E84C28 
 172      69651199 
 172      A6330AF4 
 173 0238 781627F5 		.ascii	"x\026'\365\231\337\271\301\315\002J\231L\240/1\223T"
 173      99DFB9C1 
 173      CD024A99 
 173      4CA02F31 
 173      9354
 174 024a 66D4E265 		.ascii	"f\324\342e\250\213\376\245\255\337\025s\370_\212\351"
 174      A88BFEA5 
 174      ADDF1573 
 174      F85F8AE9 
 175 025a D714B3C9 		.ascii	"\327\024\263\311\216L\225\014\374M1\345F\277b\224\035"
 175      8E4C950C 
 175      FC4D31E5 
 175      46BF6294 
 175      1D
 176 026b 8AE9DDBB 		.ascii	"\212\351\335\273\007pP\370t\333}\013\025L \001\016\355"
 176      077050F8 
 176      74DB7D0B 
 176      154C2001 
 176      0EED
 177 027d 54CC3009 		.ascii	"T\3140\011eD(fd\213b\326+\337u\030\177\212a@\023\303"
ARM GAS  /tmp/cc0HNTG6.s 			page 14


 177      65442866 
 177      648B62D6 
 177      2BDF7518 
 177      7F8A6140 
 178 0293 A82686ED 		.ascii	"\250&\206\355\223\037\333\234\274\270_\343C\361\377"
 178      931FDB9C 
 178      BCB85FE3 
 178      43F1FF
 179 02a2 6C9F8910 		.ascii	"l\237\211\020m\025\220\274\311D\247\203Q\2529\305\232"
 179      6D1590BC 
 179      C944A783 
 179      51AA39C5 
 179      9A
 180 02b3 6CB53B0F 		.ascii	"l\265;\017\036=\244\332\235\252\331n\263\331S\3254\273"
 180      1E3DA4DA 
 180      9DAAD96E 
 180      B3D953D5 
 180      34BB
 181 02c5 23DDA91E 		.ascii	"#\335\251\036O\210\217\215\317\240\010\263\335aI:\177"
 181      4F888F8D 
 181      CFA008B3 
 181      DD61493A 
 181      7F
 182 02d6 C4166506 		.ascii	"\304\026e\006}\362)\247\345\244\303\372\277\231)\020"
 182      7DF229A7 
 182      E5A4C3FA 
 182      BF992910 
 183 02e6 F3870C4B 		.ascii	"\363\207\014KF\272\210Wc\343\023\343\022\325XJP\343"
 183      46BA8857 
 183      63E313E3 
 183      12D5584A 
 183      50E3
 184 02f8 52CD67CF 		.ascii	"R\315g\317\235\266\250f\233\323\352L:c6SzH|b\202I\200"
 184      9DB6A866 
 184      9BD3EA4C 
 184      3A633653 
 184      7A487C62 
 185 030f A739ACFB 		.ascii	"\2479\254\373M\021\007@r\200\336f\261\331\035\027\340"
 185      4D110740 
 185      7280DE66 
 185      B1D91D17 
 185      E0
 186 0320 07973C88 		.ascii	"\007\227<\210\220"
 186      90
 187              		.text
 188              		.section	.gnu.lto_.symbol_nodes.1736043738942a5f,"",%progbits
 189 0000 789C6363 		.ascii	"x\234cc``\250\001b\006\246\205L\365\014\014\023\316"
 189      6060A801 
 189      6206A685 
 189      4CF50C0C 
 189      13CE
 190 0012 3130D433 		.ascii	"10\32430\356l9\330\340\300\300\3008\233\251\236\021"
 190      30EE6C39 
 190      D8E0C0C0 
 190      C0389BA9 
 190      9E11
 191 0024 2CC6C0D0 		.ascii	",\306\300\320\260\000$0\207\251\236\011Y\200i\006S="
ARM GAS  /tmp/cc0HNTG6.s 			page 15


 191      B0002430 
 191      87A99E09 
 191      59806906 
 191      533D
 192 0036 335417C3 		.ascii	"3T\027\303\256\006G\240\310L\246z\026\024\021\306YL"
 192      AE0647A0 
 192      C84CA67A 
 192      161411C6 
 192      594C
 193 0048 F5AC304D 		.ascii	"\365\2540M c\231\031X\031\226\264\277\221gfa`x\364R"
 193      20639919 
 193      581996B4 
 193      BF916766 
 193      616078F4 
 194 005d 870100BB 		.ascii	"\207\001\000\273\366\036\346"
 194      F61EE6
 195              		.text
 196              		.section	.gnu.lto_.refs.1736043738942a5f,"",%progbits
 197 0000 789C6363 		.ascii	"x\234cc``\340\004b&\006&F~&&\001\006\000\001\213\000"
 197      6060E004 
 197      62260626 
 197      467E2626 
 197      01060001 
 198 0016 38       		.ascii	"8"
 199              		.text
 200              		.section	.gnu.lto_.decls.1736043738942a5f,"",%progbits
 201 0000 789CBD58 		.ascii	"x\234\275XYPTW\032\356sO\26344h!\2311STM*E\225\314C"
 201      59505457 
 201      1AEE734F 
 201      B3343468 
 201      21993153 
 202 001b 0412ABC6 		.ascii	"\004\022\253\306\207\231T\020u\344\301\211\325$\251"
 202      87995410 
 202      75E4C189 
 202      D524A9
 203 002a C9538734 		.ascii	"\311S\2074\035a\302\226\356v\242\017S\271\244A\211D"
 203      1D61C296 
 203      EE76A20F 
 203      53B9A441 
 203      8944
 204 003c 05444514 		.ascii	"\005DE\024A\300\025P\\\000\025\027\026YD@m\024\204\200"
 204      41C01550 
 204      5C001517 
 204      16594440 
 204      6D148480 
 205 0050 20229BC8 		.ascii	" \"\233\310\346\016(\363\237s\356\355{\271\200\311\314"
 205      E60E28F3 
 205      9F73EEED 
 205      7BB980C9 
 205      CC
 206 0061 C3DCF2EF 		.ascii	"\303\334\362\357\313\177\356w\276\1779\377\331tT\251"
 206      CB7FEE77 
 206      BE7F39FF 
 206      D97454A9 
 207 0071 543F2C56 		.ascii	"T?,V\251R\261J\025\207T\252ix\324\320V\256\222\036G"
 207      A952B14A 
 207      158754AA 
ARM GAS  /tmp/cc0HNTG6.s 			page 16


 207      6978D4D0 
 207      56AE921E 
 208 0086 905290CB 		.ascii	"\220R\220\313 e \025 WA\352U\263\237\357\201c\001\274"
 208      20652015 
 208      205741EA 
 208      55B39FEF 
 208      816301BC 
 209 009a BF02F100 		.ascii	"\277\002\361\000\361\004\031\004\031\003Y\002R\0032"
 209      F1041904 
 209      19035902 
 209      520332
 210 00a9 09D20762 		.ascii	"\011\322\007b\003\321\203\274\006y\003r\035d\032\204"
 210      03D183BC 
 210      06790372 
 210      1D641A84 
 211 00b9 03E905B9 		.ascii	"\003\351\005\271/\263\255\006^\015b6E?\224O<\301\274"
 211      2FB3AD06 
 211      5E0D6236 
 211      453F944F 
 211      3CC1BC
 212 00cc C5F6A460 		.ascii	"\305\366\244`\313\035IqU\310\270\027\202x\200\274\203"
 212      CB1D4971 
 212      55C8B817 
 212      827880BC 
 212      83
 213 00dd 6673FF04 		.ascii	"fs\377\004mZ\201{\211\214\177L\306\031\011\362-\210"
 213      6D5A817B 
 213      898C7F4C 
 213      C61909F2 
 213      2D88
 214 00ef 3F4814C8 		.ascii	"?H\024\310\005h'T_\302\217\223\220\263\030\370\333$"
 214      05682754 
 214      5FC28F93 
 214      90B318F8 
 214      DB24
 215 0101 D8207189 		.ascii	"\330 q\2116\225O*F\027\312/]q\355D\035\010\362\201\026"
 215      36954F2A 
 215      4617CA2F 
 215      5D71ED44 
 215      1D08F281 
 216 0116 D25684D8 		.ascii	"\322V\204\330/\274\211P}Z|\020k\207V\216\275\004(Q\304"
 216      2FBC8950 
 216      7D5A7C10 
 216      6B87568E 
 216      BD042851 
 217 012b 2EC8DEC2 		.ascii	".\310\336\302\011\034\234\310K\377\011\004H\316\312"
 217      091C9CC8 
 217      4BFF0904 
 217      48CECA
 218 013a BE3373E2 		.ascii	"\2763s\342\303\"c\177\310\372\261&N2&\3532\313W\225"
 218      C322637F 
 218      C8FAB126 
 218      4E3226EB 
 218      32CB5795 
 219 014e FDB3DD29 		.ascii	"\375\263\335))H$$\241!%\243\311\245\013\335\203\257"
 219      29482424 
 219      A12125A3 
ARM GAS  /tmp/cc0HNTG6.s 			page 17


 219      C9A50BDD 
 219      83AF
 220 0160 5FAA5449 		.ascii	"_\252TI\316\220Wh\235\332v\271X\2139\372w\367\356\341"
 220      CE905768 
 220      9DDA76B9 
 220      588B39FA 
 220      77F7EEE1 
 221 0174 872ED88B 		.ascii	"\207.\330\213\376=\332c}\300-\315\347\331\343\234\201"
 221      FE3DDA63 
 221      7DC02DCD 
 221      E7D9E39C 
 221      81
 222 0185 55A81861 		.ascii	"U\250\030a1\241U\323/\312\026$b\344\341\2028Pm\243\365"
 222      31A155D3 
 222      2FCA1624 
 222      62E4E182 
 222      38506DA3 
 223 019a 19AEA07A 		.ascii	"\031\256\240z\272\240\205\240\346\377<\235\352\260x"
 223      BAA085A0 
 223      E6FF3C9D 
 223      EAB078
 224 01a9 37E99864 		.ascii	"7\351\230d\345\027r\350\253\337\241\363\310\013\235"
 224      E51772E8 
 224      ABDFA1F3 
 224      C80B9D
 225 01b8 435EE0CE 		.ascii	"C^\340\316\005\004\223\004E\251\031S\313\335\304&\315"
 225      05049304 
 225      45A91953 
 225      CBDDC426 
 225      CD
 226 01c9 FB597C59 		.ascii	"\373Y|Y\027_\366\"\335'\263~s\302M\350\367\025\305\241"
 226      175FF622 
 226      DD27B37E 
 226      73C24DE8 
 226      F715C5A1 
 227 01dd 22845109 		.ascii	"\"\204Q\011ZJ\242(\"\326\321Y\324\205\320\031\324\011"
 227      5A4AA228 
 227      22D6D159 
 227      D485D019 
 227      D409
 228 01ef 4194A2F7 		.ascii	"A\224\242\367\241\377\343\206\323\247\027\340\004D\235"
 228      A1FFE386 
 228      D3A717E0 
 228      04449D
 229 01fe 7EBBE14B 		.ascii	"~\273\341K3\014\337I()v\006\303]<\030\316[\366\272\260"
 229      330CDF49 
 229      28297606 
 229      C35D3C18 
 229      CE5BF6BA 
 230 0213 9F4F70A1 		.ascii	"\237Op\241 tQ\262zQ\210\031]\246\326\356w\035\032w\305"
 230      207451B2 
 230      7A518819 
 230      5DA6D6EE 
 230      771D1A77 
 231 0228 3799B58E 		.ascii	"7\231\265\216\370\224\251\005\002\303\370\277\323\371"
 231      F894A905 
 231      02C3F8BF 
ARM GAS  /tmp/cc0HNTG6.s 			page 18


 231      D3F9
 232 0236 0A8EF6BE 		.ascii	"\012\216\366\276\"\365\276\"\366.\243\275\217V==\204"
 232      22F5BE22 
 232      F62EA3BD 
 232      8F563D3D 
 232      84
 233 0247 710FEB9D 		.ascii	"q\017\353\235\222|\253\026C\357,\032\370\362\276\263"
 233      927CAB16 
 233      43EF2C1A 
 233      F8F2BEB3 
 234 0257 3C1F0F7E 		.ascii	"<\037\017~\253)G\271\304Q\256\214\273\202ru\216>\251"
 234      AB2947B9 
 234      C451AE8C 
 234      BB827275 
 234      8E3EA9
 235 026a 71C5A38C 		.ascii	"q\305\243\214\353\315\353\274sH\340\262\3751\235/\373"
 235      EBCDEBBC 
 235      7348E0B2 
 235      FD319D2F 
 235      FB
 236 027b 91E76399 		.ascii	"\221\347c\2317\225\022S\245\222\351*e\312J{>\340\210"
 236      37951253 
 236      A592E92A 
 236      65CA4A7B 
 236      3EE088
 237 028e ADAC041A 		.ascii	"\255\254\004\032\252\232\322\234p\006U\324\373\256\026"
 237      AA9AD29C 
 237      700655D4 
 237      FBAE16
 238 029d 0FBB228D 		.ascii	"\017\273\"\215\027\202\024\"\237-<\017\264\326$\230"
 238      17821422 
 238      9F2D3C0F 
 238      B4D62498 
 239 02ad 67E8232F 		.ascii	"g\350#/\344\347\245Bu\310\007\325 X(P-@\256A\226\323"
 239      E4E7A542 
 239      75C807D5 
 239      20582850 
 239      2D40AE41 
 240 02c3 7967DA92 		.ascii	"yg\332\222\316'\360\374B\372\347a\261\206TDE\325BN\330"
 240      CE27F0FC 
 240      42FAE761 
 240      B1865444 
 240      45D5424E 
 241 02d8 284C578F 		.ascii	"(LW\217\346;\313G\214@\244!\273>c\310\036\367e\034\322"
 241      E63BCB47 
 241      8C40A421 
 241      BB3E63C8 
 241      1EF7651C 
 242 02ed 0809EFAC 		.ascii	"\010\011\357\254\377\313\2040d\000BUR\230Ub\322\353"
 242      FFCB8430 
 242      64004255 
 242      52985562 
 242      D2EB
 243 02ff 6978B7E2 		.ascii	"ix\267\342\012\367cV\252jP\307\032\322\037\270\263R"
 243      0AF76356 
 243      AA6A50C7 
 243      1AD21FB8 
ARM GAS  /tmp/cc0HNTG6.s 			page 19


 243      B352
 244 0311 7D0FD4E1 		.ascii	"}\017\324\341\270\207]\256\354\353bPc\213rvhq-\313E"
 244      B8875DAE 
 244      ECEB6250 
 244      638B7276 
 244      68712DCB 
 245 0326 66FB5881 		.ascii	"f\373X\201\023n\240\012\327<\335\337\357\202\264>[I"
 245      136EA00A 
 245      D73CDDDF 
 245      EF82B43E 
 245      5B49
 246 0338 16B2ACBC 		.ascii	"\026\262\254\274f\015)\256F\360\264\001<EM\220\011\275"
 246      660D29AE 
 246      46F0B401 
 246      3C454D90 
 246      09BD
 247 034a 56708146 		.ascii	"Vp\201F\\\366\242m\331\376\313<\377\036\262!-\272%\371"
 247      5CF6A26D 
 247      D9FECB3C 
 247      FF1EB221 
 247      2DBA25F9 
 248 035e A7D7B268 		.ascii	"\247\327\262hv\3579~W\203\3430\265%\316 \0176\203\036"
 248      76EF397E 
 248      5783E330 
 248      B525CE20 
 248      0F36831E 
 249 0372 ED6F6BD3 		.ascii	"\355ok\323\342-\354\333\231\232\261\032\015\336\316"
 249      E22DECDB 
 249      999AB11A 
 249      0DDECE
 250 0381 94F4D2A7 		.ascii	"\224\364\322\247u\016\014\350\014j\353\315\302Dw\234"
 250      750E0CE8 
 250      0C6AEBCD 
 250      C244779C 
 251 0391 C2BE6DCE 		.ascii	"\302\276m\316\251|\345\206w1\345\350`\347\024\306iL"
 251      A97CE586 
 251      7731E5E8 
 251      60E714C6 
 251      694C
 252 03a3 993C5FC5 		.ascii	"\231<_\305;\343}L9R\323Z\263\000\037`\212\230\017\017"
 252      3BE37D4C 
 252      3952D35A 
 252      B3001F60 
 252      8A980F0F 
 253 03b7 968F13FD 		.ascii	"\226\217\023\375W\366\273\260\364\3600\263]v5\236\333"
 253      57F6BBB0 
 253      F4F030B3 
 253      5D76359E 
 253      DB
 254 03c8 88BCC9E3 		.ascii	"\210\274\311\343\343\275\310\333;\233DO\246\313\015"
 254      E3BDC8DB 
 254      3B9B444F 
 254      A6CB0D
 255 03d7 5B3FCFA7 		.ascii	"[?\317\247hilm\020[\037Z$%\343.\035;\177\370Q\261\016"
 255      68696C6D 
 255      105B1F5A 
 255      2425E32E 
ARM GAS  /tmp/cc0HNTG6.s 			page 20


 255      1D3B7FF8 
 256 03ee 75FF809A 		.ascii	"u\377\200\232\204H\011\372\266\022}C\211\036\377TB\267"
 256      844809FA 
 256      B6127D43 
 256      891EFF54 
 256      42B7
 257 0400 CECDDD88 		.ascii	"\316\315\335\210$x\267\014\376\213\022\356\253D\267"
 257      2478B70C 
 257      FE8B12EE 
 257      AB44B7
 258 040f C9D0ED73 		.ascii	"\311\320\355s\242\251'l\010\233o,\214\345yD@*a\370T"
 258      A2A9276C 
 258      089B6F2C 
 258      8CE57944 
 258      402A61F8 
 259 0424 76A6E6BB 		.ascii	"v\246\346\273\036\331V\276\326\217R\335\234;*f9\231"
 259      1ED956BE 
 259      D68F52DD 
 259      9C3B2A66 
 259      3999
 260 0436 96370852 		.ascii	"\2267\010R\253`\342y\301\032\014\210\016\241\013\360"
 260      AB60E279 
 260      C11A0C88 
 260      0EA10BF0 
 261 0446 A287503E 		.ascii	"\242\207P>=\310\033=\000\351\002\351\006\031\000\351"
 261      3DC81B3D 
 261      00E902E9 
 261      061900E9 
 262 0456 07B90FD2 		.ascii	"\007\271\017\322\213\274e\226+d\351lV\032\2763+A\023"
 262      8BBC6596 
 262      2B64E96C 
 262      561ABE33 
 262      2B4113
 263 0469 B2905BE6 		.ascii	"\262\220[\346\206\323\230\311B\262\227\177\355\252\225"
 263      86D398C9 
 263      42B2977F 
 263      EDAA95
 264 0478 D5B81CAB 		.ascii	"\325\270\034\253B\203HKg\026\274\311\372W{,\217\314"
 264      4283484B 
 264      6716BCC9 
 264      FA577B2C 
 264      8FCC
 265 048a AC252E88 		.ascii	"\254%.\210lD\013\240\351\344\320\371Wn\254\211V\365"
 265      6C440BA0 
 265      E9E4D0F9 
 265      576EAC89 
 265      56F5
 266 049c 8EF15C27 		.ascii	"\216\361\\'|\234V\032\327\331:\331\356\216\\|\022\354"
 266      7C9C561A 
 266      D7D93AD9 
 266      EE8E5C7C 
 266      12EC
 267 04ae EC2AC98D 		.ascii	"\354*\311\215\021H\000t\"9FC\320\370\010\032\331\030"
 267      11480074 
 267      22394643 
 267      D0F8081A 
 267      D918
ARM GAS  /tmp/cc0HNTG6.s 			page 21


 268 04c0 8C0C7FBC 		.ascii	"\214\014\177\274w\234L\243a\344\202\036K\323h\211\013"
 268      779C4CA3 
 268      61E4821E 
 268      4BD36889 
 268      0B
 269 04d1 73F9586E 		.ascii	"s\371Xnr\266#\036d6J\367=\254\342\346\2631>\257\215"
 269      72B6231E 
 269      64364AF7 
 269      3DACE2E6 
 269      B3313EAF 
 270 04e6 CE37EF57 		.ascii	"\3167\357W\303\342\313\2411\2601*\331\000\223\344\005"
 270      C3E2CBA1 
 270      31B0312A 
 270      D90093E4 
 270      05
 271 04f7 AD60286D 		.ascii	"\255`(ms\373i\265K\002\351\300r\003SFJ\315\023\002\205"
 271      73FB69B5 
 271      4B02E9C0 
 271      72035346 
 271      4ACD1302 
 272 050c 02A20B17 		.ascii	"\002\242\013\027\240+\306\013\217h\331\274\302\262u"
 272      A02BC60B 
 272      8F68D9BC 
 272      C2B275
 273 051b C693AD33 		.ascii	"\306\223\2553w^^\232\320\342\0145]f\363\255\307G\325"
 273      775E5E9A 
 273      D0E20C35 
 273      5D66F3AD 
 273      C747D5
 274 052e C8872DB3 		.ascii	"\310\207-\263.\262\345r\002\274y.-\227tM\035\375\201"
 274      2EB2E572 
 274      02BC792E 
 274      2D97744D 
 274      1DFD81
 275 0541 34D37596 		.ascii	"4\323u\226\274i\240|\016\217\027\333\027\345\027\020"
 275      BC69A07C 
 275      0E8F17DB 
 275      17E51710 
 276 0551 E604F5E6 		.ascii	"\346\004\365\346\025\020\276d\356\244\367\345\025\""
 276      1510BE64 
 276      EEA4F7E5 
 276      1522
 277 055f 8F24A110 		.ascii	"\217$\241\020?A\224\373\031|\177J\275\237D\036b\014"
 277      3F4194FB 
 277      197C7F4A 
 277      BD9F441E 
 277      620C
 278 0571 54811EC9 		.ascii	"T\201\036\311\243\343;\035\347\015wJ\014\327\217\322"
 278      A3E33B1D 
 278      E70D774A 
 278      0CD78FD2 
 279 0581 FF583A3C 		.ascii	"\377X:<\251V\322K\313\370kJ?\305\350_S\372\246\206\201"
 279      A956D24B 
 279      CBF86B4A 
 279      3FC5E85F 
 279      53FAA686 
 280 0596 4C2CAF34 		.ascii	"L,\2574\262\212K\374o\204J{C+-sjr\257\273\034|i\006"
ARM GAS  /tmp/cc0HNTG6.s 			page 22


 280      B28A4BFC 
 280      6F844A7B 
 280      432B2D73 
 280      6A72AFBB 
 281 05ae 785A004F 		.ascii	"xZ\000OSps\273-M\203\263in\321\361\202\003\205\3568"
 281      537073BB 
 281      2D4D83B3 
 281      696ED1F1 
 281      820385EE 
 282 05c3 9F298915 		.ascii	"\237)\211\025\225\373\035\325\234\012\305r\230\025O"
 282      95FB1DD5 
 282      9C0AC572 
 282      98154F
 283 05d2 EF8EFE72 		.ascii	"\357\216\376r\265|\373\031\233\341\267\225\223o?\345"
 283      B57CFB19 
 283      9BE1B795 
 283      936F3FE5 
 284 05e2 3BEE3538 		.ascii	";\35658\013G\225\226\035x\350\310\201m|V,\377\011l\027"
 284      0B479596 
 284      1D78E8C8 
 284      816D7C56 
 284      2CFF096C 
 285 05f7 0084F552 		.ascii	"\000\204\365R\250\033\364#\247&\332\314\3156\216#\273"
 285      A81BF423 
 285      A726DACC 
 285      CD368E23 
 285      BB
 286 0608 D1D0E196 		.ascii	"\321\320\341\226\205\370\325|\356\324\034-*Gj\216\225"
 286      85F8D57C 
 286      EED41C2D 
 286      2A476A8E 
 286      95
 287 0619 1CB10B6D 		.ascii	"\034\261\013m{\232\262/\270\315{\246I\240\036n\341\004"
 287      7B9AB22F 
 287      B8CD7BA6 
 287      49A01E6E 
 287      E104
 288 062b 1763CF65 		.ascii	"\027c\317e\334w\024\\l\256\373\303a+\177\024\272\345"
 288      DC77145C 
 288      6CAEFBC3 
 288      612B7F14 
 288      BAE5
 289 063d 228243F1 		.ascii	"\"\202C\361v\0077\203\203\361J\007\177\242\016\366L"
 289      76073783 
 289      83F14A07 
 289      7FA20EF6 
 289      4C
 290 064e 165C10F6 		.ascii	"\026\\\020\366\003GP\257\324\307]t\235\267\012\0229"
 290      034750AF 
 290      D4C75D74 
 290      9DB70A12 
 290      39
 291 065f A10AB672 		.ascii	"\241\012\266r\264\014\236n\215\177!\354\265Nd\013\352"
 291      B40C9E6E 
 291      8D7F21EC 
 291      B54E640B 
 291      EA
ARM GAS  /tmp/cc0HNTG6.s 			page 23


 292 0670 DDBF5DCB 		.ascii	"\335\277]\313\212~9\250y\335\251\327g\325\3406\316\013"
 292      8A7E39A8 
 292      79DDA9D7 
 292      67D5E036 
 292      CE0B
 293 0682 FDCC11B2 		.ascii	"\375\314\021\262\355\234\207HI\025\350q\255\247\240"
 293      ED9C8748 
 293      4915E871 
 293      ADA7A0
 294 0691 C21D5B1D 		.ascii	"\302\035[\035h\272\352&k\0178\210'\305<\277\243\326"
 294      68BAEA26 
 294      6B0F3888 
 294      27C53CBF 
 294      A3D6
 295 06a3 44967E56 		.ascii	"D\226~V\015;8\373\254\335\241\214,\211F\326\225\331"
 295      0D3B38FB 
 295      ACDDA18C 
 295      2C8946D6 
 295      95D9
 296 06b5 B7D30DA7 		.ascii	"\267\323\015\2471\262WONN\210ci\313\300\354\310t\220"
 296      31B2574F 
 296      4E4E8863 
 296      69CBC0EC 
 296      C87490
 297 06c8 1D999225 		.ascii	"\035\231\222%\252d%U\012\245j\351\255\010\305\271\016"
 297      AA642555 
 297      0AA56AE9 
 297      AD08C5B9 
 297      0E
 298 06d9 F31555E9 		.ascii	"\363\025U\351\315\001$\325\311\335\223\373\354uB\206"
 298      CD0124D5 
 298      C9DD93FB 
 298      EC754286 
 299 06e9 61A77D18 		.ascii	"a\247}\030Ra\030v*-\354\242\026\362\033j\332\205L& "
 299      52611876 
 299      2A2DECA2 
 299      16F21B6A 
 299      DA854C26 
 300 06fe 724E1A68 		.ascii	"rN\032h\315\3210}\224n\333S\031%\202\356\011\352\353"
 300      CDD1307D 
 300      946EDB53 
 300      192582EE 
 300      09EAEB
 301 0711 CEA42427 		.ascii	"\316\244$'\226\351,\002\277\337\321\267\325\035\237"
 301      96E92C02 
 301      BFDFD1B7 
 301      D51D9F
 302 0720 661E0EA5 		.ascii	"f\036\016\245%Z\027\314;\206\373\3041l`+\305\355\216"
 302      255A17CC 
 302      3B86FBC4 
 302      316C602B 
 302      C5ED8E
 303 0733 87BBB5D2 		.ascii	"\207\273\265\322(\251i)\356\205QJ\243\243\264\237\216"
 303      28A96929 
 303      EE85514A 
 303      A3A3B49F 
 303      8E
ARM GAS  /tmp/cc0HNTG6.s 			page 24


 304 0744 12EDC426 		.ascii	"\022\355\304&~k\262p\021\350\"z\221\255\345\271\006"
 304      7E6BB270 
 304      11E8227A 
 304      91ADE5B9 
 304      06
 305 0755 5F64865B 		.ascii	"_d\206[wo\035r \206\255`8\341W\327b\350\221\333{jD#"
 305      776F1D72 
 305      2086AD60 
 305      38E157D7 
 305      62E891DB 
 306 076d 379EC9BD 		.ascii	"7\236\311\275\305xS\357\3018a\215\275I\364\342\336k"
 306      C57853EF 
 306      C138618D 
 306      BD49F4E2 
 306      DE6B
 307 077f D5E2E185 		.ascii	"\325\342\341\205d\241\264\332v\015\341r\346LWR\345\364"
 307      64A1B4DA 
 307      760DE172 
 307      E64C5752 
 307      E5F4
 308 0791 FC59C815 		.ascii	"\374Y\310\025\263\360\2249\362,\251p\2652\011\331\340"
 308      B3F09439 
 308      F22CA970 
 308      B53209D9 
 308      E0
 309 07a2 07DB2E0F 		.ascii	"\007\333.\017Q?rE?\366f\014\236\340\224^\317\213N\254"
 309      513F7245 
 309      3FF6660C 
 309      9EE0945E 
 309      CF8B4EAC 
 310 07b6 2AAA1686 		.ascii	"*\252\026\206\266\226\226\313\2333uN\270\232y\2713\345"
 310      B69696CB 
 310      9B33754E 
 310      B89A79B9 
 310      33E5
 311 07c8 659D33AE 		.ascii	"e\2353\256cJ\311p"
 311      634AC970 
 312 07d0 5E891B43 		.ascii	"^\211\033C\226\311uOA\177\2227z\310\0217\012\340\242"
 312      96C9754F 
 312      417F9237 
 312      7AC81137 
 312      0AE0A2
 313 07e3 9C1167A5 		.ascii	"\234\021g\245\313y\340\004;1\025p\322\022LR\023\233"
 313      CB79E004 
 313      3B311570 
 313      D2124C52 
 313      139B
 314 07f5 7B072B5D 		.ascii	"{\007+]\236\027-Nd\0176\221\323^\035\034t\3036f7\315"
 314      9E172D4E 
 314      640F3691 
 314      D35E1D1C 
 314      74C33666 
 315 080b 766A9538 		.ascii	"vj\2258\306\277\276\337\222S\374\360\324Iw\334\302z"
 315      C6BFBEDF 
 315      9253FCF0 
 315      D44977DC 
 315      C27A
ARM GAS  /tmp/cc0HNTG6.s 			page 25


 316 081d 97965CAC 		.ascii	"\227\226\\\254\026\216\263~d\211\310/ot\305\355\354"
 316      168EB37E 
 316      6489C82F 
 316      6F74C5ED 
 316      EC
 317 082e DB5452E6 		.ascii	"\333TR\346\031\015\356f\312\276'\035\003B\301\373\220"
 317      190DEE66 
 317      CABE271D 
 317      0342C1FB 
 317      90
 318 083f ED35E740 		.ascii	"\3555\347@\212\006\367\261o\323I\011{\235\360\020SR"
 318      8A06F7B1 
 318      6FD34909 
 318      7B9DF010 
 318      5352
 319 0851 1B53735C 		.ascii	"\033Ss\\\361\030S&\373S[\021\353\245\225U\253\247P\255"
 319      F1185326 
 319      FB535B11 
 319      EBA59555 
 319      ABA750AD 
 320 0865 279E6FDF 		.ascii	"'\236o\337\343\212_0lKk\334y\001\353\012\2525\377r\261"
 320      E38A5F30 
 320      6C4B6BDC 
 320      7901EB0A 
 320      AA35FF72 
 321 087a C3BCF572 		.ascii	"\303\274\365rY\254\227Kl\345;\031\337s\314\031:{\301"
 321      59AC974B 
 321      6CE53B19 
 321      DF73CC19 
 321      3A7BC1
 322 088d 5908C90E 		.ascii	"Y\010\311\016B^\354 t\266\354I\201\032ORC\334\251\202"
 322      425EEC20 
 322      74B6EC49 
 322      811A4F52 
 322      43DCA982 
 323 08a1 9E7F221F 		.ascii	"\236\177\"\037\027\361x\2634~\0139zT\302\000\224K+\217"
 323      17F178B3 
 323      347E0B39 
 323      7A54C200 
 323      944B2B8F 
 324 08b5 1749FD1C 		.ascii	"\027I\375\034\273{\005\347CHiR\313`\274\2560\373\307"
 324      BB7B05E7 
 324      43486952 
 324      CB60BCAE 
 324      30FBC7
 325 08c8 328F5E75 		.ascii	"2\217^u\303\361\216\324\300\275\202\221Fl\267\000\207"
 325      C3F18ED4 
 325      C0BD8291 
 325      466CB700 
 325      87
 326 08d9 9B33F470 		.ascii	"\2333\364pS\015\026\256J\026*\271yLT\315mb\333\211\334"
 326      530D16AE 
 326      4A162AB9 
 326      794C54CD 
 326      6D62DB89 
 327 08ee 2B8EF2E5 		.ascii	"+\216\362\345\233\360\225\302\367\013tn\326\320\222"
 327      9BF095C2 
ARM GAS  /tmp/cc0HNTG6.s 			page 26


 327      F70B746E 
 327      D6D092
 328 08fd B96C5F18 		.ascii	"\271l_\030\256\376\364\010\261\272\370M\354\215\275"
 328      AEFEF408 
 328      B1BAF84D 
 328      EC8DBD
 329 090c 89375CE5 		.ascii	"\2117\\\345\354\265oc\277dk\377\004o\243\321\242g\215"
 329      ECB56F63 
 329      BF646BFF 
 329      046FA3D1 
 329      A2678D
 330 091f EDF7114E 		.ascii	"\355\367\021NfJ\334\365kG\234\360.\246\014\035k\250"
 330      664ADCF5 
 330      6B479CF0 
 330      2EA60C1D 
 330      6BA8
 331 0931 75C4FB98 		.ascii	"u\304\373\230\322\323;q\016\343,\246\034\036\312\336"
 331      D2D33B71 
 331      0EE32CA6 
 331      1C1ECADE 
 332 0941 A6C18784 		.ascii	"\246\301\207\204>=\303\215\302\335\353g2v\223\243\305"
 332      3E3DC38D 
 332      C2DDEB67 
 332      327693A3 
 332      C5
 333 0952 B7C52A21 		.ascii	"\267\305*!w\254\301g\017\247\235q\036\005\377\376\224"
 333      77ACC167 
 333      0FA79D71 
 333      1E05FFFE 
 333      94
 334 0963 AD3E4B43 		.ascii	"\255>KCnD\213\274\245\307Gxg\363\251\261|\331\215F\274"
 334      6E448BBC 
 334      A5C74778 
 334      67F3A9B1 
 334      7CD98D46 
 335 0978 EF461D94 		.ascii	"\357F\035\224M\005B\2079\017\224\0039o\346\026\331W"
 335      4D054287 
 335      390F9403 
 335      396FE616 
 335      D957
 336 098a 04749093 		.ascii	"\004t\220\223\335x\342\240G\305F\370\211\205\375\016"
 336      DD78E2A0 
 336      47C546F8 
 336      8985FD0E 
 337 099a D01705B4 		.ascii	"\320\027\005\264\030\373\314\373Q\252\025\366\253M\354"
 337      18FBCCFB 
 337      51AA15F6 
 337      AB4DEC
 338 09a9 3C4FA6EC 		.ascii	"<O\246\354Q\001m\237tG\270y\356\035\267\200\357&\375"
 338      51016D9F 
 338      7447B879 
 338      EE1DB780 
 338      EF26FD
 339 09bc 48F0E4D2 		.ascii	"H\360\344\322\321\015#\361\220\363F\255 \017@\372A~"
 339      D10D23F1 
 339      90F346AD 
 339      200F40FA 
ARM GAS  /tmp/cc0HNTG6.s 			page 27


 339      417E
 340 09ce 016907B9 		.ascii	"\001i\007\271\015\322\003\322\013\322\011r\037\244\013"
 340      0DD203D2 
 340      0BD20972 
 340      1FA40B
 341 09dd A405A40F 		.ascii	"\244\005\244\017d\000\244\015\344\016H\023\310]\220"
 341      6400A40D 
 341      E40E4813 
 341      C85D90
 342 09ec 7B201D9C 		.ascii	"{ \035\234xQ\211\003O\30772OO\201\247\247\225\236\236"
 342      78518903 
 342      4FC73732 
 342      4F4F81A7 
 342      A7959E9E 
 343 0a00 946781E4 		.ascii	"\224g\201\344\255{S,EgA\026\016\010hq\355G\0313r\006"
 343      AD7B532C 
 343      45674116 
 343      0E086871 
 343      ED471933 
 344 0a16 DC6DD112 		.ascii	"\334m\321\022w\243\222{\306\265\217\344\254N\226\263"
 344      77A3927B 
 344      C6B58FE4 
 344      AC4E96B3 
 345 0a26 6373E74C 		.ascii	"cs\347L\306=.\343\276\256D\337A\012\364\204\014]77Z"
 345      C63D2EE3 
 345      BEAE44DF 
 345      410AF484 
 345      0C5D3737 
 346 0a3b 7485926F 		.ascii	"t\205\222o\222\3406%|\267\334\0252{\007\205\244\300"
 346      92E03625 
 346      7CB7DC15 
 346      327B0785 
 346      A4C0
 347 0a4d D687D295 		.ascii	"\326\207\322\225I\331\303)\311\333d\031/Q\222\027\317"
 347      49D9C329 
 347      C9DB6419 
 347      2F519217 
 347      CF
 348 0a5e 820FCAE0 		.ascii	"\202\017\312\340g\225\3603\263\340\3352x\321\334p\331"
 348      6795F033 
 348      B3E0DD32 
 348      78D1DC70 
 348      D9
 349 0a6f EDB97AC4 		.ascii	"\355\271z\304\203\336\236\0015\363\366L\250zG<\331\355"
 349      83DE9E01 
 349      35F3F64C 
 349      A87A473C 
 349      D9ED
 350 0a81 99703528 		.ascii	"\231p5(\271\356*s\\'\263|^\211\276\207\224\303m\213"
 350      B9EE2A73 
 350      5C27B37C 
 350      5E89BE87 
 350      94C36D8B 
 351 0a95 9686FBC6 		.ascii	"\226\206\373\306\234\305!\343\266\311\270\317\315\235"
 351      9CC521E3 
 351      B6C9B8CF 
 351      CD9D
ARM GAS  /tmp/cc0HNTG6.s 			page 28


 352 0aa3 33F968CB 		.ascii	"3\371h\313\320\205s\327\364\214\014\313\212\243~\356"
 352      D08573D7 
 352      F48C0CCB 
 352      8AA37EEE 
 353 0ab3 30ED8E93 		.ascii	"0\355\216\223\225@\030n8O\240|\001.n\313\350\270\344"
 353      9540186E 
 353      384FA07C 
 353      012E6ECB 
 353      E8B8E4
 354 0ac6 0B59313B 		.ascii	"\013Y1;w5\252\361\010[\362;\006\316&\272\242E>sNy4\004"
 354      7735AAF1 
 354      085BF23B 
 354      06CE26BA 
 354      A2453E73 
 355 0ade 33FDFF31 		.ascii	"3\375\3771\353\331\270\277y\345\010\327W\364\010\014"
 355      EBD9B8BF 
 355      79E508D7 
 355      57F4080C 
 356 0aee 0E4ADB0D 		.ascii	"\016J\333\015\251\002\352wNow\245Z~\231{\304\311\377"
 356      A902EA77 
 356      4E6F77A5 
 356      5A7E997B 
 356      C4C9FF
 357 0b01 8FE131C7 		.ascii	"\217\3411\307.s\360\236\353\346wa\306\315oX\000\017"
 357      2E73F09E 
 357      EBE67761 
 357      C6CD6F58 
 357      000F
 358 0b13 5370E5F3 		.ascii	"Sp\345\363\346\002'\374\222\255\352\327\023\254\245"
 358      E60227FC 
 358      92ADEAD7 
 358      13ACA5
 359 0b22 F6FF58CE 		.ascii	"\366\377X\316\363\316\234y]\030\221\034\033Q\236\300"
 359      F3CE9C79 
 359      5D18911C 
 359      1B519EC0 
 360 0b32 47E909FC 		.ascii	"G\351\011\374\360\213\227\211\3568\321\211\222\235/"
 360      F08B9789 
 360      EE38D189 
 360      929D2F
 361 0b41 39785BBC 		.ascii	"9x[\274{\330\322g^\027\306$\2521%\3258\367\276\352]"
 361      7BD8D267 
 361      5E17C624 
 361      AA3125D5 
 361      38F7BEEA 
 362 0b56 7D4CB4C9 		.ascii	"}L\264\311\242\0177}\2477\306\204GD\257\337`\\\032\023"
 362      A20F377D 
 362      A737C684 
 362      4744AFDF 
 362      605C1A13 
 363 0b6a 62B22CF5 		.ascii	"b\262,\365\363[\352k\010\013\377:<\332\354\277\374C"
 363      F35BEA6B 
 363      080BFF3A 
 363      3CDAECBF 
 363      FC43
 364 0b7c DF68B3AF 		.ascii	"\337h\263\257!:22:\312\227\340\315\276\001\272\265\201"
 364      213A3232 
ARM GAS  /tmp/cc0HNTG6.s 			page 29


 364      3ACA97E0 
 364      CDBE01BA 
 364      B581
 365 0b8e 6B3702C2 		.ascii	"k7\002\302\020m2\352\377\365\347\310\245\006\347\277"
 365      106D32EA 
 365      FFF5E7C8 
 365      A506E7BF 
 366 0b9e FDFDF3F7 		.ascii	"\375\375\363\367\002\375\375U\376\377mO\325;\314\013"
 366      02FDFD55 
 366      FEFF6D4F 
 366      D53BCC0B 
 367 0bae F3F7E116 		.ascii	"\363\367\341\026C\230\376\033St\244>\334l\372oy\302"
 367      4398FE1B 
 367      5374A43E 
 367      DC6CFA6F 
 367      79C2
 368 0bc0 548B188F 		.ascii	"T\213\030\217qc\270\305\316\342\032\374E\240~MHTh\204"
 368      7163B8C5 
 368      CEE21AFC 
 368      45A07E4D 
 368      48546884 
 369 0bd4 D1E4313B 		.ascii	"\321\3441;\332w\015a\301\206\260 \363:\223\321\030\031"
 369      DA770D61 
 369      C186B020 
 369      F33A93D1 
 369      1819
 370 0be6 63098F8E 		.ascii	"c\011\217\216\322\031\277\333\020n2\206:\350WDGGx+\235"
 370      D219BFDB 
 370      106E3286 
 370      3AE85744 
 370      4747782B 
 371 0bfb 30597CC3 		.ascii	"0Y|\303\243\014\021\033B\215\360\301l\010\013\005\273"
 371      A30C111B 
 371      428DF0C1 
 371      6C080B05 
 371      BB
 372 0c0c EA8D3166 		.ascii	"\352\2151f\223\263\311\270>\304\024\251\267|\360\333"
 372      93B3C9B8 
 372      3EC414A9 
 372      B77CF0DB 
 373 0c1c FD86BE5C 		.ascii	"\375\206\276\\\214\3011\302\244\267\204\205b\223\377"
 373      8CC131C2 
 373      A4B78485 
 373      6293FF
 374 0c2b 879CE923 		.ascii	"\207\234\351#\316\004\277\376\234\311\317U\010\306b"
 374      CE04BFFE 
 374      9CC9CF55 
 374      08C662
 375 0c3a B06C74D1 		.ascii	"\260lt\321\3537\204GY>\372PoY\346\273\301l\362\005K"
 375      EB378447 
 375      593EFA50 
 375      6F59E6BB 
 375      C16CF205 
 376 0c4f 1F444547 		.ascii	"\037DEG\031?0\206|\035n\367(2\004,G\031}\365\241\306"
 376      193F3086 
 376      7C1D6EF7 
 376      2832042C 
ARM GAS  /tmp/cc0HNTG6.s 			page 30


 376      47197DF5 
 377 0c65 6F423644 		.ascii	"oB6DX\364\226M1F3Xq\026{\377\351-\275\315\233\314\276"
 377      58F4964D 
 377      31463358 
 377      71167BFF 
 377      E92DBDCD 
 378 0c7c 7AB32514 		.ascii	"z\263%\024\240$(CX\210I\243\327\2577Z\364\353\202\327"
 378      A0242843 
 378      588849A3 
 378      D7AF375A 
 378      F4EB82D7 
 379 0c90 B985447C 		.ascii	"\271\205D|\037\262\311\254\017\217\212\000\013\037\317"
 379      1FB2C9AC 
 379      0F8F8A00 
 379      0B1FCF
 380 0c9f 1323784B 		.ascii	"\023#xK\"\364\015\\\033\034\024\354\033\010!\372\006"
 380      22F40D5C 
 380      1B1C14EC 
 380      1B0821FA 
 380      06
 381 0cb0 89D98A34 		.ascii	"\211\331\2124\207\233\365\353\015\006\340\006Z3\243"
 381      879BF5EB 
 381      0D06E006 
 381      5A33A3
 382 0cbf F5A4416E 		.ascii	"\365\244An\210\212\2106|+\215\231\254\321\215AW\004"
 382      888A8836 
 382      7C2B8D99 
 382      ACD18D41 
 382      5704
 383 0cd1 04AF5AA7 		.ascii	"\004\257Z\247\013\322\350V\005\257\322}\261j\245\237"
 383      0BD2E856 
 383      05AFD27D 
 383      B16AA59F 
 384 0ce1 3A283840 		.ascii	":(8@\247^\273v\265\016\007\254\324\341\225\360^\267"
 384      A75EBB76 
 384      B50E07AC 
 384      D4E195F0 
 384      5EB7
 385 0cf3 5AA70E58 		.ascii	"Z\247\016X\035\254S\257X\035\240s\200O\000XI\3645\344"
 385      1DAC53AF 
 385      581DA073 
 385      804F0058 
 385      49F435E4 
 386 0d07 27107E1C 		.ascii	"'\020~\034\202\327\004\006\353p\360\232u\032\226\320"
 386      82D70406 
 386      EB70F09A 
 386      751A96D0 
 387 0d17 E57A8B93 		.ascii	"\345z\213\223\360\306\201\201\360%P\347\020\020\244"
 387      F0C68181 
 387      F02550E7 
 387      1010A4
 388 0d26 0BD4A9BF 		.ascii	"\013\324\251\277\370\354S\235:\010\320\016\201\353>"
 388      F8EC539D 
 388      3A08D00E 
 388      81EB3E
 389 0d35 0F5A09BF 		.ascii	"\017Z\011\277\001\201\272\277\376\017a\223\3624D.#\203"
 389      0181BABF 
ARM GAS  /tmp/cc0HNTG6.s 			page 31


 389      FE0F6193 
 389      F234442E 
 389      2383
 390 0d47 101CB842 		.ascii	"\020\034\270B\377\031\214\210\007\215oF\310\032{\323"
 390      FF198C88 
 390      078D6F46 
 390      C81A7BD3 
 391 0d57 7F00DE76 		.ascii	"\177\000\336vP\263"
 391      50B3
 392              		.text
 393              		.section	.gnu.lto_.symtab.1736043738942a5f,"",%progbits
 394 0000 5356435F 		.ascii	"SVC_Handler\000"
 394      48616E64 
 394      6C657200 
 395 000c 00       		.ascii	"\000"
 396 000d 00       		.ascii	"\000"
 397 000e 00       		.ascii	"\000"
 398 000f 00000000 		.ascii	"\000\000\000\000\000\000\000\000"
 398      00000000 
 399 0017 C2000000 		.ascii	"\302\000\000\000"
 400 001b 5F706F72 		.ascii	"_port_irq_epilogue\000"
 400      745F6972 
 400      715F6570 
 400      696C6F67 
 400      756500
 401 002e 00       		.ascii	"\000"
 402 002f 00       		.ascii	"\000"
 403 0030 00       		.ascii	"\000"
 404 0031 00000000 		.ascii	"\000\000\000\000\000\000\000\000"
 404      00000000 
 405 0039 C4000000 		.ascii	"\304\000\000\000"
 406 003d 5F706F72 		.ascii	"_port_switch_from_isr\000"
 406      745F7377 
 406      69746368 
 406      5F66726F 
 406      6D5F6973 
 407 0053 00       		.ascii	"\000"
 408 0054 02       		.ascii	"\002"
 409 0055 00       		.ascii	"\000"
 410 0056 00000000 		.ascii	"\000\000\000\000\000\000\000\000"
 410      00000000 
 411 005e BE000000 		.ascii	"\276\000\000\000"
 412 0062 5F706F72 		.ascii	"_port_exit_from_isr\000"
 412      745F6578 
 412      69745F66 
 412      726F6D5F 
 412      69737200 
 413 0076 00       		.ascii	"\000"
 414 0077 02       		.ascii	"\002"
 415 0078 00       		.ascii	"\000"
 416 0079 00000000 		.ascii	"\000\000\000\000\000\000\000\000"
 416      00000000 
 417 0081 C0000000 		.ascii	"\300\000\000\000"
 418 0085 63685363 		.ascii	"chSchIsPreemptionRequired\000"
 418      68497350 
 418      7265656D 
 418      7074696F 
ARM GAS  /tmp/cc0HNTG6.s 			page 32


 418      6E526571 
 419 009f 00       		.ascii	"\000"
 420 00a0 02       		.ascii	"\002"
 421 00a1 00       		.ascii	"\000"
 422 00a2 00000000 		.ascii	"\000\000\000\000\000\000\000\000"
 422      00000000 
 423 00aa CC000000 		.ascii	"\314\000\000\000"
 424              		.text
 425              		.section	.gnu.lto_.opts,"",%progbits
 426 0000 272D666D 		.ascii	"'-fmath-errno' '-fsigned-zeros' '-ftrapping-math' '"
 426      6174682D 
 426      6572726E 
 426      6F272027 
 426      2D667369 
 427 0033 2D666E6F 		.ascii	"-fno-trapv' '-fno-openmp' '-fno-openacc' '-mcpu=cor"
 427      2D747261 
 427      70762720 
 427      272D666E 
 427      6F2D6F70 
 428 0066 7465782D 		.ascii	"tex-m4' '-mno-thumb-interwork' '-mthumb' '-O2' '-fo"
 428      6D342720 
 428      272D6D6E 
 428      6F2D7468 
 428      756D622D 
 429 0099 6D69742D 		.ascii	"mit-frame-pointer' '-falign-functions=16' '-ffuncti"
 429      6672616D 
 429      652D706F 
 429      696E7465 
 429      72272027 
 430 00cc 6F6E2D73 		.ascii	"on-sections' '-fdata-sections' '-fno-common' '-flto"
 430      65637469 
 430      6F6E7327 
 430      20272D66 
 430      64617461 
 431 00ff 2700     		.ascii	"'\000"
 432              		.text
 433              		.comm	__gnu_lto_v1,1,1
 434              		.comm	__gnu_lto_slim,1,1
 435              		.ident	"GCC: (GNU Tools for Arm Embedded Processors 7-2018-q3-update) 7.3.1 20180622 (release) [AR
ARM GAS  /tmp/cc0HNTG6.s 			page 33


DEFINED SYMBOLS
                            *ABS*:0000000000000000 chcore_v7m.c
                            *COM*:0000000000000001 __gnu_lto_v1
                            *COM*:0000000000000001 __gnu_lto_slim

NO UNDEFINED SYMBOLS
