ARM GAS  /tmp/ccNyibFp.s 			page 1


   1              		.cpu cortex-m4
   2              		.eabi_attribute 20, 1
   3              		.eabi_attribute 21, 1
   4              		.eabi_attribute 23, 3
   5              		.eabi_attribute 24, 1
   6              		.eabi_attribute 25, 1
   7              		.eabi_attribute 26, 1
   8              		.eabi_attribute 30, 2
   9              		.eabi_attribute 34, 1
  10              		.eabi_attribute 18, 4
  11              		.file	"crt1.c"
  12              		.section	.gnu.lto_.profile.d0be55baece1ce62,"",%progbits
  13 0000 789C6363 		.ascii	"x\234cc```\001bF\006IQ\000\000\277\000:"
  13      60606001 
  13      62460649 
  13      510000BF 
  13      003A
  14              		.text
  15              		.section	.gnu.lto_.icf.d0be55baece1ce62,"",%progbits
  16 0000 789C6363 		.ascii	"x\234cc``Pc@\0006\206?[^_\344e\004\223L`\222\271\377"
  16      60605063 
  16      40003686 
  16      3F5B5E5F 
  16      E4650493 
  17 0019 C5BB878C 		.ascii	"\305\273\207\214,\353\256m~\302\303z\361\333\306\036"
  17      2CEBAE6D 
  17      7EC2C37A 
  17      F1DBC61E 
  18 0029 3E060098 		.ascii	">\006\000\2308\024-"
  18      38142D
  19              		.text
  20              		.section	.gnu.lto_.jmpfuncs.d0be55baece1ce62,"",%progbits
  21 0000 789C6363 		.ascii	"x\234cc``\020d@\000V fd``b``f``\001r\000\003o\000'"
  21      60601064 
  21      40005620 
  21      66646060 
  21      62606066 
  22              		.text
  23              		.section	.gnu.lto_.inline.d0be55baece1ce62,"",%progbits
  24 0000 789C6363 		.ascii	"x\234cc``\210c@\000V\006\006f&F\006& \223m\201<\210"
  24      60608863 
  24      40005606 
  24      06662646 
  24      06262093 
  25 0018 6260C410 		.ascii	"b`\304\020a\302\020a\006\362 \",`\022H\211\374`\001"
  25      61C21061 
  25      06F22022 
  25      2C601248 
  25      89FC6001 
  26 002c 8A289DF8 		.ascii	"\212(\235\370\341\303\300\326\001Q\305\000\000\376\366"
  26      E1C3C0D6 
  26      0151C500 
  26      00FEF6
  27 003b 06DC     		.ascii	"\006\334"
  28              		.text
  29              		.section	.gnu.lto_.pureconst.d0be55baece1ce62,"",%progbits
  30 0000 789C6363 		.ascii	"x\234cc``\340\006bV\006\011F\011&\011f\023\026)\000"
ARM GAS  /tmp/ccNyibFp.s 			page 2


  30      6060E006 
  30      62560609 
  30      46092609 
  30      66131629 
  31 0015 043700B7 		.ascii	"\0047\000\267"
  32              		.text
  33              		.section	.gnu.lto___core_init.d0be55baece1ce62,"",%progbits
  34 0000 789C6363 		.ascii	"x\234cc``\250\003b[ \226\006bFf\006F\246\011\347\030"
  34      6060A803 
  34      625B2096 
  34      06624666 
  34      0646A609 
  35 0016 181A3998 		.ascii	"\030\0329\230\030\031A\214\006\016F\206z&\306z\306\036"
  35      1819418C 
  35      060E4686 
  35      7A26C67A 
  35      C61E
  36 0028 E629CC8C 		.ascii	"\346)\314\214\207\332\237\355d\322\\\336\000\004\007"
  36      87DA9FED 
  36      64D25CDE 
  36      000407
  37 0037 A66FE26A 		.ascii	"\246o\342jkh\225\230\303\314\3000\015\210A\200q3\243"
  37      6B689598 
  37      C3CCC030 
  37      0D884180 
  37      7133A3
  38 004a 260350D9 		.ascii	"&\003P\331\243\215\377\246\362\262\261@\304\031\267"
  38      A38DFFA6 
  38      F2B2B140 
  38      C419B7
  39 0059 30B23130 		.ascii	"0\26210\002\031\353/\261\036h\370\367\277\275\341\300"
  39      0219EB2F 
  39      B11E68F8 
  39      F7BFBDE1 
  39      C0
  40 006a 91C58CFB 		.ascii	"\221\305\214\373\275\230\030\030:\200\362@K\032\016"
  40      BD981818 
  40      3A80F240 
  40      4B1A0E
  41 0079 30743233 		.ascii	"0t23\201X\315\007\030\33616)\200\265\200@\0073#H\030"
  41      8158CD07 
  41      18DE3136 
  41      2980B580 
  41      40073323 
  42 008f A8D45A4F 		.ascii	"\250\324ZO?9#3)3\277\330\320\302H?\277X?9?77?O\277\270"
  42      3F392333 
  42      2933BFD8 
  42      D0C2483F 
  42      BF583F39 
  43 00aa 24B1A8A4 		.ascii	"$\261\250\244\264@\3371\310\327\331\267\002$Z\220\231"
  43      B440DF31 
  43      C8D7D9B7 
  43      02245A90 
  43      99
  44 00bb 935A54AC 		.ascii	"\223ZT\254\357\356\354\254\237\\Tb\250\227\314\000\000"
  44      EFEEECAC 
  44      9F5C5462 
ARM GAS  /tmp/ccNyibFp.s 			page 3


  44      A897CC00 
  44      00
  45 00cc E8773F87 		.ascii	"\350w?\207"
  46              		.text
  47              		.section	.gnu.lto___early_init.d0be55baece1ce62,"",%progbits
  48 0000 789C6363 		.ascii	"x\234cc``\250\001b[ \226\006bFf\006F\246\011\347\030"
  48      6060A801 
  48      625B2096 
  48      06624666 
  48      0646A609 
  49 0016 181A3998 		.ascii	"\030\0329\230\030\031A\214\006\016F\206z&\306z\306\036"
  49      1819418C 
  49      060E4686 
  49      7A26C67A 
  49      C61E
  50 0028 E629CC8C 		.ascii	"\346)\314\214\207\332\237\355d\322\\\336\000\004\007"
  50      87DA9FED 
  50      64D25CDE 
  50      000407
  51 0037 A6FFE06A 		.ascii	"\246\377\340jkh\225\230\303\314\3000\015\210A\200q3"
  51      6B689598 
  51      C3CCC030 
  51      0D884180 
  51      7133
  52 0049 A3260350 		.ascii	"\243&\003P\331\243\215\377\246\362\262\261@\304\031"
  52      D9A38DFF 
  52      A6F2B2B1 
  52      40C419
  53 0058 B730B231 		.ascii	"\2670\26210\002\031\353/\261\036h\370\367\277\275\341"
  53      300219EB 
  53      2FB11E68 
  53      F8F7BFBD 
  53      E1
  54 0069 C0196566 		.ascii	"\300\031ef&\006\206\016\240,\320\212\206\003\014\235"
  54      2606860E 
  54      A02CD08A 
  54      86030C9D 
  55 0079 402E90D5 		.ascii	"@.\220\325|\200\341\035c\223\002X\003\010t03\202\204"
  55      7C80E11D 
  55      63930258 
  55      03087430 
  55      338284
  56 008c 814AADF5 		.ascii	"\201J\255\365\364\22332\2232\363\213\015-\214\364\363"
  56      F4933332 
  56      9332F38B 
  56      0D2D8CF4 
  56      F3
  57 009d 8BF593F3 		.ascii	"\213\365\223\363ss\363\363\364\213K\022\213JJ\013\364"
  57      7373F3F3 
  57      F48B4B12 
  57      8B4A4A0B 
  57      F4
  58 00ae 1D837C9D 		.ascii	"\035\203|\235}+@\242\005\2319\251E\305\372\356\316\316"
  58      7D2B40A2 
  58      059939A9 
  58      45C5FAEE 
  58      CECE
ARM GAS  /tmp/ccNyibFp.s 			page 4


  59 00c0 FAC94525 		.ascii	"\372\311E%\206z\311\014\0004\031>L"
  59      867AC90C 
  59      0034193E 
  59      4C
  60              		.text
  61              		.section	.gnu.lto___late_init.d0be55baece1ce62,"",%progbits
  62 0000 789C6363 		.ascii	"x\234cc``\250\001b[ \226\006bFf\006F\246\011\347\030"
  62      6060A801 
  62      625B2096 
  62      06624666 
  62      0646A609 
  63 0016 181A3998 		.ascii	"\030\0329\230\030\031A\214\006\016F\206z&\306z\306\036"
  63      1819418C 
  63      060E4686 
  63      7A26C67A 
  63      C61E
  64 0028 E629CC8C 		.ascii	"\346)\314\214\207\332\237\355d\322\\\336\000\004\007"
  64      87DA9FED 
  64      64D25CDE 
  64      000407
  65 0037 A66FE16E 		.ascii	"\246o\341nkh\225\230\303\314\3000\015\210A\200q3\243"
  65      6B689598 
  65      C3CCC030 
  65      0D884180 
  65      7133A3
  66 004a 260350D9 		.ascii	"&\003P\331\243\215\377\246\362\262\261@\304\031\267"
  66      A38DFFA6 
  66      F2B2B140 
  66      C419B7
  67 0059 30B23130 		.ascii	"0\26210\002\031\353/\261\036h\370\367\277\275\341\300"
  67      0219EB2F 
  67      B11E68F8 
  67      F7BFBDE1 
  67      C0
  68 006a 11656626 		.ascii	"\021ef&\006\206\016\240,\320\212\206\003\014\235@.\220"
  68      06860EA0 
  68      2CD08A86 
  68      030C9D40 
  68      2E90
  69 007c D57C80E1 		.ascii	"\325|\200\341\035c\223\002X\003\010t03\202\204\201J"
  69      1D639302 
  69      58030874 
  69      30338284 
  69      814A
  70 008e ADF5F493 		.ascii	"\255\365\364\22332\2232\363\213\015-\214\364\363\213"
  70      33329332 
  70      F38B0D2D 
  70      8CF4F38B 
  71 009e F593F373 		.ascii	"\365\223\363ss\363\363\364\213K\022\213JJ\013\364\035"
  71      73F3F3F4 
  71      8B4B128B 
  71      4A4A0BF4 
  71      1D
  72 00af 837C9D7D 		.ascii	"\203|\235}+@\242\005\2319\251E\305\372\356\316\316\372"
  72      2B40A205 
  72      9939A945 
  72      C5FAEECE 
ARM GAS  /tmp/ccNyibFp.s 			page 5


  72      CEFA
  73 00c1 C9452586 		.ascii	"\311E%\206z\311\014\000\004\373>\001"
  73      7AC90C00 
  73      04FB3E01 
  74              		.text
  75              		.section	.gnu.lto___default_exit.d0be55baece1ce62,"",%progbits
  76 0000 789C6363 		.ascii	"x\234cc``\250\005b[ 6\007bFV\006F\246\011\347\030\030"
  76      6060A805 
  76      625B2036 
  76      07624656 
  76      0646A609 
  77 0017 1A399818 		.ascii	"\0329\230\030\231!\014fF\026\010\203\005\"\342\310\310"
  77      99210C66 
  77      46160883 
  77      0522E2C8 
  77      C8
  78 0028 50CFC4CC 		.ascii	"P\317\304\314\302\010$\030\240\240\207y\0123\343\241"
  78      C2082418 
  78      A0A08779 
  78      0A33E3A1 
  79 0038 F6673B99 		.ascii	"\366g;\2314\2277\000\301\201\351\367\270\333\032Z%\346"
  79      34973700 
  79      C181E9F7 
  79      B8DB1A5A 
  79      25E6
  80 004a 00554C83 		.ascii	"\000UL\203\252b\334\314\250\311\000T\366h\343\277\251"
  80      AA62DCCC 
  80      A8C90054 
  80      F668E3BF 
  80      A9
  81 005b BC6C2C10 		.ascii	"\274l,\020q\306-\214l\014\214@\306\372K\254\007\032"
  81      71C62D8C 
  81      6C0C8C40 
  81      C6FA4BAC 
  81      071A
  82 006d FEFD6F6F 		.ascii	"\376\375oo8pg1\343Oo\240P\007P\236\261\341\000\220f"
  82      38706731 
  82      E34F6FA0 
  82      5007509E 
  82      B1E10090 
  83 0082 62606C04 		.ascii	"b`l\004\321\314\014@\353\233A,\026\020\213\261\203\231"
  83      D1CC0C40 
  83      EB9B412C 
  83      16108BB1 
  83      8399
  84 0094 116CB2B5 		.ascii	"\021l\262\265\236~rFfRf~\261\241\205\221~~\261~r~nn"
  84      9E7E7246 
  84      6652667E 
  84      B1A18591 
  84      7E7EB17E 
  85 00ac 7E9E7E71 		.ascii	"~\236~qIbQIi\201\276c\220\257\263o\005H\264 3'\265\250"
  85      49625149 
  85      6981BE63 
  85      90AFB36F 
  85      0548B420 
  86 00c4 58DFDDD9 		.ascii	"X\337\335\331Y?\271\250\304P/\231\001\0005\323Bz"
  86      593FB9A8 
ARM GAS  /tmp/ccNyibFp.s 			page 6


  86      C4502F99 
  86      010035D3 
  86      427A
  87              		.text
  88              		.section	.gnu.lto___init_ram_areas.d0be55baece1ce62,"",%progbits
  89 0000 789C9555 		.ascii	"x\234\225U\335oTU\020\237\271\347~\355\275\273\233M"
  89      DD6F5455 
  89      109FB9E7 
  89      7EEDBDBB 
  89      9B4D
  90 0012 97071F08 		.ascii	"\227\007\037\010\351K\037xaS\237\032ML\260F}\341\305"
  90      E94B1F78 
  90      61539F1A 
  90      4D4CB046 
  90      7DE1C5
  91 0025 BF40AC26 		.ascii	"\277@\254&6\021\273iK\342\223{\351\007l\301(!\362\221"
  91      3611BB69 
  91      4BE2937B 
  91      E9076CC1 
  91      2821F291 
  92 0039 CD165731 		.ascii	"\315\026W1\301\032u5\240\266\333\257\333m\205\202\335"
  92      C11A7535 
  92      A0B6DBAF 
  92      DB6D8582 
  92      DD
  93 004a 62572084 		.ascii	"bW \204\024\036\300\262Z\374\302V\022*Vg\316\271+K\253"
  93      141EC0B2 
  93      5AFCC256 
  93      122A5667 
  93      CEB92B4B 
  94 005f A89BF4DC 		.ascii	"\250\233\364\334s\356\371\315of~3wj\002\300Q\023\340"
  94      73EEF9CD 
  94      6F667E33 
  94      776A02C0 
  94      5113E0
  95 0072 497A7E40 		.ascii	"Iz~@\177\030\001\324\366\317\002\354\2625\024j#\320"
  95      7F1801D4 
  95      F6CF02EC 
  95      B235146A 
  95      23D0
  96 0084 501B5D6D 		.ascii	"P\033]m&lC\323O\026\001<\307\235w\301\013\273h\363{"
  96      266C43D3 
  96      4F16013C 
  96      C79D77C1 
  96      0BBB68F3 
  97 0099 B4D473C2 		.ascii	"\264\324s\302\2665K\335\207\344}H\013\1774\305G\347"
  97      B6354BDD 
  97      87E47D48 
  97      0B7F34C5 
  97      47E7
  98 00ab 5A888E61 		.ascii	"Z\210\216aE\274\325A\344\247g#\2444\241\033\256e\207"
  98      45BCD541 
  98      E4A76723 
  98      A434A11B 
  98      AE6587
  99 00be C20EA674 		.ascii	"\302\016\246t\001\350\353\304\366\327B\201\201\001\301"
  99      01E8EBC4 
ARM GAS  /tmp/ccNyibFp.s 			page 7


  99      F6D74281 
  99      8101C1
 100 00cd CFAE6E5E 		.ascii	"\317\256n^\023o\012,\356\2711\244m>\356\321\317?| \272"
 100      136F0A2C 
 100      EEB931A4 
 100      6D3EEED1 
 100      CF3F7C20 
 101 00e2 DBEB7D28 		.ascii	"\333\353}(+\000\016\011\205\301\023\270\031\0106\327"
 101      2B000E09 
 101      85C113B8 
 101      190836D7 
 102 00f2 F37156EC 		.ascii	"\363qV\354\023Y\201\250\323\361V)s=\312G\015\353\351"
 102      135981A8 
 102      D3F15629 
 102      733DCA47 
 102      0DEBE9
 103 0105 D8F3D67B 		.ascii	"\330\363\326{y]<\206\214\374)\275\360M\264\341\230\347"
 103      795D3C86 
 103      8CFC29BD 
 103      F04DB4E1 
 103      98E7
 104 0117 7579FED5 		.ascii	"uy\376\325\301\015\307\272\275iO\317\012\201\237\241"
 104      C10DC7BA 
 104      BD694FCF 
 104      0A819FA1 
 105 0127 2056FC14 		.ascii	" V\374\0247\342I\334(\331\011~\355\223\325\203\021S"
 105      37E249DC 
 105      28D9097E 
 105      ED93D583 
 105      1153
 106 0139 C7CFB141 		.ascii	"\307\317\261A9\305A4\221.f\374\276\274#\036\227\234"
 106      39C54134 
 106      912E66FC 
 106      BEBC231E 
 106      979C
 107 014b BF1D1E5A 		.ascii	"\277\035\036Z\320\003\316\325\301Mo\007\234:\016\375"
 107      D003CED5 
 107      C14D6F07 
 107      9C3A0EFD 
 108 015b 2DE7D4C2 		.ascii	"-\347\324\302\335\262+\236\220\2467\323\323\307\355"
 108      DDB22B9E 
 108      90A637D3 
 108      D3C7ED
 109 016a C0F497A6 		.ascii	"\300\364\227\246\214\347\367\324\263\341\360\003\203"
 109      8CE7F7D4 
 109      B3E1F003 
 109      83
 110 0177 19C1062C 		.ascii	"\031\301\006,P@\034\013E4J\021\001\010\216\261z\225"
 110      50401C0B 
 110      45344A11 
 110      01088EB1 
 110      7A95
 111 0189 2F1BBEB7 		.ascii	"/\033\276\267\372\307\036\317\237m\032]\236\217o@\310"
 111      FAC71ECF 
 111      9F6D1A5D 
 111      9E8F6F40 
 111      C8
ARM GAS  /tmp/ccNyibFp.s 			page 8


 112 019a 0A43A385 		.ascii	"\012C\243\205\324\247E\007F\033\300x\023\330\302\222"
 112      D4A74507 
 112      461BC078 
 112      13D8C292 
 113 01aa 6B58BE89 		.ascii	"kX\276\211\310}Tbbr_'\327\270\274\005H\223\020#\350"
 113      C87D5462 
 113      62725F27 
 113      D7B8BC05 
 113      48931023 
 114 01bf F9D02734 		.ascii	"\371\320'4\332t\373p\003\273r\371\354#R\0342\242X\017"
 114      DA74FB70 
 114      03BB72F9 
 114      EC23521C 
 114      32A2580F 
 115 01d3 F516CF59 		.ascii	"\365\026\317Y\\\002S\346\331\2752\276\024M\375\356Q"
 115      5C0253E6 
 115      D9BD32BE 
 115      144DFDEE 
 115      51
 116 01e4 F5CC9C50 		.ascii	"\365\314\234P\351\334\231\373!\355\346\360\350\256X"
 116      E9DC99FB 
 116      21EDE6F0 
 116      E8AE58
 117 01f3 5658388E 		.ascii	"VX8\216)\034\343\\\031\375\356\211^$\364\021\317\313"
 117      291CE35C 
 117      19FDEE89 
 117      5E24F411 
 117      CFCB
 118 0205 BDA33187 		.ascii	"\275\2431\207\2179\312\021'0E\266}B\300\274+\335j2\310"
 118      8F39CA11 
 118      273045B6 
 118      7D42C0BC 
 118      2BDD6A32 
 119 021a 8CD06111 		.ascii	"\214\320a\021\273\012\337\275^\261X\216\214\010\327"
 119      BB0ADFBD 
 119      5EB1588E 
 119      8C08D7
 120 0229 86206408 		.ascii	"\206 d\010#\305\322)\223\335Q/\345\306X\020\233\354"
 120      23C5D229 
 120      93DD512F 
 120      E5C65810 
 120      9BEC
 121 023b B018F8BC 		.ascii	"\260\030\370\274\265\357\300%L|\350\355\367<*A\010'"
 121      B5EFC025 
 121      4C7CE8ED 
 121      F73C2A41 
 121      0827
 122 024d C9E341D9 		.ascii	"\311\343A\331f8\205\011\231\341\253R\352\021\366\027"
 122      66388509 
 122      99E1AB52 
 122      EA11F617 
 123 025d 96FE06DE 		.ascii	"\226\376\006\336\010\334E\326\362\027\376\225\377\013"
 123      08DC45D6 
 123      F217FE95 
 123      FF0B
 124 026b C98FCC7F 		.ascii	"\311\217\314\177\352>\376\002\363G\000n\313V\256\012"
 124      EA3EFE02 
ARM GAS  /tmp/ccNyibFp.s 			page 9


 124      F347006E 
 124      CB56AE0A 
 125 027b C752E4B3 		.ascii	"\307R\344\263OW\345\303\323\230\322\312\321\214\210"
 125      4F57E5C3 
 125      D398D2CA 
 125      D18C88
 126 028a 860B3727 		.ascii	"\206\0137'\220$\321\201\276I\322\204\342\272\273wt)"
 126      9024D181 
 126      BE49D284 
 126      E2BABB77 
 126      7429
 127 029c A902C35A 		.ascii	"\251\002\303Z\035\364u:P$NF\0308\315A\342\031\026\231"
 127      1DF4753A 
 127      50244E46 
 127      1838CD41 
 127      E2191699 
 128 02b0 ECCFEF1D 		.ascii	"\354\317\357\035\020l\2766\251M\022m\006\350\263\204"
 128      106CBE36 
 128      A94D126D 
 128      06E8B384 
 129 02c0 260764D0 		.ascii	"&\007d\320\235\335]ZzV9\254c\000\367,%T\177/\237:\005"
 129      9DDD5D5A 
 129      7A5639AC 
 129      6300F72C 
 129      25547F2F 
 130 02d7 BBB2F4BC 		.ascii	"\273\262\364\274\202\305\331\353}0)k\\V\327\000\032"
 130      82C5D9EB 
 130      7D30296B 
 130      5C56D700 
 130      1A
 131 02e8 1CD5F24A 		.ascii	"\034\325\362JsS\355%\306P\245\316T\034E\245\255\317"
 131      7353ED25 
 131      C650A5CE 
 131      541C45A5 
 131      ADCF
 132 02fa E981C27F 		.ascii	"\351\201\302\177)\205\327X\304\031\022~\001{.M\316c"
 132      2985D758 
 132      C419127E 
 132      017B2E4D 
 132      CE63
 133 030c C0C5AE80 		.ascii	"\300\305\256\200\2657\250\306\342\362\365;\224b\\/T"
 133      B537A8C6 
 133      E2F2F53B 
 133      94625C2F 
 133      54
 134 031d CEE06D59 		.ascii	"\316\340mYg\261\"_\325\351\231\012\251\236\026.5\"\366"
 134      67B1225F 
 134      D5E9990A 
 134      A99E162E 
 134      3522F6
 135 0330 09EB9EF8 		.ascii	"\011\353\236\370\313\337\276\177\332\374g\365\254@\275"
 135      CBDFBE7F 
 135      DAFC67F5 
 135      AC40BD
 136 033f 1245515B 		.ascii	"\022EQ[\033\007\001g\351F\3124\372k\240f\214\015\326"
 136      1B070167 
 136      E946CA34 
ARM GAS  /tmp/ccNyibFp.s 			page 10


 136      FA6BA066 
 136      8C0DD6
 137 0352 AB199332 		.ascii	"\253\031\2232\331\353d\262\2244\003Ui\304\377\224\346"
 137      D9EB64B2 
 137      94340355 
 137      69C4FF94 
 137      E6
 138 0363 9C9446F6 		.ascii	"\234\224F\366\327Wk\245\021L/\245\261H$\027(\012keQ"
 138      D7576BA5 
 138      114C2FA5 
 138      B1482417 
 138      280A6B65 
 139 0378 B65E487D 		.ascii	"\266^H}\2152\364\013;\025\234Z\223\333\267\374\363L"
 139      8D32F40B 
 139      3B159C5A 
 139      93DBB7FC 
 139      F34C
 140 038a BFAB0673 		.ascii	"\277\253\006s\014\347j\023\221\237m\224}\314N\256\026"
 140      0CE76A13 
 140      919F6D94 
 140      7DCC4EAE 
 140      16
 141 039b 4C1E1D74 		.ascii	"L\036\035t&\223\314\360\362Y\203M\350\377\316\177\232"
 141      2693CCF0 
 141      F259834D 
 141      E8FFCE7F 
 141      9A
 142 03ac 1C5FD74C 		.ascii	"\034_\327L\216\361\313cG\364\306<g\224[DJ\027\317SN"
 142      8EF1CB63 
 142      47F4C63C 
 142      67945B44 
 142      4A17CF53 
 143 03c1 58564394 		.ascii	"XVC\224\000\245\376\357/\232\325\321\202<\033.`#\345"
 143      00A5FEEF 
 143      2F9AD5D1 
 143      823C1B2E 
 143      6023E5
 144 03d4 7B514E16 		.ascii	"{QN\026\236ma\3109TR\007\206y\262\375H\337e\245\037"
 144      9E6D61C8 
 144      39545207 
 144      8679B2FD 
 144      48DF65A5 
 145 03e9 D5A895F7 		.ascii	"\325\250\225\367H\027\324=\217nI\264\274\330\372\\k"
 145      4817D43D 
 145      8F6E49B4 
 145      BCD8FA5C 
 145      6B
 146 03fa 5B4763D3 		.ascii	"[Gc\323\303\211\266\216DK\333\216\035m/'::\267\267w"
 146      C389B68E 
 146      444BDB8E 
 146      1D6D2F27 
 146      3A3AB7B7 
 147 040f EE4C26B6 		.ascii	"\356L&\266>\263\255y\333+\3746\331\372\322\013\355\035"
 147      3EB3AD79 
 147      DB2BFC36 
 147      D9FAD20B 
 147      ED1D
ARM GAS  /tmp/ccNyibFp.s 			page 11


 148 0421 89A79A9B 		.ascii	"\211\247\232\233\023-\355\235\215[Z@\264oObR\353L\376"
 148      132DED9D 
 148      8D5B5A40 
 148      B46F4F62 
 148      52EB4CFE 
 149 0435 093C4B41 		.ascii	"\011<KAy"
 149      79
 150              		.text
 151              		.section	.gnu.lto_ram_areas.d0be55baece1ce62,"",%progbits
 152 0000 789C75D1 		.ascii	"x\234u\321\311K[Q\024\006\360{rMb\353l'\253\261\375"
 152      C94B5B51 
 152      1406F07B 
 152      724D62EB 
 152      6C27ABB1 
 153 0015 0F7CC455 		.ascii	"\017|\304U@\204\226,\244\0137\376\007m(\030\250F\222"
 153      4084962C 
 153      A40B37FE 
 153      076D2818 
 153      A84692
 154 0028 08D24DDE 		.ascii	"\010\322M\336BA\024]\351\312,\002\012]\225\012\016m"
 154      4241145D 
 154      E9CA2C02 
 154      0A5D950A 
 154      0E6D
 155 003a E258DB68 		.ascii	"\342X\333h\255\363<[\013bA\\UEp@o\362\275\205\274p\336"
 155      ADF33C5B 
 155      0B62415C 
 155      55457040 
 155      6FF2BD85 
 156 0051 E27D70CE 		.ascii	"\342}p\316\345\343\307\2756!\304\033\253\020\345\002"
 156      E5E3C7BD 
 156      3621C41B 
 156      AB10E502 
 157 0061 5F87A468 		.ascii	"_\207\244h\364d\307\036\272\321\233u\375\240\365X~\014"
 157      F464C71E 
 157      BAD19B75 
 157      FDA0F558 
 157      7E0C
 158 0073 4B119129 		.ascii	"K\021\221)\253\310\221%\271\240\324\005%\027\226\224"
 158      ABC89125 
 158      B9A0D405 
 158      25179694 
 159 0083 457E722E 		.ascii	"E~r.\223\363\363\243\303\261t\327\240\336\034\321_\205"
 159      93F3F3A3 
 159      C3B174D7 
 159      A0DE1CD1 
 159      5F85
 160 0095 25754A41 		.ascii	"%uJA\203\024\352\224D\003\211\260P\177\"$\365Q(q\374"
 160      8314EA94 
 160      440389B0 
 160      507F2224 
 160      F5512871 
 161 00aa ACA5E942 		.ascii	"\254\245\351B\266\312\260Z\330M\255\267\355\020\246"
 161      B6CAB05A 
 161      D84DADB7 
 161      ED10A6
 162 00b9 71422B27 		.ascii	"qB+'\2641B;'\034\206p\010\302\030\204Q\010\017\257>"
ARM GAS  /tmp/ccNyibFp.s 			page 12


 162      B431423B 
 162      271C8670 
 162      08C21884 
 162      51080FAF 
 163 00ce C7B221B4 		.ascii	"\307\262!\264\231ZO\015a:'|\300\011\0372\302\014N8\001"
 163      995A4F0D 
 163      613A277C 
 163      C0091F32 
 163      C20C4E38 
 164 00e3 E17708C7 		.ascii	"\341w\010\307!\034\203p\272'v\235\011\241\325\324\372"
 164      211C8370 
 164      BA27769D 
 164      09A1D5D4 
 164      FA
 165 00f4 CF106672 		.ascii	"\317\020fr\302,N\230\315\010s8\341/\010\247 \234\204"
 165      C22C4E98 
 165      CD087338 
 165      E12F08A7 
 165      209C84
 166 0107 300EE152 		.ascii	"0\016\341Rco\330x\3454S\353\220!\314\345\204y\2340\237"
 166      636FD878 
 166      E53453EB 
 166      9021CCE5 
 166      84799C30 
 167 011c 113EE284 		.ascii	"\021>\342\204\363\020\316A8\013\341\014\204\023\377"
 167      F310CE41 
 167      380BE10C 
 167      8413FF
 168 012b 7B3F1977 		.ascii	"{?\031w(M\255_\014\341cN\370\204\023>e\204\3178\341"
 168      284DAD5F 
 168      0CE1634E 
 168      F884133E 
 168      6584CF38 
 169 0140 2A842B10 		.ascii	"*\204+\020.C\270\004a\374\366b<\007B\213\251\265\333"
 169      2E43B804 
 169      61FCF662 
 169      3C07428B 
 169      A9B5DB
 170 0153 101670C2 		.ascii	"\020\026p\302\347\234\260\220\021\026q\302m\010\267"
 170      E79CB090 
 170      111671C2 
 170      6D08B7
 171 0162 20DC8470 		.ascii	" \334\204p\003\302\3735Wm 98R1Gz\301\220^r\244? \355"
 171      03C2FB35 
 171      576D2039 
 171      38523147 
 171      7AC1905E 
 172 017b 83B407D2 		.ascii	"\203\264\007\322.H\215]\361K;\216\353\352\352$9\035"
 172      2E488D5D 
 172      F14B3B8E 
 172      EBEAEA24 
 172      391D
 173 018d 74402E2A 		.ascii	"t@.*u\320\216\212ur\320\232\312E\225\013*\177\253\234"
 173      75D08E8A 
 173      7572D09A 
 173      CA45950B 
 173      2A7FAB9C 
ARM GAS  /tmp/ccNyibFp.s 			page 13


 174 01a1 56F953E5 		.ascii	"V\371S\345\017\225\243*GT~S\371\225\\\202\376\252_Y"
 174      0F95A32A 
 174      47547E53 
 174      F9955C82 
 174      FEAA5F59 
 175 01b5 89E6A9F6 		.ascii	"\211\346\251\366\276\363\372\002NW\251\346\013h\036"
 175      BEF3FA02 
 175      4E57A9E6 
 175      0B681E
 176 01c4 5F4D8DAF 		.ascii	"_M\215\257V\013\004\337\372\203\365u\332\353\252Jwe"
 176      560B04DF 
 176      FA83F575 
 176      DAEBAA4A 
 176      7765
 177 01d6 43625AE7 		.ascii	"CbZ\347\375\360\336\037\320*\334n\315\343\017:K<\342"
 177      FDF0DE1F 
 177      D02ADC6E 
 177      CDE30F3A 
 177      4B3CE2
 178 01e9 0EA6410E 		.ascii	"\016\246A\016\304"
 178      C4
 179              		.text
 180              		.section	.gnu.lto_.symbol_nodes.d0be55baece1ce62,"",%progbits
 181 0000 789C55CD 		.ascii	"x\234U\315YN\002Q\024E\321\273\253(P\001\305\006\245"
 181      594E0251 
 181      1445D1BB 
 181      AB285001 
 181      C506A5
 182 0013 53D09930 		.ascii	"S\320\2310\030\306\361\210\0356\2404\012\2664\0128\007"
 182      18C6F188 
 182      1D36A034 
 182      0AB6340A 
 182      3807
 183 0025 07E19878 		.ascii	"\007\341\230x\234\037S?w%;'\271I3k\340Op\2013\353\376"
 183      9C1F533F 
 183      77253B27 
 183      B949336B 
 183      E04F7081 
 184 003c 99797E9B 		.ascii	"\231y~\233u_.q\304\313\025.\210\227k\\\370_N}i\341\022"
 184      755F2E71 
 184      C4CB152E 
 184      88976B5C 
 184      F85F4E7D 
 185 0053 B14D748E 		.ascii	"\261Mt\2165\317\314\302\350\006j\376UtK \357\010\345"
 185      35CFCCC2 
 185      E8066AFE 
 185      55744B20 
 185      EF08E5
 186 0066 3D09D926 		.ascii	"=\011\331&\222\035\222\362\201\224|dCv\331\224=\266"
 186      921D92F2 
 186      81947C64 
 186      4376D994 
 186      3DB6
 187 0078 649FB41C 		.ascii	"d\237\264\034\220\221Od\3453\333r\310\216\034\221\223"
 187      90914F64 
 187      E533DB72 
 187      C88E1C91 
ARM GAS  /tmp/ccNyibFp.s 			page 14


 187      93
 188 0089 2FECCA57 		.ascii	"/\354\312W\366\344\033\373\362\235\003\371A^~r(\307"
 188      F6E41BFB 
 188      F29D03F9 
 188      415E7E72 
 188      28C7
 189 009b 1CC90905 		.ascii	"\034\311\011\0059\245(g\224\344\027e\371ME\3169\226"
 189      39A52867 
 189      94E41765 
 189      F94D45CE 
 189      3996
 190 00ad 0B4EE492 		.ascii	"\013N\344\222\252\374\241\266\326V\342#1\037"
 190      AAFCA1B6 
 190      D656E223 
 190      311F
 191              		.text
 192              		.section	.gnu.lto_.refs.d0be55baece1ce62,"",%progbits
 193 0000 789C0DC3 		.ascii	"x\234\015\303\007\016\202@\000\000\260K\3031\004\007"
 193      070E8240 
 193      0000B04B 
 193      C3310407 
 194 0010 20C301A2 		.ascii	" \303\001\242\340k\374\377\177\244I\323\020\302o/\021"
 194      E06BFCFF 
 194      7FA449D3 
 194      10C26F2F 
 194      11
 195 0021 89D312A5 		.ascii	"\211\323\022\2452\271\302A\251rtrvQk\264\256:\275\301"
 195      32B9C241 
 195      A9727472 
 195      76516BB4 
 195      AE3ABDC1 
 196 0035 E8E6EEE1 		.ascii	"\350\346\356\341i2{Y\274}\2546\337\360\007|\323\003"
 196      69327B59 
 196      BC7DAC36 
 196      DFF0077C 
 196      D303
 197 0047 9A       		.ascii	"\232"
 198              		.text
 199              		.section	.gnu.lto_.decls.d0be55baece1ce62,"",%progbits
 200 0000 789C9D96 		.ascii	"x\234\235\226YPT\331\031\307\357\351\323t7M\013\024"
 200      595054D9 
 200      19C7EFE9 
 200      D374374D 
 200      0B14
 201 0012 5A53548A 		.ascii	"ZST\212I\210\305D\222\214\364\200\333TR\225\232\224"
 201      4988C544 
 201      928CF480 
 201      DB545295 
 201      9A94
 202 0024 0F332F93 		.ascii	"\0173/\223\207T\345!yH\017\203\235\032*\332X\320&Zy"
 202      8754E521 
 202      79480F83 
 202      9D1A2ADA 
 202      58D0265A 
 203 0039 B982A828 		.ascii	"\271\202\250(\014\233\312*\213 \012\342\202\303\242"
 203      0C9BCA2A 
 203      8B200AE2 
ARM GAS  /tmp/ccNyibFp.s 			page 15


 203      82C3A2
 204 0048 E0C222AB 		.ascii	"\340\302\"\253\210\"\012.l\012\3422\200\210\270 \012"
 204      88220A2E 
 204      6C0AE232 
 204      8088B820 
 204      0A
 205 0059 F9CE776E 		.ascii	"\371\316wn\257\007&U\271\305\377\336{\316\375\376\277"
 205      AF072655 
 205      B9C5FFDE 
 205      7BCEFDFE 
 205      BF
 206 006a EFDCEF9C 		.ascii	"\357\334\357\234{h\215$I\271\276\222\224F%i\227J\222"
 206      7B688D24 
 206      49B9BE92 
 206      94462569 
 206      974A92
 207 007d 16E0D042 		.ascii	"\026\340\320B_\203\3448<@\027A\365\240&P\033\250\003"
 207      5F83E438 
 207      3C401741 
 207      F5A02650 
 207      1BA803
 208 0090 F44BD024 		.ascii	"\364K\320$h\0124\015\232\001\275\006\275\005\275\003"
 208      680A340D 
 208      9A01BD06 
 208      BD05BD03 
 209 00a0 BD07CD33 		.ascii	"\275\007\3153\000\221$\025H\015\322\200t =\310\000\362"
 209      00912415 
 209      480DD280 
 209      74203DC8 
 209      00F2
 210 00b2 06F982FC 		.ascii	"\006\371\202\374@+@\037\201\374A?\003\005\200~\016\012"
 210      402B401F 
 210      81FC413F 
 210      0305807E 
 210      0E0A
 211 00c4 04AD0405 		.ascii	"\004\255\004\005\201~\005\012\006\375\006\364)(\204"
 211      817E050A 
 211      06FD06F4 
 211      292884
 212 00d3 482EC77F 		.ascii	"H.\307\177\010\246\223\276Q\332D\031\273\373\261s\221"
 212      08A693BE 
 212      51DA4419 
 212      BBFBB173 
 212      91
 213 00e4 B8FA45E2 		.ascii	"\270\372E\342\366,\022\327\264H\\\352\"qm\213\304\035"
 213      F62C12D7 
 213      B4485CEA 
 213      22716D8B 
 213      C41D
 214 00f6 64EFADC4 		.ascii	"d\357\255\304\371\201V\200\214\320\327\017\327U\240"
 214      F9815680 
 214      8CD0D70F 
 214      D755A0
 215 0105 CFE07E02 		.ascii	"\317\340~\002\256\343\240P\270\277\007\327\277\201\324"
 215      AEE3A050 
 215      B8BF07D7 
 215      BF81D4
ARM GAS  /tmp/ccNyibFp.s 			page 16


 216 0114 A047A011 		.ascii	"\240G\240\021\320C\320\250\222\243C\271N\272\345\031"
 216      D043D0A8 
 216      92A343B9 
 216      4EBAE519 
 217 0124 20DCD3AF 		.ascii	" \334\323\257\260X\236\211%8\354\010\224x-?Uj\033\254"
 217      B0589E89 
 217      2538EC08 
 217      94782D3F 
 217      556A1BAC 
 218 0138 D43A48A9 		.ascii	"\324:H\251}\2402\027\001\312\334\370+s\265B\231;_e."
 218      7DA03217 
 218      01CADCF8 
 218      2B73B542 
 218      993B5F65 
 219 014d 0DCADCEA 		.ascii	"\015\312\334\352\224\271V+s\317\006\311\326\002[\023"
 219      94B9562B 
 219      73CF06C9 
 219      D6025B13 
 220 015d 6C6DB035 		.ascii	"lm\2605\302\326\012[3l\355L\271\215\377\000%\265\015"
 220      C2D60A5B 
 220      336CED4C 
 220      B98DFF00 
 220      25B50D
 221 0170 172F7B0D 		.ascii	"\027/{\015\221\001\002\313\222\370\362\252\022~\206"
 221      910102CB 
 221      92F8F2AA 
 221      127E86
 222 017f 2B13B617 		.ascii	"+\023\266\027l\007\341\375\320\253\342\027%\2245l\026"
 222      6C07E1FD 
 222      D0ABE217 
 222      2594356C 
 222      16
 223 0190 62EF5129 		.ascii	"b\357Q)\014\225\215\213\177\012\2008S\371s\236\316v"
 223      0C958D8B 
 223      7F0A8038 
 223      53F9739E 
 223      CE76
 224 01a2 F017E237 		.ascii	"\360\027\3427N>\336\245r$s\262\010c\225\354\217\355"
 224      4E3EDEA5 
 224      722473B2 
 224      086395EC 
 224      8FED
 225 01b4 8372BC24 		.ascii	"\203r\274$Q\212p-\355p\217~\230\014\302\323\277JR\212"
 225      518A702D 
 225      ED708F7E 
 225      980CC2D3 
 225      BF4A528A 
 226 01c8 CE42586F 		.ascii	"\316BXo\315\275\344V\015U\341\375\265\376\211r\017\352"
 226      CDBDE456 
 226      0D55E1FD 
 226      B5FE8972 
 226      0FEA
 227 01da 8DF76772 		.ascii	"\215\367gr\337w\353\324*\211T\023\312\375\311\205/\322"
 227      DF77EBD4 
 227      2A895413 
 227      CAFDC985 
 227      2FD2
ARM GAS  /tmp/ccNyibFp.s 			page 17


 228 01ec 7574393E 		.ascii	"ut9>}s\361v\2136\244\\\346\207.\217J\344\034\306ad\363"
 228      7D73F176 
 228      8B36A45C 
 228      E6872E8F 
 228      4AE41CC6 
 229 0203 C29B7A9F 		.ascii	"\302\233z\237\375\224\370\351\211\012\2327\247:\017"
 229      FD94F8E9 
 229      890A9A37 
 229      A73A0F
 230 0212 7B417385 		.ascii	"{As\205\236\370B\263<q\341\200\207\377!fL\211\223}U"
 230      9EF842B3 
 230      3C71E180 
 230      87FF2166 
 230      4C89937D 
 231 0227 E49B8F48 		.ascii	"\344\233\217H\035\011 \265$\000\006{\201\370\303\331"
 231      1D0920B5 
 231      2400067B 
 231      81F8C3D9 
 232 0237 A2E6A4D8 		.ascii	"\242\346\244\330\343\367\272\275V\026\310\005\365r\375"
 232      E3F7BABD 
 232      5616C805 
 232      F572FD
 233 0246 42765069 		.ascii	"BvPi\347n\371F\201,\177\201q\244\212Pr\236\204@|\015"
 233      E76EF946 
 233      812C7F81 
 233      71A48A50 
 233      729E8440 
 234 025c 51B316DC 		.ascii	"Q\263\026\334U\222aB~ C\360\226\027\311J@\274\230H\356"
 234      55926142 
 234      7E2043F0 
 234      9617C94A 
 234      40BC9848 
 235 0271 F2A1E964 		.ascii	"\362\241\351d\211\267\352\231\255y\353\251dx\370\333"
 235      89B7EA99 
 235      AD79EBA9 
 235      6478F8DB 
 236 0281 6CB93E76 		.ascii	"l\271>v\247,\253\020\177\311\216\277\014\370K\356\370"
 236      A72CAB10 
 236      7FC98EBF 
 236      0CF84BEE 
 236      F8
 237 0292 7AC43FBF 		.ascii	"z\304?\27755Hi\301R\370\233\325\027\2124\012\376\346"
 237      35354869 
 237      C152F89B 
 237      D5178A34 
 237      0AFEE6
 238 02a5 6A177C83 		.ascii	"j\027|\203\035\337\010\370\006w|\023\342K\357\276j\364"
 238      1DDF08F8 
 238      06777C13 
 238      E24BEFBE 
 238      6AF4
 239 02b7 A2E51C9F 		.ascii	"\242\345\034\237\337\376\260\320@\353x\343\351\223["
 239      DFFEB0D0 
 239      40EB78E3 
 239      E9935B
 240 02c6 F77D58AE 		.ascii	"\367}X\256f[\256\221\204\356\013\236\266\354\244\205"
 240      665BAE91 
ARM GAS  /tmp/ccNyibFp.s 			page 18


 240      84EE0B9E 
 240      B6ECA485 
 241 02d6 A8712E86 		.ascii	"\250q.\206\013\203X\376\006\271\376]\210K\376+\366\374"
 241      0B8358FE 
 241      06B9FE5D 
 241      884BFE2B 
 241      F6FC
 242 02e8 AD90FF8A 		.ascii	"\255\220\377\212{\3766\314\177#s\377nB\257\360\224G"
 242      7BFE36CC 
 242      7F2373FF 
 242      6E42AFF0 
 242      9447
 243 02fa 7AF2DEAB 		.ascii	"z\362\336\253\030lX\256\357\370\234\301d\033\254\335"
 243      186C58AE 
 243      EFF89CC1 
 243      641BACDD 
 244 030a 0693D8AD 		.ascii	"\006\223\330\255+\251\003I\347\273\322\233\274\351m"
 244      2BA90349 
 244      E7BBD29B 
 244      BCE96D
 245 0319 4EAA1E6B 		.ascii	"N\252\036ko\321\363\025\"\023h\177\350\375\361\012\341"
 245      6FD1F315 
 245      2213687F 
 245      E8FDF10A 
 245      E1
 246 032a 4B44D641 		.ascii	"KD\326A{f_\374\033\312\237k\241\331\275\353L\256\322"
 246      7B665FFC 
 246      1BCA9F6B 
 246      A1D9BDEB 
 246      4CAED2
 247 033d 54B329BD 		.ascii	"T\263)\275\226=\342\315\243\003\2419\3321}\326[\277"
 247      963DE2CD 
 247      A303A139 
 247      DA317DD6 
 247      5BBF
 248 034f 972DA882 		.ascii	"\227-\250\2028\331\363+\026v\003\026\324u\\P\335D\017"
 248      38D9F32B 
 248      16760316 
 248      D4755C50 
 248      DD440F
 249 0362 676300E9 		.ascii	"gc\000\351\202&Dg\327\315txp\026\313\264\347\345\225"
 249      82264467 
 249      D7CD7478 
 249      7016CBB4 
 249      E7E595
 250 0375 58351DE2 		.ascii	"X5\035\342\303\032h+=\301\362\254\322\023\366i\371@"
 250      C31A682B 
 250      3DC1F2AC 
 250      D213F669 
 250      F940
 251 0387 D7E9F1F3 		.ascii	"\327\351\361\363\263\313x\027\316g\362t\261\226>\303"
 251      B3CB7817 
 251      CE67F274 
 251      B1963EC3 
 252 0397 70D5D0DD 		.ascii	"p\325\320\335\271~o\242\017\206\324\261<\265dOL\356"
 252      B97E6FA2 
 252      0F86D4B1 
ARM GAS  /tmp/ccNyibFp.s 			page 19


 252      3CB5644F 
 252      4CEE
 253 03a9 90606662 		.ascii	"\220`fbE!\267\241\363\026t\226\2601\326?\277\364\207"
 253      4521B7A1 
 253      F3167496 
 253      B031D63F 
 253      BFF487
 254 03bc AC69590E 		.ascii	"\254iY\016$}DOz\035\205[\245\347\363XZ\234zDC\313\360"
 254      247D444F 
 254      7A1D855B 
 254      A5E7F358 
 254      5A9C7A44 
 255 03d3 9B54D5E5 		.ascii	"\233T\325\345<jV-\225\343\376\2229\206\272V\266\304"
 255      3C6A562D 
 255      95E3FE92 
 255      3986BA56 
 255      B6C4
 256 03e5 B3C9B907 		.ascii	"\263\311\271\0079\356:r\364\021%\311\302@O\273\306\260"
 256      39EE3A72 
 256      F41125C9 
 256      C2404FBB 
 256      C6B0
 257 03f7 CF4EC540 		.ascii	"\317N\305@G\325\372\211A\371\230\257v&]\322\322\001"
 257      47D5FA89 
 257      41F998AF 
 257      76265DD2 
 257      D201
 258 0409 BE43A44C 		.ascii	"\276C\244L\346^\364\242\217y\303\366]\373\361\357\332"
 258      E65EF4A2 
 258      8F79C3F6 
 258      5DFBF1EF 
 258      DA
 259 041a 36A72B94 		.ascii	"6\247+\2249\275>\376\346\234\236\276\306X\315\325\326"
 259      39BD3EFE 
 259      E69C9EBE 
 259      C658CDD5 
 259      D6
 260 042b DCEF9791 		.ascii	"\334\357\227\221 8\202\227\037aI\341s\016<\326\272["
 260      20388297 
 260      1F6149E1 
 260      730E3CD6 
 260      BA5B
 261 043d 4E0967B9 		.ascii	"N\011g\271H\017\014\3611Y\356x\265\2338\214P8I<\376"
 261      480F0CF1 
 261      3159EE78 
 261      B59B388C 
 261      5038493C 
 262 0452 5D09958B 		.ascii	"]\011\225\213\3751x\300=\330\310bo\020Gp\3071{\360\203"
 262      FD3178C0 
 262      3DD8C862 
 262      6F104770 
 262      C7317BF0 
 263 0467 C5C9CED1 		.ascii	"\305\311\316\321\323\016\364\340\242h\034\006/\354\344"
 263      D30EF4E0 
 263      A2681C06 
 263      2FECE4
 264 0476 210A1B1E 		.ascii	"!\012\033\036\213\221\224\232\262#\025w3\020|t\260\360"
ARM GAS  /tmp/ccNyibFp.s 			page 20


 264      8B91949A 
 264      B2231577 
 264      33107C74 
 264      B0F0
 265 0488 0360DD33 		.ascii	"\003`\3353\037#A\020\031\203yzD\202\310\010\350!h\224"
 265      1F234110 
 265      1983797A 
 265      4482C808 
 265      E8216894 
 266 049c 04D9F6CA 		.ascii	"\004\331\366\312\336;\335-\2364\216\342d\037\277s\266"
 266      DE3BDD2D 
 266      9E348EE2 
 266      641FBF73 
 266      B6
 267 04ad 494F9607 		.ascii	"IO\226\007/\212#\317\200\362\277\210|\220\275\033\330"
 267      2F8A23CF 
 267      80F2BF88 
 267      7C90BD1B 
 267      D8
 268 04be 189F42EC 		.ascii	"\030\237B\354\023\307\324\263!\363\177\004\211\303e"
 268      13C7D4B3 
 268      21F37F04 
 268      89C365
 269 04cd 2ABF1425 		.ascii	"*\277\024%\307\027j\014\274\006Y:q\320?\022?\333g\203"
 269      C7176A0C 
 269      BC06593A 
 269      71D03F12 
 269      3FDB6783 
 270 04e1 BBCAF0B9 		.ascii	"\273\312\360\271C\336\313\225\021\355]rD\322R/\370C"
 270      43DECB95 
 270      11ED5D72 
 270      44D2522F 
 270      F843
 271 04f3 CBE36183 		.ascii	"\313\343a\203s\266\361\237\312v|\276\242\234|R$\337"
 271      73B6F19F 
 271      CA767CBE 
 271      A29C7C52 
 271      24DF
 272 0505 80FD7232 		.ascii	"\200\375r2' ]\226\277\"\023\304\217\\\345\357\341dd"
 272      27205D96 
 272      BF2213C4 
 272      8F5CE5EF 
 272      E16464
 273 0518 3D7F87CD 		.ascii	"=\177\207\315n\222|\002\276\351\231\244J\330\345\261"
 273      6E927C02 
 273      BEE999A4 
 273      4AD8E5B1 
 274 0528 8CA4EB61 		.ascii	"\214\244\353az\213\017@\206an\2732\375\216\304\025\360"
 274      7A8B0F40 
 274      86616EBB 
 274      32FD8EC4 
 274      15F0
 275 053a E5FD5C81 		.ascii	"\345\375\\\2018\226\371s\334\253\246\020\361,\351\366"
 275      3896F973 
 275      DCABA610 
 275      F12CE9F6 
 276 054a 820F2DE1 		.ascii	"\202\017-\341\210\303}s\315:\0051^LS\202\020\360B\000"
ARM GAS  /tmp/ccNyibFp.s 			page 21


 276      88C37D73 
 276      CD3A0531 
 276      5E4C5382 
 276      10F04200 
 277 055e BC40C034 		.ascii	"\274@\3004\002J\346oUkh%\007\334\337Y3\247W\000\243"
 277      024AE66F 
 277      556B6825 
 277      07DCDF59 
 277      33A75700 
 278 0573 2536C04B 		.ascii	"%6\300K\001\360\022\0013\010\310*\233\310\322\323&\016"
 278      01F01201 
 278      3308C82A 
 278      9BC8D2D3 
 278      260E
 279 0585 B8DE5754 		.ascii	"\270\336WT\273\314\006\360\317\226\033\325Hx%\020^!"
 279      BBCC06F0 
 279      CF961BD5 
 279      48782510 
 279      5E21
 280 0597 E135121E 		.ascii	"\3415\022\0365\265=\320\321\036N\030\032\356,\363R\010"
 280      35B53DD0 
 280      D11E4E18 
 280      1AEE2CF3 
 280      5208
 281 05a9 634E6578 		.ascii	"cNex# \336 \342-\"b\2472*\274\350\030G\344]Nl\243B\031"
 281      2320DE20 
 281      E22D2262 
 281      A7322ABC 
 281      E81847E4 
 282 05c3 6605C02C 		.ascii	"f\005\300,\002\336!\240\273\276\252LKg8\340jR\353{\017"
 282      02DE21A0 
 282      BBBEAA4C 
 282      4B6738E0 
 282      6A52EB7B 
 283 05d8 A10C7302 		.ascii	"\241\014s\002`\016\001\357\02106\222X\241\241qj\004"
 283      600E01EF 
 283      11303692 
 283      58A1A171 
 283      6A04
 284 05ea A4D5251E 		.ascii	"\244\325%\036Z\244\014\037\004\302\007$\314#\241?\377"
 284      5AA40C1F 
 284      04C20724 
 284      CC23A13F 
 284      FF
 285 05fb D8AC81A6 		.ascii	"\330\254\201\246s\302\375\314\232\"\333L\314;\225aA"
 285      73C2FDCC 
 285      9A22DB4C 
 285      CC3B9561 
 285      41
 286 060c 402C2042 		.ascii	"@, BV1DFmg\215\226\226p\304\334\311\012\265P\205\235"
 286      56314446 
 286      6D678D96 
 286      9670C4DC 
 286      C90AB550 
 287 0622 2A773FF4 		.ascii	"*w?\364\3009\026\375\013]\371\327T\264\222\373\247\032"
 287      C03916FD 
 287      0B5DF9D7 
ARM GAS  /tmp/ccNyibFp.s 			page 22


 287      54B492FB 
 287      A71A
 288 0634 061F1984 		.ascii	"\006\037\031\204*\304\011\2008\004\354B@\307\205\264"
 288      2AC40980 
 288      3804EC42 
 288      40C785B4 
 289 0644 3A580C1C 		.ascii	":X\014\034p\372\350\316]\006\261\012\361\002!\036\011"
 289      70FAE8CE 
 289      5D06B10A 
 289      F102211E 
 289      09
 290 0655 BB919099 		.ascii	"\273\221\220\231\230\3601\355\341\200\276\366\214)["
 290      98F031ED 
 290      E180BEF6 
 290      8C295B
 291 0664 117AB31C 		.ascii	"\021z\263\034E\330#\020\366 a/\022\236\235:_\345I\307"
 291      45D82310 
 291      F620612F 
 291      129E9D3A 
 291      5FE549C7 
 292 0678 38A221B5 		.ascii	"8\242!\265\342\272F\250B\202\000H@\300>\004\314\025"
 292      E2BA46A8 
 292      42820048 
 292      40C03E04 
 292      CC15
 293 068a CE96A9E9 		.ascii	"\316\226\251\351\014\007\234\030\275\273O\374$\366\013"
 293      0C079C18 
 293      BDBB4FFC 
 293      24F60B
 294 0699 80FD0848 		.ascii	"\200\375\010HD@Nn^\235\201\306y \240(\355|\236N\254"
 294      44404E6E 
 294      5E9D81C6 
 294      7920A028 
 294      ED7C9E4E 
 295 06ae 42924048 		.ascii	"B\222@HB\302\367H8ui\240\326\223\246sB\327\331W\275"
 295      42C2F748 
 295      387569A0 
 295      D693A673 
 295      42D7D957 
 296 06c3 B69D61D2 		.ascii	"\266\235a\322\251\014\311\002\"\031\021)\210\210\177"
 296      A90CC902 
 296      22191129 
 296      88887F
 297 06d2 BB3B4747 		.ascii	"\273;GGK8\342\340\343')Z\241\014\251\002 \025\001i\010"
 297      4B38E2E0 
 297      E327295A 
 297      A10CA902 
 297      20150169 
 298 06e7 68C948AA 		.ascii	"h\311H\252\364\242\225\034P\326|\367\027B\025\322\005"
 298      F4A2951C 
 298      50D67CF7 
 298      174215D2 
 298      05
 299 06f8 7F3AFA0F 		.ascii	"\177:\372\017\240\377\350LJ\273\2326q\177B\376H\005"
 299      A0FFE84C 
 299      4ABB9A36 
 299      717F42FE 
ARM GAS  /tmp/ccNyibFp.s 			page 23


 299      4805
 300 070a 11AB7050 		.ascii	"\021\253pP \034D\302!$$4\224\224\352i\017'\364\224\317"
 300      201C44C2 
 300      21242434 
 300      9494EA69 
 300      0F27F494 
 301 071f 65DB5EA1 		.ascii	"e\333^\241%\333Q\205\014\001\221\201\210LD\324\036?"
 301      25DB5185 
 301      0C019181 
 301      884C44D4 
 301      1E3F
 302 0731 3D0D1B03 		.ascii	"=\015\033\003G4^|\\\344#T!K\000d! \033\001\347&\356"
 302      47345E7C 
 302      5CE42354 
 302      214B0064 
 302      21201B01 
 303 0748 BDD5D019 		.ascii	"\275\325\320\031\016\230\235\236\310\322\012e\310\021"
 303      0E989D9E 
 303      C8D20A65 
 303      C811
 304 0756 003908C8 		.ascii	"\0009\010\310E\300\313\253)\360I\304i\020\220|\271d"
 304      45C0CBAB 
 304      29F049C4 
 304      6910907C 
 304      B964
 305 0768 562596E1 		.ascii	"V%\226\341\260@8\214\204<$\324]\230\373\230\246s@{c"
 305      B040388C 
 305      843C24D4 
 305      5D98FB98 
 305      A673407B 
 306 077d B3FD9B1A 		.ascii	"\263\375\233\032t\252B\276@\310GB\001\022RN\027\276"
 306      74AA42BE 
 306      40C84742 
 306      0112524E 
 306      17BE
 307 078f 87B5C011 		.ascii	"\207\265\300\021\327\353\252\253\211P\205B\001P\210"
 307      D7EBAAAB 
 307      89508542 
 307      015088
 308 079e 8023FC25 		.ascii	"\200#\374%z\312\373\226\321J\016\270\\u\352\265\270"
 308      7ACAFB96 
 308      D14A0EB8 
 308      5C75EAB5 
 308      B8
 309 07af 3D160980 		.ascii	"=\026\011\200\"\004\024#`\270\252\372\2647m\342\200"
 309      22041423 
 309      60B8AAFA 
 309      B4376DE2 
 309      80
 310 07c0 B9A9B4F8 		.ascii	"\271\251\264\370E\252pT \034EB\011\022N\246"
 310      45AA7054 
 310      201C4542 
 310      09124EA6 
 311 07d0 8C646869 		.ascii	"\214dhi\017'd\326\246\017\3316\267\327Ne8& \216!\342"
 311      0F2764D6 
 311      A60FD936 
 311      B7D74E65 
ARM GAS  /tmp/ccNyibFp.s 			page 24


 311      3826208E 
 312 07e6 3822B27B 		.ascii	"8\"\262{\016\324\021:\306\021OJ\257\225,\023\312P*\000"
 312      0ED4113A 
 312      C6114F4A 
 312      AF952C13 
 312      CA502A00 
 313 07fa 4A115086 		.ascii	"J\021P\206\200\361=C\203\260\0308\240\345iK\243\247"
 313      80F13D43 
 313      83B01838 
 313      A0E5694B 
 313      A3A7
 314 080c 50861302 		.ascii	"P\206\023\002\340\004\002\312\371\006\375\362]\034,"
 314      E00402CA 
 314      F906FDF2 
 314      5D1C2C
 315 081b 062D02AA 		.ascii	"\006-\002\252\362S\377%V\341\244\0008\211\200S\010("
 315      F253FF25 
 315      56E1A400 
 315      38898053 
 315      0828
 316 082d 1E1F6D55 		.ascii	"\036\037mU9\377\002\036w\372\335'\221\323*\374\005\314"
 316      39FF021E 
 316      77FADD27 
 316      91D32AFC 
 316      05CC
 317 083f AE105C31 		.ascii	"\256\020\\1V\365\300\3239\230\375(q\004\237Q\202\317"
 317      56F5C0D3 
 317      3998FD28 
 317      71049F51 
 317      82CF
 318 0851 6070E77C 		.ascii	"`p\347|\357\214\326\026\274w\251\337\326\244\002L^&"
 318      EF8CD616 
 318      BC77A9DF 
 318      D6A4024C 
 318      5E26
 319 0863 534454B4 		.ascii	"SDT\264\331\024i\211\264\252\377m\016\377\347\357B\214"
 319      D9146989 
 319      B4AAFF6D 
 319      0EFFE7EF 
 319      428C
 320 0875 11DF457E 		.ascii	"\021\337E~\033\031\025\023\372y\2301*\306\030\021\265"
 320      1B191513 
 320      FA799831 
 320      2AC61811 
 320      B5
 321 0886 654B94C5 		.ascii	"eK\224\305\030c\015\217\266n\333j\374\343\237\277\336"
 321      18630D8F 
 321      B66EDB6A 
 321      FCE39FBF 
 321      DE
 322 0897 F8F576D6 		.ascii	"\370\365v\326\2735r\2639:\306\370\345\306\215\306\210"
 322      BB3572B3 
 322      393AC6F8 
 322      E5C68DC6 
 322      88
 323 08a8 686B6848 		.ascii	"hkhH\204\356\313?\375%pch\250\364\373\377\237!\031L"
 323      84EECB3F 
ARM GAS  /tmp/ccNyibFp.s 			page 25


 323      FD257063 
 323      68A8F4FB 
 323      FF9F2119 
 324 08bd 267378F4 		.ascii	"&sx\364\346\0358\"\030\335\346p+\037\235\267\311\264"
 324      E61D3822 
 324      18DDE670 
 324      2B1F9DB7 
 324      C9B4
 325 08cf C9FC8FF0 		.ascii	"\311\374\217\360m\233\255&\363\366H\253\316\002\303"
 325      6D9BAD26 
 325      F3F648AB 
 325      CE02C3
 326 08de B66E8BB6 		.ascii	"\266n\213\266\370\232\360\261):|\213)<\332\034\036\343"
 326      F89AF0B1 
 326      293A7C8B 
 326      293CDA1C 
 326      1EE3
 327 08f0 69BFD347 		.ascii	"i\277\323Gl\006\026\336\353M\246m\221\026\353\2320\223"
 327      6C0616DE 
 327      EB4DA66D 
 327      9116EB9A 
 327      3093
 328 0902 75AD715B 		.ascii	"u\255q[L\2641<z\313jK\224\305\274\332\034\376m\2441"
 328      4CB4313C 
 328      7ACB6A4B 
 328      94C5BCDA 
 328      1CFE6DA4 
 329 0917 D212B179 		.ascii	"\322\022\261y\333&\263qK8\014\334b6\332SYwl5\307\204"
 329      DB26B371 
 329      4B380CDC 
 329      6236DA53 
 329      59776C35 
 330 092d 7C27E96C 		.ascii	"|'\351l\356_\377\204;fG\214\321\024c\335\004\241`\361"
 330      EE5FFF84 
 330      3B66478C 
 330      D11463DD 
 330      04A160F1 
 331 0941 C461B1E4 		.ascii	"\304a\261\344\336xg5o\347M\203%\312d\177\346\303Fko"
 331      DE786735 
 331      6FE74D83 
 331      25CA647F 
 331      E6C3466B 
 332 0956 99AC7E26 		.ascii	"\231\254~&\366&\237\231\034\026\3232\347.\223\267\322"
 332      F6269F99 
 332      1C16D332 
 332      E72E93B7 
 332      D2
 333 0967 E2EF66F2 		.ascii	"\342\357f\362Q\232\226(\376\230\373CE\177\250\213?\324"
 333      519A9628 
 333      FE98FB43 
 333      457FA88B 
 333      3FD4
 334 0979 D51FEAE6 		.ascii	"\325\037\352\346\017\023\375a.\3760W\177\230\233\177"
 334      0F13FD61 
 334      2EFE3057 
 334      7F989B7F 
 335 0989 8DE85FE3 		.ascii	"\215\350_\343\342_\343\352_\343\346_+\372\327\272\370"
ARM GAS  /tmp/ccNyibFp.s 			page 26


 335      E25FE3EA 
 335      5FE3E65F 
 335      2BFAD7BA 
 335      F8
 336 099a D7BAFAD7 		.ascii	"\327\272\372\327\272\371\327\211\376u.\376u\256\376"
 336      BAF9D789 
 336      FE752EFE 
 336      75AEFE
 337 09a9 756EFEF5 		.ascii	"un\376\365\242\177\275\213\177\275\253\177\275\233\177"
 337      A27FBD8B 
 337      7FBDAB7F 
 337      BD9B7F
 338 09b8 83E8DFE0 		.ascii	"\203\350\337\340\342\337\340\352\337`\367\377\027?\335"
 338      E2DFE0EA 
 338      DF60F7FF 
 338      173FDD
 339 09c7 674E     		.ascii	"gN"
 340              		.text
 341              		.section	.gnu.lto_.symtab.d0be55baece1ce62,"",%progbits
 342 0000 5F5F636F 		.ascii	"__core_init\000"
 342      72655F69 
 342      6E697400 
 343 000c 00       		.ascii	"\000"
 344 000d 01       		.ascii	"\001"
 345 000e 00       		.ascii	"\000"
 346 000f 00000000 		.ascii	"\000\000\000\000\000\000\000\000"
 346      00000000 
 347 0017 BD000000 		.ascii	"\275\000\000\000"
 348 001b 5F5F6561 		.ascii	"__early_init\000"
 348      726C795F 
 348      696E6974 
 348      00
 349 0028 00       		.ascii	"\000"
 350 0029 01       		.ascii	"\001"
 351 002a 00       		.ascii	"\000"
 352 002b 00000000 		.ascii	"\000\000\000\000\000\000\000\000"
 352      00000000 
 353 0033 C0000000 		.ascii	"\300\000\000\000"
 354 0037 5F5F6C61 		.ascii	"__late_init\000"
 354      74655F69 
 354      6E697400 
 355 0043 00       		.ascii	"\000"
 356 0044 01       		.ascii	"\001"
 357 0045 00       		.ascii	"\000"
 358 0046 00000000 		.ascii	"\000\000\000\000\000\000\000\000"
 358      00000000 
 359 004e C3000000 		.ascii	"\303\000\000\000"
 360 0052 5F5F6465 		.ascii	"__default_exit\000"
 360      6661756C 
 360      745F6578 
 360      697400
 361 0061 00       		.ascii	"\000"
 362 0062 01       		.ascii	"\001"
 363 0063 00       		.ascii	"\000"
 364 0064 00000000 		.ascii	"\000\000\000\000\000\000\000\000"
 364      00000000 
 365 006c C8000000 		.ascii	"\310\000\000\000"
ARM GAS  /tmp/ccNyibFp.s 			page 27


 366 0070 5F5F696E 		.ascii	"__init_ram_areas\000"
 366      69745F72 
 366      616D5F61 
 366      72656173 
 366      00
 367 0081 00       		.ascii	"\000"
 368 0082 00       		.ascii	"\000"
 369 0083 00       		.ascii	"\000"
 370 0084 00000000 		.ascii	"\000\000\000\000\000\000\000\000"
 370      00000000 
 371 008c CA000000 		.ascii	"\312\000\000\000"
 372 0090 5F5F7261 		.ascii	"__ram0_init_text__\000"
 372      6D305F69 
 372      6E69745F 
 372      74657874 
 372      5F5F00
 373 00a3 00       		.ascii	"\000"
 374 00a4 02       		.ascii	"\002"
 375 00a5 00       		.ascii	"\000"
 376 00a6 00000000 		.ascii	"\000\000\000\000\000\000\000\000"
 376      00000000 
 377 00ae F0000000 		.ascii	"\360\000\000\000"
 378 00b2 5F5F7261 		.ascii	"__ram0_init__\000"
 378      6D305F69 
 378      6E69745F 
 378      5F00
 379 00c0 00       		.ascii	"\000"
 380 00c1 02       		.ascii	"\002"
 381 00c2 00       		.ascii	"\000"
 382 00c3 00000000 		.ascii	"\000\000\000\000\000\000\000\000"
 382      00000000 
 383 00cb F2000000 		.ascii	"\362\000\000\000"
 384 00cf 5F5F7261 		.ascii	"__ram0_clear__\000"
 384      6D305F63 
 384      6C656172 
 384      5F5F00
 385 00de 00       		.ascii	"\000"
 386 00df 02       		.ascii	"\002"
 387 00e0 00       		.ascii	"\000"
 388 00e1 00000000 		.ascii	"\000\000\000\000\000\000\000\000"
 388      00000000 
 389 00e9 F4000000 		.ascii	"\364\000\000\000"
 390 00ed 5F5F7261 		.ascii	"__ram0_noinit__\000"
 390      6D305F6E 
 390      6F696E69 
 390      745F5F00 
 391 00fd 00       		.ascii	"\000"
 392 00fe 02       		.ascii	"\002"
 393 00ff 00       		.ascii	"\000"
 394 0100 00000000 		.ascii	"\000\000\000\000\000\000\000\000"
 394      00000000 
 395 0108 F6000000 		.ascii	"\366\000\000\000"
 396 010c 5F5F7261 		.ascii	"__ram1_init_text__\000"
 396      6D315F69 
 396      6E69745F 
 396      74657874 
 396      5F5F00
ARM GAS  /tmp/ccNyibFp.s 			page 28


 397 011f 00       		.ascii	"\000"
 398 0120 02       		.ascii	"\002"
 399 0121 00       		.ascii	"\000"
 400 0122 00000000 		.ascii	"\000\000\000\000\000\000\000\000"
 400      00000000 
 401 012a F8000000 		.ascii	"\370\000\000\000"
 402 012e 5F5F7261 		.ascii	"__ram1_init__\000"
 402      6D315F69 
 402      6E69745F 
 402      5F00
 403 013c 00       		.ascii	"\000"
 404 013d 02       		.ascii	"\002"
 405 013e 00       		.ascii	"\000"
 406 013f 00000000 		.ascii	"\000\000\000\000\000\000\000\000"
 406      00000000 
 407 0147 FA000000 		.ascii	"\372\000\000\000"
 408 014b 5F5F7261 		.ascii	"__ram1_clear__\000"
 408      6D315F63 
 408      6C656172 
 408      5F5F00
 409 015a 00       		.ascii	"\000"
 410 015b 02       		.ascii	"\002"
 411 015c 00       		.ascii	"\000"
 412 015d 00000000 		.ascii	"\000\000\000\000\000\000\000\000"
 412      00000000 
 413 0165 FC000000 		.ascii	"\374\000\000\000"
 414 0169 5F5F7261 		.ascii	"__ram1_noinit__\000"
 414      6D315F6E 
 414      6F696E69 
 414      745F5F00 
 415 0179 00       		.ascii	"\000"
 416 017a 02       		.ascii	"\002"
 417 017b 00       		.ascii	"\000"
 418 017c 00000000 		.ascii	"\000\000\000\000\000\000\000\000"
 418      00000000 
 419 0184 FE000000 		.ascii	"\376\000\000\000"
 420 0188 5F5F7261 		.ascii	"__ram2_init_text__\000"
 420      6D325F69 
 420      6E69745F 
 420      74657874 
 420      5F5F00
 421 019b 00       		.ascii	"\000"
 422 019c 02       		.ascii	"\002"
 423 019d 00       		.ascii	"\000"
 424 019e 00000000 		.ascii	"\000\000\000\000\000\000\000\000"
 424      00000000 
 425 01a6 00010000 		.ascii	"\000\001\000\000"
 426 01aa 5F5F7261 		.ascii	"__ram2_init__\000"
 426      6D325F69 
 426      6E69745F 
 426      5F00
 427 01b8 00       		.ascii	"\000"
 428 01b9 02       		.ascii	"\002"
 429 01ba 00       		.ascii	"\000"
 430 01bb 00000000 		.ascii	"\000\000\000\000\000\000\000\000"
 430      00000000 
 431 01c3 02010000 		.ascii	"\002\001\000\000"
ARM GAS  /tmp/ccNyibFp.s 			page 29


 432 01c7 5F5F7261 		.ascii	"__ram2_clear__\000"
 432      6D325F63 
 432      6C656172 
 432      5F5F00
 433 01d6 00       		.ascii	"\000"
 434 01d7 02       		.ascii	"\002"
 435 01d8 00       		.ascii	"\000"
 436 01d9 00000000 		.ascii	"\000\000\000\000\000\000\000\000"
 436      00000000 
 437 01e1 04010000 		.ascii	"\004\001\000\000"
 438 01e5 5F5F7261 		.ascii	"__ram2_noinit__\000"
 438      6D325F6E 
 438      6F696E69 
 438      745F5F00 
 439 01f5 00       		.ascii	"\000"
 440 01f6 02       		.ascii	"\002"
 441 01f7 00       		.ascii	"\000"
 442 01f8 00000000 		.ascii	"\000\000\000\000\000\000\000\000"
 442      00000000 
 443 0200 06010000 		.ascii	"\006\001\000\000"
 444 0204 5F5F7261 		.ascii	"__ram3_init_text__\000"
 444      6D335F69 
 444      6E69745F 
 444      74657874 
 444      5F5F00
 445 0217 00       		.ascii	"\000"
 446 0218 02       		.ascii	"\002"
 447 0219 00       		.ascii	"\000"
 448 021a 00000000 		.ascii	"\000\000\000\000\000\000\000\000"
 448      00000000 
 449 0222 08010000 		.ascii	"\010\001\000\000"
 450 0226 5F5F7261 		.ascii	"__ram3_init__\000"
 450      6D335F69 
 450      6E69745F 
 450      5F00
 451 0234 00       		.ascii	"\000"
 452 0235 02       		.ascii	"\002"
 453 0236 00       		.ascii	"\000"
 454 0237 00000000 		.ascii	"\000\000\000\000\000\000\000\000"
 454      00000000 
 455 023f 0A010000 		.ascii	"\012\001\000\000"
 456 0243 5F5F7261 		.ascii	"__ram3_clear__\000"
 456      6D335F63 
 456      6C656172 
 456      5F5F00
 457 0252 00       		.ascii	"\000"
 458 0253 02       		.ascii	"\002"
 459 0254 00       		.ascii	"\000"
 460 0255 00000000 		.ascii	"\000\000\000\000\000\000\000\000"
 460      00000000 
 461 025d 0C010000 		.ascii	"\014\001\000\000"
 462 0261 5F5F7261 		.ascii	"__ram3_noinit__\000"
 462      6D335F6E 
 462      6F696E69 
 462      745F5F00 
 463 0271 00       		.ascii	"\000"
 464 0272 02       		.ascii	"\002"
ARM GAS  /tmp/ccNyibFp.s 			page 30


 465 0273 00       		.ascii	"\000"
 466 0274 00000000 		.ascii	"\000\000\000\000\000\000\000\000"
 466      00000000 
 467 027c 0E010000 		.ascii	"\016\001\000\000"
 468 0280 5F5F7261 		.ascii	"__ram4_init_text__\000"
 468      6D345F69 
 468      6E69745F 
 468      74657874 
 468      5F5F00
 469 0293 00       		.ascii	"\000"
 470 0294 02       		.ascii	"\002"
 471 0295 00       		.ascii	"\000"
 472 0296 00000000 		.ascii	"\000\000\000\000\000\000\000\000"
 472      00000000 
 473 029e 10010000 		.ascii	"\020\001\000\000"
 474 02a2 5F5F7261 		.ascii	"__ram4_init__\000"
 474      6D345F69 
 474      6E69745F 
 474      5F00
 475 02b0 00       		.ascii	"\000"
 476 02b1 02       		.ascii	"\002"
 477 02b2 00       		.ascii	"\000"
 478 02b3 00000000 		.ascii	"\000\000\000\000\000\000\000\000"
 478      00000000 
 479 02bb 12010000 		.ascii	"\022\001\000\000"
 480 02bf 5F5F7261 		.ascii	"__ram4_clear__\000"
 480      6D345F63 
 480      6C656172 
 480      5F5F00
 481 02ce 00       		.ascii	"\000"
 482 02cf 02       		.ascii	"\002"
 483 02d0 00       		.ascii	"\000"
 484 02d1 00000000 		.ascii	"\000\000\000\000\000\000\000\000"
 484      00000000 
 485 02d9 14010000 		.ascii	"\024\001\000\000"
 486 02dd 5F5F7261 		.ascii	"__ram4_noinit__\000"
 486      6D345F6E 
 486      6F696E69 
 486      745F5F00 
 487 02ed 00       		.ascii	"\000"
 488 02ee 02       		.ascii	"\002"
 489 02ef 00       		.ascii	"\000"
 490 02f0 00000000 		.ascii	"\000\000\000\000\000\000\000\000"
 490      00000000 
 491 02f8 16010000 		.ascii	"\026\001\000\000"
 492 02fc 5F5F7261 		.ascii	"__ram5_init_text__\000"
 492      6D355F69 
 492      6E69745F 
 492      74657874 
 492      5F5F00
 493 030f 00       		.ascii	"\000"
 494 0310 02       		.ascii	"\002"
 495 0311 00       		.ascii	"\000"
 496 0312 00000000 		.ascii	"\000\000\000\000\000\000\000\000"
 496      00000000 
 497 031a 18010000 		.ascii	"\030\001\000\000"
 498 031e 5F5F7261 		.ascii	"__ram5_init__\000"
ARM GAS  /tmp/ccNyibFp.s 			page 31


 498      6D355F69 
 498      6E69745F 
 498      5F00
 499 032c 00       		.ascii	"\000"
 500 032d 02       		.ascii	"\002"
 501 032e 00       		.ascii	"\000"
 502 032f 00000000 		.ascii	"\000\000\000\000\000\000\000\000"
 502      00000000 
 503 0337 1A010000 		.ascii	"\032\001\000\000"
 504 033b 5F5F7261 		.ascii	"__ram5_clear__\000"
 504      6D355F63 
 504      6C656172 
 504      5F5F00
 505 034a 00       		.ascii	"\000"
 506 034b 02       		.ascii	"\002"
 507 034c 00       		.ascii	"\000"
 508 034d 00000000 		.ascii	"\000\000\000\000\000\000\000\000"
 508      00000000 
 509 0355 1C010000 		.ascii	"\034\001\000\000"
 510 0359 5F5F7261 		.ascii	"__ram5_noinit__\000"
 510      6D355F6E 
 510      6F696E69 
 510      745F5F00 
 511 0369 00       		.ascii	"\000"
 512 036a 02       		.ascii	"\002"
 513 036b 00       		.ascii	"\000"
 514 036c 00000000 		.ascii	"\000\000\000\000\000\000\000\000"
 514      00000000 
 515 0374 1E010000 		.ascii	"\036\001\000\000"
 516 0378 5F5F7261 		.ascii	"__ram6_init_text__\000"
 516      6D365F69 
 516      6E69745F 
 516      74657874 
 516      5F5F00
 517 038b 00       		.ascii	"\000"
 518 038c 02       		.ascii	"\002"
 519 038d 00       		.ascii	"\000"
 520 038e 00000000 		.ascii	"\000\000\000\000\000\000\000\000"
 520      00000000 
 521 0396 20010000 		.ascii	" \001\000\000"
 522 039a 5F5F7261 		.ascii	"__ram6_init__\000"
 522      6D365F69 
 522      6E69745F 
 522      5F00
 523 03a8 00       		.ascii	"\000"
 524 03a9 02       		.ascii	"\002"
 525 03aa 00       		.ascii	"\000"
 526 03ab 00000000 		.ascii	"\000\000\000\000\000\000\000\000"
 526      00000000 
 527 03b3 22010000 		.ascii	"\"\001\000\000"
 528 03b7 5F5F7261 		.ascii	"__ram6_clear__\000"
 528      6D365F63 
 528      6C656172 
 528      5F5F00
 529 03c6 00       		.ascii	"\000"
 530 03c7 02       		.ascii	"\002"
 531 03c8 00       		.ascii	"\000"
ARM GAS  /tmp/ccNyibFp.s 			page 32


 532 03c9 00000000 		.ascii	"\000\000\000\000\000\000\000\000"
 532      00000000 
 533 03d1 24010000 		.ascii	"$\001\000\000"
 534 03d5 5F5F7261 		.ascii	"__ram6_noinit__\000"
 534      6D365F6E 
 534      6F696E69 
 534      745F5F00 
 535 03e5 00       		.ascii	"\000"
 536 03e6 02       		.ascii	"\002"
 537 03e7 00       		.ascii	"\000"
 538 03e8 00000000 		.ascii	"\000\000\000\000\000\000\000\000"
 538      00000000 
 539 03f0 26010000 		.ascii	"&\001\000\000"
 540 03f4 5F5F7261 		.ascii	"__ram7_init_text__\000"
 540      6D375F69 
 540      6E69745F 
 540      74657874 
 540      5F5F00
 541 0407 00       		.ascii	"\000"
 542 0408 02       		.ascii	"\002"
 543 0409 00       		.ascii	"\000"
 544 040a 00000000 		.ascii	"\000\000\000\000\000\000\000\000"
 544      00000000 
 545 0412 28010000 		.ascii	"(\001\000\000"
 546 0416 5F5F7261 		.ascii	"__ram7_init__\000"
 546      6D375F69 
 546      6E69745F 
 546      5F00
 547 0424 00       		.ascii	"\000"
 548 0425 02       		.ascii	"\002"
 549 0426 00       		.ascii	"\000"
 550 0427 00000000 		.ascii	"\000\000\000\000\000\000\000\000"
 550      00000000 
 551 042f 2A010000 		.ascii	"*\001\000\000"
 552 0433 5F5F7261 		.ascii	"__ram7_clear__\000"
 552      6D375F63 
 552      6C656172 
 552      5F5F00
 553 0442 00       		.ascii	"\000"
 554 0443 02       		.ascii	"\002"
 555 0444 00       		.ascii	"\000"
 556 0445 00000000 		.ascii	"\000\000\000\000\000\000\000\000"
 556      00000000 
 557 044d 2C010000 		.ascii	",\001\000\000"
 558 0451 5F5F7261 		.ascii	"__ram7_noinit__\000"
 558      6D375F6E 
 558      6F696E69 
 558      745F5F00 
 559 0461 00       		.ascii	"\000"
 560 0462 02       		.ascii	"\002"
 561 0463 00       		.ascii	"\000"
 562 0464 00000000 		.ascii	"\000\000\000\000\000\000\000\000"
 562      00000000 
 563 046c 2E010000 		.ascii	".\001\000\000"
 564              		.text
 565              		.section	.gnu.lto_.opts,"",%progbits
 566 0000 272D666D 		.ascii	"'-fmath-errno' '-fsigned-zeros' '-ftrapping-math' '"
ARM GAS  /tmp/ccNyibFp.s 			page 33


 566      6174682D 
 566      6572726E 
 566      6F272027 
 566      2D667369 
 567 0033 2D666E6F 		.ascii	"-fno-trapv' '-fno-openmp' '-fno-openacc' '-mcpu=cor"
 567      2D747261 
 567      70762720 
 567      272D666E 
 567      6F2D6F70 
 568 0066 7465782D 		.ascii	"tex-m4' '-mno-thumb-interwork' '-mthumb' '-O2' '-fo"
 568      6D342720 
 568      272D6D6E 
 568      6F2D7468 
 568      756D622D 
 569 0099 6D69742D 		.ascii	"mit-frame-pointer' '-falign-functions=16' '-ffuncti"
 569      6672616D 
 569      652D706F 
 569      696E7465 
 569      72272027 
 570 00cc 6F6E2D73 		.ascii	"on-sections' '-fdata-sections' '-fno-common' '-flto"
 570      65637469 
 570      6F6E7327 
 570      20272D66 
 570      64617461 
 571 00ff 2700     		.ascii	"'\000"
 572              		.text
 573              		.comm	__gnu_lto_v1,1,1
 574              		.comm	__gnu_lto_slim,1,1
 575              		.ident	"GCC: (GNU Tools for Arm Embedded Processors 7-2018-q3-update) 7.3.1 20180622 (release) [AR
ARM GAS  /tmp/ccNyibFp.s 			page 34


DEFINED SYMBOLS
                            *ABS*:0000000000000000 crt1.c
                            *COM*:0000000000000001 __gnu_lto_v1
                            *COM*:0000000000000001 __gnu_lto_slim

NO UNDEFINED SYMBOLS
