ARM GAS  /tmp/cc97Ibcu.s 			page 1


   1              		.cpu cortex-m4
   2              		.eabi_attribute 20, 1
   3              		.eabi_attribute 21, 1
   4              		.eabi_attribute 23, 3
   5              		.eabi_attribute 24, 1
   6              		.eabi_attribute 25, 1
   7              		.eabi_attribute 26, 1
   8              		.eabi_attribute 30, 2
   9              		.eabi_attribute 34, 1
  10              		.eabi_attribute 18, 4
  11              		.file	"hal.c"
  12              		.section	.gnu.lto_.profile.6482e63c6a919b85,"",%progbits
  13 0000 789C6363 		.ascii	"x\234cc```\001bF\206 N\000\001%\000g"
  13      60606001 
  13      62468620 
  13      4E000125 
  13      0067
  14              		.text
  15              		.section	.gnu.lto_.icf.6482e63c6a919b85,"",%progbits
  16 0000 789C6363 		.ascii	"x\234cc``\340`@\000F\206M?~\334`g\000\000\020\312\003"
  16      6060E060 
  16      40004686 
  16      4D3F7EDC 
  16      60670000 
  17 0017 91       		.ascii	"\221"
  18              		.text
  19              		.section	.gnu.lto_.jmpfuncs.6482e63c6a919b85,"",%progbits
  20 0000 789C6363 		.ascii	"x\234cc``\340e@\000F$6\003\000\002\035\000\025"
  20      6060E065 
  20      40004624 
  20      36030002 
  20      1D0015
  21              		.text
  22              		.section	.gnu.lto_.inline.6482e63c6a919b85,"",%progbits
  23 0000 789C6363 		.ascii	"x\234cc``\260e@\000F\006\006\356K@\222\011\310f[ \317"
  23      6060B065 
  23      40004606 
  23      06EE4B40 
  23      9209C866 
  24 0017 0416E322 		.ascii	"\004\026\343\"\216`\000\000r\225\002D"
  24      8E600000 
  24      72950244 
  25              		.text
  26              		.section	.gnu.lto_.pureconst.6482e63c6a919b85,"",%progbits
  27 0000 789C6363 		.ascii	"x\234cc```\006bF\006\011\000\000}\000#"
  27      60606006 
  27      62460609 
  27      00007D00 
  27      23
  28              		.text
  29              		.section	.gnu.lto_halInit.6482e63c6a919b85,"",%progbits
  30 0000 789C75D0 		.ascii	"x\234u\320\275J\003A\020\007\360\371\357&\227C\374h"
  30      BD4A0341 
  30      1007F0F9 
  30      EF269743 
  30      FC68
  31 0012 B49080D8 		.ascii	"\264\220\200\330\246\311\241\225\317\340[\3505\011\010"
ARM GAS  /tmp/cc97Ibcu.s 			page 2


  31      A6C9A195 
  31      CFE05BE8 
  31      350908
  32 0021 01EF016E 		.ascii	"\001\357\001n5E\"XX\230\330\\\021l\324J\304\257\254"
  32      35452258 
  32      5898D85C 
  32      116CD44A 
  32      C4AFAC
  33 0034 5AAC3E80 		.ascii	"Z\254>\200\205\255\225\037X\005\321R$\321\331h\261\305"
  33      85AD951F 
  33      5805D152 
  33      24D1D968 
  33      B1C5
  34 0046 6660D961 		.ascii	"f`\331a\367\2673\313\004Dt\013\242y\336\213\274 \011"
  34      F7B733CB 
  34      0444740B 
  34      A279DE8B 
  34      BC2009
  35 0059 62E79E68 		.ascii	"b\347\236h#\024\200MT\010J\005Rl\313]\211\273\306\233"
  35      2314804D 
  35      54084A05 
  35      526CCB5D 
  35      89BBC69B 
  36 006d 16A503C5 		.ascii	"\026\245\003\305a\366>f\325\241A&\211\332\274l\340\024"
  36      61F63E66 
  36      D5A14126 
  36      89DABC6C 
  36      E014
  37 007f 2562F67C 		.ascii	"%b\366|2hM\004\271\277s\234! \356A\307\017y\243\006"
  37      32684D04 
  37      B9BF739C 
  37      2120EE41 
  37      C70F79A3 
  38 0094 3F0D655E 		.ascii	"?\015e^\367\361\271<F\324\344{n\242\014mIa\263\272\241"
  38      F7F1B93C 
  38      46D4E47B 
  38      6EA20C6D 
  38      4961B3BA 
  39 00a9 1EEA9DEF 		.ascii	"\036\352\235\357\342\360\021W\322\272\367XH\373*\314"
  39      E2F01157 
  39      D2BAF758 
  39      48FB2ACC 
  40 00b9 24DA92AB 		.ascii	"$\332\222\253\340\034)e\254\255;\032\367;\301\356\302"
  40      E01C2965 
  40      ACAD3B1A 
  40      F73BC1EE 
  40      C2
  41 00ca 714F231C 		.ascii	"qO#\034\267\307\245\343\364\244\337\345\330u\335zS~"
  41      B7C7A5E3 
  41      F4A4DFE5 
  41      D875DD7A 
  41      537E
  42 00dc 9767A71D 		.ascii	"\227g\247\035\3675\302\005\354\256\034\327\237\366\273"
  42      F735C205 
  42      ECAE1CD7 
  42      9FF6BB
  43 00eb 02BB6BF7 		.ascii	"\002\273k\367\1773~\027\262\273\371w\357\330\354\274"
ARM GAS  /tmp/cc97Ibcu.s 			page 3


  43      7F337E17 
  43      B2BBF977 
  43      EFD8ECBC 
  44 00fb B4308436 		.ascii	"\2640\2046\232<5\236,\217d\256\034\305\225\352j\265"
  44      9A3C359E 
  44      2C8F64AE 
  44      1CC595EA 
  44      6AB5
  45 010d 962C2C2D 		.ascii	"\226,,-F\265$\252\254\254E\311zl\367rL\277\377m\235"
  45      46B524AA 
  45      ACAC45C9 
  45      7A6CF772 
  45      4CBFFF6D 
  46 0122 58       		.ascii	"X"
  47              		.text
  48              		.section	.gnu.lto_.symbol_nodes.6482e63c6a919b85,"",%progbits
  49 0000 789C55C8 		.ascii	"x\234U\310\273\015\3020\024F\341\343\337\211\223-X\005"
  49      BB0DC230 
  49      1446E1E3 
  49      DF89932D 
  49      5805
  50 0012 26BB2E22 		.ascii	"&\273.\"j\206\310\022\204\267\224\232\011(@J\311\014"
  50      6A86C812 
  50      84B7949A 
  50      0928404A 
  50      C90C
  51 0024 08E38A5B 		.ascii	"\010\343\212[\034\035\351K\300\243\204\3662\330\335"
  51      1C1DE94B 
  51      C0A384F6 
  51      32D8DD
  52 0033 A16CCA1B 		.ascii	"\241l\312\033\0107Y\250\0029\257\013\\erp\221E\007g"
  52      083759A8 
  52      0239AF0B 
  52      5C657270 
  52      91450767 
  53 0047 59E3E024 		.ascii	"Y\343\340$k\035\034e\311\301A\3269\230d\375?Dz\306\347"
  53      6B1D1C65 
  53      C9C141D6 
  53      399864FD 
  53      3F447AC6 
  54 005c 27443AE6 		.ascii	"'D:\346\372\304R\3372\274~o\030\353#s\275X\352\003\303"
  54      FAC452DF 
  54      32BC7E6F 
  54      18EB2373 
  54      BD58EA03 
  55 0071 F6BDE20B 		.ascii	"\366\275\342\013zT9\021"
  55      7A543911 
  56              		.text
  57              		.section	.gnu.lto_.refs.6482e63c6a919b85,"",%progbits
  58 0000 789C6363 		.ascii	"x\234cc```\004b\006\000\000D\000\010"
  58      60606004 
  58      62060000 
  58      440008
  59              		.text
  60              		.section	.gnu.lto_.decls.6482e63c6a919b85,"",%progbits
  61 0000 789C8D92 		.ascii	"x\234\215\222[H\224A\024\307\347|\343u5\225\250\350"
  61      5B489441 
ARM GAS  /tmp/cc97Ibcu.s 			page 4


  61      14C7E77C 
  61      E3753595 
  61      A8E8
  62 0012 A162898A 		.ascii	"\241b\211\212^\332E\363\301\240\267\354\"t\221\264\250"
  62      5EDA45F3 
  62      C1A0B7EC 
  62      227491B4 
  62      A8
  63 0023 A74D7785 		.ascii	"\247Mw\205]0\025W3\210\340+\273QQ\022R\351Z\371\222"
  63      5D301557 
  63      3388E02B 
  63      BB515112 
  63      52E95AF9 
  64 0038 5859486A 		.ascii	"XYHj\345uW\327m\253\325\242\362%\314\264+\225 F\220"
  64      E57557D7 
  64      6DABD5A2 
  64      F225CCB4 
  64      2B952046 
  65 004d 95C176E6 		.ascii	"\225\301v\346\362}\237\244\244\303\236=3g\316\357\177"
  65      F27D9FA4 
  65      A4C39E3D 
  65      3367CEEF 
  65      7F
  66 005e CECC3751 		.ascii	"\316\3147Q\204\220\025\021\204\304+\204\\\306y\030\007"
  66      84901511 
  66      84C42B84 
  66      5CC67918 
  66      07
  67 006f 4E493731 		.ascii	"NI71F,Z;Z'\232W\356\371\321\002hA\264\307h!2}\224\001"
  67      462C5A3B 
  67      5A279A57 
  67      EEF9D102 
  67      6841B4C7 
  68 0089 2114FD3E 		.ascii	"!\024\375>\264\247hm\377\350\205$\033\224Z~\251\355"
  68      B4A7686D 
  68      FFE88524 
  68      1B945A7E 
  68      A9ED
  69 009b 95B5FE1D 		.ascii	"\225\265\376\035\225\024\332\272;\275q\3030\004\330"
  69      9514DABA 
  69      3BBD71C3 
  69      3004D8
  70 00aa 2324F128 		.ascii	"#$\361(\200\370G\317\214\257\303\332\000\021\307\250"
  70      80F847CF 
  70      8CAFC3DA 
  70      0011C7A8 
  71 00ba 229C4C65 		.ascii	"\"\234Le\013\015\001=\242H\015E\323\345?)\000SU\305"
  71      0B0D013D 
  71      A2480D45 
  71      D3E53F29 
  71      005355C5 
  72 00ce BE28A70D 		.ascii	"\276(\247\015\"\362E?\006'B\212Ql\0122\255W\242o\353"
  72      22F2453F 
  72      0627428A 
  72      516C0A32 
  72      AD57A26F 
  73 00e3 4D198704 		.ascii	"M\031\207\004y\011\375\027\256\2744\215\300\033\334"
ARM GAS  /tmp/cc97Ibcu.s 			page 5


  73      7909FD17 
  73      AEBC348D 
  73      C01BDC
  74 00f2 DD4B4845 		.ascii	"\335KHEL\001\260\350x\223\372\316D\025>\237\364\214"
  74      4C01B0E8 
  74      7893FACE 
  74      44153E9F 
  74      F48C
  75 0104 D7C55113 		.ascii	"\327\305Q\023\237\237\274\370z\214Z\032T1b\366\020\270"
  75      9F9FBCF8 
  75      7A8C5A1A 
  75      543162F6 
  75      10B8
  76 0116 0754BBCF 		.ascii	"\007T\273\317@x\302\227x\206\302|\023(\270|1\336w%\016"
  76      4078C297 
  76      7886C27C 
  76      1328B87C 
  76      31DE7725 
  77 012b 970B4C90 		.ascii	"\227\013L\220\204\313\206\263\341\312\310\305\027\031"
  77      84CB86B3 
  77      E1CAC8C5 
  77      1719
  78 0139 5751AE26 		.ascii	"WQ\256&)\260o\021\264\302\022x\000K\260\2336X\214\377"
  78      29B06F11 
  78      B4C21278 
  78      004BB09B 
  78      36588CFF 
  79 014d 051142E9 		.ascii	"\005\021B\351v\347\313\313\312\362Z\265vD\365=;\261"
  79      76E7CBCB 
  79      CAF25AB5 
  79      7644F53D 
  79      3BB1
  80 015f ACAE5CAD 		.ascii	"\254\256\\\255G\314\314\262\240\005(\334\007\013;B\013"
  80      47CCCCB2 
  80      A00528DC 
  80      070B3B42 
  80      0B
  81 0170 AB0DCD30 		.ascii	"\253\015\3150\002\320\004\303x\202vX\316\232\274;6\034"
  81      02D004C3 
  81      78827658 
  81      CE9ABC3B 
  81      361C
  82 0182 493379C3 		.ascii	"I3y\303g?\264\267$\242\322\210\252\372\302\325i\325"
  82      673FB4B7 
  82      24A2D288 
  82      AAFAC2D5 
  82      69D5
  83 0194 8D9FD553 		.ascii	"\215\237\325S&^\016:\014\241\016y\010\350\344\002}\237"
  83      265E0E3A 
  83      0CA10E79 
  83      08E8E402 
  83      7D9F
  84 01a6 860ED1C3 		.ascii	"\206\016\321\303\234\277\0258}$B\362\223\365\346W\201"
  84      9CBF1538 
  84      7D2442F2 
  84      93F5E657 
  84      81
ARM GAS  /tmp/cc97Ibcu.s 			page 6


  85 01b7 13BE4C81 		.ascii	"\023\276L\201w\031x\227\206{9^3\341iQ\250\017\270@\335"
  85      77197897 
  85      867B395E 
  85      33E16951 
  85      A80FB840 
  86 01cc 99090F95 		.ascii	"\231\011\017\225\002\376V\363\235f\365X$\347}\006\357"
  86      02FE56F3 
  86      9D66F558 
  86      24E77D06 
  86      EF
  87 01dd D3F86ECE 		.ascii	"\323\370n\3167\375:\345\001\372C\360\355o\356\217FK"
  87      37FD3AE5 
  87      01FA43F0 
  87      ED6FEE8F 
  87      464B
  88 01ef FEBB37D5 		.ascii	"\376\2737\325\343\327\033\3501\004z4\001?\027\370\331"
  88      E3D71BE8 
  88      31047A34 
  88      013F17F8 
  88      D9
  89 0200 5A1934D1 		.ascii	"Z\0314\321\353\342\363\335\273Qq\\\221\002\243\375\353"
  89      EBE2F3DD 
  89      BB51715C 
  89      9102A3FD 
  89      EB
  90 0211 437A03BD 		.ascii	"Cz\003\275\006\337\253\361\001\316\237\273\344\033\214"
  90      06DFABF1 
  90      01CE9FBB 
  90      E41B8C
  91 0220 A20382AF 		.ascii	"\242\003\202\257y\353\011k\015\274\037\\\355\325\371"
  91      79EB096B 
  91      0DBC1F5C 
  91      EDD5F9
  92 022f 8706FF50 		.ascii	"\207\006\377P\343\203\234\277\331P\3651\226\226S\316"
  92      E3839CBF 
  92      D950F531 
  92      969653CE 
  93 023f 0F1C39B7 		.ascii	"\017\0349\267P\342\241\257\346?:\376\310\300\037i\370"
  93      50E2A1AF 
  93      E63F3AFE 
  93      C8C01F69 
  93      F8
  94 0250 638E575D 		.ascii	"c\216W]=\337HiH\340c\336\357_\264\017\340\237\\\375"
  94      3DDF4869 
  94      48E063DE 
  94      EF5FB40F 
  94      E09F5CFD 
  95 0264 3BA89FFF 		.ascii	";\250\237\377\211!\360D\023\010q\201\347\307\032k\250"
  95      8921F044 
  95      13087181 
  95      E7C71A6B 
  95      A8
  96 0275 788811B8 		.ascii	"x\210\021\270\374\326_\375>A<D3.\257\375\231\254J\210"
  96      FCD65FFD 
  96      3E413C44 
  96      332EAFFD 
  96      99AC4A88 
ARM GAS  /tmp/cc97Ibcu.s 			page 7


  97 0289 3FADAA47 		.ascii	"?\255\252G\325\332r5v\013\027\353\307\227\330\307_\342"
  97      D5DA7235 
  97      760B17EB 
  97      C797D8C7 
  97      5FE2
  98 029b 5388E752 		.ascii	"S\210\347R\314G;s\3623\012\\%K-V\273\323\225\353*t'"
  98      CC473B73 
  98      F2330A5C 
  98      254B2D56 
  98      BBD395EB 
  99 02b2 A7A5580B 		.ascii	"\247\245X\013\335V\214[\335\305v\346-\366\230\315\333"
  99      DD568C5B 
  99      DDC576E6 
  99      2DF698CD 
  99      DB
 100 02c3 77993724 		.ascii	"w\2317$'\223e\377M#Q\356\022&\266r\246,W\201=\277\324"
 100      279365FF 
 100      4D2351EE 
 100      1226B672 
 100      A62C5781 
 101 02da 91C7E636 		.ascii	"\221\307\3466w\211\305Ibs\013s\212\035,?m\246|\276\353"
 101      7789C549 
 101      62730B73 
 101      8A1D2C3F 
 101      6DA67CBE 
 102 02ef B66665DB 		.ascii	"\266fe\333\262\262\267\255M\331\224jK\317\310\332\260"
 102      B2B2B7AD 
 102      4DD9946A 
 102      4BCFC8DA 
 102      B0
 103 0300 63F7C69D 		.ascii	"c\367\306\235{\305\036JD\273\035\245L`\315\254\005\363"
 103      7BC51E4A 
 103      44BB1DA5 
 103      4C60CDAC 
 103      05F3
 104 0312 8A5DE84A 		.ascii	"\212]\350J\335\271\214B\307\250U\263Q2\275\250l\377"
 104      DDB98C42 
 104      C7A855B3 
 104      5132BDA8 
 104      6CFF
 105 0324 9CD2318F 		.ascii	"\234\3221\217\245\3478\354sJ\307<L\237g+\302y~\276\303"
 105      A5E738EC 
 105      734AC73C 
 105      4C9F672B 
 105      C2797EBE 
 106 0339 E64268DD 		.ascii	"\346Bh\335LPQaq\011\273\010\274\005\353\326\255\351"
 106      4C505161 
 106      7109BB08 
 106      BC05EBD6 
 106      ADE9
 107 034b D6CD9919 		.ascii	"\326\315\231\031;\016\244\210\222\202E\235x\347\024"
 107      3B0EA488 
 107      9282459D 
 107      78E714
 108 035a 99D4D964 		.ascii	"\231\324\331d\344\225\036<hu\352\012\177\001\273'\334"
 108      E4951E3C 
 108      6875EA0A 
ARM GAS  /tmp/cc97Ibcu.s 			page 8


 108      7F01BB27 
 108      DC
 109 036b 89       		.ascii	"\211"
 110              		.text
 111              		.section	.gnu.lto_.symtab.6482e63c6a919b85,"",%progbits
 112 0000 68616C49 		.ascii	"halInit\000"
 112      6E697400 
 113 0008 00       		.ascii	"\000"
 114 0009 00       		.ascii	"\000"
 115 000a 00       		.ascii	"\000"
 116 000b 00000000 		.ascii	"\000\000\000\000\000\000\000\000"
 116      00000000 
 117 0013 BB000000 		.ascii	"\273\000\000\000"
 118 0017 7374496E 		.ascii	"stInit\000"
 118      697400
 119 001e 00       		.ascii	"\000"
 120 001f 02       		.ascii	"\002"
 121 0020 00       		.ascii	"\000"
 122 0021 00000000 		.ascii	"\000\000\000\000\000\000\000\000"
 122      00000000 
 123 0029 BD000000 		.ascii	"\275\000\000\000"
 124 002d 626F6172 		.ascii	"boardInit\000"
 124      64496E69 
 124      7400
 125 0037 00       		.ascii	"\000"
 126 0038 02       		.ascii	"\002"
 127 0039 00       		.ascii	"\000"
 128 003a 00000000 		.ascii	"\000\000\000\000\000\000\000\000"
 128      00000000 
 129 0042 BF000000 		.ascii	"\277\000\000\000"
 130 0046 73647549 		.ascii	"sduInit\000"
 130      6E697400 
 131 004e 00       		.ascii	"\000"
 132 004f 02       		.ascii	"\002"
 133 0050 00       		.ascii	"\000"
 134 0051 00000000 		.ascii	"\000\000\000\000\000\000\000\000"
 134      00000000 
 135 0059 C1000000 		.ascii	"\301\000\000\000"
 136 005d 75736249 		.ascii	"usbInit\000"
 136      6E697400 
 137 0065 00       		.ascii	"\000"
 138 0066 02       		.ascii	"\002"
 139 0067 00       		.ascii	"\000"
 140 0068 00000000 		.ascii	"\000\000\000\000\000\000\000\000"
 140      00000000 
 141 0070 C3000000 		.ascii	"\303\000\000\000"
 142 0074 70776D49 		.ascii	"pwmInit\000"
 142      6E697400 
 143 007c 00       		.ascii	"\000"
 144 007d 02       		.ascii	"\002"
 145 007e 00       		.ascii	"\000"
 146 007f 00000000 		.ascii	"\000\000\000\000\000\000\000\000"
 146      00000000 
 147 0087 C5000000 		.ascii	"\305\000\000\000"
 148 008b 61646349 		.ascii	"adcInit\000"
 148      6E697400 
 149 0093 00       		.ascii	"\000"
ARM GAS  /tmp/cc97Ibcu.s 			page 9


 150 0094 02       		.ascii	"\002"
 151 0095 00       		.ascii	"\000"
 152 0096 00000000 		.ascii	"\000\000\000\000\000\000\000\000"
 152      00000000 
 153 009e C7000000 		.ascii	"\307\000\000\000"
 154 00a2 5F70616C 		.ascii	"_pal_lld_init\000"
 154      5F6C6C64 
 154      5F696E69 
 154      7400
 155 00b0 00       		.ascii	"\000"
 156 00b1 02       		.ascii	"\002"
 157 00b2 00       		.ascii	"\000"
 158 00b3 00000000 		.ascii	"\000\000\000\000\000\000\000\000"
 158      00000000 
 159 00bb C9000000 		.ascii	"\311\000\000\000"
 160 00bf 68616C5F 		.ascii	"hal_lld_init\000"
 160      6C6C645F 
 160      696E6974 
 160      00
 161 00cc 00       		.ascii	"\000"
 162 00cd 02       		.ascii	"\002"
 163 00ce 00       		.ascii	"\000"
 164 00cf 00000000 		.ascii	"\000\000\000\000\000\000\000\000"
 164      00000000 
 165 00d7 CB000000 		.ascii	"\313\000\000\000"
 166              		.text
 167              		.section	.gnu.lto_.opts,"",%progbits
 168 0000 272D666D 		.ascii	"'-fmath-errno' '-fsigned-zeros' '-ftrapping-math' '"
 168      6174682D 
 168      6572726E 
 168      6F272027 
 168      2D667369 
 169 0033 2D666E6F 		.ascii	"-fno-trapv' '-fno-openmp' '-fno-openacc' '-mcpu=cor"
 169      2D747261 
 169      70762720 
 169      272D666E 
 169      6F2D6F70 
 170 0066 7465782D 		.ascii	"tex-m4' '-mno-thumb-interwork' '-mthumb' '-O2' '-fo"
 170      6D342720 
 170      272D6D6E 
 170      6F2D7468 
 170      756D622D 
 171 0099 6D69742D 		.ascii	"mit-frame-pointer' '-falign-functions=16' '-ffuncti"
 171      6672616D 
 171      652D706F 
 171      696E7465 
 171      72272027 
 172 00cc 6F6E2D73 		.ascii	"on-sections' '-fdata-sections' '-fno-common' '-flto"
 172      65637469 
 172      6F6E7327 
 172      20272D66 
 172      64617461 
 173 00ff 2700     		.ascii	"'\000"
 174              		.text
 175              		.comm	__gnu_lto_v1,1,1
 176              		.comm	__gnu_lto_slim,1,1
 177              		.ident	"GCC: (GNU Tools for Arm Embedded Processors 7-2018-q3-update) 7.3.1 20180622 (release) [AR
ARM GAS  /tmp/cc97Ibcu.s 			page 10


ARM GAS  /tmp/cc97Ibcu.s 			page 11


DEFINED SYMBOLS
                            *ABS*:0000000000000000 hal.c
                            *COM*:0000000000000001 __gnu_lto_v1
                            *COM*:0000000000000001 __gnu_lto_slim

NO UNDEFINED SYMBOLS
