ARM GAS  /tmp/ccdEtJ5y.s 			page 1


   1              		.cpu cortex-m4
   2              		.eabi_attribute 20, 1
   3              		.eabi_attribute 21, 1
   4              		.eabi_attribute 23, 3
   5              		.eabi_attribute 24, 1
   6              		.eabi_attribute 25, 1
   7              		.eabi_attribute 26, 1
   8              		.eabi_attribute 30, 2
   9              		.eabi_attribute 34, 1
  10              		.eabi_attribute 18, 4
  11              		.file	"hal_st.c"
  12              		.section	.gnu.lto_.profile.6e5dae02e918e063,"",%progbits
  13 0000 789C6363 		.ascii	"x\234cc```\001bF\006w9\000\001$\000q"
  13      60606001 
  13      62460677 
  13      39000124 
  13      0071
  14              		.text
  15              		.section	.gnu.lto_.icf.6e5dae02e918e063,"",%progbits
  16 0000 789C6363 		.ascii	"x\234cc``0b@\000\016\206\003\237/n\344el:\3308\233\221"
  16      60603062 
  16      40000E86 
  16      039F2F6E 
  16      E4656C3A 
  17 0018 E9F0BB4B 		.ascii	"\351\360\273K7\231\231g\374\336\261\230\223e\312\254"
  17      37999967 
  17      FCDEB198 
  17      9365CAAC 
  18 0028 130FF959 		.ascii	"\023\017\371Y\277\3179\272\225\221\355\304\303[\367"
  18      BFCF39BA 
  18      9591EDC4 
  18      C35BF7
  19 0037 39D9B7EE 		.ascii	"9\331\267\356\372\322\301\317\000\000vS\030\256"
  19      FAD2C1CF 
  19      00007653 
  19      18AE
  20              		.text
  21              		.section	.gnu.lto_.jmpfuncs.6e5dae02e918e063,"",%progbits
  22 0000 789C6363 		.ascii	"x\234cc``\270\300\200\000\254 \202\021\010\352\3470"
  22      6060B8C0 
  22      8000AC20 
  22      821108EA 
  22      E730
  23 0012 3330314E 		.ascii	"301Nafl\376\265\3773_\375\337\006\2119\314\214\013\230"
  23      61666CFE 
  23      B5FF335F 
  23      FDDF0689 
  23      39CC8C0B 
  24 0027 41B29B19 		.ascii	"A\262\233\031\353\031\030\017\26002\000\361\237\377"
  24      EB19180F 
  24      B0303200 
  24      F19FFF
  25 0036 FFFFF333 		.ascii	"\377\377\36332\001\325Mk=t\236\275\233\031\250\212\221"
  25      3201D54D 
  25      6B3D749E 
  25      BD9B19A8 
  25      8A91
ARM GAS  /tmp/ccdEtJ5y.s 			page 2


  26 0048 81710BA3 		.ascii	"\201q\013\243\014\010\003\225\263\3400\213i\0013#\320"
  26      0C080395 
  26      B3E0308B 
  26      69013323 
  26      D0
  27 0059 ACADF8CD 		.ascii	"\254\255\370\315b\002\232\265\015h\026\020\2631`3\203"
  27      62029AB5 
  27      0D681610 
  27      B3316033 
  27      83
  28 006a 0968C676 		.ascii	"\011h\306vL3`\232\030\000\3327;\013"
  28      4C33609A 
  28      1800DA37 
  28      3B0B
  29              		.text
  30              		.section	.gnu.lto_.inline.6e5dae02e918e063,"",%progbits
  31 0000 789C6363 		.ascii	"x\234cc``(g@\000V\006\006\026\036F\006& \223m\201<\210"
  31      60602867 
  31      40005606 
  31      06161E46 
  31      06262093 
  32 0018 6260E402 		.ascii	"b`\344\002\021\014<\274@a\276\015\271pq&n\22003\003"
  32      110C3CBC 
  32      4061BE0D 
  32      B9707126 
  32      6E903033 
  33 002d 0B335082 		.ascii	"\0133P\202\351\002?\\\202\205\201\213\033(\3045\301"
  33      E9023F5C 
  33      8285818B 
  33      1B28C435 
  33      C1
  34 003e 0F4D2D1B 		.ascii	"\017M-\033.\011\006\000'\274\010\356"
  34      2E090600 
  34      27BC08EE 
  35              		.text
  36              		.section	.gnu.lto_.pureconst.6e5dae02e918e063,"",%progbits
  37 0000 789C6363 		.ascii	"x\234cc``\340\006bV\006\011F)f)\026)6)\000\004\017\000"
  37      6060E006 
  37      62560609 
  37      46296629 
  37      16293629 
  38 0018 A5       		.ascii	"\245"
  39              		.text
  40              		.section	.gnu.lto_stInit.6e5dae02e918e063,"",%progbits
  41 0000 789C6363 		.ascii	"x\234cc``X\001\304\312@,\015\304\214\314\014\214L\023"
  41      60605801 
  41      C4CA402C 
  41      0DC48CCC 
  41      0C8C4C13 
  42 0014 CE313034 		.ascii	"\316104r012\202\030\015\034\214\014\365L\214\365\214"
  42      72303132 
  42      82180D1C 
  42      8C0CF54C 
  42      8CF58C
  43 0027 3DCC5398 		.ascii	"=\314S\230\031\017\265?\333\311\244\271\274\001\010"
  43      190FB53F 
  43      DBC9A4B9 
ARM GAS  /tmp/ccdEtJ5y.s 			page 3


  43      BC0108
  44 0036 0E4CFF21 		.ascii	"\016L\377!\331\260\342\000\343\034f\006\206i@\014\002"
  44      D9B0E200 
  44      E31C6606 
  44      8669400C 
  44      02
  45 0047 8C9B1935 		.ascii	"\214\233\0315\031\200\312\036m\3747\225\227\215\005"
  45      1980CA1E 
  45      6DFC3795 
  45      978D05
  46 0056 22CEB885 		.ascii	"\"\316\270\205\221\215\201\021\310X\177\211\365@\303"
  46      918D8111 
  46      C8587F89 
  46      F540C3
  47 0065 BFFFED0D 		.ascii	"\277\377\355\015\007\356,b\374\317\012\224\353\000b"
  47      07EE2C62 
  47      FCCF0A94 
  47      EB0062
  48 0074 A0250D07 		.ascii	"\240%\015\007\030:\231\231@\254\346\003\014o\030\233"
  48      183A9999 
  48      40ACE603 
  48      0C6F189B 
  49 0084 17FC9606 		.ascii	"\027\374\226\006k\002\232\264s\347\233\333\354\365\177"
  49      6B029AB4 
  49      73E79BDB 
  49      ECF57F
  50 0093 1B38E630 		.ascii	"\0338\34603Nc\006\232\302\270\225\261\236a\016P\365"
  50      334E6306 
  50      9AC2B895 
  50      B19E610E 
  50      50F5
  51 00a5 3BC6A605 		.ascii	";\306\246\005\377\271\301\352@\240\003(\0114\200\211"
  51      FFB9C1EA 
  51      40A00328 
  51      09348089 
  52 00b5 8141514F 		.ascii	"\201AQO?9#3)3\277\330\320\302H?\277X?#1G\277\270(\031"
  52      3F392333 
  52      2933BFD8 
  52      D0C2483F 
  52      BF583F23 
  53 00cf 44C71797 		.ascii	"D\307\027\227\350%3\000\000;\212EV"
  53      E8253300 
  53      003B8A45 
  53      56
  54              		.text
  55              		.section	.gnu.lto_stStartAlarm.6e5dae02e918e063,"",%progbits
  56 0000 789C9552 		.ascii	"x\234\225RKL\023Q\024}w\336t\246-?\023\027\272\350\242"
  56      4B4C1351 
  56      147D77DE 
  56      74A62D3F 
  56      1317BAE8 
  57 0015 2610820B 		.ascii	"&\020\202\013&E\023Y\2712&&\260\222=\201bR\022\014\206"
  57      26451359 
  57      B9322626 
  57      B0923D81 
  57      6252120C 
  58 002a 1297F6D1 		.ascii	"\022\227\366\321\017\037\301\350B\2126\2436\002AL\010"
ARM GAS  /tmp/ccdEtJ5y.s 			page 4


  58      0F1FC1E8 
  58      428A36A3 
  58      3602414C 
  58      08
  59 003b 087E2816 		.ascii	"\010~(\026\031\313\307\017\002\005\027\306\300\202H"
  59      19CBC70F 
  59      020517C6 
  59      C08248
  60 004a ACC454A3 		.ascii	"\254\304T\243BB\352\007\274o\246\0300.\360%3o\336\233"
  60      4242EA07 
  60      BC6FA618 
  60      302EF025 
  60      336FDE9B 
  61 005e 73CFBDE7 		.ascii	"s\317\275\347\236+\021B\212DB\\\270\037\305\007L\004"
  61      9E2B1142 
  61      8A44425C 
  61      B81FC507 
  61      4C04
  62 0070 842BB384 		.ascii	"\204+\263\2044\230\005\201\306m\204YE\315AX&\005\321"
  62      34980581 
  62      C66D8459 
  62      45CD4158 
  62      2605D1
  63 0083 B81601F8 		.ascii	"\270\026\001\370\0073\003\361\010T\004\017\264\321\253"
  63      073303F1 
  63      0854040F 
  63      B4D1AB
  64 0092 14624D89 		.ascii	"\024bM\211\210P\320\303pi\035\303R#\013\034T)!A|\370"
  64      8850D0C3 
  64      70691DC3 
  64      52230B1C 
  64      54292141 
  65 00a8 82212840 		.ascii	"\202!(@\324\274\177@\245\255T\245\000\"\036\277\316"
  65      D4BC7F40 
  65      A5AD54A5 
  65      00221EBF 
  65      CE
  66 00b9 8456B2F9 		.ascii	"\204V\262\371Q\000;\036\177\334\035X\312\241\271@\360"
  66      51003B1E 
  66      7FDC1D58 
  66      CAA1B940 
  66      F0
  67 00ca FB76DFE5 		.ascii	"\373v\337\345n)\277\2331/\323\222\235\224\345\252\224"
  67      6E29BF9B 
  67      312FD392 
  67      9D94E5AA 
  67      94
  68 00db C243A048 		.ascii	"\302C\240H\010\017\300\006\367\301F\360\212\300#\310"
  68      080FC006 
  68      F7C146F0 
  68      8AC023C8 
  69 00eb E7F877F7 		.ascii	"\347\370w\3676\333\263$1\274\235\023\206A\"\200;\336"
  69      36DBB324 
  69      31BC9D13 
  69      86412280 
  69      3BDE
  70 00fd F42F9834 		.ascii	"\364/\2304\266\271\325\304\264\365.x}\322\212\0220\312"
ARM GAS  /tmp/ccdEtJ5y.s 			page 5


  70      B6B9D5C4 
  70      B4F52E78 
  70      7DD28A12 
  70      30CA
  71 010f 84F1A2C4 		.ascii	"\204\361\242\304_\2044c\010\252b\032i\241\002\377\362"
  71      5F843463 
  71      08AA621A 
  71      69A102FF 
  71      F2
  72 0120 69E423C4 		.ascii	"i\344#\304FRK\353\352\361?\354~C]T\242:}\220\302\216"
  72      46524BEB 
  72      EAF13FEC 
  72      7E435D54 
  72      A23A7D90 
  73 0136 CC042220 		.ascii	"\314\004\" \301\010\317\212\257\0205\341\257` 6's}&"
  73      C108CF8A 
  73      AF1035E1 
  73      AF602036 
  73      27737D26 
  74 014a 1D39DBB7 		.ascii	"\0359\333\267\361\305j\0349\023\357@\370\306\007K\030"
  74      F1C56A1C 
  74      3913EF40 
  74      F8C6074B 
  74      18
  75 015b 6E824A25 		.ascii	"n\202J%\210\242\254\307(\213C\233\022\323\361l\245\217"
  75      88A2ACC7 
  75      288B439B 
  75      12D3F16C 
  75      A58F
  76 016d F91BD8F2 		.ascii	"\371\033\330\362\332\302\376\025Y\2452\214B\030\332"
  76      DAC2FE15 
  76      59A5328C 
  76      4218DA
  77 017c B1529E89 		.ascii	"\261R\236\211\300\023P\260F\337\317\306\267\026#c:\351"
  77      C01350B0 
  77      46DFCFC6 
  77      B7162363 
  77      3AE9
  78 018e E4D68696 		.ascii	"\344\326\206\226\303\263\210 \300\030\362\275\007\377"
  78      C3B38820 
  78      C018F2BD 
  78      07FF
  79 019c E2784774 		.ascii	"\342xGt\012x\321\010CL\1772\222\31220\0044\236\023W"
  79      0A78D108 
  79      434C7F32 
  79      92CA3230 
  79      04349E13 
  80 01b1 0BB6336E 		.ascii	"\013\2663nC\345I\360\333\365\376!2\022I.\312\236_\314"
  80      43E549F0 
  80      DBF5FE21 
  80      3212492E 
  80      CA9E5FCC 
  81 01c5 AC527310 		.ascii	"\254Rs\020{C\340)x\310Nm\026]\233\357\373\330Z6\342"
  81      7B43E029 
  81      78C84E6D 
  81      165D9BEF 
  81      FBD85A36 
ARM GAS  /tmp/ccdEtJ5y.s 			page 6


  82 01da D0750B37 		.ascii	"\320u\0137\201\337\245\346?5g\240\272\206}*\265\302"
  82      81DFA5E6 
  82      3F3567A0 
  82      BA867D2A 
  82      B5C2
  83 01ec 388E4A2C 		.ascii	"8\216J,-\317\3275\024\000D_c\314\316\031&P\231\341\330"
  83      2DCFD735 
  83      1400445F 
  83      63CCCE19 
  83      265099E1 
  84 0201 2478549A 		.ascii	"$xT\232\241W#\246\215H\200\300cZ\264\213\023VZ\245g"
  84      A15723A6 
  84      8D4880C0 
  84      635AB48B 
  84      13565AA5 
  85 0216 7BD3EA5F 		.ascii	"{\323\352_\225\363:\365\351H\\\317\0141\315o\347\003"
  85      95F33AF5 
  85      E9485CCF 
  85      0C31CD6F 
  85      E703
  86 0228 32B57B40 		.ascii	"2\265{@\364\311{\006y!\344B;C\251\245d{\361\337v\306"
  86      F4C97B06 
  86      7921E442 
  86      3B43A9A5 
  86      647BF1DF 
  87 023e 25CA3169 		.ascii	"%\3121iK\351.K\237\243\245/xY\370\332\253[\203\007\276"
  87      4BE92E4B 
  87      9FA3A52F 
  87      7859F8DA 
  87      AB5B8307 
  88 0253 615732E1 		.ascii	"aW2\341\245\356\026\350$\034\244\265y{eG?\007\205\007"
  88      A5EE16E8 
  88      241CA4B5 
  88      797B6547 
  88      3F078507 
  89 0267 81FB390D 		.ascii	"\201\3739\015\012\034F\006\035\001\257\300\221\256s"
  89      0A1C4606 
  89      1D01AFC0 
  89      91AE73
  90 0276 7D351AC8 		.ascii	"}5\032\310\336{\312\360\005N6\243\247\023\322d\263\240"
  90      DE7BCAF0 
  90      054E36A3 
  90      A713D264 
  90      B3A0
  91 0288 ECF448C6 		.ascii	"\354\364H\3062\3460R'\037\375\177\362\370\366\344\351"
  91      32E63052 
  91      271FFD7F 
  91      F2F8F6E4 
  91      E9
  92 0299 E4F33A79 		.ascii	"\344\363:y\364V[\257\325 \027`\001#\023\340]n\275\343"
  92      F4565BAF 
  92      D5201760 
  92      012313E0 
  92      5D6EBDE3 
  93 02ad E47DD41B 		.ascii	"\344}\324\033J>\2037\334s\3110\226\257f\354\006Z\212"
  93      4A3E8337 
  93      DC73C930 
ARM GAS  /tmp/ccdEtJ5y.s 			page 7


  93      96AF66EC 
  93      065A8A
  94 02c0 4374A850 		.ascii	"Ct\250Pq\272\252+\253k\335\216\342\"\245\326\255\270"
  94      71BAAA2B 
  94      AB6BDD8E 
  94      E222A5D6 
  94      ADB8
  95 02d2 2A6A1477 		.ascii	"*j\024w\235\223\357\345\356\372B'\221+*\335\365\325"
  95      9D93EFE5 
  95      EEFA4227 
  95      912B2ADD 
  95      F5D5
  96 02e4 67CF1CFB 		.ascii	"g\317\034\373\027\362\\m]\275[9]Vz\244H))9\241\224\235"
  96      17F25C6D 
  96      5DBD5B39 
  96      5D567AA4 
  96      48292939 
  97 02fb 2A3DEF48 		.ascii	"*=\357H\307\226\327\324T\025\272\210\310\203\177\003"
  97      C796D7D4 
  97      5415BA88 
  97      C8837F03 
  98 030b 1BD87F2B 		.ascii	"\033\330\177+"
  99              		.text
 100              		.section	.gnu.lto_stStopAlarm.6e5dae02e918e063,"",%progbits
 101 0000 789C6D4F 		.ascii	"x\234mOMKBQ\020\235\363n\275,\250u\221\233h\325\346"
 101      4D4B4251 
 101      109DF36E 
 101      BD2CA875 
 101      919B68D5 
 102 0015 5D32A27E 		.ascii	"]2\242~@\004\201\256r\327\"\312\026\012\202\321\223"
 102      400481AE 
 102      72D722CA 
 102      160A82D1 
 102      93
 103 0026 B63E4BD3 		.ascii	"\266>K\323\260E\213|m,\204\026\255\"\302\276?\340!\355"
 103      B0458B7C 
 103      6D2C8416 
 103      AD22C2BE 
 103      3FE021ED 
 104 003a 8A8A7E81 		.ascii	"\212\212~\201\2640h\021!BB`\315\325\010\027\015\314"
 104      B4306811 
 104      21424260 
 104      CDD50817 
 104      0DCC
 105 004c 9DB93367 		.ascii	"\235\2713g\316\231\321\211h\024D3\034\373\331!\010\332"
 105      CE99D189 
 105      68144433 
 105      1CFBD921 
 105      08DA
 106 005e E60351DC 		.ascii	"\346\003Q\334\245\001*\261\\\240\230\206\0306\304\226"
 106      A5012AB1 
 106      5CA09886 
 106      1836C496 
 107 006e 403155BE 		.ascii	"@1U\276\320\206\366-6g\273\252\257Y\311\336\234 \262"
 107      D086F62D 
 107      3667BBAA 
 107      AF59C9DE 
ARM GAS  /tmp/ccdEtJ5y.s 			page 8


 107      9C20B2
 108 0081 D995A180 		.ascii	"\331\225\241\200!b\330\313Q=\333\255\2675\3538\206N"
 108      2162D8CB 
 108      513DDBAD 
 108      B735EB38 
 108      864E
 109 0093 AC4187CF 		.ascii	"\254A\207\317\355\216U\377NY\316\355\036\276&\271\227"
 109      ED8E55FF 
 109      4E59CEED 
 109      1EBE26B9 
 109      97
 110 00a4 666711CB 		.ascii	"fg\021\313\241u\241\251l\325\2417\024\253\265\373k\333"
 110      A175A1A9 
 110      6CD5A137 
 110      14ABB5FB 
 110      6BDB
 111 00b6 F8E34934 		.ascii	"\370\343I4\345j\272hp\331\002\255\0328\201\216S%\301"
 111      E56ABA68 
 111      70D902AD 
 111      1A38818E 
 111      5325C1
 112 00c9 0FD7ED64 		.ascii	"\017\327\355d\361\261##r\002\015\330\303\301\347GW\363"
 112      F1B12323 
 112      72020DD8 
 112      C3C1E747 
 112      57F3
 113 00db AB68DAB8 		.ascii	"\253h\332\270\224\337y\355\314c\0279\241\341\034n\234"
 113      94DF79ED 
 113      CC631739 
 113      A1E11C6E 
 113      9C
 114 00ec C14D0A9A 		.ascii	"\301M\012\232*\337=\365\310\003+\021\267J\205J_\205"
 114      2ADF3DF5 
 114      C8032B11 
 114      B74A854A 
 114      5F85
 115 00fe 87042E90 		.ascii	"\207\004.\220G\226\327T2\204K\310V\011\336\004W<\375"
 115      4796D754 
 115      32844BC8 
 115      5609DE04 
 115      573CFD
 116 0111 8E9552E6 		.ascii	"\216\225R\346f\260q\251\26247\370\032\215h\300\220\201"
 116      66B071A9 
 116      B23437F8 
 116      1A8D68C0 
 116      9081
 117 0123 60683E14 		.ascii	"`h>\0241\207\307=2b\312\340\\X\232K\001\025g\315\250"
 117      3187C73D 
 117      3262CAE0 
 117      5C589A4B 
 117      011567CD 
 118 0138 11A0B1FF 		.ascii	"\021\240\261\377\020\213\221\245\250)\247\375\276\021"
 118      108B91A5 
 118      A829A7FD 
 118      BE11
 119 0146 8FF47A27 		.ascii	"\217\364z'\244\177\312\267<\374;3\033\016/\030A\372"
 119      A47FCAB7 
ARM GAS  /tmp/ccdEtJ5y.s 			page 9


 119      3CFC3B33 
 119      1B0E2F18 
 119      41FA
 120 0158 01C79886 		.ascii	"\001\307\230\206~"
 120      7E
 121              		.text
 122              		.section	.gnu.lto_stSetAlarm.6e5dae02e918e063,"",%progbits
 123 0000 789C8D52 		.ascii	"x\234\215RKHTQ\030>\337=w\346\316\214\257\240M\013\003"
 123      4B485451 
 123      183EDF3D 
 123      77E6CE8C 
 123      AFA04D0B 
 124 0015 03456CE1 		.ascii	"\003El\341e,\310U\253 \002]\345^|\004\012\206\341H\264"
 124      652CC855 
 124      AB20025D 
 124      E55E7C04 
 124      0A86E148 
 125 002a 9BE3CCF8 		.ascii	"\233\343\314\370J\251\0269\306p\215!\225(\022M\255\034"
 125      4AA91639 
 125      C6708D21 
 125      9528124D 
 125      AD1C
 126 003c ADBC8DAF 		.ascii	"\255\274\215\257\236\246n\242\232\205dM\021\026\225"
 126      9EA66EA2 
 126      9A85644D 
 126      111695
 127 004b 814C0FED 		.ascii	"\201L\017\355?w\246\320h\321\201{^\367\373\277\377\377"
 127      3F77A6D0 
 127      68D1817B 
 127      5EF7FBBF 
 127      FFFF
 128 005d FEEFD819 		.ascii	"\376\357\330\031c\2478c5\264\356\247\0176\006\345\334"
 128      63A73863 
 128      35B4EEA7 
 128      0F3606E5 
 128      DC
 129 006e 3C634D0E 		.ascii	"<cM\016E\341\013\331L\270T\323\315D:\207\232\274V\001"
 129      45E10BD9 
 129      4CB854D3 
 129      CD443A87 
 129      9ABC5601 
 130 0082 B9110E30 		.ascii	"\271\021\0160\257\302Ux\321\311\317sD[\343\021\245\340"
 130      AFC25578 
 130      D1C9CF73 
 130      445BE311 
 130      A5E0
 131 0094 B2A06176 		.ascii	"\262\240av\017i-\242y\227A\274A\372\344\300\010\012"
 131      0F692DA2 
 131      799741BC 
 131      41FAE4C0 
 131      080A
 132 00a6 08B51818 		.ascii	"\010\265\030\0302x\00778\240\322\361\363\223\320J\246"
 132      32780737 
 132      38A0D2F1 
 132      F393D04A 
 132      A6
 133 00b7 3C2AC8A1 		.ascii	"<*\310\241\343\367\253C\261,\236\013F\373K\003g\373"
ARM GAS  /tmp/ccdEtJ5y.s 			page 10


 133      E3F7AB43 
 133      B12C9E0B 
 133      46FB4B03 
 133      67FB
 134 00c9 EDF9FD42 		.ascii	"\355\371\375B\370\204\031\353\345\"\327\340\0347\301"
 134      F88419EB 
 134      E522D7E0 
 134      1C37C1
 135 00d8 89103790 		.ascii	"\211\0207\220\215Qd3\272b\270\205|\211\177u}\243+\303"
 135      8D516433 
 135      BA62B885 
 135      7C897F75 
 135      7DA32BC3 
 136 00ec AE867FE7 		.ascii	"\256\206\177\347\304\030\354\014\264\322\315\340\222"
 136      C418EC0C 
 136      B4D2CDE0 
 136      92
 137 00f9 CD141B9B 		.ascii	"\315\024\033\233\255\302|\335\207\211\303R\002E\331"
 137      ADC27CDD 
 137      8789C352 
 137      0245D9
 138 0108 285EB5CB 		.ascii	"(^\265\313\211\2616\012!U\302d\355\\\221;\277\311\336"
 138      89B1360A 
 138      2155C264 
 138      ED5C913B 
 138      BFC9DE
 139 011b 233A9E88 		.ascii	"#:\236\210}5\016\376a\017$\325\215j\334\242\017rl\311"
 139      7D350EFE 
 139      610F24D5 
 139      8D6ADCA2 
 139      0F726CC9 
 140 012f CC10811D 		.ascii	"\314\020\201\035\3432+M!n\243_\301\346\350SM\352\263"
 140      E3322B4D 
 140      216EA35F 
 140      C1E6E853 
 140      4DEAB3
 141 0142 59C8F981 		.ascii	"Y\310\371\201\365O\256\344Q2\311\016\204{\336:\303\270"
 141      F54FAEE4 
 141      5132C90E 
 141      847BDE3A 
 141      C3B8
 142 0154 0883DB71 		.ascii	"\010\203\333q\233dM\220,\011m\215?Z\310\324\007D\240"
 142      9B644D90 
 142      2C096D8D 
 142      3F5AC8D4 
 142      0744A0
 143 0167 492CAF2D 		.ascii	"I,\257-\355\\\321\014\256\341\016\302\350\242Je&\206"
 143      ED5CD10C 
 143      AEE10EC2 
 143      E8A24A65 
 143      2686
 144 0179 BBD0A946 		.ascii	"\273\320\251F\377\217\226\347\316d\306T\322\231\315"
 144      FF8F96E7 
 144      CE64C654 
 144      D299CD
 145 0188 75334B66 		.ascii	"u3KfQ\241`\222\370\336 \360b\252{t\016\262h\202\021"
 145      51A16092 
ARM GAS  /tmp/ccdEtJ5y.s 			page 11


 145      F8DE20F0 
 145      62AA7B74 
 145      0EB26882 
 146 019d 66703592 		.ascii	"fp5\222\310Hb\030L\231\223F;\265s!\233\224\257\"\220"
 146      C8486218 
 146      4C999346 
 146      3BB57321 
 146      9B94AF22 
 147 01b2 63F58F90 		.ascii	"c\365\217\220\221\310\352K\315\373S8\014\356\010Ro\030"
 147      91C8EA4B 
 147      CDFB5338 
 147      0CEE0852 
 147      6F18
 148 01c4 EEC1CBB6 		.ascii	"\356\301\313\266jsZ\332\374\337&\3272\011G\256;\245"
 148      6A735ADA 
 148      FCDF26D7 
 148      320947AE 
 148      3BA5
 149 01d6 09F22EB1 		.ascii	"\011\362.\261\370\241-\215\3245\3550\270\013S\364T\242"
 149      F8A12D8D 
 149      D435ED30 
 149      B80B53F4 
 149      54A2
 150 01e8 2979FEBE 		.ascii	")y\376\276\221f\020\372\202\0209\222a\232\224%\035\233"
 150      916610FA 
 150      82103992 
 150      619A9425 
 150      1D9B
 151 01fa 81D7E069 		.ascii	"\201\327\340iV5j\312\2108\024\031\323n\236\236v\361"
 151      56356ACA 
 151      88381419 
 151      D36E9E9E 
 151      76F1
 152 020c 6A2BDBB3 		.ascii	"j+\333\263\216\300;-\257\327z\035\263=\351!a\006r\344"
 152      8EC03B2D 
 152      AFD77A1D 
 152      B33DE921 
 152      610672E4 
 153 0220 0399DDFE 		.ascii	"\003\231\335\376@\254\2277\207\274\020q\221\235\241"
 153      40AC9737 
 153      87BC1071 
 153      919DA1
 154 022f 44EC5A77 		.ascii	"D\354Zw\361\337v\216i\\bR\226\362m\226\336'K\037\310"
 154      F1DF768E 
 154      695C6252 
 154      96F26D96 
 154      DE274B1F 
 155 0244 B268FA5F 		.ascii	"\262h\372_\267\206w\177\241\256\244\343\241\345\026"
 155      B786777F 
 155      A1AEA4E3 
 155      A1E516
 156 0253 2C120932 		.ascii	",\022\0112;}W4\367\240\004\205\207!\375|\004\035{\211"
 156      3B7D5734 
 156      F7A00485 
 156      8721FD7C 
 156      041D7B89 
 157 0267 C142E031 		.ascii	"\301B\3401\334\262\3168|\313\035\261*Y\215U\026\373"
ARM GAS  /tmp/ccdEtJ5y.s 			page 12


 157      DCB2CE38 
 157      7CCB1DB1 
 157      2A598D55 
 157      16FB
 158 0279 085F78FD 		.ascii	"\010_x\375L\262=r\264\021'5\206\254\330S\250W\325\324"
 158      4CB23D72 
 158      B4112735 
 158      86ACD853 
 158      A857D5D4 
 159 028d 56D6D67B 		.ascii	"V\326\326{\334\305Ez\275G\257\251\250\323=\015Ur-\367"
 159      DCC5457A 
 159      BD47AFA9 
 159      A8D33D0D 
 159      55722DF7 
 160 02a1 34165631 		.ascii	"4\026V1\255\242\322\323X{\374\330\201\177!O\32474z\364"
 160      ADA2D2D3 
 160      587BFCD8 
 160      817F214F 
 160      D437347A 
 161 02b6 A365A5FB 		.ascii	"\243e\245\373\212\364\222\222Cz\331\221\322\223\356"
 161      8AF49292 
 161      437AD991 
 161      D293EE
 162 02c5 546C795D 		.ascii	"Tly]]ua\015Se\360/\335\214D\014"
 162      5D75610D 
 162      5365F02F 
 162      DD8C440C 
 163              		.text
 164              		.section	.gnu.lto_stGetAlarm.6e5dae02e918e063,"",%progbits
 165 0000 789C8D52 		.ascii	"x\234\215RMHTQ\030\375\316\273o\336\233\031\177\012"
 165      4D485451 
 165      18FDCEBB 
 165      6FDE9B19 
 165      7F0A
 166 0012 DA440C34 		.ascii	"\332D\0144-m\341c,\250U\253 \002]\345\256\205\224-F"
 166      2D6DE163 
 166      2CA855AB 
 166      20025DE5 
 166      AE85942D 
 167 0027 10261C69 		.ascii	"\020&\034i;WgLC\027Q9\023\366\212\201\202h!\026\332"
 167      3B57674C 
 167      43175139 
 167      13F68A81 
 167      82682116 
 168 003c CF58E9CB 		.ascii	"\317X\351\313I\0152\033\335U\033I+\220I\254\004\233"
 168      490D321B 
 168      DD551B49 
 168      2B9049AC 
 168      049B
 169 004e 32EDBBEF 		.ascii	"2\355\273\357IY\264\350\301\275\367\335\217\363\316"
 169      4959B4E8 
 169      C1BDF7DD 
 169      8FF3CE
 170 005d F79D739E 		.ascii	"\367\235s\236AD\213\032\321q>\367\363\202\217\240\235"
 170      41448B1A 
 170      D1713EF7 
 170      F3828FA0 
ARM GAS  /tmp/ccdEtJ5y.s 			page 13


 170      9D
 171 006e 9F266AF3 		.ascii	"\237&j\363k\232(\204H\006u'B\262\\@\367\312:\240^\244"
 171      6B9A2884 
 171      48067527 
 171      42B25C40 
 171      F7CA3AA0 
 172 0084 1F94D084 		.ascii	"\037\224\320\204\216\004z\304%\201\231\324m[t\013[\020"
 172      8E047AC4 
 172      258199D4 
 172      6D5B740B 
 172      5B10
 173 0096 74BE7E7A 		.ascii	"t\276~z\3217_\251\256@\230\257\305\245\211\241\362\252"
 173      D1375FA9 
 173      AE4098AF 
 173      C5A589A1 
 173      F2AA
 174 00a8 9B52B64B 		.ascii	"\233R\266K'\263l^\031*\310\200-4J3|\010!\014\"\244\232"
 174      27B36C5E 
 174      192AC880 
 174      2D344A33 
 174      7C08210C 
 175 00bf DF451531 		.ascii	"\337E\0251\372\355\235\365\336\012C\317\012R\000\256"
 175      FAED9DF5 
 175      DE0A43CF 
 175      0A5200AE 
 176 00cf DF8341E0 		.ascii	"\337\203A\340\223+\003\263>G\256otJg\341:\276\0371u"
 176      932B03B3 
 176      3E47AE6F 
 176      744A67E1 
 176      3ABE1F31 
 177 00e4 B285F0A9 		.ascii	"\262\205\360\251\315P\033Q\027/\036P:t\216\033\360["
 177      CD501B51 
 177      172F1E50 
 177      3A748E1B 
 177      F05B
 178 00f6 D2A1458C 		.ascii	"\322\241E\214\015\227\246V\354C\277\310S\222\037'\263"
 178      0D97A656 
 178      EC43BFC8 
 178      53921F27 
 178      B3
 179 0107 620A973D 		.ascii	"b\012\227=-\260\2451\341>\014<PMy\353\023JP\272c\354"
 179      2DB0A531 
 179      E13E0C3C 
 179      504D79EB 
 179      134A50BA 
 180 011d A5A904E9 		.ascii	"\245\251\004\351.r\272\177u9\350]\025\223Bd\257~\010"
 180      2E72BA7F 
 180      7539E85D 
 180      15934264 
 180      AF7E08
 181 0130 64710DB6 		.ascii	"dq\015\266\360a\2305\345\224&\256w\276\177^\250\264"
 181      F0619835 
 181      E59426AE 
 181      77BE7F5E 
 181      A8B4
 182 0142 FA65AA4D 		.ascii	"\372e\252M\316\015\316\356\2307ma\340!\262\350\345I"
 182      CE0DCEEE 
ARM GAS  /tmp/ccdEtJ5y.s 			page 14


 182      98376D61 
 182      E021B2E8 
 182      E549
 183 0154 5527C223 		.ascii	"U'\302#X<cr\355\354\253\200\327\321\3475\035\337Xu\266"
 183      583C6372 
 183      EDECAB80 
 183      D7D1E735 
 183      1DDF5875 
 184 0169 A92E021A 		.ascii	"\251.\002\032\0363\337;\244^\3473+\223PC3\2141\003\305"
 184      1E33DF3B 
 184      A45EE733 
 184      2B935043 
 184      338C3103 
 185 017e 5CA9C2C3 		.ascii	"\\\251\302\303\020F\\\037\211\245\013*\204Xy\021\251"
 185      10465C1F 
 185      89A50B2A 
 185      84587911 
 185      A9
 186 018f B06B1F23 		.ascii	"\260k\037#s\271\342\0333\361C\372ma\246\331\033\302"
 186      73B9E21B 
 186      33F143FA 
 186      6D61A6D9 
 186      1BC2
 187 01a1 2812B455 		.ascii	"(\022\264U\233\337\325\226\3746\372\245\222q;\271\240"
 187      9BDFD596 
 187      FC36FAA5 
 187      92713BB9 
 187      A0
 188 01b2 3250B5D2 		.ascii	"2P\265\322\314\307\2562V\327\266\335\026\001<\341\324"
 188      CCC7AE32 
 188      56D7B6DD 
 188      16013CE1 
 188      D4
 189 01c3 9D4D79C9 		.ascii	"\235My\311\033\203\035`\364e)\303\212a\214\225y\201"
 189      1B831D60 
 189      F46529C3 
 189      8A618C95 
 189      7981
 190 01d5 E591B045 		.ascii	"\345\221\260E\320\235F\377\035\304Hij-\263\353\257 "
 190      D09D46FF 
 190      1DC44869 
 190      6A2DB3EB 
 190      AF20
 191 01e7 2E7E3537 		.ascii	".~57s\020\177\344\360\224s\030W\\\343J\256\361\277."
 191      73107FE4 
 191      F0947318 
 191      575CE34A 
 191      AEF1BF2E 
 192 01fb 7FDE7D81 		.ascii	"\177\336}\201\177\2572L\270.\303\345Q \247\247\375\226"
 192      7FAF324C 
 192      B82EC3E5 
 192      5120A7A7 
 192      FD96
 193 020d 191950A0 		.ascii	"\031\031P\240\354\260\246r\230\204\205\275\314\340\""
 193      ECB0A672 
 193      988485BD 
 193      CCE022
ARM GAS  /tmp/ccdEtJ5y.s 			page 15


 194 021c F00C115A 		.ascii	"\360\014\021ZB\373\\\367Z\336\360\0346\224\233]L\301"
 194      42FB5CF7 
 194      5ADEF01C 
 194      36949B5D 
 194      4CC1
 195 022e F3B3637B 		.ascii	"\363\263c{\252\255\306h\323\311\246X<r\260\306\212\305"
 195      AAADC668 
 195      D3C9A658 
 195      3C72B0C6 
 195      8AC5
 196 0240 ADE88966 		.ascii	"\255\350\211f+\336\322\250\316\206xku#\035\370\027\342"
 196      2BDED2A8 
 196      CE86786B 
 196      75231DF8 
 196      17E2
 197 0252 74ACA535 		.ascii	"t\254\2455n\035\253\257\333Wc\325\326\036\266\352\217"
 197      6E1DABAF 
 197      DB5763D5 
 197      D61EB6EA 
 197      8F
 198 0263 D69D896C 		.ascii	"\326\235\211l~\323\320\334|\252:J?\001\343\007\027\221"
 198      7ED3D0DC 
 198      7CAA3A4A 
 198      3F01E307 
 198      1791
 199              		.text
 200              		.section	.gnu.lto_.symbol_nodes.6e5dae02e918e063,"",%progbits
 201 0000 789C558A 		.ascii	"x\234U\212\313\015\3020\020\005g\337&\026i\203\002\250"
 201      CB0DC230 
 201      100567DF 
 201      26166983 
 201      02A8
 202 0012 012A5B1F 		.ascii	"\001*[\037R\000EPC$\302\237\002\250\2016\270 ,\347\202"
 202      52004550 
 202      4324C29F 
 202      02A88136 
 202      B8202CE7 
 203 0027 0F4F23CD 		.ascii	"\017O#\315\274\004Le\350\250\200\375\013\012\346\274"
 203      BC044C65 
 203      E8A880FD 
 203      0B0AE6BC 
 204 0037 2B665658 		.ascii	"+fVXc\372\273\310kp\235\024j\317g\205\267\347\207l9"
 204      63FABBC8 
 204      6B709D14 
 204      6ACF6785 
 204      B7E7876C 
 205 004c 5F145D9B 		.ascii	"_\024]\233\236RMvU\3645A\316[\260\233\"\375\013g\305"
 205      9E524D76 
 205      55F43541 
 205      CE5BB09B 
 205      22FD0B67 
 206 0061 E1FD35B7 		.ascii	"\341\3755\267\201\361\263\361nA\252\340\007\330\330"
 206      81F1B3F1 
 206      6E41AAE0 
 206      07D8D8
 207 0070 2B85     		.ascii	"+\205"
 208              		.text
ARM GAS  /tmp/ccdEtJ5y.s 			page 16


 209              		.section	.gnu.lto_.refs.6e5dae02e918e063,"",%progbits
 210 0000 789C6363 		.ascii	"x\234cc``\020\000bFF&&\026F\026&V\026F6&v\026\006\000"
 210      60601000 
 210      62464626 
 210      26164616 
 210      26561646 
 211 001a 033F0045 		.ascii	"\003?\000E"
 212              		.text
 213              		.section	.gnu.lto_.decls.6e5dae02e918e063,"",%progbits
 214 0000 789CB558 		.ascii	"x\234\265X{LTW\032\277\347\236\001\207\201\001w\332"
 214      7B4C5457 
 214      1ABFE79E 
 214      01878101 
 214      77DA
 215 0012 18376BB3 		.ascii	"\0307k\263jl\240Y\313\200n\332n\262\333\264E\373\332"
 215      6A6CA059 
 215      CB806EDA 
 215      6EB2DBB4 
 215      45FBDA
 216 0025 DADD8C6E 		.ascii	"\332\335\214n\262\233l2\245HW\022\004\303\214M\372\307"
 216      B29B6C32 
 216      A5485712 
 216      04C38C4D 
 216      FAC7
 217 0037 6E2F020A 		.ascii	"n/\002\012\350V\260\250\010( \202Z\361\201\010\210#"
 217      E856B0A8 
 217      08282082 
 217      5AF18108 
 217      8823
 218 0049 32F292A7 		.ascii	"2\362\222\247R\300\007\"\212O|T\030\360\255\350\354"
 218      52C00722 
 218      8A4F7C54 
 218      18F0ADE8 
 218      EC
 219 005a 771E77EE 		.ascii	"w\036w\356\235\013\264\335d\367\206o\356\375\316\371"
 219      9D0BB4DD 
 219      64F7866F 
 219      EEFDCEF9 
 220 006a 9DDFF7FB 		.ascii	"\235\337\367\373\3169\367\234s\361\025\004!\370eA\270"
 220      CE39F79C 
 220      73F11504 
 220      21F86541 
 220      B8
 221 007b 270AC274 		.ascii	"'\012\302t07\\\276Pv\034\014\2039\301N\202\235\026\330"
 221      30375CBE 
 221      50761C0C 
 221      8339C14E 
 221      829D16D8 
 222 008f 3505EC02 		.ascii	"5\005\354\002\330\000\330\025\260k`\203`\267\300\206"
 222      D800D815 
 222      B06B6083 
 222      60B7C086 
 223 009f 789B51B0 		.ascii	"x\233Q\260\007`\217\005\357\253\032\261\372\317\300"
 223      07608F05 
 223      EFAB1AB1 
 223      FACFC0
 224 00ae 9E80F5F1 		.ascii	"\236\200\365\361r\221s\336\022\306_\307\241\215\221"
ARM GAS  /tmp/ccdEtJ5y.s 			page 17


 224      729173DE 
 224      12C65FC7 
 224      A18D91
 225 00bd B73181BD 		.ascii	"\2671\201\275\3145\005\203\375\001\352~\017\346\206"
 225      CC350583 
 225      FD01EA7E 
 225      0FE686
 226 00cc E7B711D3 		.ascii	"\347\267\021\323\331\001v\027\314\310c\205\300=\030"
 226      D9017617 
 226      CCC86385 
 226      C03D18
 227 00db EC35301D 		.ascii	"\35450\035\327\375>bZ?\204;\342z\325W#\307~\246\211"
 227      D7FD3E62 
 227      5A3F843B 
 227      E27AD557 
 227      23C77EA6 
 228 00f0 81389FC8 		.ascii	"\2018\237\310s\377\030\215\327\333\362_\350%}\332\243"
 228      73FF188D 
 228      D7DBF25F 
 228      E8257DDA 
 228      A3
 229 0101 D22BAAF4 		.ascii	"\322+\252\364\352x\337\312Z?\341Z\037h\342\235\202\302"
 229      EA78DFCA 
 229      5A3FE15A 
 229      1F68E29D 
 229      82C2
 230 0113 80FF41AC 		.ascii	"\200\377A\254AU\254Oy,\355\370ea\324\337\274{\017^\213"
 230      4155AC4F 
 230      792CEDF8 
 230      6561D4DF 
 230      BC7B0F5E 
 231 0128 51B00191 		.ascii	"Q\260\001\221\231\022\004E\373\177\250~bdE\004\261\355"
 231      99120445 
 231      FB7FA87E 
 231      62644504 
 231      B1ED
 232 013a D4C83FB1 		.ascii	"\324\310?\261H\037]G\217\177\031Z*\261K\377G\001U ,"
 232      481F5D47 
 232      8F7F195A 
 232      2AB14BFF 
 232      47015520 
 233 014f 1375AD1F 		.ascii	"\023u\255\037\3351\005\317\245\270\357\223\017\344\021"
 233      DD3105CF 
 233      A5B8EF93 
 233      0FE411
 234 015e 529301E9 		.ascii	"R\223\001\351\300\035\351\310\271\032\010\356\313\006"
 234      C01DE9C8 
 234      B91A08EE 
 234      CB06
 235 016c 34330B8B 		.ascii	"43\013\213\227z\237]\010D\206\220TIZ%\025$I~\037\012"
 235      977A9F5D 
 235      08448690 
 235      54495A25 
 235      1524497E 
 236 0182 A81ACD40 		.ascii	"\250\032\315@\207\321\014\0019P\010\011\\\211B\005t"
 236      87D10C01 
 236      39500809 
ARM GAS  /tmp/ccdEtJ5y.s 			page 18


 236      5C894205 
 236      74
 237 0193 080ACBA1 		.ascii	"\010\012\313\241\260\204\204s\272\037\006g\256\221$"
 237      B0848473 
 237      BA1F0667 
 237      AE9124
 238 01a2 111D4106 		.ascii	"\021\035A\006T\2050\305@^\301\006&`\367\216\314\355"
 238      548530C5 
 238      405EC106 
 238      2660F78E 
 238      CCED
 239 01b4 BE389608 		.ascii	"\2768\226\010\020\035\271\327\033\305\311B\034\2334"
 239      101DB9D7 
 239      1BC5C942 
 239      1C9B34
 240 01c3 C4F0B6D9 		.ascii	"\304\360\266\331M)$D\015\2048\252\204\200\210,\306\372"
 240      4D292444 
 240      0D8438AA 
 240      8480882C 
 240      C6FA
 241 01d5 8ABEB120 		.ascii	"\212\276\261 \234\217h\220\224S\225\267&\015r|\322 "
 241      9C8F6890 
 241      945395B7 
 241      260D727C 
 241      D220
 242 01e7 A7F686ED 		.ascii	"\247\366\206\355\356\221\244\231\310\011Aj\225 54\010"
 242      EE91A499 
 242      C809416A 
 242      95203534 
 242      08
 243 01f8 298540CF 		.ascii	")\205@\317nf\365\"\326\203\001\340\3368\222\325`0\244"
 243      6E66F522 
 243      D68301E0 
 243      DE3892D5 
 243      6030A4
 244 020b 92F63410 		.ascii	"\222\3664\020)\227C\011\250\236\264D\346\031\250\016"
 244      29974309 
 244      A89EB444 
 244      E619A80E 
 245 021b 5C4017DD 		.ascii	"\\@\027\335\256\256\367a\215\215\340^\330\236U\254c"
 245      AEAEF761 
 245      8D8DE05E 
 245      D89E55AC 
 245      63
 246 022c DD7F9354 		.ascii	"\335\177\223T\237~\\\3634\000\237\244I\350J\223\276"
 246      9F7E5CF3 
 246      34009FA4 
 246      49E84A93 
 246      BE
 247 023d 73E950C8 		.ascii	"s\351P\310\014\004l\310P\"\217\255\200ZA]\023\037^\270"
 247      0C046CC8 
 247      50228FAD 
 247      805A415D 
 247      131F5EB8 
 248 0251 722488EE 		.ascii	"r$\210\356\372\232\024\303\263\236\336i\342R\221\204"
 248      FA9A14C3 
 248      B39EDE69 
ARM GAS  /tmp/ccdEtJ5y.s 			page 19


 248      E2529184 
 249 0261 A70B68FE 		.ascii	"\247\013h\376\014\024\006i\237\200\264[\251\234\026"
 249      0C140669 
 249      9F80B45B 
 249      A99C16
 250 0270 206C667A 		.ascii	" lfz$\251s\330\307\224A\210\341\347\035D\271\033\241"
 250      24A973D8 
 250      C7944188 
 250      E1E71D44 
 250      B91BA1
 251 0283 BE81CA6F 		.ascii	"\276\201\312oC&9\011\202.\313k~\342g\340\334\251?\305"
 251      43263909 
 251      822ECB6B 
 251      7EE267E0 
 251      DCA93FC5 
 252 0297 EDDE9C37 		.ascii	"\355\336\23472E\315\335\376c\334\303\203u\373\014\001"
 252      3245CDDD 
 252      FE63DCC3 
 252      8375FB0C 
 252      01
 253 02a8 E99E0143 		.ascii	"\351\236\001C\035\310\244\352\310\223\210\274y\364\016"
 253      1DC8A4EA 
 253      C89388BC 
 253      79F40E
 254 02b7 E0E7AECE 		.ascii	"\340\347\256\316\347\001\254\033\351\2204\257\316G\223"
 254      E701AC1B 
 254      E99034AF 
 254      CE4793
 255 02c6 8E41A73C 		.ascii	"\216A\247<\006\247\230\256\263\275\311\325|\000\375"
 255      06A798AE 
 255      B3BDC9D5 
 255      7C00FD
 256 02d5 C1ADBABC 		.ascii	"\301\255\272\274\261\326\217\215\3019R}\254\255\253"
 256      B1D68F8D 
 256      C139527D 
 256      ACADAB
 257 02e4 3750DB25 		.ascii	"7P\333%]\300\366=e\353\246\262;e\331=\027\327Ehs\234"
 257      5DC0F63D 
 257      65EBA6B2 
 257      3B65D93D 
 257      17D74568 
 258 02fa 14BCB565 		.ascii	"\024\274\265e\327\337\325)\366x\245x\232\247x\232\246"
 258      D7DFD529 
 258      F678A578 
 258      9AA7789A 
 258      A6
 259 030b 78E4784D 		.ascii	"x\344xM\255\377%\324\217`\365@S\351@#\304~\341N\214"
 259      ADFF25D4 
 259      8F60F540 
 259      53E94023 
 259      C47EE14E 
 260 0320 FA6EF942 		.ascii	"\372n\371B\254\034JEv\343P\342\310M\220\247D\344\034"
 260      AC1C4A45 
 260      76E350E2 
 260      C84D90A7 
 260      44E41C
 261 0333 A2CC4BFF 		.ascii	"\242\314K\3778\001R\263\262z\026N\276\330\372\314\036"
ARM GAS  /tmp/ccdEtJ5y.s 			page 20


 261      380152B3 
 261      B27A164E 
 261      BED8FACC 
 261      1E
 262 0344 54ED5891 		.ascii	"T\355X\221\250\004S5\031\247U\360T{D)I\"\276rul\330"
 262      A8045335 
 262      19A755F0 
 262      547B4429 
 262      4922BE72 
 263 035b DA6D1840 		.ascii	"\332m\030@\027\241\366o\202\220\241\217\243k\330\232"
 263      17A1F66F 
 263      8290A18F 
 263      A36BD89A 
 264 036b 8343977C 		.ascii	"\203C\227|p7}KP\243\373\2213\210\215\246H\326:W\373"
 264      70377D4B 
 264      50A3FB91 
 264      33888DA6 
 264      48D63A57 
 265 0380 567F369A 		.ascii	"V\1776\232S\301-]\347\316\362\231\276\211\216O\2224"
 265      53C12D5D 
 265      E7CEF299 
 265      BE898E4F 
 265      9234
 266 0392 55449F4D 		.ascii	"UD\237MC\347\241\307{i\217\367\241\351\360\033\247c"
 266      43E7A1C7 
 266      7B698FF7 
 266      A1E9F01B 
 266      A763
 267 03a4 C13677A7 		.ascii	"\3016w\247\034\026g\027H\005\003\222\363\254#l\360\220"
 267      1C166717 
 267      48050392 
 267      F3AC236C 
 267      F090
 268 03b6 24C18A23 		.ascii	"$\301\212#\351\010\014\235SV\203s\344\325Cg\321\000"
 268      E9080C9D 
 268      53568373 
 268      E4D54367 
 268      D100
 269 03c8 4267D025 		.ascii	"Bg\320%\220v\001\315\206\346I\245\347\323}\360\030S"
 269      907601CD 
 269      86E649A5 
 269      E7D37DF0 
 269      1853
 270 03da 75A0746F 		.ascii	"u\240to\277^'\262E\203D \357\332\332\236\015A\223j\271"
 270      BF5E27B2 
 270      45834420 
 270      EFDADA9E 
 270      0D41936A 
 271 03ef 44B55C44 		.ascii	"D\265\\D\\L\347]\327\266\000\0203\000b\256\3742Gr\302"
 271      5C4CE75D 
 271      D7B60010 
 271      330062AE 
 271      FC324772 
 272 0404 2B07AB1F 		.ascii	"+\007\253\037\240`Jx\244\364k\245\014P)-\317\016\006"
 272      A0604A78 
 272      A4F46BA5 
 272      0C50292D 
ARM GAS  /tmp/ccdEtJ5y.s 			page 21


 272      CF0E06
 273 0417 E234B631 		.ascii	"\3424\2661\024\255z\274\316\310\211\272~\345!\"9]V\210"
 273      14AD7ABC 
 273      CEC889BA 
 273      7EE52122 
 273      395D5688 
 274 042b 2E6B89AE 		.ascii	".k\211\256P\242\015\345\217\362}\360F\306\324\327^Q"
 274      50A20DE5 
 274      8FF27DF0 
 274      46C6D4D7 
 274      5E51
 275 043d EBC799EA 		.ascii	"\353\307\231\352^\361\222tUa\272\252e\272F\231J\357"
 275      5EF19274 
 275      5561BAAA 
 275      65BA4699 
 275      4AEF
 276 044f 771E34E2 		.ascii	"w\0364\342\002\3064\266~\365\210\250\356\011\322IJW"
 276      02C634B6 
 276      7EF588A8 
 276      EE09D249 
 276      4A57
 277 0461 DCF01A96 		.ascii	"\334\360\032\226\221\334\332\002\314\3036\345O+L\222"
 277      91DCDA02 
 277      CCC336E5 
 277      4F2B4C92 
 278 0471 7649648D 		.ascii	"vId\215\006\024\272\256\304\275\256\215;H\343\216\254"
 278      0614BAAE 
 278      C4BDAE8D 
 278      3B48E38E 
 278      AC
 279 0482 1B2E08C2 		.ascii	"\033.\010\302{X\\\367\310\2763>\204\212\354Y'\347\346"
 279      7B585CF7 
 279      C8BE333E 
 279      848AEC59 
 279      27E7E6
 280 0495 1FB829A5 		.ascii	"\037\270)\245\032\3504@7\025\246\233|iE\267(\203\323"
 280      1AE83440 
 280      3715A69B 
 280      7C6945B7 
 280      2883D3
 281 04a8 B5231BE3 		.ascii	"\265#\033\343a\306p\371\261\273!@\375\012\223\367]y"
 281      61C670F9 
 281      B1BB2140 
 281      FD0A93F7 
 281      5D79
 282 04ba 85EFB057 		.ascii	"\205\357\260W\030\200\247\3326n\012\242\023\000\312"
 282      1880A7DA 
 282      366E0AA2 
 282      1300CA
 283 04c9 F8047027 		.ascii	"\370\004p'my8\371d\274K\263\376A\236\000\211\335gZ\020"
 283      6D7938F9 
 283      64BC4BB3 
 283      FE419E00 
 283      89DD675A 
 284 04de D7DA7669 		.ascii	"\327\332vin\336!)\331\207`\320mE\351mY\351\020U\332"
 284      6EDE2129 
 284      D98760D0 
ARM GAS  /tmp/ccdEtJ5y.s 			page 22


 284      6D45E96D 
 284      59E91055 
 285 04f3 EF78DA1F 		.ascii	"\357x\332\0370+\007\347\303&\000\253'a\331\351\332\326"
 285      302B07E7 
 285      C32600AB 
 285      2761D9E9 
 285      DAD6
 286 0505 ACC3BB30 		.ascii	"\254\303\2730\025_\330qo\223\001W2\247\244\363Q\261"
 286      155FD871 
 286      6F930157 
 286      32A7A4F3 
 286      51B1
 287 0517 FED522A9 		.ascii	"\376\325\"\251\323If\373[[J\244\324\214D\332\016\215"
 287      D34966FB 
 287      5B5B4AA4 
 287      D48C44DA 
 287      0E8D
 288 0529 40049848 		.ascii	"@\004\230H\252\265\332\005%\303h\226\200F\321\253\320"
 288      AAB5DA05 
 288      25C36896 
 288      8046D1AB 
 288      D0
 289 053a 363BB7A8 		.ascii	"6;\267\250R\234UK\003\365\260@\322\241\261r\177\334"
 289      529C554B 
 289      03F5B040 
 289      D2A1B172 
 289      7FDC
 290 054c C6B8EFE5 		.ascii	"\306\270\357\345_\0303r\356\256W\022\013\234\3113\351"
 290      5F183372 
 290      EEAE5712 
 290      0B9CC933 
 290      E9
 291 055d 5A478861 		.ascii	"ZG\210a:\250\026\310\373Pr\217\020?\240\304O\323\363"
 291      3AA816C8 
 291      FB50728F 
 291      103FA0C4 
 291      4FD3F3
 292 0570 EEE867F5 		.ascii	"\356\350g\365\252\211od\237\353\326\343\353\214\370"
 292      AA896F64 
 292      9FEBD6E3 
 292      EB8CF8
 293 057f 50F1A042 		.ascii	"P\361\240B\374ko\342A/\342GP\362\220\020?\246\304\371"
 293      FC6B6FE2 
 293      412FE247 
 293      50F29010 
 293      3FA6C4F9 
 294 0593 63CFB604 		.ascii	"c\317\266\004\252\307\215\214\2712nO\370\322\373\204"
 294      AAC78D8C 
 294      B9326E4F 
 294      F8D2FB84 
 295 05a3 2EBDF28E 		.ascii	".\275\362\216`\342;B\216\343~+\337\264\365\244zhO\225"
 295      60E23B42 
 295      8EE37E2B 
 295      DFB4F5A4 
 295      7A684F95 
 296 05b7 912D314E 		.ascii	"\221-1NR\335}\2430\231oF\235\304\257?s\302\245\303\367"
 296      52DD7DA3 
ARM GAS  /tmp/ccdEtJ5y.s 			page 23


 296      30996F46 
 296      9DC4AF3F 
 296      73C2A5C3 
 297 05cc 98E2ECAE 		.ascii	"\230\342\354\256\262\205dgJ\372Yg\035h\320\336\376\254"
 297      B2856467 
 297      4AFA5967 
 297      1D68D0DE 
 297      FEAC
 298 05de C3073F61 		.ascii	"\303\007?a\255\3276V4\361\323Z3\361\263\216\324;\374"
 298      ADD73656 
 298      34F1D35A 
 298      33F1B38E 
 298      D43BFC
 299 05f1 F118ABBC 		.ascii	"\361\030\253\274\232~\245\336\027'\352\250#\2132qQ\371"
 299      9A7EA5DE 
 299      1727EAA8 
 299      238B3271 
 299      51F9
 300 0603 7D0F5A11 		.ascii	"}\017Z\021Na\225\216\252\243M<\2010\325\032ibkd\345"
 300      4E61958E 
 300      AAA34D3C 
 300      8130D51A 
 300      69626B64 
 301 0618 8D962603 		.ascii	"\215\226&\003\313GB\340\327t]x\007\247\263\226u\243"
 301      CB4742E0 
 301      D7745D78 
 301      07A7B396 
 301      75A3
 302 062a 0776F2DC 		.ascii	"\007v\362\3340\270\003\031\365\356\240I7\332\265\"\337"
 302      30B80319 
 302      F5EEA049 
 302      37DAB522 
 302      DF
 303 063b 68D3459A 		.ascii	"h\323E\232\312\203\214\003\357+{\243\216\036\335R\305"
 303      CA838C03 
 303      EF2B7BA3 
 303      8E1EDD52 
 303      C5
 304 064c 19688D48 		.ascii	"\031h\215H\320\353D\223\334\206\316\367\313\305\027"
 304      D0EB4493 
 304      DC86CEF7 
 304      CBC517
 305 065b 03D568F7 		.ascii	"\003\325h\367\217\241\367\025\025o6\340o\230\310\334"
 305      8FA1F715 
 305      156F36E0 
 305      6F98C8DC 
 306 066b 7BFDB7F8 		.ascii	"{\375\267\370x\205\220\231\375\320\221\244\307\033X"
 306      78859099 
 306      FDD091A4 
 306      C71B58
 307 067a DDB7C7B6 		.ascii	"\335\267\307\266vL\301\233\230#\237vM\364\264\213V\235"
 307      764CC19B 
 307      98239F76 
 307      4DF4B48B 
 307      569D
 308 068c 7D0FE7B0 		.ascii	"}\017\347\260\232\332\314\015\260\226nc\316P\362\365"
 308      9ADACC0D 
ARM GAS  /tmp/ccdEtJ5y.s 			page 24


 308      B0966E63 
 308      CE50F2F5 
 309 069c 01DE3FD3 		.ascii	"\001\336?\323\301\335\330v'\030\027\261\252\027\315"
 309      C1DDD876 
 309      271817B1 
 309      AA17CD
 310 06ab F5C17837 		.ascii	"\365\301x7{n\252\334\265\023\341\375\314\031\315i\272"
 310      7B6EAADC 
 310      B513E1FD 
 310      CC19CD69 
 310      BA
 311 06bc 63C0E5CC 		.ascii	"c\300\345\314)\350\312;\254\307\225\314)y\274\251$\000"
 311      29E8CA3B 
 311      ACC795CC 
 311      2979BCA9 
 311      2400
 312 06ce 3B98D353 		.ascii	";\230\323S}:\325\037;\231\223ZV\226\355\217\033\230"
 312      7D3AD51F 
 312      3B99935A 
 312      5696ED8F 
 312      1B98
 313 06e0 B3CAD19B 		.ascii	"\263\312\321\233\311\367\261\001\342_+\276V\300\217"
 313      C9F7B101 
 313      E25F2BBE 
 313      56C08F
 314 06ef 25922FF8 		.ascii	"%\222/\370\351]\3550\247\233\0318\3235\372\255\357\244"
 314      E95DED30 
 314      A79B1938 
 314      D335FAAD 
 314      EFA4
 315 0701 E350288F 		.ascii	"\343P(\217C\030\035\206\252\212\242a\275v\034\306\000"
 315      43181D86 
 315      AA8AA261 
 315      BD761CC6 
 315      00
 316 0712 FD8CA2B7 		.ascii	"\375\214\242\267\323\236-\224{\266\241\241\3469\322"
 316      D39E2D94 
 316      7BB6A1A1 
 316      E639D2
 317 0721 8EC364E8 		.ascii	"\216\303d\350i\3165\005)\376h\016\273^\232#_!\344g\273"
 317      69CE3505 
 317      29FE680E 
 317      BB5E9A23 
 317      5F21E467 
 318 0736 949C0407 		.ascii	"\224\234\004\007\367-8\255\354\332\367\211\322\216\351"
 318      F72D38AD 
 318      ECDAF789 
 318      D28EE9
 319 0745 942A43C4 		.ascii	"\224*C\304h\217\370\222\362\036\254\247\343[M\330\005"
 319      688FF892 
 319      F21EACA7 
 319      E35B4DD8 
 319      05
 320 0756 D6E4CAD7 		.ascii	"\326\344\312\327\260\271$c\012\337\254\205o\244\360"
 320      B0B92463 
 320      0ADFAC85 
 320      6FA4F0
ARM GAS  /tmp/ccdEtJ5y.s 			page 25


 321 0765 70055DA7 		.ascii	"p\005]\247B\347j\321L\264\214N\224\234\347Sq\"\205\377"
 321      42E76AD1 
 321      4CB48C4E 
 321      949CE753 
 321      712285FF 
 322 0779 5B34A134 		.ascii	"[4\2414\016\227\247\031Z=NK\253\212=gbv5\274K\005\337"
 322      0E97A719 
 322      5A3D4E4B 
 322      AB8A3D67 
 322      627635BC 
 323 0790 A285AFD1 		.ascii	"\242\205\257\321J\037M\305\012|\225\026\236\250\022"
 323      4A1F4DC5 
 323      0A7C9516 
 323      9EA812
 324 079f 93C9C743 		.ascii	"\223\311\307C\202\355\001\345\203\334m\264\222\340a"
 324      82ED01E5 
 324      83DC6DB4 
 324      92E061
 325 07ae 01411562 		.ascii	"\001A\025b\010\332/\316A\245`%`\273\300v\203U\201\025"
 325      08DA2FCE 
 325      41A56025 
 325      60BBC076 
 325      83558115 
 326 07c2 83ED052B 		.ascii	"\203\355\005+\003;\000V\015\266\003\3540\330"
 326      033B0056 
 326      0DB603EC 
 326      30D8
 327 07d0 4EB072B0 		.ascii	"N\260r\260}`\337\201U\202\035\004;$\316\241\033\013"
 327      7D60DF81 
 327      55821D04 
 327      3B24CEA1 
 327      1B0B
 328 07e2 93F9F45F 		.ascii	"\223\371\364_\212\312<\255J\263\266\013n\253\272`\323"
 328      8ACA3CAD 
 328      4AB3B60B 
 328      6EABBA60 
 328      D3
 329 07f3 C4A3E705 		.ascii	"\304\243\347\005W\367A\322\304}\240\3562\225\226\255"
 329      57F741D2 
 329      C47DA0EE 
 329      329596AD 
 330 0803 136A5181 		.ascii	"\023jQ\201\237\252\244|\253\005o\030'eT\005\317\232"
 330      9FAAA47C 
 330      AB056F18 
 330      27655405 
 330      CF9A
 331 0815 18AE9E77 		.ascii	"\030\256\236wi*\341/\220\006\376|\334\324\270\242N4"
 331      692AE12F 
 331      9006FE7C 
 331      DCD4B8A2 
 331      4E34
 332 0827 454B9FEC 		.ascii	"EK\237\354\255\006\346hk\032\237\251E0S\0138^~\021\321"
 332      AD06E668 
 332      6B1A9FA9 
 332      4530530B 
 332      385E7E11 
 333 083c 536562B3 		.ascii	"Seb\263o\327\241\027\246D\230\036\004%\360\363\2012"
ARM GAS  /tmp/ccdEtJ5y.s 			page 26


 333      6FD7A117 
 333      A644981E 
 333      0425F0F3 
 333      8132
 334 084e 822F5271 		.ascii	"\202/Rq5\034g\323|ipI\033\3749\322\344v^\325\023\331"
 334      351C67D3 
 334      7C697049 
 334      1BFC39D2 
 334      E4765ED5 
 335 0864 134F63AF 		.ascii	"\023Oc\257Y\257N\355\033-~\365\270\236S\3033'^\017("
 335      59AF4EED 
 335      1B2D7EF5 
 335      B89E53C3 
 335      33275E0F 
 336 0879 9C9C69DA 		.ascii	"\234\234i\332\317\354\012\304p\364!\237\365\025\251"
 336      CFEC0AC4 
 336      70F4219F 
 336      F515A9
 337 0888 BDA54128 		.ascii	"\275\245A(\344%\226\361\2314\234D2>\012\255\217\210"
 337      E42596F1 
 337      99349C44 
 337      323E0AAD 
 337      8F88
 338 089a 9E4311E9 		.ascii	"\236C\021\351\200I^\030\344\200\367\344\377\375\316"
 338      80495E18 
 338      E480F7E4 
 338      FFFDCE
 339 08a9 906FB7DA 		.ascii	"\220o\267\332\302*\235\372\264qT\225\240\200jDv\332"
 339      C22A9DFA 
 339      B4715495 
 339      A0806A44 
 339      76DA
 340 08bb 803B59F8 		.ascii	"\200;Y\370\353:\263\365j\360]\257\243\3111\016>F\301"
 340      EB3AB3F5 
 340      6AF05DAF 
 340      A3C9310E 
 340      3E46C1
 341 08ce 27C79ACB 		.ascii	"'\307\232\313|q\006\355\016\324\321\330\235=\005\357"
 341      7C7106ED 
 341      0ED4D1D8 
 341      9D3D05EF 
 342 08de A48E2EB7 		.ascii	"\244\216.\267\241r\310\037\371\261\377\026\204\254\241"
 342      A172C81F 
 342      F9B1FF16 
 342      84ACA1
 343 08ed DFE84919 		.ascii	"\337\350I\031S\221\347\033\275\001\362=.\372\001U\035"
 343      5391E71B 
 343      BD01F23D 
 343      2EFA0155 
 343      1D
 344 08fe 74473D74 		.ascii	"tG=t\007\371g\001)\241\377@\230J\037U\377e\000\0279"
 344      07F96701 
 344      29A1FF40 
 344      984A1F55 
 344      FF650017 
 345 0913 45CF7F19 		.ascii	"E\317\177\031\310\371\265\311U\252W\237_\011D9\3006"
 345      C8F9B5C9 
ARM GAS  /tmp/ccdEtJ5y.s 			page 27


 345      55AA579F 
 345      5F094439 
 345      C036
 346 0925 8AEA637B 		.ascii	"\212\352c{\266\273\337E\316\332\316\001z\326\256>wS"
 346      B6BBDF45 
 346      CEDACE01 
 346      7AD6AE3E 
 346      7753
 347 0937 9220C964 		.ascii	"\222 \311d\244#@T\253\014X\255\2509\2717\211\3444[X"
 347      A4234054 
 347      AB0C58AD 
 347      A839B937 
 347      89E4345B 
 348 094c 7E3FC788 		.ascii	"~?\307\210\367\262T\333+R\372\020gk\375\015\373\366"
 348      F7B254DB 
 348      2B52FA10 
 348      676BFD0D 
 348      FBF6
 349 095e 2864DF1E 		.ascii	"(d\337\036'\024\246\023Z\246f\312\324\347\256.0b'c\352"
 349      2714A613 
 349      5AA666CA 
 349      D4E7AE2E 
 349      30622763 
 350 0973 CC2CEF0E 		.ascii	"\314,\357\016\344L\267\347z\230\310y\260Eaj\3212\265"
 350      E44CB7E7 
 350      7A98C879 
 350      B045616A 
 350      D132B5
 351 0986 52A6DA5B 		.ascii	"R\246\332[;rt\270\2131\345\336?\3550\312\232B\2754\265"
 351      3B7274B8 
 351      8B31E5DE 
 351      3FED30CA 
 351      9A42BD34 
 352 099b 294C6D5A 		.ascii	")LmZ\246v\312T\271y\343\333\370*#r\264\014\034\224\211"
 352      A676CA54 
 352      B979E3DB 
 352      F82A2372 
 352      B40C1C94 
 353 09b0 86F69B8A 		.ascii	"\206\366\233\212\350\027N\306\034\372\205\323\2410u"
 353      E8174EC6 
 353      1CFA85D3 
 353      A13075
 354 09bf 68994E8A 		.ascii	"h\231N\212\263\205\231\241\346\250e1\237\307\304\333"
 354      B38599A1 
 354      E6A86531 
 354      9FC7C4DB 
 355 09cf C2DF9A67 		.ascii	"\302\337\232g\216\267\231\227E\306\232m\011Q\344n\265"
 355      8EB79997 
 355      45C69A6D 
 355      0951E46E 
 355      B5
 356 09e0 D943A3F4 		.ascii	"\331C\243\364\037|\372\227\231\021\341\341\202\301j"
 356      1F7CFA97 
 356      9911E1E1 
 356      82C16A
 357 09ef 5D191367 		.ascii	"]\031\023g\237?\317j\377\255y\245-\301\034\231\260\374"
 357      9F3FCF6A 
ARM GAS  /tmp/ccdEtJ5y.s 			page 28


 357      FFAD79A5 
 357      2DC11C99 
 357      B0FC
 358 0a01 F5B8F8B8 		.ascii	"\365\270\370\270\350\327\243#?\2171\307\304E\305\256"
 358      E8D7A323 
 358      3F8F31C7 
 358      C445C5AE 
 359 0a11 5C1A6D5E 		.ascii	"\\\032m^\036\011|q\321f\353\322\350/\"W\306\332\255"
 359      1E097C71 
 359      D166EBD2 
 359      E82F2257 
 359      C6DAAD
 360 0a24 F6AF5644 		.ascii	"\366\257VD\333B\227\011z\271\365k?\322\332\366\225\315"
 360      DB429709 
 360      7AB9F56B 
 360      3FD2DAF6 
 360      95CD
 361 0a36 0C619702 		.ascii	"\014a\227\002\024\232\370\201k\217Y\036m\265\317\321"
 361      149AF881 
 361      6B8F591E 
 361      6DB5CFD1 
 362 0a46 CA4CB07B 		.ascii	"\312L\260{\332D-#\030\200\353\242\226E&\370\332\354"
 362      DA442D23 
 362      1880EBA2 
 362      964526F8 
 362      DAEC
 363 0a58 1FC5C5D8 		.ascii	"\037\305\305\330g\375T^B\200\315\276\330\036\231`\177"
 363      67FD545E 
 363      4280CDBE 
 363      D81E9960 
 363      7F
 364 0a69 3716A4F8 		.ascii	"7\026\244\370\023'~\005}6\300s\264]~\374 \332\203\260"
 364      13277E05 
 364      7D36C073 
 364      B45D7EFC 
 364      20DA83B0 
 365 0a7d C6C62EB5 		.ascii	"\306\306.\265\306\000\371\233\023\221\257\210O\260\333"
 365      C600F99B 
 365      1391AF88 
 365      4FB0DB
 366 0a8c CC8B972C 		.ascii	"\314\213\227,\232?\317\374\311'\013\314K>Z\364e8\017"
 366      9A3FCFFC 
 366      C9270BCC 
 366      4B3E5AF4 
 366      65380F
 367 0a9f 475A927C 		.ascii	"GZ\222|\242\226-\376\312\366ad\254}\\\267{\345\003P"
 367      A2962DFE 
 367      CAF66164 
 367      AC7D5CB7 
 367      7BE50350 
 368 0ab3 A35A9D60 		.ascii	"\243Z\235`\264Z\277X\031\027e\265\206\276\025\366\273"
 368      B45ABF58 
 368      191765B5 
 368      86BE15F6 
 368      BB
 369 0ac4 37F4B2E7 		.ascii	"7\364\262\347\257(UC\302\303\346\373+\302\275k\336\364"
 369      AF285543 
ARM GAS  /tmp/ccdEtJ5y.s 			page 29


 369      C2C3E6FB 
 369      2BC2BD6B 
 369      DEF4
 370 0ad6 89885864 		.ascii	"\211\210Xd\231/\376\311\242[\260\350]\013^\020a\321"
 370      992FFEC9 
 370      A25BB0E8 
 370      5D0B5E10 
 370      61D1
 371 0ae8 BDB76089 		.ascii	"\275\267`\211\005GDX\260\005\354]\213\005\377yq\004"
 371      05474458 
 371      B005EC5D 
 371      8B05FF79 
 371      7104
 372 0afa 8EF87489 		.ascii	"\216\370t\211.\"b\241\205\342\347\321\337p\274\360\003"
 372      2E2262A1 
 372      85E2E7D1 
 372      DF70BCF0 
 372      03
 373 0b0b 8BB8185A 		.ascii	"\213\270\030Z~\264\320\242[\274\010\320\021\226y`\341"
 373      7EB4D0A2 
 373      5BBC08D0 
 373      11967960 
 373      E1
 374 0b1c 80FCABE5 		.ascii	"\200\374\253\345\215\237\337+6\373r2\023b\226C\246\376"
 374      8D9FDF2B 
 374      36FB7232 
 374      13629643 
 374      A6FE
 375 0b2e 1EC76A9F 		.ascii	"\036\307j\237&w\262\315\032I\264[#\243\3541_F\373X\337"
 375      2677B2CD 
 375      1A49B45B 
 375      23A3EC31 
 375      5F46FB58 
 376 0b43 8B8F8F35 		.ascii	"\213\217\2175\361J\033\351\027V\377\013OQ\374\012V2"
 376      F14A1BE9 
 376      1756FF0B 
 376      4F51FC0A 
 376      5632
 377 0b55 552E89B6 		.ascii	"U.\211\266{\027\374C.\370\017\2169\341\302"
 377      7B17FC43 
 377      2EF80F8E 
 377      39E1C2
 378              		.text
 379              		.section	.gnu.lto_.symtab.6e5dae02e918e063,"",%progbits
 380 0000 7374496E 		.ascii	"stInit\000"
 380      697400
 381 0007 00       		.ascii	"\000"
 382 0008 00       		.ascii	"\000"
 383 0009 00       		.ascii	"\000"
 384 000a 00000000 		.ascii	"\000\000\000\000\000\000\000\000"
 384      00000000 
 385 0012 DC000000 		.ascii	"\334\000\000\000"
 386 0016 73745374 		.ascii	"stStartAlarm\000"
 386      61727441 
 386      6C61726D 
 386      00
 387 0023 00       		.ascii	"\000"
ARM GAS  /tmp/ccdEtJ5y.s 			page 30


 388 0024 00       		.ascii	"\000"
 389 0025 00       		.ascii	"\000"
 390 0026 00000000 		.ascii	"\000\000\000\000\000\000\000\000"
 390      00000000 
 391 002e E0000000 		.ascii	"\340\000\000\000"
 392 0032 73745374 		.ascii	"stStopAlarm\000"
 392      6F70416C 
 392      61726D00 
 393 003e 00       		.ascii	"\000"
 394 003f 00       		.ascii	"\000"
 395 0040 00       		.ascii	"\000"
 396 0041 00000000 		.ascii	"\000\000\000\000\000\000\000\000"
 396      00000000 
 397 0049 E2000000 		.ascii	"\342\000\000\000"
 398 004d 73745365 		.ascii	"stSetAlarm\000"
 398      74416C61 
 398      726D00
 399 0058 00       		.ascii	"\000"
 400 0059 00       		.ascii	"\000"
 401 005a 00       		.ascii	"\000"
 402 005b 00000000 		.ascii	"\000\000\000\000\000\000\000\000"
 402      00000000 
 403 0063 E4000000 		.ascii	"\344\000\000\000"
 404 0067 73744765 		.ascii	"stGetAlarm\000"
 404      74416C61 
 404      726D00
 405 0072 00       		.ascii	"\000"
 406 0073 00       		.ascii	"\000"
 407 0074 00       		.ascii	"\000"
 408 0075 00000000 		.ascii	"\000\000\000\000\000\000\000\000"
 408      00000000 
 409 007d E7000000 		.ascii	"\347\000\000\000"
 410 0081 73745F6C 		.ascii	"st_lld_init\000"
 410      6C645F69 
 410      6E697400 
 411 008d 00       		.ascii	"\000"
 412 008e 02       		.ascii	"\002"
 413 008f 00       		.ascii	"\000"
 414 0090 00000000 		.ascii	"\000\000\000\000\000\000\000\000"
 414      00000000 
 415 0098 E9000000 		.ascii	"\351\000\000\000"
 416 009c 63685379 		.ascii	"chSysHalt\000"
 416      7348616C 
 416      7400
 417 00a6 00       		.ascii	"\000"
 418 00a7 02       		.ascii	"\002"
 419 00a8 00       		.ascii	"\000"
 420 00a9 00000000 		.ascii	"\000\000\000\000\000\000\000\000"
 420      00000000 
 421 00b1 EE000000 		.ascii	"\356\000\000\000"
 422              		.text
 423              		.section	.gnu.lto_.opts,"",%progbits
 424 0000 272D666D 		.ascii	"'-fmath-errno' '-fsigned-zeros' '-ftrapping-math' '"
 424      6174682D 
 424      6572726E 
 424      6F272027 
 424      2D667369 
ARM GAS  /tmp/ccdEtJ5y.s 			page 31


 425 0033 2D666E6F 		.ascii	"-fno-trapv' '-fno-openmp' '-fno-openacc' '-mcpu=cor"
 425      2D747261 
 425      70762720 
 425      272D666E 
 425      6F2D6F70 
 426 0066 7465782D 		.ascii	"tex-m4' '-mno-thumb-interwork' '-mthumb' '-O2' '-fo"
 426      6D342720 
 426      272D6D6E 
 426      6F2D7468 
 426      756D622D 
 427 0099 6D69742D 		.ascii	"mit-frame-pointer' '-falign-functions=16' '-ffuncti"
 427      6672616D 
 427      652D706F 
 427      696E7465 
 427      72272027 
 428 00cc 6F6E2D73 		.ascii	"on-sections' '-fdata-sections' '-fno-common' '-flto"
 428      65637469 
 428      6F6E7327 
 428      20272D66 
 428      64617461 
 429 00ff 2700     		.ascii	"'\000"
 430              		.text
 431              		.comm	__gnu_lto_v1,1,1
 432              		.comm	__gnu_lto_slim,1,1
 433              		.ident	"GCC: (GNU Tools for Arm Embedded Processors 7-2018-q3-update) 7.3.1 20180622 (release) [AR
ARM GAS  /tmp/ccdEtJ5y.s 			page 32


DEFINED SYMBOLS
                            *ABS*:0000000000000000 hal_st.c
                            *COM*:0000000000000001 __gnu_lto_v1
                            *COM*:0000000000000001 __gnu_lto_slim

NO UNDEFINED SYMBOLS
