ARM GAS  /tmp/ccPYlt57.s 			page 1


   1              		.cpu cortex-m4
   2              		.eabi_attribute 20, 1
   3              		.eabi_attribute 21, 1
   4              		.eabi_attribute 23, 3
   5              		.eabi_attribute 24, 1
   6              		.eabi_attribute 25, 1
   7              		.eabi_attribute 26, 1
   8              		.eabi_attribute 30, 2
   9              		.eabi_attribute 34, 1
  10              		.eabi_attribute 18, 4
  11              		.file	"hal_pal.c"
  12              		.section	.gnu.lto_.profile.94758b43b311d7bf,"",%progbits
  13 0000 789C6363 		.ascii	"x\234cc```\001bF\206\010C\000\001Y\000\225"
  13      60606001 
  13      62468608 
  13      43000159 
  13      0095
  14              		.text
  15              		.section	.gnu.lto_.icf.94758b43b311d7bf,"",%progbits
  16 0000 789C6363 		.ascii	"x\234cc``Pe@\0006\206\035+\337X3\316~\264\342\032\017"
  16      60605065 
  16      40003686 
  16      1D2BDF58 
  16      33CE7EB4 
  17 0017 D3BFF5A7 		.ascii	"\323\277\365\247\327\3622\237\237\362\241\235\221\345"
  17      D7F2329F 
  17      9FF2A19D 
  17      91E5
  18 0025 D3C623BF 		.ascii	"\323\306#\277\270X\217\036\234|\225\235\001\000^$\022"
  18      B8588F1E 
  18      9C7C959D 
  18      01005E24 
  18      12
  19 0036 3D       		.ascii	"="
  20              		.text
  21              		.section	.gnu.lto_.jmpfuncs.94758b43b311d7bf,"",%progbits
  22 0000 789C7D8E 		.ascii	"x\234}\216=\012\002A\014\205\363\222\331\265\323\326"
  22      3D0A0241 
  22      0C85F392 
  22      D9B5D3D6 
  23 0010 62CFE39D 		.ascii	"b\317\343\235\254V\020+[\261\332b\216 \370\277\010\212"
  23      AC56102B 
  23      5BB1DA62 
  23      8E20F8BF 
  23      088A
  24 0022 17B0F50E 		.ascii	"\027\260\365\016\226v\242\214oX\\d\212\015\274\"\311"
  24      9676A28C 
  24      6F585C64 
  24      8A0DBC22 
  24      C9
  25 0033 CB97978B 		.ascii	"\313\227\227\213\310\010\322\226\011\200\2622Q,\014"
  25      C808D296 
  25      0980B232 
  25      512C0C
  26 0042 D3D7F9D9 		.ascii	"\323\327\371\331/?\223ae\360\3065\326(\005\027\007\241"
  26      2F3F9361 
  26      65F0C635 
ARM GAS  /tmp/ccPYlt57.s 			page 2


  26      D6280517 
  26      07A1
  27 0054 DE218401 		.ascii	"\336!\204\001\224\276\345\354z\353\315\215.\0106(\242"
  27      94BEE5EC 
  27      7AEBCD8D 
  27      2E083628 
  27      A2
  28 0065 54018B24 		.ascii	"T\001\213$JS\232y\343Sl\273i\364`G\032\345~4T\346ri"
  28      4A539A79 
  28      E3536CBB 
  28      69F46047 
  28      1AE57E34 
  29 007d AF42BC92 		.ascii	"\257B\274\222\244\007\376)J\312\036\005G\217\323\352"
  29      A407FE29 
  29      4ACA1E05 
  29      478FD3EA 
  30 008d 9E35A3C6 		.ascii	"\2365\243\306w`\3141RZ\0326\363\246\364\034\273\303"
  30      7760CC31 
  30      525A1A36 
  30      F3A6F41C 
  30      BBC3
  31 009f 667C5333 		.ascii	"f|S3,%_=\004be"
  31      2C255F3D 
  31      046265
  32              		.text
  33              		.section	.gnu.lto_.inline.94758b43b311d7bf,"",%progbits
  34 0000 789C6363 		.ascii	"x\234cc``\360`d\200\003f\006\006\001aF6\006\205\254"
  34      6060F060 
  34      64800366 
  34      06060161 
  34      46360685 
  35 0015 29CC8CD3 		.ascii	")\314\214\323Z\017\235g\357f\236\303\314\300\310\300"
  35      5A0F9D67 
  35      EF669EC3 
  35      CCC0C8C0 
  36 0025 B8995186 		.ascii	"\270\231Q\206\201A!\033Jg\000\245\327,\373x\200\037"
  36      8141211B 
  36      4A6700A5 
  36      D72CFB78 
  36      801F
  37 0037 24CDC6C8 		.ascii	"$\315\306\310\317\270\205Q\206\331\201A!\035\306\000"
  37      CFB88551 
  37      86D98141 
  37      211DC600 
  38 0047 99092498 		.ascii	"\231\011$\230\035X9W\2701p\3360cb`Y \357\300\300\270"
  38      1D583957 
  38      B83170DE 
  38      30636260 
  38      5920EFC0 
  39 005d 93AD8191 		.ascii	"\223\255\201\221\203\211\201u\256\002\220\006Y\311\304"
  39      83898175 
  39      AE029006 
  39      59C9C4
  40 006c CD2002B4 		.ascii	"\315 \002\264\200\211AT\202\221\035h1\272M\270\215f"
  40      80894154 
  40      82911D68 
  40      31BA4DB8 
ARM GAS  /tmp/ccPYlt57.s 			page 3


  40      8D66
  41 007e 0431D904 		.ascii	"\0041\331\004_\2640\342\266\200\351\002\177\003\023"
  41      5FB430E2 
  41      B680E902 
  41      7F0313
  42 008d 92352C0C 		.ascii	"\2225,\014Br`\377\021o\015+k\207:^\037\260\360\002\003"
  42      427260FF 
  42      116F0D2B 
  42      6B873A5E 
  42      1FB0F002 
  43 00a2 6E821F08 		.ascii	"n\202\037\010Bma\000\000\276\2573\234"
  43      426D6100 
  43      00BEAF33 
  43      9C
  44              		.text
  45              		.section	.gnu.lto_.pureconst.94758b43b311d7bf,"",%progbits
  46 0000 789C6363 		.ascii	"x\234cc```\007bf\006)&)\026I\000\001\304\000d"
  46      60606007 
  46      62660629 
  46      26291649 
  46      0001C400 
  47              		.text
  48              		.section	.gnu.lto_palReadBus.94758b43b311d7bf,"",%progbits
  49 0000 789C9552 		.ascii	"x\234\225RMO\024A\020\255753\314\262_x\363\300a\343"
  49      4D4F1441 
  49      10AD3735 
  49      33CCB25F 
  49      78F3C061 
  50 0015 47100FAC 		.ascii	"G\020\017\254z\362\256\361o\030\340\002\011\011\306"
  50      7AF2AEF1 
  50      6F18E002 
  50      0909C6
  51 0024 8DE76DD8 		.ascii	"\215\347m\330\0051HB\210|\204\214\204\003\2501\0325"
  51      05314842 
  51      887C848C 
  51      8403A831 
  51      1A35
  52 0036 A0C88A32 		.ascii	"\240\310\2122,\212\037\011\"\036\014*\361\240\361 A"
  52      2C8A1F09 
  52      221E0C2A 
  52      F1A0F120 
  52      41
  53 0047 22EA418D 		.ascii	"\"\352A\215\242\325\275\013l\274q\230\356\256\352W\257"
  53      A2D5BD0B 
  53      6CBC7198 
  53      EEAEEA57 
  53      AF
  54 0058 5EBD1E97 		.ascii	"^\275\036\227\210\2560\321\001\331\217\313\007\227`"
  54      88AE30D1 
  54      01D98FCB 
  54      079760
  55 0067 753F276A 		.ascii	"u?'j\361,\313^\210\222*\347\231\200HE\330\262\007\016"
  55      F12CCB5E 
  55      88922AE7 
  55      99804845 
  55      D8B2070E 
  56 007b 4AE8FCD8 		.ascii	"J\350\374\330+\221\015\247\200r\000}P\036(m\261\355"
ARM GAS  /tmp/ccPYlt57.s 			page 4


  56      2B910DA7 
  56      8072007D 
  56      501E286D 
  56      B1ED
  57 008d 208DF37C 		.ascii	" \215\363|\201\261\230\275\351s'\373L\260%\\\237\037"
  57      81B198BD 
  57      E97327FB 
  57      4CB0255C 
  57      9F1F
  58 009f FC10D321 		.ascii	"\374\020\323!\220\220pumn<R}Y\251V\025\364\367\270C"
  58      90907075 
  58      6D6E3C52 
  58      7D59A956 
  58      15F4F7B8 
  59 00b4 E32F54C8 		.ascii	"\343/T\310g\213\372\004>\216J\214\241R\213\271\215j"
  59      678BFA04 
  59      3E8E4A8C 
  59      A1528BB9 
  59      8D6A
  60 00c6 01B72DF6 		.ascii	"\001\267-\366\2673\357\007\311\371\365\227\253\313\261"
  60      B733EF07 
  60      C9F9F597 
  60      ABCBB1
  61 00d5 AA5153F8 		.ascii	"\252QS\370}\204\325>\237\031w\300\245\205\222\"L\240"
  61      7D84D53E 
  61      9F1977C0 
  61      A5859222 
  61      4CA0
  62 00e7 4AE3DFDF 		.ascii	"J\343\337\337\332\350\215\272\366\260\214(\020\241\274"
  62      DAE88DBA 
  62      F6B08C28 
  62      10A1BC
  63 00f6 AB27945D 		.ascii	"\253'\224]27^:\201\332\370{V\005\313\243\270x\"\002"
  63      32375E3A 
  63      81DAF87B 
  63      5605CBA3 
  63      B8782202 
  64 010a A9B42D59 		.ascii	"\251\264-Y\034\226\305\265u\350\350\223\253\027\017"
  64      1C96C5B5 
  64      75E8E893 
  64      AB170F
  65 0119 9A334C5A 		.ascii	"\2323LZ&u\010\227\214\255\002:'\241\2342\001}D\366\315"
  65      26750897 
  65      8CAD023A 
  65      27A19C32 
  65      017D44F6 
  66 012e ECBB0157 		.ascii	"\354\273\001W\267\030dO\232\367\265\345\027\312\364"
  66      B718644F 
  66      9AF7B5E5 
  66      17CAF4
  67 013d D00CC2A4 		.ascii	"\320\014\302\244\031\211\244\200I\034\225\202\025\264"
  67      1989A480 
  67      491C9582 
  67      15B4
  68 014b E6420534 		.ascii	"\346B\0054\004=\225\237\237s\2071\324\242\224J\370\\"
  68      043D959F 
  68      9F738731 
ARM GAS  /tmp/ccPYlt57.s 			page 5


  68      D4A2944A 
  68      F85C
  69 015d 261C8522 		.ascii	"&\034\205\"m_g\317\022\222\327U\267\271\362\220\303"
  69      6D5F67CF 
  69      1292D755 
  69      B7B9F290 
  69      C3
  70 016e 307AF53C 		.ascii	"0z\365<\204{H\352\326K\307\266\231\256]Z\017\342\272"
  70      847B48EA 
  70      D64BC7B6 
  70      99AE5D5A 
  70      0FE2BA
  71 0181 AF8738A6 		.ascii	"\257\2078\246\266\372\332\224;$mW\221M\030\033\0049"
  71      B6FADA94 
  71      3B246D57 
  71      914D181B 
  71      0439
  72 0193 39B9FAB6 		.ascii	"9\271\372\266,\375Gy>\207\372X\373r\037i*\225^nl\317"
  72      2CFD4779 
  72      3E87FA58 
  72      FB721F69 
  72      2A955E6E 
  73 01a9 FC9AFE16 		.ascii	"\374\232\376\026\023\334nIh/u\356\347\342\347\216\260"
  73      13DC6E49 
  73      682F75EE 
  73      E7E2E78E 
  73      B0
  74 01ba D65BE173 		.ascii	"\326[\341s\030\323\362\360\017\212j3#cm\020\364\200"
  74      18D3F2F0 
  74      0F8A6A33 
  74      23636D10 
  74      F480
  75 01cc 515B8E40 		.ascii	"Q[\216@\324\026\214\237A\332\347\210Q\343\024m\323."
  75      D4168C9F 
  75      41DAE788 
  75      51E3146D 
  75      D32E
  76 01de 7CEA9A2D 		.ascii	"|\352\232-\332f\355\310\210(\362\306\010h#f\305\210"
  76      DA66EDC8 
  76      8828F2C6 
  76      08682366 
  76      C588
  77 01f0 15E4372D 		.ascii	"\025\3447-\345\322)bf\212\377\210\343\322\016\017\213"
  77      E5D22962 
  77      668AFF88 
  77      E3D20E0F 
  77      8B
  78 0201 C4AF2672 		.ascii	"\304\257&r\023Q!\316\266\350\253\012<2\304\226&\236"
  78      135121CE 
  78      B6E8AB0A 
  78      3C32C496 
  78      269E
  79 0213 33C45B6F 		.ascii	"3\304[oe\357\360\255\036o\277\325\023\303\224\371\332"
  79      65EFF0AD 
  79      1E6FBFD5 
  79      13C394F9 
  79      DA
ARM GAS  /tmp/ccPYlt57.s 			page 6


  80 0224 8E029523 		.ascii	"\216\002\225#2\205\260\224\335\335\021\373.<5\354\346"
  80      3285B094 
  80      DDDD11FB 
  80      2E3C35EC 
  80      E6
  81 0235 D77E5660 		.ascii	"\327~V`\377\275\311\0366\015\\ZCk\242\230\321*:\304"
  81      FFBDC91E 
  81      360D5C5A 
  81      436BA298 
  81      D12A3AC4 
  82 0249 2EB15E46 		.ascii	".\261^F\333S\223\254oh\254klN\035>z$\331\234J6\3246"
  82      DB5393AC 
  82      6F68AC6B 
  82      6C4E1D3E 
  82      7A24D99C 
  83 0261 2553A7EB 		.ascii	"%S\247\353\365~\362TmSM=q\335\231\324?\032\31247"
  83      F57EF254 
  83      6D534D3D 
  83      71DD99D4 
  83      3F1ACA34 
  84              		.text
  85              		.section	.gnu.lto_palWriteBus.94758b43b311d7bf,"",%progbits
  86 0000 789C9552 		.ascii	"x\234\225RKO\023Q\024\276\337\334\231\351\213\226\212"
  86      4B4F1351 
  86      14BEDFDC 
  86      99E98B96 
  86      8A
  87 0011 1B172C88 		.ascii	"\033\027,\210\217\020L\244\352F\367\032\377\206\201"
  87      8F104CA4 
  87      EA46F71A 
  87      FF8681
  88 0020 6E2021C1 		.ascii	"n !\301X]w\350K\020M\210\221Bp \015j5F\243\006\025["
  88      585D77E8 
  88      4B104D88 
  88      91427020 
  88      0D6A3546 
  89 0038 1086A2E0 		.ascii	"\020\206\242\340\203G \306\340c\245\201\005A\003\321"
  89      834720C6 
  89      E063A581 
  89      054103D1 
  90 0048 051A2C9E 		.ascii	"\005\032,\236{\247\205\312\216\233\314\271\367\236{"
  90      7BA785CA 
  90      8E9BCCB9 
  90      F79E7B
  91 0057 CEF9BEF9 		.ascii	"\316\371\276\371\316\321\031c\021\225\261#\264\237\246"
  91      CED11963 
  91      1195B123 
  91      B49FA6
  92 0066 0F3A83D2 		.ascii	"\017:\203\3221\303X\213SQ\324Y/3\334|\314b\314(\343"
  92      31C3588B 
  92      5351D459 
  92      2F33DC7C 
  92      CC62CC28 
  93 007b 8ADA7D98 		.ascii	"\212\332}\230\256\332\372\001\272\251\320\354(\015\020"
  93      AEDAFA01 
  93      BAA9D0EC 
  93      280D10
ARM GAS  /tmp/ccPYlt57.s 			page 7


  94 008a 07C30916 		.ascii	"\007\303\011\026V\270\252!\214+\374:G\356\322RF\251"
  94      56B8AA21 
  94      8C2BFC3A 
  94      47EED252 
  94      46A9
  95 009c B963D0B2 		.ascii	"\271c\320\262\272~\351\011#\276\317\344\214%\351\023"
  95      BA7EE909 
  95      23BECFE4 
  95      8C25E913 
  96 00ac 0B03A8A1 		.ascii	"\013\003\250\241\250\271\330#\223\267s\223\003*]\327"
  96      A8B9D823 
  96      93B77393 
  96      032A5DD7 
  97 00bc A67BBEF9 		.ascii	"\246{\276\371\304UA\025]\343s]\011\316\017\201\321\371"
  97      C4554115 
  97      5DE3735D 
  97      09CE0F81 
  97      D1F9
  98 00ce E3EABD2F 		.ascii	"\343\352\275/\276\352\333\206\0211\254\215\233\3348"
  98      BEEADB86 
  98      1131AC8D 
  98      9BDC38
  99 00dd 68728E67 		.ascii	"hr\216g\340T\020OQ\211'\250d\344b\030D5\205\367\346"
  99      E054104F 
  99      518927A8 
  99      64E46218 
  99      443585F7 
 100 00f2 FB273DBC 		.ascii	"\373'=\274F\246\246G\314`!s*-3U<\337\231\2512dP-\302"
 100      46A6A647 
 100      CC602173 
 100      2A2D3355 
 100      3CDF99A9 
 101 010b BF3ECE77 		.ascii	"\277>\316wzu5Ud\213\254\020\205v\362<\234\327,#\277"
 101      7A753555 
 101      648BAC10 
 101      8576F23C 
 101      9CD72C23 
 102 0120 798938A4 		.ascii	"y\2118\244\261y\246\002\224\251)dt.\214*\214&|\2720"
 102      B179A602 
 102      94A92964 
 102      742E8C2A 
 102      8C267CBA 
 103 0135 0E71750A 		.ascii	"\016qu\012\343\022\306M\306\341\021'/\004M?$$k%\024"
 103      E312C64D 
 103      C6E11127 
 103      2F044D3F 
 103      24246B25 
 104 014a D2D0B058 		.ascii	"\322\320\260X\033W\304)j\261E\304>\215/\335\320\005"
 104      1B57C429 
 104      6AB145C4 
 104      3E8D2FDD 
 104      D005
 105 015c 780FF712 		.ascii	"x\017\367\022\255d<7\353\020\332p0\014\021g\261\332"
 105      AD643C37 
 105      EB10DA70 
 105      300C1167 
 105      B1DA
ARM GAS  /tmp/ccPYlt57.s 			page 8


 106 016e E88FA93D 		.ascii	"\350\217\251=\224\260\214H\326eG\203\242\207s\323\023"
 106      94B08C48 
 106      D6654783 
 106      A28773D3 
 106      13
 107 017f 7A0A7D2D 		.ascii	"z\012}-\244\177\225\311\235T\303N\022*\267_[@\340\201"
 107      A47F95C9 
 107      9D54C34E 
 107      122AB75F 
 107      5B40E081 
 108 0193 D1219F5C 		.ascii	"\321!\237\\\030F\012\235\262/x\201\200\200^8\265]\351"
 108      18460A9D 
 108      B22F7881 
 108      80805E38 
 108      B55DE9
 109 01a6 7E7ACD2A 		.ascii	"~z\315*\027\270.\224cd\013We\331\243\004\273\202X\225"
 109      17B82E94 
 109      63640B57 
 109      65D9A304 
 109      BB825895 
 110 01ba 14882233 		.ascii	"\024\210\"3\231\225\317\216\360_\303irw\222\013\305"
 110      9995CF8E 
 110      F05FC369 
 110      7277920B 
 110      C5
 111 01cb 461166A5 		.ascii	"F\021f\245\324=\262\037\321?\243?}\024G\003\341\021"
 111      D43DB21F 
 111      D13FA33F 
 111      7D144703 
 111      E111
 112 01dd 2A0BDFEF 		.ascii	"*\013\337\357\271\357\255\036\301\327o\3622\214\321"
 112      B9EFAD1E 
 112      C1D76FF2 
 112      328CD1
 113 01ec 145905B6 		.ascii	"\024Y\005\266\321[\003qPt\267d\353A\216\330\332-\031"
 113      D15B0371 
 113      5074B764 
 113      EB418ED8 
 113      DA2D19
 114 01ff 47D8E45E 		.ascii	"G\330\344^\311F+\310F*\344\023\213'l\366J\017\367\227"
 114      C9462BC8 
 114      462AE413 
 114      8B276CF6 
 114      4A0FF797 
 115 0213 EAC277A5 		.ascii	"\352\302w\245\213\017/\245.\020\272\274\"]\226\021\335"
 115      8B0F2FA5 
 115      2E10BABC 
 115      225D9611 
 115      DD
 116 0224 48C02EA5 		.ascii	"H\300.\245\312\352\274\264\272\266K\325'\266U\237\264"
 116      CAEABCB4 
 116      BAB64BD5 
 116      27B6559F 
 116      B4
 117 0235 AB278BD5 		.ascii	"\253'\213\325\013\325\346W\247z=B6\015~\274\2462\024"
 117      0BD5E657 
 117      A77A3D42 
ARM GAS  /tmp/ccPYlt57.s 			page 9


 117      360D7EBC 
 117      A63214
 118 0248 B35A8C71 		.ascii	"\263Z\214qH\022\372\177\254\010\217\333\377\274\035"
 118      4812FA7F 
 118      AC088FDB 
 118      FFBC1D
 119 0257 E7926EAD 		.ascii	"\347\222n\255\224\251{WL\313\361F2U\004\323\2676\323"
 119      94A97B57 
 119      4CCBF146 
 119      325504D3 
 119      B736D3
 120 026a F562758F 		.ascii	"\365bu\217$\342\"_\356\375e\351+m\267_\266{\007\324"
 120      24E2225F 
 120      EEFD65E9 
 120      2B6DB75F 
 120      B67B07D4 
 121 027e 1E228077 		.ascii	"\036\"\200w\005\250\017\203\331A/A\305Z\304S\005\246"
 121      05A80F83 
 121      D9412F41 
 121      C55AC453 
 121      05A6
 122 0290 24546126 		.ascii	"$Ta&\206\372\372\357b\353q/\246\021\350\244\271#\032"
 122      86FAFAEF 
 122      62EB712F 
 122      A611E8A4 
 122      B9231A
 123 02a3 33081036 		.ascii	"3\010\0206\373\201Hj\363\252=\015b\265R\263h\016\210"
 123      FB81486A 
 123      F3AA3D0D 
 123      62B552B3 
 123      680E88
 124 02b6 E9FEDA40 		.ascii	"\351\376\332@\260\241\261\276\2619t\354\344\361@s(\320"
 124      B0A1B1BE 
 124      B13974EC 
 124      E4F14073 
 124      28D0
 125 02c8 50D71408 		.ascii	"P\327\024\010\235\017\212\375\354\271\272\246\332 \343"
 125      9D0F8AFD 
 125      ECB9BAA6 
 125      DA20E3
 126 02d7 F517436A 		.ascii	"\365\027Cj}\343\205\320?G\027sJ"
 126      7DE385D0 
 126      3F471773 
 126      4A
 127              		.text
 128              		.section	.gnu.lto_palSetBusMode.94758b43b311d7bf,"",%progbits
 129 0000 789C9552 		.ascii	"x\234\225RKO\023Q\024\276\337\234\231\266\264\320\342"
 129      4B4F1351 
 129      14BEDF9C 
 129      99B6B4D0 
 129      E2
 130 0011 CE050BE2 		.ascii	"\316\005\013\342#\004\023\251\272r\257\211?\303\000"
 130      230413A9 
 130      BA72AF89 
 130      3FC300
 131 0020 9A4082C1 		.ascii	"\232@\202\301\330\270\356\205\322\002\301D\242R\010"
 131      D8B8EE85 
ARM GAS  /tmp/ccPYlt57.s 			page 10


 131      D202C144 
 131      A25208
 132 002f 4E481780 		.ascii	"NH\027\200\321h\324\200\217\002\312P\024\037\021\011"
 132      D168D480 
 132      8F02CA50 
 132      141F1109 
 133 003f ACF0C542 		.ascii	"\254\360\305B\243\013\003\004\302F\215\242\347\334A"
 133      A30B0304 
 133      C2468DA2 
 133      E7DC41
 134 004e 41E3869B 		.ascii	"A\343\206\233\334\307\271\363\235\357|\367;\023PJ\365"
 134      DCC7B9F3 
 134      9DEF7CF7 
 134      3B13504A 
 134      F5
 135 005f 9252FB79 		.ascii	"\222R\373y?\312\023\001\005\253\363\245RM!\313\262g"
 135      3FCA1301 
 135      05ABF3A5 
 135      524D21CB 
 135      B267
 136 0071 4A940ED3 		.ascii	"J\224\016\323\204\247\224.&\313\356\331\307\241\363"
 136      84A7942E 
 136      26CBEED9 
 136      C7A1F3
 137 0080 65374736 		.ascii	"e7G6\034\037\345\000r\320!\250\244E\266\203$\316\321"
 137      1C1FE500 
 137      72D021A8 
 137      A445B683 
 137      24CED1
 138 0093 2542A1F5 		.ascii	"%B\241\365S\336\252\274\242yx\335s\301\214N\357t\271"
 138      53DEAABC 
 138      A27978DD 
 138      73C18C4E 
 138      EF74B9
 139 00a6 4E96A70C 		.ascii	"N\226\247\014\014\241\222Q\263-\267\\\352 \227\000\233"
 139      0CA19251 
 139      B32DB75C 
 139      EA209700 
 139      9B
 140 00b7 C3D5E9DE 		.ascii	"\303\325\351\336\017Q\011-\224s\230\236\355\316\020"
 140      0F51092D 
 140      9473989E 
 140      EDCE10
 141 00c6 ED85E2F3 		.ascii	"\355\205\342\363\253\225ko\243\025\003Z7k\357E?\351"
 141      AB956B6F 
 141      A315035A 
 141      376BEF45 
 141      3FE9
 142 00d8 3D2E11EE 		.ascii	"=.\021\356\202\230\020wP\206a\224)\276R\270\207\012"
 142      82981077 
 142      50866194 
 142      29BE52B8 
 142      870A
 143 00ea 86AF0D0D 		.ascii	"\206\257\015\015\\\214P\245I]X\036\276\034\336H\375"
 143      5C8C50A5 
 143      495D581E 
 143      BE1CDE48 
ARM GAS  /tmp/ccPYlt57.s 			page 11


 143      FD
 144 00fb 3E60526D 		.ascii	">`Rm\334\3777\325V\310\243B\360\357o\257w\225\004\354"
 144      DCFF37D5 
 144      56C8A342 
 144      F0EF6FAF 
 144      779504EC 
 145 010f DC6FB918 		.ascii	"\334o\271\030\021Wx\347\233\233s\216\247\327\177\266"
 145      115778E7 
 145      9B9B738E 
 145      A7D77FB6 
 146 011f 6A6F7110 		.ascii	"joq\020\357\216\025\2033\035\213\227\000\361\022\264"
 146      EF8E1583 
 146      331D8B97 
 146      00F112B4 
 147 012f 2574E414 		.ascii	"%t\344\024\204(\011\303\220\2526\346a\233\264\247\332"
 147      842809C3 
 147      90AA36E6 
 147      619BB4A7 
 147      DA
 148 0140 C99253CA 		.ascii	"\311\222S\312S\037\321\362zr\241/ \364\275\024\344\302"
 148      531FD1F2 
 148      7A72A12F 
 148      20F4BD14 
 148      E4C2
 149 0152 D9746126 		.ascii	"\331ta&(\317'(\214\262*\031\355\374(\356\000'|F\363"
 149      28CF2728 
 149      8CB22A19 
 149      EDFC28EE 
 149      00277C46 
 150 0167 48918F06 		.ascii	"H\221\217\006\243\307\012\323S\201\034\372\232\330\342"
 150      A3C70AD3 
 150      53811CFA 
 150      9AD8E2
 151 0176 729742CC 		.ascii	"r\227B\314\341'\211\221\035\027\346\021\277\241;\315"
 151      E1278991 
 151      1D17E611 
 151      BFA13BCD 
 152 0186 A7228C21 		.ascii	"\247\"\214!\207.c=\036 .\245\347\217l2]\037\\\365bR"
 152      872E633D 
 152      1E202EA5 
 152      E78F6C32 
 152      5D1F5CF5 
 153 019c B708313C 		.ascii	"\267\0101<\374S\327V#\007\270\354\"Z\312\215\005\214"
 153      FC53D756 
 153      2307B8EC 
 153      225ACA8D 
 153      058C
 154 01ae CCE717DF 		.ascii	"\314\347\027\337\004\223?t\310\245p\226\304\223q$\325"
 154      04933F74 
 154      C8A57096 
 154      C4937124 
 154      D5
 155 01bf 56E91163 		.ascii	"V\351\021cy\352\333\370Z\224q\334\363\210\370(w_g\227"
 155      79EADBF8 
 155      5A9471DC 
 155      F388F828 
 155      775F6797 
ARM GAS  /tmp/ccPYlt57.s 			page 12


 156 01d3 DA22A2B7 		.ascii	"\332\"\242\267\324\245bL\360\217\342m\250M\365\017\245"
 156      D4A5624C 
 156      F08FE26D 
 156      A84DF50F 
 156      A5
 157 01e4 C1E81EA3 		.ascii	"\301\350\036\2436\202\002\253\365M\237D\322\245\022"
 157      368202AB 
 157      F54D9F44 
 157      D2A512
 158 01f3 A3C6D9B0 		.ascii	"\243\306\331\260M\\\270\272D\276zk[>D\361\310\370\000"
 158      4D5CB8BA 
 158      44BE7A6B 
 158      5B3E44F1 
 158      C8F800
 159 0206 F1E131FB 		.ascii	"\361\3411\373\260\305Q\332\026S\014S\206\311\022\246"
 159      B0C551DA 
 159      16530C53 
 159      86C912A6 
 160 0216 277F33D9 		.ascii	"'\1773\331\333\354\315\323\315\336<3L\251\225\014|*"
 160      DBECCDD3 
 160      CDDE3C33 
 160      4CA9950C 
 160      7C2A
 161 0228 87753121 		.ascii	"\207u1!\267 \363\277\026\224fE\000\236s\013\330\012"
 161      B720F3BF 
 161      16946645 
 161      009E730B 
 161      D80A
 162 023a 030FBBB4 		.ascii	"\003\017\273\264C-\24397z\336\267PF\033\277\230\315"
 162      432DA339 
 162      377ADEB7 
 162      50461BBF 
 162      98CD
 163 024c 63ECAEAA 		.ascii	"c\354\256\252xm]}M}c\342\340\341C\361\306D\274\256\272"
 163      786D5D7D 
 163      4D7D63E2 
 163      E0E143F1 
 163      C644BCAE 
 164 0261 219E3853 		.ascii	"!\2368S+\373\361\323\325\015U\265\212j\316&\354S\215"
 164      2BFBF1D3 
 164      D50D55B5 
 164      8A6ACE26 
 164      EC538D
 165 0274 274EFE02 		.ascii	"'N\376\002\213\3361\260"
 165      8BDE31B0 
 166              		.text
 167              		.section	.gnu.lto_.symbol_nodes.94758b43b311d7bf,"",%progbits
 168 0000 789C55C9 		.ascii	"x\234U\311\315\015\202@\024E\341\363\356\014c\031$V"
 168      CD0D8240 
 168      1445E1F3 
 168      EE0C6319 
 168      2456
 169 0012 8295BD59 		.ascii	"\202\225\275Y\030\326n\350\200&@\374\251`*qc\007\222"
 169      18D66EE8 
 169      802640FC 
 169      A9602A71 
 169      630792
ARM GAS  /tmp/ccPYlt57.s 			page 13


 170 0025 111359DC 		.ascii	"\021\023Y\334\234\344~\011\030\326\241I\016\227\002"
 170      9CE47E09 
 170      18D6A149 
 170      0E9702
 171 0034 6BE67C82 		.ascii	"k\346|\202\346&\362\021\202f\271\355\351.\373\322U\256"
 171      E626F211 
 171      8266B9ED 
 171      E92EFBD2 
 171      55AE
 172 0046 3D3DA44A 		.ascii	"==\244J\266\310C%\310\271\003{\312\343\377\021H\234"
 172      B6C84325 
 172      C8B9037B 
 172      CAE3FF11 
 172      489C
 173 0058 DFC582B6 		.ascii	"\337\305\202\266\306_\017\214\375\253\345\003=\356#"
 173      C65F0F8C 
 173      FDABE503 
 173      3DEE23
 174 0067 92       		.ascii	"\222"
 175              		.text
 176              		.section	.gnu.lto_.refs.94758b43b311d7bf,"",%progbits
 177 0000 789C6363 		.ascii	"x\234cc``\020\000bF\006&F\026F&&f\026F\026&V\026\006"
 177      60601000 
 177      62460626 
 177      46164626 
 177      26661646 
 178 0019 0002EF00 		.ascii	"\000\002\357\000;"
 178      3B
 179              		.text
 180              		.section	.gnu.lto_.decls.94758b43b311d7bf,"",%progbits
 181 0000 789C9D58 		.ascii	"x\234\235XyPTG\032\177\375z\006\206a\000\013\314\226"
 181      79505447 
 181      1A7FFD7A 
 181      06866100 
 181      0BCC96
 182 0013 B561536A 		.ascii	"\265aSj\210\262G\034\301\255\215\251\312\037941\025"
 182      88B2471C 
 182      C1AD8DA9 
 182      CA1F3934 
 182      3115
 183 0025 135C8C9B 		.ascii	"\023\\\214\233\242j\253&\0040\260\213`1\303V\371\327"
 183      A26AAB26 
 183      0430B08B 
 183      6031C356 
 183      F9D7
 184 0037 3E98E1F0 		.ascii	">\230\341\360\006<\302\241\234\212\301\003\215\"\202"
 184      063CC2A1 
 184      9C8AC103 
 184      8D2282
 185 0046 C8212222 		.ascii	"\310!\"\"\207\"(\006\242\200\027\022c\010\207A.a\277"
 185      87222806 
 185      A2801712 
 185      63088741 
 185      2E61BF
 186 0059 EE7E6FDE 		.ascii	"\356~o\336\233\221\321\335\235\362\343\275\356\376\372"
 186      9B91D1DD 
 186      9DF2E3BD 
ARM GAS  /tmp/ccPYlt57.s 			page 14


 186      EEFEFA
 187 0068 FBFDFA3B 		.ascii	"\373\375\372;\272\373\351\304q\234\371\025\216\373\225"
 187      BAFBE9C4 
 187      719CF915 
 187      8EFB95
 188 0077 E7B831C4 		.ascii	"\347\2701\304q3\360SA\337y\020g\2209\320\367;\220Zx"
 188      7133F053 
 188      41DF7910 
 188      679039D0 
 188      F73B905A 
 189 008c 5F00CFD7 		.ascii	"_\000\317\327A\376\010\362'\020\362S\203\370\303\373"
 189      41FE08F2 
 189      2710F253 
 189      83F8C3FB 
 190 009c 5B20EF80 		.ascii	"[ \357\200\274\007\362\021\010\206\376O\340\371\031"
 190      BC07F211 
 190      0886FE4F 
 190      E0F919
 191 00ab C85F455D 		.ascii	"\310_E]\351\027\006X\236\034\223\271\034\263Mp\202\340"
 191      E9170658 
 191      9E1C93B9 
 191      1CB34D70 
 191      82E0
 192 00bd 3909B218 		.ascii	"9\011\262\030\304C\304\010\024\361\275A\336\005Y\013"
 192      C443C408 
 192      14F1BD41 
 192      DE05590B 
 193 00cd F239C804 		.ascii	"\3629\310\004\350\\\002Y\007\357\204\257\026\236\316"
 193      E85C0259 
 193      07EF84AF 
 193      169ECE
 194 00dc 2003F0EE 		.ascii	" \003\360\356\012O^\344E\370 \221\213\362\027\3153\354"
 194      0A4F5EE4 
 194      45F82091 
 194      8BF217CD 
 194      33EC
 195 00ee 2F153CE6 		.ascii	"/\025<\346\210\353\014\0229L\332\361 \353\237/\362X"
 195      88EB0C12 
 195      394CDAF1 
 195      20EB9F2F 
 195      F258
 196 0100 67C7E58E 		.ascii	"g\307\345\216\310G-rq\025\371<\205\366m\216\361yK\301"
 196      C8472D72 
 196      7115F93C 
 196      85F66D8E 
 196      F1794BC1 
 197 0114 E7333B3E 		.ascii	"\3473;>\233D\237\330\363y\375\005~!q\370\203\302/\204"
 197      9B449FD8 
 197      F379FD05 
 197      7E2171F8 
 197      83C22F84 
 198 0128 D3DF403E 		.ascii	"\323\337@>\024\375/\371\304Ul+\343C\340\355\343\262"
 198      14FD2FF9 
 198      C4556C2B 
 198      E343E0ED 
 198      E3B2
 199 013a 1BA36B96 		.ascii	"\033\243k\226\023\373\360V\214<\265H\005\315\241\226"
ARM GAS  /tmp/ccPYlt57.s 			page 15


 199      13FBF056 
 199      8C3CB548 
 199      05CDA196 
 200 014a CC7BEED0 		.ascii	"\314{\356\320\234\253E\363\241\231Y\361\244Q\315F5\320"
 200      9CAB45F3 
 200      A19959F1 
 200      A451CD46 
 200      35D0
 201 015c 9C293CB1 		.ascii	"\234)<\261Y\203yD&\336n(:B&.\326\"\222B\036\320u\374"
 201      59837944 
 201      26DE6E28 
 201      3A42262E 
 201      D6229242 
 202 0174 71F9B81B 		.ascii	"q\371\270\033\353\"\032\223\315[\262\325\330\231\276"
 202      EB221A93 
 202      CD5BB2D5 
 202      D899BE
 203 0183 8FA4D759 		.ascii	"\217\244\327Y\\\227\034\025\330O\023\304\241r\204%\016"
 203      5C971C15 
 203      D84F13C4 
 203      A1728425 
 203      0E
 204 0194 6D3B870F 		.ascii	"m;\207\0178c\177\242\310\367tN\336rGZ\337dA\210\027"
 204      38637FA2 
 204      C8F7744E 
 204      DE72475A 
 204      DF644188 
 205 01a9 72CD82CB 		.ascii	"r\315\202\313*\016\225 ot\012ys\250\022\371\022\343"
 205      2A0E9520 
 205      6F740A79 
 205      73A812F9 
 205      12E3
 206 01bb 67D1120E 		.ascii	"g\321\022\016\225A\347\031\350,$\006k~y\27285I\020x"
 206      9541E719 
 206      E82C2406 
 206      6B7E79BA 
 206      38354910 
 207 01d0 740E6951 		.ascii	"t\016iQ\005\302T\007\026\275X\313 \212\016\244\346;"
 207      05C25407 
 207      16BD58CB 
 207      208A0EA4 
 207      E63B
 208 01e2 E1180A51 		.ascii	"\341\030\012Q\221\365\340\"\357\010\242\306!DO\316\302"
 208      91F5E022 
 208      EF08A2C6 
 208      21444FCE 
 208      C2
 209 01f3 FA040251 		.ascii	"\372\004\002Q\015\020U2\004 2\014K\335h\252\033>\210"
 209      0D105532 
 209      0420320C 
 209      4BDD68AA 
 209      1B3E88
 210 0206 2848DFB8 		.ascii	"(H\337\270\245\304\325\021\310\005\207 7\213}\313\256"
 210      A5C4D511 
 210      C8058720 
 210      378B7DCB 
 210      AE
ARM GAS  /tmp/ccPYlt57.s 			page 16


 211 0217 0BC27C54 		.ascii	"\013\302|T\013 \347e\220j\011\344\306\320\360^w\374"
 211      0B20E765 
 211      906A09E4 
 211      C6D0F05E 
 211      77FC
 212 0229 988258A3 		.ascii	"\230\202X\243\345\311\242ubfw\257\033\036ac\351m\337"
 212      E5C9A275 
 212      626677AF 
 212      1B1E6163 
 212      E96DDF
 213 023c ADD402BA 		.ascii	"\255\324\002\272\371\277Z\"L\030\260<\350ue\306\346"
 213      F9BF5A22 
 213      4C18B03C 
 213      E87565C6 
 213      E6
 214 024d 41F36E7C 		.ascii	"A\363n|I\203\033\036c\306\266\357\256\255U\341i\326"
 214      49831B1E 
 214      63C6B6EF 
 214      AEAD55E1 
 214      69D6
 215 025f 28C8484D 		.ascii	"(\310HMRc3K\203\242\264\224\023Z\234\300\032m\203\315"
 215      5263334B 
 215      83A2B494 
 215      135A9CC0 
 215      1A6D83CD 
 216 0273 FB5D59F6 		.ascii	"\373]Y\366\314\201\346\305\231\2475\036\314\"O\030\035"
 216      CC81E6C5 
 216      99A7351E 
 216      CC224F18 
 216      1D
 217 0284 BE39E182 		.ascii	"\2769\341\202\223\230\352\301\211\311A\222>\213H\372"
 217      9398EAC1 
 217      89C94192 
 217      3E8B48FA 
 218 0294 6045F22C 		.ascii	"`E\362,b\311S\335t\271P\207\267Se\2768sj\312Crf\212"
 218      62C953DD 
 218      74B95087 
 218      B75365BE 
 218      38736ACA 
 219 02ac 5950FB72 		.ascii	"YP\373r\250\005\230_!\313\271\016\313Y$.\347\032t\266"
 219      A805985F 
 219      21CBB90E 
 219      CB59242E 
 219      E71A74B6 
 220 02c0 CA4971E6 		.ascii	"\312Iq\346\265rA\230\203\332\301\227m\262/\027\211\256"
 220      B5724198 
 220      83DAC197 
 220      6DB22F17 
 220      89AE
 221 02d2 AC4AFDA1 		.ascii	"\254J\375\241O\213\323\031D|\353\236\021\207\0207\035"
 221      4F8BD319 
 221      447CEB9E 
 221      11871037 
 221      1D
 222 02e3 42F4E4F8 		.ascii	"B\364\344\370\327\321\244\350\000\214\0332F\273\024"
 222      D7D1A4E8 
 222      008C1B32 
ARM GAS  /tmp/ccPYlt57.s 			page 17


 222      46BB14
 223 02f2 AFF8B1FC 		.ascii	"\257\370\261\374s\032\234GAT\243\337\236\356pG^>>\276"
 223      731A9C47 
 223      4154A3DF 
 223      9EEE7047 
 223      5E3E3EBE 
 224 0306 A964760A 		.ascii	"\251dv\012\010\342\345\310p\250\023y\021\013\350\026"
 224      08E2E5C8 
 224      70A81379 
 224      110BE816 
 225 0316 0076211F 		.ascii	"\000v!\037\364\003\362\241E\222OX\325\374\322\2744k"
 225      F403F2A1 
 225      45924F58 
 225      D5FCD2BC 
 225      346B
 226 0328 F8BE206C 		.ascii	"\370\276 l\321Q\270\357\001\216L\260\322\324\023\023"
 226      D151B8EF 
 226      018E4CB0 
 226      D2D41313 
 227 0338 7EDE56FD 		.ascii	"~\336V\375G\257f\0105\361\230*_\235U\271\205\240\212"
 227      47AF6608 
 227      35F1982A 
 227      5F9D55B9 
 227      85A08A
 228 034b 4BE9CED2 		.ascii	"K\351\316\322Be\022%N\\\005+O\325\245\332\237J\264\310"
 228      42651225 
 228      4E5C052B 
 228      4FD5A5DA 
 228      9F4AB4C8 
 229 035f C767AE2F 		.ascii	"\307g\256/3\333\221\345Y`\026\032\226\322Bh\002\273"
 229      33DB91E5 
 229      5960161A 
 229      96D24268 
 229      02BB
 230 0371 3D68AE9C 		.ascii	"=h\256\234]6$\300\354h\226{\034eA\320\233\035k\247\021"
 230      5D3624C0 
 230      EC68967B 
 230      1C6541D0 
 230      9B1D6BA7 
 231 0386 6D485501 		.ascii	"mHU\001\251\224\036!\332\304#\275\340\221\333\340\221"
 231      A9941E21 
 231      DAC423BD 
 231      E091DBE0 
 231      91
 232 0397 6ED1238C 		.ascii	"n\321#\214\363\225\254yq0\203h\331\222F-g\323J\\\346"
 232      F395AC79 
 232      71308368 
 232      D992462D 
 232      67D34A5C 
 233 03ac 82D138C7 		.ascii	"\202\3218\307F9\033\213\212\374\365d\371k\271p\343\264"
 233      46391B8B 
 233      8AFCF564 
 233      F96BB970 
 233      E3B4
 234 03be 0E77B384 		.ascii	"\016w\263\204}\320t<^\203\357\262FvKq\223\032\367\261"
 234      7DD0743C 
 234      5E83EFB2 
ARM GAS  /tmp/ccPYlt57.s 			page 18


 234      46764B71 
 234      931AF7B1 
 235 03d2 46C591E2 		.ascii	"F\305\221\3426\036?f\215\243\345\203[\021~\302\032C"
 235      361E3F66 
 235      8DA3E583 
 235      5B117EC2 
 235      1A43
 236 03e4 49C74D78 		.ascii	"I\307Mx\222\275g\215\334\376\321\205\331\366\205\346"
 236      92BD678D 
 236      DCFED185 
 236      D9F685E6 
 237 03f4 CED69C1F 		.ascii	"\316\326\234\0374\254TjHq\214\345\335O\343q\034&\272"
 237      34AC546A 
 237      48718CE5 
 237      DD4FE371 
 237      1C26BA
 238 0407 BA6DADE6 		.ascii	"\272m\255\346\253j\3608\374\274||\311#_\260\230\205"
 238      AB6AF038 
 238      FCBC7C7C 
 238      C9235FB0 
 238      9885
 239 0419 9ABE4CD1 		.ascii	"\232\276L\321\363\227\300\363\017\301\227C\340S[_\226"
 239      F397C0F3 
 239      0FC19743 
 239      E0535B5F 
 239      96
 240 042a 20E67AA2 		.ascii	" \346z\242^\373j\246Pc\301T\373\236\275\366]d\257>\361"
 240      5EFB6AA6 
 240      5063C154 
 240      FB9EBDF6 
 240      5D64AF3E 
 241 043f 5B59FDFE 		.ascii	"[Y\375\376\354\352~\262\366\260B\373\201\275\366\351"
 241      ECEA7EB2 
 241      F6B042FB 
 241      81BDF6E9 
 242 044f E78CD77A 		.ascii	"\347\214\327z\313\352\227\355\325\033\024\352re@\310"
 242      CBEA97ED 
 242      D51B14EA 
 242      726540C8 
 243 045f 1E81C68F 		.ascii	"\036\201\306\217tpH\254\214\021\310\203'\020\265\307"
 243      747048AC 
 243      8C11C883 
 243      2710B5C7 
 244 046f 20A320BF 		.ascii	" \243 \277\200\014\200\374\014\362\024d\020d\030\344"
 244      800C80FC 
 244      0CF21464 
 244      106418E4 
 245 047f 576BE510 		.ascii	"Wk\345\020\364F\005z\275=\372EyibVez\322\254\032\262"
 245      F446057A 
 245      BD3DFA45 
 245      79696256 
 245      657AD2AC 
 246 0495 2D0566AA 		.ascii	"-\005f\252[\031\203\376Yc\240\360R\233\002\370\247\331"
 246      5B1983FE 
 246      5963A0F0 
 246      529B02F8 
 246      A7D9
ARM GAS  /tmp/ccPYlt57.s 			page 19


 247 04a7 81955E7A 		.ascii	"\201\225^z\244pj\337\354N\225\214CQMgi\231\372\035\310"
 247      A4706ADF 
 247      EC4E958C 
 247      43514D67 
 247      6999FA1D 
 248 04bc E7C6D99D 		.ascii	"\347\306\331\235J\325!\277jZ\306J\3248\221\346\027_"
 248      4AD521BF 
 248      6A5AC64A 
 248      D43891E6 
 248      175F
 249 04ce 557AB0D2 		.ascii	"Uz\260\322\031\371z\211\205\277\317\211\024\376\004"
 249      19F97A89 
 249      85BFCF89 
 249      14FE04
 250 04dd 4C1E9377 		.ascii	"L\036\223w0\262x\007\321@\343\020\204\3777 \300e\177"
 250      30B27807 
 250      D140E310 
 250      84FF3720 
 250      C0657F
 251 04f0 71F110D6 		.ascii	"q\361\020\326m\261\236\214\024Z\256\316I\244\023I\200"
 251      6DB19E8C 
 251      145AAECE 
 251      49A41349 
 251      80
 252 0501 EE99CDE9 		.ascii	"\356\231\315\351\017\335\360.\306\373\373\376\252\237"
 252      0FDDF02E 
 252      C6FBFBFE 
 252      AA9F
 253 050f 9D91CED7 		.ascii	"\235\221\316\327\301T4\015\\\344\331\322\211\352S1H"
 253      C154340D 
 253      5CE4D9D2 
 253      89EA5331 
 253      48
 254 0520 4ED46730 		.ascii	"N\324g00%\257\017\364\030\302d\377\356N\304\012SG6\354"
 254      3025AF0F 
 254      F418C264 
 254      FFEE4EC4 
 254      0A534736 
 255 0535 8ACE540F 		.ascii	"\212\316T\017V\230\275d\370\311\256\256\036w\234\215"
 255      5698BD64 
 255      F8C9AEAE 
 255      1E779C8D 
 256 0545 6D2E3D41 		.ascii	"m.=A\317_z\202\330\271\365\270\365j;\302\007\031\337"
 256      CF5F7A82 
 256      D8B9F5B8 
 256      F56A3BC2 
 256      0719DF
 257 0558 AEE16BD8 		.ascii	"\256\341k\330\321\035 \221\367%s\3506d\346\275Q<o\275"
 257      D11D2091 
 257      F72573E8 
 257      3664E6BD 
 257      513C6FBD 
 258 056c 030CF88F 		.ascii	"\003\014\370\217\322\273L\002\257E\026\336\3128\210"
 258      D2BB4C02 
 258      AF4516DE 
 258      CA3888
 259 057b 1D29EA63 		.ascii	"\035)\352c9\215\211\260;x\371\222m\201l\3103\023>\307"
ARM GAS  /tmp/ccPYlt57.s 			page 20


 259      398D89B0 
 259      3B78F992 
 259      6D816CC8 
 259      33133EC7 
 260 058f 87FB0521 		.ascii	"\207\373\005!MG\027Y\007\213L\346gMJ\233p\012\200:C"
 260      4D471759 
 260      078B4CE6 
 260      674D4A9B 
 260      700A803A 
 261 05a4 3D4EB449 		.ascii	"=N\264I,7\003\247$\336\007m\005\331\302+7\332\201bV"
 261      2C3703A7 
 261      24DE076D 
 261      05D9C22B 
 261      37DA8162 
 262 05b9 12A0695B 		.ascii	"\022\240i[\022\004\277\273L,\011B8\216\267C\267I[\242"
 262      1204BFBB 
 262      4C2C0942 
 262      388EB743 
 262      B7495BA2 
 263 05cd 3EA16759 		.ascii	">\241gYK\2568\245\263re%\001\336\034/\032y\202\3614"
 263      4BAE38A5 
 263      B3726525 
 263      01DE1C2F 
 263      1A7982F1 
 264 05e2 F3E6A5E4 		.ascii	"\363\346\245\344\251|-\362\362\235u\021h\007p\177\371"
 264      A97C2DF2 
 264      F29D7511 
 264      6807707F 
 264      F9
 265 05f3 3AFACA68 		.ascii	":\372\312h\256o\007\305m\262g\311\252(\336\314\344\345"
 265      AE6F07C5 
 265      6DB267C9 
 265      AA28DECC 
 265      E4E5
 266 0605 32DE4B04 		.ascii	"2\336K\004Hv\010\300=g\035\346\226\365\027\014j\224"
 266      487608C0 
 266      3D671DE6 
 266      96F5170C 
 266      6A94
 267 0617 59BD9357 		.ascii	"Y\275\223Wfu\012O\362\215>A\371\331`\3533\035K:-\311"
 267      66750A4F 
 267      F28D3E41 
 267      F9D960EB 
 267      331D4B3A 
 268 062d C186C41C 		.ascii	"\301\206\304\034Dnk\2028\027\372\345\251i<D\036<\203"
 268      446E6B82 
 268      3817FAE5 
 268      A9693C44 
 268      1E3C83
 269 0640 52797A53 		.ascii	"RyzS\273\331i)\0273\326\225\224\310\235=\325.,c\277"
 269      BBD96929 
 269      1733D695 
 269      94C89D3D 
 269      D52E2C63 
 270 0655 A757C4B1 		.ascii	"\247W\304\261\312\011\035\266\250\350\225\343\250\371"
 270      CA091DB6 
 270      A8E895E3 
ARM GAS  /tmp/ccPYlt57.s 			page 21


 270      A8F9
 271 0663 F0A00AF9 		.ascii	"\360\240\012\371z#\260\206\264\205\322\005\234C\031"
 271      7A23B086 
 271      B485D205 
 271      9C4319
 272 0672 10AB3D3C 		.ascii	"\020\253=<\226>\0052a\271\302\340\277I7\274k\350\223"
 272      963E0532 
 272      61B9C2E0 
 272      BF4937BC 
 272      6BE893
 273 0685 E6AD5020 		.ascii	"\346\255P \340y\034Z\346\215\226\202\023\366\202\023"
 273      E0791C5A 
 273      E68D9682 
 273      13F68213 
 274 0695 32289D74 		.ascii	"2(\235t\360\3137\214OUS[\247\273g\212\030\226w\021\265"
 274      F0CB378C 
 274      4F55535B 
 274      A7BB678A 
 274      18967711 
 275 06aa BD1BC677 		.ascii	"\275\033\306w\361\204~&\357)-\202h\177\267\257a\334"
 275      F1847E26 
 275      EF292D82 
 275      687FB7AF 
 275      61DC
 276 06bc 452BDA4E 		.ascii	"E+\332N~\231\355\353\335\333>P\232\316z\221\351\375"
 276      7E99EDEB 
 276      DDDB3E50 
 276      9ACE7A91 
 276      E9FD
 277 06ce 97BFFDBB 		.ascii	"\227\277\375\2732\002\373xO\205\033\367\213\021\330"
 277      3202FB78 
 277      4F851BF7 
 277      8B11D8
 278 06dd 4F23603E 		.ascii	"O#`>ZU\252v\350\362l\311\345\273\030\215\201\307\205"
 278      5A55AA76 
 278      E8F26CC9 
 278      E5BB188D 
 278      81C785
 279 06f0 47D4F64B 		.ascii	"G\324\366K\224\013(\207\362\310\226x\224\326g\374\252"
 279      940B2887 
 279      F2C89678 
 279      94D667FC 
 279      AA
 280 0701 B567ED58 		.ascii	"\265g\355X;\267d\007R\322\316\265\241\235'\322\316\243"
 280      3BB76407 
 280      52D2CEB5 
 280      A19D27D2 
 280      CEA3
 281 0713 B40FB714 		.ascii	"\264\017\267\024M\251\360f\032\\~\264\356a\201\306\321"
 281      4DA9F066 
 281      1A5C7EB4 
 281      EE6181C6 
 281      D1
 282 0724 06738077 		.ascii	"\006s\200w\374\221\361\016\373\310(\000Z\371\274\335"
 282      FC91F10E 
 282      FBC82800 
 282      5AF9BCDD 
ARM GAS  /tmp/ccPYlt57.s 			page 22


 283 0734 4706E925 		.ascii	"G\006\351%\267\374G\345\027\304O?7h\236\254=0\340\342"
 283      B7FC47E5 
 283      17C44F3F 
 283      37689EAC 
 283      3D30E0E2 
 284 0748 D05D8592 		.ascii	"\320]\205\222\273\0162w=\273\0257\315\263\311\356\244"
 284      BB0E3277 
 284      3DBB1537 
 284      CDB3C9EE 
 284      A4
 285 0759 AC7EEC2C 		.ascii	"\254~\354,\0203t\220\014\013\346\247}:{o~\013\3769D"
 285      10337490 
 285      0C0BE6A7 
 285      7D3A7B6F 
 285      7E0BFE39 
 286 076e A35A44FD 		.ascii	"\243ZD\375S(\371\347P\255\245\3429o:\324\256k\255\230"
 286      5328F9E7 
 286      50ADA5E2 
 286      396F3AD4 
 286      AE6BAD98 
 287 0782 E495DE3C 		.ascii	"\344\225\336<l\343\315#\2427\217Po&&TLc\255\350\276"
 287      6CE3CD23 
 287      A2378F50 
 287      6F262654 
 287      4C63ADE8 
 288 0797 E497EECF 		.ascii	"\344\227\356\317\350(u\315\331\363\225\325\256=py\204"
 288      E82875CD 
 288      D9F395D5 
 288      AE3D7079 
 288      84
 289 07a8 4F783487 		.ascii	"Ox4\207\226\017B\354/<\211\320\366\214\364C\254\037"
 289      960F42EC 
 289      2F3C89D0 
 289      F68CF443 
 289      AC1F
 290 07ba 7A79F610 		.ascii	"zy\366\020UIC\232\202\254=\274h\203\227\354\322\177"
 290      5549439A 
 290      82AC3DBC 
 290      688397EC 
 290      D27F
 291 07cc A201A4B4 		.ascii	"\242\001\244\264"
 292 07d0 CAC6199C 		.ascii	"\312\306\031\234\364\343\230>\343#\317c]\274\014\246"
 292      F4E3983E 
 292      E323CF63 
 292      5DBC0CA6 
 293 07e0 98F21C57 		.ascii	"\230\362\034W\316:l%%/\022I\027\354\264\375\355\332"
 293      CE3A6C25 
 293      252F1249 
 293      17ECB4FD 
 293      EDDA
 294 07f2 5EB83DC3 		.ascii	"^\270=\303\301\304q)\232(z\374\335i;\367L\203\323hz"
 294      C1C47129 
 294      9A287AFC 
 294      DD693BF7 
 294      4C83D368 
 295 0807 A22B0F73 		.ascii	"\242+\017s:\220\212g\233\036\212R\321\022\275V\324\241"
 295      3A908A67 
ARM GAS  /tmp/ccPYlt57.s 			page 23


 295      9B1E8A52 
 295      D112BD56 
 295      D4A1
 296 0819 99B79706 		.ascii	"\231\267\227\006\323,\314\341\351) }\224p\350;~\036"
 296      D32CCCE1 
 296      E929207D 
 296      9470E83B 
 296      7E1E
 297 082b FC3DC1AB 		.ascii	"\374=\301\253\030\310\036\363\266\177,\314\025r{\341"
 297      18C81EF3 
 297      B67F2CCC 
 297      15727BE1 
 298 083b E3672BDE 		.ascii	"\343g+\336|!i\273\220\213\336%Z\350\270\234\267\307"
 298      7C2169BB 
 298      908BDE25 
 298      5AE8B89C 
 298      B7C7
 299 084d C936868A 		.ascii	"\3116\206\212\371^\204\216\361=@\350$\277\220\344M\272"
 299      F95E848E 
 299      F13D40E8 
 299      24BF90E4 
 299      4DBA
 300 085f B9C915D7 		.ascii	"\271\311\025\3270.\211\227\332k\235)\027\002\310\270"
 300      302E8997 
 300      DA6B9D29 
 300      1702C8B8 
 301 086f 3CECBA73 		.ascii	"<\354\272s\321\311\312\257\204\247\235SGF\257\253\224"
 301      D1C9CAAF 
 301      84A79D53 
 301      4746AFAB 
 301      94
 302 0880 04BFFC8D 		.ascii	"\004\277\374\215\202_)\345wZ\342\327V\272m\310I$\330"
 302      825F29E5 
 302      775AE2D7 
 302      56BA6DC8 
 302      4924D8
 303 0893 91A58373 		.ascii	"\221\245\203s\015658\271A\015\235\222\011\236\262'x"
 303      0D363538 
 303      B9410D9D 
 303      92099EB2 
 303      2778
 304 08a5 86127CD6 		.ascii	"\206\022|\326}o\230\307\315\214\340\231\206\352d-%C"
 304      7D6F98C7 
 304      CD8CE099 
 304      86EA642D 
 304      2543
 305 08b7 AA9211FC 		.ascii	"\252\222\021\374\346Xn\241\316J\260\234\021\034N\250"
 305      E6586EA1 
 305      CE4AB09C 
 305      111C4EA8 
 306 08c7 1CD63924 		.ascii	"\034\3269$XA\011\236\225\010nM\313/\322\212\004\033"
 306      5841099E 
 306      95086E4D 
 306      CB2FD28A 
 306      041B
 307 08d9 5FB3F203 		.ascii	"_\263\362\003-T&\363+\263\347w\216\362\253\031<\220"
 307      2D5426F3 
ARM GAS  /tmp/ccPYlt57.s 			page 24


 307      2BB3E777 
 307      8EF2AB19 
 307      3C90
 308 08eb 8E7117E3 		.ascii	"\216q\027\343wgl\246N\247\254+R\205r]U\261\272\002\305"
 308      77676CA6 
 308      4EA7AC2B 
 308      5285725D 
 308      55B1BA02 
 309 0900 AB4D7BF6 		.ascii	"\253M{\366zP\322U\326\250\317\2303F\325\0169\327P\316"
 309      7A50D255 
 309      D6A8CF98 
 309      3346D50E 
 309      39D750CE 
 310 0914 D512E7B8 		.ascii	"\325\022\347\270\366\216\313\0108\367\302V\365p\037"
 310      F68ECB08 
 310      38F7C256 
 310      F5701F
 311 0923 6E32276E 		.ascii	"n2'n\027\362\020UC\2252\351J\361\360B\347)\331\237\017"
 311      17F21055 
 311      439532E9 
 311      4AF1F042 
 311      E729D99F 
 312 0938 9A7779E0 		.ascii	"\232wy\340\004\265Cg\316d\354(p\262f\300\005\346\314"
 312      04B54367 
 312      CE64EC28 
 312      70B266C0 
 312      05E6CC
 313 094b E6AEFA63 		.ascii	"\346\256\372cL\221\336\234Xg\\\377\304ON\016\331\326"
 313      4C91DE9C 
 313      58675CFF 
 313      C44F4E0E 
 313      D9D6
 314 095d 53B61725 		.ascii	"S\266\027%\266\337\354\031?\246\026\331\266\027\373"
 314      B6DFEC19 
 314      3FA616D9 
 314      B617FB
 315 096c 4C950816 		.ascii	"L\225\010\0265\321A\2652\325Z\211\352%J\265/\247j\334"
 315      35D141B5 
 315      32D55A89 
 315      EA254AB5 
 315      2FA76ADC 
 316 0980 6541963A 		.ascii	"eA\226:\007\316Y8\242\210\225\244\373%g\334\360!\306"
 316      07CE5938 
 316      A28895A4 
 316      FB2567DC 
 316      F021C6
 317 0993 3EAF6564 		.ascii	">\257ed\257\026\237f\215\007\211\327\252<\336(\020Z"
 317      AF169F66 
 317      8D0789D7 
 317      AA3CDE28 
 317      105A
 318 09a5 6B680D6C 		.ascii	"kh\015l\275g\021\342\322\340&F\316\266F\200\200\\W\034"
 318      BD6711E2 
 318      D2E02646 
 318      CEB64680 
 318      805C571C 
 319 09b9 8897A1A7 		.ascii	"\210\227\241\247\201_\300\241&\376\015\362\235\2723"
ARM GAS  /tmp/ccPYlt57.s 			page 25


 319      815FC0A1 
 319      26FE0DF2 
 319      9DBA33
 320 09c8 FBA47641 		.ascii	"\373\244vA\025E\312eH'w\334\273\255\301M\314\370\366"
 320      1545CA65 
 320      482777DC 
 320      BBADC14D 
 320      CCF8F6
 321 09db 84EC5695 		.ascii	"\204\354V\225h\374\356\253q\2715\226\371\364\364!\206"
 321      68FCEEAB 
 321      71B93596 
 321      F9F4F421 
 321      86
 322 09ec 21471567 		.ascii	"!G\025gV\013\3644\023\303W\250\341[\2732\032=\026tR"
 322      560BF434 
 322      13C357A8 
 322      E15BBB32 
 322      1A3D1674 
 323 0a01 C3879961 		.ascii	"\303\207\231a\241d\352\224+\356g\206\267\244\324\347"
 323      A164EA94 
 323      2BEE6786 
 323      B7A4D4E7 
 324 0a11 E944C35D 		.ascii	"\351D\303]\2571\303\207E\303\220\\\212\355\273\025z"
 324      AF31C387 
 324      45C3905C 
 324      8AEDBB15 
 324      7A
 325 0a22 AE12C3D7 		.ascii	"\256\022\303\327\250\341\370\332\326t\233[\024\211\272"
 325      A8E1F8DA 
 325      D6749B5B 
 325      1489BA
 326 0a31 9C666DE2 		.ascii	"\234fm\342\366\335F\267\357s\205S\323\036\222r\362\013"
 326      F6DD46B7 
 326      EF738553 
 326      D31E9272 
 326      F20B
 327 0a43 3E24503B 		.ascii	">$P;\325?\335\227|A\345H\337\356\353\001]\247S\342\312"
 327      D53FDD97 
 327      7C41E548 
 327      DFEEEB01 
 327      5DA753E2 
 328 0a58 F7ED55CF 		.ascii	"\367\355U\317~B\314\366\277x\350\006;<\017\225\266\333"
 328      7E42CCF6 
 328      BF78E806 
 328      3B3C0F95 
 328      B6DB
 329 0a6a 1C42F536 		.ascii	"\034B\3656\253\350\020WA\236\252\015\301\306\177.X\242"
 329      ABE81057 
 329      419EAA0D 
 329      C1C67F2E 
 329      58A2
 330 0a7c 0F098FF8 		.ascii	"\017\011\217\370*\"\332\350\267\334_\037m\324\207\007"
 330      2A22DAE8 
 330      B7DC5F1F 
 330      6DD48707 
 331 0a8c 47EA8D31 		.ascii	"G\352\2151!\344i\330\030\034\271$D\363\321g\353\346"
 331      21E469D8 
ARM GAS  /tmp/ccPYlt57.s 			page 26


 331      181CB924 
 331      44F3D167 
 331      EBE6
 332 0a9e 7FE0E7C7 		.ascii	"\177\340\347\307i\015\206\330\210(\3232\177\203\351"
 332      690D86D8 
 332      8828D332 
 332      7F83E9
 333 0aad CFFA5863 		.ascii	"\317\372Xc\214>8f\303\233Q\321Qao\206\005\177\025\241"
 333      8C3E3866 
 333      C39B51D1 
 333      51616F86 
 333      057F15A1 
 334 0ac1 8F880A89 		.ascii	"\217\210\012\211\214\015\015\323o\010\006\203QazCh\330"
 334      8C0D0DD3 
 334      6F080683 
 334      51617A43 
 334      68D8
 335 0ad3 FAE0D848 		.ascii	"\372\340\330H\223\301\264ic\230qI8\247\221f\377\376"
 335      93C1B469 
 335      63987149 
 335      38A79166 
 335      FFFE
 336 0ae5 05B38D9B 		.ascii	"\005\263\215\233\214z\203\321\024\012\2520E\027\021"
 336      8C7A83D1 
 336      140AAA30 
 336      451711
 337 0af4 BD313AC6 		.ascii	"\2751:\306D\210\032Lo\317F\225\014\033\365k?\377t\231"
 337      44881A4C 
 337      6FCF4695 
 337      0C1BF56B 
 337      3FFF7499 
 338 0b08 BF7EF5EA 		.ascii	"\277~\365\352\025\372\217\326|\034\360/\177\211\275"
 338      15FA8FD6 
 338      7C1CF02F 
 338      7F89BD
 339 0b17 21323214 		.ascii	"!22\024\3148\021\255\210P\325{\037\006\256V\257\016"
 339      CC3811AD 
 339      8850D57B 
 339      1F06AE56 
 339      AF0E
 340 0b29 F8E09340 		.ascii	"\370\340\223@\325\373k\003\003\321\027h\225:$2,8F\\"
 340      D5FB6B03 
 340      03D11768 
 340      953A2432 
 340      2C38465C 
 341 0b3d 9ADF5F0C 		.ascii	"\232\337_\014&\215\364\202\215a\246\345\377\003\244"
 341      268DF482 
 341      8D61A6E5 
 341      FF03A4
 342 0b4c D1B40116 		.ascii	"\321\264\001\026\367\365\306\210h@\304\001+\002\361"
 342      F7F5C688 
 342      6840C401 
 342      2B02F1
 343 0b5b C72B02D5 		.ascii	"\307+\002\325k\326\255Y\021\350\034\260v\315\312\225"
 343      6BD6AD59 
 343      11E81CB0 
 343      76CDCA95 
ARM GAS  /tmp/ccPYlt57.s 			page 27


 344 0b6b 2B029D02 		.ascii	"+\002\235\002>\017Z\2632P\375i\300\212\225\201\204\315"
 344      3E0F5AB3 
 344      3250FD69 
 344      C08A9581 
 344      84CD
 345 0b7d 2A9D3CCB 		.ascii	"*\235<\313`\322\262\325F\204\032LN\321\353\327\003\276"
 345      60D2B2D5 
 345      46841A4C 
 345      4ED1EBD7 
 345      03BE
 346 0b8f 8E9031AC 		.ascii	"\216\2201\254\0176\232\226\033L>/r\233\344\261E\263"
 346      0F369A96 
 346      1B4C3E2F 
 346      729BE4B1 
 346      45B3
 347 0ba1 3196B4A4 		.ascii	"1\226\264\244\230\206s\352\217\003\336\2175\252B\302"
 347      988673EA 
 347      8F03DE8F 
 347      35AA42C2 
 348 0bb1 83633411 		.ascii	"\203c4\021\321\033\242C\303\000\036\206\002\303\202"
 348      D11BA243 
 348      C3001E86 
 348      02C382
 349 0bc0 436160E1 		.ascii	"Ca`\341K\263\202s\205\307\0271\021\2460Pw\203\367\265"
 349      4BB38273 
 349      85C71731 
 349      11A63050 
 349      7783F7B5 
 350 0bd4 612678FB 		.ascii	"a&x\373\024,\271\204\204\257\335d\\\025\034i\232oo&"
 350      142CB984 
 350      84AFDD64 
 350      5C151C69 
 350      9A6F6F26 
 351 0be8 C664E512 		.ascii	"\306d\345\022\022\0164^\221\202d\200\305~\035\023\035"
 351      120E345E 
 351      91826480 
 351      C57E1D13 
 351      1D
 352 0bf9 BB915071 		.ascii	"\273\221Pq\225\211pn\006\303\372\330\250\020\203a\311"
 352      9589706E 
 352      06C3FAD8 
 352      A8108361 
 352      C9
 353 0c0a F2A56F2F 		.ascii	"\362\245o/\323H-\235\002\335Vg\271\273\015\031\345\240"
 353      D3482D9D 
 353      02DD5667 
 353      B9BB0D19 
 353      E5A0
 354 0c1c DFD265FF 		.ascii	"\337\322e\377\001\335\261\011\026"
 354      01DDB109 
 354      16
 355              		.text
 356              		.section	.gnu.lto_.symtab.94758b43b311d7bf,"",%progbits
 357 0000 70616C52 		.ascii	"palReadBus\000"
 357      65616442 
 357      757300
 358 000b 00       		.ascii	"\000"
ARM GAS  /tmp/ccPYlt57.s 			page 28


 359 000c 00       		.ascii	"\000"
 360 000d 00       		.ascii	"\000"
 361 000e 00000000 		.ascii	"\000\000\000\000\000\000\000\000"
 361      00000000 
 362 0016 32010000 		.ascii	"2\001\000\000"
 363 001a 70616C57 		.ascii	"palWriteBus\000"
 363      72697465 
 363      42757300 
 364 0026 00       		.ascii	"\000"
 365 0027 00       		.ascii	"\000"
 366 0028 00       		.ascii	"\000"
 367 0029 00000000 		.ascii	"\000\000\000\000\000\000\000\000"
 367      00000000 
 368 0031 37010000 		.ascii	"7\001\000\000"
 369 0035 70616C53 		.ascii	"palSetBusMode\000"
 369      65744275 
 369      734D6F64 
 369      6500
 370 0043 00       		.ascii	"\000"
 371 0044 00       		.ascii	"\000"
 372 0045 00       		.ascii	"\000"
 373 0046 00000000 		.ascii	"\000\000\000\000\000\000\000\000"
 373      00000000 
 374 004e 3C010000 		.ascii	"<\001\000\000"
 375 0052 63685379 		.ascii	"chSysHalt\000"
 375      7348616C 
 375      7400
 376 005c 00       		.ascii	"\000"
 377 005d 02       		.ascii	"\002"
 378 005e 00       		.ascii	"\000"
 379 005f 00000000 		.ascii	"\000\000\000\000\000\000\000\000"
 379      00000000 
 380 0067 41010000 		.ascii	"A\001\000\000"
 381 006b 5F70616C 		.ascii	"_pal_lld_setgroupmode\000"
 381      5F6C6C64 
 381      5F736574 
 381      67726F75 
 381      706D6F64 
 382 0081 00       		.ascii	"\000"
 383 0082 02       		.ascii	"\002"
 384 0083 00       		.ascii	"\000"
 385 0084 00000000 		.ascii	"\000\000\000\000\000\000\000\000"
 385      00000000 
 386 008c 47010000 		.ascii	"G\001\000\000"
 387              		.text
 388              		.section	.gnu.lto_.opts,"",%progbits
 389 0000 272D666D 		.ascii	"'-fmath-errno' '-fsigned-zeros' '-ftrapping-math' '"
 389      6174682D 
 389      6572726E 
 389      6F272027 
 389      2D667369 
 390 0033 2D666E6F 		.ascii	"-fno-trapv' '-fno-openmp' '-fno-openacc' '-mcpu=cor"
 390      2D747261 
 390      70762720 
 390      272D666E 
 390      6F2D6F70 
 391 0066 7465782D 		.ascii	"tex-m4' '-mno-thumb-interwork' '-mthumb' '-O2' '-fo"
ARM GAS  /tmp/ccPYlt57.s 			page 29


 391      6D342720 
 391      272D6D6E 
 391      6F2D7468 
 391      756D622D 
 392 0099 6D69742D 		.ascii	"mit-frame-pointer' '-falign-functions=16' '-ffuncti"
 392      6672616D 
 392      652D706F 
 392      696E7465 
 392      72272027 
 393 00cc 6F6E2D73 		.ascii	"on-sections' '-fdata-sections' '-fno-common' '-flto"
 393      65637469 
 393      6F6E7327 
 393      20272D66 
 393      64617461 
 394 00ff 2700     		.ascii	"'\000"
 395              		.text
 396              		.comm	__gnu_lto_v1,1,1
 397              		.comm	__gnu_lto_slim,1,1
 398              		.ident	"GCC: (GNU Tools for Arm Embedded Processors 7-2018-q3-update) 7.3.1 20180622 (release) [AR
ARM GAS  /tmp/ccPYlt57.s 			page 30


DEFINED SYMBOLS
                            *ABS*:0000000000000000 hal_pal.c
                            *COM*:0000000000000001 __gnu_lto_v1
                            *COM*:0000000000000001 __gnu_lto_slim

NO UNDEFINED SYMBOLS
