ARM GAS  /tmp/ccWRL6Rb.s 			page 1


   1              		.cpu cortex-m4
   2              		.eabi_attribute 20, 1
   3              		.eabi_attribute 21, 1
   4              		.eabi_attribute 23, 3
   5              		.eabi_attribute 24, 1
   6              		.eabi_attribute 25, 1
   7              		.eabi_attribute 26, 1
   8              		.eabi_attribute 30, 2
   9              		.eabi_attribute 34, 1
  10              		.eabi_attribute 18, 4
  11              		.file	"hal_st_lld.c"
  12              		.section	.gnu.lto_.profile.cba721d9da40bf6f,"",%progbits
  13 0000 789C6363 		.ascii	"x\234cc```\001bF\206*u\000\001\223\000\255"
  13      60606001 
  13      6246862A 
  13      75000193 
  13      00AD
  14              		.text
  15              		.section	.gnu.lto_.icf.cba721d9da40bf6f,"",%progbits
  16 0000 789C6363 		.ascii	"x\234cc``\020a@\000f\206\243\317\2167\2602Nx\370\375"
  16      60601061 
  16      40006686 
  16      A3CF8E37 
  16      B0324E78 
  17 0016 352FD3A2 		.ascii	"5/\323\242\305\015sy\031\000b\321\010\347"
  17      C50D7379 
  17      190062D1 
  17      08E7
  18              		.text
  19              		.section	.gnu.lto_.jmpfuncs.cba721d9da40bf6f,"",%progbits
  20 0000 789C6363 		.ascii	"x\234cc``8\300\200\000L`\202q\0123c\363\257\375\237"
  20      606038C0 
  20      80004C60 
  20      82710A33 
  20      63F3AFFD 
  21 0015 F9EAFF36 		.ascii	"\371\352\3776H\314afX\300\014\024e\334\314X\317\300"
  21      48CC6166 
  21      58C00C14 
  21      65DCCC58 
  21      CFC0
  22 0027 78808591 		.ascii	"x\200\205\221\001\210\377\374\377\377\237\237\221\011"
  22      0188FFFC 
  22      FFFF9F9F 
  22      9109
  23 0035 A86E5AEB 		.ascii	"\250nZ\353\241\363\354\335\314@U\214\014\214[\030e@"
  23      A1F3ECDD 
  23      CC40558C 
  23      0C8C5B18 
  23      6540
  24 0047 98018F29 		.ascii	"\230\001\217)[1M\201i\003Z\316\002\322\364\364\344\344"
  24      5B314D81 
  24      69035ACE 
  24      02D2F4F4 
  24      E4E4
  25 0059 361E9091 		.ascii	"6\036\220\221\214@\361m@\343@\352e@z\030@\322]\277\256"
  25      8C40F16D 
  25      40E340EA 
ARM GAS  /tmp/ccWRL6Rb.s 			page 2


  25      65407A18 
  25      40D25DBF 
  26 006e F77140A4 		.ascii	"\367q@\2449\030\267C\2459\300\322\014\000\265\3562\335"
  26      3918B743 
  26      A539C0D2 
  26      0C00B5EE 
  26      32DD
  27              		.text
  28              		.section	.gnu.lto_.inline.cba721d9da40bf6f,"",%progbits
  29 0000 789C6363 		.ascii	"x\234cc``\210f@\000&\006\006\221c\014\214\014L|W\374"
  29      60608866 
  29      40002606 
  29      0691630C 
  29      8C0C4C7C 
  30 0016 19D816C8 		.ascii	"\031\330\026\3103\201\004\031\271@2\334@\006\204\211"
  30      33810419 
  30      B94032DC 
  30      40068489 
  31 0026 8D804833 		.ascii	"\215\200H31\210\313\003I\245\013\235Lp\335\314<`c\031"
  31      3188CB03 
  31      49A50B9D 
  31      4C70DDCC 
  31      3C606319 
  32 003a 00513D06 		.ascii	"\000Q=\006'"
  32      27
  33              		.text
  34              		.section	.gnu.lto_.pureconst.cba721d9da40bf6f,"",%progbits
  35 0000 789C6363 		.ascii	"x\234cc```\003b&\206]\214LR\000\003\263\000\346"
  35      60606003 
  35      6226865D 
  35      8C4C5200 
  35      03B300E6 
  36              		.text
  37              		.section	.gnu.lto_VectorB0.cba721d9da40bf6f,"",%progbits
  38 0000 789C9554 		.ascii	"x\234\225T]L[e\030\376\336\363\235\376@\313\217\273"
  38      5D4C5B65 
  38      18FEDEF3 
  38      9DFE40CB 
  38      8FBB
  39 0012 306621B1 		.ascii	"0f!\261D\271 \022\216\340\222\355\312h\360\206dM\314"
  39      44B92012 
  39      8EE092ED 
  39      CA68F086 
  39      644DCC
  40 0025 D83DD93A 		.ascii	"\330=\331:\034M\350\272\264\270lW\034\240\010\215\020"
  40      1C4DE8BA 
  40      B4B86C57 
  40      1CA0088D 
  40      10
  41 0036 BDD80AB2 		.ascii	"\275\330\012\262b\253N\307\022\331&\240\023\266A\005"
  41      62AB4EC7 
  41      12D926A0 
  41      13B64105 
  42 0046 D1FD3806 		.ascii	"\321\3758\006l\003\035*\014\204\301\304e\223%\3106\301"
  42      6C031D2A 
  42      0C84C1C4 
  42      659325C8 
ARM GAS  /tmp/ccWRL6Rb.s 			page 3


  42      36C1
  43 0058 F7FD7A5A 		.ascii	"\367\375zZ\351\217[<IO\317\371\336\347\375y\236\357"
  43      E98F5B3C 
  43      494FCFF9 
  43      DEE7FD79 
  43      9EEF
  44 006a 7B8E9E31 		.ascii	"{\216\2361\266\256g\354Y`l\013>\203\216\201\364\376"
  44      B6AE67EC 
  44      59606C0B 
  44      3E838E81 
  44      F4FE
  45 007c 3063D546 		.ascii	"0c\325FI\342#YLM\225C\005L5s\220\303\3132\000=\250F"
  45      49E22359 
  45      4C4D9543 
  45      054C3573 
  45      90C3CB32 
  46 0094 60551297 		.ascii	"`U\022\227\241\012\032\371a\016\003\365\363=R\356q\025"
  46      A10A1AF9 
  46      610E03F5 
  46      F33D52EE 
  46      7115
  47 00a6 AF50F3C3 		.ascii	"\257P\363\303\214j\265\3569?g\314\207?\272\240\013r"
  47      8C6AB5EE 
  47      393F67CC 
  47      873FBAA0 
  47      0B72
  48 00b8 19C266BE 		.ascii	"\031\302f\276X;\222\246\227\203\221\020t\203^\212\256"
  48      583B92A6 
  48      97839110 
  48      74835E8A 
  48      AE
  49 00c9 7B44FADA 		.ascii	"{D\372\332\205T\261\356\343\300\342B\023\307_j\3213"
  49      8554B1EE 
  49      E3C0E242 
  49      13C75F6A 
  49      D133
  50 00db F89282D2 		.ascii	"\370\222\202\322\206z\014\276\002=\234\001}|\302\362"
  50      867A0CBE 
  50      023D9C01 
  50      7D7CC2F2 
  51 00eb D13C3BA3 		.ascii	"\321<;\243\200\217\363\370\330\265\366\274\000g\360"
  51      808FF3F8 
  51      D8B5F6BC 
  51      0067F0
  52 00fa 3505650A 		.ascii	"5\005e\012\216zN\373\371\273\334\317\001d|\275\177\245"
  52      8E7A4EFB 
  52      F9BBDCCF 
  52      01647CBD 
  52      7FA5
  53 010c 75369D5E 		.ascii	"u6\235^%\260\340\353\247\227\306\372M\274\033\304P'"
  53      25B0E0EB 
  53      A797C6FA 
  53      4DBC1BC4 
  53      5027
  54 011e 4E7ED462 		.ascii	"N~\324b\316\371DUk\324\320x+\377\274[U\275\257\3719"
  54      CEF94455 
  54      6BD4D078 
ARM GAS  /tmp/ccWRL6Rb.s 			page 4


  54      2BFFBC5B 
  54      55BDAFF9 
  55 0133 8773C091 		.ascii	"\207s\300\221\030\234\205,\350\205,\301=\256\355\370"
  55      189C852C 
  55      E8852CC1 
  55      3DAEEDF8 
  56 0143 51849D87 		.ascii	"Q\204\235\207\034\006=\324Y\027C\243\017i\364#\015\272"
  56      1C063DD4 
  56      591743A3 
  56      0F69F423 
  56      0DBA
  57 0155 C5E53577 		.ascii	"\305\3455wn\322i\272$\320\234\250/$]B\0244\304\024\374"
  57      6ED269BA 
  57      24D09CA8 
  57      2F245D42 
  57      1434C414 
  58 016a 060B0E24 		.ascii	"\006\013\016$\323\345\305\012F\001\0377&\352\262\255"
  58      D3E5C50A 
  58      46011F37 
  58      26EAB2AD 
  59 017a 1D290C52 		.ascii	"\035)\014R0%\201l\333\377\"{\267\015aCD\366\333D\262"
  59      3025816C 
  59      DBFF227B 
  59      B70D6143 
  59      44F6DB44 
  60 018f DFE16CDF 		.ascii	"\337\341l\337\023Y\274\341\371\003<\025\247\306t!um"
  60      1359BCE1 
  60      F9033C15 
  60      A7C67421 
  60      756D
  61 01a1 BD1EE96E 		.ascii	"\275\036\351n\356\177\274\320\226\233\011\314\317e\211"
  61      EE7FBCD0 
  61      969B09CC 
  61      CF6589
  62 01b0 6E8C35E0 		.ascii	"n\2145\340\221\301\303\247\206\230\027\267\037\237j"
  62      91C1C3A7 
  62      869817B7 
  62      1F9F6A
  63 01bf 436C093C 		.ascii	"Cl\011<\301\365\000'a\250xO\317\322\244\241\352o\325"
  63      C1F50027 
  63      61A8784F 
  63      CFD2A4A1 
  63      EA6FD5
  64 01d2 E8E73A1F 		.ascii	"\350\347:\037O\305\252\027\240\212\002\276\272\201\253"
  64      4FC5AA17 
  64      A08A02BE 
  64      BA81AB
  65 01e1 06DA4DBD 		.ascii	"\006\332M\275\330\300\332\207\375\313\351\210\303S\252"
  65      D8C0DA87 
  65      FDCBE988 
  65      C353AA
  66 01f0 A7D3486B 		.ascii	"\247\323Hk\253\243\1774\230\202\360au\246\237\033\340"
  66      ABA37F34 
  66      9882F061 
  66      75A69F1B 
  66      E0
  67 0201 121EED8B 		.ascii	"\022\036\355\213\304\212\320\307\272\352\000\321-\252"
ARM GAS  /tmp/ccWRL6Rb.s 			page 5


  67      C48AD0C7 
  67      BAEA00D1 
  67      2DAA
  68 020f 6AA10A97 		.ascii	"j\241\012\227!\010\242#\374\000U~\224p\011j-IFH\361"
  68      2108A223 
  68      FC00557E 
  68      9470096A 
  68      2D494648 
  69 0224 71138E70 		.ascii	"q\023\216p\005G\360\3430w`\240w\261\321k\"d+\207\215"
  69      0547F0E3 
  69      307760A0 
  69      77B1D16B 
  69      22642B87 
  70 0239 5399C454 		.ascii	"S\231\304T\303\035+\367R\303\257$\037\235\302`\333\355"
  70      C31D2BF7 
  70      52C3AF24 
  70      1F9DC260 
  70      DBED
  71 024b 149A4915 		.ascii	"\024\232I\025\255\315p\025\305\036\326\306\252\237\277"
  71      ADCD7015 
  71      C51ED6C6 
  71      AA9FBF
  72 025a 3C92AE74 		.ascii	"<\222\256t\250\236j\212\245\301\010\216uD8\016FA\301"
  72      A89E6A8A 
  72      A5C1088E 
  72      7544380E 
  72      4641C1
  73 026d 76B58FDF 		.ascii	"v\265\217\337\371\300\020\356&\205\033\016\255\257\204"
  73      F9C010EE 
  73      26851B0E 
  73      ADAF84
  74 027c 32A8830C 		.ascii	"2\250\203\014\022\214a\2359\360L\016n\3210\0108\265"
  74      128C619D 
  74      39F04C0E 
  74      6ED13008 
  74      38B5
  75 028e D4B39A16 		.ascii	"\324\263\232\026\0060\270\246\355\252\027\3353\222\205"
  75      0630B8A6 
  75      EDAA17DD 
  75      339285
  76 029d 6A238307 		.ascii	"j#\203\007\013M\027\005\203\330\341\202\237\321N=y\276"
  76      0B4D1705 
  76      83D8E182 
  76      9FD14E3D 
  76      79BE
  77 02af EBFFCE77 		.ascii	"\353\377\316w\003\224\215\364\323\260\3318f\315\203"
  77      03948DF4 
  77      D3B0D938 
  77      66CD83
  78 02be C4C81C94 		.ascii	"\304\310\034\224\274\250\236\227)\306\301\002\023\030"
  78      BCA89E97 
  78      29C6C102 
  78      1318
  79 02cc FB1D6A66 		.ascii	"\373\035jf\226\233\273\247\200\314\201x\366\210\010"
  79      969BBBA7 
  79      80CC8178 
  79      F68808
ARM GAS  /tmp/ccWRL6Rb.s 			page 6


  80 02db 7D1CE8FC 		.ascii	"}\034\350\374+5\273Q\012\250-\330#\235\332v\314\236"
  80      2B35BB51 
  80      0AA82DD8 
  80      239DDA76 
  80      CC9E
  81 02ed 558D7866 		.ascii	"U\215xf\030\374\010\331b\220{K\327'%\\\201\237@\026"
  81      18FC08D9 
  81      62907B4B 
  81      D727255C 
  81      819F4016 
  82 0301 B518DC14 		.ascii	"\265\030\334\024\036o\357\033\2343g\277\247eg\020\366"
  82      1E6FEF1B 
  82      9C3367BF 
  82      A7656710 
  82      F6
  83 0312 CF939D37 		.ascii	"\317\223\2357L\"{\222\262\341g\220q\254\232\351\023"
  83      4C227B92 
  83      B2E16790 
  83      71AC9AE9 
  83      13
  84 0323 871FBC25 		.ascii	"\207\037\274%fc\264\333\323\253M\275\233#_\234\330\035"
  84      6663B4DB 
  84      D3AB4DBD 
  84      9B235F9C 
  84      D81D
  85 0335 37D3C788 		.ascii	"7\323\307\210\301/\332\246\023x\261\353L\202\235OG\355"
  85      C12FDAA6 
  85      1378B1EB 
  85      4C829D4F 
  85      47ED
  86 0347 9C16E38A 		.ascii	"\234\026\343\212_\221\334\024\025\230JV<\235\342\014"
  86      5F91DC14 
  86      15984A56 
  86      3C9DE20C 
  87 0357 A637147F 		.ascii	"\2467\024\177\324\264v\023\"&\217Eg\220\377\031\334"
  87      D4B47613 
  87      22268F45 
  87      6790FF19 
  87      DC
  88 0368 D2D042DD 		.ascii	"\322\320B\335!\241nTy\374\310\302\214\246\356\375\346"
  88      21A16E54 
  88      79FCC8C2 
  88      8CA6EEFD 
  88      E6
  89 0379 EEE7C366 		.ascii	"\356\347\303f\324\304]\013\334\3523Et\233\021\272\315"
  89      D4C45D0B 
  89      DCEA3345 
  89      749B11BA 
  89      CD
  90 038a 0ADDE245 		.ascii	"\012\335\342E\372-*R\357^\321\"|j\344\250Ik\247\275"
  90      FA2D2A52 
  90      EF5ED122 
  90      7C6AE4A8 
  90      496BA7BD 
  91 039e FE94E40E 		.ascii	"\376\224\344\016\311\304\374\271(\037O2\037\241\225"
  91      C9C4FCB9 
  91      281F4F32 
ARM GAS  /tmp/ccWRL6Rb.s 			page 7


  91      1FA195
  92 03ad 9F41D47C 		.ascii	"\237A\324|\330\312O\367\356\355'xw!\352\335\305\247"
  92      D8CA4FF7 
  92      EEED2778 
  92      7721EADD 
  92      C5A7
  93 03bf 797713F6 		.ascii	"yw\023\366\274\243Mv\027j\202+\307\302\231t5\240pH\016"
  93      BCA34D76 
  93      176A822B 
  93      C7C29974 
  93      35A07048 
  94 03d4 25D89AAF 		.ascii	"%\330\232\257\330\312\355\273\355Nw\301\266B\305\351"
  94      D8CAEDBB 
  94      ED4E77C1 
  94      B642C5E9 
  95 03e4 56CA7755 		.ascii	"V\312wU(\373\235\256J\267R\262\323\372J\241\262}\373"
  95      28FB9DAE 
  95      4AB752B2 
  95      D3FA4AA1 
  95      B27DFB
  96 03f7 1BCACE62 		.ascii	"\033\312\316b\353\201\002\212\224\272+K+*\366\344\333"
  96      EB81028A 
  96      94BA2B4B 
  96      2B2AF6E4 
  96      DB
  97 0408 D80BC9F2 		.ascii	"\330\013\311\362\234n\274\271*\305\177~y\"\006C\366"
  97      9C6EBCB9 
  97      2AC57F7E 
  97      79220643 
  97      F6
  98 0419 7DB68AB7 		.ascii	"}\266\212\267\367\224a\300}\310\215\230\202x\214\315"
  98      F79461C0 
  98      7DC88D98 
  98      82788CCD 
  99 0429 E97038F7 		.ascii	"\351p8\367i#\274\276\303Zd=\210\010\233\323UVz`\253"
  99      6923BCBE 
  99      C35A643D 
  99      88089BD3 
  99      55567A60 
 100 043e 03330CBB 		.ascii	"\0033\014\273w\271\313\336t\331_\375\217\314\262\203"
 100      77B9CBDE 
 100      74D95FFD 
 100      8FCCB283 
 101 044e 9594A714 		.ascii	"\225\224\247\024YK\212K\224\"LT\212#M\035n\273\273t"
 101      594B8A4B 
 101      94224C54 
 101      8A234D1D 
 101      6EBBBB74 
 102 0462 AFCD8665 		.ascii	"\257\315\206e2\255%;,Tj\277\313\236g\311y\231I.fp\224"
 102      32AD253B 
 102      2C546ABF 
 102      CB9E67C9 
 102      7999492E 
 103 0479 399CAE43 		.ascii	"9\234\256C\354\037z\003\250\313"
 103      EC1F7A03 
 103      A8CB
 104              		.text
ARM GAS  /tmp/ccWRL6Rb.s 			page 8


 105              		.section	.gnu.lto_st_lld_init.cba721d9da40bf6f,"",%progbits
 106 0000 789CA595 		.ascii	"x\234\245\225KL\023A\030\200\347\337\331\266\273\005"
 106      4B4C1341 
 106      1880E7DF 
 106      D9B6BB05 
 107 0010 31311E4C 		.ascii	"11\036L\354\301+\036\330\024\017\352\315\203\027\023"
 107      ECC12B1E 
 107      D8140FEA 
 107      CD831713 
 108 0020 38C19D28 		.ascii	"8\301\235(\036 !\301X\342\321.\257\026\220\030\022\005"
 108      1E2021C1 
 108      58E2D12E 
 108      AF169018 
 108      1205
 109 0032 1353CC26 		.ascii	"\023S\314&&\022\016\004A\020\313C\226\012\"\257\026"
 109      26120E04 
 109      4110CB43 
 109      960A22AF 
 109      16
 110 0043 11E551C4 		.ascii	"\021\345Q\304\204(\362\322\020C\242\321\000\376\377"
 110      8428F2D2 
 110      1043A2D1 
 110      00FEFF
 111 0052 6C69099E 		.ascii	"li\011\236Z'\331\351\354\314\354\367\375\377\354\316"
 111      5A27D9E9 
 111      ECCCECF7 
 111      FDFFECCE 
 112 0062 D4CE18BB 		.ascii	"\324\316\030\273dg\354\"\376\236\306\0138\003\251!\314"
 112      6467EC22 
 112      FE9EC60B 
 112      3803A921 
 112      CC
 113 0073 58B92201 		.ascii	"X\271\"\001PCW\200y%\360B=\277\317!\344_\015J\231-:"
 113      50435780 
 113      7925F042 
 113      3DBFCF21 
 113      E45F0D4A 
 114 008a 16F3C18F 		.ascii	"\026\363\301\217\023>\275\372T\2003\326\204\027\025"
 114      133EBDFA 
 114      548033D6 
 114      841715
 115 0099 7806990C 		.ascii	"x\006\231\014\247\255t\3545\036\263\313V?t\201\235\001"
 115      A7AD74EC 
 115      351EB3CB 
 115      563F7481 
 115      9D01
 116 00ab 36DA676C 		.ascii	"6\332gl\246\276\267\357\327\315\341\307\260\233w\022"
 116      A6BEB7EF 
 116      D7CDE1C7 
 116      B09B7712 
 117 00bb 58808344 		.ascii	"X\200\203D\025\247J\246J\245\312I\025c5\3704\206\240"
 117      15A74AA6 
 117      4AA5CA49 
 117      156335F8 
 117      3486A0
 118 00ce 9BAC964B 		.ascii	"\233\254\226K\324\2524\331\006\204z\327\007\213\211"
 118      D4AA34D9 
ARM GAS  /tmp/ccWRL6Rb.s 			page 9


 118      06847AD7 
 118      078B89
 119 00dd F99003AA 		.ascii	"\371\220\003\252\232\252C\021\307\035\036\340\022\220"
 119      9AAA4311 
 119      C71D1EE0 
 119      1290
 120 00eb B9AA7964 		.ascii	"\271\252ydU\265n\365\355\032]\306\256h\337\312\262\335"
 120      55B56EF5 
 120      ED1A5DC6 
 120      AE68DFCA 
 120      B2DD
 121 00fd 8047E518 		.ascii	"\200G\345\030\364\231\000\347\360\034\\\320\015.F\363"
 121      F49900E7 
 121      F01C5CD0 
 121      0D2E46F3 
 122 010d 373F8F0D 		.ascii	"7?\217\015dhmz\025\004\270\014=`@\243\310\005^\200\206"
 122      64686D7A 
 122      1504B80C 
 122      3D6040A3 
 122      C8055E80 
 123 0122 B2CA5F3E 		.ascii	"\262\312_>\260\\\222\245\353\032\036\365)\304\007,A"
 123      B05C92A5 
 123      EB1A1EF5 
 123      29C4072C 
 123      41
 124 0133 846040B3 		.ascii	"\204`@\263ubNr\252\336\204\252\0174\344\213\324TK\306"
 124      75624E72 
 124      AADE84AA 
 124      0F34E48B 
 124      D4544BC6 
 125 0147 9363F50B 		.ascii	"\223c\365\013\026-1\014\034\011[F\330\177\305\3712\301"
 125      162D310C 
 125      1C095B46 
 125      D87FC5F9 
 125      32C1
 126 0159 1EA43865 		.ascii	"\036\2448e\021g\353x,R\365\360+\260\211WPW9\324\251"
 126      1167EB78 
 126      2C52F5F0 
 126      2BB08957 
 126      505739D4 
 127 016e 58B7BAD9 		.ascii	"X\267\272\331\240g`\327\302\267\252\216\264\204\317"
 127      A06760D7 
 127      C2B7AA8E 
 127      B484CF
 128 017d 0E43E833 		.ascii	"\016C\3503c\276\336\255\326\036{\334\027\022>\211|\257"
 128      63BEDEAD 
 128      D61E7BDC 
 128      17123E89 
 128      7CAF
 129 018f 8EE4E244 		.ascii	"\216\344\342D\335\277\271$\301\036N\260G(\027'\221v"
 129      DDBFB924 
 129      C11E4EB0 
 129      47281727 
 129      9176
 130 01a1 D6A66A33 		.ascii	"\326\246j3b\254x&\016\221I\270\355\347\266\323\272\245"
 130      62AC7826 
 130      0E9149B8 
ARM GAS  /tmp/ccWRL6Rb.s 			page 10


 130      EDE7B6D3 
 130      BAA5
 131 01b3 2F9E3E26 		.ascii	"/\236>&\243\371\253\032\223\031\267\3613U`\024u\257"
 131      A3F9AB1A 
 131      9319B7F1 
 131      33556014 
 131      75AF
 132 01c5 633AFFEA 		.ascii	"c:\377\352\304\264X\272r\012E\2067B(6\301\030h8a#\274"
 132      C4B458BA 
 132      720A4586 
 132      37422836 
 132      C1186838 
 133 01dc DE2CD646 		.ascii	"\336,\326F\206\310\020\203q+\231\235\265p<\204\344\004"
 133      86C81083 
 133      712B999D 
 133      B5703C84 
 133      E404
 134 01ee 13422093 		.ascii	"\023B \223`R\0106\373\237\316\333,\301>\226\3430u\240"
 134      60520836 
 134      FB9FCEDB 
 134      2CC13E96 
 134      E33075A0 
 135 0202 88A4A808 		.ascii	"\210\244\250\010\013\205\215\024\021\241\210/\222\014"
 135      0B858D14 
 135      11A1882F 
 135      920C
 136 0210 0CA60FF0 		.ascii	"\014\246\017\360\363)\341Ux+\360x\004\321\240Y_\321"
 136      F329E155 
 136      782BF078 
 136      04D1A059 
 136      5FD1
 137 0222 EA70B7D3 		.ascii	"\352p\267\323\240\321)^\331\014hp\326%\266\311;p't\013"
 137      A0D1295E 
 137      D90C6870 
 137      D625B6C9 
 137      3B702774 
 138 0237 2966332B 		.ascii	")f3+t\016\342\275Gt\234\267\230\"\357\203\340)\304\233"
 138      740EE2BD 
 138      47749CB7 
 138      9822EF83 
 138      E029C49B 
 139 024b 3BCC8BA6 		.ascii	";\314\213\246\310\233\027<\225x\013b\265\273\375\223"
 139      C89B173C 
 139      95780B62 
 139      B5BBFD93 
 140 025b 1D4E6BB5 		.ascii	"\035Nk\265\001\026\017\360K)\342\243\002\357$\374\022"
 140      01160FF0 
 140      4B29E2A3 
 140      02EF24FC 
 140      12
 141 026c 864BBC2D 		.ascii	"\206K\274-\2506\366\237pqJ\343\023\301\340V\324\341"
 141      A836F69F 
 141      70714AE3 
 141      13C1E056 
 141      D4E1
 142 027e DDD59500 		.ascii	"\335\325\225\000w6\321\276\207\217\340\245\201/c\367"
 142      7736D1BE 
ARM GAS  /tmp/ccWRL6Rb.s 			page 11


 142      878FE0A5 
 142      812F63F7 
 143 028e 7CE91448 		.ascii	"|\351\024H\032\362\227\301E;\375\367\334]\305\352R\340"
 143      1AF297C1 
 143      453BFDF7 
 143      DC5DC5EA 
 143      52E0
 144 02a0 13B8023C 		.ascii	"\023\270\002<\235}\207\012\343O\213\330\234\342/\241"
 144      9D7D870A 
 144      E34F8BD8 
 144      9CE22FA1 
 145 02b0 06197874 		.ascii	"\006\031xt\343\246;\237\245\025\026\025_+.\365\270/"
 145      E3A63B9F 
 145      A5151615 
 145      5F2B2EF5 
 145      B82F
 146 02c2 646BA51E 		.ascii	"dk\245\036\255\350j\211v\243\364f\231G\313\313\317="
 146      ADE86A89 
 146      76A3F466 
 146      9947CBCB 
 146      CF3D
 147 02d4 97ADE5E4 		.ascii	"\227\255\345\344\\\326\362\257\344\336r\323H\201\247"
 147      5CD6F2AF 
 147      E4DE72D3 
 147      4881A7
 148 02e3 ACA0A4E4 		.ascii	"\254\240\244\344zV!\373\013\214\272\031/"
 148      7A5621FB 
 148      0B8CBA19 
 148      2F
 149              		.text
 150              		.section	.gnu.lto_.symbol_nodes.cba721d9da40bf6f,"",%progbits
 151 0000 789C55C9 		.ascii	"x\234U\311\273\015\0021\020\204\341\361\354\371^$t\200"
 151      BB0D0231 
 151      1084E1F1 
 151      ECF95E24 
 151      7480
 152 0012 442550D9 		.ascii	"D%P\331:8\201DD\021\327\004\307\033\034S\003\001!\022"
 152      3A388144 
 152      4411D704 
 152      C71B1C53 
 152      03012112 
 153 0026 1D207C8E 		.ascii	"\035 |\216\330d~\351\233\022\300\324\245\341\216\012"
 153      D8647EE9 
 153      9B12C0D4 
 153      A5E18E0A 
 154 0036 6C1F40CA 		.ascii	"l\037@\312\020\226\200?\020a\016\010\007\2523\227\273"
 154      1096803F 
 154      10610E08 
 154      07AA3397 
 154      BB
 155 0047 50990508 		.ascii	"P\231\005\010a\221\340L\025\003'ja\340N\365\006n\324"
 155      6191E04C 
 155      1503276A 
 155      61E04EF5 
 155      066ED4
 156 005a D2C0955A 		.ascii	"\322\300\225Z\0318Rk\003{jc R\333\177\020\264\350\237"
 156      1938526B 
ARM GAS  /tmp/ccWRL6Rb.s 			page 12


 156      037B6A63 
 156      2052DB7F 
 156      10B4E89F 
 157 006e 5F276810 		.ascii	"_'h\020sk\304\325\307\013*\274rKt\353\261\036\335\346"
 157      736BC4D5 
 157      C70B2ABC 
 157      724B74EB 
 157      B11EDDE6 
 158 0082 3D1314E8 		.ascii	"=\023\024\350s\005q,'\271\370\001\035\211B\340"
 158      7305712C 
 158      27B9F801 
 158      1D8942E0 
 159              		.text
 160              		.section	.gnu.lto_.refs.cba721d9da40bf6f,"",%progbits
 161 0000 789C6363 		.ascii	"x\234cc``\340\004b&\006&FF&FA\006\000\001D\000*"
 161      6060E004 
 161      62260626 
 161      46462646 
 161      41060001 
 162              		.text
 163              		.section	.gnu.lto_.decls.cba721d9da40bf6f,"",%progbits
 164 0000 789CCD58 		.ascii	"x\234\315XkPTI\226\256\274Y@\361\324@c\302\330pc\355"
 164      6B505449 
 164      96AEBC59 
 164      40F1D440 
 164      63C2D870 
 165 0016 5E3B6463 		.ascii	"^;dcw,P\247\2737vv\266\265D!V\272\335\302\236\235\351"
 165      772C50A7 
 165      BB377676 
 165      B6B54421 
 165      56BADDC2 
 166 002d 3F358865 		.ascii	"?5\210eK,B/`\257\375g\346\" \340\253\301\007\"\362\222"
 166      4B2C422F 
 166      60AFFD67 
 166      E62220E0 
 166      ABC10722 
 167 0043 87806037 		.ascii	"\207\200`7\266\017\004TJP@\036\212\210(\012\012\010"
 167      B60F0454 
 167      4A50401E 
 167      8A88280A 
 167      0A08
 168 0055 BEF0C143 		.ascii	"\276\360\301C@AeOf\336[7\353R\364\354N\304F\354\015"
 168      4041654F 
 168      66DE5B37 
 168      EB52F4EC 
 168      4EC446EC 
 169 006a 0E794FE6 		.ascii	"\016yO\3469\337=y\316\311\314\223\345\250\321h\242\026"
 169      39DF3D79 
 169      CEC9CC93 
 169      E5A8D168 
 169      A216
 170 007c 68344D0E 		.ascii	"h4M\016\032M*\322h\246\340\301\320w\021H\220\332\006"
 170      1A4D2AD2 
 170      68A6E0C1 
 170      D0771148 
 170      90DA06
 171 008f 0D7B5C81 		.ascii	"\015{\\\201Z\201\332\200\332\201\356\002u\001\335\007"
ARM GAS  /tmp/ccWRL6Rb.s 			page 13


 171      5A81DA80 
 171      DA81EE02 
 171      7501DD07 
 172 009f EA017A00 		.ascii	"\352\001z\000\324\017\364\010\350\031\020\300i\0065"
 172      D40FF408 
 172      E81910C0 
 172      690635
 173 00ae B64F3E74 		.ascii	"\266O>t\316\206\366\017@\236@s%\374E@C\322\367,@w\200"
 173      CE86F60F 
 173      409E4073 
 173      25FC4540 
 173      43D2F72C 
 174 00c5 8681AE03 		.ascii	"\206\201\256\003\375\012t\226\001\215\303\373\307\320"
 174      FD0A7496 
 174      018DC3FB 
 174      C7D0
 175 00d3 FE1362D8 		.ascii	"\376\023b\330\037\300\2779\222M\377\014\357\377\002"
 175      1FC0BF39 
 175      924DFF0C 
 175      EFFF02
 176 00e2 B41CC800 		.ascii	"\264\034\310\000\344\017\364\257@\001@_\000\375\033"
 176      E40FF4AF 
 176      4001405F 
 176      00FD1B
 177 00f1 6276F54B 		.ascii	"bv\365Kv\006\"f\363}i\016w\2459\331\263\271\010:\335"
 177      76062266 
 177      F37D690E 
 177      77A539D9 
 177      B3B9083A 
 178 0106 259B899D 		.ascii	"%\233\211\235\351\300\247I\366\220\261\002\244\330\350"
 178      E9C0A749 
 178      F690B102 
 178      A4D8E8
 179 0115 00740CB1 		.ascii	"\000t\014\2619\015H>;\000|\022P.\220\017\320|\240\277"
 179      390D483E 
 179      3B007C12 
 179      502E900F 
 179      D07CA0BF 
 180 0129 06FA1BA0 		.ascii	"\006\372\033\240\005@\013\201\364@\213\020\363y\233"
 180      05400B81 
 180      F4408B10 
 180      F3799B
 181 0138 E43FF5B3 		.ascii	"\344?\365\263\037\243\353\261\245\351x'F\236.H\013\354"
 181      1FA3EBB1 
 181      A5E97827 
 181      469E2E48 
 181      0BEC
 182 014a 5073DA03 		.ascii	"Ps\332\003\017`\347\272\240\005\300\246U\276jp`\243"
 182      0F60E7BA 
 182      A005C0A6 
 182      55BE6A70 
 182      60A3
 183 015c 3A601B5F 		.ascii	":`\033_'\257qI\020\341\311\216\021\235\375H\367)4\037"
 183      27AF7149 
 183      10E1C98E 
 183      119DFD48 
 183      F729341F 
ARM GAS  /tmp/ccWRL6Rb.s 			page 14


 184 0170 9D44F361 		.ascii	"\235D\363a\236g\220\013\374\327\317G\247\201\005\341"
 184      9E67900B 
 184      FCD7CF47 
 184      A78105E1 
 185 0180 E233F915 		.ascii	"\3423\371\025\210\351:\003\273\363\362\351Z\314\220"
 185      88E93A03 
 185      BBF3F2E9 
 185      5ACC90
 186 018f EBC9F0CD 		.ascii	"\353\311\360\315\327\347'\334\260\200\340][\022slP\213"
 186      D7E727DC 
 186      B080E05D 
 186      5B12736C 
 186      508B
 187 01a1 BCE62300 		.ascii	"\274\346#\000C.GE\366\3504\350<rA\345\010\313\366\246"
 187      432E4745 
 187      F6E834E8 
 187      3C7241E5 
 187      08CBF6A6 
 188 01b5 89F0F1C1 		.ascii	"\211\360\361\301?\221nx\327\321\026z\266\211b\256\210"
 188      3F916E78 
 188      D7D1167A 
 188      B68962AE 
 188      88
 189 01c6 E769D0D2 		.ascii	"\347i\320\322\371\310{\276\006U /:\244A\347\000\260"
 189      F9C87BBE 
 189      0655202F 
 189      3AA441E7 
 189      00B0
 190 01d8 929973FA 		.ascii	"\222\231s\372\371\361TG\317$\002\014\377>C\024\373,"
 190      F9F15447 
 190      CF24020C 
 190      FF3E4314 
 190      FB2C
 191 01ea 8C9751EB 		.ascii	"\214\227Q\353/ Oy\016D\372Dz\375\033g\027\011;\341\317"
 191      2F204F79 
 191      0E44FA44 
 191      7AFD1B67 
 191      17093BE1 
 192 01ff 618BDD15 		.ascii	"a\213\335\025%:\036\273\352\347\260S\367\3054\271\273"
 192      253A1EBB 
 192      EAE7B053 
 192      F7C534B9 
 192      BB
 193 0210 ED20D8CC 		.ascii	"\355 \330\314\215\026\344\311\371\361\"r#s%-\010w\325"
 193      8D16E4C9 
 193      F9F12272 
 193      2373252D 
 193      0877D5
 194 0223 171513B7 		.ascii	"\027\025\023\267-rAd%\315\202\256\037\237\225\277qg"
 194      2D724164 
 194      25CD82AE 
 194      1F9F95BF 
 194      7167
 195 0235 5D04EE78 		.ascii	"]\004\356x\316\3705\007\354D\337\243\217\035Lv[\\\""
 195      CEF83507 
 195      EC44DFA3 
 195      8F1D4C76 
ARM GAS  /tmp/ccWRL6Rb.s 			page 15


 195      5B5C22
 196 0248 3BF08F1A 		.ascii	";\360\217\032tI\362\036\014\266~?\234\347\204W\023A"
 196      7449F21E 
 196      0CB67E3F 
 196      9CE78457 
 196      1341
 197 025a E17EC764 		.ascii	"\341~\307d\247\007r\361J\260Z\241\261\232\200\352a\216"
 197      A70772F1 
 197      4AB05AA1 
 197      B19A80EA 
 197      618E
 198 026c 007E192D 		.ascii	"\000~\031-\326\240\032\350\254\206N\032\024\313\255"
 198      D6A01AE8 
 198      AC864E1A 
 198      14CBAD
 199 027b B4DF1C1A 		.ascii	"\264\337\034\032\026\305\005\250\016&X\2130\225\001"
 199      16C505A8 
 199      0E26588B 
 199      309501
 200 028a 5B174953 		.ascii	"[\027IS+\312K\316q\304\361\210~\243\362p\377ea\246o"
 200      2BCA4BCE 
 200      71C4F188 
 200      7EA3F270 
 200      FF6561A6 
 201 029f 34CEF88D 		.ascii	"4\316\370\215\272c\037\326\306\211\242\200\032\340\033"
 201      BA631FD6 
 201      C689A280 
 201      1AE01B
 202 02ae 57946FD4 		.ascii	"W\224o\324Q\377\221^\370P\305\305\363U\256\367Q\027"
 202      51FF915E 
 202      F850C5C5 
 202      F355AEF7 
 202      5117
 203 02c0 82F446B3 		.ascii	"\202\364F\263\351\014\021b\377\241%D\371)\371A\254\037"
 203      E90C1162 
 203      FFA12544 
 203      F929F941 
 203      AC1F
 204 02d2 7A05D648 		.ascii	"z\005\326H\242\204\221U\220\265G\2200\004\031\227\376"
 204      A2849155 
 204      90B54790 
 204      30041997 
 204      FE
 205 02e3 49008847 		.ascii	"I\000\210Ge\343\354s\362\303\026={\341\364X\227\240"
 205      65E3EC73 
 205      F2C3163D 
 205      7BE1F458 
 205      97A0
 206 02f5 7C8C5399 		.ascii	"|\214S\231f\253\306:l5J\231$\222\002\332\2747\343\206"
 206      66ABC63A 
 206      6C354A99 
 206      249202DA 
 206      BC37E386 
 207 0309 4B37BA07 		.ascii	"K7\272\007\243\277\207\015A\027Fs\340\371\313g\005\036"
 207      A3BF870D 
 207      41174673 
 207      E0F9CB67 
ARM GAS  /tmp/ccWRL6Rb.s 			page 16


 207      051E
 208 031b B882C600 		.ascii	"\270\202\306\000]\236\032\267\314b\213P )0\330\224\341"
 208      5D9E1AB7 
 208      CC628B50 
 208      202930D8 
 208      94E1
 209 032d CA16E16C 		.ascii	"\312\026\341l`KvM\355w\230\227B\3636F\234-\240?\374"
 209      604B764D 
 209      ED779897 
 209      42F33646 
 209      9C2DA03F 
 210 0342 02B54030 		.ascii	"\002\265@0\256\321D\274\216\346\301\3770-\373\330h\313"
 210      AED144BC 
 210      8EE6C1FF 
 210      302DFBD8 
 210      68CB
 211 0354 D97FFF30 		.ascii	"\331\177\3770[\314\356\026-\367\317.\253\252\336.\266"
 211      5BCCEE16 
 211      2DF7CF2E 
 211      ABAADE2E 
 211      B6
 212 0365 80DA6754 		.ascii	"\200\332gT\014]U\302t\225$\034jF\335\0105\241\373`Z"
 212      0C5D55C2 
 212      7495241C 
 212      6A46DD08 
 212      35A1FB60 
 213 037a 2BFA906C 		.ascii	"+\372\220l,\273^f\317\302\223\314\252\232g\257,N\022"
 213      2CBB5E66 
 213      CFC293CC 
 213      AA9A67AF 
 213      2C4E12
 214 038d D8D546B7 		.ascii	"\330\325F\2674\321\002\313\014\"N\240n(P7\324Pm\024"
 214      34D102CB 
 214      0C224EA0 
 214      6E285037 
 214      D4506D14 
 215 03a1 EAFEE048 		.ascii	"\352\376\340H\235+\216\247[\007j=W\375\300\035\240\272"
 215      9D2B8EA7 
 215      5B076A3D 
 215      57FDC01D 
 215      A0BA
 216 03b3 4976367A 		.ascii	"Iv6z\275+},&\2700\243n*H7\245U\200\332)BM\316\316>\204"
 216      BD2B7D2C 
 216      26B830A3 
 216      6E2A4837 
 216      A55580DA 
 217 03ce 9B1842CF 		.ascii	"\233\030B\317\353\251Kn\374r$\213WY\216\267\331r\004"
 217      EBA94B6E 
 217      FC72248B 
 217      57598EB7 
 217      D97204
 218 03e1 C16B8D07 		.ascii	"\301k\215\007Rfi\005\326G\374\002}S1\207\306f\366\340"
 218      52666905 
 218      D647FC02 
 218      7D533187 
 218      C666F6E0 
 219 03f5 1DEAC10E 		.ascii	"\035\352\301\016$\271\360\341\335\266\024A\262u\340"
ARM GAS  /tmp/ccWRL6Rb.s 			page 17


 219      24B9F0E1 
 219      DDB61441 
 219      B275E0
 220 0404 EEB2F3A7 		.ascii	"\356\262\363\247\304X\007\"\203n)\226\336\222-\275K"
 220      C4580722 
 220      836E2996 
 220      DE922DBD 
 220      4B
 221 0415 2D6DFFFE 		.ascii	"-m\377\376\371\220\003\216\301\324\322\221\221+\327"
 221      F990038E 
 221      C1D4D291 
 221      912BD7
 222 0424 1C24FD9A 		.ascii	"\034$\375\232\201\177(\246\372d\246\235\212~\247\254"
 222      817F28A6 
 222      FA64A69D 
 222      8A7EA7AC 
 223 0434 DF45F57B 		.ascii	"\337E\365{Fc:\234\360\005\246\177\253v\264A\326o\370"
 223      46633A9C 
 223      F005A67F 
 223      AB76B441 
 223      D66FF8
 224 0447 FB34B19A 		.ascii	"\3734\261\232y\374\236\242}O\326\276O\265\023\313jv"
 224      79FC9EA2 
 224      7D4FD6BE 
 224      4FB513CB 
 224      6A76
 225 0459 63DCC1B4 		.ascii	"c\334\301\264\033N\2174!I\373\301\273_7Z\277\336\255"
 225      1B4E8F34 
 225      2149FBC1 
 225      BB5F375A 
 225      BFDEAD
 226 046c E877CBFA 		.ascii	"\350w\313\372=T\277\353d\346\033G\234\244\245\372\315"
 226      3D54BFEB 
 226      64E61B47 
 226      9CA4A5FA 
 226      CD
 227 047d DB33FB5D 		.ascii	"\3333\373]\254\326/P\254\357U\364{e\375\007T?\267fl"
 227      ACD62F50 
 227      ACEF55F4 
 227      7B65FD07 
 227      543FB766 
 228 0492 D40D1731 		.ascii	"\324\015\0271\375\343\215\245I\362\367[\025\353\373"
 228      FDE38DA5 
 228      49F2F75B 
 228      15EBFB
 229 04a1 14ED3E59 		.ascii	"\024\355>Y\273\237j\367\227v^\026\360\005\246\335r8"
 229      BB9F6AF7 
 229      97765E16 
 229      F005A6DD 
 229      7238
 230 04b3 A67E96D5 		.ascii	"\246~\226\325\367\336\212\357\037*\372\017e\375GT\377"
 230      F7DE8AEF 
 230      1F2AFA0F 
 230      65FD4754 
 230      FF
 231 04c4 705B6FAE 		.ascii	"p[o\256\200\2571\375\272\302\323\027\021\015>\331\226"
 231      80AF31FD 
ARM GAS  /tmp/ccWRL6Rb.s 			page 18


 231      BAC2D317 
 231      110D3ED9 
 231      96
 232 04d5 58F01BC7 		.ascii	"X\360\033\307\013\252\264\326\276'\210v\016]\270\227"
 232      0BAAB4D6 
 232      BE278876 
 232      0E5DB897 
 233 04e5 22CC9811 		.ascii	"\"\314\230\021\0034#\236\312\031\221\367Sz\261\233\354"
 233      0334239E 
 233      CA1991F7 
 233      537AB19B 
 233      EC
 234 04f6 93749C59 		.ascii	"\223t\234Y\263\335\262\226\012\241\307\212Y\217e\263"
 234      B3DDB296 
 234      0AA1C78A 
 234      598F65B3 
 235 0506 9E51B32E 		.ascii	"\236Q\263.\245\364\364\010\037$9d\301\001\010'\007\201"
 235      A5F4F408 
 235      1F243964 
 235      C1010827 
 235      0781
 236 0518 89EF3B55 		.ascii	"\211\357;U\346\216\323\034\250\245G\232GR\\p!cN6\237"
 236      E68ED31C 
 236      A8A5479A 
 236      47525C70 
 236      21634E36 
 237 052d EAF7F828 		.ascii	"\352\367\370(Wl\261\220e\373\353\252\243bBR4\325C/\341"
 237      576CB190 
 237      65FBEBAA 
 237      A3624252 
 237      34D5432F 
 238 0542 0BB036B9 		.ascii	"\013\2606\271s\352\005\364<G\037h\320 \372\010t\267"
 238      73EA05F4 
 238      3C471F68 
 238      D020FA08 
 238      74B7
 239 0554 55B7A4EA 		.ascii	"U\267\244\352\370\205A\334\245,\214!\351\234\032\242"
 239      F88541DC 
 239      A52C8C21 
 239      E99C1AA2 
 240 0564 E754D6DB 		.ascii	"\347T\326\333\311C\036\274\360u\033\341aIx\230\012\227"
 240      C9431EBC 
 240      F0751BE1 
 240      61497898 
 240      0A97
 241 0576 F51CA872 		.ascii	"\365\034\250rf\273\322mbe\331\213\3422w\266-Y\010\177"
 241      66BBD26D 
 241      6265D98B 
 241      E23277B6 
 241      2D59087F 
 242 058a E3E19158 		.ascii	"\343\341\221X76\336B\367\213\366\272A->\301\246\224"
 242      3736DE42 
 242      F78BF6BA 
 242      412D3EC1 
 242      A694
 243 059c DA7AC297 		.ascii	"\332z\302\227\234\3141\377\2433\005\024\232\232&\233"
 243      9CCC31FF 
ARM GAS  /tmp/ccWRL6Rb.s 			page 19


 243      A3330514 
 243      9A9A269B 
 244 05ac 1D7019D3 		.ascii	"\035p\031\323\226\313\020O\251\014\331_QS\351\212+\330"
 244      96CB104F 
 244      A90CD95F 
 244      5153E98A 
 244      2BD8
 245 05be E0831DBD 		.ascii	"\340\203\035\2755\216\270\2121\262Q\236\222QYwG\033"
 245      358EB88A 
 245      31B2519E 
 245      92515977 
 245      471B
 246 05d0 10AE6183 		.ascii	"\020\256a\203\225e\347j\245\302\310\233\333W=\331\276"
 246      9565E76A 
 246      A5C2C89B 
 246      DB573DD9 
 246      BE
 247 05e1 7AE6E195 		.ascii	"z\346\341\225Z\0276\037\021\001\177\276\265\3633\\\317"
 247      5A17361F 
 247      11017FBE 
 247      B5F3335C 
 247      CF
 248 05f2 34AB874B 		.ascii	"4\253\207K\013\244\271a`\273\223j\246f\315XS\305\010"
 248      0BA4B961 
 248      60BB936A 
 248      A666CD58 
 248      53C508
 249 0605 524DB54D 		.ascii	"RM\265M\240S\031M*]\245\324\031Z\232w\2420\037MQ\351"
 249      A053194D 
 249      2A5DA5D4 
 249      195A9A77 
 249      A2301F4D 
 250 061b 58C153D6 		.ascii	"X\301S\326\241\305@O\376=\017^z\374\347\244\177\310"
 250      A1C5404F 
 250      FE3D0F5E 
 250      7AFCE7A4 
 250      7FC8
 251 062d CD3FE882 		.ascii	"\315?\350\202\233\230\221\207G\272\236H\001\362\002"
 251      9B989187 
 251      47BA9E48 
 251      01F202
 252 063c F6E85865 		.ascii	"\366\350Xe\214\016\267\260\261}\0272\232\235p\033c\344"
 252      8C0EB7B0 
 252      B17D1732 
 252      9A9D701B 
 252      63E4
 253 064e 7AD193D5 		.ascii	"z\321\223\325\213\333n\255\300\267\331HU\362\336.\204"
 253      8BDB6EAD 
 253      C0B7D948 
 253      55F2DE2E 
 253      84
 254 065f 3B19F322 		.ascii	";\031\363\"\266\277[\362\317<`\0174\016,\302=l\350}"
 254      B6BF5BF2 
 254      CF3C600F 
 254      340E2CC2 
 254      3D6CE87D 
 255 0673 7DCD22FC 		.ascii	"}\315\"\374\210\275\327\236),@\3709c\206\323j\007\\"
ARM GAS  /tmp/ccWRL6Rb.s 			page 20


 255      88BDD79E 
 255      292C40F8 
 255      396386D3 
 255      6A075C
 256 0686 F01063B2 		.ascii	"\360\020c\262[\323\317\352\360+\306\034}\235r\324\015"
 256      5BD3CFEA 
 256      F02BC61C 
 256      7D9D72D4 
 256      0D
 257 0697 BF614C5B 		.ascii	"\277aL[\371\315\004W\374\2361\011'N\244\272\342m\216"
 257      F9CD0457 
 257      FC9E3109 
 257      274EA4BA 
 257      E26D8E
 258 06aa 94D956D9 		.ascii	"\224\331V\331\221,\235}\335\204\357\313\357\313v\226"
 258      912C9D7D 
 258      DD84EFCB 
 258      EFCB7696 
 259 06ba A2E208FC 		.ascii	"\242\342\010\374\216\326\246q\204\2673\341\344\301\341"
 259      8ED6A671 
 259      84B733E1 
 259      E4C1E1
 260 06c9 7D8E33C6 		.ascii	"}\2163\306\341\220\034\007o\032\206\262\323\271/u\352"
 260      E1901C07 
 260      6F1A86B2 
 260      D3B92F75 
 260      EA
 261 06da 38BC42AC 		.ascii	"8\274B\254\364\325\2404\352\331C\262g/]:\377\016\251"
 261      F4D5A034 
 261      EAD943B2 
 261      672F5D3A 
 261      FF0EA9
 262 06ed E33093F4 		.ascii	"\3430\223\364/,\361\331q\256h!{\346,\224\037/\362/G"
 262      2F2CF1D9 
 262      71AE6821 
 262      7BE62C94 
 262      1F2FF22F 
 263 0702 8C8D8175 		.ascii	"\214\215\201u|\005'\236\350\273\036-\346\315\243P\011"
 263      7C05279E 
 263      E8BB1E2D 
 263      E6CDA350 
 263      09
 264 0713 02EC94C2 		.ascii	"\002\354\224\302\034e\035\304\013\004\367\024A\3270"
 264      1C651DC4 
 264      0B04F714 
 264      41D730
 265 0722 95DE3FC1 		.ascii	"\225\336?\301\031\033\213\251\370\367j\361\335T\334"
 265      191B8BA9 
 265      F8F76AF1 
 265      DD54DC
 266 0731 4791AEE6 		.ascii	"G\221\256\346\244\367\251\245\231\321\262t\264h\271"
 266      A4F7A9A5 
 266      99D1B274 
 266      B468B9
 267 0740 9380A3A9 		.ascii	"\223\200\243\251x\234\340\211\242%q9\315\320{\244\266"
 267      789CE089 
 267      A2257139 
ARM GAS  /tmp/ccWRL6Rb.s 			page 21


 267      CDD07BA4 
 267      B6
 268 0751 A58143DF 		.ascii	"\245\201C\337k\037\235\027o\345\304\223\325\342SHe\372"
 268      6B1F9D17 
 268      6FE5C493 
 268      D5E25348 
 268      65FA
 269 0763 700256C4 		.ascii	"p\002V\304'\220J\374\015\207\236,\305C\204\275\030\035"
 269      27904AFC 
 269      0D879E2C 
 269      C54384BD 
 269      181D
 270 0775 047353A8 		.ascii	"\004sS\250\033\210<l \350\270\340\205\012\204\205(\017"
 270      1B883C6C 
 270      20E8B8E0 
 270      850A8485 
 270      280F
 271 0787 2813281B 		.ascii	"(\023(\033\350\010\320\217@\031@\371@E@\205@'\200\322"
 271      E808D08F 
 271      401940F9 
 271      40454085 
 271      402780D2 
 272 079b 814A81B2 		.ascii	"\201J\201\262\200\212\201\216\002\345\000\375\000t\014"
 272      808A818E 
 272      02E500FD 
 272      00740C
 273 07aa A8445848 		.ascii	"\250DXH7qf\346\304\037\025+\367\253'\245W\273\340)\347"
 273      377166E6 
 273      C41F152B 
 273      F7AB27A5 
 273      57BBE029 
 274 07bf 823DF6A3 		.ascii	"\202=\366\243g#\316\373`\322\276\017x\227q\266\034"
 274      6723CEFB 
 274      60D2BE0F 
 274      789771B6 
 274      1C
 275 07d0 B06B0B27 		.ascii	"\260k\013'<\301\231\262S-\274c\232)\303\234\370.\373"
 275      3CC199B2 
 275      532DBC63 
 275      9A29C39C 
 275      F82EFB
 276 07e3 E27CDE25 		.ascii	"\342|\336%r\206\217\251\015\037\235\226\032\275\374"
 276      72868FA9 
 276      0D1F9D96 
 276      1ABDFC
 277 07f2 44DFA9E5 		.ascii	"D\337\251\345\337\332\312C\2166$J\231z\03025U2G^\210"
 277      DFDACA43 
 277      8E36244A 
 277      997A1832 
 277      35553247 
 278 0808 6844710C 		.ascii	"hDq\014\273\210\274x\357\031\015\351A\2444\322Y\254"
 278      BB88BC78 
 278      EF190DE9 
 278      41A434D2 
 278      59AC
 279 081a 44F07D02 		.ascii	"D\360}\002.?%\212\211\216\364\343\257\355\033\313\315"
 279      2E3F258A 
ARM GAS  /tmp/ccWRL6Rb.s 			page 22


 279      898EF4E3 
 279      AFED1BCB 
 279      CD
 280 082b ED0EE789 		.ascii	"\355\016\347\211$\373il\223\365\374\324\266\253\345"
 280      24FB696C 
 280      93F5FCD4 
 280      B6ABE5
 281 083a DFABD1AB 		.ascii	"\337\253\321\253y\361D\373\373\001\025'EYS{\241\007"
 281      79F144FB 
 281      FB011527 
 281      4559537B 
 281      A107
 282 084c AEA6DB9E 		.ascii	"\256\246\333\236p:\241\243d\026\362\232\303f\334\236"
 282      703AA1A3 
 282      6416F29A 
 282      C366DC9E 
 283 085c 8863C88C 		.ascii	"\210c\310\214O\201\366O\202\265\000!\016\230a\301\240"
 283      4F81F64F 
 283      82B50021 
 283      0E9861C1 
 283      A0
 284 086d 93B04EFE 		.ascii	"\223\260N\376\257\327\014\271\357U\035)\323\362\345"
 284      AFD70CB9 
 284      EF551D29 
 284      D3F2E5
 285 087c C5296E82 		.ascii	"\305)n\202\260m\010\254\274\200\226n\374/&\265\352\253"
 285      B06D08AC 
 285      BC80966E 
 285      FC2F26B5 
 285      EAAB
 286 088e BE52839D 		.ascii	"\276R\203\235\3416\\\302\220\243a\362x\205t\214\221"
 286      E1365CC2 
 286      90A361F2 
 286      7885748C 
 286      91
 287 089f 93A1AA29 		.ascii	"\223\241\252)\366\234\353\214\207\301Y\3710(c\207\362"
 287      F69CEB8C 
 287      87C159F9 
 287      30286387 
 287      F2
 288 08b0 AB1D71E3 		.ascii	"\253\035q\343RI\341\004l\341\303\364=n\354\230\371\224"
 288      5249E104 
 288      6CE1C3F4 
 288      3D6EEC98 
 288      F994
 289 08c2 FC0CD2BB 		.ascii	"\374\014\322\273\277\021\251\215\251\000\367\225\323"
 289      BF11A98D 
 289      A900F795 
 289      D3
 290 08cf A8545263 		.ascii	"\250TRc\3162c*\2511\217\012\304q\017|\225\235KuGv\376"
 290      CE32632A 
 290      A9318F0A 
 290      C4710F7C 
 290      959D4B75 
 291 08e6 0E0A440B 		.ascii	"\016\012D\013\334\224\256u\342\342\023\245\260\357\317"
 291      DC94AE75 
 291      E2E213A5 
ARM GAS  /tmp/ccWRL6Rb.s 			page 23


 291      B0EFCF
 292 08f5 8D75A6E5 		.ascii	"\215u\246\345\3259%D\360j{U:/\220Zqp\2541\031\3438\366"
 292      D5392544 
 292      F06A7B55 
 292      3A2F905A 
 292      7170AC31 
 293 090d E3C0A162 		.ascii	"\343\300\241b\313\200\223\204\365\340\335\302'\220\276"
 293      CB809384 
 293      F5E0DDC2 
 293      2790BE
 294 091c 70CFAED6 		.ascii	"p\317\256\326R\254\013\012\326\0055V\025\305\252\031"
 294      52AC0B0A 
 294      D6053556 
 294      15C5AA19 
 295 092c 6B3FEE84 		.ascii	"k?\356\204S\030VcBL\245\263\204u\243qaV\015\275\016"
 295      53185663 
 295      424CA5B3 
 295      8475A371 
 295      61560DBD 
 296 0941 66FBB19B 		.ascii	"f\373\261\233\227E\001\263\250\301.R\260\243\343\257"
 296      974501B3 
 296      A8C12E52 
 296      B0A3E3AF 
 297 0951 777AE022 		.ascii	"wz\340\"\006V^v\244\315A\002kM\303\354:x\204\225\367"
 297      06565E76 
 297      A4CD4102 
 297      6B4DC3EC 
 297      3A788495 
 298 0966 D50A54B5 		.ascii	"\325\012T\265\032\252\206B\335zX\275\001\237dH\307\216"
 298      1AAA8642 
 298      DD7A58BD 
 298      019F6448 
 298      C78E
 299 0978 67967AE0 		.ascii	"g\226z\340\213\214\331Y]\223\356\010\3459\272L\024g"
 299      8B8CD959 
 299      5D93EE08 
 299      E539BA4C 
 299      1467
 300 098a 2AE20FDE 		.ascii	"*\342\017\336\310\251p\237\261^\257\027H\275^'\3107"
 300      C8A9709F 
 300      B15EAF17 
 300      48BD5E27 
 300      C837
 301 099c B8CA9627 		.ascii	"\270\312\226'H\262t\352\015\276\375\343\341\335bv\264"
 301      48B274EA 
 301      0DBEFDE3 
 301      E1DD6276 
 301      B4
 302 09ad F859BD40 		.ascii	"\370Y\275@$\321%\331XT+h\011gk\357\025jo\316\355\216"
 302      24D125D9 
 302      58542B68 
 302      09676BEF 
 302      156A6FCE 
 303 09c3 9F1CF11E 		.ascii	"\237\034\361\036\035\265\361I\277x\305]\211\357\005"
 303      1DB5F149 
 303      BF78C55D 
 303      89EF05
ARM GAS  /tmp/ccWRL6Rb.s 			page 24


 304 09d2 9BF83628 		.ascii	"\233\3706(soPc5R\254\375\371u\211Z\234\313\260\262s"
 304      736F5063 
 304      3552ACFD 
 304      F975895A 
 304      9CCBB0B2 
 305 09e7 BAD39035 		.ascii	"\272\323\2205\276\313\006l\342\333\244`5\251\261\232"
 305      BECB066C 
 305      E2DBA460 
 305      35A9B19A 
 306 09f7 29D695BE 		.ascii	")\326\225\276\343\325\036\370\014\303j\230\254\317t"
 306      E3D51EF8 
 306      0CC36A98 
 306      ACCF74
 307 0a06 B0C6D7BB 		.ascii	"\260\306\327\273\3206\276W\025\260\253j\260k\024\254"
 307      D036BE57 
 307      15B0AB6A 
 307      B06B14AC 
 308 0a16 3BEBD13E 		.ascii	";\353\321>w\334\310\300\336\214\3748\241\223\343\233"
 308      77DCC8C0 
 308      DE8CFC38 
 308      A193E39B 
 309 0a26 611BDF16 		.ascii	"a\033\337\026\005\252E\015u\235B\275\036\275xQ\207o"
 309      05AA450D 
 309      759D42BD 
 309      1EBD7851 
 309      876F
 310 0a38 31A82BD5 		.ascii	"1\250+\325]\015Z\011\252\261\023\227\237|,\212\260+"
 310      5D0D5A09 
 310      AAB11397 
 310      9F7C2C8A 
 310      B02B
 311 0a4a C42236CB 		.ascii	"\304\"6\313V\005\255U\215v\203\242\311\245\271\247T"
 311      5605AD55 
 311      8D7683A2 
 311      C9A5B9A7 
 311      54
 312 0a5b 9A5B6A77 		.ascii	"\232[jw=Gx\200\241'\364\304\337\220\006_\323\333}\365"
 312      3D477880 
 312      A127F4C4 
 312      DF90065F 
 312      D3DB7DF5 
 313 0a6f F86D773C 		.ascii	"\370mw<\304\006\247\236t\344J5\361 M\234\362\336A\017"
 313      C406A79E 
 313      74E44A35 
 313      F1204D9C 
 313      F2DE410F 
 314 0a83 3CC90693 		.ascii	"<\311\006\223kFG\\\361\024c:s\366\347k\231\344c\302"
 314      6B46475C 
 314      F114633A 
 314      73F6E76B 
 314      99E463C2 
 315 0a97 67BC7D1B 		.ascii	"g\274}\033\253\305\020T\372\203\305\266}y\020~\306L"
 315      ABC51054 
 315      FA83C5B6 
 315      7D79107E 
 315      C64C
 316 0aa9 BE281874 		.ascii	"\276(\030t\304\251\214\251\031I\037r\3039\214\211\313"
ARM GAS  /tmp/ccWRL6Rb.s 			page 25


 316      C4A98CA9 
 316      19491F72 
 316      C3398C89 
 316      CB
 317 0aba 6BDBE584 		.ascii	"k\333\345\204K\0303rww\255\033>\303\230K\365\017n\350"
 317      4B183372 
 317      7777AD1B 
 317      3EC3984B 
 317      F50F6EE8 
 318 0ace B08531D1 		.ascii	"\260\2051\321\217K\3431n`\314PK\315\016g\334\306\230"
 318      8F4BE331 
 318      6E60CC50 
 318      4BCD0E67 
 318      DCC698
 319 0ae1 E6C4BD70 		.ascii	"\346\304\275p\232w2F\336\223<\331\2364ux0\303\015\367"
 319      9A773246 
 319      DE933CD9 
 319      9E347578 
 319      30C30DF7 
 320 0af5 B1B173B9 		.ascii	"\261\261s\271qE:\374\2021\261Www\272\3411\306\374\360"
 320      71453AFC 
 320      8231B157 
 320      7777BAE1 
 320      31C6FCF0 
 321 0b09 38DEE284 		.ascii	"8\336\342\204\337Kb\315oJ<\360v\366\233\343\271\273"
 321      DF4B62CD 
 321      6F4A3CF0 
 321      76F69BE3 
 321      B9BB
 322 0b1b A7F53889 		.ascii	"\247\3658\211\275\037y\\\276o\026>\304\230\236\256G"
 322      BD1F795C 
 322      BE6F163E 
 322      C4989EAE 
 322      47
 323 0b2c 3B3C700E 		.ascii	";<p\016c\266W\0358\357\214K\030s\251\373\036\302\247"
 323      63B6571D 
 323      38EF8C4B 
 323      1873A9FB 
 323      1EC2A7
 324 0b3f D9FBC00E 		.ascii	"\331\373\300\016K\007\334\314\031ST\276\273\307\001"
 324      4B07DCCC 
 324      195354BE 
 324      BBC701
 325 0b4e D731E641 		.ascii	"\3271\346AY\354\230\02672\246\370mf\2133naLKEw\277\007"
 325      59EC9816 
 325      3732A6F8 
 325      6D668B33 
 325      6E614C4B 
 326 0b66 BECD9892 		.ascii	"\276\315\230\222\346\272Ni\313M Q,)\354z\350$] \311"
 326      E6BA4E69 
 326      CB4D2051 
 326      2C29EC7A 
 326      E8245D20 
 327 0b7b 0FD57967 		.ascii	"\017\325yg\273\337\"|\227\012/83\272\277\330\021-\234"
 327      BBDF227C 
 327      970A2F38 
 327      33BABFD8 
ARM GAS  /tmp/ccWRL6Rb.s 			page 26


 327      112D9C
 328 0b8e F6CC510A 		.ascii	"\366\314Q\012kkm=\336\3510y2O\251\255\273!\241vb\356"
 328      6B6B6D3D 
 328      DEE93079 
 328      324FA9AD 
 328      BB21A176 
 329 0ba4 2C1DE18F 		.ascii	",\035\341\217^8\215,\303\031\322\321K\266\224\027j\361"
 329      5E388D2C 
 329      C319D2D1 
 329      4BB69417 
 329      6AF1
 330 0bb6 E9D5D99D 		.ascii	"\351\325\331\235\014\356\250\036R\313O+h\253y\361Wj"
 330      0CEEA81E 
 330      52CB4F2B 
 330      68AB79F1 
 330      576A
 331 0bc8 719B5291 		.ascii	"q\233R\221\234\340\023YR\211\003\267\012\324)\211[K"
 331      9CE01359 
 331      528903B7 
 331      0AD42989 
 331      5B4B
 332 0bda 9CBBD32A 		.ascii	"\234\273\323*\256L\016\375\231\032}z=7\301\313\367\251"
 332      AE4C0EFD 
 332      991A7D7A 
 332      3D37C1CB 
 332      F7A9
 333 0bec E5DF4E2B 		.ascii	"\345\337N+c&x\353\237\333\307\367Q\254\257\346\255\177"
 333      632678EB 
 333      9FDBC7F7 
 333      51ACAFE6 
 333      AD7F
 334 0bfe A0B6DEA6 		.ascii	"\240\266\336\246r%\342\255\205\234\370-\265x\273z\262"
 334      7225E2AD 
 334      859CF82D 
 334      B578BB7A 
 334      B2
 335 0c0f 13E99C31 		.ascii	"\023\351\2341\243v]\311\305\365i&\027\327Gj\351\207"
 335      A3765DC9 
 335      C5F56926 
 335      17D7476A 
 335      E987
 336 0c21 82DAF30D 		.ascii	"\202\332\363\015\231\2341\003jc\342\325\306\264\362"
 336      999C3103 
 336      6A63E2D5 
 336      C6B4F2
 337 0c30 9E1956C3 		.ascii	"\236\031V\303O\277\006=\345\345_\332O3\276\334\344\003"
 337      4FBF063D 
 337      E5E55FDA 
 337      4F33BEDC 
 337      E403
 338 0c42 F5442D3E 		.ascii	"\365D->\375R\326\313\313?\266?[>o\0129\361;j\361\333"
 338      FD52D6CB 
 338      CB3FB63F 
 338      5B3E6F0A 
 338      39F13B6A 
 339 0c58 8AB84DD1 		.ascii	"\212\270M\3218\016U\317\030\035#\342\244bL\306^(\006"
 339      380E55CF 
ARM GAS  /tmp/ccWRL6Rb.s 			page 27


 339      181D23E2 
 339      A4624CC6 
 339      5E2806
 340 0c6b 2F446FA1 		.ascii	"/Do\241\332\373\036\332\355@\223\360\276\033\332x\240"
 340      DAFB1EDA 
 340      ED4093F0 
 340      BE1BDA78 
 340      A0
 341 0c7c 097817A1 		.ascii	"\011x\027\241}\017m\034\264\373\201\022\200\022\201"
 341      7D0F6D1C 
 341      B4FB8112 
 341      801281
 342 0c8b 62810E00 		.ascii	"b\201\016\000M\301X4\264\273\200\016\002\275\001~\017"
 342      4DC15834 
 342      B4BB800E 
 342      02BD017E 
 342      0F
 343 0c9c B449407B 		.ascii	"\264I@{\201\336\001\277\003\332T\240m@)@\3730\177\033"
 343      81DE01BF 
 343      03DA54A0 
 343      6D402940 
 343      FB307F1B 
 344 0cb0 6BC8E266 		.ascii	"k\310\342f\323\253\236\315\264R\276\227\017\305\240"
 344      D3AB9ECD 
 344      B452BE97 
 344      0FC5A0
 345 0cbf FD156CCD 		.ascii	"\375\025l\315\014\310\244\336,.\223\356\333\337Pl.\310"
 345      0CC8A4DE 
 345      2C2E93EE 
 345      DBDF506C 
 345      2EC8
 346 0cd1 3CFE88FD 		.ascii	"<\376\210\375\324\340\314y\312[\177O-\236\242\304B\272"
 346      D4E0CC79 
 346      CA5B7F4F 
 346      2D9EA2C4 
 346      42BA
 347 0ce3 D5A4E343 		.ascii	"\325\244\343C\2428\233HM\277\325\214e\341\"\345V\323"
 347      A2389B48 
 347      4DBFD58C 
 347      65E122E5 
 347      56D3
 348 0cf5 651FCC26 		.ascii	"e\037\314&o\370Dx\255\226o\233&\337\312\347\331S\373"
 348      6FF84478 
 348      AD966F9B 
 348      26DFCAE7 
 348      D953FB
 349 0d08 79C9DF4D 		.ascii	"y\311\337My\361~\373\373\015\237\365\27457\355[\303"
 349      79F17EFB 
 349      FB0D9FF5 
 349      BC3537ED 
 349      5BC3
 350 0d1a AF41DE73 		.ascii	"\257A\336s=\366\343n\023\030\036\276\303~\3263y\362"
 350      3DF6E36E 
 350      13181EBE 
 350      C37ED633 
 350      79F2
 351 0d2c 535D4949 		.ascii	"S]II\227+\316p\245\327\254\236\361\362\303\002\232\343"
ARM GAS  /tmp/ccWRL6Rb.s 			page 28


 351      972BCE70 
 351      A5D7AC9E 
 351      F1F2C302 
 351      9AE3
 352 0d3e 657739A0 		.ascii	"ew9\240\303\260\012\376\277\254\010)I\012\331E0\015"
 352      C3B00AFE 
 352      BFAC0829 
 352      490AD945 
 352      300D
 353 0d50 AC3A84AD 		.ascii	"\254:\204\2555\025\311\031:\271\252\366\246v'\376:\226"
 353      3515C919 
 353      3AB9AAF6 
 353      A67627FE 
 353      3A96
 354 0d62 86F9EB58 		.ascii	"\206\371\353X:f\3271hI\371\327\272'\316\001\027\271"
 354      3A66D731 
 354      6849F9D7 
 354      BA27CE01 
 354      17B9
 355 0d74 B222A7AB 		.ascii	"\262\"\247\253\264T\207K\031\363\256\257\252\333\031"
 355      B454874B 
 355      19F3AEAF 
 355      AADB19
 356 0d83 9751C631 		.ascii	"\227Q\3061vxo\214\023=\246\275\3460\177\277\350\360"
 356      76786F8C 
 356      133DA6BD 
 356      E6307FBF 
 356      E8F0
 357 0d95 CC8911EB 		.ascii	"\314\211\021\353\275\251\2773\301\214\374\2316l\272"
 357      BDA9BF33 
 357      C18CFC99 
 357      366CBA
 358 0da4 277DA504 		.ascii	"'}\245\004'K-<}C\035\376\275\355a0\035\333\346 \343"
 358      274B2D3C 
 358      7D431DFE 
 358      BDED6130 
 358      1DDBE620 
 359 0db9 A433EC83 		.ascii	"\2443\354\203sk\354^\007\373\345 \337v\215\331D_\371"
 359      736BEC5E 
 359      07FBE520 
 359      DF768DD9 
 359      445FF9
 360 0dcc 21365F0A 		.ascii	"!6_\012}\036\204>\033B\221\003\224\013t\004[\257\277"
 360      7D1E843E 
 360      1B429103 
 360      940B7404 
 360      5BAFBF
 361 0ddf A97DEFBA 		.ascii	"\251}\357\272\021\276\300\222\351\207\324\372c\256\352"
 361      11BEC092 
 361      E987D4FA 
 361      63AEEA
 362 0dee 64B2FEE0 		.ascii	"d\262\376\340V\010(\177\016\221Yy\365\216V\024u\250"
 362      5608287F 
 362      0E915979 
 362      F58E5614 
 362      75A8
 363 0e00 00848F2A 		.ascii	"\000\204\217*1\316\227c|.c*\316\231\217q\201M\214\213"
ARM GAS  /tmp/ccWRL6Rb.s 			page 29


 363      31CE9763 
 363      7C2E632A 
 363      CE998F71 
 363      814D8C8B 
 364 0e14 A41817D1 		.ascii	"\244\030\027\321\030\247m+\355u\344\205\007l~\376?&"
 364      18A76D2B 
 364      ED75E485 
 364      076C7EFE 
 364      3F26
 365 0e26 0993561B 		.ascii	"\011\223V\033\274)(\342\343\305\372\340M!\353C\302#"
 365      BC2928E2 
 365      E3C5FAE0 
 365      4D21EB43 
 365      C223
 366 0e38 7D3E5DA2 		.ascii	"}>]\242\017\217\324o\012\012\325\177\023\036\021\025"
 366      0F8FD46F 
 366      0A0AD57F 
 366      131E1115 
 367 0e48 A90F5C17 		.ascii	"\251\017\\\027\260t\211~\315\232\225\372u\376\001\337"
 367      B074897E 
 367      CD9A95FA 
 367      75FE01DF 
 368 0e58 FA901153 		.ascii	"\372\220\021Sd\224)4t\303\342`\335\352\317\277\\`\360"
 368      64942934 
 368      74C3E260 
 368      DDEACFBF 
 368      5C60F0
 369 0e6b F1D1B898 		.ascii	"\361\321\270\230L[B\302\242\226.1E-\323o\211\214\320"
 369      4C5B42C2 
 369      A2962E31 
 369      452DD36F 
 369      898CD0
 370 0e7e 07456CFE 		.ascii	"\007El\376eXx\230\371\227\346\240\365!\372\220\260\340"
 370      65587898 
 370      F997E6A0 
 370      F521FA90 
 370      B0E0
 371 0e90 D02D1BCC 		.ascii	"\320-\033\314\372\315A\360\2250\263\336\264\301\274"
 371      FACD41F0 
 371      9530B3DE 
 371      B4C1BC
 372 0e9f 31684B68 		.ascii	"1hKh\224)\352\273o\314\221\2137it\262\366\337\375\214"
 372      9429EABB 
 372      6FCC918B 
 372      376974B2 
 372      F6DFFD8C 
 373 0eb3 76E47791 		.ascii	"v\344w\221z\370\364\006\020%*\2775\007G\205G\254\360"
 373      7AF8F406 
 373      10252ABF 
 373      35074785 
 373      47ACF0
 374 0ec6 FEE42FB3 		.ascii	"\376\344/\263]\343\312\336L!a!Q\236&\242`\012\211\370"
 374      5DE3CADE 
 374      4C216121 
 374      519E26A2 
 374      600A89F8 
 375 0eda 4F93F99B 		.ascii	"O\223\371\233\220\320\360\257\267\230}\324\260\301\341"
ARM GAS  /tmp/ccWRL6Rb.s 			page 30


 375      90D0F0AF 
 375      B7987DD4 
 375      B0C1E1
 376 0ee9 9B378787 		.ascii	"\2337\207\207I\310\313\215\001\206\200\255 \021\034"
 376      49C8CB8D 
 376      018680AD 
 376      20111C
 377 0ef8 1E61367D 		.ascii	"\036a6}\373\311f\260h\266)*\"(\330l\012\211\2140\205"
 377      FBC966B0 
 377      68B6292A 
 377      2228D86C 
 377      0A898C30 
 378 0f0d 9A83BE35 		.ascii	"\232\203\2765\177\244\206\210\210\262N&x\023\025\006"
 378      7FA48688 
 378      88B24E26 
 378      78131506 
 379 0f1d B5B9A60D 		.ascii	"\265\271\246\015\353\2776\005o2\007\377\007S#\000?\257"
 379      EBBF3605 
 379      6F3207FF 
 379      07532300 
 379      3FAF
 380 0f2f BAC1BC7E 		.ascii	"\272\301\274~\313\327\240\372W\234\352\226\260\320p"
 380      CBD7A0FA 
 380      579CEA96 
 380      B0D070
 381 0f3e 68364684 		.ascii	"h6F\204o&\000\236\301\233\002\277\213\\\027\262\331"
 381      6F26009E 
 381      C19B02BF 
 381      8B5C17B2 
 381      D9
 382 0f4f 1CE11714 		.ascii	"\034\341\027\024\266!\324\034\341\377\267?\213\011\336"
 382      B621D41C 
 382      E1FFB73F 
 382      8B09DE
 383 0f5e 05C479BC 		.ascii	"\005\304y\2741<\036o\2459,\312\034A:\371\031\323\316"
 383      313C1E6F 
 383      A5392CCA 
 383      1C413AF9 
 383      19D3CE
 384 0f71 D961DF86 		.ascii	"\331a\337\206\004\373\206\005\255\0175\263\360\350g"
 384      04FB8605 
 384      AD0F35B3 
 384      F0E867
 385 0f80 0E8EE44F 		.ascii	"\016\216\344O\311\223D\021\276\357,GU\343n2m\334\022"
 385      C9934411 
 385      BEEF2C47 
 385      55E36E32 
 385      6DDC12
 386 0f93 166C322D 		.ascii	"\026l2-\376\324\373\037\227\352d\316\301"
 386      FED4FB1F 
 386      97EA64CE 
 386      C1
 387 0fa0 6008302E 		.ascii	"`\0100.\025\2760jW\006,7\342\225\006\243v\305\312uF"
 387      15BE306A 
 387      57062C37 
 387      E29506A3 
 387      76C5CA75 
ARM GAS  /tmp/ccWRL6Rb.s 			page 31


 388 0fb5 6C3018B1 		.ascii	"l0\030\261\021h\271\321\210\327\006\032\260\341\363"
 388      1168B9D1 
 388      88D7061A 
 388      B0E1F3
 389 0fc4 755A83C1 		.ascii	"uZ\203\301\327H\345\227\320\377>\330w\265Q\010\004M"
 389      D748E597 
 389      D0FF3ED8 
 389      77B55108 
 389      044D
 390 0fd6 7F5FA336 		.ascii	"\177_\24360\000\244\015\306%@> \371;\343\377b\015DF"
 390      3000A40D 
 390      C625403E 
 390      20F93BE3 
 390      FF620D44 
 391 0feb 6D26C91A 		.ascii	"m&\311\032B\242\356jeLQ\236\341\221A\241\340\3665\340"
 391      42A2EE6A 
 391      654C519E 
 391      E19141A1 
 391      E0F635E0 
 392 0fff B9       		.ascii	"\271"
 393 1000 55E038FF 		.ascii	"U\3408\377@\3434\247\023T\"F\274OZ\22284V\234\222'\315"
 393      40E334A7 
 393      13542246 
 393      BC4F5A92 
 393      3834569C 
 394 1017 461BFF3B 		.ascii	"F\033\377;[\273\3001\221\346(\323\212\345\201\276k\215"
 394      5BBBC031 
 394      91E628D3 
 394      8AE581BE 
 394      6B8D
 395 1029 FEEE41A1 		.ascii	"\376\356A\241\377\025\364]$dq(\254\254\337\314\220\264"
 395      FF15F45D 
 395      24647128 
 395      ACACDFCC 
 395      90B4
 396 103b E6AD51C4 		.ascii	"\346\255Q\304\321zC@\240\177\240\336\0009\253\367\227"
 396      D17A4340 
 396      A07FA0DE 
 396      0039ABF7 
 396      97
 397 104c 23BF3932 		.ascii	"#\27792$\322\364u0\361\376\\\311\376/i.\311\306P\353"
 397      24D2F475 
 397      30F1FE5C 
 397      C9FE2F69 
 397      2EC9C650 
 398 1061 6CBAE652 		.ascii	"l\272\346RcT\031\347\312u\316!@_\330\246\237C`\240a"
 398      635419E7 
 398      CA75CE21 
 398      405FD8A6 
 398      9F4360A0 
 399 1076 B5D1D9E8 		.ascii	"\265\321\331\350\033\350k\374\255\357\312\217\261!\220"
 399      1BE86BFC 
 399      ADEFCA8F 
 399      B12190
 400 1085 C4CEA074 		.ascii	"\304\316\240t\375\312y\371\332\025K\326\254\365\375"
 400      FDCA79F9 
 400      DA154BD6 
ARM GAS  /tmp/ccWRL6Rb.s 			page 32


 400      ACF5FD
 401 1094 DC48DE7C 		.ascii	"\334H\336|\330\233<\272\314y\271\337\212\245\322\250"
 401      D89B3CBA 
 401      CC79B9DF 
 401      8AA5D2A8 
 402 10a4 9F55CE4F 		.ascii	"\237U\316O-\267\324\211\240@\017i}\370\221%N\004\201"
 402      2DB7D489 
 402      A0400F69 
 402      7DF89125 
 402      4E0481
 403 10b7 8EF84912 		.ascii	"\216\370I\022~\266\022>:\242k\014\\g$/>\344\305:\346"
 403      7EB6123E 
 403      3AA26B0C 
 403      5C67242F 
 403      3EE4C53A 
 404 10cc AD23DA6C 		.ascii	"\255#\332l\314O\026\362cB\330\340o\324\032V\2556:\255"
 404      CC4F16F2 
 404      6342D8E0 
 404      6FD41A56 
 404      AD363AAD 
 405 10e0 5DB386B4 		.ascii	"]\263\206\264\202\301\350\002\257\376K\002\0117-\265"
 405      82C1E802 
 405      AFFE4B02 
 405      09372DB5 
 406 10f0 B8B004AE 		.ascii	"\270\260\004\256c\351\265j\331\326\255,\2616.\363\376"
 406      63E9B56A 
 406      D9D6AD2C 
 406      B1362EF3 
 406      FE
 407 1101 64EB5692 		.ascii	"d\353V\222ZF\203\301\264\016\266\310\225\346\215\216"
 407      5A4683C1 
 407      B40EB6C8 
 407      95E68D8E 
 408 1111 C49E555F 		.ascii	"\304\236U_9\372\2574|\261\322\227pKV}\345\261r\305\352"
 408      39FAAF34 
 408      7CB1D297 
 408      704B567D 
 408      E5B172C5 
 409 1126 00C397B2 		.ascii	"\000\303\227\262\314\177\003\005p@\021"
 409      CC7F0305 
 409      704011
 410              		.text
 411              		.section	.gnu.lto_.symtab.cba721d9da40bf6f,"",%progbits
 412 0000 56656374 		.ascii	"VectorB0\000"
 412      6F724230 
 412      00
 413 0009 00       		.ascii	"\000"
 414 000a 00       		.ascii	"\000"
 415 000b 00       		.ascii	"\000"
 416 000c 00000000 		.ascii	"\000\000\000\000\000\000\000\000"
 416      00000000 
 417 0014 D2000000 		.ascii	"\322\000\000\000"
 418 0018 73745F6C 		.ascii	"st_lld_init\000"
 418      6C645F69 
 418      6E697400 
 419 0024 00       		.ascii	"\000"
 420 0025 00       		.ascii	"\000"
ARM GAS  /tmp/ccWRL6Rb.s 			page 33


 421 0026 00       		.ascii	"\000"
 422 0027 00000000 		.ascii	"\000\000\000\000\000\000\000\000"
 422      00000000 
 423 002f D4000000 		.ascii	"\324\000\000\000"
 424 0033 5F706F72 		.ascii	"_port_irq_epilogue\000"
 424      745F6972 
 424      715F6570 
 424      696C6F67 
 424      756500
 425 0046 00       		.ascii	"\000"
 426 0047 02       		.ascii	"\002"
 427 0048 00       		.ascii	"\000"
 428 0049 00000000 		.ascii	"\000\000\000\000\000\000\000\000"
 428      00000000 
 429 0051 D6000000 		.ascii	"\326\000\000\000"
 430 0055 5F747261 		.ascii	"_trace_isr_leave\000"
 430      63655F69 
 430      73725F6C 
 430      65617665 
 430      00
 431 0066 00       		.ascii	"\000"
 432 0067 02       		.ascii	"\002"
 433 0068 00       		.ascii	"\000"
 434 0069 00000000 		.ascii	"\000\000\000\000\000\000\000\000"
 434      00000000 
 435 0071 DB000000 		.ascii	"\333\000\000\000"
 436 0075 5F646267 		.ascii	"_dbg_check_leave_isr\000"
 436      5F636865 
 436      636B5F6C 
 436      65617665 
 436      5F697372 
 437 008a 00       		.ascii	"\000"
 438 008b 02       		.ascii	"\002"
 439 008c 00       		.ascii	"\000"
 440 008d 00000000 		.ascii	"\000\000\000\000\000\000\000\000"
 440      00000000 
 441 0095 DD000000 		.ascii	"\335\000\000\000"
 442 0099 5F646267 		.ascii	"_dbg_check_unlock_from_isr\000"
 442      5F636865 
 442      636B5F75 
 442      6E6C6F63 
 442      6B5F6672 
 443 00b4 00       		.ascii	"\000"
 444 00b5 02       		.ascii	"\002"
 445 00b6 00       		.ascii	"\000"
 446 00b7 00000000 		.ascii	"\000\000\000\000\000\000\000\000"
 446      00000000 
 447 00bf DF000000 		.ascii	"\337\000\000\000"
 448 00c3 63685379 		.ascii	"chSysTimerHandlerI\000"
 448      7354696D 
 448      65724861 
 448      6E646C65 
 448      724900
 449 00d6 00       		.ascii	"\000"
 450 00d7 02       		.ascii	"\002"
 451 00d8 00       		.ascii	"\000"
 452 00d9 00000000 		.ascii	"\000\000\000\000\000\000\000\000"
ARM GAS  /tmp/ccWRL6Rb.s 			page 34


 452      00000000 
 453 00e1 E1000000 		.ascii	"\341\000\000\000"
 454 00e5 5F646267 		.ascii	"_dbg_check_lock_from_isr\000"
 454      5F636865 
 454      636B5F6C 
 454      6F636B5F 
 454      66726F6D 
 455 00fe 00       		.ascii	"\000"
 456 00ff 02       		.ascii	"\002"
 457 0100 00       		.ascii	"\000"
 458 0101 00000000 		.ascii	"\000\000\000\000\000\000\000\000"
 458      00000000 
 459 0109 E3000000 		.ascii	"\343\000\000\000"
 460 010d 5F646267 		.ascii	"_dbg_check_enter_isr\000"
 460      5F636865 
 460      636B5F65 
 460      6E746572 
 460      5F697372 
 461 0122 00       		.ascii	"\000"
 462 0123 02       		.ascii	"\002"
 463 0124 00       		.ascii	"\000"
 464 0125 00000000 		.ascii	"\000\000\000\000\000\000\000\000"
 464      00000000 
 465 012d E5000000 		.ascii	"\345\000\000\000"
 466 0131 5F747261 		.ascii	"_trace_isr_enter\000"
 466      63655F69 
 466      73725F65 
 466      6E746572 
 466      00
 467 0142 00       		.ascii	"\000"
 468 0143 02       		.ascii	"\002"
 469 0144 00       		.ascii	"\000"
 470 0145 00000000 		.ascii	"\000\000\000\000\000\000\000\000"
 470      00000000 
 471 014d E7000000 		.ascii	"\347\000\000\000"
 472 0151 6E766963 		.ascii	"nvicEnableVector\000"
 472      456E6162 
 472      6C655665 
 472      63746F72 
 472      00
 473 0162 00       		.ascii	"\000"
 474 0163 02       		.ascii	"\002"
 475 0164 00       		.ascii	"\000"
 476 0165 00000000 		.ascii	"\000\000\000\000\000\000\000\000"
 476      00000000 
 477 016d EC000000 		.ascii	"\354\000\000\000"
 478              		.text
 479              		.section	.gnu.lto_.opts,"",%progbits
 480 0000 272D666D 		.ascii	"'-fmath-errno' '-fsigned-zeros' '-ftrapping-math' '"
 480      6174682D 
 480      6572726E 
 480      6F272027 
 480      2D667369 
 481 0033 2D666E6F 		.ascii	"-fno-trapv' '-fno-openmp' '-fno-openacc' '-mcpu=cor"
 481      2D747261 
 481      70762720 
 481      272D666E 
ARM GAS  /tmp/ccWRL6Rb.s 			page 35


 481      6F2D6F70 
 482 0066 7465782D 		.ascii	"tex-m4' '-mno-thumb-interwork' '-mthumb' '-O2' '-fo"
 482      6D342720 
 482      272D6D6E 
 482      6F2D7468 
 482      756D622D 
 483 0099 6D69742D 		.ascii	"mit-frame-pointer' '-falign-functions=16' '-ffuncti"
 483      6672616D 
 483      652D706F 
 483      696E7465 
 483      72272027 
 484 00cc 6F6E2D73 		.ascii	"on-sections' '-fdata-sections' '-fno-common' '-flto"
 484      65637469 
 484      6F6E7327 
 484      20272D66 
 484      64617461 
 485 00ff 2700     		.ascii	"'\000"
 486              		.text
 487              		.comm	__gnu_lto_v1,1,1
 488              		.comm	__gnu_lto_slim,1,1
 489              		.ident	"GCC: (GNU Tools for Arm Embedded Processors 7-2018-q3-update) 7.3.1 20180622 (release) [AR
ARM GAS  /tmp/ccWRL6Rb.s 			page 36


DEFINED SYMBOLS
                            *ABS*:0000000000000000 hal_st_lld.c
                            *COM*:0000000000000001 __gnu_lto_v1
                            *COM*:0000000000000001 __gnu_lto_slim

NO UNDEFINED SYMBOLS
