ARM GAS  /tmp/ccu5HFpz.s 			page 1


   1              		.cpu cortex-m4
   2              		.eabi_attribute 20, 1
   3              		.eabi_attribute 21, 1
   4              		.eabi_attribute 23, 3
   5              		.eabi_attribute 24, 1
   6              		.eabi_attribute 25, 1
   7              		.eabi_attribute 26, 1
   8              		.eabi_attribute 30, 2
   9              		.eabi_attribute 34, 1
  10              		.eabi_attribute 18, 4
  11              		.file	"hal_lld.c"
  12              		.section	.gnu.lto_.profile.2214aa6bdfa5be19,"",%progbits
  13 0000 789C6363 		.ascii	"x\234cc```\001bF\206\232\014\000\001\330\000\360"
  13      60606001 
  13      6246869A 
  13      0C0001D8 
  13      00F0
  14              		.text
  15              		.section	.gnu.lto_.icf.2214aa6bdfa5be19,"",%progbits
  16 0000 789C6363 		.ascii	"x\234cc``\020a@\000f\206\276\005\027O\26336\276\336"
  16      60601061 
  16      40006686 
  16      BE05174F 
  16      B33336BE 
  17 0015 7F8E9FE9 		.ascii	"\177\216\237\351I\323\316\037\334\014\000^\333\011\034"
  17      49D3CE1F 
  17      DC0C005E 
  17      DB091C
  18              		.text
  19              		.section	.gnu.lto_.jmpfuncs.2214aa6bdfa5be19,"",%progbits
  20 0000 789C6363 		.ascii	"x\234cc``\340b@\000&0\311\010\304\000\001\252\000\024"
  20      6060E062 
  20      40002630 
  20      C908C400 
  20      01AA0014 
  21              		.text
  22              		.section	.gnu.lto_.inline.2214aa6bdfa5be19,"",%progbits
  23 0000 789C6363 		.ascii	"x\234cc``0g@\000&\006\006USF\006&\207=\257\230\031\330"
  23      60603067 
  23      40002606 
  23      06555346 
  23      0626873D 
  24 0018 16C83381 		.ascii	"\026\3103\201\004\031\271\340\004\303q\206G\214@\371"
  24      0419B9E0 
  24      04C37186 
  24      478C40F9 
  25 0028 0EC667CB 		.ascii	"\016\306g\313\244\341\012\030\000\342\331\010\010"
  25      A4E10A18 
  25      00E2D908 
  25      08
  26              		.text
  27              		.section	.gnu.lto_.pureconst.2214aa6bdfa5be19,"",%progbits
  28 0000 789C6363 		.ascii	"x\234cc```\005b&\006)F)\000\000\374\000C"
  28      60606005 
  28      62260629 
  28      46290000 
  28      FC0043
ARM GAS  /tmp/ccu5HFpz.s 			page 2


  29              		.text
  30              		.section	.gnu.lto_hal_lld_init.2214aa6bdfa5be19,"",%progbits
  31 0000 789CA596 		.ascii	"x\234\245\226IL\023a\024\307\2777\337t:%\21011\2215"
  31      494C1361 
  31      14C7BF37 
  31      DF743A25 
  31      88313191 
  32 0015 31F1E4C5 		.ascii	"1\361\344\305\211H\210'\217\036L<\351\335\010\036 !"
  32      89488827 
  32      8F1E4C3C 
  32      E9DD081E 
  32      2021
  33 0027 C188070F 		.ascii	"\301\210\007\017&\014R\026\267\350\201%1Uk\214\012\032"
  33      260C5216 
  33      B7E88125 
  33      31556B8C 
  33      0A1A
  34 0039 31465C28 		.ascii	"1F\\(\"\005W\0247\0267d\021\001\331A!Q\020\250\357}"
  34      22055714 
  34      37163764 
  34      1101D941 
  34      215110A8 
  35 004f DFE01462 		.ascii	"\337\340\024b\"\003\223\364u:}\375\375\377\357}[5\306"
  35      220393F4 
  35      753A7DFD 
  35      FDFFEF7D 
  35      5B35C6
  36 0062 D8030F63 		.ascii	"\330\003\017c\311\370\236\204/p1PN\277b,GW\024~9\231"
  36      C9F89E84 
  36      2F703150 
  36      4EBF622C 
  36      4757147E 
  37 0078 9911EAE0 		.ascii	"\231\021\352\340:fFrP\345c\025\200nL\035X\266\302U\310"
  37      3A664672 
  37      50E56315 
  37      806E4C1D 
  37      58B6C255 
  38 008d 8613BC88 		.ascii	"\206\023\274\210C}A_\225\262\361\212\211W\260\264\305"
  38      437D415F 
  38      95B2F18A 
  38      8957B0B4 
  38      C5
  39 009e 9D6FE645 		.ascii	"\235o\346E\3738c%\370\242\013n\301F\206i\3357\347\212"
  39      FB386325 
  39      F8A20B6E 
  39      C1468669 
  39      DD37E78A 
  40 00b2 5769AA7C 		.ascii	"Wi\252|\016\225\2401\300\233\033M\256\2409\027*0\203"
  40      0E95A031 
  40      C09B1B4D 
  40      AEA03917 
  40      2A3083
  41 00c5 8D17A179 		.ascii	"\215\027\241y\307\006`>\016\012\005NA\245\340\242\240"
  41      C706603E 
  41      0E0A054E 
  41      41A5E0A2 
  41      A0
ARM GAS  /tmp/ccu5HFpz.s 			page 3


  42 00d6 517053D0 		.ascii	"QpS\320)DRXC!\232B\014\205X\012q\024\342)$P`\254\020"
  42      29445258 
  42      43219A42 
  42      0C85580A 
  42      7114E229 
  43 00ef F5D0B619 		.ascii	"\365\320\266\031dG\271Bw\271A6\010\365\201\201_\251"
  43      6447B942 
  43      77B94136 
  43      08F58181 
  43      5FA9
  44 0101 E4E20C07 		.ascii	"\344\342\014\0074W\222W\377\332}\234\373\270\002\344"
  44      34579257 
  44      FFDA7D9C 
  44      FBB802E4 
  45 0111 D57BF671 		.ascii	"\325{\366q\237G~4\307\013M\025\037\265Uwwh~8\227\203"
  45      9F477E34 
  45      C70B4D15 
  45      1FB55577 
  45      77687E38 
  46 0127 65AEF771 		.ascii	"e\256\367q\016w \036n\243\022\345\017\3654\324D\031"
  46      0E77201E 
  46      6EA312E5 
  46      0FF534D4 
  46      4419
  47 0139 D74D2FF8 		.ascii	"\327M/\370\260/w\301\017\305\242z\270\007\006\212\345"
  47      B02F77C1 
  47      0FC5A27A 
  47      B807068A 
  47      E5
  48 014a FECA07A9 		.ascii	"\376\312\007\251\245H\271\336@\353\275U\304\0070gB\241"
  48      A548B9DE 
  48      40EBBD55 
  48      C4073067 
  48      42A1
  49 015c D5508520 		.ascii	"\325P\205 4\325rL\3449\223\013\330r\325`\240\006\221"
  49      34D5724C 
  49      E439930B 
  49      D872D560 
  49      A00691
  50 016f 267547A0 		.ascii	"&uG\240\034\372N\205\3736\252\006\214\360\276\250\300"
  50      1CFA4E85 
  50      FB36AA06 
  50      8CF0BEA8 
  50      C0
  51 0180 E0813419 		.ascii	"\340\2014\031(\237\346\262\232HgFk\005\235F\035\202"
  51      289FE6B2 
  51      9A486746 
  51      6B059D46 
  51      1D82
  52 0192 A22F4E5D 		.ascii	"\242/N]\012J\235M\251\027\036\333\237\225_\343\262\231"
  52      0A4A9D4D 
  52      A9171EDB 
  52      9F955FE3 
  52      B299
  53 01a4 A11035F3 		.ascii	"\241\0205\363\241\364\271\274\026<\262\361\217\301\260"
  53      A1F4B9BC 
  53      163CB2F1 
ARM GAS  /tmp/ccu5HFpz.s 			page 4


  53      8FC1B0
  54 01b3 6B9EB16A 		.ascii	"k\236\261j\346\316\334>\0218\205pO\027\315\005U\302"
  54      E6CEDC3E 
  54      11388570 
  54      4F17CD05 
  54      55C2
  55 01c5 4ECE76D6 		.ascii	"N\316v\326\205\331\217\202g+\230\013\015\266\334s\232"
  55      85D98F82 
  55      672B980B 
  55      0DB6DC73 
  55      9A
  56 01d6 0BEAF21B 		.ascii	"\013\352\362\033\361\302F5\2067b\326j\304\032g\316^"
  56      F1C24635 
  56      863762D6 
  56      6AC41A67 
  56      CE5E
  57 01e8 0A9C58FB 		.ascii	"\012\234X\373\257\226?\370\257m\312\0334\265\242\221"
  57      AF963FF8 
  57      AF6DCA1B 
  57      34B5A291 
  58 01f8 7E6BB39A 		.ascii	"~k\263\232\302\013,t\311\002]\316\2545\013\234J\270"
  58      C20B2C74 
  58      C9025DCE 
  58      AC350B9C 
  58      4AB8
  59 020a 9645236D 		.ascii	"\226E#m\301\236\004\246'\"\255U\217\027@\353\012F\372"
  59      C19E04A6 
  59      2722AD55 
  59      8F1740EB 
  59      0A46FA
  60 021d 9D2DF79E 		.ascii	"\235-\367\236FZ\023\346=R\320\355\214\365A\260\\\304"
  60      465A13E6 
  60      3D52D0ED 
  60      8CF541B0 
  60      5CC4
  61 022f FAB8C8BA 		.ascii	"\372\270\310\272\216\260\025\371\374d\263\333\310\247"
  61      8EB015F9 
  61      FC64B3DB 
  61      C8A7
  62 023d 2E37DFA9 		.ascii	".7\337\251\344\277G\202W\234\034\035e\2328\025J8\204"
  62      E4BF4782 
  62      579C1C1D 
  62      659A3815 
  62      4A3884
  63 0250 9F16F019 		.ascii	"\237\026\360\0314h\247\303\242\235\354D\207\357I.\221"
  63      3468A7C3 
  63      A29DEC44 
  63      87EF492E 
  63      91
  64 0261 7961D65B 		.ascii	"ya\326[\341\221\037\315\256\034\261W\227\325\005L\017"
  64      E1911FCD 
  64      AE1CB157 
  64      97D5054C 
  64      0F
  65 0272 DA43031A 		.ascii	"\332C\003\032t\242\265\016\313ZMie\001\374\265\326%"
  65      74A2B50E 
  65      CB5A4D69 
ARM GAS  /tmp/ccu5HFpz.s 			page 5


  65      6501FCB5 
  65      D625
  66 0284 AC694283 		.ascii	"\254iB\203\301\227\371\312\317\216iR,F\352U\364\327"
  66      C197F9CA 
  66      CF8E6952 
  66      2C46EA55 
  66      F4D7
  67 0296 FA22AC61 		.ascii	"\372\"\254aS\240\333\356E\273\350\305\022\305\276.\020"
  67      53A0DBEE 
  67      45BBE8C5 
  67      12C5BE2E 
  67      10
  68 02a7 EBA156C4 		.ascii	"\353\241V\304\310\371vX\252\305\206\365\025\3767w{\005"
  68      C8F97658 
  68      AAC586F5 
  68      15FE3777 
  68      7B05
  69 02b9 CD6DD1FA 		.ascii	"\315m\321\372\244\365\231\374r\227d\305I\\\317\245\036"
  69      A4F599FC 
  69      729764C5 
  69      495CCFA5 
  69      1E
  70 02ca BFC772AE 		.ascii	"\277\307r\256\3017d\365\202\267\355a\222\225\204\031"
  70      C13764F5 
  70      82B7ED61 
  70      92958419 
  71 02da A52353B1 		.ascii	"\245#S\261V\202\012\375$\206\327Q\\\024\227\223\345"
  71      56820AFD 
  71      2486D751 
  71      5C149793 
  71      E5
  72 02eb 3139D93F 		.ascii	"19\331?\267\315*t)\346\374)\344n`\201\273A\261K_\375"
  72      B7CD2A74 
  72      29E6FC29 
  72      E46E6081 
  72      BB41B14B 
  73 0301 797E4295 		.ascii	"y~B\225'\211\211ZC\326\312\355\0179\307\017/\300\217"
  73      2789895A 
  73      43D6CAED 
  73      0F39C70F 
  73      2FC08F
  74 0314 586B977C 		.ascii	"Xk\227|\253\341\347{C\256[\026\032\277\364Q\032\025"
  74      ABE1E77B 
  74      43AE5B16 
  74      1ABFF451 
  74      1A15
  75 0326 68DD428F 		.ascii	"h\335B\217\315\367\025$(A\262*OU\267Z\247w\3507\035"
  75      CDF71524 
  75      2841B22A 
  75      4F55B75A 
  75      A777E837 
  76 033b 38E3CB9C 		.ascii	"8\343\313\234\023\337\027\250\375\2409\221\300\206!"
  76      13DF17A8 
  76      FDA03991 
  76      C08621
  77 034a D75F5B24 		.ascii	"\327_[$6Y\372EU\325p\233;{\326\324}\334]B\3331L@6\376"
  77      3659FA45 
ARM GAS  /tmp/ccu5HFpz.s 			page 6


  77      55D5709B 
  77      3B7BD6D4 
  77      7DDC5D42 
  78 0364 B3D145E2 		.ascii	"\263\321E\342\310\332\177\347\341\256\006\223V\336("
  78      C8DA7FE7 
  78      E1AE0693 
  78      56DE28
  79 0373 1CF15F29 		.ascii	"\034\361_)\026KW\014o!\2560l\023\242\2226\031\251i\351"
  79      164B570C 
  79      6F21AE30 
  79      6C13A292 
  79      3619A969 
  80 0388 29E99959 		.ascii	")\351\231Y\233\267&\032\231YF\332\336\014c\177\346\201"
  80      9BB7261A 
  80      995946DA 
  80      DE0C637F 
  80      E681
  81 039a 8359C6AE 		.ascii	"\203Y\306\256\335;\267$\312\270=\351\320!\372fOF\306"
  81      DD3BB724 
  81      CAB83DE9 
  81      D021FA66 
  81      4F46C6
  82 03ad BE4DA9EC 		.ascii	"\276M\251\354\017\315\0164N"
  82      0FCD0E34 
  82      4E
  83              		.text
  84              		.section	.gnu.lto_stm32_clock_init.2214aa6bdfa5be19,"",%progbits
  85 0000 789CA558 		.ascii	"x\234\245X[PUU\030\336\377\332\347\262\317\375p\270"
  85      5B505555 
  85      18DEFFDA 
  85      E7B2CFFD 
  85      70B8
  86 0012 1D0EA8E8 		.ascii	"\035\016\250\350\233/\236I\255iz\343\245\267\236jzk"
  86      9B2F9E49 
  86      AD697AE3 
  86      A5B79E6A 
  86      7A6B
  87 0024 9AB2072D 		.ascii	"\232\262\007-gh\262)\337\334G\016\007\020\274\025b\021"
  87      6768B229 
  87      DFDC470E 
  87      0710BC15 
  87      6211
  88 0036 31545361 		.ascii	"1TSa\243\222\211)\340\345\200\022\027\257\230\226\010"
  88      A3928929 
  88      E0E58012 
  88      17AF9896 
  88      08
  89 0047 A2A1C845 		.ascii	"\242\241\310E\274T\244\202\300i\375k\255\315\336m\247"
  89      BC54A482 
  89      C069FD6B 
  89      ADCDDE6D 
  89      A7
  90 0058 A90D6798 		.ascii	"\251\015g\230\377\254\275\326\331\337\377\375\337\177"
  90      FFACBDD6 
  90      D9DFFFFD 
  90      DF7F
  91 0066 39FBE090 		.ascii	"9\373\340\220$\351\303\240$=G\337U\220$\310\223\200"
ARM GAS  /tmp/ccu5HFpz.s 			page 7


  91      24E9C3A0 
  91      243D47DF 
  91      559024C8 
  91      9380
  92 0078 EC382749 		.ascii	"\3548'I1\205\200\314\0272\311ml\243\307n[\277GR\275"
  92      318580CC 
  92      1732C96D 
  92      6CA3C76E 
  92      5BBF4752 
  93 008d B97CBFC0 		.ascii	"\271|\277\300\006v~n'\021~\356`\347\021\276_\340\000"
  93      06767E6E 
  93      27117EEE 
  93      60E711BE 
  93      5FE000
  94 00a0 273F7792 		.ascii	"'?w\222\034~\256\260\363\034\276_\240\200\213\237\273"
  94      1C7EAEB0 
  94      F31CBE5F 
  94      A0808B9F 
  94      BB
  95 00b1 48989FBB 		.ascii	"H\230\237\273\331y\230\357\027\270\301\303\317=$\233"
  95      D97998EF 
  95      17B8C1C3 
  95      CF3D249B 
  96 00c1 9F67B0F3 		.ascii	"\237g\260\363l\276_\220\001^|\007/\311\342\307>v\234"
  96      6CBE5F90 
  96      015E7C07 
  96      2FC9E2C7 
  96      3E769C
  97 00d4 C5B70B7C 		.ascii	"\305\267\013|\304\337\031\241\273\301\316Ut\327O\002"
  97      C4DF19A1 
  97      BBC1CE55 
  97      74D74F02 
  98 00e4 86AB00A4 		.ascii	"\206\253\000\244q\350\240\266H\203\020_\204H&GKgh\231"
  98      71E8A0B6 
  98      4883105F 
  98      84482647 
  98      4B676899 
  99 00f8 7CBF201D 		.ascii	"|\277 \035\000\337U\005\244MD\316\265\331#\016g\216"
  99      00DF5505 
  99      A44D44CE 
  99      B5D9230E 
  99      678E
 100 010a E20ABB3D 		.ascii	"\342\012\273=\331\031\336,\237?\020L\013e\246\303&E"
 100      D919DE2C 
 100      9F3F104C 
 100      0B65A6C3 
 100      2645
 101 011c 96C4CBAE 		.ascii	"\226\304\313\256-\234\332\302\245-<\332\302\253-B\332"
 101      2D9CDAC2 
 101      A52D3CDA 
 101      C2AB2D42 
 101      DA
 102 012d A242AE94 		.ascii	"\242B\256\224\241\255\344v\023Y\376\255J_\311\335\023"
 102      A1ADE476 
 102      1359FEAD 
 102      4A5FC9DD 
 102      13
ARM GAS  /tmp/ccu5HFpz.s 			page 8


 103 013e EE845A1C 		.ascii	"\356\204Z\034\256\241\270U\002\033\016\302r\211~l\360"
 103      AEA1B855 
 103      021B0EC2 
 103      72897E6C 
 103      F0
 104 014f C0EC2E9F 		.ascii	"\300\354.\237\303\306\367\241\021\034\022M\240\324p"
 104      C3C6F7A1 
 104      111C124D 
 104      A0D470
 105 015e D19E5467 		.ascii	"\321\236TgS%jr\374+\370\364\325gA\252\221\201\240\221"
 105      53256A72 
 105      FC2BF8F4 
 105      D56741AA 
 105      9181A091 
 106 0172 D1D8D0D8 		.ascii	"\321\330\320\330\3218\3208\321(h\\h\334h<h\274h|h\374"
 106      D138D038 
 106      D128685C 
 106      68DC683C 
 106      68BC687C 
 107 0188 68026882 		.ascii	"h\002h\202h\322\320\204\320\244\243\311@\223\211&\013"
 107      68D2D084 
 107      D0A4A3C9 
 107      40938926 
 107      0B
 108 0199 4D369A30 		.ascii	"M6\2320\232\0344\0214\271h\362\320,B\263\030\315\022"
 108      9A1C3411 
 108      34B968F2 
 108      D02C42B3 
 108      18CD12
 109 01ac 34F96896 		.ascii	"4\371h\226\242Y\206F\222Ji$\375\0365)\225\311\204.\212"
 109      A2598646 
 109      924A6924 
 109      FD1E3529 
 109      95C9842E 
 110 01c1 92D218B4 		.ascii	"\222\322\030\264M\214t\025\2731<\032rUq\333yg\271\\"
 110      4D8C7415 
 110      BB313C1A 
 110      725571DB 
 110      7967B95C 
 111 01d5 23134005 		.ascii	"#\023@\005\342\237\267\337v\361K\365A\251j\243[}-\203"
 111      E29FB7DF 
 111      76F14BF5 
 111      41A96AA3 
 111      5B7D2D83 
 112 01e9 038E3AA8 		.ascii	"\003\216:\250\215Q\361\352\"5\262\014?B\036\034\242"
 112      8D51F1EA 
 112      2235B20C 
 112      3F421E1C 
 112      A2
 113 01fa FEF1863B 		.ascii	"\376\361\206;\267\272\216\371\243\373\324xL\315\257"
 113      B7BA8EF9 
 113      A3FBD478 
 113      4CCDAF
 114 0209 916D7018 		.ascii	"\221mp\030\352`\027\223\025\216@\224~\340\360\345\352"
 114      EA601793 
 114      158E4094 
 114      7EE0F0E5 
ARM GAS  /tmp/ccu5HFpz.s 			page 9


 114      EA
 115 021a 6E3B22DA 		.ascii	"n;\"\332\000\345\007h\242w2\022\347\206\034f\022vF\342"
 115      00E50768 
 115      A2773212 
 115      E7861C66 
 115      127646E2 
 116 022e 8B99F87E 		.ascii	"\213\231\370~\027\277To\304\030\211\372\326f\325e \341"
 116      17BF546F 
 116      C41889FA 
 116      D666D565 
 116      20E1
 117 0240 80164AA2 		.ascii	"\200\026J\242Y\2208\266\273\261\004\014$\2162\022\230"
 117      599038B6 
 117      BBB1040C 
 117      248E3212 
 117      98
 118 0251 3B38C648 		.ascii	";8\306H\264\357\237\032ti$d8\316)4\217^\343\024\252"
 118      B4EF9F1A 
 118      74692464 
 118      38CE2934 
 118      8F5EE314 
 119 0266 6530059A 		.ascii	"e0\005\232\377\257q\002\202\234`\016\010:HB\224b\025"
 119      FFAF7102 
 119      829C600E 
 119      083A4842 
 119      946215
 120 0279 3D4E0047 		.ascii	"=N\000G\"\034\254\361TGBA\217@_\255\334\337\245- \002"
 120      221CACF1 
 120      54474241 
 120      8F405FAD 
 120      DCDFA52D 
 121 028f B6E0AA4D 		.ascii	"\266\340\252Mwu\022\242\325lU&\313\022m\036\236\315"
 121      777512A2 
 121      D56C5526 
 121      CB126D1E 
 121      9ECD
 122 02a1 E6D18121 		.ascii	"\346\321\201!'\367-\377oh!\324)\035\274\235\3071\235"
 122      27F72DFF 
 122      6F6821D4 
 122      291DBC9D 
 122      C7319D
 123 02b4 E8B27330 		.ascii	"\350\262s0\033\307kO=J\006x \004~\2428C\020\277z\362"
 123      1BC76B4F 
 123      3D4A0678 
 123      20047EA2 
 123      384310BF 
 124 02ca 8C881673 		.ascii	"\214\210\026s\3230\3364\351\343\237\220\240\003=IXx"
 124      D330DE34 
 124      E9E39F90 
 124      A0033D49 
 124      5878
 125 02dc B9126D7B 		.ascii	"\271\022m{(\223msu\327<:\376\265`j\267&B'\343\311\272"
 125      28936D73 
 125      75D73C3A 
 125      FEB5606A 
 125      B7264227 
 126 02f3 B24BE329 		.ascii	"\262K\343)\030\010\260\343\017\213?\340\034\246S\251"
ARM GAS  /tmp/ccu5HFpz.s 			page 10


 126      1808B0E3 
 126      0F8B3FE0 
 126      1CA653A9 
 127 0303 5400BA17 		.ascii	"T\000\272\027 \371i\335\333\031\224\334\301$\267\033"
 127      20F969DD 
 127      DB1994DC 
 127      C124B71B 
 128 0313 25BFDB2E 		.ascii	"%\277\333.\002qZ\225\374\254\016~N\013\245WH\256p\274"
 128      02715A95 
 128      FCAC0E7E 
 128      4E0BA557 
 128      48AE70BC 
 129 0327 272395BD 		.ascii	"'#\225\275\300\203\361\302y.y\337\234\344\212A\343\210"
 129      C083F1C2 
 129      792E79DF 
 129      9CE48A41 
 129      E388
 130 0339 D0D861D0 		.ascii	"\320\330a\320xR\253i\227\265\250/\350\265\320c\322\330"
 130      7852AB69 
 130      97B5A82F 
 130      E8B5D063 
 130      D2D8
 131 034b CDC11ABA 		.ascii	"\315\301\032\272\212;\004\257I\200\213\013P\370g\335"
 131      8A3B04AF 
 131      49808B0B 
 131      50F867DD 
 132 035b D72554D8 		.ascii	"\327%T\330\315'\302\024/\017\313C\347\262\256\351/\254"
 132      CD27C214 
 132      2F0FCB43 
 132      E7B2AEE9 
 132      2FAC
 133 036d DFE7068A 		.ascii	"\337\347\006\212\215\226\344\257Z\267\227\017\013e<"
 133      8D96E4AF 
 133      5AB7970F 
 133      0B653C
 134 037c D6D85ED1 		.ascii	"\326\330^\321\331\366\232\272\335\313\301\206\357\355"
 134      D9F69ABA 
 134      DDCBC186 
 134      EFED
 135 038a AD707265 		.ascii	"\255preT\325\006W\027 M\237\356\254\037\245\361\262"
 135      54D50657 
 135      17204D9F 
 135      EEAC1FA5 
 135      F1B2
 136 039c E2731A8B 		.ascii	"\342s\032\213ok\207(>\237\325\342\273\246\203\017h9"
 136      6F6B8728 
 136      3E9FD5E2 
 136      BBA6830F 
 136      6839
 137 03ae 6E12C5E7 		.ascii	"n\022\305\347\347x'kk\343D\013E\201\353\346\216\367"
 137      E778276B 
 137      6BE3440B 
 137      4581EBE6 
 137      8EF7
 138 03c0 1BCA2F47 		.ascii	"\033\312/G\224\237b(\277\317J\004\271\200\265\270o0"
 138      949F6228 
 138      BFCF4A04 
ARM GAS  /tmp/ccu5HFpz.s 			page 11


 138      B980B5B8 
 138      6F30
 139 03d2 6A36A4F6 		.ascii	"j6\244\366\233I\344 \005[\320\014\035\324\261o\242\246"
 139      9B49E420 
 139      055BD00C 
 139      1DD4B16F 
 139      A2A6
 140 03e4 41A6A9CB 		.ascii	"A\246\251\313\250i\215\246i\232UMo\351\340C\346\031"
 140      A8698DA6 
 140      699A554D 
 140      6FE9E043 
 140      E619
 141 03f6 1AA2784F 		.ascii	"\032\242xO\017\315\220A\302\260\220\320m\370v\376\256"
 141      0FCD9041 
 141      C2B090D0 
 141      6DF876FE 
 141      AE
 142 0407 C43DAF36 		.ascii	"\304=\2576\270\315\230\340c\022\014\2636HN\335\277%"
 142      B8CD98E0 
 142      63120CB3 
 142      36484EDD 
 142      BF25
 143 0419 BEF64AEB 		.ascii	"\276\366J\353c/\300\210\326\011{\265NH\267&\344\250"
 143      632FC088 
 143      D6097BB5 
 143      4E48B726 
 143      E4A8
 144 042b 5E3F63A6 		.ascii	"^?c\246$ep\260\236\241\251\363.\255|h\375\334Y@\332"
 144      246570B0 
 144      9EA1A9F3 
 144      2EAD7C68 
 144      FDDC5940 
 145 0440 C6756F77 		.ascii	"\306uow1m\031,m\036c\332\216hi\3134=$\344\377\3273\302"
 145      316D192C 
 145      6D1E63DA 
 145      8E6869CB 
 145      343D24E4 
 146 0458 3D068EA3 		.ascii	"=\006\216\243\035\356\233\323\226\305\361\372\272\217"
 146      1DEE9BD3 
 146      96C5F1FA 
 146      BA8F
 147 0466 5C9AEB6A 		.ascii	"\\\232\353j\200\007\346<f\031\362\230\315\362XJ9\366"
 147      8007E63C 
 147      6619F298 
 147      CDF2584A 
 147      39F6
 148 0478 7B683ABD 		.ascii	"{h:\275F\222W\206\005\311l\253\265\365\273\256\300\037"
 148      46925786 
 148      05C96CAB 
 148      B5F5BBAE 
 148      C01F
 149 048a 6692618E 		.ascii	"f\222a\216w:Uq\337>'x\020\3764\263\014\033Xf\211j\363"
 149      773A5571 
 149      DF3E2778 
 149      10FE34B3 
 149      0C1B5866 
 150 04a1 19AAAD7C 		.ascii	"\031\252\255|\317\374\206\356\204>t\377b\325\326:\360"
ARM GAS  /tmp/ccu5HFpz.s 			page 12


 150      CFFC86EE 
 150      843E74FF 
 150      62D5D63A 
 150      F0
 151 04b2 49427BC8 		.ascii	"IB{\310\252\377\362\224\014\017\265r\273\336%\004\310"
 151      AAFFF294 
 151      0C0FB572 
 151      BBDE2504 
 151      C8
 152 04c3 31CE6627 		.ascii	"1\316f'{\330\333R\324\372\203\302/\325\344\016\325O"
 152      7BD8DB52 
 152      D4FA83C2 
 152      2FD5E40E 
 152      D54F
 153 04d5 B77AEFC6 		.ascii	"\267z\357\306\017xt\211\024xLi<\0224\232\307\367\034"
 153      0F787489 
 153      14784C69 
 153      3C12349A 
 153      C7F71C
 154 04e8 7618684C 		.ascii	"v\030hL2\032\370\223\000\246\250D,\364\325\272\267\236"
 154      321AF893 
 154      00A6A844 
 154      2CF4D5BA 
 154      B79E
 155 04fa 6D9D677D 		.ascii	"m\235g}\234\324\316\316\230J\340\211\020\243L\366K\263"
 155      9CD4CECE 
 155      984AE089 
 155      10A34CF6 
 155      4BB3
 156 050c B24851D7 		.ascii	"\262HQ\327k\374\216\210\221\237\213\361\2135\035\255"
 156      6BFC8E88 
 156      919F8BF1 
 156      8B351DAD 
 157 051c B4F34BF5 		.ascii	"\264\363K\365j\021\3437\3263q\301\256\363s\303\014\345"
 157      6A11E337 
 157      D63371C1 
 157      AEF373C3 
 157      0CE5
 158 052e 372DF825 		.ascii	"7-\370%\266W\314\310\224_%\343\347\201Y\306OA~)\215"
 158      B657CCC8 
 158      945F25E3 
 158      E78159C6 
 158      4F417E29 
 159 0543 DF844D77 		.ascii	"\337\204Mw\227\234\251=\344G|\017\264\306O\224R\355"
 159      979CA93D 
 159      E4477C0F 
 159      B4C64F94 
 159      52ED
 160 0555 88463020 		.ascii	"\210F0 \355\003-K#eO=\261{\031\277\221\357;\246|\374"
 160      ED032D4B 
 160      23654F3D 
 160      B17B19BF 
 160      91EF3BA6 
 161 056b 527DCC9F 		.ascii	"R}\314\237\330/~S\337\252hy|\233\376\020\360\301f\222"
 161      D82F7E53 
 161      DFAA6879 
 161      7C9BFE10 
ARM GAS  /tmp/ccu5HFpz.s 			page 13


 161      F0C16692 
 162 057f 0731C219 		.ascii	"\0071\302\031\246nN\0354vB\021A\206\370[\012\342\004"
 162      A66E4E1D 
 162      34764211 
 162      4186F85B 
 162      0AE204
 163 0592 13F9A8BD 		.ascii	"\023\371\250\275\244\312\3175+&\364/\217\261\011J\015"
 163      A4CACF35 
 163      2B26F42F 
 163      8FB1094A 
 163      0D
 164 05a3 6E8DCDD8 		.ascii	"n\215\315\330\034\033\213\276\022\272\257\022\346\353"
 164      1C1B8BBE 
 164      12BAAF12 
 164      E6EB
 165 05b1 C181FE42 		.ascii	"\301\201\376B\341\312\017\245\302U\232\341\373\344\311"
 165      E1CA0FA5 
 165      C2559AE1 
 165      FBE4C9
 166 05c0 1E513BB9 		.ascii	"\036Q;\271\326\206G\031\231+\317-\344\237\243*\217\202"
 166      D6864719 
 166      992BCF2D 
 166      E49FA32A 
 166      8F82
 167 05d2 B1A93CDF 		.ascii	"\261\251<\337\301T\256cW\020:\2308\353\220\261\347\247"
 167      C154AE63 
 167      57103A98 
 167      38EB90B1 
 167      E7A7
 168 05e4 B5925F64 		.ascii	"\265\222_d\265\347\267\352\340\333\210\351\001q1\305"
 168      B5E7B7EA 
 168      E0DB88E9 
 168      017131C5 
 169 05f4 7BFA8970 		.ascii	"{\372\211p1E\251n\231\350\026c@\201\355Dk\370L\321\360"
 169      3145A96E 
 169      99E81663 
 169      4081ED44 
 169      6BF84CD1 
 170 0609 E90645CB 		.ascii	"\351\006E\313\337\341\267-\261\026\364\016\306\313\215"
 170      DFE1B72D 
 170      B116F40E 
 170      C6CB8D
 171 0618 BC769A04 		.ascii	"\274v\232\004\315\247`l<\316W\320\217t\354\217Q\320"
 171      CDA7606C 
 171      3CCE57D0 
 171      8F74EC8F 
 171      51D0
 172 062a 7CC6D4C5 		.ascii	"|\306\324\305\321\227Z\303\252dX\370\037\001\330e\342"
 172      D1975AC3 
 172      AA6458F8 
 172      1F01D865 
 172      E2
 173 063b B98C822D 		.ascii	"\271\214\202-\210g\225\216\275\033y.\223\356\301\346"
 173      8867958E 
 173      BD1B792E 
 173      93EEC1E6 
 174 064b BA837B19 		.ascii	"\272\203{\031\224\220\034\250\324tb\257^\021]\263v\335"
ARM GAS  /tmp/ccu5HFpz.s 			page 14


 174      94901CA8 
 174      D47462AF 
 174      5E115DB3 
 174      76DD
 175 065d 9BEB0A37 		.ascii	"\233\353\0127<\363\374\312h\341\206\350\3327\326G\337"
 175      3CF3FCCA 
 175      68E186E8 
 175      DA37D647 
 175      DF
 176 066e 2D7CEFFD 		.ascii	"-|\357\375\015\321\227_yi\325Jn_\\\275q#\236\274\276"
 176      0DD1975F 
 176      7969D54A 
 176      6E5F5CBD 
 176      71239EBC 
 177 0683 7EFD5B2B 		.ascii	"~\375[+\326H\177\003\272l\213\017"
 177      D6487F03 
 177      BA6C8B0F 
 178              		.text
 179              		.section	.gnu.lto_.symbol_nodes.2214aa6bdfa5be19,"",%progbits
 180 0000 789C6363 		.ascii	"x\234cc``H\004b\006\246\335L\365\014\014\023\31610\000"
 180      60604804 
 180      6206A6DD 
 180      4CF50C0C 
 180      13CE3130 
 181 0015 A95D0D8E 		.ascii	"\251]\015\216@\221=L\365\214(\"\254;\231\030\032\225"
 181      40913D4C 
 181      F58C2822 
 181      AC3B9918 
 181      1A95
 182 0027 808A19F7 		.ascii	"\200\212\031\3671\3253\201\245\030\030\032\032\034\200"
 182      31D53381 
 182      A518181A 
 182      1A1C80
 183 0036 027B99EA 		.ascii	"\002{\231\352\231\221\005\230\031X\030Z&\275\221g\006"
 183      99910598 
 183      1958185A 
 183      26BD9167 
 183      06
 184 0047 B2960069 		.ascii	"\262\226\000i\006\000\203\230\027("
 184      06008398 
 184      1728
 185              		.text
 186              		.section	.gnu.lto_.refs.2214aa6bdfa5be19,"",%progbits
 187 0000 789C6363 		.ascii	"x\234cc```\004b\006\000\000D\000\010"
 187      60606004 
 187      62060000 
 187      440008
 188              		.text
 189              		.section	.gnu.lto_.decls.2214aa6bdfa5be19,"",%progbits
 190 0000 789CCD59 		.ascii	"x\234\315Y}PT\331\225\357\373n\323M\003\242\205VbRT"
 190      7D5054D9 
 190      95EFFB6E 
 190      D34D03A2 
 190      85566252 
 191 0015 65CA980C 		.ascii	"e\312\230\014\273\233\330\202fv\376Hv\203\215\014T4"
 191      BB9BD882 
 191      6676FE48 
ARM GAS  /tmp/ccu5HFpz.s 			page 15


 191      76838D0C 
 191      5434
 192 0027 43354EB6 		.ascii	"C5N\266f\376!\01625$\002\023\301\215V\362\307\343K\021"
 192      66FE210E 
 192      32352402 
 192      13C18D56 
 192      F2C7E34B 
 193 003c 4411D111 		.ascii	"D\021\321\021\371RaF\030\020q\374@\005\244\005d\020"
 193      F9526146 
 193      181071FC 
 193      4005A405 
 193      6410
 194 004e 15145141 		.ascii	"\025\024QA\001\033\004DT\344c\360\003\230!\347\336\373"
 194      011B0444 
 194      54E463F0 
 194      039821E7 
 194      DEFB
 195 0060 5EBFDBAF 		.ascii	"^\277\333\257\033\343\356\037[\333\305y\357\235w\177"
 195      1BE3EE1F 
 195      5BDBC579 
 195      EF9D777F 
 196 0070 F79C73CF 		.ascii	"\367\234s\3179\367\343<t\032\215\346\303\237h4:\255"
 196      39F7E33C 
 196      741A8DE6 
 196      C39F6834 
 196      3AAD
 197 0082 46F36BA4 		.ascii	"F\363k\244\321\314\302\017\303\273\213\032\345\007M"
 197      D1CCC20F 
 197      C3BB8B1A 
 197      E5074D
 198 0091 9A2AA01A 		.ascii	"\232*\240\032\240Z\251\015\240\232\026\215\375\357\257"
 198      A05AA90D 
 198      A09A168D 
 198      FDEFAF
 199 00a0 F0D200F7 		.ascii	"\360\322\000\367?\002\275\015\364s\340\227\002\335\200"
 199      3F02BD0D 
 199      F473E097 
 199      02DD80
 200 00af E76570FF 		.ascii	"\347ep\377\005\220\021\350\274\206\341\\\340\371\207"
 200      059011E8 
 200      BC86E15C 
 200      E0F987
 201 00be 406E40AE 		.ascii	"@n@\256@?\001\3721\320\333@\213\200\376\025)\272}\021"
 201      403F01FA 
 201      31D0DB40 
 201      8B80FE15 
 201      29BA7D11 
 202 00d2 D35BAB71 		.ascii	"\323[\253q\374\375\015\332<\377\211\336\377\004\372"
 202      FCFD0DDA 
 202      3CFF89DE 
 202      FF04FA
 203 00e1 0D502A50 		.ascii	"\015P*P\012\320j\240\002\240< \017\015\323M\364\316"
 203      0AD06AA0 
 203      02A03C20 
 203      0F0DD34D 
 203      F4CE
 204 00f3 03FA11D0 		.ascii	"\003\372\021\320\022 \235d\303;@\011@9d|@\336\210\215"
ARM GAS  /tmp/ccu5HFpz.s 			page 16


 204      12209D64 
 204      C33B4009 
 204      4039647C 
 204      40DE888D 
 205 0107 BFC6892D 		.ascii	"\277\306\211-Y\030\235\277XS\353~\037u#\001`\013\350"
 205      59189DBF 
 205      5853EB7E 
 205      1F752301 
 205      600BE8
 206 011a 5B84D815 		.ascii	"[\204\330\025\356\204(?+\377\020{\017o\005v\223\240"
 206      EE84283F 
 206      2BFF107B 
 206      0F6F0576 
 206      93A0
 207 012c 8491BB20 		.ascii	"\204\221\273 \333\033A\222!\310r\351\237$\000\361RY"
 207      DB1B4192 
 207      21C872E9 
 207      9F2400F1 
 207      5259
 208 013e 3B5327FF 		.ascii	";S'\377X\344\330\003\327\217\275\022\024e\\\027\007"
 208      58E4D803 
 208      D78FBD12 
 208      14655C17 
 208      07
 209 014f 5B35B666 		.ascii	"[5\266f\233Q\312 \221\344\204k\231y7\335\254\250\007"
 209      9B51CA20 
 209      91E4846B 
 209      997937DD 
 209      ACA807
 210 0162 5A3FD468 		.ascii	"Z?\324h2\\\243\021y\233\235\277\273\002c\201>\237\252"
 210      325CA311 
 210      799B9DBF 
 210      BB026381 
 210      3E9FAA
 211 0175 BD35A1C5 		.ascii	"\2755\241\305\363\351\363\331\366\247{\364\313\312D"
 211      F3E9F3D9 
 211      F6A77BF4 
 211      CBCA44
 212 0184 F6734DC3 		.ascii	"\366sM\303\032t\006a\331\241\227f_X\346\247a\344\345"
 212      1A740661 
 212      D9A19766 
 212      5F58E6A7 
 212      61E4E5
 213 0197 860460DB 		.ascii	"\206\004`\333F\257\346\271\003\273\310\015-\000\266"
 213      46AFE6B9 
 213      03BBC80D 
 213      2D00B6
 214 01a6 6CE76C96 		.ascii	"l\347l\226\313\342\375\244cF\242\270@@\177\374\001:"
 214      CBE2FDA4 
 214      6346A2B8 
 214      40407FFC 
 214      013A
 215 01b8 87BCD159 		.ascii	"\207\274\321Y\344\015\346\234G\213\341\032\255e\222"
 215      E40DE69C 
 215      478BE11A 
 215      AD6592
 216 01c7 A60F76F4 		.ascii	"\246\017v\364\010K\016\211\207\254\242\345a\266O\376"
ARM GAS  /tmp/ccu5HFpz.s 			page 17


 216      084B0E89 
 216      87ACA2E5 
 216      61B64FFE 
 217 01d7 D56DE275 		.ascii	"\325m\342u\350\367[\212C\247\021F\225h\031\031\305i"
 217      E8F75B8A 
 217      43A71146 
 217      95681919 
 217      C569
 218 01e9 A21D9D42 		.ascii	"\242\035\235BV\204N\242\3730\210*\264\004\372\213CU"
 218      56844EA2 
 218      FB30882A 
 218      B404FA8B 
 218      4355
 219 01fb 5DF3713C 		.ascii	"]\363q<\242F?J}V\252\223\204\265\375\333A\321\222\000"
 219      A2463F4A 
 219      7D56AA93 
 219      84B5FDDB 
 219      41D19200 
 220 020f A2042AA9 		.ascii	"\242\004*\251Z\221T\255\226TC%\245=\236\332\215p&\223"
 220      5A9154AD 
 220      96544325 
 220      A53D9EDA 
 220      8D702693 
 221 0223 145F5DD5 		.ascii	"\024_]\325@$YE\321r\247tyS\305\220\230\342\306l\272"
 221      40245945 
 221      D172A774 
 221      7953C590 
 221      98E2C66C 
 222 0238 A048BA20 		.ascii	"\240H\272 y\004\325R\011\227\037\326\365`|\203I(M\330"
 222      7904D552 
 222      09971FD6 
 222      F5607C83 
 222      49284DD8 
 223 024c D93F4F92 		.ascii	"\331?O\222p\245\312'\267~\233%\204\011\260(\002,\262"
 223      70A5CA27 
 223      B77E9B25 
 223      8409B028 
 223      022CB2
 224 025f 808B5440 		.ascii	"\200\213T@wSI)\006?\276\355\206Hh\347\303\253\343O\316"
 224      77534929 
 224      063FBEED 
 224      864868E7 
 224      C3ABE34F 
 225 0274 BD9AC75E 		.ascii	"\275\232\307^\021\251m\273\307\213\3648\203\305\353"
 225      11A96DBB 
 225      C78BF438 
 225      83C5EB
 226 0283 4652452E 		.ascii	"FRE.fQ\320\002;v\355\340\003O\026\205\267\262\260p\277"
 226      6651D002 
 226      3B76EDE0 
 226      034F1685 
 226      B7B2B070 
 227 0298 73BACB13 		.ascii	"s\272\313\023\271\371\244\210b\202x(Q4\004iP#D\341\022"
 227      B9F9A488 
 227      62827828 
 227      51340469 
 227      502344E1 
ARM GAS  /tmp/ccu5HFpz.s 			page 18


 228 02ad 44013521 		.ascii	"D\0015!\037\"\222\230\201\352\341e\035\274\374\222\004"
 228      1F229298 
 228      81EAE165 
 228      1DBCFC92 
 228      04
 229 02be CC72FFCA 		.ascii	"\314r\377\312\177d\217\213\342[\350\033\344\206\032"
 229      7F648F8B 
 229      E25BE81B 
 229      E4861A
 230 02cd 1453DF76 		.ascii	"\024S\337vc\001+)\332sD\207\257S\013\204\252\234\201"
 230      63012B29 
 230      DA734487 
 230      AF530B84 
 230      AA9C81
 231 02e0 4BC25C3A 		.ascii	"K\302\\:\256\314\251\243\365\336\222\306d\022\231f\320"
 231      AECCA9A3 
 231      F5DE92C6 
 231      64129966 
 231      D0
 232 02f1 7159D101 		.ascii	"qY\321\001*\231\222[uw\373\3650\024\322.~\233~\235\274"
 232      2A99925B 
 232      7577FBF5 
 232      3014D22E 
 232      7E9B7E9D 
 233 0306 AB281AF8 		.ascii	"\253(\032\370)N\304t\344\273\212[\273t?+\024\017\325"
 233      294EC474 
 233      E4BB8A5B 
 233      BB743F2B 
 233      140FD5
 234 0319 91ACF975 		.ascii	"\221\254\371uQ\37561\003Q\3645&\315f\205\206\276\271"
 234      51FD3631 
 234      0351F435 
 234      26CD6685 
 234      86BEB9
 235 032c 4AEC6941 		.ascii	"J\354iA?\203\256g\006/7\2721\247\211\010xK\343\316\247"
 235      3F83AE67 
 235      062F37BA 
 235      31A78908 
 235      784BE3CE 
 236 0341 08EF6572 		.ascii	"\010\357er\017\264\235X\355\006\203I|\243\301@\207\224"
 236      0FB49D58 
 236      ED068349 
 236      7CA3C140 
 236      8794
 237 0353 DEED3725 		.ascii	"\336\3557%i/\011\177\260\352\333f\027\306\273\002[9"
 237      692F097F 
 237      B0EADB66 
 237      17C6BB02 
 237      5B39
 238 0365 525A398F 		.ascii	"RZ9\217\205\304B\232g\353^t\314\303\331L\331\236\321"
 238      85C4429A 
 238      67EB5E74 
 238      CCC3D94C 
 238      D99ED1
 239 0378 F1BD3AA2 		.ascii	"\361\275:\242Md\332H'\305\354\333\304\027\310\350\215"
 239      4D64DA48 
 239      27C5ECDB 
ARM GAS  /tmp/ccu5HFpz.s 			page 19


 239      C417C8E8 
 239      8D
 240 0389 96534595 		.ascii	"\226SE\225\247\013\237\271ze\3209\005\323CK\007\333"
 240      A70B9FB9 
 240      7A65D039 
 240      05D3434B 
 240      07DB
 241 039b 0EE89B14 		.ascii	"\016\350\233\024}\007y\311}\250\236G\235\205\006f\306"
 241      7D0779C9 
 241      7DA89E47 
 241      9D850666 
 241      C6
 242 03ac 28E13F3F 		.ascii	"(\341??\3277\352\211\013%\275\365\223\023\356\370(c"
 242      D737EA89 
 242      0B25BDF5 
 242      9313EEF8 
 242      2863
 243 03be BA8E647D 		.ascii	"\272\216d}\241e\310!\302\347\315\314$iq\031kL\250\352"
 243      A165C821 
 243      C2E7CDCC 
 243      24697119 
 243      6B4CA8EA 
 244 03d2 DC234D73 		.ascii	"\334#Ms+\315\276\204\275E:|\2065N\217\034\035\325a\013"
 244      2BCDBE84 
 244      BD453A7C 
 244      86354E8F 
 244      1C1DD561 
 245 03e7 632A7BF7 		.ascii	"c*{\367\325J\012;\010_?\221;\346\201\233YcrQ\373N=n"
 245      D54A0A3B 
 245      085F3F91 
 245      3BE6819B 
 245      59637251 
 246 03ff 67CCCDC1 		.ascii	"g\314\315\301\303I\036\014I\303:q/\275\321\003\367\260"
 246      C3491E0C 
 246      49C33A71 
 246      2FBDD103 
 246      F7B0
 247 0411 C686A607 		.ascii	"\306\206\246\0077]\361\020c\322.\235n\224\322\273\211"
 247      375DF110 
 247      63D22E9D 
 247      6E94D2BB 
 247      89
 248 0422 CEC9A18A 		.ascii	"\316\311\241\212\355\030\217K\012%\317zI\236\035\273"
 248      ED188F4B 
 248      0A25CF7A 
 248      499E1DBB 
 249 0432 5E9F6AC0 		.ascii	"^\237j\3003\254\361\332\216\314}\002N\322R\246x0w\227"
 249      33ACF1DA 
 249      8ECC7D02 
 249      4ED252A6 
 249      78307797 
 250 0446 A4F05DE2 		.ascii	"\244\360]\342\232\234\321<\017\274\223\265U\027&\227"
 250      9A9CD13C 
 250      0FBC93B5 
 250      55172697 
 251 0456 B8E2FD8C 		.ascii	"\270\342\375\214\251\252\254n\224b\267\034\330\244\226"
 251      A9AAAC6E 
ARM GAS  /tmp/ccu5HFpz.s 			page 20


 251      9462B71C 
 251      D8A496
 252 0465 F42E0F9C 		.ascii	"\364.\017\234\317\332\312\207\266[\364\370K\306\344"
 252      CFDACA87 
 252      B65BF4F8 
 252      4BC6E4
 253 0474 4C743F92 		.ascii	"Lt?\222\006\353C\204\\{U\346\211\313Y\233<\011\275\350"
 253      06EB4384 
 253      5C7B55E6 
 253      89CB599B 
 253      3C09BDE8 
 254 0488 2444D5F7 		.ascii	"$D\325\367N\033\361Y\326tx\350\334\336\371\370\"cF\222"
 254      4E1BF159 
 254      D67478E8 
 254      DCDEF9F8 
 254      22634692 
 255 049c 06ACEE0C 		.ascii	"\006\254\356\014\267\030\330\336\356\207\251\236\270"
 255      B718D8DE 
 255      EE87A99E 
 255      B8
 256 04a9 99B56DAB 		.ascii	"\231\265m\253\335Wc\300\355\214\221\327V/\266\2666X"
 256      DD5763C0 
 256      ED8C91D7 
 256      562FB6B6 
 256      3658
 257 04bb 7B10EE66 		.ascii	"{\020\356fM\217S-\235\002\036dL\311\271\364^\027\374"
 257      4D8F532D 
 257      9D021E64 
 257      4CC9B9F4 
 257      5E17FC
 258 04ce 8C310F2A 		.ascii	"\2141\017*\223\236k\361\004cJg\362\257\033\360K\306"
 258      939E6BF1 
 258      04634A67 
 258      F2AF1BF0 
 258      4BC6
 259 04e0 5C3F6F1D 		.ascii	"\\?o\035\360\304\242\013e\312\256}\323%y8\205\314\205"
 259      F0C4A20B 
 259      65CAAE7D 
 259      D3257938 
 259      85CC85
 260 04f3 B2E2EE41 		.ascii	"\262\342\356A\275\224\256$}\213\316Zg\020N\244\340\267"
 260      BD94AE24 
 260      7D8BCE5A 
 260      67104EA4 
 260      E0B7
 261 0505 CE4C6695 		.ascii	"\316Lf\225\352\320R\207\337Bz\365\221\270#bR\242hyQ"
 261      EAD05287 
 261      DF427AF5 
 261      91B82362 
 261      52A26879 
 262 051a 82A74F16 		.ascii	"\202\247O\026\335\210\027\213\026\243\033\220\250}0"
 262      DD88178B 
 262      16A31B90 
 262      A87D30
 263 0529 07F7090B 		.ascii	"\007\367\011\013\225\351d\245Y\353\013\027\315\021\262"
 263      95E964A5 
 263      59EB0B17 
ARM GAS  /tmp/ccu5HFpz.s 			page 21


 263      CD11B2
 264 0538 7658C6F3 		.ascii	"vX\306\3630\254\327Il\312\277P\303\237Sx#bx\242\341"
 264      30ACD749 
 264      6CCABF50 
 264      C39F5378 
 264      236278A2 
 265 054d AE8C27E2 		.ascii	"\256\214'\342\247\325\370W\274x\002\257\343\341\337"
 265      A7D5F857 
 265      BC7802AF 
 265      E3E1DF
 266 055c ABE1465E 		.ascii	"\253\341F^:Y\240\246\012p<\205\303\274B]\022\\\236m"
 266      3A59A0A6 
 266      0A703C85 
 266      C3BC425D 
 266      125C9E6D 
 267 0570 E89E83F4 		.ascii	"\350\236\203\364|N\372\267j\351\023\016\306O\361\370"
 267      7C4EFAB7 
 267      6AE9130E 
 267      C64FF1F8 
 268 0580 476AFC90 		.ascii	"Gj\374\220#\236\267~\322\271|_\305\372:\336\372\207"
 268      239EB77E 
 268      D2B97C5F 
 268      C5FA3ADE 
 268      FA87
 269 0592 6AEB07D5 		.ascii	"j\353\007\325\360\266b\016~K\015oS\017v*\2273f\326\251"
 269      F0B6620E 
 269      7E4B0D6F 
 269      530F762A 
 269      973366D6 
 270 05a7 2BB9B80E 		.ascii	"+\271\270\016\347sq}\242F?Fj\3177\347s\306\214\253\215"
 270      E773717D 
 270      A2463F46 
 270      6ACF37E7 
 270      73C68CAB 
 271 05bc 19531BD3 		.ascii	"\031S\033\323\306{fF-\376\246\203'\207y\374K\347i\306"
 271      C67B6646 
 271      2DFEA683 
 271      278779FC 
 271      4BE769C6 
 272 05d0 89BFCB07 		.ascii	"\211\277\313\007\352\231\032>\342 \276\217\307?u>Z>"
 272      EA991A3E 
 272      E220BE8F 
 272      C73F753E 
 272      5A3E
 273 05e2 6F8A39F8 		.ascii	"o\2129\370]5\274C\201\357\221\326}\021i5(^\360F\242"
 273      5D35BC43 
 273      81EF91D6 
 273      7D116935 
 273      285EF046 
 274 05f7 40DA089C 		.ascii	"@\332\010\234lv9\202\017J\027\226\242m@\331@\031@\311"
 274      6C763982 
 274      0F4A1796 
 274      A26D40D9 
 274      401940C9 
 275 060b 409F03ED 		.ascii	"@\237\003\355\001J\002J\005J\001\332\015\224\017\224"
 275      014A024A 
 275      054A01DA 
ARM GAS  /tmp/ccu5HFpz.s 			page 22


 275      0D940F94 
 276 061b 09B41768 		.ascii	"\011\264\027h\027P\001\320\016\2404\240\375@\207\201"
 276      175001D0 
 276      0EA034A0 
 276      FD408781 
 277 062b 12810E00 		.ascii	"\022\201\016\000\035\004\312\005\332\016\224\005t\004"
 277      1D04CA05 
 277      DA0E9405 
 277      7404
 278 0639 6827D021 		.ascii	"h'\320!\240<a)=\276\260\3214\027p\243\031P\217\346\201"
 278      A03C6129 
 278      3DBEB0D1 
 278      341770A3 
 278      19508FE6 
 279 064e 7AF07D7C 		.ascii	"z\360}|(\246\234\317`[f@&\365\025p\231\324\353|A\341"
 279      28A69CCF 
 279      605B6640 
 279      26F51570 
 279      99D4EB7C 
 280 0664 63D1CCCB 		.ascii	"c\321\314\313\377\316yjp\346\014\363\326\337W\303\273"
 280      FFCE796A 
 280      70E60CF3 
 280      D6DF57C3 
 280      BB
 281 0675 15383BC2 		.ascii	"\0258;\302\214\344\342lQ\\@P\032\351\370\242x\342y\001"
 281      8CE4E26C 
 281      515C4050 
 281      1AE9F8A2 
 281      78E27901 
 282 0689 2E39258A 		.ascii	".9%\212;tTX\217savy\303'B\202\240\302\267:\340\333\370"
 282      3B745458 
 282      8F736176 
 282      79C32742 
 282      82A0C2B7 
 283 06a1 3C1B759E 		.ascii	"<\033u\236\227\334\330\306y\370\260\363\365\206\317"
 283      97DCD8C6 
 283      79F8B0F3 
 283      F586CF
 284 06b0 7ADE9AEB 		.ascii	"z\336\232\353jx\253\303\034\344=\327\357<\356v\201\341"
 284      6A78ABC3 
 284      1CE43DD7 
 284      EF3CEE76 
 284      81E1
 285 06c2 C5773ACF 		.ascii	"\305w:\317z\206\207-h\262\254\254\333\035_\242[\220"
 285      7A86872D 
 285      68B2ACAC 
 285      DB1D5FA2 
 285      5B90
 286 06d4 D0FBE25C 		.ascii	"\320\373\342\\\216\200\026\3728\235\016\350\013\230"
 286      8E8016FA 
 286      389D0EE8 
 286      0B98
 287 06e2 05FF5F66 		.ascii	"\005\377_f\204\224$\3058\021\214DE`U\241`;\346\222\234"
 287      849424C5 
 287      38118C44 
 287      456055A1 
 287      603BE692 
ARM GAS  /tmp/ccu5HFpz.s 			page 23


 288 06f7 A183ABBD 		.ascii	"\241\203\253\275}\365\266\336#\325vx\246@\345\010\370"
 288      7DF5B6DE 
 288      23D57678 
 288      A640E508 
 288      F8
 289 0708 A5E0418B 		.ascii	"\245\340A\213\003\270gamW\331\366\307\260\377.\364\221"
 289      03B86761 
 289      6D57D9F6 
 289      C7B0FF2E 
 289      F491
 290 071a F6D8911C 		.ascii	"\366\330\221\034>\311\310B\\\354|!\266\363\226rd,\226"
 290      3EC9C842 
 290      5CEC7C21 
 290      B6F39672 
 290      642C96
 291 072d 5C5502AE 		.ascii	"\\U\002\256:\012\246\177egzO\016\313\357b\247\371m\247"
 291      3A0AA67F 
 291      65677A4F 
 291      0ECBEF62 
 291      A7F96DA7 
 292 0741 BAD3A96A 		.ascii	"\272\323\251j[\004\017~\335P\253\3077X\004\323\253\246"
 292      5B040F7E 
 292      DD50ABC7 
 292      375804D3 
 292      ABA6
 293 0753 2B903A82 		.ascii	"+\220:\202\266\345\375\030\230\362z\263\276\317a\036"
 293      B6E5FD18 
 293      98F27AB3 
 293      BECF611E 
 294 0763 2D0354A9 		.ascii	"-\003T\251\342\321b\331\243]\035m\315\230\367h\231\235"
 294      E2D162D9 
 294      A35D1D6D 
 294      CD98F768 
 294      999D
 295 0775 47CB258F 		.ascii	"G\313%\217\226\023\217\242\202\231\351lO\036L\2523\005"
 295      96138FA2 
 295      8299E96C 
 295      4F1E4CAA 
 295      3305
 296 0787 7C5C021F 		.ascii	"|\\\002\037\247\340\274\216#\027\004\334\315\016N\307"
 296      A7E0BC8E 
 296      231704DC 
 296      CD0E4EC7 
 297 0797 86BA7211 		.ascii	"\206\272r\021\024w\026Z\265\276{\273\236V\255\207\244"
 297      1477165A 
 297      B5BE7BBB 
 297      9E56AD87 
 297      A4
 298 07a8 AAB54231 		.ascii	"\252\265B1\014\036\355k\315\023\002)\364^\265\355Jv"
 298      0C1EED6B 
 298      CD130229 
 298      F45EB5ED 
 298      4A76
 299 07ba C12F99B0 		.ascii	"\301/\231\260\372\356\212\012W<\313\030\271<Y$\225'"
 299      FAEE8A0A 
 299      573CCB18 
 299      B93C5924 
ARM GAS  /tmp/ccu5HFpz.s 			page 24


 299      9527
 300 07cc DFF5D75A 		.ascii	"\337\365\327Z"
 301 07d0 0D789B8E 		.ascii	"\015x\233\2164\352\222\3063\023\365\364\010\346\263"
 301      34EA92C6 
 301      3313F5F4 
 301      08E6B3
 302 07df D076D0CA 		.ascii	"\320v\320\312+MM\207B\010\321X\234\004\325Us\355\307"
 302      2B4D4D87 
 302      4208D158 
 302      9C04D555 
 302      73EDC7
 303 07f2 74CBF948 		.ascii	"t\313\371H\231{\247\325`\307\375r\374C\373\275\336Q"
 303      997BA7D5 
 303      60C7FD72 
 303      FC43FBBD 
 303      DE51
 304 0804 B6DD3985 		.ascii	"\266\3359\205C\177\355\\8\267\204\366tz\305\223XV\331"
 304      437FED5C 
 304      38B784F6 
 304      747AC593 
 304      5856D9
 305 0817 A7985D6A 		.ascii	"\247\230]j\234\202\311\315\266\202*)/\316C^\234\201"
 305      9C82C9CD 
 305      B6822A29 
 305      2FCE435E 
 305      9C81
 306 0829 BC380B74 		.ascii	"\2748\013t\016\250R\312\017R\275\365\177gE8\235\372"
 306      0EA852CA 
 306      0F52BDF5 
 306      7F674538 
 306      9DFA
 307 083b 4A283FD0 		.ascii	"J(?\320\364\225\273:\323dq\350\002H\371g\022\231\225"
 307      F495BB3A 
 307      D36471E8 
 307      0248F967 
 307      129995
 308 084e 2D77B5A2 		.ascii	"-w\265\242\350\212j\000\\\255\304\265JN\270\352\274"
 308      E88A6A00 
 308      5CADC4B5 
 308      4A4EB8EA 
 308      BC
 309 085f D964039F 		.ascii	"\331d\003\237C5v\011W+\345P-\315\241\261\231\274J\251"
 309      43357609 
 309      572BE550 
 309      2DCDA1B1 
 309      99BC4AA9 
 310 0873 70584462 		.ascii	"pXDb{?#C:n\037\"\261~r -q\376\234\005a\235 \025\204"
 310      7B3F2343 
 310      3A6E1F22 
 310      B17E7220 
 310      2D71FE9C 
 311 088d 9758E9D9 		.ascii	"\227X\351\331\336=\260\337C]\021^\204\001Z\350\331\240"
 311      DE3DB0DF 
 311      435D115E 
 311      84015AE8 
 311      D9A0
 312 089f 5EF0923B 		.ascii	"^\360\222;\021\364\351\266;\317\0158\227\372\006u\356"
ARM GAS  /tmp/ccu5HFpz.s 			page 25


 312      11F4E9B6 
 312      3BCF0D38 
 312      97FA0675 
 312      EE
 313 08b0 4F7DE222 		.ascii	"O}\342\"\327\271)oR\347\026\015\236xf\340\225]\022^"
 313      D7B9296F 
 313      52E7160D 
 313      9E7866E0 
 313      955D125E 
 314 08c4 A3ACAAB1 		.ascii	"\243\254\252\261\015\252\372\303LY\335x\305Q\251\376"
 314      0DAAFAC3 
 314      4C59DD78 
 314      C551A9FE 
 315 08d4 C2C05A33 		.ascii	"\302\300Z3\352g\347\036\344ey\220M\002\325;\231Q\021"
 315      EA67E71E 
 315      E4657990 
 315      4D02D53B 
 315      995111
 316 08e7 A81EA392 		.ascii	"\250\036\243\222\023\315T\355eYmv\336p\271\2406rN\364"
 316      13CD54ED 
 316      65596D76 
 316      DE70B9A0 
 316      36724EF4 
 317 08fb E0F7279B 		.ascii	"\340\367'\233\241\244cF\356\315|\331\354\212\277b\314"
 317      A1A46346 
 317      EECD7CD9 
 317      EC8ABF62 
 317      CC
 318 090c 44E9E817 		.ascii	"D\351\350\027:\\\316\230\252\370\242[X-t\316\302\373"
 318      3A5CCE98 
 318      AAF8A25B 
 318      582D74CE 
 318      C2FB
 319 091e C0ABC3C3 		.ascii	"\300\253\303\303\363\360\327\254\353\323\221\231\343"
 319      F3F0D7AC 
 319      EBD39199 
 319      E3
 320 092b 9EB89231 		.ascii	"\236\270\2221\245e\027[\334q5cf2\012N\032p\235\344\240"
 320      A565175B 
 320      DC713563 
 320      66320A4E 
 320      1A709DE4 
 321 0940 C2FC4C03 		.ascii	"\302\374L\003\376\2061\263\031)\331z|\2251Y-Y\205\356"
 321      FE8631B3 
 321      1929D97A 
 321      7C953159 
 321      2D5985EE 
 322 0954 F80663A6 		.ascii	"\370\006c\246\207\262:\021\363\243\007W\233/\222j\363"
 322      87B23A11 
 322      F3A30757 
 322      9B2F926A 
 322      F3
 323 0965 F2E7BB3E 		.ascii	"\362\347\273>w\307w\030\366Ng\3229\011\353\016lb\331"
 323      77C77718 
 323      F64E67D2 
 323      3909EB0E 
 323      6C62D9
ARM GAS  /tmp/ccu5HFpz.s 			page 26


 324 0978 85332E73 		.ascii	"\2053.s\372\374\236\354\363\273\314\347\307\223\373"
 324      FAFC9EEC 
 324      F3BBCCE7 
 324      C793FB
 325 0987 4B5CA1B3 		.ascii	"K\\\241\2637\231\362\334'(o\366\011\352\224e\342\230"
 325      3799F2DC 
 325      27286FF6 
 325      09EA9465 
 325      E298
 326 0999 16DF63B3 		.ascii	"\026\337c\263\354\304\261\376?!\0377\371\323\321\262"
 326      ECC4B1FE 
 326      3F211F37 
 326      F9D3D1B2 
 327 09a9 E4EDE4B3 		.ascii	"\344\355\344\263\216\025\\\324\243L\026o\342\034\372"
 327      8E155CD4 
 327      A34C166F 
 327      E21CFA
 328 09b8 89482C14 		.ascii	"\211H,\024\361b\015ZA\277j\240\3730\361\274\245\\\353"
 328      F1620D5A 
 328      41BF6AA0 
 328      FB30F1BC 
 328      A55CEB
 329 09cb 86307531 		.ascii	"\2060u1\375%\005\305\015\363\360\000S\320s\354Y\013"
 329      FD2505C5 
 329      0DF3F000 
 329      53D073EC 
 329      590B
 330 09dd B66968BD 		.ascii	"\266ih\275\267\344$\375p\364\0004\364*\032\254\302\034"
 330      B7E424FD 
 330      70F40034 
 330      F42A1AAC 
 330      C21C
 331 09ef 2AFA9CAB 		.ascii	"*\372\234\253H//\252\325)AET^\007\264\337\241\351\334"
 331      482F2FAA 
 331      D5294145 
 331      545E07B4 
 331      DFA1E9DC 
 332 0a03 4F33E59E 		.ascii	"O3\345\236\234)\011\015;\036#6]\336Hz\313`Z\253;/}\340"
 332      9C29090D 
 332      3B1E2336 
 332      5DDE487A 
 332      CB605AAB 
 333 0a1b 75D26BDA 		.ascii	"u\322k\332\272~\213\237\262\270M\266t\301\311v\2141"
 333      BA7E8B9F 
 333      B2B84DB6 
 333      74C1C976 
 333      8C31
 334 0a2d 49572E1F 		.ascii	"IW.\037\325\343I\306<)\271\326\244\303\323\214\351\037"
 334      D5E349C6 
 334      3C29B9D6 
 334      A4C3D38C 
 334      E91F
 335 0a3f 9C3A8BB1 		.ascii	"\234:\213\261\250\247\314\227O\216\244\033p2c\222\372"
 335      A8A7CC97 
 335      4F8EA41B 
 335      70326392 
 335      FA
ARM GAS  /tmp/ccu5HFpz.s 			page 27


 336 0a50 475AA4AF 		.ascii	"GZ\244\257\005;I\354\246G\317\264\313YB*\372\341\311"
 336      053B49EC 
 336      A647CFB4 
 336      CB59422A 
 336      FAE1C9
 337 0a63 8159579C 		.ascii	"\201YW\234F\301?<\321v\365\220\001\331J\370\245\252"
 337      46C13F3C 
 337      D176F590 
 337      01D94AF8 
 337      A5AA
 338 0a75 423E0B0A 		.ascii	"B>\013\012\261\326a\234\323\332,\322\375\345\212\340"
 338      B1D6619C 
 338      D3DA2CD2 
 338      FDE58AE0 
 339 0a85 85BE019F 		.ascii	"\205\276\001\237O\300\012g[H\355\217\365\320\243n\013"
 339      4FC00A67 
 339      5B48ED8F 
 339      F5D0A36E 
 339      0B
 340 0a96 5CE2617A 		.ascii	"\\\342az\001\272SB\313c\267/\260\262\310\331q+\3331"
 340      01BA5342 
 340      CB63B72F 
 340      B0B2C8D9 
 340      712BDB31 
 341 0aaa C8A4BA2A 		.ascii	"\310\244\272*\241mk\321 \267\035\331-\343# \357)\365"
 341      A16D6BD1 
 341      20B71DD9 
 341      2DE32320 
 341      EF29F5
 342 0abd E584B486 		.ascii	"\345\204\264\206\317B$\022\360R\364\034\326o\021\356"
 342      CF422412 
 342      F052F41C 
 342      D66F11EE 
 343 0acd C9402FE1 		.ascii	"\311@/\341\371\025\320\030P<\360\211@3\360\374=\320"
 343      F915D018 
 343      503CF089 
 343      4033F0FC 
 343      3DD0
 344 0adf 7740DF92 		.ascii	"w@\337\222s \274\333\006\364\002\236\307\201F\201&\201"
 344      7320BCDB 
 344      06F4029E 
 344      C7814681 
 344      2681
 345 0af1 A681A6EC 		.ascii	"\246\201\246\354\252\233\361-\312\336vCm\251]eG\374"
 345      AA9BF12D 
 345      CADE7643 
 345      6DA95D65 
 345      47FC
 346 0b03 D6B79555 		.ascii	"\326\267\225U\261\215\340\205\006\011-/\227|1!\035\270"
 346      B18DE085 
 346      06092D2F 
 346      977C3121 
 346      1DB8
 347 0b15 6314D98F 		.ascii	"c\024\331\217\325\262\355vY\342\263f\316g\327\234\373"
 347      D5B2ED76 
 347      59E2B366 
 347      CE67D79C 
ARM GAS  /tmp/ccu5HFpz.s 			page 28


 347      FB
 348 0b26 8C3FFB73 		.ascii	"\214?\373s\262\207\324h\207\357$S\034\372\241s\264\335"
 348      B287D468 
 348      87EF2453 
 348      1CFAA173 
 348      B4DD
 349 0b38 F1602B57 		.ascii	"\361`+W\036\253\341\254F\345>4\014KN\201\335\202~\342"
 349      1EABE1AC 
 349      46E53E34 
 349      0C4B4E81 
 349      DD827EE2 
 350 0b4c B1734A87 		.ascii	"\261sJ\207\203\360\273\234\307\333\325\302\307\034K"
 350      83F0BB9C 
 350      C7DBD5C2 
 350      C71C4B
 351 0b5b 7B0EDEA6 		.ascii	"{\016\336\246\206;)\3259\370M\347p\356\254\322\370\214"
 351      863B29D5 
 351      39F84DE7 
 351      70EEACD2 
 351      F88C
 352 0b6d 9D55269C 		.ascii	"\235U&\234\035\207\007\237-:\222(6-g\345\225Z\226C\245"
 352      1D87079F 
 352      2D3A9228 
 352      362D67E5 
 352      955A9643 
 353 0b82 D9CC69BE 		.ascii	"\331\314i\276\255F\333\177,\242S$F\011\367\023\247\311"
 353      AD46DB7F 
 353      2CA25324 
 353      4609F713 
 353      A7C9
 354 0b94 C1D7629C 		.ascii	"\301\327b\234\354[\316}\306G\233C_w\236\323v\036\346"
 354      EC5BCE7D 
 354      C6479B43 
 354      5F779ED3 
 354      761EE6
 355 0ba7 92E391F3 		.ascii	"\222\343\221\363a\332\014'+\201\024\356V\010w\213\004"
 355      61DA0C27 
 355      2B8114EE 
 355      5608778B 
 355      04
 356 0bb8 B71DF5B9 		.ascii	"\267\035\365\271\242\223\254\230\367\367\265hq+]\226"
 356      A293AC98 
 356      F7F7B568 
 356      712B5D96 
 357 0bc8 84EE47A7 		.ascii	"\204\356G\247\322\034Nn\362\224G;\260\317\377\311\254"
 357      D21C4E6E 
 357      F294473B 
 357      B0CFFFC9 
 357      AC
 358 0bd9 97EA8D57 		.ascii	"\227\352\215W:r\372K\301\013\321vl\333n&\344\323_\341"
 358      3A72FA4B 
 358      C10BD176 
 358      6CDB6E26 
 358      E4D35FE1 
 359 0bed 605FBD96 		.ascii	"`_\275\226?\375\021\240\262\263\246bv\372\203;\200o"
 359      3FFD11A0 
 359      B2B3A662 
ARM GAS  /tmp/ccu5HFpz.s 			page 29


 359      76FA833B 
 359      806F
 360 0bff 3FCDCB74 		.ascii	"?\315\313t\301\035l\241\036?\330\370\330\015\3670&\247"
 360      C11D6CA1 
 360      1E3FD8F8 
 360      D80DF730 
 360      26A7
 361 0c11 FCAB248C 		.ascii	"\374\253$\214{\031\323U\035\337\340\211\0371\246\267"
 361      7B19D355 
 361      1DDFE089 
 361      1F31A6B7 
 362 0c21 20A1DF05 		.ascii	" \241\337\005\2170\346l\315S?\266\266{\003w\276{\314"
 362      8F30E66C 
 362      CD533FB6 
 362      B67B0377 
 362      BE7BCC
 363 0c34 22FDD3CD 		.ascii	"\"\375\323\315J\226\372\202\307CVw<N\241\206\372\356"
 363      4A96FA82 
 363      C7435677 
 363      3C4EA186 
 363      FAEE
 364 0c46 F6D3485E 		.ascii	"\366\323H^\332}\224\257\262M\307\271b!\015F\264\037"
 364      DA7D94AF 
 364      B24DC7B9 
 364      62210D46 
 364      B41F
 365 0c58 BF76824F 		.ascii	"\277v\202O\375\315\376\374\357\004\316\177C\341\320"
 365      FDCDFEFC 
 365      EF04CE7F 
 365      43E1D0
 366 0c67 E96AE1DC 		.ascii	"\351j\341\334<\260\213\354\036\354\21520i#p\022\326"
 366      3CB08BEC 
 366      1EEC8D32 
 366      30692370 
 366      12D6
 367 0c79 8310E21C 		.ascii	"\203\020\342\034\010O6\320>\240\317\201\262\200\366"
 367      084F36D0 
 367      3EA0CF81 
 367      B280F6
 368 0c88 021DC076 		.ascii	"\002\035\300v\2132\247p\247s\205v_\036\376\256\3003"
 368      8B32A770 
 368      A7738576 
 368      5F1EFEAE 
 368      C033
 369 0c9a D570878F 		.ascii	"\325p\207\217\177}\234\360]j4\267*Ku\3024[!\000\345"
 369      7F7D9CF0 
 369      5D6A34B7 
 369      2A4B75C2 
 369      345B2100 
 370 0caf B842F44C 		.ascii	"\270B\364L{)+\304n\247\262\344\251\260\255S\354p\307"
 370      7B292BC4 
 370      6EA7B2E4 
 370      A9B0AD53 
 370      EC70C7
 371 0cc2 AFD85468 		.ascii	"\257\330Th\252\330^mPO\005\331a(\037\374\364?\361\031"
 371      AAD85E6D 
 371      504F05D9 
ARM GAS  /tmp/ccu5HFpz.s 			page 30


 371      61281FFC 
 371      F43FF119 
 372 0cd6 33F4F60C 		.ascii	"3\364\366\014M\351<\350\230\253\24441\233\352\337w\264"
 372      4DE93CE8 
 372      98ABA434 
 372      319BEADF 
 372      77B4
 373 0ce8 A8D39D4F 		.ascii	"\250\323\235O\351<\273\224.\220R\232\334=>]\2771l\343"
 373      E93CBB94 
 373      2E90529A 
 373      DC3D3E5D 
 373      BF316CE3 
 374 0cfc C60D6191 		.ascii	"\306\015a\221\321\221q+\226\031\303?\215\37482&\326"
 374      D191712B 
 374      9619C33F 
 374      8DFC3832 
 374      26D6
 375 0d0e F75D3F63 		.ascii	"\367]?cL\254\021\032\215\237\305l\212\2135\206\256["
 375      4CAC111A 
 375      8D9FC56C 
 375      8A8B3586 
 375      AE5B
 376 0d20 BBC28F5D 		.ascii	"\273\302\217]\003Wn\331b\224\272-\013w}\357\367\037"
 376      03576ED9 
 376      6294BA2D 
 376      0B777DEF 
 376      F71F
 377 0d32 BC65F2F5 		.ascii	"\274e\362\365\325\254\374_t\326,\210\215\213Z\341\027"
 377      D5ACFC5F 
 377      74D62C88 
 377      8D8B5AE1 
 377      17
 378 0d43 16BE3126 		.ascii	"\026\2761&\374\317\324\004}\344\246\277\004\303\375"
 378      FCCFD404 
 378      7DE4A6BF 
 378      04C3FD
 379 0d52 9D3797C6 		.ascii	"\2357\227\306DD\306nZ\366\251F\277!j\375\033u_\263&"
 379      4444C66E 
 379      5AF6A946 
 379      BF216AFD 
 379      1B755FB3 
 380 0d67 C018B0D6 		.ascii	"\300\030\260\326\377\277\375\244\356\320\017\272\273"
 380      FFBFFDA4 
 380      EED00FBA 
 380      BB
 381 0d74 85856D8E 		.ascii	"\205\205m\216\214\216\003>n\245qs\354&\343\372MQ\277"
 381      8C8E033E 
 381      6EA57173 
 381      EC26E3FA 
 381      4D51BF
 382 0d87 8C8E898E 		.ascii	"\214\216\211\216\370e\304\372\217#\215\221\321\341\033"
 382      F865C4FA 
 382      8F238D91 
 382      D1E11B
 383 0d96 376F8830 		.ascii	"7o\2100F\255\007\341\321\021\306\260\015\021\237\254"
 383      46AD07E1 
 383      D111C6B0 
ARM GAS  /tmp/ccu5HFpz.s 			page 31


 383      0D119FAC 
 384 0da6 DFBC312E 		.ascii	"\337\2741.,n\353g\021\261\320\337U\356\375/\257\351"
 384      2C6EEB67 
 384      11B1D0DF 
 384      55EEFD2F 
 384      AFE9
 385 0db8 1DBB35D6 		.ascii	"\035\2735\326\030\026\033\267\001\240\320e~\350\326"
 385      18161BB7 
 385      01A0D065 
 385      7EE8D6
 386 0dc7 D8B88828 		.ascii	"\330\270\210(S\314\246\010\023\361\202Kh\250\351=\263"
 386      53CCA608 
 386      13F1824B 
 386      68A8E93D 
 386      B3
 387 0dd8 C1BC3A74 		.ascii	"\301\274:t\265\371\017\253\003\336\301\246P\263vU\200"
 387      B5F90FAB 
 387      03DEC1A6 
 387      50B37655 
 387      80
 388 0de9 4979F52B 		.ascii	"Iy\365+\203\177\310*\2775!\253\177o&O\276\354In]i\360"
 388      837FC82A 
 388      BF3521AB 
 388      7F6F264F 
 388      BEEC496E 
 389 0e00 0F5AB542 		.ascii	"\017Z\265Bj\015\262\341\202\324\270\025z\"\005\336\220"
 389      6A0DB2E1 
 389      82D4B815 
 389      7A2205DE 
 389      90
 390 0e11 BB2FDFE2 		.ascii	"\273/\337\342\247'\022hK\220\204\010\262G\370\272\222"
 390      A7271268 
 390      4B908408 
 390      B247F8BA 
 390      92
 391 0e22 BEE6D075 		.ascii	"\276\346\320uf\362\340K\036lm\313]Io\326\026$\203\202"
 391      66F2E04B 
 391      1E6C6DCB 
 391      5D496FD6 
 391      16248382 
 392 0e36 18089B82 		.ascii	"\030\010\233\202\315ZS\340{f}\310\2325\344.\230\314"
 392      CD5A53E0 
 392      7B667DC8 
 392      9A35E42E 
 392      98CC
 393 0e48 6EF018EC 		.ascii	"n\360\030\354\027J8\207\240\205\307DE\305D\033#\266"
 393      174A3887 
 393      A085C744 
 393      45C5441B 
 393      23B6
 394 0e5a C441D4D4 		.ascii	"\304A\324\324\021\377d\345\362\177\337\262\005<\350"
 394      11FF64E5 
 394      F27FDFB2 
 394      053CE8
 395 0e69 6E3699C2 		.ascii	"n6\231\302\326A\004\002\">q\017\371/\263\374\374c9\265"
 395      D6410402 
 395      223E710F 
ARM GAS  /tmp/ccu5HFpz.s 			page 32


 395      F92FB3FC 
 395      FC6339B5 
 396 0e7d 3F5E1FFE 		.ascii	"?^\037\376\347\315\237\205m\210\211Z\037\031M\263LG"
 396      E7CD9F85 
 396      6D88895A 
 396      1F194DB3 
 396      4C47
 397 0e8f CC0EFC48 		.ascii	"\314\016\374H\027\034`z?`5\341\374\002?\362\014X\365"
 397      171C607A 
 397      3F6035E1 
 397      FC023FF2 
 397      0C58F5
 398 0ea2 DE5AD307 		.ascii	"\336Z\323\007rwmp\250\277Y\273vm\240\031\373\007\230"
 398      72776D70 
 398      A8BF59BB 
 398      766DA019 
 398      FB0798
 399 0eb5 7100DC43 		.ascii	"q\000\334C\002\315Z\377@\022\217@\177\263\0134\001 "
 399      02CD5AFF 
 399      40128F40 
 399      7FB30B34 
 399      0120
 400 0ec7 80F041E4 		.ascii	"\200\360A\344b\202\213Kh\020\304\013\207\006\205\030"
 400      62828B4B 
 400      6810C40B 
 400      87068518 
 401 0ed7 582ABD1B 		.ascii	"X*\275\033\026\247\227\356\330d\202\026\223\331\305"
 401      16A797EE 
 401      D8648216 
 401      93D9C5
 402 0ee6 3FD86C32 		.ascii	"?\330l2k\377\260\356}\2636\030\320.\246\220\017\202"
 402      6BFFB0EE 
 402      7DB33618 
 402      D02EA690 
 402      0F82
 403 0ef8 03E0EA6F 		.ascii	"\003\340\352o2\377\3465.\3607\2575\232\326\206\006\207"
 403      32FFE635 
 403      2EF037AF 
 403      359AD686 
 403      0687
 404 0f0a 1A49B218 		.ascii	"\032I\262\030\203\245t\012\007&,<j%I\277P\323*j\276"
 404      83A5740A 
 404      07262C3C 
 404      6A2549BF 
 404      50D32A6A 
 405 0f1f CBFB21EB 		.ascii	"\313\373!\353Lf!\324\254\207\207\337\255\376\320\254"
 405      4C6621D4 
 405      AC8787DF 
 405      ADFED0AC 
 406 0f2f 25170C0A 		.ascii	"%\027\014\012t\264\305w^\340\032\377\320 y\250\377\000"
 406      74B4C577 
 406      5EE01AFF 
 406      D02079A8 
 406      FF00
 407 0f41 B3AE061F 		.ascii	"\263\256\006\037"
 408              		.text
 409              		.section	.gnu.lto_.symtab.2214aa6bdfa5be19,"",%progbits
ARM GAS  /tmp/ccu5HFpz.s 			page 33


 410 0000 68616C5F 		.ascii	"hal_lld_init\000"
 410      6C6C645F 
 410      696E6974 
 410      00
 411 000d 00       		.ascii	"\000"
 412 000e 00       		.ascii	"\000"
 413 000f 00       		.ascii	"\000"
 414 0010 00000000 		.ascii	"\000\000\000\000\000\000\000\000"
 414      00000000 
 415 0018 BB000000 		.ascii	"\273\000\000\000"
 416 001c 73746D33 		.ascii	"stm32_clock_init\000"
 416      325F636C 
 416      6F636B5F 
 416      696E6974 
 416      00
 417 002d 00       		.ascii	"\000"
 418 002e 00       		.ascii	"\000"
 419 002f 00       		.ascii	"\000"
 420 0030 00000000 		.ascii	"\000\000\000\000\000\000\000\000"
 420      00000000 
 421 0038 BD000000 		.ascii	"\275\000\000\000"
 422 003c 53797374 		.ascii	"SystemCoreClock\000"
 422      656D436F 
 422      7265436C 
 422      6F636B00 
 423 004c 00       		.ascii	"\000"
 424 004d 00       		.ascii	"\000"
 425 004e 00       		.ascii	"\000"
 426 004f 00000000 		.ascii	"\000\000\000\000\000\000\000\000"
 426      00000000 
 427 0057 CE000000 		.ascii	"\316\000\000\000"
 428 005b 69727149 		.ascii	"irqInit\000"
 428      6E697400 
 429 0063 00       		.ascii	"\000"
 430 0064 02       		.ascii	"\002"
 431 0065 00       		.ascii	"\000"
 432 0066 00000000 		.ascii	"\000\000\000\000\000\000\000\000"
 432      00000000 
 433 006e BF000000 		.ascii	"\277\000\000\000"
 434 0072 646D6149 		.ascii	"dmaInit\000"
 434      6E697400 
 435 007a 00       		.ascii	"\000"
 436 007b 02       		.ascii	"\002"
 437 007c 00       		.ascii	"\000"
 438 007d 00000000 		.ascii	"\000\000\000\000\000\000\000\000"
 438      00000000 
 439 0085 C1000000 		.ascii	"\301\000\000\000"
 440              		.text
 441              		.section	.gnu.lto_.opts,"",%progbits
 442 0000 272D666D 		.ascii	"'-fmath-errno' '-fsigned-zeros' '-ftrapping-math' '"
 442      6174682D 
 442      6572726E 
 442      6F272027 
 442      2D667369 
 443 0033 2D666E6F 		.ascii	"-fno-trapv' '-fno-openmp' '-fno-openacc' '-mcpu=cor"
 443      2D747261 
 443      70762720 
ARM GAS  /tmp/ccu5HFpz.s 			page 34


 443      272D666E 
 443      6F2D6F70 
 444 0066 7465782D 		.ascii	"tex-m4' '-mno-thumb-interwork' '-mthumb' '-O2' '-fo"
 444      6D342720 
 444      272D6D6E 
 444      6F2D7468 
 444      756D622D 
 445 0099 6D69742D 		.ascii	"mit-frame-pointer' '-falign-functions=16' '-ffuncti"
 445      6672616D 
 445      652D706F 
 445      696E7465 
 445      72272027 
 446 00cc 6F6E2D73 		.ascii	"on-sections' '-fdata-sections' '-fno-common' '-flto"
 446      65637469 
 446      6F6E7327 
 446      20272D66 
 446      64617461 
 447 00ff 2700     		.ascii	"'\000"
 448              		.text
 449              		.comm	__gnu_lto_v1,1,1
 450              		.comm	__gnu_lto_slim,1,1
 451              		.ident	"GCC: (GNU Tools for Arm Embedded Processors 7-2018-q3-update) 7.3.1 20180622 (release) [AR
ARM GAS  /tmp/ccu5HFpz.s 			page 35


DEFINED SYMBOLS
                            *ABS*:0000000000000000 hal_lld.c
                            *COM*:0000000000000001 __gnu_lto_v1
                            *COM*:0000000000000001 __gnu_lto_slim

NO UNDEFINED SYMBOLS
