ARM GAS  /tmp/cccrU2nX.s 			page 1


   1              		.cpu cortex-m4
   2              		.eabi_attribute 20, 1
   3              		.eabi_attribute 21, 1
   4              		.eabi_attribute 23, 3
   5              		.eabi_attribute 24, 1
   6              		.eabi_attribute 25, 1
   7              		.eabi_attribute 26, 1
   8              		.eabi_attribute 30, 2
   9              		.eabi_attribute 34, 1
  10              		.eabi_attribute 18, 4
  11              		.file	"hal_pal_lld.c"
  12              		.section	.gnu.lto_.profile.d9ae731c9ad8813f,"",%progbits
  13 0000 789C6363 		.ascii	"x\234cc```\001bF\006\177_\000\001c\000\250"
  13      60606001 
  13      6246067F 
  13      5F000163 
  13      00A8
  14              		.text
  15              		.section	.gnu.lto_.icf.d9ae731c9ad8813f,"",%progbits
  16 0000 789C6363 		.ascii	"x\234cc``\020a@\000f\206?[^_\344e\374\274o\322\\f\246"
  16      60601061 
  16      40006686 
  16      3F5B5E5F 
  16      E465FCBC 
  17 0019 DF2FB62E 		.ascii	"\337/\266.gb\000\000k:\011\276"
  17      67620000 
  17      6B3A09BE 
  18              		.text
  19              		.section	.gnu.lto_.jmpfuncs.d9ae731c9ad8813f,"",%progbits
  20 0000 789C6363 		.ascii	"x\234cc``\020g@\000& fdfddd\257\237\303\314\000\304"
  20      60601067 
  20      40002620 
  20      66646664 
  20      6464AF9F 
  21 0018 8C40CCC4 		.ascii	"\214@\314\304\000\000!\215\003\213"
  21      0000218D 
  21      038B
  22              		.text
  23              		.section	.gnu.lto_.inline.d9ae731c9ad8813f,"",%progbits
  24 0000 789C6363 		.ascii	"x\234cc``0c@\000&\006\006f&F\020\305\300\266@\036D1"
  24      60603063 
  24      40002606 
  24      06662646 
  24      10C5C0B6 
  25 0018 30329C63 		.ascii	"02\234c8\310\310\310\310\244\300\010\224\314\273\264"
  25      38C8C8C8 
  25      C8A4C008 
  25      94CCBBB4 
  26 0028 529841E2 		.ascii	"R\230A\342\302b&&\006\261'_\030Y\300\272\000\267I\010"
  26      C2622626 
  26      06B1275F 
  26      1859C0BA 
  26      00B74908 
  27 003c 45       		.ascii	"E"
  28              		.text
  29              		.section	.gnu.lto_.pureconst.d9ae731c9ad8813f,"",%progbits
  30 0000 789C6363 		.ascii	"x\234cc```\005b&\006\006F)\000\000\256\000)"
ARM GAS  /tmp/cccrU2nX.s 			page 2


  30      60606005 
  30      62260606 
  30      46290000 
  30      AE0029
  31              		.text
  32              		.section	.gnu.lto__pal_lld_init.d9ae731c9ad8813f,"",%progbits
  33 0000 789C6363 		.ascii	"x\234cc``\250\003bk \226\006bFf\006F\246\011\347\030"
  33      6060A803 
  33      626B2096 
  33      06624666 
  33      0646A609 
  34 0016 181A3998 		.ascii	"\030\0329\230\030\031A\214\006\016F\206z&\306z\306\036"
  34      1819418C 
  34      060E4686 
  34      7A26C67A 
  34      C61E
  35 0028 E629CC8C 		.ascii	"\346)\314\214\207\332\237\355d\322\\\336\000\004\007"
  35      87DA9FED 
  35      64D25CDE 
  35      000407
  36 0037 A6FF936C 		.ascii	"\246\377\223lXq\200q\0163\003\3034 \006\001\306\315"
  36      58718071 
  36      0E3303C3 
  36      34200601 
  36      C6CD
  37 0049 8C9A0C40 		.ascii	"\214\232\014@e\2176\376\233\312\313\306\002\021g\334"
  37      658F36FE 
  37      9BCACBC6 
  37      021167DC 
  38 0059 C2C8C6C0 		.ascii	"\302\310\306\300\010d\254\277\304z\240\341\337\377\366"
  38      0864ACBF 
  38      C47AA0E1 
  38      DFFFF6
  39 0068 86035716 		.ascii	"\206\003W\0263ntcb`\350\000\312\003-i8\300\320\311\314"
  39      336E7463 
  39      6260E800 
  39      CA032D69 
  39      38C0D0C9 
  40 007d 0462351F 		.ascii	"\004b5\037`x\307\330\244\000\326\002\002\035\314\214"
  40      6078C7D8 
  40      A400D602 
  40      021DCC8C 
  41 008d 2061A052 		.ascii	" a\240RK=\375\344\214\314\244\314\374bC\013#\375\374"
  41      4B3DFDE4 
  41      8CCCA4CC 
  41      FC62430B 
  41      23FDFC
  42 00a0 62FD8CC4 		.ascii	"b\375\214\304\034\375\202\374\242\222b\375\340\020_"
  42      1CFD82FC 
  42      A29262FD 
  42      E0105F
  43 00af 63237D1F 		.ascii	"c#}\037\037\027}\367\000O\3772#\220T|\001\020\347\344"
  43      1F177DF7 
  43      004FFF32 
  43      2390547C 
  43      0110E7E4 
  44 00c3 A4E82533 		.ascii	"\244\350%3\000\000\250->n"
ARM GAS  /tmp/cccrU2nX.s 			page 3


  44      0000A82D 
  44      3E6E
  45              		.text
  46              		.section	.gnu.lto__pal_lld_setgroupmode.d9ae731c9ad8813f,"",%progbits
  47 0000 789CA557 		.ascii	"x\234\245WkPU\327\025\336\353\354s\037\334\007$h\214"
  47      6B5055D7 
  47      15DEEBEC 
  47      731FDC07 
  47      24688C
  48 0013 A251342A 		.ascii	"\242Q4*\032\225\013$\023\237\343#\323\351c\012\002m"
  48      1A950B24 
  48      139FE323 
  48      D3E9630A 
  48      026D
  49 0025 7EF54FAB 		.ascii	"~\365O\253\321\031\235Ba\220d\322\231L{\021\274\250"
  49      D1199D42 
  49      619064D2 
  49      994C7B11 
  49      BCA8
  50 0037 49AA6DA2 		.ascii	"I\252m\242N\257\244E\301\242\355\230\350\204\004!1\""
  50      4EAFA445 
  50      C1A2ED98 
  50      E8840421 
  50      3122
  51 0049 28012A28 		.ascii	"(\001*(\326<\300G\324D\014\032\025\011\361\201<\272"
  51      D63CC047 
  51      D4440C1A 
  51      1509F181 
  51      3CBA
  52 005b D6DAE770 		.ascii	"\326\332\347p\037\322:\014\214g\271\317:\337\267\366"
  52      1FD23A0C 
  52      8C67B9CF 
  52      3ADFB7F6 
  53 006b FAD6DAFB 		.ascii	"\372\326\332\373\234}\255B\210m\321Bx\361\377\017\361"
  53      9C7DAD42 
  53      886DD142 
  53      78F1FF0F 
  53      F1
  54 007c 822801DA 		.ascii	"\202(\001\332\326f!\362\354\032H5\220\232\2761Nx\035"
  54      D66621F2 
  54      EC1A4835 
  54      909ABE31 
  54      4E781D
  55 008f 2EB22E5D 		.ascii	".\262.]\263\324\307\340]D\375\263xg\321\254\374\314"
  55      B3D4C7E0 
  55      5D44FDB3 
  55      7867D1AC 
  55      FCCC
  56 00a1 C6CFAC60 		.ascii	"\306\317\254`W\024\2339\260\203K\015\"4\007\003\235"
  56      57149B39 
  56      B0834B0D 
  56      22340703 
  56      9D
  57 00b2 0C74986E 		.ascii	"\014t\230n\2479pi\221\347\234\370\334]^\203\331\270"
  57      A7397069 
  57      91E79CF8 
  57      DC5D5E83 
ARM GAS  /tmp/cccrU2nX.s 			page 4


  57      D9B8
  58 00c4 DC6AF2A3 		.ascii	"\334j\362\243\366H\000\032x\355 \376\250I\335b\265\331"
  58      F648001A 
  58      78ED20FE 
  58      A849DD62 
  58      B5D9
  59 00d6 231C4E97 		.ascii	"#\034N\227;\022\360V\030\177o\310\267%\324\024\266W"
  59      3B12F056 
  59      187F6FC8 
  59      B725D414 
  59      B657
  60 00e8 6A33CBBC 		.ascii	"j3\313\274\370W\275\343\202\325\347\3350\266\010\021"
  60      F857BDE3 
  60      82D5E7DD 
  60      30B60811 
  61 00f8 DB0D14BC 		.ascii	"\333\015\024\274\0173\021\325Rp\240H\276.\213$\200\216"
  61      0F3311D5 
  61      5270A048 
  61      BE2E8B24 
  61      808E
  62 010a B7B79BFC 		.ascii	"\267\267\233\374_G\322\255\006\261x[\333<p\310!\027"
  62      5F47D2AD 
  62      06B1785B 
  62      DB3C70C8 
  62      2117
  63 011c 81C0715F 		.ascii	"\201\300q_\335\235v{\334\036\257w\275\267\272\267Tz"
  63      DD9D767B 
  63      DC1EAF77 
  63      BDB7BAB7 
  63      547A
  64 012e A7164909 		.ascii	"\247\026I\011\037\202\304\200\360\001L\200r\230 \320"
  64      1F82C480 
  64      F0014C80 
  64      729820D0 
  65 013e 25A002E2 		.ascii	"%\240\002\342\020>\360\217\003\233\354r\031S\277(+\364"
  65      103EF08F 
  65      039BEC72 
  65      1953BF28 
  65      2BF4
  66 0150 3B0C6ADD 		.ascii	";\014j\335\316\350=\371\336\237\026I\035\016\205\223"
  66      CEE83DF9 
  66      DE9F1649 
  66      1D0E8593 
  67 0160 7501954C 		.ascii	"u\001\225L\376\376\375=o9\345\217\231|\341f\371N\223"
  67      FEFEFD3D 
  67      6F39E58F 
  67      997CE166 
  67      F94E93
  68 0173 DCBC33A6 		.ascii	"\334\2743\246\224\311\026\250\012'[\004|\004q\304x#"
  68      94C916A8 
  68      0A275B04 
  68      7C0471C4 
  68      7823
  69 0185 6FDF4529 		.ascii	"o\337E)\177\316\354K\235\235\207\034\323J\324\324Ec"
  69      7FCEEC4B 
  69      9D9D871C 
  69      D34AD4D4 
ARM GAS  /tmp/cccrU2nX.s 			page 5


  69      4563
  70 0197 77E57BEB 		.ascii	"w\345{\353\275z\221\264\302\307\241|\372C\370\276\201"
  70      BD7A91B4 
  70      C2C7A17C 
  70      FA43F8BE 
  70      81
  71 01a8 937FB1CB 		.ascii	"\223\177\261\313T\246\376i\313\237\213\243\014j\317"
  71      54A6FE69 
  71      CB9F8BA3 
  71      0C6ACF
  72 01b7 78BFB7BA 		.ascii	"x\277\267\272 \226\210\237\014I\274\365\326\361&M\276"
  72      2096889F 
  72      0C49BCF5 
  72      D6F1264D 
  72      BE
  73 01c8 C8C41D37 		.ascii	"\310\304\0357\366\336v\032\304\256\000\261zHb\373\227"
  73      F6DE761A 
  73      C4AE00B1 
  73      7A4862FB 
  73      97
  74 01d9 F97FB5CA 		.ascii	"\371\177\265\312_1\261\255~\357\325H\203x-@\254\031"
  74      5F31B1AD 
  74      7EEFD548 
  74      83782D40 
  74      AC19
  75 01eb 92B8B5AF 		.ascii	"\222\270\265\257\325k\225+\231\330\374U{\021\030\304"
  75      D56B952B 
  75      99D8FC55 
  75      7B1118C4 
  76 01fb CB01E2B1 		.ascii	"\313\001\342\261!\211o\336\272\267K\227k\231\270o\353"
  76      21896FDE 
  76      BAB74B97 
  76      6B99B86F 
  76      EB
  77 020c E6071106 		.ascii	"\346\007\021\006\261-@\254\033\222x\371`\3776\267U\207"
  77      B12D40AC 
  77      1B9278F9 
  77      60FF36B7 
  77      5587
  78 021e 4F611A1C 		.ascii	"Oa\032\034\307\253\026\257\243x\035\301\3530LSK\013"
  78      C7AB16AF 
  78      A3781DC1 
  78      EB304C53 
  78      4B0B
  79 0230 EAC10AD4 		.ascii	"\352\301\012\324\204K\305e\0212\213g)\372d\317\031\315"
  79      844BC565 
  79      11328B67 
  79      29FA64CF 
  79      19CD
  80 0242 98E542D1 		.ascii	"\230\345B\321\350\322\301&4\014\235\340\365-\257\203"
  80      E8D2C126 
  80      340C9DE0 
  80      F52DAF83 
  81 0252 CC61EA95 		.ascii	"\314a\352\225\007?l5\373\327]\"\275\245^\215\210\377"
  81      073F6C35 
  81      FBD75D22 
  81      BDA55E8D 
ARM GAS  /tmp/cccrU2nX.s 			page 6


  81      88FF
  82 0264 1E92B8AD 		.ascii	"\036\222\270\255\243\375\240._f\342\226z\337U\263\011"
  82      A3FDA02E 
  82      5F66E296 
  82      7ADF55B3 
  82      09
  83 0275 6702C4A6 		.ascii	"g\002\304\246!\211}\035\007\377\345\220\2572\361pcw"
  83      21897D1D 
  83      07FFE590 
  83      AF32F170 
  83      6377
  84 0287 A199ECB1 		.ascii	"\241\231\354\261\335\203\304\223\377\267$\247\260\004"
  84      DD83C493 
  84      FFB724A7 
  84      B004
  85 0295 CD789DC0 		.ascii	"\315x\235\300\253\021KAU\300Z\264`-\204p\374\257\212"
  85      AB114B41 
  85      55C05AB4 
  85      602D8470 
  85      FCAF8A
  86 02a8 85D3DE3B 		.ascii	"\205\323\336;m\251\366\366\017\024\342B\037\177\266"
  86      6DA9F6F6 
  86      0F14E242 
  86      1F7FB6
  87 02b7 FC44F42F 		.ascii	"\374D\364/\000\327\265M##\311\350d,d\254dld\354h\354"
  87      00D7B54D 
  87      2323C9E8 
  87      642C64AC 
  87      646C64EC 
  88 02cd 113472D0 		.ascii	"\0214r\320\310I\306E\267n2\221d\242\310<F\346q2\321"
  88      C849C645 
  88      B76E3291 
  88      64A2C83C 
  88      46E67132 
  89 02e2 64469119 		.ascii	"dF\221\031M\346\0112c\310<If,\231qdb\310\214'C\333\313"
  89      4DE60932 
  89      63C83C49 
  89      662C9971 
  89      6462C88C 
  90 02fa F6149989 		.ascii	"\366\024\231\211d&\221\211%3\231\314\0242O\223\231J"
  90      64269189 
  90      253399CC 
  90      14324F93 
  90      994A
  91 030c 661A99E9 		.ascii	"f\032\231\351d\342\310\314 3\223\3143df\221\231Mf\016"
  91      64E2C8CC 
  91      203393CC 
  91      33646691 
  91      994D660E 
  92 0320 6FF67841 		.ascii	"o\366xA\305\361\010*O\202\240\002%\012*Q\222\240\002"
  92      C5F1082A 
  92      4F82A002 
  92      250A2A51 
  92      92A002
  93 0333 3D0FB4A7 		.ascii	"=\017\264\247\3472f\036c\3463f\001c\026\012*\344\"\240"
  93      E732661E 
  93      63E63366 
ARM GAS  /tmp/cccrU2nX.s 			page 7


  93      0163160A 
  93      2AE422A0 
  94 0347 388B0515 		.ascii	"8\213\005\025s\211\240r.\025T\320e\202J\372\002\320"
  94      7389A072 
  94      2E1554D0 
  94      65824AFA 
  94      02D0
  95 0359 FB2899E7 		.ascii	"\373(\231\347J\341\010\3139B*GH\343\310\351<\227\020"
  95      4AE108CB 
  95      39422A47 
  95      48E3C8E9 
  95      3C9710
  96 036c 1B71FD9E 		.ascii	"\033q\375\236sz\253\305&\251\341 \277Z\\\203\374^\337"
  96      737AABC5 
  96      26A9E120 
  96      BF5A5C83 
  96      FC5EDF
  97 037f E18A6C6A 		.ascii	"\341\212lj\247_\316\365\313\347\351\305\332u\240\314"
  97      A75FCEF5 
  97      CBE7E9C5 
  97      DA75A0CC 
  98 038f 45EF481B 		.ascii	"E\357H\033H8\215k\241\035\326\307\362\262\307X\210\""
  98      48388D6B 
  98      A11DD6C7 
  98      F2B2C758 
  98      8822
  99 03a1 5697AFA9 		.ascii	"V\227\257\251\342\200T4P\264\343\003w\253\243\210f\007"
  99      E2805434 
  99      50B4E303 
  99      77ABA388 
  99      6607
 100 03b3 0DFE8334 		.ascii	"\015\376\2034\016\336`\200\346!\016A\345\307>\365\331"
 100      0EDE6080 
 100      E6210E41 
 100      E5C73EF5 
 100      D9
 101 03c4 556C8033 		.ascii	"Ul\2003\301\261\217S\354y*\366\371\212r\203\246al\230"
 101      C1B18F53 
 101      EC792AF6 
 101      F98A7283 
 101      A6616C98 
 102 03d8 1D166B3E 		.ascii	"\035\026k>\372C\023\253%\362|E\2761\230\230T\2115\224"
 102      FA4313AB 
 102      25F27C45 
 102      BE319898 
 102      54893594 
 103 03ec 56F5BA54 		.ascii	"V\365\272Tb\026\370,<\261\005\210\013\015v\224\202-"
 103      6216F82C 
 103      3CB10588 
 103      0B0D7694 
 103      822D
 104 03fe 50C1FA2A 		.ascii	"P\301\372*.\0328]\005\353\336\274\341\256T\301l\360"
 104      2E1A385D 
 104      05EBDEBC 
 104      E1AE54C1 
 104      6CF0
 105 0410 7978B085 		.ascii	"yx\260\205\210C\320\273]\335\357Z\225\312(\370\"8\366"
ARM GAS  /tmp/cccrU2nX.s 			page 8


 105      8843D0BB 
 105      5DDDEF5A 
 105      95CA28F8 
 105      2238F6
 106 0423 118ABD90 		.ascii	"\021\212\275\220\356\213wE\262\007;\203\214\355\033"
 106      EE8B7745 
 106      B2073B83 
 106      8CED1B
 107 0432 6A4EDA88 		.ascii	"jN\332\210\201\373\011\276\344\375\267\011\2775\370"
 107      81FB09BE 
 107      E4FDB709 
 107      BF35F8
 108 0441 29C42EB5 		.ascii	")\304.\265\203\306\035\364\313$5\346\014\023\325\230"
 108      83C61DF4 
 108      CB2435E6 
 108      0C13D598 
 109 0451 A527A831 		.ascii	"\245'\2501\327\320\243\306\334\253x5\306\265\341\227"
 109      D7D0A3C6 
 109      DCAB7835 
 109      C6B5E197 
 110 0461 7354AAFB 		.ascii	"sT\252\373+_S\271Z\320\305-\270\002\005gk\217\201\341"
 110      2B5F53B9 
 110      5AD0C52D 
 110      B8020567 
 110      6B8F81E1 
 111 0475 C564DEFB 		.ascii	"\305d\336\373\256\362\276[\245/\240U\275\014\356\300"
 111      AEF2BE5B 
 111      A52FA055 
 111      BD0CEEC0 
 112 0485 1CBF5CA4 		.ascii	"\034\277\\\244\011\277Lv\367\014\234\202;\020\217KA"
 112      09BF4C76 
 112      F70C9C82 
 112      3B108F4B 
 112      41
 113 0496 EBB97911 		.ascii	"\353\271y\021\333\237\346\256*iE\227\007;\250\371o\221"
 113      DB9FE6AE 
 113      2A694597 
 113      073BA8F9 
 113      6F91
 114 04a8 2BC5DDB8 		.ascii	"+\305\335\270\033=\011\330\026\355\237Y~\271\334\335"
 114      1B3D09D8 
 114      16ED9F59 
 114      7EB9DCDD 
 115 04b8 B3BB031D 		.ascii	"\263\273\003\035\211XZ\255\215!\251n?\263\222H\260\346"
 115      89585AAD 
 115      8D21A96E 
 115      3FB39248 
 115      B0E6
 116 04ca EF225FBA 		.ascii	"\357\"_\272\273\255\344(\240v]l\2143\027\350\371\312"
 116      BBADE428 
 116      A0765D6C 
 116      8C3317E8 
 116      F9CA
 117 04dc 628D5E35 		.ascii	"b\215^5~\211\377\222\202\233`\303&\264\251&\370}\255"
 117      7E89FF92 
 117      829B60C3 
 117      26B4A926 
ARM GAS  /tmp/cccrU2nX.s 			page 9


 117      F87DAD
 118 04ef 110A6443 		.ascii	"\021\012dC\\\360\227\337\006:\234U\240N\337&\213\002"
 118      5CF097DF 
 118      063A9C55 
 118      A04EDF26 
 118      8B02
 119 0501 2DE666D9 		.ascii	"-\346f\331Tg\3505v\212\352\265X\201nT\276\252Pv\230"
 119      5467E835 
 119      768AEAB5 
 119      58816E54 
 119      BEAA5076 
 120 0516 3581AA7E 		.ascii	"5\201\252~\015\326w\025\356\223\312\271\004\375\001"
 120      0DD67715 
 120      EE93CAB9 
 120      04FD01
 121 0525 5E33F196 		.ascii	"^3\361\226\250\014\372*\017\201\302D\250D\007\367\204"
 121      A80CFA2A 
 121      0F81C244 
 121      A84407F7 
 121      84
 122 0536 0DF7C439 		.ascii	"\015\367\30493\207\016#\220\003W6BC\243/E\177 \372\011"
 122      33870E23 
 122      90035736 
 122      4243A32F 
 122      457F20FA 
 123 054b 8ABE54D1 		.ascii	"\212\276T\321\336\374\3505\005q\006/1;.\261\3630\201"
 123      DEFCE835 
 123      0571062F 
 123      313B2EB1 
 123      F33081
 124 055e B484C459 		.ascii	"\264\204\304Y\206\270@\234F\212\263\014\0215U\035\255"
 124      86B8409C 
 124      468AB30C 
 124      1135551D 
 124      AD
 125 056f F9510AE2 		.ascii	"\371Q\012\342\012^x\222?\016\037\3274\325Y\213\341o"
 125      0A5E7892 
 125      3F0E1FD7 
 125      34D5598B 
 125      E16F
 126 0581 7978AAC2 		.ascii	"yx\252\302/%\312x\001.\320\012\300g\237WTU\270=\373"
 126      2F25CA78 
 126      012ED00A 
 126      C0679F57 
 126      5455B83D 
 127 0596 BD0579F4 		.ascii	"\275\005y\364\310\001_A1l\343\323\026\\\004\017\315"
 127      C8015F41 
 127      316CE3D3 
 127      165C040F 
 127      CD
 128 05a7 DEEFBB6F 		.ascii	"\336\357\273o\364\300m\324\244w\260+\2218\037\372\311"
 128      F4C06DD4 
 128      A477B02B 
 128      91381FFA 
 128      C9
 129 05b8 79CFD7E0 		.ascii	"y\317\327\340T\316(\366\023\267\346\314\346VnMX\022"
 129      54CE28F6 
ARM GAS  /tmp/cccrU2nX.s 			page 10


 129      13B7E6CC 
 129      E6566E4D 
 129      5812
 130 05ca C5BF138F 		.ascii	"\305\277\023\217H\343R \215\313\264\002\243\224\312"
 130      48E35220 
 130      8DCBB402 
 130      A394CA
 131 05d9 3653E563 		.ascii	"6S\345c\303\224\3655\307\003\212\367\215)k\223\221\357"
 131      C394F535 
 131      C7038AF7 
 131      8D296B93 
 131      91EF
 132 05eb E346337A 		.ascii	"\343F3z}\035\206\254h\234\000\375JV\253\001\033\305"
 132      7D1D86AC 
 132      689C00FD 
 132      4A56AB01 
 132      1BC5
 133 05fd FE8411C9 		.ascii	"\376\204\021\311\272\022H\243\235d\215R\262\316\232"
 133      BA1248A3 
 133      9D648D52 
 133      B2CE9A
 134 060c B2460F53 		.ascii	"\262F\017S\326U\216\247Q\274oY\026\275\266\014\021O"
 134      D6558EA7 
 134      51BC6F59 
 134      16BDB60C 
 134      114F
 135 061e B0B2D14A 		.ascii	"\260\262\321JD\245!b\014\373\023G$\242#0\3515\0221\206"
 135      44A52162 
 135      0CFB1347 
 135      24A22330 
 135      E9351231 
 136 0633 5E366DB5 		.ascii	"^6m\265\355\357<\247\346\230\313\233B\360\333\316\""
 136      EDEF3CA7 
 136      E698CB9B 
 136      42F0DBCE 
 136      22
 137 0644 4ADDB8E3 		.ascii	"J\335\270\343\021p\262\266\377\235y\012@\233\250\241"
 137      1170B2B6 
 137      FF9D790A 
 137      409BA8A1 
 138 0654 71C75E97 		.ascii	"q\307^\227z7\332\340\372 \336*N[\371\015\201U\371\266"
 138      7A37DAE0 
 138      FA20DE2A 
 138      4E5BF90D 
 138      8155F9B6 
 139 0668 C4A8CA93 		.ascii	"\304\250\312\223\303\254\312w\234 \237\353n\230\315"
 139      C3ACCA77 
 139      9C209FEB 
 139      6E98CD
 140 0677 365B3B56 		.ascii	"6[;V\355\230\240:\215\303\011\320\037Z\247\030\366/"
 140      ED98A03A 
 140      8DC309D0 
 140      1F5AA718 
 140      F62F
 141 0689 5675EA18 		.ascii	"Vu\352\030\262N\177xT\235n\006\322\270Eu\212a\205\266"
 141      B24E7F78 
 141      549D6E06 
ARM GAS  /tmp/cccrU2nX.s 			page 11


 141      D2B84575 
 141      8A6185B6 
 142 069d 2085D74C 		.ascii	" \205\327L\205\343\207\251\260\223C\353\024\372v\270"
 142      85E387A9 
 142      B09343EB 
 142      14FA76B8 
 143 06ad C2090F29 		.ascii	"\302\011\017)|\012'@\177\250\302\211\354\037\231\302"
 143      7C0A2740 
 143      7FA8C289 
 143      EC1F99C2 
 144 06bd AE401ADF 		.ascii	"\256@\032\337\223\302\211\254\320\256z\316\012\257\327"
 144      93C289AC 
 144      D0AE7ACE 
 144      0AAFD7
 145 06cc 1A0A270D 		.ascii	"\032\012'\015Sa7\207\266P\350\037\314\225m*\214\345"
 145      53613787 
 145      B650E81F 
 145      CC956D2A 
 145      8CE5
 146 06de 953D2974 		.ascii	"\225=)t{Nf\177\274\322s\177H=\257<J\317\235\300\244"
 146      7B4E667F 
 146      BCD2737F 
 146      483DAF3C 
 146      4ACF9DC0 
 147 06f3 7749CF64 		.ascii	"wI\317d\326\023!\276\031g\352\271g\352\2312L=\367\002"
 147      D61321BE 
 147      1967EAB9 
 147      67EA9932 
 147      4C3DF702 
 148 0707 A1EF87EB 		.ascii	"\241\357\207\353y\232\365L\011\3253\225\375#\323\323"
 148      799AF54C 
 148      09D53395 
 148      FD23D3D3 
 149 0717 1398F401 		.ascii	"\023\230\364\001\351\231\2526b\363\337\315\215\030\264"
 149      E999AA36 
 149      62F3DFCD 
 149      8D18B4
 150 0726 F31CA2CB 		.ascii	"\363\034\242\313e\252\3541\327\345\264a\252\354\015"
 150      65AAEC31 
 150      D7E5B461 
 150      AAEC0D
 151 0735 2CF9BEF0 		.ascii	",\371\276\360u9\375\241u\211\347\027\374\200M\017]\227"
 151      7539FDA1 
 151      7589E717 
 151      FC804D0F 
 151      5D97
 152 0747 33D83FB2 		.ascii	"3\330?\262u\331\037Hc\200t\317`\205\316 \205\275\246"
 152      75D91F48 
 152      638074CF 
 152      6085CE20 
 152      85BDA6
 153 075a C299C354 		.ascii	"\302\231\303T\350\325\006\227|\236\026\246\360\231\207"
 153      E8D50697 
 153      7C9E16A6 
 153      F09987
 154 0769 14CEC209 		.ascii	"\024\316\302\011\320\037\252p6\373G\246p} \215|\015"
 154      D01FAA70 
ARM GAS  /tmp/cccrU2nX.s 			page 12


 154      36FB47A6 
 154      707D208D 
 154      7C0D
 155 077b 15CE6685 		.ascii	"\025\316f\205.\343l\251N\271G\326\250\323_2\235\011"
 155      2EE36CA9 
 155      4EB947D6 
 155      A8D35F32 
 155      9D09
 156 078d 67059D57 		.ascii	"g\005\235W\371\344\230\254\336\332u{\023\014T\360\271"
 156      F9E498AC 
 156      DEDA757B 
 156      130C54F0 
 156      B9
 157 079e 41C73362 		.ascii	"A\3073b\201f.\015\267(\2571\302v\372\366\267\030?,R"
 157      81662E0D 
 157      B728AF31 
 157      C276FAF6 
 157      B7183F2C 
 158 07b3 F01B1F12 		.ascii	"\360\033\037\022\226\017\252)\012u\270%W\241\226\343"
 158      960FAA29 
 158      0A75B825 
 158      57A196E3 
 159 07c3 27937F38 		.ascii	"'\223\1778\204\036\353\227+XSK\206"
 159      841EEB97 
 159      2B58534B 
 159      86
 160 07d0 82A5E247 		.ascii	"\202\245\342G)\024\306\307\341T\005\373,]\241\322pC"
 160      2914C6C7 
 160      E15405FB 
 160      2C5DA1D2 
 160      7043
 161 07e2 84A2F840 		.ascii	"\204\242\370@\234F\250\355\276\033-\277Q\260t\365\211"
 161      9C46A8ED 
 161      BE1B2DBF 
 161      51B074F5 
 161      89
 162 07f3 F9A0F0C4 		.ascii	"\371\240\360\304A\207\372\304\000l\320\202X|\354Ngm"
 162      4187FAC4 
 162      006CD082 
 162      587CEC4E 
 162      676D
 163 0805 91EA37D3 		.ascii	"\221\3527\323M<\273\227\275mS\277\200\005\375\252\002"
 163      4D3CBB97 
 163      BD6D53BF 
 163      8005FDAA 
 163      02
 164 0816 7C80DFB8 		.ascii	"|\200\337\270\371\361\236\227\326\254]\2716k]\342\274"
 164      F9F19E97 
 164      D6AC5DB9 
 164      366B5DE2 
 164      BC
 165 0827 244FD63A 		.ascii	"$O\326:\317\232\025\031\236\354\254\234\334u\236_\276"
 165      CF9A1519 
 165      9EECAC9C 
 165      DC759E5F 
 165      BE
 166 0838 98F26C92 		.ascii	"\230\362l\222'9\371G\236\237\244\375,\365\225$z\364"
ARM GAS  /tmp/cccrU2nX.s 			page 13


 166      2739F947 
 166      9E9FA4FD 
 166      2CF59524 
 166      7AF4
 167 084a EB6CBC32 		.ascii	"\353l\27422V\305\277$tB\351\231+\326\375V\317\314Z\265"
 167      3256C5BF 
 167      247442E9 
 167      992BD6FD 
 167      56CFCC5A 
 168 085f 5AAE5C9B 		.ascii	"Z\256\\\233\253\257\310\310\315\261d\277\234\275*\307"
 168      ABAFC8C8 
 168      CDB164BF 
 168      9CBD2AC7 
 169 086f 96B52E7B 		.ascii	"\226\265.{\365\352U9\326\254\334\337g\257\316\261\020"
 169      F5EA5539 
 169      D6ACDCDF 
 169      67AFCEB1 
 169      10
 170 0880 2447CB7C 		.ascii	"$G\313|N\313L\3222\023\355\004$\352\177\001n\242\026"
 170      4ECB4CD2 
 170      3213ED04 
 170      24EA7F01 
 170      6EA216
 171 0893 95       		.ascii	"\225"
 172              		.text
 173              		.section	.gnu.lto_.symbol_nodes.d9ae731c9ad8813f,"",%progbits
 174 0000 789C6363 		.ascii	"x\234cc``\320\007b\006\246]L\365\014\014\023\31610\000"
 174      6060D007 
 174      6206A65D 
 174      4CF50C0C 
 174      13CE3130 
 175 0015 A95D0D8E 		.ascii	"\251]\015\216@\221\335L\365\214(\"\254;\231\030\032"
 175      4091DD4C 
 175      F58C2822 
 175      AC3B9918 
 175      1A
 176 0026 9540AA01 		.ascii	"\225@\252\001\037\275\012\305"
 176      1FBD0AC5 
 177              		.text
 178              		.section	.gnu.lto_.refs.d9ae731c9ad8813f,"",%progbits
 179 0000 789C6363 		.ascii	"x\234cc```\004b\006\000\000D\000\010"
 179      60606004 
 179      62060000 
 179      440008
 180              		.text
 181              		.section	.gnu.lto_.decls.d9ae731c9ad8813f,"",%progbits
 182 0000 789C9D56 		.ascii	"x\234\235V}PT\327\025\177\347\335]\\\036\273\342\000"
 182      7D5054D7 
 182      157FE7DD 
 182      5D5C1EBB 
 182      E200
 183 0012 E9388D7F 		.ascii	"\3518\215\1778\016\301\355\037a\003\351t\354L\247\323"
 183      380EC1ED 
 183      1F6103E9 
 183      74EC4CA7 
 183      D3
 184 0023 36D0E854 		.ascii	"6\320\350T\013\263&\323I\377\331\020\330\306\235\302"
ARM GAS  /tmp/cccrU2nX.s 			page 14


 184      0BB326D3 
 184      49FFD910 
 184      D8C69DC2 
 185 0033 2EC32E99 		.ascii	".\303.\231\311\364\237\307.\006\025\023\201\3206\200"
 185      C9F49FC7 
 185      2E061513 
 185      81D03680 
 186 0043 B614A213 		.ascii	"\266\024\242\023\210\"m\361\023\220\025A\276$*V0Q\204"
 186      88226DF1 
 186      13901541 
 186      BE242A56 
 186      305184
 187 0056 2A1F4651 		.ascii	"*\037FQ\001\015A4\322s\357}\273\357\261\262\235\326"
 187      010D4134 
 187      D273EF7D 
 187      BBEFB1B2 
 187      9DD6
 188 0068 377BF6BD 		.ascii	"7{\366\275{\357\357\234\337\271\347\234\373\021!\010"
 188      7BEFEF9C 
 188      DFB9E79C 
 188      FB112108 
 189 0078 C263A320 		.ascii	"\302c\243 l\021\005\341\034~/\342C\360}\032\205\276"
 189      6C1105E1 
 189      1C7E2FE2 
 189      43F07D1A 
 189      85BE
 190 008a E7E938CA 		.ascii	"\347\3518\312S\201?\010\023t \010\022\012\376\2048\020"
 190      53813F08 
 190      13742008 
 190      120AFE84 
 190      3810
 191 009c 963C9122 		.ascii	"\226<\221\"\357\177[i\203\202\017}^@\\\224\202\213\241"
 191      EF7F5B69 
 191      83820F7D 
 191      5E405C94 
 191      828BA1
 192 00af 7642B8DA 		.ascii	"vB\270\332P\326\243\374\026\345\033\305\237\010\224"
 192      50D6A3FC 
 192      16E51BC5 
 192      9F0894
 193 00be 49941994 		.ascii	"I\224\031\224\333(wQ\246Q\356+<\3222<\345\004\246\366"
 193      DB287751 
 193      A651EE2B 
 193      3CD2323C 
 193      E504A6F6 
 194 00d2 8CDF8B26 		.ascii	"\214\337\213&\"\320o\357\330\245\233\021\211\007e\376"
 194      22D06FEF 
 194      D8A59B11 
 194      890765FE 
 195 00e2 18FE20C0 		.ascii	"\030\376 \300?\201\004\200\027\013\033\367\222b\002"
 195      3F810480 
 195      170B1BF7 
 195      926202
 196 00f1 3112E8B0 		.ascii	"1\022\350\2609\323_ys%6\343$X\253i\306\360f\343b\371"
 196      39D35F79 
 196      732536E3 
 196      2458AB69 
ARM GAS  /tmp/cccrU2nX.s 			page 15


 196      C6F066E3 
 197 0107 A889A430 		.ascii	"\250\211\2440\253\303\335u\237S\305\365\022\320\370"
 197      ABC3DD75 
 197      9F53C5F5 
 197      12D0F8
 198 0116 4563D7E1 		.ascii	"Ec\327\341\251\023\217L\274\213\"\006\366\314~\272\202"
 198      A9138F4C 
 198      BC8B2206 
 198      F6CC7EBA 
 198      82
 199 0127 6CA2DFE2 		.ascii	"l\242\337\342\310\227\217\257\255\004\311\274C\226\275"
 199      C8978FAF 
 199      AD04C9BC 
 199      4396BD
 200 0136 72B54F8E 		.ascii	"r\265O\216\334(\300QX\003G`\215\000\255`\246:M\220("
 200      DC28C051 
 200      58034760 
 200      8D00AD60 
 200      A63A4D90 
 201 014b C049EC3C 		.ascii	"\300I\354<\201\235\007\250\257\376\311\312\237V\314"
 201      819D07A8 
 201      AFFEC9CA 
 201      9F56CC
 202 015a CAF25A68 		.ascii	"\312\362Zh\001\011\232\2010\014N|\275\304\275\257\373"
 202      01099A81 
 202      300C4E7C 
 202      BDC4BDAF 
 202      FB
 203 016b B4B42682 		.ascii	"\264\264&\202\354\004\306\321\\5\336)\206\343\360\207"
 203      EC04C6D1 
 203      5C35DE29 
 203      86E3F087 
 204 017b E518AA5F 		.ascii	"\345\030\252_wv\273,\213\320\206\034\247T\016\244\344"
 204      7776BB2C 
 204      8BD0861C 
 204      A7540EA4 
 204      E4
 205 018c 249F0CFC 		.ascii	"$\237\014\374=UB\243\276\377\311(*\334+\034\037\215"
 205      3D5542A3 
 205      BEFFC928 
 205      2ADC2B1C 
 205      1F8D
 206 019e E2515B8D 		.ascii	"\342Q[\215\315\033\336\246n\023iaN\302\207\345\355\355"
 206      CD1BDEA6 
 206      6E136961 
 206      4EC287E5 
 206      EDED
 207 01b0 3AD2CE1B 		.ascii	":\322\316\033\265\025\245Ez\322\305\033ue%\215\022\351"
 207      B515A545 
 207      7AD2C51B 
 207      7565258D 
 207      12E9
 208 01c2 E18D81E9 		.ascii	"\341\215\201\351s\373\242x\036Va\263s\361[\1774\267"
 208      73FBA278 
 208      1E5661B3 
 208      73F15B7F 
 208      34B7
ARM GAS  /tmp/cccrU2nX.s 			page 16


 209 01d4 28528FEA 		.ascii	"(R\217\352\207\026\"I\037\207\356_x<M\023\221@\023A"
 209      87162249 
 209      1F87EE5F 
 209      783C4D13 
 209      91401341 
 210 01e8 346948E0 		.ascii	"4iH\340ih\353\3539`$\027y\214\032*\237<\211\016\304"
 210      6968EBEB 
 210      39602417 
 210      798C1A2A 
 210      9F3C890E 
 211 01fd A8C427EB 		.ascii	"\250\304'\353\315\002t\241\347\335t:_\340t\022\224\351"
 211      CD0274A1 
 211      E7DD743A 
 211      5FE07412 
 211      94E9
 212 020f F46167AF 		.ascii	"\364ag\257&\017\011\177.\2421\352\307\030\235Sc\224"
 212      260F097F 
 212      2EA231EA 
 212      C7189D53 
 212      6394
 213 0221 A084E854 		.ascii	"\240\204\350T\351\325\011\211\\\343\034\336\013\177"
 213      E9D50989 
 213      5CE31CDE 
 213      0B7F
 214 022f 7C1096E3 		.ascii	"|\020\226\343bX\216\241\372\344\016\226\207\013\310"
 214      62588EA1 
 214      FAE40E96 
 214      870BC8
 215 023e 715EE5E8 		.ascii	"q^\345\350\017\344\301;_\323b \343\214D7\367\331\221"
 215      0FE4C13B 
 215      5FD36220 
 215      E38C4437 
 215      F7D991
 216 0251 C195101B 		.ascii	"\301\225\020\033\037o.\245\332%( \252\251\021\340\022"
 216      1F6F2EA5 
 216      DA252820 
 216      AAA911E0 
 216      12
 217 0262 C4520B30 		.ascii	"\304R\0130\210\204\377\202x\270\014\361\254\346k\250"
 217      8884FF82 
 217      78B80CF1 
 217      ACE66BA8 
 218 0272 57FEF3AD 		.ascii	"W\376\363\255\257T\315\216\311\362.#\243\033@:\252\020"
 218      AF54CD8E 
 218      C9F22E23 
 218      A31B403A 
 218      AA10
 219 0284 74D3424D 		.ascii	"t\323BM$\255\011\342o\277X!\373\275\204\201{\226\005"
 219      24AD09E2 
 219      6FBF5821 
 219      FBBD8481 
 219      7B9605
 220 0297 77515665 		.ascii	"wQVe*\327\253$\\h\024$(\263\340\253M\327\325~\247I\202"
 220      2AD7AB24 
 220      5C681424 
 220      28B3E0AB 
 220      4DD7D57E 
ARM GAS  /tmp/cccrU2nX.s 			page 17


 221 02ae F8F83833 		.ascii	"\370\370837;X\025S\353\223\273_a\265\327\211v\277\204"
 221      373B5815 
 221      53EB93BB 
 221      5F61B5D7 
 221      8976BF84 
 222 02c2 38B5BC96 		.ascii	"8\265\274\2268\201f\347\252V\0260/(\373\331\360\350"
 222      388166E7 
 222      AA561630 
 222      2F28FBD9 
 222      F0E8
 223 02d4 328AC65A 		.ascii	"2\212\306Z\225A\247\215\010E\323\210|\205\021\031\302"
 223      9541A78D 
 223      0845D388 
 223      7C851119 
 223      C2
 224 02e5 885C5122 		.ascii	"\210\\Q\"\302}\376\242ju\001jP\324R\247\241\377dYSd"
 224      C27DFEA2 
 224      6A75016A 
 224      50D452A7 
 224      A1FF6459 
 225 02fb 1C1A2D08 		.ascii	"\034\032-\010oTXbQS\3001\274\200\013\317\\>b$5|C\032"
 225      6F545862 
 225      5153C031 
 225      BC800BCF 
 225      5C3E6224 
 226 0313 EF3BEC35 		.ascii	"\357;\3545\220\003\274Q\331\374\260W\317\201\006l\376"
 226      9003BC51 
 226      D9FCB057 
 226      CF81066C 
 226      FE
 227 0324 A5BFA14F 		.ascii	"\245\277\241OO\352\371X\363\347\015\003\"i\344\215\203"
 227      4FEAF958 
 227      F3E70D03 
 227      2269E48D 
 227      83
 228 0335 27A68B81 		.ascii	"'\246\213\201\034\347\215\231\242\303\036\322\306\277"
 228      1CE78D99 
 228      A2C31ED2 
 228      C6BF
 229 0343 AB1E0C7F 		.ascii	"\253\036\014\177\035\311-\230\261\271\347\302_\257\032"
 229      1DC92D98 
 229      B1B9E7C2 
 229      5FAF1A
 230 0352 F8D2F1D3 		.ascii	"\370\322\361\323\3052\377\267\2612\221t2\254q\367\005"
 230      C532FFB7 
 230      B1329174 
 230      32AC71F7 
 230      05
 231 0363 DF793D26 		.ascii	"\337y=&\000\237\330x3}\325\310\205>\331?Q\251$\3424"
 231      009FD878 
 231      337DD5C8 
 231      853ED93F 
 231      51A924E2 
 232 0378 26E20686 		.ascii	"&\342\006\206v\012C\2744\264G\201g\202\302\333_\254"
 232      760A43BC 
 232      34B44781 
 232      6782C2DB 
ARM GAS  /tmp/cccrU2nX.s 			page 18


 232      5FAC
 233 038a 94FD8584 		.ascii	"\224\375\205\204\241\207C\321\327 \024\276\360}\025"
 233      A18743D1 
 233      D72014BE 
 233      F07D15
 234 0399 7E7D7978 		.ascii	"~}yx\222\212\236\325\240GC\321#\317\030o_\243\302\317"
 234      928A9ED5 
 234      A04743D1 
 234      23CF186F 
 234      5FA3C2CF 
 235 03ad 84C2DB35 		.ascii	"\204\302\3335pu\241`\006\307\0211\306\006\247\224\205"
 235      7075A160 
 235      06C71131 
 235      C606A794 
 235      85
 236 03be 720FCBE2 		.ascii	"r\017\313\342>&q\022e\006\3456\312\327(\267PfQ\356\240"
 236      3E267112 
 236      6506E536 
 236      CAD728B7 
 236      506651EE 
 237 03d3 DC45990E 		.ascii	"\334E\231\016.$\312\336\253a?\036\312~L\235\232Rd\225"
 237      2E24CADE 
 237      AB613F1E 
 237      CA7E4C9D 
 237      9A526495 
 238 03e7 31ACC8A6 		.ascii	"1\254\310\246\226\256\014n\352\2726\0077\227\315\201"
 238      96AE0C6E 
 238      EABA3607 
 238      3797CD81 
 239 03f7 264A031A 		.ascii	"&J\003\032\342\211\345\211\265Q\272\255\011\352\277"
 239      E289E589 
 239      B551BAAD 
 239      09EABF
 240 0406 970F6AC0 		.ascii	"\227\017j\3008\256\261\247U\022\207_\305\362\356X>\250"
 240      38AEB1A7 
 240      5512875F 
 240      C5F2EE58 
 240      3EA8
 241 0418 0C8EF5E5 		.ascii	"\014\216\365\345\357\237o\322\223^V_\342\251\243\373"
 241      EF9F6FD2 
 241      935E565F 
 241      E2A9A3FB 
 242 0428 5B578039 		.ascii	"[W\2009V\331\007\366F\320}\340\033T~\240nht\362a\262"
 242      56D907F6 
 242      46D07DE0 
 242      1B547EA0 
 242      6E6874F2 
 243 043e 010F3109 		.ascii	"\001\0171\011\317\233\020\364e_C\303\0141\356\012\036"
 243      CF9B10F4 
 243      655F43C3 
 243      0C31EE0A 
 243      1E
 244 044f 808C5A5D 		.ascii	"\200\214Z]\254s`T\234@\354\261\235\237L\232\310\020"
 244      AC736054 
 244      9C40ECB1 
 244      9D9F4C9A 
 244      C810
ARM GAS  /tmp/cccrU2nX.s 			page 19


 245 0461 F7FBCAAD 		.ascii	"\367\373\312\255SwW\200\321\034F\025\036\241/\252\266"
 245      53775780 
 245      D11C4615 
 245      1EA12FAA 
 245      B6
 246 0472 B2615F8B 		.ascii	"\262a_\213o\236\246\207\363<\016|\253\316\017q\364\205"
 246      6F9EA687 
 246      F33C0E7C 
 246      ABCE0F71 
 246      F485
 247 0484 BD74E177 		.ascii	"\275t\341w\314\225\232\310^\302X&\036\0256E\205;\241"
 247      CC959AC8 
 247      5EC25826 
 247      1E153645 
 247      853BA1
 248 0497 9F843DA1 		.ascii	"\237\204=\241\007\217\307yi\325<\306\334-\250<m\354"
 248      078FC779 
 248      69D53CC6 
 248      DC2DA83C 
 248      6DEC
 249 04a9 60A0BDC8 		.ascii	"`\240\275\310S\337_\367DG\3528\317\\\307d\255!\034\317"
 249      53DF5FF7 
 249      4447EA38 
 249      CF5CC764 
 249      AD211CCF 
 250 04bd 62589E85 		.ascii	"bX\236\205\0154[O\221\345\273gX\2362\226\223\247[\333"
 250      0D345B4F 
 250      91E5BB67 
 250      589E3296 
 250      93A75BDB 
 251 04d1 A24670C9 		.ascii	"\242Fp\311\323\033\337*~\331\003\376\217o*\254\275\030"
 251      D31BDF2A 
 251      7ED903FE 
 251      8F6F2AAC 
 251      BD18
 252 04e3 7880F763 		.ascii	"x\200\367c\257\310_\012\2246\002*\020\354\021\025\033"
 252      AFC85F0A 
 252      9436022A 
 252      10EC1115 
 252      1B
 253 04f4 62C02EFB 		.ascii	"b\300.\373)\006@k\225\217s\272\300\303/\204\374C\243"
 253      2906406B 
 253      958F73BA 
 253      C0C32F84 
 253      FC43A3
 254 0507 C7BB4495 		.ascii	"\307\273D\225L\243\362\214\257Bp8\350\224:I\010\234"
 254      4CA3F28C 
 254      AF427038 
 254      E8943A49 
 254      089C
 255 0519 0765FB2E 		.ascii	"\007e\373.I\243\270\221\011\360\226 \224\030\234l\027"
 255      49A3B891 
 255      09F09620 
 255      94189C6C 
 255      17
 256 052a AE3F5831 		.ascii	"\256?X1\036I\376A\370^\275{\261\\\277\372O\254\304}"
 256      1E49FE41 
ARM GAS  /tmp/cccrU2nX.s 			page 20


 256      F85EBD7B 
 256      B15CBFFA 
 256      4FACC47D 
 257 053e F22A11DE 		.ascii	"\362*\021\336\376^\360\270\024\300'\256\306\177\247"
 257      FE5EF0B8 
 257      14C027AE 
 257      C67FA7
 258 054d 8E9BBB72 		.ascii	"\216\233\273r\377\320\226u\325r\343\250\354\357\232"
 258      FFD09675 
 258      D572E3A8 
 258      ECEF9A
 259 055c FFC96493 		.ascii	"\377\311d\223,\343-@\326Q\024x\305`\036\360\023\377"
 259      2CE32D40 
 259      D6511478 
 259      C5601EF0 
 259      13FF
 260 056e 0BC45100 		.ascii	"\013\304Q\000Y\034A\356Bq\035j\337\335\357\3738\232"
 260      591C41EE 
 260      42711D6A 
 260      DFDDEFFB 
 260      389A
 261 0580 2C70DA63 		.ascii	",p\332c\335m;$\235\310\323E\011\260o\261\342\243\332"
 261      DD6D3B24 
 261      9DC8D345 
 261      09B06FB1 
 261      E2A3DA
 262 0593 08D647CB 		.ascii	"\010\326G\313\347\003\221u\236\373\352\354!\016\244"
 262      E7039175 
 262      9EFBEAEC 
 262      210EA4
 263 05a2 B55BC43B 		.ascii	"\265[\304;\013n-\334\211\010\353\364N\346\364\016Q\361"
 263      0B6E2DDC 
 263      8908EBF4 
 263      4EE6F40E 
 263      51F1
 264 05b4 BA6CC2D7 		.ascii	"\272l\302\327\021\211nW\217*\333;V(\336]\020\005\333"
 264      11896E57 
 264      8F2ADB3B 
 264      5628DE5D 
 264      1005DB
 265 05c7 55A7B787 		.ascii	"U\247\267\207:\275\2139]}yx\314HJt\314\351\206\331\207"
 265      3ABD8B39 
 265      5D7D7978 
 265      CC484A74 
 265      CCE986D9 
 266 05dc 0D11FCF8 		.ascii	"\015\021\374\370\242\227\350\322\341\323\013&z\335\224"
 266      A297E8D2 
 266      E1D30B26 
 266      7ADD94
 267 05eb 957588FD 		.ascii	"\225u\210\375\352\012\376P\304j\304\275\020v\213\364"
 267      EA0AFE50 
 267      C46AC4BD 
 267      10768BF4 
 268 05fb AA29B67E 		.ascii	"\252)\266~63k\202X\315%\010\350\316\304w\313\217D\276"
 268      36336B82 
 268      58CD2508 
 268      E8CEC477 
ARM GAS  /tmp/cccrU2nX.s 			page 21


 268      CB8F44BE 
 269 060f 91EC11CD 		.ascii	"\221\354\021\315\232\203~\262\230\234\330\377\001\215"
 269      9A837EB2 
 269      989CD8FF 
 269      018D
 270 061d 308E871C 		.ascii	"0\216\207\034\365-\3457\212\242\310\031\346\230\330"
 270      F52DE537 
 270      8AA2C819 
 270      E698D8
 271 062c F2B067C4 		.ascii	"\362\260g\304\024\334\313\006\017\261\275\254\014m\226"
 271      14DCCB06 
 271      0FB1BDAC 
 271      0C6D96
 272 063b A813A426 		.ascii	"\250\023\244&\264{Y\220\035JE\3633\016\320{\301w;\346"
 272      B47B5990 
 272      1D4A45F3 
 272      330ED07B 
 272      C1773BE6 
 273 064f 4D31258A 		.ascii	"M1%\212\302\317\200\031\0148\374\261\030\023\230#\305"
 273      C2CF8019 
 273      0C38FCB1 
 273      18139823 
 273      C5
 274 0660 4E37F6F6 		.ascii	"N7\366\366D\277T+W\373ii\254\355\254E\035\240 (\346"
 274      44BF542B 
 274      57FB6969 
 274      ACEDAC45 
 274      1DA02028 
 275 0675 1E04158B 		.ascii	"\036\004\025\213Y\234\313\305\227\204\015\211\226\314"
 275      599CCBC5 
 275      97840D89 
 275      96CC
 276 0683 6D8E771C 		.ascii	"m\216w\034.w\322\206d\213\313m\331\226\221m\311u\345"
 276      2E77D286 
 276      648BCB6D 
 276      D996916D 
 276      C975E5
 277 0696 79DC96AD 		.ascii	"y\334\226\255oly5\331\262ys\212\345\365\364Mi\357%\323"
 277      6F6C7935 
 277      D9B27973 
 277      8AE5F5F4 
 277      4D69EF25 
 278 06ab 215B2E4A 		.ascii	"![.JvvVb\246\341\365_\277\271\366\265\244$A\367\363"
 278      76765662 
 278      A6E1F55F 
 278      BFB9F6B5 
 278      A42441F7 
 279 06c0 5F5A374B 		.ascii	"_Z7K6[\276\303\351y5\331\346\371\241%\337\235g\311\310"
 279      365BBEC3 
 279      E97935D9 
 279      E6F9A125 
 279      DF9D67C9 
 280 06d5 CB79D9E9 		.ascii	"\313y\331\351r\332_\266g\274\343\2608\234\231\331\371"
 280      72DA5FB6 
 280      67BCE3B0 
 280      389C99D9 
 280      F9
ARM GAS  /tmp/cccrU2nX.s 			page 22


 281 06e6 59764B4E 		.ascii	"YvKN\006\2229\355\026[\226\375w\031\371\331\036\233"
 281      069239ED 
 281      165B96FD 
 281      7719F9D9 
 281      1E9B
 282 06f8 E7FD5CBB 		.ascii	"\347\375\\\273;q\233`\010h\377\340\277h\273\337w[ln"
 282      3B719B60 
 282      0868FFE0 
 282      BF68BBDF 
 282      775B6C6E 
 283 070c 4F164251 		.ascii	"O\026BQE\2779\355\265_Yu\277\330j\265\302o`\243>3\333"
 283      45BF39ED 
 283      B55F5975 
 283      BFD86AB5 
 283      C26F60A3 
 284 0723 9E91A7F8 		.ascii	"\236\221\247\370\221\364#\233\307\020\370 n\273\347"
 284      91F4239B 
 284      C710F820 
 284      6EBBE7
 285 0732 FF99A6DB 		.ascii	"\377\231\246\333\223\203\236\274\233\353p!\013IK\261"
 285      93839EBC 
 285      9BEB7021 
 285      0B494BB1 
 286 0742 924D2956 		.ascii	"\222M)V}\372\233\351)\326\025i[\323SSS\254\021io\274"
 286      7DFA9BE9 
 286      29D61569 
 286      5BD35353 
 286      53AC1169 
 287 0758 959E6AD5 		.ascii	"\225\236j\325oIKI\265\322\000l4\252Z6\217\344pQ\333"
 287      6F494B49 
 287      B5D2006C 
 287      34AA5A36 
 287      8FE47051 
 288 076d 8E2C9BE7 		.ascii	"\216,\233\347\307\317\031\337m\202\221\033\311\311p"
 288      C7CF19DF 
 288      6D82911B 
 288      C9C970
 289 077c FF1E27E3 		.ascii	"\377\036'\343p\345\270\262\3546\217)\200\2609\234\216"
 289      70E5B8B2 
 289      EC368F29 
 289      80B0399C 
 289      8E
 290 078d E7B69E29 		.ascii	"\347\266\236)\274\020\264\203\321y7\317\225\237K\355"
 290      BC10B483 
 290      D17937CF 
 290      959F4BED 
 291 079d 47B15EFB 		.ascii	"G\261^\373{v\247\307\235\260\234\355@*\024c\350\246"
 291      7B76A7C7 
 291      9DB09CED 
 291      402A1463 
 291      E8A6
 292 07af 842FA660 		.ascii	"\204/\246`\363\374\007\201\341`0"
 292      F3FC0781 
 292      E16030
 293              		.text
 294              		.section	.gnu.lto_.symtab.d9ae731c9ad8813f,"",%progbits
 295 0000 5F70616C 		.ascii	"_pal_lld_init\000"
ARM GAS  /tmp/cccrU2nX.s 			page 23


 295      5F6C6C64 
 295      5F696E69 
 295      7400
 296 000e 00       		.ascii	"\000"
 297 000f 00       		.ascii	"\000"
 298 0010 00       		.ascii	"\000"
 299 0011 00000000 		.ascii	"\000\000\000\000\000\000\000\000"
 299      00000000 
 300 0019 04010000 		.ascii	"\004\001\000\000"
 301 001d 5F70616C 		.ascii	"_pal_lld_setgroupmode\000"
 301      5F6C6C64 
 301      5F736574 
 301      67726F75 
 301      706D6F64 
 302 0033 00       		.ascii	"\000"
 303 0034 00       		.ascii	"\000"
 304 0035 00       		.ascii	"\000"
 305 0036 00000000 		.ascii	"\000\000\000\000\000\000\000\000"
 305      00000000 
 306 003e 0A010000 		.ascii	"\012\001\000\000"
 307 0042 5F70616C 		.ascii	"_pal_events\000"
 307      5F657665 
 307      6E747300 
 308 004e 00       		.ascii	"\000"
 309 004f 00       		.ascii	"\000"
 310 0050 00       		.ascii	"\000"
 311 0051 00000000 		.ascii	"\000\000\000\000\000\000\000\000"
 311      00000000 
 312 0059 14010000 		.ascii	"\024\001\000\000"
 313              		.text
 314              		.section	.gnu.lto_.opts,"",%progbits
 315 0000 272D666D 		.ascii	"'-fmath-errno' '-fsigned-zeros' '-ftrapping-math' '"
 315      6174682D 
 315      6572726E 
 315      6F272027 
 315      2D667369 
 316 0033 2D666E6F 		.ascii	"-fno-trapv' '-fno-openmp' '-fno-openacc' '-mcpu=cor"
 316      2D747261 
 316      70762720 
 316      272D666E 
 316      6F2D6F70 
 317 0066 7465782D 		.ascii	"tex-m4' '-mno-thumb-interwork' '-mthumb' '-O2' '-fo"
 317      6D342720 
 317      272D6D6E 
 317      6F2D7468 
 317      756D622D 
 318 0099 6D69742D 		.ascii	"mit-frame-pointer' '-falign-functions=16' '-ffuncti"
 318      6672616D 
 318      652D706F 
 318      696E7465 
 318      72272027 
 319 00cc 6F6E2D73 		.ascii	"on-sections' '-fdata-sections' '-fno-common' '-flto"
 319      65637469 
 319      6F6E7327 
 319      20272D66 
 319      64617461 
 320 00ff 2700     		.ascii	"'\000"
ARM GAS  /tmp/cccrU2nX.s 			page 24


 321              		.text
 322              		.comm	__gnu_lto_v1,1,1
 323              		.comm	__gnu_lto_slim,1,1
 324              		.ident	"GCC: (GNU Tools for Arm Embedded Processors 7-2018-q3-update) 7.3.1 20180622 (release) [AR
ARM GAS  /tmp/cccrU2nX.s 			page 25


DEFINED SYMBOLS
                            *ABS*:0000000000000000 hal_pal_lld.c
                            *COM*:0000000000000001 __gnu_lto_v1
                            *COM*:0000000000000001 __gnu_lto_slim

NO UNDEFINED SYMBOLS
