ARM GAS  /tmp/ccDUGSPu.s 			page 1


   1              		.cpu cortex-m4
   2              		.eabi_attribute 20, 1
   3              		.eabi_attribute 21, 1
   4              		.eabi_attribute 23, 3
   5              		.eabi_attribute 24, 1
   6              		.eabi_attribute 25, 1
   7              		.eabi_attribute 26, 1
   8              		.eabi_attribute 30, 2
   9              		.eabi_attribute 34, 1
  10              		.eabi_attribute 18, 4
  11              		.file	"memstreams.c"
  12              		.section	.gnu.lto_.profile.8294c5ed8dd9bf9,"",%progbits
  13 0000 789C6363 		.ascii	"x\234cc```\001bF\206\000K\000\001Q\000\225"
  13      60606001 
  13      62468600 
  13      4B000151 
  13      0095
  14              		.text
  15              		.section	.gnu.lto_.icf.8294c5ed8dd9bf9,"",%progbits
  16 0000 789C6363 		.ascii	"x\234cc``Pc@\0006\206Gk\216|\340al9\273t#/\323\222\245"
  16      60605063 
  16      40003686 
  16      476B8E7C 
  16      E0616C39 
  17 001b 8BAEB032 		.ascii	"\213\256\2602\203I\226\355/\027\364\261\262\256\375"
  17      834996ED 
  17      2F17F4B1 
  17      B2AEFD
  18 002a FDF30B17 		.ascii	"\375\363\013\027\003\000b4\022>"
  18      03006234 
  18      123E
  19              		.text
  20              		.section	.gnu.lto_.jmpfuncs.8294c5ed8dd9bf9,"",%progbits
  21 0000 789C8D4E 		.ascii	"x\234\215NA\012\2000\014K\332n\036\367^O\373\310^\342"
  21      410A8030 
  21      0C4BDA6E 
  21      1EF75E4F 
  21      FBC85EE2 
  22 0014 C99FB946 		.ascii	"\311\237\271F\004\305\203\030\010M\240\011\251\0006"
  22      04C58318 
  22      084DA009 
  22      A90036
  23 0023 DC2830D2 		.ascii	"\334(0\322\373p$)H\233\344\"\305\341\226\327\253\255"
  23      FB702429 
  23      489BE422 
  23      C5E196D7 
  23      ABAD
  24 0035 24B80791 		.ascii	"$\270\007\221<\022-\323\337\336\237-q\266\274_~\264"
  24      3C122DD3 
  24      DFDE9F2D 
  24      71B6BC5F 
  24      7EB4
  25 0047 466855CB 		.ascii	"FhU\313x\351\327\030\021\023\360\01519"
  25      78E9D718 
  25      1113F00D 
  25      3139
  26              		.text
ARM GAS  /tmp/ccDUGSPu.s 			page 2


  27              		.section	.gnu.lto_.inline.8294c5ed8dd9bf9,"",%progbits
  28 0000 789C6363 		.ascii	"x\234cc``hdd\200\003V\006\006^\036Ff\006\005F\006f\007"
  28      60606864 
  28      64800356 
  28      06065E1E 
  28      46660605 
  29 0018 30990026 		.ascii	"0\231\000&\025\270\330\326\3511p\334\322cb`|\301\316"
  29      15B8D8D6 
  29      E93170DC 
  29      D2636260 
  29      7CC1CE
  30 002b 02214104 		.ascii	"\002!A\004\007\230\311\301\300\262@\236\207\201\361"
  30      0798C9C1 
  30      C0B2409E 
  30      8781F1
  31 003a 2EBB0013 		.ascii	".\273\000\023\230d`\332\305/\0012\220\221\201\207\033"
  31      986460DA 
  31      C52F0132 
  31      90918187 
  31      1B
  32 004b 6A1EC4A4 		.ascii	"j\036\304\244\006F\250\201\314\323\305\031\330\377\252"
  32      0646A881 
  32      CCD3C519 
  32      D8FFAA
  33 005a 61319079 		.ascii	"a1\220y\2218n\003\231\030\004%\031YP\014dR\000\371\000"
  33      91386E03 
  33      99180425 
  33      1959500C 
  33      645200F9 
  34 006f 6C2A3750 		.ascii	"l*7P\033\003\307\007\234\316d\272\300\317\0032Z\006"
  34      1B03C707 
  34      9CCE64BA 
  34      C0CF0332 
  34      5A06
  35 0081 C455000B 		.ascii	"\304U\000\013*\200\0045@F\263\360200O\360\003Af\204"
  35      2A800435 
  35      4046B3F0 
  35      3230304F 
  35      F0034166 
  36 0096 2DD060A0 		.ascii	"-\320`\240\201%,\014\034\354\214\014L\254\035\352\014"
  36      81252C0C 
  36      1CEC8C0C 
  36      4CAC1DEA 
  36      0C
  37 00a7 DC2BDC98 		.ascii	"\334+\334\230\300\021\000\000I\0135\372"
  37      C0110000 
  37      490B35FA 
  38              		.text
  39              		.section	.gnu.lto_.pureconst.8294c5ed8dd9bf9,"",%progbits
  40 0000 789C6363 		.ascii	"x\234cc``\340\006bV\006)F)&)f)\026)\000\004\023\000"
  40      6060E006 
  40      62560629 
  40      46292629 
  40      66291629 
  41 0018 A3       		.ascii	"\243"
  42              		.text
  43              		.section	.gnu.lto__put.8294c5ed8dd9bf9,"",%progbits
ARM GAS  /tmp/ccDUGSPu.s 			page 3


  44 0000 789C9552 		.ascii	"x\234\225R\337K\024Q\024\276\337\234\331\031W\315\250"
  44      DF4B1451 
  44      14BEDF9C 
  44      D91957CD 
  44      A8
  45 0011 A71EF6C1 		.ascii	"\247\036\366\301\207D|\320\261L\360\245?FEp\301Ei{\316"
  45      87447CD0 
  45      B14CF0A5 
  45      3F464570 
  45      C145697B 
  46 0026 AB6B9A65 		.ascii	"\253k\232e$\244f\313 K\"E\021&\255V\2465\251\231\277"
  46      24A466CB 
  46      204B2245 
  46      1126AD56 
  46      A635A999 
  47 003b B6AC34A4 		.ascii	"\266\2544\244\007\037\012\245\337\021\221\217\32693"
  47      071F0AA5 
  47      DF11918F 
  47      D63933
  48 004a 1B1ABDE8 		.ascii	"\033\032\275\350\300\2349\367\316\371\276\357\234\357"
  48      C09C39F7 
  48      CEF9BEEF 
  48      9CEF
  49 0058 5E4B29F5 		.ascii	"^K)\365\225\224\252\342o%\277\010)\030\335\317\225j"
  49      9594AAE2 
  49      6F25BF08 
  49      2918DDCF 
  49      956A
  50 006a C9310CF3 		.ascii	"\3111\014\363\203R:\227nd\370\223O0\203}\023\220D\347"
  50      83523A97 
  50      6E64F893 
  50      4F30837D 
  50      139044E7 
  51 007e 40351B64 		.ascii	"@5\033d\242\031]\324Cx\331v\307\245\013\344\222\202"
  51      A2195DD4 
  51      4378D976 
  51      C7A50BE4 
  51      9282
  52 0090 C9CB1F99 		.ascii	"\311\313\037\231\344\373\002Y\002\205\274\034\232LL"
  52      E4FB0259 
  52      0285BC1C 
  52      9A4C4C
  53 009f A0E4BAE6 		.ascii	"\240\344\272\346\307\273\322c\015\244\227u\330%C\365"
  53      C7BBD263 
  53      0DA49775 
  53      D82543F5 
  54 00af 71791A11 		.ascii	"qy\032\021\334ED\324GQ\302\305\2573\253\3356\225Cq~"
  54      DC4544D4 
  54      4751C2C5 
  54      AF33ABDD 
  54      36954371 
  55 00c4 F9D767CF 		.ascii	"\371\327g\317(\036\322\272U{K\203\244\217\272D\030\003"
  55      281ED2BA 
  55      557B4B83 
  55      A48FBA44 
  55      1803
  56 00d6 ED06F296 		.ascii	"\355\006\362\226\302=\024s\271\333~s\203\250\302\207"
ARM GAS  /tmp/ccDUGSPu.s 			page 4


  56      C23D1473 
  56      B9DB7E73 
  56      83A8C287 
  57 00e6 2E6ECDCD 		.ascii	".n\315\315\374\205~i#\235\357r\267\367\003hE\004\345"
  57      FC857E69 
  57      239DEF72 
  57      B7F70368 
  57      4504E5
  58 00f9 0234151E 		.ascii	"\0024\025\036\240X\252\177~_]\014S\245\217\2745\226"
  58      A058AA7F 
  58      7E5F5D0C 
  58      53A58FBC 
  58      3596
  59 010b 5EC82F1A 		.ascii	"^\310/\032\364\221\353\375\207\257%\364\2346]\012a\374"
  59      F491EBFD 
  59      87AF25F4 
  59      9C365D0A 
  59      61FC
  60 011d 5F6179B8 		.ascii	"_ay\270\374\335\310v\357\001\313\304C\024\311@<\307"
  60      FCDDC876 
  60      EF01CBC4 
  60      4314C940 
  60      3CC7
  61 012f 042C054E 		.ascii	"\004,\005N\206_\205<\275\375\273C{o\216\254\2453\207"
  61      865F853C 
  61      BDFDBB43 
  61      7B6F8EAC 
  61      A53387
  62 0142 0AC09A96 		.ascii	"\012\300\232\226!\2018\330\246\204\220,-\0116\007#\014"
  62      218138D8 
  62      A684902C 
  62      2D093607 
  62      230C
  63 0154 99250F7E 		.ascii	"\231%\017~c\352\034\363\261\335\332S\235l\027g\011O"
  63      63EA1CF3 
  63      B1DDDA53 
  63      9D6C1767 
  63      094F
  64 0166 6DA23535 		.ascii	"m\24255\334U\"*\242\231\244\260\372\204\326\361\217"
  64      DC55222A 
  64      A299A4B0 
  64      FA84D6F1 
  64      8F
  65 0177 17A72DD9 		.ascii	"\027\247-\331K\022\270\251\276\263S/l9\200\220?\322"
  65      4B12B8A9 
  65      BEB3532F 
  65      6C398090 
  65      3FD2
  66 0189 C45466D6 		.ascii	"\304Tf\326Ja\240\205O\240\320\245\034\006aRF\340\177"
  66      4A61A085 
  66      4FA0D0A5 
  66      1C066152 
  66      46E07F
  67 019c 2B1D6BEB 		.ascii	"+\035k\353y\316m\035\374\012\343\021R\350\2259\024\036"
  67      79CE6D1D 
  67      FC0AE311 
  67      52E89539 
ARM GAS  /tmp/ccDUGSPu.s 			page 5


  67      141E
  68 01ae C3F1B9E7 		.ascii	"\303\361\271\347\313\002fc\237T\236O%V\340\011Sm\240"
  68      CB026663 
  68      9F549E4F 
  68      2556E009 
  68      536DA0
  69 01c1 EDEDF489 		.ascii	"\355\355\364\211l\223\314\346;\330\311\307\307w\214"
  69      6C93CCE6 
  69      3BD8C9C7 
  69      C7778C
  70 01d0 07F3A7B8 		.ascii	"\007\363\247\270\224\310NA\373\322\2621\345k\011'\246"
  70      94C84E41 
  70      FBD2B231 
  70      E56B0927 
  70      A6
  71 01e1 FDB6136E 		.ascii	"\375\266\023n\373\325P\300e2\235\350\261Br\376\244\354"
  71      FBD550C0 
  71      65329DE8 
  71      B14272FE 
  71      A4EC
  72 01f3 EDB6C8FE 		.ascii	"\355\266\310\376\317\242T\201+\030\0233\"\206\247L\235"
  72      CFA25481 
  72      2B181333 
  72      2286A74C 
  72      9D
  73 0204 A4BCA0C1 		.ascii	"\244\274\240\301\376\204\035\220\206\366\324`\251\370"
  73      FE841D90 
  73      86F6D460 
  73      A9F8
  74 0212 30BBE3C3 		.ascii	"0\273\343\303\263\240\267\276v\004,Y\242\321\216\245"
  74      B3A0B7BE 
  74      76042C59 
  74      A2D18EA5 
  75 0222 915C6986 		.ascii	"\221\\i\206\317\037s\314\300Z+\347\221mu\2172\363;2"
  75      CF1F73CC 
  75      C05A2BE7 
  75      916D758F 
  75      32F33B32 
  76 0236 0B7098DB 		.ascii	"\013p\230\333\267\327\314\336\233o0T\222l\336\333\202"
  76      B7D7CCDE 
  76      9B6F3054 
  76      926CDEDB 
  76      82
  77 0247 CDC04D37 		.ascii	"\315\300M7={P$\015\234\301\"\"\306B\355nW\014(,!B\343"
  77      3D7B5024 
  77      0D9CC122 
  77      22C642ED 
  77      6E570C28 
  78 025f 9BCBE07B 		.ascii	"\233\313\340{\010aawK\313\234\332\372hM\2641~\254\352"
  78      08616177 
  78      4BCB9CDA 
  78      FA684DB4 
  78      317EACEA 
  79 0273 B8D31877 		.ascii	"\270\323\030w\352\253\033\234\206h\215\023?}\252\256"
  79      EAAB1B9C 
  79      86688D13 
  79      3F7DAAAE 
ARM GAS  /tmp/ccDUGSPu.s 			page 6


  80 0283 3A167762 		.ascii	":\026wbu\261lZV\253\214h\023j(\026o\372\003\031\361"
  80      75B16C5A 
  80      56AB8C68 
  80      136A2816 
  80      6FFA0319 
  81 0298 4E59     		.ascii	"NY"
  82              		.text
  83              		.section	.gnu.lto__get.8294c5ed8dd9bf9,"",%progbits
  84 0000 789C9552 		.ascii	"x\234\225R\337K\024Q\024\276\337\334\331\331\037\255"
  84      DF4B1451 
  84      14BEDFDC 
  84      D9D91FAD 
  85 0010 453D08C1 		.ascii	"E=\010\301\022>$\342\203\216e\221\377J\217*\202\013"
  85      123E24E2 
  85      838E6591 
  85      FF4A8F2A 
  85      820B
  86 0022 2E4ADB63 		.ascii	".J\333c\344\32557\315\007\301\264\\\006Y\022I\214(i"
  86      E4D53537 
  86      CD07C1B4 
  86      5C065912 
  86      498C2869 
  87 0036 D74C5D9D 		.ascii	"\327L]\2354M\313-+\215\352!\242PJ\301\350\227/\205u"
  87      344DCB2D 
  87      2B8DEA21 
  87      A2504AC1 
  87      E8972F85 
  88 004b CECC5246 		.ascii	"\316\314RF/ya\356\2173\347\373\276s\276{\015!\304\254"
  88      2F7961EE 
  88      8F33E7FB 
  88      BE73BE7B 
  88      0D21C4AC 
  89 005f 14A282D6 		.ascii	"\024\242\202\326\343\364\301#\240u>\022\242\311\247"
  89      E3F4C123 
  89      A0753E12 
  89      A2C9A7
  90 006e 69FA7B21 		.ascii	"i\372{!T@\016fi\011J\350n\\\007x\243|\020\215\232\324"
  90      54400E66 
  90      69094AE8 
  90      6E5C0778 
  90      A37C108D 
  91 0084 D1880E79 		.ascii	"\321\210\016yQ\342I\313MK^\220\226\024\320\351\370)"
  91      51E249CB 
  91      4D4B5E90 
  91      9614D0E9 
  91      F829
  92 0096 9B78B797 		.ascii	"\233x\267\227\217@\001\035\0072\261\011\024_U4\354K"
  92      8F40011D 
  92      0732B109 
  92      145F5534 
  92      EC4B
  93 00a8 A3465F6A 		.ascii	"\243F_jI\371-\251\211\036JO!\204[\010\261z\032\305\224"
  93      49F92DA9 
  93      891E4A4F 
  93      21845B08 
  93      B17A1AC5 
  94 00bd FC2CBBD2 		.ascii	"\374,\273\322\351\225e\020\264\357\372\266akE\003J5"
ARM GAS  /tmp/ccDUGSPu.s 			page 7


  94      E9956510 
  94      B4EFFAB6 
  94      616B4503 
  94      4A35
  95 00cf 2B7BB15F 		.ascii	"+{\261_\252\303\226\224\030\201\334\011\244\220\300"
  95      AAC39694 
  95      1881DC09 
  95      A490C0
  96 00de 6D1471FE 		.ascii	"m\024q\376\227\217+\017\375\262\334\301^\033I=\010\026"
  96      978F2B0F 
  96      FDB2DCC1 
  96      5E1B493D 
  96      0816
  97 00f0 F63BD8AD 		.ascii	"\366;\330\255\336\003Wbj^\351\026\225<\3727\236\007"
  97      DE035762 
  97      6A5EE916 
  97      953CFA37 
  97      9E07
  98 0102 A55BAD43 		.ascii	"\245[\255C\253R\236p\240\223]\311)=\007\335\354\315"
  98      AB529E70 
  98      A0935DC9 
  98      293D07DD 
  98      ECCD
  99 0114 6F8AA9CB 		.ascii	"o\212\251\313\014\365`\314\205\226\207P\366\033\370"
  99      0CF560CC 
  99      85968750 
  99      F61BF8
 100 0123 7678BB3B 		.ascii	"vx\273;\317\3201\216B\334A!7E\275L\300\020\240\225\303"
 100      CFD0318E 
 100      42DC4121 
 100      3745BD4C 
 100      C010A095 
 101 0138 379E7A6C 		.ascii	"7\236zl\265\3753\256\354\265\203\231\257\317\367\347"
 101      B5FD33AE 
 101      ECB58399 
 101      AFCFF7E7 
 102 0148 818A3634 		.ascii	"\201\21264\236$M^\235'\017\037\015\2324\037\270\235"
 102      9E244D5E 
 102      9D270F1F 
 102      0D9A341F 
 102      B89D
 103 015a 80606890 		.ascii	"\200`h\220\003B\234'N\262]\331\242\215\216\264\213\331"
 103      03429C27 
 103      4EB25DD9 
 103      A28D8EB4 
 103      8BD9
 104 016c 620DCDC9 		.ascii	"b\015\315\311\357\035\305\254\304\272\011\351\023\353"
 104      EF1DC5AC 
 104      C4BA09E9 
 104      13EB
 105 017a 681EFB30 		.ascii	"h\036\37308cp,!A\305\365\234\233~\354\345\213\320\235"
 105      3863702C 
 105      2141C5F5 
 105      9C9B7EEC 
 105      E58BD09D 
 106 018e C626A6B3 		.ascii	"\306&\246\263sF\022}Mt\023\005\226\364\021\010\031\366"
 106      7346127D 
ARM GAS  /tmp/ccDUGSPu.s 			page 8


 106      4D741305 
 106      96F41108 
 106      19F6
 107 01a0 80FE2DC7 		.ascii	"\200\376-\307_\274\336c^W\356/?&\221D7\367\"0\005\323"
 107      5FBCDE63 
 107      5E57EE2F 
 107      3F269144 
 107      37F72230 
 108 01b6 E15E2871 		.ascii	"\341^(q\231\265]R\331\016\025\230\352.Q\255\242\345"
 108      99B55D52 
 108      D90E1598 
 108      EA2E51AD 
 108      A2E5
 109 01c8 D5CCB15C 		.ascii	"\325\314\261\\\221\011\356\217F\033]#\2755j\314\351"
 109      9109EE8F 
 109      461B5D23 
 109      BD356ACC 
 109      E9
 110 01d9 6228E675 		.ascii	"b(\346u\023\344\256\264\274\230v\264\230\0233N\3311"
 110      13E4AEB4 
 110      BC9876B4 
 110      9813334E 
 110      D931
 111 01eb ABF5A5C7 		.ascii	"\253\365\245\307\345\322\211\216\365H\341G\373I7\026"
 111      E5D2898E 
 111      F548E147 
 111      FB493716 
 112 01fb D8E992F7 		.ascii	"\330\351\222\367\037\227\222\207\350\336\011\211{\254"
 112      1F979287 
 112      E8DE0989 
 112      7BAC
 113 0209 87596277 		.ascii	"\207Ybw\234\317w|\037g\337\003,\322\323\232I\237q\031"
 113      9CCF777C 
 113      1F67DF03 
 113      2CD2D39A 
 113      499F7119 
 114 021d 3DAE41E9 		.ascii	"=\256A\351\370\342p\200I\375\000\346\010M\252\313\355"
 114      F8E27080 
 114      49FD00E6 
 114      084DAACB 
 114      ED
 115 022e E09CFF6A 		.ascii	"\340\234\377j\251\204\221\367\37787\017\223\270\231"
 115      A98491F7 
 115      FF38370F 
 115      93B899
 116 023d E5733C9B 		.ascii	"\345s<\233\256u\265\202,\317\346\351\271W\261\011M$"
 116      AE75B582 
 116      2CCFE6E9 
 116      B957B109 
 116      4D24
 117 024f A441B12D 		.ascii	"\244A\261-Gg\315J\315\355\343*4\234\305\002B\332\330"
 117      4767CD4A 
 117      CDEDE32A 
 117      349CC502 
 117      42DAD8
 118 0262 FA1BF23C 		.ascii	"\372\033\362<(\023\033K\240w\005\306\221[%\245fum\270"
 118      28131B4B 
ARM GAS  /tmp/ccDUGSPu.s 			page 9


 118      A07705C6 
 118      915B25A5 
 118      66756DB8 
 119 0276 2A5C1F3D 		.ascii	"*\\\037=Rq\324\254\217\232\265\225uf]\270\312\214\236"
 119      5271D4AC 
 119      8F9AB595 
 119      75665DB8 
 119      CA8C9E
 120 0289 3E555319 		.ascii	">US\031\211\232\221\232Hn[Z-\264p\203\214D\033P\365"
 120      899A919A 
 120      486E5B5A 
 120      2DB47083 
 120      8C441B50 
 121 029e 0B62BC44 		.ascii	"\013b\274D\300"
 121      C0
 122              		.text
 123              		.section	.gnu.lto__reads.8294c5ed8dd9bf9,"",%progbits
 124 0000 789C9552 		.ascii	"x\234\225R\337K\024Q\024\276\337\2753\263\263\271\331"
 124      DF4B1451 
 124      14BEDFBD 
 124      33B3B3B9 
 124      D9
 125 0011 3FE08350 		.ascii	"?\340\203P\"\012:\375\220\020\244\236{\356?P\021\\p"
 125      220A3AFD 
 125      9010A49E 
 125      7BEE3F50 
 125      115C70
 126 0024 53DADEF7 		.ascii	"S\332\336\367\372k\315\364\301HWY\226\330XT\"\242\""
 126      FA6BCDF4 
 126      C1485759 
 126      96D85854 
 126      22A222
 127 0037 B334AB49 		.ascii	"\2634\253IkKM\243T\010\202\202\262\244\022+\244\037"
 127      6B4B4DA3 
 127      54088282 
 127      B2A4122B 
 127      A41F
 128 0049 20AE9D7B 		.ascii	" \256\235{g\323\362I\007\346\316\271\347\236\357\273"
 128      67D3F249 
 128      07E6CEB9 
 128      E79EEFBB 
 129 0059 DFF9CE58 		.ascii	"\337\371\316X\214\261b\203\261\012\372\226\321\013\223"
 129      8CB16283 
 129      B10AFA96 
 129      D10B93
 130 0068 8177CD32 		.ascii	"\201w\3152\326hs.\372\212\231\334c\374\336\317d@\300"
 130      D668732E 
 130      FA8A99DC 
 130      63FCDECF 
 130      6440C0
 131 007b F0D206A0 		.ascii	"\360\322\006\240\002i\203E\2700\020A\247\350\026x\321"
 131      02698345 
 131      B8301041 
 131      A7E81678 
 131      D1
 132 008c 723D213A 		.ascii	"r=!:DB0\030\264\375>\023\177\237\253\266@>m\227W\322"
 132      44423018 
ARM GAS  /tmp/ccDUGSPu.s 			page 10


 132      B4FD3E13 
 132      7F9FABB6 
 132      403E6D97 
 133 00a2 4381A241 		.ascii	"C\201\242A)\233\244\333\373\355\330\245\346\326\023"
 133      299BA4DB 
 133      FBEDD8A5 
 133      E6D613
 134 00b1 09C1598C 		.ascii	"\011\301Y\214\252\207\220\207\233\310Sw\337B\021\325"
 134      AA879087 
 134      9BC85377 
 134      DF4211D5 
 135 00c1 CECD2C74 		.ascii	"\316\315,t\371\304A0\212/\374\370\342\362\302~\215["
 135      F9C44130 
 135      8A2FFCF8 
 135      E2F2C27E 
 135      8D5B
 136 00d3 4C097920 		.ascii	"L\011y !\004\206!\376\005R\212\3416\012\251|\255c!\346"
 136      21048621 
 136      FE05528A 
 136      E1360AA9 
 136      7CAD6321 
 137 00e8 174734F4 		.ascii	"\027G4\364\374\322`\006Y\350\263~\0155pg;\324`\030\321"
 137      FCD26006 
 137      59E8B37E 
 137      0D357067 
 137      3BD46018 
 138 00fd D075D91D 		.ascii	"\320u\331\035\313\025G5tq:\325\345\373{\353\200\206"
 138      CB154735 
 138      74713AD5 
 138      E5FB7BEB 
 138      8086
 139 010f 728C6E87 		.ascii	"r\214n\207r\206\273(T\365\253_\027\246\375\242\\c\257"
 139      7286BB28 
 139      54F5AB5F 
 139      17A6FDA2 
 139      5C63AF
 140 0122 0C0F4D05 		.ascii	"\014\017M\005\012R\032;\333k\306\245\333\222\237\020"
 140      0A521A3B 
 140      DB6BC6A5 
 140      DB929F10 
 141 0132 26C6FE87 		.ascii	"&\306\376\207\253\207\252\337\335\310\364\354\265\014"
 141      AB87AADF 
 141      DDC8F4EC 
 141      B50C
 142 0140 DC438132 		.ascii	"\334C\2012\203<\270\017\213\201\202k/MWf6\332\244\233"
 142      833CB80F 
 142      8B81826B 
 142      2F4D5766 
 142      36DAA49B 
 143 0154 FE858154 		.ascii	"\376\205\201T'\366\201\356\264\270Z\204Z\014\245\336"
 143      27F681EE 
 143      B4B85A84 
 143      5A0CA5DE 
 144 0164 548BA5B6 		.ascii	"T\213\245\266>\265\330Z\222\037\312\216\034\2508\000"
 144      3EB5D85A 
 144      921FCA8E 
 144      1CA83800 
ARM GAS  /tmp/ccDUGSPu.s 			page 11


 145 0174 D51F6367 		.ascii	"\325\037cg\211\234\306&]\326N\302)jv\331G4%\227\246"
 145      899CC626 
 145      5DD64EC2 
 145      296A76D9 
 145      47342597 
 146 0189 B9BA5209 		.ascii	"\271\272R\011\210\013?\373\214\246\321Oke*\025\027 "
 146      880B3FFB 
 146      8CA6D14F 
 146      6B652A15 
 146      1720
 147 019b 81B1D6F1 		.ascii	"\201\261\326\361\347>5GSw76>\223\266\222\270\330(\245"
 147      E73E3547 
 147      53773736 
 147      3E93B692 
 147      B8D828A5 
 148 01af A4B67C84 		.ascii	"\244\266|\204\301\003\325\016\235\315\267\275z\223\343"
 148      C103D50E 
 148      9DCDB7BD 
 148      7A93E3
 149 01be 5C95DE11 		.ascii	"\\\225\336\021\207\213$zTO\014\017\341h\352\311\022"
 149      878B247A 
 149      544F0C0F 
 149      E168EAC9 
 149      12
 150 01cf 8F99EF92 		.ascii	"\217\231\357\222j\\S)[0\241\251\232\373\242\355\246"
 150      6A5C5329 
 150      5B30A1A9 
 150      9AFBA2ED 
 150      A6
 151 01e0 C7254828 		.ascii	"\307%H(1\262\017h\231\235(\333\314\345h\213\333\351"
 151      31B20F68 
 151      999D28DB 
 151      CCE5688B 
 151      DBE9
 152 01f2 DFE82BCE 		.ascii	"\337\350+\316\366\272Z\241[%W\250B\037\032\233Nx\303"
 152      F6BA5AA1 
 152      5B2557A8 
 152      421F1A9B 
 152      4E78C3
 153 0205 8C0BDBB3 		.ascii	"\214\013\333\263`\375\244Gd\354J\250\201GZ(WB\037{B"
 153      60FDA447 
 153      64EC4AA8 
 153      81475A28 
 153      57421F7B 
 154 021a 13D1CB3E 		.ascii	"\023\321\313>\217\313$:%t\031\321d\256\2363\021\214"
 154      8FCB243A 
 154      257419D1 
 154      64AE9E33 
 154      118C
 155 022c 8C2CBFF6 		.ascii	"\214,\277\366E\326\245\235\020vLu\2104\",.\002\272\236"
 155      45D6A59D 
 155      10764C75 
 155      8834222C 
 155      2E02BA9E 
 156 0240 B2D99964 		.ascii	"\262\331\231d\216{$\326\216\004\225(\323\236l\231\366"
 156      8E7B24D6 
 156      8E049528 
ARM GAS  /tmp/ccDUGSPu.s 			page 12


 156      D39E6C99 
 156      F6
 157 0251 D4D3128B 		.ascii	"\324\323\022\213\302c!\210\225\355u\376\234\316\355"
 157      C2632188 
 157      95ED75FE 
 157      9CCEED
 158 0260 9C76728B 		.ascii	"\234vr\213v\012\016q\261\025\362vc.Km\323\301O\3304"
 158      760A0E71 
 158      B115F276 
 158      632E4B6D 
 158      D3C14FD8 
 159 0275 004E6DD0 		.ascii	"\000Nm\320$\336\012\372\371\240\214&[JJ\235\352\332"
 159      24DE0AFA 
 159      F9A08C26 
 159      5B4A4A9D 
 159      EADA
 160 0287 6055B03E 		.ascii	"`U\260>|\250\374\260S\037vj+\353\234\272`\225\023>s"
 160      7CA8FCB0 
 160      531F766A 
 160      2BEB9CBA 
 160      6095133E 
 161 029c BAA63214 		.ascii	"\272\2462\024vB5\241lXZ\315x\260\201W5\340\224\010\205"
 161      764235A1 
 161      6C585ACD 
 161      78B08157 
 161      35E09408 
 162 02b1 1BFE0055 		.ascii	"\033\376\000U\204]\031"
 162      845D19
 163              		.text
 164              		.section	.gnu.lto__writes.8294c5ed8dd9bf9,"",%progbits
 165 0000 789C9552 		.ascii	"x\234\225R\337K\024Q\024\276\337\2753;\273\356f\377"
 165      DF4B1451 
 165      14BEDFBD 
 165      333BBBEE 
 165      66FF
 166 0012 800F4289 		.ascii	"\200\017B\211(\350\364CB\222\336\3737T\004\027\334\224"
 166      28E8F443 
 166      4292DEFB 
 166      37540417 
 166      DC94
 167 0024 B6F7BDFE 		.ascii	"\266\367\275\376Z3{0\322\315\226!6\244\366A\242\"\323"
 167      5A337B30 
 167      D2CD9621 
 167      36A4F641 
 167      A222D3
 168 0037 FC514D6A 		.ascii	"\374QMj\226\212F\251\020\026=T\026\346bD$A\270v\356"
 168      968A46A9 
 168      10163D54 
 168      16E66244 
 168      2441B876 
 169 004c 9D45CB27 		.ascii	"\235E\313'\035\2303\347\236{\276\357~\347\273\343c\214"
 169      1D9833E7 
 169      9E7BBEEF 
 169      7EE7BBE3 
 169      638C
 170 005e 95188C55 		.ascii	"\225\030\214U\321\267\202^\230\014\274{\201\261f?\347"
 170      D1B7825E 
ARM GAS  /tmp/ccDUGSPu.s 			page 13


 170      980CBC7B 
 170      81B1663F 
 170      E7
 171 006f A2AF94C9 		.ascii	"\242\257\224\311<\343\367\021&C\002\206W6\000\225H?"
 171      3CE3F711 
 171      26430286 
 171      57360095 
 171      483F
 172 0081 588C0B03 		.ascii	"X\214\013\0031\\\026=\002\257\333\3569\242K8\202\301"
 172      315C163D 
 172      02AFDBEE 
 172      39A24B38 
 172      82C1
 173 0093 A0E58FF9 		.ascii	"\240\345\217\371\344\247|\265\004\012i\231\331\230\036"
 173      E4A77CB5 
 173      040A6999 
 173      D9981E
 174 00a2 0C95A4A5 		.ascii	"\014\225\244\245l\221\356\265\36137[\333\317:\202\263"
 174      6C91EEB5 
 174      F133375B 
 174      DBCF3A82 
 174      B3
 175 00b3 04750FA2 		.ascii	"\004u\017\242\000\017P\240\316~\210\022\352]\234_\356"
 175      000F50A0 
 175      CE7E8812 
 175      EA5D9C5F 
 175      EE
 176 00c4 B6C43130 		.ascii	"\266\30410\312\257\376Zwy\361-\215\313\364\013y\324"
 176      CAAFFE5A 
 176      7779F12D 
 176      8DCBF40B 
 176      79D4
 177 00d6 11024310 		.ascii	"\021\002C\020\377\002\251\3040\214bj\377\323\265\234"
 177      FF02A9C4 
 177      308C626A 
 177      FFD3B59C 
 178 00e6 0888931A 		.ascii	"\010\210\223\032z\345k:\213\034t\352\266\206\032x\264"
 178      7AE56B3A 
 178      8B1C74EA 
 178      B6861A78 
 178      B4
 179 00f7 176A308C 		.ascii	"\027j0\214h\350\226\354I\344\213S\032\372y\256\277\333"
 179      68E896EC 
 179      49E48B53 
 179      1AFA79AE 
 179      BFDB
 180 0109 CA41DFA7 		.ascii	"\312A\337\2475\224ct/\2243\214\241X\365\377\374\276"
 180      35946374 
 180      2F94338C 
 180      A158F5FF 
 180      FCBE
 181 011b 3C171095 		.ascii	"<\027\020\225\032;048\033*\352\327\330l\257\231\224"
 181      1A3B3034 
 181      381B2AEA 
 181      D7D86CAF 
 181      9994
 182 012d 6E5BA123 		.ascii	"n[\241#L\214\377\017W\017u\177\274\237\355=\3443\360"
ARM GAS  /tmp/ccDUGSPu.s 			page 14


 182      4C8CFF0F 
 182      570F757F 
 182      BC9FED3D 
 182      E433F0
 183 0140 1845CA0C 		.ascii	"\030E\312\014\362\340\011|\014\224\334}c\2722\273\335"
 183      F2E0097C 
 183      0C94DC7D 
 183      63BA32BB 
 183      DD
 184 0151 21DDCD55 		.ascii	"!\335\315U\244\307\202\207AG\372\270\012B\005\203\202"
 184      A4C78287 
 184      4147FAB8 
 184      0A420583 
 184      82
 185 0162 65AAE053 		.ascii	"e\252\340SKK\005\277V\024\200r#\010\225\207\240\306"
 185      4B4B05BF 
 185      56148072 
 185      23089587 
 185      A0C6
 186 0174 63EC2271 		.ascii	"c\354\"q\323\255I\227u\222n\312Z]\366\005-\251\355Y"
 186      D3AD4997 
 186      75926ECA 
 186      5A5DF605 
 186      2DA9ED59 
 187 0188 AE4E54E7 		.ascii	"\256NT\347'E\200}C\313\350\332Z\205*%\005H_\242}\342"
 187      2745807D 
 187      43CBE8DA 
 187      5A852A25 
 187      05485FA2 
 188 019e 95A5AED1 		.ascii	"\225\245\256\321\324\303\215O\314O\373R\270\321,\245"
 188      D4C38D4F 
 188      CC4FFB52 
 188      B8D12CA5 
 189 01ae A4A9FC84 		.ascii	"\244\251\374\204\301S5\015\355-u\274\375\020\264\357"
 189      C153350D 
 189      ED2D75BC 
 189      FD10B4EF 
 190 01be 486F8BC3 		.ascii	"Ho\213\303E\012\275j$\206g\2605\365L\271\307\314\017"
 190      450ABD6A 
 190      248667B0 
 190      35F54CB9 
 190      C7CC0F
 191 01d1 4835A1A9 		.ascii	"H5\241\251\224+\230\324T\255}\361\353\246\307%H(1\262"
 191      942B98D4 
 191      54AD7DF1 
 191      EBA6C725 
 191      482831B2 
 192 01e5 55B42D4C 		.ascii	"U\264-LV\354\324\202\332\341N\3725\372Js\263\016T\351"
 192      56ECD482 
 192      DAE14EFA 
 192      35FA4A73 
 192      B30E54E9 
 193 01f9 51C915EA 		.ascii	"Q\311\025\352\320\233\306\216\023\336]&\205\337\263"
 193      D09BC68E 
 193      13DE5D26 
 193      85DFB3
 194 0208 60FDB447 		.ascii	"`\375\264Gd\034H\250\205)-\224+\241\317=\241N|-'\324"
ARM GAS  /tmp/ccDUGSPu.s 			page 15


 194      641C48A8 
 194      85292D94 
 194      2BA1CF3D 
 194      A14E7C2D 
 195 021e 243A2534 		.ascii	"$:%4\203x*__3\021\214\214d\336Y\261-\351wD \241&\304"
 195      83782A5F 
 195      5F33118C 
 195      8C64DE59 
 195      B12DE977 
 196 0237 34624C37 		.ascii	"4bL7\207H\215#\362<A\231J\217\304\267/Ae\312\264\027"
 196      87488D23 
 196      F23C4199 
 196      4A8FC4B7 
 196      2F4165CA 
 197 024d BBA6BDF4 		.ascii	"\273\246\275\364\264$\342\360X,\"\312\315\272tI\327"
 197      B424E2F0 
 197      582C22CA 
 197      CDBA7449 
 197      D7
 198 025e F64F3BB3 		.ascii	"\366O;\263K;\013\233\270\330\006y;\274\230\243\366\323"
 198      4B3B0B9B 
 198      B8D80679 
 198      3BBC98A3 
 198      F6D3
 199 0270 C626081C 		.ascii	"\306&\010\034\3444\206\020++\202~>(\243\311\226\262"
 199      E4348610 
 199      2B2B827E 
 199      3E28A3C9 
 199      96B2
 200 0282 72BBB63E 		.ascii	"r\273\266>\\\023n\214\036\257<a7F\355\372\352\006\273"
 200      5C136E8C 
 200      1EAF3C61 
 200      3746EDFA 
 200      EA06BB
 201 0295 215C6347 		.ascii	"!\\cG/\234\257\253\216D\355H]$\227\226\3272\036n\342"
 201      2F9CAFAB 
 201      8E44ED48 
 201      5D249796 
 201      D7321E6E 
 202 02aa 354D3827 		.ascii	"5M8'\"\321\246\277Y\006\\\216"
 202      22D1A6BF 
 202      59065C8E 
 203              		.text
 204              		.section	.gnu.lto_msObjectInit.8294c5ed8dd9bf9,"",%progbits
 205 0000 789C9D92 		.ascii	"x\234\235\222\337K\024Q\024\307\357w\356\314\354\310"
 205      DF4B1451 
 205      14C7EF77 
 205      EECCECC8 
 206 0010 A2F4D043 		.ascii	"\242\364\320C\224\017>\004\346CNE\017A/A\017\365o\270"
 206      940F3E04 
 206      E6434E45 
 206      0F412F41 
 206      0FF56FB8 
 207 0024 B2E282CB 		.ascii	"\262\342\202\313\206S/\021\354\270\353\266+\375\240"
 207      86532F11 
 207      ECB8EBB6 
 207      2BFDA0
ARM GAS  /tmp/ccDUGSPu.s 			page 16


 208 0033 87B45826 		.ascii	"\207\264X&Y\314m\237$\303\262t\255\235\266\334\312u"
 208      59CC6D9F 
 208      24C3B274 
 208      AD9DB6DC 
 208      CA75
 209 0045 0D232129 		.ascii	"\015#!)-2\242\204\212P\310\244\264s\357nP\322K^\270"
 209      2D32A284 
 209      8A50C8A4 
 209      B473EF6E 
 209      50D24B5E 
 210 005a CCB933E7 		.ascii	"\314\2713\347\3739g\316\367\352\214\261>\316\330az\356"
 210      FB3967CE 
 210      F7EA8CB1 
 210      3ECED861 
 210      7AEE
 211 006c A00DCEA0 		.ascii	"\240\015\316\240\\\230b\254\303P\000\021\330\006XXA"
 211      5C9862AC 
 211      C3500011 
 211      D8065858 
 211      41
 212 007d 1867F945 		.ascii	"\030g\371E\216|\374\375\210\322\220\261i\271\227z=\247"
 212      8E7CFCFD 
 212      88D290B1 
 212      69B9977A 
 212      3DA7
 213 008f EDD83687 		.ascii	"\355\3306\207\344=\264\305\302\020\032(k\272s\320\341"
 213      E43DB4C5 
 213      C2101A28 
 213      6BBA73D0 
 213      E1
 214 00a0 67B8C301 		.ascii	"g\270\303\001\225\216_K\311\205\032qTPG\307\245/3\305"
 214      958E5F4B 
 214      C9851A71 
 214      545047C7 
 214      A52F33C5 
 215 00b4 2ABE078C 		.ascii	"*\276\007\214\342\225\331\341]\365i\333\216\330\356"
 215      E295D9E1 
 215      5DF569DB 
 215      8ED8EE
 216 00c3 643FB777 		.ascii	"d?\267w:\234c\030\234x\270\205Z\334D-\243W\014\267Q"
 216      3A9C6318 
 216      9C78B885 
 216      5ADC442D 
 216      A3570CB7 
 217 00d8 4FD999CE 		.ascii	"O\331\231\316\354l\025\337/\225\203\257\227W\214\212"
 217      EC6C15DF 
 217      2F9583AF 
 217      97578C8A 
 218 00e8 F4475A4A 		.ascii	"\364GZJU\334\331(U\031F\244\264\257c\246X\315\017J\351"
 218      55DCD928 
 218      551946A4 
 218      B4AF63A6 
 218      58CD0F4A 
 219 00fd 9BAE8173 		.ascii	"\233\256\201sjEZ\270\262\365j\324>\352p\015\243\033"
 219      6A455AB8 
 219      B2F56AD4 
 219      3EEA700D 
ARM GAS  /tmp/ccDUGSPu.s 			page 17


 219      A31B
 220 010f C51A4356 		.ascii	"\305\032CV\212\277e\362\343*?$\305\213=\023\243\332"
 220      8ABF65F2 
 220      E32A3F24 
 220      C58B3D13 
 220      A3DA
 221 0121 EFBAE596 		.ascii	"\357\272\345\2265\214\375Cz\027\365\"\377\355\215\265"
 221      358CFD43 
 221      7A17F522 
 221      FFED8DB5 
 222 0131 EE6A5D2D 		.ascii	"\356j]-\217\010\367\2403Pp\375\231\346\332k\353q\333"
 222      8F08F7A0 
 222      335070FD 
 222      99E6DA6B 
 222      EB71DB
 223 0144 7D9746EE 		.ascii	"}\227F\356\210\227\206M\277\250Bt\253C\2245 \011,A:"
 223      8897864D 
 223      BFA84274 
 223      AB439435 
 223      20092C41 
 224 0159 F2C17659 		.ascii	"\362\301vY\027WD\024u\331\"\"\253\361\201\354)\201\243"
 224      17574414 
 224      75D92222 
 224      ABF181EC 
 224      2981A3
 225 016c 123DB1FC 		.ascii	"\022=\261\374S\217\230/\227\035\216\345K\005=\205\336"
 225      538F982F 
 225      971D8EE5 
 225      4B053D85 
 225      DE
 226 017d 0E3229B5 		.ascii	"\0162)\265\335\341z\222\006\237\243\266\304\307\347"
 226      DDE17A92 
 226      069FA3B6 
 226      C4C7E7
 227 018c F117F35E 		.ascii	"\361\027\363^s@\030X\347p\017\\\244\320-\335\303}\230"
 227      73401858 
 227      E7700F5C 
 227      A4D02DDD 
 227      C37D98
 228 019f 7FC23C12 		.ascii	"\177\302<\022\026]\315-\325\204\177\332d\263'%\362\350"
 228      165DCD2D 
 228      D5847FDA 
 228      64B32725 
 228      F2E8
 229 01b1 DDF7E94F 		.ascii	"\335\367\351O\011\257(\260\305\341\006\036\320\335\310"
 229      09AF28B0 
 229      C5E1061E 
 229      D0DDC8
 230 01c0 57E8D1FE 		.ascii	"W\350\321\376\241\030(\3732U\276\006\301xH|b\217#,\272"
 230      A11828FB 
 230      3255BE06 
 230      C178487C 
 230      628F232C 
 231 01d5 4E7E7CB9 		.ascii	"N~|\271\340\251t\375\037m\252(\3106\305\344\360\010"
 231      E0A974FD 
 231      1F6DAA28 
 231      C836C5E4 
ARM GAS  /tmp/ccDUGSPu.s 			page 18


 231      F008
 232 01e7 66927C95 		.ascii	"f\222|\225\264W\233\241ix,i\212\240=\0214\275L\233\333"
 232      B4579BA1 
 232      69782C69 
 232      8AA03D11 
 232      34BD4C9B 
 233 01fc 1C6D42D2 		.ascii	"\034mB\322\244\275EA3\004m\371\303\374\346h\223\222"
 233      A4BD4541 
 233      33046DF9 
 233      C3FCE668 
 233      9392
 234 020e A60A5AE9 		.ascii	"\246\012Z\351oC40L\221\3523\"\251\365\363\220wI\254"
 234      6F433430 
 234      4C91EA33 
 234      22A9F5F3 
 234      907749AC 
 235 0222 04CD85EE 		.ascii	"\004\315\205\356\005\375\316\356F\263\2715\340\013\204"
 235      05FDCEEE 
 235      46B3B935 
 235      E00B84
 236 0231 ACBD07F6 		.ascii	"\254\275\007\366\231!\313lmj3\333\002>\323:\336\356"
 236      9921CB6C 
 236      6D6A33DB 
 236      023ED33A 
 236      DEEE
 237 0243 6F0A5A66 		.ascii	"o\012Zf\320\037\254\204\215\315\214\007\255c\272\357"
 237      D01FAC84 
 237      8DCD8C07 
 237      AD63BAEF 
 238 0253 444B8BBF 		.ascii	"DK\213\277]\265\002'\375\334\037\262~\0018\305H\001"
 238      5DB50227 
 238      FDDC1FB2 
 238      7E0138C5 
 238      4801
 239              		.text
 240              		.section	.gnu.lto_vmt.8294c5ed8dd9bf9,"",%progbits
 241 0000 789C6363 		.ascii	"x\234cc``\330\000\304\372\014\0200\205\231q\347\316"
 241      6060D800 
 241      C4FA0C10 
 241      30859971 
 241      E7CE
 242 0012 37B7D9EB 		.ascii	"7\267\331\353\3776t44<\350^\317<\233y\0163\3034f\014"
 242      FF367434 
 242      343CE85E 
 242      CF3C9B79 
 242      0E33C334 
 243 0028 B905DB78 		.ascii	"\271\005\333x\34603Ncf\304\220\370\006\324\3014\215"
 243      E630334E 
 243      6366C490 
 243      F806D4C1 
 243      348D
 244 003a 99094362 		.ascii	"\231\011Cb\023P\202y\03233Xb\375\233\235?y\273\201\""
 244      13508279 
 244      1A333358 
 244      62FD9B9D 
 244      3F79BB81 
 245 004f 2C8C20EE 		.ascii	",\214 \356\331\373s\2370Ylk\350X\320\0200\207\231u*"
ARM GAS  /tmp/ccDUGSPu.s 			page 19


 245      D9FB739F 
 245      30596C6B 
 245      E858D010 
 245      30879975 
 246 0064 3303E376 		.ascii	"3\003\343vF\231\251\314\214\214\333\030\353\247231n"
 246      4699A9CC 
 246      8C8CDB18 
 246      EBA73233 
 246      316E
 247 0076 0551CC8C 		.ascii	"\005Q\314\214[@\024\013\343f\306z\006\306\035\214\026"
 247      5B40140B 
 247      E366C67A 
 247      06C61D8C 
 247      16
 248 0087 0CBA7AFA 		.ascii	"\014\272z\372\311\031\231I\231\371\305\206\026F\372"
 248      C9199949 
 248      99F9C586 
 248      1646FA
 249 0096 F9C5FA19 		.ascii	"\371\305\372\031\2119\3729\231I\372\305%E\251\211\271"
 249      8939FA39 
 249      9949FAC5 
 249      2545A989 
 249      B9
 250 00a7 C5FAB9A9 		.ascii	"\305\372\271\251\271P\246^2\003\000Q*P\356"
 250      B950A65E 
 250      32030051 
 250      2A50EE
 251              		.text
 252              		.section	.gnu.lto_.symbol_nodes.8294c5ed8dd9bf9,"",%progbits
 253 0000 789C5DC9 		.ascii	"x\234]\311\315\015\3020\020D\341\347Y\3546\220R\011"
 253      CD0DC230 
 253      1044E1E7 
 253      59EC3690 
 253      5209
 254 0012 54B67BE2 		.ascii	"T\266{\342\210RB\312 \346Oi UpL\021XD\\|\030=\351\233"
 254      885242CA 
 254      20E64F69 
 254      2055704C 
 254      1158445C 
 255 002b 025CDBD0 		.ascii	"\002\\\333\320]\016\343\012-\267i\211\322\354!O\275"
 255      5D0EE30A 
 255      2DB76989 
 255      D2EC214F 
 255      BD
 256 003c 55B97A9B 		.ascii	"U\271z\233\345\326\333K~\370[\2153\344\247\210\001,"
 256      E5D6DB4B 
 256      7EF85B8D 
 256      33E4A788 
 256      012C
 257 004e BDE5F977 		.ascii	"\275\345\371wA\304\251\211\012\237\313v4\333\313\027"
 257      41C4A989 
 257      0A9FCB76 
 257      34DBCB17 
 258 005e 2CA2266C 		.ascii	",\242&l"
 259              		.text
 260              		.section	.gnu.lto_.refs.8294c5ed8dd9bf9,"",%progbits
 261 0000 789C6363 		.ascii	"x\234cc``\020\000bF\026&VF\026V&f&&&\006&F\006\000\003"
ARM GAS  /tmp/ccDUGSPu.s 			page 20


 261      60601000 
 261      62461626 
 261      56461656 
 261      26662626 
 262 001b 51003B   		.ascii	"Q\000;"
 263              		.text
 264              		.section	.gnu.lto_.decls.8294c5ed8dd9bf9,"",%progbits
 265 0000 789C9556 		.ascii	"x\234\225VkPT\311\025\276}{\230'\017W\254]\267BU\\\227"
 265      6B5054C9 
 265      15BE7D7B 
 265      98270F57 
 265      AC5DB742 
 266 0017 AD62532B 		.ascii	"\255bS+#\232\312\372c\377\244\374\261\311\017\223\252"
 266      239ACAFA 
 266      63FFA4FC 
 266      B1C90F93 
 266      AA
 267 0028 98A48AAA 		.ascii	"\230\244\212\252TF\030\007\231-f\206b.\353\222_W\004"
 267      54461807 
 267      992D6686 
 267      622EEB92 
 267      5F5704
 268 003b 4504E5E1 		.ascii	"E\004\345\341\003\020\204(\242\200(\006| \017Q\024]"
 268      03108428 
 268      A2802806 
 268      7C200F51 
 268      145D
 269 004d 95C782E2 		.ascii	"\225\307\202\342\003\020\202\270\250k\344\245 \242\222"
 269      031082B8 
 269      A86BE4A5 
 269      20A292
 270 005c D3DDF7CE 		.ascii	"\323\335\367\316\\\206\031\223\275\305\341N\237>\347"
 270      5C861993 
 270      BDC5E14E 
 270      9F3EE7
 271 006b 3BE77C7D 		.ascii	";\347|}\272\373\2529\216\273\030\304q\177\3439N\004"
 271      BAFBAA39 
 271      8EBB18C4 
 271      717FE339 
 271      4E04
 272 007d 99834743 		.ascii	"\231\203GCt j\020\023H\003\310\005\220\026\220V\020"
 272      74206A10 
 272      134803C8 
 272      05901690 
 272      5610
 273 008f 0DE2E843 		.ascii	"\015\342\350C\346\015\360;\000$\010\344\003\220\245"
 273      E60DF03B 
 273      002408E4 
 273      0390A5
 274 009e 206120C4 		.ascii	" a \304\344s\311N~>\002|=\274\027\203,\001\351S\340"
 274      E473C94E 
 274      7E3E027C 
 274      3DBC1783 
 274      2C01E953 
 275 00b3 13CC4829 		.ascii	"\023\314H)\216\032\261X\030\344\035\010\2021\2260\015"
 275      8E1AB158 
 275      18E41D08 
ARM GAS  /tmp/ccDUGSPu.s 			page 21


 275      82319630 
 275      0D
 276 00c4 1E98E4F9 		.ascii	"\036\230\344\371\205\017\\\202I\260\275\341\022\314"
 276      850F5C82 
 276      49B0BDE1 
 276      12CC
 277 00d2 39CE8D1B 		.ascii	"9\316\215\033\340\005\367\227\036\270-\022\356\005E"
 277      E005F797 
 277      1EB82D12 
 277      EE0545
 278 00e1 BE04F357 		.ascii	"\276\004\363W +\321B\\p\247\274\204y\301\376\024&\015"
 278      202BD142 
 278      5C70A7BC 
 278      8479C1FE 
 278      14260D
 279 00f4 5EB05BB9 		.ascii	"^\260[\271\205\\(\361\225|\020\374\017|\340G\300\244"
 279      855C28F1 
 279      957C10FC 
 279      0F7CE047 
 279      C0A4
 280 0106 0EDE1B14 		.ascii	"\016\336\033\0241\010\256\274\216\004w\026\336\257A"
 280      3108AEBC 
 280      8E047716 
 280      DEAF41
 281 0115 FC40DE4A 		.ascii	"\374@\336J9\313\370\244\006\002\273\324\307Z\256\347"
 281      39CBF8A4 
 281      0602BBD4 
 281      C75AAEE7 
 282 0125 D9FA4F80 		.ascii	"\331\372O\200<\000\031\006y*q-cN\201\274\004\231\001"
 282      3C001906 
 282      792A712D 
 282      634E81BC 
 282      049901
 283 0138 99049906 		.ascii	"\231\004\231\006QI\\\033\024=\343\371\354\301\350d\352"
 283      51495C1B 
 283      143DE3F9 
 283      ECC1E864 
 283      EA
 284 0149 70B97627 		.ascii	"p\271v'F!z4\207\310\370Y\335L\000\033\223\351\364\364"
 284      46217A34 
 284      87C8F859 
 284      DD4C001B 
 284      93E9F4F4 
 285 015d DB8306CC 		.ascii	"\333\203\006\314\323\337=\263C\375\272\360\343\"{\264"
 285      D3DF3DB3 
 285      43FDBAF0 
 285      E3227BB4 
 286 016d 260E9D46 		.ascii	"&\016\235FX\306\251m\236\254R\3415\304\220?U5\374\015"
 286      58C6A96D 
 286      9EAC52E1 
 286      35C4903F 
 286      5535FC0D 
 287 0181 0AD39711 		.ascii	"\012\323\227\021\263\346;y\341\251\333E\221GuH\217\316"
 287      B3E63B79 
 287      E1A9DB45 
 287      91477548 
 287      8FCE
ARM GAS  /tmp/ccDUGSPu.s 			page 22


 288 0193 228CCEA0 		.ascii	"\"\214\316\240pRr\010Y\3604QL\026\305\303\"^\312\241"
 288      70527208 
 288      59F03451 
 288      4C16C5C3 
 288      225ECAA1 
 289 01a7 D5216865 		.ascii	"\325!he\010\207\316\2410\022\234X\241Z\024\202jP\010"
 289      0887CEA1 
 289      30129C58 
 289      A15A1482 
 289      6A5008
 290 01ba C12F2F3E 		.ascii	"\301//>v9\000o\246\370\017\252F\333\261+\300\\\361\362"
 290      7639006F 
 290      A6F80FAA 
 290      46DBB12B 
 290      C05CF1F2 
 291 01ce 9A5412A0 		.ascii	"\232T\022\240\001\002\234w\007\200x\336#\324{\211@\234"
 291      01029C77 
 291      078078DE 
 291      23D47B89 
 291      409C
 292 01e0 21CA0F29 		.ascii	"!\312\017)\325\205\030\252_\254G*\030\216\267\025<\014"
 292      D58518AA 
 292      5FAC472A 
 292      188EB715 
 292      3C0C
 293 01f2 84E1123D 		.ascii	"\204\341\022=Z\006\303\212\332\343eA\376\351\004\261"
 293      5A06C38A 
 293      DAE36541 
 293      FEE904B1 
 294 0202 64ABA8FB 		.ascii	"d\253\250\373\035\215\330\004\010\215\200\300\241\013"
 294      1D8DD804 
 294      088D80C0 
 294      A10B
 295 0210 C89F9041 		.ascii	"\310\237\220A\336`\334\177\255\274\222@E\002\261\360"
 295      DE60DC7F 
 295      ADBC9240 
 295      4502B1F0 
 296 0220 0429B88D 		.ascii	"\004)\270\215d\334\226\316\214\236\365\307\345\210\326"
 296      64DC96CE 
 296      8C9EF5C7 
 296      E588D6
 297 022f D4D6397D 		.ascii	"\324\3269}^\213\364ai.t\316\005\215.C\306\221R\306\027"
 297      5E8BF461 
 297      692E74CE 
 297      058D2E43 
 297      C69152C6 
 298 0244 41D90C4A 		.ascii	"A\331\014JV\374\325\023\313\353\037\210\3422\324\002"
 298      56FCD513 
 298      CBEB1F88 
 298      E232D402 
 299 0254 A95C7217 		.ascii	"\251\\r\027\037Ij'J\21033rIT\351%\"\322\376\007\021"
 299      1F496A27 
 299      4A883333 
 299      724954E9 
 299      2522D2FE 
 300 026a 60DFD951 		.ascii	"`\337\331Q5\312+\313\2742\257\314V\251\314VZf\327\330"
 300      35CA2BCB 
ARM GAS  /tmp/ccDUGSPu.s 			page 23


 300      BC32AFCC 
 300      56A9CC56 
 300      5A66D7D8 
 301 027e CD220363 		.ascii	"\315\"\003cl\021\014\013\352_\\\367cC-\014\247\217^"
 301      6C110C0B 
 301      EA5F5CF7 
 301      63432D0C 
 301      A78F5E
 302 0291 BAA2C20F 		.ascii	"\272\242\302\017i\211\350\320\226\3337\002\360\010\033"
 302      6989E8D0 
 302      96DB3702 
 302      F0081B
 303 02a0 1C4DA9BF 		.ascii	"\034M\251\277\247\303\317\330 {\256\364\226\016O\262"
 303      A7C3CFD8 
 303      207BAEF4 
 303      960E4FB2 
 304 02b0 C1DCE8E4 		.ascii	"\301\334\350\344\003\177<\315\006\265\003]G\015*\330"
 304      037F3CCD 
 304      06B5035D 
 304      470D2AD8 
 305 02c0 02946BBB 		.ascii	"\002\224k\273\212\350.\247\357\\OU&\177\324\216\250"
 305      8AE82EA7 
 305      EF5C4F55 
 305      267FD48E 
 305      A8
 306 02d1 EACADC74 		.ascii	"\352\312\334ts\020\013\313+\222Z\302\222J\315\254\332"
 306      73100BCB 
 306      2B925AC2 
 306      924ACDAC 
 306      DA
 307 02e2 AF87A19A 		.ascii	"\257\207\241\232-\205\006T\303c\257\317\250\230\212"
 307      2D850654 
 307      C363AFCF 
 307      A8988A
 308 02f1 F0F81DA8 		.ascii	"\360\370\035\250\212\362\373N\005\342Y\266\034M\335"
 308      8AF2FB4E 
 308      05E259B6 
 308      1C4DDD
 309 0300 E7520214 		.ascii	"\347R\002\024=\374\233\3741\302r\017$q\313\315\262Z"
 309      3DFC9BFC 
 309      31C2720F 
 309      2471CBCD 
 309      B25A
 310 0312 EA3071C1 		.ascii	"\3520q\301\212\335\006j\325\022\265\335\240\354b\324"
 310      8ADD066A 
 310      D512B5DD 
 310      A0EC62D4 
 311 0322 4ECC8CD5 		.ascii	"N\314\214\325\252p*\335O|M\356\233\274@E\033\257:M\333"
 311      AA702ADD 
 311      4F7C4DEE 
 311      9BBC4045 
 311      1BAF3A4D 
 312 0337 F81EC4B8 		.ascii	"\370\036\304\270\343\216\321\203|\006\271\353=\310\235"
 312      E38ED183 
 312      7C06B9EB 
 312      3DC89D
 313 0346 8CEE5E35 		.ascii	"\214\356^5\316dA\316\336\350\233u\357\225\201\353\241"
ARM GAS  /tmp/ccDUGSPu.s 			page 24


 313      CE6441CE 
 313      DEE89B75 
 313      EF9581EB 
 313      A1
 314 0357 79AF4921 		.ascii	"y\257I!}\020\344\276;\310=\337Az\275\007y\335\363$Y"
 314      7D10E4BE 
 314      3BC83DDF 
 314      417ABD07 
 314      79DDF324 
 315 036c BB741FF1 		.ascii	"\273t\037\361\310\332*.\342)\342\0170\337I\233\244\037"
 315      C8DA2A2E 
 315      E229E20F 
 315      30DF499B 
 315      A41F
 316 037e 2D85FF1D 		.ascii	"-\205\377\035H\305N\207\351\273\215\235\363Z\012\346"
 316      48C54E87 
 316      E9BB8D9D 
 316      F35A0AE6 
 317 038e 152DF580 		.ascii	"\025-\365\200\265\024\030>\337v\276?\020w\262\003\247"
 317      B514183E 
 317      DF76BE3F 
 317      1077B203 
 317      A7
 318 039f 70387397 		.ascii	"p8s\227\037]\351\026\327\3427t\235z\304t\260\315\320"
 318      1F5DE916 
 318      D7E23774 
 318      9D7AC474 
 318      B0CDD0
 319 03b2 205BFEB7 		.ascii	" [\376\267M\027\217c\271%\376\315t\317k\223w\360\312"
 319      4D178F63 
 319      B925FECD 
 319      74CF6B93 
 319      77F0CA
 320 03c5 045BE625 		.ascii	"\004[\346%\370\220&8$'\330t\272|\000)\023|8/\301aW\202"
 320      F8902638 
 320      2427D874 
 320      BA7C0029 
 320      137C382F 
 321 03dd B747EAA6 		.ascii	"\267G\352\246\014\370\266\357\004\373r\207\352Y\307"
 321      0CF8B6EF 
 321      04FB7287 
 321      EA59C7
 322 03ec C206413F 		.ascii	"\302\006A?\262d2_\210\035Ar\202#LW\336\277{W\220\357"
 322      B264325F 
 322      881D4172 
 322      82234C57 
 322      DEBF7B57 
 323 0402 049FD004 		.ascii	"\004\237\320\004\037\313\011\036;\362\266J\247L\360"
 323      1FCB091E 
 323      3BF2B64A 
 323      A74CF0
 324 0411 C9BC049F 		.ascii	"\311\274\004\237\272\022<\321\365\370%\217{Y\202]\015"
 324      BA123CD1 
 324      F5F8258F 
 324      7B59825D 
 324      0D
 325 0422 95ED81F8 		.ascii	"\225\355\201\370'6\030\177StV\3076\311\022B\332@V\226"
ARM GAS  /tmp/ccDUGSPu.s 			page 25


 325      2736187F 
 325      537456C7 
 325      36C91242 
 325      DA405696 
 326 0436 866D9212 		.ascii	"\206m\222\022z\362\367\037J\013\300\257\230\355\211"
 326      7AF2F71F 
 326      4A0BC0AF 
 326      98ED89
 327 0445 E3B3D57A 		.ascii	"\343\263\325z9aV\330#q\250*\320\367\212\217\323|\307"
 327      396156D8 
 327      2371A82A 
 327      D0F78A8F 
 327      D37CC7
 328 0458 E47C2B77 		.ascii	"\344|+wW~\244Lw|^\272\023r\272\232\352\356\314\323j"
 328      577EA44C 
 328      777C5EBA 
 328      1372BA9A 
 328      EAEECCD3 
 329 046d 141A1C1A 		.ascii	"\024\032\034\032\032\032\026z\210\3307\217\014\2549"
 329      1A1A167A 
 329      88D8378F 
 329      0CAC39
 330 047c 5B2B8A3B 		.ascii	"[+\212;\324\244/P\033t\351\013\024\354n\310k\024\241"
 330      D4A42F50 
 330      1B74E90B 
 330      14EC6EC8 
 330      6B14A1
 331 048f 89FCE7B2 		.ascii	"\211\374\347\262i6 \020\026=\007\213\377\020\213g\222"
 331      69362010 
 331      163D078B 
 331      FF108B67 
 331      92
 332 04a0 0BF42C7A 		.ascii	"\013\364,z\005\355;\205B\321K\220\031\220I\220i\024"
 332      05ED3B85 
 332      42D14B90 
 332      19904990 
 332      6914
 333 04b2 4AAF2D16 		.ascii	"J\257-\026\256\023][I\370C\217<#\031\335\201\024\246"
 333      AE135D5B 
 333      49F8438F 
 333      3C2319DD 
 333      8114A6
 334 04c5 64997EF2 		.ascii	"d\231~\362j\032\341a\011U\242QO\313\253\310e\312\366"
 334      6A1AE161 
 334      0955A251 
 334      4FCBABC8 
 334      65CAF6
 335 04d8 E4F3ED18 		.ascii	"\344\363\355\030nSb\304I\333\321\235\333\324\227\005"
 335      6E5362C4 
 335      49DBD19D 
 335      DBD49705 
 336 04e8 62730A26 		.ascii	"bs\012&\375\207\006\274\023A\221\310M\235\223]h\010"
 336      FD8706BC 
 336      134191C8 
 336      4D9D935D 
 336      6808
 337 04fa 960849F3 		.ascii	"\226\010I\363I\010\347\223\015\300\310\031\357\332\035"
ARM GAS  /tmp/ccDUGSPu.s 			page 26


 337      4908E793 
 337      0DC0C819 
 337      EFDA1D
 338 0509 A05CB5D7 		.ascii	"\240\\\265\327\212x\034\232u5\331\213\334\373\003\201"
 338      8A781C9A 
 338      7535D98B 
 338      DCFB0381 
 339 0519 B802935E 		.ascii	"\270\002\223^\321t\016mOB\260~\301\256\025l\315\017"
 339      D1740E6D 
 339      4F42B07E 
 339      C1AE156C 
 339      CD0F
 340 052b 39BC5504 		.ascii	"9\274U\004\006\300\003\335\204\340\"\377\036\256\332"
 340      06C003DD 
 340      84E022FF 
 340      1EAEDA
 341 053a F3D5AC4A 		.ascii	"\363\325\254J\302\354uOkE\225\036\213\360\306\323TA"
 341      C2EC754F 
 341      6B45951E 
 341      8BF0C6D3 
 341      5441
 342 054c ADD7C6E0 		.ascii	"\255\327\306\340\2509\351\212d>\014\275\205\332\267"
 342      A839E98A 
 342      643E0CBD 
 342      85DAB7
 343 055b F2A1E81D 		.ascii	"\362\241\350\035\274\267\300{naW\220(\337{O\210\265"
 343      BCB7C07B 
 343      6E615790 
 343      28DF7B4F 
 343      88B5
 344 056d 055BC1A9 		.ascii	"\005[\301\251\274\305[ \0221[\270\204\256\352\310yu"
 344      BCC55B20 
 344      12315BB8 
 344      84AEEAC8 
 344      7975
 345 057f C32B170C 		.ascii	"\303+\027\014\013h\335[\321sG\213OQZ\371\023\311\351"
 345      0B68DD5B 
 345      D173478B 
 345      4F515AF9 
 345      13C9E9
 346 0592 7BFD5158 		.ascii	"{\375QX0\213\321\3651i\222m\340\233\302\273\216m\022"
 346      308BD1F5 
 346      3169926D 
 346      E09BC2BB 
 346      8E6D12
 347 05a5 D0D72648 		.ascii	"\320\327&H\205\022\377\237r!\354\324\3233\275\032\345"
 347      8512FF9F 
 347      7221ECD4 
 347      D333BD1A 
 347      E5
 348 05b6 B26FE395 		.ascii	"\262o\343\225\313\276\235g\027>\274\301\370\374\305"
 348      CBBE9D67 
 348      173EBCC1 
 348      F8FCC5
 349 05c5 C60B8601 		.ascii	"\306\013\206\0018\300\311\341\260\210B \304\376\303"
 349      38C0C9E1 
 349      B0884220 
ARM GAS  /tmp/ccDUGSPu.s 			page 27


 349      C4FEC3
 350 05d4 9B08FBAC 		.ascii	"\233\010\373\254\225\037\304\364\240\345\331K2%\003"
 350      951FC4F4 
 350      A0E5D94B 
 350      322503
 351 05e3 D905B934 		.ascii	"\331\005\2714\274\204\301\313\270\364O\002@JT6\317\302"
 351      BC84C1CB 
 351      B8F44F02 
 351      404A5436 
 351      CFC2
 352 05f5 C90FFB94 		.ascii	"\311\017\373\224f?\024~L\305\273\203)\\\026\344\312"
 352      663F147E 
 352      4CC5BB83 
 352      295C16E4 
 352      CA
 353 0606 B9A65D49 		.ascii	"\271\246]I\271\213D\022cm9E\335\372A8\237\340K\213\343"
 353      B98B4412 
 353      636D3945 
 353      DDFA4138 
 353      9FE04B8B 
 354 061b B2B4767A 		.ascii	"\262\264vzh^m,\274\034\204\2330\373r\271_X\241[^\"6"
 354      685E6D2C 
 354      BC1C849B 
 354      30FB72B9 
 354      5F58A15B 
 355 0632 0FC2B5FB 		.ascii	"\017\302\265\373*,\257\341\261(\352U\364\342Kw\257 "
 355      2A2CAFE1 
 355      B128EA55 
 355      F4E24B77 
 355      AF20
 356 0644 FC84FF3B 		.ascii	"\374\204\377;\370A\204\322\370\001\200\333\311/\007"
 356      F84184D2 
 356      F80180DB 
 356      C92F07
 357 0653 E794A1CA 		.ascii	"\347\224\241\312T-\036gH\333\352nu\033$\244\241\217"
 357      542D1E67 
 357      48DBEA6E 
 357      751B24A4 
 357      A18F
 358 0665 A199E03B 		.ascii	"\241\231\340;\016\276\023\310\211\232\341F\312\360D"
 358      0EBE13C8 
 358      899AE146 
 358      CAF044
 359 0674 CAA448AD 		.ascii	"\312\244H\255\275#3j<\305\220&F\213\233d\244\326i\354"
 359      BD23336A 
 359      3CC59026 
 359      468B9B64 
 359      A4D669EC 
 360 0688 822297DD 		.ascii	"\202\"\227\335.7\324.O\250\335\024\252\273\242!\026"
 360      2E37D42E 
 360      4FA8DD14 
 360      AABBA221 
 360      16
 361 0699 BF654817 		.ascii	"\277eH\027{\012n\252%\244\211#X\334\0038\213\350\235"
 361      7B0A6EAA 
 361      25A48923 
 361      58DC0338 
ARM GAS  /tmp/ccDUGSPu.s 			page 28


 361      8BE89D
 362 06ac 94E5C6C9 		.ascii	"\224\345\306\311\362\304\311\2468\007\367\345\2743\340"
 362      F2C4C9A6 
 362      3807F7E5 
 362      BC33E0
 363 06bb 5495CF2B 		.ascii	"T\225\317+\264\272\372\373J\344\322\345\362T\231\221"
 363      B4BAFAFB 
 363      4AE4D2E5 
 363      F2549991 
 364 06cb 57DEAE75 		.ascii	"W\336\256u]\374{\230rK\372\276lv\361Cs\242\275L\231"
 364      5DFC7B98 
 364      724BFABE 
 364      6C76F143 
 364      73A2BD4C 
 365 06e0 5E72A773 		.ascii	"^r\247s\336\247\311\206\017\025\367\324~\236\334S\373"
 365      DEA7C986 
 365      0F15F7D4 
 365      7E9EDC53 
 365      FB
 366 06f1 78E99E1A 		.ascii	"x\351\236\032<\327qC\013\205\224@!\357\012\375]\224"
 366      3CD77143 
 366      0B859440 
 366      21EF0AFD 
 366      5D94
 367 0703 8019CA71 		.ascii	"\200\031\312q\227\222\343YJ\036-\345@E}\215\032\347"
 367      9792E359 
 367      4A1E2DE5 
 367      40457D8D 
 367      1AE7
 368 0715 B052DA4E 		.ascii	"\260R\332N>\331\251\306\371lP}\340\307\353\032\310\014"
 368      3ED9A9C6 
 368      F96C507D 
 368      E0C7EB1A 
 368      C80C
 369 0727 15104FAA 		.ascii	"\025\020O\252\331\322|4\000\037d\323\207\216\034\354"
 369      D9D27C34 
 369      001F64D3 
 369      878E1CEC 
 370 0737 D291E942 		.ascii	"\322\221\351B\230F\007X\342\336\270h\251\232mf\025F"
 370      98460758 
 370      E2DEB868 
 370      A99A6D66 
 370      1546
 371 0749 F9A383CC 		.ascii	"\371\243\203\314\256\250n\270H'_\316\305L\327\2635c"
 371      AEA86EB8 
 371      48275FCE 
 371      C54CD7B3 
 371      3563
 372 075b 2AF09332 		.ascii	"*\360\2232U\261\250\245\321\032\363\237\324\250\250"
 372      55B1A8A5 
 372      D11AF39F 
 372      D4A8A8
 373 076a CD3FF94F 		.ascii	"\315?\371O\330.\037\312\314\325\340c,\376x\361d\231"
 373      D82E1FCA 
 373      CCD5E063 
 373      2CFE78F1 
 373      6499
ARM GAS  /tmp/ccDUGSPu.s 			page 29


 374 077c 9AC43F0C 		.ascii	"\232\304?\0145\036\"d\220S\275/\277\301\017W3\213\312"
 374      351E2264 
 374      9053BD2F 
 374      BFC10F57 
 374      338BCA
 375 078f FDA59DB4 		.ascii	"\375\245\235\264\200#$\303R\026e\333\273}5XI-$ Q\213"
 375      802324C3 
 375      521665DB 
 375      BB7D3558 
 375      492D2420 
 376 07a5 CAC0041D 		.ascii	"\312\300\004\035\245\354\226\310\354\266W\234\276\242"
 376      A5EC96C8 
 376      ECB6579C 
 376      BEA2
 377 07b3 017607A1 		.ascii	"\001v\007\241S\256\356\376\364\302\277\036\213i\351"
 377      53AEEEFE 
 377      F4C2BF1E 
 377      8B69E9
 378 07c2 E24A3115 		.ascii	"\342J1\025\023K\224/\023\214\212x\025\031"
 378      134B942F 
 378      138C8A78 
 378      1519
 379 07d0 B19D768C 		.ascii	"\261\235v\214r\233}\251\364*\376\354\260\330\331L6\320"
 379      729B7DA9 
 379      F42AFEEC 
 379      B0D8D94C 
 379      36D0
 380 07e2 57057BE0 		.ascii	"W\005{\340\353x1\275\221n\262\017W\305\271N4\177\207"
 380      EB7831BD 
 380      916EB20F 
 380      57C5B94E 
 380      347F87
 381 07f5 5CCBF9CF 		.ascii	"\\\313\371\317\300s\307\350h\213^y\236\221X\356\363"
 381      C073C7E8 
 381      688B5E79 
 381      9E9158EE 
 381      F3
 382 0806 AC423ACF 		.ascii	"\254B:\317*\350y\346\215\364\251\216\347\213e\377d\360"
 382      2AE879E6 
 382      8DF4A98E 
 382      E78B65FF 
 382      64F0
 383 0818 8FFE50E1 		.ascii	"\217\376P\341\036%_\202\345M\215\025\354\243\35684_"
 383      1E255F82 
 383      E54D8D15 
 383      ECA3EE38 
 383      345F
 384 082a 25EFD575 		.ascii	"%\357\325u\203\322\025\330b\375\004\206wg\317\275d\336"
 384      83D215D8 
 384      62FD0486 
 384      7767CFBD 
 384      64DE
 385 083c 27C0BB8A 		.ascii	"'\300\273\212y\037\310\316\015y\037\275\325\224\336"
 385      791FC8CE 
 385      0D791FBD 
 385      D594DE
 386 084b 93945E3A 		.ascii	"\223\224^:\370\"\334h\216\265F[\035\316\2105\253\214"
ARM GAS  /tmp/ccDUGSPu.s 			page 30


 386      F822DC68 
 386      8EB5465B 
 386      1DCE8835 
 386      AB8C
 387 085d 0EA73136 		.ascii	"\016\24716*\316\030g\2156:\205\004K\224\315i\264Yl\322"
 387      2ACE1867 
 387      8D363A85 
 387      044B94CD 
 387      69B4596C 
 388 0872 CF70B3F6 		.ascii	"\317p\263\366\353?\374e\331\332\210\010Ng2%Z\355\302"
 388      EB3FFC65 
 388      D9DA8808 
 388      4E673225 
 388      5AEDC2
 389 0885 1A93F06B 		.ascii	"\032\223\360kc\2423\301\030\225`[aw\330-+,Q\321V\243"
 389      63A233C1 
 389      1895605B 
 389      6177D82D 
 389      2B2C51D1 
 390 089b D56E8E4B 		.ascii	"\325n\216K\334h1\332\242\000\332n1\2326Zb\242\022\343"
 390      DC6831DA 
 390      A200DA6E 
 390      319A365A 
 390      62A212E3 
 391 08af 04939014 		.ascii	"\004\223\220\024oq\206\307r\032\311\371\363\3678;\223"
 391      6F7186C7 
 391      721AC9F9 
 391      F3F7383B 
 391      93
 392 08c0 9C469353 		.ascii	"\234F\223S\330\010\226\340\241vZ\377a1\011\253\250\003"
 392      D80896E0 
 392      A1765AFF 
 392      613109AB 
 392      A803
 393 08d2 496F93D9 		.ascii	"Io\223\331\354\341\370e\370\352\360\010\267\273\260"
 393      ECE1F865 
 393      F8EAF008 
 393      B7BBB0
 394 08e1 11A28227 		.ascii	"\021\242\202'\2668\234*\342\255\216N\214\211\261$\340"
 394      B6389C2A 
 394      E2AD8E4E 
 394      8C89B124 
 394      E0
 395 08f2 6F6D028E 		.ascii	"om\002\216O\024\240\004\200^\275\312$h\244\267\237\315"
 395      4F14A004 
 395      805EBDCA 
 395      2468A4B7 
 395      9FCD
 396 0904 B9C9247C 		.ascii	"\271\311$|\345I\210\331a\2639\354\306xG\202\3404\376"
 396      E54988D9 
 396      61B339EC 
 396      C6784782 
 396      E034FE
 397 0917 F64FEBD6 		.ascii	"\366O\353\326\256\373\216\350\342\255q\226\004\247\361"
 397      AEFB8EE8 
 397      E2AD7196 
 397      04A7F1
ARM GAS  /tmp/ccDUGSPu.s 			page 31


 398 0926 EBB56BC1 		.ascii	"\353\265k\301^.L\005Dm\364\333\234`\025,AV\273S\210"
 398      5E2E4C05 
 398      446DF4DB 
 398      9C60152C 
 398      4156BB53 
 399 093b B29B2D26 		.ascii	"\262\233-&GL\214\323\"\370\257\263\330\326S\"\377\272"
 399      474C8CD3 
 399      22F8AFB3 
 399      D8D65322 
 399      FFBA
 400 094d EECF7893 		.ascii	"\356\317x\223EX\3613\230\007\002\334(\216\204$\006\244"
 400      4558F133 
 400      980702DC 
 400      288E8424 
 400      06A4
 401 095f 32411D3F 		.ascii	"2A\035?\007\306\314\251L\020Ym\"i:5&\232\250\323\337"
 401      07C6CCA9 
 401      4C10596D 
 401      22693A35 
 401      269AA8D3 
 402 0974 E6FC63F4 		.ascii	"\346\374c\3647\026\263\360{\273UP\203\2719>I\025g\211"
 402      3716B3F0 
 402      7BBB5550 
 402      83B9393E 
 402      49156789 
 403 0988 8AD1D81D 		.ascii	"\212\321\330\035Bl\202c3\212\320\304\330\2279\343-f"
 403      426C8263 
 403      338AD0C4 
 403      D89739E3 
 403      2D66
 404 099a D0D8ED89 		.ascii	"\320\330\355\211qq\241\357[8!\301j\337\004)\377\027"
 404      7171A1EF 
 404      5B3821C1 
 404      6ADF0429 
 404      FF17
 405 09ac 7C4C4914 		.ascii	"|LI\024"
 406              		.text
 407              		.section	.gnu.lto_.symtab.8294c5ed8dd9bf9,"",%progbits
 408 0000 6D734F62 		.ascii	"msObjectInit\000"
 408      6A656374 
 408      496E6974 
 408      00
 409 000d 00       		.ascii	"\000"
 410 000e 00       		.ascii	"\000"
 411 000f 00       		.ascii	"\000"
 412 0010 00000000 		.ascii	"\000\000\000\000\000\000\000\000"
 412      00000000 
 413 0018 18010000 		.ascii	"\030\001\000\000"
 414              		.text
 415              		.section	.gnu.lto_.opts,"",%progbits
 416 0000 272D666D 		.ascii	"'-fmath-errno' '-fsigned-zeros' '-ftrapping-math' '"
 416      6174682D 
 416      6572726E 
 416      6F272027 
 416      2D667369 
 417 0033 2D666E6F 		.ascii	"-fno-trapv' '-fno-openmp' '-fno-openacc' '-mcpu=cor"
 417      2D747261 
ARM GAS  /tmp/ccDUGSPu.s 			page 32


 417      70762720 
 417      272D666E 
 417      6F2D6F70 
 418 0066 7465782D 		.ascii	"tex-m4' '-mno-thumb-interwork' '-mthumb' '-O2' '-fo"
 418      6D342720 
 418      272D6D6E 
 418      6F2D7468 
 418      756D622D 
 419 0099 6D69742D 		.ascii	"mit-frame-pointer' '-falign-functions=16' '-ffuncti"
 419      6672616D 
 419      652D706F 
 419      696E7465 
 419      72272027 
 420 00cc 6F6E2D73 		.ascii	"on-sections' '-fdata-sections' '-fno-common' '-flto"
 420      65637469 
 420      6F6E7327 
 420      20272D66 
 420      64617461 
 421 00ff 2700     		.ascii	"'\000"
 422              		.text
 423              		.comm	__gnu_lto_v1,1,1
 424              		.comm	__gnu_lto_slim,1,1
 425              		.ident	"GCC: (GNU Tools for Arm Embedded Processors 7-2018-q3-update) 7.3.1 20180622 (release) [AR
ARM GAS  /tmp/ccDUGSPu.s 			page 33


DEFINED SYMBOLS
                            *ABS*:0000000000000000 memstreams.c
                            *COM*:0000000000000001 __gnu_lto_v1
                            *COM*:0000000000000001 __gnu_lto_slim

NO UNDEFINED SYMBOLS
