ARM GAS  /tmp/ccxnGeQy.s 			page 1


   1              		.cpu cortex-m4
   2              		.eabi_attribute 20, 1
   3              		.eabi_attribute 21, 1
   4              		.eabi_attribute 23, 3
   5              		.eabi_attribute 24, 1
   6              		.eabi_attribute 25, 1
   7              		.eabi_attribute 26, 1
   8              		.eabi_attribute 30, 2
   9              		.eabi_attribute 34, 1
  10              		.eabi_attribute 18, 4
  11              		.file	"nullstreams.c"
  12              		.section	.gnu.lto_.profile.980cb71c55c31f83,"",%progbits
  13 0000 789C6363 		.ascii	"x\234cc```\001bF\006n6\000\000\224\000\035"
  13      60606001 
  13      6246066E 
  13      36000094 
  13      001D
  14              		.text
  15              		.section	.gnu.lto_.icf.980cb71c55c31f83,"",%progbits
  16 0000 789C6363 		.ascii	"x\234cc``Pc@\0006\206\365/\326,gf\\\263f\373%\036\246"
  16      60605063 
  16      40003686 
  16      F52FD62C 
  16      67665CB3 
  17 0019 D623EBF7 		.ascii	"\326#\353\367\2613\367\334\237\276\203\227\345\343\364"
  17      B133F7DC 
  17      9FBE8397 
  17      E5E3F4
  18 0028 6DB3F859 		.ascii	"m\263\370Y\327\376\376\371\205\213\001\000\\8\022&"
  18      D7FEFEF9 
  18      858B0100 
  18      5C381226 
  19              		.text
  20              		.section	.gnu.lto_.jmpfuncs.980cb71c55c31f83,"",%progbits
  21 0000 789C458A 		.ascii	"x\234E\212\201\011\000 \014\303\322u\372\230\207\371"
  21      81090020 
  21      0CC3D275 
  21      FA9887F9 
  22 0010 C88E7582 		.ascii	"\310\216u\202`!PB&\260\370\033XRR\246\321.\207\256\341"
  22      60215042 
  22      26B0F81B 
  22      585252A6 
  22      D12E87AE 
  23 0025 193711F1 		.ascii	"\0317\021\361E\372\375\354\252\363\301\001\013\251\007"
  23      45FAFDEC 
  23      AAF3C101 
  23      0BA907
  24 0034 B7       		.ascii	"\267"
  25              		.text
  26              		.section	.gnu.lto_.inline.980cb71c55c31f83,"",%progbits
  27 0000 789C6363 		.ascii	"x\234cc``\210e@\000V\006\006f&F\006& \223m\201<\210"
  27      60608865 
  27      40005606 
  27      06662646 
  27      06262093 
  28 0018 6260C410 		.ascii	"b`\304\020a\302\020a\306\020aa`a\006\2120\276`g`\357"
  28      61C21061 
ARM GAS  /tmp/ccxnGeQy.s 			page 2


  28      C6106161 
  28      6061068A 
  28      30BE6067 
  29 002e 50070B31 		.ascii	"P\007\0131\000\000\355\016\005a"
  29      0000ED0E 
  29      0561
  30              		.text
  31              		.section	.gnu.lto_.pureconst.980cb71c55c31f83,"",%progbits
  32 0000 789C6363 		.ascii	"x\234cc``\340\006bV\006\006F\006&\006f\006\026)\000"
  32      6060E006 
  32      62560606 
  32      46062606 
  32      66061629 
  33 0015 01A3003B 		.ascii	"\001\243\000;"
  34              		.text
  35              		.section	.gnu.lto_writes.980cb71c55c31f83,"",%progbits
  36 0000 789C5D90 		.ascii	"x\234]\220MKBA\024\206\317;\343WP\376\201Z\264\010\304"
  36      4D4B4241 
  36      1486CF3B 
  36      E35750FE 
  36      815AB408 
  37 0015 8D1723C8 		.ascii	"\215\027#\310M\373~E\240\022(\334T\262\326NZT\330\302"
  37      4DFB7E45 
  37      A01228DC 
  37      54B2D64E 
  37      5A54D8C2 
  38 0029 C80CC445 		.ascii	"\310\014\304E!r\227\025Y\331\307\342\256\332\204A\231"
  38      21729715 
  38      59D9C7E2 
  38      AEDA8441 
  38      99
  39 003a 7FA08416 		.ascii	"\177\240\204\026\211\320\242Ue\235{q\021.\206y\317\314"
  39      89D0A255 
  39      659D7B71 
  39      112E8679 
  39      CFCC
  40 004c F3CC708E 		.ascii	"\363\314p\216\213\210\026@\024\342}\234\027$A\024\036"
  40      8B881640 
  40      14E27D9C 
  40      17244114 
  40      1E
  41 005d 88D63C02 		.ascii	"\210\326<\002\260\202\362\2002\002\031\354\310\242\304"
  41      B082F280 
  41      320219EC 
  41      C8A2C4
  42 006c E3FA4945 		.ascii	"\343\372IE\346e\2051\007\227\037\315\362\253\327*\201"
  42      E6658531 
  42      07971FCD 
  42      F2ABD72A 
  42      81
  43 007d 492EBBBD 		.ascii	"I.\273\275\273\372\250\337P*\253\314\203\306\334Qnc"
  43      BBFAA8DF 
  43      502AABCC 
  43      83C6DC51 
  43      6E63
  44 008f BE220595 		.ascii	"\276\"\005\225\230\256c\002g\230\260\2768\207\237\331"
  44      98AE6302 
ARM GAS  /tmp/ccxnGeQy.s 			page 3


  44      6798B0BE 
  44      38879FD9 
  45 009f 56B35D70 		.ascii	"V\263]p\313 \210\363\336\347\273)|5\333\353T\245\232"
  45      CB2088F3 
  45      DEE7BB29 
  45      7C35DBEB 
  45      54A59A
  46 00b2 AA48890B 		.ascii	"\252H\211\013\310\377\"\037\021.\341c\374+\337.\215"
  46      C8FF221F 
  46      112EE163 
  46      FC2BDF2E 
  46      8D
  47 00c3 C8195BDD 		.ascii	"\310\031[\335}3\372\030\250\3375[u\2401\254:\010W\266"
  47      7D33FA18 
  47      A8DF355B 
  47      75A031AC 
  47      3A0857B6 
  48 00d7 FAA38A25 		.ascii	"\372\243\212%\257\234\265\325\316}\265\340\036\250\317"
  48      AF9CB5D5 
  48      CE7DB5E0 
  48      1EA8CF
  49 00e6 86AD0A5C 		.ascii	"\206\255\012\\\017\253\202p\003\237\305\277\234\366"
  49      0FAB8270 
  49      039FC5BF 
  49      9CF6
  50 00f4 F7C75C0E 		.ascii	"\367\307\\\016\253\035\356\342\026.\342\301\321\361"
  50      AB1DEEE2 
  50      162EE2C1 
  50      D1F1
  51 0102 93D354FD 		.ascii	"\223\323T\375\337Mev\015\264\235<\011\233\247-\246x"
  51      DF4D6576 
  51      0DB49D3C 
  51      099BA72D 
  51      A678
  52 0114 7ECAA46D 		.ascii	"~\312\244m~\203S\316\244\036\262\207F\013\226[\226\226"
  52      7E8353CE 
  52      A41EB287 
  52      460B965B 
  52      9696
  53 0126 CC14AC3B 		.ascii	"\314\024\254;A\024\010h\321X<\022O\246\203\241i-\231"
  53      41140868 
  53      D1583C12 
  53      4FA683A1 
  53      692D99
  54 0139 D662615D 		.ascii	"\326ba]\323\343\021-\275\262\274\030^Jk\211U]\037\344"
  54      D3E3112D 
  54      BDB2BC18 
  54      5E4A6B89 
  54      555D1FE4 
  55 014d 4094443C 		.ascii	"@\224D<%\")$\376\000I\021\204A"
  55      25222924 
  55      FE004911 
  55      8441
  56              		.text
  57              		.section	.gnu.lto_reads.980cb71c55c31f83,"",%progbits
  58 0000 789C5D90 		.ascii	"x\234]\220\315KBA\024\305\357\231\361\243\240\372\007"
  58      CD4B4241 
ARM GAS  /tmp/ccxnGeQy.s 			page 4


  58      14C5EF99 
  58      F1A3A0FA 
  58      07
  59 0011 72D12210 		.ascii	"r\321\"\0207>\214 7\355\37374\002\037\230J\326\272I"
  59      373E8C20 
  59      37EDFB37 
  59      34021F98 
  59      4AD6BA49 
  60 0025 930A5B18 		.ascii	"\223\012[\030\231A\270(D]Vd\337\005\217\2106aQ\"\264"
  60      9941B828 
  60      445D5664 
  60      DF058F88 
  60      36615122 
  61 003a 6855410B 		.ascii	"hUA\013C\010\212\026\221u\337\243 \\\014s\356\314\371"
  61      43088A16 
  61      9175DFA3 
  61      205C0C73 
  61      EECCF9
  62 004d DDCB3D0E 		.ascii	"\335\313=\016\"\012\201\310\317w/\037H\202\310\\\021"
  62      220A81C8 
  62      CF772F1F 
  62      4882C85C 
  62      11
  63 005e CD7408C0 		.ascii	"\315t\010\300\024\252\0034-0\215E\231\225\270\231\335"
  63      14AA0334 
  63      2D308D45 
  63      9995B899 
  63      DD
  64 006f CACBB4CC 		.ascii	"\312\313\264\314\263\315\306\345ku\355\261\307,\201"
  64      B3CDC6E5 
  64      6B75EDB1 
  64      C72C81
  65 007e 3E2E5F9A 		.ascii	">._\232\027\225.OY\251\2042V\357\2067\222\251\221\274"
  65      17952E4F 
  65      59A98432 
  65      56EF8637 
  65      92A991BC 
  66 0092 14946377 		.ascii	"\024\224cw\005.\354\300e\216\330\205\207\275\265j=\343"
  66      052EECC0 
  66      658ED885 
  66      87BDB56A 
  66      3DE3
  67 00a4 943E10EB 		.ascii	"\224>\020\353\345\367\206!\334E\213\273/H\325\237\227"
  67      E5F78621 
  67      DC458BBB 
  67      2F48D59F 
  67      97
  68 00b5 127B90FF 		.ascii	"\022{\220\377A~\"\354\303\315\366\317t=\327)\007-t\351"
  68      417E22EC 
  68      C3CDF6CF 
  68      743DD729 
  68      072D74E9 
  69 00c9 B9DCC22F 		.ascii	"\271\334\302/z^\264P\033\016\332Q\033\341\320B\277T"
  69      7A5EB450 
  69      1B0EDA51 
  69      1BE1D042 
  69      BF54
ARM GAS  /tmp/ccxnGeQy.s 			page 5


  70 00db 36D72387 		.ascii	"6\327#\207,\364\351\262\220q\376M-Y\250\300Q;*\010\307"
  70      2CF4E9B2 
  70      9071FE4D 
  70      2D59A8C0 
  70      513B2A08 
  71 00f0 709BFE87 		.ascii	"p\233\376\207\355\326J\267\303f\256\303[\234\300A\034"
  71      EDD64AB7 
  71      C366AEC3 
  71      5B9CC041 
  71      1C
  72 0101 1C6DDEDA 		.ascii	"\034m\336\332\015\325\372\236S\306[\011\037vA4\317\377"
  72      0DD5FA9E 
  72      53C65B09 
  72      1F764134 
  72      CFFF
  73 0113 9C9C3268 		.ascii	"\234\2342h\201iVI\203\232H\2547j0)\356\224K\235];\315"
  73      81695649 
  73      839A48AC 
  73      376A3029 
  73      EE944B9D 
  74 012a D80408A7 		.ascii	"\330\004\010\247V*L\301\3642\357\365j\243!=\250G\343"
  74      562A4CC1 
  74      F432EFF5 
  74      6AA3213D 
  74      A847E3
  75 013d 3EFF8016 		.ascii	">\377\200\026\215k\241@X\013\353A->91\026\030\217k\221"
  75      8D6BA140 
  75      580BEB41 
  75      2D3E3931 
  75      16188F6B 
  76 0152 A970F857 		.ascii	"\251p\370W{GI\3501\021\214!\362\003*j\210p"
  76      7B4749E8 
  76      31118C21 
  76      F2032A6A 
  76      8870
  77              		.text
  78              		.section	.gnu.lto_put.980cb71c55c31f83,"",%progbits
  79 0000 789C4D8F 		.ascii	"x\234M\217\311J\003A\024E\337\355j\223,\324\017\320"
  79      C94A0341 
  79      1445DFED 
  79      6A932CD4 
  79      0FD0
  80 0012 2C5C0821 		.ascii	",\\\010!\010i\343\000\372\003\342o$AHCk\304\326u\312"
  80      0869E300 
  80      FA03E26F 
  80      24414843 
  80      6BC4D675 
  81 0027 0C0E9845 		.ascii	"\014\016\230E@M@z\241h\020t\241\342<A#Y\010\022E\305"
  81      404D407A 
  81      A1681074 
  81      A1E23C41 
  81      23590812 
  82 003d 1F705809 		.ascii	"\037pX\011\202\013]\210D_E\005\013\212\272\257\352\236"
  82      820B5D88 
  82      445F4505 
  82      0B8ABAAF 
  82      EA9E
ARM GAS  /tmp/ccxnGeQy.s 			page 6


  83 004f 57EF7A88 		.ascii	"W\357z\210\250\015D\335|6\363\206 h\371K\242q\237\006"
  83      A80D44DD 
  83      7C36F386 
  83      2068F94B 
  83      A2719F06 
  84 0063 28217DA0 		.ascii	"(!}\240\244\206$rbN\340:\263\351\210\031\341\260M\347"
  84      A4862472 
  84      624EE03A 
  84      B3E98819 
  84      E1B04DE7 
  85 0077 F2B5B2F0 		.ascii	"\362\265\262\360\320\250J\240\205\313\322i\372\004\301"
  85      D0A84AA0 
  85      85CBD269 
  85      FA04C1
  86 0086 55C9CB2D 		.ascii	"U\311\313-~\364.\245\263\375\216\320\250\300\356\035"
  86      7EF42EA5 
  86      B3FD8ED0 
  86      A8C0EE1D 
  87 0096 F8B10DBF 		.ascii	"\370\261\015\277\372b\027A\366\336V\356\362^\021\006"
  87      FA621741 
  87      F6DE56EE 
  87      F25E1106 
  88 00a6 B19E7D7B 		.ascii	"\261\236}{v\265@I\312\224t\313\313B\266:B`\017\342?"
  88      76B54049 
  88      CA9474CB 
  88      CB42B63A 
  88      42600FE2 
  89 00bb C857847D 		.ascii	"\310W\204}\004\330\356L\254=\011\321UC/\336\317\313"
  89      04D8EE4C 
  89      AC3D09D1 
  89      55432FDE 
  89      CFCB
  90 00cd 7FE86346 		.ascii	"\177\350cF\310zG\3508\370A;\375hW\240N8D@\271\357\267"
  90      C87A47E8 
  90      38F8413B 
  90      FD6857A0 
  90      4E384440 
  91 00e4 AAF30D1E 		.ascii	"\252\363\015\036]M\304\203\034\301C\234\2356n\352\\"
  91      5D4DC483 
  91      1CC1439C 
  91      9D366EEA 
  91      5C
  92 00f5 59FD9A94 		.ascii	"Y\375\232\224\356\347\012\212}\032\321\024\277sx\351"
  92      EEE70A8A 
  92      7D1AD114 
  92      BF7378E9 
  93 0105 D234CFCF 		.ascii	"\3224\317\317*\355\322\013R\213\353\271&Eq\247B\366"
  93      2AEDD20B 
  93      528BEBB9 
  93      264571A7 
  93      42F6
  94 0117 ECCAAB92 		.ascii	"\354\312\253\222k \034\327\2021\005\345e>\0242bq3j&"
  94      6B201CD7 
  94      823105E5 
  94      653E1432 
  94      6271336A 
  95 012c EC704F87 		.ascii	"\354pO\207\221\260\215x\3042,3j\330\243#\003\221A\333"
ARM GAS  /tmp/ccxnGeQy.s 			page 7


  95      91B08D78 
  95      C4322C33 
  95      6AD8A323 
  95      039141DB 
  96 0140 181AB3AC 		.ascii	"\030\032\263\254_\035\212\221f\016#\372\015\242\344"
  96      5F1D8A91 
  96      660E23FA 
  96      0DA2E4
  97 014f 72F4     		.ascii	"r\364"
  98              		.text
  99              		.section	.gnu.lto_get.980cb71c55c31f83,"",%progbits
 100 0000 789C4D4F 		.ascii	"x\234MO\273JCA\024<\263{\275FD?@SX\010!\315]\242\215"
 100      BB4A4341 
 100      143CB37B 
 100      BD46443F 
 100      40535808 
 101 0019 5FE07F24 		.ascii	"_\340\177$A\310\205\253\021\257\326Y\023A\305\024\001"
 101      41C885AB 
 101      11AFD659 
 101      1341C514 
 101      01
 102 002a 5F102E22 		.ascii	"_\020.\"\204`\251\346\341\003\024V\260\215\370\300^"
 102      8460A9E6 
 102      E1031456 
 102      B08DF8C0 
 102      5E
 103 003b 54B01084 		.ascii	"T\260\020\204 \266\321\263b\341\302\300\314\356\314"
 103      20B6D1B3 
 103      62E1C2C0 
 103      CCEECC
 104 004a EC392E11 		.ascii	"\3549.\021}2&\031\243\014H\202\250\334\020-\307\004"
 104      7D322619 
 104      A30C4882 
 104      A8DC102D 
 104      C704
 105 005c 60898E81 		.ascii	"`\211\216\201\012\002\005\224\345\226\304\335\312Q$"
 105      0A020594 
 105      E596C4DD 
 105      CA5124
 106 006b 3764C436 		.ascii	"7d\3046\207e\267S}\031\266\022\030cY\277,] y\240\371"
 106      8765B753 
 106      7D19B612 
 106      186359BF 
 106      2C5D2079 
 107 0081 98DDAABB 		.ascii	"\230\335\252\273\327\272\325\003\221\024\264\303\366"
 107      D7BAD503 
 107      9114B4C3 
 107      F6
 108 008e 16E26822 		.ascii	"\026\342h\"n\377h#\311\346\207\316c\245_\246@\3147\277"
 108      6EFF6823 
 108      C9E687CE 
 108      63A55FA6 
 108      40CC37BF 
 109 00a2 DE8D48D4 		.ascii	"\336\215H\324\265.js]\223z<\222\022'\220\377\203|E8"
 109      B52E6A73 
 109      5D937A3C 
 109      92122790 
ARM GAS  /tmp/ccxnGeQy.s 			page 8


 109      FF837C45 
 110 00b7 45C2FA9F 		.ascii	"E\302\372\237\217{\333C\256c\213\271\357\014.\201\311"
 110      8F7BDB43 
 110      AE638BB9 
 110      EF0C2E81 
 110      C9
 111 00c8 E17D9FD1 		.ascii	"\341}\237\321\275\357Um^khO\013\2425~\347%\264\241u"
 111      BDEF556D 
 111      5E6B684F 
 111      0BA2357E 
 111      E725B4A1 
 112 00dd 1E8359C9 		.ascii	"\036\203Y\311\320\007\212\373o\345\021\233\342\246\253"
 112      D0078AFB 
 112      6FE5119B 
 112      E2A6AB
 113 00ec A74677D0 		.ascii	"\247Fw\320n \340\340\374w>N\301z9\357y*\233\3633~>L"
 113      6E20E0E0 
 113      FC773E4E 
 113      C17A39EF 
 113      792A9BF3 
 114 0104 4D4DA87C 		.ascii	"MM\250|\250r\351@\005~F\205\213\0133\351\331P\315-\005"
 114      A872E940 
 114      057E4685 
 114      8B0B33E9 
 114      D950CD2D 
 115 0119 C11FF7B2 		.ascii	"\301\037\367\262$\374\371\037\275KcM"
 115      24FCF91F 
 115      BD4B634D 
 116              		.text
 117              		.section	.gnu.lto_nullObjectInit.980cb71c55c31f83,"",%progbits
 118 0000 789C4D50 		.ascii	"x\234MP=KcQ\020\235\363\346\345\255(\212\345\262ka!"
 118      3D4B6351 
 118      109DF3E6 
 118      E5AD288A 
 118      E5B26B61 
 119 0015 84347928 		.ascii	"\2044y(\026\376\002\377\207\212` \253\342\323\306&\327"
 119      16FE02FF 
 119      878A6020 
 119      ABE2D3C6 
 119      26D7
 120 0027 C498882B 		.ascii	"\304\230\210+X\030\025}.O\210\254\215\354\372\265\331"
 120      5818157D 
 120      2E4F88AC 
 120      8DECFAB5 
 120      D9
 121 0038 F8F94861 		.ascii	"\370\371Ha\345\007\021\013+\013\005\005u\027\304\265"
 121      E507110B 
 121      2B0B0505 
 121      7517C4B5 
 122 0048 5050776E 		.ascii	"PPwn\264p`\2703s\317=s\316\265\210(\003\242F9?K\202"
 122      B47060B8 
 122      3373CF3D 
 122      73CEB588 
 122      2803A246 
 123 0060 09C6D801 		.ascii	"\011\306\330\001\321@\231\001\350B\225\201b\006b\370"
 123      D1409901 
 123      E8429581 
ARM GAS  /tmp/ccxnGeQy.s 			page 9


 123      620662F8 
 124 0070 CAE38C42 		.ascii	"\312\343\214B\352\"o\204\276+\011\177\362\324\032R\311"
 124      EA226F84 
 124      BE2B097F 
 124      F2D41A52 
 124      C9
 125 0081 8F2E134D 		.ascii	"\217.\023MH\352\300\012B\202*\016\376ty\204]\006Lio"
 125      48EAC00A 
 125      42822A0E 
 125      FE747984 
 125      5D064C69 
 126 0096 F7A7CFAB 		.ascii	"\367\247\317\253tk\240V\332\313\271\345\033\223\353"
 126      746BA056 
 126      DACBB9E5 
 126      1B93EB
 127 00a5 4152CF2E 		.ascii	"AR\317.\024g\312\203\363J\305\225\277\227eU\3472\343"
 127      1467CA83 
 127      F34AC595 
 127      BF976555 
 127      E732E3
 128 00b8 175808B1 		.ascii	"\027X\010\261\206\032\254\242\206dD\310!\250\361gK\317"
 128      861AACA2 
 128      866444C8 
 128      21A8F167 
 128      4BCF
 129 00ca 994ACB7C 		.ascii	"\231J\313|]\210\337\260H\304\323\217\243\200\257\236"
 129      5D88DFB0 
 129      48C4D38F 
 129      A380AF9E 
 130 00da 5F52CAFF 		.ascii	"_R\312\377\227\305}\263)\3225\236\322\202\022\017\312"
 130      97C57DB3 
 130      29D2359E 
 130      D282120F 
 130      CA
 131 00eb A7613674 		.ascii	"\247a6t\225\360\351\012\361\307\324l\256[?\026\302\211"
 131      95F0E90A 
 131      F1C7D46C 
 131      AE5B3F16 
 131      C289
 132 00fd 64E1F083 		.ascii	"d\341\360\203\326\306%=\233\205\375]\313\303\267\001"
 132      D6C6253D 
 132      9B85FD5D 
 132      CBC3B701 
 133 010d 31E87D72 		.ascii	"1\350}r\331\234\026\321y\021\241/\217S'\247\025\366"
 133      D99C16D1 
 133      7911A12F 
 133      8F5327A7 
 133      15F6
 134 011f A2365FEB 		.ascii	"\2426_\353r\000\353\360\220)9\307\006\354\367d\201\022"
 134      7200EBF0 
 134      902939C7 
 134      06ECF764 
 134      8112
 135 0131 59E271E7 		.ascii	"Y\342q\347\256*\366\244\344\213\002\236\306\311\354"
 135      AE2AF6A4 
 135      E48B029E 
 135      C6C9EC
ARM GAS  /tmp/ccxnGeQy.s 			page 10


 136 0140 A1F8275D 		.ascii	"\241\370']\241\027T\273laK\376u\363\215=\221]IB\320"
 136      A11754BB 
 136      6C614BFE 
 136      75F38D3D 
 136      915D4942 
 137 0155 53B2B95F 		.ascii	"S\262\271_Sl\013\275P\357 F\177\021\367\256GQ2\254#"
 137      536C0BBD 
 137      50EF2046 
 137      7F11F7AE 
 137      475132AC 
 138 016a 2D6AC58E 		.ascii	"-j\305\216A\024\016\333m\035\221\326H\227S\337\324`"
 138      41140EDB 
 138      6D1D91D6 
 138      489753DF 
 138      D460
 139 017c 77397647 		.ascii	"w9vGK\324\216FZm\247\267\247\275\345\213cw\366E\243"
 139      4BD48E46 
 139      5A6DA7B7 
 139      A7BDE58B 
 139      6377F645 
 140 0191 6F75B88D 		.ascii	"ou\270\215\270\323\351\376\017\275\206\231\025"
 140      B8D3E9FE 
 140      0FBD8699 
 140      15
 141              		.text
 142              		.section	.gnu.lto_vmt.980cb71c55c31f83,"",%progbits
 143 0000 789C6363 		.ascii	"x\234cc``\330\000\304\006\014\0200\205\231q\347\316"
 143      6060D800 
 143      C4060C10 
 143      30859971 
 143      E7CE
 144 0012 37B7D9EB 		.ascii	"7\267\331\353\3776t44<\350\236\303<\223y\0163\3034f"
 144      FF367434 
 144      343CE89E 
 144      C33C9379 
 144      0E33C334 
 145 0027 0CB9059B 		.ascii	"\014\271\005\233x\34603Ncf\304\220\370\006\324\3014"
 145      78E63033 
 145      4E6366C4 
 145      90F806D4 
 145      C134
 146 0039 8D990943 		.ascii	"\215\231\011Cb\033P\202y\03233Xb\375\233\235?y\273\201"
 146      621B5082 
 146      791A3333 
 146      5862FD9B 
 146      9D3F79BB 
 147 004e 222C8C20 		.ascii	"\",\214 \356\331\373s\2370Ylk\350X\320\0200\207\231"
 147      EED9FB73 
 147      9F30596C 
 147      6BE858D0 
 147      10308799 
 148 0062 752A3303 		.ascii	"u*3\003\343vF\231\251\314\214\214\333\030\353\24723"
 148      E3764699 
 148      A9CC8C8C 
 148      DB18EBA7 
 148      3233
 149 0074 316E0551 		.ascii	"1n\005Q\314\214[@\024\013\343f\306z\006\306\035\214"
ARM GAS  /tmp/ccxnGeQy.s 			page 11


 149      CC8C5B40 
 149      140BE366 
 149      C67A06C6 
 149      1D8C
 150 0086 160C7A7A 		.ascii	"\026\014zz\372\311\031\231I\231\371\305\206\026F\372"
 150      FAC91999 
 150      4999F9C5 
 150      861646FA 
 151 0096 F9C5FA19 		.ascii	"\371\305\372\031\2119\3729\231I\372\305%E\251\211\271"
 151      8939FA39 
 151      9949FAC5 
 151      2545A989 
 151      B9
 152 00a7 C5FA79A5 		.ascii	"\305\372y\24599P\266^2\003\000\223AQW"
 152      393950B6 
 152      5E320300 
 152      93415157 
 153              		.text
 154              		.section	.gnu.lto_.symbol_nodes.980cb71c55c31f83,"",%progbits
 155 0000 789C6363 		.ascii	"x\234cc``\310\005b\006\246\235L\365\014\014\023\316"
 155      6060C805 
 155      6206A69D 
 155      4CF50C0C 
 155      13CE
 156 0012 313000A9 		.ascii	"10\000\251\035\013\0166\260\001\305v1\3253\242\213\355"
 156      1D0B0E36 
 156      B001C576 
 156      31D533A2 
 156      8BED
 157 0024 66AA6742 		.ascii	"f\252gB\027\333\303T\317\214.\266\217\251\236\005&\266"
 157      17DBC354 
 157      CF8C2EB6 
 157      8FA99E05 
 157      26B6
 158 0036 ABC19181 		.ascii	"\253\301\221\201\201u/\023C\203\022\003\0033\003\000"
 158      81752F13 
 158      43831203 
 158      03330300 
 159 0046 BDEB1D66 		.ascii	"\275\353\035f"
 160              		.text
 161              		.section	.gnu.lto_.refs.980cb71c55c31f83,"",%progbits
 162 0000 789C6363 		.ascii	"x\234cc``\020\000bF\026&VF\026V&\006&F&&&f\006\000\003"
 162      60601000 
 162      62461626 
 162      56461656 
 162      26062646 
 163 001b 3F003B   		.ascii	"?\000;"
 164              		.text
 165              		.section	.gnu.lto_.decls.980cb71c55c31f83,"",%progbits
 166 0000 789C9556 		.ascii	"x\234\225VmPT\327\031\276\357=\373\001\313\3621\301"
 166      6D5054D7 
 166      19BEEF3D 
 166      FB01CBF2 
 166      31C1
 167 0012 49EC0CD3 		.ascii	"I\354\014\323q\234\315\014\371\341\256h'\2653\375\321"
 167      719CCD0C 
 167      F9E1AE68 
ARM GAS  /tmp/ccxnGeQy.s 			page 12


 167      27B533FD 
 167      D1
 168 0023 8E9D49FB 		.ascii	"\216\235I\373\303t\246i;\303\237npYe3\2608\334Kb\372"
 168      C374A669 
 168      3BC39F6E 
 168      70596533 
 168      B038DC4B 
 169 0039 EB0681AC 		.ascii	"\353\006\201\254\032\025\232\264A\033\032G\215\201("
 169      1A159AB4 
 169      411B1A47 
 169      8D8128
 170 0048 34C655A2 		.ascii	"4\306U\242F\262\030\202\204\217\270\001\203&\362\025"
 170      46B21882 
 170      848FB801 
 170      8326F215 
 171 0058 82622CF2 		.ascii	"\202b,\362\241\010\001\224\355{\316\271w\357\335\315"
 171      A1080194 
 171      ED7BCEB9 
 171      77EFDDCD 
 172 0068 6E3BB9B3 		.ascii	"n;\271\263\357\335=\357}\337\367y\316s\336s\356Z\004"
 172      EFDD3DEF 
 172      7DDFF779 
 172      CE73DE73 
 172      EE5A04
 173 007b 41C8B20B 		.ascii	"A\310\262\013\302=\020\204\253h\021\274\254\350kC\263"
 173      C23D1084 
 173      AB6811BC 
 173      ACE86B43 
 173      B3
 174 008c A0B9D142 		.ascii	"\240\271\321Bh\355h\035h\255h\021\201_f4\2029f4\013"
 174      68ED681D 
 174      68AD6811 
 174      815F6634 
 174      82396634 
 175 00a1 9A152D0D 		.ascii	"\232\025-\015\015?\202\035\204\230\313*\362\370\307"
 175      0D3F821D 
 175      8498CB2A 
 175      F2F8C7
 176 00b0 D056A9F5 		.ascii	"\320V\251\365\264\332\364\002\265V\374\225\226$\257"
 176      B4DAF402 
 176      B556FC95 
 176      9624AF
 177 00bf C390674E 		.ascii	"\303\220gN\220\227\036\227\367\225\232\327j\310\263"
 177      90971E97 
 177      F7959AD7 
 177      6AC8B3
 178 00ce 24C8CBC4 		.ascii	"$\310\313\304<S\202<-\307\232 \347\011\314\241\232="
 178      3C53823C 
 178      2DC79A20 
 178      E709CCA1 
 178      9A3D
 179 00e0 6FC8A31A 		.ascii	"o\310\243\032\255\240}\217\266\240\346.\253\337\311"
 179      ADA07D8F 
 179      B6A0E62E 
 179      ABDFC9
 180 00ef 34FA89C8 		.ascii	"4\372\211\3105\237F\273\201\366\015\332\004Z\276Z\203"
 180      359F46BB 
ARM GAS  /tmp/ccxnGeQy.s 			page 13


 180      81F60DDA 
 180      045ABE5A 
 180      83
 181 0100 CEE73EDA 		.ascii	"\316\347>\332,\332<\332\014\332\234\300\371Z\3255\240"
 181      2CDA3CDA 
 181      0CDA9CC0 
 181      F95AD535 
 181      A0
 182 0111 5A24D2F1 		.ascii	"Z$\322\361\015\002_T\276\377\026\331K\3401\033\230p"
 182      0D025F54 
 182      BEFF16D9 
 182      4BE0311B 
 182      9870
 183 0123 38DB7BE8 		.ascii	"8\333{\350\333\014\034\256\262\301\032\034\376\273j"
 183      DB0C1CAE 
 183      B2C11A1C 
 183      FEBB6A
 184 0132 BC310587 		.ascii	"\2741\005\20796\210\000\035O\236[L\347c\232\374/\245"
 184      39368800 
 184      1D4F9E5B 
 184      4CE7639A 
 184      FC2FA5
 185 0145 2F0C4464 		.ascii	"/\014Dd\277?\2736\366\033\347I\205_)E\002\264\000\321"
 185      BF3FBB36 
 185      F61BE749 
 185      855F2945 
 185      02B400D1 
 186 0159 4082A1FB 		.ascii	"@\202\241\373M&\362\013\032'\236j\032\177\001rm\307"
 186      4D26F20B 
 186      1A279E6A 
 186      1A7F0172 
 186      6DC7
 187 016b 695868A4 		.ascii	"iXh\244\316Y\365\252\242\210p\001lp\016\010|\010N\252"
 187      CE59F5AA 
 187      A2887001 
 187      6C700E08 
 187      7C084EAA 
 188 017f 478E0DEF 		.ascii	"G\216\015\357\001E\251P\224\243\012Y-\300\306\034X\237"
 188      0145A950 
 188      94A30A59 
 188      2DC0C61C 
 188      589F
 189 0191 23C079C8 		.ascii	"#\300y\310\245\3304\012\316B\016\234\201\034Z\277\361"
 189      A5D8340A 
 189      CE420E9C 
 189      811C5ABF 
 189      F1
 190 01a2 ED86F674 		.ascii	"\355\206\366t\262\223\325\037n\232\376\234D\001.7\254"
 190      B293D51F 
 190      6E9AFE9C 
 190      44012E37 
 190      AC
 191 01b3 3D5D4501 		.ascii	"=]E\001Z\021\340#\035\000\361\022#\\L\214\2608qI1\331"
 191      5A11E023 
 191      1D00F112 
 191      235C4C8C 
 191      B0387149 
ARM GAS  /tmp/ccxnGeQy.s 			page 14


 192 01c9 D4F8C0FF 		.ascii	"\324\370\300\377\217\017_i\232\026\355{h\374\341]J\352"
 192      8F0F5F69 
 192      9A16ED7B 
 192      68FCE15D 
 192      4AEA
 193 01db 6FE163C4 		.ascii	"o\341c\304\017\342\363\323\370\\\200\020\330Y\357\340"
 193      0FE2F3D3 
 193      F85C8010 
 193      D859EFE0 
 194 01eb 37060F75 		.ascii	"7\006\017u6\236\240k\220\217*\343\225i\020:\237\013"
 194      369EA06B 
 194      908F2AE3 
 194      9569103A 
 194      9F0B
 195 01fd 7D6C71BA 		.ascii	"}lq\272\305N\336\0036\303\336\360\302\371\024\260\345"
 195      C54EDE03 
 195      36C3DEF0 
 195      C2F914B0 
 195      E5
 196 020e 06A2D585 		.ascii	"\006\242\325\205hi\370\024\371\344\253|.\241\263\015"
 196      6869F814 
 196      F9E4AB7C 
 196      2EA1B30D 
 197 021e 9D5C8A2B 		.ascii	"\235\\\212+\315k/\014+\312\032hG*\237\350R\344S%\250"
 197      CD6B2F0C 
 197      2BCA1A68 
 197      472A9FE8 
 197      52E45325 
 198 0233 1371DE0B 		.ascii	"\023q\336\013\236<\236i\244\335\032C\273C\245\335\301"
 198      9E3C9E69 
 198      A4DD1A43 
 198      BB43A5DD 
 198      C1
 199 0244 68D7468E 		.ascii	"h\327F\216]M%\343\214\024\364\315\364\324\247\361>\312"
 199      5D4D25E3 
 199      8C14F4CD 
 199      F4D4A7F1 
 199      3ECA
 200 0256 C2E1A10B 		.ascii	"\302\341\241\013s]f>L\301ad\372\376\260\235\334\346"
 200      735D663E 
 200      4CC16164 
 200      FAFEB09D 
 200      DCE6
 201 0268 A1C191BE 		.ascii	"\241\301\221\276w\323L\330\326\254\272\337D}\355{\366"
 201      77D34CD8 
 201      D6ACBADF 
 201      447DED7B 
 201      F6
 202 0279 3EC75C6E 		.ascii	">\307\\n;t\003s}\032Y\010e\362\022\242\001`\025\007"
 202      3B740373 
 202      7D1A5908 
 202      65F212A2 
 202      01601507 
 203 028d A8DAD7F4 		.ascii	"\250\332\327\364\246\015\207\026\256\231\025]\3433K"
 203      A60D8716 
 203      AE99155D 
 203      E3334B
ARM GAS  /tmp/ccxnGeQy.s 			page 15


 204 029c 674DDC45 		.ascii	"gM\334E'\274\023]\365\007\007Oe\220I\256[k\377\207\225"
 204      27BC135D 
 204      F507074F 
 204      659049AE 
 204      5B6BFF87 
 205 02b1 E986D67B 		.ascii	"\351\206\326{\372\340\014\225\243\037I|\241\313aQ\033"
 205      FAE00C95 
 205      A31F497C 
 205      A1CB6151 
 205      1B
 206 02c2 43F981B4 		.ascii	"C\371\201\264}(\255E\2256\214\316+|\251\357-\316\004"
 206      7D28AD45 
 206      95368CCE 
 206      2B7CA9EF 
 206      2DCE04
 207 02d5 4D649E63 		.ascii	"Md\236c\234~\375a]\206\241\3736\234a\3357\200\030Wu"
 207      9C7EFD61 
 207      5D86A1FB 
 207      369C61DD 
 207      37801857 
 208 02ea 8C7E480A 		.ascii	"\214~H\012\362eb\220k\257\365\337\260\220\025\016\322"
 208      F2656290 
 208      6BAFF5DF 
 208      B090150E 
 208      D2
 209 02fb D23DB8AC 		.ascii	"\322=\270\254\267\370D\247\243n\211N\344+\004\271\246"
 209      B7F844A7 
 209      A36E894E 
 209      E42B04B9 
 209      A6
 210 030c 830C2407 		.ascii	"\203\014$\007\271\236\030di\340\273\212\224\325\377"
 210      B99E1864 
 210      69E0BB8A 
 210      94D5FF
 211 031b A01935BB 		.ascii	"\240\0315\273\224,\221U\374\034\237\367\262\325\377"
 211      942C9155 
 211      FC1C9FF7 
 211      B2D5FF
 212 032a 1A56E3BD 		.ascii	"\032V\343\275\007L|S/\\\277\030\216iq|n\350\225\033"
 212      074C7C53 
 212      2F5CBF18 
 212      8E69717C 
 212      6EE8951B 
 213 033e BC573070 		.ascii	"\274W0p\252\372\374P\006i\343\307\304[\343\373\366\233"
 213      AAFAFC50 
 213      0669E3C7 
 213      C45BE3FB 
 213      F69B
 214 0350 D94AB747 		.ascii	"\331J\267G\027\377\243\276S7\271\017\033\013\206\370"
 214      17FFA3BE 
 214      5337B90F 
 214      1B0B86F8 
 215 0360 F23F6A6D 		.ascii	"\362?jm;I\264\226\030\346\276\251`\305n\321H\260=\206"
 215      3B49B496 
 215      18E6BEA9 
 215      60C56ED1 
 215      48B03D86 
ARM GAS  /tmp/ccxnGeQy.s 			page 16


 216 0374 E0282338 		.ascii	"\340(#8\242\021l=\3238\002F\202\2431\004\277\211\022"
 216      A2116C3D 
 216      D3380246 
 216      82A33104 
 216      BF8912
 217 0387 FC72E2DC 		.ascii	"\374r\342\334|\032\351HNp\360\365\261\013\274cq\303"
 217      7C1AE948 
 217      4E70F0F5 
 217      B10BBC63 
 217      71C3
 218 0399 C2B79CCC 		.ascii	"\302\267\234\314\2769\345J\246Fp\234\373\032\207\016"
 218      BE39E54A 
 218      A646709C 
 218      FB1A870E 
 219 03a9 ECCF4C4E 		.ascii	"\354\317LN\360\026#xS#\330\360\316\243\246T#\301[1\004"
 219      F0162378 
 219      5323D8F0 
 219      CEA3A654 
 219      23C15B31 
 220 03be 27A2049B 		.ascii	"'\242\004\233\373n?\020I\017'X\321<\327\223A\006\371"
 220      FB6E3F10 
 220      490F2758 
 220      D13CD793 
 220      4106F9
 221 03d1 60F6617D 		.ascii	"`\366a}K*\337$\253\250h#55V\276I\016\263\363z\350H "
 221      4B2ADF24 
 221      ABA86823 
 221      353556BE 
 221      490EB3F3 
 222 03e9 9DDCE1B1 		.ascii	"\235\334\341\261\315'\227\337\267i\204\371\304n*cM\031"
 222      CD2797DF 
 222      B76984F9 
 222      C46E2A63 
 222      4D19
 223 03fb C9577C8A 		.ascii	"\311W|\212\361\275\253\361=q\340\304\023F\272S1t\247"
 223      F1BDABF1 
 223      3D71E0C4 
 223      1346BA53 
 223      3174A7
 224 040e 35BAD60F 		.ascii	"5\272\326\017z\002{\323\300\341\310v8r\035Gh|hah\323"
 224      7A027BD3 
 224      C0E1C876 
 224      38721D47 
 224      687C6861 
 225 0424 D9A0A2EC 		.ascii	"\331\240\242\354\266\320\276\200.\354\322{\220\2557"
 225      B6D0BE80 
 225      2EECD27B 
 225      90AD37
 226 0433 E467AC42 		.ascii	"\344g\254B\220\336\005\236\020\206\316\365T\001\030"
 226      90DE059E 
 226      1086CEF5 
 226      540118
 227 0442 8B8F75E9 		.ascii	"\213\217u\351\241\265\2148\0322\204\377`\300\035\032"
 227      A1B58C38 
 227      1A3284FF 
 227      60C01D1A 
 228 0452 F09D9A81 		.ascii	"\360\235\232\201\355\015\017\260\323\357\203\003f\321"
ARM GAS  /tmp/ccxnGeQy.s 			page 17


 228      ED0D0FB0 
 228      D3EF8303 
 228      66D1
 229 0460 E6D166D0 		.ascii	"\346\321f\320\346\300\301^L\006 \272L\267\023\002\345"
 229      E6C0C15E 
 229      4C0620BA 
 229      4CB71302 
 229      E5
 230 0471 C551C259 		.ascii	"\305Q\302Y\302d|d'DC\371\236\234\252&\370\022\244A\202"
 230      C2647C64 
 230      274443F9 
 230      9E9CAA26 
 230      F812A441 
 231 0486 BA1D75C0 		.ascii	"\272\035u\300\371\247\017)\241JB\373\017\006\023\013"
 231      F9A70F29 
 231      A14A42FB 
 231      0F06130B 
 232 0496 C12AA1E0 		.ascii	"\301*\241\340-\263\235GH\266:\313@\322Y\012I\247\210"
 232      2DB39D47 
 232      48B63ACB 
 232      40D2590A 
 232      49A788
 233 04a9 3526AAAF 		.ascii	"5&\252\257\315\306l\323\005\003\236\000\337k\253F\036"
 233      CDC66CD3 
 233      05039E00 
 233      DF6BAB46 
 233      1E
 234 04ba B6ECB964 		.ascii	"\266\354\271d\202\354\\G\255zd0<=rQ\225t\011%]V\353"
 234      82EC5C47 
 234      AD7A6430 
 234      3C3D7251 
 234      95740925 
 235 04d1 F3D9CEBF 		.ascii	"\363\331\316\277\311f\273\230h\266\035u?=\272KA\341"
 235      C966BB98 
 235      68B61D75 
 235      3F3DBA4B 
 235      41E1
 236 04e3 10082E23 		.ascii	"\020\010.#\347\305\304\022\323\235\267\177\360\254\235"
 236      E7C5C412 
 236      D39DB77F 
 236      F0AC9D
 237 04f2 D41376C6 		.ascii	"\324\023v\306]?\020l6Cn6G\030\250\263P\204\025\314}"
 237      5D3F106C 
 237      36436E36 
 237      4718A8B3 
 237      508415CC 
 238 0507 A89F7014 		.ascii	"\250\237p\024Pm\202x\272\360\010Y&b\2148\247\026\376"
 238      506D8278 
 238      BAF00859 
 238      26628C38 
 238      A716FE
 239 051a DE1DA3C8 		.ascii	"\336\035\243\310J\214\"\021\365%\027a/\271\363m\027"
 239      4A8C2211 
 239      F5251761 
 239      2FB9F36D 
 239      17
 240 052b 3F4E1BC1 		.ascii	"?N\033\301C\211\356\233,V\002\200\337\361\233\032\033"
ARM GAS  /tmp/ccxnGeQy.s 			page 18


 240      4389EE9B 
 240      2C560280 
 240      DFF19B1A 
 240      1B
 241 053c 47B40BB8 		.ascii	"G\264\013\270\037\275\"\377RC\351@K\201\250GTk\210Z"
 241      1FBD22FF 
 241      5243E940 
 241      4B81A847 
 241      546B885A 
 242 0550 5DF6510B 		.ascii	"]\366Q\013\200\261*\177\316\341\264\213\377s\344?\014"
 242      80B12A7F 
 242      CEE1B48B 
 242      FF73E43F 
 242      0C
 243 0561 79DC25EA 		.ascii	"y\334%\352`\206\224\037p\025\242\217\243\244\364I\202"
 243      6086941F 
 243      7015A28F 
 243      A3A4F449 
 243      82
 244 0572 AA58EFDF 		.ascii	"\252X\357\337\352\373m\243x\012\343\277\005A\250I\361"
 244      EAFB6DA3 
 244      780AE3BF 
 244      0541A849 
 244      F1
 245 0583 B3F3A4FB 		.ascii	"\263\363\244\373\237\365\265@\032\330z\301;}7/Y\327"
 245      9FF5B540 
 245      1AD87AC1 
 245      3B7D372F 
 245      59D7
 246 0595 1E56C2A3 		.ascii	"\036V\302\243J(rw\375\203O\252\2250\256\313\257\330"
 246      4A287277 
 246      FD834FAA 
 246      9530AECB 
 246      AFD8
 247 05a7 A1071562 		.ascii	"\241\007\025bt\321\360'\336_\021G\001\024q\004+\356"
 247      74D1F027 
 247      DE5F1147 
 247      01147104 
 247      2BEE
 248 05b9 12D7D23F 		.ascii	"\022\327\322?X\265\275A3\031\346\305\006N\007\346\211"
 248      58B5BD41 
 248      3319E6C5 
 248      064E07E6 
 248      89
 249 05ca 5A6CEC38 		.ascii	"Zl\3548Q\336\300JY\354\370\256\324\013U\306\027\252"
 249      51DEC04A 
 249      59ECF8AE 
 249      D40B55C6 
 249      17AA
 250 05dc 62858E75 		.ascii	"b\205\216u\357Vlj\356\324\004\301\275\206\177\331\360"
 250      EF566C6A 
 250      EED404C1 
 250      BD867FD9 
 250      F0
 251 05ed 154CDF4E 		.ascii	"\025L\337N]z\357tA\\v5\313\256\013\015Vj\310wVG\223"
 251      5D7AEF74 
 251      415C7635 
ARM GAS  /tmp/ccxnGeQy.s 			page 19


 251      CBAE0B0D 
 251      566AC877 
 252 0604 E94937A9 		.ascii	"\351I7\251'O\306'\277\312\222k\366/-\247\220q>\207\267"
 252      274FC627 
 252      BFCA926B 
 252      F62F2DA7 
 252      90713E87 
 253 0619 8F2D3CCA 		.ascii	"\217-<\312`\247-6\222z\334~\335\025\034\210y\177=\377"
 253      60A72D36 
 253      927ADC7E 
 253      DD151C88 
 253      797F3DFF 
 254 062d B8E1B4DD 		.ascii	"\270\341\264\335#\322\323v\267\250\236\266\037\\\275"
 254      23D2D376 
 254      B7A89EB6 
 254      1F5CBD
 255 063c 73972A7A 		.ascii	"s\227*z\030\251\254\034\262G\271`\030\004t\031\002\361"
 255      18A9AC1C 
 255      B247B960 
 255      18047419 
 255      02F1
 256 064e 32EC655C 		.ascii	"2\354e\\*\336}\245!\355\311\243J8\244\204n\035|\034"
 256      2ADE7DA5 
 256      21EDC9A3 
 256      4A38A484 
 256      6E1D7C1C 
 257 0662 15E43BFF 		.ascii	"\025\344;\3772\237E\364\034\021\230\347/\242\000\257"
 257      329F45F4 
 257      1C1198E7 
 257      2FA200AF 
 258 0672 894F0AEB 		.ascii	"\211O\012\353\234.O\221o\253\257T\312\333\264\301U*"
 258      9C2E4F91 
 258      6FABAF54 
 258      CADBB4C1 
 258      552A
 259 0684 B98A0A8A 		.ascii	"\271\212\012\212]\305\276\255.I.\363\026\224H.\177y"
 259      5DC5BEAD 
 259      2E492EF3 
 259      1694482E 
 259      7F79
 260 0696 71B1FADB 		.ascii	"q\261\372\333\351Iy\346\331?\255\331\234\227'\244\272"
 260      E94979E6 
 260      D93FADD9 
 260      9C9727A4 
 260      BA
 261 06a7 DDE53EBF 		.ascii	"\335\345>\277\274\311-\377\314U.\225\271\012\312J\326"
 261      BCC92DFF 
 261      CC552E95 
 261      B90ACA4A 
 261      D6
 262 06b8 F94BFDDE 		.ascii	"\371K\375\336u\336\202\255>\227\317\357)./\364\272J"
 262      75DE82AD 
 262      3E97CFEF 
 262      292E2FF4 
 262      BA4A
 263 06ca 0AB0B6DF 		.ascii	"\012\260\266\337\353r\027z\267\025\224\027\313n\371"
 263      EB72177A 
ARM GAS  /tmp/ccxnGeQy.s 			page 20


 263      B7159417 
 263      CB6EF9
 264 06d9 E51D5EC9 		.ascii	"\345\035^\311Y$X\325\344\247\376G\262\364\262\344rK"
 264      592458D5 
 264      E4A7FE47 
 264      B2F4B2E4 
 264      724B
 265 06eb 72214662 		.ascii	"r!Fb\206E\362\375\325\353\2267\260\004\312o\273\307"
 265      8645F2FD 
 265      D5EB9637 
 265      B004CA6F 
 265      BBC7
 266 06fd 1397F873 		.ascii	"\023\227\370s\347Fg\236\236.\027\"*f\222\027Kd\262\243"
 266      E746679E 
 266      9E2E1722 
 266      2A669217 
 266      4B64B2A3 
 267 0711 5C46CA58 		.ascii	"\\F\312Xj\343\006\267lU\277\315%\322v\267\374\313x\005"
 267      6AE306B7 
 267      6C55BFCD 
 267      25D276B7 
 267      FCCB7805 
 268 0725 3CA52525 		.ascii	"<\245%%\245~\327\216\3222Yr\375\372\017[6o\331I};|\305"
 268      A57ED78E 
 268      D2325972 
 268      FDFA0F5B 
 268      366FD949 
 269 073d DE32C9F5 		.ascii	"\3362\311\365\314\346\315\030\257M\304\204\302\024\232"
 269      CCE6CD18 
 269      AF4DC484 
 269      C2149A
 270 074c 5F2AF3C9 		.ascii	"_*\363\311\336L\237_\222\013\374\036\257\273t\3336\311"
 270      DE4C9F5F 
 270      920BFC1E 
 270      AFBB74DB 
 270      36C9
 271 075e 2BA73F8B 		.ascii	"+\247?\213\312=\307\224\373\363\226?\222\355^\331\371"
 271      CA3DC794 
 271      FBF3963F 
 271      92ED5ED9 
 271      F9
 272 076f 63B42E12 		.ascii	"c\264.\022lz\001\013C\220~T\001\217`\246\344\244\014"
 272      6C7A010B 
 272      43907E54 
 272      018F60A6 
 272      E4A40C
 273 0782 EAFCFDD6 		.ascii	"\352\374\375\326\027\274\036\371w~\237\374_u\341!\206"
 273      17BC1EF9 
 273      777E9FFC 
 273      5F75E121 
 273      86
 274              		.text
 275              		.section	.gnu.lto_.symtab.980cb71c55c31f83,"",%progbits
 276 0000 6E756C6C 		.ascii	"nullObjectInit\000"
 276      4F626A65 
 276      6374496E 
 276      697400
ARM GAS  /tmp/ccxnGeQy.s 			page 21


 277 000f 00       		.ascii	"\000"
 278 0010 00       		.ascii	"\000"
 279 0011 00       		.ascii	"\000"
 280 0012 00000000 		.ascii	"\000\000\000\000\000\000\000\000"
 280      00000000 
 281 001a 0B010000 		.ascii	"\013\001\000\000"
 282              		.text
 283              		.section	.gnu.lto_.opts,"",%progbits
 284 0000 272D666D 		.ascii	"'-fmath-errno' '-fsigned-zeros' '-ftrapping-math' '"
 284      6174682D 
 284      6572726E 
 284      6F272027 
 284      2D667369 
 285 0033 2D666E6F 		.ascii	"-fno-trapv' '-fno-openmp' '-fno-openacc' '-mcpu=cor"
 285      2D747261 
 285      70762720 
 285      272D666E 
 285      6F2D6F70 
 286 0066 7465782D 		.ascii	"tex-m4' '-mno-thumb-interwork' '-mthumb' '-O2' '-fo"
 286      6D342720 
 286      272D6D6E 
 286      6F2D7468 
 286      756D622D 
 287 0099 6D69742D 		.ascii	"mit-frame-pointer' '-falign-functions=16' '-ffuncti"
 287      6672616D 
 287      652D706F 
 287      696E7465 
 287      72272027 
 288 00cc 6F6E2D73 		.ascii	"on-sections' '-fdata-sections' '-fno-common' '-flto"
 288      65637469 
 288      6F6E7327 
 288      20272D66 
 288      64617461 
 289 00ff 2700     		.ascii	"'\000"
 290              		.text
 291              		.comm	__gnu_lto_v1,1,1
 292              		.comm	__gnu_lto_slim,1,1
 293              		.ident	"GCC: (GNU Tools for Arm Embedded Processors 7-2018-q3-update) 7.3.1 20180622 (release) [AR
ARM GAS  /tmp/ccxnGeQy.s 			page 22


DEFINED SYMBOLS
                            *ABS*:0000000000000000 nullstreams.c
                            *COM*:0000000000000001 __gnu_lto_v1
                            *COM*:0000000000000001 __gnu_lto_slim

NO UNDEFINED SYMBOLS
