ARM GAS  /tmp/ccMp1Tqr.s 			page 1


   1              		.cpu cortex-m4
   2              		.eabi_attribute 20, 1
   3              		.eabi_attribute 21, 1
   4              		.eabi_attribute 23, 3
   5              		.eabi_attribute 24, 1
   6              		.eabi_attribute 25, 1
   7              		.eabi_attribute 26, 1
   8              		.eabi_attribute 30, 2
   9              		.eabi_attribute 34, 1
  10              		.eabi_attribute 18, 4
  11              		.file	"nvic.c"
  12              		.section	.gnu.lto_.profile.21bfca3ec35db5c3,"",%progbits
  13 0000 789C6363 		.ascii	"x\234cc```\001bF\006u)\000\000\340\000M"
  13      60606001 
  13      62460675 
  13      290000E0 
  13      004D
  14              		.text
  15              		.section	.gnu.lto_.icf.21bfca3ec35db5c3,"",%progbits
  16 0000 789C6363 		.ascii	"x\234cc``P`@\000V\206-\323\256oaa<\271t\30356\246\353"
  16      60605060 
  16      40005686 
  16      2DD3AE6F 
  16      61613CB9 
  17 001a 4DDB6FF3 		.ascii	"M\333o\3633\317<\262\263\237\213\345m\337\353\013\334"
  17      33CF3CB2 
  17      B39F8BE5 
  17      6DDFEB0B 
  17      DC
  18 002b 0C00F747 		.ascii	"\014\000\367G\016\363"
  18      0EF3
  19              		.text
  20              		.section	.gnu.lto_.jmpfuncs.21bfca3ec35db5c3,"",%progbits
  21 0000 789C6363 		.ascii	"x\234cc``\310e@\000\026\006&FF\346\3729\314\014 \314"
  21      6060C865 
  21      40001606 
  21      264646E6 
  21      FA39CC0C 
  22 0016 0804209A 		.ascii	"\010\004 \232\011Y\220\211q\0123c\363\257\375\237\371"
  22      09599089 
  22      710A3363 
  22      F3AFFD9F 
  22      F9
  23 0027 EAFF3648 		.ascii	"\352\3776H\314af\\\300\014\324\310\270\231\261\236\201"
  23      CC61665C 
  23      C00CD4C8 
  23      B899B19E 
  23      81
  24 0038 F1000B23 		.ascii	"\361\000\013#\003\020\377\371\377\377??#\023P\335\264"
  24      0310FFF9 
  24      FFFF3F3F 
  24      231350DD 
  24      B4
  25 0049 D643E7D9 		.ascii	"\326C\347\331\273\231\201\252\030\031\030\2670\312\200"
  25      BB9981AA 
  25      181918B7 
  25      30CA80
ARM GAS  /tmp/ccMp1Tqr.s 			page 2


  26 0058 300BD454 		.ascii	"0\013\324T\006\000\264K\033^"
  26      0600B44B 
  26      1B5E
  27              		.text
  28              		.section	.gnu.lto_.inline.21bfca3ec35db5c3,"",%progbits
  29 0000 789C458E 		.ascii	"x\234E\216\301\015\3020\014E\377w\254$m\0170\000R3A"
  29      C10DC230 
  29      0C45FF77 
  29      AC246D0F 
  29      30005233 
  30 0015 D7825DB8 		.ascii	"\327\202]\270r\344\320\035zf\005\304(\034\221\270\360"
  30      72E4D01D 
  30      7A6605C4 
  30      281C91B8 
  30      F0
  31 0026 9342B164 		.ascii	"\223B\261d[\226\277\337w\004\260\340\037\016\364\035"
  31      5B96BFDF 
  31      7704B0E0 
  31      1F0EF41D 
  32 0036 8D851A6A 		.ascii	"\215\205\032j\361\370\234\020\347\321`\217\235CS\326"
  32      F1F89C10 
  32      E7D1608F 
  32      9D4353D6 
  33 0046 2683C889 		.ascii	"&\203\310\211l\222\340\363\270J\264\365\0061t=\035\345"
  33      6C92E0F3 
  33      B84AB4F5 
  33      0631743D 
  33      1DE5
  34 0058 74097CBF 		.ascii	"t\011|\277\356\267t\016\327\000\016\\x\020\367\370\355"
  34      EEB7740E 
  34      D7000E5C 
  34      7810F7F8 
  34      ED
  35 0069 3A6E4E2E 		.ascii	":nN.\366J\020j_\235J}\306\006\241\250L\361g\265\011"
  35      F64A106A 
  35      5F9D4A7D 
  35      C606A1A8 
  35      4CF167B5 
  36 007e 372B7C00 		.ascii	"7+|\000d\232\027\014"
  36      649A170C 
  37              		.text
  38              		.section	.gnu.lto_.pureconst.21bfca3ec35db5c3,"",%progbits
  39 0000 789C6363 		.ascii	"x\234cc``\340\004b\026\006)F)&)\026)\000\002\306\000"
  39      6060E004 
  39      62160629 
  39      46292629 
  39      16290002 
  40 0016 83       		.ascii	"\203"
  41              		.text
  42              		.section	.gnu.lto_nvicEnableVector.21bfca3ec35db5c3,"",%progbits
  43 0000 789C9D53 		.ascii	"x\234\235SMk\023Q\024}g\356\314$\3064{1h\027B\350\246"
  43      4D6B1351 
  43      147D67EE 
  43      CC24C634 
  43      7B316817 
  44 0017 438B8B6E 		.ascii	"C\213\213nEp!t\343?\320l\032\260Ii\244\270\353KR\323"
  44      45702174 
ARM GAS  /tmp/ccMp1Tqr.s 			page 3


  44      E33FD06C 
  44      1AB04969 
  44      A4B8EB4B 
  45 002d D66651E8 		.ascii	"\326fQ\350\027\204QRL\265 5\226\264jj\3251\266\266E"
  45      17845152 
  45      4CB52035 
  45      96B46A6A 
  45      D531B6B6 
  46 0042 542CC5BD 		.ascii	"T,\305\275\266(T,5+\205\266z\337L@A]\350\203\367\346"
  46      B628542C 
  46      352B85B6 
  46      7ADF4C40 
  46      415DE883 
  47 0058 7E9C7BEF 		.ascii	"~\234{\3579\363fL!\304Y\022\242\215\237Gy\203\004\264"
  47      39F3664C 
  47      21C45912 
  47      A28D9F47 
  47      798304B4 
  48 006c E15742A4 		.ascii	"\341WB\244\374\032\240\014\351\207\350\325\320\213\034"
  48      FC1AA00C 
  48      E987E8D5 
  48      D08B1C
  49 007b 8D12AAFD 		.ascii	"\215\022\252\375\037*Z\323-\311\313\231\250\035\221"
  49      1F2A5AD3 
  49      2DC9CB99 
  49      A81D91
  50 008a D30E6C2E 		.ascii	"\323\016l.\037\347\255\026\312hb\324\233\276\2736\015"
  50      1FE7AD16 
  50      CA6862D4 
  50      9BBEBB36 
  50      0D
  51 009b 914D80CE 		.ascii	"\221M\200\316\356\227\227\371\315\220r54\262\273/G\307"
  51      EE9797F9 
  51      CD907235 
  51      34B2BB2F 
  51      47C7
  52 00ad 43D40AC1 		.ascii	"C\324\012\301\366\326\213\033\303\276\310\224\224i\351"
  52      F6D68B1B 
  52      C3BEC894 
  52      9469E9
  53 00bc 2C15499E 		.ascii	",\025I\236\260\211p\017\304\0151\2170\346\020\026\034"
  53      B089700F 
  53      C40D318F 
  53      30E61016 
  53      1C
  54 00cd 12B88F08 		.ascii	"\022\270\217\010\303o\247?~&:\351\226\276_}7j\324K\267"
  54      C36FA73F 
  54      7E263AE9 
  54      96BE5F7D 
  54      376AD44B 
  55 00e2 A6EAA50F 		.ascii	"\246\352\245\017\376PZA\304\305\317\036\2145\230\272"
  55      FE505A41 
  55      C4C5CF1E 
  55      8C3598BA 
  56 00f2 C7150B30 		.ascii	"\307\025\0130\005\330(\255\033\216<\370\336/\235\215"
  56      05D828AD 
  56      1B8E3CF8 
ARM GAS  /tmp/ccMp1Tqr.s 			page 4


  56      DE2F9D8D 
  57 0102 9B983813 		.ascii	"\233\2308\023\004\327\350\232:\210\017CW\207\301\207"
  57      04D7E89A 
  57      3A880F43 
  57      5787C187 
  58 0112 694235F2 		.ascii	"iB5\362C1\021b\200\233\360\333\221\216\030$MY\031Gl"
  58      43311162 
  58      809BF0DB 
  58      918E1824 
  58      4D591947 
  59 0127 235DEBDF 		.ascii	"#]\353\337/\005T\357<!O&\2072\273Yx\001\215c\277\276"
  59      2F0554EF 
  59      3C214F26 
  59      8732BB59 
  59      78018D63 
  60 013d 1B133A1E 		.ascii	"\033\023:\0362\307mT7\256~#\005\342\364\370\225\352"
  60      32C76D54 
  60      37AE7E23 
  60      05E2F4F8 
  60      95EA
  61 014f 6B9F4AFB 		.ascii	"k\237J\373\\\221s\223;_\203\236+\253\031\031\342P\371"
  61      5C917393 
  61      3B5F839E 
  61      2BAB1919 
  61      E250F9
  62 0162 D3C8A6AF 		.ascii	"\323\310\246\257\200\353)\276\203\3021\233\374x\304"
  62      80EB29BE 
  62      83C2319B 
  62      FC78C4
  63 0171 6A17B993 		.ascii	"j\027\271\223*X\316\245&\003\326\214\354K\311F\233\016"
  63      2A58CEA5 
  63      2603D68C 
  63      EC4BC946 
  63      9B0E
  64 0183 E1310A18 		.ascii	"\3411\012\030so\207\223o\327\347\313\241\226\222J\026"
  64      736F8793 
  64      6FD7E7CB 
  64      A196924A 
  64      16
  65 0194 E23605F0 		.ascii	"\3426\005\360\004V\236\374\356\3159ha\216\212\361^\366"
  65      04569EFC 
  65      EECD3968 
  65      618E8AF1 
  65      5EF6
  66 01a6 DAECB4E6 		.ascii	"\332\354\264\346\221&Ns\341H\361N\245A\3210p\034O]\322"
  66      91264E73 
  66      E148F14E 
  66      A541D130 
  66      701C4F5D 
  67 01bb 995A76D0 		.ascii	"\231Zv\320\360@\272\007Z+.\354\005=e\006\252\036h7\273"
  67      F040BA07 
  67      5A2B2EEC 
  67      053D6506 
  67      AA1E6837 
  68 01d0 E6F34086 		.ascii	"\346\363@\206R\263\264\222\365{\010\340\031\302\334"
  68      52B3B492 
  68      F57B08E0 
ARM GAS  /tmp/ccMp1Tqr.s 			page 5


  68      19C2DC
  69 01df BF2EDFA8 		.ascii	"\277.\337\250\313\377\027q\207\261\344\212\303\357\342"
  69      CBFF1771 
  69      87B1E48A 
  69      C3EFE2
  70 01ee 7A6C0A62 		.ascii	"zl\012bY\211\323]q\317\2258\303\23353\273\210\377\232"
  70      5989D35D 
  70      71CF9538 
  70      C39B3533 
  70      BB88FF9A 
  71 0202 B6E24ED3 		.ascii	"\266\342N\323\3762m\365\347\2645o\332\016\322\205R\316"
  71      FE326DF5 
  71      E7B4356F 
  71      DA0ED285 
  71      52CE
  72 0214 9DE5FE1C 		.ascii	"\235\345\376\034\003\314\224\277\024n`5[\321\216\330"
  72      03CC94BF 
  72      146E6035 
  72      5BD18ED8 
  73 0224 855822D9 		.ascii	"\205X\"\331\322\326j%\222V\307\371\213VW\242\373R\322"
  73      D2D66A25 
  73      9256C7F9 
  73      8B5657A2 
  73      FB52D2
  74 0237 8A263A3B 		.ascii	"\212&:;\023q\353\324\271\366\323\355\227\255xO,\332"
  74      1371EBD4 
  74      B9F6D3ED 
  74      97AD784F 
  74      2CDA
  75 0249 1C1588EB 		.ascii	"\034\025\210\353]\335\261\304\017\270|\034\230"
  75      5DDDB1C4 
  75      0FB87C1C 
  75      98
  76              		.text
  77              		.section	.gnu.lto_nvicDisableVector.21bfca3ec35db5c3,"",%progbits
  78 0000 789C9551 		.ascii	"x\234\225QMk\024A\020\355\3275\037k>\366,\270h\016B"
  78      4D6B1441 
  78      10EDD735 
  78      1F6B3EF6 
  78      2CB8680E 
  79 0015 C825C3C6 		.ascii	"\310%\303\306\213W\021\274\345\342?\320\275d\321\354"
  79      8B5711BC 
  79      E5E23FD0 
  79      BD64D1EC 
  80 0025 882BC15B 		.ascii	"\210+\301[z\263\311$1\021\002IVX\006\231\340\212\001"
  80      7AB3C924 
  80      31110249 
  80      56580699 
  80      E08A01
  81 0038 D128BB51 		.ascii	"\321(\273Q7~\215cD\202F1\250?\300\015\"\012A\305\203"
  81      377E8D63 
  81      44824631 
  81      A83FC00D 
  81      220A41C5 
  82 004d 428C56CF 		.ascii	"B\214V\317x\020<Y\320\335U\335\257\352\275\256\262\204"
  82      78103C59 
  82      D0DD55DD 
ARM GAS  /tmp/ccMp1Tqr.s 			page 6


  82      AFEABDAE 
  82      B284
  83 005f 1027A410 		.ascii	"\020'\244\020\007\370\334\303\013$ g^\010QJI@;*\005"
  83      07F8DCC3 
  83      0B242067 
  83      5E08514A 
  83      49403B2A 
  84 0074 312C318C 		.ascii	"1,1\214i\232#D\343\357\233\262\347\212b\013/4,O\215"
  84      699A2344 
  84      E3EF9BB2 
  84      E78A620B 
  84      2F342C4F 
  85 0089 EDF64988 		.ascii	"\355\366I\210\012/m\250\243\207Q\257Fo\3704E>\001\006"
  85      0A2F6DA8 
  85      A38751AF 
  85      466FF834 
  85      453E0106 
  86 009d 875FD6AB 		.ascii	"\207_\326\253\255\264\016%\2728\374\251\346*i\352\203"
  86      ADB40E25 
  86      BA38FCA9 
  86      E62A69EA 
  86      83
  87 00ae 607FF3D9 		.ascii	"`\177\363\331\245\031\273\373\262R#*|^#\265\337'\302"
  87      A519BBFB 
  87      B252232A 
  87      7C5E23B5 
  87      DF27C2
  88 00c1 2D1017C4 		.ascii	"-\020\027\30422h #\370J\3406\2725\376\335\315\235\371"
  88      32326820 
  88      23F84AE0 
  88      36BA35FE 
  88      DDCD9DF9 
  89 00d5 4ECB4808 		.ascii	"N\313H\010q\007\226\000;K\033f\250v~\215\253p\263\206"
  89      71079600 
  89      3B4B1B66 
  89      A8767E8D 
  89      AB70B386 
  90 00e9 374758B1 		.ascii	"7GX\261O\206\324\033\361f\032\210\323\305\004'\361\227"
  90      4F86D41B 
  90      F1661A88 
  90      D3C50427 
  90      F197
  91 00fb 54282649 		.ascii	"T(&Ij\257\034\212\217(o{\353\365E\251\213U\011U\322"
  91      6AAF1C8A 
  91      8F286F7B 
  91      EBF545A9 
  91      8B550955 
  92 0110 8A676BD7 		.ascii	"\212gk\327\233\235Z\261\201}h\262\006\206}\365&\315"
  92      9B9D5AB1 
  92      817D68B2 
  92      06867DF5 
  92      26CD
  93 0122 042413D0 		.ascii	"\004$\023\320Zme\273C\203L\230XI@\237\2755;\001\351"
  93      5A6D65BB 
  93      43834C98 
  93      5849409F 
  93      BD353B01 
ARM GAS  /tmp/ccMp1Tqr.s 			page 7


  94 0137 6E35569F 		.ascii	"n5V\237z\251\004\001\334E\206\3533(z}\356G\\\211\021"
  94      7AA90401 
  94      DC4586EB 
  94      33287A7D 
  94      EE475C89 
  95 014c 95B1E8A5 		.ascii	"\225\261\350\245\255\021V\334\216\306\302\326\367\216"
  95      AD1156DC 
  95      8EC6C2D6 
  95      F78E
  96 015a 24545159 		.ascii	"$TQY\245\371\252\376i\266e\007\270X\342\226\007{}\262"
  96      A5F9AAFE 
  96      69B66507 
  96      B858E296 
  96      077B7DB2 
  97 016e 719FFB72 		.ascii	"q\237\373r\217\351t\302\223\351\322B\233sM\215\226T"
  97      8FE974C2 
  97      93E9D242 
  97      9B734D8D 
  97      9654
  98 0180 974F293C 		.ascii	"\227O)<@\200\371x\030\374\370vc\271\236\316.\351\307"
  98      4080F978 
  98      18FCF876 
  98      63B99ECE 
  98      2EE9C7
  99 0193 60C8A75D 		.ascii	"`\310\247]x\010\207\325\307\203\012\221e\215Z\315\267"
  99      780887D5 
  99      C7830A91 
  99      658D5ACD 
  99      B7
 100 01a4 0F8B2DFB 		.ascii	"\017\213-\373\217\234\377!k\303\243\230\014\377\222"
 100      8F9CFF21 
 100      6BC3A398 
 100      0CFF92
 101 01b3 157C6A47 		.ascii	"\025|jG\244\311\214\230\3541\262\177\377\265\035\002"
 101      A4C98C98 
 101      EC31B27F 
 101      FFB51D02 
 102 01c3 AB5C730B 		.ascii	"\253\\s\013#\301\325\363\210\307\250m\202k\361TX\240"
 102      23C1D5F3 
 102      88C7A86D 
 102      826BF154 
 102      58A0
 103 01d5 D3EBE406 		.ascii	"\323\353\344\006\362\307\363n1{\260\317q\213\316\300"
 103      F2C7F36E 
 103      317BB0CF 
 103      718BCEC0 
 104 01e5 B193CE29 		.ascii	"\261\223\316)\367\364\231\242\223s\007\007\335\202s"
 104      F7F499A2 
 104      93730707 
 104      DD8273
 105 01f4 E868FFE1 		.ascii	"\350h\377\341\376\263Na(\237\353\315\011\024~\003\260"
 105      FEB34E61 
 105      289FEBCD 
 105      09147E03 
 105      B0
 106 0205 BBD68C   		.ascii	"\273\326\214"
 107              		.text
ARM GAS  /tmp/ccMp1Tqr.s 			page 8


 108              		.section	.gnu.lto_nvicSetSystemHandlerPriority.21bfca3ec35db5c3,"",%progbits
 109 0000 789C6D52 		.ascii	"x\234mR\317KTQ\024\276\337;\357\275\031g\324ZJ\314\302"
 109      CF4B5451 
 109      14BEDF3B 
 109      EFBD1967 
 109      D45A4ACC 
 110 0015 45206E7C 		.ascii	"E n|\214\264\210\026A\264i\343\246\377\300\246\300\001"
 110      8CB48816 
 110      41B469E3 
 110      A6FFC0A6 
 110      C001
 111 0027 9D118D68 		.ascii	"\235\021\215h7w~\351h\021Q\343\017\354\021\263HL\","
 111      37777EE9 
 111      681151E3 
 111      0FEC11B3 
 111      484C222C 
 112 003b CC6A72D4 		.ascii	"\314jr\324\327X\321F\233\221\210\262U\277\014D\243\322"
 112      D758D146 
 112      9B9188B2 
 112      55BF0C44 
 112      A3D2
 113 004d 851559E7 		.ascii	"\205\025Y\347\276\231\300E\027\336\273\367|\367;\347"
 113      BE99C045 
 113      17DEBBF7 
 113      7CF73BE7 
 114 005d 7CE7DC63 		.ascii	"|\347\334c\012!f4!\216\362~\210?\030\002\332\345e!\342"
 114      0A216634 
 114      218EF27E 
 114      883F1802 
 114      DAE56521 
 115 0072 5E4DA352 		.ascii	"^M\243R@H\237\356\004\205\254%\350\025X\007\324Az!b"
 115      40489FEE 
 115      0485AC25 
 115      E8155807 
 115      D4417A21 
 116 0087 1AE988E1 		.ascii	"\032\351\210\341\"e\011\305\376\265\274\326<!y9#\333"
 116      226509C5 
 116      FEB5BCD6 
 116      3C217939 
 116      23DB
 117 0099 669F4C37 		.ascii	"f\237L7\330$\3040\177ja\032\315\314*\247\356\330t\201"
 117      D824C430 
 117      7F6A611A 
 117      CDCC2AA7 
 117      EED87481 
 118 00ad 6C027436 		.ascii	"l\002t6\277-\215}\250W\246\206F6\223W\347\013^j\205"
 118      BF2D8D7D 
 118      A857A686 
 118      46369357 
 118      E70B5E6A 
 119 00c2 E0F3CAF4 		.ascii	"\340\363\312\364\350\211\246q)\023\322\3718N\362\240"
 119      E889A671 
 119      2913D2F9 
 119      384EF2A0 
 120 00d2 4D84FB20 		.ascii	"M\204\373 \216\207\031\004p\017\001\301\220\300\003"
 120      8E871904 
 120      700F01C1 
ARM GAS  /tmp/ccMp1Tqr.s 			page 9


 120      90C003
 121 00e1 3431FB56 		.ascii	"41\373V\342\363&\321\021\327\363\375\363wY\243\352\272"
 121      E2F326D1 
 121      11D7F3FD 
 121      F37759A3 
 121      EABA
 122 00f3 3D51757D 		.ascii	"=Qu}\370\037\327<\232\\\376\335\335\241:S\317\375S\213"
 122      F81FD73C 
 122      9A5CFEDD 
 122      DDA13A53 
 122      CFFD538B 
 123 0107 47300578 		.ascii	"G0\005xgdj\305p\344\356\237~\026\321\260\272\345\255"
 123      67646AC5 
 123      70E4EE9F 
 123      7E16D1B0 
 123      BAE5AD
 124 011a 017BEA9A 		.ascii	"\001{\352\232\372q\0338\265\007n\024\221aG\356\212t"
 124      FA711B38 
 124      B5076E14 
 124      916147EE 
 124      8A74
 125 012c C40069EA 		.ascii	"\304\000i\352\224t\304'\244^/\256]3U\2741R\345\376\332"
 125      9474C427 
 125      A45E2FAE 
 125      5D3355BC 
 125      3152E5FE 
 126 0141 599EF3A8 		.ascii	"Y\236\363\250r\011~\314\262\014\265\006XJ)\300\374\015"
 126      72097ECC 
 126      B20CB506 
 126      584A29C0 
 126      FC0D
 127 0153 A41ADDDC 		.ascii	"\244\032\335\334\314\314\3477\336zb\277\245\327&c\230"
 127      CCCCE737 
 127      DE7A62BF 
 127      A5D72663 
 127      98
 128 0164 94980262 		.ascii	"\224\230\002b\352b8]|\341\2060\335Z\223?\027\266\352"
 128      EA62385D 
 128      7CE18630 
 128      DD5A933F 
 128      17B6EA
 129 0177 99C7BD36 		.ascii	"\231\307\2756U\001\012\373Q\336\314\370s\270\036\337"
 129      55010AFB 
 129      51DECCF8 
 129      73B81EDF 
 130 0187 6F9307F3 		.ascii	"o\223\007\363\374@s*\225b\337\230N\203\331\243R6\252"
 130      FC40732A 
 130      9562DF98 
 130      4E83D9A3 
 130      5236AA
 131 019a 080BC8A1 		.ascii	"\010\013\310\241R\255\203\230M^W\215^\225\277\216\304"
 131      52AD8398 
 131      4D5E578D 
 131      5E95BF8E 
 131      C4
 132 01ab F7FEA57C 		.ascii	"\367\376\245|\001\025\375\030#\017c\311\257}U@cl\357"
 132      0115FD18 
ARM GAS  /tmp/ccMp1Tqr.s 			page 10


 132      230F63C9 
 132      AF7D5540 
 132      636CEF
 133 01be 8BD640C7 		.ascii	"\213\326@\307cN\264\216\342\313\3017\206\"\355\325\353"
 133      634EB48E 
 133      E2CBC137 
 133      8622EDD5 
 133      EB
 134 01cf 73F5C6F3 		.ascii	"s\365\306\363\205\254Q1\345jR\3263\264^\336.\031J.O"
 134      85AC5131 
 134      E56A52D6 
 134      33B45EDE 
 134      2E194A2E 
 135 01e4 4EEE804D 		.ascii	"N\356\200M~,\362#\025\253\222\257\014NN\372\254\333"
 135      7E2CF223 
 135      15AB92AF 
 135      0C4E4EFA 
 135      ACDB
 136 01f6 32155792 		.ascii	"2\025W\222k\361\204%\017\2713\305\227\257n\356\214\354"
 136      6BF18425 
 136      0FB933C5 
 136      97AF6EEE 
 136      8CEC
 137 0208 0B4EA9CB 		.ascii	"\013N\251\313\\\304\246:<\205\305\235v\347\355\031\202"
 137      5CC4A63A 
 137      3C85C59D 
 137      76E7ED19 
 137      82
 138 0219 AC517C41 		.ascii	"\254Q|A\"7{\251R\245Z\031n&\327\307\023o\265X\241\216"
 138      22377BA9 
 138      52A55A19 
 138      6E26D7C7 
 138      136FB558 
 139 022f F0A970B4 		.ascii	"\360\251p\2647x\270\325\212\366Z\035\355\235Vw\264\347"
 139      3778B8D5 
 139      8AF65A1D 
 139      ED9D5677 
 139      B4E7
 140 0241 6CAF158A 		.ascii	"l\257\025\212vuE#\326\261\223m\307\333\316[\221s\341"
 140      76754523 
 140      D6B1936D 
 140      C7DBCE5B 
 140      9173E1
 141 0254 504B4878 		.ascii	"PKHx:\332#\247;\317\364\350\335=\341\350_\335\342\365"
 141      3ADA23A7 
 141      3BCFF4E8 
 141      DD3DE1E8 
 141      5FDDE2F5 
 142 0268 C4       		.ascii	"\304"
 143              		.text
 144              		.section	.gnu.lto___func__.8101.21bfca3ec35db5c3,"",%progbits
 145 0000 789C6363 		.ascii	"x\234cc``\020\005by\006\010\230\302\314\370\341\361"
 145      60601005 
 145      62790608 
 145      98C2CCF8 
 145      E1F1
 146 0012 9CCB4C8A 		.ascii	"\234\313L\212L\363\0338\3460300nfTd\220\315+\313L\016"
ARM GAS  /tmp/ccMp1Tqr.s 			page 11


 146      4CF31B38 
 146      E6303330 
 146      306E6654 
 146      6490CD2B 
 147 0029 4E2D09AE 		.ascii	"N-\011\256,.I\315\365H\314K\311I-\012(\312\314/\312"
 147      2C2E49CD 
 147      F548CC4B 
 147      C9492D0A 
 147      28CACC2F 
 148 003e 2CA96400 		.ascii	",\251d\000\000\346\363\022t"
 148      00E6F312 
 148      74
 149              		.text
 150              		.section	.gnu.lto_nvicClearPending.21bfca3ec35db5c3,"",%progbits
 151 0000 789C3551 		.ascii	"x\2345Q\317kSA\020\236o\347\275\274(m\316\202A{\020"
 151      CF6B5341 
 151      109E6FE7 
 151      BDBC286D 
 151      CE82417B 
 152 0015 4A11BAA4 		.ascii	"J\021\272\244^\274\212\007O\275\364?\320\\\032\260y"
 152      5EBC8A07 
 152      4FBDF43F 
 152      D05C1AB0 
 152      79
 153 0026 62A478EB 		.ascii	"b\244x\353&i\223V\013-\264M!<\344\225F\304\203VI\253"
 153      26699356 
 153      0B2DB44D 
 153      213CE495 
 153      46C48356 
 154 003c 26F5C723 		.ascii	"&\365\307#\350AD\245E<y\262\"\250P\264 xh\253\263/8"
 154      E84144A5 
 154      453C79B2 
 154      22A850B4 
 154      207868AB 
 155 0053 B0BB33DF 		.ascii	"\260\2733\337\3167\373\355L\202\210~\203\350\214\234"
 155      CE37FBED 
 155      4C82887E 
 155      83E88C9C 
 156 0063 C7658109 		.ascii	"\307e\201\011j\376\035Q1\251\000\353\230$hBa\002\263"
 156      6AFE1D51 
 156      31A900EB 
 156      98246842 
 156      6102B3
 157 0076 BCC8E854 		.ascii	"\274\310\350T\277\266\324\300\035#\026-\267\275\212"
 157      BFB6D4C0 
 157      1D23162D 
 157      B7BD8A
 158 0085 993A1630 		.ascii	"\231:\0260QM\226541 Y[\223\017\002\276\311\001\003\216"
 158      514D9635 
 158      34312059 
 158      5B930F02 
 158      BEC90103 
 159 009a 84BFDED6 		.ascii	"\204\277\336\326wR6T\350\223\360\300,\326R<\004\022"
 159      77523654 
 159      E893F0C0 
 159      2CD6523C 
 159      0412
ARM GAS  /tmp/ccMp1Tqr.s 			page 12


 160 00ac FFCB9BD5 		.ascii	"\377\313\233\325y\257\377\2661%\023\275l\2609\0250\343"
 160      79AFFFB6 
 160      312513BD 
 160      6CB03915 
 160      30E3
 161 00be 11580A62 		.ascii	"\021X\012b\003i\254#M\002\021\036\243\337\346\177~x"
 161      0369AC23 
 161      4D02111E 
 161      A3DFE67F 
 161      7E78
 162 00d0 B8D49B70 		.ascii	"\270\324\233p\272\017\342\011\022$\342im\333\215\314"
 162      BA0FE209 
 162      1224E269 
 162      6DDB8DCC 
 163 00e0 E1DFAA89 		.ascii	"\341\337\252\211>5\260uA\024\007\354(\331\\\266\236"
 163      3E35B075 
 163      411407EC 
 163      28D95CB6 
 163      9E
 164 00f1 63371771 		.ascii	"c7\027q\015\232\026\246\374\313D4\303\312z\345\210\276"
 164      0D9A16A6 
 164      FCCB4434 
 164      C3CA7AE5 
 164      88BE
 165 0103 A3BC5F39 		.ascii	"\243\274_9\330\014\225\255Xg\324\331\225\267\026\032"
 165      D80C95AD 
 165      5867D4D9 
 165      95B7161A 
 166 0113 F75BBD56 		.ascii	"\367[\275V\266\203\223h\211\020I\373Y\271\353u\223\024"
 166      B6839368 
 166      891049FB 
 166      59B9EB75 
 166      9314
 167 0125 4EA725D5 		.ascii	"N\247%\325\202{\225\031\267\013r\227\371\272\321\336"
 167      827B9519 
 167      B70B7297 
 167      F9BAD1DE 
 168 0135 EFB14C17 		.ascii	"\357\261L\027.\3321\263\264W\375\317t\204,H\347\303"
 168      2EDA31B3 
 168      B457FDCF 
 168      74842C48 
 168      E7C3
 169 0147 8D6F314D 		.ascii	"\215o1M\010\265\251\316{\317\022\022qW\326Wv\377\364"
 169      08B5A9CE 
 169      7BCF1212 
 169      7157D657 
 169      76FFF4
 170 015a 7443D329 		.ascii	"tC\323)\233\224@\315\037\013;^\210[E\351|x\"`\017O\245"
 170      9B9440CD 
 170      1F0B3B5E 
 170      885B45E9 
 170      7C782260 
 171 0171 3D9B52DB 		.ascii	"=\233R\333\022^\315\026W\216\352{f\262h\372\002N\342"
 171      125ECD16 
 171      578EEA7B 
 171      66B268FA 
 171      024EE2
ARM GAS  /tmp/ccMp1Tqr.s 			page 13


 172 0184 19422CC5 		.ascii	"\031B,\3053\221\313\217\333\033\315Tf\315^\206\343\001"
 172      3391CB8F 
 172      DB1BCD54 
 172      66CD5E86 
 172      E301
 173 0196 1FC17368 		.ascii	"\037\301sh\221\032\317\353\0052\"\210vQ\012W\347\020"
 173      911ACFEB 
 173      05322288 
 173      76510A57 
 173      E710
 174 01a8 37D4DAB4 		.ascii	"7\324\332\264|LZ\243\210\364\240\316\216\346.\345\374"
 174      7C4C5AA3 
 174      88F4A0CE 
 174      8EE62EE5 
 174      FC
 175 01b9 42E6EC90 		.ascii	"B\346\354\220\366\013z\364\342e}\305\277z\255\240\263"
 175      F60B7AF4 
 175      E2657DC5 
 175      BF7AADA0 
 175      B3
 176 01ca FED8989F 		.ascii	"\376\330\230\237\327\347F\206\317\017_\327\371\361\\"
 176      D7E74686 
 176      CF0F5FD7 
 176      F9F15C
 177 01d9 76304BC8 		.ascii	"v0K\310\377\003\345\352\2570"
 177      FF03E5EA 
 177      AF30
 178              		.text
 179              		.section	.gnu.lto_.symbol_nodes.21bfca3ec35db5c3,"",%progbits
 180 0000 789C6363 		.ascii	"x\234cc``\310\006b\006\246\235L\365\014\014\023\316"
 180      6060C806 
 180      6206A69D 
 180      4CF50C0C 
 180      13CE
 181 0012 313000A9 		.ascii	"10\000\251]\015\216@\221]L\365\214\250\"\273\231\352"
 181      5D0D8E40 
 181      915D4CF5 
 181      8CA822BB 
 181      99EA
 182 0024 99504458 		.ascii	"\231PDX\367114(1003\355a\252gF\221b\334\313T\317\002"
 182      F7313134 
 182      28313030 
 182      33ED61AA 
 182      67469162 
 183 003d 16616068 		.ascii	"\026a`hhp\000\251ae8\362C\217\001\000\262v\032\015"
 183      687000A9 
 183      616538F2 
 183      438F0100 
 183      B2761A0D 
 184              		.text
 185              		.section	.gnu.lto_.refs.21bfca3ec35db5c3,"",%progbits
 186 0000 789C6363 		.ascii	"x\234cc```\003bF&&f&\006\000\000\303\000\027"
 186      60606003 
 186      62462626 
 186      66260600 
 186      00C30017 
 187              		.text
ARM GAS  /tmp/ccMp1Tqr.s 			page 14


 188              		.section	.gnu.lto_.decls.21bfca3ec35db5c3,"",%progbits
 189 0000 789CBD57 		.ascii	"x\234\275WkPU\327\025\276\373\354\013\\./\213LcS:\343"
 189      6B5055D7 
 189      15BEFBEC 
 189      0B5C2E2F 
 189      8B4C6353 
 190 0016 64CC84CE 		.ascii	"d\314\204\316$\\1\266q:\3236\344\252\225\037\246\314"
 190      245C31B6 
 190      713AD336 
 190      E4AA951F 
 190      A6CC
 191 0028 2571A6FD 		.ascii	"%q\246\375QB\220T\022\204\014`G\373\247\207\227\242"
 191      51429054 
 191      12840C60 
 191      47FBA787 
 191      97A2
 192 003a 18038A88 		.ascii	"\030\003\212\210\210\021\001\037\004PP\036\"\242\200"
 192      8811011F 
 192      0450501E 
 192      22A280
 193 0049 8A3C0494 		.ascii	"\212<\004\224\227\362F\344%\"O\037\200(]\373q\356=\034"
 193      97F246E4 
 193      25224F1F 
 193      80285DFB 
 193      71EE3D1C 
 194 005d B8369DE9 		.ascii	"\2706\235\351\364\014\353\236\263\366\376\366\332\337"
 194      F40CEB9E 
 194      B3F6FEF6 
 194      DADF
 195 006b 5E6BEFB5 		.ascii	"^k\357\2656\226*\225j\333\333*U\202\240R\365 \225j\036"
 195      36962A95 
 195      6ADBDB2A 
 195      5582A052 
 195      F520956A 
 196 0080 1E4B682B 		.ascii	"\036Kh+\003\201&U\011H\215\212=\026 M \367A\332@:@\036"
 196      03812655 
 196      09488D8A 
 196      3D16204D 
 196      20F741DA 
 197 0098 80C03055 		.ascii	"\200\3000U\237j\341\223\001\215v\360\376\002\304\021"
 197      9F6AE193 
 197      018D76F0 
 197      FE02C411 
 198 00a8 C489DB72 		.ascii	"\304\211\333r\006y\017\344/ \277\005\314Z\220W\360="
 198      06790FE4 
 198      2F20BF05 
 198      CC5A9057 
 198      F03D
 199 00ba 076207DF 		.ascii	"\007b\007\337\266 \030\276\337\205\267\033\310*\304"
 199      B62018BE 
 199      DF85B71B 
 199      C82AC4
 200 00c9 EC37A916 		.ascii	"\3547\251\026?\271\004\277\304\034J\373\222]i\036\262"
 200      3FB904BF 
 200      C41C4AFB 
 200      925D691E 
 200      B2
ARM GAS  /tmp/ccMp1Tqr.s 			page 15


 201 00da 2E17C4E6 		.ascii	".\027\304\346@|=\312'\037:\354\315\360\377\0101\237"
 201      407C3DCA 
 201      271F3AEC 
 201      CDF0FF08 
 201      319F
 202 00ec 5483F4F0 		.ascii	"T\203\364\360\271\242\241m7\310V\304\346 v\203\020\233"
 202      B9A2A16D 
 202      37C856C4 
 202      E6207683 
 202      109B
 203 00fe ABED0D7E 		.ascii	"\253\355\015~\252\342\034\252\227\340 =E\000\320\232"
 203      AAE21CAA 
 203      97E0203D 
 203      4500D09A 
 204 010e 59E75F97 		.ascii	"Y\347_\227X'\261\347\306\337\035K\330\213\307\250\263"
 204      5827B1E7 
 204      C6DF1D4B 
 204      D88BC7A8 
 204      B3
 205 011f 322313C7 		.ascii	"2#\023\307`\364\236\026\221\210;@\323\371\221\242\031"
 205      60F49E16 
 205      91883B40 
 205      D3F991A2 
 205      19
 206 0130 3BD64410 		.ascii	";\326D\020\203\347\263j\264X\240\337y-m\203\016\256"
 206      83E7B36A 
 206      B458A0DF 
 206      792D6D83 
 206      0EAE
 207 0142 59227B34 		.ascii	"Y\"{4\376*\224\217\260d\252\341\373\311t+\374;\012\274"
 207      FE2A948F 
 207      B064AAE1 
 207      FBC9742B 
 207      FC3B0ABC 
 208 0156 1B99934C 		.ascii	"\033\231\223L\314:j\221\032\324\211\332\244\207\366"
 208      CC3A6A91 
 208      1AD489DA 
 208      A487F6
 209 0165 A03A69D1 		.ascii	"\240:i\321\312x,t\267\276\354\260GZ\227hQ\014\027S\""
 209      CA782C74 
 209      B7BEECB0 
 209      475A9768 
 209      510C1753 
 210 017a 44EB4D2A 		.ascii	"D\353M*T\204\234\321%\344\254B\305\310\205L]\200\\U"
 210      54849CD1 
 210      25E4AC42 
 210      C5C8854C 
 210      5D805C55 
 211 018e 280F1A2F 		.ascii	"(\017\032/B\343i2]\351X\342\037\216N\212\342Jt\031i"
 211      42E36932 
 211      5DE958E2 
 211      1F8E4E8A 
 211      E24A7419 
 212 01a3 5121C214 		.ascii	"Q!\302\024\003\253{O\313\010d\244\307\245Z\342\177\022"
 212      03AB7B4F 
 212      CB0864A4 
 212      C7A55AE2 
ARM GAS  /tmp/ccMp1Tqr.s 			page 16


 212      7F12
 213 01b5 0242F1B1 		.ascii	"\002B\361\261\376\233\202\271)\256\232\235\242\373\354"
 213      FE9B82B9 
 213      29AE9A9D 
 213      A2FBEC
 214 01c4 3B1551A2 		.ascii	";\025Q\242(\240\022\230\342\212i\012\230\221\274\240"
 214      28A01298 
 214      E28A690A 
 214      9891BCA0 
 215 01d4 15E6B954 		.ascii	"\025\346\271T\362d\015[\2333\361`LG;\322F\223\341t\036"
 215      F2640D5B 
 215      9B33F160 
 215      4C473BD2 
 215      4693E174 
 216 01e9 D22ECDA4 		.ascii	"\322.\315\244B\245d \3229\243k\240\002:u\250\266\312"
 216      42A56420 
 216      D239A36B 
 216      A0023A75 
 216      A8B6CA
 217 01fc 820DFE15 		.ascii	"\202\015\376\025\250\315\207F\016 \346\230!D\364\351"
 217      A8CD8746 
 217      0E20E698 
 217      2144F4E9 
 218 020c 92595B9C 		.ascii	"\222Y[\234\215\310\032\324Y\021?\216\253\221\2133\002"
 218      8DC81AD4 
 218      59113F8E 
 218      AB918B33 
 218      02
 219 021d 6B487B5A 		.ascii	"kH{Z\362\272\012\335\002r\327\271\343\341I\022a\366"
 219      F2BA0ADD 
 219      0272D7B9 
 219      E3E14912 
 219      61F6
 220 022f F17F9166 		.ascii	"\361\177\221f\370\326\3207]\267\230&\342\025*\364\241"
 220      F8D6D037 
 220      5DB79826 
 220      E2152AF4 
 220      A1
 221 0240 335A0DAB 		.ascii	"3Z\015\253\276\001\253\276E\351T\200\301\233\214\317"
 221      BE01ABBE 
 221      45E95480 
 221      C19B8CCF 
 222 0250 8913575B 		.ascii	"\211\023W[\220c,1\014?\037#j\273\034\372\313(\375J\344"
 222      90632C31 
 222      0C3F1F23 
 222      6ABB1CFA 
 222      CB28FD4A 
 223 0265 282D82A0 		.ascii	"(-\202\240s\223+g\254\265\334v\364\177\262\2359\231"
 223      73932B67 
 223      ACB5DC76 
 223      F47FB29D 
 223      3999
 224 0277 3E6723B7 		.ascii	">g#\267]\365&\333\265i\3273ll\367\031\343\205\252\221"
 224      5DF526DB 
 224      B569D733 
 224      6C6CF719 
 224      E385AA91 
ARM GAS  /tmp/ccMp1Tqr.s 			page 17


 225 028b A3CC9135 		.ascii	"\243\314\2215\210\234p\372\006\360\345\262\222k6\335"
 225      889C70FA 
 225      06F0E5B2 
 225      926B36DD 
 226 029b A813C1B1 		.ascii	"\250\023\301\261B\313\250\027\020b\277\360&B\365y\351"
 226      42CBA817 
 226      1062BFF0 
 226      2642F579 
 226      E9
 227 02ac 41AC1D5A 		.ascii	"A\254\035Z\005\366\342P\242HC\220\261E\3406\004\311"
 227      05F6E250 
 227      A2484390 
 227      B145E036 
 227      04C9
 228 02be 2EFDE306 		.ascii	".\375\343\006\220\334*\353g\323I\017;\340\354C6\216"
 228      90DC2AEB 
 228      67D3490F 
 228      3BE0EC43 
 228      368E
 229 02d0 3509A6C9 		.ascii	"5\011\246\311dC\026qU\031\273\215\244L\213D\374\300"
 229      64431671 
 229      5519BB8D 
 229      A44C8B44 
 229      FCC0
 230 02e2 D51E3CDE 		.ascii	"\325\036<\336\250\355A]\320\013\231'V\023H\217\336\261"
 230      A8ED415D 
 230      D00B9927 
 230      5613488F 
 230      DEB1
 231 02f4 A6DE3401 		.ascii	"\246\3364\001_\240[\010\335:\233_\206\324\002\333\272"
 231      5FA05B08 
 231      DD3A9B5F 
 231      86D402DB 
 231      BA
 232 0305 28504DDA 		.ascii	"(PM\332j^\234\271\2466\266\325#\332xs\376E\251\003\333"
 232      6A5E9CB9 
 232      A636B6D5 
 232      23DA7873 
 232      FE45A903 
 233 031a 970239CB 		.ascii	"\227\0029\313\343\267\217\333\260}\271\214\234\337\253"
 233      E3B78FDB 
 233      B07DB98C 
 233      9CDFAB
 234 0329 5D09C28A 		.ascii	"]\011\302\212\004\032\311\010q\231\200\276\3709j\200"
 234      041AC908 
 234      719980BE 
 234      F8396A80 
 235 0339 D0DCA5A1 		.ascii	"\320\334\245\241iD+\340\367\016\030\242\264\216&f\037"
 235      69442BE0 
 235      F70E18A2 
 235      B48E2666 
 235      1F
 236 034a B57C2745 		.ascii	"\265|'EL\351\201\363ti\325`\236(\302\221\022\325\004"
 236      4CE981F3 
 236      7469D560 
 236      9E28C291 
 236      12D504
ARM GAS  /tmp/ccMp1Tqr.s 			page 18


 237 035d 87EA4C67 		.ascii	"\207\352Lg\252\216\354`T\213z\020\272\215\272a\021M"
 237      AA8EEC60 
 237      548B7A10 
 237      BA8DBA61 
 237      114D
 238 036f E81D7204 		.ascii	"\350\035r\004\272J\3061\2362\317\377Hc\352e;\263d\356"
 238      BA4AC631 
 238      9E32CFFF 
 238      4863EA65 
 238      3BB364EE 
 239 0383 51322D12 		.ascii	"Q2-\022\231#\251-\3636\234L\303/\222\304R\330\271p\274"
 239      9923A92D 
 239      F3369C4C 
 239      C32F92C4 
 239      52D8B970 
 240 0398 01859A4D 		.ascii	"\001\205\232MT\232\225T\356S*\271\323\217#0\216b\271"
 240      549A9554 
 240      EE532AB9 
 240      D38F2330 
 240      8E62B9
 241 03ab AFAA2325 		.ascii	"\257\252#%\303B\262\364K\243%\262\250V\223\245V\245"
 241      C342B2F4 
 241      4BA325B2 
 241      A85693A5 
 241      56A5
 242 03bd A5366AA9 		.ascii	"\2456j\251\344\314\021\017\234\312\014\015'\247g\330"
 242      E4CC110F 
 242      9CCA0C0D 
 242      27A767D8 
 243 03cd 7343C3BF 		.ascii	"sC\303\277Z@\251\335d\250]i\250\203\032*\035OO\304\370"
 243      5A40A9DD 
 243      64A85D69 
 243      A8831A2A 
 243      1D4F4FC4 
 244 03e2 22B3F460 		.ascii	"\"\263\364`z\376\206\255\374\310\220\003f:2]\354\310"
 244      7AFE86AD 
 244      FCC89003 
 244      663A325D 
 244      ECC8
 245 03f4 00B0BEE6 		.ascii	"\000\260\276\346p\202\003u#\264q7\316G\034}na\326\215"
 245      70820375 
 245      23B47137 
 245      CE471C7D 
 245      6E61D68D 
 246 0408 3DD48DDD 		.ascii	"=\324\215\335\222\033\303\032[\252\020p\356!i\270\376"
 246      921BC31A 
 246      5BAA1070 
 246      EE2169B8 
 246      FE
 247 0419 FDE49C21 		.ascii	"\375\344\234!1ZKQp\006\215\234;yNB\017(\327\327m\323"
 247      315A4B51 
 247      70068D9C 
 247      3B794E42 
 247      0F28D7D7 
 248 042f 9936B88B 		.ascii	"\2316\270\213q=Y;\225\240\305#Li\037l\354\262}7M\274"
 248      713D593B 
 248      95A0C523 
ARM GAS  /tmp/ccMp1Tqr.s 			page 19


 248      4C691F6C 
 248      ECB27D37 
 249 0445 534AB6C8 		.ascii	"SJ\266\310\352c\247\305\350\3300\015=\361\017\301\034"
 249      EA63A7C5 
 249      E8D8300D 
 249      3DF10FC1 
 249      1C
 250 0456 F84C9627 		.ascii	"\370L\226'z\241\345o\202\012\365\241wahV\363\211b[\266"
 250      7AA1E56F 
 250      820AF5A1 
 250      77616856 
 250      F389625B 
 251 046b 5145927E 		.ascii	"QE\222~'\312\366\344q}\334\012\364\370\354\207\205\210"
 251      27CAF6E4 
 251      717DDC0A 
 251      F4F8EC87 
 251      8588
 252 047d E9B14EA0 		.ascii	"\351\261N\240\0175\237I\262c;Y<IR\354\361\271\271H5"
 252      0F359F49 
 252      B2633B59 
 252      3C4952EC 
 252      F1B9B948 
 253 0492 7EC63DD8 		.ascii	"~\306=\330\362\272\206\327\251\010\013r6\372;\016\333"
 253      F2BA86D7 
 253      A9080B72 
 253      36FA3B0E 
 253      DB
 254 04a3 994DE68F 		.ascii	"\231M\346\217\245d>\314\023\\Bj>6%85\335\244C\000\037"
 254      A5643ECC 
 254      135C426A 
 254      3E362538 
 254      35DDA443 
 255 04b9 A4F0119A 		.ascii	"\244\360\021\232\340\036K\011\256\357T_\2125gn\011\372"
 255      E01E4B09 
 255      AEEF545F 
 255      8A35676E 
 255      09FA
 256 04cb EEB8DE34 		.ascii	"\356\270\3364{\316\234\020\273\023\267\377\220\2323"
 256      7BCE9C10 
 256      BB13B7FF 
 256      909A33
 257 04da 2575F8C0 		.ascii	"%u\370\300\275\270?\342y\306\363~\356\241\034^6\306"
 257      BDB83FE2 
 257      79C6F37E 
 257      EEA11C5E 
 257      36C6
 258 04ec 08F67252 		.ascii	"\010\366rRK\222\215Y\236\223\022\317\011\306\363|T_"
 258      4B928D59 
 258      9E9312CF 
 258      09C6F37C 
 258      545F
 259 04fe 8606463B 		.ascii	"\206\006F;C\221G\262\012\357\314*|^\351T\266\032\207"
 259      439147B2 
 259      0AEFCC2A 
 259      7C5EE954 
 259      B61A87
 260 0511 635A3873 		.ascii	"cZ8s\263\373\276F.Z\251\342\272F\355!\233\363\005,\354"
ARM GAS  /tmp/ccMp1Tqr.s 			page 20


 260      B3FBBE46 
 260      2E5AA9E2 
 260      BA46ED21 
 260      9BF3052C 
 261 0526 9929D0CE 		.ascii	"\231)\320\316dIK\224\230\347P\006\234ya}\012t\246\330"
 261      64494B94 
 261      98E75006 
 261      9C79617D 
 261      0A74A6D8 
 262 053a FC1927CE 		.ascii	"\374\031'\316\336\260\303\373\331\004]\331cu\3308\003"
 262      DEB0C3FB 
 262      D9045DD9 
 262      6375D838 
 262      03
 263 054b 14DC8BB4 		.ascii	"\024\334\213\264\340\316\302\014\323\246\031^ 3S\314"
 263      E0CEC20C 
 263      D3A6195E 
 263      203353CC 
 264 055b 2C3D4573 		.ascii	",=EswB\373\202ZC\354\215A\377(\365\310K\032\212I)\024"
 264      7742FB82 
 264      5A43EC8D 
 264      41FF28F5 
 264      C84B1A8A 
 265 0572 E137F63E 		.ascii	"\3417\366>\2465;\342\247YO\27493\246\226[\237{\223\365"
 265      A6353BE2 
 265      A7594FBC 
 265      3933A696 
 265      5B9F7B93 
 266 0587 82EEF8BD 		.ascii	"\202\356\370\275|K\246\220\333\317\345\316\211R\033"
 266      7C4BA690 
 266      DBCFE5CE 
 266      89521B
 267 0596 A6F710F7 		.ascii	"\246\367\020\367\317\214$6kx\240\355A\277>\225<a\213"
 267      CF8C2436 
 267      6B78A0ED 
 267      41BF3E95 
 267      3C618B
 268 05a9 E3A97B50 		.ascii	"\343\251{Py{I4\217\364G\240\336>P\324o~CF\010<\320\341"
 268      797B4934 
 268      8FF447A0 
 268      DE3E50D4 
 268      6F7E4346 
 269 05c1 02E5F93A 		.ascii	"\002\345\371:%\271EPnHQp\206\260\023x\244\340(\015\242"
 269      25B94550 
 269      6E485170 
 269      86B01378 
 269      A4E0280D 
 270 05d6 B9F1C9CC 		.ascii	"\271\361\311\314\333|?\312/i\216\364\222\206\316\015"
 270      DB7C3FCA 
 270      2F698EF4 
 270      9286CE0D 
 271 05e6 5D4BD672 		.ascii	"]K\326r\226\244$\\o<\226i\205\177`,\237\356\213z\301"
 271      96A4245C 
 271      6F3C9669 
 271      857F602C 
 271      9FEE8B7A 
 272 05fb CF0D3974 		.ascii	"\317\0159t}\325\223\027\354\315\262\334'\261\334\313"
ARM GAS  /tmp/ccMp1Tqr.s 			page 21


 272      7DD59317 
 272      ECCDB2DC 
 272      27B1DCCB 
 273 060b 58260F4F 		.ascii	"X&\017O\315\333+Y\356\001\226\273\005\002\217\241,\367"
 273      CDDB2B59 
 273      EE0196BB 
 273      05028FA1 
 273      2CF7
 274 061d 492C131B 		.ascii	"I,\023\033r7\260P\375\224k\034\014h\274:[\357 7\277"
 274      7237B050 
 274      FD946B1C 
 274      0C68BC3A 
 274      5BEF2037 
 275 0632 5F7883F9 		.ascii	"_x\203\371\027\005/\333\371\252SH\014\302\213[\343x"
 275      17052FDB 
 275      F9AA5348 
 275      0CC28B5B 
 275      E378
 276 0644 21EC919F 		.ascii	"!\354\221\237Z'~j\303\206r\366`\234\306\3340u$j\257"
 276      5A277E6A 
 276      C38672F6 
 276      609CC6DC 
 276      3075246A 
 277 0659 8681DF22 		.ascii	"\206\201\337\"9\356\374\350\210\306\254\033\016In8\310"
 277      39EEFCE8 
 277      88C6AC1B 
 277      0E496E38 
 277      C8
 278 066a DCF0AABC 		.ascii	"\334\360\252\274;\325A\351\206X\340\371=\345\031Oy\036"
 278      3BD541E9 
 278      8658E0F9 
 278      3DE5194F 
 278      791E
 279 067c 9278E695 		.ascii	"\222x\346\225L\234\222\262\007\341\331\237\331\233\246"
 279      4C9C92B2 
 279      07E1D99F 
 279      D99BA6
 280 068b C5D98CC7 		.ascii	"\305\331\214\307\217\2451\225<\034)$V\363\307\306\217"
 280      8FA53195 
 280      3C1C2924 
 280      56F3C7C6 
 280      8F
 281 069c DBE20BAC 		.ascii	"\333\342\013\254S\012\244#\017d\375\243\202\\\001_a"
 281      530AA423 
 281      0F64FDA3 
 281      825C015F 
 281      61
 282 06ad 9DAFBA63 		.ascii	"\235\257\272cc\255\370H\2627\273[\233smq\031\353,\030"
 282      63ADF848 
 282      B237BB5B 
 282      9B736D71 
 282      19EB2C18 
 283 06c1 A8AA9046 		.ascii	"\250\252\220F\222\316\275\347{c,p5\353|\3209\270\317"
 283      92CEBDE7 
 283      7B632C70 
 283      35EB7CD0 
 283      39B8CF
ARM GAS  /tmp/ccMp1Tqr.s 			page 22


 284 06d4 1ED733E5 		.ascii	"\036\3273\345VE\370\327\270\225}\327<\214|\237\015\212"
 284      5645F8D7 
 284      B8957DD7 
 284      3C8C7C9F 
 284      0D8A
 285 06e6 2409FA66 		.ascii	"$\011\372fz\356\011\314\034\230B\267\377\305\262}\021"
 285      7AEE09CC 
 285      1C9842B7 
 285      FFC5B27D 
 285      11
 286 06f7 0EB88B82 		.ascii	"\016\270\213\202\035\272g#\272m\321*\366,_\345B\337"
 286      1DBA6723 
 286      BA6DD12A 
 286      F62C5FE5 
 286      42DF
 287 0709 A9626418 		.ascii	"\251bd\030\244\206\271\225\217\233\"E\361\240-\372N"
 287      A486B995 
 287      8F9B2245 
 287      F1A02DFA 
 287      4E
 288 071a 70848541 		.ascii	"p\204\205A\302\025\226\033#\011\236\004\377\270\221"
 288      C215961B 
 288      23099E04 
 288      FFB891
 289 0729 FFC318BE 		.ascii	"\377\303\030\276!\000~\302`IPE\306\021\003Kg\024=A2"
 289      21007EC2 
 289      60495045 
 289      C611034B 
 289      67143D41 
 290 073e 34493CB3 		.ascii	"4I<\263\337\000:\022\0237\2438nZr>: (l\227\00704!\022"
 290      DF003A12 
 290      1337A338 
 290      6E5A723E 
 290      3A20286C 
 291 0758 AD2412A5 		.ascii	"\255$\022\245D7|cB\377\240D\037\027\024L\206eL\022\225"
 291      44377C63 
 291      42FFA044 
 291      1F17144C 
 291      86654C12 
 292 076d 4C8E2CB0 		.ascii	"L\216,\260\035!\226\366\006$Q4\331\324i\034m<\021\375"
 292      1D2196F6 
 292      06245134 
 292      D9D4691C 
 292      6D3C11FD 
 293 0781 A655C6F1 		.ascii	"\246U\306\361}%B\011G\251`\356$\265D\340p`P\266\340"
 293      7D254209 
 293      47A960EE 
 293      24B544E0 
 293      706050B6 
 294 0796 82D28555 		.ascii	"\202\322\205U\350<\310Y\220,\220\013 \031 \271 \247"
 294      E83CC859 
 294      902C900B 
 294      201920B9 
 294      20A7
 295 07a8 41CE80E4 		.ascii	"A\316\200\344\200\234\0029\007\362\243\260\212\226w"
 295      809C0239 
 295      07F2A3B0 
ARM GAS  /tmp/ccMp1Tqr.s 			page 23


 295      8A9677
 296 07b7 46BB4D46 		.ascii	"F\273MF;YI\373\230\2116\313\363\317\207\035\303\200"
 296      3B5949FB 
 296      988936CB 
 296      F3CF871D 
 296      C380
 297 07c9 0B41A978 		.ascii	"\013A\251x\2167\231"
 297      8E3799
 298 07d0 EA1A713A 		.ascii	"\352\032q:(\212\225\253I\305D\217x\350\244:\212\006"
 298      288A95AB 
 298      49C5448F 
 298      78E8A43A 
 298      8A06
 299 07e2 94A1AB96 		.ascii	"\224\241\253\226\315|B9\363n\245{\253y\350 \371\241"
 299      CD7C4239 
 299      F36EA57B 
 299      AB79E820 
 299      F9A1
 300 07f4 308E9652 		.ascii	"0\216\226R\"z\215\024\241\233\224\205.A\031\272\303"
 300      227A8D14 
 300      A19B9485 
 300      2E4119BA 
 300      C3
 301 0805 CA40F7CA 		.ascii	"\312@\367\312\320IJ\364Q\023\232\244\346\226\356\033"
 301      D0494AF4 
 301      51139AA4 
 301      E696EE1B 
 302 0815 089F54D3 		.ascii	"\010\237T\323\032\030>\233[`\201\226\273,\031$\224\017"
 302      1A183E9B 
 302      5B608196 
 302      BB2C1924 
 302      940F
 303 0827 B1F95FC4 		.ascii	"\261\371_\304\211y\036R\022\374\323\210\362\300\340"
 303      89791E52 
 303      12FCD388 
 303      F2C0E0
 304 0836 45C1585F 		.ascii	"E\301X_I\034(\257\275\203\2635X~\207\314\223m(\010\225"
 304      491C28AF 
 304      BD83B335 
 304      587E87CC 
 304      936D2808 
 305 084b C0FEED82 		.ascii	"\300\376\355\2027I\216\345w\0225r0\271\000\232\300\205"
 305      37498EE5 
 305      77123572 
 305      30B9009A 
 305      C085
 306 085d 1C5C48C1 		.ascii	"\034\\H\301Y\265\267:xR\212&\347~\376Qk\032\317`\343"
 306      59B5B73A 
 306      78528A26 
 306      E77EFE51 
 306      6B1ACF60 
 307 0872 64E689B9 		.ascii	"d\346\211\271\343\205\\w\222e\"'\236\211F\022c\"\034"
 307      E3855C77 
 307      92652227 
 307      9E894612 
 307      63221C
 308 0885 CC26D32B 		.ascii	"\314&\323+R2\275\304\222~Sg\177\202\2552\231\026\203"
ARM GAS  /tmp/ccMp1Tqr.s 			page 24


 308      5232BDC4 
 308      927E5367 
 308      7F82AD32 
 308      991683
 309 0898 472FD328 		.ascii	"G/\323(\224\320dzEJ\246\371\015\367\236[\343L\032\014"
 309      94D0647A 
 309      454AA6F9 
 309      0DF79E5B 
 309      E34C1A0C 
 310 08ac D49AB06F 		.ascii	"\324\232\260o\304B\2520\321?\245\302\244\017\344\216"
 310      C442AA30 
 310      D13FA5C2 
 310      A40FE48E 
 311 08bc 59CB27BB 		.ascii	"Y\313'\273&\274a\262\306\201\223\221\374:pG%\373\337"
 311      26BC61B2 
 311      C6819391 
 311      FC3A7047 
 311      25FBDF
 312 08cf CA91FD6F 		.ascii	"\312\221\375o%%Y'\236d\213+\032\252\020\316a\334\312"
 312      25255927 
 312      9E648B2B 
 312      1AAA10CE 
 312      61DCCA
 313 08e2 2773CEF0 		.ascii	"'s\316\360\261$\351\367\304^\2377\357\223\012\311'7"
 313      B124E9F7 
 313      C45E9F37 
 313      EF930AC9 
 313      2737
 314 08f4 59817916 		.ascii	"Y\201y\026\233\263Q\351\222\353\300\262\234\262\274"
 314      9BB351E9 
 314      92EBC0B2 
 314      9CB2BC
 315 0903 45595648 		.ascii	"EYVH,\217\036\037>'(\327d\026\035s3\277\202\307\266"
 315      2C8F1E1F 
 315      3E2728D7 
 315      64161D73 
 315      33BF82C7 
 316 0918 92E803AF 		.ascii	"\222\350\003\257/V[\341|F\372\320\301\351j\015.bJ\341"
 316      2F565BE1 
 316      7C46FAD0 
 316      C1E96A0D 
 316      2E624AE1 
 317 092c 6866A11D 		.ascii	"hf\241\035C\226\022=\251\370i5\277\337hd\335N\274{*"
 317      4396123D 
 317      A9F86935 
 317      BFDF6864 
 317      DD4EBC7B 
 318 0941 73FC9425 		.ascii	"s\374\224%.ac\343\306'\017Y\232]\356\035i\271\253\351"
 318      2E6163E3 
 318      C6270F59 
 318      9A5DEE1D 
 318      69B9ABE9 
 319 0955 6A0BF3D3 		.ascii	"j\013\363\323\3064\312\345\326\301\002j\351\002\356"
 319      C634CAE5 
 319      D6C1026A 
 319      E902EE
 320 0964 D205DC91 		.ascii	"\322\005\334\221\026P\034\226\336\214\225\3135\213>"
ARM GAS  /tmp/ccMp1Tqr.s 			page 25


 320      16501C96 
 320      DE8C95CB 
 320      358B3E
 321 0973 3B907C80 		.ascii	";\220|\200\207a\035\271\222\314\234\034\266\303e\214"
 321      87611DB9 
 321      92CC9C1C 
 321      B6C3658C 
 322 0983 E493D1B9 		.ascii	"\344\223\321\271\363\366\270\202)\305\205W*\370\352"
 322      F3F6B882 
 322      29C58557 
 322      2AF8EA
 323 0992 56937F10 		.ascii	"V\223\177\020\262\312\352lp\015\353\233\213=q\321\032"
 323      B2CAEA6C 
 323      700DEB9B 
 323      8B3D71D1 
 323      1A
 324 09a3 DF65CAB1 		.ascii	"\337e\312\261\251\316G|\363\273\2208\247\375p\320\032"
 324      A9CE477C 
 324      F3BB9038 
 324      A7FD70D0 
 324      1A
 325 09b4 B7B0BEF9 		.ascii	"\267\260\276\371\330\350\243V\270\235)\361u\361i6\270"
 325      D8E8A356 
 325      B89D29F1 
 325      75F16936 
 325      B8
 326 09c5 8729A391 		.ascii	"\207)\243\221\375=|\353\254\000\365\345P|+\377_\307"
 326      FD3D7CEB 
 326      AC00F5E5 
 326      507C2BFF 
 326      5FC7
 327 09d7 56767571 		.ascii	"Vvuq\342W\227s\317\017\034\261\301\003l\350\275\326"
 327      E2579773 
 327      CF0F1CB1 
 327      C1036CE8 
 327      BDD6
 328 09e9 C8228EB5 		.ascii	"\310\"\216\265\0015\"\353j\201\205Y\327\366J\256}\300"
 328      013522EB 
 328      6A818559 
 328      D7F64AAE 
 328      7DC0
 329 09fb 76D277E7 		.ascii	"v\322w\347\322\257Y*o\327\335\340\255.\352\255\207\324"
 329      D2AF592A 
 329      6FD7DDE0 
 329      AD2EEAAD 
 329      87D4
 330 0a0d 5BBD92B7 		.ascii	"[\275\222\267\352\006b\352m\224\267e\263\350\222\206"
 330      EA0662EA 
 330      6D94B765 
 330      B3E89286 
 331 0a1d 8E8FF130 		.ascii	"\216\217\3610#\371\254\256\343\001\302\243L\211\254"
 331      23F9ACAE 
 331      E301C2A3 
 331      4C89AC
 332 0a2c A93A6385 		.ascii	"\251:c\205'\2312\222Q[i\211\247\231\32270{\011\343W"
 332      27993292 
 332      515B6989 
ARM GAS  /tmp/ccMp1Tqr.s 			page 26


 332      A799D237 
 332      307B09E3 
 333 0a41 4C393D92 		.ascii	"L9=\222\372\2355\016\267`c\372F\353\270\203\366\223"
 333      FA9D350E 
 333      B76063FA 
 333      46EBB883 
 333      F693
 334 0a53 C3F472BC 		.ascii	"\303\364r\274\240Ir\011\331n\303\317\372\34758\232\202"
 334      A0497209 
 334      D96EC3CF 
 334      FAE73538 
 334      9A82
 335 0a65 DFCA6DB8 		.ascii	"\337\312m\270\235b\215\350\275\303\364\270\360w\252"
 335      9D628DE8 
 335      BDC3F4B8 
 335      F077AA
 336 0a74 180FB9BD 		.ascii	"\030\017\271\275k\206W\246J\310\3607 }N@v\224N\005*"
 336      6B8657A6 
 336      4AC8F037 
 336      207D4E40 
 336      76944E05 
 337 0a89 5B744DD8 		.ascii	"[tM\330\311\256 }\200\356\341hi\341\250S\216\216\207"
 337      C9AE207D 
 337      80EEE168 
 337      69E1A853 
 337      8E8E87
 338 0a9c 52DEB08B 		.ascii	"R\336\260\213\225r\262\365\2529\332\230z\252(\272\010"
 338      9572B2F5 
 338      AA39DA98 
 338      7AAA28BA 
 338      08
 339 0aad 2DAAE523 		.ascii	"-\252\345#`\3571\355\234\3405\342\025\324\010\021\257"
 339      60EF31ED 
 339      9CE035E2 
 339      15D40811 
 339      AF
 340 0abe 424F21F7 		.ascii	"BO!\367\277\006\211\200\357\347\360~\0012\0062\017\022"
 340      BF068980 
 340      EFE7F07E 
 340      01320632 
 340      0F12
 341 0ad0 066DB3F0 		.ascii	"\006m\263\360\236\003y\0112\011\022\016m\221 \317\340"
 341      9E037909 
 341      3209120E 
 341      6D9120CF 
 341      E0
 342 0ae1 7B1C6414 		.ascii	"{\034d\024d\012d\006d\332X\353\311\245cr\247\351\322"
 342      640A6406 
 342      64DA58EB 
 342      C9A56372 
 342      A7E9D2
 343 0af4 D1AC64DA 		.ascii	"\321\254d\332\270`]\244*\356bU\261\024\274p\225\243"
 343      B8605DA4 
 343      2AEE6255 
 343      B114BC70 
 343      95A3
 344 0b06 A5ECC82F 		.ascii	"\245\354\310/\267\262\013M[\220\311\366#\245m\235\311"
ARM GAS  /tmp/ccMp1Tqr.s 			page 27


 344      B7B20B4D 
 344      5B90C9F6 
 344      23A56D9D 
 344      C9
 345 0b17 09CC67D5 		.ascii	"\011\314g\3252\237\325,\3553\231\355I\231\355\001%\272"
 345      329FD52C 
 345      ED3399ED 
 345      4999ED01 
 345      25BA
 346 0b29 5C899E95 		.ascii	"\\\211\236\225\241\373\227FKT\250\361]&\370\023%\374"
 346      A1FB9746 
 346      4B54A8F1 
 346      5D26F813 
 346      25FC
 347 0b3b D2A25B1E 		.ascii	"\322\242[\036wJ\011\277\264,pJ\321\"\343m2\217\267)"
 347      774A09BF 
 347      B42C704A 
 347      D122E36D 
 347      328FB729 
 348 0b4f 8DB72E82 		.ascii	"\215\267.\202\017\313\340\367\224\360\226E\360^\031"
 348      0FCBE0F7 
 348      94F09645 
 348      F05E19
 349 0b5e FCFED270 		.ascii	"\374\376\322p\331\335\255b\214\335\335&\224w7bj`\314"
 349      D9DDAD62 
 349      8CDDDD26 
 349      94773762 
 349      6A60CC
 350 0b71 2935829C 		.ascii	")5\202\234\020bkHi\253V\351\343j\331\314\035J\364nA"
 350      10626B48 
 350      69AB56E9 
 350      E36AD9CC 
 350      1D4AF46E 
 351 0b86 19EE8620 		.ascii	"\031\356\206 S\270\207\227\334\0342\333\0152\333\355"
 351      53B88797 
 351      DC1C32DB 
 351      0D32DBED 
 352 0b96 4BFB4C1E 		.ascii	"K\373L\036m\031\272i\351=\275\300\303\262\3151\270\364"
 352      6D19BA69 
 352      E93DBDC0 
 352      C3B2CD31 
 352      B8F4
 353 0ba8 328DC449 		.ascii	"2\215\304I&\340\341n\200p\327s\270T^\320\355\0057\303"
 353      26E0E16E 
 353      8070D773 
 353      B8545ED0 
 353      ED0537C3 
 354 0bbc BAEEC375 		.ascii	"\272\356\303uj|\200\346$\241\363Q^\214\215\362f(\035"
 354      6A7C80E6 
 354      24A1F351 
 354      5E8C8DF2 
 354      66281D
 355 0bcf 79B407BB 		.ascii	"y\264\007\273\374_N=\213\373\353\031Krs\334\215\227"
 355      FC5F4E3D 
 355      8BFBEB19 
 355      4B7273DC 
 355      8D97
ARM GAS  /tmp/ccMp1Tqr.s 			page 28


 356 0be1 A3286CBC 		.ascii	"\243(l\2749NH7\307\264\201\336\353j\371e\220\000M5$"
 356      394E4837 
 356      C7B481DE 
 356      EB6AF965 
 356      90004D35 
 357 0bf6 1AB3CB20 		.ascii	"\032\263\313 y\273\272\352|\267\371\177\351\037\024"
 357      79BBBAEA 
 357      7CB7F97F 
 357      E91F14
 358 0c05 E2B66E8D 		.ascii	"\342\266n\215.(D\267\315'@\367mPph\210\3167h\373\366"
 358      2E2844B7 
 358      CD2740F7 
 358      6D507068 
 358      88CE3768 
 359 0c1b A0409DBB 		.ascii	"\240@\235\273a\263~\363N]\340?\374}]}5\177\372\364\363"
 359      61B37EF3 
 359      4E5DE03F 
 359      FC7D5D7D 
 359      357FFAF4 
 360 0c30 957A3737 		.ascii	"\225z77\225\326\333{\207\177`\350\207k\274C\327\352"
 360      95D6DB7B 
 360      877F60E8 
 360      876BBC43 
 360      D7EA
 361 0c42 768404EB 		.ascii	"v\204\004\353|\202\267\177\020\030\024\350\367\201\237"
 361      7C82B77F 
 361      101814E8 
 361      F7819F
 362 0c51 CF97FE3A 		.ascii	"\317\227\376:\377@\337\200\035[\375t\333}\300z\240\237"
 362      FF40DF80 
 362      1D5BFD74 
 362      DB7DC07A 
 362      A09F
 363 0c63 CE7BABDF 		.ascii	"\316{\253\337W>;\002B\275Cw}\353\027\342\272M\245\221"
 363      573E3B02 
 363      42BD4377 
 363      7DEB17E2 
 363      BA4DA591 
 364 0c77 46FFFA0D 		.ascii	"F\377\372\015\243Cv\205\350\274CB\267\002\024\206\250"
 364      A3437685 
 364      E8BC4342 
 364      B7021486 
 364      A8
 365 0c88 7DB7F904 		.ascii	"}\267\371\004/#<6\004\372|\031\340\267\305\31774(X\367"
 365      2F233C36 
 365      04FA7C19 
 365      E0B7C5CF 
 365      37342858 
 366 0c9d DF2D40F5 		.ascii	"\337-@\3653\362^\357\037b\262\340LZ\274\374B\275v\205"
 366      33F25EEF 
 366      1F62B2E0 
 366      4C5ABCFC 
 366      42BD7685 
 367 0cb1 84FA6DDF 		.ascii	"\204\372m\337\344\023\2705\300/\3303\330?(\330?t\027"
 367      E413B835 
 367      C02FD833 
 367      D83F28D8 
ARM GAS  /tmp/ccMp1Tqr.s 			page 29


 367      3F7417
 368 0cc4 9D4F1FE0 		.ascii	"\235O\037\340\347\023\354\351\027\010D\376n\355\273"
 368      E713ECE9 
 368      170844FE 
 368      6EEDBB
 369 0cd3 0D809B7C 		.ascii	"\015\200\233|\002BW*g\016\01652\367\335\006\204\355"
 369      0242572A 
 369      670E0E35 
 369      32F7DD06 
 369      84ED
 370 0ce5 BCBDBFDA 		.ascii	"\274\275\277\332\021\350\353\355\355\272\316m\265\233"
 370      11E8EBED 
 370      EDBACE6D 
 370      B59B
 371 0cf3 46D2AC0D 		.ascii	"F\322\254\015\033\2746\030\266lX\377\033\301\303\323"
 371      1BBC3618 
 371      B66C58FF 
 371      1BC1C3D3 
 372 0d03 9AF9719D 		.ascii	"\232\371q\235w\250\025\177\033\273\327\252=\334?1\030"
 372      77A8157F 
 372      1BBBD7AA 
 372      3DDC3F31 
 372      18
 373 0d14 D50FD51E 		.ascii	"\325\017\325\036zO\223\272F\355\341\345i\320\030\230"
 373      7A4F93BA 
 373      46EDE1E5 
 373      69D01898 
 374 0d24 E6069D1B 		.ascii	"\346\006\235\033L\235\253\241s\203A\355\365\231\207"
 374      4C9DABA1 
 374      738341ED 
 374      F59987
 375 0d33 E1F74A96 		.ascii	"\341\367J\226\334+~;C\211gt\372\315^\036^:}P\260\237"
 375      DC2B7E3B 
 375      43896774 
 375      FACD5E1E 
 375      5E3A7D50 
 376 0d49 CE43220F 		.ascii	"\316C\"\017\212\267\357\366\265\260\004\353O\267x\350"
 376      8AB7EFF6 
 376      B5B004EB 
 376      4FB778E8 
 377 0d59 BD3F83A0 		.ascii	"\275?\203\240\201Ew\203z\363\346\215\006\354\276\336"
 377      81457783 
 377      7AF3E68D 
 377      06ECBEDE 
 378 0d69 80D7C3DB 		.ascii	"\200\327\303\333s\243A\355\276\321\313\240\376d\243"
 378      73A341ED 
 378      BED1CBA0 
 378      FE64A3
 379 0d78 BBC102BA 		.ascii	"\273\301\002\272\000\260\236\350\233\310\217\036~,\274"
 379      00B09EE8 
 379      9BC88F1E 
 379      7E2CBC
 380 0d87 36E9BD0C 		.ascii	"6\351\275\014\330k\223'\326\353\341\2557X\270{\030\364"
 380      D86B9327 
 380      D6EBE1AD 
 380      3758B87B 
 380      18F4
ARM GAS  /tmp/ccMp1Tqr.s 			page 30


 381 0d99 06F596CF 		.ascii	"\006\365\226\317\376l\000\312\200\320{~\356\261\036"
 381      FE6C00CA 
 381      80D07B7E 
 381      EEB11E
 382 0da8 7EDDF506 		.ascii	"~\335\365\006\215\227\376\023:\327\277\001\244^J\277"
 382      8D97FE13 
 382      3AD7BF01 
 382      A45E4ABF 
 383              		.text
 384              		.section	.gnu.lto_.symtab.21bfca3ec35db5c3,"",%progbits
 385 0000 6E766963 		.ascii	"nvicEnableVector\000"
 385      456E6162 
 385      6C655665 
 385      63746F72 
 385      00
 386 0011 00       		.ascii	"\000"
 387 0012 00       		.ascii	"\000"
 388 0013 00       		.ascii	"\000"
 389 0014 00000000 		.ascii	"\000\000\000\000\000\000\000\000"
 389      00000000 
 390 001c D4000000 		.ascii	"\324\000\000\000"
 391 0020 6E766963 		.ascii	"nvicDisableVector\000"
 391      44697361 
 391      626C6556 
 391      6563746F 
 391      7200
 392 0032 00       		.ascii	"\000"
 393 0033 00       		.ascii	"\000"
 394 0034 00       		.ascii	"\000"
 395 0035 00000000 		.ascii	"\000\000\000\000\000\000\000\000"
 395      00000000 
 396 003d D8000000 		.ascii	"\330\000\000\000"
 397 0041 6E766963 		.ascii	"nvicSetSystemHandlerPriority\000"
 397      53657453 
 397      79737465 
 397      6D48616E 
 397      646C6572 
 398 005e 00       		.ascii	"\000"
 399 005f 00       		.ascii	"\000"
 400 0060 00       		.ascii	"\000"
 401 0061 00000000 		.ascii	"\000\000\000\000\000\000\000\000"
 401      00000000 
 402 0069 DA000000 		.ascii	"\332\000\000\000"
 403 006d 6E766963 		.ascii	"nvicClearPending\000"
 403      436C6561 
 403      7250656E 
 403      64696E67 
 403      00
 404 007e 00       		.ascii	"\000"
 405 007f 00       		.ascii	"\000"
 406 0080 00       		.ascii	"\000"
 407 0081 00000000 		.ascii	"\000\000\000\000\000\000\000\000"
 407      00000000 
 408 0089 DC000000 		.ascii	"\334\000\000\000"
 409 008d 63685379 		.ascii	"chSysHalt\000"
 409      7348616C 
 409      7400
ARM GAS  /tmp/ccMp1Tqr.s 			page 31


 410 0097 00       		.ascii	"\000"
 411 0098 02       		.ascii	"\002"
 412 0099 00       		.ascii	"\000"
 413 009a 00000000 		.ascii	"\000\000\000\000\000\000\000\000"
 413      00000000 
 414 00a2 E1000000 		.ascii	"\341\000\000\000"
 415              		.text
 416              		.section	.gnu.lto_.opts,"",%progbits
 417 0000 272D666D 		.ascii	"'-fmath-errno' '-fsigned-zeros' '-ftrapping-math' '"
 417      6174682D 
 417      6572726E 
 417      6F272027 
 417      2D667369 
 418 0033 2D666E6F 		.ascii	"-fno-trapv' '-fno-openmp' '-fno-openacc' '-mcpu=cor"
 418      2D747261 
 418      70762720 
 418      272D666E 
 418      6F2D6F70 
 419 0066 7465782D 		.ascii	"tex-m4' '-mno-thumb-interwork' '-mthumb' '-O2' '-fo"
 419      6D342720 
 419      272D6D6E 
 419      6F2D7468 
 419      756D622D 
 420 0099 6D69742D 		.ascii	"mit-frame-pointer' '-falign-functions=16' '-ffuncti"
 420      6672616D 
 420      652D706F 
 420      696E7465 
 420      72272027 
 421 00cc 6F6E2D73 		.ascii	"on-sections' '-fdata-sections' '-fno-common' '-flto"
 421      65637469 
 421      6F6E7327 
 421      20272D66 
 421      64617461 
 422 00ff 2700     		.ascii	"'\000"
 423              		.text
 424              		.comm	__gnu_lto_v1,1,1
 425              		.comm	__gnu_lto_slim,1,1
 426              		.ident	"GCC: (GNU Tools for Arm Embedded Processors 7-2018-q3-update) 7.3.1 20180622 (release) [AR
ARM GAS  /tmp/ccMp1Tqr.s 			page 32


DEFINED SYMBOLS
                            *ABS*:0000000000000000 nvic.c
                            *COM*:0000000000000001 __gnu_lto_v1
                            *COM*:0000000000000001 __gnu_lto_slim

NO UNDEFINED SYMBOLS
