ARM GAS  /tmp/cc8Ez5Vj.s 			page 1


   1              		.cpu cortex-m4
   2              		.eabi_attribute 20, 1
   3              		.eabi_attribute 21, 1
   4              		.eabi_attribute 23, 3
   5              		.eabi_attribute 24, 1
   6              		.eabi_attribute 25, 1
   7              		.eabi_attribute 26, 1
   8              		.eabi_attribute 30, 2
   9              		.eabi_attribute 34, 1
  10              		.eabi_attribute 18, 4
  11              		.file	"portab.c"
  12              		.section	.gnu.lto_.profile.b0cc647cb6fdf95c,"",%progbits
  13 0000 789C6363 		.ascii	"x\234cc```\001bF\006&F\000\000}\000\017"
  13      60606001 
  13      62460626 
  13      4600007D 
  13      000F
  14              		.text
  15              		.section	.gnu.lto_.icf.b0cc647cb6fdf95c,"",%progbits
  16 0000 789C6363 		.ascii	"x\234cc``\340`@\000F\206?[^_\344e\000\000\020\365\003"
  16      6060E060 
  16      40004686 
  16      3F5B5E5F 
  16      E4650000 
  17 0017 89       		.ascii	"\211"
  18              		.text
  19              		.section	.gnu.lto_.jmpfuncs.b0cc647cb6fdf95c,"",%progbits
  20 0000 789C6363 		.ascii	"x\234cc```e@\000F\020\001\000\000\355\000\015"
  20      60606065 
  20      40004610 
  20      010000ED 
  20      000D
  21              		.text
  22              		.section	.gnu.lto_.inline.b0cc647cb6fdf95c,"",%progbits
  23 0000 789C6363 		.ascii	"x\234cc``\020a@\000F\006\006f&F\006& \223m\201<\023"
  23      60601061 
  23      40004606 
  23      06662646 
  23      06262093 
  24 0018 580C000A 		.ascii	"X\014\000\012'\000\353"
  24      2700EB
  25              		.text
  26              		.section	.gnu.lto_.pureconst.b0cc647cb6fdf95c,"",%progbits
  27 0000 789C6363 		.ascii	"x\234cc```\006bF\006\006\000\000e\000\013"
  27      60606006 
  27      62460606 
  27      00006500 
  27      0B
  28              		.text
  29              		.section	.gnu.lto_portab_setup.b0cc647cb6fdf95c,"",%progbits
  30 0000 789C6363 		.ascii	"x\234cc``\250\003bU \226\006bFf\006F\246\011\347\030"
  30      6060A803 
  30      62552096 
  30      06624666 
  30      0646A609 
  31 0016 181A3998 		.ascii	"\030\0329\230\030\031A\214\006\016F\206z&\306z\306\036"
  31      1819418C 
ARM GAS  /tmp/cc8Ez5Vj.s 			page 2


  31      060E4686 
  31      7A26C67A 
  31      C61E
  32 0028 E629CC8C 		.ascii	"\346)\314\214\207\332\237\355d\322\\\336\000\004\007"
  32      87DA9FED 
  32      64D25CDE 
  32      000407
  33 0037 A65F936C 		.ascii	"\246_\223lXq\200q\0163\003\3034 \006\001\306\315\214"
  33      58718071 
  33      0E3303C3 
  33      34200601 
  33      C6CD8C
  34 004a 9A0C4065 		.ascii	"\232\014@e\2176\376\233\312\313\306\002\021g\334\302"
  34      8F36FE9B 
  34      CACBC602 
  34      1167DCC2 
  35 005a C8C6C008 		.ascii	"\310\306\300\010d\254\277\304z\240\341\337\377\366\206"
  35      64ACBFC4 
  35      7AA0E1DF 
  35      FFF686
  36 0069 03671633 		.ascii	"\003g\0263\336feb`\350\000\312\003-i8\300\320\311\314"
  36      DE666562 
  36      60E800CA 
  36      032D6938 
  36      C0D0C9CC 
  37 007d 0462351F 		.ascii	"\004b5\037`x\307\330\244\000\326\002\002\035\314\214"
  37      6078C7D8 
  37      A400D602 
  37      021DCC8C 
  38 008d 2061A052 		.ascii	" a\240Re=\375\344\264t\375\342\222\\c\2434\023\003\363"
  38      653DFDE4 
  38      B474FDE2 
  38      925C63A3 
  38      341303F3 
  39 00a1 F894CCE2 		.ascii	"\370\224\314\342\344\374\262\324\242J\375\202\374\242"
  39      E4FCB2D4 
  39      A24AFD82 
  39      FCA2
  40 00af 92C424BD 		.ascii	"\222\304$\275d\006\000d\2117v"
  40      64060064 
  40      893776
  41              		.text
  42              		.section	.gnu.lto_.symbol_nodes.b0cc647cb6fdf95c,"",%progbits
  43 0000 789C6363 		.ascii	"x\234cc``\020\006b\006&\206z\006\206\011\347\030@\324"
  43      60601006 
  43      62062686 
  43      7A068609 
  43      E71840D4 
  44 0014 AE0647A0 		.ascii	"\256\006G\240\010\000'\325\003\363"
  44      080027D5 
  44      03F3
  45              		.text
  46              		.section	.gnu.lto_.refs.b0cc647cb6fdf95c,"",%progbits
  47 0000 789C6363 		.ascii	"x\234cc```\004b\006\000\000D\000\010"
  47      60606004 
  47      62060000 
  47      440008
ARM GAS  /tmp/cc8Ez5Vj.s 			page 3


  48              		.text
  49              		.section	.gnu.lto_.decls.b0cc647cb6fdf95c,"",%progbits
  50 0000 789C6363 		.ascii	"x\234cc``\270\301\310\300\020\007\244\003\200\370?\020"
  50      6060B8C1 
  50      C8C01007 
  50      A40380F8 
  50      3F10
  51 0012 3001E983 		.ascii	"0\001\351\203\014\010\000\224f\330\315\200\011\312\031"
  51      0C080094 
  51      66D8CD80 
  51      09CA19
  52 0021 21720904 		.ascii	"!r\011\004\324Maf\334up\357~\356\373\214w\031\201f3"
  52      D44D6166 
  52      DC7570EF 
  52      7EEEFB8C 
  52      77198166 
  53 0036 0A405433 		.ascii	"\012@T3BH \015\302`\376\177\030`\204\210\003E\231 \024"
  53      4248200D 
  53      C260FE7F 
  53      18608488 
  53      03459920 
  54 004b 54298803 		.ascii	"T)\210\003\323\302\010\027a\202\232\301\0043\027\214"
  54      D3C20817 
  54      61829AC1 
  54      0433178C 
  55 005b A0063022 		.ascii	"\240\0060\"\233\012\221\207X\007\003\020\227C\030H\372"
  55      9B0A9187 
  55      58070310 
  55      97431848 
  55      FA
  56 006c 20424C08 		.ascii	" BL\010\313\220\264`\270\225\001.\015w\024\302\223\214"
  56      CB90B460 
  56      B895012E 
  56      0D7714C2 
  56      938C
  57 007e D040383B 		.ascii	"\320@8;i\356e\256\007\214\367\200\262\221\014\014\023"
  57      69EE65AE 
  57      078CF780 
  57      B2910C0C 
  57      13
  58 008f 38F21841 		.ascii	"8\362\030A\242\023Z\016\236daf\002\263\347wM\371\314"
  58      A2135A0E 
  58      9E646166 
  58      02B3E777 
  58      4DF9CC
  59 00a2 CCCC0F66 		.ascii	"\314\314\017f?\275\261\376\004\253\336\232\006\010\340"
  59      3FBDB1FE 
  59      04ABDE9A 
  59      0608E0
  60 00b1 C86260DC 		.ascii	"\310b`\334\306\310\014\013\317\243\377\277\037\340\357"
  60      C6C80C0B 
  60      CFA3FFBF 
  60      1FE0EF
  61 00c0 666614E2 		.ascii	"ff\024\342bd\002r/}83\227\033\310\025\341b\024\000r"
  61      62640272 
  61      2F7D3833 
  61      971BC815 
ARM GAS  /tmp/cc8Ez5Vj.s 			page 4


  61      E1621400 
  62 00d5 D7F4FC9F 		.ascii	"\327\364\374\237\302*1\015\244oBs\203\000\023c\202\030"
  62      C22A310D 
  62      A46F4273 
  62      83001363 
  62      8218
  63 00e7 E34E4619 		.ascii	"\343NF\031\306\035\2142@\327\354b\224\000\222y,\020"
  63      C61D8C32 
  63      40D7EC62 
  63      94009279 
  63      2C10
  64 00f9 931ABE2D 		.ascii	"\223\032\276-{\301\244\264\240a\303\203\206\003\367"
  64      7BC1A4B4 
  64      A061C383 
  64      8603F7
  65 0108 9F4B2D6B 		.ascii	"\237K-knX\001\324\246\000R\305\270\225\221\231q;\243"
  65      6E5801D4 
  65      A60052C5 
  65      B8959199 
  65      713BA3
  66 011b 1EC80B5B 		.ascii	"\036\310\013[Av3na|\300\310\270\231\361>\320\007\273"
  66      4176336E 
  66      617CC0C8 
  66      B899F13E 
  66      D007BB
  67 012e 19951878 		.ascii	"\031\225\030x\012\362\213J\022\223\342\213SKJ\013\224"
  67      0AF28B4A 
  67      1293E28B 
  67      534B4A0B 
  67      94
  68 013f F4F493D3 		.ascii	"\364\364\223\323\322\365\213Kr\215\215\322L\014\314"
  68      D2F58B4B 
  68      728D8DD2 
  68      4C0CCC
  69 014e E353328B 		.ascii	"\343S2\213\223\363\313R\213*\365!\312\364\2229\334\375"
  69      93F3CB52 
  69      8B2AF521 
  69      CAF49239 
  69      DCFD
  70 0160 42159C0D 		.ascii	"B\025\234\015\015\031\224\011\253e\000\000\036\035\210"
  70      0D199409 
  70      AB650000 
  70      1E1D88
  71 016f 40       		.ascii	"@"
  72              		.text
  73              		.section	.gnu.lto_.symtab.b0cc647cb6fdf95c,"",%progbits
  74 0000 706F7274 		.ascii	"portab_setup\000"
  74      61625F73 
  74      65747570 
  74      00
  75 000d 00       		.ascii	"\000"
  76 000e 00       		.ascii	"\000"
  77 000f 00       		.ascii	"\000"
  78 0010 00000000 		.ascii	"\000\000\000\000\000\000\000\000"
  78      00000000 
  79 0018 BB000000 		.ascii	"\273\000\000\000"
  80              		.text
ARM GAS  /tmp/cc8Ez5Vj.s 			page 5


  81              		.section	.gnu.lto_.opts,"",%progbits
  82 0000 272D666D 		.ascii	"'-fmath-errno' '-fsigned-zeros' '-ftrapping-math' '"
  82      6174682D 
  82      6572726E 
  82      6F272027 
  82      2D667369 
  83 0033 2D666E6F 		.ascii	"-fno-trapv' '-fno-openmp' '-fno-openacc' '-mcpu=cor"
  83      2D747261 
  83      70762720 
  83      272D666E 
  83      6F2D6F70 
  84 0066 7465782D 		.ascii	"tex-m4' '-mno-thumb-interwork' '-mthumb' '-O2' '-fo"
  84      6D342720 
  84      272D6D6E 
  84      6F2D7468 
  84      756D622D 
  85 0099 6D69742D 		.ascii	"mit-frame-pointer' '-falign-functions=16' '-ffuncti"
  85      6672616D 
  85      652D706F 
  85      696E7465 
  85      72272027 
  86 00cc 6F6E2D73 		.ascii	"on-sections' '-fdata-sections' '-fno-common' '-flto"
  86      65637469 
  86      6F6E7327 
  86      20272D66 
  86      64617461 
  87 00ff 2700     		.ascii	"'\000"
  88              		.text
  89              		.comm	__gnu_lto_v1,1,1
  90              		.comm	__gnu_lto_slim,1,1
  91              		.ident	"GCC: (GNU Tools for Arm Embedded Processors 7-2018-q3-update) 7.3.1 20180622 (release) [AR
ARM GAS  /tmp/cc8Ez5Vj.s 			page 6


DEFINED SYMBOLS
                            *ABS*:0000000000000000 portab.c
                            *COM*:0000000000000001 __gnu_lto_v1
                            *COM*:0000000000000001 __gnu_lto_slim

NO UNDEFINED SYMBOLS
