ARM GAS  /tmp/ccmb3gLu.s 			page 1


   1              		.cpu cortex-m4
   2              		.eabi_attribute 20, 1
   3              		.eabi_attribute 21, 1
   4              		.eabi_attribute 23, 3
   5              		.eabi_attribute 24, 1
   6              		.eabi_attribute 25, 1
   7              		.eabi_attribute 26, 1
   8              		.eabi_attribute 30, 2
   9              		.eabi_attribute 34, 1
  10              		.eabi_attribute 18, 4
  11              		.file	"stm32_isr.c"
  12              		.section	.gnu.lto_.profile.f559b0c4a7e9ba30,"",%progbits
  13 0000 789C6363 		.ascii	"x\234cc```\005bF\206\245\214\252\000\002\243\000\330"
  13      60606005 
  13      624686A5 
  13      8CAA0002 
  13      A300D8
  14              		.text
  15              		.section	.gnu.lto_.icf.f559b0c4a7e9ba30,"",%progbits
  16 0000 789C6363 		.ascii	"x\234cc``\340c@\000&\206-+&\177\347el:9\3679\013\003"
  16      6060E063 
  16      40002686 
  16      2D2B267F 
  16      E7656C3A 
  17 0019 002D0805 		.ascii	"\000-\010\005\336"
  17      DE
  18              		.text
  19              		.section	.gnu.lto_.jmpfuncs.f559b0c4a7e9ba30,"",%progbits
  20 0000 789C6363 		.ascii	"x\234cc``8\317\310\000\007L@\314\3028\205\231q\353\351"
  20      606038CF 
  20      C800074C 
  20      40CCC238 
  20      859971EB 
  21 0015 03B7D8BB 		.ascii	"\003\267\330\273\231\347030j0nf\224a`<\300\302\250\001"
  21      99E73033 
  21      306A306E 
  21      66946160 
  21      3CC0C2A8 
  22 002a C40C0C20 		.ascii	"\304\014\014 \351\247+\016?\346\202H\2631n\201J\263"
  22      E9A72B0E 
  22      3FE68248 
  22      B3316E81 
  22      4AB3
  23 003c 81A5C1DA 		.ascii	"\201\245\301\332\037\317|\272\213\033\"/\316\270\025"
  23      1FCF7CBA 
  23      8B1B222F 
  23      CEB815
  24 004b 2A2F0ED1 		.ascii	"*/\016\321\216M\375\331\205k\316\261A\324s1n\203\312"
  24      8E4DFDD9 
  24      856BCEB1 
  24      41D47331 
  24      6E83CA
  25 005e 73E1563F 		.ascii	"s\341V?\355\354\304]P\365\234\214\333\241\362\234\270"
  25      EDECC45D 
  25      50F59C8C 
  25      DBA1F29C 
  25      B8
ARM GAS  /tmp/ccmb3gLu.s 			page 2


  26 006f D577FDBA 		.ascii	"\325w\375\272\336\307\001Q\317\301\270\003*\317\201"
  26      DEC70151 
  26      CFC1B803 
  26      2ACF81
  27 007e 5BFDC953 		.ascii	"[\375\311S\323W\360@\324\2633\356\204\312\263\343P\217"
  27      D357F040 
  27      D4B333EE 
  27      84CAB3E3 
  27      508F
  28 0090 2680C107 		.ascii	"&\200\301\007\006+#Z\030\002\005PC\005(\200\352m\240"
  28      062B235A 
  28      18020550 
  28      43052880 
  28      EA6DA0
  29 00a3 00AABF80 		.ascii	"\000\252\277\200\002\250\016\007\012\240\272\214\011"
  29      02A80E07 
  29      0AA0BA8C 
  29      09
  30 00b0 DD660600 		.ascii	"\335f\006\000M\273U\224"
  30      4DBB5594 
  31              		.text
  32              		.section	.gnu.lto_.inline.f559b0c4a7e9ba30,"",%progbits
  33 0000 789C6363 		.ascii	"x\234cc``hf@\000&\006\006\211k\014\214 \232\201m\201"
  33      60606866 
  33      40002606 
  33      06896B0C 
  33      8C209A81 
  34 0016 3C886260 		.ascii	"<\210b`\346\001\213\023O12\010\236G3\203\211\033$L\014"
  34      E6018B13 
  34      4F313208 
  34      9E473383 
  34      891B244C 
  35 002b C90000AF 		.ascii	"\311\000\000\257K\004\310"
  35      4B04C8
  36              		.text
  37              		.section	.gnu.lto_.pureconst.f559b0c4a7e9ba30,"",%progbits
  38 0000 789C6363 		.ascii	"x\234cc```\005b&\006\011F\011\000\000\364\000?"
  38      60606005 
  38      62260609 
  38      46090000 
  38      F4003F
  39              		.text
  40              		.section	.gnu.lto_irqInit.f559b0c4a7e9ba30,"",%progbits
  41 0000 789C7DD2 		.ascii	"x\234}\322?H\002Q\030\000\360\357\273W\347iEcA\321\234"
  41      3F480251 
  41      1800F0EF 
  41      BB57E769 
  41      456341D1 
  42 0015 8B471A21 		.ascii	"\213G\032!\264\267EC\355Q.\012\205\3419\270\335U\230"
  42      B4B74543 
  42      ED512E0A 
  42      85E139B8 
  42      DD5598
  43 0028 F6873028 		.ascii	"\366\2070(%\020\261\226\034\002\2212;\313\272l\252\320"
  43      2510B196 
  43      1C029132 
  43      3BCBBA6C 
ARM GAS  /tmp/ccmb3gLu.s 			page 3


  43      AAD0
  44 003a A125A8A9 		.ascii	"\241%\250\251\314&\251=\310z\347\013\342\206\356\203"
  44      CC26A93D 
  44      C87AE70B 
  44      E286EE83 
  45 004a EFBD8FF7 		.ascii	"\357\275\217\367\336\357{\303{<\000\214r\000n:\367\321"
  45      DEEF7BC3 
  45      7B3C008C 
  45      72006E3A 
  45      F7D1
  46 005c 4402C8C5 		.ascii	"D\002\310\305\252\000\213\002\207\250\027\212\200 s"
  46      AA008B02 
  46      87A8178A 
  46      802073
  47 006b 28E306D9 		.ascii	"(\343\006\331&X\216\274\251\234\375@\241\241%b\335+"
  47      26588EBC 
  47      A99CFD40 
  47      A1A12562 
  47      DD2B
  48 007d 4AB83749 		.ascii	"J\2707I\000\3424\365\300#\264\003=\366\222k\356t\361"
  48      00E234F5 
  48      C023B403 
  48      3DF6926B 
  48      EE74F1
  49 0090 6D6C1D8F 		.ascii	"ml\035\217\221\007\244E\366\276]S\232\337\021E{\335"
  49      9107A445 
  49      F6BE5D53 
  49      9ADF1145 
  49      7BDD
  50 00a2 C7C28415 		.ascii	"\307\302\204\025 J\367\351%\212\006\253\204\323\253"
  50      204AF7E9 
  50      258A06AB 
  50      84D3AB
  51 00b1 650D1A18 		.ascii	"e\015\032\030NgS\244\245h+Um<Y\344/EH\022\214\023\332"
  51      4E6753A4 
  51      A5682B55 
  51      6D3C59E4 
  51      2F454812 
  52 00c8 06F328EB 		.ascii	"\006\363(\353\033\365\314u\315\266N\222\204C\036O\260"
  52      1BF5CC75 
  52      CDB64E92 
  52      84431E4F 
  52      B0
  53 00d9 5FCF2421 		.ascii	"_\317$!-\237\033\370\237\027\030\277\271Md:\031\267"
  53      2D9F1BF8 
  53      9F1718BF 
  53      B94D643A 
  53      19B7
  54 00eb E0A991E7 		.ascii	"\340\251\221\347M\270\312\370\332\347\303\246\300\270"
  54      4DB8CAF8 
  54      DAE7C3A6 
  54      C0B8
  55 00f9 80452357 		.ascii	"\200E#WM\370\031\343\361\312V\221g\334\212\347F^2\341"
  55      4DF819E3 
  55      F1CA5691 
  55      67DC8AE7 
  55      465E32E1 
ARM GAS  /tmp/ccmb3gLu.s 			page 4


  56 010d 25C62B7B 		.ascii	"%\306+{\207\325_n\303\013#\1776\341\227\214\327v\353"
  56      87D55F6E 
  56      C30B237F 
  56      36E1978C 
  56      D776EB
  57 0120 C50EC67B 		.ascii	"\305\016\306{P3\362\272\011\277b<\177\247=Z\030\037"
  57      5033F2BA 
  57      09BF623C 
  57      7FA73D5A 
  57      181F
  58 0132 C4F21F7F 		.ascii	"\304\362\037\177\307\245\364G\012[^\217(E\364M\351\367"
  58      C7A5F447 
  58      0A5B5E8F 
  58      2845F44D 
  58      E9F7
  59 0144 1A71881E 		.ascii	"\032q\210\036\257o\326\347\227\206\334N\321/\211\336"
  59      AF6FD6E7 
  59      9786DC4E 
  59      D12F89DE 
  60 0154 993971C1 		.ascii	"\2319q\301\037\010J\342\344\324\270\313\311\306\261"
  60      1F084AE2 
  60      E4D4B8CB 
  60      C9C6B1
  61 0163 E1504894 		.ascii	"\341PH\224\202\363.\347\264O\0128<\360\003\033\205\305"
  61      82F32EE7 
  61      B44F0A38 
  61      3CF0031B 
  61      85C5
  62 0175 01       		.ascii	"\001"
  63              		.text
  64              		.section	.gnu.lto_irqDeinit.f559b0c4a7e9ba30,"",%progbits
  65 0000 789C7DD2 		.ascii	"x\234}\322\315K\002A\024\000\360\367vj]\255\350XP\340"
  65      CD4B0241 
  65      1400F0F7 
  65      766A5DAD 
  65      E85850E0 
  66 0014 352F2E69 		.ascii	"5/.i\204\177A\267\350P\367(/\012\205\341z\360\346\366"
  66      847F41B7 
  66      E850F728 
  66      2F0A85E1 
  66      7AF0E6F6 
  67 0028 A97D1005 		.ascii	"\251}\020\005\245\004\013Z\227<\004\021e\266\226\265"
  67      A5040B5A 
  67      973C0411 
  67      65B696B5 
  68 0038 D9A9420F 		.ascii	"\331\251B\017\021\004u*1\010\254S\020\024Y\263N\260"
  68      1104752A 
  68      3108AC53 
  68      101459B3 
  68      4EB0
  69 004a A7F6C19B 		.ascii	"\247\366\301\233y\314\314\357\315a\206\007\000;\007"
  69      79CCCCEF 
  69      CD618607 
  69      003B07
  70 0059 E0A17307 		.ascii	"\340\241s\007M$\200\334J\011`R\340\020\365B\026\020"
  70      4D2480DC 
  70      4A096052 
ARM GAS  /tmp/ccmb3gLu.s 			page 5


  70      E010F542 
  70      1610
  71 006b 221C4670 		.ascii	"\"\034Fp\211\254\021,D\237U\316\261-\323\320\022\267"
  71      89AC112C 
  71      449F55CE 
  71      B12DD3D0 
  71      12B7
  72 007d AD73F26C 		.ascii	"\255s\362l\273B\000\3424\365\300}t\000=\366\264W[o\341"
  72      BB4200E2 
  72      34F5C07D 
  72      74003DF6 
  72      B4575B6F 
  73 0092 1BD83A1E 		.ascii	"\033\330:\036 \017H\213\335\233FM\256\375De\355}\013"
  73      200F488B 
  73      DD9B464D 
  73      AEFD4465 
  73      ED7D0B
  74 00a5 BF06AC00 		.ascii	"\277\006\254\0001\272O/\2215\230'\234^MkP\305\231T6"
  74      31BA4F2F 
  74      91359827 
  74      9C5E4D6B 
  74      50C59954 
  75 00ba 49EA8AB6 		.ascii	"I\352\212\266R\325\352\203%\362-\013\012\3018\241m0"
  75      52D5EA83 
  75      25F22D0B 
  75      0AC138A1 
  75      6D30
  76 00cc 83117DA3 		.ascii	"\203\021}\243\222\276(\333\026\211B8\344\361\020;\025"
  76      92BE28DB 
  76      16894238 
  76      E4F1103B 
  76      15
  77 00dd 42EA56B5 		.ascii	"B\352V\265\377O\263\214^^%\322\315\214Z\360\310\240"
  77      FF4FB38C 
  77      5E5E25D2 
  77      CD8C5AF0 
  77      C8A0
  78 00ef 7913AA32 		.ascii	"y\023\2522\272\360y\267,0*`\316\240\217&\364\230\321"
  78      BAF079B7 
  78      2C302A60 
  78      CEA08F26 
  78      F498D1
  79 0102 787135C7 		.ascii	"xq5\3073j\305\023\203VLh\236\321\342\346N\351\217\332"
  79      336AC513 
  79      83564C68 
  79      9ED1E2E6 
  79      4EE98FDA 
  80 0116 F0D4A02F 		.ascii	"\360\324\240/&\364\214\321\362F%\327\304h\033j\006}"
  80      26F48CD1 
  80      F24625D7 
  80      C4681B6A 
  80      067D
  81 0128 35A1E78C 		.ascii	"5\241\347\214f\256\265{\013\243]X`\364\015\247R\037"
  81      66AEB57B 
  81      0BA35D58 
  81      60F40DA7 
  81      521F
ARM GAS  /tmp/ccmb3gLu.s 			page 6


  82 013a 49AC5B3D 		.ascii	"I\254[=b\024\320w\243_\250\327)z}\376Q\177@\352\366"
  82      6214D077 
  82      A35FA8D7 
  82      297A7DFE 
  82      517F40EA 
  83 014f B8C48024 		.ascii	"\270\304\200$\372F\306\304\211@0$\211\203C\375n\027"
  83      FA46C6C4 
  83      89403024 
  83      898343FD 
  83      6E17
  84 0161 1BFB7AC2 		.ascii	"\033\373z\302aQ\012\215\273]\303~)\350\364\302/2A\300"
  84      61510A8D 
  84      BB5DC37E 
  84      29E8F4C2 
  84      2F3241C0 
  85 0175 32       		.ascii	"2"
  86              		.text
  87              		.section	.gnu.lto_.symbol_nodes.f559b0c4a7e9ba30,"",%progbits
  88 0000 789C55CB 		.ascii	"x\234U\313\315\011\2000\014\206\341\257)8\227N\226\036"
  88      CD098030 
  88      0C86E1AF 
  88      2938974E 
  88      961E
  89 0012 3A804374 		.ascii	":\200Ct\010\377\216=;\203B\347\020\323\372\011z\010"
  89      08FF8E3D 
  89      3B8342E7 
  89      10D3FA09 
  89      7A08
  90 0024 4F78433A 		.ascii	"OxC:\000\223\015d\026\005\306\0350\2260XYD\335\257\270"
  90      00930D64 
  90      1605C61D 
  90      30963058 
  90      5944DDAF 
  91 0039 55545A01 		.ascii	"UTZ\001B\350-l\242\376\033<\004\351\270\\5\323B\343"
  91      42E82D6C 
  91      A2FE1B3C 
  91      04E9B85C 
  91      35D342E3 
  92 004d F99868A6 		.ascii	"\371\230h\246\245j[\37333-4\276w\232i\375\303\015v\210"
  92      A56A5BFB 
  92      33332D34 
  92      BE779A69 
  92      FDC30D76 
  93 0062 366B     		.ascii	"6k"
  94              		.text
  95              		.section	.gnu.lto_.refs.f559b0c4a7e9ba30,"",%progbits
  96 0000 789C6363 		.ascii	"x\234cc```\004b\006\000\000D\000\010"
  96      60606004 
  96      62060000 
  96      440008
  97              		.text
  98              		.section	.gnu.lto_.decls.f559b0c4a7e9ba30,"",%progbits
  99 0000 789C9D53 		.ascii	"x\234\235S]h\024G\034\237\377\354\031\3175\321TJ\261"
  99      5D681447 
  99      1C9FFFEC 
  99      19CF35D1 
  99      544AB1
ARM GAS  /tmp/ccmb3gLu.s 			page 7


 100 0013 E043C88B 		.ascii	"\340C\310\213\372\340\255\211\037\344I*j[\037\242\340"
 100      FAE0AD89 
 100      1FE4492A 
 100      6A5B1FA2 
 100      E0
 101 0024 17F8745E 		.ascii	"\027\370t^.+Y\310\355\245\267\033\211o\323h\2134Bl\211"
 101      2E2B59C8 
 101      EDA5B71B 
 101      896FD368 
 101      8B34426C 
 102 0039 4AA2C219 		.ascii	"J\242\302\031S5(\030\254V\023Mr\247\346\303\346\362"
 102      53352818 
 102      AC56134D 
 102      72A7E6C3 
 102      E6F2
 103 004b 69450ACD 		.ascii	"iE\012\315\007ji@\037\324\332\036\265\310\371\237\231"
 103      076A6940 
 103      1FD4DA1E 
 103      B5C8F99F 
 103      99
 104 005c DDBB6BF5 		.ascii	"\335\273k\365\372\340\260\263\263\363\237\377\357cf"
 104      FAE0B0B3 
 104      B3F39FFF 
 104      EF6366
 105 006b FE9B4708 		.ascii	"\376\233G\0109\355!d+\020r\036\277S\330\024\034\343"
 105      39ED2164 
 105      2B10721E 
 105      BF53D814 
 105      1CE3
 106 007d D83144BA 		.ascii	"\3301D\272\211l\230B\372\260\017`O`\037#o\267\006\220"
 106      896C9842 
 106      FAB00F60 
 106      4F601F23 
 106      6FB70690 
 107 0091 797BB08F 		.ascii	"y{\260\217;\330!g\215:\370\304;p\215Y\270\011\0077\232"
 107      3BD82167 
 107      8D3AF8C4 
 107      3B708D59 
 107      B8090737 
 108 00a6 851BC8A1 		.ascii	"\205\033\310\241\327\244\300\344`\373\005\245A\201\245"
 108      D7A4C0E4 
 108      60FB05A5 
 108      4181A5
 109 00b5 2A70E70B 		.ascii	"*p\347\0131t\351i\347\337\0052\3043ZG\016vx\025*\276"
 109      3174E969 
 109      E7DF0532 
 109      C4335A47 
 109      0E767815 
 110 00cb A3DFB326 		.ascii	"\243\337\263&\305w\221\311\346\255#p\025\024\227j\242"
 110      C57791C9 
 110      E6AD2370 
 110      1514976A 
 110      A2
 111 00dc F145DB5C 		.ascii	"\361E\333\\e\275H\034?\330q\222\323.R\301\203\323\347"
 111      65BD481C 
 111      3FD87192 
 111      D32E52C1 
ARM GAS  /tmp/ccmb3gLu.s 			page 8


 111      83D3E7
 112 00ef C32D8F16 		.ascii	"\303-\217\026\340\364C\025\212\232\024:\375\313?\277"
 112      E0F44315 
 112      8A9A143A 
 112      FDCB3FBF 
 113 00ff 2E0075D9 		.ascii	".\000u\331!\306\352Y\364\000\233\3679\201NX\002\327"
 113      21C6EA59 
 113      F4009BF7 
 113      39814E58 
 113      02D7
 114 0111 6109811B 		.ascii	"a\011\201\033\260\214K\377\010>\002W0\370\003\006\317"
 114      B08C4BFF 
 114      083E0257 
 114      30F80306 
 114      CF
 115 0122 72B9D8EF 		.ascii	"r\271\330\357\315\353\232_0V\004]\240\3025PD\016\236"
 115      CDEB9A5F 
 115      3056045D 
 115      A0C23550 
 115      440E9E
 116 0135 F252551A 		.ascii	"\362RU\032ho\373\2665O\371\022\270\003z\343\304o}4\227"
 116      686FFBB6 
 116      354FF912 
 116      B8037AE3 
 116      C46F7D34 
 117 014a 464F4E8D 		.ascii	"FON\215\007\355\305\375_1F\241\0335nf4P\222\017\030"
 117      07EDC5FD 
 117      5F3146A1 
 117      1B356E66 
 117      3450920F 
 118 015f 45A1AE78 		.ascii	"E\241\256xw\357\374i\230\004<\\(\024\373\007\220o\034"
 118      77EFFC69 
 118      98043C5C 
 118      2814FB07 
 118      906F1C
 119 0172 7917F394 		.ascii	"y\027\363\224\333@\3061J\345\340\244\362\211\013\201"
 119      DB40C631 
 119      4AE5E0A4 
 119      F2890B81 
 120 0182 74843A1C 		.ascii	"t\204:\034\324\345\025\217C\000\331\254r]\312\271M\226"
 120      D4E5158F 
 120      4300D9AC 
 120      725DCAB9 
 120      4D96
 121 0194 9DFCC8C2 		.ascii	"\235\374\310\302\311\020\315\210eA\336\362J\322\313"
 121      C910CD88 
 121      6541DEF2 
 121      4AD2CB
 122 01a3 6953994D 		.ascii	"iS\231M\202s\335\303\337\235\272\247\316\300\024\256"
 122      8273DDC3 
 122      DF9DBAA7 
 122      CEC014AE 
 123 01b3 EE26E488 		.ascii	"\356&\344\210\327\024\027\337\360\344U#(W\304\035@_"
 123      D71417DF 
 123      F0E45523 
 123      2857C41D 
 123      405F
ARM GAS  /tmp/ccmb3gLu.s 			page 9


 124 01c5 2A195B28 		.ascii	"*\031[(\253\200\362\002y\22685_VA!N/\036N5\315Y|\214"
 124      AB80F202 
 124      79963835 
 124      5F564121 
 124      4E2F1E4E 
 125 01de 1FFB9103 		.ascii	"\037\373\221\003\254\220\302\236\217\3406^\306-\274"
 125      AC90C29E 
 125      8FE0365E 
 125      C62DBC
 126 01ed 0C027760 		.ascii	"\014\002w`1\276M\217\024{p\370e\214\026GYt\006\313\340"
 126      31BE4D8F 
 126      147B70F8 
 126      658C1647 
 126      597406CB 
 127 0202 52D1CDC4 		.ascii	"R\321\315\304\327l\014q\237\210<\210g\356)\316\353\021"
 127      D76C0C71 
 127      9F883C88 
 127      67EE29CE 
 127      EB11
 128 0214 623003D0 		.ascii	"b0\003\320\013\323\350\255\017\212\021?\373\370\257"
 128      0BD3E8AD 
 128      0F8A113F 
 128      FBF8AF
 129 0223 97AAF287 		.ascii	"\227\252\362\207\264\365z\266\365L\201C6\261\256\205"
 129      B4F57AB6 
 129      F54C8143 
 129      36B1AE85 
 130 0233 C5EA19BF 		.ascii	"\305\352\031\277q\316\324\237a\352\377/\323\200`:\361"
 130      71CED49F 
 130      61EAFF2F 
 130      D380603A 
 130      F1
 131 0244 F3C33354 		.ascii	"\363\3033Ty-\231\006\316_\215\203\207\312\302\340f1"
 131      792D9906 
 131      CE5F8D83 
 131      87CAC2E0 
 131      6631
 132 0256 36943CD7 		.ascii	"6\224<\327\353I\307\356\202\010>\357\231:Fs\356uH\354"
 132      EB49C7EE 
 132      82083EEF 
 132      993A4673 
 132      EE7548EC 
 133 026a F5277036 		.ascii	"\365'p6\333v\371\344\205|\3647\203\365\230\274[\326"
 133      DB76F9E4 
 133      857CF437 
 133      83F598BC 
 133      5BD6
 134 027c DC31CB0E 		.ascii	"\3341\313\016\251\"\013\0063\376\006\235?\017\022\302"
 134      A9220B06 
 134      33FE069D 
 134      3F0F12C2 
 135 028c D7FDA9EE 		.ascii	"\327\375\251\356g\212\322Cs\372:~\257\265\253 \247\205"
 135      678AD243 
 135      73FA3A7E 
 135      AFB5AB20 
 135      A785
 136 029e 516161C4 		.ascii	"Qaa\304\265\020\3753\271\322q\360\352\343\026v\213\362"
ARM GAS  /tmp/ccmb3gLu.s 			page 10


 136      B510FD33 
 136      B9D271F0 
 136      EAE31676 
 136      8BF2
 137 02b0 0418CEA8 		.ascii	"\004\030\316\250\017\273\352cB\275\245\276\343a^\376"
 137      0FBBEA63 
 137      42BDA5BE 
 137      E3615EFE 
 138 02c0 37E97F4D 		.ascii	"7\351\177M\230u\1777\002\343\220/\222q\304\344\243\251"
 138      98757F37 
 138      02E3902F 
 138      9271C4E4 
 138      A3A9
 139 02d2 E4A339D9 		.ascii	"\344\2439\331\311\243\377J\236p\222\371\270\306\247"
 139      C9A3FF4A 
 139      9E7092F9 
 139      B8C6A7
 140 02e1 05AB8C0A 		.ascii	"\005\253\214\012#l\225\224\225jaK\253\012Tk5\341\210"
 140      236C9594 
 140      956A614B 
 140      AB0A546B 
 140      35E188
 141 02f4 6D69DB77 		.ascii	"mi\333w\224\257*\225\357OW\327\325i\226\035ZU\3527\254"
 141      94AF2A95 
 141      EF4F57D7 
 141      D569961D 
 141      5A55EA37 
 142 0309 882FE8FD 		.ascii	"\210/\350\375l\313\316\242\015%%D\365\373k\015\323\306"
 142      6CCBCEA2 
 142      0D252544 
 142      F5FB6B0D 
 142      D3C6
 143 031b B8BD5AAB 		.ascii	"\270\275Z\253\265\"Z \022Za\206M}\205\036\25004\303"
 143      B5225A20 
 143      125A6186 
 143      4D7D851E 
 143      A83034C3 
 144 032f 0C56D756 		.ascii	"\014V\327V\352Z(\200\"\246\256\371+\365\275\201\332"
 144      EA5A2880 
 144      22A6AEF9 
 144      2BF5BD81 
 144      DA
 145 0340 6ADB6FEF 		.ascii	"j\333o\357\257\321-_\025\361\272\350\345\377\203\266"
 145      AFD12D5F 
 145      15F1BAE8 
 145      E5FF83B6 
 146 0350 F65B9ADF 		.ascii	"\366[\232\337\262+1\025!s\215\310\027\233M\303^\373"
 146      B22B3115 
 146      21738DC8 
 146      179B4DC3 
 146      5EFB
 147 0362 5ECEC93C 		.ascii	"^\316\311<\204o\324\015$(4\367\031\301Mf\240\242Z\337"
 147      846FD40D 
 147      242834F7 
 147      19C14D66 
 147      A0A25ADF 
 148 0376 A507ED70 		.ascii	"\245\007\355pD\313\315\030\014\207BaS[\277\255|Cy\235"
ARM GAS  /tmp/ccmb3gLu.s 			page 11


 148      44CBCD18 
 148      0C874261 
 148      535BBFAD 
 148      7C43799D 
 149 038a C681E8E4 		.ascii	"\306\201\350\344\003>n4\254\014\303\033\243\265\271"
 149      033E6E34 
 149      AC0CC31B 
 149      A3B5B9
 150 0399 1A       		.ascii	"\032"
 151              		.text
 152              		.section	.gnu.lto_.symtab.f559b0c4a7e9ba30,"",%progbits
 153 0000 69727149 		.ascii	"irqInit\000"
 153      6E697400 
 154 0008 00       		.ascii	"\000"
 155 0009 00       		.ascii	"\000"
 156 000a 00       		.ascii	"\000"
 157 000b 00000000 		.ascii	"\000\000\000\000\000\000\000\000"
 157      00000000 
 158 0013 C5000000 		.ascii	"\305\000\000\000"
 159 0017 69727144 		.ascii	"irqDeinit\000"
 159      65696E69 
 159      7400
 160 0021 00       		.ascii	"\000"
 161 0022 00       		.ascii	"\000"
 162 0023 00       		.ascii	"\000"
 163 0024 00000000 		.ascii	"\000\000\000\000\000\000\000\000"
 163      00000000 
 164 002c C7000000 		.ascii	"\307\000\000\000"
 165 0030 6E766963 		.ascii	"nvicEnableVector\000"
 165      456E6162 
 165      6C655665 
 165      63746F72 
 165      00
 166 0041 00       		.ascii	"\000"
 167 0042 02       		.ascii	"\002"
 168 0043 00       		.ascii	"\000"
 169 0044 00000000 		.ascii	"\000\000\000\000\000\000\000\000"
 169      00000000 
 170 004c CC000000 		.ascii	"\314\000\000\000"
 171 0050 6E766963 		.ascii	"nvicDisableVector\000"
 171      44697361 
 171      626C6556 
 171      6563746F 
 171      7200
 172 0062 00       		.ascii	"\000"
 173 0063 02       		.ascii	"\002"
 174 0064 00       		.ascii	"\000"
 175 0065 00000000 		.ascii	"\000\000\000\000\000\000\000\000"
 175      00000000 
 176 006d D0000000 		.ascii	"\320\000\000\000"
 177              		.text
 178              		.section	.gnu.lto_.opts,"",%progbits
 179 0000 272D666D 		.ascii	"'-fmath-errno' '-fsigned-zeros' '-ftrapping-math' '"
 179      6174682D 
 179      6572726E 
 179      6F272027 
 179      2D667369 
ARM GAS  /tmp/ccmb3gLu.s 			page 12


 180 0033 2D666E6F 		.ascii	"-fno-trapv' '-fno-openmp' '-fno-openacc' '-mcpu=cor"
 180      2D747261 
 180      70762720 
 180      272D666E 
 180      6F2D6F70 
 181 0066 7465782D 		.ascii	"tex-m4' '-mno-thumb-interwork' '-mthumb' '-O2' '-fo"
 181      6D342720 
 181      272D6D6E 
 181      6F2D7468 
 181      756D622D 
 182 0099 6D69742D 		.ascii	"mit-frame-pointer' '-falign-functions=16' '-ffuncti"
 182      6672616D 
 182      652D706F 
 182      696E7465 
 182      72272027 
 183 00cc 6F6E2D73 		.ascii	"on-sections' '-fdata-sections' '-fno-common' '-flto"
 183      65637469 
 183      6F6E7327 
 183      20272D66 
 183      64617461 
 184 00ff 2700     		.ascii	"'\000"
 185              		.text
 186              		.comm	__gnu_lto_v1,1,1
 187              		.comm	__gnu_lto_slim,1,1
 188              		.ident	"GCC: (GNU Tools for Arm Embedded Processors 7-2018-q3-update) 7.3.1 20180622 (release) [AR
ARM GAS  /tmp/ccmb3gLu.s 			page 13


DEFINED SYMBOLS
                            *ABS*:0000000000000000 stm32_isr.c
                            *COM*:0000000000000001 __gnu_lto_v1
                            *COM*:0000000000000001 __gnu_lto_slim

NO UNDEFINED SYMBOLS
