ARM GAS  /tmp/cchrrld1.s 			page 1


   1              		.syntax unified
   2              		.cpu cortex-m4
   3              		.fpu softvfp
   4              		.eabi_attribute 20, 1
   5              		.eabi_attribute 21, 1
   6              		.eabi_attribute 23, 3
   7              		.eabi_attribute 24, 1
   8              		.eabi_attribute 25, 1
   9              		.eabi_attribute 26, 1
  10              		.eabi_attribute 30, 2
  11              		.eabi_attribute 34, 1
  12              		.eabi_attribute 18, 4
  13              		.thumb
  14              		.file	"protocol.c"
  15              		.text
  16              	.Ltext0:
  17              		.cfi_sections	.debug_frame
  18              	.Letext0:
  19              		.file 1 "/usr/include/newlib/machine/_default_types.h"
  20              		.file 2 "/usr/include/newlib/sys/_stdint.h"
  21              		.file 3 "./Protocol/protocol.h"
  22              		.file 4 "Protocol/protocol.c"
  23              		.file 5 "ChibiOS_2.6.5/os/ports/common/ARMCMx/CMSIS/include/core_cm4.h"
  24              		.section	.debug_info,"",%progbits
  25              	.Ldebug_info0:
  26 0000 7A020000 		.4byte	0x27a
  27 0004 0400     		.2byte	0x4
  28 0006 00000000 		.4byte	.Ldebug_abbrev0
  29 000a 04       		.byte	0x4
  30 000b 01       		.uleb128 0x1
  31 000c CB000000 		.4byte	.LASF15
  32 0010 01       		.byte	0x1
  33 0011 21000000 		.4byte	.LASF16
  34 0015 35000000 		.4byte	.LASF17
  35 0019 00000000 		.4byte	.Ldebug_line0
  36 001d 02       		.uleb128 0x2
  37 001e 01       		.byte	0x1
  38 001f 06       		.byte	0x6
  39 0020 BC010000 		.4byte	.LASF0
  40 0024 02       		.uleb128 0x2
  41 0025 01       		.byte	0x1
  42 0026 08       		.byte	0x8
  43 0027 7E010000 		.4byte	.LASF1
  44 002b 02       		.uleb128 0x2
  45 002c 02       		.byte	0x2
  46 002d 05       		.byte	0x5
  47 002e E5010000 		.4byte	.LASF2
  48 0032 02       		.uleb128 0x2
  49 0033 02       		.byte	0x2
  50 0034 07       		.byte	0x7
  51 0035 0E000000 		.4byte	.LASF3
  52 0039 03       		.uleb128 0x3
  53 003a D5010000 		.4byte	.LASF11
  54 003e 01       		.byte	0x1
  55 003f 3F       		.byte	0x3f
  56 0040 44000000 		.4byte	0x44
  57 0044 02       		.uleb128 0x2
ARM GAS  /tmp/cchrrld1.s 			page 2


  58 0045 04       		.byte	0x4
  59 0046 05       		.byte	0x5
  60 0047 91010000 		.4byte	.LASF4
  61 004b 02       		.uleb128 0x2
  62 004c 04       		.byte	0x4
  63 004d 07       		.byte	0x7
  64 004e A2000000 		.4byte	.LASF5
  65 0052 02       		.uleb128 0x2
  66 0053 08       		.byte	0x8
  67 0054 05       		.byte	0x5
  68 0055 00000000 		.4byte	.LASF6
  69 0059 02       		.uleb128 0x2
  70 005a 08       		.byte	0x8
  71 005b 07       		.byte	0x7
  72 005c B4000000 		.4byte	.LASF7
  73 0060 04       		.uleb128 0x4
  74 0061 04       		.byte	0x4
  75 0062 05       		.byte	0x5
  76 0063 696E7400 		.ascii	"int\000"
  77 0067 02       		.uleb128 0x2
  78 0068 04       		.byte	0x4
  79 0069 07       		.byte	0x7
  80 006a C8010000 		.4byte	.LASF8
  81 006e 02       		.uleb128 0x2
  82 006f 04       		.byte	0x4
  83 0070 07       		.byte	0x7
  84 0071 F7010000 		.4byte	.LASF9
  85 0075 02       		.uleb128 0x2
  86 0076 01       		.byte	0x1
  87 0077 08       		.byte	0x8
  88 0078 8C010000 		.4byte	.LASF10
  89 007c 03       		.uleb128 0x3
  90 007d EF010000 		.4byte	.LASF12
  91 0081 02       		.byte	0x2
  92 0082 1F       		.byte	0x1f
  93 0083 39000000 		.4byte	0x39
  94 0087 02       		.uleb128 0x2
  95 0088 01       		.byte	0x1
  96 0089 02       		.byte	0x2
  97 008a A9010000 		.4byte	.LASF13
  98 008e 05       		.uleb128 0x5
  99 008f 7C000000 		.4byte	0x7c
 100 0093 06       		.uleb128 0x6
 101 0094 96000000 		.4byte	.LASF18
 102 0098 21       		.byte	0x21
 103 0099 03       		.byte	0x3
 104 009a 40       		.byte	0x40
 105 009b B8000000 		.4byte	0xb8
 106 009f 07       		.uleb128 0x7
 107 00a0 70696E00 		.ascii	"pin\000"
 108 00a4 03       		.byte	0x3
 109 00a5 41       		.byte	0x41
 110 00a6 B8000000 		.4byte	0xb8
 111 00aa 00       		.byte	0
 112 00ab 08       		.uleb128 0x8
 113 00ac DF010000 		.4byte	.LASF14
 114 00b0 03       		.byte	0x3
ARM GAS  /tmp/cchrrld1.s 			page 3


 115 00b1 42       		.byte	0x42
 116 00b2 87000000 		.4byte	0x87
 117 00b6 20       		.byte	0x20
 118 00b7 00       		.byte	0
 119 00b8 09       		.uleb128 0x9
 120 00b9 75000000 		.4byte	0x75
 121 00bd C8000000 		.4byte	0xc8
 122 00c1 0A       		.uleb128 0xa
 123 00c2 6E000000 		.4byte	0x6e
 124 00c6 1F       		.byte	0x1f
 125 00c7 00       		.byte	0
 126 00c8 09       		.uleb128 0x9
 127 00c9 93000000 		.4byte	0x93
 128 00cd D8000000 		.4byte	0xd8
 129 00d1 0A       		.uleb128 0xa
 130 00d2 6E000000 		.4byte	0x6e
 131 00d6 0B       		.byte	0xb
 132 00d7 00       		.byte	0
 133 00d8 0B       		.uleb128 0xb
 134 00d9 9A010000 		.4byte	.LASF19
 135 00dd 04       		.byte	0x4
 136 00de 16       		.byte	0x16
 137 00df C8000000 		.4byte	0xc8
 138 00e3 8C01     		.2byte	0x18c
 139 00e5 63       		.byte	0x63
 140 00e6 6C       		.byte	0x6c
 141 00e7 61       		.byte	0x61
 142 00e8 6D       		.byte	0x6d
 143 00e9 70       		.byte	0x70
 144 00ea 5F       		.byte	0x5f
 145 00eb 73       		.byte	0x73
 146 00ec 65       		.byte	0x65
 147 00ed 74       		.byte	0x74
 148 00ee 00       		.byte	0
 149 00ef 00       		.byte	0
 150 00f0 00       		.byte	0
 151 00f1 00       		.byte	0
 152 00f2 00       		.byte	0
 153 00f3 00       		.byte	0
 154 00f4 00       		.byte	0
 155 00f5 00       		.byte	0
 156 00f6 00       		.byte	0
 157 00f7 00       		.byte	0
 158 00f8 00       		.byte	0
 159 00f9 00       		.byte	0
 160 00fa 00       		.byte	0
 161 00fb 00       		.byte	0
 162 00fc 00       		.byte	0
 163 00fd 00       		.byte	0
 164 00fe 00       		.byte	0
 165 00ff 00       		.byte	0
 166 0100 00       		.byte	0
 167 0101 00       		.byte	0
 168 0102 00       		.byte	0
 169 0103 00       		.byte	0
 170 0104 00       		.byte	0
 171 0105 00       		.byte	0
ARM GAS  /tmp/cchrrld1.s 			page 4


 172 0106 63       		.byte	0x63
 173 0107 6F       		.byte	0x6f
 174 0108 6D       		.byte	0x6d
 175 0109 70       		.byte	0x70
 176 010a 72       		.byte	0x72
 177 010b 65       		.byte	0x65
 178 010c 73       		.byte	0x73
 179 010d 73       		.byte	0x73
 180 010e 6F       		.byte	0x6f
 181 010f 72       		.byte	0x72
 182 0110 00       		.byte	0
 183 0111 00       		.byte	0
 184 0112 00       		.byte	0
 185 0113 00       		.byte	0
 186 0114 00       		.byte	0
 187 0115 00       		.byte	0
 188 0116 00       		.byte	0
 189 0117 00       		.byte	0
 190 0118 00       		.byte	0
 191 0119 00       		.byte	0
 192 011a 00       		.byte	0
 193 011b 00       		.byte	0
 194 011c 00       		.byte	0
 195 011d 00       		.byte	0
 196 011e 00       		.byte	0
 197 011f 00       		.byte	0
 198 0120 00       		.byte	0
 199 0121 00       		.byte	0
 200 0122 00       		.byte	0
 201 0123 00       		.byte	0
 202 0124 00       		.byte	0
 203 0125 00       		.byte	0
 204 0126 00       		.byte	0
 205 0127 65       		.byte	0x65
 206 0128 62       		.byte	0x62
 207 0129 73       		.byte	0x73
 208 012a 5F       		.byte	0x5f
 209 012b 72       		.byte	0x72
 210 012c 65       		.byte	0x65
 211 012d 6C       		.byte	0x6c
 212 012e 69       		.byte	0x69
 213 012f 65       		.byte	0x65
 214 0130 66       		.byte	0x66
 215 0131 00       		.byte	0
 216 0132 00       		.byte	0
 217 0133 00       		.byte	0
 218 0134 00       		.byte	0
 219 0135 00       		.byte	0
 220 0136 00       		.byte	0
 221 0137 00       		.byte	0
 222 0138 00       		.byte	0
 223 0139 00       		.byte	0
 224 013a 00       		.byte	0
 225 013b 00       		.byte	0
 226 013c 00       		.byte	0
 227 013d 00       		.byte	0
 228 013e 00       		.byte	0
ARM GAS  /tmp/cchrrld1.s 			page 5


 229 013f 00       		.byte	0
 230 0140 00       		.byte	0
 231 0141 00       		.byte	0
 232 0142 00       		.byte	0
 233 0143 00       		.byte	0
 234 0144 00       		.byte	0
 235 0145 00       		.byte	0
 236 0146 00       		.byte	0
 237 0147 00       		.byte	0
 238 0148 65       		.byte	0x65
 239 0149 62       		.byte	0x62
 240 014a 73       		.byte	0x73
 241 014b 5F       		.byte	0x5f
 242 014c 73       		.byte	0x73
 243 014d 70       		.byte	0x70
 244 014e 65       		.byte	0x65
 245 014f 61       		.byte	0x61
 246 0150 6B       		.byte	0x6b
 247 0151 65       		.byte	0x65
 248 0152 72       		.byte	0x72
 249 0153 00       		.byte	0
 250 0154 00       		.byte	0
 251 0155 00       		.byte	0
 252 0156 00       		.byte	0
 253 0157 00       		.byte	0
 254 0158 00       		.byte	0
 255 0159 00       		.byte	0
 256 015a 00       		.byte	0
 257 015b 00       		.byte	0
 258 015c 00       		.byte	0
 259 015d 00       		.byte	0
 260 015e 00       		.byte	0
 261 015f 00       		.byte	0
 262 0160 00       		.byte	0
 263 0161 00       		.byte	0
 264 0162 00       		.byte	0
 265 0163 00       		.byte	0
 266 0164 00       		.byte	0
 267 0165 00       		.byte	0
 268 0166 00       		.byte	0
 269 0167 00       		.byte	0
 270 0168 00       		.byte	0
 271 0169 66       		.byte	0x66
 272 016a 69       		.byte	0x69
 273 016b 6E       		.byte	0x6e
 274 016c 69       		.byte	0x69
 275 016d 73       		.byte	0x73
 276 016e 68       		.byte	0x68
 277 016f 65       		.byte	0x65
 278 0170 64       		.byte	0x64
 279 0171 00       		.byte	0
 280 0172 00       		.byte	0
 281 0173 00       		.byte	0
 282 0174 00       		.byte	0
 283 0175 00       		.byte	0
 284 0176 00       		.byte	0
 285 0177 00       		.byte	0
ARM GAS  /tmp/cchrrld1.s 			page 6


 286 0178 00       		.byte	0
 287 0179 00       		.byte	0
 288 017a 00       		.byte	0
 289 017b 00       		.byte	0
 290 017c 00       		.byte	0
 291 017d 00       		.byte	0
 292 017e 00       		.byte	0
 293 017f 00       		.byte	0
 294 0180 00       		.byte	0
 295 0181 00       		.byte	0
 296 0182 00       		.byte	0
 297 0183 00       		.byte	0
 298 0184 00       		.byte	0
 299 0185 00       		.byte	0
 300 0186 00       		.byte	0
 301 0187 00       		.byte	0
 302 0188 00       		.byte	0
 303 0189 00       		.byte	0
 304 018a 68       		.byte	0x68
 305 018b 65       		.byte	0x65
 306 018c 61       		.byte	0x61
 307 018d 72       		.byte	0x72
 308 018e 74       		.byte	0x74
 309 018f 5F       		.byte	0x5f
 310 0190 62       		.byte	0x62
 311 0191 65       		.byte	0x65
 312 0192 61       		.byte	0x61
 313 0193 74       		.byte	0x74
 314 0194 00       		.byte	0
 315 0195 00       		.byte	0
 316 0196 00       		.byte	0
 317 0197 00       		.byte	0
 318 0198 00       		.byte	0
 319 0199 00       		.byte	0
 320 019a 00       		.byte	0
 321 019b 00       		.byte	0
 322 019c 00       		.byte	0
 323 019d 00       		.byte	0
 324 019e 00       		.byte	0
 325 019f 00       		.byte	0
 326 01a0 00       		.byte	0
 327 01a1 00       		.byte	0
 328 01a2 00       		.byte	0
 329 01a3 00       		.byte	0
 330 01a4 00       		.byte	0
 331 01a5 00       		.byte	0
 332 01a6 00       		.byte	0
 333 01a7 00       		.byte	0
 334 01a8 00       		.byte	0
 335 01a9 00       		.byte	0
 336 01aa 00       		.byte	0
 337 01ab 72       		.byte	0x72
 338 01ac 61       		.byte	0x61
 339 01ad 63       		.byte	0x63
 340 01ae 6B       		.byte	0x6b
 341 01af 5F       		.byte	0x5f
 342 01b0 72       		.byte	0x72
ARM GAS  /tmp/cchrrld1.s 			page 7


 343 01b1 69       		.byte	0x69
 344 01b2 67       		.byte	0x67
 345 01b3 68       		.byte	0x68
 346 01b4 74       		.byte	0x74
 347 01b5 00       		.byte	0
 348 01b6 00       		.byte	0
 349 01b7 00       		.byte	0
 350 01b8 00       		.byte	0
 351 01b9 00       		.byte	0
 352 01ba 00       		.byte	0
 353 01bb 00       		.byte	0
 354 01bc 00       		.byte	0
 355 01bd 00       		.byte	0
 356 01be 00       		.byte	0
 357 01bf 00       		.byte	0
 358 01c0 00       		.byte	0
 359 01c1 00       		.byte	0
 360 01c2 00       		.byte	0
 361 01c3 00       		.byte	0
 362 01c4 00       		.byte	0
 363 01c5 00       		.byte	0
 364 01c6 00       		.byte	0
 365 01c7 00       		.byte	0
 366 01c8 00       		.byte	0
 367 01c9 00       		.byte	0
 368 01ca 00       		.byte	0
 369 01cb 00       		.byte	0
 370 01cc 72       		.byte	0x72
 371 01cd 61       		.byte	0x61
 372 01ce 63       		.byte	0x63
 373 01cf 6B       		.byte	0x6b
 374 01d0 5F       		.byte	0x5f
 375 01d1 6C       		.byte	0x6c
 376 01d2 65       		.byte	0x65
 377 01d3 66       		.byte	0x66
 378 01d4 74       		.byte	0x74
 379 01d5 00       		.byte	0
 380 01d6 00       		.byte	0
 381 01d7 00       		.byte	0
 382 01d8 00       		.byte	0
 383 01d9 00       		.byte	0
 384 01da 00       		.byte	0
 385 01db 00       		.byte	0
 386 01dc 00       		.byte	0
 387 01dd 00       		.byte	0
 388 01de 00       		.byte	0
 389 01df 00       		.byte	0
 390 01e0 00       		.byte	0
 391 01e1 00       		.byte	0
 392 01e2 00       		.byte	0
 393 01e3 00       		.byte	0
 394 01e4 00       		.byte	0
 395 01e5 00       		.byte	0
 396 01e6 00       		.byte	0
 397 01e7 00       		.byte	0
 398 01e8 00       		.byte	0
 399 01e9 00       		.byte	0
ARM GAS  /tmp/cchrrld1.s 			page 8


 400 01ea 00       		.byte	0
 401 01eb 00       		.byte	0
 402 01ec 00       		.byte	0
 403 01ed 73       		.byte	0x73
 404 01ee 65       		.byte	0x65
 405 01ef 72       		.byte	0x72
 406 01f0 76       		.byte	0x76
 407 01f1 69       		.byte	0x69
 408 01f2 63       		.byte	0x63
 409 01f3 65       		.byte	0x65
 410 01f4 5F       		.byte	0x5f
 411 01f5 62       		.byte	0x62
 412 01f6 72       		.byte	0x72
 413 01f7 65       		.byte	0x65
 414 01f8 61       		.byte	0x61
 415 01f9 6B       		.byte	0x6b
 416 01fa 00       		.byte	0
 417 01fb 00       		.byte	0
 418 01fc 00       		.byte	0
 419 01fd 00       		.byte	0
 420 01fe 00       		.byte	0
 421 01ff 00       		.byte	0
 422 0200 00       		.byte	0
 423 0201 00       		.byte	0
 424 0202 00       		.byte	0
 425 0203 00       		.byte	0
 426 0204 00       		.byte	0
 427 0205 00       		.byte	0
 428 0206 00       		.byte	0
 429 0207 00       		.byte	0
 430 0208 00       		.byte	0
 431 0209 00       		.byte	0
 432 020a 00       		.byte	0
 433 020b 00       		.byte	0
 434 020c 00       		.byte	0
 435 020d 00       		.byte	0
 436 020e 73       		.byte	0x73
 437 020f 68       		.byte	0x68
 438 0210 75       		.byte	0x75
 439 0211 74       		.byte	0x74
 440 0212 64       		.byte	0x64
 441 0213 6F       		.byte	0x6f
 442 0214 77       		.byte	0x77
 443 0215 6E       		.byte	0x6e
 444 0216 00       		.byte	0
 445 0217 00       		.byte	0
 446 0218 00       		.byte	0
 447 0219 00       		.byte	0
 448 021a 00       		.byte	0
 449 021b 00       		.byte	0
 450 021c 00       		.byte	0
 451 021d 00       		.byte	0
 452 021e 00       		.byte	0
 453 021f 00       		.byte	0
 454 0220 00       		.byte	0
 455 0221 00       		.byte	0
 456 0222 00       		.byte	0
ARM GAS  /tmp/cchrrld1.s 			page 9


 457 0223 00       		.byte	0
 458 0224 00       		.byte	0
 459 0225 00       		.byte	0
 460 0226 00       		.byte	0
 461 0227 00       		.byte	0
 462 0228 00       		.byte	0
 463 0229 00       		.byte	0
 464 022a 00       		.byte	0
 465 022b 00       		.byte	0
 466 022c 00       		.byte	0
 467 022d 00       		.byte	0
 468 022e 00       		.byte	0
 469 022f 72       		.byte	0x72
 470 0230 65       		.byte	0x65
 471 0231 64       		.byte	0x64
 472 0232 75       		.byte	0x75
 473 0233 6E       		.byte	0x6e
 474 0234 64       		.byte	0x64
 475 0235 65       		.byte	0x65
 476 0236 6E       		.byte	0x6e
 477 0237 63       		.byte	0x63
 478 0238 79       		.byte	0x79
 479 0239 00       		.byte	0
 480 023a 00       		.byte	0
 481 023b 00       		.byte	0
 482 023c 00       		.byte	0
 483 023d 00       		.byte	0
 484 023e 00       		.byte	0
 485 023f 00       		.byte	0
 486 0240 00       		.byte	0
 487 0241 00       		.byte	0
 488 0242 00       		.byte	0
 489 0243 00       		.byte	0
 490 0244 00       		.byte	0
 491 0245 00       		.byte	0
 492 0246 00       		.byte	0
 493 0247 00       		.byte	0
 494 0248 00       		.byte	0
 495 0249 00       		.byte	0
 496 024a 00       		.byte	0
 497 024b 00       		.byte	0
 498 024c 00       		.byte	0
 499 024d 00       		.byte	0
 500 024e 00       		.byte	0
 501 024f 00       		.byte	0
 502 0250 73       		.byte	0x73
 503 0251 70       		.byte	0x70
 504 0252 61       		.byte	0x61
 505 0253 72       		.byte	0x72
 506 0254 65       		.byte	0x65
 507 0255 00       		.byte	0
 508 0256 00       		.byte	0
 509 0257 00       		.byte	0
 510 0258 00       		.byte	0
 511 0259 00       		.byte	0
 512 025a 00       		.byte	0
 513 025b 00       		.byte	0
ARM GAS  /tmp/cchrrld1.s 			page 10


 514 025c 00       		.byte	0
 515 025d 00       		.byte	0
 516 025e 00       		.byte	0
 517 025f 00       		.byte	0
 518 0260 00       		.byte	0
 519 0261 00       		.byte	0
 520 0262 00       		.byte	0
 521 0263 00       		.byte	0
 522 0264 00       		.byte	0
 523 0265 00       		.byte	0
 524 0266 00       		.byte	0
 525 0267 00       		.byte	0
 526 0268 00       		.byte	0
 527 0269 00       		.byte	0
 528 026a 00       		.byte	0
 529 026b 00       		.byte	0
 530 026c 00       		.byte	0
 531 026d 00       		.byte	0
 532 026e 00       		.byte	0
 533 026f 00       		.byte	0
 534 0270 00       		.byte	0
 535 0271 0C       		.uleb128 0xc
 536 0272 AF010000 		.4byte	.LASF20
 537 0276 05       		.byte	0x5
 538 0277 9806     		.2byte	0x698
 539 0279 8E000000 		.4byte	0x8e
 540 027d 00       		.byte	0
 541              		.section	.debug_abbrev,"",%progbits
 542              	.Ldebug_abbrev0:
 543 0000 01       		.uleb128 0x1
 544 0001 11       		.uleb128 0x11
 545 0002 01       		.byte	0x1
 546 0003 25       		.uleb128 0x25
 547 0004 0E       		.uleb128 0xe
 548 0005 13       		.uleb128 0x13
 549 0006 0B       		.uleb128 0xb
 550 0007 03       		.uleb128 0x3
 551 0008 0E       		.uleb128 0xe
 552 0009 1B       		.uleb128 0x1b
 553 000a 0E       		.uleb128 0xe
 554 000b 10       		.uleb128 0x10
 555 000c 17       		.uleb128 0x17
 556 000d 00       		.byte	0
 557 000e 00       		.byte	0
 558 000f 02       		.uleb128 0x2
 559 0010 24       		.uleb128 0x24
 560 0011 00       		.byte	0
 561 0012 0B       		.uleb128 0xb
 562 0013 0B       		.uleb128 0xb
 563 0014 3E       		.uleb128 0x3e
 564 0015 0B       		.uleb128 0xb
 565 0016 03       		.uleb128 0x3
 566 0017 0E       		.uleb128 0xe
 567 0018 00       		.byte	0
 568 0019 00       		.byte	0
 569 001a 03       		.uleb128 0x3
 570 001b 16       		.uleb128 0x16
ARM GAS  /tmp/cchrrld1.s 			page 11


 571 001c 00       		.byte	0
 572 001d 03       		.uleb128 0x3
 573 001e 0E       		.uleb128 0xe
 574 001f 3A       		.uleb128 0x3a
 575 0020 0B       		.uleb128 0xb
 576 0021 3B       		.uleb128 0x3b
 577 0022 0B       		.uleb128 0xb
 578 0023 49       		.uleb128 0x49
 579 0024 13       		.uleb128 0x13
 580 0025 00       		.byte	0
 581 0026 00       		.byte	0
 582 0027 04       		.uleb128 0x4
 583 0028 24       		.uleb128 0x24
 584 0029 00       		.byte	0
 585 002a 0B       		.uleb128 0xb
 586 002b 0B       		.uleb128 0xb
 587 002c 3E       		.uleb128 0x3e
 588 002d 0B       		.uleb128 0xb
 589 002e 03       		.uleb128 0x3
 590 002f 08       		.uleb128 0x8
 591 0030 00       		.byte	0
 592 0031 00       		.byte	0
 593 0032 05       		.uleb128 0x5
 594 0033 35       		.uleb128 0x35
 595 0034 00       		.byte	0
 596 0035 49       		.uleb128 0x49
 597 0036 13       		.uleb128 0x13
 598 0037 00       		.byte	0
 599 0038 00       		.byte	0
 600 0039 06       		.uleb128 0x6
 601 003a 13       		.uleb128 0x13
 602 003b 01       		.byte	0x1
 603 003c 03       		.uleb128 0x3
 604 003d 0E       		.uleb128 0xe
 605 003e 0B       		.uleb128 0xb
 606 003f 0B       		.uleb128 0xb
 607 0040 3A       		.uleb128 0x3a
 608 0041 0B       		.uleb128 0xb
 609 0042 3B       		.uleb128 0x3b
 610 0043 0B       		.uleb128 0xb
 611 0044 01       		.uleb128 0x1
 612 0045 13       		.uleb128 0x13
 613 0046 00       		.byte	0
 614 0047 00       		.byte	0
 615 0048 07       		.uleb128 0x7
 616 0049 0D       		.uleb128 0xd
 617 004a 00       		.byte	0
 618 004b 03       		.uleb128 0x3
 619 004c 08       		.uleb128 0x8
 620 004d 3A       		.uleb128 0x3a
 621 004e 0B       		.uleb128 0xb
 622 004f 3B       		.uleb128 0x3b
 623 0050 0B       		.uleb128 0xb
 624 0051 49       		.uleb128 0x49
 625 0052 13       		.uleb128 0x13
 626 0053 38       		.uleb128 0x38
 627 0054 0B       		.uleb128 0xb
ARM GAS  /tmp/cchrrld1.s 			page 12


 628 0055 00       		.byte	0
 629 0056 00       		.byte	0
 630 0057 08       		.uleb128 0x8
 631 0058 0D       		.uleb128 0xd
 632 0059 00       		.byte	0
 633 005a 03       		.uleb128 0x3
 634 005b 0E       		.uleb128 0xe
 635 005c 3A       		.uleb128 0x3a
 636 005d 0B       		.uleb128 0xb
 637 005e 3B       		.uleb128 0x3b
 638 005f 0B       		.uleb128 0xb
 639 0060 49       		.uleb128 0x49
 640 0061 13       		.uleb128 0x13
 641 0062 38       		.uleb128 0x38
 642 0063 0B       		.uleb128 0xb
 643 0064 00       		.byte	0
 644 0065 00       		.byte	0
 645 0066 09       		.uleb128 0x9
 646 0067 01       		.uleb128 0x1
 647 0068 01       		.byte	0x1
 648 0069 49       		.uleb128 0x49
 649 006a 13       		.uleb128 0x13
 650 006b 01       		.uleb128 0x1
 651 006c 13       		.uleb128 0x13
 652 006d 00       		.byte	0
 653 006e 00       		.byte	0
 654 006f 0A       		.uleb128 0xa
 655 0070 21       		.uleb128 0x21
 656 0071 00       		.byte	0
 657 0072 49       		.uleb128 0x49
 658 0073 13       		.uleb128 0x13
 659 0074 2F       		.uleb128 0x2f
 660 0075 0B       		.uleb128 0xb
 661 0076 00       		.byte	0
 662 0077 00       		.byte	0
 663 0078 0B       		.uleb128 0xb
 664 0079 34       		.uleb128 0x34
 665 007a 00       		.byte	0
 666 007b 03       		.uleb128 0x3
 667 007c 0E       		.uleb128 0xe
 668 007d 3A       		.uleb128 0x3a
 669 007e 0B       		.uleb128 0xb
 670 007f 3B       		.uleb128 0x3b
 671 0080 0B       		.uleb128 0xb
 672 0081 49       		.uleb128 0x49
 673 0082 13       		.uleb128 0x13
 674 0083 1C       		.uleb128 0x1c
 675 0084 03       		.uleb128 0x3
 676 0085 00       		.byte	0
 677 0086 00       		.byte	0
 678 0087 0C       		.uleb128 0xc
 679 0088 34       		.uleb128 0x34
 680 0089 00       		.byte	0
 681 008a 03       		.uleb128 0x3
 682 008b 0E       		.uleb128 0xe
 683 008c 3A       		.uleb128 0x3a
 684 008d 0B       		.uleb128 0xb
ARM GAS  /tmp/cchrrld1.s 			page 13


 685 008e 3B       		.uleb128 0x3b
 686 008f 05       		.uleb128 0x5
 687 0090 49       		.uleb128 0x49
 688 0091 13       		.uleb128 0x13
 689 0092 3F       		.uleb128 0x3f
 690 0093 19       		.uleb128 0x19
 691 0094 3C       		.uleb128 0x3c
 692 0095 19       		.uleb128 0x19
 693 0096 00       		.byte	0
 694 0097 00       		.byte	0
 695 0098 00       		.byte	0
 696              		.section	.debug_aranges,"",%progbits
 697 0000 14000000 		.4byte	0x14
 698 0004 0200     		.2byte	0x2
 699 0006 00000000 		.4byte	.Ldebug_info0
 700 000a 04       		.byte	0x4
 701 000b 00       		.byte	0
 702 000c 0000     		.2byte	0
 703 000e 0000     		.2byte	0
 704 0010 00000000 		.4byte	0
 705 0014 00000000 		.4byte	0
 706              		.section	.debug_line,"",%progbits
 707              	.Ldebug_line0:
 708 0000 DF000000 		.section	.debug_str,"MS",%progbits,1
 708      0200D900 
 708      00000201 
 708      FB0E0D00 
 708      01010101 
 709              	.LASF6:
 710 0000 6C6F6E67 		.ascii	"long long int\000"
 710      206C6F6E 
 710      6720696E 
 710      7400
 711              	.LASF3:
 712 000e 73686F72 		.ascii	"short unsigned int\000"
 712      7420756E 
 712      7369676E 
 712      65642069 
 712      6E7400
 713              	.LASF16:
 714 0021 50726F74 		.ascii	"Protocol/protocol.c\000"
 714      6F636F6C 
 714      2F70726F 
 714      746F636F 
 714      6C2E6300 
 715              	.LASF17:
 716 0035 2F686F6D 		.ascii	"/home/namv1994/CFSD19/Christian STM32 code/STM32F4/"
 716      652F6E61 
 716      6D763139 
 716      39342F43 
 716      46534431 
 717 0068 53544D33 		.ascii	"STM32F4/embedded/ChibiOS/nam-test-USB/USB_CDC\000"
 717      3246342F 
 717      656D6265 
 717      64646564 
 717      2F436869 
 718              	.LASF18:
ARM GAS  /tmp/cchrrld1.s 			page 14


 719 0096 4770696F 		.ascii	"GpioRequest\000"
 719      52657175 
 719      65737400 
 720              	.LASF5:
 721 00a2 6C6F6E67 		.ascii	"long unsigned int\000"
 721      20756E73 
 721      69676E65 
 721      6420696E 
 721      7400
 722              	.LASF7:
 723 00b4 6C6F6E67 		.ascii	"long long unsigned int\000"
 723      206C6F6E 
 723      6720756E 
 723      7369676E 
 723      65642069 
 724              	.LASF15:
 725 00cb 474E5520 		.ascii	"GNU C 4.9.3 20150529 (prerelease) -mcpu=cortex-m4 -"
 725      4320342E 
 725      392E3320 
 725      32303135 
 725      30353239 
 726 00fe 6D6E6F2D 		.ascii	"mno-thumb-interwork -mthumb -ggdb -O2 -fomit-frame-"
 726      7468756D 
 726      622D696E 
 726      74657277 
 726      6F726B20 
 727 0131 706F696E 		.ascii	"pointer -falign-functions=16 -ffunction-sections -f"
 727      74657220 
 727      2D66616C 
 727      69676E2D 
 727      66756E63 
 728 0164 64617461 		.ascii	"data-sections -fno-common\000"
 728      2D736563 
 728      74696F6E 
 728      73202D66 
 728      6E6F2D63 
 729              	.LASF1:
 730 017e 756E7369 		.ascii	"unsigned char\000"
 730      676E6564 
 730      20636861 
 730      7200
 731              	.LASF10:
 732 018c 63686172 		.ascii	"char\000"
 732      00
 733              	.LASF4:
 734 0191 6C6F6E67 		.ascii	"long int\000"
 734      20696E74 
 734      00
 735              	.LASF19:
 736 019a 6D5F6770 		.ascii	"m_gpioRequests\000"
 736      696F5265 
 736      71756573 
 736      747300
 737              	.LASF13:
 738 01a9 5F426F6F 		.ascii	"_Bool\000"
 738      6C00
 739              	.LASF20:
ARM GAS  /tmp/cchrrld1.s 			page 15


 740 01af 49544D5F 		.ascii	"ITM_RxBuffer\000"
 740      52784275 
 740      66666572 
 740      00
 741              	.LASF0:
 742 01bc 7369676E 		.ascii	"signed char\000"
 742      65642063 
 742      68617200 
 743              	.LASF8:
 744 01c8 756E7369 		.ascii	"unsigned int\000"
 744      676E6564 
 744      20696E74 
 744      00
 745              	.LASF11:
 746 01d5 5F5F696E 		.ascii	"__int32_t\000"
 746      7433325F 
 746      7400
 747              	.LASF14:
 748 01df 76616C75 		.ascii	"value\000"
 748      6500
 749              	.LASF2:
 750 01e5 73686F72 		.ascii	"short int\000"
 750      7420696E 
 750      7400
 751              	.LASF12:
 752 01ef 696E7433 		.ascii	"int32_t\000"
 752      325F7400 
 753              	.LASF9:
 754 01f7 73697A65 		.ascii	"sizetype\000"
 754      74797065 
 754      00
 755              		.ident	"GCC: (15:4.9.3+svn231177-1) 4.9.3 20150529 (prerelease)"
ARM GAS  /tmp/cchrrld1.s 			page 16


DEFINED SYMBOLS
                            *ABS*:0000000000000000 protocol.c

NO UNDEFINED SYMBOLS
