ARM GAS  C:\Users\mvshv\AppData\Local\Temp\ccQPZfcQ.s 			page 1


   1              		.cpu cortex-m4
   2              		.eabi_attribute 20, 1
   3              		.eabi_attribute 21, 1
   4              		.eabi_attribute 23, 3
   5              		.eabi_attribute 24, 1
   6              		.eabi_attribute 25, 1
   7              		.eabi_attribute 26, 1
   8              		.eabi_attribute 30, 2
   9              		.eabi_attribute 34, 1
  10              		.eabi_attribute 18, 4
  11              		.file	"board.c"
  12              		.section	.gnu.lto_.profile.fb69cccc,"",%progbits
  13 0000 789C6363 		.ascii	"x\234cc```\001bF\206\234p\000\001\247\000\317"
  13      60606001 
  13      6246869C 
  13      700001A7 
  13      00CF
  14              		.text
  15              		.section	.gnu.lto_.icf.fb69cccc,"",%progbits
  16 0000 789C6363 		.ascii	"x\234cc``\020a@\000f\206\315\263{\26633v\257\332q\211"
  16      60601061 
  16      40006686 
  16      CDB37BB6 
  16      333376AF 
  17 0017 89A9A9A1 		.ascii	"\211\251\251\241u\023\037\003\000T\235\007\275"
  17      75131F03 
  17      00549D07 
  17      BD
  18              		.text
  19              		.section	.gnu.lto_.jmpfuncs.fb69cccc,"",%progbits
  20 0000 789C6363 		.ascii	"x\234cc``\340e@\000f f\0041\230\200\030\000\002H\000"
  20      6060E065 
  20      40006620 
  20      66043198 
  20      80180002 
  21 0016 1A       		.ascii	"\032"
  22              		.text
  23              		.section	.gnu.lto_.inline.fb69cccc,"",%progbits
  24 0000 789C6363 		.ascii	"x\234cc``pg@\000f\006\206\253\014W\030\030\031\230\226"
  24      60607067 
  24      40006606 
  24      86AB0C57 
  24      18181998 
  25 0015 302E68E4 		.ascii	"0.h\344b`[ \317\004\022gd`\025\003\012\002Yp\021.\030"
  25      62605B20 
  25      CF041267 
  25      64601503 
  25      0A025970 
  26 002c C1C4C0CC 		.ascii	"\301\304\300\314\204*\307\000\000I\347\006a"
  26      842AC700 
  26      0049E706 
  26      61
  27              		.text
  28              		.section	.gnu.lto_.pureconst.fb69cccc,"",%progbits
  29 0000 789C6363 		.ascii	"x\234cc```\007bf\006)F\011&\006\000\001\235\000F"
  29      60606007 
  29      62660629 
ARM GAS  C:\Users\mvshv\AppData\Local\Temp\ccQPZfcQ.s 			page 2


  29      46092606 
  29      00019D00 
  30              		.text
  31              		.section	.gnu.lto_stm32_gpio_init.fb69cccc,"",%progbits
  32 0000 789CA5DA 		.ascii	"x\234\245\332\331ST\331\035\007\360\373;\247\273i\001"
  32      D95354D9 
  32      1D07F0FB 
  32      3BA7BB69 
  32      01
  33 0011 C1242F53 		.ascii	"\301$/S\311<\3702\251L\036\244*I%\225J\236\262T%UY*"
  33      C93CF832 
  33      A94C1EA4 
  33      2A492595 
  33      4A9EB254 
  34 0029 D14A250F 		.ascii	"\321J%\017\251\251\231\311d2U\2518\225\371\003\274,"
  34      A9A999C9 
  34      643255A9 
  34      3895F903 
  34      BC2C
  35 003b 228828A2 		.ascii	"\"\210(\242\200b\003\355\3126\320l\262\012\2640\243"
  35      806203ED 
  35      CA36D06C 
  35      B20AB430 
  35      A3
  36 004c A86CCAA6 		.ascii	"\250l\312\246(\014\202\202(\253\242\200=@\316\371\335"
  36      280C8282 
  36      28ABA280 
  36      3D40CEF9 
  36      DD
  37 005d 739A7B69 		.ascii	"s\232{i\332p\032JZz\271\337\357\271\347\334\373\341"
  37      DA701A4A 
  37      5A7AB9DF 
  37      EFB9E7DC 
  37      FBE1
  38 006f 36E0D034 		.ascii	"6\340\3204\355\306w5\3557\354\377\357\260O\240\032\220"
  38      EDC67735 
  38      ED37ECFF 
  38      EFB04FA0 
  38      1A90
  39 0081 B44E4D8B 		.ascii	"\264NM\213u\022\000\376\205\356\004\355\000\201\003"
  39      751200FE 
  39      85EE04ED 
  39      008103
  40 0090 70849EA4 		.ascii	"p\204\236\244\320rh\274\216\274\233\257\263\017oVED"
  40      D07268BC 
  40      8EBC9BAF 
  40      B30F6F56 
  40      4544
  41 00a2 8EDEAD53 		.ascii	"\216\336\255S\027\325\264L\366\311?\240\022\336\325"
  41      17D5B44C 
  41      F6C93FA0 
  41      12DED5
  42 00b1 D8EB46CB 		.ascii	"\330\353F\313W3v:l\306\343P\005\016\015\330\027\236"
  42      5733763A 
  42      6CC6E350 
  42      050E0DD8 
  42      179E
ARM GAS  C:\Users\mvshv\AppData\Local\Temp\ccQPZfcQ.s 			page 3


  43 00c3 3B76AFBE 		.ascii	";v\257\276\272vH\367>\270\000}\177\330\007\232\213\002"
  43      BA7648F7 
  43      3EB8007D 
  43      7FD8079A 
  43      8B02
  44 00d5 E13794DF 		.ascii	"\3417\224\337\330\370\215\235\3378\370\215\246%\261"
  44      D8F88D9D 
  44      DF38F88D 
  44      A625B1
  45 00e4 ADD91874 		.ascii	"\255\331\030t\257\226L\011\377*\336\253=\205\226\372"
  45      AF964C09 
  45      FF2ADEAB 
  45      3D8596FA 
  46 00f4 C9A18F78 		.ascii	"\311\241\217xf6\005V\225y\260\245+,\205\215\202\000"
  46      66360556 
  46      9579B0A5 
  46      2B2C858D 
  46      8200
  47 0106 6FBEEFE9 		.ascii	"o\276\357\351x\3464\356\352\356$\335\306\036\272\340"
  47      78E634EE 
  47      EAEE24DD 
  47      C61EBAE0 
  48 0116 293F036E 		.ascii	")?\003n\310\215e\243\336\355\242\024\252\341m\270\014"
  48      C88D65A3 
  48      DEEDA214 
  48      AAE16DB8 
  48      0C
  49 0127 6F6BFCF5 		.ascii	"ok\374\365\351\225\275\177\217)\321\023\300EmP\303^"
  49      E995BD7F 
  49      8F29D113 
  49      C0456D50 
  49      C35E
  50 0139 9681BB02 		.ascii	"\226\201\273\002\265\020\303\272\342\227\022\301\250"
  50      B510C3BA 
  50      E29712C1 
  50      A8
  51 0146 22469BE7 		.ascii	"\"F\233\347\340\243B\214\007X\003\250c!l@\275\207\361"
  51      E0A3428C 
  51      075803A8 
  51      63216C40 
  51      BD87F1
  52 0159 454A55F5 		.ascii	"EJU\365\353U\015\020\303\362y\320\202S%'\226?e\203+"
  52      EB550D10 
  52      C3F279D0 
  52      82532527 
  52      963F6583 
  53 016e EB498D10 		.ascii	"\353I\215\020c\236\021\033h\320d\014\261\276p\330n\354"
  53      639E111B 
  53      68D0640C 
  53      B1BE70D8 
  53      6EEC
  54 0180 08551A66 		.ascii	"\010U\032f3\206\363\305\003\357\206\031\261\261\254"
  54      3386F3C5 
  54      03EF8619 
  54      B1B1AC
  55 018f EDCCC0D5 		.ascii	"\355\314\300\325\365\350\026>\0036\034\347\016#\334"
  55      F5E8163E 
ARM GAS  C:\Users\mvshv\AppData\Local\Temp\ccQPZfcQ.s 			page 4


  55      03361CE7 
  55      0E23DC
  56 019e AE14D58A 		.ascii	"\256\024\325\212Q\204G}\261a\224<k;\243\374r=\372\032"
  56      5184477D 
  56      B161943C 
  56      6B3BA3FC 
  56      723DFA1A 
  57 01b2 1FA5431B 		.ascii	"\037\245C\033\207\270\335\"\346vB\231\213\362\231\266"
  57      87B8DD22 
  57      E6764299 
  57      8BF299B6 
  58 01c2 033FD0E6 		.ascii	"\003?\320\346;\262\307\242\370]\007\354fwS\036\027\304"
  58      3BB2C7A2 
  58      F85D07EC 
  58      6677531E 
  58      17C4
  59 01d4 12FA733C 		.ascii	"\022\372s<,\253\347\263J\340\235\363\272\036\247{;K"
  59      2CABE7B3 
  59      4AE09DF3 
  59      BA1EA77B 
  59      3B4B
  60 01e6 BE7D365E 		.ascii	"\276}6^o\323m.\032\0067\200\262\223\004\332X\377u\336"
  60      6FD36D2E 
  60      1A063780 
  60      B29304DA 
  60      58FF75DE 
  61 01fa CF8B6EC2 		.ascii	"\317\213n\302;\374\034\212\3130\2261\014\370\351f\203"
  61      3BFC1C8A 
  61      CB309631 
  61      0CF8E966 
  61      83
  62 020b 5BEC7956 		.ascii	"[\354yV\356\366eR\321?\271\352\231\260\321_`\303ZS\336"
  62      EEF66552 
  62      D13FB9EA 
  62      99B0D15F 
  62      60C35A53 
  63 0220 4B5B6083 		.ascii	"K[`\203\023\3327i\350\300\006\377\201\262\003\023\342"
  63      13DA3769 
  63      E8C006FF 
  63      81B20313 
  63      E2
  64 0231 5F37BF88 		.ascii	"_7\277\210:\260\242\277\305\036p\363\003\212=\266|{"
  64      3AB0A2BF 
  64      C51E70F3 
  64      038A3DB6 
  64      7C7B
  65 0243 3A29824F 		.ascii	":)\202O\324.\027\015\207.\346@\247\230\245\326\354\265"
  65      D42E170D 
  65      872EE640 
  65      A798A5D6 
  65      ECB5
  66 0255 B948364D 		.ascii	"\271H6Mi\272\356.\316\372\253\213F@7\316\225\330\322"
  66      69BAEE2E 
  66      CEFAAB8B 
  66      464037CE 
  66      95D8D2
  67 0268 7731BDDA 		.ascii	"w1\275\332\311\322N\261\347\243\3708nC\214!\301\035"
ARM GAS  C:\Users\mvshv\AppData\Local\Temp\ccQPZfcQ.s 			page 5


  67      C9D24EB1 
  67      E7A3F838 
  67      6E438C21 
  67      C11D
  68 027a 3860ACC6 		.ascii	"8`\254\306\364@\001\370\261H@T\372K\035|p|\012\320\015"
  68      F44001F8 
  68      B1484054 
  68      FA4B1D7C 
  68      707C0AD0 
  69 028f B6AB664F 		.ascii	"\266\253fO\240\007\034\320\313Czq\002\374{\020\206/"
  69      A0071CD0 
  69      CB437A71 
  69      02FC7B10 
  69      862F
  70 02a1 2BEDEF98 		.ascii	"+\355\357\230\210b\243e+\027\311\247\013\372\304`\037"
  70      8862A365 
  70      2B17C9A7 
  70      0BFAC460 
  70      1F
  71 02b2 759EB916 		.ascii	"u\236\271\026e\2343n_\306[|a\373q\260F\244\006\003x"
  71      659C336E 
  71      5FC65B7C 
  71      61FB71B0 
  71      46A40603 
  72 02c7 E678A6EA 		.ascii	"\346x\246\352\226w\032g\267\006w\345A\263\302\206)\372"
  72      96771A67 
  72      B70677E5 
  72      41B3C286 
  72      29FA
  73 02d9 B654F001 		.ascii	"\266T\360\001\217\277\207\361v\021?\310\366\335\237"
  73      8FBF87F1 
  73      76113FC8 
  73      F6DD9F
  74 02e8 977A2F84 		.ascii	"\227z/\204\274\373\230\347\020y\017p\270Cm\205\305T"
  74      BCFB98E7 
  74      10790F70 
  74      B8436D85 
  74      C554
  75 02fa 60C43EA2 		.ascii	"`\304>\242aHV\344\204R1\214\025a\242\342+\254\030-J"
  75      614856E4 
  75      8452318C 
  75      1561A2E2 
  75      2BAC182D 
  76 030f AAB71B15 		.ascii	"\252\267\033\025E\307u7\201\021YQ\022J\305C\254p\212"
  76      45C77537 
  76      81115951 
  76      124AC543 
  76      AC708A
  77 0322 8A51ACB8 		.ascii	"\212Q\254\270\370\3327\347\337\013\012c\262\2401\224"
  77      F8DA37E7 
  77      DF0B0A63 
  77      B2A03194 
  78 0332 824758B0 		.ascii	"\202GX\260C\024<\306\202\356\212\262Lb\024\260C\354"
  78      43143CC6 
  78      82EE8AB2 
  78      4C6214B0 
  78      43EC
ARM GAS  C:\Users\mvshv\AppData\Local\Temp\ccQPZfcQ.s 			page 6


  79 0344 6E048CCB 		.ascii	"n\004\214\313\212\216P*&\260\"\\T<\301\212\206\207]"
  79      8A8E502A 
  79      26B0225C 
  79      543CC18A 
  79      86875D
  80 0357 8B514645 		.ascii	"\213QFE\303\300\367aR\026\014\205R\360\024\013\"D\301"
  80      C3C0F761 
  80      52160C85 
  80      52F0140B 
  80      2244C1
  81 036a 332CE899 		.ascii	"3,\350\231\315\270.\012\364\226\242\276(\230\222\025"
  81      CDB82E0A 
  81      F496A2BE 
  81      28989215 
  82 037a D3A1544C 		.ascii	"\323\241TLcE\244\250\230\021G'\307\2458\013q\301\023"
  82      6345A4A8 
  82      98114727 
  82      C7A5380B 
  82      71C113
  83 038d D04F1D3F 		.ascii	"\320O\035?%53|J\234\315\"6\356\232\232\011\247\340,"
  83      2535337C 
  83      4A9CCD22 
  83      36EE9A9A 
  83      09A7E02C 
  84 03a1 89733667 		.ascii	"\211s6gmT%l\036S\377\277Y\317\203\230Uc\230\365\002"
  84      6D54256C 
  84      1E53FFBF 
  84      59CF8398 
  84      556398F5 
  85 03b6 67626710 		.ascii	"gbg\020\263\026\244Y/\337`\326\0143\213\215\206\357"
  85      B316A459 
  85      2FDF60D6 
  85      0C338B8D 
  85      86EF
  86 03c8 E7A666BD 		.ascii	"\347\246f\275b\023\270\310C\026q/\033O\244\365\200\\"
  86      6213B8C8 
  86      4316712F 
  86      1B4FA4F5 
  86      805C
  87 03da A539D32A 		.ascii	"\2459\323*ef\367\267\333\255H-I\244^\361\355\227\315"
  87      6566F7B7 
  87      DBAD482D 
  87      49A45EF1 
  87      ED97CD
  88 03ed 8AA04A0A 		.ascii	"\212\240J\012\211\270\356\257\245J\230\347\303C+\273"
  88      89B8EEAF 
  88      A54A98E7 
  88      C3432BBB 
  89 03fd 61E1A638 		.ascii	"a\341\2468\305\235\360\265\005)\325\370\025\211\024"
  89      C59DF0B5 
  89      0529D5F8 
  89      158914
  90 040c C6AFB2E1 		.ascii	"\306\257\262\341ZER\315[\223\"a\236N\370p[ss\023\374"
  90      5A4552CD 
  90      5B932261 
  90      9E4EF870 
  90      5B737313 
ARM GAS  C:\Users\mvshv\AppData\Local\Temp\ccQPZfcQ.s 			page 7


  91 0421 67B31362 		.ascii	"g\263\023b\211\331#\325\2028\"<\302\202x,\350JX|\022"
  91      89D923D5 
  91      8238223C 
  91      C282782C 
  91      E84A587C 
  92 0436 6D14F898 		.ascii	"m\024\370\230G\011\304\354\221j\301A\"<\302\202D,\250"
  92      4709C4EC 
  92      916AC141 
  92      223CC282 
  92      442CA8
  93 0449 991F7DB9 		.ascii	"\231\037}\271C`\021;u\321\006\207\210\331#\325\212$"
  93      4360113B 
  93      75D10687 
  93      88D923D5 
  93      8A24
  94 045b 223CC28A 		.ascii	"\"<\302\212d\254\270\177\266>\331fT\224%O\017E\300a"
  94      64ACB87F 
  94      B63ED966 
  94      5494254F 
  94      0F45C061 
  95 046f 621649B5 		.ascii	"b\026I\265\"\205\010\221\260\342\010V\024-\015\027\010"
  95      22850891 
  95      B0E20856 
  95      142D0D17 
  95      08
  96 0480 B607FBCE 		.ascii	"\266\007\373\316\365\205C*1\213\244Zq\224\010\221\260"
  96      F585432A 
  96      318BA45A 
  96      71940891 
  96      B0
  97 0491 E2185917 		.ascii	"\342\030Y\027\251F\2104k\021i~;\"\245\021nG\323\023"
  97      A9468834 
  97      6B11697E 
  97      3B22A511 
  97      6E47D313 
  98 04a5 777FB410 		.ascii	"w\177\264\020)\215\213t\234X\032UEJ'[\023\351\004\331"
  98      298D8B74 
  98      9C581A55 
  98      454A275B 
  98      13E904D9 
  99 04b9 5CA43143 		.ascii	"\\\2441C\244\2238\023QAD\312 B\244L\022\\\244k\036\007"
  99      A4933813 
  99      514144CA 
  99      2042A44C 
  99      125CA46B 
 100 04cf 1F0DDFCF 		.ascii	"\037\015\337\317ME\312\"\0168EX\010\273a\217\247\275"
 100      4D45CA22 
 100      0E384558 
 100      08BB618F 
 100      A7BD
 101 04e1 5A6C0E93 		.ascii	"Zl\016\223\253\304&\301\277J]\211k\177\262\202t\232"
 101      ABC426C1 
 101      BF4A5D89 
 101      6B7FB282 
 101      749A
 102 04f3 0890B2F8 		.ascii	"\010\220\262\370\346\331d#H[\017\304U?C\204G\030\347"
 102      E6D96423 
ARM GAS  C:\Users\mvshv\AppData\Local\Temp\ccQPZfcQ.s 			page 8


 102      485B0FC4 
 102      553F4384 
 102      4718E7
 103 0506 221BAF92 		.ascii	"\"\033\257\222\024\343r\210\360\007\343r\3618\215\257"
 103      14E37288 
 103      F007E372 
 103      F1388DAF 
 104 0516 A8B8675B 		.ascii	"\250\270g[\277H\322 \217\230IRlp\023!\0226\234\305\206"
 104      BF48D220 
 104      8F984952 
 104      6C701321 
 104      12369CC5 
 105 052b 04DF508A 		.ascii	"\004\337P\212\000\243\220M\276\006\347,&)6\234\227$"
 105      00A3904D 
 105      BE06E72C 
 105      2629369C 
 105      9724
 106 053d 61C30536 		.ascii	"a\303\0056%\326+\"\305\270\213\022 \214\273\204\003"
 106      25D62B22 
 106      C5B88B12 
 106      208CBB84 
 106      03
 107 054e 3EDFF3BC 		.ascii	">\337\363\274]\210\257\217\3140\035\362-\000)6\024H"
 107      5D88AF8F 
 107      CC301DF2 
 107      2D002936 
 107      1448
 108 0560 7FB0A110 		.ascii	"\177\260\241\020\033.\235\256\350\021\015)\372\367\240"
 108      1B2E9DAE 
 108      E8110D29 
 108      FAF7A0
 109 056f C8A28F62 		.ascii	"\310\242\217b~\261\304\007\363?\307\374\266\224\331"
 109      7EB1C407 
 109      F33FC7FC 
 109      B694D9
 110 057e 8530233F 		.ascii	"\2050#?\266/{\027\224X\354Q,(\225\364`\201\307D\317"
 110      B62F7B17 
 110      9458EC51 
 110      2C2895F4 
 110      6081C744 
 111 0593 98A0879F 		.ascii	"\230\240\207\237G\353\364\244\223m\320S\206H\2144\217"
 111      47EBF4A4 
 111      936DD053 
 111      86488C34 
 111      8F
 112 05a4 0CDA053D 		.ascii	"\014\332\005=\2478=\345\304\322\250JO\305\026\351\251"
 112      A7383DE5 
 112      C4D2A84A 
 112      4FC516E9 
 112      A9
 113 05b5 0C42CFAC 		.ascii	"\014B\317\254AO\025\316Dt\020z.Kz\252\337@\3170\243"
 113      414F15CE 
 113      4474107A 
 113      2E4B7AAA 
 113      DF40CF30 
 114 05ca 878D86EF 		.ascii	"\207\215\206\357\347\246\364\3240zj\371<\327\342\"\245"
 114      E7A6F4D4 
ARM GAS  C:\Users\mvshv\AppData\Local\Temp\ccQPZfcQ.s 			page 9


 114      307A6AF9 
 114      3CD7E222 
 114      A5
 115 05db 74C50FFB 		.ascii	"t\305\017\373\277A\224\233\026)=\241\374\276\323jO\235"
 115      BF41949B 
 115      16293DA1 
 115      FCBED36A 
 115      4F9D
 116 05ed B4A7866F 		.ascii	"\264\247\206o_\037`\217B\"\256{\203\304\007\363\256"
 116      5F1F608F 
 116      4222AE7B 
 116      83C407F3 
 116      AE
 117 05fe 04E0A39A 		.ascii	"\004\340\243\232\327(\365\301\274&\262\361\352G5\257"
 117      D728F5C1 
 117      BC26B2F1 
 117      EA4735AF 
 118 060e 595A8379 		.ascii	"YZ\203y^<\360k\033\036\235\022\357P\307\343\000\256"
 118      5E3CF06B 
 118      1B1E9D12 
 118      EF50C7E3 
 118      00AE
 119 0620 5AA4512D 		.ascii	"Z\244Q-h\221\324`A\253\361m}9nT|[_eW?_X\256~T\013\276"
 119      6891D460 
 119      41ABF16D 
 119      7D396E54 
 119      7C5B5F65 
 120 063d 94F860C1 		.ascii	"\224\370`\3015,\310\233:r\\\320\320\355\356\373\031"
 120      352CC89B 
 120      3A725CD0 
 120      D0EDEEFB 
 120      19
 121 064e 5CB7D8A3 		.ascii	"\\\267\330\243\332\320&\361\301\206\033\330p,-W\007"
 121      DAD026F1 
 121      C1861BD8 
 121      702C2D57 
 121      07
 122 065f 717DB5C8 		.ascii	"q}\265\310y\273i\341G\265\342\226\364\007+\332\261\242"
 122      79BB69E1 
 122      47B5E296 
 122      F4072BDA 
 122      B1A2
 123 0671 70606D50 		.ascii	"p`mP\220\237\334W\310.~:,\000\251VtJ\201\260\242\313"
 123      909FDC57 
 123      C82E7E3A 
 123      2C00A956 
 123      744A81B0 
 124 0687 24D0AC10 		.ascii	"$\320\254\020\250\314\"P\305v\004\352F+&}U\313\021B"
 124      A8CC2250 
 124      C57604EA 
 124      462B267D 
 124      55CB1142 
 125 069b 203717E8 		.ascii	" 7\027\3506\2614\252\012tg\213\002\365\004\021\310g"
 125      36B134AA 
 125      0A74678B 
 125      02F50411 
 125      C867
ARM GAS  C:\Users\mvshv\AppData\Local\Temp\ccQPZfcQ.s 			page 10


 126 06ad 08D48B33 		.ascii	"\010\324\2133\261+\210@}R\240\3767\010\364\212\011\304"
 126      B12B8840 
 126      7D52A0FE 
 126      3708F48A 
 126      09C4
 127 06bf 46C3F773 		.ascii	"F\303\367sS\201\006\230@w\371<\337\305U:\227\237ZK\344"
 127      53810698 
 127      4077F93C 
 127      DFC5553A 
 127      979F5A4B 
 128 06d4 2ADD36AD 		.ascii	"*\3356\255\322\322\315\232\253\321V\201\356I\201\006"
 128      D2D2CD9A 
 128      ABD15681 
 128      EE498106 
 129 06e4 F8F68301 		.ascii	"\370\366\203\001\002)$\032?\324\221\002a\336\203\000"
 129      0229241A 
 129      3FD49102 
 129      61DE8300 
 130 06f4 8154F386 		.ascii	"\201T\363\206\244@\2307\034 \220j\336WR \314\033\301"
 130      A4409837 
 130      1C20906A 
 130      DE575220 
 130      CC1BC1
 131 0707 437FFA4E 		.ascii	"C\177\372Nkq\2048\364uo\221\035\036Z\014R\255\030\225"
 131      6B718438 
 131      F4756F91 
 131      1D1E5A0C 
 131      52AD1895 
 132 071b 0661C518 		.ascii	"\006a\305\030Vt\270]\335\342-\336\332\012\205G\026\203"
 132      5674B85D 
 132      DDE22DDE 
 132      DA0A8547 
 132      1683
 133 072d 540B1E4B 		.ascii	"T\013\036K\203\260`\034\013\232[=\256Hq\001\224\275"
 133      83B0601C 
 133      0B9A5B3D 
 133      AE487101 
 133      94BD
 134 073f 30E38009 		.ascii	"0\343\200\011\013B\252\025O$BX1\211\025Y\211\355\011"
 134      0B42AA15 
 134      4F244258 
 134      31891559 
 134      89ED09
 135 0752 0EA362A4 		.ascii	"\016\243b\244\267\210\011\361\324\202\220j\3053\211"
 135      B78809F1 
 135      D482906A 
 135      C53389
 136 0761 10564C61 		.ascii	"\020VLaEO\\o\203\270\010z\330{\211UL[\020R\255\230\221"
 136      454F5C6F 
 136      83B8087A 
 136      D87B8955 
 136      4C5B1052 
 137 0778 0861C5AC 		.ascii	"\010a\305\254\011!\237@\250\333\202\320\235\355 4\207"
 137      09219F40 
 137      A8DB82D0 
 137      9DED2034 
 137      87
ARM GAS  C:\Users\mvshv\AppData\Local\Temp\ccQPZfcQ.s 			page 11


 138 0789 5C144D8E 		.ascii	"\\\024M\216z\302\005B\005\034\241ybiTE\350\371\026\021"
 138      7AC20542 
 138      051CA179 
 138      62695445 
 138      E8F91611 
 139 079d 7A1104A1 		.ascii	"z\021\004\241|\027\"\264\2003\361\215 \010\275\224\010"
 139      7C1722B4 
 139      8033F18D 
 139      2008BD94 
 139      08
 140 07ae BD7A0342 		.ascii	"\275z\003B\235\265\016>\032\276\237\233\"\264\310\020"
 140      9DB50E3E 
 140      1ABE9F9B 
 140      22B4C810 
 141 07be 5AE2F3BC 		.ascii	"Z\342\363\274\204\253\224\276x\2455\\\256\322\274i\225"
 141      84AB94BE 
 141      78A5355C 
 141      AED2BC69 
 141      95
 142 07cf F2       		.ascii	"\362"
 143 07d0 4ABD9723 		.ascii	"J\275\227#\255\010-K\204\026\371\366\257\003\020RH\304"
 143      AD082D4B 
 143      8416F9F6 
 143      AF031052 
 143      48C4
 144 07e2 75F74984 		.ascii	"u\367I\2040\357\353\000\204T\363V$B\230\267\032\200"
 144      30EFEB00 
 144      8454F356 
 144      244298B7 
 144      1A80
 145 07f4 906ADE9A 		.ascii	"\220j\336\232D\010\363tj\032_I(y\261T\210\203yqt\343"
 145      4408F374 
 145      6A1A5F49 
 145      2879B154 
 145      88837971 
 146 080a 1B2CD5BC 		.ascii	"\033,\325\274x*\200\301\274\004\363\370:B\311;H\205"
 146      782A80C1 
 146      BC04F3F8 
 146      3A42C93B 
 146      4885
 147 081c 26989768 		.ascii	"&\230\227h\316\033\012%\357\020\025t`^\0225\255\307"
 147      CE1B0A25 
 147      EF101574 
 147      605E1235 
 147      ADC7
 148 082e 742879C9 		.ascii	"t(y\311T8\201y\207\351\272\023\371.\303\2119\213\023"
 148      54388179 
 148      87E9BA13 
 148      F92EC389 
 148      398B13
 149 0841 CFB7E344 		.ascii	"\317\267\343D\012\305_T\265U\217D\012'\312\270\023G"
 149      0AC55F54 
 149      B5558F44 
 149      0A27CAB8 
 149      1347
 150 0853 A8A551D5 		.ascii	"\250\245Q\325\211T\2725'\216\322\315\235\2504\2348\206"
 150      8954BA35 
ARM GAS  C:\Users\mvshv\AppData\Local\Temp\ccQPZfcQ.s 			page 12


 150      278ED2CD 
 150      9DA8349C 
 150      3886
 151 0865 33F1CD20 		.ascii	"3\361\315 N\244Q\341\304q\032\334\211q\346\004\033\015"
 151      4EA451E1 
 151      C4711ADC 
 151      8971E604 
 151      1B0D
 152 0877 DFCF4D9D 		.ascii	"\337\317M\235H\247\0168\301O&v\303\036?\332\322{\204"
 152      48A70E38 
 152      C14F2676 
 152      C31E3FDA 
 152      D27B84
 153 088a CA556293 		.ascii	"\312Ub\223\340_\245\027\347\017\315\207[\2358I\205\023"
 153      E05FA517 
 153      E70FCD87 
 153      5B9D3849 
 153      8513
 154 089c E97CFB0C 		.ascii	"\351|\373\014\272\321\011\205D\\\367L*\234\300\274,"
 154      BAD10985 
 154      445CF74C 
 154      2A9CC0BC 
 154      2C
 155 08ad BAD109D5 		.ascii	"\272\321\011\325\274ST8\201y\247\315y9\241\344eS\341"
 155      BC535438 
 155      8179A7CD 
 155      7939A1E4 
 155      6553E1
 156 08c0 04E69D09 		.ascii	"\004\346\235\011pB5\317%\235\300\274\234\000'T\363r"
 156      704235CF 
 156      259DC0BC 
 156      9C002754 
 156      F372
 157 08d2 A5139897 		.ascii	"\245\023\230\227\027\340\204j\236[:\201yg\003\234P\315"
 157      17E0846A 
 157      9E5B3A81 
 157      7967039C 
 157      50CD
 158 08e4 3B279DC0 		.ascii	";'\235\300\274\363\001N\250\346]\220N`\336E\223\023"
 158      BCF3014E 
 158      A8E65D90 
 158      4E60DE45 
 158      9313
 159 08f6 95C2097E 		.ascii	"\225\302\011~\320\257;\221J\267\341\304%<\243\347\033"
 159      D0AF3B91 
 159      4AB7E1C4 
 159      253CA3E7 
 159      1B
 160 0907 D76EC937 		.ascii	"\327n\31175\265\334\211|jiTu\242`\213N\024\006q\242"
 160      35B5DC89 
 160      7C6A6954 
 160      75A2608B 
 160      4E140671 
 161 091c D970A208 		.ascii	"\331p\242\010g\342[A\234(\226N|\376\006'V\231\023l4"
 161      67E25B41 
 161      9C28964E 
 161      7CFE0627 
ARM GAS  C:\Users\mvshv\AppData\Local\Temp\ccQPZfcQ.s 			page 13


 161      5699136C 
 162 0931 7C3F3775 		.ascii	"|?7u\242\2049Q\312\347\271\024Wil!\273\312\377\263\257"
 162      A2843951 
 162      CAE7B914 
 162      57696C21 
 162      BBCAFFB3 
 163 0946 7CD32AA5 		.ascii	"|\323*\245\367'W\206Y\235\360H'J\370\366e\001N($\342"
 163      F7275786 
 163      599DF048 
 163      274AF8F6 
 163      65014E28 
 164 095c BA974B27 		.ascii	"\272\227K'0\257\"\300\011\325\274J\351\004\346UQ~\351"
 164      30AF22C0 
 164      09D5BC4A 
 164      E904E655 
 164      517EE9
 165 096f 5BFA7CA1 		.ascii	"[\372|\241T\\]G\303ejfC5\276Z\262\201\3615\001l\250"
 165      545C5D47 
 165      C3656A66 
 165      4335BE5A 
 165      B281F135 
 166 0986 E6D54A36 		.ascii	"\346\325J60\257.\200\015\325\274z\311\006\3465\004\260"
 166      30AF2E80 
 166      0DD5BC7A 
 166      C906E635 
 166      04B0
 167 0998 A19A7745 		.ascii	"\241\232wE\262\201y\215\001l\250\3465I60\257\031\227"
 167      B281798D 
 167      016CA8E6 
 167      35493630 
 167      AF1997
 168 09ab A7AE2EE5 		.ascii	"\247\256.\345\261\370)\325\034\376a\202\227\232%Q\255"
 168      B1F829D5 
 168      1CFE6182 
 168      979A2551 
 168      AD
 169 09bc B82A25C1 		.ascii	"\270*%\301\212\026\223$\315B\222K\026I\012\370\275\031"
 169      8A169324 
 169      CD42924B 
 169      16490AF8 
 169      BD19
 170 09ce FEABE51C 		.ascii	"\376\253\345\034\374\203\037<\231\223\330\031\223\326"
 170      FC831F3C 
 170      9993D819 
 170      93D6
 171 09dc A9114DFB 		.ascii	"\251\021M\373\351\236=1\376\177\373?\213\371\327\373"
 171      E99E3D31 
 171      FE7FFB3F 
 171      8BF9D7FB 
 172 09ec FF8EF960 		.ascii	"\377\216\371`\377\373\377\375\307g1{\367\275\267w\337"
 172      FFFBFFFD 
 172      C767317B 
 172      F7BDB777 
 172      DF
 173 09fd EF7FF883 		.ascii	"\357\177\370\203\337\375\350'?~\357W\277\335\373\313"
 173      DFFDE827 
 173      3F7EEF57 
ARM GAS  C:\Users\mvshv\AppData\Local\Temp\ccQPZfcQ.s 			page 14


 173      BFDDFBCB 
 174 0a0d 3FFEE5D7 		.ascii	"?\376\345\327\177\376\233\361\354\236\0175\373\307\237"
 174      7FFE9BF1 
 174      EC9E0F35 
 174      FBC79F
 175 0a1c 7EB2FF53 		.ascii	"~\262\377S\307\207\373\377\363\317O>\376\037\314,\336"
 175      C787FBFF 
 175      F3CF4F3E 
 175      FE1FCC2C 
 175      DE
 176 0a2d 57       		.ascii	"W"
 177              		.text
 178              		.section	.gnu.lto___early_init.fb69cccc,"",%progbits
 179 0000 789C6363 		.ascii	"x\234cc``\270\004\304\326@,\015\304\214\314\014\214"
 179      6060B804 
 179      C4D6402C 
 179      0DC48CCC 
 179      0C8C
 180 0012 4C13CE31 		.ascii	"L\023\316104r012\202\030\015\034\214\014\365L\214\365"
 180      30347230 
 180      31328218 
 180      0D1C8C0C 
 180      F54C8CF5 
 181 0026 8C3DCC53 		.ascii	"\214=\314S\230\031\017\265?\333\311\244\271\274\001"
 181      98190FB5 
 181      3FDBC9A4 
 181      B9BC01
 182 0035 080E4C9F 		.ascii	"\010\016L\237\304\337\326\320*1\207\231\201a\032\020"
 182      C4DFD6D0 
 182      2A318799 
 182      81611A10 
 183 0045 8300E366 		.ascii	"\203\000\343fFM\006\240\262G\033\377M\345ec\201\210"
 183      464D06A0 
 183      B2471BFF 
 183      4DE56563 
 183      8188
 184 0057 336E6164 		.ascii	"3nadc`\0042\326_b=\320\360\357\177{\303\2013\213\031"
 184      63600432 
 184      D65F623D 
 184      D0F0EF7F 
 184      7BC38133 
 185 006d 67FBB330 		.ascii	"g\373\26300t\000\345\201\2264\034`\350df\002\261\232"
 185      307400E5 
 185      8196341C 
 185      60E86466 
 185      02B19A
 186 0080 0F30BC61 		.ascii	"\0170\274al^\260~\0363X\027\320\250\235;\337\334f\257"
 186      6C5EB07E 
 186      1E335817 
 186      D0A89D3B 
 186      DFDC66AF 
 187 0094 FFDBC031 		.ascii	"\377\333\3001\207\231q\0323\320\030\306\255\214\365"
 187      8799711A 
 187      33D018C6 
 187      AD8CF5
 188 00a3 0C7380CA 		.ascii	"\014s\200\312A\0127\312aW\307\004T\267\015\252\356\035"
 188      410A37CA 
ARM GAS  C:\Users\mvshv\AppData\Local\Temp\ccQPZfcQ.s 			page 15


 188      6157C704 
 188      54B70DAA 
 188      EE1D
 189 00b5 63D382ED 		.ascii	"c\323\202\355\363\030\301\012A\240\003h\012\320*\240"
 189      F318C10A 
 189      41A00368 
 189      0AD02AA0 
 190 00c5 124B3D3D 		.ascii	"\022K==}8\312/\326\317H\314\321O\312O,J)\326\017\016"
 190      7D38CA2F 
 190      D6CF48CC 
 190      D14FCA4F 
 190      2C4A29D6 
 191 00db 890F0EF1 		.ascii	"\211\017\016\36156\362117\213w\361\014v\366\017s\015"
 191      3536F231 
 191      31378B77 
 191      F10C76F6 
 191      0F730D
 192 00ee 8A84C8EA 		.ascii	"\212\204\310\352%3\000\000^gWX"
 192      25330000 
 192      5E675758 
 193              		.text
 194              		.section	.gnu.lto_boardInit.fb69cccc,"",%progbits
 195 0000 789C6363 		.ascii	"x\234cc``\250\003bk \226\006bFf\006F\246\011\347\030"
 195      6060A803 
 195      626B2096 
 195      06624666 
 195      0646A609 
 196 0016 181A3998 		.ascii	"\030\0329\230\030\031A\214\006\016F\206z&\306z\306\036"
 196      1819418C 
 196      060E4686 
 196      7A26C67A 
 196      C61E
 197 0028 E629CC8C 		.ascii	"\346)\314\214\207\332\237\355d\322\\\336\000\004\007"
 197      87DA9FED 
 197      64D25CDE 
 197      000407
 198 0037 A6DF136A 		.ascii	"\246\337\023jkh\225\230\303\314\3000\015\210A\200q3"
 198      6B689598 
 198      C3CCC030 
 198      0D884180 
 198      7133
 199 0049 A3260350 		.ascii	"\243&\003P\331\243\215\377\246\362\262\261@\304\031"
 199      D9A38DFF 
 199      A6F2B2B1 
 199      40C419
 200 0058 B730B231 		.ascii	"\2670\26210\002\031\353/\261\036h\370\367\277\275\341"
 200      300219EB 
 200      2FB11E68 
 200      F8F7BFBD 
 200      E1
 201 0069 C097458C 		.ascii	"\300\227E\214\237\203\230\030\030:\200\362@K\032\016"
 201      9F839818 
 201      183A80F2 
 201      404B1A0E 
 202 0079 30743233 		.ascii	"0t23\201X\315\007\030\33616)\200\265\200@\0073#H\030"
 202      8158CD07 
 202      18DE3136 
ARM GAS  C:\Users\mvshv\AppData\Local\Temp\ccQPZfcQ.s 			page 16


 202      2980B580 
 202      40073323 
 203 008f A8D4524F 		.ascii	"\250\324ROO\037\216\362\213\3653\022s\364\223\362\023"
 203      4F1F8EF2 
 203      8BF53312 
 203      73F493F2 
 203      13
 204 00a0 8B528AF5 		.ascii	"\213R\212\365\203C\342\203C|\215\215|L\314\315\342]"
 204      8343E283 
 204      437C8D8D 
 204      7C4CCCCD 
 204      E25D
 205 00b2 3C839DFD 		.ascii	"<\203\235\375\303\\\203\"!\262z\311\014\000<\221<j"
 205      C35C8322 
 205      21B27AC9 
 205      0C003C91 
 205      3C6A
 206              		.text
 207              		.section	.gnu.lto_.symbol_nodes.fb69cccc,"",%progbits
 208 0000 789C55C8 		.ascii	"x\234U\310\313\011\200@\014\000\321I\002[\227\326a1"
 208      CB098040 
 208      0C00D149 
 208      025B97D6 
 208      6131
 209 0012 4909D6B0 		.ascii	"I\011\326\260]\370\005\301\2635X\211l\020<x\030\006"
 209      5DF805C1 
 209      B3355889 
 209      6C103C78 
 209      1806
 210 0024 5E01860C 		.ascii	"^\001\206\014]\324a\274 7\305\021%mU\227\317\346\350"
 210      5DD461BC 
 210      2037C511 
 210      256D5597 
 210      CFE6E8
 211 0037 533675FD 		.ascii	"S6u\375\211\354\352\366\012Dt`\002\365~\304\3048\363"
 211      89ECEAF6 
 211      0A447460 
 211      02F57EC4 
 211      C438F3
 212 004a 3461D318 		.ascii	"4a\323\030?"
 212      3F
 213              		.text
 214              		.section	.gnu.lto_.refs.fb69cccc,"",%progbits
 215 0000 789C6363 		.ascii	"x\234cc```\004b\006\000\000D\000\010"
 215      60606004 
 215      62060000 
 215      440008
 216              		.text
 217              		.section	.gnu.lto_.decls.fb69cccc,"",%progbits
 218 0000 789CD559 		.ascii	"x\234\325YkPTI\226\256\274Y\005T\361\320\000c\306\235"
 218      6B505449 
 218      96AEBC59 
 218      0554F1D0 
 218      0063C69D 
 219 0014 31768D0E 		.ascii	"1v\215\016\307\346\317\210`O\333\273\261\261\021\012"
 219      C7E6CF88 
 219      604FDBBB 
ARM GAS  C:\Users\mvshv\AppData\Local\Temp\ccQPZfcQ.s 			page 17


 219      B1B1110A 
 220 0024 74EBAE3D 		.ascii	"t\353\256=\022\205\335\023\035\303.M\003v\023\203\340"
 220      1285DD13 
 220      1DC32E4D 
 220      03761383 
 220      E0
 221 0035 42B96BC7 		.ascii	"B\271k\307\374\330\313CA\020\005\001\021\020E\021Ea"
 221      FCD8CB43 
 221      41100501 
 221      11104511 
 221      4561
 222 0047 106D6815 		.ascii	"\020mh\025\020J^\"\010M\303\010\210\200H\013\">x\265"
 222      104A5E22 
 222      084DC308 
 222      8880480B 
 222      223E78B5 
 223 005b 888AB027 		.ascii	"\210\212\260'3o\325\315\272U\304\366\314\356\237\255"
 223      336FD5CD 
 223      BA55C4F6 
 223      CCEE9FAD 
 224 006b A8AF6E9E 		.ascii	"\250\257n\236\233\337='\363\3449\371\270e\247R\251\246"
 224      9BDF3D27 
 224      F3E439F9 
 224      B865A752 
 224      A9A6
 225 007d FF4EA54A 		.ascii	"\377N\245JW\253T>H\245Z\204\017\024U7T\362\207\310U"
 225      57AB543E 
 225      48A55A84 
 225      0F145537 
 225      54F287C8 
 226 0092 80EB805A 		.ascii	"\200\353\200ZE\235\351\363\237\360\2543\\?\007\274\013"
 226      459DE9F3 
 226      9FF0AC33 
 226      5C3F07BC 
 226      0B
 227 00a3 F002793D 		.ascii	"\360\002y=\240\035\312\256\200\025\200\235 \307\000"
 227      A01DCAAE 
 227      8015809D 
 227      20C700
 228 00b2 F200C701 		.ascii	"\362\000\307\001'\000\241\210\325\351\340\372.\340o"
 228      2700A188 
 228      D5E9E0FA 
 228      2EE06F
 229 00c1 0159804F 		.ascii	"\001Y\200O\000\277\003\004\001~\017\370\024\360\257"
 229      00BF0304 
 229      017E0FF8 
 229      14F0AF
 230 00d0 80CF0181 		.ascii	"\200\317\001\201\200\000\300Q\300a@\006 \025p\004\220"
 230      8000C051 
 230      C0614006 
 230      20157004 
 230      90
 231 00e1 06C80408 		.ascii	"\006\310\004\010R\233\013\240\014_U!\262l\357\037A\306"
 231      529B0BA0 
 231      0C5F5521 
 231      B26CEF1F 
 231      41C6
ARM GAS  C:\Users\mvshv\AppData\Local\Temp\ccQPZfcQ.s 			page 18


 232 00f3 527BCF42 		.ascii	"R{\317B\271R\272\217\245~V-\321\317\377\222\364}.\311"
 232      B952BA8F 
 232      A57E562D 
 232      D1CFFF92 
 232      F47D2EC9 
 233 0107 48F289F2 		.ascii	"H\362\211\362\223\201Q\345\215\353\265\216\367\321\000"
 233      938151E5 
 233      8DEBB58E 
 233      F7D100
 234 0116 82B6A0E5 		.ascii	"\202\266\240\345\214\215\330/\\\011\250\274h\372 v\037"
 234      8C8DD82F 
 234      5C09A8BC 
 234      68FA2076 
 234      1F
 235 0127 EE0AEC22 		.ascii	"\356\012\354\"Q\211`z\004\231\357\010\222\016\301\244"
 235      5189607A 
 235      0499EF08 
 235      920EC1A4 
 236 0137 977E2505 		.ascii	"\227~%\005\210\327\312\352\2319\323\207\265\234\025"
 236      88D7CAEA 
 236      9939D387 
 236      B59C15
 237 0146 B8E7D82D 		.ascii	"\270\347\330-A6\306=b\325V\225\271\332\334(\271\223"
 237      4136C63D 
 237      62D55695 
 237      B9DADC28 
 237      B993
 238 0158 4872C29D 		.ascii	"Hr\302\235\247\007K\235\206\320 \324~\006\243\344\260"
 238      A7074B9D 
 238      86D020D4 
 238      7E06A3E4 
 238      B0
 239 0169 0B91BB13 		.ascii	"\013\221\273\023\363=W1\026h\271\356~\362s{\354J\313"
 239      F33D5731 
 239      1668B9EE 
 239      7EF2737B 
 239      EC4ACB
 240 017c AFCBD245 		.ascii	"\257\313\322E\273u%\"\3738\344b\025\372\026a\223C\033"
 240      BB752522 
 240      FB38E462 
 240      15FA1661 
 240      93431B
 241 018f 175F1A97 		.ascii	"\027_\032\227%c\344\252C\002\210\235\223\267\363\034"
 241      2563E4AA 
 241      4302889D 
 241      93B7F31C 
 242 019f 415CA143 		.ascii	"A\\\241C\313A,9\270\230\241Yy\224<\230\032'.\027\320"
 242      CB412C39 
 242      B898A159 
 242      79943C98 
 242      1A272E17 
 243 01b4 E73F43D7 		.ascii	"\347?C\327\320*t\025\255\202\346T\242\225\360\033\241"
 243      D02A7415 
 243      AD82E654 
 243      A295F01B 
 243      A1
 244 01c5 669A7A63 		.ascii	"f\232zc\273\237:\277\223/\032\207D\343\243\2345\177"
ARM GAS  C:\Users\mvshv\AppData\Local\Temp\ccQPZfcQ.s 			page 19


 244      BB9F3ABF 
 244      932F1A87 
 244      44E3A39C 
 244      357F
 245 01d7 AA1C1345 		.ascii	"\252\034\023E\235\232\220P\005\302\350\012ZG\272PAL"
 245      9D9A9050 
 245      05C2E80A 
 245      5A47BA50 
 245      414C
 246 01e9 A3723484 		.ascii	"\243r4\204\3207\350>\364\240\012\275\003\017O=;\334"
 246      D037E83E 
 246      F4A00ABD 
 246      030F4F3D 
 246      3BDC
 247 01fb BE0C1F42 		.ascii	"\276\014\037B\264\305-\217\026\215\366\240)\0374\265"
 247      B4C52D8F 
 247      168DF6A0 
 247      291F34B5 
 248 020b 573BE588 		.ascii	"W;\345\210\306Xh\200@UU\313\252\252\225\252\256SU\267"
 248      C6586880 
 248      405555CB 
 248      AAAA95AA 
 248      AE5355B7 
 249 021f 4707FE88 		.ascii	"G\007\376\210s\231\246\033c\3115v\240\251\0144\275\376"
 249      7399A61B 
 249      63C93576 
 249      A0A90C34 
 249      BDFE
 250 0231 670B4535 		.ascii	"g\013E5\262\242\032\245\242Z\252H\034\253\352_\206\013"
 250      B2A21AA5 
 250      A25AAA48 
 250      1CABEA5F 
 250      860B
 251 0243 99A6C317 		.ascii	"\231\246\303\027\222j\264\240iH\024\215/K?\270p`\177"
 251      926AB4A0 
 251      6948148D 
 251      2F4B3FB8 
 251      70607F
 252 0256 8A780A51 		.ascii	"\212x\012Q\037 \243\254\312(y\026\335\240*\276\217/"
 252      1F20A3AC 
 252      CA287916 
 252      DDA02ABE 
 252      8F2F
 253 0268 3B8E9977 		.ascii	";\216\231w\325\244\227m9?\2700\357\256\006q\246\241"
 253      D5A4976D 
 253      393FB830 
 253      EFAE0671 
 253      A6A1
 254 027a 6846F27D 		.ascii	"hF\362}*\0029\255\376\305\214#\036g\006\007\232\317"
 254      2A0239AD 
 254      FEC58C23 
 254      1E670607 
 254      9ACF
 255 028c 179347DF 		.ascii	"\027\223G\337\325!\022\034\313\340\326\305\247\327^"
 255      D521121C 
 255      CBE0D6C5 
 255      A7D75E
ARM GAS  C:\Users\mvshv\AppData\Local\Temp\ccQPZfcQ.s 			page 20


 256 029b 39B35B84 		.ascii	"9\263[\204\321yx\372\214=\236\240t\341\376\3357\375"
 256      D17978FA 
 256      8C3D9EA0 
 256      74E1FEDD 
 256      37FD
 257 02ad 2E48E79E 		.ascii	".H\347\236(\212\261b~\234\250\335\242B\3650Ru0R\250"
 257      288AB162 
 257      7E9CA8DD 
 257      A242F530 
 257      52753052 
 258 02c2 05B99387 		.ascii	"\005\271\223\207H\033\321M\270\331\0047\317\222A5\366"
 258      481BD14D 
 258      B8D90437 
 258      CF924135 
 258      F6
 259 02d3 D4FE53F6 		.ascii	"\324\376S\366\264(\256F\267\220\0165\313\375xW\307\006"
 259      B428AE46 
 259      B7900E35 
 259      CBFD7857 
 259      C706
 260 02e5 F5FC99B4 		.ascii	"\365\374\231\264\323v\370\001\215*\241*w\244QX\312F"
 260      D376F801 
 260      8D2AA12A 
 260      77A45158 
 260      CA46
 261 02f7 DBD23606 		.ascii	"\333\3226\006\336i\332G\334~\033l\264\3126\300$3r\254"
 261      DE69DA47 
 261      DC7E1B6C 
 261      B4CA36C0 
 261      243372AC 
 262 030b F392AF0E 		.ascii	"\363\222\257\016\224\306\375$\245$,\333n\366KnM$\216"
 262      94C6FD24 
 262      A5242CDB 
 262      6EF64B6E 
 262      4D248E
 263 031e 9B2F1AFD 		.ascii	"\233/\032\375\031n\302\324+yc\261\017\235p\007\023\276"
 263      196EC2D4 
 263      2B7963B1 
 263      0F9D7007 
 263      13BE
 264 0330 1DBDD5A4 		.ascii	"\035\275\325\244cD\221\020\027\353^\366:\343nV)\276"
 264      63449110 
 264      17EB5EF6 
 264      3AE36E56 
 264      29BE
 265 0342 6DAB71C4 		.ascii	"m\253q\304CLH|\220\320%1\347h\014\366T\236s\306\343"
 265      434C487C 
 265      90D02531 
 265      E7680CF6 
 265      549E73C6 
 266 0357 ACB2642C 		.ascii	"\254\262d,\263\004\343\027LX||\267@\313\230\223\324"
 266      B304E317 
 266      4C587C7C 
 266      B740CB98 
 266      93D4
 267 0369 E0FC7CBC 		.ascii	"\340\374|\274\032\213j\226x\365\347\213\2658\211\011"
 267      1A8B6A96 
ARM GAS  C:\Users\mvshv\AppData\Local\Temp\ccQPZfcQ.s 			page 21


 267      78F5E78B 
 267      B5388909 
 268 0379 FDA7330A 		.ascii	"\375\2473\012\325\2149F'\257\3527w\234q\006\253l\315"
 268      D58C3946 
 268      27AFEA37 
 268      779C7106 
 268      AB6CCD
 269 038c 484F76C0 		.ascii	"HOv\300'\230\020[u7M\212\204!\"\327\317\034\237r\302"
 269      2798105B 
 269      75374D8A 
 269      842122D7 
 269      CF1C9F72 
 270 03a1 45AC72AA 		.ascii	"E\254r\252\243>I\213/3\341\312\203\314Z\311z/\221O6"
 270      A33E498B 
 270      2F33E1CA 
 270      83CC5AC9 
 270      7A2F914F 
 271 03b6 9616625C 		.ascii	"\226\026b\\\311*\2151IG\005\\\317\204\256\321S\361N"
 271      C92A8D31 
 271      4947055C 
 271      CF84AED1 
 271      53F14E
 272 03c9 8CD941E4 		.ascii	"\214\331A\344\230\261\262\004\214o\263\312\352\202}"
 272      98B1B204 
 272      8C6FB3CA 
 272      EA827D
 273 03d8 E71D7037 		.ascii	"\347\035p7\023\222\033+\232$w6\0239\276=\245\337\011"
 273      13921B2B 
 273      9A247736 
 273      1339BE3D 
 273      A5DF09
 274 03eb 0FB2CAD2 		.ascii	"\017\262\312\322\261\004\243=\036\225\254?/\276\342"
 274      B104A33D 
 274      1E95AC3F 
 274      2FBEE2
 275 03fa CC9846EA 		.ascii	"\314\230F\352\213\334\311<'\374\\\322y\257\302\003\317"
 275      8BDCC93C 
 275      27FC5CD2 
 275      79AFC203 
 275      CF
 276 040b B172D1E8 		.ascii	"\261r\321\350\361C\222\361\017@<8w\251\333\021\307h"
 276      F14392F1 
 276      0F403C38 
 276      77A9DB11 
 276      C768
 277 041d 685D7B79 		.ascii	"h]{y{\262\200\223\231Pu\245\272I\303\210\353\211\216"
 277      7BB28093 
 277      995075A5 
 277      BA49C388 
 277      EB898E
 278 0430 B657252E 		.ascii	"\266W%.8\223\325\355\257\315\274\256\305'\231\220;3"
 278      3893D5ED 
 278      AFCDBCAE 
 278      C5279990 
 278      3B33
 279 0442 F058EAB8 		.ascii	"\360X\352\270;\210\015C\203\010\027\261\252'I\306\273"
 279      3B880D43 
ARM GAS  C:\Users\mvshv\AppData\Local\Temp\ccQPZfcQ.s 			page 22


 279      830817B1 
 279      AA2749C6 
 279      BB
 280 0453 02BEC404 		.ascii	"\002\276\304\004S\216\271\262\034{0\360(\311\005W\262"
 280      538EB9B2 
 280      1C7B30F0 
 280      28C90557 
 280      B2
 281 0464 BA5B5343 		.ascii	"\272[SC\235\016\270\201\011\317\343G\206\034\031q%\231"
 281      9D0EB881 
 281      09CFE347 
 281      861C1971 
 281      2599
 282 0476 3EAF1EBD 		.ascii	">\257\036\275(\340[\254\256\343\354\340\224\006\267"
 282      28E05BAC 
 282      AEE3ECE0 
 282      9406B7
 283 0485 33C13427 		.ascii	"3\3014'\272\2629\361Ub\312\031\001w\261\272\023m1}\316"
 283      BAB239F1 
 283      5562CA19 
 283      0177B1BA 
 283      136D317D 
 284 049a F83E1372 		.ascii	"\370>\023r\252~l\221\372\342\000b\361\374\211\016-~"
 284      AA7E6C91 
 284      FAE20062 
 284      F1FC890E 
 284      2D7E
 285 04ac C2EA7EB8 		.ascii	"\302\352~\270\022?\253\3063Lh\370\366\304;xN2U94\342"
 285      123FABC6 
 285      334C68F8 
 285      F6C43B78 
 285      4E325539 
 286 04c2 8217A406 		.ascii	"\202\027\244\006\306\246\234\223\334v\214\304\353\363"
 286      C6A69C93 
 286      DC768CC4 
 286      EBF3
 287 04d0 A397EBEC 		.ascii	"\243\227\353\354\330\204a\324\202\234umx\322\005\307"
 287      D88461D4 
 287      829C756D 
 287      78D205C7 
 288 04e0 D811B27B 		.ascii	"\330\021\262{\336\264\030\214\326\320\217\333\232\245"
 288      DEB4188C 
 288      D6D08FDB 
 288      9AA5
 289 04ee 3FEEF4F7 		.ascii	"?\356\364\367\264\030\037'\032'\232q\355\2253\337\307"
 289      B4181F27 
 289      1A279A71 
 289      ED9533DF 
 289      C7
 290 04ff 886756A2 		.ascii	"\210gV\242v\310\306n\310\306\024\301MN\270;tb\257'\277"
 290      76C8C66E 
 290      C8C614C1 
 290      4D4EB83B 
 290      7462AF27 
 291 0514 AAD324CD 		.ascii	"\252\323$\315\215-\3270\314\233\361\230f\357K%\177\326"
 291      8D2DD730 
 291      CC9BF198 
ARM GAS  C:\Users\mvshv\AppData\Local\Temp\ccQPZfcQ.s 			page 23


 291      66EF4B25 
 291      7FD6
 292 0526 824F4C4C 		.ascii	"\202OLLWI|\242\277\307\266~O\231\336w\215\243\377\250"
 292      57497CA2 
 292      BFC7B67E 
 292      4F99DE77 
 292      8DA3FFA8 
 293 053a A4CF58A9 		.ascii	"\244\317X\251\257\343\325\017)\371\203J\365\257+9\372"
 293      AFE3D50F 
 293      29F9834A 
 293      F5AF2B39 
 293      FA
 294 054b B092FE80 		.ascii	"\260\222\376\200S\237F\0279\000R\253\320>a\025\212\027"
 294      539F4617 
 294      390052AB 
 294      D03E6115 
 294      8A17
 295 055d 4825E1C3 		.ascii	"H%\341\303\364\203\316\013\356\350\230\260\006\375\011"
 295      F483CE0B 
 295      EEE898B0 
 295      06FD09
 296 056c 5004C806 		.ascii	"P\004\310\006\234\002d\001\362\001\005\200\323\200D"
 296      9C026401 
 296      F2010580 
 296      D38044
 297 057b 40062009 		.ascii	"@\006 \011\220\012H\007\234\005\034\002\224\000\316"
 297      900A4807 
 297      9C051C02 
 297      9400CE
 298 058a 007200E7 		.ascii	"\000r\000\347\000i\200\223\200L\300A@2\3400\340\010"
 298      00698093 
 298      804CC041 
 298      4032E030 
 298      E008
 299 059c E004E028 		.ascii	"\340\004\340( \027p\000\220\000(\004\\\000\034\007\224"
 299      20177000 
 299      90002804 
 299      5C001C07 
 299      94
 300 05ad 028A0179 		.ascii	"\002\212\001y\302\032\272\340H\335\345\275\371\\\331"
 300      C21ABAE0 
 300      48DDE5BD 
 300      F95CD9
 301 05bc DD67D683 		.ascii	"\335g\326\203[\305\015\356}\333\336\344\275?\314\353"
 301      5BC50DEE 
 301      7DDBDEE4 
 301      BD3FCCEB 
 302 05cc 9F56F227 		.ascii	"\237V\362'\225\336\037\346\275?\252\244?T\322;\371\261"
 302      95DE1FE6 
 302      BD3FAAA4 
 302      3F54D23B 
 302      F9B1
 303 05de 1D50D2EF 		.ascii	"\035P\322\357\361t\322\370q>2\247l7\206o|'\337\370\027"
 303      F174D2F8 
 303      713E32A7 
 303      6C37866F 
 303      7C27DFF8 
ARM GAS  C:\Users\mvshv\AppData\Local\Temp\ccQPZfcQ.s 			page 24


 304 05f3 B6438D6B 		.ascii	"\266C\215k\3154\337\370\037l\207\016\337W\276\361}J"
 304      CD34DFF8 
 304      1F6C870E 
 304      DF57BEF1 
 304      7D4A
 305 0605 7AAF923E 		.ascii	"z\257\222>~\225\243\277U\322\347\255\343\236\347\307"
 305      7E95A3BF 
 305      55D2E7AD 
 305      E39EE7C7 
 306 0615 090ABE87 		.ascii	"\011\012\276\2072\253x\266\250d/Z\273\206\357\353ce"
 306      32AB78B6 
 306      A8642F5A 
 306      BB86EFEB 
 306      6365
 307 0627 6B1E5979 		.ascii	"k\036Yy\236\017\233\273\266\373j\241\276\232S\377\275"
 307      9E0F9BBB 
 307      B6FB6AA1 
 307      BE9A53FF 
 307      BD
 308 0638 92FF9D95 		.ascii	"\222\377\235\225ox\372~e\353\033\254\324\367\361\256"
 308      6F78FA7E 
 308      65EB1BAC 
 308      D4F7F1AE 
 309 0648 EFB71D37 		.ascii	"\357\267\0357|\324\217Wr\315\037\261\035\226\026S\032"
 309      7CD48F57 
 309      72CD1FB1 
 309      1D961653 
 309      1A
 310 0659 EFCD374A 		.ascii	"\357\3157J\376+\253H\340\351\013\266\207\226\243\327"
 310      FE2BAB48 
 310      E0E90BB6 
 310      8796A3D7 
 311 0669 F1613967 		.ascii	"\361a9g{\202\345g4^\373k\333\215\261Hq\276\263O\224"
 311      7B82E567 
 311      345EFB6B 
 311      DB8DB148 
 311      71BEB34F 
 312 067e FC71EB40 		.ascii	"\374q\353@\343\235\377g%\277\323*K\370\326O\330\236"
 312      E39DFF67 
 312      25BFD32A 
 312      4BF8D64F 
 312      D89E
 313 0690 71F8C0E4 		.ascii	"q\370\300\344\003m\314v\240YD\016\337\333\030\333\201"
 313      036DCC76 
 313      A059440E 
 313      DFDB18DB 
 313      81
 314 06a1 4CD5B3AD 		.ascii	"L\325\263\255\346\354E\234-\212\313\011K%m3UfO\264W"
 314      E6EC459C 
 314      2D8ACB09 
 314      4B256D33 
 314      55664FB4 
 315 06b6 E3F3E5A2 		.ascii	"\343\363\345\242x\300\216\272\242\313v\327,f;\336\025"
 315      78C08EBA 
 315      A2CB76D7 
 315      2C663BDE 
 315      15
ARM GAS  C:\Users\mvshv\AppData\Local\Temp\ccQPZfcQ.s 			page 25


 316 06c7 8D4A7E83 		.ascii	"\215J~\203\325@\362}{j\333\323\034\275\205\357Z\254"
 316      D540F27D 
 316      7B6ADBD3 
 316      1CBD85EF 
 316      5AAC
 317 06d9 CD8CE6C7 		.ascii	"\315\214\346\307\261\257\232\033\307\016\3339\304\370"
 317      B1AF9A1B 
 317      C70EDB39 
 317      C4F8
 318 06e7 B04F7851 		.ascii	"\260OxQR2\340\210\253\350>A\350:2R\342\210\334\334m"
 318      5232E088 
 318      ABE83E41 
 318      E83A3252 
 318      E288DCDC 
 319 06fc AE70E812 		.ascii	"\256p\350\022,l\377_\0269i\220\253q\034t\002\225A\253"
 319      2C6CFF5F 
 319      16396990 
 319      AB711C74 
 319      029541AB 
 320 0710 61CB663A 		.ascii	"a\313f:N\2201\247\235/\034n*\324:%\231\017)\224h\362"
 320      4E9031A7 
 320      9D2F1C6E 
 320      2AD43A25 
 320      990F2994 
 321 0726 940A5D16 		.ascii	"\224\012]\026\234\350\011\015\256@\276\334]T\345\200"
 321      9CE8090D 
 321      AE40BEDC 
 321      5D54E580 
 322 0736 6F524FA1 		.ascii	"oRO\241\271S\017\217\010\270\225\011e\213\031C\316\270"
 322      B9530F8F 
 322      08B89509 
 322      658B1943 
 322      CEB8
 323 0748 8309C3B1 		.ascii	"\203\011\303\261\345\315\316\370\016\023R2\352\352\324"
 323      E5CDCEF8 
 323      0E135232 
 323      EAEAD4
 324 0757 F81E130A 		.ascii	"\370\036\023\012\262\323\0224x\210\011\347\217\244\226"
 324      B2D31234 
 324      788809E7 
 324      8FA496
 325 0766 E9F03013 		.ascii	"\351\3600\023\216]\350y\255\305\017\231P\370\372\315"
 325      8E5DE879 
 325      ADC50F99 
 325      50F8FACD 
 326 0776 24D963AF 		.ascii	"$\331c\257%\3079\314\035\346\326\262\303\\m\353\255"
 326      25C739CC 
 326      1DE6D6B2 
 326      C35C6DEB 
 326      AD
 327 0787 B34E789C 		.ascii	"\263Nx\234\215Xi\316\374\3742\323A\013\016\336\032w"
 327      8D5869CE 
 327      FCFC32D3 
 327      410B0EDE 
 327      1A77
 328 0799 95F9D88D 		.ascii	"\225\371\330\215ja\220\326Jg\242j\030\305*A>\314\255"
 328      6A6190D6 
ARM GAS  C:\Users\mvshv\AppData\Local\Temp\ccQPZfcQ.s 			page 26


 328      4A67A26A 
 328      18C52A41 
 328      3ECCAD
 329 07ac CD4A2007 		.ascii	"\315J \007\255\032A\207\256\313\236Y+\235\263j\322\356"
 329      AD1A4187 
 329      AECB9E59 
 329      2B9DB36A 
 329      D2EE
 330 07be 8DEAF00B 		.ascii	"\215\352\360\013f#\266#sfI\033uK\333\030\360j"
 330      6623B623 
 330      7366491B 
 330      754BDB18 
 330      F06A
 331 07d0 A087B91B 		.ascii	"\240\207\271\033`\303(\333\000\223\314H\354\334\351"
 331      60C328DB 
 331      0093CC48 
 331      ECDCE9
 332 07df 6A07BC40 		.ascii	"j\007\274@\215\250g\213*\272]\020\354N\271\340\023T"
 332      8DA8678B 
 332      2ABA5D10 
 332      EC4EB9E0 
 332      1354
 333 07f1 DC603448 		.ascii	"\334`4H\221w\023\0146\302H7\231\2673$\346{\306puA\373"
 333      9177130C 
 333      36C24837 
 333      99B73324 
 333      E67BC670 
 334 0808 4131FF06 		.ascii	"A1\377\006\242\366\352\301\036y\302\334N~\335\2433\373"
 334      A2F6EAC1 
 334      1E79C2DC 
 334      4E7EDDA3 
 334      33FB
 335 081a 2FB3E18C 		.ascii	"/\263\341\214\217)\271\322&\371\032\222g\213\301\\\235"
 335      8F29B9D2 
 335      26F91A92 
 335      678BC15C 
 335      9D
 336 082b 283A1012 		.ascii	"(:\020\022?Y@\263o\326=)\327\301\326z\205;S\333\235"
 336      3F5940B3 
 336      6FD63D29 
 336      D7C1D67A 
 336      853B53DB 
 337 0840 EB5A1027 		.ascii	"\353Z\020'6\257\247\271w\025\364\266\010+l/\2764>s]"
 337      36AFA7B9 
 337      7715F4B6 
 337      082B6C2F 
 337      BE343E73 
 338 0855 62682BA8 		.ascii	"bh+\250\365\245\331G\010;?\216\345\243\354\022\302&"
 338      F5A5D947 
 338      083B3F8E 
 338      E5A3EC12 
 338      C226
 339 0867 2E690597 		.ascii	".i\005\2274\203KnY\004\177{\356\312\030\022\374\300"
 339      34834B6E 
 339      59047F7B 
 339      EECA1812 
 339      FCC0
ARM GAS  C:\Users\mvshv\AppData\Local\Temp\ccQPZfcQ.s 			page 27


 340 0879 B26C346A 		.ascii	"\262l4j\253<R\256]\001Jc\226V\252\262\320H\216z\365"
 340      AB3C52AE 
 340      5D014A63 
 340      9656AAB2 
 340      D0488E7A 
 341 088e 772A9C70 		.ascii	"w*\234p\245=\215\301\221\326\213\261\016\270\306^:\331"
 341      A53D8DC1 
 341      91D68BB1 
 341      0EB8C65E 
 341      3AD9
 342 08a0 94B66A70 		.ascii	"\224\266jp\035\023\252\212K;\005\334\314\204\222k\223"
 342      1D13AA8A 
 342      4B3B05DC 
 342      CC84926B 
 342      93
 343 08b1 C9087730 		.ascii	"\311\010w0a*\341\242\001\367\260r\371\365\251B-;\255"
 343      612AE1A2 
 343      01F7B072 
 343      F9F5A942 
 343      2D3BAD
 344 08c4 8824C48B 		.ascii	"\210$\304\213n\367\316\271\340\001Z\351r\345L\371q-"
 344      6EF7CEB9 
 344      E0015AE9 
 344      72E54CF9 
 344      712D
 345 08d6 329F56DC 		.ascii	"2\237V\334\345C\311h\216\344]\272;\000\177\365-9\021"
 345      E543C968 
 345      8EE45DBA 
 345      3B007FF5 
 345      2D3911
 346 08e9 D269F697 		.ascii	"\322i\366\227\362\264\331\246d[o\234\206Wq\313\231\222"
 346      F2B4D9A6 
 346      645B6F9C 
 346      865771CB 
 346      9992
 347 08fb 6E7DBEE8 		.ascii	"n}\276\350\343\350\337\330\246\363\213\361/dv\273\355"
 347      E3E8DFD8 
 347      A6F38BF1 
 347      2F6476BB 
 347      ED
 348 090c B6785A1D 		.ascii	"\266xZ\035.\272 \241\330\356\264O\212\376A\030\352\373"
 348      2EBA20A1 
 348      D8EEB44F 
 348      8AFE4118 
 348      EAFB
 349 091e 30307700 		.ascii	"00w\000\017\000\367\000w\001\335\200a@?`\0000\004\350"
 349      0F00F700 
 349      7701DD80 
 349      61403F60 
 349      003004E8 
 350 0932 05F4586C 		.ascii	"\005\364Xl\372\247\271F|\247l\204\365^\257\216\353\341"
 350      FAA7B946 
 350      7CA76C84 
 350      F55EAF8E 
 350      EBE1
 351 0944 B74AFA2B 		.ascii	"\267J\372++z\013G\257P\322\271\335\211\024\2369\256"
 351      2B7A0B47 
ARM GAS  C:\Users\mvshv\AppData\Local\Temp\ccQPZfcQ.s 			page 28


 351      AF50D2B9 
 351      DD89149E 
 351      39AE
 352 0956 343CFB94 		.ascii	"4<\373\224\0130Q5\310\017t\247\315\201\346O\003\234"
 352      0B305135 
 352      C80F74A7 
 352      CD81E64F 
 352      039C
 353 0968 E172DB86 		.ascii	"\341r\333\206\371v\216s^\350\260\355\005\223r\310\316"
 353      F9768E73 
 353      5EE8B0ED 
 353      059372C8 
 353      CE
 354 0979 855C9DB4 		.ascii	"\205\\\235\264\232\222\304\260\355\005Oi15\266\315\225"
 354      9A92C4B0 
 354      ED054F69 
 354      3135B6CD 
 354      95
 355 098a 6BF0300D 		.ascii	"k\3600\015c\341I\342h\202\032\271\273\261\356>?nGf\220"
 355      63E149E2 
 355      68821AB9 
 355      BBB1EE3E 
 355      3F6E4766 
 356 099f 1178F807 		.ascii	"\021x\370\007y.\354\243+\221\3151G\017a\250\377\267"
 356      792EECA3 
 356      2B91CD31 
 356      470F61A8 
 356      FFB7
 357 09b1 C30E6D3A 		.ascii	"\303\016m:\324\326P,\360k\334\210\305\0327*8\231\032"
 357      D4D6502C 
 357      F06BDC88 
 357      C51A372A 
 357      38991A
 358 09c4 334A97B9 		.ascii	"3J\227\271G#\227\357;\342\011\226\247w\343^v;\343\037"
 358      472397EF 
 358      3BE20996 
 358      A777E35E 
 358      763BE31F 
 359 09d8 99D07F60 		.ascii	"\231\320\177`\377\011;\374\212\011\303\225\375\260\311"
 359      FF093BFC 
 359      8A09C395 
 359      FDB0C9
 360 09e7 5A60C244 		.ascii	"Z`\302Dz#\344W\254\003\025F{\343\262\355p\"\023R\337"
 360      7A23E457 
 360      AC031546 
 360      7BE3B2ED 
 360      70221352 
 361 09fc DE15ED70 		.ascii	"\336\025\355p*\023R&\346N\251q\026\023\346\252\277?"
 361      2A135226 
 361      E64EA971 
 361      1613E6AA 
 361      BF3F
 362 0a0e 2DB01718 		.ascii	"-\260\027\030k@\274`Ln\306lF\310\247\257\227\273\317"
 362      6B40BC60 
 362      4C6EC66C 
 362      46C8A7AF 
 362      97BBCF
ARM GAS  C:\Users\mvshv\AppData\Local\Temp\ccQPZfcQ.s 			page 29


 363 0a21 A72FC379 		.ascii	"\247/\303y\224\353X03q\316\031\271\311\257),<6\011\036"
 363      94EB5830 
 363      3371CE19 
 363      B9C9AF29 
 363      2C3C3609 
 364 0a36 9BA047F0 		.ascii	"\233\240G\360i\311]\257\301]/\301\015\363\200Y\300\034"
 364      69C95DAF 
 364      C15D2FC1 
 364      0DF38059 
 364      C01C
 365 0a48 E047C01B 		.ascii	"\340G\300\033\300\014\340\005\340\225\305\372\361(\347"
 365      C00CE005 
 365      E095C5FA 
 365      F128E7
 366 0a57 1F336FEE 		.ascii	"\0373o\356\027S\203\350\304=\006#4\275\344\316\235."
 366      175383E8 
 366      C43D0623 
 366      34BDE4CE 
 366      9D2E
 367 0a69 1F8598BC 		.ascii	"\037\205\230\274\031!\344q%y^I\256;k&?\262\255\331b"
 367      1921E471 
 367      25795E49 
 367      AE3B6B26 
 367      3FB2ADD9 
 368 0a7e FB26AB7E 		.ascii	"\373&\253~\252d/*U\267\310\344\347J\262r\311\033\226"
 368      AA642F2A 
 368      55B7C8E4 
 368      E74AB272 
 368      C91B96
 369 0a91 B94F6C2B 		.ascii	"\271Ol+\2668\015\310\215\236R\262\255\222\271)\023\223"
 369      B6380DC8 
 369      8D9E52B2 
 369      AD92B929 
 369      1393
 370 0aa3 E89EB6B5 		.ascii	"\350\236\266\265\231\236\315\264\227\267\243\217m;\213"
 370      999ECDB4 
 370      97B7A38F 
 370      6D3B8B
 371 0ab2 37DC2937 		.ascii	"7\334)7\363\231\315.\231\367\256\365u\331\013\366\270"
 371      F399CD2E 
 371      99F7AEF5 
 371      75D90BF6 
 371      B8
 372 0ac3 80C68870 		.ascii	"\200\306\210pn\362\3227N\312\275\253)4\320\"D\304_\023"
 372      6EF2D237 
 372      4ECABDAB 
 372      2934D022 
 372      44C45F13 
 373 0ad7 1DAC7BDD 		.ascii	"\035\254{\335\357\223\336-\300\363o\345\334\2356\355"
 373      EF93DE2D 
 373      C0F36FE5 
 373      DC9D36ED 
 374 0ae7 22632A7B 		.ascii	"\"c*{\273\035\334$\273\211K\332U\375d\243\240s\260\340"
 374      BB1DDC24 
 374      BB894BDA 
 374      55FD64A3 
 374      A073B0E0 
ARM GAS  C:\Users\mvshv\AppData\Local\Temp\ccQPZfcQ.s 			page 30


 375 0afb 450EE6B3 		.ascii	"E\016\346\263V\304|\326\306`\2663\205+YY\305\224\004"
 375      56C47CD6 
 375      C660B633 
 375      852B5959 
 375      C59404
 376 0b0e E95DE01C 		.ascii	"\351]\340\034y\027X\276\377d\233\364\032\262\227\310"
 376      791758BE 
 376      FF649BF4 
 376      1AB297C8 
 377 0b1e 8FDF363D 		.ascii	"\217\3376=\321\3402\226w\177>\225ez\231YF*\273^v$\350"
 377      D1E03296 
 377      777F3E95 
 377      657A9959 
 377      462ABB5E 
 378 0b35 F0155699 		.ascii	"\360\025V\231T\221^\260\014\3270\341\320\341o.\351p"
 378      54915EB0 
 378      0CD730E1 
 378      D0E16F2E 
 378      E970
 379 0b47 23132ADA 		.ascii	"#\023*\332\256\016j\360m&\364Ow'8\342.&\\\234\3178g"
 379      AE0E6AF0 
 379      6D26F44F 
 379      772738E2 
 379      2E265C9C 
 380 0b5e 87FB9860 		.ascii	"\207\373\230`JcW)\215\317e\266\267\252\245\205\336\225"
 380      4A635729 
 380      8DCF65B6 
 380      B7AAA585 
 380      DE95
 381 0b70 BC40DE77 		.ascii	"\274@\336w\370\200=~@\311\272\332\374\232g\010\231\337"
 381      F8803D7E 
 381      40C9BADA 
 381      FC9A6708 
 381      99DF
 382 0b82 3CBAB14D 		.ascii	"<\272\261M\321B\226}\014\215\027\342\357\003\030v\307"
 382      D142967D 
 382      0C8D17E2 
 382      EF031876 
 382      C7
 383 0b93 D075B343 		.ascii	"\320u\263C-\3370\000}|\245\314NP\262\033\224\354\276"
 383      2DDF3000 
 383      7D7CA5CC 
 383      4E50B21B 
 383      94ECBE
 384 0ba6 BF91D9F1 		.ascii	"\277\221\331\361Jv\034V\260\3538\366~%{\037\226\203"
 384      4A761C56 
 384      B0EB38F6 
 384      7E257B1F 
 384      9683
 385 0bb8 9185C9C2 		.ascii	"\221\205\311\302Q\232\005\300Rd\001\011\241c\256\351"
 385      519A05C0 
 385      52640109 
 385      A163AEE9 
 386 0bc8 2259D188 		.ascii	"\"Y\321\210\256D\245.\305\233\007\340Os\246\017)\351"
 386      AE44A52E 
 386      C59B07E0 
 386      4F73A60F 
ARM GAS  C:\Users\mvshv\AppData\Local\Temp\ccQPZfcQ.s 			page 31


 386      29E9
 387 0bda B158491F 		.ascii	"\261XI\037\3769\311\031BNR\222g\255t\267\230\311\311"
 387      FE39C919 
 387      424E5292 
 387      67AD74B7 
 387      98C9C9
 388 0bed 4AB23C67 		.ascii	"J\262<gX\344Q\012^\205\016R\243\204M\222(\035\273\243"
 388      58E4510A 
 388      5E850E52 
 388      A3844D92 
 388      281DBBA3 
 389 0c01 2C0C8732 		.ascii	",\014\2072\300a@\006 \025p\004\220\006\310\304\346X"
 389      C0614006 
 389      20157004 
 389      9006C8C4 
 389      E658
 390 0c13 6EEAEA79 		.ascii	"n\352\352y\253\306c,M\023\272\316\301\261B\221\246&"
 390      ABC6632C 
 390      4D13BACE 
 390      C1B14291 
 390      A626
 391 0c25 F52817B4 		.ascii	"\365(\027\264\376\245\026L\273]\272\276\346\300\303"
 391      FEA5164C 
 391      BB5DBABE 
 391      E6C0C3
 392 0c34 D9D89CA3 		.ascii	"\331\330\234\243d(h\033\316\036\272Y\204,s\324\226Q"
 392      6428681B 
 392      CE1EBA59 
 392      842C73D4 
 392      9651
 393 0c46 D54FED53 		.ascii	"\325O\355S\353B\306%g>?\217[\344g\236\224\237y4?\257"
 393      EB42C625 
 393      673E3F8F 
 393      5BE4679E 
 393      949F7934 
 394 0c5c 3D6A2CD6 		.ascii	"=j,\326\332\236 T\177\371\354\200N`7\362\347\202q\250"
 394      DA9E2054 
 394      7FF9EC80 
 394      4E6037F2 
 394      E78271A8 
 395 0c70 51C0B32C 		.ascii	"Q\300\263,\355\236\334\316\257\260W\013lF \377\263\222"
 395      ED9EDCCE 
 395      AFB0570B 
 395      6C4620FF 
 395      B392
 396 0c82 FF33B29E 		.ascii	"\3773\262\236\035u\244\367\310\032\237\217\351\315\242"
 396      1D75A4F7 
 396      C81A9F8F 
 396      E9CDA2
 397 0c91 E2EF4461 		.ascii	"\342\357Da\311\277iOc\3627\355),\375O;|\253t\275\364"
 397      C9BF694F 
 397      63F237ED 
 397      292CFD4F 
 397      3B7CAB74 
 398 0ca7 37ED68F1 		.ascii	"7\355h\361/N\305\211E\360\324j\302B'e\037C\321\362?"
 398      2F4EC589 
 398      45F0D46A 
ARM GAS  C:\Users\mvshv\AppData\Local\Temp\ccQPZfcQ.s 			page 32


 398      C2422765 
 398      1F43D1F2 
 399 0cbc D1024CFE 		.ascii	"\321\002L\376\320l\314\213\271\356\210E-\373\033c6\271"
 399      D06CCC8B 
 399      B9EE8845 
 399      2DFB1B63 
 399      36B9
 400 0cce D8E55705 		.ascii	"\330\345W\005b\207\221\034zVB&0\217\235aj\270\370\""
 400      6287911C 
 400      7A564226 
 400      308F9D61 
 400      6AB8F822 
 401 0ce2 77FE0D0E 		.ascii	"w\376\015\016~\205\370W\344?\253\3717\331.\274\233\311"
 401      7E85F857 
 401      E43FABF9 
 401      37D92EBC 
 401      9BC9
 402 0cf4 9FA8B29B 		.ascii	"\237\250\262\233\317Jn&\327e\321\206]\033\274\002\277"
 402      CF4A6E26 
 402      D765D186 
 402      5D1BBC02 
 402      BF
 403 0d05 DC1D1619 		.ascii	"\334\035\026\031\030\026\021f\370`\335:\017\36372\332"
 403      18161166 
 403      F860DD3A 
 403      0FF33732 
 403      DA
 404 0d16 E3ABA070 		.ascii	"\343\253\240p\217/\"\203\242B\242=\374w\004\372\357"
 404      8F2F2283 
 404      A242A23D 
 404      FC7704FA 
 404      EF
 405 0d27 F87883D7 		.ascii	"\370x\203\327\266\3676\276\037\350\263\325\337{\373"
 405      B6F736BE 
 405      1FE8B3D5 
 405      DF7BFB
 406 0d36 A7BEFACF 		.ascii	"\247\276\372\317X\355\272`\207\217~\373\311joOO\325"
 406      58EDBA60 
 406      878F7EFB 
 406      C96A6F4F 
 406      4FD5
 407 0d48 DFFFB51A 		.ascii	"\337\377\265\032TN\201\201\241AQ\341_\323\206h\351\335"
 407      544E8181 
 407      A14151E1 
 407      5FD38668 
 407      E9DD
 408 0d5a AD505ACE 		.ascii	"\255PZ\316\232\030\034\036\031\374\007Z\265\301\206"
 408      9A181C1E 
 408      19FC075A 
 408      B5C186
 409 0d69 85DD9151 		.ascii	"\205\335\221Q\006b\000\264{H6\366\356%5\201\341\341"
 409      066200B4 
 409      7B4836F6 
 409      EE253581 
 409      E1E1
 410 0d7b 21EBBE52 		.ascii	"!\353\276R\2517\373x\353u\201\201{\302\"\014\240\314"
 410      A937FB78 
ARM GAS  C:\Users\mvshv\AppData\Local\Temp\ccQPZfcQ.s 			page 33


 410      EB758181 
 410      7BC2220C 
 410      A0CC
 411 0d8d B033F81F 		.ascii	"\2603\370\037\002\202\277\012\373\",\332\260'$,2\300"
 411      0282BF0A 
 411      FB222CDA 
 411      B027242C 
 411      32C0
 412 0d9f 1019191E 		.ascii	"\020\031\031\036\035\360e\304\236\325\264\264:(j\327"
 412      1DF065C4 
 412      9ED5B4B4 
 412      3A286AD7 
 413 0daf EAD05D5F 		.ascii	"\352\320]_\204\206\204\204\206\004l\\\267~\265\327z"
 413      84868484 
 413      86046C5C 
 413      B77EB5D7 
 413      7A
 414 0dc0 CF8DFFFE 		.ascii	"\317\215\377\376^\000\334\377uDdD\350\257C\203\276\010"
 414      5E00DCFF 
 414      75446444 
 414      E8AF4383 
 414      BE08
 415 0dd2 0B088B08 		.ascii	"\013\010\213\010\016\337\023\022\032\260+\010tE\204"
 415      0EDF1312 
 415      1AB02B08 
 415      744584
 416 0de1 06048684 		.ascii	"\006\004\206\204\356\014\332\023n\0104|\275;4\032\314"
 416      EE0CDA13 
 416      6E08347C 
 416      BD3B341A 
 416      CC
 417 0df2 3A98ECFD 		.ascii	":\230\354\375\376\377\324^\364\327\321\001\201\321\206"
 417      FEFFD45E 
 417      F4D7D101 
 417      81D186
 418 0e01 10500E46 		.ascii	"\020P\016F\264z_\177_\375\247\276>\0335\336\336[\375"
 418      B47A5F7F 
 418      5FFDA7BE 
 418      3E1B35DE 
 418      DE5BFD
 419 0e14 F466F97D 		.ascii	"\364f\371}\355&\277\315^\376\037\373\376V\257\203\222"
 419      ED26BFCD 
 419      5EFE1FFB 
 419      FE56AF83 
 419      92
 420 0e25 272D79C9 		.ascii	"'-y\311EO3\3637\332M[6o\2407I\311\313\\bD3\357={\242"
 420      454F33F3 
 420      37DA4D5B 
 420      366FA037 
 420      49C9CB5C 
 421 0e40 11EE3810 		.ascii	"\021\3568\020%D\233\251 \353\332`Ot\301-r\365\222\256"
 421      25449BA9 
 421      20EBDA60 
 421      4F74C12D 
 421      72F592AE 
 422 0e54 9EBC16FA 		.ascii	"\236\274\026\372\220\227\336\177\207\2364\320\223\024"
 422      9097DE7F 
ARM GAS  C:\Users\mvshv\AppData\Local\Temp\ccQPZfcQ.s 			page 34


 422      879E34D0 
 422      9314
 423 0e62 BCCC2559 		.ascii	"\274\314%Y\221\247\003QD\356\221\202\227\251@Yf\322"
 423      91A70351 
 423      44EE9182 
 423      97A94059 
 423      66D2
 424 0e74 7AB5F756 		.ascii	"z\265\367Vo=\374|H~|\365\216~\333\266\371o\332\352\345"
 424      6F3DFC7C 
 424      487E7CF5 
 424      8E7EDBB6 
 424      F96FDAEA 
 425 0e89 FDE147A6 		.ascii	"\375\341G\246\262')\333C\231\\\325\344G\263\325\333"
 425      B22729DB 
 425      43995CD5 
 425      E447B3D5 
 425      DB
 426 0e9a DF5B2F78 		.ascii	"\337[/x\353\261\267\277\3767\212p\012\216\334\265+2"
 426      EBB1B7BF 
 426      FE378A70 
 426      0A8EDCB5 
 426      2B32
 427 0eac C22374AF 		.ascii	"\302#t\257\001\"\211\013&\032\206\341\020\272{\367\202"
 427      0122890B 
 427      261A86E1 
 427      10BA7BF7 
 427      82
 428 0ebd D31DF5DE 		.ascii	"\323\035\365\336\336\201;`\230}Bw\342\315z\275z\323"
 428      DE813B60 
 428      987D4277 
 428      E2CD7ABD 
 428      7AD3
 429 0ecf 87FA2DE4 		.ascii	"\207\372-\344g\233f\333v\357\177\321\2537\373\353\365"
 429      679B66DB 
 429      76EF7FD1 
 429      AB37FBEB 
 429      F5
 430 0ee0 E877688B 		.ascii	"\350wh\213&8\034\242Z\012=\317\367\003\015\016\246\002"
 430      26381CA2 
 430      5A0A3DCF 
 430      F7030D0E 
 430      A602
 431 0ef2 8E0E356C 		.ascii	"\216\0165l\374\037by\3336\037\217\217\374\266n\377\217"
 431      FC1F6279 
 431      DB361F8F 
 431      8FFCB66E 
 431      FF8F
 432 0f04 0D1E72A6 		.ascii	"\015\036r\246\202y\274\335G\217\267\372\3505~\237\370"
 432      8279BCDD 
 432      478FB7FA 
 432      E8357E9F 
 432      F8
 433 0f15 F9E8EDB7 		.ascii	"\371\350\355\267\373\373\371\372\372\350\355\266\357"
 433      FBFBF9FA 
 433      FAE8EDB6 
 433      EF
 434 0f22 F8CCCF57 		.ascii	"\370\314\317W\257\371x\273\217/\264\010\372\350\304"
ARM GAS  C:\Users\mvshv\AppData\Local\Temp\ccQPZfcQ.s 			page 35


 434      AFF978BB 
 434      8F2FB408 
 434      FAE8C4
 435 0f31 E5B7411D 		.ascii	"\345\267A\035\024\035\034\245\016\332\031\365\025\371"
 435      141D1CA5 
 435      0EDA19F5 
 435      15F9
 436 0f3f 09C79121 		.ascii	"\011\307\221!Q\232\335{v\207D\331GF\357\016\015\015"
 436      519ADD7B 
 436      768744D9 
 436      4746EF0E 
 436      0D0D
 437 0f51 89B28B24 		.ascii	"\211\262\213$\201\033\245\331\025\031\002\277$\341\242"
 437      811BA5D9 
 437      151902BF 
 437      24E1A2
 438 0f60 9CE8A3D0 		.ascii	"\234\350\243\320\322=\273\003\015v~\037\371\004\031"
 438      D23DBB03 
 438      0D767E1F 
 438      F90419
 439 0f6f 82ECFC3E 		.ascii	"\202\354\374>d\027_v\361a\027ov\331\314.\233\330e\013"
 439      64175F76 
 439      F161176F 
 439      76D9CC2E 
 439      9BD8650B 
 440 0f83 B9385325 		.ascii	"\2718S%\301\221\021;\303\276\0144h\315\263\215\033-"
 440      C191113B 
 440      C3BE0C34 
 440      68CDB38D 
 440      1B2D
 441 0f95 999286D5 		.ascii	"\231\222\206\325\3777M\317V\""
 441      FF374DCF 
 441      5622
 442              		.text
 443              		.section	.gnu.lto_.symtab.fb69cccc,"",%progbits
 444 0000 5F5F6561 		.ascii	"__early_init\000"
 444      726C795F 
 444      696E6974 
 444      00
 445 000d 00       		.ascii	"\000"
 446 000e 00       		.ascii	"\000"
 447 000f 00       		.ascii	"\000"
 448 0010 00000000 		.ascii	"\000\000\000\000\000\000\000\000"
 448      00000000 
 449 0018 BD000000 		.ascii	"\275\000\000\000"
 450 001c 626F6172 		.ascii	"boardInit\000"
 450      64496E69 
 450      7400
 451 0026 00       		.ascii	"\000"
 452 0027 00       		.ascii	"\000"
 453 0028 00       		.ascii	"\000"
 454 0029 00000000 		.ascii	"\000\000\000\000\000\000\000\000"
 454      00000000 
 455 0031 BF000000 		.ascii	"\277\000\000\000"
 456 0035 73746D33 		.ascii	"stm32_clock_init\000"
 456      325F636C 
 456      6F636B5F 
ARM GAS  C:\Users\mvshv\AppData\Local\Temp\ccQPZfcQ.s 			page 36


 456      696E6974 
 456      00
 457 0046 00       		.ascii	"\000"
 458 0047 02       		.ascii	"\002"
 459 0048 00       		.ascii	"\000"
 460 0049 00000000 		.ascii	"\000\000\000\000\000\000\000\000"
 460      00000000 
 461 0051 C1000000 		.ascii	"\301\000\000\000"
 462              		.text
 463              		.section	.gnu.lto_.opts,"",%progbits
 464 0000 272D666D 		.ascii	"'-fmath-errno' '-fsigned-zeros' '-ftrapping-math' '"
 464      6174682D 
 464      6572726E 
 464      6F272027 
 464      2D667369 
 465 0033 2D666E6F 		.ascii	"-fno-trapv' '-fno-openmp' '-fno-openacc' '-mcpu=cor"
 465      2D747261 
 465      70762720 
 465      272D666E 
 465      6F2D6F70 
 466 0066 7465782D 		.ascii	"tex-m4' '-mno-thumb-interwork' '-mthumb' '-O2' '-fo"
 466      6D342720 
 466      272D6D6E 
 466      6F2D7468 
 466      756D622D 
 467 0099 6D69742D 		.ascii	"mit-frame-pointer' '-falign-functions=16' '-ffuncti"
 467      6672616D 
 467      652D706F 
 467      696E7465 
 467      72272027 
 468 00cc 6F6E2D73 		.ascii	"on-sections' '-fdata-sections' '-fno-common' '-flto"
 468      65637469 
 468      6F6E7327 
 468      20272D66 
 468      64617461 
 469 00ff 2700     		.ascii	"'\000"
 470              		.text
 471              		.comm	__gnu_lto_v1,1,1
 472              		.comm	__gnu_lto_slim,1,1
 473              		.ident	"GCC: (GNU Tools for Arm Embedded Processors 7-2017-q4-major) 7.2.1 20170904 (release) [ARM
ARM GAS  C:\Users\mvshv\AppData\Local\Temp\ccQPZfcQ.s 			page 37


DEFINED SYMBOLS
                            *ABS*:00000000 board.c
                            *COM*:00000001 __gnu_lto_v1
                            *COM*:00000001 __gnu_lto_slim

NO UNDEFINED SYMBOLS
