ARM GAS  C:\Users\mvshv\AppData\Local\Temp\ccQ9kMXG.s 			page 1


   1              		.cpu cortex-m4
   2              		.eabi_attribute 20, 1
   3              		.eabi_attribute 21, 1
   4              		.eabi_attribute 23, 3
   5              		.eabi_attribute 24, 1
   6              		.eabi_attribute 25, 1
   7              		.eabi_attribute 26, 1
   8              		.eabi_attribute 30, 2
   9              		.eabi_attribute 34, 1
  10              		.eabi_attribute 18, 4
  11              		.file	"hal.c"
  12              		.section	.gnu.lto_.profile.fb69f758,"",%progbits
  13 0000 789C6363 		.ascii	"x\234cc```\001bF\006;v\000\000\373\000Q"
  13      60606001 
  13      6246063B 
  13      760000FB 
  13      0051
  14              		.text
  15              		.section	.gnu.lto_.icf.fb69f758,"",%progbits
  16 0000 789C6363 		.ascii	"x\234cc``\340`@\000F\206e7\033>\3611\000\000\016c\003"
  16      6060E060 
  16      40004686 
  16      65371B3E 
  16      F1310000 
  17 0017 0F       		.ascii	"\017"
  18              		.text
  19              		.section	.gnu.lto_.jmpfuncs.fb69f758,"",%progbits
  20 0000 789C6363 		.ascii	"x\234cc``\340f@\000F\004\023\000\001\305\000\023"
  20      6060E066 
  20      40004604 
  20      130001C5 
  20      0013
  21              		.text
  22              		.section	.gnu.lto_.inline.fb69f758,"",%progbits
  23 0000 789C6363 		.ascii	"x\234cc``0b@\000F\006\006N;F\006& \223m\201<\023X\210"
  23      60603062 
  23      40004606 
  23      064E3B46 
  23      06262093 
  24 001a 0B1FC100 		.ascii	"\013\037\301\000\000=`\001\215"
  24      003D6001 
  24      8D
  25              		.text
  26              		.section	.gnu.lto_.pureconst.fb69f758,"",%progbits
  27 0000 789C6363 		.ascii	"x\234cc```\006bF\006\011\000\000}\000#"
  27      60606006 
  27      62460609 
  27      00007D00 
  27      23
  28              		.text
  29              		.section	.gnu.lto_halInit.fb69f758,"",%progbits
  30 0000 789C75D0 		.ascii	"x\234u\320\277JC1\024\006\360\357K\332\333;(.:H)\316"
  30      BF4A4331 
  30      1406F0EF 
  30      4BDADB3B 
  30      282E3A48 
  31 0016 5DEE7D0F 		.ascii	"]\356}\017\337B\2728\010\242}\200\033\333\241\025\034"
ARM GAS  C:\Users\mvshv\AppData\Local\Temp\ccQ9kMXG.s 			page 2


  31      DF42BA38 
  31      08A27D80 
  31      1BDBA115 
  31      1C
  32 0027 1C6C5DEE 		.ascii	"\034l]\356P\\\324I\304\266\032\247\340\0038\270:\371"
  32      505CD449 
  32      C4B61AA7 
  32      E00338B8 
  32      3AF9
  33 0039 874E4574 		.ascii	"\207NEt\024i\365\244\025\271\303\365\220\220C\362K\016"
  33      1469F5A4 
  33      15B9C3F5 
  33      909043F2 
  33      4B0E
  34 004b 2701801D 		.ascii	"'\001\200\035\002k\262\226eR\203\352\360\036\330\013"
  34      026BB296 
  34      655283EA 
  34      F01ED80B 
  35 005b 15E91313 		.ascii	"\025\351\023\023\022\211b\302\003}\244y\327\032YU=5"
  35      128962C2 
  35      037DA479 
  35      D71A5955 
  35      3D35
  36 006d 12EEF87D 		.ascii	"\022\356\370}\325\2349\246\032\350\312\364\301+V!\354"
  36      D59C39A6 
  36      1AE8CAF4 
  36      C12B5621 
  36      EC
  37 007e F972DA59 		.ascii	"\371r\332Y\014\012\363}\366\031@j\340\342\241\350\314"
  37      0C0AF37D 
  37      F619406A 
  37      E0E2A1E8 
  37      CC
  38 008f F4BB65DC 		.ascii	"\364\273e\334\353\011?\326C\240-\347R\3048\354k\345"
  38      EB093FD6 
  38      43A02DE7 
  38      52C438EC 
  38      6BE5
  39 00a1 B3A6C398 		.ascii	"\263\246\303\230\315\336WyvI^\262v\374XJ&&L5\273Z^\341"
  39      CDDE5779 
  39      76495EB2 
  39      76FC584A 
  39      26264C35 
  40 00b9 800952D1 		.ascii	"\200\011R\321\336\235/\344;%n\230qOK\371N\312\363:\343"
  40      DE9D2FE4 
  40      3B256E98 
  40      714F4BF9 
  40      4ECAF33A 
  41 00ce 3EFF7105 		.ascii	">\377q\005q7\0317Y\316wEq6\343\354J\276\013\304\335"
  41      71371937 
  41      59CE7745 
  41      7136E3EC 
  41      4ABE0BC4 
  42 00e3 FEBA3736 		.ascii	"\376\27276z/\035\316\240\217\266t)?!-T\242(\376\033"
  42      7A2F1DCE 
  42      A08FB674 
  42      293F212D 
ARM GAS  C:\Users\mvshv\AppData\Local\Temp\ccQ9kMXG.s 			page 3


  42      54A228FE 
  43 00f8 DBF57873 		.ascii	"\333\365xsc+\256\357\326\374\032\325\360\003\255\244"
  43      632BAEEF 
  43      D6FC1AD5 
  43      F003ADA4 
  44 0108 81E8     		.ascii	"\201\350"
  45              		.text
  46              		.section	.gnu.lto_.symbol_nodes.fb69f758,"",%progbits
  47 0000 789C55C8 		.ascii	"x\234U\310\273\015\2030\030E\341\343\353\307\\a\262"
  47      BB0D8330 
  47      1845E1E3 
  47      EBC75C61 
  47      B2
  48 0011 DF450660 		.ascii	"\337E\006`\010\252l\000\341\321P3C\"e\016\204\343\012"
  48      08AA6C00 
  48      E1D15033 
  48      4322650E 
  48      84E30A
  49 0024 174747FA 		.ascii	"\027GG\372\022\360*\241Q\006\375\001eS\356\300m2W\005"
  49      12F02AA1 
  49      5106FD01 
  49      6553EEC0 
  49      6D325705 
  50 0038 727E1458 		.ascii	"r~\024Xej`\221\371\006fYh\340-\213\015L\262t\007Ob\370"
  50      656A6091 
  50      F9066659 
  50      68E02D8B 
  50      0D4CB274 
  51 0050 9CCE13D9 		.ascii	"\234\316\023\331\353\003\277z\317\363\373\277\030\352"
  51      EB03BF7A 
  51      CFF3FBBF 
  51      18EA
  52 005e 1D7B3917 		.ascii	"\035{9\027\007\245,!"
  52      07A52C21 
  53              		.text
  54              		.section	.gnu.lto_.refs.fb69f758,"",%progbits
  55 0000 789C6363 		.ascii	"x\234cc```\004b\006\000\000D\000\010"
  55      60606004 
  55      62060000 
  55      440008
  56              		.text
  57              		.section	.gnu.lto_.decls.fb69f758,"",%progbits
  58 0000 789C8592 		.ascii	"x\234\205\222_HSQ\030\300\317w\257s:\227JT\370`1\244"
  58      5F485351 
  58      18C0CF77 
  58      AF733A97 
  58      4A54F860 
  59 0016 DE62C394 		.ascii	"\336b\303\224\262g\015\023L%-\360i\376\205\015\226\312"
  59      B2670D13 
  59      4C252DF0 
  59      69FE850D 
  59      96CA
  60 0028 364BEAE5 		.ascii	"6K\352\345\232bK\245|\260@ge\017\211\230\2104\227\346"
  60      9A624BA5 
  60      7CB04067 
  60      650F8998 
  60      883497E6 
ARM GAS  C:\Users\mvshv\AppData\Local\Temp\ccQ9kMXG.s 			page 4


  61 003c BF4DE75C 		.ascii	"\277M\347\\\212>\024\365\024\352\310\012\313Pc\017\022"
  61      8A3E14F5 
  61      14EAC80A 
  61      CB50630F 
  61      12
  62 004d 16EBBBE7 		.ascii	"\026\353\273\347\334\273+*y\330w\317\277\357\367;\337"
  62      DCBB2B2A 
  62      79D877CF 
  62      BFEFF73B 
  62      DF
  63 005e B9BBD184 		.ascii	"\271\273\321\204\220\027<!\275@\210\003\307al\034\366"
  63      90173C21 
  63      BD408803 
  63      C7616C1C 
  63      F6
  64 006f 5344696A 		.ascii	"SDij\2141\214\011\014\217\264\347\303\360c\004\310\376"
  64      8C318C09 
  64      0C8FB4E7 
  64      C3F06304 
  64      C8FE
  65 0081 760B5DA8 		.ascii	"v\013]\250$%\030\363\030\243{<\001\211\365I.\217\344"
  65      242518F3 
  65      18A37B3C 
  65      0189F549 
  65      2E8FE4
  66 0094 DEDBDA79 		.ascii	"\336\333\332y\030\235\232\360\304\255\300\022`M\220"
  66      189D9AF0 
  66      C4ADC012 
  66      604D90
  67 00a3 485701D8 		.ascii	"HW\001\330\023{1\350<,7`\353\270\312\261NJ\025'2\002"
  67      137B31E8 
  67      3C2C3760 
  67      EBB8CAB1 
  67      4E4A1527 
  68 00b9 91154E72 		.ascii	"\221\025Nrp\262\227\376$\001\354\266\262}v\234\334\010"
  68      70B297FE 
  68      2401ECB6 
  68      B27D769C 
  68      DC08
  69 00cb CB67F528 		.ascii	"\313g\365(\034[\342\224\303v!\373j%\221\355HQ\312%A"
  69      1C5BE294 
  69      C37621FB 
  69      6A2591ED 
  69      4851CA25 
  70 00e0 7A091F7F 		.ascii	"z\011\037\177\266\016h\203\260\214\273\305\204\264\305"
  70      B60E6883 
  70      B08CBBC5 
  70      84B4C5
  71 00ef DC007175 		.ascii	"\334\000qu\313%|\326\360\034\035\377\030\231\337\324"
  71      CB257CD6 
  71      F01C1DFF 
  71      1899DFD4 
  72 00ff F01A3A7E 		.ascii	"\360\032:~\024Zr\251\364\375\002k1\371\004^\003/\277"
  72      145A72A9 
  72      F4FD026B 
  72      31F9045E 
  72      032FBF
ARM GAS  C:\Users\mvshv\AppData\Local\Temp\ccQ9kMXG.s 			page 5


  73 0112 4F7F78DB 		.ascii	"O\177x\333\233\320\302\303Q\015p8}\277\265\360$\016"
  73      9BD0C2C3 
  73      510D7038 
  73      7DBFB5F0 
  73      240E
  74 0124 A7C73490 		.ascii	"\247\3074\220\210\323\376\326p\273*\351\261\310\265"
  74      88D3FED6 
  74      70BB2AE9 
  74      B1C8B5
  75 0133 3508891C 		.ascii	"5\010\211\034\224\234\2007\220\014#\220\214\325\214"
  75      949C8037 
  75      900C2390 
  75      8CD58C
  76 0142 42123EAB 		.ascii	"B\022>\253\242\230iuf\343/\227\322-t\007\005o\240\351"
  76      A2986975 
  76      66E32F97 
  76      D22D7407 
  76      056FA0E9 
  77 0156 544F83D0 		.ascii	"TO\203\320\213\230N\314\0027\3600\014z\361\012n\361"
  77      8B984ECC 
  77      0237F030 
  77      0C7AF10A 
  77      6EF1
  78 0168 6C188220 		.ascii	"l\030\202 \200\013V\360\006c\220\202\364\275W\033+*"
  78      800B56F0 
  78      06639082 
  78      F4BD571B 
  78      2B2A
  79 017a 3E8F16DC 		.ascii	">\217\026\334\372e\314\235\200\246\240 x7;3:\007\327"
  79      FA65CC9D 
  79      80A6A020 
  79      78373B33 
  79      3A07D7
  80 018d 0487861E 		.ascii	"\004\207\206\036\007\343\212h\\\272\004LP\301\302\267"
  80      07E38A68 
  80      5CBA044C 
  80      50C1C2B7 
  81 019d A53BFC6D 		.ascii	"\245;\374m\312\277\3647\327GI\374j\257\316\021h\362"
  81      CABFF437 
  81      D74749FC 
  81      6AAFCE11 
  81      68F2
  82 01af 16307C52 		.ascii	"\0260|R\301'e\334C\361\256m\247\233\343'\201\012zZ\266"
  82      C12765DC 
  82      43F1AE6D 
  82      A79BE327 
  82      810A7A5A 
  83 01c4 9DBC2408 		.ascii	"\235\274$\010\215\350\006\206\204F\025\345\275\012\357"
  83      8DE80686 
  83      844615E5 
  83      BD0AEF
  84 01d3 95F929CA 		.ascii	"\225\371)\312\273~;\234\300\207\030?\266<\274\256\226"
  84      BB7E3B9C 
  84      C087183F 
  84      B63CBCAE 
  84      96
  85 01e4 F84F9E74 		.ascii	"\370O\236t\247/R\300\264\"\230\226\005>*\350\353\357"
ARM GAS  C:\Users\mvshv\AppData\Local\Temp\ccQ9kMXG.s 			page 6


  85      A72F52C0 
  85      B4229896 
  85      053E2AE8 
  85      EBEF
  86 01f6 F81ACB3F 		.ascii	"\370\032\313?g\177\337\207\372\007\307%~gQw_\341g\024"
  86      677FDF87 
  86      FA07C725 
  86      7E675177 
  86      5FE16714 
  87 020a 7E46E6FD 		.ascii	"~F\346\375\224\357x\372p\220\347\327\030\277\341\011"
  87      94EF78FA 
  87      7090E7D7 
  87      18BFE109 
  88 021a 7D97DFC0 		.ascii	"}\227\337\300\372rz\337\\D0\253\010feA\200\012\3365"
  88      FA727ADF 
  88      5C4430AB 
  88      08666541 
  88      800ADE35 
  89 022e 0E76F1EC 		.ascii	"\016v\361\354K\210\302\351\257\305\316\325x\366%\350"
  89      4B88C2E9 
  89      AFC5CED5 
  89      78F625E8 
  90 023e 70FAECCF 		.ascii	"p\372\354\317NG\274\266Y\020\356\012\335\015B\354e*"
  90      4E47BCB6 
  90      5910EE0A 
  90      DD0D42EC 
  90      652A
  91 0250 9BC34FE1 		.ascii	"\233\303O\341-\375\024\346AKUb\2576\225Zr\252\314\366"
  91      2DFD14E6 
  91      414B5562 
  91      AF36955A 
  91      72AACCF6 
  92 0264 64BDDE10 		.ascii	"d\275\336\020\371U\333\014\270l\260Y\313\305^_\036\223"
  92      F955DB0C 
  92      B86CB059 
  92      CBC55E5F 
  92      1E93
  93 0276 9D774D97 		.ascii	"\235wM\227\231\232JN\376/\213D\333\354\242\352\364\001"
  93      999A4A4E 
  93      FE2F8B44 
  93      DBECA2EA 
  93      F401
  94 0288 49E6AA72 		.ascii	"I\346\252rKmE\24586\332\354z\023\211-\253.\265V\210"
  94      4B6D45A5 
  94      3836DAEC 
  94      7A13892D 
  94      AB2EB556 
  95 029d E9170F48 		.ascii	"\351\027\017H\247\2336Ca\221\261\260\350J\332\271\334"
  95      A79B3643 
  95      6191B1B0 
  95      E84ADAB9 
  95      DC
  96 02ae F40BE78D 		.ascii	"\364\013\347\215Y9\205\231\371\327/]-f\273\350P\333"
  96      59398599 
  96      F9D72F5D 
  96      2D66BBE8 
  96      50DB
ARM GAS  C:\Users\mvshv\AppData\Local\Temp\ccQ9kMXG.s 			page 7


  97 02c0 2A6A45C3 		.ascii	"*jE\303\331\303\016\254\264\232\261\253\265\225\211"
  97      D9C30EAC 
  97      B49AB1AB 
  97      B59589
  98 02cf 10762274 		.ascii	"\020v\"t\346\020\210e\0371\326\340\330b\2510\232\221"
  98      E6108865 
  98      1F31D6E0 
  98      D862A930 
  98      9A91
  99 02e1 C93880A9 		.ascii	"\3118\200\251\251\266\332\305J\261LCnn\226!\273 '\377"
  99      A9B6DAC5 
  99      4AB14C43 
  99      6E6E9621 
  99      BB2027FF 
 100 02f5 661A5548 		.ascii	"f\032UH(j\264\246]\226\264C,\322\225\353\352\014\246"
 100      286AB4A6 
 100      5D96B443 
 100      2CD295EB 
 100      EA0CA6
 101 0308 88E01F00 		.ascii	"\210\340\037\000\236\204\207"
 101      9E8487
 102              		.text
 103              		.section	.gnu.lto_.symtab.fb69f758,"",%progbits
 104 0000 68616C49 		.ascii	"halInit\000"
 104      6E697400 
 105 0008 00       		.ascii	"\000"
 106 0009 00       		.ascii	"\000"
 107 000a 00       		.ascii	"\000"
 108 000b 00000000 		.ascii	"\000\000\000\000\000\000\000\000"
 108      00000000 
 109 0013 BB000000 		.ascii	"\273\000\000\000"
 110 0017 7374496E 		.ascii	"stInit\000"
 110      697400
 111 001e 00       		.ascii	"\000"
 112 001f 02       		.ascii	"\002"
 113 0020 00       		.ascii	"\000"
 114 0021 00000000 		.ascii	"\000\000\000\000\000\000\000\000"
 114      00000000 
 115 0029 BD000000 		.ascii	"\275\000\000\000"
 116 002d 626F6172 		.ascii	"boardInit\000"
 116      64496E69 
 116      7400
 117 0037 00       		.ascii	"\000"
 118 0038 02       		.ascii	"\002"
 119 0039 00       		.ascii	"\000"
 120 003a 00000000 		.ascii	"\000\000\000\000\000\000\000\000"
 120      00000000 
 121 0042 BF000000 		.ascii	"\277\000\000\000"
 122 0046 73647549 		.ascii	"sduInit\000"
 122      6E697400 
 123 004e 00       		.ascii	"\000"
 124 004f 02       		.ascii	"\002"
 125 0050 00       		.ascii	"\000"
 126 0051 00000000 		.ascii	"\000\000\000\000\000\000\000\000"
 126      00000000 
 127 0059 C1000000 		.ascii	"\301\000\000\000"
 128 005d 75736249 		.ascii	"usbInit\000"
ARM GAS  C:\Users\mvshv\AppData\Local\Temp\ccQ9kMXG.s 			page 8


 128      6E697400 
 129 0065 00       		.ascii	"\000"
 130 0066 02       		.ascii	"\002"
 131 0067 00       		.ascii	"\000"
 132 0068 00000000 		.ascii	"\000\000\000\000\000\000\000\000"
 132      00000000 
 133 0070 C3000000 		.ascii	"\303\000\000\000"
 134 0074 5F70616C 		.ascii	"_pal_lld_init\000"
 134      5F6C6C64 
 134      5F696E69 
 134      7400
 135 0082 00       		.ascii	"\000"
 136 0083 02       		.ascii	"\002"
 137 0084 00       		.ascii	"\000"
 138 0085 00000000 		.ascii	"\000\000\000\000\000\000\000\000"
 138      00000000 
 139 008d C5000000 		.ascii	"\305\000\000\000"
 140 0091 68616C5F 		.ascii	"hal_lld_init\000"
 140      6C6C645F 
 140      696E6974 
 140      00
 141 009e 00       		.ascii	"\000"
 142 009f 02       		.ascii	"\002"
 143 00a0 00       		.ascii	"\000"
 144 00a1 00000000 		.ascii	"\000\000\000\000\000\000\000\000"
 144      00000000 
 145 00a9 C7000000 		.ascii	"\307\000\000\000"
 146              		.text
 147              		.section	.gnu.lto_.opts,"",%progbits
 148 0000 272D666D 		.ascii	"'-fmath-errno' '-fsigned-zeros' '-ftrapping-math' '"
 148      6174682D 
 148      6572726E 
 148      6F272027 
 148      2D667369 
 149 0033 2D666E6F 		.ascii	"-fno-trapv' '-fno-openmp' '-fno-openacc' '-mcpu=cor"
 149      2D747261 
 149      70762720 
 149      272D666E 
 149      6F2D6F70 
 150 0066 7465782D 		.ascii	"tex-m4' '-mno-thumb-interwork' '-mthumb' '-O2' '-fo"
 150      6D342720 
 150      272D6D6E 
 150      6F2D7468 
 150      756D622D 
 151 0099 6D69742D 		.ascii	"mit-frame-pointer' '-falign-functions=16' '-ffuncti"
 151      6672616D 
 151      652D706F 
 151      696E7465 
 151      72272027 
 152 00cc 6F6E2D73 		.ascii	"on-sections' '-fdata-sections' '-fno-common' '-flto"
 152      65637469 
 152      6F6E7327 
 152      20272D66 
 152      64617461 
 153 00ff 2700     		.ascii	"'\000"
 154              		.text
 155              		.comm	__gnu_lto_v1,1,1
ARM GAS  C:\Users\mvshv\AppData\Local\Temp\ccQ9kMXG.s 			page 9


 156              		.comm	__gnu_lto_slim,1,1
 157              		.ident	"GCC: (GNU Tools for Arm Embedded Processors 7-2017-q4-major) 7.2.1 20170904 (release) [ARM
ARM GAS  C:\Users\mvshv\AppData\Local\Temp\ccQ9kMXG.s 			page 10


DEFINED SYMBOLS
                            *ABS*:00000000 hal.c
                            *COM*:00000001 __gnu_lto_v1
                            *COM*:00000001 __gnu_lto_slim

NO UNDEFINED SYMBOLS
