ARM GAS  C:\Users\mvshv\AppData\Local\Temp\ccuQ84yM.s 			page 1


   1              		.cpu cortex-m4
   2              		.eabi_attribute 20, 1
   3              		.eabi_attribute 21, 1
   4              		.eabi_attribute 23, 3
   5              		.eabi_attribute 24, 1
   6              		.eabi_attribute 25, 1
   7              		.eabi_attribute 26, 1
   8              		.eabi_attribute 30, 2
   9              		.eabi_attribute 34, 1
  10              		.eabi_attribute 18, 4
  11              		.file	"hal_pal_lld.c"
  12              		.section	.gnu.lto_.profile.fb69d274,"",%progbits
  13 0000 789C6363 		.ascii	"x\234cc```\001bF\206\350H\000\001\207\000\300"
  13      60606001 
  13      624686E8 
  13      48000187 
  13      00C0
  14              		.text
  15              		.section	.gnu.lto_.icf.fb69d274,"",%progbits
  16 0000 789C6363 		.ascii	"x\234cc``\020a@\000f\206\246\206\326M|\214\307\257\037"
  16      60601061 
  16      40006686 
  16      A686D64D 
  16      7C8CC7AF 
  17 0015 38CAC4F4 		.ascii	"8\312\304\364\373\305\326\345L\014\000Y>\010\316"
  17      FBC5D6E5 
  17      4C0C0059 
  17      3E08CE
  18              		.text
  19              		.section	.gnu.lto_.jmpfuncs.fb69d274,"",%progbits
  20 0000 789C6363 		.ascii	"x\234cc``\020g@\000& fdfddd\257\237\303\314\000\304"
  20      60601067 
  20      40002620 
  20      66646664 
  20      6464AF9F 
  21 0018 8C40CCC4 		.ascii	"\214@\314\304\000\000!\215\003\213"
  21      0000218D 
  21      038B
  22              		.text
  23              		.section	.gnu.lto_.inline.fb69d274,"",%progbits
  24 0000 789C6363 		.ascii	"x\234cc``0c@\000&\006\006f&F\020\305\300\266@\036D1"
  24      60603063 
  24      40002606 
  24      06662646 
  24      10C5C0B6 
  25 0018 3032DC62 		.ascii	"02\334b\270\317\310\310\310\244\300\010\224\254\352"
  25      B8CFC8C8 
  25      C8A4C008 
  25      94ACEA
  26 0027 7B24CA20 		.ascii	"{$\312 \363\244\233\231\211An\311f&\026\260.\000\270"
  26      F3A49B99 
  26      89416EC9 
  26      662616B0 
  26      2E00B8
  27 003a BA07FB   		.ascii	"\272\007\373"
  28              		.text
  29              		.section	.gnu.lto_.pureconst.fb69d274,"",%progbits
ARM GAS  C:\Users\mvshv\AppData\Local\Temp\ccuQ84yM.s 			page 2


  30 0000 789C6363 		.ascii	"x\234cc```\005b&\006\006F)\000\000\256\000)"
  30      60606005 
  30      62260606 
  30      46290000 
  30      AE0029
  31              		.text
  32              		.section	.gnu.lto__pal_lld_init.fb69d274,"",%progbits
  33 0000 789C6363 		.ascii	"x\234cc``\250\003b+ \226\006bFf\006F\246\011\347\030"
  33      6060A803 
  33      622B2096 
  33      06624666 
  33      0646A609 
  34 0016 181A3998 		.ascii	"\030\0329\230\030\031A\214\006\016F\206z&\306z\306\036"
  34      1819418C 
  34      060E4686 
  34      7A26C67A 
  34      C61E
  35 0028 E629CC8C 		.ascii	"\346)\314\214\207\332\237\355d\322\\\336\000\004\007"
  35      87DA9FED 
  35      64D25CDE 
  35      000407
  36 0037 A66F606B 		.ascii	"\246o`kkh\225\230\303\314\3000\015\210A\200q3\243&\003"
  36      6B689598 
  36      C3CCC030 
  36      0D884180 
  36      7133A326 
  37 004c 50D9A38D 		.ascii	"P\331\243\215\377\246\362\262\261@\304\031\2670\262"
  37      FFA6F2B2 
  37      B140C419 
  37      B730B2
  38 005b 31300219 		.ascii	"10\002\031\353/\261\036h\370\367\277\275\341\300\225"
  38      EB2FB11E 
  38      68F8F7BF 
  38      BDE1C095 
  39 006b C58C97DD 		.ascii	"\305\214\227\335\230\030\030:\200\362@K\032\0160t23"
  39      9818183A 
  39      80F2404B 
  39      1A0E3074 
  39      3233
  40 007d 8158CD07 		.ascii	"\201X\315\007\030\33616)\200\265\200@\0073#H\030\250"
  40      18DE3136 
  40      2980B580 
  40      40073323 
  40      4818A8
  41 0090 D4424F4F 		.ascii	"\324BOO\037\216\362\213\3653\022s\364\013\362\213J\212"
  41      1F8EF28B 
  41      F5331273 
  41      F40BF28B 
  41      4A8A
  42 00a2 F583437C 		.ascii	"\365\203C|\215\215\364}|\\\364\335\003<\375\313\214"
  42      8D8DF47D 
  42      7C5CF4DD 
  42      033CFDCB 
  42      8C
  43 00b3 4152F105 		.ascii	"AR\361\005@\234\223\223\242\227\314\000\000\274\275"
  43      409C9393 
  43      A297CC00 
ARM GAS  C:\Users\mvshv\AppData\Local\Temp\ccuQ84yM.s 			page 3


  43      00BCBD
  44 00c2 3C0C     		.ascii	"<\014"
  45              		.text
  46              		.section	.gnu.lto__pal_lld_setgroupmode.fb69d274,"",%progbits
  47 0000 789CA558 		.ascii	"x\234\245XiTU\327\025>\373\2367\361\336\343a\214&\016"
  47      695455D7 
  47      153EFB9E 
  47      37F1DEE3 
  47      618C260E 
  48 0014 18491C88 		.ascii	"\030I\034\210q\300Y\264?\342l\235\332\256\325\364\207"
  48      71C059B4 
  48      3FE26C9D 
  48      DAAED5F4 
  48      87
  49 0025 636AD5B5 		.ascii	"cj\325\265\322\025,,\260YM\227\253y\012<\304\021\343"
  49      D2152C2C 
  49      B0594D97 
  49      AB790A3C 
  49      C411E3
  50 0038 D4BE624B 		.ascii	"\324\276bK*\024\2611\321\206T\301\220 8\200\015\030"
  50      2A14B131 
  50      D18654C1 
  50      90203880 
  50      0D18
  51 004a 710ACE1A 		.ascii	"q\012\316\032\305`\024\025\011N \335{\237{y\203o\325"
  51      C5601415 
  51      094E20DD 
  51      7B9F7B79 
  51      836FD5
  52 005d C5E22DEF 		.ascii	"\305\342-\357\346\334}\367\367\235\363\355\263\317\271"
  52      E6DC7DF7 
  52      F79DF3ED 
  52      B3CFB9
  53 006c E76A1142 		.ascii	"\347j\021B\374\261\263\020\253\360o1^\320A\200\226Q"
  53      FCB1B310 
  53      ABF06F31 
  53      5ED04180 
  53      9651
  54 007e 29C4729B 		.ascii	")\304r\233\006R5\244fZ\031-\334\366p\262N\223f.\353"
  54      065235A4 
  54      665A192D 
  54      DCF670B2 
  54      4E93662E 
  55 0093 86776165 		.ascii	"\206wae\303\360\316\254Y\370\231\225\237Y\300\246 V"
  55      C3F0CEAC 
  55      59F89995 
  55      9F59C0A6 
  55      2056
  56 00a5 A36103A7 		.ascii	"\243a\003\247j\204iv\016tp\240\335p;\214\206\023\302"
  56      6A846976 
  56      0E7470A0 
  56      DD703B8C 
  56      8613C2
  57 00b8 55235C8B 		.ascii	"U#\\\2138\357\300@W~\211\300H\227\032\305\001[\004\000"
  57      38EFC040 
  57      577E89C0 
  57      48971AC5 
ARM GAS  C:\Users\mvshv\AppData\Local\Temp\ccuQ84yM.s 			page 4


  57      015B0400 
  58 00cc 35DC3610 		.ascii	"5\3346\020\037h\322d\266Xmav\2073\334\025\001x/\364"
  58      1F68D264 
  58      B6586D61 
  58      768733DC 
  58      1501782F 
  59 00e1 DF1AB949 		.ascii	"\337\032\271IBIZM\201\326/\327\215\277\342\255\031V"
  59      42495A4D 
  59      81D62FD7 
  59      8DBFE2AD 
  59      1956
  60 00f3 8F3BB54B 		.ascii	"\217;\265K&Fl\321\243\3403\350\207Q\307Svg\312\3252"
  60      26466CD1 
  60      A3E033E8 
  60      8751C753 
  60      7667CAD5 
  61 0108 530298F0 		.ascii	"S\002\230\360\366^\205\367;\027\335j\020\205\267\245"
  61      F65E85F7 
  61      3B17DD6A 
  61      1085B7A5 
  62 0118 952DFBEC 		.ascii	"\225-\373\354\362' \260\335|\270\261\306\026\235\343"
  62      F22720B0 
  62      DD7CB8B1 
  62      C6169DE3 
  63 0128 76AF7017 		.ascii	"v\257p\0277eKw\357L)\341? \221\020>\207H\310\207H\201"
  63      37654B77 
  63      EF4C29E1 
  63      3F209110 
  63      3E8748C8 
  64 013f 2E017B21 		.ascii	".\001{!\032\303[\376\271;\335&\3072\364Ln\232\327\256"
  64      1AC35BFE 
  64      B93BDD26 
  64      C732F44C 
  64      6E9AD7AE 
  65 0153 432B333B 		.ascii	"C+3;\346$\273\177\232)M\260/\030l\022P\300\340\373\237"
  65      E624BB7F 
  65      9A294DB0 
  65      2F186C12 
  65      50C0E0FB 
  66 0168 E56C74C8 		.ascii	"\345lt\310I\014\276X\227\377W\003|:\263[6\203\315P\030"
  66      490CBE58 
  66      97FF5703 
  66      7C3AB35B 
  66      3683CD50 
  67 017d 0C360BD8 		.ascii	"\0146\013\330\017\321\204X\263<\357\262\224\323\030"
  67      0FD18458 
  67      B33CEFB2 
  67      94D318
  68 018c 7DE5EEDD 		.ascii	"}\345\356\335}\366>\333\031}q[\227\217\222\335enS\246"
  68      7DF63EDB 
  68      197D715B 
  68      978F92DD 
  68      656E53A6 
  69 01a0 B4C01781 		.ascii	"\264\300\027\201x\372ax\325\351\274\215\021\362g\014"
  69      78FA6178 
  69      D5E9BC8D 
  69      11F2670C 
ARM GAS  C:\Users\mvshv\AppData\Local\Temp\ccuQ84yM.s 			page 5


  70 01b0 BD7E6CF3 		.ascii	"\275~l\363\307\240C\253zx\335\305)Q\004\3742$\360\306"
  70      C7A043AB 
  70      7A78DDC5 
  70      295104FC 
  70      3224F0C6 
  71 01c4 F57F5F72 		.ascii	"\365\177_r\310\267\030\230\232\261\341\232E\007\036"
  71      C8B71898 
  71      9AB1E19A 
  71      45071E
  72 01d3 F5018B43 		.ascii	"\365\001\213C\002\363Z\216}h\223\263\030\270n\375\206"
  72      02F35A8E 
  72      7D6893B3 
  72      18B86EFD 
  72      86
  73 01e4 AC081D58 		.ascii	"\254\010\035X\342\003\226\204\004\336\331x\250B\223"
  73      E2039684 
  73      04DED978 
  73      A84293
  74 01f3 F319B8F5 		.ascii	"\363\031\270\365\366\216{\016\035\3708\262\025x0$\260"
  74      F68E7B0E 
  74      1DF838B2 
  74      15783024 
  74      B0
  75 0204 E6DBE4BF 		.ascii	"\346\333\344\277X\344\"\006\236-\333q\303\245\003\353"
  75      58E42206 
  75      9E2DDB71 
  75      C3A503EB 
  76 0214 7DC0C321 		.ascii	"}\300\303!\201\031\315\325n\213\214c`\345\245\232L#"
  76      8119CDD5 
  76      6E8B8C63 
  76      60E5A59A 
  76      4C23
  77 0226 39377DC0 		.ascii	"97}\300\262\220\300\265w\036~d\222I\014\314\313X\365"
  77      B290C0B5 
  77      771E7E64 
  77      92490CCC 
  77      CB58F5
  78 0239 244C075E 		.ascii	"$L\007^\365\001\217\206\004^\335\363ts\270\305\004\377"
  78      F5018F86 
  78      045EDDF3 
  78      7473B8C5 
  78      04FF
  79 024b 853E508E 		.ascii	"\205>P\216\327\021\274\016\341U\212\327\001\274\276"
  79      D711BC0E 
  79      E1558AD7 
  79      01BCBE
  80 025a C2AB08FA 		.ascii	"\302\253\010\372\250\242\206\257\301\0024\375W\262r"
  80      A8A286AF 
  80      C10234FD 
  80      57B272
  81 0269 C3E4FBDC 		.ascii	"\303\344\373\334[\346\2279'5\275\267\306m\235\262[\247"
  81      5BE69739 
  81      2735BDB7 
  81      C66D9DB2 
  81      5BA7
  82 027b BF22F440 		.ascii	"\277\"\364@\177X\277\032\34425\375O~\3140*\247a\273"
  82      7F58BF1A 
ARM GAS  C:\Users\mvshv\AppData\Local\Temp\ccuQ84yM.s 			page 6


  82      E43235FD 
  82      4F7ECC30 
  82      2AA761BB 
  83 028f 7467BB35 		.ascii	"tg\2735\002\036\013\011\334\\[\263\307$?`\340\3722\317"
  83      021E0B09 
  83      DC5C5BB3 
  83      C7243F60 
  83      E0FA32CF 
  84 02a3 0D63324E 		.ascii	"\015c2N\372\200\307C\002\233k\367\374\313.W\000#\213"
  84      FA80C743 
  84      029B6BF7 
  84      FCCB2E57 
  84      00238B
  85 02b6 8E36A419 		.ascii	"\2166\244\031\243=\370\217V\344\211\377\233\233\223"
  85      A33DF88F 
  85      56E489FF 
  85      9B9B93
  86 02c5 98832ABC 		.ascii	"\230\203*\274\276\301\253\022sAi\300d\234\302d\010\341"
  86      BEC1AB12 
  86      734169C0 
  86      649CC264 
  86      08E1
  87 02d7 7C5EEA82 		.ascii	"|^\352\202\341\237V\231\213\335O[\322p\255E\236k8\335"
  87      E19F5699 
  87      8BDD4F5B 
  87      D270AD45 
  87      9E6B38DD 
  88 02eb F16DC0A5 		.ascii	"\361m\300\245e\325\310H2&2f2\0262V262ad\354hl\016j9"
  88      65D5C848 
  88      32263266 
  88      32163256 
  88      32363261 
  89 0306 A9154EC6 		.ascii	"\251\025N\306E\267\021d:\220y\201LG2/\222\351D\2463"
  89      45B71164 
  89      3A907981 
  89      4C47322F 
  89      92E944A6 
  90 031b 9997C8BC 		.ascii	"\231\227\310\274L\246\013\231\256d\272\221\351N\206"
  90      4CA60B99 
  90      AE64BA91 
  90      E94E86
  91 032a 56B8B507 		.ascii	"V\270\265\007\231W\310\364$\023E\346U2\257\221\351E"
  91      9957C8F4 
  91      241345E6 
  91      5532AF91 
  91      E945
  92 033c A637993E 		.ascii	"\2467\231>d\372\222\211&\363:\231~d\336 \323\237\314"
  92      64FA9289 
  92      26F33A99 
  92      7E64DE20 
  92      D39FCC
  93 034f 003203C9 		.ascii	"\0002\003\311\014\"\023Cf0\231!d\206\222\031Ff8\231"
  93      0C221343 
  93      66309921 
  93      64869219 
  93      46663899 
  94 0363 11BC2F8D 		.ascii	"\021\274/\215\024\224\314Q\202\322\031+(\241\243\005"
ARM GAS  C:\Users\mvshv\AppData\Local\Temp\ccuQ84yM.s 			page 7


  94      1494CC51 
  94      82D2192B 
  94      28A1A305 
  95 0373 A5748CA0 		.ascii	"\245t\214\240D\276\011\264\375\214\345\230q\0343\236"
  95      44BE09B4 
  95      FD8CE598 
  95      711C339E 
  96 0383 632670CC 		.ascii	"c&p\314DA\211\237$(\365\223\005%\177\012\020\347TA\023"
  96      4441899F 
  96      2428F593 
  96      05257F0A 
  96      10E75441 
  97 0398 304DD014 		.ascii	"0M\320\024L\0274\0113\004M\303L\240mt\026\367;\233\331"
  97      4C173409 
  97      33044DC3 
  97      4CA06D74 
  97      16F73B9B 
  98 03ad E630DB5C 		.ascii	"\3460\333\\f\233\307\275\314\347~\205X\211\305\177\336"
  98      669BC7BD 
  98      CCE77E85 
  98      5889C57F 
  98      DE
  99 03be E12E16E9 		.ascii	"\341.\026\351R\303Fr\261\270\011\311M\236\212\202\004"
  99      52C34672 
  99      B1B809C9 
  99      4D9E8A82 
  99      04
 100 03cf 2A05AF1C 		.ascii	"*\005\257\034\353\225o\322\373\240~w\256\223\266v+H"
 100      EB956FD2 
 100      FBA07E77 
 100      AE93B676 
 100      2B48
 101 03e1 388D7554 		.ascii	"8\215uT\003+\242x\315 \027F\021\252\336s\241`\267T0"
 101      032BA278 
 101      CD201746 
 101      11AADE73 
 101      A160B754 
 102 03f6 50B0432D 		.ascii	"P\260C-\017\212#\010f\003\015\316 \214\311\313\365\240"
 102      0F8A2308 
 102      66030DCE 
 102      208CC9CB 
 102      F5A0
 103 0408 71188741 		.ascii	"q\030\207A\371\007\217xl\212\033\340[\177\356r\342\036"
 103      F9078F78 
 103      6C8A1BE0 
 103      5B7FEE72 
 103      E21E
 104 041a A7B86F17 		.ascii	"\247\270o\027\344\3530\015\271a@\020\327x\364\007\016"
 104      E4EB300D 
 104      B9614010 
 104      D778F407 
 104      0E
 105 042b EC0881C7 		.ascii	"\354\010\201\307+ps\353\300\244\032Xyva\223S\015\314"
 105      2B7073EB 
 105      C0A41A58 
 105      79766193 
 105      530DCC
ARM GAS  C:\Users\mvshv\AppData\Local\Temp\ccuQ84yM.s 			page 8


 106 043e 0CD5C103 		.ascii	"\014\325\301\003\233\200q\201d\207\210l\202\"[\273\377"
 106      9B807181 
 106      6487886C 
 106      82225BBB 
 106      FF
 107 044f B21E6752 		.ascii	"\262\036gRd\015\253R\037HEf\205\263\301d\0231\016\203"
 107      640DAB52 
 107      1F484566 
 107      85B3C164 
 107      13310E83 
 108 0463 3EA96FF8 		.ascii	">\251o\370\304\242TF\3009\177\356R\342\236\250\270\267"
 108      C4A25446 
 108      C0397FEE 
 108      52E29EA8 
 108      B8B7
 109 0475 EDFF5887 		.ascii	"\355\377X\207\231\025\367\231\352\224\002P\334\0168"
 109      9915F799 
 109      EA940250 
 109      DC0E38
 110 0484 1FCC3D09 		.ascii	"\037\314=\011\343\002Sv\200\310&)\262]\373\015\325\026"
 110      E3025376 
 110      80C82629 
 110      B25DFB0D 
 110      D516
 111 0496 45F6E4FB 		.ascii	"E\366\344\373M\325:\231\023.\004\223M\306\270@\262\257"
 111      4DD53A99 
 111      132E0493 
 111      4DC6B840 
 111      B2AF
 112 04a8 886C32DD 		.ascii	"\210l2\335g\335v\261\007k\006y\266\244\226\034\263\022"
 112      67DD76B1 
 112      076B0679 
 112      B6A4961C 
 112      B312
 113 04ba 0FEE1270 		.ascii	"\017\356\022p\221w\225t|y\343\341\002\353\247\0064\256"
 113      91779574 
 113      7C79E3E1 
 113      02EBA706 
 113      34AE
 114 04cc 2DAF1CA3 		.ascii	"-\257\034\243\332\234\273\321\252\315\223\022\253\332"
 114      DA9CBBD1 
 114      AACD9312 
 114      ABDA
 115 04da 3CBBA354 		.ascii	"<\273\243T\233\253h\244jc\325z\345\0105\266\013\373"
 115      9BAB68A4 
 115      6A63D57A 
 115      E50835B6 
 115      0BFB
 116 04ec 97A9C159 		.ascii	"\227\251\301Y\321\305\203\273\016)\347J\017\202\356"
 116      D1C583BB 
 116      0E29E74A 
 116      0F82EE
 117 04fb C5C17C7A 		.ascii	"\305\301|z\253\340Q\270J\254\200Kj\213k\204\021^9E\023"
 117      ABE051B8 
 117      4AAC804B 
 117      6A8B6B84 
 117      115E3945 
ARM GAS  C:\Users\mvshv\AppData\Local\Temp\ccuQ84yM.s 			page 9


 118 0510 5E39CBE5 		.ascii	"^9\313\345\315=\016\2150\022\213T\363\336\277\214\205"
 118      CD3D0E8D 
 118      30128B54 
 118      F3DEBF8C 
 118      85
 119 0521 39CF7576 		.ascii	"9\317uvg5\272Fami\205\354\232\355\272\231\213\236X,"
 119      6735BA46 
 119      616D6985 
 119      EC9AEDBA 
 119      998B9E58 
 120 0536 18ED6892 		.ascii	"\030\355h\222W\316qyw\326\242c4N\272\366\230C\346\272"
 120      57CE7179 
 120      77D6A263 
 120      344EBAF6 
 120      9843E6BA 
 121 054a 0A193586 		.ascii	"\012\0315\206\004k\217\033\3117\337\365x\347\001@\355"
 121      046B8F1B 
 121      C937DFF5 
 121      78E70140 
 121      ED
 122 055b 26B132DA 		.ascii	"&\2612\332X:k\213\2624\332@\275\322\206)\360/\017+\226"
 122      583A6B8B 
 122      B234DA40 
 122      BDD28629 
 122      F02F0F2B 
 123 0570 C7659575 		.ascii	"\307e\225u\257\247:L\005\205a\234\377Q\312\012&\270"
 123      AFA73A4C 
 123      0585619C 
 123      FF51CA0A 
 123      26B8
 124 0582 A282EE7A 		.ascii	"\242\202\356z\322\315*h*\227Q\230\232\031\332\234OR"
 124      D2CD2A68 
 124      2A975198 
 124      9A19DA9C 
 124      4F52
 125 0594 BEA6AAA0 		.ascii	"\276\246\252\240mE\177PQv\350\037IY\277\011+\352\323"
 125      6D457F50 
 125      5176E81F 
 125      4959BF09 
 125      2BEAD3
 126 05a7 F2A4724E 		.ascii	"\362\244rNC\277\017WE\270ij\004\273\212\366\201\212"
 126      43BF0F57 
 126      45B8696A 
 126      04BB8AF6 
 126      818A
 127 05b9 71A881B6 		.ascii	"q\250\201\266\256V+\256\326\253\306\030ju\"'\2569\014"
 127      AE562BAE 
 127      D6ABC618 
 127      6A752227 
 127      AE390C
 128 05cc 0D649F8E 		.ascii	"\015d\237\216~\037\3737\304>]\301\212\212\226\251\220"
 128      7E1FFB37 
 128      C43E5DC1 
 128      8A8A96A9 
 128      90
 129 05dd 70FFE2B7 		.ascii	"p\377\342\267a\361\177\007\221\244%\200g\006\306\371"
 129      61F17F07 
ARM GAS  C:\Users\mvshv\AppData\Local\Temp\ccuQ84yM.s 			page 10


 129      91A42580 
 129      6706C6F9 
 130 05ed 782A8967 		.ascii	"x*\211g\006F\224\024\326\336J\216P!.\377\302\223\374"
 130      06469414 
 130      D6DE4A8E 
 130      50212EFF 
 130      C293FC
 131 0600 CAFBA2A4 		.ascii	"\312\373\242\244\342\260%\013\376\266\034\217\251x\020"
 131      E2B0250B 
 131      FEB61C8F 
 131      A97810
 132 060f C054CE84 		.ascii	"\300T\316\204kT\001\370\354\364\336\302\275\3411\273"
 132      6B5401F8 
 132      ECF4DEC2 
 132      BDE131BB 
 133 061f DC29CBE9 		.ascii	"\334)\313\351\221\035\256C\026l\346\343+\324@\014\365"
 133      911DAE43 
 133      166CE6E3 
 133      2BD4400C 
 133      F5
 134 0630 FED4F348 		.ascii	"\376\324\363H\237\203\010='M\255\263\322\001\373C?9"
 134      9F83083D 
 134      274DADB3 
 134      D201FB43 
 134      3F39
 135 0642 1F7ACA1D 		.ascii	"\037z\312\035\312\371\002\373G\321\270N\256\252\346"
 135      CAF902FB 
 135      47D1B84E 
 135      AEAAE6
 136 0651 A9091A44 		.ascii	"\251\011\032D\326\357\304s\206q\3037\214\357!\0069\225"
 136      D6EFC473 
 136      8671C337 
 136      8CEF2106 
 136      3995
 137 0663 CADB86CA 		.ascii	"\312\333\206\312\216m\224U\313|@|7Y\026\212(\320E\274"
 137      8E6D9455 
 137      CB7C407C 
 137      3759168A 
 137      28D045BC 
 138 0677 C8CA3A2A 		.ascii	"\310\312:*\021y\272\210N\354\237\324.\021?\370:\275"
 138      1179BA88 
 138      4EEC9FD4 
 138      2E113FF8 
 138      3ABD
 139 0689 45223A29 		.ascii	"E\":)\021u\206\210\316m\024q\233\3714\342\2533\346&"
 139      11758688 
 139      CE6D1471 
 139      9BF934E2 
 139      AB33E626 
 140 069d 5D1FEF4B 		.ascii	"]\037\357KzE5yjuY/c\007\350W\262\252\365\260.\354\217"
 140      7A453579 
 140      6A75592F 
 140      6307E857 
 140      B2AAF5B0 
 141 06b4 6D97AC3B 		.ascii	"m\227\254;\276a\334%Y]\224\254;\206\254\256m\224u\217"
 141      BE61DC25 
 141      595D94AC 
ARM GAS  C:\Users\mvshv\AppData\Local\Temp\ccuQ84yM.s 			page 11


 141      3B86ACAE 
 141      6D94758F 
 142 06c8 F9F87459 		.ascii	"\371\370tYo\314M\271.\242\033+\353\252D\024\350\"\272"
 142      6FCC4DB9 
 142      2EA21B2B 
 142      EBAA4414 
 142      E822BA
 143 06db B37F74BB 		.ascii	"\263\177t\273D\334\367u\332@\"\272\323\216y\266\264"
 143      44DCF775 
 143      DA4022BA 
 143      D38E79B6 
 143      B4
 144 06ec A4A7EA62 		.ascii	"\244\247\352b,/l\301;\266Yd\207\343\256\205\317\217"
 144      2C2F6CC1 
 144      3BB65964 
 144      87E3AE85 
 144      CF8F
 145 06fe 955EFC7B 		.ascii	"\225^\374{\254\012\240\215\240\374\350\326\035N\265"
 145      AC0AA08D 
 145      A0FCE8D6 
 145      1D4EB5
 146 070d BF5BE1C7 		.ascii	"\277[\341\307\326x\213\250\262\360.\207Ii\332\256'%"
 146      D6788BA8 
 146      B2F02E87 
 146      4969DAAE 
 146      2725
 147 071f B28D4969 		.ascii	"\262\215Ii\344\361\231h|\017\214\2716f\266\207Z\365"
 147      E4F19968 
 147      7C0F8CB9 
 147      3666B687 
 147      5AF5
 148 0731 7E697A05 		.ascii	"~iz\005;@\177`\232z\262\177\252JSm\3104\375\351yiz\350"
 148      3B407F60 
 148      9A7AB27F 
 148      AA4A536D 
 148      C834FDE9 
 149 0749 1BC6234A 		.ascii	"\033\306#JSOVh\365S\370\324P\030\325F\205\217\231\332"
 149      534F5668 
 149      F553F8D4 
 149      5018D546 
 149      858F99DA 
 150 075d 4CD44F82 		.ascii	"L\324O\202\025\276\372\214\302\327\260\003\364\007*"
 150      15BEFA8C 
 150      C2D7B003 
 150      F4072A
 151 076c ECC5FEF6 		.ascii	"\354\305\376\366)l\362\015\243\231\024\366b\20565\347"
 151      296CF20D 
 151      A39914F6 
 151      62853635 
 151      E7
 152 077d ACB0A554 		.ascii	"\254\260\245TW\330\273\215\012\2372\265\205\250[\214"
 152      57D8BB8D 
 152      0A9F32B5 
 152      85A85B8C 
 153 078d C23614F6 		.ascii	"\3026\024\366\341\302\356\035\270:\373\262\177\244\322"
 153      E1C2EE1D 
 153      B83AFBB2 
ARM GAS  C:\Users\mvshv\AppData\Local\Temp\ccuQ84yM.s 			page 12


 153      7FA4D2
 154 079c F328A49E 		.ascii	"\363(\244\236\367\236\247\307\255\265v\272\\C=}YO\230"
 154      F79EA7C7 
 154      ADB576BA 
 154      5C433D7D 
 154      594F98
 155 07af B8D6D5D0 		.ascii	"\270\326\325\320\263\346\220\256'\272\215zV\370\250"
 155      B3E690AE 
 155      27BA8D7A 
 155      56F8A8
 156 07be 93B5203D 		.ascii	"\223\265 =\257\263\236\350@=\375\330\337>=)\276N"
 156      AFB39EE8 
 156      403DFDD8 
 156      DF3E3D29 
 156      BE4E
 157 07d0 53494F3F 		.ascii	"SIO?\265\020\353v\030\013\321o\345\331E\275\323P\271"
 157      B510EB76 
 157      180BD16F 
 157      E5D945BD 
 157      D350B9
 158 07e3 2E4757F9 		.ascii	".GW\371F\033Uz\264\326\222O\323\202\352\262\3773u9\000"
 158      461B557A 
 158      B4D6924F 
 158      D382EAB2 
 158      FF337539 
 159 07f8 3B407F60 		.ascii	";@\177`]\016d\177\373\352r\245o\030\351\244{ +t\370"
 159      5D0E647F 
 159      FBEA72A5 
 159      6F18E9A4 
 159      7B202B74 
 160 080d 29FCB3A1 		.ascii	")\374\263\241pP\033\025\256\322ZK~u\260\302\230g\024"
 160      70501B15 
 160      AED25A4B 
 160      7E75B0C2 
 160      986714
 161 0820 0EC60ED0 		.ascii	"\016\306\016\320\037\250p\010\373\333\247p\215o\030"
 161      1FA87008 
 161      FBDBA770 
 161      8D6F18
 162 082f 6B49E110 		.ascii	"kI\341\020V\3504\316\210\250\320\233\252+\034\332F\205"
 162      56E834CE 
 162      88A8D09B 
 162      AA2B1CDA 
 162      4685
 163 0841 EB98DA4A 		.ascii	"\353\230\332J\324\353\265\240W\3120~\335\017\015\324"
 163      D4EBB5A0 
 163      57CA307E 
 163      DD0F0DD4 
 164 0851 339CFD93 		.ascii	"3\234\375\223\333\365J\311\360u\272\201\364\014g=\341"
 164      DBF54AC9 
 164      F075BA81 
 164      F40C673D 
 164      E1
 165 0862 FA799F3F 		.ascii	"\372y\237?5*N\274\243N\344\263\350\234\336\337\357\033"
 165      352A4EBC 
 165      A34EE4B3 
 165      E89CDEDF 
ARM GAS  C:\Users\mvshv\AppData\Local\Temp\ccuQ84yM.s 			page 13


 165      EF1B
 166 0874 824FF3B3 		.ascii	"\202O\363\263\324K\250.o\260\036\345\177\2263\341\271"
 166      D44BA82E 
 166      6FB01EE5 
 166      7F9633E1 
 166      B9
 167 0885 FD43CD28 		.ascii	"\375C\315(u\227\310/\321i\357z\232O\350\237\241\263"
 167      7597C82F 
 167      D169EF7A 
 167      9A4FE89F 
 167      A1B3
 168 0897 F1DC1540 		.ascii	"\361\334\025@\313\037\017\263U\324\332SKU\324\034<\001"
 168      CB1F0FB3 
 168      55D4DA53 
 168      4B55D41C 
 168      3C01
 169 08a9 F06766E0 		.ascii	"\360gf\340G\340\034\375\234|*N\205\315\305wl`\030\177"
 169      47E01CFD 
 169      9C7C2A4E 
 169      85CDC577 
 169      6C60187F 
 170 08bd A2CC5561 		.ascii	"\242\314Ua9\277RQ\363p\201\007F\361G\312<\212\332\342"
 170      39BF5251 
 170      F3708107 
 170      46F147CA 
 170      3C8ADAE2 
 171 08d1 293AF56B 		.ascii	"):\365k\0256_\2752?O\373z\217]\2752\0016j~(\376\024"
 171      15365FBD 
 171      323F4FFB 
 171      7A8F5DBD 
 171      3201366A 
 172 08e9 9ACFDA22 		.ascii	"\232\317\332\"\324\027v\035~O=\331dU\377\327\"\350\033"
 172      D417761D 
 172      7E4F3DD9 
 172      6455FFD7 
 172      22E81B
 173 08fc 1CF0019E 		.ascii	"\034\360\001\236;b\007\015\212i\375\027\237\024\363"
 173      3B62070D 
 173      8A69FD17 
 173      9F14F3
 174 090b CE82B898 		.ascii	"\316\202\270\230\204\370\304\245I1\277|k\346\260\241"
 174      84F8C4A5 
 174      4931BF7C 
 174      6BE6B0A1 
 175 091b 3133664C 		.ascii	"13fL\214\231\362\213\251?\177o\030=z;\001\257\270\270"
 175      8C99F28B 
 175      A93F7F6F 
 175      183D7A3B 
 175      01AFB8B8 
 176 092f 4583160A 		.ascii	"E\203\026\012\023E\231\226,Hz\327\264$~\321b\371\233"
 176      13459996 
 176      2C487AD7 
 176      B4247ED1 
 176      62F99B
 177 0942 DF2E35C7 		.ascii	"\337.5\307\305/|7\321\264 i!\232\270\245\211\346\204"
 177      C52F7C37 
 177      D1B42069 
ARM GAS  C:\Users\mvshv\AppData\Local\Temp\ccuQ84yM.s 			page 14


 177      219AB8A5 
 177      89E684
 178 0955 DF272C4A 		.ascii	"\337',J\264\306'%,^\274(\321\022\277\364\375\204\305"
 178      B4C62725 
 178      2C5EBC28 
 178      D112BFF4 
 178      FD84C5
 179 0968 89668A4E 		.ascii	"\211f\212N\324\226\014\327\226\014\325\226\014\261Q"
 179      D4960CD7 
 179      960CD596 
 179      0CB151
 180 0977 20B1FC0F 		.ascii	" \261\374\017^@\010-"
 180      5E40082D 
 181              		.text
 182              		.section	.gnu.lto_.symbol_nodes.fb69d274,"",%progbits
 183 0000 789C6363 		.ascii	"x\234cc``\320\007b\006\246]L\365\014\014\023\31610\000"
 183      6060D007 
 183      6206A65D 
 183      4CF50C0C 
 183      13CE3130 
 184 0015 A95D0D8E 		.ascii	"\251]\015\216@\221\335L\365\214(\"\254;\231\030\032"
 184      4091DD4C 
 184      F58C2822 
 184      AC3B9918 
 184      1A
 185 0026 9540AA01 		.ascii	"\225@\252\001\037\275\012\305"
 185      1FBD0AC5 
 186              		.text
 187              		.section	.gnu.lto_.refs.fb69d274,"",%progbits
 188 0000 789C6363 		.ascii	"x\234cc```\004b\006\000\000D\000\010"
 188      60606004 
 188      62060000 
 188      440008
 189              		.text
 190              		.section	.gnu.lto_.decls.fb69d274,"",%progbits
 191 0000 789CAD56 		.ascii	"x\234\255V}PSW\026\177\367\335\004\303#\001'\260;\356"
 191      7D505357 
 191      167FF7DD 
 191      04C32301 
 191      27B03BEE 
 192 0014 D699651C 		.ascii	"\326\231e\034\304\374S>t\247v:\263;\333\012\253\235"
 192      C4FC533E 
 192      74A7763A 
 192      B33BDB0A 
 192      AB9D
 193 0026 B50B13DB 		.ascii	"\265\013\023\333\331\35163)\222T3\013\011kBg\272\177"
 193      D9E93633 
 193      29925433 
 193      0B096B42 
 193      67BA7F
 194 0039 3D132A88 		.ascii	"=\023*\210\037\005\304\026\210\355\260\242\035\024\027"
 194      1F05C416 
 194      88EDB0A2 
 194      1D1417
 195 0048 69812202 		.ascii	"i\201\"\002%\"*\242t\225Vl\255\010U\301\365\243\362"
 195      25222AA2 
 195      7495566C 
ARM GAS  C:\Users\mvshv\AppData\Local\Temp\ccuQ84yM.s 			page 15


 195      AD0855C1 
 195      F5A3F2
 196 005b 2145402B 		.ascii	"!E@+{\356\275/y\217\230\314\354v\367MN\336\275\347\376"
 196      7BEEBD2F 
 196      798F98CC 
 196      EC76F74D 
 196      4EDEBDE7 
 197 0070 EEF99D7B 		.ascii	"\356\371\235{\316\271\367\335\010\216\343Jt\034\327"
 197      CEB9F7DD 
 197      088EE34A 
 197      741CD7
 198 007f CC73DC57 		.ascii	"\314s\334W\320\236\207\007\303\373\004\010y?\001\341"
 198      D09E8707 
 198      C3FB0408 
 198      793F01E1 
 199 008f 10B41147 		.ascii	"\020\264\021G\037\200q\221\320\216AT\315\375B\322\373"
 199      1F807191 
 199      D08E4154 
 199      CDFD42D2 
 199      FB
 200 00a0 9F589EE9 		.ascii	"\237X\236\351\337\224\372H\302\007?\277\002\\\224\204"
 200      DF94FA48 
 200      C2073FBF 
 200      025C9484 
 201 00b0 D383C405 		.ascii	"\323\203\304\005quBs\005\310\237A\346$\1774 w@\356\201"
 201      71754273 
 201      05C89F41 
 201      E6247F34 
 201      207740EE 
 202 00c5 4C838C83 		.ascii	"L\203\214\203L\202\374\0002\0052!\361\305\204\340+\307"
 202      4C82FC00 
 202      32053221 
 202      F1C584E0 
 202      2BC7
 203 00d7 E8FED899 		.ascii	"\350\376\330\231\212E\230G\244\335_\334;\254J:\"\262"
 203      8A459847 
 203      A4DD5FDC 
 203      3BAC4A3A 
 203      22B2
 204 00e9 47F3370E 		.ascii	"G\3637\0165\"\354\007^,h\330\207w`\244\027\220\012\272"
 204      3522EC07 
 204      5E2C68D8 
 204      877760A4 
 204      17900ABA 
 205 00fd 137D5537 		.ascii	"\023}U7\242\241\033'\240x\350z\037\014\336\216d\243"
 205      A2A11B27 
 205      A078E87A 
 205      1F0CDE8E 
 205      64A3
 206 010f 06E87E3A 		.ascii	"\006\350~:P\333\246\301k\250\325\301\236Cud\342\012"
 206      50DBA6C1 
 206      6BA8D5C1 
 206      9E437564 
 206      E20A
 207 0121 019138C6 		.ascii	"\001\2218\306\200\352\350\275\326Y\035SQ\336\367&\017"
 207      80EAE8BD 
 207      D6591D53 
ARM GAS  C:\Users\mvshv\AppData\Local\Temp\ccuQ84yM.s 			page 16


 207      51DEF726 
 207      0F
 208 0132 2CC26B49 		.ascii	",\302kI\233\037\372\346\321\325h$\030\212D\321-V{\304"
 208      9B1FFAE6 
 208      D1D56824 
 208      188A44D1 
 208      2D567BC4 
 209 0146 C8751CFA 		.ascii	"\310u\034\372\014-E\315h)\207:\220\201\314iBI\034:\016"
 209      0C2D45CD 
 209      6829873A 
 209      9081CC69 
 209      42491C3A 
 210 015b CA56507E 		.ascii	"\312VP~L|\365]\256\372m\345\244(\306\243v$\2406\204"
 210      4C7CF55D 
 210      AEFA6DE5 
 210      A428C6A3 
 210      7624A036 
 211 0170 290616BE 		.ascii	")\006\026\276B`\336\037:P\272?\002\267\"\312\321\346"
 211      4260DE1F 
 211      3A50BA3F 
 211      02B722CA 
 211      D1E6
 212 0182 1D39C587 		.ascii	"\0359\305\207\343\360\205\3478\266\354\364\273\242\310"
 212      E3F085E7 
 212      38B6ECF4 
 212      BBA2C8
 213 0191 A34EE0F8 		.ascii	"\243N\340\370\\\346\000JFR\321\377I\272\000F=\377\221"
 213      5CE6004A 
 213      4652D1FF 
 213      49BA0046 
 213      3DFF91
 214 01a4 514510F5 		.ascii	"QE\020\365,\2103\177\277Y\306\343\217X2\032\346\313"
 214      2C88337F 
 214      BF59C6E3 
 214      8F58321A 
 214      E6CB
 215 01b6 8775B886 		.ascii	"\207u\270\206u\356\027\214\014G1\340\022\350^w7\365"
 215      75EE178C 
 215      0C4731E0 
 215      12E85E77 
 215      37F5
 216 01c8 E8702D1B 		.ascii	"\350p-\033\333U\336\325\245\302\365\254SSYZ\250\306"
 216      DB55DED5 
 216      A5C2F5AC 
 216      5353595A 
 216      A8C6
 217 01da 8DAC73A8 		.ascii	"\215\254s\250\254\244A\300\315Rr\307\317\177\030\305"
 217      ACA441C0 
 217      CD5272C7 
 217      CF7F18C5 
 218 01ea 12B618BA 		.ascii	"\022\266\030\272\247\346\037\372b\230E\236\270~\370"
 218      A7E61FFA 
 218      6298459E 
 218      B87EF8
 219 01f9 F25C246E 		.ascii	"\362\\$na\320\203s\217\306I\306\022I\306\260\"_\211"
 219      61D08373 
 219      8FC649C6 
ARM GAS  C:\Users\mvshv\AppData\Local\Temp\ccuQ84yM.s 			page 17


 219      1249C6B0 
 219      225F89
 220 020c 2C5F9DE7 		.ascii	",_\235\347\316~\254\305\035\024\314\327W=~\034\343\017"
 220      CE7EACC5 
 220      1D14CCD7 
 220      573D7E1C 
 220      E30F
 221 021e 66894754 		.ascii	"f\211GT\0338\324\013K<G\326}\021\326\235(\255\373\013"
 221      1B38D40B 
 221      4B3C47D6 
 221      7D11D69D 
 221      28ADFB0B 
 222 0232 50F62912 		.ascii	"P\366)\022\226\370A!\011\346\005\010\346?\345`&J\261"
 222      96F84121 
 222      09E60508 
 222      E63FE560 
 222      264AB1
 223 0245 FCBCF4DB 		.ascii	"\374\274\364\333Q\001\3670\016\367\205\275\017\302r"
 223      5101F730 
 223      0EF785BD 
 223      0FC272
 224 0254 7C159EE3 		.ascii	"|\025\236\343\330\312n\232\260/\201\243_\346\270\340"
 224      D8CA6E9A 
 224      B02F81A3 
 224      5FE6B8E0 
 225 0264 4F987B66 		.ascii	"O\230{f\177\273\006_\244$\252\351\332\346\201h\024\233"
 225      7FBB065F 
 225      A424AAE9 
 225      DAE68168 
 225      149B
 226 0276 90602825 		.ascii	"\220`(%\263K@\020/\347\220C\003(\226X@\337\000\341e"
 226      B34B4010 
 226      2FE79043 
 226      03289658 
 226      40DF00E1 
 227 028b 9480BE46 		.ascii	"\224\200\276F\011ts\354'^\371\306\256\244x'o\212b\261"
 227      097473EC 
 227      275EF9C6 
 227      AEA47827 
 227      6F8A62B1 
 228 029f 96D25D02 		.ascii	"\226\322]\002:2!\340f21\221\2724\200\277\363L\245\350"
 228      3A3221E0 
 228      66323191 
 228      BA3480BF 
 228      F34CA5E8 
 229 02b3 73630A3E 		.ascii	"sc\012>\037\022\334KX\245\245\\\363\012\260#\011\210"
 229      1F12DC4B 
 229      58A5A55C 
 229      F30AB023 
 229      0988
 230 02c5 9356C1B6 		.ascii	"\223V\301\266\245\352L\327\335&\001%$\304\031\230\331"
 230      A5EA4CD7 
 230      DD260125 
 230      24C41998 
 230      D9
 231 02d6 01AFBEC6 		.ascii	"\001\257\276\306#\366\244\320\"\355\001\273WQ\234\\"
 231      23F6A4D0 
ARM GAS  C:\Users\mvshv\AppData\Local\Temp\ccuQ84yM.s 			page 18


 231      22ED01BB 
 231      57519C5C 
 232 02e6 870B9C00 		.ascii	"\207\013\234\000\263\323\336\350\255\324\013\302~6<"
 232      B3D3DEE8 
 232      ADD40BC2 
 232      7E363C
 233 02f5 BA8CA0A1 		.ascii	"\272\214\240\241\250E\244RF\204\240ID\006!\"W \"\337"
 233      A845A452 
 233      4684A049 
 233      44062122 
 233      572022DF 
 234 0309 4A11613E 		.ascii	"J\021a>\177\341]\262\025f\020\324B\247Q\337\361\262"
 234      7FE15DB2 
 234      156610D4 
 234      42A751DF 
 234      F1B2
 235 031b A6C83830 		.ascii	"\246\31080\2725\274Qn\201EE\001\353Y\001\027\234\274"
 235      BA35BC51 
 235      6E814545 
 235      01EB5901 
 235      179CBC
 236 032e D4ACC5BB 		.ascii	"\324\254\305\2730\255\310\221sG\335\032\\\312:UmS\275"
 236      30ADC891 
 236      7347DD1A 
 236      5CCA3A55 
 236      6D53BD
 237 0341 6A06D440 		.ascii	"j\006\324@\367\243\276\372sj\274\227\215\265\325\325"
 237      F7A3BEFA 
 237      736ABC97 
 237      8DB5D5D5 
 238 0351 F7F3D8CB 		.ascii	"\367\363\330\313:GZ\307w \\\303:\023\205G]\370\260\204"
 238      3A475AC7 
 238      77205CC3 
 238      3A138547 
 238      5DF8B084 
 239 0365 6A693F2D 		.ascii	"ji?-YH\201nS\307\304\301H\266uD\262\035j\317\177=\023"
 239      5948816E 
 239      53C7C4C1 
 239      48B67544 
 239      B21D6ACF 
 240 037c 8D1B2836 		.ascii	"\215\033(6\272\345@\323\276HH\000<P;\011\006\322\330"
 240      BAE540D3 
 240      BE484800 
 240      3C503B09 
 240      06D2D8
 241 038f 2F167844 		.ascii	"/\026xD\337h\225\224\212\023\220\212\021\010\356\030"
 241      DF689594 
 241      8A13908A 
 241      1108EE18 
 242 039f 04796170 		.ascii	"\004yap?C,\027\004\336\365L\225\350+\300\024=\034\214"
 242      3F432C17 
 242      04DEF54C 
 242      95E82BC0 
 242      143D1C8C 
 243 03b3 1E42C1F0 		.ascii	"\036B\301\360\353Ke\370\355`x\313S\360+\012\370\261"
 243      EB4B65F8 
 243      ED6078CB 
ARM GAS  C:\Users\mvshv\AppData\Local\Temp\ccuQ84yM.s 			page 19


 243      53F02B0A 
 243      F8B1
 244 03c5 D0F05419 		.ascii	"\320\360T\031=\367K\031\375]h_(Z\336)\220\302\177\001"
 244      3DF74B19 
 244      FD5D685F 
 244      285ADE29 
 244      90C27F01 
 245 03d9 E0161D1B 		.ascii	"\340\026\035\033\223v\312\003\250\213)\310\342\035\220"
 245      9376CA03 
 245      A88B29C8 
 245      E21D90
 246 03e8 69907190 		.ascii	"i\220q\220\373 wA\036\202L\200L\202\374\000\362=\310"
 246      FB207741 
 246      1E824C80 
 246      4C82FC00 
 246      F23DC8
 247 03fb BDC08E22 		.ascii	"\275\300\216\"NL*\234\270\021\354\304\365\247V\330\245"
 247      4E4C2A9C 
 247      B811ECC4 
 247      F5A756D8 
 247      A5
 248 040c 58E1E960 		.ascii	"X\341\351`\370\251\247\340\275\012xw0\274K^\242T\313"
 248      F8A9A7E0 
 248      BD0A7877 
 248      30BC4B5E 
 248      A254CB
 249 041f 557A5ACB 		.ascii	"UzZ\313c\0137 3uM\231\350\321\220\211V\304\266_A|24"
 249      630B3720 
 249      33754D99 
 249      E8D19089 
 249      56C4B65F 
 250 0437 B1D2CF3B 		.ascii	"\261\322\317;\212(\334\014\035\005\277q\330\312O\274"
 250      8A28DC0C 
 250      1D05BF71 
 250      D8CA4FBC 
 251 0447 02835F83 		.ascii	"\002\203_\203]t&t\024(\034\312\330\3277\323\244\306"
 251      5D742674 
 251      14281CCA 
 251      D8D737D3 
 251      A4C6
 252 0459 CDB48CF9 		.ascii	"\315\264\214\371\273E\243\205*d\210e\313\275\277/\202"
 252      BB45A385 
 252      2A648865 
 252      CBBDBF2F 
 252      82
 253 046a 1C377330 		.ascii	"\0347s0yF>7\311\342\303\344\034\315B\252\377\327\264"
 253      79463E37 
 253      C9E2C3E4 
 253      1CCD42AA 
 253      FFD7B4
 254 047d 834FBBFB 		.ascii	"\203O\273\373\272\353xmq\340\303L]\220\317\206GH+9\003"
 254      BAEB786D 
 254      71E0C34C 
 254      5D90CF86 
 254      47482B39 
 255 0492 D896ED15 		.ascii	"\330\226\355\025\267t\270\213\371?X\3228\021\201\014"
 255      B774B88B 
ARM GAS  C:\Users\mvshv\AppData\Local\Temp\ccuQ84yM.s 			page 20


 255      F93F58D2 
 255      3811810C 
 256 04a2 5AE6FFD8 		.ascii	"Z\346\377\330lB\3178\271\016<\201\011\217\345\025\300"
 256      6C42CF38 
 256      B90E3C81 
 256      098FE515 
 256      C0
 257 04b3 7C788531 		.ascii	"|x\2051\217~\004\277e\0062\227\2343\335\323\245:\274"
 257      8F7E04BF 
 257      65063297 
 257      9C33DDD3 
 257      A53ABC
 258 04c6 4D455946 		.ascii	"MEYFg\013\232\242\302\335\034\266\362\341n\016\003\035"
 258      670B9AA2 
 258      C2DD1CB6 
 258      F2E16E0E 
 258      031D
 259 04d8 716E523D 		.ascii	"qnR=\"\017_T\331\233N\372\035\"Z\3409\334w\350\261\012"
 259      220F5F54 
 259      D99B4EFA 
 259      1D225AE0 
 259      39DC77E8 
 260 04ee EF613CD3 		.ascii	"\357a<\323\335\267j4\341x\012\302\362\314\375\206d\315"
 260      DDB76A34 
 260      E1780AC2 
 260      F2CCFD86 
 260      64CD
 261 0500 032C6E3E 		.ascii	"\003,n>\230\305CY\216\237\350\350\214\032\202\003\233"
 261      98C54359 
 261      8E9FE8E8 
 261      8C1A8203 
 261      9B
 262 0511 DC4817B3 		.ascii	"\334H\027\263\313(b\377\360&B\373\363\376\0071=hy\366"
 262      CB2862FF 
 262      F02642FB 
 262      F3FE0731 
 262      3D6879F6 
 263 0525 92A0A4E3 		.ascii	"\222\240\244\343\237\202\002\032^\262\301\373\355\322"
 263      9F82021A 
 263      5EB2C1FB 
 263      EDD2
 264 0533 9F640029 		.ascii	"\237d\000)\255\262qF\347\177\330E\2255\024\363\230\212"
 264      ADB27146 
 264      E77FD845 
 264      953514F3 
 264      988A
 265 0545 97C91453 		.ascii	"\227\311\024S\236\362\225\013\014\007\234\222\027\211"
 265      9EF2950B 
 265      0C079C92 
 265      1789
 266 0553 A422BB74 		.ascii	"\244\"\273tog\275v\030\266\010\207^\207\213\276&\227"
 266      6F67BD76 
 266      18B60887 
 266      5E878BBE 
 266      2697
 267 0565 1EFA878F 		.ascii	"\036\372\207\217T\216D\342}*\366i\3309_\256^\362>-u"
 267      548E44E2 
ARM GAS  C:\Users\mvshv\AppData\Local\Temp\ccuQ84yM.s 			page 21


 267      7D2AF669 
 267      D8395FAE 
 267      5EF23E2D 
 268 057a 8FB89847 		.ascii	"\217\270\230Go\376<\360u\346P\021\277\004\376\355*f"
 268      6FFE3CF0 
 268      75E65011 
 268      BF04FEED 
 268      2A66
 269 058c EECC03F7 		.ascii	"\356\314\003\367\225\210e\325b\3030\\9v\341\212\223"
 269      958865D5 
 269      62C3305C 
 269      3976E18A 
 269      93
 270 059d B7455150 		.ascii	"\267EQP\021\020*\224\323\000M\370\337\306\017#\364."
 270      11102A94 
 270      D3004DF8 
 270      DFC60F23 
 270      F42E
 271 05af 3F04D4DB 		.ascii	"?\004\324\333\371e0\371\373\203\236=1\370\006cm\351"
 271      F96530F9 
 271      FB839E3D 
 271      31F80663 
 271      6DE9
 272 05c1 E92C1254 		.ascii	"\351,\022T<\313\026\261\017\272\371\312\3355\021TG\252"
 272      3CCB16B1 
 272      0FBAF9CA 
 272      DD351154 
 272      47AA
 273 05d3 67074F95 		.ascii	"g\007O\225W+O\361TG\352{'\3235\3265\342\260\036\357"
 273      572B4FF1 
 273      5447EA7B 
 273      27D335D6 
 273      35E2B01E 
 274 05e8 A61EEFE2 		.ascii	"\246\036\357\342%\227\277{\270\375\023\001\\\256\036"
 274      2597BF7B 
 274      B8FD1301 
 274      5CAE1E
 275 05f7 96CE4D28 		.ascii	"\226\316M(O\270'\001\012\025\313.\027\007\273\374\036"
 275      4FB82701 
 275      0A15CB2E 
 275      1707BBFC 
 275      1E
 276 0608 75B9FAD2 		.ascii	"u\271\372\322\340M-\236e.\327ON\325G\260O%\271\331\227"
 276      E04D2D9E 
 276      652ED74F 
 276      4ED547B0 
 276      4F25B9D9 
 277 061d 0E9E98D3 		.ascii	"\016\236\230\323\221;\260(m0\320\313\333\267\214\207"
 277      913BB028 
 277      6D30D0CB 
 277      DBB78C87 
 278 062d 52840311 		.ascii	"R\204\003\021\225\362\344\376\313w\324NL\352P\254\342"
 278      95F2E4FE 
 278      CB77D44E 
 278      4CEA50AC 
 278      E2
 279 063e C285C8F1 		.ascii	"\302\205\310\361\304\216\314=<;M\312y\203\342R1V\213"
ARM GAS  C:\Users\mvshv\AppData\Local\Temp\ccuQ84yM.s 			page 22


 279      C48ECC3D 
 279      3C3B4DCA 
 279      7983E252 
 279      31568B
 280 0651 5B0F6E13 		.ascii	"[\017n\023E\025\031\017\272V\264\227_/\214\302uj\272"
 280      4515190F 
 280      BA56B497 
 280      5F2F8CC2 
 280      756ABA
 281 0664 85DAA7CE 		.ascii	"\205\332\247\316\016\351\002\007\332\300?\350\201\366"
 281      0EE90207 
 281      DAC03FE8 
 281      81F6
 282 0672 01D8DC2B 		.ascii	"\001\330\334+/\220\230P\036h\001v\364>\354\261`\007"
 282      2F909850 
 282      1E680176 
 282      F43EECB1 
 282      6007
 283 0684 C81DE4C7 		.ascii	"\310\035\344\307\242\031\235\276D\232\360;D\015\372"
 283      A2199DBE 
 283      449AF03B 
 283      440DFA
 284 0693 1DAEE0F5 		.ascii	"\035\256\340\365\3765\022\354xC\357\331\230\3455b\265"
 284      FE3512EC 
 284      7843EFD9 
 284      98E53562 
 284      B5
 285 06a4 8F96C5ED 		.ascii	"\217\226\305\355c\005\242\250' T\302<\010L,\241q\256"
 285      6305A2A8 
 285      272054C2 
 285      3C084C2C 
 285      A171AE
 286 06b7 E49773AB 		.ascii	"\344\227s\253\223\222\222\003?\2073ysVNr\236c\213\313"
 286      93929203 
 286      3F873379 
 286      73564E72 
 286      9E638BCB 
 287 06cb 99BCE1D5 		.ascii	"\231\274\341\325WV\255L^\277>-ym\346\313\031o\257\""
 287      5756AD4C 
 287      5EBF3E2D 
 287      796DE6CB 
 287      196FAF22 
 288 06df 43E63C90 		.ascii	"C\346<\220\234\034KR\266f\355\037_\213_\223\232\312"
 288      9C1C4B52 
 288      B666ED1F 
 288      5F8B5F93 
 288      9ACA
 289 06f1 E1978C46 		.ascii	"\341\227\214F\301l\316\267\331]\253V\232]oe\277`\312"
 289      C16CCEB7 
 289      D95DAB56 
 289      9A5D6F65 
 289      BF60CA
 290 0704 DE6CDB68 		.ascii	"\336l\333hs\272\362-6\207\311\345p\3448M\233\354\371"
 290      73BAF22D 
 290      3687C9E5 
 290      70E4384D 
 290      9BECF9
ARM GAS  C:\Users\mvshv\AppData\Local\Temp\ccuQ84yM.s 			page 23


 291 0717 F1B4159F 		.ascii	"\361\264\025\237\265%7\336\232\273\321j\261X-\246\325"
 291      B52537DE 
 291      9ABBD16A 
 291      B1582DA6 
 291      D5
 292 0728 4929F12B 		.ascii	"I)\361+SRW\377\365\327&\320?kw\330\255\317Z\2636\332"
 292      535257FF 
 292      F5D726D0 
 292      3F6B77D8 
 292      ADCF5AB3 
 293 073e 4C367B76 		.ascii	"L6{vN\276\305j\312\315\002[v\253\311l\261\276\225\225"
 293      4EBEC56A 
 293      CACD025B 
 293      76ABC96C 
 293      B1BE9595 
 294 0752 9FE332BB 		.ascii	"\237\3432\273\336\311\263:\2236s\032?\337\033\377W>"
 294      DEC9B33A 
 294      9336731A 
 294      3FDF1BFF 
 294      573E
 295 0764 E73B4E93 		.ascii	"\347;N\223\331\351\262\200q Q\275\370{\343:\362\267"
 295      D9E9B280 
 295      712051BD 
 295      F87BE33A 
 295      F2B7
 296 0776 5EBD3E63 		.ascii	"^\275>c\315\037\214\252\2276\030\215\350Oh\235:;\307"
 296      CD1F8CAA 
 296      9736188D 
 296      E84F689D 
 296      3A3BC7
 297 0789 9AB5455A 		.ascii	"\232\265EZu\352sf\227\306\337\300N\253\353\277\010\251"
 297      75EA7366 
 297      97C6DFC0 
 297      4EABEBBF 
 297      08A9
 298 079b D3950B8B 		.ascii	"\323\225\013\213\330\224gs\000\035\316H3\342\227\323"
 298      D8946773 
 298      001DCE48 
 298      33E297D3 
 299 07ab 8CEACCD7 		.ascii	"\214\352\314\3272\323\214\21326d\246\247\247\031#2^"
 299      32D38C8B 
 299      323664A6 
 299      A7A71923 
 299      325E
 300 07bd 7D3D33DD 		.ascii	"}=3\335\250~%#-\335\250zq\303\032\243V\236e"
 300      A87E2523 
 300      2DDDA87A 
 300      71C31AA3 
 300      569E65
 301 07d0 76093607 		.ascii	"v\0116\007\261m\263\230]\317\377\264Tn\346\264\314F"
 301      B16DB398 
 301      5DCFFFB4 
 301      546EE6B4 
 301      CC46
 302 07e2 6E96F32F 		.ascii	"n\226\363/\260\024\233#\327a\261\232]:?\302l\263\333"
 302      B0149B23 
 302      D761B19A 
ARM GAS  C:\Users\mvshv\AppData\Local\Temp\ccuQ84yM.s 			page 24


 302      5D3A3FC2 
 302      6CB3DB
 303 07f5 7EAAF16C 		.ascii	"~\252\361l\356g\0013\020\232M[\034\371y\304|\024\325"
 303      EE670133 
 303      109A4D5B 
 303      1CF979C4 
 303      7C14D5
 304 0808 5ADFB6DA 		.ascii	"Z\337\266\332]\316\345!LK\011\361\333\002'\005xQ\274"
 304      5DCEE521 
 304      4C4B09F1 
 304      DB022705 
 304      7851BC
 305 081b D9F56F97 		.ascii	"\331\365o\227\025\240\202"
 305      15A082
 306              		.text
 307              		.section	.gnu.lto_.symtab.fb69d274,"",%progbits
 308 0000 5F70616C 		.ascii	"_pal_lld_init\000"
 308      5F6C6C64 
 308      5F696E69 
 308      7400
 309 000e 00       		.ascii	"\000"
 310 000f 00       		.ascii	"\000"
 311 0010 00       		.ascii	"\000"
 312 0011 00000000 		.ascii	"\000\000\000\000\000\000\000\000"
 312      00000000 
 313 0019 09010000 		.ascii	"\011\001\000\000"
 314 001d 5F70616C 		.ascii	"_pal_lld_setgroupmode\000"
 314      5F6C6C64 
 314      5F736574 
 314      67726F75 
 314      706D6F64 
 315 0033 00       		.ascii	"\000"
 316 0034 00       		.ascii	"\000"
 317 0035 00       		.ascii	"\000"
 318 0036 00000000 		.ascii	"\000\000\000\000\000\000\000\000"
 318      00000000 
 319 003e 0F010000 		.ascii	"\017\001\000\000"
 320 0042 5F70616C 		.ascii	"_pal_events\000"
 320      5F657665 
 320      6E747300 
 321 004e 00       		.ascii	"\000"
 322 004f 00       		.ascii	"\000"
 323 0050 00       		.ascii	"\000"
 324 0051 00000000 		.ascii	"\000\000\000\000\000\000\000\000"
 324      00000000 
 325 0059 19010000 		.ascii	"\031\001\000\000"
 326              		.text
 327              		.section	.gnu.lto_.opts,"",%progbits
 328 0000 272D666D 		.ascii	"'-fmath-errno' '-fsigned-zeros' '-ftrapping-math' '"
 328      6174682D 
 328      6572726E 
 328      6F272027 
 328      2D667369 
 329 0033 2D666E6F 		.ascii	"-fno-trapv' '-fno-openmp' '-fno-openacc' '-mcpu=cor"
 329      2D747261 
 329      70762720 
 329      272D666E 
ARM GAS  C:\Users\mvshv\AppData\Local\Temp\ccuQ84yM.s 			page 25


 329      6F2D6F70 
 330 0066 7465782D 		.ascii	"tex-m4' '-mno-thumb-interwork' '-mthumb' '-O2' '-fo"
 330      6D342720 
 330      272D6D6E 
 330      6F2D7468 
 330      756D622D 
 331 0099 6D69742D 		.ascii	"mit-frame-pointer' '-falign-functions=16' '-ffuncti"
 331      6672616D 
 331      652D706F 
 331      696E7465 
 331      72272027 
 332 00cc 6F6E2D73 		.ascii	"on-sections' '-fdata-sections' '-fno-common' '-flto"
 332      65637469 
 332      6F6E7327 
 332      20272D66 
 332      64617461 
 333 00ff 2700     		.ascii	"'\000"
 334              		.text
 335              		.comm	__gnu_lto_v1,1,1
 336              		.comm	__gnu_lto_slim,1,1
 337              		.ident	"GCC: (GNU Tools for Arm Embedded Processors 7-2017-q4-major) 7.2.1 20170904 (release) [ARM
ARM GAS  C:\Users\mvshv\AppData\Local\Temp\ccuQ84yM.s 			page 26


DEFINED SYMBOLS
                            *ABS*:00000000 hal_pal_lld.c
                            *COM*:00000001 __gnu_lto_v1
                            *COM*:00000001 __gnu_lto_slim

NO UNDEFINED SYMBOLS
