ARM GAS  C:\Users\mvshv\AppData\Local\Temp\ccgrwSpN.s 			page 1


   1              		.cpu cortex-m4
   2              		.eabi_attribute 20, 1
   3              		.eabi_attribute 21, 1
   4              		.eabi_attribute 23, 3
   5              		.eabi_attribute 24, 1
   6              		.eabi_attribute 25, 1
   7              		.eabi_attribute 26, 1
   8              		.eabi_attribute 30, 2
   9              		.eabi_attribute 34, 1
  10              		.eabi_attribute 18, 4
  11              		.file	"hal_lld.c"
  12              		.section	.gnu.lto_.profile.fb69f62b,"",%progbits
  13 0000 789C6363 		.ascii	"x\234cc```\003bF\206\345\214\223\030\001\004h\001I"
  13      60606003 
  13      624686E5 
  13      8C931801 
  13      04680149 
  14              		.text
  15              		.section	.gnu.lto_.icf.fb69f62b,"",%progbits
  16 0000 789C6363 		.ascii	"x\234cc``\220d@\000\026\206\207\317V\355\343f\374\360"
  16      60609064 
  16      40001686 
  16      87CF56ED 
  16      E366FCF0 
  17 0014 6A7A1737 		.ascii	"jz\0277S\363\354s+\371\230g\377\232\021\313\000\000"
  17      53F3EC73 
  17      2BF99867 
  17      FF9A11CB 
  17      0000
  18 0026 9C7E0B97 		.ascii	"\234~\013\227"
  19              		.text
  20              		.section	.gnu.lto_.jmpfuncs.fb69f62b,"",%progbits
  21 0000 789C6363 		.ascii	"x\234cc``\340e@\000f f\0041\230\200\030\000\002H\000"
  21      6060E065 
  21      40006620 
  21      66043198 
  21      80180002 
  22 0016 1A       		.ascii	"\032"
  23              		.text
  24              		.section	.gnu.lto_.inline.fb69f62b,"",%progbits
  25 0000 789C6363 		.ascii	"x\234cc``\360a@\000f\006\006\361\303\014\214\014L\032"
  25      6060F061 
  25      40006606 
  25      06F1C30C 
  25      8C0C4C1A 
  26 0014 133EB133 		.ascii	"\023>\2613\260-\220g\002\21122\250\231\003\305\234."
  26      B02D9067 
  26      02893232 
  26      A89903C5 
  26      9C2E
  27 0026 34B320C4 		.ascii	"4\263 \304\270`\004\023\303m\206\275L@\371\015\214\013"
  27      B8600413 
  27      C36D86BD 
  27      4C40F90D 
  27      8C0B
  28 0038 B6A8C115 		.ascii	"\266\250\301\0250\000\000\275\272\013\023"
  28      300000BD 
ARM GAS  C:\Users\mvshv\AppData\Local\Temp\ccgrwSpN.s 			page 2


  28      BA0B13
  29              		.text
  30              		.section	.gnu.lto_.pureconst.fb69f62b,"",%progbits
  31 0000 789C6363 		.ascii	"x\234cc```\007bf\006)F)&)\000\001\275\000b"
  31      60606007 
  31      62660629 
  31      46292629 
  31      0001BD00 
  32              		.text
  33              		.section	.gnu.lto_hal_lld_backup_domain_init.fb69f62b,"",%progbits
  34 0000 789C9D53 		.ascii	"x\234\235SIL\024A\024\375\277\252zEb\274)\341\340\225"
  34      494C1441 
  34      14FDBFAA 
  34      7A4562BC 
  34      29E1E095 
  35 0014 0B9D0878 		.ascii	"\013\235\010x4\341\342IOz5\306\345\340\201\004#\036"
  35      34E1E249 
  35      4F7A35C6 
  35      E5E08104 
  35      231E
  36 0026 B85123EB 		.ascii	"\270Q#\353(\032c\004\214Nd\022%.\211\031\011\270\014"
  36      281A6304 
  36      8C4E6412 
  36      252E8919 
  36      09B80C
  37 0039 6EED8C28 		.ascii	"n\355\214(*\213\032.\010\341\240h\334/\222 \2210V\365"
  37      2A8B1A2E 
  37      08E1A068 
  37      DC2F9220 
  37      913056F5 
  38 004d EFA12768 		.ascii	"\357\241'hT\250\314\374\256\251\377\372\275zo\252L\000"
  38      54A8CCFC 
  38      AEA9FFFA 
  38      BD7A6FAA 
  38      4C00
  39 005f 98130055 		.ascii	"\230\023\000U\352\331\256\276X\004\310N\216\002\304"
  39      EAD9AEBE 
  39      5804C84E 
  39      8E02C4
  40 006e 6CC6F850 		.ascii	"l\306\370P\005HW\014\225\200\\\303Q\320\262@\203&\006"
  40      0548570C 
  40      95805CC3 
  40      51D0B240 
  40      832606
  41 0081 73FB33A0 		.ascii	"s\3733\240\000\346T\221\002\270\264^m\242E}\2139\324"
  41      00E65491 
  41      02B8B45E 
  41      6DA2457D 
  41      8B39D4
  42 0094 B783BE43 		.ascii	"\267\203\276C\353\3256\242~J\033\241\201qa\270\246\345"
  42      EBD536A2 
  42      7E4A1BA1 
  42      817161B8 
  42      A6E5
  43 00a6 D8D8C00D 		.ascii	"\330\330\300\015\010\207\225\237\264\363\323\0343\255"
  43      0887959F 
  43      B4F3D31C 
ARM GAS  C:\Users\mvshv\AppData\Local\Temp\ccgrwSpN.s 			page 3


  43      33AD
  44 00b4 EFD3ACEC 		.ascii	"\357\323\254\354\222T\303\357\232\252\212\311\346\365"
  44      9254C3EF 
  44      9AAA8AC9 
  44      E6F5
  45 00c2 090ED0C9 		.ascii	"\011\016\320\311\011\203}X\006\012\366\246w\261\243"
  45      09837D58 
  45      060AF6A6 
  45      77B1A3
  46 00d1 D814B48E 		.ascii	"\330\024\264\216\375h\002\252I\352\225\341\313\305\\"
  46      FD6802AA 
  46      49EA95E1 
  46      CBC55C
  47 00e0 ABF4677B 		.ascii	"\253\364g{0\267u\035B\202#\323\205\353\"t1t1u\261t\261"
  47      30B7751D 
  47      428223D3 
  47      85EB2274 
  47      31743175 
  48 00f7 75717471 		.ascii	"uqtqu\001hS\214SE\322\2078gj\322\350\303'\314\014|\234"
  48      75016853 
  48      8C5345D2 
  48      8738676A 
  48      D2E8C327 
  49 010f DFAC55CE 		.ascii	"\337\254U\316rT\342\235\315\2311\353\030Op\206z/\223"
  49      7254E29D 
  49      CD9931EB 
  49      184F7086 
  49      7A2F93
  50 0122 A991CF36 		.ascii	"\251\221\3176\375\224\3116)\324\322\305T\3579L\342\371"
  50      FD94C936 
  50      29D4D2C5 
  50      54EF394C 
  50      E2F9
  51 0134 98B2B131 		.ascii	"\230\262\2611\3019\336\304R\274\201\245\240\361\247"
  51      C139DEC4 
  51      52BC81A5 
  51      A0F1A7
  52 0143 FAC67779 		.ascii	"\372\306wy\327dSL\267\004\336R\300\216\300\036\336F"
  52      D764534C 
  52      B704DE52 
  52      C08EC01E 
  52      DE46
  53 0155 4FA9352E 		.ascii	"O\2515.\264\\1H\215\221\340L\317L\322\321\012\210\322"
  53      B45C3148 
  53      8D91E04C 
  53      CF4CD2D1 
  53      0A88D2
  54 0168 C4B4E279 		.ascii	"\304\264\342y\207M\223\331\312\020\244\020]_\347KB\200"
  54      874D93D9 
  54      CA10A410 
  54      5D5FE74B 
  54      4280
  55 017a C0012DA4 		.ascii	"\300\001-\244F\234s\230\266\310\301\354\207\237[4|\331"
  55      469C7398 
  55      B6C8C1EC 
  55      879F5B34 
  55      7CD9
ARM GAS  C:\Users\mvshv\AppData\Local\Temp\ccgrwSpN.s 			page 4


  56 018c E6927BE1 		.ascii	"\346\222{\341\037\333\273\023m\357.z\252\177u\256\373"
  56      1FDBBB13 
  56      6DEF2E7A 
  56      AA7F75AE 
  56      FB
  57 019d BBD05A02 		.ascii	"\273\320Z\002\245\022\273\247^\013\370\027V\307\177"
  57      A512BBA7 
  57      5E0BF817 
  57      56C77F
  58 01ac 3FE27F10 		.ascii	"?\342\177\020\360/\245+\020\320\017\254\304\271(\370"
  58      F02FA52B 
  58      10D00FAC 
  58      C4B928F8 
  59 01bc 2B4E5CB0 		.ascii	"+N\\\260\3108\377\337\244Q\223=\214\2042\224\363\217"
  59      C838FFDF 
  59      A451933D 
  59      8C843294 
  59      F38F
  60 01ce 16242241 		.ascii	"\026$\"A\\\263]\303\023k)\305\015\230%_\343G\361\017"
  60      5CB35DC3 
  60      136B29C5 
  60      0D98255F 
  60      E347F10F 
  61 01e2 B6FEAEF4 		.ascii	"\266\376\256\364(R\032DO\321\007\026\014P\367 \357\341"
  61      28521A44 
  61      4FD10716 
  61      0C50F720 
  61      EFE1
  62 01f4 4C36F460 		.ascii	"L6\364`\254\360\264<\216\270\237\344O\313DxZB\272\301"
  62      ACF0B43C 
  62      8EB89FE4 
  62      4FCB4478 
  62      5A42BAC1 
  63 0208 DC9C1FDA 		.ascii	"\334\234\037\332`8D\207\345uv8\364\252\255\244\276\244"
  63      60384487 
  63      E5757638 
  63      F4AAADA4 
  63      BEA4
  64 021a E78B0901 		.ascii	"\347\213\011\001\3704<-m\334\005u\2011\316\315\202\260"
  64      F8343C2D 
  64      6DDC0575 
  64      8131CECD 
  64      82B0
  65 022c BBDF9AF4 		.ascii	"\273\337\232\364\236\265\242\010\236\005\333\324w\022"
  65      9EB5A208 
  65      9E05DBD4 
  65      7712
  66 023a 9F2F0BDB 		.ascii	"\237/\013\333&\256\227M\327\023\234\366 px\365a\217"
  66      26AE974D 
  66      D7139CF6 
  66      207078F5 
  66      618F
  67 024c 444AA33A 		.ascii	"DJ\243:l;\010\333*\014\373r>lg\205a\217E\334/\362a\247"
  67      6C3B08DB 
  67      2A0CFB72 
  67      3E6C6785 
  67      618F45DC 
ARM GAS  C:\Users\mvshv\AppData\Local\Temp\ccgrwSpN.s 			page 5


  68 0264 C3B05D45 		.ascii	"\303\260]E\367{\272nA\234N\030\247Mq~\303#\311\334\361"
  68      F77BBA6E 
  68      419C4E18 
  68      A74D717E 
  68      C323C9DC 
  69 0279 00170250 		.ascii	"\000\027\002P5\030@Ey\271\267\364\251\255\363\016\354"
  69      35184045 
  69      79B9B7F4 
  69      A9ADF30E 
  69      EC
  70 028a A9F10ED6 		.ascii	"\251\361\016\326\036:\\\347\355\330\271\275b\023\325"
  70      1E3A5CE7 
  70      EDD8B9BD 
  70      6213D5
  71 0299 6D95F5F5 		.ascii	"m\225\365\365\272\263\273\246f\177\371>\370\005\230"
  71      BAB3BBA6 
  71      667FF93E 
  71      F80598
  72 02a8 4CA96A   		.ascii	"L\251j"
  73              		.text
  74              		.section	.gnu.lto_hal_lld_init.fb69f62b,"",%progbits
  75 0000 789CA596 		.ascii	"x\234\245\226\313O\023Q\024\306\357\231;\355\014DZ\022"
  75      CB4F1351 
  75      14C6EF99 
  75      3BED0C44 
  75      5A12
  76 0012 5C1060C1 		.ascii	"\\\020`\301\306\005\033\306\210\376\023FW\2725\306\340"
  76      C6051BC6 
  76      88FE1346 
  76      57BA35C6 
  76      E0
  77 0023 C2050946 		.ascii	"\302\005\011F\\\260\353T\236\276\022c\004\022lL\215"
  77      5CB0EB54 
  77      9EBE1263 
  77      04126C4C 
  77      8D
  78 0034 264A8C10 		.ascii	"&J\214\020\002>ZAKED\345\241\210\370@\004A\021h\001"
  78      023E5A41 
  78      4B4544E5 
  78      A188F840 
  78      04411168 
  79 0049 1154C014 		.ascii	"\021T\300\024\274\347\336\011\267it1\355\244=\235vn"
  79      BCE7DE09 
  79      B7697431 
  79      EDA43D9D 
  79      766E
  80 005b 7FE7FBCE 		.ascii	"\177\347\373\3169\235['!dg:!{\330k.{\002%\240\\\030"
  80      399D5B27 
  80      2164673A 
  80      217BD86B 
  80      2E7B0225 
  81 0072 20C4AB2B 		.ascii	" \304\253+\000xb\352@<\012x\340\034\275D!\\3\035P\012"
  81      007862EA 
  81      403C0A78 
  81      E01CBD44 
  81      215C331D 
  82 0088 6E98EC08 		.ascii	"n\230\354\0105th\325fU\266\217\022R\317\236x@\033\024"
ARM GAS  C:\Users\mvshv\AppData\Local\Temp\ccgrwSpN.s 			page 6


  82      357468D5 
  82      6655B68F 
  82      1252CF9E 
  82      78401B14 
  83 009c 10B66CB2 		.ascii	"\020\266l\262u\243.\303\251\212\317\241\035\234\004"
  83      75A32EC3 
  83      A98ACFA1 
  83      1D9C04
  84 00ab D849CB90 		.ascii	"\330I\313\220#dnl\326\230\241\276k\260\264w\007\020"
  84      23646E6C 
  84      D698A1BE 
  84      6BB0B477 
  84      0710
  85 00bd 1F050503 		.ascii	"\037\005\005\003\305\240bp`pb\3200\350\030\3221d`pa"
  85      C5A06270 
  85      607062D0 
  85      30E818D2 
  85      31646070 
  86 00d2 7063C8C4 		.ascii	"pc\310\304\220\205!\033C.\006BjY>&\332\014\221\323T"
  86      9085211B 
  86      432E0642 
  86      6A593E26 
  86      DA0C91D3 
  87 00e7 C1B38A10 		.ascii	"\301\263\212\020\231\203pp6R\214*\032i:\023W_\025\036"
  87      99837070 
  87      36528C2A 
  87      1A693A13 
  87      575F151E 
  88 00fb D4CE521F 		.ascii	"\324\316R\037U\000\265\216\266\364Gt\361\326\364\327"
  88      5500B58E 
  88      B6F44774 
  88      F1D6F4D7 
  89 010b 9A2AFBE8 		.ascii	"\232*\373\350zK\353e\360\303\025/\263\231\357\243\024"
  89      7A4BEB65 
  89      F0C3152F 
  89      B399EFA3 
  89      14
  90 011c EE421EDC 		.ascii	"\356B\036\334\201<\202\353/\266\015\0372n\233\225\340"
  90      813C82EB 
  90      2FB60D1F 
  90      326E9B95 
  90      E0
  91 012d A32ADC63 		.ascii	"\243*\334c\313\352\270y\270\017\006\346Z\3211\223-H"
  91      CBEAB879 
  91      B80F06E6 
  91      5AD13193 
  91      2D48
  92 013f 40428260 		.ascii	"@B\202`\260\253c\275M\267(J\002\330d\207\033\036\260"
  92      B0AB63BD 
  92      4DB7284A 
  92      02D86487 
  92      1B1EB0
  93 0152 AFD9667B 		.ascii	"\257\331f{\361\222\012\035\222\336\311\351[\376U \360"
  93      F1920A1D 
  93      92DEC9E9 
  93      5BFE5520 
  93      F0
ARM GAS  C:\Users\mvshv\AppData\Local\Temp\ccgrwSpN.s 			page 7


  94 0163 5090834D 		.ascii	"P\220\203MQ**\004\266\244?\342pl.\204\270\377\212\325"
  94      512A2A04 
  94      B6A43FE2 
  94      706C2E84 
  94      B8FF8AD5 
  95 0177 6A102045 		.ascii	"j\020 E\260&\027#\353\226\027\326{\346\245Kd\034>\003"
  95      B0261723 
  95      EB9617D6 
  95      7BE6A54B 
  95      641C3E03 
  96 018b B60B1596 		.ascii	"\266\013\025\226\331\036\203\301R$]\224nIz\002\206\254"
  96      D91E83C1 
  96      52245D94 
  96      6E497A02 
  96      86AC
  97 019d C2BC5585 		.ascii	"\302\274U\205,[\272z8MA\332\323\244\247\240WB\2361I"
  97      2C5BBA7A 
  97      384D41DA 
  97      D3A4A7A0 
  97      57429E31 
  98 01b2 A9B4FCB9 		.ascii	"\251\264\374\271D\275\210w\267`\271\243\266\204\365"
  98      44BD8877 
  98      B760B9A3 
  98      B684F5
  99 01c1 711AFF25 		.ascii	"q\032\377%\367'\364X\025\254\363\261\361\256\270yu\301"
  99      F727F458 
  99      15ACF3B1 
  99      F1AEB879 
  99      75C1
 100 01d3 40F23D1E 		.ascii	"@\362=\036\224\331^b\217\325\244\253\360J\222\206\342"
 100      94D95E62 
 100      8FD5A4AB 
 100      F04A9286 
 100      E2
 101 01e4 ABB06855 		.ascii	"\253\260hU!\333\226\256\327\234\246\"m8\351\036\277"
 101      21DB96AE 
 101      D79CA622 
 101      6D38E91E 
 101      BF
 102 01f5 91909114 		.ascii	"\221\220\221\024{\374V\242\336\305\273[\265\334\345"
 102      7BFC56A2 
 102      DEC5BB5B 
 102      B5DCE5
 103 0204 DA12F69E 		.ascii	"\332\022\366\236\323\034H\373\220\264\273Q\011\371\230"
 103      D31C48FB 
 103      90B4BB51 
 103      09F998
 104 0213 A2BB3189 		.ascii	"\242\2731\211\372\024\357\356\217\345\316aK\3308\247"
 104      FA14EFEE 
 104      8FE5CE61 
 104      4BD838A7 
 105 0223 39913691 		.ascii	"9\2216\2210\301\026\253'\270\276\274\315\272K\261\003"
 105      30C116AB 
 105      27B8BEBC 
 105      CDBA4BB1 
 105      03
 106 0234 E073F213 		.ascii	"\340s\362\023<)\263M\341\004;\271\3644\221O\263\205"
ARM GAS  C:\Users\mvshv\AppData\Local\Temp\ccgrwSpN.s 			page 8


 106      3C29B34D 
 106      E1043BB9 
 106      F434914F 
 106      B385
 107 0246 FAC2511A 		.ascii	"\372\302Q\032\242\276&\010\327\031+\025\225\323\022"
 107      A2BE2608 
 107      D7192B15 
 107      95D312
 108 0255 FD0D55EA 		.ascii	"\375\015U\352$\012\025\37657\337\255\331\342@ :\252"
 108      240A15FE 
 108      3537DFAD 
 108      D9E24020 
 108      3AAA
 109 0267 7962A6EE 		.ascii	"yb\246\356\243\216z\274S\302\014x\330.\353\344\353\002"
 109      A38E7ABC 
 109      53C20C78 
 109      D82EEBE4 
 109      EB02
 110 0279 DBFFBD8E 		.ascii	"\333\377\275\216\335s`\326Z\207\275\237\361Ui\226\264"
 110      DD7360D6 
 110      5A87BD9F 
 110      F1556996 
 110      B4
 111 028a AD6D47E3 		.ascii	"\255mG\343\333\356\325Xes\232xkNx\371\266{\263+h\246"
 111      DBEED558 
 111      65739A78 
 111      6B4E78F9 
 111      B67BB32B 
 112 02a0 59E2FD39 		.ascii	"Y\342\3759>\252C\204\251\237\263\324w6\264\327@\334"
 112      3EAA4384 
 112      A99FB3D4 
 112      7736B4D7 
 112      40DC
 113 02b2 8844B901 		.ascii	"\210D\271\001\035\015\314\307\215\310l\223\310\330H"
 113      1D0DCCC7 
 113      8DC86C93 
 113      C8D848
 114 02c1 331290F9 		.ascii	"3\022\220\371\377%\362\202,H\336bB\255]\002\026\033"
 114      FF25F282 
 114      2C48DE62 
 114      42AD5D02 
 114      161B
 115 02d3 89748335 		.ascii	"\211t\2035$:|O\254\275\215\\K2\327\017,\276KLw\263C"
 115      243A7C4F 
 115      ACBD8D5C 
 115      4B32D70F 
 115      2CBE4B4C 
 116 02ea E473DBA3 		.ascii	"\344s\333\243-K\332J\202\362L\001k\230_\313\261\204"
 116      2D4BDA4A 
 116      82F24C01 
 116      6B985FCB 
 116      B184
 117 02fc ABF03305 		.ascii	"\253\3603\005\341\277d\252\337(<\223,\300)\377T\035"
 117      E1BF64AA 
 117      DF283C93 
 117      2CC029FF 
 117      541D
ARM GAS  C:\Users\mvshv\AppData\Local\Temp\ccgrwSpN.s 			page 9


 118 030e 47F1BF80 		.ascii	"G\361\277\200\265lV\330\037/6\010E\205\205\306\326\243"
 118      B56C56D8 
 118      1F2F3608 
 118      458585C6 
 118      D6A3
 119 0320 B4CC3876 		.ascii	"\264\3148v\244\3048^z\342d\231q\340\340\376\242]\"\356"
 119      A4C4385E 
 119      7AE26499 
 119      71E0E0FE 
 119      A25D22EE 
 120 0334 DB5D5E8E 		.ascii	"\333]^\216W\016\227\224\034-,&\177\001\24593D"
 120      570E9794 
 120      1C2D2C26 
 120      7F01A539 
 120      3344
 121              		.text
 122              		.section	.gnu.lto_stm32_clock_init.fb69f62b,"",%progbits
 123 0000 789CA558 		.ascii	"x\234\245XYt\024\325\026\255s\253\3479Ig\352t\222\006"
 123      597414D5 
 123      16AD73AB 
 123      E7394967 
 123      EA749206 
 124 0014 891871D1 		.ascii	"\211\030q\321K`\371\343W\377\274\257\367\276\236\277"
 124      4B60F9E3 
 124      57FFBCAF 
 124      F7BE9EBF 
 125 0024 AEB7143F 		.ascii	"\256\267\024?\034p\351R?\374\263\002\231\232\340\204"
 125      1C70E952 
 125      3FFCB302 
 125      999AE084 
 126 0034 4034B418 		.ascii	"@4\264\030\036\360\320\3600 8$\200\264\221\020\002!"
 126      1EF0D0F0 
 126      30203824 
 126      80B49110 
 126      0221
 127 0046 08061408 		.ascii	"\010\006\024\010\212C0\315\344@\224\311\020\357\271"
 127      8A4330CD 
 127      E44094C9 
 127      10EFB9
 128 0055 E7565759 		.ascii	"\347VWYq\031\253\315\312\332}\353\236\333\373\234\332"
 128      7119ABCD 
 128      CADA7DEB 
 128      9EDBFB9C 
 128      DA
 129 0066 E79C7BAB 		.ascii	"\347\234{\253\332\245(\312\301\250\242\334\313?\217"
 129      DAA528CA 
 129      C1A8A2DC 
 129      CB3F8F
 130 0075 81A2C02C 		.ascii	"\201\242\300,\005\330K\303\212\322\340a\240\322@e\211"
 130      05D84BC3 
 130      8AD2E061 
 130      A0D24065 
 130      89
 131 0086 9D7D8AA2 		.ascii	"\235}\212\242\371\034\243~E\013$h>\345\000'\331\235"
 131      F91CA37E 
 131      450B2468 
 131      3EE50027 
ARM GAS  C:\Users\mvshv\AppData\Local\Temp\ccgrwSpN.s 			page 10


 131      D99D
 132 0098 AC96EC2E 		.ascii	"\254\226\354.a\257\245\371\224\013\334dw\263\032\262"
 132      61AFA5F9 
 132      940BDC64 
 132      77B31AB2 
 133 00a8 7B84BD86 		.ascii	"{\204\275\206\346S\036\360\222\335\313\252\311\356\023"
 133      E6531EF0 
 133      92DDCBAA 
 133      C9EE13
 134 00b7 F66A9A4F 		.ascii	"\366j\232O\371\300Ov?\213\223= \354q\232O\005 H\366"
 134      F9C04F76 
 134      3F8B933D 
 134      20EC719A 
 134      4F052048 
 135 00cc 20AB227B 		.ascii	" \253\"{H\330\253h>\025\2020\331\303,F\3662a\217\321"
 135      48D8AB68 
 135      3E158230 
 135      D9C32C46 
 135      F632618F 
 136 00e1 7CAA0C22 		.ascii	"|\252\014\"\370\011\021VI\346\"a\256\244\351T\021\024"
 136      F8091156 
 136      49E62261 
 136      AEA4E954 
 136      1114
 137 00f3 D3D78B59 		.ascii	"\323\327\213Y\005\331K\204\275\202\346S%\020%{\224\225"
 137      05D94B84 
 137      BD82E653 
 137      2510257B 
 137      9495
 138 0105 93BD54D8 		.ascii	"\223\275T\330\313i>U\012\200\237\232\007\224\347\230"
 138      CB693E55 
 138      0A809F9A 
 138      0794E798 
 139 0115 9A70386B 		.ascii	"\232p8k]\356\032\217\267\332\347\217\007\202U\241p\254"
 139      5DEE1A8F 
 139      B7DAE78F 
 139      078255A1 
 139      70AC
 140 0127 2C525954 		.ascii	",RYT\\Q\022-/\205\347\374\252\"\377\234\372\300\255"
 140      5C51122D 
 140      2F85E7FC 
 140      AA22FF9C 
 140      FAC0AD
 141 013a 0FBCFAC0 		.ascii	"\017\274\372\300\257\017\202\372 \254\017\"\372\240"
 141      AF0F82FA 
 141      20AC0F22 
 141      FAA0
 142 0148 581F44F5 		.ascii	"X\037D\365\301\012u\225\012}-\347zX\375f\215\377e\333"
 142      C10A7595 
 142      0A7D2DE7 
 142      7A58FD66 
 142      8DFF65DB 
 143 015c 57FA9BB5 		.ascii	"W\372\233\265\246\212\014w\271F\272\205\035P\257\360"
 143      A68A0C77 
 143      B946BA85 
 143      1D50AFF0 
 144 016c 655F6FBF 		.ascii	"e_o\277\265:\350r\320<\354\004\027\360\311\243\215\333"
ARM GAS  C:\Users\mvshv\AppData\Local\Temp\ccgrwSpN.s 			page 11


 144      B53AE872 
 144      D03CEC04 
 144      17F0C9A3 
 144      8DDB
 145 017e 326A9B9A 		.ascii	"2j\233\232Q\001\034\374\362\307\303\035\337\204\360"
 145      51011CFC 
 145      F2C7C31D 
 145      DF84F0
 146 018d 9241825F 		.ascii	"\222A\202_v\275<\265\237\251\367\000~\375\312\272\265"
 146      76BD3CB5 
 146      9FA9F700 
 146      7EFDCABA 
 146      B5
 147 019e EFA9751B 		.ascii	"\357\251u\0334m\251\226\335\177*\276~\231v@sdT\025\336"
 147      346DA996 
 147      DD7F2ABE 
 147      7E997640 
 147      73645415 
 148 01b3 079553C2 		.ascii	"\007\225S\302{\020\207w!.\\\032\336\340\003\250\023"
 148      7B108777 
 148      212E5C1A 
 148      DEE003A8 
 148      13
 149 01c4 CEB8CB1E 		.ascii	"\316\270\313\036\356\222\033\273\2179\263\332\255\251"
 149      EE921BBB 
 149      8F39B3DA 
 149      ADA9
 150 01d2 162D3B7C 		.ascii	"\026-;|\327\236\211\237K\377\001JFu0\004\025\301\201"
 150      D79E899F 
 150      4BFF014A 
 150      46753004 
 150      15C181
 151 01e5 E0447021 		.ascii	"\340Dp!\270\021<\010^\004\037\202\037!\200\020D\010"
 151      B8113C08 
 151      5E041F82 
 151      1F218010 
 151      4408
 152 01f7 21841122 		.ascii	"!\204\021\"\010E\010\305\010%\010Q\204R\2042\204r\204"
 152      084508C5 
 152      08250851 
 152      84528432 
 152      847284
 153 020a 0A844A84 		.ascii	"\012\204J\204\030B\025B\034\241\032\241\006\241\026"
 153      18421542 
 153      1CA11AA1 
 153      06A116
 154 0219 2181300B 		.ascii	"!\2010\013a6\302m\010s\020\352\020nG\230\213p\007B="
 154      6136C26D 
 154      087310EA 
 154      106E4798 
 154      8B700742 
 155 022e C29D08F3 		.ascii	"\302\235\010\363\020\356FX\200\260\020a\021\202\242"
 155      10EE4658 
 155      80B01061 
 155      1182A2
 156 023d B472F547 		.ascii	"\264r\365G\375ZVI\253\214\017\226e\225\363\32071\376"
 156      FD5A5649 
ARM GAS  C:\Users\mvshv\AppData\Local\Temp\ccgrwSpN.s 			page 12


 156      AB8C0F96 
 156      6595F3D0 
 156      3731FE
 157 0250 F9261FAA 		.ascii	"\371&\037\252\304\205[\323\324w\304\215)p\012\331Ow"
 157      C4855BD3 
 157      D477C48D 
 157      29700AD9 
 157      4F77
 158 0262 1FBEE0A1 		.ascii	"\037\276\340\241K\255\263U\303$m\354\336\276\026:a]"
 158      4BADB355 
 158      C3246DEC 
 158      DEBE163A 
 158      615D
 159 0274 034F7867 		.ascii	"\003Oxg,\243\272`\027\327\276\027\265\347\326\225;F"
 159      2CA3BA60 
 159      17D7BE17 
 159      B5E7D695 
 159      3B46
 160 0286 EE4F6ED5 		.ascii	"\356On\325\032\033\264DFu\303n\276r\265\250\004\330"
 160      1A1BB444 
 160      4675C36E 
 160      BE72B5A8 
 160      04D8
 161 0298 03496E7F 		.ascii	"\003In\177\377x\307A'\022\272\001+\006\340C\376E\021"
 161      FF78C741 
 161      2712BA01 
 161      2B06E043 
 161      FE4511
 162 02ab C3F8984B 		.ascii	"\303\370\230K\306`\313\303^\341\0013\013Y\341\341\335"
 162      C660CBC3 
 162      5EE10133 
 162      0B59E1E1 
 162      DD
 163 02bc 96A1ED3E 		.ascii	"\226\241\355>\362\000\360\221(\211\264\252*\274a\350"
 163      F200F091 
 163      2889B4AA 
 163      2ABC61E8 
 164 02cc 6E7B73B9 		.ascii	"n{s\271~7z\352P\301\342,1\203\257>\303\327\307\220\344"
 164      7E377AEA 
 164      50C1E22C 
 164      3183AF3E 
 164      C3D7C790 
 165 02e1 64CB7E6D 		.ascii	"d\313~m\356q\022\027#\272\376\251\253\3310zw\000\203"
 165      EE711217 
 165      23BAFEA9 
 165      ABD9307A 
 165      770083
 166 02f4 7D9C660C 		.ascii	"}\234f\014\032O}<\004r\021_\321}\261\347z\220V(\320"
 166      1A4F7D3C 
 166      0472115F 
 166      D17DB1E7 
 166      7A905628 
 167 0309 2F4BB655 		.ascii	"/K\266UM(\274\323!\315\223d\244\345\322&w!\222\354\027"
 167      4D28BCD3 
 167      21CD9364 
 167      A4E5D226 
 167      772192EC 
ARM GAS  C:\Users\mvshv\AppData\Local\Temp\ccgrwSpN.s 			page 13


 168 031e 61320C73 		.ascii	"a2\014s@H\222O\252\233\273< %q\232%\271\254K\242\332"
 168      4048924F 
 168      AA9BBB3C 
 168      2025719A 
 168      25B9AC4B 
 169 0334 9464D0F0 		.ascii	"\224d\320\360uP\227\344\244\224\304At7\307W\235\004"
 169      755097E4 
 169      A494C441 
 169      7437C757 
 169      9D04
 170 0346 BAE1001C 		.ascii	"\272\341\000\034\"IN\347%q\2304\250\225\032\270L\032"
 170      22494EE7 
 170      25719834 
 170      A8951AB8 
 170      4C1A
 171 0358 DC68725B 		.ascii	"\334hr[K\323#Js\375d\343\333^\272\324\3166\210\322|"
 171      4BD3234A 
 171      73FD64E3 
 171      DB5EBAD4 
 171      CE3688D2 
 172 036d F3A35ECD 		.ascii	"\363\243^\315kR\311\013\207y\344C2\362=\355;[\300\024"
 172      6B52C90B 
 172      8779E443 
 172      32F23DED 
 172      3B5BC014 
 173 0381 FAB0085D 		.ascii	"\372\260\010]lGG\204L;>ly\\\226\246\003>\2212\271\315"
 173      6C474784 
 173      4C3B3E6C 
 173      795C96A6 
 173      033E9132 
 174 0397 32DDD465 		.ascii	"2\335\324erZ\274%frvT8s\240\263c\272N\203R'\3117y\342"
 174      725ABC25 
 174      66727654 
 174      3873A0B3 
 174      63BA4E83 
 175 03b1 C23EA913 		.ascii	"\302>\251\023\337\331?\265\012\3452\011U#\205\362\344"
 175      DFD93FB5 
 175      0AE53209 
 175      552385F2 
 175      E4
 176 03c2 85EACDB5 		.ascii	"\205\352\315\265~\347\242\205\356\277\232B\300\300F"
 176      7EE7A285 
 176      EEBF9A42 
 176      C0C046
 177 03d1 8C9A3E4E 		.ascii	"\214\232>N\201]k\226\036=\304\365\366\370\336\214O\306"
 177      815D6B96 
 177      1E3DC4F5 
 177      F6F8DE8C 
 177      4FC6
 178 03e3 C5E004F5 		.ascii	"\305\340\004\365\353\310r\370\203\322\374sW\237\031"
 178      EBC872F8 
 178      83D2FC73 
 178      579F19
 179 03f2 AE3E8724 		.ascii	"\256>\207$\347\027\002{\315\002\247\007\244\300^\233"
 179      E717027B 
 179      CD02A707 
 179      A4C05E9B 
ARM GAS  C:\Users\mvshv\AppData\Local\Temp\ccgrwSpN.s 			page 14


 180 0402 7578D2E0 		.ascii	"ux\322\340>emM\037\247\323\3654z\321g\322\263Z\352\351"
 180      3E656D4D 
 180      1FA7D3F5 
 180      347AD167 
 180      D2B35AEA 
 181 0417 33E9B9AB 		.ascii	"3\351\271\253E\206\342\267u\223\247E x\324\302\250E"
 181      4586E2B7 
 181      7593A745 
 181      2078D4C2 
 181      A845
 182 0429 CF0071ED 		.ascii	"\317\000q\355\3347\320\354!=\001\316\024.\347\027\206"
 182      DC37D0EC 
 182      213D01CE 
 182      142EE717 
 182      86
 183 043a A72F51CE 		.ascii	"\247/Q\316\200\220\323o\226s\267.g\320\246\234g\015"
 183      8090D36F 
 183      9673B72E 
 183      67D0A69C 
 183      670D
 184 044c EEAFACE5 		.ascii	"\356\257\254\345\032\342t\323\267\266\220I\316\270\224"
 184      1AE274D3 
 184      B7B69049 
 184      CEB894
 185 045b 33609273 		.ascii	"3`\222sP\2273\374\227[G\334\345\327F\227~c\3213\302"
 185      509733FC 
 185      975B47DC 
 185      E5D74697 
 185      7E63D133 
 186 0470 C9A6D7A3 		.ascii	"\311\246\327\243\015\356o\015\3561T0B\241\236\332,C"
 186      0DEE6F0D 
 186      EE315430 
 186      42A19EDA 
 186      2C43
 187 0482 2DB2958F 		.ascii	"-\262\225\217s\202\315\205l\337Y\"-&\256\211\366\241"
 187      7382CD85 
 187      6CDF5922 
 187      2D26AE89 
 187      F6A1
 188 0494 93F270A8 		.ascii	"\223\362p\250\204\361\3023\2373<\235\307\270\213E\346"
 188      84F1C233 
 188      9F333C9D 
 188      C7B88B45 
 188      E6
 189 04a5 83E6CC8F 		.ascii	"\203\346\314\217\352\231/\261\231\371\013\006\367E\353"
 189      EA992FB1 
 189      99F90B06 
 189      F745EB
 190 04b4 861EE574 		.ascii	"\206\036\345t\3233\0375e\276Jf>d\332\301s\003\323vp"
 190      D3331F35 
 190      65BE4A66 
 190      3E64DAC1 
 190      7303D376 
 191 04c9 9FD8C16F 		.ascii	"\237\330\301o\214\365\267y\350R\313\322\303\305\205"
 191      8CF5B779 
 191      E852CBD2 
 191      C3C585
ARM GAS  C:\Users\mvshv\AppData\Local\Temp\ccgrwSpN.s 			page 15


 192 04d8 B55BCFE4 		.ascii	"\265[\317\344w\360\007\3713\213\037.\363X/\311X{&\373"
 192      77F007F9 
 192      338B1F2E 
 192      F3582FC9 
 192      587B26FB 
 193 04ec F7844DC1 		.ascii	"\367\204M\301~/\202\305\307Y\370Al\341\2313W\206U\332"
 193      7E2F82C5 
 193      C759F841 
 193      6CE19933 
 193      578655DA 
 194 0500 C39786E0 		.ascii	"\303\227\206\340G\222\2707wI\337\033Km\351\374\223\261"
 194      4792B837 
 194      7749DF1B 
 194      4B6DE9FC 
 194      93B1
 195 0512 A95CB164 		.ascii	"\251\\\261d\264\214\270F\326\267\237\365SF\267\001L"
 195      B48CB846 
 195      D6B79FF5 
 195      5346B701 
 195      4C
 196 0523 149ED29F 		.ascii	"\024\236\322\237\015W\277`J\313D\340o]\223Y,\267Ev\325"
 196      0D57BF60 
 196      4ACB44E0 
 196      6F5D9359 
 196      2CB74576 
 197 0538 20BB6689 		.ascii	" \273f\211\273\202\270:vM\320c\230\003<p\275\360\260"
 197      BB82B83A 
 197      764DD063 
 197      98033C70 
 197      BDF0B0
 198 054b 6F189E6E 		.ascii	"o\030\236nb\330\025\242\022\303\346J\274\256Wb\245\315"
 198      62D815A2 
 198      12C3E64A 
 198      BCAE5762 
 198      A5CD
 199 055d 4AFCD5E0 		.ascii	"J\374\325\340\236\264n\3511N7\275\022c\246J\214\211"
 199      9EB46EE9 
 199      314E37BD 
 199      1263A64A 
 199      8C89
 200 056f 4A6CE542 		.ascii	"Jl\345B\216\372yAF\314!M\352!U\331\014\351\226\361\264"
 200      8EFA7941 
 200      46CC214D 
 200      EA2155D9 
 200      0CE996F1 
 201 0584 33656D8E 		.ascii	"3em\2168\247\233\376x\0237\205T)\233\243\310\264-.\317"
 201      38A79BFE 
 201      78133785 
 201      54299BA3 
 201      C8B42D2E 
 202 0599 C9CAACB6 		.ascii	"\311\312\254\266\245\273\306\362\3324\260\337g\270\206"
 202      A5BBC6F2 
 202      DA34B0DF 
 202      67B886
 203 05a8 B8F2AF56 		.ascii	"\270\362\257V\016p\300RVp\206\227\031\236\032\031\317"
 203      0E70C052 
 203      56708697 
ARM GAS  C:\Users\mvshv\AppData\Local\Temp\ccgrwSpN.s 			page 16


 203      199E1A19 
 203      CF
 204 05b9 700DC5FD 		.ascii	"p\015\305\375bZJXk\213\255\211\345\317\225fK\334\011"
 204      625A4A58 
 204      6B8BAD89 
 204      E5CF9566 
 204      4BDC09
 205 05cc E21AB878 		.ascii	"\342\032\270xb\320-\2376\002\320Rx\340\255\206\2534"
 205      62D02D9F 
 205      3602D052 
 205      78E0AD86 
 205      AB34
 206 05de 069EA0DD 		.ascii	"\006\236\240\335\250+\355\373\003\252\031\237\251\227"
 206      A82BEDFB 
 206      03AA199F 
 206      A997
 207 05ec 0B367C62 		.ascii	"\0136|b\2016\206;M\327\356\257\344{\314;\235\0151X\301"
 207      8136863B 
 207      4DD7EEAF 
 207      E47BCC3B 
 207      9D0D3158 
 208 0601 E456B35B 		.ascii	"\344V\263[O\350,[\321>o\310\374\202E\230\331\304ut\354"
 208      4FE82C5B 
 208      D13E6FC8 
 208      FC824598 
 208      D9C47574 
 209 0616 C611AF14 		.ascii	"\306\021\257\024F\343\017\210/\026.\315K\206\263\227"
 209      46E30F88 
 209      2F162ECD 
 209      4B86B397 
 210 0626 519AD9A2 		.ascii	"Q\232\331\242k\213\315-\262wP\346\3676\233-\262\322"
 210      6B8BCD2D 
 210      B27750E6 
 210      F7369B2D 
 210      B2D2
 211 0638 E07E8559 		.ascii	"\340~\205Y\272v\016\321\035\232Z\361\2753\177'\021X"
 211      BA760ED1 
 211      1D9A5AF1 
 211      BD337F27 
 211      1158
 212 064a C52C7D3C 		.ascii	"\305,}<\307\3244\025\262iJL'J\307\226\202\336\213V\263"
 212      C7D43415 
 212      B2694A4C 
 212      274AC796 
 212      82DE8B56 
 213 065f 7CF7AE61 		.ascii	"|\367\256aI\361\"t\016\226vn\330Z#~\034\370\000\352"
 213      49F12274 
 213      0E96766E 
 213      D85A237E 
 213      1CF800EA 
 214 0673 F877AEB6 		.ascii	"\370w\256\266~\326\30008\025\216w5\235U\241\235t^\223"
 214      7ED6C030 
 214      38158E77 
 214      359D55A1 
 214      9D745E93 
 215 0687 DBD5E6C3 		.ascii	"\333\325\346\303uV\257xJ\375\251\333W\205[\374\251\005"
 215      7556AF78 
ARM GAS  C:\Users\mvshv\AppData\Local\Temp\ccgrwSpN.s 			page 17


 215      4AFDA9DB 
 215      57855BFC 
 215      A905
 216 0699 5EE36EDB 		.ascii	"^\343n\333\365J9\320\026\242\333\255\263\034|\211\231"
 216      F54A39D0 
 216      16A2DBAD 
 216      B31C7C89 
 216      99
 217 06aa 8EBD0E96 		.ascii	"\216\275\016\226?\366\326\352\032\347d\276n'\276\221"
 217      3FF6D6EA 
 217      1AE764BE 
 217      6E27BE91 
 218 06ba C68D5FC8 		.ascii	"\306\215_\310j\271655\025\206\214p\313\253*\035\246"
 218      6AB93635 
 218      3515868C 
 218      70CBAB2A 
 218      1DA6
 219 06cc 8573F95A 		.ascii	"\205s\371ZccH;\245\242\277;\201\037\235\361\004~\335"
 219      6363483B 
 219      A5A2BF3B 
 219      811F9DF1 
 219      047EDD
 220 06df 08651D96 		.ascii	"\010e\035\226\322\\\272\267\241-2\234;l\025\346\033"
 220      D25CBAB7 
 220      A12D329C 
 220      3B6C15E6 
 220      1B
 221 06f0 46863A2D 		.ascii	"F\206:-]PO\\}?m\333\034\240\373\342\257\200\205\267"
 221      5D504F5C 
 221      7D3F6DDB 
 221      1CA0FBE2 
 221      AF8085B7 
 222 0704 C07F0D4F 		.ascii	"\300\177\015O\0330\356z\321\002Qs\013\014\037\222\367"
 222      1B30EE7A 
 222      D1025173 
 222      0B0C1F92 
 222      F7
 223 0715 70A7CD16 		.ascii	"p\247\315\026\330hpob\226Sb\036\247\233~J\314\023ST"
 223      D868706F 
 223      62965362 
 223      1EA79B7E 
 223      4ACC1353 
 224 072a F0E5B2E0 		.ascii	"\360\345\262\340KM\247\304\371\307h\335\335\266\356"
 224      4B4DA7C4 
 224      F9C768DD 
 224      DDB6EE
 225 0739 F17F220E 		.ascii	"\361\177\"\016\037\306\261\331\242\346\002\316\365w"
 225      1FC6B1D9 
 225      A2E602CE 
 225      F577
 226 0747 DE3DDE34 		.ascii	"\336=\3364\250\337B\371\026\2108\275D\276\320\026U\227"
 226      A8DF42F9 
 226      168838BD 
 226      44BED016 
 226      5597
 227 0759 A0C21F20 		.ascii	"\240\302\037 a\213%\312E\234\353\357D\371\177\203z+"
 227      618B25CA 
ARM GAS  C:\Users\mvshv\AppData\Local\Temp\ccgrwSpN.s 			page 18


 227      459CEBEF 
 227      44F97F83 
 227      7A2B
 228 076b 46B948B9 		.ascii	"F\271H\271\314\373\275\273\033\350'A!7p\231y\252\026"
 228      CCFBBDBB 
 228      1BE82741 
 228      21377099 
 228      79AA16
 229 077e CE9F9FCC 		.ascii	"\316\237\237\314\377?\361t\362\341\007\226$\237|\342"
 229      FF3FF174 
 229      F2E10796 
 229      249F7CE2 
 230 078e A9679E4E 		.ascii	"\251g\236N\376\373\276\177-\\@\370\317E\317>\213\226"
 230      FEFBBE7F 
 230      2D5C40F8 
 230      CF45CF3E 
 230      8B96
 231 07a0 FF2C59F2 		.ascii	"\377,Y\362\320\374\305\212s\361\342G\236|\3527\321\336"
 231      D0FCC58A 
 231      73F1E247 
 231      9E7CEA37 
 231      D1DE
 232 07b2 BC9A     		.ascii	"\274\232"
 233              		.text
 234              		.section	.gnu.lto_.symbol_nodes.fb69f62b,"",%progbits
 235 0000 789C6363 		.ascii	"x\234cc``H\001b\006\246]L\365\014\014\023\31610\000"
 235      60604801 
 235      6206A65D 
 235      4CF50C0C 
 235      13CE3130 
 236 0015 A99D0D07 		.ascii	"\251\235\015\007\033\330\200b\273\231\352\031ab\273"
 236      1BD88062 
 236      BB99EA19 
 236      6162BB
 237 0024 1A1C8122 		.ascii	"\032\034\201\"{\230\352\231PDXw214*\001\015`\334\313"
 237      7B98EA99 
 237      50445877 
 237      3231342A 
 237      010D60DC 
 238 0039 54CF0C96 		.ascii	"T\317\014\226b`hhp```fd`x\324\367F\236\231\221\205\241"
 238      62606868 
 238      70606060 
 238      66646078 
 238      D4F7469E 
 239 0051 A5FF8D3C 		.ascii	"\245\377\215<\003\000\"\261\031\035"
 239      030022B1 
 239      191D
 240              		.text
 241              		.section	.gnu.lto_.refs.fb69f62b,"",%progbits
 242 0000 789C6363 		.ascii	"x\234cc```\004b\006\000\000D\000\010"
 242      60606004 
 242      62060000 
 242      440008
 243              		.text
 244              		.section	.gnu.lto_.decls.fb69f62b,"",%progbits
 245 0000 789CD559 		.ascii	"x\234\325Y\013PU\307\031\276{\366\362\272\274,:\251"
 245      0B5055C7 
ARM GAS  C:\Users\mvshv\AppData\Local\Temp\ccgrwSpN.s 			page 19


 245      19BE7BF6 
 245      F2BABC2C 
 245      3AA9
 246 0012 93DA96B1 		.ascii	"\223\332\226\261\246\241\323\006\274W\0233\235N'z\305"
 246      A6A1D306 
 246      BC571333 
 246      9D4E277A 
 246      C5
 247 0023 C7D424CC 		.ascii	"\307\324$\314\3054\223\0113D\2014Lx\030\301\251\231"
 247      C5349309 
 247      33448134 
 247      4C7818C1 
 247      A999
 248 0035 4E9BC343 		.ascii	"N\233\303C$\370B\024\025T$\012\012\202\212/\220\207"
 248      24F84214 
 248      1554240A 
 248      0A828A2F 
 248      9087
 249 0047 72798840 		.ascii	"ry\210@\004y\210Q\004\004\004EDD|+J\377\335=\227\273"
 249      04798851 
 249      04040445 
 249      44447C2B 
 249      4AFFDD3D 
 250 005d F79C6327 		.ascii	"\367\234c'\235i;\3233|\367\354\277\373\235\177\377\377"
 250      9D693BD3 
 250      337CF7EC 
 250      BFFB9D7F 
 250      FFFF
 251 006f DF7F1FE7 		.ascii	"\337\177\037\347`\257\321hV\375B\243\371D\253\321\254"
 251      60AFD168 
 251      56FD42A3 
 251      F944ABD1 
 251      AC
 252 0080 401ACD38 		.ascii	"@\032\3158\\P\324Th\254\027\221K\001\247\001\345R\033"
 252      5C50D454 
 252      68AC1791 
 252      4B01A701 
 252      E5521B
 253 0093 50358D1A 		.ascii	"P5\215\032\333\353\257Pi\007\367\317\000o\002\336\006"
 253      DBEBAF50 
 253      6907F7CF 
 253      006F02DE 
 253      06
 254 00a4 7916A019 		.ascii	"y\026\240\031\312\002\300\033\312?C\354\331R\215\362"
 254      CA02C01B 
 254      CA3F43EC 
 254      D9528DF2 
 255 00b4 FA1B3438 		.ascii	"\372\03348\275\342\371w\340^\002\367p\270\207I\274\237"
 255      BDE2F977 
 255      E05E02F7 
 255      70B88749 
 255      BC9F
 256 00c6 C2DD1530 		.ascii	"\302\335\0250\031\360\033\300O\000>\200\251\000\027"
 256      19F01BC0 
 256      4F003E80 
 256      A90017
 257 00d5 C0520096 		.ascii	"\300R\000\226\354.\225\371d\271\276!\\\251O\017\300"
ARM GAS  C:\Users\mvshv\AppData\Local\Temp\ccgrwSpN.s 			page 20


 257      EC2E95F9 
 257      64B9BE21 
 257      5CA94F0F 
 257      C0
 258 00e6 1440BD4A 		.ascii	"\024@\275J\377\226~\323\001i\3223S%\177~\013\370\030"
 258      FF967ED3 
 258      0169D233 
 258      53257F7E 
 258      0BF818
 259 00f9 F029C013 		.ascii	"\360)\300\0231?\267\002\246\001~\011p\003xI~\227\253"
 259      313FB702 
 259      A6017E09 
 259      70037849 
 259      7E97AB
 260 010c D8B015A3 		.ascii	"\330\260\025\243\222\212\323\345\316\327P'\2028\241"
 260      928AD3E5 
 260      CED75027 
 260      8238A1
 261 011b 49B41621 		.ascii	"I\264\026!\366\013w\002*\217[.\304\352\241V`7\211J\004"
 261      F60B7702 
 261      2A8F5B2E 
 261      C4EAA156 
 261      6037894A 
 262 0130 CB2368A2 		.ascii	"\313#h\242F\220t\010\026\275\364OR\200x\255\254\235"
 262      46907408 
 262      16BDF44F 
 262      528078AD 
 262      AC9D
 263 0142 7567B9D8 		.ascii	"ug\271\330h\263\002\367\034\253\022\254\235q\217(l\325"
 263      68B302F7 
 263      1CAB12AC 
 263      9D718F28 
 263      6CD5
 264 0154 4C344F18 		.ascii	"L4O\030eu\022IAh\033Z\177\330\245\033uA\353'\032M\262"
 264      65751249 
 264      41681B5A 
 264      7FD8A51B 
 264      7541EB27 
 265 016b 23C41C6A 		.ascii	"#\304\034jw_\336{F\300\002-\357\032\271x\004\341\237"
 265      775FDE7B 
 265      46C0022D 
 265      EF1AB978 
 265      04E19F
 266 017e D372EFF8 		.ascii	"\323r\357\370\371b\255w\276\310.\307\034\254A\205\010"
 266      F962AD77 
 266      BEC82EC7 
 266      1CAC4185 
 266      08
 267 018f 5B027A76 		.ascii	"[\002zv\374\261\331}\035F\036:$\200\3302r~\2673\210"
 267      FCB1D97D 
 267      1D461E3A 
 267      2480D832 
 267      727EB733 
 268 01a4 53746812 		.ascii	"Sth\022\210\371\353\307\267\332M\335F\036L\216\023'"
 268      88F9EBC7 
 268      B7DA4DDD 
 268      461E4C8E 
ARM GAS  C:\Users\mvshv\AppData\Local\Temp\ccgrwSpN.s 			page 21


 268      1327
 269 01b6 09E8B3D7 		.ascii	"\011\350\263\327P1\232\206N\241i`N\011\232\012\277\021"
 269      50319A86 
 269      4EA16960 
 269      4E099A0A 
 269      BF11
 270 01c8 5AA62927 		.ascii	"Z\246)'\263\315l?=S4w\213\346\013;\337\275T\225 6\301"
 270      B3CD6C3F 
 270      3D533477 
 270      8BE60B3B 
 270      DFBD5495 
 271 01df 73EF511E 		.ascii	"s\357Q\036:\2110*B\336\304\213\223\244wt\002u#t\034"
 271      3A89302A 
 271      42DEC48B 
 271      93A47774 
 271      02752374 
 272 01f4 5D03274A 		.ascii	"]\003'J\321tx>-cS\001\306\033\0205z]nS\2413(\313\004"
 272      D174783E 
 272      2D635301 
 272      C61B1035 
 272      7A5D6E53 
 273 020d 658F76BB 		.ascii	"e\217v\273\244\213\346X\320%PUeVUerU\247\251*q\240\264"
 273      A48BE658 
 273      D0255055 
 273      65565565 
 273      7255A7A9 
 274 0225 C31DA733 		.ascii	"\303\035\2473U\011\355w\2378H\252\352\177g\243\351\214"
 274      5509ED77 
 274      9F3848AA 
 274      EA7F67A3 
 274      E98C
 275 0237 55D319B9 		.ascii	"U\323\031\271\246r\252i\335\355g\233\020\316c\232b\312"
 275      A672AA69 
 275      DDED679B 
 275      10CE639A 
 275      62CA
 276 0249 4AAB8987 		.ascii	"J\253\211\207\335\242h\276v\330\363`\301\200\230\250"
 276      DDA268BE 
 276      76D8F360 
 276      C18098A8 
 277 0259 63EE99AD 		.ascii	"c\356\231\255\232\314RpQ\005\325\320Y\233\233\207!\242"
 277      9ACC5270 
 277      5105D5D0 
 277      599B9B87 
 277      21A2
 278 026b 6FEA1019 		.ascii	"o\352\020\031dw\250:2T\374\324\225U\021\265-\233F\263"
 278      6477A83A 
 278      3254FCD4 
 278      955511B5 
 278      2D9B46B3 
 279 027f 1CF02DD6 		.ascii	"\034\360-\326Gs|\301.\314\306C\013\342\275\206\364\353"
 279      47737CC1 
 279      2ECCC643 
 279      0BE2BD86 
 279      F4EB
 280 0291 6E6C3C3C 		.ascii	"nl<<\267b\341\332\225\347\035nH\347\225(\212\261bf\234"
 280      B762E1DA 
ARM GAS  C:\Users\mvshv\AppData\Local\Temp\ccgrwSpN.s 			page 22


 280      95E71D6E 
 280      48E79528 
 280      8AB16266 
 281 02a6 E8B44883 		.ascii	"\350\264H\203j`<\316\302x\240Z\344ET\0223P\025TVB\345"
 281      6A603CCE 
 281      C278A05A 
 281      E4455412 
 281      33501554 
 282 02bd 7E3274E6 		.ascii	"~2t\346\233g\376\2306*\212\236\350\034\322\241j\253"
 282      9B67FE98 
 282      362A8A9E 
 282      E81CD2A1 
 282      6AAB
 283 02cf A96FEAD8 		.ascii	"\251o\352\330\320\345fm\336k\217\257\322\334\021Jw\366"
 283      D0E5666D 
 283      DE6B8FAF 
 283      D2DC114A 
 283      77F6
 284 02e1 9F155ED5 		.ascii	"\237\025^\325\307\367\257\356\243cz\315\032\022\330"
 284      C7F7AFEE 
 284      A3637ACD 
 284      1A12D8
 285 02f0 7AE8A3CE 		.ascii	"z\350\243\316\332\007t\311:yy\251\353*\361\214\264\213"
 285      DA0774C9 
 285      3A7979A9 
 285      EB2AF18C 
 285      B48B
 286 0302 0329BF86 		.ascii	"\003)\277\206\252\202\254\376_a3\246\216o\314\271\320"
 286      AA82ACFE 
 286      5F6133A6 
 286      8E6FCCB9 
 286      D0
 287 0313 61FFC63E 		.ascii	"a\377\306>1\263\222\244\317\037\262 }\222\021%70e\023"
 287      31B392A4 
 287      CF1FB220 
 287      7D921125 
 287      37306513 
 288 0327 466868CD 		.ascii	"Fhh\315ybN#z\003\036\275_\235s_\312\341d\004\362\346"
 288      79624E23 
 288      7A031EBD 
 288      5F9D735F 
 288      CAE16404 
 289 033d AA87F79D 		.ascii	"\252\207\367\235q\023\323\273\243\345\250\257\016|\211"
 289      7113D3BB 
 289      A3E5A8AF 
 289      0E7C89
 290 034c FB51BE90 		.ascii	"\373Q\276\220\234o8\327!\215@\"\3216\226s\3435\334\306"
 290      9C6F38D7 
 290      218D4022 
 290      D1369673 
 290      E335DCC6 
 291 0360 94ED1E88 		.ascii	"\224\355\036\210\355s\301\327\230Px\243\256F\307\210"
 291      ED73C1D7 
 291      985078A3 
 291      AE46C788 
 292 0370 22218E57 		.ascii	"\"!\216W>\276\354\212\373Y\243\370\242\341\2143\276"
 292      3EBEEC8A 
ARM GAS  C:\Users\mvshv\AppData\Local\Temp\ccgrwSpN.s 			page 23


 292      FB59A3F8 
 292      A2E18C33 
 292      BE
 293 0381 CB84C49E 		.ascii	"\313\204\304\236\265\255\022\363\011\221\353\177(9\340"
 293      B5AD12F3 
 293      0991EB7F 
 293      2839E0
 294 0390 8A9FB2C6 		.ascii	"\212\237\262\306\374\201\324|\214\343\265T\030\277u"
 294      FC81D47C 
 294      8CE3B554 
 294      18BF75
 295 039f 659F1363 		.ascii	"e\237\023c\216\320\016\307\306\342\265x\023k\254\254"
 295      8ED00EC7 
 295      C6E2B578 
 295      136BACAC 
 296 03af CACD73C2 		.ascii	"\312\315s\302iL\350\330\2735[\313\230\003te,{\336\346"
 296      694CE8D8 
 296      BB355BCB 
 296      98037465 
 296      2C7BDEE6 
 297 03c3 8AF7B1C6 		.ascii	"\212\367\261\306\357\267nY\347\210\0171!\266\364\312"
 297      EFB76E59 
 297      E7880F31 
 297      21B6F4CA 
 298 03d3 66293CDD 		.ascii	"f)<\335D\256\272\277\353\236\013.b\215\367\232\252\222"
 298      44AEBABF 
 298      EB9E0B2E 
 298      628DF79A 
 298      AA92
 299 03e5 9C700513 		.ascii	"\234p\005\023\212zR\313\245\336/\023y\317\331\303\331"
 299      8A7A52CB 
 299      A5DE2F13 
 299      79CFD9C3 
 299      D9
 300 03f6 18D7B146 		.ascii	"\030\327\261FsL\3226\001\2670\241\365\306w\361.\214"
 300      734CD236 
 300      01B730A1 
 300      F5C677F1 
 300      2E8C
 301 0408 D944A7C6 		.ascii	"\331D\247\306@\301Z\214\257\262\306\262}kr\035q?\023"
 301      40C15A8C 
 301      AFB2C6B2 
 301      7D6B721D 
 301      713F13
 302 041b D69D3D59 		.ascii	"\326\235=Y#\205\263\226\310\361\215\033:\\\360\035\326"
 302      2385B396 
 302      C8F18D1B 
 302      3A5CF01D 
 302      D6
 303 042c 787860AD 		.ascii	"xx`\255\331\001?\224z\037\316+reL3\215\305\316\221\335"
 303      D9013F94 
 303      7A1FCE2B 
 303      72654C33 
 303      8DC5CE91 
 304 0441 2EF885A4 		.ascii	".\370\205\244\363\352I\037\274\326\216\226sn\354\332"
 304      F3EA491F 
 304      BCD68E96 
ARM GAS  C:\Users\mvshv\AppData\Local\Temp\ccgrwSpN.s 			page 24


 304      736EECDA 
 305 0451 2875FE2E 		.ascii	"(u\376.\210\353\237\034\275\344\214\223Y[\343\211\306"
 305      88EB9F1C 
 305      BDE48C93 
 305      595BE389 
 305      C6
 306 0462 75024E67 		.ascii	"u\002NgBiQY\215\035#\316$:\032\236\346\273\341,\326"
 306      42695159 
 306      8D1D23CE 
 306      243A1A9E 
 306      E6BBE12C 
 307 0477 96509E7A 		.ascii	"\226P\236z\332\011\037f\302\316\373\235\267$\307\275"
 307      DA091F66 
 307      C2CEFB9D 
 307      B724C7BD 
 308 0487 40ACEEEE 		.ascii	"@\254\356\356B\270\2105\335N2_\021\260\231\011\226\351"
 308      42B88835 
 308      DD4E325F 
 308      11B09909 
 308      96E9
 309 0499 E841A723 		.ascii	"\350A\247#\352\351\274\231\344\206\353X[\335\275\356"
 309      EAE9BC99 
 309      E486EB58 
 309      5BDDBDEE 
 310 04a9 1647DCCA 		.ascii	"\026G\334\312\204\341\370\376ngF\234\012\342\335S\333"
 310      84E1F8FE 
 310      6E67469C 
 310      0AE2DD53 
 310      DB
 311 04ba 8E08F832 		.ascii	"\216\010\3702kk\332\337u\317\016w2\301\262\340z\260"
 311      6B6BDADF 
 311      75CF0E77 
 311      32C1B2E0 
 311      7AB0
 312 04cc 05F769E2 		.ascii	"\005\367i\342\206,\001\367\262\266\214\206\230vW<\314"
 312      862C01F7 
 312      B2B68C86 
 312      9876573C 
 312      CC
 313 04dd 84F4D207 		.ascii	"\204\364\322\007\365\222/\216 \346\215e49\341g\254\355"
 313      F5922F8E 
 313      20E68D65 
 313      3439E167 
 313      ACED
 314 04ef 7A51FC23 		.ascii	"zQ\374#-\216\265\247Bua\306t\274\226\225\233J\272\373"
 314      2D8EB5A7 
 314      427561C6 
 314      74BC9695 
 314      9B4ABAFB 
 315 0503 DDF00626 		.ascii	"\335\360\006&\324\305n8 \205m\007\311\327\341m\307*"
 315      D4C56E38 
 315      20856D07 
 315      C9D7E16D 
 315      C72A
 316 0515 EDD9DA62 		.ascii	"\355\331\332bv\002y{q\357\210\033N\246d\257\335\243"
 316      7602797B 
 316      71EF881B 
ARM GAS  C:\Users\mvshv\AppData\Local\Temp\ccgrwSpN.s 			page 25


 316      4EA664AF 
 316      DDA3
 317 0527 62109A41 		.ascii	"b\020\232A\257\3113^}y\321\337\275b|\034\254\000\365"
 317      AFC9335E 
 317      7D79D1DF 
 317      BD627C1C 
 317      AC00F5
 318 053a B8BC28AB 		.ascii	"\270\274(\2539F\314\232\212\232a\336^\201Y\232,L\266"
 318      3946CC9A 
 318      8A9A61DE 
 318      5E81599A 
 318      2C4CB6
 319 054d 4EB8CB74 		.ascii	"N\270\313t\362\326\220_\315^\262\272\230\353\2131,\310"
 319      F2D6905F 
 319      CD5EB2BA 
 319      98EB8B31 
 319      2CC8
 320 055f F16C5178 		.ascii	"\361lQx&\347?\265\341\223.FK%>\321\337\256\256_o\245"
 320      26E73FB5 
 320      E1932E46 
 320      4B253ED1 
 320      DFAEAE5F 
 321 0575 B71773F4 		.ascii	"\267\027s\364\307r\372#\205\372J^\375u9\277G\256\376"
 321      C772FA23 
 321      85FA4A5E 
 321      FD7539BF 
 321      47AEFE
 322 0588 590947EF 		.ascii	"Y\011G\357\227\323\3738\365\233\351\016\012@Z\015J\024"
 322      97D3FB38 
 322      F59BE90E 
 322      0A405A0D 
 322      4A14
 323 059a A6A1B502 		.ascii	"\246\241\265\002i$|\262\262\345\013^h\2470\003\025\000"
 323      69247CB2 
 323      B2E50B5E 
 323      68A73003 
 323      1500
 324 05ac F200BB00 		.ascii	"\362\000\273\000Y\200t\300>\300~@6`\035`;`\003`\013"
 324      598074C0 
 324      3EC07E40 
 324      36601D60 
 324      3B600360 
 325 05c1 601B2017 		.ascii	"`\033 \027\260\031p\004p\000\260\033p\020\260\025\260"
 325      B0197004 
 325      7000B01B 
 325      7010B015 
 325      B0
 326 05d2 17B003B0 		.ascii	"\027\260\003\260\011\260\021\220\002H\005|\007H\003"
 326      09B01190 
 326      0248057C 
 326      074803
 327 05e1 6400D603 		.ascii	"d\000\326\003\222\0009\200C\200=\200\243\200\303\200"
 327      92003980 
 327      43803D80 
 327      A380C380 
 328 05f1 4C6106DD 		.ascii	"La\006\335\312$w\371h\336\223\273;\242\034\334Rnp{\325"
 328      CA2477F9 
ARM GAS  C:\Users\mvshv\AppData\Local\Temp\ccgrwSpN.s 			page 26


 328      68DE93BB 
 328      3BA21CDC 
 328      526E707B 
 329 0606 A3C947BF 		.ascii	"\243\311G\277\227\327\377P\316\277/\217~/\037\375[r"
 329      97D7FF50 
 329      CEBF2F8F 
 329      7E2F1FFD 
 329      5B72
 330 0618 FA4D39BD 		.ascii	"\372M9\275\205\037\333n9\275\213\247\023\343\007\371"
 330      851FDB6E 
 330      39BD8BA7 
 330      13E307F9 
 331 0628 CC7CA06E 		.ascii	"\314|\240n\014o|\013o\374\023\365T\343\254\031\345\215"
 331      0C6F7C0B 
 331      6FFC13F5 
 331      54E3AC19 
 331      E58D
 332 063a BFA19E3A 		.ascii	"\277\241\236:\274\257\274\361\235r\372U9}\360\024G\027"
 332      BCAFBCF1 
 332      9D72FA55 
 332      397DF014 
 332      4717
 333 064c 05197D5C 		.ascii	"\005\031}\\\231\367<?A\316\367\221\317*\236\035'g\307"
 333      99F73C3F 
 333      41CEF791 
 333      CF2A9E1D 
 333      2767C7
 334 065f 0A8AD0F0 		.ascii	"\012\212\320\360\276\016\311\215\037TD\236O\233\016"
 334      BE0EC98D 
 334      1F54449E 
 334      4F9B0E
 335 066e 755F6DD4 		.ascii	"u_m\324\227q\352/\312\371-\212\330\360\364o\345\326"
 335      9771EA2F 
 335      CAF92D8A 
 335      D8F0F46F 
 335      E5D6
 336 0680 5F50A86F 		.ascii	"_P\250o\347C\177M=o\370\254\037,\341\314\037POK\233"
 336      E7437F4D 
 336      3D6FF8AC 
 336      1F2CE1CC 
 336      1F504F4B 
 337 0695 258D8FE6 		.ascii	"%\215\217\346K9\177L\221\011<=F}h9z%\237\226\317\325"
 337      4B397F4C 
 337      91093C3D 
 337      467D6839 
 337      7A259F96 
 338 06ab 17587E45 		.ascii	"\027X~E\343\265\277P7\306f\212\363\316\016\313\371w"
 338      E3B5BF50 
 338      37C6668A 
 338      F3CE0ECB 
 338      F977
 339 06bd 9489C607 		.ascii	"\224\211\306\007\377\0079\277M1Kx\353G\325W\034>1\371"
 339      FF0739BF 
 339      4D314B78 
 339      EB47D557 
 339      1C3E31F9 
 340 06d1 44BBAD9E 		.ascii	"D\273\255\236h6\231\303{\033\257\236\310T=;\341>:\202"
ARM GAS  C:\Users\mvshv\AppData\Local\Temp\ccgrwSpN.s 			page 27


 340      683699C3 
 340      7B1BAF9E 
 340      C8543D3B 
 340      E13E3A82 
 341 06e5 D3447112 		.ascii	"\323Dq\022ai\244\323\255f\"\022\215e8\367\204(~kOCq"
 341      6169A4D3 
 341      AD662212 
 341      8D6538F7 
 341      84287E6B 
 342 06fc 49DD359B 		.ascii	"I\3355\233\325\216\017E\223\234\177A1\220\274ow\325"
 342      D58E0F45 
 342      939C7F41 
 342      3190BC6F 
 342      77D5
 343 070e 23CDD1EB 		.ascii	"#\315\321\353y\327\326\250\316h~\034\333\313\270qlU"
 343      79D7D6A8 
 343      CE687E1C 
 343      DBCBB871 
 343      6C55
 344 0720 9F438C0F 		.ascii	"\237C\214\017\347\204\207\371\371\235\316\270\236\236"
 344      E78487F9 
 344      F99DCEB8 
 344      9E9E
 345 072e 1384D694 		.ascii	"\023\204\326\224\376|g4\331Ku\207C'`c\373\177\331\344"
 345      FE7C6734 
 345      D94B7587 
 345      43276063 
 345      FB7FD9E4 
 346 0742 A4412EC3 		.ascii	"\244A.\303q\340\004:\016V\037\023&\336b\310\230S\347"
 346      71E0043A 
 346      0E561F13 
 346      26DE62C8 
 346      9853E7
 347 0755 B37B6BB2 		.ascii	"\263{k\262\235\\\222&\336\215(\321\372frRp\241\357~"
 347      9D5C9226 
 347      DE8D28D1 
 347      FA667252 
 347      70A1EF7E 
 348 0769 7027E7E7 		.ascii	"p'\347\347\261\347in<\231\274*Z\311\205\022\271\220"
 348      B1E7696E 
 348      3C99BC2A 
 348      5AC98512 
 348      B990
 349 077b 92CB9F14 		.ascii	"\222\313\237\024&\273\343K\354\254VQ;\224\341\200;\230"
 349      26BBE34B 
 349      ECAC5651 
 349      3B94E180 
 349      3B98
 350 078d 90919B74 		.ascii	"\220\221\233t\321\035\3672!\345d\377~W<\300\204\363"
 350      D11DF732 
 350      21E564FF 
 350      7E573CC0 
 350      84F3
 351 079f DFF6DC74 		.ascii	"\337\366\334t\300\303L\310\335~s\017\302\017\230\220"
 351      C0C34CC8 
 351      DD7E730F 
 351      C20F9890 
ARM GAS  C:\Users\mvshv\AppData\Local\Temp\ccgrwSpN.s 			page 28


 352 07af 983E9AED 		.ascii	"\230>\232\355\200\2371\241\367Na\234\013\026\035\250"
 352      809F31A1 
 352      F74E619C 
 352      0B161DA8 
 353 07bf B069F040 		.ascii	"\260i\360@\273\003N`\302\355+\225\345vx=\023"
 353      BB034E60 
 353      C2ED2B95 
 353      E576783D 
 353      13
 354 07d0 AE67EF28 		.ascii	"\256g\357(\023p\012\023\216]K\315\320\341\035LH\355"
 354      13700A13 
 354      8E5D4BCD 
 354      D0E11D4C 
 354      48ED
 355 07e2 693EA4C5 		.ascii	"i>\244\305\031L(\032?\366\310\001g1!\343nY\247;>\310"
 355      194C281A 
 355      3FF6C801 
 355      673121E3 
 355      6E59A73B 
 356 07f8 84E1CA94 		.ascii	"\204\341\312\224P\\\300\312\017\033;z\020.fB\336`b!"
 356      505CC0CA 
 356      0F1B3B7A 
 356      102E6642 
 356      DE606221 
 357 080c C6A7A5E7 		.ascii	"\306\247\245\347K+/kq\205\324\315\361\321*{|\226\011"
 357      4B2B2F6B 
 357      7185D4CD 
 357      F1D12A7B 
 357      7C9609
 358 081f DD2929F0 		.ascii	"\335))\360\322T\307\204\213\305m\211\316\270\201\011"
 358      D254C784 
 358      8BC56D89 
 358      CEB88109 
 359 082f 89478FEE 		.ascii	"\211G\217\356p\306\315L\350\313\356\313tb\007W\321\236"
 359      70C6CD4C 
 359      E8CBEECB 
 359      74620757 
 359      D19E
 360 0841 B85710BB 		.ascii	"\270W\020\273G\213\333h\343\353\355%\255C\002R;\253"
 360      478BDB68 
 360      E3EBED25 
 360      AD430252 
 360      3BAB
 361 0853 4EA6C755 		.ascii	"N\246\307U6?\272r-\323\225L\220\357a\240\373^1\367\245"
 361      363FBA72 
 361      2DD3954C 
 361      90EF61A0 
 361      FB5E31F7 
 362 0868 F974909B 		.ascii	"\371t\220\233Og\345t\305:Z\231\307\321\317\310\351#"
 362      4F67E574 
 362      C53A5A99 
 362      C7D1CFC8 
 362      E923
 363 087a 8AC56094 		.ascii	"\212\305`\224\347\237\222\363\225\233FK.\307?/\347\373"
 363      E79F92F3 
 363      959B464B 
 363      2EC73F2F 
ARM GAS  C:\Users\mvshv\AppData\Local\Temp\ccgrwSpN.s 			page 29


 363      E7FB
 364 088c C8E9CF78 		.ascii	"\310\351\317x\365Er\272\342\264Q\231\317\321/\250\323"
 364      F54572BA 
 364      E2B45199 
 364      CFD12FA8 
 364      D3
 365 089d 79F5F5BC 		.ascii	"y\365\365\2745\015\252\326\360;\030\037\312J9[y(\037"
 365      350DAAD6 
 365      F03B181F 
 365      CA4A395B 
 365      79281F
 366 08b0 E4F91572 		.ascii	"\344\371\025r\276\342X\330\302\323\253\325G\312&\364"
 366      BEE258D8 
 366      C2D3ABD5 
 366      47CA26F4 
 367 08c0 BCF1B572 		.ascii	"\274\361\265r\276\362\254\324\313\363\353\325\023\207"
 367      BEF2ACD4 
 367      CBF3EBD5 
 367      1387
 368 08ce 5F5A6B0E 		.ascii	"_Zk\016\342]\326\215\241F\376\300\230\242\203\033y|"
 368      E25DD68D 
 368      A146FEC0 
 368      98A2831B 
 368      797C
 369 08e0 6A96C81F 		.ascii	"j\226\310\037Pnc\203\374\350\026\253'\017\277\307\363"
 369      506E6383 
 369      FCE816AB 
 369      270FBFC7 
 369      F3
 370 08f1 0E9C53B7 		.ascii	"\016\234S\267\207\317|^\373i9]\261\361\264\360\3642"
 370      87CF7C5E 
 370      FB69395D 
 370      B1F1B4F0 
 370      F432
 371 0903 75BACDF1 		.ascii	"u\272\315\361\212\347\227\252;\253W\274B5\302\006\303"
 371      8AE797AA 
 371      3BAB57BC 
 371      4235C206 
 371      C3
 372 0914 5E20FAA4 		.ascii	"^ \372\244\335\345&\354.?\300j~\021\320\004\350\000"
 372      DDE526EC 
 372      2E3FC06A 
 372      7E11D004 
 372      E800
 373 0926 DC025C05 		.ascii	"\334\002\\\005t\003:\001\315\200v\300\000\3402\340\012"
 373      74033A01 
 373      CD8076C0 
 373      00E032E0 
 373      0A
 374 0937 E006A01F 		.ascii	"\340\006\240\037\320\002\350\001\364\002\256\003\272"
 374      D002E801 
 374      F402AE03 
 374      BA
 375 0944 00D700AD 		.ascii	"\000\327\000\255\2006\300%\333W!>\311\312\325\3477\177"
 375      8036C025 
 375      DB57213E 
 375      C9CAD5E7 
ARM GAS  C:\Users\mvshv\AppData\Local\Temp\ccgrwSpN.s 			page 30


 375      377F
 376 0956 8EE1E966 		.ascii	"\216\341\351f\365\024fAa\233\320\313\034v\322\350\223"
 376      F5146641 
 376      619BD0CB 
 376      1C76D2E8 
 376      93
 377 0967 9F34E8D2 		.ascii	"\2374\350\322u\220\317\217*\365\011\304\037x\371\361"
 377      7590CF8F 
 377      2AF509C4 
 377      1F78F9F1 
 378 0977 AE534F70 		.ascii	"\256SOp\275\264\265\247\037\253.w\300W\351J*\2447\254"
 378      BDB4B5A7 
 378      1FAB2E77 
 378      C057E94A 
 378      2AA437AC 
 379 098b 4FB5475E 		.ascii	"O\265G^\223\231M\215\371lc\034\202\247\007\255\033c"
 379      93994D8D 
 379      F96C631C 
 379      82A707AD 
 379      1B63
 380 099d 1FDD1855 		.ascii	"\037\335\030U\007\007\335\2061\371_\217\0178\261eO|"
 380      0707DD86 
 380      31F95F8F 
 380      0F38B165 
 380      4F7C
 381 09af 8333BFEB 		.ascii	"\2033\277\353\016\331l\321w\244]\367\016\335u3r\305"
 381      0ED96CD1 
 381      77A45DF7 
 381      0EDD7533 
 381      72C5
 382 09c1 EB3A7C93 		.ascii	"\353:|\223m,\346S\265wux\230\011\361\207\332ku\370\261"
 382      6D2CE653 
 382      B5777578 
 382      9809F187 
 382      DA6B75F8 
 383 09d6 83CDB7BE 		.ascii	"\203\315\267\276)\322\267\276\312\321\002\313\267\024"
 383      29D2B7BE 
 383      CAD102CB 
 383      B714
 384 09e4 4C36AEE4 		.ascii	"L6\256\344\252qw\362\225Q\224\272\204zk\217\367\005"
 384      AA7177F2 
 384      955194BA 
 384      847A6B8F 
 384      F705
 385 09f6 9D86AC83 		.ascii	"\235\206\254\203hT\240_\030\037&\027,\360H\226B\366"
 385      6854A05F 
 385      181F2617 
 385      2CF04896 
 385      42F6
 386 0a08 9E962E0C 		.ascii	"\236\226.\014\367 hl,\036\010\036\226g\010\371\302\361"
 386      F720686C 
 386      2C1E081E 
 386      966708F9 
 386      C2F1
 387 0a1a 474F60EF 		.ascii	"GO`\357vd\037\375\342\257o\261\303k\231\260\275yg\265"
 387      76641FFD 
 387      E2AF6FB1 
ARM GAS  C:\Users\mvshv\AppData\Local\Temp\ccgrwSpN.s 			page 31


 387      C36B99B0 
 387      BD7967B5 
 388 0a2e 2BDEC804 		.ascii	"+\336\310\004q\264`\263\013\336\316\204\246]c9v8\223"
 388      71B460B3 
 388      0BDECE84 
 388      A65D6339 
 388      763893
 389 0a41 0907BA86 		.ascii	"\011\007\272\206:\334p6\023F\323kn\353\360A&\354<|0"
 389      3ADC7036 
 389      1346D36B 
 389      6EEBF041 
 389      26EC3C7C 
 390 0a56 1EE34392 		.ascii	"\036\343C\222\352\262\230j7|\222\011\325\015\017\216"
 390      EAB2986A 
 390      377C9209 
 390      D50D0F8E 
 391 0a66 B9E11226 		.ascii	"\271\341\022&\364\354\211\355\263\303\025L\250=\222"
 391      F4EC89ED 
 391      B3C3154C 
 391      A83D92
 392 0a75 D225397E 		.ascii	"\322%9~\221~o\273^\225$\375\303 \323\216\250i\271u\025"
 392      917E6FBB 
 392      5E9524FD 
 392      C320D38E 
 392      A869B975 
 393 0a8a E3B3943C 		.ascii	"\343\263\224<\245\350xa\222\016\311\277\027M\236\370"
 393      A5E87861 
 393      920EC9BF 
 393      174D9EF8 
 394 0a9a 62F4E8A5 		.ascii	"b\364\350\245\307\3368\261v&M\315G\220T[\360\277\334"
 394      C7DE38B1 
 394      76264DCD 
 394      4790545B 
 394      F0BFDC
 395 0aad 0AEAFF61 		.ascii	"\012\352\377a\315\344gr\272b\345z\366w\356\325G\316"
 395      CDE46772 
 395      BA62E57A 
 395      F677EED5 
 395      47CE
 396 0abf 56BC290D 		.ascii	"V\274)\015r\272\037\253\233\302ob\337X\331\261X\306"
 396      72BA1FAB 
 396      9BC26F62 
 396      DF58D9B1 
 396      58C6
 397 0ad1 562CB983 		.ascii	"V,\271\203\234%/\344\272m\316\032d\246U~\023C\331\220"
 397      9C252FE4 
 397      BA6DCE1A 
 397      64A6557E 
 397      1343D990 
 398 0ae5 08F49D8A 		.ascii	"\010\364\235\212\260-\351\241\362\345\241\2363eD\256"
 398      B02DE9A1 
 398      F2E5A19E 
 398      336544AE 
 399 0af5 5CB9E0B6 		.ascii	"\\\271\340\266p~>@\2521\264Y\2379\355\303r\355\312\275"
 399      707E3E40 
 399      AA31B459 
 399      9F39EDC3 
ARM GAS  C:\Users\mvshv\AppData\Local\Temp\ccgrwSpN.s 			page 32


 399      72EDCABD 
 400 0b09 6894F374 		.ascii	"h\224\363tL\335S\033c8\355w\325\265s/`\215/<b\310\022"
 400      4CDD531B 
 400      6338ED77 
 400      D5B5732F 
 400      608D2F3C 
 401 0b20 042CE5B2 		.ascii	"\004,\345\262\370\222\317\245\207r]\212cB;\027\206\247"
 401      F892CFA5 
 401      87725D8A 
 401      63423B17 
 401      86A7
 402 0b32 72B6F23C 		.ascii	"r\266\362<\307\261\023\324SI\345C_\014\236\206DL\032"
 402      C7B113D4 
 402      5349E543 
 402      5F0C9E86 
 402      444C1A
 403 0b45 099FAC82 		.ascii	"\011\237\254\202\233\260\027\254\036\360N\003H\004l"
 403      9BB017AC 
 403      1EF04E03 
 403      48046C
 404 0b54 00AC01A4 		.ascii	"\000\254\001\244\000\342\001\353\000\233\001\251\200"
 404      00E201EB 
 404      009B01A9 
 404      80
 405 0b61 04401C20 		.ascii	"\004@\034 \031\360- \011\260\021\260\036\260\026\363"
 405      19F02D20 
 405      09B011B0 
 405      1EB016F3 
 406 0b71 BB513B17 		.ascii	"\273Q;\027\364q\271u\212\343\027\347\312\023u\307m\216"
 406      F471B975 
 406      8AE317E7 
 406      CA1375C7 
 406      6D8E
 407 0b83 3B9CEE97 		.ascii	";\234\356\227\252\272'\336\013\023\256\210\227\235\361"
 407      AABA27DE 
 407      0B13AE88 
 407      979DF1
 408 0b92 793AF585 		.ascii	"y:\365\205\314-CO\255\233\307\360\270\275\010KX\032"
 408      CC2D434F 
 408      AD9BC7F0 
 408      B8BD084B 
 408      581A
 409 0ba4 3CBC1D4F 		.ascii	"<\274\035O\354\035d\034_\0212\264\003\"\365\337\212"
 409      EC1D641C 
 409      5F1132B4 
 409      0322F5DF 
 409      8A
 410 0bb5 1AD8DA70 		.ascii	"\032\330\332p\256u\243#\277G\244a~\217H\307l\217 \367"
 410      AE75A323 
 410      BF47A461 
 410      7E8F48C7 
 410      6C8F20F7 
 411 0bc9 D7BF5816 		.ascii	"\327\277X\026\026\030\026\026\034\270|Y\320\227\253"
 411      16181616 
 411      1CB87C59 
 411      D097AB
 412 0bd8 56040647 		.ascii	"V\004\006G\206/\013\215\010\014\215\010\2156x{\373L"
ARM GAS  C:\Users\mvshv\AppData\Local\Temp\ccgrwSpN.s 			page 33


 412      862F0B8D 
 412      080C8D08 
 412      8D36787B 
 412      FB4C
 413 0bea FC4546F9 		.ascii	"\374EF\371\000\323gE\344\312\350(\037\377\245\357\317"
 413      00D36745 
 413      E4CAE828 
 413      1FFFA5EF 
 413      CF
 414 0bfb 32B0DF25 		.ascii	"2\260\337%\263W\257\366\221tx\0079.\374\340#O\243^\257"
 414      B357AFF6 
 414      91747807 
 414      392EFCE0 
 414      234FA35E 
 415 0c10 99F5EF3F 		.ascii	"\231\365\357?\253q\261\230B:\237\024\025\035>\313\020"
 415      AB71B198 
 415      423A9F14 
 415      151D3ECB 
 415      10
 416 0c21 18141619 		.ascii	"\030\024\026\031\364%\255p\010]\371\325b\270\277\375"
 416      F425AD70 
 416      085DF9D5 
 416      62B8BFFD 
 417 0c31 A335330D 		.ascii	"\24353\015\241Q+\275\277\320\350\002\003W\205FD\203"
 417      A1512BBD 
 417      BFD0E802 
 417      03578546 
 417      4483
 418 0c43 1CFD79D0 		.ascii	"\034\375y\320\357\003\202\276\010]\036\032\025\275*"
 418      EF0382BE 
 418      085D1E1A 
 418      15BD2A
 419 0c52 38343220 		.ascii	"842 :22,*\340/\021\253<i\311s\331\312p\317\220\360\345"
 419      3A32322C 
 419      2AE02F11 
 419      AB3C69C9 
 419      73D9CA70 
 420 0c6a 21C1C121 		.ascii	"!\301\301!\301\001s\274gz\032f\352\347|5;\000\352\337"
 420      C10173BC 
 420      677A1A66 
 420      EAE77C35 
 420      3B00EADF 
 421 0c7e 8A888C08 		.ascii	"\212\210\214\010y+d\331\362\320\200\320\210\240\260"
 421      792B64D9 
 421      F2D080D0 
 421      88A0B0
 422 0c8d 55C12101 		.ascii	"U\301!\001\341\313@WDH@`p\310\347\313V\205E\007F\177"
 422      E1CB4057 
 422      44484060 
 422      70C8E7CB 
 422      56854507 
 423 0ca3 BD22240A 		.ascii	"\275\"$\012zt\264\364\367\351\177\264\277\250\257\243"
 423      7A74B4F4 
 423      F7E97FB4 
 423      BFA8AFA3 
 424 0cb3 0202A3A2 		.ascii	"\002\002\243\242\203A9t\342\356\377uTtH\2701re\210\221"
 424      83413974 
ARM GAS  C:\Users\mvshv\AppData\Local\Temp\ccgrwSpN.s 			page 34


 424      E2EEFF75 
 424      547448B8 
 424      31726588 
 425 0cc8 444A3B6F 		.ascii	"DJ;o\276\321\344d\362\365\3675\375\331w\376\034;\243"
 425      BED1E464 
 425      F2F5F735 
 425      FDD977FE 
 425      1C3BA3
 426 0cdb 71B19F55 		.ascii	"q\261\237U~\307i\256\337<\203\377\373\276\037\230tP"
 426      7EC769AE 
 426      DF3C83FF 
 426      FBBE1F98 
 426      7450
 427 0ced D2D392C1 		.ascii	"\322\323\222\301Z\324O0\337v\232\273h\336,ZIJ\206\211"
 427      5AD44F30 
 427      DF769ABB 
 427      68DE2C5A 
 427      494A8689 
 428 0d01 12234EF0 		.ascii	"\022#N\360f;\020\215P\343H\224\020m\226\202U\327,\007"
 428      663B108D 
 428      50E34894 
 428      106D9682 
 428      55D72C07 
 429 0d15 A20BAAC8 		.ascii	"\242\013\252\310\335 \335\365\274\026\372\220\301\344"
 429      DD20DDF5 
 429      BC16FA90 
 429      C1E4
 430 0d23 BFD4440C 		.ascii	"\277\324D\014\324\223\202a\242dU\244w$\212H\035)\030"
 430      D4938261 
 430      A26455A4 
 430      77248A48 
 430      1D2918
 431 0d36 2C05CA9A 		.ascii	",\005\312\232 \315\324\032\027\033M\360\263\200\374"
 431      20CDD41A 
 431      171B4DF0 
 431      B380FC
 432 0d45 F89A9CFD 		.ascii	"\370\232\234\375\226,\361\237\273\330`\\\260\320R\326"
 432      962CF19F 
 432      BBD8605C 
 432      B0D052D6 
 433 0d55 93B20394 		.ascii	"\223\262\003\224\311]K~\354\026\033\375\215&\301h\302"
 433      C95D4B7E 
 433      EC161BFD 
 433      8D26C168 
 433      C2
 434 0d66 467F933C 		.ascii	"F\177\223<\301\202\"\303\303##|BVGCn\311\323+l\366\234"
 434      C18222C3 
 434      C323237C 
 434      42564743 
 434      6EC9D32B 
 435 0d7d 7756AF86 		.ascii	"wV\257\206\221p6\031\215\201Ka\354\347\207|n\347\367"
 435      91703619 
 435      8D814B61 
 435      ECE7877C 
 435      6EE7F7
 436 0d90 91D1B4C8 		.ascii	"\221\321\264\310\316\017\306b!-/\244\345\005\264\274"
 436      CE0FC662 
ARM GAS  C:\Users\mvshv\AppData\Local\Temp\ccgrwSpN.s 			page 35


 436      212D2FA4 
 436      E505B4BC 
 437 0da0 80967D69 		.ascii	"\200\226}i\331\227\226\347\323\362|Z6\322\262\221\226"
 437      D99796E7 
 437      D3F27C5A 
 437      36D2B291 
 437      96
 438 0db1 E7D1F23C 		.ascii	"\347\321\362<Z\236K\313s\035-nb\260\027\373\233\014"
 438      5A9E4BCB 
 438      731D2D6E 
 438      62B017FB 
 438      9B0C
 439 0dc3 003D369A 		.ascii	"\000=6\232f\003f\001\014\000=}`\221\263\337\307&\213"
 439      66036601 
 439      0C003D7D 
 439      6091B3DF 
 439      C7268B
 440 0dd6 41F61F9B 		.ascii	"A\366\037\233\374\014sM\216~F\323\207~\006_K\301\337"
 440      FC0C734D 
 440      8E7E46D3 
 440      877E065F 
 440      4BC1DF
 441 0de9 441AF4F3 		.ascii	"D\032\364\363\330\315\322\256\267\264\353\375M\332\017"
 441      D8CDD2AE 
 441      B7B4EBFD 
 441      4DDA0F
 442 0df8 FD969AB4 		.ascii	"\375\226\232\264\276F\010\216\277\311\001\204?\371~"
 442      BE46088E 
 442      BFC90184 
 442      3FF97E
 443 0e07 62D2921F 		.ascii	"b\322\222\037{\277\371\344\206\347\032\351\323\206y"
 443      7BBFF9E4 
 443      86E71AE9 
 443      D38679
 444 0e16 26D7054B 		.ascii	"&\327\005K\346\372/\262t\371O\206\030\327J"
 444      E6FA2FB2 
 444      74F94F86 
 444      18D74A
 445              		.text
 446              		.section	.gnu.lto_.symtab.fb69f62b,"",%progbits
 447 0000 68616C5F 		.ascii	"hal_lld_init\000"
 447      6C6C645F 
 447      696E6974 
 447      00
 448 000d 00       		.ascii	"\000"
 449 000e 00       		.ascii	"\000"
 450 000f 00       		.ascii	"\000"
 451 0010 00000000 		.ascii	"\000\000\000\000\000\000\000\000"
 451      00000000 
 452 0018 BD000000 		.ascii	"\275\000\000\000"
 453 001c 73746D33 		.ascii	"stm32_clock_init\000"
 453      325F636C 
 453      6F636B5F 
 453      696E6974 
 453      00
 454 002d 00       		.ascii	"\000"
 455 002e 00       		.ascii	"\000"
ARM GAS  C:\Users\mvshv\AppData\Local\Temp\ccgrwSpN.s 			page 36


 456 002f 00       		.ascii	"\000"
 457 0030 00000000 		.ascii	"\000\000\000\000\000\000\000\000"
 457      00000000 
 458 0038 BF000000 		.ascii	"\277\000\000\000"
 459 003c 53797374 		.ascii	"SystemCoreClock\000"
 459      656D436F 
 459      7265436C 
 459      6F636B00 
 460 004c 00       		.ascii	"\000"
 461 004d 00       		.ascii	"\000"
 462 004e 00       		.ascii	"\000"
 463 004f 00000000 		.ascii	"\000\000\000\000\000\000\000\000"
 463      00000000 
 464 0057 CE000000 		.ascii	"\316\000\000\000"
 465 005b 69727149 		.ascii	"irqInit\000"
 465      6E697400 
 466 0063 00       		.ascii	"\000"
 467 0064 02       		.ascii	"\002"
 468 0065 00       		.ascii	"\000"
 469 0066 00000000 		.ascii	"\000\000\000\000\000\000\000\000"
 469      00000000 
 470 006e C1000000 		.ascii	"\301\000\000\000"
 471              		.text
 472              		.section	.gnu.lto_.opts,"",%progbits
 473 0000 272D666D 		.ascii	"'-fmath-errno' '-fsigned-zeros' '-ftrapping-math' '"
 473      6174682D 
 473      6572726E 
 473      6F272027 
 473      2D667369 
 474 0033 2D666E6F 		.ascii	"-fno-trapv' '-fno-openmp' '-fno-openacc' '-mcpu=cor"
 474      2D747261 
 474      70762720 
 474      272D666E 
 474      6F2D6F70 
 475 0066 7465782D 		.ascii	"tex-m4' '-mno-thumb-interwork' '-mthumb' '-O2' '-fo"
 475      6D342720 
 475      272D6D6E 
 475      6F2D7468 
 475      756D622D 
 476 0099 6D69742D 		.ascii	"mit-frame-pointer' '-falign-functions=16' '-ffuncti"
 476      6672616D 
 476      652D706F 
 476      696E7465 
 476      72272027 
 477 00cc 6F6E2D73 		.ascii	"on-sections' '-fdata-sections' '-fno-common' '-flto"
 477      65637469 
 477      6F6E7327 
 477      20272D66 
 477      64617461 
 478 00ff 2700     		.ascii	"'\000"
 479              		.text
 480              		.comm	__gnu_lto_v1,1,1
 481              		.comm	__gnu_lto_slim,1,1
 482              		.ident	"GCC: (GNU Tools for Arm Embedded Processors 7-2017-q4-major) 7.2.1 20170904 (release) [ARM
ARM GAS  C:\Users\mvshv\AppData\Local\Temp\ccgrwSpN.s 			page 37


DEFINED SYMBOLS
                            *ABS*:00000000 hal_lld.c
                            *COM*:00000001 __gnu_lto_v1
                            *COM*:00000001 __gnu_lto_slim

NO UNDEFINED SYMBOLS
