ARM GAS  C:\Users\mvshv\AppData\Local\Temp\ccs9wotP.s 			page 1


   1              		.cpu cortex-m4
   2              		.eabi_attribute 20, 1
   3              		.eabi_attribute 21, 1
   4              		.eabi_attribute 23, 3
   5              		.eabi_attribute 24, 1
   6              		.eabi_attribute 25, 1
   7              		.eabi_attribute 26, 1
   8              		.eabi_attribute 30, 2
   9              		.eabi_attribute 34, 1
  10              		.eabi_attribute 18, 4
  11              		.file	"hal_st_lld.c"
  12              		.section	.gnu.lto_.profile.fb69e234,"",%progbits
  13 0000 789C6363 		.ascii	"x\234cc```\001bF\206\024e\000\001c\000\223"
  13      60606001 
  13      62468614 
  13      65000163 
  13      0093
  14              		.text
  15              		.section	.gnu.lto_.icf.fb69e234,"",%progbits
  16 0000 789C6363 		.ascii	"x\234cc``\340c@\000&\206\377\323o\354bc\3747\247\251"
  16      6060E063 
  16      40002686 
  16      FFD36FEC 
  16      6263FC37 
  17 0016 8F8D0100 		.ascii	"\217\215\001\0000\272\005\366"
  17      30BA05F6 
  18              		.text
  19              		.section	.gnu.lto_.jmpfuncs.fb69e234,"",%progbits
  20 0000 789C6363 		.ascii	"x\234cc``\360e@\000&8\213\221\201\201\205q\0123\343"
  20      6060F065 
  20      40002638 
  20      8B918181 
  20      85710A33 
  21 0015 D39393DB 		.ascii	"\323\223\223\333x\272\231\347030\3120nf\224a`<\300\302"
  21      78BA99E7 
  21      303330CA 
  21      306E6694 
  21      61603CC0 
  22 002a 2803C440 		.ascii	"(\003\304@%@\351\256_\327\3738 \322\034\214[\240\322"
  22      2540E9AE 
  22      5FD7FB38 
  22      20D21C8C 
  22      5BA0D2
  23 003d 1C606906 		.ascii	"\034`i\006\000#\375\016\256"
  23      0023FD0E 
  23      AE
  24              		.text
  25              		.section	.gnu.lto_.inline.fb69e234,"",%progbits
  26 0000 789C6363 		.ascii	"x\234cc``\360c@\000&\006\006\001\003F\006&\276+\376"
  26      6060F063 
  26      40002606 
  26      06010346 
  26      0626BE2B 
  27 0015 0C6C0BE4 		.ascii	"\014l\013\344\231@b\214\\x\011\006qy\240\006\245\013"
  27      9940628C 
  27      5C780906 
  27      7179A006 
ARM GAS  C:\Users\mvshv\AppData\Local\Temp\ccs9wotP.s 			page 2


  27      A50B
  28 0027 9D4C701D 		.ascii	"\235Lp\035\314<`\223\030\000\360\364\005c"
  28      CC3C6093 
  28      1800F0F4 
  28      0563
  29              		.text
  30              		.section	.gnu.lto_.pureconst.fb69e234,"",%progbits
  31 0000 789C6363 		.ascii	"x\234cc```\003b&\206]\214\214R\000\003\261\000\345"
  31      60606003 
  31      6226865D 
  31      8C8C5200 
  31      03B100E5 
  32              		.text
  33              		.section	.gnu.lto_VectorB0.fb69e234,"",%progbits
  34 0000 789C9554 		.ascii	"x\234\225TklSe\030~\337\363\235\336wA~\031\262\304\316"
  34      6B6C5365 
  34      187EDFF3 
  34      9DDE7741 
  34      7E19B2C4 
  35 0015 B81F8BCB 		.ascii	"\270\037\213\313\016 A\377\230h\346\237%41\214\377\013"
  35      0E2041FF 
  35      9868E69F 
  35      2534318C 
  35      FF0B
  36 0027 96CA9AB4 		.ascii	"\226\312\232\264\224\264\203\300\257\235]\260TY\364"
  36      94B483C0 
  36      AF9D5DB0 
  36      5459F4
  37 0036 87747374 		.ascii	"\207tst\266^\301\304\301\034S\354\220\255n\214\253l"
  37      B65EC1C4 
  37      C11C53EC 
  37      90AD6E8C 
  37      AB6C
  38 0048 63C2D44D 		.ascii	"c\302\324Mdc\331\004]\010(q^\240\363}O\317\272\365\022"
  38      6463D904 
  38      5D082871 
  38      5EA0F37D 
  38      4FCFBAF5 
  39 005d 134FDAAF 		.ascii	"\023O\332\257\347\373\336\347\275<\317\367\2765\002"
  39      E7FBDEE7 
  39      BD3CCFF7 
  39      BE3502
  40 006c 80640478 		.ascii	"\200d\004x\014\0016\321;\032\000\245\267F\000\032\315"
  40      0C0136D1 
  40      3B1A00A5 
  40      B746001A 
  40      CD
  41 007d 9224C64A 		.ascii	"\222$\306J@\265\312\211\015\240\026\010\224S\3072\""
  41      40B5CA89 
  41      0DA01608 
  41      9453C732 
  41      22
  42 008e BFA86684 		.ascii	"\277\250f\204\006I\310\330\200\207\304\333\002\007\203"
  42      0649C8D8 
  42      8087C4DB 
  42      020783
  43 009d F371A9FC 		.ascii	"\363q\251\374\250JO\242\355\357\342F\365\300\343\021"
ARM GAS  C:\Users\mvshv\AppData\Local\Temp\ccs9wotP.s 			page 3


  43      A84A4FA2 
  43      EDEFE246 
  43      F5C0E311 
  44 00ad 0110A62F 		.ascii	"\001\020\246/?x\022\313\201`\267>K\036.4\312\251s\354"
  44      3F7812CB 
  44      8160B73E 
  44      4B1E2E34 
  44      CAA973EC 
  45 00c1 45A3943E 		.ascii	"E\243\224>l\321|\223\027\254\332yX d\231F\217>\335n"
  45      6CD17C93 
  45      17ACDA79 
  45      58206499 
  45      468F3EDD 
  46 00d6 04FC9C8D 		.ascii	"\004\374\234\215\322\352`\370\005\032\361\024\032\263"
  46      D2EA60F8 
  46      051AF114 
  46      1AB3
  47 00e4 1D668F54 		.ascii	"\035f\217T\270\201\015a!\262m\377D+\242\002\360K6\312"
  47      B8810D61 
  47      21B26DFF 
  47      442BA202 
  47      F04B36CA 
  48 00f8 6CBCDAD2 		.ascii	"l\274\332\322\035\021o\210\210@\224i{\377J\307l\021"
  48      1D116F88 
  48      88409469 
  48      7BFF4AC7 
  48      6C11
  49 010a 6F25B4D3 		.ascii	"o%\264\323\366\243K\343\0036\321\215ZQ\237\034\177\257"
  49      F6A34BE3 
  49      0336D18D 
  49      5A519F1C 
  49      7FAF
  50 011c BDA0EC03 		.ascii	"\275\240\354\003UmR\023\023\035\342\323^U\015\275\020"
  50      556D5213 
  50      131DE2D3 
  50      5E550DBD 
  50      10
  51 012d 1102BF42 		.ascii	"\021\002\277BA\304\3604\226`\037\226h\304\263\322N\034"
  51      41C4F034 
  51      96601F96 
  51      68C4B3D2 
  51      4E1C
  52 013f 21D8192C 		.ascii	"!\330\031,\003\214sfC\006\215~\2421@4x\311\362k\353"
  52      038C7366 
  52      43068D7E 
  52      A2314034 
  52      78C9F26B 
  53 0154 596BD075 		.ascii	"Yk\320u\311\2419\032\334\310\272$\330h\312\010\3705"
  53      C9A1391A 
  53      DCC8BA24 
  53      D868CA08 
  53      F835
  54 0166 051CCCA7 		.ascii	"\005\034\314\247\313S\036`CX\230suy\356\030Q\030b\243"
  54      CB531E60 
  54      43589873 
  54      7579EE18 
  54      511862A3 
ARM GAS  C:\Users\mvshv\AppData\Local\Temp\ccs9wotP.s 			page 4


  55 017a 25876CE7 		.ascii	"%\207l\347\377\"{\267\223`\303L\366l.\331sT\333y&K\013"
  55      FF227BB7 
  55      9360C34C 
  55      F66C2ED9 
  55      7354DB79 
  56 0191 351F9C18 		.ascii	"5\037\234\0307$\324\344R\220\270\256\033xx\273\263\274"
  56      3724D4E4 
  56      5290B8AE 
  56      1B7878BB 
  56      B3BC
  57 01a3 08212264 		.ascii	"\010!\"d\211\027\200\203\324/\324vj\002Bt\367\364\326"
  57      89178083 
  57      D42FD476 
  57      6A024274 
  57      F7F4D6
  58 01b6 9C80056C 		.ascii	"\234\200\005l\216-E\005\253\302\221\343\361\205)S\303"
  58      8E2D4505 
  58      ABC291E3 
  58      F1852953 
  58      C3
  59 01c7 23D51C11 		.ascii	"#\325\034\021\206\260\260R{]\300\006\3626\302/8\330"
  59      86B0B052 
  59      7B5DC006 
  59      F236C22F 
  59      38D8
  60 01d9 77E750C8 		.ascii	"w\347P\310\306\310\016\201\204\015\037\030\0345\361"
  60      C6C80E81 
  60      840D1F18 
  60      1C35F1
  61 01e8 ED9AB40B 		.ascii	"\355\232\264\013\035\351Z\274gMm\271p\276\377X\347\317"
  61      1DE95ABC 
  61      674D6DB9 
  61      70BEFF58 
  61      E7CF
  62 01fa 9618BEDB 		.ascii	"\226\030\276\333H[{D\230\361\022\321\274\3104\311\026"
  62      485B7B44 
  62      98F112D1 
  62      BCC834C9 
  62      16
  63 020b 9CBF3C56 		.ascii	"\234\277<V\244t\251-\215l\263\340e\214\341a\255\321"
  63      A474A92D 
  63      8D6CB3E0 
  63      658CE161 
  63      ADD1
  64 021d F11B5428 		.ascii	"\361\033T(]\363\303\327\3361\245\262I\251\204\303K\213"
  64      5DF3C3D7 
  64      DE31A5B2 
  64      49A984C3 
  64      4B8B
  65 022f 8962CE20 		.ascii	"\211b\316 \243\204W(\316\034\266L\015m\3221\0048\261"
  65      A3845728 
  65      CE1CB64C 
  65      0D6DD231 
  65      0438B1
  66 0242 10FFAB30 		.ascii	"\020\377\2530\005\000\034\321\365\014Q\337\216\225\020"
  66      05001CD1 
  66      F50C51DF 
ARM GAS  C:\Users\mvshv\AppData\Local\Temp\ccs9wotP.s 			page 5


  66      8E9510
  67 0251 5562F0E0 		.ascii	"Ub\360\340v\353E\215Afq\261\217Y\246\377\256ot\245\276"
  67      76EB458D 
  67      416671B1 
  67      8F59A6FF 
  67      AE6F74A5 
  68 0266 315456D3 		.ascii	"1TV\323\267P\262\253\3445\217\022p[\262\363\035\365"
  68      B750B2AB 
  68      E4358F12 
  68      705BB2F3 
  68      1DF5
  69 0278 8CCC3681 		.ascii	"\214\3146\201v\034'\333\257\330tk\266\255\367&r[\022"
  69      761C27DB 
  69      AFD8746B 
  69      B6ADF726 
  69      725B12
  70 028b 1EFE6042 		.ascii	"\036\376`B\357G{\376\264\226\006\245\250\332N9\254\234"
  70      EF477BFE 
  70      B49606A5 
  70      A8DA4E39 
  70      AC9C
  71 029d B66BF6B4 		.ascii	"\266k\366\264j\246\013\003\374\026K\265B\356-\\\233"
  71      6AA60B03 
  71      FC164BB5 
  71      42EE2D5C 
  71      9B
  72 02ae 92E804AF 		.ascii	"\222\350\004\257\241\254\305\002\274\256M\327\261\376"
  72      A1ACC502 
  72      BCAE4DD7 
  72      B1FE
  73 02bc A1B982D2 		.ascii	"\241\271\202\322\327uo\033c\177;\336s\335\246yO\260"
  73      D7756F1B 
  73      637F3BDE 
  73      73DDA679 
  73      4FB0
  74 02ce 377E8732 		.ascii	"7~\2072\225\3254\375\350\315\007\257j\265\001_\370\364"
  74      95D534FD 
  74      E8CD07AF 
  74      6AB5015F 
  74      F8F4
  75 02e0 FDD6BE75 		.ascii	"\375\326\276u\313\263\236y\3436\376\033\000\374^\277"
  75      CBB39E79 
  75      E336FE1B 
  75      00FC5EBF 
  76 02f0 7406CF9D 		.ascii	"t\006\317\235<\2253H\335\351A*\310\350\307\037\210\334"
  76      3C953348 
  76      DDE9412A 
  76      C8E8C71F 
  76      88DC
  77 0302 240798CC 		.ascii	"$\007\230\314\027\274\220\355\200S\253\202\377\336\232"
  77      17BC90ED 
  77      8053AB82 
  77      FFDE9A
  78 0311 9CC4E5F1 		.ascii	"\234\304\345\361\312D\027\361\344\001\376\250\2435u"
  78      CA4417F1 
  78      E401FEA8 
  78      A33575
ARM GAS  C:\Users\mvshv\AppData\Local\Temp\ccs9wotP.s 			page 6


  79 0320 873575D3 		.ascii	"\2075u\323\312\323\337\033\336\320\325\235i\353}\"5"
  79      CAD3DF1B 
  79      DED0D59D 
  79      69EB7D22 
  79      35
  80 0331 06BAB8C9 		.ascii	"\006\272\270\311\350L\277mY\267\033\232n?i\272e\213"
  80      E84CBF6D 
  80      59B71B9A 
  80      6E3F69BA 
  80      658B
  81 0343 74332D52 		.ascii	"t3-R\337N-E\252k\344\225\011\231\016E,\371'\244\230"
  81      DF4E2D45 
  81      AA6BE495 
  81      09990E45 
  81      2CF927A4 
  82 0358 FCA757F8 		.ascii	"\374\247W\370\330\363\243\326\020jFG\335\305\246\330"
  82      D8F3A3D6 
  82      106A4647 
  82      DDC5A6D8 
  83 0368 E287A801 		.ascii	"\342\207\250\001\3719H$(\021\225\263\271\262RI\177|"
  83      F9394824 
  83      281195B3 
  83      B9B25249 
  83      7F7C
  84 037a 01A56EBB 		.ascii	"\001\245n\273G\331\355\363\327\007\224\232m\216g6*["
  84      47D9EDF3 
  84      D707949A 
  84      6D8E6736 
  84      2A5B
  85 038c B6BCA46C 		.ascii	"\266\274\244l\253v\354\335\300\226\332@}\255\307\263"
  85      AB76ECDD 
  85      C096DA40 
  85      7DADC7B3 
  86 039c A3D2094F 		.ascii	"\243\322\011O\346q\363\005h\361\327k\277\225u9\020\262"
  86      E671F305 
  86      68F1D76B 
  86      BF957539 
  86      10B2
  87 03ae B877393D 		.ascii	"\270w9={v\270\024g]`\177\200 \353\263 N\237\327\353"
  87      7B76B814 
  87      675D607F 
  87      8020EBB3 
  87      204E9FD7 
  88 03c3 DBA5E77F 		.ascii	"\333\245\347\177q\253\243\312\261\217\260N\237\337U"
  88      71ABA3CA 
  88      B18FB04E 
  88      9FDF55
  89 03d2 BBF7592F 		.ascii	"\273\367Y/9\230^\331\036p\275\354w?\237\337\321\265"
  89      39985ED9 
  89      1E70BDEC 
  89      773F9FDF 
  89      D1B5
  90 03e4 AF9EDD94 		.ascii	"\257\236\335\224*GMu\215RE~J\365rJo\300\035\250\335"
  90      2A474D75 
  90      8D52457E 
  90      4AF5724A 
  90      6FC01DA8 
ARM GAS  C:\Users\mvshv\AppData\Local\Temp\ccs9wotP.s 			page 7


  91 03f9 E9745294 		.ascii	"\351tR\2245\216\232\255v\216\264\333\357\256\260\227"
  91      358E9AAD 
  91      768EB4DB 
  91      EFAEB097 
  92 0409 AD07C90F 		.ascii	"\255\007\311\017&\257\313\353\363\357\207\177\001\031"
  92      26AFCBEB 
  92      F3EF877F 
  92      0119
  93 0417 DF4BC4   		.ascii	"\337K\304"
  94              		.text
  95              		.section	.gnu.lto_st_lld_init.fb69e234,"",%progbits
  96 0000 789CA595 		.ascii	"x\234\245\225KL\023A\030\200\347\337\331\266\333\005"
  96      4B4C1341 
  96      1880E7DF 
  96      D9B6DB05 
  97 0010 21311E4C 		.ascii	"!1\036L\354\301+\036\330\240\21111\361\344\305\004N"
  97      ECC12B1E 
  97      D8A08931 
  97      31F1E4C5 
  97      044E
  98 0022 7035C4E8 		.ascii	"p5\304\350A\223&\030!\036\355\362j\013\022CT0\321\325"
  98      41932618 
  98      211EEDF2 
  98      6A0B1243 
  98      5430D1D5 
  99 0036 6CA29170 		.ascii	"l\242\221p \265<\304\"\312RQ\344U\020\221WQ\022\023"
  99      20B53CC4 
  99      22CA5251 
  99      E4551091 
  99      57511213 
 100 004a 11051F31 		.ascii	"\021\005\0371$\032\015\340\377\317\226\226\340\251u"
 100      241A0DE0 
 100      FFCF9696 
 100      E0A975
 101 0059 D29DEECE 		.ascii	"\322\235\356\316\314~\337\377Og\246N\306\330Q'cG\360"
 101      CC7EDFFF 
 101      4F67A64E 
 101      C6D85127 
 101      6347F0
 102 006c 7B1F5EC0 		.ascii	"{\037^\300\031H\2151\306*\025\011\200nt\005\230O\002"
 102      19488D31 
 102      C62A1509 
 102      806E7405 
 102      984F02
 103 007f 1F34F0EB 		.ascii	"\0374\360\353\034\242\201\245\210\224\327\242c\261n"
 103      1CA281A5 
 103      8894D7A2 
 103      63B16E
 104 008e FCD8EDD7 		.ascii	"\374\330\355\327k\367\032\234\261f\274\250@\007\344"
 104      6BF71A9C 
 104      B166BCA8 
 104      4007E4
 105 009d 311CF63E 		.ascii	"1\034\366>\274\321\264\313)\333\355\320\011N\006x\023"
 105      BCD1B4CB 
 105      29DBEDD0 
 105      094E0678 
 105      13
ARM GAS  C:\Users\mvshv\AppData\Local\Temp\ccs9wotP.s 			page 8


 106 00ae 9A7458FA 		.ascii	"\232tX\372\306f@\267\006\356\302z\361\036`\006\007\211"
 106      C66640B7 
 106      06EEC27A 
 106      F11E6006 
 106      0789
 107 00c0 2A4E954C 		.ascii	"*N\225L\225\233*\225*\306\202\3706\206\240[\254\216"
 107      959B2A95 
 107      2AC682F8 
 107      3686A05B 
 107      AC8E
 108 00d2 4B74576D 		.ascii	"KtWm\261\317\020\355\371\324w\216\23079\240\252\271"
 108      B1CF10ED 
 108      F9D4778E 
 108      983739A0 
 108      AAB9
 109 00e4 363AEEBA 		.ascii	"6:\356\272\314\015.\001\231\343\241\261\025\305~\324"
 109      CC0D2E01 
 109      99E3A1B1 
 109      15C57ED4 
 110 00f4 CDA02E63 		.ascii	"\315\240.c\323\275P\370\026\230p\247\022\203\336op\016"
 110      D3BD50F8 
 110      169870A7 
 110      1283DE6F 
 110      700E
 111 0106 0FC1035D 		.ascii	"\017\301\003]\340a4\376j\307\324I\255M\257\001\203\313"
 111      E06134FE 
 111      6AC7D449 
 111      AD4DAF01 
 111      83CB
 112 0118 D08DC39A 		.ascii	"\320\215\303\232D*\360\0104tU\377\362\203\255\222l["
 112      442AF008 
 112      347455FF 
 112      F283AD92 
 112      6C5B
 113 012a E7C0A05F 		.ascii	"\347\300\240_\340\001K\004\031\030\317T\275\030\223"
 113      E0014B04 
 113      1918CF54 
 113      BD1893
 114 0139 96A92765 		.ascii	"\226\251'ez\014\032\342Ebn\333\305\323B\365\012\024"
 114      7A0C1AE2 
 114      45626EDB 
 114      C5D342F5 
 114      0A14
 115 014b CD2F3CD9 		.ascii	"\315/<\331\021\264\214\254\377\211\362i\012\335GQ\312"
 115      11B48CAC 
 115      FF89F269 
 115      0ADD4751 
 115      CA
 116 015c 22CAD6E1 		.ascii	"\"\312\326\341D\234\356\355\323\357\020\323__\335\337"
 116      449CEEED 
 116      D3EF10D3 
 116      5F5FDDDF 
 117 016c AED88FBA 		.ascii	"\256\330\217\272\325\250\347`\323\334\227\232pVJ\347"
 117      D5A8E760 
 117      D3DC979A 
 117      70564AE7 
 118 017c 847ED459 		.ascii	"\204~\324Y\011]\317jk\2673\351\213\012\237D\276g;RQ"
ARM GAS  C:\Users\mvshv\AppData\Local\Temp\ccs9wotP.s 			page 9


 118      095DCF6A 
 118      6BB733E9 
 118      8B0A9F44 
 118      BE673B52 
 119 0191 51F76F2A 		.ascii	"Q\367o*i\260\007R\354\347\224\213J\244\265\345\261\272"
 119      69B00752 
 119      ECE7948B 
 119      4AA4B5E5 
 119      B1BA
 120 01a3 9C042B99 		.ascii	"\234\004+\231\211Kd\022k\373\371]\265\037i\265\323B"
 120      894B6412 
 120      6BFBF95D 
 120      B51F69B5 
 120      D342
 121 01b5 326F7F74 		.ascii	"2o\177t'd\346%\\\242\012\014\242\356EB\027X\032\231"
 121      2764E625 
 121      5CA20A0C 
 121      A2EE4542 
 121      17581A99 
 122 01c9 C8215D25 		.ascii	"\310!]%\205\"\303K!\024\033`\0104\034\260\324\362m1"
 122      8522C34B 
 122      21141B60 
 122      08341CB0 
 122      D4F26D31 
 123 01dd 978832F4 		.ascii	"\227\2102\364\035\203a;\227\265\345X2\202\364\370#\202"
 123      1D83613B 
 123      97B5E558 
 123      3282F4F8 
 123      2382
 124 01ef 2F137F54 		.ascii	"/\023\177T\360Wz\037\314:l\376&\226\\\030\333R\214g"
 124      F0577A1F 
 124      CC3A6CFE 
 124      26965C18 
 124      DB528C67 
 125 0203 A8880985 		.ascii	"\250\210\011\205\203\024\343B\221\234#\031\030Ll\341"
 125      8314E342 
 125      919C2319 
 125      184C6CE1 
 126 0213 6733C2BB 		.ascii	"g3\302\273\341\225\300\343\351C\235VCU\253\253 D\235"
 126      E195C0E3 
 126      E9439D56 
 126      4355ABAB 
 126      20449D
 127 0226 66BBF8C5 		.ascii	"f\273\370\305&A\203\003\036\261G^CAJ7\227a6SB\347\""
 127      26418303 
 127      1EB1475E 
 127      43414A37 
 127      97613653 
 128 023d DE1B4427 		.ascii	"\336\033D'y\363\031\362\246\005O!\336\314v^<C\336\254"
 128      79F319F2 
 128      A6054F21 
 128      DECC765E 
 128      3C43DEAC 
 129 0251 E0B98937 		.ascii	"\340\271\2117'f\273+0\032V\355\331\006\230\337\302/"
 129      2766BB2B 
 129      301A56ED 
 129      D90698DF 
ARM GAS  C:\Users\mvshv\AppData\Local\Temp\ccs9wotP.s 			page 10


 129      C22F
 130 0263 64888F0B 		.ascii	"d\210\217\013\274J\370\005\014\227x\253Pkn\336\347\342"
 130      BC4AF805 
 130      0C9778AB 
 130      506B6EDE 
 130      E7E2
 131 0275 80C63722 		.ascii	"\200\3067\"\221\325\270\313\267\256+\006W\233i\333\303"
 131      91D5B8CB 
 131      B7AE2B06 
 131      579B69DB 
 131      C3
 132 0286 5BF051C7 		.ascii	"[\360Q\307\207\241k\376l\012$\013\371\357\300C\033\375"
 132      87A16BFE 
 132      6C0A240B 
 132      F9EFC043 
 132      1BFD
 133 0298 F7CC15C5 		.ascii	"\367\314\025\305nR`\021<\006\317f_\241\312\374\323\""
 133      6E526011 
 133      3C06CF66 
 133      5FA1CAFC 
 133      D322
 134 02aa F6A6F837 		.ascii	"\366\246\3707\010\"\003Om\334s\207\363\363\265\344\247"
 134      0822034F 
 134      6DDC7387 
 134      F3F3B5E4 
 134      A7
 135 02bb AC5C3B7B 		.ascii	"\254\\;{\312\253\235/\273PQ\256\025\227\024\035:\250"
 135      CAAB9D2F 
 135      BB5051AE 
 135      1597141D 
 135      3AA8
 136 02cd 15161ED7 		.ascii	"\025\026\036\327JN\024],\240\236\322\362\212R\257\367"
 136      4A4E145D 
 136      2CA09ED2 
 136      F28A52AF 
 136      F7
 137 02de 4CFE69F6 		.ascii	"L\376i\366\027\242\356\020^"
 137      17A2EE10 
 137      5E
 138              		.text
 139              		.section	.gnu.lto_.symbol_nodes.fb69e234,"",%progbits
 140 0000 789C55C8 		.ascii	"x\234U\310=\012\302@\020@\341\2673\331Mn\341U\364d\223"
 140      3D0AC240 
 140      1040E1B7 
 140      33D94D6E 
 140      E155F464 
 141 0015 4214AC3C 		.ascii	"B\024\254<D.a\374\207\324v\366\026)\005o \016[9\305"
 141      442E61FC 
 141      87D476F6 
 141      1629056F 
 141      200E5B39 
 142 002a E3C15780 		.ascii	"\343\301W\200\247\207\034\304`\377\000\337\330\257\\"
 142      A7871CC4 
 142      60FF00DF 
 142      D8AF5C
 143 0039 46B11424 		.ascii	"F\261\024$\235\305\244\012\364\375\322\341$\246\001"
 143      9DC5A40A 
ARM GAS  C:\Users\mvshv\AppData\Local\Temp\ccs9wotP.s 			page 11


 143      F4FDD2E1 
 143      24A601
 144 0048 6E624D80 		.ascii	"nbM\200\253X\016p\021+\001\216bm\200\273X\367\017J\313"
 144      AB580E70 
 144      112B018E 
 144      626D80BB 
 144      58F70F4A 
 145 005d F0FA26A5 		.ascii	"\360\372&\2450l>Y\311L\365\015s\2752o\337\013EX\357"
 145      306C3E59 
 145      C94CF50D 
 145      73BD326F 
 145      DF0B4558 
 146 0072 FCA963F2 		.ascii	"\374\251c\362\363\003\011\3165\231"
 146      F30309CE 
 146      3599
 147              		.text
 148              		.section	.gnu.lto_.refs.fb69e234,"",%progbits
 149 0000 789C6363 		.ascii	"x\234cc```\004b\006\000\000D\000\010"
 149      60606004 
 149      62060000 
 149      440008
 150              		.text
 151              		.section	.gnu.lto_.decls.fb69e234,"",%progbits
 152 0000 789CD559 		.ascii	"x\234\325YyPTI\232\257|Y\034\305\245\203F\257\273\341"
 152      79505449 
 152      9AAF7C59 
 152      1CC5A583 
 152      46AFBBE1 
 153 0014 4618AE11 		.ascii	"F\030\256\021\022\2733r\350\264\023\023\273\023\255"
 153      12BB3372 
 153      E8B41313 
 153      BB13AD
 154 0023 25761321 		.ascii	"%v\023!\335FaO\354\316\032Q\203P\255Ds\364\000\366\332"
 154      DD46614F 
 154      ECCE1A51 
 154      8350AD44 
 154      73F400F6 
 155 0038 FFCC3C0E 		.ascii	"\377\314<\016\025P[P<@@\0249\024T<\221K\220B\224SE\345"
 155      15505B50 
 155      3C404014 
 155      3914543C 
 155      914B9042 
 156 0050 52E41015 		.ascii	"R\344\020\025E\345j\016\005e\277\314|\305\313zUttl\354"
 156      45E56A0E 
 156      0565BFCC 
 156      7CC5CB7A 
 156      5574746C 
 157 0065 FEB1157C 		.ascii	"\376\261\025|\365\362\313\367\313_~\371}\337\313\367"
 157      F5F2CBF7 
 157      CB5F7EF9 
 157      7DDFCBF7 
 158 0075 6561AB52 		.ascii	"ea\253R\251\262\226\250T\277\262U\251\202\221J5\003"
 158      A9B296A8 
 158      54BFB255 
 158      A982914A 
 158      3503
 159 0087 1F0C7D37 		.ascii	"\037\014}7@@U\225\253\330G\003r\023\344\026H-H=H#\310"
ARM GAS  C:\Users\mvshv\AppData\Local\Temp\ccs9wotP.s 			page 12


 159      40405595 
 159      ABD84703 
 159      7213E416 
 159      482D483D 
 160 009e 1D907B20 		.ascii	"\035\220{ \367A\332T\226\237=@\342\004\327?\203\270"
 160      F741DA54 
 160      969F3D40 
 160      E204D73F 
 160      83B8
 161 00b0 822C9438 		.ascii	"\202,\2248\227\203\264\203T\203\374#`\026\203tA\373"
 161      9783B483 
 161      5483FC23 
 161      60168374 
 161      41FB
 162 00c2 9FE0EA86 		.ascii	"\237\340\352\206\330\334\032\370\372\2254\357?C\373"
 162      D8DC1AF8 
 162      FA9534EF 
 162      3F43FB
 163 00d1 D7202B40 		.ascii	"\327 +@<@>\005\371\035\310\357A\376\025\344\017\210"
 163      3C403E05 
 163      F91DC8EF 
 163      41FE15E4 
 163      0F88
 164 00e3 D9406CF9 		.ascii	"\331@l\371\0141\273\032%;k\255\330\265\0370\316\222"
 164      0C31BB1A 
 164      253B6BAD 
 164      D8B51F30 
 164      CE92
 165 00f5 5DC49663 		.ascii	"]\304\226c\240\247H6\024\300\365\014\222\355z\003}g"
 165      A0A74836 
 165      14C0F50C 
 165      92ED7A03 
 165      7D67
 166 0107 11B3BB15 		.ascii	"\021\263\273\025\304\021\344\257\240\207\203\234\002"
 166      C411E4AF 
 166      A087839C 
 166      02
 167 0114 F97B1035 		.ascii	"\371{\0205\210\015\210\035\210=Y3\310\337\201\314\003"
 167      880D881D 
 167      883D5933 
 167      C8DF81CC 
 167      03
 168 0125 1124BF59 		.ascii	"\021$\277Y\363O2F\235\267O\347\343=\030-w@\304\373\363"
 168      F34F3246 
 168      9DB74FE7 
 168      E33D182D 
 168      7740C4FB 
 169 013a A0EBFCEB 		.ascii	"\240\353\374\353\342w\316\254\213 ^D%69a\201\266\343"
 169      E277CEAC 
 169      8B205E44 
 169      25363961 
 169      81B6E3
 170 014d E3AB7FB4 		.ascii	"\343\253\177\264_Q \262\217\375\016\025\272\202\260"
 170      5F5120B2 
 170      8FFD0E15 
 170      BA82B0
 171 015c 89AA79FF 		.ascii	"\211\252y\377\310);\274\206\002\357\305\026\246\021"
ARM GAS  C:\Users\mvshv\AppData\Local\Temp\ccs9wotP.s 			page 13


 171      C8293BBC 
 171      8602EFC5 
 171      16A611
 172 016b 5A5707A4 		.ascii	"ZW\007\244\006u\2701\365\251\013\250\013\035\320\222"
 172      0675B831 
 172      F5A90BA8 
 172      0B1DD092 
 173 017b 642C74B5 		.ascii	"d,t\265O=vA\016nq\242\030-f\306\210\232/T\250\030-F"
 173      4F3D7641 
 173      0E6E71A2 
 173      182D66C6 
 173      889A2F54 
 174 0193 D7D06215 		.ascii	"\327\320b\025*End\352\253h\205\012]\206\316K\320\231"
 174      2A456E64 
 174      EAAB6885 
 174      0A5D86CE 
 174      4BD099
 175 01a6 43A6AB7C 		.ascii	"C\246\253|\221\362\207\224\021Q\\\202J\220\003*B\230"
 175      91F28794 
 175      11515C82 
 175      4A90032A 
 175      4298
 176 01b8 62205ACB 		.ascii	"b Z\313\035\230\001\247O%\235\264\305\227\020\261@("
 176      1D9801A7 
 176      4F259DB4 
 176      C59710B1 
 176      4028
 177 01ca 3DF6ECA6 		.ascii	"=\366\354\2460\327\034\327\347\236\343\374\322\232\235"
 177      30D71CD7 
 177      E79EE3FC 
 177      D29A9D
 178 01d9 A228A072 		.ascii	"\242(\240r\230\243L\236\003\246$\027\350\205\211Jn\224"
 178      98A34C9E 
 178      03A62417 
 178      E885894A 
 178      6E94
 179 01eb 573876A1 		.ascii	"W8v\241N\004\316E\363\351\372\021b\337p%B\365\031\323"
 179      4E04CE45 
 179      F3E9FA11 
 179      62DF7025 
 179      42F519D3 
 180 01ff 07B17EE8 		.ascii	"\007\261~\350\025\330E\202\022\3054\004\315\366\010"
 180      15D84582 
 180      12C53404 
 180      CDF608
 181 020e 128760E2 		.ascii	"\022\207`\342\245\177\022\001\342Y\331}6\235\351\303"
 181      A57F1201 
 181      E259D97D 
 181      369DE9C3 
 182 021e 1E1DD6E0 		.ascii	"\036\035\326\340\306\261.A\236\214\033ba\253j\366\366"
 182      C6B12E41 
 182      9E8C1B62 
 182      61AB6AF6 
 182      F6
 183 022f AC51F222 		.ascii	"\254Q\362\"\221\024\356\207\257\367\236s\352FO\340\356"
 183      9114EE87 
 183      AFF79E73 
ARM GAS  C:\Users\mvshv\AppData\Local\Temp\ccs9wotP.s 			page 14


 183      EA464FE0 
 183      EE
 184 0240 7FA85489 		.ascii	"\177\250T\211\366!4\360o\006_\347\272\340\243,]n\316"
 184      F62134F0 
 184      6F065FE7 
 184      BAE0A32C 
 184      5D6ECE
 185 0253 4C54CE63 		.ascii	"LT\316cY \220\004\031jHwdY0\037\324\202\2753\3116\213"
 185      59209004 
 185      196A4877 
 185      6459301F 
 185      D482BD33 
 186 026a 0E13B727 		.ascii	"\016\023\267'\306\210\363\005\364\347O\220\021\202Q"
 186      C688F305 
 186      F4E74F90 
 186      118251
 187 0279 05C150A1 		.ascii	"\005\301P\241j\264\010\276C\325l\262\335\203\357\222"
 187      6AB408BE 
 187      43D56CB2 
 187      DD83EF92 
 188 0289 6C97668A 		.ascii	"l\227f\212\231\335b\345\235\206U\025U\273\304\2730\356"
 188      99DD62E5 
 188      9D865515 
 188      55BBC4BB 
 188      30EE
 189 029b 338A4337 		.ascii	"3\212C7\3448\335 \371\210*Q7B\025\250\013l\273\211\226"
 189      E438DD20 
 189      F9882A51 
 189      374215A8 
 189      0B6CBB89 
 190 02b0 9204DC3B 		.ascii	"\222\004\334;\2309\017\2671\263\356\327=\234\264\221"
 190      98390FB7 
 190      31B3EED7 
 190      3D9CB491 
 191 02c0 C89AEA9D 		.ascii	"\310\232\352\235R\305\312h\221\204\234P\325\310T5J\252"
 191      52C5CA68 
 191      91849C50 
 191      D5C85435 
 191      4AAA
 192 02d2 5B94AA6B 		.ascii	"[\224\252kh\364\226#\356cT\315eUO\235\201\252\033Rg"
 192      68F49623 
 192      EE6354CD 
 192      65554F9D 
 192      81AA1B52 
 193 02e7 E689DB87 		.ascii	"\346\211\333\207\302~1\316\201\031u[f\272-=$\250\226"
 193      C27E31CE 
 193      8119755B 
 193      66BA2D3D 
 193      24A896
 194 02fa 32B4EC7F 		.ascii	"2\264\354\1773l\203\3630e\030\035\255\275c#1\014\014"
 194      336C83F3 
 194      3065181D 
 194      ADBD6323 
 194      310C0C
 195 030d FE3AFFB2 		.ascii	"\376:\377\262\030kC\307\327\311\343\353L\343\353\351"
 195      186B43C7 
 195      D7C9E3EB 
ARM GAS  C:\Users\mvshv\AppData\Local\Temp\ccs9wotP.s 			page 15


 195      4CE3EBE9 
 196 031d F89EB198 		.ascii	"\370\236\261\230v;\334\313\306\267\326\214\325\231\306"
 196      763BDCCB 
 196      C6B7D68C 
 196      D599C6
 197 032c D7FD4BAA 		.ascii	"\327\375K\252X\305\326\321 \217n0\215n\244\243\343\213"
 197      58C5D6D1 
 197      208F6E30 
 197      8D6EA4A3 
 197      E38B
 198 033e 8CFB30FE 		.ascii	"\214\3730\376\300F\327]\031m@\322hc\002\256\250\335"
 198      C046D75D 
 198      196D40D2 
 198      686302AE 
 198      A8DD
 199 0350 55B99199 		.ascii	"U\271\221\231\337$\0234\231\010\356P\202\316K\031\357"
 199      DF241334 
 199      9908EE50 
 199      82CE4B19 
 199      EF
 200 0361 E0315353 		.ascii	"\3401SS\202\306]\031\317\034f\315_\"\233\177W\036\177"
 200      82C65D19 
 200      CF1C66CD 
 200      5F229B7F 
 200      571E7F
 201 0374 D734FE1E 		.ascii	"\3274\376\036\035\237e\034\037s\302\015l\374\331\372"
 201      1D9F651C 
 201      1F73C20D 
 201      6CFCD9FA 
 202 0384 C2449301 		.ascii	"\302D\223\001\315\262\371\315\362\350f\323\350\373t"
 202      CDB2F9CD 
 202      F2E866D3 
 202      E8FB74
 203 0393 F4B107BD 		.ascii	"\364\261\007\275Y\002\356a\243o\345]\271\201\324\002"
 203      5902EE61 
 203      A36FE55D 
 203      B981D402 
 204 03a3 7B3049B2 		.ascii	"{0I\262@_\375Dn\205z\266\357!\242\235\303\327\237\034"
 204      405FFD44 
 204      6E857AB6 
 204      EF21A29D 
 204      C3D79F1C 
 205 03b7 16E6CCB5 		.ascii	"\026\346\314\265V\232k-HJ\266S\027\323\362\235$\233"
 205      569A6B2D 
 205      484AB653 
 205      17D3F29D 
 205      249B
 206 03c9 EE67E00C 		.ascii	"\356g\340\014#u\012\200\320\003\331\254\007&\263\332"
 206      23750A80 
 206      D003D9AC 
 206      0726B3DA 
 207 03d9 A859C7A7 		.ascii	"\250Y\307\247\247R\\\234\022f7\033\272\012\323~\243"
 207      A7525C9C 
 207      1266371B 
 207      BA0AD37E 
 207      A3
 208 03ea 42EDC889 		.ascii	"B\355\310\211\202\341\012\340\242\236C\025\032\366\\"
ARM GAS  C:\Users\mvshv\AppData\Local\Temp\ccs9wotP.s 			page 16


 208      82E10AE0 
 208      A29E4315 
 208      1AF65C
 209 03f9 B4910953 		.ascii	"\264\221\011SK\177\252\263a\272=\271\3756\277\310\231"
 209      4B7FAAB3 
 209      61BA3DB9 
 209      FD36BFC8 
 209      99
 210 040a 3D279534 		.ascii	"='\2254_\237\237\210ub\267\357\022\335\330rkH\215O\330"
 210      5F9F9F88 
 210      7562B7EF 
 210      12DDD872 
 210      6B488D4F 
 211 041f 50171C6D 		.ascii	"P\027\034m\276\340\355\000\233\\\314/\332\344`@C\303"
 211      BEE0ED00 
 211      9B5CCC2F 
 211      DAE46040 
 211      43C3
 212 0431 54A30DCE 		.ascii	"T\243\015\316e\243\367\334\274R#\355\323\267\211\236"
 212      65A3F7DC 
 212      BC5223ED 
 212      D3B7899E 
 213 0441 5C622C75 		.ascii	"\\b,u\304g\330\315\247\011\275F[|\236)&\243\\%\243\216"
 213      C467D8CD 
 213      A709BD46 
 213      5B7C9E29 
 213      26A35C25 
 214 0457 3F1A83B4 		.ascii	"?\032\203\264\274\304n\226\026\225\325H\013\360\340"
 214      BCC46E96 
 214      1695D548 
 214      0BF0E0
 215 0466 1E7457F6 		.ascii	"\036tW\366\240_}^[\343\300\326#\"\320\313\233\037\177"
 215      A05F7D5E 
 215      5BE3C0D6 
 215      2322D0CB 
 215      9B1F7F
 216 0479 86AFB191 		.ascii	"\206\257\261\221U#\205\271\322\3320\250\335\211\306"
 216      552385B9 
 216      D2DA30A8 
 216      DD89C6
 217 0488 99796439 		.ascii	"\231yd9\242\344F\350\227\2758@6a\344\276\030\275bK\031"
 217      A2E446E8 
 217      97BD3840 
 217      3661E4BE 
 217      18BD624B 
 218 049d 4B2C5CEF 		.ascii	"K,\\\357\232H\203\012{\201\232\006\274\037\320/(\372"
 218      9A48830A 
 218      7B819A06 
 218      BC1FD02F 
 218      28FA
 219 04af 3572358D 		.ascii	"5r5\215!\340\250\236\354'.<\272\353\347\320\347\262"
 219      21E0A89E 
 219      EC272E3C 
 219      BAEBE7D0 
 219      E7B2
 220 04c1 B28F38E0 		.ascii	"\262\2178\3402f\344\261\321\316\227R\274\334@\315\031"
 220      3266E4B1 
ARM GAS  C:\Users\mvshv\AppData\Local\Temp\ccs9wotP.s 			page 17


 220      D1CE9752 
 220      BCDC40CD 
 220      19
 221 04d2 2F8DB1C7 		.ascii	"/\215\261\307\225\354\336\301\353\351\215v\270\232)"
 221      95ECDEC1 
 221      EBE98D76 
 221      B89A29
 222 04e1 A6F79C2B 		.ascii	"\246\367\234+}\317\241\350\326\265\3706\273S\221t\240"
 222      7DCFA1E8 
 222      D6B5F836 
 222      BB539174 
 222      A0
 223 04f2 13E106A6 		.ascii	"\023\341\006\246\274\215}\326-\371g\021\250\207\352"
 223      BC8D7DD6 
 223      2DF96711 
 223      A887EA
 224 0501 0796E37B 		.ascii	"\007\226\343{\354\326\307\333\306\345\270\225\265k\256"
 224      ECD6C7DB 
 224      C6E5B895 
 224      B56BAE
 225 0510 E6E522DC 		.ascii	"\346\345\"\334\311\224\221\324\232\001\007\334\303\224"
 225      C99491D4 
 225      9A0107DC 
 225      C394
 226 051e CCE6B46B 		.ascii	"\314\346\264k\366\270\217)9\223\207s\234\360K\246<("
 226      F6B88F29 
 226      39938773 
 226      9CF04BA6 
 226      3C28
 227 0530 7E18E788 		.ascii	"~\030\347\210\3372%\356\302\205\243\216x\204)\321\245"
 227      DF3225EE 
 227      C285A38E 
 227      788429D1 
 227      A5
 228 0541 ED49D266 		.ascii	"\355I\322f\334M\364\276\354\276L\215\024\025[\320\023"
 228      DC4DF4BE 
 228      ECBE4C8D 
 228      14155BD0 
 228      13
 229 0552 9A1B2610 		.ascii	"\232\033&\020\036g\340\244\241\221\203\266s\306!J\220"
 229      1E67E0A4 
 229      A19183B6 
 229      73C6214A 
 229      90
 230 0563 E2E041C3 		.ascii	"\342\340A\303Pt%k\320^\031\207\307\200~D\321\321\202"
 230      5074256B 
 230      D05E1987 
 230      C7807E44 
 230      D1D182
 231 0576 AB690C41 		.ascii	"\253i\014AWW\227\177@\3128\314\205\376\244rw\346NG\264"
 231      5757977F 
 231      40CA38CC 
 231      85FEA472 
 231      77E64E47 
 232 058b 8C7D162C 		.ascii	"\214}\026,3}\334\310\327I16F\254\354\252\300\361\027"
 232      337DDCC8 
 232      D7493136 
ARM GAS  C:\Users\mvshv\AppData\Local\Temp\ccs9wotP.s 			page 18


 232      46ACECAA 
 232      C0F117
 233 059e FAEE4589 		.ascii	"\372\356E\211\247\026Q\252!xF\367\010\013\344\347`\220"
 233      A71651AA 
 233      217846F7 
 233      080BE4E7 
 233      6090
 234 05b0 F216936F 		.ascii	"\362\026\223o\025\033\322\3737\330\363c1\205O(\341c"
 234      151BD2FB 
 234      37D8F363 
 234      31854F28 
 234      E163
 235 05c2 14EE29A3 		.ascii	"\024\356)\243\2538\364\224\022\375\310\014\035%Vv\304"
 235      AB38F494 
 235      12FDC80C 
 235      1D255676 
 235      C4
 236 05d3 E1280A7F 		.ascii	"\341(\012\177\203\\\321K\011nJ3\364\334\302\226:\216"
 236      835CD14B 
 236      096E4A33 
 236      F4DCC296 
 236      3A8E
 237 05e5 FDBD7576 		.ascii	"\375\275uv\036\336\314\301\337)\341/\224\246\217\304"
 237      1EDECCC1 
 237      DF29E12F 
 237      94A68FC4 
 238 05f5 6119DEAB 		.ascii	"a\031\336\253\204\367p\354IR<D\330\004\321\014 >\322"
 238      84F770EC 
 238      49523C44 
 238      D804D10C 
 238      203ED2
 239 0608 9B040F1B 		.ascii	"\233\004\017\033\010:$\270\241\375\3022\264\027d\027"
 239      083A24B8 
 239      A1FDC232 
 239      B4176417 
 240 0618 481C483C 		.ascii	"H\034H<\310\021\220\235 \373@\222@\022AR@bA\216\202"
 240      C811909D 
 240      20FB4092 
 240      40124152 
 240      4062418E 
 241 062d EC063908 		.ascii	"\354\0069\010\362#H\002\310a\220\003 \311\3022\272{"
 241      F2234802 
 241      C8619003 
 241      20C9C232 
 241      BA7B
 242 063f 3233DFFF 		.ascii	"23\337\377U\266rZi\245\273\322\005\2578\027\214[\217"
 242      55B6725A 
 242      69A5BBD2 
 242      05AF3817 
 242      8C5B8F
 243 0652 9E199CF7 		.ascii	"\236\031\234\367\301S\353>\340]\306\331\362\301\252"
 243      C153EB3E 
 243      E05DC6D9 
 243      F2C1AA
 244 0661 2D1CF83D 		.ascii	"-\034\370=g\312\250\022<ba\312\010\007\377\311:\234"
 244      67CAA812 
 244      3C6261CA 
ARM GAS  C:\Users\mvshv\AppData\Local\Temp\ccs9wotP.s 			page 19


 244      0807FFC9 
 244      3A9C
 245 0673 CFBB78CE 		.ascii	"\317\273x\316\360'Jx\247eV\363\013}\246\304\367\231"
 245      F0274A78 
 245      A76556F3 
 245      0B7DA6C4 
 245      F799
 246 0685 E32147EB 		.ascii	"\343!G\353\342\245L\215\021\\\221(0\274\351AD\035\262"
 246      E2A54C8D 
 246      115C9128 
 246      30BCE941 
 246      441DB2
 247 0698 39AC327E 		.ascii	"9\2542~\373\3215\012\322\203\240T\322KP\216\340\307"
 247      FBD1350A 
 247      D283A054 
 247      D24B508E 
 247      E0C7
 248 06aa 385C7C59 		.ascii	"8\\|Y\024\343m\351\344\335\326\215\345\326\326\301y"
 248      14E36DE9 
 248      E4DDD68D 
 248      E5D6D6C1 
 248      79
 249 06bb 62D27A1A 		.ascii	"b\322z\032\233e=\277\264\267J\374s\013\317\361\360a"
 249      9B653DBF 
 249      B4B74AFC 
 249      730BCFF1 
 249      F061
 250 06cd EBFB0185 		.ascii	"\353\373\001\205\223j\246\241%\317\005_\260\245\207"
 250      936AA6A1 
 250      25CF055F 
 250      B0A587
 251 06dc 862B71ED 		.ascii	"\206+q\355\005\363\220\333\002\266\342\226x\034CV\234"
 251      05F390DB 
 251      02B6E296 
 251      781C4356 
 251      9C
 252 06ed 06A35385 		.ascii	"\006\243S\205\3317?q\300\034\017\014:\006\317\311\377"
 252      D9373F71 
 252      C01C0F0C 
 252      3A06CFC9 
 252      FF
 253 06fe F533430E 		.ascii	"\3653C\016 \025'\212\324|\265\221\306-P\205\322\005"
 253      2015278A 
 253      D47CB591 
 253      C62D5085 
 253      D205
 254 0710 566DC095 		.ascii	"Vm\300\225\024\352\223\345\357\235p9]\241\272 \346\314"
 254      14EA93E5 
 254      EF9D7039 
 254      5DA1BA20 
 254      E6CC
 255 0722 901AB92D 		.ascii	"\220\032\271-F\000F\0169\246\223\234\012\235\024\034"
 255      4600460E 
 255      39A6939C 
 255      0A9D141C 
 256 0732 5086804D 		.ascii	"P\206\200MG\303T\0216\377\241\277\221nh\333\323+=J\211"
 256      47C35411 
ARM GAS  C:\Users\mvshv\AppData\Local\Temp\ccs9wotP.s 			page 20


 256      36FFA1BF 
 256      916E68DB 
 256      D32B3D4A 
 257 0747 59225EA4 		.ascii	"Y\"^\244B+\351\346\217\216\303\032O\322\267\301\011"
 257      422BE9E6 
 257      8F8EC31A 
 257      4FD2B7C1 
 257      09
 258 0758 6131CA14 		.ascii	"a1\312\024\026\2637\315\333)\265\274\303#\312-W[Y\334"
 258      16B337CD 
 258      DB29B5BC 
 258      C323CA2D 
 258      575B59DC 
 259 076c 0E4F14F2 		.ascii	"\016O\024\362.\232:[\"\2757\311\253\250\242!\266\314"
 259      2E9A3A5B 
 259      22BD37C9 
 259      ABA8A221 
 259      B6CC
 260 077e 71CEB74F 		.ascii	"q\316\267O\266\351\355s\212M\367S\302\316\011\251\206"
 260      B6E9ED73 
 260      8A4DF753 
 260      C2CE09A9 
 260      86
 261 078f B10335EF 		.ascii	"\261\0035\357y\332\217N\354\275\366;P\363{\223\353\221"
 261      79DA8F4E 
 261      ECBDF63B 
 261      50F37B93 
 261      EB91
 262 07a1 D2985C30 		.ascii	"\322\230\\06G dy\324\230lfL\0365\346E\2568\341\202\253"
 262      36472064 
 262      79D4986C 
 262      664C1E35 
 262      E645AE38 
 263 07b8 A8BFD0F9 		.ascii	"\250\277\320\371\311\356\030R\337V\302Ya\260\003\347"
 263      C9EE1852 
 263      DF56C259 
 263      61B003E7 
 264 07c8 5F288437 		.ascii	"_(\2047\315\302X\015"
 264      CDC2580D 
 265 07d0 ADEF4ECB 		.ascii	"\255\357N\313IqZP\034\026\316\010\244,\034\032\257O"
 265      49715A50 
 265      1C16CE08 
 265      A42C1C1A 
 265      AF4F
 266 07e2 C2789271 		.ascii	"\302x\222q=\3579w^-qA\261\235\322H\0171\231_\260\202"
 266      3DEF3977 
 266      5E2D7141 
 266      B19DD248 
 266      0F31995F 
 267 07f8 3B5F26CB 		.ascii	";_&\313W\222\025P2\343x\313Y;\034oG\311\332\033Km$\256"
 267      57921550 
 267      32E378CB 
 267      593B1C6F 
 267      47C9DA1B 
 268 0810 A927CB8E 		.ascii	"\251'\313\216\033\315\270\316\312\\g\225\\\347(W\316"
 268      1BCDB8CE 
 268      CA5C6795 
ARM GAS  C:\Users\mvshv\AppData\Local\Temp\ccs9wotP.s 			page 21


 268      5CE72857 
 268      CE
 269 0821 C4E41E17 		.ascii	"\304\344\036\027\234\306\270\206'.j$\256\346T\314\316"
 269      9CC6B886 
 269      272E6A24 
 269      AEE654CC 
 269      CE
 270 0832 43275821 		.ascii	"C'X!~^f:\257d*\244L\255\317\253\002q\016#:s6\243\320"
 270      7E5E663A 
 270      AF642AA4 
 270      4CADCFAB 
 270      02710E23 
 271 084b 055F66CA 		.ascii	"\005_f\312\236*c\232-\024\342\350\"M\2539\312\365#\367"
 271      9E2A639A 
 271      2D14E2E8 
 271      224DAB39 
 271      CAF523F7 
 272 085f 4F9638CF 		.ascii	"O\2268\317Y\231_\021He~Y\220*\363c\303\025)&K['q\333"
 272      59995F11 
 272      48657E59 
 272      902AF363 
 272      C3152926 
 273 0878 F963FBC4 		.ascii	"\371c\373\304\314(\361\263\333\002A\242\013&c\321%A"
 273      CC28F1B3 
 273      DB0241A2 
 273      0B2663D1 
 273      2541
 274 088a 4D34737B 		.ascii	"M4s{\257R{O\266\265_\264\305\220\322\204p\350\304\300"
 274      AF527B4F 
 274      B6B55FB4 
 274      C590D284 
 274      70E8C4C0 
 275 089e A0460EEF 		.ascii	"\240F\016\357u\263\360\026\311k/Rr]\243\\\311\331\267"
 275      75B3F016 
 275      C96B2F52 
 275      725DA35C 
 275      C9D9B7
 276 08b1 E2D5F810 		.ascii	"\342\325\370\020\343\352\2764\370\320I\016o\271yx\213"
 276      E3EABE34 
 276      F8D0490E 
 276      6FB97978 
 276      8B
 277 08c2 65B26225 		.ascii	"e\262b%Y\011%\253\355;[\345\202\363\030\331\271\336"
 277      590925AB 
 277      ED3B5BE5 
 277      82F318D9 
 277      B9DE
 278 08d4 4323727C 		.ascii	"C#r|=\362\314\343[*\223\225*\311\312(Y\367\361\027\007"
 278      3DF2CCE3 
 278      5B2A9395 
 278      2AC9CA28 
 278      59F7F117 
 279 08e9 9D713923 		.ascii	"\235q9#K\251}u\301\224\304\315\351\346\001.\227\251"
 279      4BA97D75 
 279      C194C4CD 
 279      E9E6012E 
 279      97A9
ARM GAS  C:\Users\mvshv\AppData\Local\Temp\ccs9wotP.s 			page 22


 280 08fb CA9554D7 		.ascii	"\312\225T\327)\325\344\330\215\033\366\270\226Q\225"
 280      29D5E4D8 
 280      8D1BF6B8 
 280      965195
 281 090a 5D69DB6F 		.ascii	"]i\333or\330@\007.\276\324/\212\260\017\305\"5e\253"
 281      72D84007 
 281      2EBED42F 
 281      8AB00FC5 
 281      223565AB 
 282 091e 90D92A94 		.ascii	"\220\331*\224l\225\224m\264:oT*C\023\311a \31186\352"
 282      6C95946D 
 282      B43A6F54 
 282      2A4313C9 
 282      6120C938 
 283 0934 883B197B 		.ascii	"\210;\031{A\343\255\307\322\243\034GnN\347=\377\004"
 283      41E3ADC7 
 283      D2A31C47 
 283      6E4EE73D 
 283      FF04
 284 0946 F7B27BE9 		.ascii	"\367\262{\351\375\321}N\3705SLG\012W\351H1S5\321\346"
 284      FDD17D4E 
 284      F835534C 
 284      470A57E9 
 284      48315335 
 285 095c 8C47D84D 		.ascii	"\214G\330M\361C\343uG<\315\224\270\236\335\367%\344"
 285      F143E375 
 285      473CCD94 
 285      B89EDDF7 
 285      25E4
 286 096e 243DF1B6 		.ascii	"$=\361\266\226\344:\343]\0326_\377\241\002\214\223\230"
 286      96E43AE3 
 286      5D1A365F 
 286      FFA1028C 
 286      9398
 287 0980 32F3B23D 		.ascii	"2\363\262=K\252\362\207\350\204\323\323\261j\234\306"
 287      4BAAF287 
 287      E884D3D3 
 287      B16A9CC6 
 288 0990 6E56194F 		.ascii	"nV\031O\347kp\016S\036\237L\316V3d?\335\216\313\246"
 288      E76B700E 
 288      531E9F4C 
 288      CE563364 
 288      3FDD8ECB 
 289 09a5 1E3AE342 		.ascii	"\036:\343Bv\263>\371\340\036{\\\302\024\343h\332\260"
 289      76B33EF9 
 289      E01E7B5C 
 289      C214E368 
 289      DAB0
 290 09b7 13AE66CA 		.ascii	"\023\256f\312\360]c\202\00671\345\370\315s\331\030\267"
 290      F05D6382 
 290      063731E5 
 290      F8CD73D9 
 290      18B7
 291 09c9 30A5322A 		.ascii	"0\2452*\341\260\200\273\230\022\325_\270\033\343~\246"
 291      E1B080BB 
 291      9812D55F 
 291      B81BE37E 
ARM GAS  C:\Users\mvshv\AppData\Local\Temp\ccs9wotP.s 			page 23


 291      A6
 292 09da 9465ED3C 		.ascii	"\224e\355<m\217G\230\022\333\264\357\261\023~\317\224"
 292      6D8F4798 
 292      12DBB4EF 
 292      B1137ECF 
 292      94
 293 09eb 73FDBB2B 		.ascii	"s\375\273+\355p4\373\221n\346\330P\272\023N`J\331\243"
 293      ED7034FB 
 293      916EE6D8 
 293      50BA134E 
 293      604AD9A3 
 294 09ff 2BEE3899 		.ascii	"+\3568\231\265M\273\241+\333\015\367N^hq\304\351\354"
 294      B54DBBA1 
 294      2BDB0DF7 
 294      4E5E6871 
 294      C4E9EC
 295 0a12 5ED3E5A6 		.ascii	"^\323\345\246=\002\316\225\0065\276+\200\367 SvU\034"
 295      3D02CE95 
 295      0635BE2B 
 295      80F72053 
 295      76551C
 296 0a25 2AD7E052 		.ascii	"*\327\340R\246TwC\361Q\315\332\003\011\225\355\002n"
 296      A6547743 
 296      F151CDDA 
 296      030995ED 
 296      026E
 297 0a37 644A4FE7 		.ascii	"dJO\347\213\004\027\334\302\224\332\341\356f{\334\315"
 297      8B0417DC 
 297      C294DAE1 
 297      EE667BDC 
 297      CD
 298 0a48 94C16B87 		.ascii	"\224\301k\207a\267x\306\224\2739O\206m\360+\246\274"
 298      61B778C6 
 298      94BB394F 
 298      866DF02B 
 298      A6BC
 299 0a5a 8BDB774A 		.ascii	"\213\333wJ\300\203L\311h\214\352p\306SL\311\237\316"
 299      C0834CC9 
 299      688CEA70 
 299      C6534CC9 
 299      9FCE
 300 0a6c B8ABC1BB 		.ascii	"\270\253\301\273\035\331\321\263(v\\\215\3673\245\372"
 300      1DD9D1B3 
 300      28765C8D 
 300      F733A5FA 
 301 0a7c 6AC6529C 		.ascii	"j\306R\234\314\332wK\272\237\271\340T\246\324F\3573"
 301      CCDA774B 
 301      BA9FB9E0 
 301      54A6D446 
 301      EF33
 302 0a8e 1D1E8F92 		.ascii	"\035\036\217\222,x{\370b\225\255tp\326\220\275\245\270"
 302      2C787BF8 
 302      6295AD74 
 302      70D690BD 
 302      A5B8
 303 0aa0 77C805A7 		.ascii	"w\310\005\247S\260[\372\210\030\200\224\347\010\313"
 303      53B05BFA 
ARM GAS  C:\Users\mvshv\AppData\Local\Temp\ccs9wotP.s 			page 24


 303      88188094 
 303      E708CB
 304 0aaf 0F3D5948 		.ascii	"\017=YHG\213;\257m*\212N\311G\213:\310\356q\276\224"
 304      478B3BAF 
 304      6D2A8A4E 
 304      C9478B3A 
 304      C8EE71BE 
 305 0ac4 A815F84A 		.ascii	"\250\025\370J\005\336\216\225u\305R\351Av\270\247J\274"
 305      05DE8E95 
 305      75C552E9 
 305      4176B8A7 
 305      4ABC
 306 0ad6 9592B094 		.ascii	"\225\222\260\224+U\352\255\363\363uS1\007\357Q\302-"
 306      2B55EAAD 
 306      F3F37553 
 306      3107EF51 
 306      C22D
 307 0ae8 4F3A553C 		.ascii	"O:U<\375}%\376\243\262pz_\302\301\037(\341\035s\235"
 307      FD7D25FE 
 307      A3B2707A 
 307      5FC2C11F 
 307      28E11D73 
 308 0afd 17DEC2EB 		.ascii	"\027\336\302\353\364\0155u\\\252}\016`7\024\205\241"
 308      F40D3575 
 308      5CAA7D0E 
 308      60371485 
 308      A1
 309 0b0e 76014902 		.ascii	"v\001I\002\211\006I\000\021A\342A\366\202\354\001\031"
 309      89064900 
 309      1141E241 
 309      F682EC01 
 309      19
 310 0b1f 86BAE603 		.ascii	"\206\272\346\003\310(\310;\220i\220\375\320?\001\327"
 310      C828C83B 
 310      906990FD 
 310      D03F01D7 
 311 0b2f 4370DD07 		.ascii	"Cp\335\007\022\003\222\010\362\236\324Pp\375\010\327"
 311      12039208 
 311      F29ED450 
 311      70FD08D7 
 312 0b3f 31909F40 		.ascii	"1\220\237@&A\246H\315\004\3753\244\206\202\353\010\\"
 312      2641A648 
 312      CD04FD33 
 312      A48682EB 
 312      085C
 313 0b51 8748FD04 		.ascii	"\207H\375\004\355\203 ;A\216\200$\203\354\302f\347\016"
 313      ED83203B 
 313      418E8024 
 313      83ECC266 
 313      E70E
 314 0b63 DE9B9DCA 		.ascii	"\336\233\235\312\345>\266\014n)\027\334f\353\3364\253"
 314      E53EB60C 
 314      6E2917DC 
 314      66EBDE34 
 314      AB
 315 0b74 C879FE6E 		.ascii	"\310y\376n%\336\242l\355\345\275\337\252\204[\324\320"
 315      25DEA26C 
ARM GAS  C:\Users\mvshv\AppData\Local\Temp\ccs9wotP.s 			page 25


 315      EDE5BDDF 
 315      AA845BD4 
 315      D0
 316 0b85 CD7C6CEF 		.ascii	"\315|l\357)\341w\370\324!\306\277\3423\263\313\2721"
 316      29E177F8 
 316      D421C6BF 
 316      E233B3CB 
 316      BA31
 317 0b97 6635376F 		.ascii	"f57o|\257\365T\343\317M\274\361\017\255\247\016\277"
 317      7CAFF554 
 317      E3CF4DBC 
 317      F10FADA7 
 317      0EBF
 318 0ba9 56DEF826 		.ascii	"V\336\370&%\274A\231\367\257\256q\360\027J\270\345\201"
 318      25BC4199 
 318      F7AFAE71 
 318      F0174AB8 
 318      E581
 319 0bbb A18AC7BF 		.ascii	"\241\212\307\277V\342\225\307\270\016\036\375R\211\266"
 319      56E295C7 
 319      B80E1EFD 
 319      5289B6
 320 0bca 7208E7D7 		.ascii	"r\010\347\327\332\256\304\233\035)\251\347\371\264i"
 320      DAAEC49B 
 320      1D29A9E7 
 320      F9B469
 321 0bd9 B4BE5633 		.ascii	"\264\276V3\3722\216\376\246\022o\264\360\015\017\037"
 321      FA328EFE 
 321      A6126FB4 
 321      F00D0F1F 
 322 0be9 54C26F58 		.ascii	"T\302oX\320w\360\256\277k=o\370\254\177U\302\231\337"
 322      D077F0AE 
 322      BF6B3D6F 
 322      F8AC7F55 
 322      C299DF
 323 0bfc 623D2DCD 		.ascii	"b=-\315\2664\336\233\317\225x\213\237Wzyx\277\365\320"
 323      B634DE9B 
 323      CF95788B 
 323      9F577A79 
 323      78BFF5D0 
 324 0c10 F2673B3E 		.ascii	"\362g;>-\373\254o\260\374\216\306\263?\263n\214\331"
 324      2DFBAC6F 
 324      B0FC8EC6 
 324      B33FB36E 
 324      8CD9
 325 0c22 23CE2FB6 		.ascii	"#\316/\266C\211\357\263L4\336\371\267\225\370\032e\254"
 325      4389EFB3 
 325      4C34DEF9 
 325      B795F81A 
 325      65AC
 326 0c34 4678EB9F 		.ascii	"Fx\353\237X\337q\370\304\344\023\255\315z\242\231e\016"
 326      58DF71F8 
 326      C4E413AD 
 326      CD7AA299 
 326      650E
 327 0c46 BFDA57D6 		.ascii	"\277\332W\326\023\231;\322\217\237\307)\2428\237\240"
 327      13993BD2 
ARM GAS  C:\Users\mvshv\AppData\Local\Temp\ccs9wotP.s 			page 26


 327      8F9FC729 
 327      A2389FA0 
 328 0c56 CC8FF4C4 		.ascii	"\314\217\364\304\023Me\3704;\322\023W\334\262\2764\263"
 328      134D65F8 
 328      343BD213 
 328      57DCB2BE 
 328      34B3
 329 0c68 DD8E7745 		.ascii	"\335\216wE\225\365<\344\003\311\257\355\221uOs\360:"
 329      95F53CE4 
 329      03C9AFED 
 329      91754F73 
 329      F03A
 330 0c7a 7E690356 		.ascii	"~i\003V\237h>\216\035e\\\034\253\255?C\014O~G.(\350"
 330      9F683E8E 
 330      1D655C1C 
 330      ABAD3F43 
 330      0C4F7E47 
 331 0c91 74C4ADB4 		.ascii	"t\304\255\264N\020\356\037xV\340\210\026\270Y}\303\241"
 331      4E10EE1F 
 331      7856E088 
 331      16B8597D 
 331      C3A1
 332 0ca3 5478B1FD 		.ascii	"Tx\261\375\177y\311IA.c\277b\244\340\005\350(\236-\317"
 332      7F79C949 
 332      412E63BF 
 332      62A4E005 
 332      E8289E2D 
 333 0cb8 C7E9AF18 		.ascii	"\307\351\257\030\260\370\354\336\232l\015\377[\002\001"
 333      B0F8ECDE 
 333      9A6C0DFF 
 333      5B0201
 334 0cc7 CAA7ED63 		.ascii	"\312\247\355c\230\375\226\000W\000\337\251\250\034\305"
 334      98FD9600 
 334      5700DFA9 
 334      A81CC5
 335 0cd6 F8292BBF 		.ascii	"\370)+\277\216\014%\017b\374\232)\306\316\302B{<\306"
 335      8E0C250F 
 335      62FC9A29 
 335      C6CEC242 
 335      7B3CC6
 336 0ce9 94E1E9F4 		.ascii	"\224\341\351\364\"\251\224^\010\352\207\256\304D;V\227"
 336      22A9945E 
 336      08EA87AE 
 336      C4443B56 
 336      97
 337 0cfa 65923AED 		.ascii	"e\222:\355C_E\267\006OS\254]\363\360\001\243\232\025"
 337      435F45B7 
 337      064F53AC 
 337      5DF3F001 
 337      A39A15
 338 0d0d 660BDC58 		.ascii	"f\013\334X\254\337\016\270\236\214\021o{\320X\237\000"
 338      ACDF0EB8 
 338      9E8C116F 
 338      7BD0589F 
 338      00
 339 0d1e 9B73F1CF 		.ascii	"\233s\361\317m\011u\337\312\231\221\241D[\354\365\034"
 339      6D0975DF 
ARM GAS  C:\Users\mvshv\AppData\Local\Temp\ccs9wotP.s 			page 27


 339      CA9991A1 
 339      445BECF5 
 339      1C
 340 0d2f 385D097E 		.ascii	"8]\011~d\2619q\3504\353h\263\347\357[\363\267\216\245"
 340      64B13971 
 340      E834EB68 
 340      B3E7EF5B 
 340      F3B78EA5 
 341 0d43 2556AAA7 		.ascii	"%V\252\247L\274\030\035\307\344&\201\223\304\312\203"
 341      4CBC181D 
 341      C7E42681 
 341      93C4CA83 
 342 0d53 C4CA8240 		.ascii	"\304\312\202@\346\200\234\002\311\0069i\026\324\217"
 342      E6809C02 
 342      C9063969 
 342      16D48F
 343 0d62 AFD88F71 		.ascii	"\257\330\217q0\202\177r\311\377\203\372>t#\034\343D"
 343      30827F72 
 343      C9FF83FA 
 343      3E74231C 
 343      E344
 344 0d74 73797FD2 		.ascii	"sy\177\322\325\314y\312\\6\315\207\362a\232_>\345\370"
 344      D5CC79CA 
 344      5C36CD87 
 344      F2619A5F 
 344      3EE5F8
 345 0d87 80AD08A7 		.ascii	"\200\255\010\247\34630\340\264\234F\304\000:\357P\\"
 345      E63330E0 
 345      B49C46C4 
 345      003AEF50 
 345      5C
 346 0d98 DB8C039F 		.ascii	"\333\214\003\237Fg\314\322\250@J\243\002\232F\251\321"
 346      4667CCD2 
 346      A8404AA3 
 346      029A46A9 
 346      D1
 347 0da9 85BDB63C 		.ascii	"\205\275\266<\270\325\354\277eg%0\271\376v\305\012\367"
 347      B8D5ECBF 
 347      65672530 
 347      B9FE76C5 
 347      0AF7
 348 0dbb D9BFB008 		.ascii	"\331\277\260\010\367m\376\301\356\337\205\205GF\270"
 348      F76DFEC1 
 348      EEDF8585 
 348      4746B8
 349 0dca FB6DF25D 		.ascii	"\373m\362]\351\345\276a\303:\367M>\276\337{\222;\372"
 349      E9E5BE61 
 349      C33AF74D 
 349      3EBEDF7B 
 349      923BFA
 350 0ddd 88487D70 		.ascii	"\210H}pp\340\212\000\373\317\277\374z\211\326\323S\345"
 350      70E08A00 
 350      FBCFBFFC 
 350      7A89D6D3 
 350      53E5
 351 0def A0D76F0F 		.ascii	"\240\327o\017\012\215\\\351\245\217\374&\340\367\233"
 351      0A8D5CE9 
ARM GAS  C:\Users\mvshv\AppData\Local\Temp\ccs9wotP.s 			page 28


 351      A58FFC26 
 351      E0F79B
 352 0dfe 03B6056D 		.ascii	"\003\266\005m\011\212\210\334\036\030\024\26692,,8b"
 352      098A88DC 
 352      1E1814B6 
 352      39322C2C 
 352      3862
 353 0e10 F3D6D0ED 		.ascii	"\363\326\320\355Khk\211\177x\310\022C\310\026C`\240"
 353      4B686B89 
 353      7F78C812 
 353      43C81643 
 353      60A0
 354 0e22 2170F3EA 		.ascii	"!p\363\352\025\036K\274<<W\377e\325f\350\377MhX\250"
 354      151E4BBC 
 354      3C3C57FF 
 354      65D566E8 
 354      FF4D6858 
 355 0e37 E13706FF 		.ascii	"\3417\006\377-A\233\203B\003\202\267\007\0326\207\370"
 355      2D419B83 
 355      420382B7 
 355      071A3687 
 355      F8
 356 0e48 0357A861 		.ascii	"\003W\250a\263>\320\360\215\377\366\340H}\344\017\337"
 356      B33ED0F0 
 356      8DFFF6E0 
 356      487DE40F 
 356      DF
 357 0e59 1922566C 		.ascii	"\031\"VlS\331\233\346\373\317\377\325\371\"~\210\330"
 357      53D99BE6 
 357      FBCFFFD5 
 357      F9227E88 
 357      D8
 358 0e6a 0CCB0B04 		.ascii	"\014\313\013\004r2\311\037\015\001\221a\341k=>\375\037"
 358      7232C91F 
 358      0D019161 
 358      E16B3D3E 
 358      FD1F
 359 0e7c B947E5C8 		.ascii	"\271G\345\310Z\372\240\320\240HW=\031\240\017\012\377"
 359      5AFAA0D0 
 359      A048573D 
 359      19A00F0A 
 359      FF
 360 0e8d 8BDEF05D 		.ascii	"\213\336\360]Pp\330\326\355\006\017\005k@XHHX\250D\274"
 360      5070D8D6 
 360      ED060F05 
 360      6B405848 
 360      4858A844 
 361 0ea2 46E7ABF5 		.ascii	"F\347\253\365\335\341\036\260- ,\334\240\377~u\010\330"
 361      DDE11EB0 
 361      2D202CDC 
 361      A0FF7E75 
 361      08D8
 362 0eb4 B3501FB8 		.ascii	"\263P\037\270e\253>`\233!\340[}\260\301\377{\203>(\""
 362      65AB3E60 
 362      9B21E05B 
 362      7DB0C1FF 
 362      7B833E28 
ARM GAS  C:\Users\mvshv\AppData\Local\Temp\ccs9wotP.s 			page 29


 363 0ec9 7C998225 		.ascii	"|\231\202%<\322]Z\015\014\0164l\331\276\025F\376\003"
 363      3CD25D5A 
 363      0D0C0E34 
 363      6CD9BE15 
 363      46FE03
 364 0edc 37727B68 		.ascii	"7r{hp\030\\\276\011\017\013!\343]\003\266\371\375\020"
 364      70185CBE 
 364      090F0B21 
 364      E35D03B6 
 364      F9FD10
 365 0eef B12928C4 		.ascii	"\261)(\304\020\376\205\177h`\260!\334g\351\317Q\202"
 365      10FE857F 
 365      6860B021 
 365      DC67E9CF 
 365      5182
 366 0f01 8B807011 		.ascii	"\213\200p\021o\012O\307\333h\010\2154\204\223\316\371"
 366      6F0A4FC7 
 366      DB68088D 
 366      348493CE 
 366      F9
 367 0f12 A1DF0705 		.ascii	"\241\337\007\005x\207\372o\01160\227\256\230\323\241"
 367      7887FA6F 
 367      09363097 
 367      AE98D3A1 
 368 0f22 9213A4E5 		.ascii	"\222\023\244\345\223q0\233\215V\353\253[)|\245S\257"
 368      9371309B 
 368      8D56EBAB 
 368      5B297CA5 
 368      53AF
 369 0f34 F35DA3C3 		.ascii	"\363]\243\303\353\264:\365\332u\233tX\253\325a\035\310"
 369      EBB43AF5 
 369      DA759B74 
 369      58ABD561 
 369      1DC8
 370 0f46 1A9D0E6F 		.ascii	"\032\235\016o\364\323b\355\227\233\324Z\255\267\216"
 370      F4D362ED 
 370      979BD45A 
 370      ADB78E
 371 0f55 E2BDE8B7 		.ascii	"\342\275\350\267'\366\376\\'\370\301H\037o\235\332\317"
 371      27F6FE5C 
 371      27F8C148 
 371      1F6F9DDA 
 371      CF
 372 0f66 17D05A9D 		.ascii	"\027\320Z\235\027\210' \377]\367\313\023?\"2\204\344"
 372      17882720 
 372      FF5DF7CB 
 372      133F2232 
 372      84E4
 373 0f78 5B100984 		.ascii	"[\020\011\204\343\254\242\217T\007l\363\017w\015\213"
 373      E3ACA28F 
 373      54076CF3 
 373      0F770D8B 
 374 0f88 F00F0637 		.ascii	"\360\017\0067n\000W\254\007O\370\370\351\224N$\314\004"
 374      6E0057AC 
 374      074FF8F8 
 374      E9944E24 
 374      CC04
ARM GAS  C:\Users\mvshv\AppData\Local\Temp\ccs9wotP.s 			page 30


 375 0f9a 45BC49AE 		.ascii	"E\274I\256@3"
 375      4033
 376 0fa0 9FBA9E1B 		.ascii	"\237\272\236\033\343Js\304\314\237\232\331.g\275>\302"
 376      E34A73C4 
 376      CC9F9AD9 
 376      2E67BD3E 
 376      C2
 377 0fb1 10A95FBB 		.ascii	"\020\251_\273\306\317{\243\316\307\331?\370\277\374"
 377      C6CF7BA3 
 377      CEC7D93F 
 377      F8BFFC
 378 0fc0 7F8880DC 		.ascii	"\177\210\200\334\012\206\007\344\337\254\247\222aG$"
 378      0A8607E4 
 378      DFACA792 
 378      614724
 379 0fcf F1A4BBD6 		.ascii	"\361\244\273\326\327\317\307\317]\013\231\344\356c\012"
 379      D7CFC7CF 
 379      5D0B99E4 
 379      EE630A
 380 0fde 64484450 		.ascii	"dHDP\204~k\000q\357B\311\372\257if\230l\241\306\231"
 380      847E6B00 
 380      71EF42C9 
 380      FAAF6966 
 380      986CA1C6 
 381 0ff3 752DA4B6 		.ascii	"u-\244\266(\362\307\221\353\\@\210\276"
 381      28F2C791 
 381      EB5C4088 
 381      BE
 382 1000 324F2688 		.ascii	"2O&\210\224V\247\321y\373y\353\376\350\275n5\004\305"
 382      9456A7D1 
 382      79FB79EB 
 382      FEE8BD6E 
 382      3504C5
 383 1013 67A3AC7F 		.ascii	"g\243\254\177\252Y\263q\255\227\237\257\367\227:\007"
 383      AA59B371 
 383      AD979FAF 
 383      F7973A07 
 384 1023 6879D296 		.ascii	"hy\322\226\227\334\364\234E\376V\263\346\213\265+i'"
 384      97DCF49C 
 384      45FE56B3 
 384      E68BB52B 
 384      6927
 385 1035 6979CDB6 		.ascii	"iy\315\266\030p\026\267\312\2160B\217=!!l\246\206\314"
 385      187016B7 
 385      CA8E3042 
 385      8F3D2121 
 385      6CA686CC 
 386 1049 B5D28E70 		.ascii	"\265\322\216pA\027\271zIWO\236\205\016\362\322\371m"
 386      4117B97A 
 386      49574F9E 
 386      850EF2D2 
 386      F96D
 387 105b D211033D 		.ascii	"\322\021\003=I\303k\266%\023y\332\023\"\322G\032^\246"
 387      49C36BB6 
 387      251379DA 
 387      1322D247 
 387      1A5EA6
ARM GAS  C:\Users\mvshv\AppData\Local\Temp\ccs9wotP.s 			page 31


 388 106e 0645CD82 		.ascii	"\006E\315\202<\324Z\037\310X\255\317z\362\345\255s\334"
 388      3CD45A1F 
 388      C858ADCF 
 388      7AF2E5AD 
 388      73DC
 389 1080 B86183DF 		.ascii	"\270a\203\337\032\037/\355\372\317MmO\322\266\2036\271"
 389      1A1F2FED 
 389      FACF4D6D 
 389      4FD2B683 
 389      36B9
 390 1092 AAC9978D 		.ascii	"\252\311\227\215\217\326O\253\023H\272\372Yd)\027^\277"
 390      8FD64FAB 
 390      1348BAFA 
 390      59642917 
 390      5EBF
 391 10a4 4D2C5337 		.ascii	"M,S7\254\332\261\203\345h\360\252\325\237\356\330A\262"
 391      ACDAB183 
 391      E568F0AA 
 391      D59FEED8 
 391      41B2
 392 10b6 54A7D5EA 		.ascii	"T\247\325\3527\301\206\271\316\360\015\365\301\372?"
 392      37C186B9 
 392      CEF00DF5 
 392      C1FA3F
 393 10c5 49CE8086 		.ascii	"I\316\200\206\247\255\317:\355W\353\274m\311:\327\377"
 393      A7ADCF3A 
 393      ED57EBBC 
 393      6DC93AD7 
 393      FF
 394 10d6 C965DDDA 		.ascii	"\311e\335\332\317}\265_\233\340\377\015\277\225K+"
 394      CF7DB55F 
 394      9BE0FF0D 
 394      BF954B2B 
 395              		.text
 396              		.section	.gnu.lto_.symtab.fb69e234,"",%progbits
 397 0000 56656374 		.ascii	"VectorB0\000"
 397      6F724230 
 397      00
 398 0009 00       		.ascii	"\000"
 399 000a 00       		.ascii	"\000"
 400 000b 00       		.ascii	"\000"
 401 000c 00000000 		.ascii	"\000\000\000\000\000\000\000\000"
 401      00000000 
 402 0014 C5000000 		.ascii	"\305\000\000\000"
 403 0018 73745F6C 		.ascii	"st_lld_init\000"
 403      6C645F69 
 403      6E697400 
 404 0024 00       		.ascii	"\000"
 405 0025 00       		.ascii	"\000"
 406 0026 00       		.ascii	"\000"
 407 0027 00000000 		.ascii	"\000\000\000\000\000\000\000\000"
 407      00000000 
 408 002f C7000000 		.ascii	"\307\000\000\000"
 409 0033 5F706F72 		.ascii	"_port_irq_epilogue\000"
 409      745F6972 
 409      715F6570 
 409      696C6F67 
ARM GAS  C:\Users\mvshv\AppData\Local\Temp\ccs9wotP.s 			page 32


 409      756500
 410 0046 00       		.ascii	"\000"
 411 0047 02       		.ascii	"\002"
 412 0048 00       		.ascii	"\000"
 413 0049 00000000 		.ascii	"\000\000\000\000\000\000\000\000"
 413      00000000 
 414 0051 C9000000 		.ascii	"\311\000\000\000"
 415 0055 5F646267 		.ascii	"_dbg_check_leave_isr\000"
 415      5F636865 
 415      636B5F6C 
 415      65617665 
 415      5F697372 
 416 006a 00       		.ascii	"\000"
 417 006b 02       		.ascii	"\002"
 418 006c 00       		.ascii	"\000"
 419 006d 00000000 		.ascii	"\000\000\000\000\000\000\000\000"
 419      00000000 
 420 0075 CB000000 		.ascii	"\313\000\000\000"
 421 0079 5F646267 		.ascii	"_dbg_check_unlock_from_isr\000"
 421      5F636865 
 421      636B5F75 
 421      6E6C6F63 
 421      6B5F6672 
 422 0094 00       		.ascii	"\000"
 423 0095 02       		.ascii	"\002"
 424 0096 00       		.ascii	"\000"
 425 0097 00000000 		.ascii	"\000\000\000\000\000\000\000\000"
 425      00000000 
 426 009f CD000000 		.ascii	"\315\000\000\000"
 427 00a3 63685379 		.ascii	"chSysTimerHandlerI\000"
 427      7354696D 
 427      65724861 
 427      6E646C65 
 427      724900
 428 00b6 00       		.ascii	"\000"
 429 00b7 02       		.ascii	"\002"
 430 00b8 00       		.ascii	"\000"
 431 00b9 00000000 		.ascii	"\000\000\000\000\000\000\000\000"
 431      00000000 
 432 00c1 CF000000 		.ascii	"\317\000\000\000"
 433 00c5 5F646267 		.ascii	"_dbg_check_lock_from_isr\000"
 433      5F636865 
 433      636B5F6C 
 433      6F636B5F 
 433      66726F6D 
 434 00de 00       		.ascii	"\000"
 435 00df 02       		.ascii	"\002"
 436 00e0 00       		.ascii	"\000"
 437 00e1 00000000 		.ascii	"\000\000\000\000\000\000\000\000"
 437      00000000 
 438 00e9 D1000000 		.ascii	"\321\000\000\000"
 439 00ed 5F646267 		.ascii	"_dbg_check_enter_isr\000"
 439      5F636865 
 439      636B5F65 
 439      6E746572 
 439      5F697372 
 440 0102 00       		.ascii	"\000"
ARM GAS  C:\Users\mvshv\AppData\Local\Temp\ccs9wotP.s 			page 33


 441 0103 02       		.ascii	"\002"
 442 0104 00       		.ascii	"\000"
 443 0105 00000000 		.ascii	"\000\000\000\000\000\000\000\000"
 443      00000000 
 444 010d D3000000 		.ascii	"\323\000\000\000"
 445 0111 6E766963 		.ascii	"nvicEnableVector\000"
 445      456E6162 
 445      6C655665 
 445      63746F72 
 445      00
 446 0122 00       		.ascii	"\000"
 447 0123 02       		.ascii	"\002"
 448 0124 00       		.ascii	"\000"
 449 0125 00000000 		.ascii	"\000\000\000\000\000\000\000\000"
 449      00000000 
 450 012d D8000000 		.ascii	"\330\000\000\000"
 451              		.text
 452              		.section	.gnu.lto_.opts,"",%progbits
 453 0000 272D666D 		.ascii	"'-fmath-errno' '-fsigned-zeros' '-ftrapping-math' '"
 453      6174682D 
 453      6572726E 
 453      6F272027 
 453      2D667369 
 454 0033 2D666E6F 		.ascii	"-fno-trapv' '-fno-openmp' '-fno-openacc' '-mcpu=cor"
 454      2D747261 
 454      70762720 
 454      272D666E 
 454      6F2D6F70 
 455 0066 7465782D 		.ascii	"tex-m4' '-mno-thumb-interwork' '-mthumb' '-O2' '-fo"
 455      6D342720 
 455      272D6D6E 
 455      6F2D7468 
 455      756D622D 
 456 0099 6D69742D 		.ascii	"mit-frame-pointer' '-falign-functions=16' '-ffuncti"
 456      6672616D 
 456      652D706F 
 456      696E7465 
 456      72272027 
 457 00cc 6F6E2D73 		.ascii	"on-sections' '-fdata-sections' '-fno-common' '-flto"
 457      65637469 
 457      6F6E7327 
 457      20272D66 
 457      64617461 
 458 00ff 2700     		.ascii	"'\000"
 459              		.text
 460              		.comm	__gnu_lto_v1,1,1
 461              		.comm	__gnu_lto_slim,1,1
 462              		.ident	"GCC: (GNU Tools for Arm Embedded Processors 7-2017-q4-major) 7.2.1 20170904 (release) [ARM
ARM GAS  C:\Users\mvshv\AppData\Local\Temp\ccs9wotP.s 			page 34


DEFINED SYMBOLS
                            *ABS*:00000000 hal_st_lld.c
                            *COM*:00000001 __gnu_lto_v1
                            *COM*:00000001 __gnu_lto_slim

NO UNDEFINED SYMBOLS
