ARM GAS  C:\Users\mvshv\AppData\Local\Temp\ccCeKKOG.s 			page 1


   1              		.cpu cortex-m4
   2              		.eabi_attribute 20, 1
   3              		.eabi_attribute 21, 1
   4              		.eabi_attribute 23, 3
   5              		.eabi_attribute 24, 1
   6              		.eabi_attribute 25, 1
   7              		.eabi_attribute 26, 1
   8              		.eabi_attribute 30, 2
   9              		.eabi_attribute 34, 1
  10              		.eabi_attribute 18, 4
  11              		.file	"hal_st.c"
  12              		.section	.gnu.lto_.profile.fb69eff9,"",%progbits
  13 0000 789C6363 		.ascii	"x\234cc```\001bF\006w9\000\001$\000q"
  13      60606001 
  13      62460677 
  13      39000124 
  13      0071
  14              		.text
  15              		.section	.gnu.lto_.icf.fb69eff9,"",%progbits
  16 0000 789C6363 		.ascii	"x\234cc``0d@\000\016\206\325\253\276\376db|\332\336"
  16      60603064 
  16      40000E86 
  16      D5ABBEFE 
  16      64627CDA 
  17 0015 F5849BE9 		.ascii	"\365\204\233\351\360\273K7\231\231{\246\335\361cY\276"
  17      F0BB4B37 
  17      99997BA6 
  17      DDF16359 
  17      BE
  18 0026 F6DD2F76 		.ascii	"\366\335/v\326\357s\216ned\373~f\346\177~\366\255\273"
  18      D6EF738E 
  18      6E6564FB 
  18      7E66E67F 
  18      7EF6ADBB 
  19 003a BE74F033 		.ascii	"\276t\3603\000\000tM\030\346"
  19      0000744D 
  19      18E6
  20              		.text
  21              		.section	.gnu.lto_.jmpfuncs.fb69eff9,"",%progbits
  22 0000 789C6363 		.ascii	"x\234cc``\270\300\200\000\254 \202\021\010\352\3470"
  22      6060B8C0 
  22      8000AC20 
  22      821108EA 
  22      E730
  23 0012 3330314E 		.ascii	"301Nafl\376\265\3773_\375\337\006\2119\314\214\013\230"
  23      61666CFE 
  23      B5FF335F 
  23      FDDF0689 
  23      39CC8C0B 
  24 0027 41B29B19 		.ascii	"A\262\233\031\353\031\030\017\26002\000\361\237\377"
  24      EB19180F 
  24      B0303200 
  24      F19FFF
  25 0036 FFFFF333 		.ascii	"\377\377\36332\001\325Mk=t\236\275\233\031\250\212\221"
  25      3201D54D 
  25      6B3D749E 
  25      BD9B19A8 
ARM GAS  C:\Users\mvshv\AppData\Local\Temp\ccCeKKOG.s 			page 2


  25      8A91
  26 0048 81710BA3 		.ascii	"\201q\013\243\014\010\003\225\263\3400\213i\0013#\320"
  26      0C080395 
  26      B3E0308B 
  26      69013323 
  26      D0
  27 0059 ACADF8CD 		.ascii	"\254\255\370\315b\002\232\265\015h\026\020\2631`3\203"
  27      62029AB5 
  27      0D681610 
  27      B3316033 
  27      83
  28 006a 0968C676 		.ascii	"\011h\306vL3`\232\030\000\3327;\013"
  28      4C33609A 
  28      1800DA37 
  28      3B0B
  29              		.text
  30              		.section	.gnu.lto_.inline.fb69eff9,"",%progbits
  31 0000 789C6363 		.ascii	"x\234cc``(g@\000V\006\006\026\036F\006& \223m\201<\210"
  31      60602867 
  31      40005606 
  31      06161E46 
  31      06262093 
  32 0018 6260E402 		.ascii	"b`\344\002\021\014<\274@a\276\015\271pq&n\22003\003"
  32      110C3CBC 
  32      4061BE0D 
  32      B9707126 
  32      6E903033 
  33 002d 0B335082 		.ascii	"\0133P\202\351\002?\\\202\205\201\213\033(\3045\301"
  33      E9023F5C 
  33      8285818B 
  33      1B28C435 
  33      C1
  34 003e 0F4D2D1B 		.ascii	"\017M-\033.\011\006\000'\274\010\356"
  34      2E090600 
  34      27BC08EE 
  35              		.text
  36              		.section	.gnu.lto_.pureconst.fb69eff9,"",%progbits
  37 0000 789C6363 		.ascii	"x\234cc``\340\006bV\006\011F)f)\026)6)\000\004\017\000"
  37      6060E006 
  37      62560609 
  37      46296629 
  37      16293629 
  38 0018 A5       		.ascii	"\245"
  39              		.text
  40              		.section	.gnu.lto_stInit.fb69eff9,"",%progbits
  41 0000 789C6363 		.ascii	"x\234cc``X\001\304J@,\015\304\214\314\014\214L\023\316"
  41      60605801 
  41      C44A402C 
  41      0DC48CCC 
  41      0C8C4C13 
  42 0015 31303472 		.ascii	"104r012\202\030\015\034\214\014\365L\214\365\214=\314"
  42      30313282 
  42      180D1C8C 
  42      0CF54C8C 
  42      F58C3DCC 
  43 0029 5398190F 		.ascii	"S\230\031\017\265?\333\311\244\271\274\001\010\016L"
  43      B53FDBC9 
ARM GAS  C:\Users\mvshv\AppData\Local\Temp\ccCeKKOG.s 			page 3


  43      A4B9BC01 
  43      080E4C
  44 0038 FF21D9B0 		.ascii	"\377!\331\260\342\000\343\034f\006\206i@\014\002\214"
  44      E200E31C 
  44      66068669 
  44      400C028C 
  45 0048 9B193519 		.ascii	"\233\0315\031\200\312\036m\3747\225\227\215\005\"\316"
  45      80CA1E6D 
  45      FC379597 
  45      8D0522CE 
  46 0058 B885918D 		.ascii	"\270\205\221\215\201\021\310X\177\211\365@\303\277\377"
  46      8111C858 
  46      7F89F540 
  46      C3BFFF
  47 0067 ED0D07EE 		.ascii	"\355\015\007\356,b\374\317\012\224\353\000b\240%\015"
  47      2C62FCCF 
  47      0A94EB00 
  47      62A0250D 
  48 0077 07183A99 		.ascii	"\007\030:\231\231@\254\346\003\014o\030\233\027\374"
  48      9940ACE6 
  48      030C6F18 
  48      9B17FC
  49 0086 96066B02 		.ascii	"\226\006k\002\232\264s\347\233\333\354\365\177\0338"
  49      9AB473E7 
  49      9BDBECF5 
  49      7F1B38
  50 0095 E630334E 		.ascii	"\34603Nc\006\232\302\270\225\261\236a\016P\365;\306"
  50      63069AC2 
  50      B895B19E 
  50      610E50F5 
  50      3BC6
  51 00a7 A605FFB9 		.ascii	"\246\005\377\271\301\352@\240\003(\0114\200\211\201"
  51      C1EA40A0 
  51      03280934 
  51      808981
  52 00b6 41414F4F 		.ascii	"AAOO\037\216\362\213\3653\022s\364\213\213\222At|q\211"
  52      1F8EF28B 
  52      F5331273 
  52      F48B8B92 
  52      41747C71 
  53 00cb 5E320300 		.ascii	"^2\003\000\313\256Cx"
  53      CBAE4378 
  54              		.text
  55              		.section	.gnu.lto_stStartAlarm.fb69eff9,"",%progbits
  56 0000 789C9552 		.ascii	"x\234\225RKL\023Q\024}w\336t\372\341g\342B\027]4QBp"
  56      4B4C1351 
  56      147D77DE 
  56      74FAE167 
  56      E242175D 
  57 0018 D149D118 		.ascii	"\321I\321\030W\256\214\211\011\254dO\0005\230`0\224"
  57      57AE8C89 
  57      09AC644F 
  57      00359860 
  57      3094
  58 002a B8B48F7E 		.ascii	"\270\264\217~\370\010F\027R\264\031\265\021\010bB@\360"
  58      F8084617 
  58      52B419B5 
ARM GAS  C:\Users\mvshv\AppData\Local\Temp\ccCeKKOG.s 			page 4


  58      11086242 
  58      40F0
  59 003c 43B1C858 		.ascii	"C\261\310X>~\020(\2700\246.\210\304JL\375\223\220\372"
  59      3E7E1028 
  59      B830A62E 
  59      88C44A4C 
  59      FD9390FA 
  60 0050 01EF7B53 		.ascii	"\001\357{S\010\032\027\370\322y3\357\365\334s\357\271"
  60      081A17F8 
  60      D27933EF 
  60      F5DC73EF 
  60      B9
  61 0061 E72A8490 		.ascii	"\347*\204\220\"\231\220\023\370\336\207\017\230\010"
  61      22999013 
  61      F8DE870F 
  61      9808
  62 006f 48176708 		.ascii	"H\027g\010\251\267H\022\215\333\011\263\311\272\213"
  62      A9B74812 
  62      8DDB09B3 
  62      C9BA8B
  63 007e B06C0AB2 		.ascii	"\260l\012\262q-\003\360\017f\001\342\221\250\014\036"
  63      712D03F0 
  63      0F6601E2 
  63      91A80C1E 
  64 008e 68A59728 		.ascii	"h\245\227(\304\032\223\021\251\260\233\341\322\333\207"
  64      C41A9311 
  64      A9B09BE1 
  64      D2DB87
  65 009d 940616D8 		.ascii	"\224\006\026\330\251QB\202\370\360\005\203P\210\250"
  65      A9514282 
  65      F8F00583 
  65      5088A8
  66 00ac 397FBF46 		.ascii	"9\177\277F[\250F\001d<~\231\016-\346\362\243\004\016"
  66      5BA84601 
  66      643C7E99 
  66      0E2DE6F2 
  66      A3040E
  67 00bf 3CFEB8D5 		.ascii	"<\376\270\325\377:\217\356\002\202\3377z/t)\005]\214"
  67      FF3A8FEE 
  67      0282DF37 
  67      7A2F7429 
  67      055D8C
  68 00d2 79999EEA 		.ascii	"y\231\236\352\240l\267F)\334\003\212\204p\027\354p\007"
  68      A06CB746 
  68      29DC038A 
  68      847017EC 
  68      7007
  69 00e4 EC04AF08 		.ascii	"\354\004\257\010\334\207\002\216\177s{\265-G\221\303"
  69      DC87028E 
  69      7F737BB5 
  69      2D4791C3 
  70 00f4 EB396108 		.ascii	"\3539a\010\024\002\370\306\233\276y\223\316V\327\032"
  70      1402F8C6 
  70      9BBE7993 
  70      CE56D71A 
  71 0104 99BEDC09 		.ascii	"\231\276\334\011/\016\333P\002F\2310^V\370FH\023\206"
  71      2F0EDB50 
ARM GAS  C:\Users\mvshv\AppData\Local\Temp\ccCeKKOG.s 			page 5


  71      02469930 
  71      5E56F846 
  71      481386
  72 0117 A02AA693 		.ascii	"\240*\246\223f*\361/\237N\336Cl8\235X\326\016n\260\373"
  72      662AF12F 
  72      9F4EDE43 
  72      6C389D58 
  72      D60E6EB0 
  73 012c 0D755185 		.ascii	"\015uQ\205\012\372 \205M\231\011D@\201a\236\025\267"
  73      0AFA2085 
  73      4D990944 
  73      4081619E 
  73      15B7
  74 013e 1035E15F 		.ascii	"\0205\341_\301@l\326\314\365\231\004r\246w\345\263\315"
  74      C1406CD6 
  74      CCF59904 
  74      72A677E5 
  74      B3CD
  75 0150 387226DE 		.ascii	"8r&\336\201\360\325w\3260\\\003\215*\020EY\017P\026"
  75      81F0D577 
  75      D6305C03 
  75      8D2A1045 
  75      590F5016 
  76 0164 873626A7 		.ascii	"\2076&\247\342\271j/\363\327\263\205O\363\333\027\315"
  76      E2B96A2F 
  76      F3D7B385 
  76      4FF3DB17 
  76      CD
  77 0175 1A35C308 		.ascii	"\0325\303\010\204\241\015+\345\231\010<\004\025k\364"
  77      84A10D2B 
  77      E599083C 
  77      04156BF4 
  78 0185 FD6C7865 		.ascii	"\375lxe52f\222N\254\255\350y<\213\014\022\214\"\337"
  78      35326692 
  78      4EACADE8 
  78      793C8B0C 
  78      128C22DF 
  79 0199 5BF027C6 		.ascii	"[\360'\306\332\243\223\300\213F\030b\372R\221t\216\201"
  79      DAA393C0 
  79      8B461862 
  79      FA529174 
  79      8E81
  80 01ab 21A0F39C 		.ascii	"!\240\363\234\270\232\261\235q;*O\201\337!\372\207\310"
  80      B89AB19D 
  80      713B2A4F 
  80      81DF21FA 
  80      87C8
  81 01bd 48249530 		.ascii	"H$\2250{~1\213F-A\354\015\201G\340!\233\265Y\2056\337"
  81      7B7E318B 
  81      462D41EC 
  81      0D8147E0 
  81      219BB559 
  82 01d4 F7D16FB9 		.ascii	"\367\321o\271\210C\327\255\334\004~\227\236\373\320"
  82      8843D7AD 
  82      DC047E97 
  82      9EFBD0
  83 01e3 9485EAEA 		.ascii	"\224\205\352\352\267i\324\006c8*\261\214<_\347`\000"
ARM GAS  C:\Users\mvshv\AppData\Local\Temp\ccCeKKOG.s 			page 6


  83      B769D406 
  83      63382AB1 
  83      8C3C5FE7 
  83      6000
  84 01f5 107D9931 		.ascii	"\020}\2311\007g\030Ge\206c\023\340\321h\226\250F\316"
  84      07671847 
  84      65866313 
  84      E0D16896 
  84      A846CE
  85 0208 18910489 		.ascii	"\030\221\004\211\3074\353\347\306m\264Bd{\331\342_2"
  85      C734EBE7 
  85      C66DB442 
  85      647BD9E2 
  85      5F32
  86 021a E77788E9 		.ascii	"\347w\210\351H^\311\0161\335\357\340\0032\371\347\200"
  86      485EC90E 
  86      31DDEFE0 
  86      0332F9E7 
  86      80
  87 022b 88C97B0C 		.ascii	"\210\311{\014\371!\344B;C\351D\252\355\300\337v\306"
  87      F921E442 
  87      3B43E944 
  87      AAEDC0DF 
  87      76C6
  88 023d 15CA3119 		.ascii	"\025\3121\031K\351\037\226>AK\237\362\262p\333\252["
  88      4BE91F96 
  88      3E414B9F 
  88      F2B270DB 
  88      AA5B
  89 024f 033BBE62 		.ascii	"\003;\276bW\262\341\231p\013\004\011\007\351\255\336"
  89      57B2E199 
  89      700B0409 
  89      07E9ADDE 
  90 025f 1EB3AB8F 		.ascii	"\036\263\253\217\203\302\003\300\375\234\002\025\366"
  90      83C203C0 
  90      FD9C0215 
  90      F6
  91 026c 208340C0 		.ascii	" \203@\300spe\352\\^\212\006r\267\2362|\226\223M\213"
  91      737065EA 
  91      5C5E8A06 
  91      72B79E32 
  91      7C96934D 
  92 0281 7452866C 		.ascii	"tR\206l\006\324\315\036\231\261\214Y\214\024\344#\377"
  92      06D4CD1E 
  92      99B18C59 
  92      8C14E423 
  92      FF
  93 0292 4F1E5F9F 		.ascii	"O\036_\237<A>'\310\243\327[{l\006\271\004\363\030\231"
  93      3C413E27 
  93      C8A3D75B 
  93      7B6C06B9 
  93      04F31899 
  94 02a6 04EF42CB 		.ascii	"\004\357B\313\315J\336G\321P\362\021\274\341\356\363"
  94      CD4ADE47 
  94      D150F211 
  94      BCE1EEF3 
  95 02b6 86B17C35 		.ascii	"\206\261|5a7\320R\034\"\207\323\251n\374j\334jUy\265"
ARM GAS  C:\Users\mvshv\AppData\Local\Temp\ccCeKKOG.s 			page 7


  95      6137D052 
  95      1C2287D3 
  95      A96EFC6A 
  95      DC6A5579 
  96 02cb EAAEADE4 		.ascii	"\352\256\255\344\3572w\235\263\222\230\313+\334u'O\035"
  96      EF32779D 
  96      B39298CB 
  96      2BDC7527 
  96      4F1D
  97 02dd DFFF0FE0 		.ascii	"\337\377\017\340\351\232\332:\267z\264\264do\221Z\\"
  97      E99ADA3A 
  97      B77AB4B4 
  97      646F915A 
  97      5C
  98 02ee 7C482D3D 		.ascii	"|H-=Rr\306\225\011-\253\256>\346\254\"2\217\375\015"
  98      5272C695 
  98      092DABAE 
  98      3EE6AC22 
  98      328FFD0D 
  99 0302 0DA47B62 		.ascii	"\015\244{b"
 100              		.text
 101              		.section	.gnu.lto_stStopAlarm.fb69eff9,"",%progbits
 102 0000 789C6D4F 		.ascii	"x\234mO=KBa\024>\317}\355fA\315E\016A\223\313\275T\324"
 102      3D4B4261 
 102      143ECF7D 
 102      ED6641CD 
 102      450E4193 
 103 0018 2F8820D0 		.ascii	"/\210 \320)\227&\011\033\034\004\303+\255\276\226\246"
 103      29972609 
 103      1B1C04C3 
 103      2BADBE96 
 103      A6
 104 0029 614343DA 		.ascii	"aCC\332b!44\211D\237\366\001\027i\023,\372\005\322`"
 104      62213434 
 104      89449FF6 
 104      01176913 
 104      2CFA05D2 
 105 003e D0102142 		.ascii	"\320\020!BB`\235WC\032:\274\347\343=\3479\3479G'\242"
 105      42609D57 
 105      431A3ABC 
 105      E7E33DE7 
 105      39E73947 
 106 0054 3910ADB0 		.ascii	"9\020\255\260\237`\205 h{5\242\270S\003T \235\240\230"
 106      9F608520 
 106      687B35A2 
 106      B8530354 
 106      209DA098 
 107 0068 861876C5 		.ascii	"\206\030v\305\276@%\325(k\356\023\311b\037\264\364m"
 107      BE4025D5 
 107      286BEE13 
 107      C9621FB4 
 107      F46D
 108 007a 991CCB0B 		.ascii	"\231\034\313\013\242\034\253\022\234\301M\014{9\355"
 108      A21CAB12 
 108      9CC14D0C 
 108      7B39ED
 109 0089 64477447 		.ascii	"dGtG/\217s\350\304\034Tz\036\260e\347;%\355\207c|-r"
ARM GAS  C:\Users\mvshv\AppData\Local\Temp\ccCeKKOG.s 			page 8


 109      2F8F73E8 
 109      C41C547A 
 109      1EB065E7 
 109      3B25ED87 
 110 00a1 2DCDCA24 		.ascii	"-\315\312$\322\246\035\241\251h\313\2467TZ\355\352]"
 110      D2A61DA1 
 110      A968CBA6 
 110      37545AED 
 110      EA5D
 111 00b3 CEE8CF49 		.ascii	"\316\350\317I\364\350\332\272\350\316\312\011\374\345"
 111      F4E8DABA 
 111      E8CECA09 
 111      FCE5
 112 00c1 C005745C 		.ascii	"\300\005t\\*\0126\234\317%+\217\203\031\221\027\350"
 112      2A0A369C 
 112      CF252B8F 
 112      83199117 
 112      E8
 113 00d2 C26AC5CF 		.ascii	"\302j\305\317\217\341\336W\215qp\252p\370:T\300\021"
 113      8FE1DE57 
 113      8D7170AA 
 113      70F83A54 
 113      C011
 114 00e4 F242C335 		.ascii	"\362B\3035\\\270\202\213\0244\325\250>\215\232E\231"
 114      5CB8828B 
 114      1434D5A8 
 114      3E8D9A45 
 114      99
 115 00f5 88CB7AA9 		.ascii	"\210\313z\2519\336\344&\2012\012\310\362\232\212\206"
 115      39DEE426 
 115      81320AC8 
 115      F29A8A86 
 116 0105 7003F32F 		.ascii	"p\003\363/\005o\202[\356~\307f=s?\325\275TI\232\013"
 116      056F825B 
 116      EE7EC766 
 116      3D733FD5 
 116      BD54499A 
 117 011a 7C8D4634 		.ascii	"|\215F4i\030f\377\205-3\270\0322\255H@y\277\0255\002"
 117      691866FF 
 117      852D33B8 
 117      1A32AD48 
 117      4079BF15 
 118 0130 34FF0F60 		.ascii	"4\377\017`=\034\211Z\346\262\317;;cz<\013\246o\311\273"
 118      3D1C895A 
 118      E6B2CF3B 
 118      3B637A3C 
 118      0BA66FC9 
 119 0145 31FDDBE2 		.ascii	"1\375\333\342\017\205\326\214 \375\000\351\353\202\275"
 119      0F85D68C 
 119      20FD00E9 
 119      EB82BD
 120              		.text
 121              		.section	.gnu.lto_stSetAlarm.fb69eff9,"",%progbits
 122 0000 789C8D52 		.ascii	"x\234\215RKHTQ\030>\337=w\346\316\214\257\240M\213\011"
 122      4B485451 
 122      183EDF3D 
 122      77E6CE8C 
ARM GAS  C:\Users\mvshv\AppData\Local\Temp\ccCeKKOG.s 			page 9


 122      AFA04D8B 
 123 0015 064AC416 		.ascii	"\006J\304\026s\261\"Z\265\012\"\320U\356E\25500\014"
 123      73B1225A 
 123      B50A22D0 
 123      55EE45AD 
 123      30300C
 124 0028 47A2DD1C 		.ascii	"G\242\335\034g\306WJ\265\3101\206k\014\251D\221hj\345"
 124      67C6574A 
 124      B5C83186 
 124      6B0CA944 
 124      91686AE5 
 125 003c 68E56D7C 		.ascii	"h\345m|\3654u\023\245\013\311\232\"\354\035\310\364"
 125      F5347513 
 125      A50BC99A 
 125      22EC1DC8 
 125      F4
 126 004d D0FE7367 		.ascii	"\320\376sg\022\215\026\035\346\236\327|\377\367\377"
 126      128D161D 
 126      E69ED77C 
 126      FFF7FF
 127 005c DFFF1D3B 		.ascii	"\337\377\035;c\354\024g\354(\255\273\351\203\215A97"
 127      63EC1467 
 127      EC28ADBB 
 127      E9838D41 
 127      3937
 128 006e C558AD43 		.ascii	"\305X\255CQ\370\264\233\011\227j\0260\221\311\241\246"
 128      51F8B49B 
 128      09976A16 
 128      3091C9A1 
 128      A6
 129 007f AE55406E 		.ascii	"\256U@n\204\003\314\257p\025~\264\360\363\034\361\206"
 129      8403CCAF 
 129      70157EB4 
 129      F0F31CF1 
 129      86
 130 0090 444CC9BF 		.ascii	"DL\311\277,h\230m\275Z\275\250\333b\020o\230>9\320\217"
 130      2C68986D 
 130      BD5ABDA8 
 130      DB62106F 
 130      983E39D0 
 131 00a5 7C42CD84 		.ascii	"|B\315\204z\015\336\314\015\016\250t\374\374$\262\230"
 131      7A0DDECC 
 131      0D0EA874 
 131      FCFC24B2 
 131      98
 132 00b6 2D8F0A3C 		.ascii	"-\217\012<t\374q\265w>\207o\003\243\375\245\356\263"
 132      74FC71B5 
 132      773E876F 
 132      03A3FDA5 
 132      EEB3
 133 00c8 5DF6BC2E 		.ascii	"]\366\274.!\002\302\234\357\340b\273\3019n\202\023!"
 133      2102C29C 
 133      EFE062BB 
 133      C1396E82 
 133      1321
 134 00da 6EC08D01 		.ascii	"n\300\215\001\270\031]1\334B\236\304\277\274\276\322"
 134      B8195D31 
ARM GAS  C:\Users\mvshv\AppData\Local\Temp\ccCeKKOG.s 			page 10


 134      DC429EC4 
 134      BFBCBED2 
 135 00ea 9A6557A3 		.ascii	"\232eW\243\177rb\020v\006Z\351\246g\326f\212\225\325"
 135      7F726210 
 135      76065AE9 
 135      A667D666 
 135      8A95D5
 136 00fd 0661BEEA 		.ascii	"\006a\276\352\304\360\001)\201\242l\024\257\332\345"
 136      C4F00129 
 136      81A26C14 
 136      AFDAE5
 137 010c C4582385 		.ascii	"\304X#\205\220*a\262&\256\310]\320d\357\020\037J\316"
 137      902A61B2 
 137      26AEC85D 
 137      D064EF10 
 137      1F4ACE
 138 011f 7D33F6AD 		.ascii	"}3\366\255\261\207R\352\0064n\321\2079\326ef\210\301"
 138      B18752EA 
 138      06346ED1 
 138      8739D665 
 138      6688C1
 139 0132 8E219995 		.ascii	"\216!\231\225\246\010\267\321_\341\272\370SM\352\263"
 139      A608B7D1 
 139      5FE1BAF8 
 139      534DEAB3 
 140 0142 59C8A9EE 		.ascii	"Y\310\251\356\345O\256\324Q2\311\016D\333\3378\243\270"
 140      E54FAED4 
 140      5132C90E 
 140      44DBDF38 
 140      A3B8
 141 0154 0883DB71 		.ascii	"\010\203\333q\233d\015\223,\011mH<\232\316\326\273E"
 141      9B640D93 
 141      2C096D48 
 141      3C9ACED6 
 141      BB45
 142 0166 A8562C7C 		.ascii	"\250V,|\234\335\274\250\031\\\303\035D\321J\225\312"
 142      9CDDBCA8 
 142      195CC31D 
 142      44D14A95 
 142      CA
 143 0177 4C0C77A1 		.ascii	"L\014w\241S\215\301\237\365\317\235\251\214\351\244"
 143      538DC19F 
 143      F5CF9DA9 
 143      8CE9A4
 144 0186 E3ABCB66 		.ascii	"\343\253\313f\216\314\242B\301\010\361\275F\350\305"
 144      8ECCA242 
 144      C108F1BD 
 144      46E8C5
 145 0195 68DBC024 		.ascii	"h\333\300$d\321\004#L\317R,\231\225\3020\2302'\215&"
 145      64D10423 
 145      4CCF522C 
 145      9995C230 
 145      9832278D 
 146 01aa 6AE7B49B 		.ascii	"j\347\264\233\224/!\344\261\372G\310XliN\363\377\022"
 146      942F21E4 
 146      B1FA47C8 
 146      586C694E 
ARM GAS  C:\Users\mvshv\AppData\Local\Temp\ccCeKKOG.s 			page 11


 146      F3FF12
 147 01bd 0E833BC2 		.ascii	"\016\203;\302\324\033\206{\360\263\365\332\234\226\266"
 147      D41B867B 
 147      F0B3F5DA 
 147      9C96B6
 148 01cc E0F791AF 		.ascii	"\340\367\221\257\331\204#\327\235\322\004y\227\234y"
 148      D98423D7 
 148      9DD20479 
 148      979C79
 149 01db DF9841EA 		.ascii	"\337\230A\352j7\031\334\205Qz*\361\264\274`g\177\035"
 149      6A3719DC 
 149      85517A2A 
 149      F1B4BC60 
 149      677F1D
 150 01ee 087D4108 		.ascii	"\010}A\010\217d\030#e)\307\306\3417x\206U\215\2326\""
 150      8F641823 
 150      6529C7C6 
 150      E1377886 
 150      558D9A36 
 151 0203 0145C634 		.ascii	"\001E\3064\231\247\307\\\274\314\312\366\2549\364V\313"
 151      99A7C75C 
 151      BCCCCAF6 
 151      AC39F456 
 151      CB
 152 0214 EDB05EC7 		.ascii	"\355\260^\307D{fD\230!\217| \023\033\037\210\365\362"
 152      447B6644 
 152      98218F7C 
 152      20131B1F 
 152      88F5F2
 153 0227 26911B21 		.ascii	"&\221\033!.\2623\222\234\273\326\266\367o;\0075.1iK"
 153      2EB23392 
 153      9CBBD6B6 
 153      F76F3B07 
 153      352E3169 
 154 023c F9064BEF 		.ascii	"\371\006K\357\223\245\017dY4\375\257[}[\277PW2\361\320"
 154      93A50F64 
 154      5934FDAF 
 154      5B7D5BBF 
 154      505732F1 
 155 0251 720B1689 		.ascii	"r\013\026\211\004\231-\201+ZA\217\004E\373 \375|\004"
 155      04992D81 
 155      2B5A418F 
 155      0445FB20 
 155      FD7C04
 156 0264 1D3B88C1 		.ascii	"\035;\210\301B\3401\012d\235\011\004\026\232\347\313"
 156      42E0310A 
 156      649D0904 
 156      169AE7CB 
 157 0274 65355659 		.ascii	"e5VY\354\003\002\321\3453\251\366\310\321H\234\324\030"
 157      EC0302D1 
 157      E533A9F6 
 157      C8D1489C 
 157      D418
 158 0286 B2C2E3F5 		.ascii	"\262\302\343\365\352k\277*\237^QZ\251\373\252\313\345"
 158      EA6BBF2A 
 158      9F5E515A 
 158      A9FBAACB 
ARM GAS  C:\Users\mvshv\AppData\Local\Temp\ccCeKKOG.s 			page 12


 158      E5
 159 0297 5AE2ABF1 		.ascii	"Z\342\253\361\2263\255\264\314Ws\354\370\221=\377\000"
 159      9633ADB4 
 159      CC5773EC 
 159      F8913DFF 
 159      00
 160 02a8 9EA8AAAE 		.ascii	"\236\250\252\256\361\351\207\212\213v\355\324\013\013"
 160      F1E9878A 
 160      8B76EDD4 
 160      0B0B
 161 02b6 F7EBC507 		.ascii	"\367\353\305\007\213N\026\244CK*+\017{+\230*c\177\003"
 161      8B4E16A4 
 161      434B2A2B 
 161      0F7B2B98 
 161      2A637F03 
 162 02ca 508B4043 		.ascii	"P\213@C"
 163              		.text
 164              		.section	.gnu.lto_stGetAlarm.fb69eff9,"",%progbits
 165 0000 789C8D52 		.ascii	"x\234\215RKL\023Q\024\275g\336t\246\345SM\334\030\323"
 165      4B4C1351 
 165      14BD67DE 
 165      74A6E553 
 165      4DDC18D3 
 166 0014 C46E71D1 		.ascii	"\304nq\321I\325\270tebL`%\033W\304\340\202\005\011\206"
 166      49D5B874 
 166      65624C60 
 166      251B57C4 
 166      E0820509 
 167 0029 12B77DA5 		.ascii	"\022\267}\245E \2600*\255\301\3214\321\304\270 \325"
 167      4520B030 
 167      2AADC1D1 
 167      34D1C4B8 
 167      20D5
 168 003b 503FAD0A 		.ascii	"P?\255\012#\0250!ba\247n\210\370IH%\250$XE\360\276\031"
 168      23153021 
 168      6261A76E 
 168      88F84948 
 168      25A82458 
 169 0053 82685C38 		.ascii	"\202h\\8\231\367\2717g\316\275\347\2361\210hI#:\305"
 169      99F7B937 
 169      67CEBDE7 
 169      9E318868 
 169      49233AC5 
 170 0067 E7615EF0 		.ascii	"\347a^\360\021\264\013\263D\011\277\246\211r\210d\215"
 170      11B40BB3 
 170      4409BFA6 
 170      89728864 
 170      8D
 171 0078 EE4449D6 		.ascii	"\356DI\326\011\350^Z\007\324E\372AqM\350\210cP\\\026"
 171      09E85E5A 
 171      07D445FA 
 171      41714DE8 
 171      8863505C 
 172 008d 984BDDB1 		.ascii	"\230K\335\261\305\200\260\005A\347\360\363\213\341\305"
 172      C580B005 
 172      41E7F0F3 
 172      8BE1C5
ARM GAS  C:\Users\mvshv\AppData\Local\Temp\ccCeKKOG.s 			page 13


 173 009c A00A8130 		.ascii	"\240\012\2010\207\225\345\251|]\303-)\273\245\223Y1"
 173      8795E5A9 
 173      7C5DC32D 
 173      29BBA593 
 173      5931
 174 00ae AFE6CB32 		.ascii	"\257\346\3132`\013\215\322\014\317#\204Q\204T\361{h"
 174      600B8DD2 
 174      0CCF2384 
 174      518454F1 
 174      7B68
 175 00c0 2046BFBD 		.ascii	" F\277\275\2731To\350YA\012\300\371\3730\010|r&7\357"
 175      BB31546F 
 175      E859410A 
 175      C0F9FB30 
 175      087C7226 
 176 00d6 73E4C666 		.ascii	"s\344\306f\257t\336\335\300\217\343\246N\266\020>\265"
 176      AF74DEDD 
 176      C08FE3A6 
 176      4EB6103E 
 176      B5
 177 00e7 196A23EA 		.ascii	"\031j#\352\343\305\015J\207\372\271\000\337\222\016"
 177      E3C50D4A 
 177      87FAB900 
 177      DF920E
 178 00f6 2D61A258 		.ascii	"-a\242X\235Y\265\217n\223\247$?Nf\325\024.{Z`Ga\302"
 178      9D59B58F 
 178      6E93A724 
 178      3F4E66D5 
 178      142E7B5A 
 179 010e 031878A8 		.ascii	"\003\030x\250\212\3626,\224\240t\317\304KS\011\322]"
 179      8AF2362C 
 179      94A074CF 
 179      C44B5309 
 179      D25D
 180 0120 E4ECC8DA 		.ascii	"\344\354\310\332J\215\027*&\205\310^\373\030\310\342"
 180      4A8D172A 
 180      2685C85E 
 180      FB18C8E2 
 181 0130 3A6CE143 		.ascii	":l\341C\2215\025\224&\316\367~\230)\007\255\021\231"
 181      91351594 
 181      26CEF77E 
 181      982907AD 
 181      1199
 182 0142 4AC885DC 		.ascii	"J\310\205\334\374\236E\323\026\006\036!\213!\356TU\""
 182      FC9E45D3 
 182      16061E21 
 182      8B21EE54 
 182      5522
 183 0154 3C86C53D 		.ascii	"<\206\305=&\327\317\277\012x\025}^\321\311\3155g\227"
 183      26D7CFBF 
 183      0A78157D 
 183      5ED1C9CD 
 183      356797
 184 0167 AA22A0E1 		.ascii	"\252\"\240\341\011\363\275G\352u)\263:\015\3254\303"
 184      09F3BD47 
 184      EA7529B3 
 184      3A0DD534 
ARM GAS  C:\Users\mvshv\AppData\Local\Temp\ccCeKKOG.s 			page 14


 184      C3
 185 0178 1893AB14 		.ascii	"\030\223\253\024\252\365\036\2060\346\316\221X\272\240"
 185      AAF51E86 
 185      30E6CE91 
 185      58BAA0
 186 0187 72889557 		.ascii	"r\210\225W\220\012\273\343cd\241Pyc\306\177J\277-\314"
 186      900ABBE3 
 186      6364A150 
 186      7963C67F 
 186      4ABF2DCC 
 187 019b 34CF8630 		.ascii	"4\317\2060\2168\355\324\346w\265%\277\217\177\0152n"
 187      8E38EDD4 
 187      E677B525 
 187      BF8F7F0D 
 187      326E
 188 01ad 2F279407 		.ascii	"/'\224\007*W\235\373\324W\313\352\022\273m\021\300S"
 188      2A579DFB 
 188      D457CBEA 
 188      12BB6D11 
 188      C053
 189 01bf 76DDD992 		.ascii	"v\335\331\222\227\2749\332\003F_\2212\254\030&X\231"
 189      97BC39DA 
 189      03465F91 
 189      32AC1826 
 189      5899
 190 01d1 67580971 		.ascii	"gX\011q[\324\270\335\350\277\215\030\253\316\254g\366"
 190      5BD4B8DD 
 190      E8BF8D18 
 190      ABCEAC67 
 190      F6
 191 01e2 FD65C4A5 		.ascii	"\375e\304\245o\346\226\017\342\017\037\236\261\017\223"
 191      6FE6960F 
 191      E20F1F9E 
 191      B10F93
 192 01f1 8A6B52C9 		.ascii	"\212kR\3115\376w\312_\366_\344\337\253\026S\356\224"
 192      35FE77CA 
 192      5FF65FE4 
 192      DFAB1653 
 192      EE94
 193 0203 E1F22890 		.ascii	"\341\362(\2203\330}\333\214\346\024([\324\224\017\323"
 193      33D87DDB 
 193      8CE61428 
 193      5BD4940F 
 193      D3
 194 0214 B0708019 		.ascii	"\260p\200\031\\\004\236#J\313\350^\030X/\031\336\204"
 194      5C049E23 
 194      4ACBE85E 
 194      18582F19 
 194      DE84
 195 0226 0D35CD3E 		.ascii	"\0155\315>\246\340\376yb\341H\304\332~;bV\333\351v+"
 195      A6E0FE79 
 195      62E148C4 
 195      DA7E3B62 
 195      56DBE976 
 196 023b D6D9AACE 		.ascii	"\326\331\252\316\226XW\244\225\216\374\003p\266\243"
 196      965857A4 
 196      958EFC03 
ARM GAS  C:\Users\mvshv\AppData\Local\Temp\ccCeKKOG.s 			page 15


 196      70B6A3
 197 024a B32B669D 		.ascii	"\263+f\235ln:t\320jl<f5\237h:\027\335\372\244\245\275"
 197      6C6E3A74 
 197      D06A6C3C 
 197      66359F68 
 197      3A17DDFA 
 198 0261 FD4CA48D 		.ascii	"\375L\244\215~\001\324q\023\313"
 198      7E01D471 
 198      13CB
 199              		.text
 200              		.section	.gnu.lto_.symbol_nodes.fb69eff9,"",%progbits
 201 0000 789C558A 		.ascii	"x\234U\212\313\015\3020\020\005g\337&\026i\203\002\250"
 201      CB0DC230 
 201      100567DF 
 201      26166983 
 201      02A8
 202 0012 012A5B1F 		.ascii	"\001*[\037R\000EPC$\302\237\002\250\2016\270 ,\347\202"
 202      52004550 
 202      4324C29F 
 202      02A88136 
 202      B8202CE7 
 203 0027 0F4F23CD 		.ascii	"\017O#\315\274\004Le\350\250\200\375\013\012\346\274"
 203      BC044C65 
 203      E8A880FD 
 203      0B0AE6BC 
 204 0037 2B665658 		.ascii	"+fVXc\372\273\310kp\235\024j\317g\205\267\347\207l9"
 204      63FABBC8 
 204      6B709D14 
 204      6ACF6785 
 204      B7E7876C 
 205 004c 5F145D9B 		.ascii	"_\024]\233\236RMvU\3645A\316[\260\233\"\375\013g\305"
 205      9E524D76 
 205      55F43541 
 205      CE5BB09B 
 205      22FD0B67 
 206 0061 E1FD35B7 		.ascii	"\341\3755\267\201\361\263\361nA\252\340\007\330\330"
 206      81F1B3F1 
 206      6E41AAE0 
 206      07D8D8
 207 0070 2B85     		.ascii	"+\205"
 208              		.text
 209              		.section	.gnu.lto_.refs.fb69eff9,"",%progbits
 210 0000 789C6363 		.ascii	"x\234cc``\020\000bFF&&\026F\026&V\026F6&v\026\006\000"
 210      60601000 
 210      62464626 
 210      26164616 
 210      26561646 
 211 001a 033F0045 		.ascii	"\003?\000E"
 212              		.text
 213              		.section	.gnu.lto_.decls.fb69eff9,"",%progbits
 214 0000 789CB558 		.ascii	"x\234\265X}P\025\327\025\337\273\367\201\217\307\227"
 214      7D5015D7 
 214      15DFBBF7 
 214      818FC797 
 215 0010 7DC93876 		.ascii	"}\3118vb&h\315@'\011\037\2326i\247\315$Ac\222\211i\373"
 215      622668CD 
 215      4027091F 
ARM GAS  C:\Users\mvshv\AppData\Local\Temp\ccCeKKOG.s 			page 16


 215      9A3669A7 
 215      CD244163 
 216 0028 B433ED94 		.ascii	"\2643\355\224\231\027\002/\201\031>\254\357\231\231"
 216      9917022F 
 216      81193EAC 
 216      EF9999
 217 0037 FCD32C82 		.ascii	"\374\323,\202\202h\"\030PD\024\020D\222\020\003* \""
 217      82682218 
 217      50441410 
 217      44921003 
 217      2A2022
 218 004a F28D7C0A 		.ascii	"\362\215|\012\"\020\021Q\304\017D#\002\212\242\210\364"
 218      22101151 
 218      C40F4423 
 218      028AA288 
 218      F4
 219 005b DC8F65F7 		.ascii	"\334\217e\367-\220\2443\351\016\207\335s\357\271\277"
 219      2D90A433 
 219      E90E87DD 
 219      73EFB9BF 
 220 006b F33BE7DE 		.ascii	"\363;\347\336=\367\356s\024\004\301\363iA\370\033\026"
 220      3DF7EE73 
 220      1404C1F3 
 220      6941F81B 
 220      16
 221 007c 8485A220 		.ascii	"\204\205\242 L\301\345\010m\225 \320$T\200\234\006\351"
 221      4CC1E508 
 221      6D9520D0 
 221      2454809C 
 221      06E9
 222 008e 14D8350F 		.ascii	"\024\3305\017\344\002H\037H?\310U\220\001\220A\220!"
 222      E402481F 
 222      483FC855 
 222      90019041 
 222      9021
 223 00a0 3E661464 		.ascii	">f\024d\014d\\\260\277J\020\353\377\000\344!H\017o\027"
 223      0C645CB0 
 223      BF4A10EB 
 223      FF00E421 
 223      480F6F17 
 224 00b4 39E6A030 		.ascii	"9\346\2400\363\252\2041\256|\214\021\344i\316\311\023"
 224      F3AA8431 
 224      AE7C8C11 
 224      E469CEC9 
 224      13
 225 00c5 E4CFD0F7 		.ascii	"\344\317\320\367'\220)x~\0151\236- \267A\\\271//\270"
 225      27902978 
 225      7E0D319E 
 225      2D20B741 
 225      5CB92F2F 
 226 00da 7B82FC16 		.ascii	"{\202\374\026D\307y\277\205\030\327\267\341\2168_\365"
 226      44C779BF 
 226      8518D7B7 
 226      E18E385F 
 226      F5
 227 00eb 55CB6D3F 		.ascii	"U\313m?\320\370@\034O\344\261\277\213f\362m\370\037"
 227      D0F8401C 
ARM GAS  C:\Users\mvshv\AppData\Local\Temp\ccCeKKOG.s 			page 17


 227      4FE4B1BF 
 227      8B66F26D 
 227      F81F
 228 00fd F8929C76 		.ascii	"\370\222\234v\250\370\212*\276:\236[\231\353{\234\353"
 228      A8F88A2A 
 228      BE3A9E5B 
 228      99EB7B9C 
 228      EB
 229 010e 98C65F2B 		.ascii	"\230\306_+4\272\374\002\276\006T\276\336\347\276\264"
 229      34BAFC02 
 229      BE0654BE 
 229      DEE7BEB4 
 230 011e F3978451 		.ascii	"\363\227\204Qo\375W\337\340\255\030y\032\020Y)\356\320"
 230      6FFD57DF 
 230      E0AD1879 
 230      1A105929 
 230      EED0
 231 0130 F4DD0F25 		.ascii	"\364\335\017%\017]Y\023\261(\315\275\373\014\026\351"
 231      0F5D5913 
 231      B128CDBD 
 231      FB0C16E9 
 232 0140 E378C9D4 		.ascii	"\343x\311\324iG\357<\211]\372w\005T\210\260\214\324"
 232      6947EF3C 
 232      895DFA77 
 232      055488B0 
 232      8CD4
 233 0152 BE7D347B 		.ascii	"\276}4{\036~\201\032\236\211\311O#\250F\003\322\201"
 233      1E7E811A 
 233      9E89C94F 
 233      23A84603 
 233      D281
 234 0164 3AD2927A 		.ascii	":\322\222z\305\015\324\247\015\310#\011\213\227\272"
 234      C50DD4A7 
 234      0DC82309 
 234      8B97BA
 235 0173 272EB821 		.ascii	"'.\270!\203W\234$m\2242\242%\247\267\005T\202\026\241"
 235      83579C24 
 235      6D9432A2 
 235      25A7B705 
 235      548216A1 
 236 0187 63689180 		.ascii	"ch\221\200J\221\027\361\\\204\274\005t\024\032\217@"
 236      4A9117F1 
 236      5C84BC05 
 236      74141A8F 
 236      40
 237 0198 630E7157 		.ascii	"c\016qW\361\340\276gb\254$\211\35082\240b\204\251\015"
 237      F1E0BE67 
 237      62AC2489 
 237      E83832A0 
 237      6284A90D 
 238 01ac 04E66960 		.ascii	"\004\346i`\004\276\312N\334\357\210\367\"\302@,\335"
 238      04BECA4E 
 238      DCEF88F7 
 238      22C2402C 
 238      DD
 239 01bd 73AD569C 		.ascii	"s\255V\234\313\307\311\271}\344-\251\333D|\224\201\217"
 239      CBC7C9B9 
ARM GAS  C:\Users\mvshv\AppData\Local\Temp\ccCeKKOG.s 			page 18


 239      7DE42DA9 
 239      DB447C94 
 239      818F
 240 01cf 138A0F70 		.ascii	"\023\212\017p\311\234l/\354y\354\2167\322|\210\233Z"
 240      C99C6C2F 
 240      EC79EC8E 
 240      37D27C88 
 240      9B5A
 241 01e1 8B06E774 		.ascii	"\213\006\347tR9\247\223\201\206\227\367vH\222\007\252"
 241      5239A793 
 241      818697F7 
 241      76489207 
 241      AA
 242 01f2 0027E58A 		.ascii	"\000'\345\212\2232\352\204\264\202\243\211\033I\335"
 242      9332EA84 
 242      B482A389 
 242      1B49DD
 243 0201 88A5D005 		.ascii	"\210\245\320\005\324\353\307\223j\014\20682\236:\"\355"
 243      D4EBC793 
 243      6A0C8638 
 243      329E3A22 
 243      ED
 244 0212 B22B0155 		.ascii	"\262+\001U\223\221\310g\021\252\002\025\254\263n\226"
 244      9391C867 
 244      11AA0215 
 244      ACB36E96 
 245 0222 543BB0C1 		.ascii	"T;\260\301\256\240^\330\237t@\307\362\177\203tw\216"
 245      AEA05ED8 
 245      9F7440C7 
 245      F27F8374 
 245      778E
 246 0234 973D72C1 		.ascii	"\227=r\301\3714\010]^\364\327\303:\344\265\010\001\032"
 246      F934085D 
 246      5EF4D7C3 
 246      3AE4B508 
 246      011A
 247 0246 32E4C893 		.ascii	"2\344\310\223+\240F`W\307\347\027\256T\011\274\017\177"
 247      2BA04660 
 247      57C7E717 
 247      AE5409BC 
 247      0F7F
 248 0258 469AE159 		.ascii	"F\232\341YO\3574p)K\302\013\005\264|\021\362\205\260"
 248      4FEF3470 
 248      294BC20B 
 248      05B47C11 
 248      F285B0
 249 026b 4F41D88D 		.ascii	"OA\330\215\224N\003\000\3263>\222\324v\307\301\230@"
 249      944E0300 
 249      D6333E92 
 249      D476C7C1 
 249      9840
 250 027d 80E1DFEB 		.ascii	"\200\341\337\353\210b\327B\177\015\245\337\204\214r"
 250      8862D742 
 250      7F0DA5DF 
 250      848C72
 251 028c 10C4BA20 		.ascii	"\020\304\272 \255\376\241\223\201c\307\375\024\366\324"
 251      ADFEA193 
ARM GAS  C:\Users\mvshv\AppData\Local\Temp\ccCeKKOG.s 			page 19


 251      8163C7FD 
 251      14F6D4
 252 029b AEB49179 		.ascii	"\256\264\221yj\354\346\037\303\2763Pu\310\340\022?="
 252      6AECE61F 
 252      C3BE3350 
 252      75C8E012 
 252      3F3D
 253 02ad 61A80519 		.ascii	"a\250\005\031U\211<\215\310\273G\357`<9\3346\351\302"
 253      55893C8D 
 253      C8BB47EF 
 253      603C39DC 
 253      36E9C2
 254 02c0 D248A7A4 		.ascii	"\322H\247\244~s:\232s\016\332\3449he\274\276\357\216"
 254      7E733A9A 
 254      730EDAE4 
 254      396865BC 
 254      BEEF8E
 255 02d3 29E113E8 		.ascii	")\341\023\350\014j\361\345\344r'6\007\347H\367\311\246"
 255      0C6AF1E5 
 255      E4722736 
 255      07E748F7 
 255      C9A6
 256 02e5 F66E376D 		.ascii	"\366n7mJ\332\001\355\014E;Ki\267\311\264;.n\363\327"
 256      4ADA01ED 
 256      0C453B4B 
 256      69B7C9B4 
 256      3B2E6EF3 
 257 02fa C638A7F1 		.ascii	"\3068\247\361\336\206\334\000u\210\035v!v\362\020;i"
 257      DE86DC00 
 257      75881D76 
 257      2176F210 
 257      3B69
 258 030c 88C72BCB 		.ascii	"\210\307+\313\312\235/\241^\004\365\003\315\247\023"
 258      CA9D2FA1 
 258      5E04F503 
 258      CDA713
 259 031b 8D10FB0F 		.ascii	"\215\020\373\017w\"T\237\222/\304\332\241Ud7nJ\024y"
 259      7722549F 
 259      922FC4DA 
 259      A1556437 
 259      6E4A1479 
 260 032f 089A6E11 		.ascii	"\010\232n\0219\206(\343\322?\016\200\324\250\254\237"
 260      398628E3 
 260      D23F0E80 
 260      D4A8AC9F 
 261 033f B9932F56 		.ascii	"\271\223/V\241\331\203j\034k\022\025g\252!3\270\012"
 261      A1D9836A 
 261      1C6B1215 
 261      67AA2133 
 261      B80A
 262 0351 D3DDD3A4 		.ascii	"\323\335\323\244\224 \021/]\235?l;\344\322\207.B\357"
 262      9420112F 
 262      5D9D3F6C 
 262      3BE4D287 
 262      2E42EF
 263 0364 3F052141 		.ascii	"?\005!A\037N\213X\354\341\241K\016\270\220\225\276\332"
 263      1F4E8B58 
ARM GAS  C:\Users\mvshv\AppData\Local\Temp\ccCeKKOG.s 			page 20


 263      ECE1A14B 
 263      0EB89095 
 263      BEDA
 264 0376 A90715EE 		.ascii	"\251\007\025\356l6ER\354\206\233\367:\263\331\234\017"
 264      6C364552 
 264      EC869BF7 
 264      3AB3D99C 
 264      0F
 265 0387 6ADEB6A9 		.ascii	"j\336\266\251$\207\205;\351\374DK\363E\364\301\002t"
 265      2487853B 
 265      E9FC444B 
 265      F345F4C1 
 265      0274
 266 0399 1E32DE4D 		.ascii	"\0362\336M3\336\203\026\302\377\010\035sV\366\244c\304"
 266      33DE8316 
 266      C2FF081D 
 266      7356F6A4 
 266      63C4
 267 03ab 6D498694 		.ascii	"mI\206\224\321\007\225\240\325w\340\250$A\305\221t\304"
 267      D10795A0 
 267      D577E0A8 
 267      2441C591 
 267      74C4
 268 03bd 0C9D53AA 		.ascii	"\014\235S\252\3019\362\352\241\357Q\037B]\350\022P\273"
 268      C139F2EA 
 268      A1EF511F 
 268      425DE812 
 268      50BB
 269 03cf 8096C0F0 		.ascii	"\200\226\300\360\350\274\363\361\016\270\227\261\312"
 269      E8BCF3F1 
 269      0EB897B1 
 269      CA
 270 03dc CFFBB657 		.ascii	"\317\373\266W\257\023Y\321 \036\310\273\266\265c\207"
 270      AF1359D1 
 270      201EC8BB 
 270      B6B56387 
 271 03ec FB9C5C2E 		.ascii	"\373\234\\.Q.\027\021'\223\035\373\3715\027 \323\007"
 271      512E1711 
 271      27931DFB 
 271      F9351720 
 271      D307
 272 03fe 64FA7F9D 		.ascii	"d\372\177\235*U\300+\007\325\017\254`ILS\351\325R\351"
 272      2A55C02B 
 272      07D50FAC 
 272      60494C53 
 272      E9D552E9 
 273 0412 A3541A26 		.ascii	"\243T\032&\016\273\341\233\214ICw\374!\003\007j\177"
 273      0EBBE19B 
 273      8C494377 
 273      FC210307 
 273      6A7F
 274 0424 661A88C4 		.ascii	"f\032\210\304tY\001\272\254\005\352\247@;\216<Hw\300"
 274      745901BA 
 274      AC05EAA7 
 274      403B8E3C 
 274      4877C0
 275 0437 F7195277 		.ascii	"\367\031Rw\361\205\372y\034\251\352Y;JW\024\244+Z\244"
ARM GAS  C:\Users\mvshv\AppData\Local\Temp\ccCeKKOG.s 			page 21


 275      F185FA79 
 275      1CA9EA59 
 275      3B4A5714 
 275      A42B5AA4 
 276 044b AB1429EF 		.ascii	"\253\024)\357^\333aW\034\205)\322\343\355\233GDu&H\222"
 276      5EDB6157 
 276      1C8529D2 
 276      E3ED9B47 
 276      44752648 
 277 0460 94545CB7 		.ascii	"\224T\\\267\233\226\354\352\334N\221\273\255K_\220\031"
 277      9B96ECEA 
 277      DC4E91BB 
 277      AD4B5F90 
 277      19
 278 0471 2DE54AA4 		.ascii	"-\345J\244F\203\025\272\246\370\275\246\365;@\375\216"
 278      468315BA 
 278      A6F8BDA6 
 278      F53B40FD 
 278      8E
 279 0482 6CBB93E1 		.ascii	"l\273\223\341\216\2671\277S#\207\272\034\010\024\324"
 279      8EB731BF 
 279      532387BA 
 279      1C0814D4 
 280 0492 FA53B75E 		.ascii	"\372S\267^L\317\277!\305\031\3502@7\024\244\033\274"
 280      4CCFBF21 
 280      C519E832 
 280      403714A4 
 280      1BBC
 281 04a4 B4A2418A 		.ascii	"\264\242A\212P1\234\235\202q+C\270<>U\343\242~\205\311"
 281      50319C9D 
 281      82712B43 
 281      B83C3E55 
 281      E3A27E85 
 282 04b9 FBAEBCC2 		.ascii	"\373\256\274\302\267\330+\014\206\255M\311;\335\351"
 282      B7D82B0C 
 282      86AD4DC9 
 282      3BDDE9
 283 04c8 028036BE 		.ascii	"\002\2006\276\000\246\242w\337\237{1\336\246Q\377 /"
 283      00A6A277 
 283      DF9F7B31 
 283      DEA651FF 
 283      202F
 284 04da 80A8B35D 		.ascii	"\200\250\263]\015\210sm\232x1\355\250\024\343@l\320"
 284      0D88736D 
 284      9A7831ED 
 284      A814E340 
 284      6CD0
 285 04ec 4D85E94D 		.ascii	"M\205\351M\231\351\020e\332[\372\250\327e\361C\234\016"
 285      99E91065 
 285      DA5BFAA8 
 285      D765F143 
 285      9C0E
 286 04fe 9B00544F 		.ascii	"\233\000TO\272\337\244\334\232t\301\261:J>\263\345\356"
 286      BADFA4DC 
 286      9A74C1B1 
 286      3A4A3EB3 
 286      E5EE
ARM GAS  C:\Users\mvshv\AppData\Local\Temp\ccCeKKOG.s 			page 22


 287 0510 4E034E66 		.ascii	"N\003NfJ\313h\3278~>Kj\253 \253\375\325\3359R\\B\024"
 287      4ACB68D7 
 287      387E3E4B 
 287      6AAB20AB 
 287      FDD5DD39 
 288 0528 1D8746C0 		.ascii	"\035\207F\300\003,$U\255\036\206\226;h\261\200F\321"
 288      032C2455 
 288      AD1E8696 
 288      3B68B180 
 288      46D1
 289 053a F3303665 		.ascii	"\36306eOV\221\270x\237\2168\352`\216:\257\215\015\""
 289      4F5691B8 
 289      789F8E38 
 289      EA608E3A 
 289      AF8D0D22 
 290 054e FC35C396 		.ascii	"\3745\303\226\252cG\014\034\273\375\331\250\214\212"
 290      AA63470C 
 290      1CBBFDD9 
 290      A88C8A
 291 055d 180F5AEB 		.ascii	"\030\017Z\353\0100,\007U\201\274\007-w\011\360\030\005"
 291      08302C07 
 291      5581BC07 
 291      2D7709F0 
 291      1805
 292 056f 7E149F76 		.ascii	"~\024\237vK\277\370\230\032x\354\301\276zg\\\303\200"
 292      4BBFF898 
 292      1A78ECC1 
 292      BE7A675C 
 292      C380
 293 0581 73D32FFE 		.ascii	"s\323/\376A\306}\316\036w\300\016\367\001\264\334'\270"
 293      41C67DCE 
 293      1E77C00E 
 293      F701B4DC 
 293      27B8
 294 0593 E31437FD 		.ascii	"\343\0247\375\361\304n7\365\264\221)W\246\355!\257\274"
 294      F1C46E37 
 294      F5B49129 
 294      57A6ED21 
 294      AFBC
 295 05a5 0F69E595 		.ascii	"\017i\345\2257\004#\337\020RK\3575\362=[O\272\207\276"
 295      370423DF 
 295      10524BEF 
 295      35F23D5B 
 295      4FBA87BE 
 296 05b9 29766515 		.ascii	")ve\025\246\202t\237\275\236\031\303\367\2426\242Ww"
 296      A682749F 
 296      BD9E19C3 
 296      F7A236A2 
 296      5777
 297 05cb 9D1AD6E1 		.ascii	"\235\032\326\341vF8\245\275`%\331\230\242\177\326Q\007"
 297      764638A5 
 297      BD6025D9 
 297      98A27FD6 
 297      5107
 298 05dd 0634374F 		.ascii	"\00647O\2648\340sl\364\326\332\302:~Z\253'z\322\361"
 298      B438E073 
 298      6CF4D6DA 
ARM GAS  C:\Users\mvshv\AppData\Local\Temp\ccCeKKOG.s 			page 23


 298      C23A7E5A 
 298      AB277AD2 
 299 05f2 EA5267DC 		.ascii	"\352Rg\334\303:\257\304\367W;\342>\246\310\244\214\234"
 299      C33AAFC4 
 299      F7573BE2 
 299      3EA6C8A4 
 299      8C9C
 300 0604 547ACF58 		.ascii	"Tz\317X#\302WYgi\361\211:\036\200\257\252D\032Y\211"
 300      23C25759 
 300      6769F189 
 300      3A1E80AF 
 300      AA441A59 
 301 0619 2CBADE50 		.ascii	",\272\336Pg`\361H\210\224\301\366\013\257\343A6\262"
 301      6760F148 
 301      8894C1F6 
 301      0BAFE341 
 301      36B2
 302 062b 6A34FF20 		.ascii	"j4\377 \217\015\203\332\227P=\345>\347>\273U\344\373"
 302      8F0D83DA 
 302      97503DE5 
 302      3EE73EBB 
 302      55E4FB
 303 063e 6CBC4843 		.ascii	"l\274HC\031K\310\177K\331\032u\364\344\026'.B\261\""
 303      194BC87F 
 303      4BD91A75 
 303      F4E41627 
 303      2E42B122 
 304 0652 B1DE261A 		.ascii	"\261\336&\032\3451t\271_>p\321Mm=\365c\326\207\262\016"
 304      E53174B9 
 304      5F3E70D1 
 304      4D6D3DF5 
 304      63D687B2 
 305 0667 EC32E0DB 		.ascii	"\3542\340\333\214\344\236\273\275\203|\276\274@\315"
 305      8CE49EBB 
 305      BD837CBE 
 305      BC40CD
 306 0676 B95F1AAD 		.ascii	"\271_\032\255\307#\254\357\313\223{[\346\3411\246\310"
 306      C723ACEF 
 306      CB937B5B 
 306      E6E131A6 
 306      C8
 307 0687 A75D233D 		.ascii	"\247]#=\355\242\215\337\277\211\037\262\236\362\304"
 307      EDA28DDF 
 307      BF891FB2 
 307      9EF2C4
 308 0696 1D504A27 		.ascii	"\035PJ'\2312\024s\255\217\347g!\250\311M\267<\361F\007"
 308      99321473 
 308      AD8FE767 
 308      21A8C94D 
 308      B73CF146 
 309 06ab DAF5A4BE 		.ascii	"\332\365\244\276\332\023\307\261\347\272\242\334\203"
 309      DA13C7B1 
 309      E7BAA2DC 
 309      83
 310 06b8 087FC194 		.ascii	"\010\177\301\224\321\324\272[\006\274\203)\031\355i"
 310      D1D4BA5B 
 310      06BC8329 
ARM GAS  C:\Users\mvshv\AppData\Local\Temp\ccCeKKOG.s 			page 24


 310      19ED69
 311 06c7 C7F43899 		.ascii	"\307\3648\231)9\343;s\\p*S:J:\343\234q:S\342\012\012"
 311      2939E33B 
 311      735C702A 
 311      533A4A3A 
 311      E39C713A 
 312 06df 529C7116 		.ascii	"R\234q\026S6\226v'\362m\254\217\350W\017\\\315\340\247"
 312      53369676 
 312      27F26DAC 
 312      8FE8570F 
 312      5CCDE0A7 
 313 06f3 12C911F4 		.ascii	"\022\311\021\364\370\366fX\323\007\231q\342\360\350"
 313      F8F66658 
 313      D3079971 
 313      E2F0E8
 314 0702 978E73CE 		.ascii	"\227\216s\316C\246<\017\276t\032\212\013\263\356\350"
 314      43A63C0F 
 314      BE741A8A 
 314      0BB3EEE8 
 315 0712 B5F3F018 		.ascii	"\265\363\360\030\254'\250\365~\232\331L9\26355e\223"
 315      AC27A8F5 
 315      7E9AD94C 
 315      39B33535 
 315      6593
 316 0724 483B0F73 		.ascii	"H;\017sY/\250\210\315\330\344\214\226\262\353\251\245"
 316      592FA888 
 316      CDD8E48C 
 316      96B2EBA9 
 316      A5
 317 0735 F2E545FE 		.ascii	"\362\345E\376\355\227b\242\241\264|\213\267\024\\=\023"
 317      ED9762A2 
 317      A1B47C8B 
 317      B7145C3D 
 317      13
 318 0746 25652FA4 		.ascii	"%e/\244P\011\"F\337\210O)\357\301v:\277%\004]`C\372"
 318      50092246 
 318      DF884F29 
 318      EFC1763A 
 318      BF25045D 
 319 075d 3F83BD25 		.ascii	"?\203\275%\006S\363]Z\363dj\356\247XW\251\254\367h\255"
 319      0653F35D 
 319      5AF3646A 
 319      EEA75857 
 319      A9ACF768 
 320 0772 1969D93A 		.ascii	"\031i\331:J\2528\037\207\243\250\371\347\242\021m\341"
 320      4AAA381F 
 320      87A3A8F9 
 320      E7A2116D 
 320      E1
 321 0783 E6F23243 		.ascii	"\346\3622C\233gpiT\241\247\316\216\2566oW\231\357\326"
 321      9B677069 
 321      54A1A7CE 
 321      8EAE366F 
 321      5799EFD6 
 322 0797 9AC76AA9 		.ascii	"\232\307j\251\217\306a\305|\243\326<JE&\221\317\207"
 322      8FC661C5 
 322      7CA3D63C 
ARM GAS  C:\Users\mvshv\AppData\Local\Temp\ccCeKKOG.s 			page 25


 322      4A452691 
 322      CF87
 323 07a9 04BB034A 		.ascii	"\004\273\003J\007\272\373h'\261\207\002\202\012E/\364"
 323      07BAFB68 
 323      27B18702 
 323      820A452F 
 323      F4
 324 07ba 9DB814E5 		.ascii	"\235\270\024\345\201\344\200\344\202|\005R\014r\000"
 324      81E480E4 
 324      827C0552 
 324      0C7200
 325 07c9 E45B9002 		.ascii	"\344[\220\002\220|\220"
 325      907C90
 326 07d0 12906C90 		.ascii	"\022\220l\220c \007A\216\200\034\002\371\032\244\010"
 326      63200741 
 326      8E801C02 
 326      F91AA408 
 327 07e0 E430C851 		.ascii	"\3440\310Qq)\335W\030\315G\377QX\246iY\372hSpS\225\202"
 327      7129DD57 
 327      18CD47FF 
 327      5158A669 
 327      59FA6853 
 328 07f8 9DB3CF9E 		.ascii	"\235\263\317\236\235\271:\007\321\263\347@\2352\025"
 328      9DB93A07 
 328      D1B3E740 
 328      9D3215
 329 0807 97BDB372 		.ascii	"\227\275\263rQ\031?RQ\371Rk\274c\006\225Q\225y\322\354"
 329      51193F52 
 329      51F9526B 
 329      BC630695 
 329      519579D2 
 330 081c E6EA75B7 		.ascii	"\346\352u\267EE\374\011\322\230O\316X\032\375\352@7"
 330      4545FC09 
 330      D2984FCE 
 330      581AFDEA 
 330      4037
 331 082e 69E163EC 		.ascii	"i\341c\354\331\300\032m\334\302Wj\026\254\324\014n/"
 331      D9C01A6D 
 331      DCC2576A 
 331      16ACD40C 
 331      6E2F
 332 0840 BF88E891 		.ascii	"\277\210\350\221\262\260\331\247\353\320\023c\024,\017"
 332      B2B0D9A7 
 332      EBD01363 
 332      142C0F
 333 084f 6225F0E3 		.ascii	"b%\360\343\2012\203O\342p\011\234f\2678R\347\222\326"
 333      8132834F 
 333      E270099C 
 333      66B73852 
 333      E792D6
 334 0862 F924D2C4 		.ascii	"\371$\322\304v^\225\211\224\331\227\261\335\252W\207"
 334      765E9589 
 334      94D997B1 
 334      DDAA5787 
 335 0872 F685D67E 		.ascii	"\366\205\326~\363\214\314\251\315\023g\257\007\324\234"
 335      F38CCCA9 
 335      CD1367AF 
ARM GAS  C:\Users\mvshv\AppData\Local\Temp\ccCeKKOG.s 			page 26


 335      07D49C
 336 0881 1C699ABB 		.ascii	"\034i\232\273r\335p?-{ba\\w\236;\362z\212E\334\265\005"
 336      72DD703F 
 336      2D7B6261 
 336      5C779E3B 
 336      F27A8A45 
 337 0898 4793884F 		.ascii	"G\223\210O\300\350\343\342\364\231\210$`\216\027\006"
 337      C0E8E3E2 
 337      F4998824 
 337      608E1706 
 338 08a8 95C27BF2 		.ascii	"\225\302{\362\377~g\310\247[yf\261N}\3328\241\012P@"
 338      FF7E67C8 
 338      A75B7966 
 338      B14E7DDA 
 338      38A10A50 
 339 08bd 65223B6D 		.ascii	"e\";m\300\235\024\376\252\266\024\275\332\370\266\335"
 339      C09D14FE 
 339      AAB614BD 
 339      DAF8B6DD 
 340 08cd D1E42437 		.ascii	"\321\344$7>I\215O?\256/p\304Cl\027h\251=\2332\017or"
 340      3E498D4F 
 340      3FAE2F70 
 340      C4436C17 
 340      68A93D9B 
 341 08e5 A43F16EC 		.ascii	"\244?\026\354\251)\032rFN\354\307\002\257X\372\211\036"
 341      A9291A72 
 341      464EECC7 
 341      02AF58FA 
 341      891E
 342 08f7 9D301F4D 		.ascii	"\2350\037M\177\242\327@\274\225\242\023@UA:\252!\035"
 342      7FA2D740 
 342      BC95A213 
 342      4055413A 
 342      AA211D
 343 090a E4B702D2 		.ascii	"\344\267\002\322B\177?\230O\037U?2\200\212*\304\351"
 343      427F3F98 
 343      4F1F553F 
 343      32808A2A 
 343      C4E9
 344 091c 1F19C8F1 		.ascii	"\037\031\310\361\265n8O\257>\276\022\023\345\374Z+\252"
 344      B56E384F 
 344      AF3EBE12 
 344      13E5FC5A 
 344      2BAA
 345 092e 4FED678E 		.ascii	"O\355g\216\2379\352\010\307\327\212>z\324.9wC\222 \310"
 345      9F39EA08 
 345      C7D78A3E 
 345      7AD42E39 
 345      77439220 
 346 0943 18A42386 		.ascii	"\030\244#\206\250\\\231\260rQsp\257\023\311a6\363\310"
 346      A85C99B0 
 346      72517370 
 346      AF13C961 
 346      36F3C8
 347 0956 BD5457BC 		.ascii	"\275TW\274\325\221m\343\205\235\3452Z\343\013\354\323"
 347      D5916DE3 
 347      859DE532 
ARM GAS  C:\Users\mvshv\AppData\Local\Temp\ccCeKKOG.s 			page 27


 347      5AE30BEC 
 347      D3
 348 0967 23937D7A 		.ascii	"#\223}z\234R\220Ni\221\352)R\317TI\206+\336\307\220"
 348      9C52904E 
 348      6991EA29 
 348      52CF5449 
 348      862BDEC7 
 349 097c 0E5C6F89 		.ascii	"\016\\o\211v\342H7_\234F\"\347\301\006\005\251A\213"
 349      76E24837 
 349      5F9C4622 
 349      E7C10605 
 349      A9418B
 350 098f D44891CA 		.ascii	"\324H\221\312\007\263Su8\237!\015\264\346\206\310\224"
 350      07B35375 
 350      389F210D 
 350      B4E686C8 
 350      94
 351 09a0 BCED2835 		.ascii	"\274\355(5)@MZ\240f\012T\264+\3715\\\311pz*\323\317"
 351      29404D5A 
 351      A0660A54 
 351      B42BF935 
 351      5CC9707A 
 352 09b7 8B1C68E8 		.ascii	"\213\034h\350;c\026\375\276IXJ\277oZ\024\244\026-\322"
 352      3B6316FD 
 352      BE49584A 
 352      BF6F5A14 
 352      A4162DD2 
 353 09cb 697189F0 		.ascii	"iq\211\360\234\267\267\317\364_\244\325'$0\314\307\272"
 353      9CB7B7CF 
 353      F45FA4D5 
 353      272430CC 
 353      C7BA
 354 09dd 3E88DCCD 		.ascii	">\210\334\315V\233w\220~\325\373\177\367\360\367\363"
 354      569B7790 
 354      7ED5FB7F 
 354      F7F0F7F3 
 355 09ed 130C66F3 		.ascii	"\023\014f\363\206\320\010\333\362ef\333GA\177\014\010"
 355      86D008DB 
 355      F26566DB 
 355      47417F0C 
 355      08
 356 09fe 0A09FD30 		.ascii	"\012\011\3750\324j\333\020\034\032\031`\213\214\014"
 356      D46ADB10 
 356      1C1A1960 
 356      8B8C0C
 357 0a0d B3067C1C 		.ascii	"\263\006|\034\261\301\203>y\004\256\017\367\260\204"
 357      B1C1833E 
 357      7904AE0F 
 357      F7B084
 358 0a1c 7F68090E 		.ascii	"\177h\011\016\266\004\007\274\342\355\353\261\314\327"
 358      B60407BC 
 358      E2EDEBB1 
 358      CCD7
 359 0a2a EF957FBF 		.ascii	"\357\225\177\277\034\000\355/EDFX^\262\004~\030\032"
 359      1C00ED2F 
 359      45444658 
 359      5EB2047E 
ARM GAS  C:\Users\mvshv\AppData\Local\Temp\ccCeKKOG.s 			page 28


 359      181A
 360 0a3c 101A1114 		.ascii	"\020\032\021\024\266!\330\022\020\036\010X\021\226\000"
 360      B621D812 
 360      101E0858 
 360      119600
 361 0a4b 73B0E5A3 		.ascii	"s\260\345\243\300\015a6\263\355\323u\026\253w\210\240"
 361      C00D6136 
 361      B3EDD375 
 361      16AB7788 
 361      A0
 362 0a5c 97FDFDEB 		.ascii	"\227\375\375\353\027\365g\375\324\032\000\241\005\003"
 362      17F567FD 
 362      D41A00A1 
 362      0503
 363 0a6a 38387102 		.ascii	"88q\002\325\026\032n1\333~\243\311\304z\233\017\037"
 363      D5161A6E 
 363      31DB7EA3 
 363      C9C47A9B 
 363      0F1F
 364 0a7c E2131442 		.ascii	"\342\023\024BL\300Z\027\024\022\270\336\321j{'\"\324"
 364      4CC05A17 
 364      1412B8DE 
 364      D16A7B27 
 364      22D4
 365 0a8e E6F11399 		.ascii	"\346\361\023\231\023\\\254\2665\266\300\365\2667\302"
 365      135CACB6 
 365      35B6C0F5 
 365      B637C2
 366 0a9d 80883351 		.ascii	"\200\2103Q\"\327\321g\003<[l\362\343*\313\264\2059,"
 366      22D7D167 
 366      033C5B6C 
 366      F2E32ACB 
 366      B485392C 
 367 0ab1 2CD81C0A 		.ascii	",\330\034\012\330\277\237\005{]\344z\233\325g\315\332"
 367      D8BF9F05 
 367      7B5DE47A 
 367      9BD567CD 
 367      DA
 368 0ac2 D5CB97F9 		.ascii	"\325\313\227\371\274\367\336\012\237\265\357\254\376"
 368      BCF7DE0A 
 368      9FB5EFAC 
 368      FE
 369 0acf C48F7B23 		.ascii	"\304\217{#\003I0A!k>\265\276\035\030f\323N\253]0`\351"
 369      03493041 
 369      216B3EB5 
 369      BE1D1866 
 369      D34EAB5D 
 370 0ae6 AAE626B8 		.ascii	"\252\346&\270\232\315\037m\210\0102\233\275_\365\365"
 370      9ACD1F6D 
 370      8808329B 
 370      BD5FF5F5 
 371 0af6 5DAE9735 		.ascii	"]\256\2275g\205\247\235\211\237\257\263B\333\276\347"
 371      6785A79D 
 371      899FAFB3 
 371      42DBBEE7 
 372 0b06 65077FFF 		.ascii	"e\007\177\377\325\246\345\342_L\272\025\253\3370\341"
 372      D5A6E5E2 
ARM GAS  C:\Users\mvshv\AppData\Local\Temp\ccCeKKOG.s 			page 29


 372      5F4CBA15 
 372      ABDF30E1 
 373 0b16 15FE26DD 		.ascii	"\025\376&\335\233+\326\232\260\277\277\011\233@\336"
 373      9B2BD69A 
 373      B0BFBF09 
 373      9B40DE
 374 0b25 3099F05F 		.ascii	"0\231\360_\327\370c\377\367\327\352\374\375W\232\250"
 374      D7F863FF 
 374      F7D7EAFC 
 374      FD579AA8 
 375 0b35 FD32FADF 		.ascii	"\3752\372\337\017\257\\e\022\327\300\310wV\232tkV\203"
 375      0FAF5C65 
 375      12D7C0C8 
 375      77569A74 
 375      6B5683
 376 0b48 B5BF6919 		.ascii	"\265\277i\031\210\037X\376\303\364\273\237\235\023\253"
 376      881F58FE 
 376      C3F4BB9F 
 376      9D13AB
 377 0b57 2D9C2C9B 		.ascii	"-\234,\233\320p\010\324yZ1\333\026\310\031\266\232\003"
 377      D07008D4 
 377      795A31DB 
 377      16C819B6 
 377      9A03
 378 0b69 09757360 		.ascii	"\011us`\220-\364\023\213\203\371MXFF\336i%ia\375\277"
 378      902DF413 
 378      8B83F94D 
 378      584646DE 
 378      69256961 
 379 0b7f 9A6E8A5C 		.ascii	"\232n\212\\\307Z\346\313-\026\233}\303\307r\303\177"
 379      C75AE6CB 
 379      2D169B7D 
 379      C3C772C3 
 379      7F
 380 0b90 010448FC 		.ascii	"\001\004H\374\274"
 380      BC
 381              		.text
 382              		.section	.gnu.lto_.symtab.fb69eff9,"",%progbits
 383 0000 7374496E 		.ascii	"stInit\000"
 383      697400
 384 0007 00       		.ascii	"\000"
 385 0008 00       		.ascii	"\000"
 386 0009 00       		.ascii	"\000"
 387 000a 00000000 		.ascii	"\000\000\000\000\000\000\000\000"
 387      00000000 
 388 0012 DC000000 		.ascii	"\334\000\000\000"
 389 0016 73745374 		.ascii	"stStartAlarm\000"
 389      61727441 
 389      6C61726D 
 389      00
 390 0023 00       		.ascii	"\000"
 391 0024 00       		.ascii	"\000"
 392 0025 00       		.ascii	"\000"
 393 0026 00000000 		.ascii	"\000\000\000\000\000\000\000\000"
 393      00000000 
 394 002e E0000000 		.ascii	"\340\000\000\000"
 395 0032 73745374 		.ascii	"stStopAlarm\000"
ARM GAS  C:\Users\mvshv\AppData\Local\Temp\ccCeKKOG.s 			page 30


 395      6F70416C 
 395      61726D00 
 396 003e 00       		.ascii	"\000"
 397 003f 00       		.ascii	"\000"
 398 0040 00       		.ascii	"\000"
 399 0041 00000000 		.ascii	"\000\000\000\000\000\000\000\000"
 399      00000000 
 400 0049 E2000000 		.ascii	"\342\000\000\000"
 401 004d 73745365 		.ascii	"stSetAlarm\000"
 401      74416C61 
 401      726D00
 402 0058 00       		.ascii	"\000"
 403 0059 00       		.ascii	"\000"
 404 005a 00       		.ascii	"\000"
 405 005b 00000000 		.ascii	"\000\000\000\000\000\000\000\000"
 405      00000000 
 406 0063 E4000000 		.ascii	"\344\000\000\000"
 407 0067 73744765 		.ascii	"stGetAlarm\000"
 407      74416C61 
 407      726D00
 408 0072 00       		.ascii	"\000"
 409 0073 00       		.ascii	"\000"
 410 0074 00       		.ascii	"\000"
 411 0075 00000000 		.ascii	"\000\000\000\000\000\000\000\000"
 411      00000000 
 412 007d E7000000 		.ascii	"\347\000\000\000"
 413 0081 73745F6C 		.ascii	"st_lld_init\000"
 413      6C645F69 
 413      6E697400 
 414 008d 00       		.ascii	"\000"
 415 008e 02       		.ascii	"\002"
 416 008f 00       		.ascii	"\000"
 417 0090 00000000 		.ascii	"\000\000\000\000\000\000\000\000"
 417      00000000 
 418 0098 E9000000 		.ascii	"\351\000\000\000"
 419 009c 63685379 		.ascii	"chSysHalt\000"
 419      7348616C 
 419      7400
 420 00a6 00       		.ascii	"\000"
 421 00a7 02       		.ascii	"\002"
 422 00a8 00       		.ascii	"\000"
 423 00a9 00000000 		.ascii	"\000\000\000\000\000\000\000\000"
 423      00000000 
 424 00b1 EE000000 		.ascii	"\356\000\000\000"
 425              		.text
 426              		.section	.gnu.lto_.opts,"",%progbits
 427 0000 272D666D 		.ascii	"'-fmath-errno' '-fsigned-zeros' '-ftrapping-math' '"
 427      6174682D 
 427      6572726E 
 427      6F272027 
 427      2D667369 
 428 0033 2D666E6F 		.ascii	"-fno-trapv' '-fno-openmp' '-fno-openacc' '-mcpu=cor"
 428      2D747261 
 428      70762720 
 428      272D666E 
 428      6F2D6F70 
 429 0066 7465782D 		.ascii	"tex-m4' '-mno-thumb-interwork' '-mthumb' '-O2' '-fo"
ARM GAS  C:\Users\mvshv\AppData\Local\Temp\ccCeKKOG.s 			page 31


 429      6D342720 
 429      272D6D6E 
 429      6F2D7468 
 429      756D622D 
 430 0099 6D69742D 		.ascii	"mit-frame-pointer' '-falign-functions=16' '-ffuncti"
 430      6672616D 
 430      652D706F 
 430      696E7465 
 430      72272027 
 431 00cc 6F6E2D73 		.ascii	"on-sections' '-fdata-sections' '-fno-common' '-flto"
 431      65637469 
 431      6F6E7327 
 431      20272D66 
 431      64617461 
 432 00ff 2700     		.ascii	"'\000"
 433              		.text
 434              		.comm	__gnu_lto_v1,1,1
 435              		.comm	__gnu_lto_slim,1,1
 436              		.ident	"GCC: (GNU Tools for Arm Embedded Processors 7-2017-q4-major) 7.2.1 20170904 (release) [ARM
ARM GAS  C:\Users\mvshv\AppData\Local\Temp\ccCeKKOG.s 			page 32


DEFINED SYMBOLS
                            *ABS*:00000000 hal_st.c
                            *COM*:00000001 __gnu_lto_v1
                            *COM*:00000001 __gnu_lto_slim

NO UNDEFINED SYMBOLS
