ARM GAS  C:\Users\mvshv\AppData\Local\Temp\cceQzSyH.s 			page 1


   1              		.cpu cortex-m4
   2              		.eabi_attribute 20, 1
   3              		.eabi_attribute 21, 1
   4              		.eabi_attribute 23, 3
   5              		.eabi_attribute 24, 1
   6              		.eabi_attribute 25, 1
   7              		.eabi_attribute 26, 1
   8              		.eabi_attribute 30, 2
   9              		.eabi_attribute 34, 1
  10              		.eabi_attribute 18, 4
  11              		.file	"hal_pal.c"
  12              		.section	.gnu.lto_.profile.fb69ca30,"",%progbits
  13 0000 789C6363 		.ascii	"x\234cc```\001bF\206\010C\000\001Y\000\225"
  13      60606001 
  13      62468608 
  13      43000159 
  13      0095
  14              		.text
  15              		.section	.gnu.lto_.icf.fb69ca30,"",%progbits
  16 0000 789C6363 		.ascii	"x\234cc``Pc@\0006\206im\247\332\270\030g?Zq\215\207"
  16      60605063 
  16      40003686 
  16      696DA7DA 
  16      B818673F 
  17 0018 E9D29773 		.ascii	"\351\322\227sS\230\230\317O\371\320\316\310r\350Gc\027"
  17      539898CF 
  17      4FF9D0CE 
  17      C872E847 
  17      6317
  18 002a 17EBD183 		.ascii	"\027\353\321\203\223\257\2623\000\000W\221\021\210"
  18      93AFB233 
  18      00005791 
  18      1188
  19              		.text
  20              		.section	.gnu.lto_.jmpfuncs.fb69ca30,"",%progbits
  21 0000 789C7D8E 		.ascii	"x\234}\216=\012\002A\014\205\363\222\331\265\323\326"
  21      3D0A0241 
  21      0C85F392 
  21      D9B5D3D6 
  22 0010 62CFE39D 		.ascii	"b\317\343\235\254V\020+[\261\332b\216 \370\277\010\212"
  22      AC56102B 
  22      5BB1DA62 
  22      8E20F8BF 
  22      088A
  23 0022 17B0F50E 		.ascii	"\027\260\365\016\226v\242\214oX\\d\212\015\274\"\311"
  23      9676A28C 
  23      6F585C64 
  23      8A0DBC22 
  23      C9
  24 0033 CB97978B 		.ascii	"\313\227\227\213\310\010\322\226\011\200\2622Q,\014"
  24      C808D296 
  24      0980B232 
  24      512C0C
  25 0042 D3D7F9D9 		.ascii	"\323\327\371\331/?\223ae\360\3065\326(\005\027\007\241"
  25      2F3F9361 
  25      65F0C635 
  25      D6280517 
ARM GAS  C:\Users\mvshv\AppData\Local\Temp\cceQzSyH.s 			page 2


  25      07A1
  26 0054 DE218401 		.ascii	"\336!\204\001\224\276\345\354z\353\315\215.\0106(\242"
  26      94BEE5EC 
  26      7AEBCD8D 
  26      2E083628 
  26      A2
  27 0065 54018B24 		.ascii	"T\001\213$JS\232y\343Sl\273i\364`G\032\345~4T\346ri"
  27      4A539A79 
  27      E3536CBB 
  27      69F46047 
  27      1AE57E34 
  28 007d AF42BC92 		.ascii	"\257B\274\222\244\007\376)J\312\036\005G\217\323\352"
  28      A407FE29 
  28      4ACA1E05 
  28      478FD3EA 
  29 008d 9E35A3C6 		.ascii	"\2365\243\306w`\3141RZ\0326\363\246\364\034\273\303"
  29      7760CC31 
  29      525A1A36 
  29      F3A6F41C 
  29      BBC3
  30 009f 667C5333 		.ascii	"f|S3,%_=\004be"
  30      2C255F3D 
  30      046265
  31              		.text
  32              		.section	.gnu.lto_.inline.fb69ca30,"",%progbits
  33 0000 789C6363 		.ascii	"x\234cc``\360`d\200\003f\006\006\001aF6\006\205\254"
  33      6060F060 
  33      64800366 
  33      06060161 
  33      46360685 
  34 0015 29CC8CD3 		.ascii	")\314\214\323Z\017\235g\357f\236\303\314\300\310\300"
  34      5A0F9D67 
  34      EF669EC3 
  34      CCC0C8C0 
  35 0025 B8995186 		.ascii	"\270\231Q\206\201A!\033Jg\000\245\327,\373x\200\037"
  35      8141211B 
  35      4A6700A5 
  35      D72CFB78 
  35      801F
  36 0037 24CDC6C8 		.ascii	"$\315\306\310\317\270\205Q\206\331\201A!\035\306\000"
  36      CFB88551 
  36      86D98141 
  36      211DC600 
  37 0047 99092498 		.ascii	"\231\011$\230\035X9W\2701p\3360cb`Y \357\300\300\270"
  37      1D583957 
  37      B83170DE 
  37      30636260 
  37      5920EFC0 
  38 005d 93AD8191 		.ascii	"\223\255\201\221\203\211\201u\256\002\220\006Y\311\304"
  38      83898175 
  38      AE029006 
  38      59C9C4
  39 006c CD2002B4 		.ascii	"\315 \002\264\200\211AT\202\221\035h1\272M\270\215f"
  39      80894154 
  39      82911D68 
  39      31BA4DB8 
  39      8D66
ARM GAS  C:\Users\mvshv\AppData\Local\Temp\cceQzSyH.s 			page 3


  40 007e 0431D904 		.ascii	"\0041\331\004_\2640\342\266\200\351\002\177\003\023"
  40      5FB430E2 
  40      B680E902 
  40      7F0313
  41 008d 92352C0C 		.ascii	"\2225,\014Br`\377\021o\015+k\207:^\037\260\360\002\003"
  41      427260FF 
  41      116F0D2B 
  41      6B873A5E 
  41      1FB0F002 
  42 00a2 6E821F08 		.ascii	"n\202\037\010Bma\000\000\276\2573\234"
  42      426D6100 
  42      00BEAF33 
  42      9C
  43              		.text
  44              		.section	.gnu.lto_.pureconst.fb69ca30,"",%progbits
  45 0000 789C6363 		.ascii	"x\234cc```\007bf\006)&)\026I\000\001\304\000d"
  45      60606007 
  45      62660629 
  45      26291649 
  45      0001C400 
  46              		.text
  47              		.section	.gnu.lto_palReadBus.fb69ca30,"",%progbits
  48 0000 789C9552 		.ascii	"x\234\225RMO\024A\020\255753\014\354\007x\363\300a\215"
  48      4D4F1441 
  48      10AD3735 
  48      330CEC07 
  48      78F3C061 
  49 0015 24040FAC 		.ascii	"$\004\017\254\377A\343\3370\310\305\003\211F\342y\033"
  49      FF41E3DF 
  49      30C8C503 
  49      8946E279 
  49      1B
  50 0026 76410C9A 		.ascii	"vA\014\232\020\"\037!#\341\000j\214F\015(\262\242\014"
  50      10221F21 
  50      23E1006A 
  50      8C460D28 
  50      B2A20C
  51 0039 8BE24782 		.ascii	"\213\342G\202\210\007\203J<h<H\220\210zP\243hU\357\002"
  51      8807834A 
  51      3C683C48 
  51      90887A50 
  51      A36855EF 
  52 004e 1B6F2433 		.ascii	"\033o$3\335]5\257^\275z=>\021]a\242z\331\017\313\013"
  52      DD5D35AF 
  52      5EBD7A3D 
  52      3E115D61 
  52      A27AD90F 
  53 0064 9FE0F43C 		.ascii	"\237\340\364<'j\013\034\307]L\220\251\342\331\210\310"
  53      276A0B1C 
  53      C75D4C90 
  53      A9E2D988 
  53      C8
  54 0075 C4D97107 		.ascii	"\304\331q\007\017H\350\375\330/\221\013\257\210\362"
  54      0F48E8FD 
  54      D82F910B 
  54      AF88F2
  55 0084 003D9800 		.ascii	"\000=\230\000\224q\330\365\220\3019\276\300X\312\335"
ARM GAS  C:\Users\mvshv\AppData\Local\Temp\cceQzSyH.s 			page 4


  55      9471D8F5 
  55      90C139BE 
  55      C058CADD 
  56 0094 0CB99B43 		.ascii	"\014\271\233C&\270\022n,\014}Hj\010\244$\\[\237\237"
  56      26B8126E 
  56      2C0C7D48 
  56      6A08A424 
  56      5C5B9F9F 
  57 00a8 88375C36 		.ascii	"\2107\\6\246\335D\003\275\376\360\304\013S\031\262C"
  57      A6DD4403 
  57      BDFEF0C4 
  57      0B5319B2 
  57      43
  58 00b9 FD029F40 		.ascii	"\375\002\237@-\306Q\253bn\243A\300\035K\003\235\314"
  58      2DC651AB 
  58      626EA341 
  58      C01D4B03 
  58      9DCC
  59 00cb 752039BF 		.ascii	"u 9\277\376ru%Y?f\013\277\217\262\251\013\231q\007\\"
  59      FE727525 
  59      593F660B 
  59      BF8FB2A9 
  59      0B997107 
  60 00e0 5E2829C2 		.ascii	"^()\302$\352\025\377\376\326f_\302wGdD\201\010\345]"
  60      24EA15FF 
  60      FED6665F 
  60      C2774764 
  60      448108E5 
  61 00f5 9D5076C9 		.ascii	"\235Pv\311\334x\351Ef\363\357\031\023\255\214\341\342"
  61      DC78E945 
  61      66F3EF19 
  61      13AD8CE1 
  61      E2
  62 0106 9138A4D2 		.ascii	"\2218\244\322ud\361X\026\337\325\320\323\223\257K\000"
  62      7564F158 
  62      16DFD5D0 
  62      D393AF4B 
  62      00
  63 0117 E58C91CA 		.ascii	"\345\214\221\312\244.\341\222\261MDg%\224S6\242\217"
  63      A42EE192 
  63      B14D4467 
  63      25945336 
  63      A28F
  64 0129 C8BD997B 		.ascii	"\310\275\231{7\350k\213!\016\244y\177Ga\261B\207f\020"
  64      37E86B8B 
  64      210EA479 
  64      7F4761B1 
  64      42876610 
  65 013d A6EC4824 		.ascii	"\246\354H$\005L\342\250\024\254\242=_YDC\320\323\205"
  65      054CE2A8 
  65      14ACA23D 
  65      5F594443 
  65      D0D385
  66 0150 85797F04 		.ascii	"\205y\177\004\303m\306\230T\310\025\302Q,R\373\272{"
  66      C36DC698 
  66      54C815C2 
  66      512C52FB 
ARM GAS  C:\Users\mvshv\AppData\Local\Temp\cceQzSyH.s 			page 5


  66      BA7B
  67 0162 9791BE6E 		.ascii	"\227\221\276nz\354\247\000y\214\240O\347!\334CZ[/\037"
  67      7AECA700 
  67      798CA04F 
  67      E721DC43 
  67      5A5B2F1F 
  68 0176 DA61BA76 		.ascii	"\332a\272vi#\252\326\276\001\2521\275\335\327\245\374"
  68      6923AAD6 
  68      BE01AA31 
  68      BDDDD7A5 
  68      FC
  69 0187 4169BB86 		.ascii	"Ai\273\206\\\312\332 \310\251\251\265\267\025\231?&"
  69      5CCADA20 
  69      C8A9A9B5 
  69      B715993F 
  69      26
  70 0198 08B9B29F 		.ascii	"\010\271\262\237\325\227\373\310P\271\364*k{\366\327"
  70      D597FBC8 
  70      50B9F42A 
  70      6B7BF6D7 
  71 01a8 CCB7A4E0 		.ascii	"\314\267\244\340\366JB\275\324\334\317\245\317]1\325"
  71      F64A42BD 
  71      D4DCCFA5 
  71      CF5D31D5 
  72 01b8 5B13720C 		.ascii	"[\023r\0143r\361\017Jj\263\243\343\035\020\364\240U"
  72      3372F10F 
  72      4A6AB3A3 
  72      E31D10F4 
  72      A055
  73 01ca 5B8548D4 		.ascii	"[\205H\324\026\215\237E&\344\270U\343\225lS\027>\235"
  73      168D9F45 
  73      26E4B855 
  73      E3956C53 
  73      173E9D
  74 01dd 9F2BD9E6 		.ascii	"\237+\331\346\354\312\210\004\012\326\010\250\021sb"
  74      ECCA8804 
  74      0AD608A8 
  74      117362
  75 01ec C42A0A5B 		.ascii	"\304*\012[\226r\371\024I;\305\177\304\325\322\016\017"
  75      9672F914 
  75      493BC57F 
  75      C4D5D20E 
  75      0F
  76 01fd 4BC4AF26 		.ascii	"K\304\257&\363\223\011!\316\265\351\247\032<\262\304"
  76      F3930921 
  76      CEB5E9A7 
  76      1A3CB2C4 
  77 020d 8E12CF5B 		.ascii	"\216\022\317[\342\355\273rwyW\217w\356\352\211e\312"
  77      E2EDBB72 
  77      7779578F 
  77      77EEEA89 
  77      65CA
  78 021f 7EED4491 		.ascii	"~\355D\221\312\023\231BX\316\356\357\212}\017\236Zv"
  78      CA139942 
  78      58CEEEEF 
  78      8A7D0F9E 
  78      5A76
ARM GAS  C:\Users\mvshv\AppData\Local\Temp\cceQzSyH.s 			page 6


  79 0231 FB6B3F2B 		.ascii	"\373k?+\262\377\336b\217\331\006>\255\243=U\312\250"
  79      B2FFDE62 
  79      8FD9063E 
  79      ADA33D55 
  79      CAA8
  80 0243 8A2EB14B 		.ascii	"\212.\261K\254\227\321\36656\246\267\237\023\255\351"
  80      AC97D1F6 
  80      3536A6B7 
  80      9F13ADE9 
  81 0253 E34D2DE9 		.ascii	"\343M-\351\326S\315\272\037=\331\324\322\330L|\354t"
  81      D653CDBA 
  81      1F3DD9D4 
  81      D2D84C7C 
  81      EC74
  82 0265 EB3FADB8 		.ascii	"\353?\255\2702X"
  82      3258
  83              		.text
  84              		.section	.gnu.lto_palWriteBus.fb69ca30,"",%progbits
  85 0000 789C9552 		.ascii	"x\234\225RKO\023Q\024\276\337\334\231\351ch\251\270"
  85      4B4F1351 
  85      14BEDFDC 
  85      99E96368 
  85      A9B8
  86 0012 71C10223 		.ascii	"q\301\002#\011bL\353\316\037\240\361o\030`\243\011\211"
  86      09624CEB 
  86      CE1FA0F1 
  86      6F1860A3 
  86      0989
  87 0024 C6EABA43 		.ascii	"\306\352\272C_\200hB\214\024\202\003iP\2531\0325\250"
  87      5F806842 
  87      8C148203 
  87      6950AB31 
  87      1A35A8
  88 0037 D8823014 		.ascii	"\330\2020\024\005\037<\0021\006\037+\015,\010\032\210"
  88      051F3C02 
  88      31061F2B 
  88      0D2C081A 
  88      88
  89 0048 2ED060F1 		.ascii	".\320`\361\334;-Tv\334\314\234\271\367\334s\316\367"
  89      DC3B2D54 
  89      76DCCC9C 
  89      B9F7DC73 
  89      CEF7
  90 005a CD778ECE 		.ascii	"\315w\216\316\030\213\252\214\035\245\357Iz\2413(\235"
  90      188BAA8C 
  90      1DA5EF49 
  90      7AA13328 
  90      9D
  91 006b B38CB5B8 		.ascii	"\263\214\265\270\025E\235\3631\323\313\307m\306\314"
  91      15459DF3 
  91      31D3CBC7 
  91      6DC6CC
  92 007a 0AAEA83D 		.ascii	"\012\256\250=G\350\250m\034\242\223\012\315\211\322"
  92      47E8A86D 
  92      1CA2930A 
  92      CD89D2
  93 0089 00B131DD 		.ascii	"\000\2611\335`\021\205\253\032\"\270\302\257s\344[\227"
ARM GAS  C:\Users\mvshv\AppData\Local\Temp\cceQzSyH.s 			page 7


  93      601185AB 
  93      1A22B8C2 
  93      AF73E45B 
  93      97
  94 009a B34AFD1D 		.ascii	"\263J\375\035\223\226\335\375KO\232\211\003\026g,E\257"
  94      9396DDFD 
  94      4B4F9A89 
  94      0316672C 
  94      45AF
  95 00ac 5818443D 		.ascii	"X\030D=E\315\307\037Y\274\203[\034P\351\270>\323\373"
  95      45CDC71F 
  95      59BC835B 
  95      1C50E9B8 
  95      3ED3FB
  96 00bf CD2F8E0A 		.ascii	"\315/\216\012j\350\230\230\357Nr^\013F\373\217k\367"
  96      6AE89898 
  96      EF4E725E 
  96      0B46FB8F 
  96      6BF7
  97 00d1 BEF8EB6E 		.ascii	"\276\370\353n\233f\324\2647or\263\326\342\034\317\300"
  97      9B66D4B4 
  97      376F72B3 
  97      D6E21CCF 
  97      C0
  98 00e2 A9209EA2 		.ascii	"\251 \236\242\032OP\315\310\3050\204:\012\357+\014L"
  98      1A4F50CD 
  98      C8C53084 
  98      3A0AEF2B 
  98      0C4C
  99 00f4 19FCB04C 		.ascii	"\031\374\260L\315\214ZM\305\314\351\214\314T\361|w\246"
  99      CD8C5A4D 
  99      C5CCE98C 
  99      CC54F17C 
  99      77A6
 100 0106 CA90459D 		.ascii	"\312\220E\235\010\377\372\270\320\345\323\325t\211-"
 100      08FFFAB8 
 100      D0E5D3D5 
 100      74892D
 101 0115 724214FA 		.ascii	"rB\024\372\222\347\341\202f\233\205\255V\342\220\301"
 101      92E7E182 
 101      669B85AD 
 101      56E290C1 
 102 0125 D6A92A50 		.ascii	"\326\251*P\246\246\220\321\2710\2520\232\360\351\302"
 102      A6A690D1 
 102      B930AA30 
 102      9AF0E9C2 
 103 0135 B8C4D12D 		.ascii	"\270\304\321-\214G\030/\031\227!v>\010\232\001HH\326"
 103      8C47182F 
 103      19972176 
 103      3E089A01 
 103      4848D6
 104 0148 4628A4A1 		.ascii	"F(\244\241i\263v\256\210]\314fK\210\177\232X\276\241"
 104      69B376AE 
 104      885DCC66 
 104      4B887F9A 
 104      58BEA1
 105 015b 0BF05EEE 		.ascii	"\013\360^\356#Z\251D~\316%\264\341`\030&\316b\265\323"
ARM GAS  C:\Users\mvshv\AppData\Local\Temp\cceQzSyH.s 			page 8


 105      235AA944 
 105      7ECE25B4 
 105      E1601826 
 105      CE62B5D3 
 106 016f 1F537B28 		.ascii	"\037S{(a\005\321\234\307\211\006E\217\344g&\3654\372"
 106      6105D19C 
 106      C7890645 
 106      8FE46726 
 106      F534FA
 107 0182 5B48FF1A 		.ascii	"[H\377\032\213\273\251\206\223$T\356\270\266\210\320"
 107      8BBBA986 
 107      932454EE 
 107      B8B688D0 
 108 0192 03B3535E 		.ascii	"\003\263S^y0\2024\272d_\360\002!\001\275xb\247\322\375"
 108      79308234 
 108      BA645FF0 
 108      022101BD 
 108      7862A7D2 
 109 01a7 CCBA5D29 		.ascii	"\314\272])p=\250\304\3506\256\312r\307\010v\025\361"
 109      703DA8C4 
 109      E836AECA 
 109      72C70876 
 109      15F1
 110 01b9 1A291045 		.ascii	"\032)\020Ef\263\253\237]\221\277\246\333\342\336\024"
 110      66B3AB9F 
 110      5D91BFA6 
 110      DBE2DE14 
 111 01c9 178A8D21 		.ascii	"\027\212\215!\302\312\251\033\262\037\261?c?\375\024"
 111      C2CAA91B 
 111      B21FB13F 
 111      633FFD14 
 112 01d9 47036108 		.ascii	"G\003a\010\225\205\357\367\374\3676C\360\015X\274\002"
 112      9585EFF7 
 112      FCF73643 
 112      F00D58BC 
 112      02
 113 01ea E3344576 		.ascii	"\3434Ev\221m\354\326`\002\024\335#\331\032\310\023["
 113      916DECD6 
 113      600214DD 
 113      23D91AC8 
 113      135B
 114 01fc A7251388 		.ascii	"\247%\023\210X\334'\331hE\331H\205Br\351\270\303^\351"
 114      58DC27D9 
 114      6845D948 
 114      854272E9 
 114      B8C35EE9 
 115 0210 E581725D 		.ascii	"\345\201r]\370\236t\361\343\245\324\005B\227W\244\313"
 115      F89E74F1 
 115      E3A5D405 
 115      429757A4 
 115      CB
 116 0221 0A629B49 		.ascii	"\012b\233I8\245TY\235\227W\327\366\250\372\344\216\352"
 116      38A55459 
 116      9D9757D7 
 116      F6A8FAE4 
 116      8EEA
 117 0233 534EF554 		.ascii	"SN\365T\251z\261\332\302\332t\237!d\323\020\300k*C1"
ARM GAS  C:\Users\mvshv\AppData\Local\Temp\cceQzSyH.s 			page 9


 117      A97AB1DA 
 117      C2DA749F 
 117      2164D310 
 117      C06B2A43 
 118 0248 6BA51897 		.ascii	"k\245\030\227$\241\377\307\212\360\270\363\317;q\036"
 118      24A1FFC7 
 118      8AF0B8F3 
 118      CF3B711E 
 119 0258 E9D6CA99 		.ascii	"\351\326\312\231z\367\304\264\022o$SE0}\3530\335(U7"
 119      7AF7C4B4 
 119      126F2453 
 119      45307DEB 
 119      30DD2855 
 120 026d 24110FF9 		.ascii	"$\021\017\371\362\357/K_y\273\003\262\335\273\240\366"
 120      F2EF2F4B 
 120      5F79BB03 
 120      B2DDBBA0 
 120      F6
 121 027e 1101BC2B 		.ascii	"\021\001\274+B}\030\312\015\371\010*\336\"\256\2520"
 121      427D18CA 
 121      0DF9082A 
 121      DE22AEAA 
 121      30
 122 028f 2DA18A33 		.ascii	"-\241\21231\334?p\027\333\227\3731\203P\027\315\035"
 122      31DC3F70 
 122      17DB97FB 
 122      31835017 
 122      CD1D
 123 02a1 D1984588 		.ascii	"\321\230E\210\260\331\017D\323[W\235i\020\253\215\232"
 123      B0D90F44 
 123      D35B579D 
 123      6910AB8D 
 123      9A
 124 02b2 4573404C 		.ascii	"Es@L\017\006\203\241\355\347\\8t\246\2419\024\276\320"
 124      0F0683A1 
 124      EDE75C38 
 124      74A6A139 
 124      14BED0
 125 02c5 24BEA7CF 		.ascii	"$\276\247\31774\007\233\030o\274\024V\033\317^\014\377"
 125      3734079B 
 125      186FBC14 
 125      561BCF5E 
 125      0CFF
 126 02d7 038D6E71 		.ascii	"\003\215nqj"
 126      6A
 127              		.text
 128              		.section	.gnu.lto_palSetBusMode.fb69ca30,"",%progbits
 129 0000 789C9552 		.ascii	"x\234\225RMO\023Q\024}g\356L[Z(\270s\301\002#I\305\030"
 129      4D4F1351 
 129      147D67EE 
 129      4C5B5A28 
 129      B873C102 
 130 0018 EA7FD0C4 		.ascii	"\352\177\320\304\237a\020M\\`06\256\373hi\201`\"Q)\004"
 130      9F61104D 
 130      5C603036 
 130      AEFB6869 
 130      81602251 
ARM GAS  C:\Users\mvshv\AppData\Local\Temp\cceQzSyH.s 			page 10


 131 002e 27A40B8A 		.ascii	"'\244\013\212\321h\324\200\037\005\224\241(~D$\260\302"
 131      D168D480 
 131      1F0594A1 
 131      287E4424 
 131      B0C2
 132 0040 2F161A5D 		.ascii	"/\026\032]\020 \0206j\024\275\367\015\002\0327\274\314"
 132      10201036 
 132      6A14BDF7 
 132      0D021A37 
 132      BCCC
 133 0052 BCF7EE9B 		.ascii	"\274\367\356\233s\317=\357\334\011(\245\372H\251C\274"
 133      73CF3DEF 
 133      DC0928A5 
 133      FA48A943 
 133      BC
 134 0063 1EE51701 		.ascii	"\036\345\027\001\005\253\353\265R-!\313\262g*\224\016"
 134      05ABEBB5 
 134      522D21CB 
 134      B2672A94 
 134      0E
 135 0074 D384A794 		.ascii	"\323\204\247\224.'\313\356=\310\241\363u?G6\034\037"
 135      2E27CBEE 
 135      3DC8A1F3 
 135      753F4736 
 135      1C1F
 136 0086 E500B2D1 		.ascii	"\345\000\262\321!\250\244E\266\203$.\320\025B\251\355"
 136      21A8A445 
 136      B683242E 
 136      D01542A9 
 136      ED
 137 0097 4BD1AABB 		.ascii	"K\321\252\273\246yx=s\301\254\316\354u\271N\216_\031"
 137      A679783D 
 137      73C1ACCE 
 137      EC75B94E 
 137      8E5F19
 138 00aa 18421DA3 		.ascii	"\030B\035\243f[\357\270\324I.\0016\207k\323}\237\242"
 138      665BEFB8 
 138      D4492E01 
 138      36876BD3 
 138      7D9FA2
 139 00bd 125AA8E1 		.ascii	"\022Z\250\34103\333\223%\252\205\342\375\233\325\033"
 139      3033DB93 
 139      25AA85E2 
 139      FD9BD51B 
 140 00cd EFA3B182 		.ascii	"\357\243\261\202\326)\355\275\032 ]\353\022\341>\210"
 140      D629EDBD 
 140      1A205DEB 
 140      12E13E88 
 141 00dd 09710FD5 		.ascii	"\011q\017\325\030F\265\342#\205\007\2101|}\250p9B\007"
 141      1846B5E2 
 141      23850788 
 141      317C7DA8 
 141      70394207 
 142 00f1 4CEAC2CA 		.ascii	"L\352\302\312\360\325\360f\352\217\202I\265\361\360"
 142      F0D5F066 
 142      EA8F8249 
 142      B5F1F0
ARM GAS  C:\Users\mvshv\AppData\Local\Temp\cceQzSyH.s 			page 11


 143 0100 DF545BA1 		.ascii	"\337T[\241\210\230\340?\336\335\350\256\010\330\371"
 143      8898E03F 
 143      DEDDE8AE 
 143      08D8F9
 144 010f 3F723122 		.ascii	"?r1\"\256\360\312'\267\347\034Oo\374j\323\336\322 >"
 144      AEF0CA27 
 144      B7E71C4F 
 144      6FFC6AD3 
 144      DED2203E 
 145 0123 1C2B0767 		.ascii	"\034+\007g:\026O\001\342)hK\350\310.\010Q\022\206!U"
 145      3A164F01 
 145      E229684B 
 145      E8C82E08 
 145      51128621 
 146 0138 EDCCC336 		.ascii	"\355\314\3036iOu\220%\273\264\247>\243\365\355\344B"
 146      694F7590 
 146      25BBB4A7 
 146      3EA3F5ED 
 146      E442
 147 014a 7F40E8FB 		.ascii	"\177@\350\373(\310\205s\231\322LP\256OP\030eU2:\370"
 147      28C88573 
 147      99D24C50 
 147      AE4F5018 
 147      6555323A 
 148 015f 52DC014E 		.ascii	"R\334\001NXDj\244\314G\203\321c\245\351\251@\036\375"
 148      58446AA4 
 148      CC4783D1 
 148      63A5E9A9 
 148      401EFD
 149 0172 2D6C718D 		.ascii	"-lq\215K!\346\360\223\304\310\316K\363\210\337\322]"
 149      4B21E6F0 
 149      93C4C8CE 
 149      4BF388DF 
 149      D25D
 150 0184 E65319C6 		.ascii	"\346S\031\306\220G\267\261\036\217\020\227\322\363G"
 150      9047B7B1 
 150      1E8F1097 
 150      D2F347
 151 0193 B6996E0E 		.ascii	"\266\231n\016\256y\225R\267\014\225x\274U\327V#\207"
 151      AE799552 
 151      B70C9578 
 151      BC55D756 
 151      2387
 152 01a5 B9EC125A 		.ascii	"\271\354\022Zk\214\005\214,\026\227\336\005\223?u\310"
 152      6B8C058C 
 152      2C1697DE 
 152      05933F75 
 152      C8
 153 01b6 A5708EC4 		.ascii	"\245p\216\304\223q$\325N\351\021cy\372\373\370z\224"
 153      937124D5 
 153      4EE91163 
 153      79FAFBF8 
 153      7A94
 154 01c8 71DCF388 		.ascii	"q\334\363\210\370(g\337f\227\333#\242\267\312\245rL"
 154      F82867DF 
 154      6697DB23 
 154      A2B7CAA5 
ARM GAS  C:\Users\mvshv\AppData\Local\Temp\cceQzSyH.s 			page 12


 154      724C
 155 01da F08FE26D 		.ascii	"\360\217\342m\252M\017\014e\300\350^\2436\202\022\253"
 155      AA4D0F0C 
 155      65C0E85E 
 155      A3368212 
 155      AB
 156 01eb F54D9F44 		.ascii	"\365M\237D\322\245\012\243\306\331\264M\\\270\276L\276"
 156      D2A50AA3 
 156      C6D9B44D 
 156      5CB8BE4C 
 156      BE
 157 01fc 7A6B573E 		.ascii	"zkW>D\361\304\370\000\361\341)\373\260\303Q\332\025"
 157      44F1C4F8 
 157      00F1E129 
 157      FBB0C351 
 157      DA15
 158 020e 5325A60C 		.ascii	"S%\246\014\223%L\317\376f\262w\331\233\347\333\275y"
 158      93254CCF 
 158      FE66B277 
 158      D99BE7DB 
 158      BD79
 159 0220 6198D2AB 		.ascii	"a\230\322\253Y\370T\016\353bBnA\366\177-\250\312\211"
 159      59F8540E 
 159      EB62426E 
 159      41F67F2D 
 159      A8CA89
 160 0233 00BCE416 		.ascii	"\000\274\344\026\260\025\006\036vi\217ZA*?z\321\267"
 160      B015061E 
 160      76698F5A 
 160      412A3F7A 
 160      D1B7
 161 0245 50463BDF 		.ascii	"PF;\337\230\315c\354\276\372\372\370\326\323\234\210"
 161      98CD63EC 
 161      BEFAFAF8 
 161      D6D39C88 
 162 0255 9F6E688A 		.ascii	"\237nh\212'\3165\312z\374lCS}\243\242\023\347\023\366"
 162      27CE35CA 
 162      7AFC6C43 
 162      537DA3A2 
 162      13E713F6 
 163 0269 99E693A7 		.ascii	"\231\346\223\247~\003\026\211/\320"
 163      7E031689 
 163      2FD0
 164              		.text
 165              		.section	.gnu.lto_.symbol_nodes.fb69ca30,"",%progbits
 166 0000 789C55C9 		.ascii	"x\234U\311\315\015\202@\024E\341\363\356\014c\031$V"
 166      CD0D8240 
 166      1445E1F3 
 166      EE0C6319 
 166      2456
 167 0012 8295BD59 		.ascii	"\202\225\275Y\030\326n\350\200&@\374\251`*qc\007\222"
 167      18D66EE8 
 167      802640FC 
 167      A9602A71 
 167      630792
 168 0025 111359DC 		.ascii	"\021\023Y\334\234\344~\011\030\326\241I\016\227\002"
 168      9CE47E09 
ARM GAS  C:\Users\mvshv\AppData\Local\Temp\cceQzSyH.s 			page 13


 168      18D6A149 
 168      0E9702
 169 0034 6BE67C82 		.ascii	"k\346|\202\346&\362\021\202f\271\355\351.\373\322U\256"
 169      E626F211 
 169      8266B9ED 
 169      E92EFBD2 
 169      55AE
 170 0046 3D3DA44A 		.ascii	"==\244J\266\310C%\310\271\003{\312\343\377\021H\234"
 170      B6C84325 
 170      C8B9037B 
 170      CAE3FF11 
 170      489C
 171 0058 DFC582B6 		.ascii	"\337\305\202\266\306_\017\214\375\253\345\003=\356#"
 171      C65F0F8C 
 171      FDABE503 
 171      3DEE23
 172 0067 92       		.ascii	"\222"
 173              		.text
 174              		.section	.gnu.lto_.refs.fb69ca30,"",%progbits
 175 0000 789C6363 		.ascii	"x\234cc``\020\000bF\006&F\026F&&f\026F\026&V\026\006"
 175      60601000 
 175      62460626 
 175      46164626 
 175      26661646 
 176 0019 0002EF00 		.ascii	"\000\002\357\000;"
 176      3B
 177              		.text
 178              		.section	.gnu.lto_.decls.fb69ca30,"",%progbits
 179 0000 789CAD58 		.ascii	"x\234\255XkPTG\026\276}{\006\207ax\024\232\224\265R"
 179      6B505447 
 179      16BE7D7B 
 179      06876178 
 179      149A94B5 
 180 0015 597451E7 		.ascii	"YtQ\347OxhvMm\345G\02251\025\023(\310\313\204\252\011"
 180      4F786876 
 180      4D6DE547 
 180      12353115 
 180      1328C8CB 
 181 002c 8131508B 		.ascii	"\2011P\213\3402\303V\371k/\014\021\214/\360Ax\030EA"
 181      E032C356 
 181      F96B2F0C 
 181      118C2FF0 
 181      41781845 
 182 0041 22A2A011 		.ascii	"\"\242\240\021\037\210\3128\240 \210\"\012\012\"\342"
 182      1F88CA38 
 182      A0208822 
 182      0A0A22E2 
 183 0051 037C135E 		.ascii	"\003|\023^*\370bOw\337;\367\316\310\230Tmnq\346\336"
 183      2AF8624F 
 183      77DF3BF7 
 183      CEC89854 
 183      6D6E71E6 
 184 0066 EE7BFA9C 		.ascii	"\356{\372\234\357|\347t\367m\3348\216\233\362:\307\255"
 184      EF7CE774 
 184      F76DDC38 
 184      8E9BF23A 
 184      C7AD
ARM GAS  C:\Users\mvshv\AppData\Local\Temp\cceQzSyH.s 			page 14


 185 0078 C11C3782 		.ascii	"\301\0347\2028n\014.\025\364\035\007\231\000\362\032"
 185      386E0C2E 
 185      15F41D07 
 185      9900F21A 
 186 0088 F44D03B1 		.ascii	"\364M\003\261\301\363\014\270\353A\202AB@\310\245\006"
 186      C1F30CB8 
 186      EB418241 
 186      4240C8A5 
 186      06
 187 0099 9903CFEF 		.ascii	"\231\003\317\357\200\274\007\362\001\310B\0200\307\205"
 187      80BC07F2 
 187      01C84210 
 187      30C785
 188 00a8 C13D02E4 		.ascii	"\301=\002\344\013QW\272\022y\216\363\345\230L\342\230"
 188      0B5157BA 
 188      12798EF3 
 188      E5984CE2 
 188      98
 189 00b9 6DE26711 		.ascii	"m\342g\021y\011\367\231\244_\364\361\245\350\177*\310"
 189      7909F799 
 189      A45FF4F1 
 189      A5E87F2A 
 189      C8
 190 00ca 7C90AF88 		.ascii	"|\220\257\210\036\301\011:u _\3033\301\353\015w\035"
 190      1EC1093A 
 190      75205FC3 
 190      33C1EB0D 
 190      771D
 191 00dc C8103CFB 		.ascii	"\310\020<\373\300\235\027q\021<H\304\242\274\226\361"
 191      C09D1771 
 191      113C48C4 
 191      A2BC96F1 
 192 00ec CCF7B70A 		.ascii	"\314\367\267\012\034\257\211q\022\0343E,J\034$\376\351"
 192      1CAF8971 
 192      121C3345 
 192      2C4A1C24 
 192      FEE9
 193 00fe 228EAF9D 		.ascii	"\"\216\257\235\260\334\024\361\250E,>\"\236g\320\356"
 193      B0DC14F1 
 193      A8452C3E 
 193      229E67D0 
 193      EE
 194 010f E6189E77 		.ascii	"\346\030\236w\024x\"\234\360XDN\234\361\350_\301\013"
 194      1478229C 
 194      F058444E 
 194      9CF1E85F 
 194      C10B
 195 0121 C9439082 		.ascii	"\311C\220\202\027\202\351\033\220\217E\376%N|\304\266"
 195      1782E91B 
 195      908F45FE 
 195      254E7CC4 
 195      B6
 196 0132 323FC4BD 		.ascii	"2?\304\275s^6`t.m\317&\274\022#_-RAs\240)\357\206\027"
 196      735E3660 
 196      742E6DCF 
 196      26BC1223 
 196      5F2D5241 
ARM GAS  C:\Users\mvshv\AppData\Local\Temp\cceQzSyH.s 			page 15


 197 014c 34276991 		.ascii	"4'i\221?4\363\252\206\033\324\354\255\006\232c\305{"
 197      3F34F3AA 
 197      861BD4EC 
 197      AD069A63 
 197      C57B
 198 015e 5668308F 		.ascii	"Vh0\217\310\300+\365%\245d\340L-\"%\344\015]\345\367"
 198      C8C02BF5 
 198      25A564E0 
 198      4C2D2225 
 198      E40D5DE5 
 199 0173 2B473D59 		.ascii	"+G=Y\027\321h\337Y\323\252\305\023\350\363\257;\253"
 199      17D168DF 
 199      59D3AAC5 
 199      13E8F3AF 
 199      3BAB
 200 0185 C73C0277 		.ascii	"\307<\002w\011\354\322|\305\241J\204%\014-k\007\213"
 200      09ECD27C 
 200      C5A14A84 
 200      250C2D6B 
 200      078B
 201 0197 26E010A2 		.ascii	"&\340\020\242\310_m\177\332\351\205\264\372\014AH\025"
 201      C85F6D7F 
 201      DAE985B4 
 201      FA0C4148 
 201      15
 202 01a8 0A2C82FB 		.ascii	"\012,\202\373\002\016U ?\264\017\371q\350(\322\023\343"
 202      020E5520 
 202      3FB40FF9 
 202      71E828D2 
 202      13E3
 203 01ba 87512087 		.ascii	"\207Q \207\016A\347A\350,&\006\255\267\036\317\314J"
 203      0E41E741 
 203      E82C2606 
 203      ADB71ECF 
 203      CC4A
 204 01cc 17041E1D 		.ascii	"\027\004\036\035AZT\2050\325\201\240gj\231\213\222\242"
 204      415A5485 
 204      30D581A0 
 204      676A998B 
 204      92A2
 205 01de AC6D6EB8 		.ascii	"\254mn\270\020Q\037U\371='xW>\254\256}\354\236v\362"
 205      10511F55 
 205      F93D2778 
 205      573EACAE 
 205      7DEC9E76 
 206 01f3 07E2A31A 		.ascii	"\007\342\243\032|\034\223}\200K\346$\255\366Q\226'\316"
 206      7C1C937D 
 206      804BE624 
 206      ADF65196 
 206      27CE
 207 0205 A0FCF0BD 		.ascii	"\240\374\360\275\243i\025\036\256\234\324\270t\362["
 207      A369151E 
 207      AE9CD4B8 
 207      74F25B
 208 0214 83FEE805 		.ascii	"\203\376\350\005A\360G6pr\\vR-9i\035\030\314\366\302"
 208      41F04736 
 208      70725C76 
ARM GAS  C:\Users\mvshv\AppData\Local\Temp\cceQzSyH.s 			page 16


 208      522D3969 
 208      1D18CCF6 
 209 0229 675812F2 		.ascii	"gX\022\362\207\256\334qg\371\321\023\226\333vTip+{\227"
 209      87AEDC71 
 209      67F9D113 
 209      96DB7654 
 209      69702B7B 
 210 023e D3B277BE 		.ascii	"\323\262w\276\026\274[\376P\210\212\334\373\262\334"
 210      16BC5BFE 
 210      50888ADC 
 210      FBB2DC
 211 024d 8F6CBDB9 		.ascii	"\217l\275\271\216\307\355\314\330\236\261\015\335\236"
 211      8EC7EDCC 
 211      D89EB10D 
 211      DD9E
 212 025b B88B35FA 		.ascii	"\270\2135\372\322z\272=\230\342dh^O\255\250\367\304"
 212      D27ABA3D 
 212      98E26468 
 212      5E4FADA8 
 212      F7C4
 213 026d 37D8BBD5 		.ascii	"7\330\273\325\033l6\025\276\303\032\205\271Y\351j\334"
 213      1B6C3615 
 213      BEC31A85 
 213      B959E96A 
 213      DC
 214 027e C71A25EB 		.ascii	"\307\032%\3532\367hq?k\264\364\237\376\331\203\325\231"
 214      32F76871 
 214      3F6BB4F4 
 214      9FFED983 
 214      D599
 215 0290 0F344F8C 		.ascii	"\0174O\214=\266z3\213<\201\276\363\342\023w<\310T\267"
 215      3DB67A33 
 215      8B3C81BE 
 215      F3E21377 
 215      3CC854B7 
 216 02a4 3F79DA4F 		.ascii	"?y\332O\012m\006)4\254(\263\031\254\314\252\033O\025"
 216      0A6D0629 
 216      34AC28B3 
 216      19ACCCAA 
 216      1B4F15
 217 02b7 EBF00863 		.ascii	"\353\360\010c\275,\357\3313o\211\365L\213\240\326s\250"
 217      BD2CEFD9 
 217      336F89F5 
 217      4C8BA0D6 
 217      73A8
 218 02c9 19423C47 		.ascii	"\031B<G\342\276\010q\317\020\343\276\000\235\347\345"
 218      E2BE0871 
 218      CF10E3BE 
 218      009DE7E5 
 219 02d9 D41E7CA3 		.ascii	"\324\036|\243R\020|P\033\220\336*\223>C\344\374X\326"
 219      52107C50 
 219      1B90DE2A 
 219      933E43E4 
 219      FC58D6
 220 02ec E55E2DB6 		.ascii	"\345^-\266`\352\"\265y\343\220K\027\035\256]\354\236"
 220      60EA22B5 
 220      79E3904B 
ARM GAS  C:\Users\mvshv\AppData\Local\Temp\cceQzSyH.s 			page 17


 220      171DAE5D 
 220      EC9E
 221 02fe 554BABA7 		.ascii	"UK\253\247\035|\\\222}\264I\211M\035\331vD\203WQ'\252"
 221      1D7C5C92 
 221      7DB44989 
 221      4D1DD976 
 221      44835751 
 222 0314 473BF6B7 		.ascii	"G;\366\267y\241\211\001\001\372,2:\023\004\361r\012"
 222      79A18901 
 222      01FA2C32 
 222      3A1304F1 
 222      720A
 223 0326 39D48926 		.ascii	"9\324\211&\022\013\350*8\274\202\002P\027\012\240\323"
 223      120BE82A 
 223      38BC8202 
 223      50170AA0 
 223      D3
 224 0337 691B4165 		.ascii	"i\033Ae\255\273\033\234?xS\020~\324Qw\227\301\035\031"
 224      ADBB1B9C 
 224      3F785310 
 224      7ED45177 
 224      97C11D19 
 225 034b 60871944 		.ascii	"`\207\031DL\204\370\331\365\357N\311\025\254\251\230"
 225      4C84F8D9 
 225      F5EF4EC9 
 225      15ACA998 
 226 035b 2AB78CAB 		.ascii	"*\267\214\253\334L\274\212\241t\345ka\016\023%N\214"
 226      DC4CBC8A 
 226      A174E56B 
 226      610E1325 
 226      4E8C
 227 036d 824D6455 		.ascii	"\202MdU\235\355^\205\026\005\004L\3223\263m\371\276"
 227      9DED5E85 
 227      1605044C 
 227      D233B36D 
 227      F9BE
 228 037f 8516A13E 		.ascii	"\205\026\241>\230\316\2303`\367:\232$\227\241\003\010"
 228      98CE9833 
 228      60F73A9A 
 228      2497A103 
 228      08
 229 0390 30FB28DF 		.ascii	"0\373(\337+\205\242 \336\317\272\326^G\264\241\246\005"
 229      2B85A220 
 229      DECFBAD6 
 229      5E47B4A1 
 229      A605
 230 03a2 A4523242 		.ascii	"\244R2B\264\011#7\200\221n`\344\232\310\010\303|&\177"
 230      B4092337 
 230      80916E60 
 230      E49AC808 
 230      C37C267F 
 231 03b6 720A8C20 		.ascii	"r\012\214 Z\216\240Q\323\341u\025\356\223\300h\212k"
 231      5A8EA051 
 231      D3E17515 
 231      EE93C068 
 231      8A6B
 232 03c8 A39C8345 		.ascii	"\243\234\203EE\375\372\262\372M\253i\335\257\303\365"
ARM GAS  C:\Users\mvshv\AppData\Local\Temp\cceQzSyH.s 			page 18


 232      45FDFAB2 
 232      FA4DAB69 
 232      DDAFC3F5 
 233 03d8 3477A8A7 		.ascii	"4w\250\247\261<U\203O\263\306\346\246\262F5nf\215\252"
 233      B13C5583 
 233      4FB3C6E6 
 233      A6B24635 
 233      6E668DAA 
 234 03ec D2B2161E 		.ascii	"\322\262\026\036\267\261\306\256\312\376\225\010w\261"
 234      B7B1C6AE 
 234      CAFE9508 
 234      77B1
 235 03fa C6407AB9 		.ascii	"\306@z\271\031\367\210Z\007\217\234\024\027\335`hV\034"
 235      19F7885A 
 235      078F9C14 
 235      17DD6068 
 235      561C
 236 040c 1DD8EECE 		.ascii	"\035\330\356\316\246\212@\312\177\307\351K#^\370\036"
 236      A68A40CA 
 236      7FC7E94B 
 236      235EF81E 
 237 041c D5F53A58 		.ascii	"\325\365:XT\261\311\035\030\207\013\212%@O\036\266\011"
 237      54B1C91D 
 237      18870B8A 
 237      25404F1E 
 237      B609
 238 042e 6916C1DA 		.ascii	"i\026\301\332\233'r_\007\334\337\0056\207\201UG6+\020"
 238      9B27725F 
 238      07DCDF05 
 238      36878155 
 238      47362B10 
 239 0442 239FA8DB 		.ascii	"#\237\250\333\246\344\011\3264L\265{\235\265{\220\263"
 239      A6E409D6 
 239      344CB57B 
 239      9DB57B90 
 239      B3
 240 0453 FA753F59 		.ascii	"\372u?Y\275\317Y\375\304K\352\035\012\365\223\343\253"
 240      BDCF59FD 
 240      C44BEA1D 
 240      0AF593E3 
 240      AB
 241 0464 87C8DA4F 		.ascii	"\207\310\332O\376\"k\337\032\037\013\325\226\247\006"
 241      FE226BDF 
 241      1A1F0BD5 
 241      96A706
 242 0473 E4EC0128 		.ascii	"\344\354\001(\334\247\357\206\305\2511\002\2050\012"
 242      DCA7EF86 
 242      C5A93102 
 242      85300A
 243 0482 69FB0DE4 		.ascii	"i\373\015\344)\310C\220!\220~\220g \217@\036\203<\001"
 243      29C84390 
 243      21907E90 
 243      67208F40 
 243      1E833C01 
 244 0496 190419B0 		.ascii	"\031\004\031\260O!\002bP\001\342\2663\210\375/EhSDx"
 244      4F210262 
 244      5001E2B6 
ARM GAS  C:\Users\mvshv\AppData\Local\Temp\cceQzSyH.s 			page 19


 244      3388FD2F 
 244      45685344 
 245 04ab DA59BDF1 		.ascii	"\332Y\275\361%\365\006\205z\203\263z\275\034\242X\274"
 245      25F50685 
 245      7A83B37A 
 245      BD1CA258 
 245      BC
 246 04bc 79BEB478 		.ascii	"y\276\264x\207\035g\0343\325\245L\364\275q\023\255\340"
 246      871D671C 
 246      33D5A54C 
 246      F4BD7113 
 246      ADE0
 247 04ce B645E1F8 		.ascii	"\266E\341\370\324\370\216\2258\357*X\2703>\013\222q"
 247      D4F88E95 
 247      38EF2A58 
 247      B8333E0B 
 247      9271
 248 04e0 98BB2FF2 		.ascii	"\230\273/\362\265L\375&L\233\246\361Y\240\352P\306\326"
 248      B54CFD26 
 248      4C9BA6F1 
 248      59A0EA50 
 248      C6D6
 249 04f2 A6910A35 		.ascii	"\246\221\0125\356gk\352\275\214\336t\025\322Od\341\366"
 249      EE676BEA 
 249      BD8CDE74 
 249      15D24F64 
 249      E1F6
 250 0504 6D7223EB 		.ascii	"mr#\353\313\030\014~./\224$x\0279G/ \325\377o\332\001"
 250      CB180C7E 
 250      2E2F9424 
 250      78173947 
 250      2F20D5FF 
 251 051b D39AA6DA 		.ascii	"\323\232\246\332R^\367\243}\307\246\020\344\305@\340"
 251      525EF7A3 
 251      7DC7A610 
 251      E4C540E0 
 252 052b 752218D0 		.ascii	"u\"\030\320=\270\"\347\226'~\316\360_\311\3347\340\206"
 252      3DB822E7 
 252      96277ECE 
 252      F05FC9DC 
 252      37E086
 253 053e F43A690F 		.ascii	"\364:i\017\017\250\357'{\270\005\006\244\360\366\010"
 253      0FA8EF27 
 253      7BB80506 
 253      A4F0F608 
 254 054e 603CDC5C 		.ascii	"`<\334\\\230G\251\274\336\321\303\323\333\033\332\021"
 254      9847A9BC 
 254      DED1C3D3 
 254      DB1BDA11 
 255 055e 5B077464 		.ascii	"[\007td\177\250j\317\362f\353@7y=\274\276\343\252\027"
 255      7FA86ACF 
 255      F266EB40 
 255      37793DBC 
 255      BEE3AA17 
 256 0572 CE50397C 		.ascii	"\316P9|\215-z\371kl\021\333&\3577\237=\217\360Z\252"
 256      8D2D7AF9 
 256      6B6C11DB 
ARM GAS  C:\Users\mvshv\AppData\Local\Temp\cceQzSyH.s 			page 20


 256      26EF379F 
 256      3D8FF05A 
 257 0587 CE770C9E 		.ascii	"\316w\014\236\303\256\276MV\002\216E\342\026\226\301"
 257      C3AEBE4D 
 257      56028E45 
 257      E21696C1 
 258 0597 FBA174DE 		.ascii	"\373\241t\336\276\205\255\374\333\375\027$\256\037y"
 258      BE85ADFC 
 258      DBFD1724 
 258      AE1F79
 259 05a6 2D5A21C7 		.ascii	"-Z!\307\265\210\355`\352\232K\351\275\260\374O\324\223"
 259      B588ED60 
 259      EA9A4BE9 
 259      BDB0FC4F 
 259      D493
 260 05b8 3588ACFF 		.ascii	"5\210\254\377W7\343\321\355kV\013\0056D\271\250\205"
 260      5737E3D1 
 260      ED6B560B 
 260      053644B9 
 260      A885
 261 05ca 6CAEE6C7 		.ascii	"l\256\346\307\255N\207\274\376\000n\323x\362\216h\223"
 261      AD4E87BC 
 261      FE006ED3 
 261      78F28E68 
 261      93
 262 05db A4AE0150 		.ascii	"\244\256\001P\253\370\000\224\011\262\226W.\354}eln"
 262      ABF80094 
 262      09B29657 
 262      2EEC7D65 
 262      6C6E
 263 05ed 80A6E3DC 		.ascii	"\200\246\343\334 \000\272\016\211s\203 ^\316;yw\250"
 263      2000BA0E 
 263      89738320 
 263      5ECE3B79 
 263      77A8
 264 05ff 5FA2FE24 		.ascii	"_\242\376$\210\225/\371\366:0.V67\200\316\321\222\241"
 264      88952FF9 
 264      F63A302E 
 264      56363780 
 264      CED192A1 
 265 0613 618C73D5 		.ascii	"a\214s\325\224\316\241\323\267\323\220\275|{\017\321"
 265      94CEA1D3 
 265      B7D390BD 
 265      7C7B0FD1 
 266 0623 F25D0F83 		.ascii	"\362]\017\203\263d\222\010>\027a\242u\020\335\253\""
 266      B3649208 
 266      3E1761A2 
 266      7510DDAB 
 266      22
 267 0634 25E9DB7B 		.ascii	"%\351\333{6\233\237(\016\317p9\234\033o\354\303Q\241"
 267      369B9F28 
 267      0ECF7039 
 267      9C1B6FEC 
 267      C351A1
 268 0647 112BCB7A 		.ascii	"\021+\313z\003\257,\353\215\264,\351\035\224\237\367"
 268      03AF2CEB 
 268      8DB42CE9 
ARM GAS  C:\Users\mvshv\AppData\Local\Temp\cceQzSyH.s 			page 21


 268      1D949FF7 
 269 0657 373FD7B1 		.ascii	"7?\327\261\252\323\222\"\254_\276\005\221\317HA\034"
 269      AAD39222 
 269      AC5FBE05 
 269      91CF4841 
 269      1C
 270 0668 0BFDF2D0 		.ascii	"\013\375\362\320\237xH=0\203\262y\372\011y\261=\255"
 270      9F78483D 
 270      3083B279 
 270      FA0979B1 
 270      3DAD
 271 067a 522C590F 		.ascii	"R,Y\0172G\256m\254\026\267\256K\364\333u\344\350\023"
 271      3247AE6D 
 271      AC16B7AE 
 271      4BF4DB75 
 271      E4E813
 272 068d 1DDE4249 		.ascii	"\035\336BIS\355\262\354\354\2079\357\207\300\032\322"
 272      53EDB2EC 
 272      EC8739EF 
 272      87C01AD2 
 273 069d 164B4703 		.ascii	"\026KG\003\016m\206\\\345\361X:\244\344A\270B\377\177"
 273      0E6D865C 
 273      E5F1583A 
 273      A4E441B8 
 273      42FF7F
 274 06b0 49373C6B 		.ascii	"I7<k\350\235\026\256P(\340\311\034\232\355\207\202\201"
 274      E89D16AE 
 274      5028E0C9 
 274      1C9AED87 
 274      8281
 275 06c2 847C2061 		.ascii	"\204| a3\205\3633\360\262\211\3419\326\330\322\356\345"
 275      3385F333 
 275      F0B289E1 
 275      39D6D8D2 
 275      EEE5
 276 06d4 9B2992FE 		.ascii	"\233)\222\376.\242\266s\341}\016\255\256-\274\257\024"
 276      2EA2B673 
 276      E17D0EAD 
 276      AE2DBCAF 
 276      14
 277 06e5 04D1DEBB 		.ascii	"\004\321\336\273\251~\324]+\332\316\370=\333\027\272"
 277      A97ED45D 
 277      2BDACEF8 
 277      3DDB17BA 
 278 06f5 56CD559A 		.ascii	"V\315U\232.x\225\351\237O\355\210Tf`+\357\253\240q\233"
 278      2E7895E9 
 278      9F4FED88 
 278      5466602B 
 278      EFABA071 
 279 070a 98816D34 		.ascii	"\230\201m4\003\226]\307\016\250]R^(Q\236\303`\364\335"
 279      03965DC7 
 279      0EA85D52 
 279      5E28519E 
 279      C360F4DD 
 280 071e 2F2E553B 		.ascii	"/.U;\207(O\240\"\212\243P\302q\340d\356C\2553j\327\332"
 280      87284FA0 
 280      228AA350 
ARM GAS  C:\Users\mvshv\AppData\Local\Temp\cceQzSyH.s 			page 22


 280      C271E064 
 280      EE43AD33 
 281 0735 05156B90 		.ascii	"\005\025k\220\022\366v\007\330\305\"\354b\012{gS\311"
 281      12F67607 
 281      D8C522EC 
 281      620A7B67 
 281      53C9
 282 0747 33152E62 		.ascii	"3\025.b3\342Q\355\255B\215\253\025\246\204w}\372y\207"
 282      33E251ED 
 282      AD428DAB 
 282      15A68477 
 282      7DFA7987 
 283 075b 9D7E7600 		.ascii	"\235~v\000\254_x\247\323\017\351%\247\212\273\2255\342"
 283      AC5F78A7 
 283      D30FE925 
 283      A78ABB95 
 283      35E2
 284 076d F7912739 		.ascii	"\367\221'9\364\330\212\372\334]\322U*\321\265\223\321"
 284      F4D88AFA 
 284      DC5DD255 
 284      2AD1B593 
 284      D1
 285 077e F5BC33E5 		.ascii	"\365\2743\345\005\317\006{\221\023\355\235\366B\261"
 285      05CF067B 
 285      9113ED9D 
 285      F642B1
 286 078d 42FBC96B 		.ascii	"B\373\311k\301\362\270W\347\314\346n\340g\027\345\247"
 286      C1F2B857 
 286      E7CCE66E 
 286      E06717E5 
 286      A7
 287 079e 8CF2532A 		.ascii	"\214\362S*\361\363\213-\255\352%6]j\3276W=u\330]\312"
 287      F1F38B2D 
 287      ADEA2536 
 287      5D6AD736 
 287      573D75D8 
 288 07b4 1DD8DC23 		.ascii	"\035\330\334#\262\271\207\262\271\374\207\252\027X+"
 288      B2B987B2 
 288      B9FC87AA 
 288      17582B
 289 07c3 D297F1BB 		.ascii	"\322\227\361\273\0134\332K\2519|\374h"
 289      0B34DA4B 
 289      A9397CFC 
 289      68
 290 07d0 B5C75538 		.ascii	"\265\307U8\020\360`\310\207N\037\204\330/\334\211\320"
 290      10F060C8 
 290      874E1F84 
 290      D82FDC89 
 290      D0
 291 07e1 F6987421 		.ascii	"\366\230t!\326\017\275<\273\211\252\244!\015A\366\036"
 291      D60FBD3C 
 291      BB89AAA4 
 291      210D41F6 
 291      1E
 292 07f2 5EB4C14B 		.ascii	"^\264\301Kv\351\237h\000)\255\262\367\314\235tqL\237"
 292      76E99F68 
 292      0029ADB2 
ARM GAS  C:\Users\mvshv\AppData\Local\Temp\cceQzSyH.s 			page 23


 292      F7CC9D74 
 292      714C9F
 293 0805 E191C7B1 		.ascii	"\341\221\307\261.^v\246\030\362\022V\316\376\332\016"
 293      2E5E76A6 
 293      18F21256 
 293      CEFEDA0E 
 294 0815 4A0E1289 		.ascii	"J\016\022\211\313]\353\375Ue\272n8\021\301\316\304q"
 294      CB5DEBFD 
 294      5565BA6E 
 294      3811C1CE 
 294      C471
 295 0827 999A2574 		.ascii	"\231\232%t\377\273\326r\344\271\006\357\246\345\211"
 295      FFBBD672 
 295      E4B906EF 
 295      A6E589
 296 0836 468A8F3C 		.ascii	"F\212\217<\360V\361l\321C\011*\322\367S\351\241\247"
 296      F056F16C 
 296      D143092A 
 296      D2F753E9 
 296      A1A7
 297 0848 EAC9D934 		.ascii	"\352\311\3314\231\026\301\207\247\273\200t\010\342\320"
 297      9916C187 
 297      A7BB8074 
 297      08E2D0
 298 0857 017E32FC 		.ascii	"\001~2\374\356\347U\314\311\355\313\031\243\252i\005"
 298      EEE755CC 
 298      C9EDCB19 
 298      A3AA6905 
 299 0867 4241379C 		.ascii	"BA7\234\266\312\361\212\232t\330\346\320\273D\015U\310"
 299      B6CAF18A 
 299      9A74D8E6 
 299      D0BB440D 
 299      55C8
 300 0879 855B41D6 		.ascii	"\205[A\3261\264\217\357F\350W\376* :\310O#\205\223c"
 300      31B48FEF 
 300      46E857FE 
 300      2A203AC8 
 300      4F238593 
 301 088e 69F4C01D 		.ascii	"i\364\300\035\014\314\362\272\363\266\011\024\014\361"
 301      0CCCF2BA 
 301      F3B60914 
 301      0CF1
 302 089c C8C094DD 		.ascii	"\310\300\224\335|8\200\355\000+y\332\231\333\273\276"
 302      7C3880ED 
 302      002B79DA 
 302      99DBBBBE 
 303 08ac 8F5722FC 		.ascii	"\217W\"\374\366u\005\300*\012\360\260\004p\303\330\271"
 303      F67505C0 
 303      2A0AF0B0 
 303      0470C3D8 
 303      B9
 304 08bd 674804D8 		.ascii	"gH\004\330\226\257\203\215\015V58~\202\032:$\003<\344"
 304      96AF838D 
 304      0D563538 
 304      7E821A3A 
 304      24033CE4 
 305 08d1 0CF00805 		.ascii	"\014\360\010\005\370\274\353\306 \217{\031\300\203\365"
ARM GAS  C:\Users\mvshv\AppData\Local\Temp\cceQzSyH.s 			page 24


 305      F8BCEBC6 
 305      208F7B19 
 305      C083F5
 306 08e0 D5195A0A 		.ascii	"\325\031Z\012\206LK\006\360\306\316vw;\276c\014\337"
 306      864C4B06 
 306      F0C6CE76 
 306      773BBE63 
 306      0CDF
 307 08f2 584669A7 		.ascii	"XFi\247\312%>+\305W-\341;\227\236[\352-\342kx\303\016"
 307      CA253E2B 
 307      C5572DE1 
 307      3B979E5B 
 307      EA2DE26B 
 308 0909 0FB4D051 		.ascii	"\017\264\320Q\031\336Qgx\307)<k\177Q\016\306\303\014"
 308      19DE5167 
 308      78C7293C 
 308      6B7F510E 
 308      C6C30C
 309 091c DEB591B1 		.ascii	"\336\265\221\261Z\235r^\221Y(\317\253\0326\257@\361"
 309      5A9D725E 
 309      915928CF 
 309      AB1A36AF 
 309      40F1
 310 092e 6CE3C66C 		.ascii	"l\343\306l\226\365\032{\326\307,\271\217\324.1\237\240"
 310      96F51A7B 
 310      D6C72CB9 
 310      8FD42E31 
 310      9FA0
 311 0940 986B25CC 		.ascii	"\230k%\314)\347\333N\021N\273a\251z\\\215\033-\313W"
 311      29E7DB4E 
 311      114EBB61 
 311      A97A5C8D 
 311      1B2DCB57 
 312 0954 0B5B1155 		.ascii	"\013[\021UC6\031\264M\334\274\320I\012\366\301v\313"
 312      433619B4 
 312      4DDCBCD0 
 312      490AF6C1 
 312      76CB
 313 0966 7A6FBCD9 		.ascii	"zo\274\331\315%\227c\271k\012\335\354\005P\317\310\354"
 313      CD259763 
 313      B96B0ADD 
 313      EC0550CF 
 313      C8EC
 314 0978 CC3DC1D3 		.ascii	"\314=\301\323>\362\341t\212\365\355+\335\207]bm\244"
 314      3EF2E174 
 314      8AF5ED2B 
 314      DD875D62 
 314      6DA4
 315 098a 581B24AC 		.ascii	"X\033$\254%9\347/IX\3575\004\254\250Yn\015\243J\250"
 315      2539E72F 
 315      4958EF35 
 315      04ACA859 
 315      6E0DA34A 
 316 099f 4E465A27 		.ascii	"NFZ'!=M\221\366n96\352>\265\302m\013l\263\260C\0213"
 316      213D4D91 
 316      F66E3936 
 316      EA3EB5C2 
ARM GAS  C:\Users\mvshv\AppData\Local\Temp\cceQzSyH.s 			page 25


 316      6D0B6CB3 
 317 09b7 5BCBF23A 		.ascii	"[\313\362:0\2662\360[\233\206\262\265\370\014k<h)\260"
 317      30B632F0 
 317      5B9B86B2 
 317      B5F80C6B 
 317      3C6829B0 
 318 09cb A9A6170A 		.ascii	"\251\246\027\012\315V:\003V\336H\023R\326\301\207\030"
 318      CD563A03 
 318      56DE4813 
 318      52D6C187 
 318      18
 319 09dc D9DACE82 		.ascii	"\331\332\316\202\013\250t\305~x\006z\232\370\251\034"
 319      0BA874C5 
 319      7E78067A 
 319      9AF8A91C 
 320 09ec 6AE6A793 		.ascii	"j\346\247\223c\361\332\315\277j\247^\244\236\2663O\373"
 320      63F1DACD 
 320      BF6AA75E 
 320      A49EB633 
 320      4FFB
 321 09fe AE95BF85 		.ascii	"\256\225\277\205o2\333\273\236\236\273\343)\332\276"
 321      6F32DBBB 
 321      9E9EBBE3 
 321      29DABE
 322 0a0d 3E25A5C0 		.ascii	">%\245\300\232\346O\367\036b\027\012T\261c\301y\032"
 322      9AE64FF7 
 322      1E62170A 
 322      54B163C1 
 322      791A
 323 0a1f 9D2376CF 		.ascii	"\235#v\317S\273\235\353s\033\274\247\016R\273\345\314"
 323      53BB9DEB 
 323      731BBCA7 
 323      0E52BBE5 
 323      CC
 324 0a30 6E6BCF43 		.ascii	"nk\317C8\271\244\260\377Cnm\357l\360\026\015w\274\301"
 324      38B9A4B0 
 324      FF436E6D 
 324      EF6CF016 
 324      0D77BCC1 
 325 0a44 0C978B86 		.ascii	"\014\227\213\206\241\264\024\213w+\364\\ \206\333\250"
 325      A1B4148B 
 325      772BF45C 
 325      2086DBA8 
 326 0a54 E1545B73 		.ascii	"\341T[s\216FYd$\347r\221]\024\027\357\213t\361^9\262"
 326      8E465964 
 326      24E77291 
 326      5D1417EF 
 326      8B74F15E 
 327 0a6a FF8C5D39 		.ascii	"\377\214]9\343\025\347\010t\211\352\257\252J\357\341"
 327      E315E708 
 327      7489EAAF 
 327      AA4AEFE1 
 328 0a7a 5DE93B1D 		.ascii	"]\351;\035\014P;\035\222R\271)[=\376\3760\336?\027Q"
 328      0C503B1D 
 328      9252B929 
 328      5B3DFEFE 
 328      30DE3F17 
ARM GAS  C:\Users\mvshv\AppData\Local\Temp\cceQzSyH.s 			page 26


 329 0a8f 07DD1FDA 		.ascii	"\007\335\037\332\016\355>\356\256\214\242\321!\212\313"
 329      0EED3EEE 
 329      AE8CA2D1 
 329      218ACB
 330 0a9e 6214E4AE 		.ascii	"b\024\344\256Z\022e\372\227\177``\220\375/\321\024\024"
 330      5A1265FA 
 330      977F6060 
 330      90FD2FD1 
 330      1414
 331 0ab0 1B151F64 		.ascii	"\033\025\037dJ\212&w\303\322\250\370\300h\315\207\237"
 331      4A8A2677 
 331      C3D2A8F8 
 331      C068CD87 
 331      9F
 332 0ac1 7EEE3F37 		.ascii	"~\356?7$\204\323\032\014\311q\011\346\331\263\014\346"
 332      2484D31A 
 332      0CC97109 
 332      E6D9B30C 
 332      E6
 333 0ad2 C5D1FF8C 		.ascii	"\305\321\377\214\214\216\215\373.\316dN\216\211K\214"
 333      8C8E8DFB 
 333      2ECE644E 
 333      8E894B8C 
 334 0ae2 342726C6 		.ascii	"4'&\306\233\"\277OH\366\247O\376QIK\374\215K\2763\306"
 334      9B22BF4F 
 334      48F6A74F 
 334      FE51494B 
 334      FC8D4BBE 
 335 0af8 C4186322 		.ascii	"\304\030c\"\347\004\006\373\317\012\016\231\363\357"
 335      E70406FB 
 335      CF0A0E99 
 335      F3EF
 336 0b06 B722A1FF 		.ascii	"\267\"\241\377\315\204\304\004\343\233\306\250\357\342"
 336      CD84C404 
 336      E39BC6A8 
 336      EFE2
 337 0b14 22E312A2 		.ascii	"\"\343\022\242\343\223c\214\221K\242\300V\2021\322\020"
 337      E393638C 
 337      914BA2C0 
 337      568231D2 
 337      10
 338 0b25 635C1C95 		.ascii	"c\\\034\225\034o6\230\227-5\232\002c9\215\344\357\233"
 338      1C6F3698 
 338      972D359A 
 338      0263398D 
 338      E4EF9B
 339 0b38 3FD59F69 		.ascii	"?\325\237i\231)\322`2\307\200qp\242\213K\\\232\230d"
 339      9929D260 
 339      32C78071 
 339      70A28B4B 
 339      5C9A9864 
 340 0b4c 265C18CC 		.ascii	"&\\\030\314o\217\303\006yk\012\212\370\354\223\331\263"
 340      6F8FC306 
 340      796B0A8A 
 340      F8EC93D9 
 340      B3
 341 0b5d 82162E9C 		.ascii	"\202\026.\234\027\364a\330G\241\377\231-\021d\210\217"
ARM GAS  C:\Users\mvshv\AppData\Local\Temp\cceQzSyH.s 			page 27


 341      17F461D8 
 341      47A1FF99 
 341      2D116488 
 341      8F
 342 0b6e 8F012B6E 		.ascii	"\217\001+nD+.\006\277\037\036\256z\357\203\360\005\344"
 342      442B2E06 
 342      BF1F1EAE 
 342      7AEF83F0 
 342      05E4
 343 0b80 67A17A61 		.ascii	"g\241za\350\334\217\303U\357G\204\207\243/\321\002u"
 343      E8DC8FC3 
 343      55EF4784 
 343      87A32FD1 
 343      0275
 344 0b92 74BC312A 		.ascii	"t\2741*I\2441\344\037\006\263Fz\300&\243y\316\037wm"
 344      49A431E4 
 344      1F06B346 
 344      7AC026A3 
 344      79CE1F77 
 345 0ba7 322F0156 		.ascii	"2/\001V\276_\032\227\010\236q\350\274p\374\321\274p"
 345      BE5F1A97 
 345      089E71E8 
 345      BC70FCD1 
 345      BC70
 346 0bb9 75D8E761 		.ascii	"u\330\347a\363\302'\204F\204\315\237?/\334-\364\263"
 346      F3C22784 
 346      4684CD9F 
 346      3F2FDC2D 
 346      F4B3
 347 0bcb 4561F3C3 		.ascii	"Ea\363\303\325\237\204\316\233\017\210\"\346\206\353"
 347      D59F84CE 
 347      9B0F8822 
 347      E686EB
 348 0bda E45106B3 		.ascii	"\344Q\006\263\226\005\035\027c0\273%.^\014\356u\004"
 348      96051D17 
 348      6330BB25 
 348      2E5E0CEE 
 348      7504
 349 0bec 8B617194 		.ascii	"\213aq\224\311\374\266\301\374\305\237\313\267D\365"
 349      C9FCB6C1 
 349      FCC59FCB 
 349      B744F5
 350 0bfb F4714214 		.ascii	"\364qB\024\225\354\365\026\313\251?\012}?\331\244\212"
 350      95ECF516 
 350      CBA93F0A 
 350      7D3FD9A4 
 350      8A
 351 0c0c 8E8D4AD2 		.ascii	"\216\215J\322\304%.I\2141\002^x\025n\214\212\201\027"
 351      C4252E49 
 351      8C31025E 
 351      78156E8C 
 351      8A8117
 352 0c1f 537FAF60 		.ascii	"S\177\257`9\017\270}\231\024g6\202\266'<G\030\315\360"
 352      390FB87D 
 352      99146736 
 352      82B6273C 
 352      4718CDF0 
ARM GAS  C:\Users\mvshv\AppData\Local\Temp\cceQzSyH.s 			page 28


 353 0c33 F4091872 		.ascii	"\364\011\030r\217\216\215XfZ\020\025o\376\253\223\225"
 353      8F8E8D58 
 353      665A1015 
 353      6FFEAB93 
 353      95
 354 0c44 24B31D49 		.ascii	"$\263\035It,\200xM\312\255\001\270\371>)1y)\001\342"
 354      742C8078 
 354      4DCAAD01 
 354      B8F93E29 
 354      31792901 
 355 0c59 21C3E03C 		.ascii	"!\303\340<\015\206\305\311\011\321\006C\340\333\301"
 355      0D86C5C9 
 355      09D10643 
 355      E0DBC1
 356 0c68 C1C11AA9 		.ascii	"\301\301\032\251\245S8w\324\371\273\227\003\026\207"
 356      A5533877 
 356      D4F9BB97 
 356      031687
 357 0c77 9721C1FF 		.ascii	"\227!\301\377\003<\345b5"
 357      033CE562 
 357      35
 358              		.text
 359              		.section	.gnu.lto_.symtab.fb69ca30,"",%progbits
 360 0000 70616C52 		.ascii	"palReadBus\000"
 360      65616442 
 360      757300
 361 000b 00       		.ascii	"\000"
 362 000c 00       		.ascii	"\000"
 363 000d 00       		.ascii	"\000"
 364 000e 00000000 		.ascii	"\000\000\000\000\000\000\000\000"
 364      00000000 
 365 0016 37010000 		.ascii	"7\001\000\000"
 366 001a 70616C57 		.ascii	"palWriteBus\000"
 366      72697465 
 366      42757300 
 367 0026 00       		.ascii	"\000"
 368 0027 00       		.ascii	"\000"
 369 0028 00       		.ascii	"\000"
 370 0029 00000000 		.ascii	"\000\000\000\000\000\000\000\000"
 370      00000000 
 371 0031 3C010000 		.ascii	"<\001\000\000"
 372 0035 70616C53 		.ascii	"palSetBusMode\000"
 372      65744275 
 372      734D6F64 
 372      6500
 373 0043 00       		.ascii	"\000"
 374 0044 00       		.ascii	"\000"
 375 0045 00       		.ascii	"\000"
 376 0046 00000000 		.ascii	"\000\000\000\000\000\000\000\000"
 376      00000000 
 377 004e 41010000 		.ascii	"A\001\000\000"
 378 0052 63685379 		.ascii	"chSysHalt\000"
 378      7348616C 
 378      7400
 379 005c 00       		.ascii	"\000"
 380 005d 02       		.ascii	"\002"
 381 005e 00       		.ascii	"\000"
ARM GAS  C:\Users\mvshv\AppData\Local\Temp\cceQzSyH.s 			page 29


 382 005f 00000000 		.ascii	"\000\000\000\000\000\000\000\000"
 382      00000000 
 383 0067 46010000 		.ascii	"F\001\000\000"
 384 006b 5F70616C 		.ascii	"_pal_lld_setgroupmode\000"
 384      5F6C6C64 
 384      5F736574 
 384      67726F75 
 384      706D6F64 
 385 0081 00       		.ascii	"\000"
 386 0082 02       		.ascii	"\002"
 387 0083 00       		.ascii	"\000"
 388 0084 00000000 		.ascii	"\000\000\000\000\000\000\000\000"
 388      00000000 
 389 008c 4C010000 		.ascii	"L\001\000\000"
 390              		.text
 391              		.section	.gnu.lto_.opts,"",%progbits
 392 0000 272D666D 		.ascii	"'-fmath-errno' '-fsigned-zeros' '-ftrapping-math' '"
 392      6174682D 
 392      6572726E 
 392      6F272027 
 392      2D667369 
 393 0033 2D666E6F 		.ascii	"-fno-trapv' '-fno-openmp' '-fno-openacc' '-mcpu=cor"
 393      2D747261 
 393      70762720 
 393      272D666E 
 393      6F2D6F70 
 394 0066 7465782D 		.ascii	"tex-m4' '-mno-thumb-interwork' '-mthumb' '-O2' '-fo"
 394      6D342720 
 394      272D6D6E 
 394      6F2D7468 
 394      756D622D 
 395 0099 6D69742D 		.ascii	"mit-frame-pointer' '-falign-functions=16' '-ffuncti"
 395      6672616D 
 395      652D706F 
 395      696E7465 
 395      72272027 
 396 00cc 6F6E2D73 		.ascii	"on-sections' '-fdata-sections' '-fno-common' '-flto"
 396      65637469 
 396      6F6E7327 
 396      20272D66 
 396      64617461 
 397 00ff 2700     		.ascii	"'\000"
 398              		.text
 399              		.comm	__gnu_lto_v1,1,1
 400              		.comm	__gnu_lto_slim,1,1
 401              		.ident	"GCC: (GNU Tools for Arm Embedded Processors 7-2017-q4-major) 7.2.1 20170904 (release) [ARM
ARM GAS  C:\Users\mvshv\AppData\Local\Temp\cceQzSyH.s 			page 30


DEFINED SYMBOLS
                            *ABS*:00000000 hal_pal.c
                            *COM*:00000001 __gnu_lto_v1
                            *COM*:00000001 __gnu_lto_slim

NO UNDEFINED SYMBOLS
