ARM GAS  C:\Users\mvshv\AppData\Local\Temp\ccoLoBkJ.s 			page 1


   1              		.cpu cortex-m4
   2              		.eabi_attribute 20, 1
   3              		.eabi_attribute 21, 1
   4              		.eabi_attribute 23, 3
   5              		.eabi_attribute 24, 1
   6              		.eabi_attribute 25, 1
   7              		.eabi_attribute 26, 1
   8              		.eabi_attribute 30, 2
   9              		.eabi_attribute 34, 1
  10              		.eabi_attribute 18, 4
  11              		.file	"nvic.c"
  12              		.section	.gnu.lto_.profile.fb69c318,"",%progbits
  13 0000 789C6363 		.ascii	"x\234cc```\001bF\006u)\000\000\340\000M"
  13      60606001 
  13      62460675 
  13      290000E0 
  13      004D
  14              		.text
  15              		.section	.gnu.lto_.icf.fb69c318,"",%progbits
  16 0000 789C6363 		.ascii	"x\234cc``P`@\000V\206\035[N\235bc\234\266c\346\003n"
  16      60605060 
  16      40005686 
  16      1D5B4E9D 
  16      62639CB6 
  17 0018 A6EF9F9B 		.ascii	"\246\357\237\233\23712\317<\262\263\237\213e\321\353"
  17      9F3132CF 
  17      3CB2B39F 
  17      8B65D1EB 
  18 0028 BD2F9819 		.ascii	"\275/\230\031\000\376Y\017F"
  18      00FE590F 
  18      46
  19              		.text
  20              		.section	.gnu.lto_.jmpfuncs.fb69c318,"",%progbits
  21 0000 789C6363 		.ascii	"x\234cc``\310e@\000\026\006&FF\346\3729\314\014 \314"
  21      6060C865 
  21      40001606 
  21      264646E6 
  21      FA39CC0C 
  22 0016 0804209A 		.ascii	"\010\004 \232\011Y\220\211q\0123c\363\257\375\237\371"
  22      09599089 
  22      710A3363 
  22      F3AFFD9F 
  22      F9
  23 0027 EAFF3648 		.ascii	"\352\3776H\314af\\\300\014\324\310\270\231\261\236\201"
  23      CC61665C 
  23      C00CD4C8 
  23      B899B19E 
  23      81
  24 0038 F1000B23 		.ascii	"\361\000\013#\003\020\377\371\377\377??#\023P\335\264"
  24      0310FFF9 
  24      FFFF3F3F 
  24      231350DD 
  24      B4
  25 0049 D643E7D9 		.ascii	"\326C\347\331\273\231\201\252\030\031\030\2670\312\200"
  25      BB9981AA 
  25      181918B7 
  25      30CA80
ARM GAS  C:\Users\mvshv\AppData\Local\Temp\ccoLoBkJ.s 			page 2


  26 0058 300BD454 		.ascii	"0\013\324T\006\000\264K\033^"
  26      0600B44B 
  26      1B5E
  27              		.text
  28              		.section	.gnu.lto_.inline.fb69c318,"",%progbits
  29 0000 789C458E 		.ascii	"x\234E\216\301\015\3020\014E\377w\254$m\0170\000R3A"
  29      C10DC230 
  29      0C45FF77 
  29      AC246D0F 
  29      30005233 
  30 0015 D7825DB8 		.ascii	"\327\202]\270r\344\320\035zf\005\304(\034\221\270\360"
  30      72E4D01D 
  30      7A6605C4 
  30      281C91B8 
  30      F0
  31 0026 9342B164 		.ascii	"\223B\261d[\226\277\337w\004\260\340\037\016\364\035"
  31      5B96BFDF 
  31      7704B0E0 
  31      1F0EF41D 
  32 0036 8D851A6A 		.ascii	"\215\205\032j\361\370\234\020\347\321`\217\235CS\326"
  32      F1F89C10 
  32      E7D1608F 
  32      9D4353D6 
  33 0046 2683C889 		.ascii	"&\203\310\211l\222\340\363\270J\264\365\0061t=\035\345"
  33      6C92E0F3 
  33      B84AB4F5 
  33      0631743D 
  33      1DE5
  34 0058 74097CBF 		.ascii	"t\011|\277\356\267t\016\327\000\016\\x\020\367\370\355"
  34      EEB7740E 
  34      D7000E5C 
  34      7810F7F8 
  34      ED
  35 0069 3A6E4E2E 		.ascii	":nN.\366J\020j_\235J}\306\006\241\250L\361g\265\011"
  35      F64A106A 
  35      5F9D4A7D 
  35      C606A1A8 
  35      4CF167B5 
  36 007e 372B7C00 		.ascii	"7+|\000d\232\027\014"
  36      649A170C 
  37              		.text
  38              		.section	.gnu.lto_.pureconst.fb69c318,"",%progbits
  39 0000 789C6363 		.ascii	"x\234cc``\340\004b\026\006)F)&)\026)\000\002\306\000"
  39      6060E004 
  39      62160629 
  39      46292629 
  39      16290002 
  40 0016 83       		.ascii	"\203"
  41              		.text
  42              		.section	.gnu.lto_nvicEnableVector.fb69c318,"",%progbits
  43 0000 789C9D53 		.ascii	"x\234\235S\317k\023A\024\236o\337\356&\3064w1h\017B"
  43      CF6B1341 
  43      149E6FDF 
  43      EE26C634 
  43      7731680F 
  44 0015 E9254BF1 		.ascii	"\351%K\361\340Y\004\017B/\376\007\322\213\005\233\224"
  44      E059040F 
ARM GAS  C:\Users\mvshv\AppData\Local\Temp\ccoLoBkJ.s 			page 3


  44      422FFE07 
  44      D28B059B 
  44      94
  45 0026 568AB74E 		.ascii	"V\212\267N\222\232\266\232C\241\277 \254\222b\253\005"
  45      929AB69A 
  45      43A1BF20 
  45      AC9262AB 
  45      05
  46 0037 A931B455 		.ascii	"\2511\264US\253\2561\265\015\242b)\336\265E\241bisR"
  46      53ABAE31 
  46      B50DA262 
  46      29DEB545 
  46      A1626973 
  47 004c 68AB6F76 		.ascii	"h\253ov\202\012\352A\207\235\2673\357}\357\275\357\233"
  47      820AEA41 
  47      879DB733 
  47      EF7DEFBD 
  47      EF9B
  48 005e D9B58510 		.ascii	"\331\265\205\020gH\210\023\374>\314\023$`\014\275\022"
  48      67488813 
  48      FC3ECC13 
  48      24600CBD 
  48      12
  49 006f 22193400 		.ascii	"\"\0314\000\265\220A\210^\003\275\310\322\010\241\334"
  49      B5904188 
  49      5E03BDC8 
  49      D208A1DC 
  50 007f FFA16434 		.ascii	"\377\241d4\337\222<\274\361\332!9\355\301\345\3641\236"
  50      DF923CBC 
  50      F1DA2139 
  50      EDC1E5F4 
  50      319E
  51 0091 6A6016CD 		.ascii	"j`\026\315\214z\323w\327\245\253\344\022`\362v\347e"
  51      8C7AD377 
  51      D7A5ABE4 
  51      1260F276 
  51      E765
  52 00a3 6E3DA2B6 		.ascii	"n=\242\266\006\032y\273'G\306\"\324\002\301\353\215"
  52      061A79BB 
  52      2747C622 
  52      D402C1EB 
  52      8D
  53 00b4 17378602 		.ascii	"\0277\206\002MSR\246\244W\231$y\314%\302=\020\027\304"
  53      4D5352A6 
  53      A4579924 
  53      79CC25C2 
  53      3D1017C4 
  54 00c8 3CA29843 		.ascii	"<\242\230CT\260K\340>\232\030~;\365\3613\321q?\365\375"
  54      54B04BE0 
  54      3E9A187E 
  54      3BF5F133 
  54      D1713FF5 
  55 00dd CABB11AB 		.ascii	"\312\273\021\253\236\2721UO}\360\207\324\022\232||q"
  55      9EBA3155 
  55      4F7DF087 
  55      D4129A7C 
  55      7C71
ARM GAS  C:\Users\mvshv\AppData\Local\Temp\ccoLoBkJ.s 			page 4


  56 00ef 7FB4C136 		.ascii	"\177\264\30165W,\300\026\340Ea\325\362\344\376\267~"
  56      35572CC0 
  56      16E04561 
  56      D5F2E4FE 
  56      B77E
  57 0101 E9ADDDC4 		.ascii	"\351\255\335\304\370\35108\3074\224!6\226\251\214\305"
  57      F8E93038 
  57      C7349421 
  57      3696A98C 
  57      C5
  58 0112 C6B6A10A 		.ascii	"\306\266\241\012\005\241\230\0101\300E\370t\244'\006"
  58      05A19808 
  58      31C045F8 
  58      74A42706 
  59 0122 C950ABB4 		.ascii	"\311P\253\264'6\221\252\365\357\025B\252v\216\220#\233"
  59      273691AA 
  59      F5EF1542 
  59      AA768E90 
  59      239B
  60 0134 5DE9ED0C 		.ascii	"]\351\355\014\264\303`\337\257gc\303\304C\346\270\211"
  60      B4C360DF 
  60      AF6763C3 
  60      C443E6B8 
  60      89
  61 0145 F2DA95AF 		.ascii	"\362\332\225\257\244@\034\036\273\\~\035P\341\200/r"
  61      A4401C1E 
  61      BB5C7E1D 
  61      50E1802F 
  61      72
  62 0156 6E62EB4B 		.ascii	"nb\353KXoe9-#\354\232\3754\274\036\310\343z\222\357"
  62      586F6539 
  62      2D23EC9A 
  62      FD34BC1E 
  62      C8E37A92 
  63 016b 207FC4A5 		.ascii	" \177\304\245 \036\261\332E\256\244\022\226\262\311"
  63      201EB1DA 
  63      45AEA412 
  63      96B2C9
  64 017a 89903323 		.ascii	"\211\2203#\373\222\262\321\245\003x\214<F\375\333\341"
  64      FB92B2D1 
  64      A503788C 
  64      3C46FDDB 
  64      E1
  65 018b E0DBD5F9 		.ascii	"\340\333\325\371\331HKA\005\363q\227Bx\002'GA\377\346"
  65      D9484B41 
  65      05F37197 
  65      42780227 
  65      4741FFE6 
  66 019f 3CB43047 		.ascii	"<\2640G\305x7s\2558mh\322\304aN\034\236\274SjP4,\034"
  66      C5783773 
  66      AD386D68 
  66      D2C4614E 
  66      1C9EBC53 
  67 01b8 C5539F74 		.ascii	"\305S\237t\272\226\031\2644\310\324\240\352\344\302"
  67      BA9619B4 
  67      34C8D4A0 
  67      EAE4C2
ARM GAS  C:\Users\mvshv\AppData\Local\Temp\ccoLoBkJ.s 			page 5


  68 01c7 6E582BB3 		.ascii	"nX+\263P\326\240\355L5\240A\226RSY\316\0045\002x\206"
  68      50D6A0ED 
  68      4C35A041 
  68      96525359 
  68      CE043502 
  69 01dd 28D7AFCB 		.ascii	"(\327\257\313\267\352\362\377E\334AT|q\370]\\\217Ka"
  69      B7EAF2FF 
  69      45DC4154 
  69      7C71F85D 
  69      5C8F4B61 
  70 01f1 2C2971A6 		.ascii	",)q\246/\356\271\022g\351^3\305E\374W\267e\277\233\361"
  70      2FEEB912 
  70      67E95E33 
  70      C545FC57 
  70      B765BF9B 
  71 0206 976E2B3F 		.ascii	"\227n+?\273Uu\267-\244\362\205\254\337\313\3779\006"
  71      BB5575B7 
  71      2DA4F285 
  71      ACDFCBFF 
  71      3906
  72 0218 98297F29 		.ascii	"\230)\177)\\ \026\2139?\236D\267s\376\334\005\2473\321"
  72      5C20168B 
  72      393F9E44 
  72      B773FEDC 
  72      05A733D1 
  73 022c 75B1DB69 		.ascii	"u\261\333iKtt$\342\316\311\263\255\247Z/9\361\236\366"
  73      4B747424 
  73      E2CEC9B3 
  73      ADA75A2F 
  73      39F19EF6 
  74 0240 B6589B40 		.ascii	"\266X\233@\334\354\354jO|\007H\215\032\270"
  74      DCECEC6A 
  74      4F7C0748 
  74      8D1AB8
  75              		.text
  76              		.section	.gnu.lto_nvicDisableVector.fb69c318,"",%progbits
  77 0000 789C9551 		.ascii	"x\234\225Q]k\023Q\020\235sg7\033\373\221g\301\240}\020"
  77      5D6B1351 
  77      109D7367 
  77      371BFB91 
  77      67C1A07D 
  78 0015 4A5FB2C4 		.ascii	"J_\262\304\177 \202o}\361\037H^\024m\"V\212o\275i\332"
  78      7F20826F 
  78      7DF11F48 
  78      5E146D22 
  78      568A6FBD 
  79 002b 6DAB150A 		.ascii	"m\253\025\012m#\204E\266\030\261 Z%\251\232\372\265"
  79      6D238445 
  79      B618B120 
  79      5A25A99A 
  79      FAB5
  80 003d AE15295A 		.ascii	"\256\025)Z\305\242\376\000SD\024\212\212\017\012\265"
  80      C5A2FE00 
  80      5344148A 
  80      8A0F0AB5 
  81 004d 3A775744 		.ascii	":wWD\360\311a\357\335\231{\317\3149w&ED\307\024\321"
  81      F0C961EF 
ARM GAS  C:\Users\mvshv\AppData\Local\Temp\ccoLoBkJ.s 			page 6


  81      DD997BCF 
  81      CC397726 
  81      4544C714 
  82 0062 3EF9EF92 		.ascii	">\371\357\222\005&\250\351\347D\345\264\002\214\243"
  82      0526A8E9 
  82      E744E5B4 
  82      028CA3
  83 0071 D3A06185 		.ascii	"\323\240a\205aL\361,#\032\177\327R}\227\265Xx\276\231"
  83      614CF12C 
  83      231A7FD7 
  83      527D97B5 
  83      5878BE99 
  84 0085 F2F4D84E 		.ascii	"\362\364\330N\237\211\252\262\214\241\201>A\275\034"
  84      9F89AAB2 
  84      8CA1813E 
  84      41BD1C
  85 0094 BDEEF359 		.ascii	"\275\356\363Y\366\031\260$\374\274VkgL\250\320#\341"
  85      F619B024 
  85      FCBC566B 
  85      674CA8D0 
  85      23E1
  86 00a6 0F3D5BCD 		.ascii	"\017=[\315p\036$\376\306\323\213\323N\357%\255Gt\370"
  86      701E24FE 
  86      C6D38BD3 
  86      4EEF25AD 
  86      4774F8
  87 00b9 ACCE7AAF 		.ascii	"\254\316z\257\317\214\233`)\210%d\321D\226\344\210p"
  87      CF8C9B60 
  87      29882564 
  87      D14496E4 
  87      8870
  88 00cb 0BBD06FF 		.ascii	"\013\275\006\377\366\306\366\\w\312J\010q\033)\2028"
  88      F6C6F65C 
  88      77CA4A08 
  88      711B2982 
  88      38
  89 00dc 8BEB76A8 		.ascii	"\213\353v\250\267\177\216\353p\243\216\327\007E\261"
  89      B77F8EEB 
  89      70A38ED7 
  89      0745B1
  90 00eb CF96321B 		.ascii	"\317\2262\033\313f[\210\323iB\222\344I:\244IV\306\253"
  90      CB665B88 
  90      D3694292 
  90      E4493AA4 
  90      4956C6AB 
  91 00ff 84F40195 		.ascii	"\204\364\001\225-o\255\261\240L\261\032\243\306F\361"
  91      2D6FADB1 
  91      A04CB11A 
  91      A3C646F1 
  92 010f 4CFD5AAB 		.ascii	"L\375Z\253\333(\266\260\007-\321 \260/\336\244\235\200"
  92      DB28B6B0 
  92      072DD120 
  92      B02FDEA4 
  92      9D80
  93 0121 54025AAD 		.ascii	"T\002Z\255/ou\031\220\015\033\313\011\350\223\267\352"
  93      2F6F7519 
  93      900D1BCB 
ARM GAS  C:\Users\mvshv\AppData\Local\Temp\ccoLoBkJ.s 			page 7


  93      09E893B7 
  93      EA
  94 0132 2420D3AD 		.ascii	"$ \323\255\346\312\023/\235 \200;\310J}\001E\257\316"
  94      E6CA132F 
  94      9D20803B 
  94      C84A7D01 
  94      45AFCE
  95 0145 7C8F2B09 		.ascii	"|\217+\011\242:\026\275p\014\"\025\267\2439\277\371"
  95      A23A16BD 
  95      700C2215 
  95      B7A339BF 
  95      F9
  96 0156 AD2B0975 		.ascii	"\255+\011uT\321\0319j|\234i;\001.\224\245\345\301n\237"
  96      54D11939 
  96      6A7C9C69 
  96      3B012E94 
  96      A5E5C16E 
  97 016b 1DDC93BE 		.ascii	"\035\334\223\276\334\025:\223\360x\252<\337\341^\325"
  97      DC153A93 
  97      F078AA3C 
  97      DFE15ED5 
  98 017b A365DDE3 		.ascii	"\243e\335\343s\032\367\021`.\036\206\\\276Y_jd\362\213"
  98      731AF711 
  98      602E1E86 
  98      5CBE595F 
  98      6A64F28B 
  99 018f E63218F2 		.ascii	"\3462\030\362y\007\036\300\025\365\361\240B\344E\243"
  99      79071EC0 
  99      15F5F1A0 
  99      42E445A3 
 100 019f 51F3F5FD 		.ascii	"Q\363\365\375B\333\371-\347\177\310:\3600&\303\277d"
 100      42DBF92D 
 100      E77FC83A 
 100      F03026C3 
 100      BF64
 101 01b1 459F3B11 		.ascii	"E\237;\021\0312+&{\204\374\337o\355\004aEjnb$\270r\016"
 101      19322B26 
 101      7B84FCDF 
 101      6FED0461 
 101      456A6E62 
 102 01c9 F1188D4D 		.ascii	"\361\030\215MH-\231\212\010\314\345r\356\237\2574\350"
 102      482D998A 
 102      08CCE572 
 102      EE9FAF34 
 102      E8
 103 01da 1E397CDC 		.ascii	"\0369|\334=Q:yj\320-\224\006\006JEw\377\241\376\003"
 103      3D513A79 
 103      6AD02D94 
 103      06064A45 
 103      77FFA1FE 
 104 01ef FDA7DDE2 		.ascii	"\375\247\335\342\320\321B\256@(\376\002\223\033\324"
 104      D0D142AE 
 104      4028FE02 
 104      931BD4
 105 01fe AD       		.ascii	"\255"
 106              		.text
 107              		.section	.gnu.lto_nvicSetSystemHandlerPriority.fb69c318,"",%progbits
ARM GAS  C:\Users\mvshv\AppData\Local\Temp\ccoLoBkJ.s 			page 8


 108 0000 789C6D52 		.ascii	"x\234mR\315O\023Q\020\177\277\235\335m\371\324#1=p0"
 108      CD4F1351 
 108      107FBF9D 
 108      DD6DF9D4 
 108      23313D70 
 109 0015 69B874D3 		.ascii	"i\270t\323\304\213\007\017\306\213\027.\376\007\244"
 109      C48B070F 
 109      C68B172E 
 109      FE07A4
 110 0024 9A40022D 		.ascii	"\232@\002-)\306x\353\353\007\264\2001F\371J\335\230"
 110      29C678EB 
 110      EB07B480 
 110      3146F94A 
 110      DD98
 111 0036 1E24488C 		.ascii	"\036$H\214A\203\250\225\002kQ\343\005l\2111\212'\277"
 111      4183A895 
 111      026B51E3 
 111      056C8931 
 111      8A27BF
 112 0049 3069C0A8 		.ascii	"0i\300\250p@\215\350\274m5\034\234\354\333\367f\336"
 112      70408DE8 
 112      BC6D351C 
 112      9CECDBF7 
 112      66DE
 113 005b 6F667E33 		.ascii	"of~3oL!\304\234&\3041\336\217\360\202!\240]Z\025\"\356"
 113      6F4C21C4 
 113      9C26C431 
 113      DE8FF082 
 113      21A05D5A 
 114 0072 D5342AF9 		.ascii	"\3254*\371\204\254\327\235\240\220\215\004\275j\326"
 114      84ACD79D 
 114      A0908D04 
 114      BD6AD6
 115 0081 0175905E 		.ascii	"\001u\220^\210\230F:b\270@#\204bz#\257\265MI\026g|\307"
 115      8898463A 
 115      62B84023 
 115      84627A23 
 115      AFB54D49 
 116 0099 1C90FD2D 		.ascii	"\034\220\375-6\0111\306K\011f\321\306\250r\352\266M"
 116      360931C6 
 116      4B0966D1 
 116      C6A872EA 
 116      B64D
 117 00ab C36413A0 		.ascii	"\303d\023\240\263\372u%\373\276Y\251\032ZYM^Y,x)\010"
 117      B3FA7525 
 117      FBBE59A9 
 117      1A5A594D 
 117      5E592C78 
 118 00c1 C1E7B5D9 		.ascii	"\301\347\265\331\211\223\376I)\023\322\3710I\362\260"
 118      8993FE49 
 118      2913D2F9 
 118      3049F2B0 
 119 00d1 4D847B20 		.ascii	"M\204{ \216\2079\370p\027>\301&\201\373\3603\372f\342"
 119      8E8739F8 
 119      70173EC1 
 119      2681FBF0 
 119      33FA66E2 
ARM GAS  C:\Users\mvshv\AppData\Local\Temp\ccoLoBkJ.s 			page 9


 120 00e5 D316D151 		.ascii	"\323\026\321Q\327\363\335\263\267#F\315ug\252\346\372"
 120      D7F3DDB3 
 120      B72346CD 
 120      7567AAE6 
 120      FA
 121 00f6 E03FAE79 		.ascii	"\340?\256y\370]\374\235\275\321&S\317\375e\213\2070"
 121      F85DFC9D 
 121      BDD12653 
 121      CFFD658B 
 121      8730
 122 0108 057867CB 		.ascii	"\005xg\313\314\232\341\310\275\337i&\321\262\276\355"
 122      CC9AE1C8 
 122      BDDF6926 
 122      D1B2BEED 
 123 0118 AD037BEA 		.ascii	"\255\003{\352\232\372q\0338\265\007n\024\221aG\356\212"
 123      9AFA711B 
 123      38B5076E 
 123      14916147 
 123      EE8A
 124 012a 74C42069 		.ascii	"t\304 i\352\224t\304G\244^-o\\5U\274,\251r\177\356\256"
 124      EA9474C4 
 124      47A45E2D 
 124      6F5C3555 
 124      BC2CA972 
 125 0141 2E7854B9 		.ascii	".xT\271\204\006\3143\015%\203L\245\344c\374&R\255nn"
 125      8406CC33 
 125      0D25834C 
 125      A5E463FC 
 125      2652AD6E 
 126 0156 46E6F39B 		.ascii	"F\346\363\233o<\261_\322k\2231F\212L\0011u1\326_|\356"
 126      6F3CB15F 
 126      D26B9331 
 126      468A4C01 
 126      317531D6 
 127 016d 8630DD5A 		.ascii	"\2060\335Z\223?\226\266\233\031\307\2756U\001\312\366"
 127      933F96B6 
 127      9B19C7BD 
 127      365501CA 
 127      F6
 128 017e BDBC9569 		.ascii	"\275\274\225i\310\341Z\374\240M\036,\362\003-\250T\012"
 128      C8E15AFC 
 128      A04D1E2C 
 128      F2032DA8 
 128      540A
 129 0190 7D7DB61F 		.ascii	"}}\266\037\214\236\220\262UEXB\016\325j\035\304l\362"
 129      8C9E90B2 
 129      55455842 
 129      0ED56A1D 
 129      C46CF2
 130 01a3 BA6CF41A 		.ascii	"\272l\364\032\375\012\022\337\322+\371\002\252\374\221"
 130      FD0A12DF 
 130      D22BF902 
 130      AAFC91
 131 01b2 250FDB92 		.ascii	"%\017\333\222_\006j\006\215m\373_\264\016:\036q\242"
 131      5F066A06 
 131      8D6DFB5F 
 131      B40E3A1E 
ARM GAS  C:\Users\mvshv\AppData\Local\Temp\ccoLoBkJ.s 			page 10


 131      71A2
 132 01c4 0A8A2F86 		.ascii	"\012\212/\206^\033\012\264\237o\275\3137\236/\214\030"
 132      5E1B0AB4 
 132      9F6FBDCB 
 132      379E2F8C 
 132      18
 133 01d5 5555AE27 		.ascii	"UU\256'e3\233*\345\235\222\241\350\362\344\344\016\331"
 133      65339B2A 
 133      E59D92A1 
 133      E8F2E4E4 
 133      0ED9
 134 01e7 D480657E 		.ascii	"\324\200e~\244b\215\362\345\241\351\351z\353\226L\305"
 134      A4628DF2 
 134      E5A1E9E9 
 134      7AEB964C 
 134      C5
 135 01f8 15E5463C 		.ascii	"\025\345F<f\312\243\356L\361\345\313\033\273\343\007"
 135      66CAA3EE 
 135      4CF1E5CB 
 135      1BBBE307 
 136 0208 8233EA32 		.ascii	"\2023\3522\027\266\251\011O`q\247\335y{\212 s\024\237"
 136      17B6A909 
 136      4F6071A7 
 136      DD797B8A 
 136      2073149F 
 137 021c 91C8CD5F 		.ascii	"\221\310\315_\254V\251$\303\315\344\372x\342\003\201"
 137      AC56A924 
 137      C3CDE4FA 
 137      78E20381 
 138 022c 80F5EF8B 		.ascii	"\200\365\357\213\364Y\235\035\335Vo$z\266\317\012Ez"
 138      F4599D1D 
 138      DD566F24 
 138      7AB6CF0A 
 138      457A
 139 023e 7A2261EB 		.ascii	"z\"a\353\370\251\366\023\355\347\255\360\271\256P $"
 139      F8A9F613 
 139      EDE7ADF0 
 139      B9AE5020 
 139      24
 140 024f 3C9D1DE1 		.ascii	"<\235\035\341\323\335g\242zo\264+\362\007\215\223\363"
 140      D3DD67A2 
 140      7A6FB42B 
 140      F2078D93 
 140      F3
 141 0260 E4       		.ascii	"\344"
 142              		.text
 143              		.section	.gnu.lto___func__.8008.fb69c318,"",%progbits
 144 0000 789C6363 		.ascii	"x\234cc``\020\005by\006\010\230\302\314\370\341\361"
 144      60601005 
 144      62790608 
 144      98C2CCF8 
 144      E1F1
 145 0012 9CCB4C8A 		.ascii	"\234\313L\212L\363\0338\3460300nfTd\220\315+\313L\016"
 145      4CF31B38 
 145      E6303330 
 145      306E6654 
 145      6490CD2B 
ARM GAS  C:\Users\mvshv\AppData\Local\Temp\ccoLoBkJ.s 			page 11


 146 0029 4E2D09AE 		.ascii	"N-\011\256,.I\315\365H\314K\311I-\012(\312\314/\312"
 146      2C2E49CD 
 146      F548CC4B 
 146      C9492D0A 
 146      28CACC2F 
 147 003e 2CA96400 		.ascii	",\251d\000\000\346\363\022t"
 147      00E6F312 
 147      74
 148              		.text
 149              		.section	.gnu.lto_nvicClearPending.fb69c318,"",%progbits
 150 0000 789C3D51 		.ascii	"x\234=Q\317KTQ\024>\337=\357\315\233Bg-4\224\213@D\230"
 150      CF4B5451 
 150      143EDF3D 
 150      EFCD9B42 
 150      672D3494 
 151 0018 C7F41F48 		.ascii	"\307\364\037H\013Wn\372\017d6\0059\023\031\322\316;"
 151      0B576EFA 
 151      0F643605 
 151      391319D2 
 151      CE3B
 152 002a 333AA329 		.ascii	"3:\243)$\250\023\014\017y\342D\264(\213\321j\306~<\006"
 152      24A8130C 
 152      0F79E244 
 152      B4288BD1 
 152      6AC67E3C 
 153 003f 5B44A428 		.ascii	"[D\244(\342\252U\212\220\202\244 \264P\353\334\367\250"
 153      E2AA558A 
 153      9082A420 
 153      B450EBDC 
 153      F7A8
 154 0051 C3FD71CE 		.ascii	"\303\375q\316\271\347;\367\273\337\215\021\321)\210"
 154      B9E73BF7 
 154      BBDF8D11 
 154      D12988
 155 0060 6EC87E45 		.ascii	"n\310~E&\230\240\246\327\211\362q\005\030G\307A#\012"
 155      2698A0A6 
 155      D789F271 
 155      051847C7 
 155      41230A
 156 0073 2398E259 		.ascii	"#\230\342YF\253\274\337P\335\317\264X\360\244\351\224"
 156      46ABBCDF 
 156      50DDCFB4 
 156      58F0A4E9 
 156      94
 157 0084 F45887C7 		.ascii	"\364X\207\307D\025\231\306PG\267Tm\216\276\362x\222"
 157      441599C6 
 157      5047B754 
 157      6D8EBEF2 
 157      7892
 158 0096 3D062C09 		.ascii	"=\006,\011\217\277Uw\023&T\350\224\360\\\317V\022\234"
 158      8FBF5577 
 158      132654E8 
 158      94F05CCF 
 158      56129C
 159 00a9 0689BFF7 		.ascii	"\006\211\277\367uq\332\351z\252uA\007k5\326\327=f\274"
 159      7571DAE9 
 159      7AAA7541 
ARM GAS  C:\Users\mvshv\AppData\Local\Temp\ccoLoBkJ.s 			page 12


 159      076B35D6 
 159      D73D66BC 
 160 00bd 014B43AC 		.ascii	"\001KC\254 \211e$IR\204\267\3502\365?^_\314\265\307"
 160      20896524 
 160      495284B7 
 160      E832F53F 
 160      5E5FCCB5 
 161 00d2 ACE842BC 		.ascii	"\254\350B\274C\214\204<-m\331\201\276\370S\326\301\367"
 161      438C843C 
 161      2D6DD981 
 161      BEF853D6 
 161      C1F7
 162 00e4 1A36FB84 		.ascii	"\0326\373\204\261\307\226\222\305f\343Yf\261\021\366"
 162      B1C79692 
 162      C566E359 
 162      66B111F6 
 163 00f4 A07141CA 		.ascii	"\240qA\312\273t@\023\254\214W\014\350\000\305\263\322"
 163      BB744013 
 163      AC8C570C 
 163      E800C5B3 
 163      D2
 164 0105 F9AAAF4C 		.ascii	"\371\252\257L\307*\243\312\266\3345S{\331h7\264-\\C"
 164      C72AA3CA 
 164      B6DC3553 
 164      7BD96837 
 164      B42D5C43 
 165 0119 438848D9 		.ascii	"C\210H\331\257\322s'*R\350IJ\251I\236\224&\354(\311"
 165      AFD27327 
 165      2A52E849 
 165      4AA9499E 
 165      9426EC28 
 166 012e 11F24BAD 		.ascii	"\021\362K\255y\326f\2206l4Cd\341\244\374\017i\011X2"
 166      79D66690 
 166      366C3443 
 166      64E1A4FC 
 166      0F690958 
 167 0143 ADED473F 		.ascii	"\255\355G?C\230\000*c\255\015\307\000b\241*\313\013"
 167      4398002A 
 167      63AD0DC7 
 167      0062A12A 
 167      CB0B
 168 0155 47BFDBA2 		.ascii	"G\277\333\242P\267\212:!\251\372\341\314\256\343c>/"
 168      50B78A3A 
 168      21A9FAE1 
 168      CCAEE363 
 168      3E2F
 169 0167 CAFB573D 		.ascii	"\312\373W=v\360^\344Y\225\336\006\360y*\277p\331}\241"
 169      76F05EE4 
 169      5995DE06 
 169      F0792ABF 
 169      70D97DA1 
 170 017b 47F3BAD3 		.ascii	"G\363\272\323\3438>\300\307\\\370'r\270\263\265RO\244"
 170      E3383EC0 
 170      C75CF827 
 170      72B8B3B5 
 170      524FA4
 171 018e 97CCA13F 		.ascii	"\227\314\241?\354\361%|\204+T\303\377\372\204\264\020"
ARM GAS  C:\Users\mvshv\AppData\Local\Temp\ccoLoBkJ.s 			page 13


 171      ECF1257C 
 171      842B54C3 
 171      FFFA84B4 
 171      10
 172 019f A22314FC 		.ascii	"\242#\024\374\305\307\010\00556.\017\023i\024Q*\225"
 172      C5C70805 
 172      35362E0F 
 172      13691451 
 172      2A95
 173 01b1 72FF8FDC 		.ascii	"r\377\217\334\220{{\340\256{/w\377\301\220\233\311\015"
 173      907B7BE0 
 173      AE7B2F77 
 173      FFC1909B 
 173      C90D
 174 01c3 0EE6B26E 		.ascii	"\016\346\262n\357\255\376\233\375\017\335\354\360\235"
 174      EFADFE9B 
 174      FD0FDDEC 
 174      F09D
 175 01d1 4C2A43C8 		.ascii	"L*C\310\376\005\360\222\255Q"
 175      FE05F092 
 175      AD51
 176              		.text
 177              		.section	.gnu.lto_.symbol_nodes.fb69c318,"",%progbits
 178 0000 789C6363 		.ascii	"x\234cc``\310\006b\006\246\235L\365\014\014\023\316"
 178      6060C806 
 178      6206A69D 
 178      4CF50C0C 
 178      13CE
 179 0012 313000A9 		.ascii	"10\000\251]\015\216@\221]L\365\214\250\"\273\231\352"
 179      5D0D8E40 
 179      915D4CF5 
 179      8CA822BB 
 179      99EA
 180 0024 99504458 		.ascii	"\231PDX\367114(1003\355a\252gF\221b\334\313T\317\002"
 180      F7313134 
 180      28313030 
 180      33ED61AA 
 180      67469162 
 181 003d 16616068 		.ascii	"\026a`hhp\000\251ae8\362C\217\001\000\262v\032\015"
 181      687000A9 
 181      616538F2 
 181      438F0100 
 181      B2761A0D 
 182              		.text
 183              		.section	.gnu.lto_.refs.fb69c318,"",%progbits
 184 0000 789C6363 		.ascii	"x\234cc```\003bF&&f&\006\000\000\303\000\027"
 184      60606003 
 184      62462626 
 184      66260600 
 184      00C30017 
 185              		.text
 186              		.section	.gnu.lto_.decls.fb69c318,"",%progbits
 187 0000 789CBD57 		.ascii	"x\234\275W{P\224\327\025\337\373\335\005\226\345e\221"
 187      7B5094D7 
 187      15DFFBDD 
 187      0596E565 
 187      91
ARM GAS  C:\Users\mvshv\AppData\Local\Temp\ccoLoBkJ.s 			page 14


 188 0011 696C4AA6 		.ascii	"ilJ\246\216c&\374\221\000\032[m\247\323\206\254Z\371"
 188      8E6326FC 
 188      91001A5B 
 188      6DA7D386 
 188      AC5AF9
 189 0024 C3945912 		.ascii	"\303\224Y\022\247\017\246\004a\023Hx\244\200\035\375"
 189      A70FA604 
 189      61134878 
 189      A4801DFD 
 190 0034 AB8BA0A2 		.ascii	"\253\213\240\242\030\003\202\210\010\021\001\037\004"
 190      18038288 
 190      0811011F 
 190      04
 191 0041 45883C54 		.ascii	"E\210<TD\036\012\362\0204+\240(/\221\227\210<U\004Q"
 191      441E0AF2 
 191      10342BA0 
 191      282F9197 
 191      883C5504 
 192 0056 7AEEE3DB 		.ascii	"z\356\343\333\375\370dm:\223\3517\234\375\276s\357\271"
 192      FDF8646D 
 192      3A93E937 
 192      9CFDBE73 
 192      EFB9
 193 0068 E7FCCE39 		.ascii	"\347\374\3169\367\236s\261T(\024\201o*\024O\005\205"
 193      F79E73B1 
 193      54281481 
 193      6F2A144F 
 193      0585
 194 007a A21B2914 		.ascii	"\242\033)\024s\360X\302X%\020\014)\312\200\032\024\354"
 194      73F058C2 
 194      5825100C 
 194      29CA801A 
 194      14EC
 195 008c B1006A06 		.ascii	"\261\000j\006\272\015t\007\250\035\350\036\020,S\364"
 195      BA0D7407 
 195      A81DE81E 
 195      102C53F4 
 196 009c 2AE63F39 		.ascii	"*\346?90h\007\357O\201\034\201\234\270.g\240w\200\376"
 196      306807EF 
 196      4F811C81 
 196      9CB82E67 
 196      A07780FE 
 197 00b0 0AF41B90 		.ascii	"\012\364\033\220Y\005\364\002\276g\201\354\340\333\026"
 197      5905F402 
 197      BE6781EC 
 197      E0DB16
 198 00bf 08C3F7DB 		.ascii	"\010\303\367\333\360^\001\264\0341\375\315\212W\237"
 198      F05E01B4 
 198      1C31FDCD 
 198      8A579F
 199 00ce 0222BF80 		.ascii	"\002\"\277\200\015\271~Q\257h\207\370\345\202\230\015"
 199      0DB97E51 
 199      AF6887F8 
 199      E582980D 
 200 00de C4FD913F 		.ascii	"\304\375\221?E0ao\006\377j\304bR\017\324\315m\305\302"
 200      4530616F 
 200      06FF6AC4 
ARM GAS  C:\Users\mvshv\AppData\Local\Temp\ccoLoBkJ.s 			page 15


 200      62520FD4 
 200      CD6DC5C2 
 201 00f2 D84EA000 		.ascii	"\330N\240\000\304l\020\275a\210\331\272\363\2328\325"
 201      C46C10BD 
 201      6188D9BA 
 201      F39A38D5 
 202 0102 710CF50B 		.ascii	"q\014\365\013`\020\237\363 \2406\343\347\337\026\360"
 202      60109FF3 
 202      20A036E3 
 202      E7DF16F0 
 203 0112 93E85BC1 		.ascii	"\223\350[\301\337\355\013\350K\302\250\2436'\027\307"
 203      DFED0BE8 
 203      4BC2A8A3 
 203      362717C7 
 204 0122 61F48E1A 		.ascii	"a\364\216\032\221\214;\300\320\231\341\363\323vl\210"
 204      918C3BC0 
 204      D099E1F3 
 204      D3766C88 
 205 0132 4814E774 		.ascii	"H\024\347t\227 ,\320\357\302\352\201\235V\256\247\364"
 205      97202CD0 
 205      EFC2EA81 
 205      9D56AEA7 
 205      F4
 206 0143 EC51052A 		.ascii	"\354Q\005*P\021\302\242*\3037\023\331V\370\267T\360"
 206      5011C2A2 
 206      2AC33713 
 206      D956F8B7 
 206      54F0
 207 0155 8798FC34 		.ascii	"\207\230\3744\242\326Q\215\224\300\2167\246\336\267"
 207      A2D6518D 
 207      94C08E37 
 207      A6DEB7
 208 0164 07D6498D 		.ascii	"\007\326I\215\226&a\241\253\355y\273=R\273\304\352\365"
 208      962661A1 
 208      ABED79BB 
 208      3D52BBC4 
 208      EAF5
 209 0176 DBF519D1 		.ascii	"\333\365\031\321z\353\015\012t\0369\243s\310Y\201J\221"
 209      7AEB0D0A 
 209      741E39A3 
 209      73C85981 
 209      4A91
 210 0188 0B315D8C 		.ascii	"\0131]\214\\\025\250\020\006\317\302\340qb\256b \345"
 210      5C15A810 
 210      06CFC2E0 
 210      7162AE62 
 210      20E5
 211 019a 0F8726F4 		.ascii	"\017\207&\364\372\245\350\002R#\300De\300\273w\324\014"
 211      FAA5E802 
 211      5223C044 
 211      65C0BB77 
 211      D40C
 212 01ac 404E7642 		.ascii	"@NvB\246%\316E\004\201Pz\270\257Z0g\343\222y\033y\313"
 212      A625CE45 
 212      0481507A 
 212      B8AF5A30 
 212      67E39279 
ARM GAS  C:\Users\mvshv\AppData\Local\Temp\ccoLoBkJ.s 			page 16


 213 01c3 6A76E8F5 		.ascii	"jv\350\365\002*\003\033\027M6\300$y\301(\030:W\366h"
 213      022A031B 
 213      174D36C0 
 213      2479C128 
 213      183A57F6 
 214 01d8 2573CE99 		.ascii	"%s\316\231\2040\256\375.R\307\222\345\324\016\031\027"
 214      8430AEFD 
 214      2E52C792 
 214      E5D40E19 
 214      17
 215 01e9 2D295005 		.ascii	"-)P\005Y\210\334\234Q9\260 \2359\330Xg\301\026\277\005"
 215      5988DC9C 
 215      5139B020 
 215      9D39D858 
 215      67C116BF 
 216 01fe 6C4BE2F0 		.ascii	"lK\342\360>\304\"3\210\010\377\254l\306\026\307\323"
 216      3EC42233 
 216      8808FFAC 
 216      6CC616C7 
 216      D3
 217 020f 702B4F45 		.ascii	"p+OE\1777\246D.\316\010\264!\365q1\354\012t\025\300"
 217      7F37A644 
 217      2ECE08B4 
 217      21F57131 
 217      EC0A7415 
 218 0224 5DE69187 		.ascii	"]\346\221\207'U\017\326\307\376M\206\341[E\337\324o"
 218      27550FD6 
 218      C7FE4D86 
 218      E15B45DF 
 218      D46F
 219 0236 7D961E2F 		.ascii	"}\226\036/Q\240\367\235\221;x}\005\274\276J\341\324"
 219      51A0F79D 
 219      913B787D 
 219      05BCBE4A 
 219      E1D4
 220 0248 80C26A86 		.ascii	"\200\302j\206\347\310\221K\255\3101\236(\206\237\017"
 220      E7C8914B 
 220      ADC8319E 
 220      28869F0F 
 221 0258 10D55D05 		.ascii	"\020\325]\005\363\225\024~-r\024\235 \322\005i\265\323"
 221      F395147E 
 221      2D72149D 
 221      20D20569 
 221      B5D3
 222 026a D66AAE3B 		.ascii	"\326j\256;\366\277\351\316\235\310\236\265\221\352\256"
 222      F6BFE9CE 
 222      9DC89EB5 
 222      91EAAE
 223 0279 7B9DEEC6 		.ascii	"{\235\356\306\254\31396\266{\214\371B\365\310Q\022\310"
 223      ACCB3936 
 223      B67B8CF9 
 223      42F5C851 
 223      12C8
 224 028b 06448E38 		.ascii	"\006D\2168}\203\360\205\312\262r\233.\324\201\340\\"
 224      7D83F085 
 224      CAB2729B 
 224      2ED481E0 
ARM GAS  C:\Users\mvshv\AppData\Local\Temp\ccoLoBkJ.s 			page 17


 224      5C
 225 029c A145340A 		.ascii	"\241E4\012\010\261_x\023\242\374\234\370 6\016\243\002"
 225      08B15F78 
 225      13A2FC9C 
 225      F820360E 
 225      A302
 226 02ae 7B7151C2 		.ascii	"{qQ\302\210K\220qD\340:\004Q/\375\343\012\220T+\233"
 226      884B9071 
 226      44E03A04 
 226      512FFDE3 
 226      0A90542B 
 227 02c3 67E6C487 		.ascii	"g\346\304\207\235p\366!Y\307\206\004\2231\311\222W\260"
 227      9D70F621 
 227      59C78604 
 227      9331C992 
 227      57B0
 228 02d5 2A8CD346 		.ascii	"*\214\323FP&'\021?q-\303{\363l\273Q'\314B\351\211W\205"
 228      50262711 
 228      3F712DC3 
 228      7BF36CBB 
 228      5127CC42 
 229 02ed D0B377B8 		.ascii	"\320\263w\270\271'K\300\007\330\211\275z\262\250\022"
 229      B9274BC0 
 229      07D889BD 
 229      7AB2A812 
 230 02fd 2905B675 		.ascii	")\005\266uQ\250\222\2145L\235(W\032\307\256#:X=7U\341"
 230      51A8928C 
 230      354C9D28 
 230      571AC7AE 
 230      233A583D 
 231 0314 C0F6A540 		.ascii	"\300\366\245@\016\363\330\265t\033\266/\027\221\003"
 231      0EF3D8B5 
 231      741BB62F 
 231      179103
 232 0323 7CA93359 		.ascii	"|\2513YX\222L3\031\255_$\240O\177\216\014\220\232\037"
 232      58924C33 
 232      19AD5F24 
 232      A04F7F8E 
 232      0C909A1F 
 233 0337 686A6EA2 		.ascii	"hjn\242%\360{\003\024\261M\022\367b\227jY\206>\243["
 233      25F07B03 
 233      14B14D12 
 233      F762976A 
 233      59863EA3 
 234 034c 5F31756D 		.ascii	"_1um\371@\241^\017GJ\257$r\250\311t\246\232\310\016"
 234      F940A15E 
 234      0F474AAF 
 234      2472A8C9 
 234      74A69AC8 
 235 0361 468DA81B 		.ascii	"F\215\250\033\241k\250\013\234hF\313\210W\235ec\030"
 235      A16BA80B 
 235      9C6846CB 
 235      88579D65 
 235      6318
 236 0373 B798C77F 		.ascii	"\267\230\307\177\360f\346\005;\263`nQ0\255\"\230\271"
 236      F066E605 
 236      3BB3606E 
ARM GAS  C:\Users\mvshv\AppData\Local\Temp\ccoLoBkJ.s 			page 18


 236      5130AD22 
 236      98B9
 237 0385 B6CA417B 		.ascii	"\266\312A{\016\306\360\213T}\005\354\\8\336 \205ZLP"
 237      0EC6F08B 
 237      547D05EC 
 237      5C38DE20 
 237      855A4C50 
 238 0399 5AE4506E 		.ascii	"Z\344PnS(\005\317\036Fc<\300\240$\306$$Y\213\232~i\324"
 238      532805CF 
 238      1E46633C 
 238      C0A024C6 
 238      2424598B 
 239 03b1 449C6A33 		.ascii	"D\234j3ij\223k\272C5\225\2358\350\211c0U4~1\352/\\\317"
 239      696A936B 
 239      BA433595 
 239      9D38E889 
 239      63305534 
 240 03cb D05BF310 		.ascii	"\320[\363\020\3355\351\271+\327\323N\365T\214e\247`"
 240      DD35E9B9 
 240      2BD7D34E 
 240      F5548C65 
 240      A760
 241 03dd 7C8029BA 		.ascii	"|\200)\272\367l\356\212\255\364\304\220\363e:1\235\354"
 241      F76CEE8A 
 241      ADF4C490 
 241      F3653A31 
 241      9DEC
 242 03ef C480E0F5 		.ascii	"\304\200\340\365\206\003\311\0164\2120\306\2438\027"
 242      8603C90E 
 242      348A30C6 
 242      A33817
 243 03fe 7DE8A985 		.ascii	"}\350\251\205\331(v\323(v\211Q\214\272\331Z\207\000"
 243      D92876D3 
 243      28768951 
 243      8CBAD95A 
 243      8700
 244 0410 733794C8 		.ascii	"s7\224\310\271\207\357\246\345\017\352c\325T\012\216"
 244      B987EFA6 
 244      E50FEA63 
 244      D5540A8E 
 245 0420 A0117307 		.ascii	"\240\021s\007/I\350\036\305Z{\250\330`\211\313\031\326"
 245      2F49E81E 
 245      C55A7BA8 
 245      D86089CB 
 245      19D6
 246 0432 A38D93C9 		.ascii	"\243\215\223\311j\334\310\230\275\315I\213\336\316\322"
 246      6ADCC898 
 246      BDCD498B 
 246      DECED2
 247 0441 DFA8201B 		.ascii	"\337\250 \033\304\375\360q}l|\224\212\236\367\373\240"
 247      C4FDF071 
 247      7D6C7C94 
 247      8A9EF7FB 
 247      A0
 248 0452 0D2226A9 		.ascii	"\015\"&\251\022=0\362\017A\201z\321\333\260\362T\313"
 248      123D30F2 
 248      0F41817A 
ARM GAS  C:\Users\mvshv\AppData\Local\Temp\ccoLoBkJ.s 			page 19


 248      D1DBB0F2 
 248      54CB
 249 0464 91525BB6 		.ascii	"\221R[\266M\365\244\370\216W\356*\344\374\230\025\360"
 249      4DF5A4F8 
 249      8E57EE2A 
 249      E4FC9815 
 249      F0
 250 0475 49A7EF97 		.ascii	"I\247\357\227 \306\307;\001?\330r\"\325\216\355c\375"
 250      20C6C73B 
 250      013FD872 
 250      22D58EED 
 250      63FD
 251 0487 515260D3 		.ascii	"QR`\323ggc\224\270\225\007\260\365e\003oS\321\026\344"
 251      67676394 
 251      B89507B0 
 251      F565036F 
 251      53D116E4 
 252 049b 64F4B51F 		.ascii	"d\364\265\037\2603[\312\037\212\245|\210\227\267\344"
 252      B0335BCA 
 252      1F8AA57C 
 252      8897B7E4 
 253 04ab CC226C2A 		.ascii	"\314\"l*oJ\272E\007A|\200\212\017\323\362\366P,o\275"
 253      6F4ABA45 
 253      07417C80 
 253      8A0FD3F2 
 253      F6502C6F 
 254 04c0 C77A33AC 		.ascii	"\307z3\2549rK\340w&\364d\331s\344\004\330\215\204\275"
 254      39724BE0 
 254      7726F464 
 254      D973E404 
 254      D88D84BD 
 255 04d4 894A8E94 		.ascii	"\211J\216\224\264\341}\267\022\376\210\273\031\316\333"
 255      B4E17DB7 
 255      12FE88BB 
 255      19CEDB
 256 04e3 0589F9BC 		.ascii	"\005\211\371\274i\214\022\331\013\251\255\2516fqN\210"
 256      698C12D9 
 256      0BA9ADA9 
 256      3666714E 
 256      88
 257 04f4 38C719CE 		.ascii	"8\307\031\3163;zsT\260\332\031z<\2224xg\326\340\013"
 257      333B7A73 
 257      54B0DA19 
 257      7A3C9234 
 257      7867D6E0 
 258 0509 2B264F2B 		.ascii	"+&O+\361}jI(8\335\373\005rQ\213\015\327u\307.\2627\247"
 258      F17D6A49 
 258      2838DDFB 
 258      0572518B 
 258      0DD775C7 
 259 0521 C0B127A6 		.ascii	"\300\261'\246<;\023\227\026h0O\241\0118\363\266\372"
 259      3C3B1397 
 259      1668304F 
 259      A10938F3 
 259      B6FA
 260 0533 18E04C32 		.ascii	"\030\340L2\3739GN^\261\303\217\230\201\316\323\243M"
 260      FB39474E 
ARM GAS  C:\Users\mvshv\AppData\Local\Temp\ccoLoBkJ.s 			page 20


 260      5EB1C38F 
 260      9881CED3 
 260      A34D
 261 0545 D864216F 		.ascii	"\330d!o\331Y\332ng\300\3023\223\205)d\306\304\364\302"
 261      D959DA6E 
 261      67C0C233 
 261      93852964 
 261      C6C4F4C2 
 262 0559 265ABA92 		.ascii	"&Z\272\222\357\316\3534D\337(\314\217\320\210<\247\251"
 262      EFCEEB34 
 262      44DF28CC 
 262      8FD0883C 
 262      A7A9
 263 056b 981053B1 		.ascii	"\230\020S\261\375\312\356\207\264cG\3778\355)\325\323"
 263      FDCAEE87 
 263      B46347FF 
 263      38ED29D5 
 263      D3
 264 057c A34AA9F6 		.ascii	"\243J\251\366\331\327i/\356J\332\315\267d\006\271\374"
 264      D9D7692F 
 264      EE4ADACD 
 264      B76406B9 
 264      FC
 265 058d 5CE818AF 		.ascii	"\\\350\030\257\260a|7\011\377\364pJ\213\212'\332\036"
 265      B0617C37 
 265      09FFF470 
 265      4A8B8A27 
 265      DA1E
 266 059f F8CB9369 		.ascii	"\370\313\223i\343\266\370\011\313t\325\335\262X\236"
 266      E3B6F809 
 266      CB74D5DD 
 266      B2589E
 267 05ae E9D5C05E 		.ascii	"\351\325\300^\333w\276\317\374\206\214\026x\242\267"
 267      DB77BECF 
 267      FC868C16 
 267      78A2B7
 268 05bd 0B14E7CB 		.ascii	"\013\024\347\313\214\264VA\276!\365\2023\244\235\210"
 268      8CB45641 
 268      BE21F582 
 268      33A49D88 
 269 05cd C7088EE2 		.ascii	"\307\010\216\342\"ZF\037M\277\311\367\243\364\216\346"
 269      225A461F 
 269      4DBFC9F7 
 269      A3F48EE6 
 270 05dd 48EF6828 		.ascii	"H\357h(o\260<M\315Q\222\206p\371\346\341\\+<\307P>\336"
 270      6FB03C4D 
 270      CD519286 
 270      70F9E6E1 
 270      5C2B3CC7 
 271 05f4 B3638A9F 		.ascii	"\263c\212\237\033r\350z\353'\276\2677\213r\217\210r"
 271      1B72E87A 
 271      EB27BEB7 
 271      378B728F 
 271      8872
 272 0606 37439936 		.ascii	"7C\231649g/G\271\013P\356\024\210x\034E\271GD\231b("
 272      3439672F 
 272      47B90B50 
ARM GAS  C:\Users\mvshv\AppData\Local\Temp\ccoLoBkJ.s 			page 21


 272      EE148878 
 272      1C45B947 
 273 061e 58C752F5 		.ascii	"X\307R\365c.q\260\340\346\245\231\353\016R\365{\205"
 273      632E71B0 
 273      E0E6A599 
 273      EB0E52F5 
 273      7B85
 274 0630 D7A89F2A 		.ascii	"\327\250\237*~~\227{\235\201\311\326(mK\340m\260[zj"
 274      7E7E977B 
 274      9D81C9D6 
 274      286D4BE0 
 274      6DB05B7A 
 275 0645 9DF8A98D 		.ascii	"\235\370\251\215\032\314\337\205q\214\222\206a\362\340"
 275      1ACCDF85 
 275      718C9286 
 275      61F2E0
 276 0654 8EDD2A26 		.ascii	"\216\335*&\374\006)qgF\206Uf\303\220(\206a?\013\303"
 276      FC062971 
 276      67468655 
 276      66C39028 
 276      86613F0B 
 277 0669 8BAAAE4C 		.ascii	"\213\252\256L\007y\030\342\001\3477\024g\022\305\231"
 277      077918E2 
 277      01E73714 
 277      6712C599 
 278 0679 28E22C2C 		.ascii	"(\342,,\033?&V\017\202\263/\267'K\215\3671\034\337U"
 278      1B3F2656 
 278      0F82B32F 
 278      B7274B8D 
 278      F7311CDF 
 279 068e C4D5F274 		.ascii	"\304\325\362td\220\\\315\035\036K\267\305\211lRL\244"
 279      64905CCD 
 279      1D1E4BB7 
 279      C5896C52 
 279      4CA4
 280 06a0 234FE4F5 		.ascii	"#O\344\365\007\305\005\002Ng\223/\272\342\343\255\370"
 280      07C50502 
 280      4E67932F 
 280      BAE2E3AD 
 280      F8
 281 06b1 4AB237BB 		.ascii	"J\2627\273\332Z\012lq&\233,\356\257\253\021W\222\311"
 281      DA5A0A6C 
 281      71269B2C 
 281      EEAFAB11 
 281      5792C9
 282 06c4 DD677AE2 		.ascii	"\335gz\342,p.\233\274\3271\260\307\036\3473\346j\315"
 282      2C702E9B 
 282      BCD731B0 
 282      C71EE733 
 282      E66ACD
 283 06d7 F62FF005 		.ascii	"\366/\360\005\366\335p?\346]\266(\206\024\350\352\354"
 283      F6DD703F 
 283      E65DB628 
 283      8614E8EA 
 283      EC
 284 06e8 82239805 		.ascii	"\202#\230\0050\203n\377\263\225{\242\035p9\025v\350"
 284      30836EFF 
ARM GAS  C:\Users\mvshv\AppData\Local\Temp\ccoLoBkJ.s 			page 22


 284      B3957BA2 
 284      1D703915 
 284      76E8
 285 06fa 9A89EEB2 		.ascii	"\232\211\356\262E\313\331\263x\271\013}g\352c\242H\361"
 285      45CBD9B3 
 285      78B90B7D 
 285      67EA63A2 
 285      48F1
 286 070c C1E71AEB 		.ascii	"\301\347\032\353!\224U\010}-8\202gPq\205\305\306TB("
 286      21945508 
 286      7D2D3882 
 286      67507185 
 286      C5C65442 
 287 0721 21402BC8 		.ascii	"!@+\310\377al\201!\030~\242\300'h#c\210\011\213\207"
 287      FF616C81 
 287      21187EA2 
 287      C0276823 
 287      6388098B 
 288 0736 143D4212 		.ascii	"\024=B\022iRyf\276\004ih\310\020g\224\300U\213\321G"
 288      69527966 
 288      BE046968 
 288      C8106794 
 288      C0558BD1 
 289 074b FB0499EE 		.ascii	"\373\004\231\356\252`&M\200\304\312\201\354\220K\033"
 289      AA60264D 
 289      80C4CA81 
 289      EC904B1B 
 290 075b BE34497F 		.ascii	"\2764I\177+\227N\027dH\206$HR\344H\016\316\323\035\255"
 290      2B974E17 
 290      64488624 
 290      4852E448 
 290      0ECED31D 
 291 0770 AFE8094E 		.ascii	"\257\350\011N\245\322dWgqi\343\221\3503y\231\3007\226"
 291      A5D26457 
 291      677169E3 
 291      91E83379 
 291      99C03796 
 292 0784 1E5A38CA 		.ascii	"\036Z8\312\004uG\251&\"\016'\006\235\026\\P\266\260"
 292      047547A9 
 292      26220E27 
 292      069D165C 
 292      50B6B0
 293 0797 1C9D013A 		.ascii	"\034\235\001:\011t\012\350{\240\034\240\002\240\343"
 293      09740AE8 
 293      7BA01CA0 
 293      02A0E3
 294 07a6 402780F2 		.ascii	"@'\200\362\201\216\001\345\001}',\247\355\235\301\276"
 294      818E01E5 
 294      017D272C 
 294      A7ED9DC1 
 294      BE
 295 07b7 23819D26 		.ascii	"#\201\235&\207}\330\004\233\025\372\247C\216Q\200\205"
 295      877DD804 
 295      9B15FAA7 
 295      438E5180 
 295      85
 296 07c8 48297891 		.ascii	"H)x\2217\251\352\034"
ARM GAS  C:\Users\mvshv\AppData\Local\Temp\ccoLoBkJ.s 			page 23


 296      37A9EA1C 
 297 07d0 76DAAFD7 		.ascii	"v\332\257\327\327\272\223\226\211\036\360\324\211\215"
 297      D7BA9396 
 297      891EF0D4 
 297      898D
 298 07de 14F5CB53 		.ascii	"\024\365\313SW/\261|Dny\247<\274\365<uP\375P\024\227"
 298      572FB17C 
 298      446E79A7 
 298      3CBCF53C 
 298      7550FD50 
 299 07f4 166B227A 		.ascii	"\026k\"z\211d\251\233\220\244.Y\236\272\003\362D\367"
 299      8964A99B 
 299      90A42E59 
 299      9EBA03F2 
 299      44F7
 300 0806 48A453E5 		.ascii	"H\244S\345\322\207L\322\2446\267v]A8\312\2026\301\355"
 300      D2874CD2 
 300      A436B776 
 300      5D4138CA 
 300      8236C1ED 
 301 081a 3305C516 		.ascii	"3\005\305\026h\261\313\202IBE\220\233\237\"O,\362P\223"
 301      68B1CB82 
 301      49424590 
 301      9B9F224F 
 301      2CF25093 
 302 082e E07F4654 		.ascii	"\340\177FT\010\012\317\012\306\006K\362@q\355\036\230"
 302      080ACF0A 
 302      C6064BF2 
 302      4071ED1E 
 302      98
 303 083f 69C0D23B 		.ascii	"i\300\322;d\241dCA\252\004\366_\027\274Iu\254\272\221"
 303      64A16443 
 303      41AA04F6 
 303      5F17BC49 
 303      75ACBA91 
 304 0853 A2920A93 		.ascii	"\242\222\012\223\013\240I\270\204\013\227P\341S\215"
 304      0BA049B8 
 304      840B9750 
 304      E1538D
 305 0862 57DB7955 		.ascii	"W\333yU\212%\007\177\356A[\026/ac\364\032<\233^\302"
 305      8A25077F 
 305      EE415B16 
 305      2F6163F4 
 305      1A3C9B5E 
 306 0877 79274929 		.ascii	"y'I)r\342\245h8%.\332\301l5\275(V\323s\254\3527w\364"
 306      72E2A568 
 306      38252EDA 
 306      C16C35BD 
 306      2856D373 
 307 0890 25DBCAAB 		.ascii	"%\333\312\253i)D\364\002\315B\031\255\246\027\305jZ"
 307      692944F4 
 307      02CD4219 
 307      ADA617C5 
 307      6A5A
 308 08a2 64B8F5D4 		.ascii	"d\270\365\324\032\307\321d\240\266\344=\303\026b\213"
 308      1AC7D164 
 308      A0B6E43D 
ARM GAS  C:\Users\mvshv\AppData\Local\Temp\ccoLoBkJ.s 			page 24


 308      C316628B 
 309 08b2 89FD312D 		.ascii	"\211\3751-&\273\277`\324Zj\254\\x\215\261\233\375Gc"
 309      26BBBF60 
 309      D45A6AAC 
 309      5C788DB1 
 309      9BFD4763 
 310 08c6 F87DE086 		.ascii	"\370}\340\206B\362\257\225#\373\327J\254\262N\274\312"
 310      42F2AF95 
 310      23FBD74A 
 310      ACB24EBC 
 310      CA
 311 08d7 96D618EA 		.ascii	"\226\326\030\352\020\216g\330\252&\362O\360\265\244"
 311      108E67D8 
 311      AA26F24F 
 311      F0B5A4
 312 08e6 EA77C75F 		.ascii	"\352w\307_\2363\037\223\0321&\325\254\303<\211\317_"
 312      9E331F93 
 312      1A3126D5 
 312      ACC33C89 
 312      CF5F
 313 08f8 2F0FC965 		.ascii	"/\017\311e@YEQ^\245(kD\224\207\322\207\362\004\271O"
 313      40594551 
 313      5EA5286B 
 313      449487D2 
 313      87F204B9 
 314 090d 66A5E3AA 		.ascii	"f\245\343\252\213jxnk\011\337\377\362l\275\025>\300"
 314      8B6A786E 
 314      6B09DFFF 
 314      F26CBD15 
 314      3EC0
 315 091f 4027EE7F 		.ascii	"@'\356\177V\257\302\207\030S2\222[b\307$+\010\237Z\372"
 315      56AFC287 
 315      18533292 
 315      5B62C724 
 315      2B089F5A 
 316 0934 B89E5F70 		.ascii	"\270\236_pT\222i'>=\231;v\314\022\247\263\265\011c\023"
 316      54926927 
 316      3E3D993B 
 316      76CC12A7 
 316      B3B50963 
 317 0949 899666DD 		.ascii	"\211\226f\335\275!\272\353N\275-)\312\032U\311\335m"
 317      BD21BAEB 
 317      4EBD2D29 
 317      CA1A55C9 
 317      DD6D
 318 095b 02071AA9 		.ascii	"\002\007\032\251\003?P\007n\210\016\224Fe\267`\271\273"
 318      033F5007 
 318      6E880E94 
 318      4665B760 
 318      B9BB
 319 096d 66A54FF6 		.ascii	"f\245O\366\247\355\343iXC\356$\323G\207\354\360Q\006"
 319      A7EDE369 
 319      5843EE24 
 319      D34787EC 
 319      F05106
 320 0980 F2D1C8EC 		.ascii	"\362\321\310\354\031{|\2341\245%\027k\270w\356\344?"
 320      197B7C9C 
ARM GAS  C:\Users\mvshv\AppData\Local\Temp\ccoLoBkJ.s 			page 25


 320      31A52517 
 320      6BB877EE 
 320      E43F
 321 0992 8453954D 		.ascii	"\204S\225M68\227\315\315\306\0379k\215\013\030sx\262"
 321      363897CD 
 321      CDC61F39 
 321      6B8D0B18 
 321      7378B2
 322 09a5 E301DFFC 		.ascii	"\343\001\337\374.$\317Y\337\356\267\306\305ln.>\366"
 322      2E24CF59 
 322      DFEEB7C6 
 322      C56C6E2E 
 322      3EF6
 323 09b7 90152E65 		.ascii	"\220\025.eLRSR\226\015\256`\314HL_7\337:K\200}>\230"
 323      4C525352 
 323      960DAE60 
 323      CC484C5F 
 323      37DF3A4B 
 324 09cf D4C6FFD9 		.ascii	"\324\306\377\331\261\225\334]\234\370\335%\357\351\276"
 324      B195DC5D 
 324      9CF8DD25 
 324      EFE9BE
 325 09de 8336B886 		.ascii	"\2036\270\206-\275\325\026s\236\313\332\000\033}\352"
 325      2DBDD516 
 325      739ECBDA 
 325      001B7DEA 
 326 09ee 52B185D9 		.ascii	"R\261\205\331\320\366\210\241\275\307v\322\327y\331"
 326      D0F688A1 
 326      BDC776D2 
 326      D779D9
 327 09fd E596F2EB 		.ascii	"\345\226\362\353u\027D\253\223F\353>\215V\217\030\255"
 327      751744AB 
 327      9346EB3E 
 327      8D568F18 
 327      AD
 328 0a0e A6FEB8EB 		.ascii	"\246\376\270\3536\362\353\262Y\3512C\373\007\270\236"
 328      36F2EBB2 
 328      59E93243 
 328      FB07B89E 
 329 0a1e 817CD2D4 		.ascii	"\201|\322\324~\017\341&\306\3044\324\235\260\302\006"
 329      7E0FE126 
 329      C6C434D4 
 329      9DB0C206 
 330 0a2e C60CE734 		.ascii	"\306\014\3474\326Z\342\333\214\351\355\2379\207q\007"
 330      D65AE2DB 
 330      8CE9ED9F 
 330      39877107 
 331 0a3e 638E0F67 		.ascii	"c\216\017g~m\215{\370\232\336\221&\036\240\275\3440"
 331      7E6D8D7B 
 331      F89ADE91 
 331      261EA0BD 
 331      E430
 332 0a50 3D1F2B6E 		.ascii	"=\037+n\026CB\266\333\320\223\2769\025\036\244\302o"
 332      164342B6 
 332      DBD093BE 
 332      39151EA4 
 332      C26F
ARM GAS  C:\Users\mvshv\AppData\Local\Temp\ccoLoBkJ.s 			page 26


 333 0a62 1418AE65 		.ascii	"\024\030\256eX#z\3610=.\374\235\251O\202\332\3369\315"
 333      58237AF1 
 333      303D2EFC 
 333      9DA94F82 
 333      DADE39CD 
 334 0a76 3B532D54 		.ascii	";S-T\370+P>\307\241:\212\247\002U\276rM\330\312\256"
 334      F82B503E 
 334      C7A13A8A 
 334      A70255BE 
 334      724DD8CA 
 335 0a8b 20BD20DD 		.ascii	" \275 \335\315\245E\307Q\207T:\011Z\271a\033k\345d\353"
 335      CDA545C7 
 335      5187543A 
 335      095AB961 
 335      1B6BE564 
 336 0aa0 D5736963 		.ascii	"\325sic\351\251\243\322\347\321+\275|\030\364=\244\223"
 336      E9A9A3D2 
 336      E7D12BBD 
 336      7C18F43D 
 336      A493
 337 0ab2 E3BC47BC 		.ascii	"\343\274G\274\200\036\241\307\313\321c\250\375/\201"
 337      801EA1C7 
 337      CBD163A8 
 337      FD2F81
 338 0ac1 A2E1FB29 		.ascii	"\242\341\373)\274\247\200F\201\346\200\242`l\006\336"
 338      BCA78046 
 338      81E680A2 
 338      606C06DE 
 339 0ad1 B340CF81 		.ascii	"\263@\317\201&\200\266\303X\014\320\023\370\036\003"
 339      2680B6C3 
 339      580CD013 
 339      F81E03
 340 0ae0 1A019A04 		.ascii	"\032\001\232\004\232\006zf\354\365\344\3221\261\325"
 340      9A067A66 
 340      ECF5E4D2 
 340      31B1D5
 341 0aef 74E96891 		.ascii	"t\351h\221#\2759\317/\322\025\267\261\256X\001Q\270"
 341      23BD39CF 
 341      2FD215B7 
 341      B1AE5801 
 341      51B8
 342 0b01 C4A5C5EA 		.ascii	"\304\245\305\352\310o\267\222\013\315\2350\223\356\007"
 342      C86FB792 
 342      0BCD9D30 
 342      93EE07
 343 0b10 72DD6EA6 		.ascii	"r\335n\246 \260\230\325Kb\326\260p\314$\272'$\272\373"
 343      20B098D5 
 343      4B62D6B0 
 343      70CC24BA 
 343      2724BAFB 
 344 0b24 E5D25572 		.ascii	"\345\322Ur\351\031\211t\337\302\322\"\024\252|\233I"
 344      E9198974 
 344      DFC2D222 
 344      14AA7C9B 
 344      49
 345 0b35 FC915CFC 		.ascii	"\374\221\\\374\334+\267<\036\2242~i\231\027\224\363"
 345      DC2BB73C 
ARM GAS  C:\Users\mvshv\AppData\Local\Temp\ccoLoBkJ.s 			page 27


 345      1E94327E 
 345      69991794 
 345      F3
 346 0b46 AF28BF23 		.ascii	"\257(\277#\211\370\035\271\362\266W\304\207$\342\267"
 346      89F81DB9 
 346      F2B657C4 
 346      8724E2B7 
 347 0b56 E4E2ADAF 		.ascii	"\344\342\255\257\210\367H\304o/,.\271\273\325\214\262"
 347      88F748C4 
 347      6F2F2C2E 
 347      B9BBD58C 
 347      B2
 348 0b67 BBDBB8FC 		.ascii	"\273\333\270\374\356FT\365\217:eF\223\023Bt\015\312"
 348      EE4654F5 
 348      8F3A6546 
 348      93134274 
 348      0DCA
 349 0b79 7535CA63 		.ascii	"u5\312c\\/\261\334.\227\336)\310\323m\0103\245{h\301"
 349      5C2FB1DC 
 349      2E97DE29 
 349      C8D36D08 
 349      33A57B68 
 350 0b8e CD21D16D 		.ascii	"\315!\321m\220\350\276\273p\314\244\331\226H7/\274\247"
 350      90E8BEBB 
 350      70CCA4D9 
 350      9648372F 
 350      BCA7
 351 0ba0 E74558B2 		.ascii	"\347EX\2629\006\026v\323\010\234T\002\236n\003\244\373"
 351      39061676 
 351      D3089C54 
 351      029E6E03 
 351      A4FB
 352 0bb2 3A1717DB 		.ascii	":\027\027\333\013\2726\357f\330\324u\240I\211G\330\315"
 352      0BBA36EF 
 352      66D8D475 
 352      A0498947 
 352      D8CD
 353 0bc4 B0E34161 		.ascii	"\260\343Aa\234\215\374f(\036y\264\013\273\374_N=\313"
 353      9C8DFC66 
 353      281E79B4 
 353      0BBBFC5F 
 353      4E3DCB
 354 0bd7 FBCB694B 		.ascii	"\373\313iKrs\334\211\027\243\035\330xs\034\027o\216"
 354      7273DC89 
 354      17A31DD8 
 354      78731C17 
 354      6F8E
 355 0be9 59FD3D97 		.ascii	"Y\375=\227\225\322\313 \0214\365\220X\314.\203\344\375"
 355      95D2CB20 
 355      1134F590 
 355      58CC2E83 
 355      E4FD
 356 0bfb 9EABAB9B 		.ascii	"\236\253\253\233\361/,\302-\320/\330\355\253\260\360"
 356      F12F2CC2 
 356      2DD02FD8 
 356      EDABB0F0 
 357 0c0b C80837FF 		.ascii	"\310\0107\377\260\220\220\260P7\017\355F\315\306\255"
ARM GAS  C:\Users\mvshv\AppData\Local\Temp\ccoLoBkJ.s 			page 28


 357      B09090B0 
 357      50370FED 
 357      46CDC6AD 
 358 0c1b 6EA1FF0A 		.ascii	"n\241\377\012\362w\365W\375\351\243O\226jV\254P\250"
 358      F277F557 
 358      FDE9A34F 
 358      966A56AC 
 358      50A8
 359 0c2d 7D7DB704 		.ascii	"}}\267\004\205F\276\277\3227\3623\377\337\371\370\007"
 359      8546BEBF 
 359      D237F233 
 359      FFDFF9F8 
 359      07
 360 0c3e 066D0E8A 		.ascii	"\006m\016\212\210\334\022\020\024\346\023\031\026\026"
 360      88DC1210 
 360      14E61319 
 360      1616
 361 0c4c 1CE1F379 		.ascii	"\034\341\363y\350\226\245\364k\251_x\310R]\310f]@\200"
 361      E896A5F4 
 361      6BA95F78 
 361      C8525DC8 
 361      665D4080 
 362 0c60 2EC067B5 		.ascii	".\300g\265\253\373\322\225\356+V\377s\225\017\214\277"
 362      ABFBD295 
 362      EE2B56FF 
 362      73950F8C 
 362      BF
 363 0c71 171A16AA 		.ascii	"\027\032\026\252{O\347\2679\310'(\324?xK\200\316'\304"
 363      7B4FE7B7 
 363      39C82728 
 363      D43F784B 
 363      80CE27C4 
 364 0c85 0F7485EA 		.ascii	"\017t\205\352||\003t\237\371m\011\216\364\215\334\366"
 364      7C7C0374 
 364      9FF96D09 
 364      8EF48DDC 
 364      F6
 365 0c96 952EC235 		.ascii	"\225.\3025P\241\022\355\375\375'\265\027\261-\302\307"
 365      50A112ED 
 365      FDFD27B5 
 365      17B12DC2 
 365      C7
 366 0ca7 37223200 		.ascii	"7\"2\000\224\203\021\245\177\240_\370\"\342\353\272"
 366      948311A5 
 366      7FA05FF8 
 366      22E2EBBA 
 367 0cb7 50BFCDC1 		.ascii	"P\277\315\301\272M:\377\310\260p\327\377)F\212\237\221"
 367      BA4D3AFF 
 367      C8B070D7 
 367      FF29468A 
 367      9F91
 368 0cc9 F7DAA008 		.ascii	"\367\332\240\010\223\002g2\342\255\213\364\336\026\021"
 368      93026732 
 368      E2AD8BF4 
 368      DE1611
 369 0cd8 A90BD9E0 		.ascii	"\251\013\331\340\027\032\020\254\013\367\012\017\012"
 369      171A10AC 
ARM GAS  C:\Users\mvshv\AppData\Local\Temp\ccoLoBkJ.s 			page 29


 369      0BF70A0F 
 369      0A
 370 0ce5 0B0F8ADC 		.ascii	"\013\017\212\334F\315i\202u~\341^\272P\300\361\271\265"
 370      46CD6982 
 370      757EE15E 
 370      BA50C0F1 
 370      B9B5
 371 0cf7 7F20086E 		.ascii	"\177 \010n\360\013\216\374\225\314px\244\033\307\355"
 371      F00B8EFC 
 371      95CC7078 
 371      A41BC7ED 
 372 0d07 E61F0870 		.ascii	"\346\037\010p\355|}?\333\022\352\357\353\353\272\306"
 372      ED7C7D3F 
 372      DB12EAEF 
 372      EBEBBAC6 
 373 0d17 DD7D8D4A 		.ascii	"\335}\215J\344\254\265\353\274\327i7\255[\373k\301\323"
 373      E4ACB5EB 
 373      BCD76937 
 373      AD5BFB6B 
 373      C1D3
 374 0d29 CB9A656A 		.ascii	"\313\232ej\215o\244\025\177\033\247W)==>\324\032\331"
 374      8D6FA415 
 374      7F1BA757 
 374      293D3D3E 
 374      D41AD9
 375 0d3c F7959E1A 		.ascii	"\367\225\236\032/\023\273R\351\351\355\245Ui\031\267"
 375      2F13BB52 
 375      E9E9EDA5 
 375      556919B7 
 376 0d4c 0226D799 		.ascii	"\002&\327\231&\335ar\235V\351\375\261\247\366\3672\220"
 376      26DD6172 
 376      9D56E9FD 
 376      B1A7F6F7 
 376      3290
 377 0d5e 3C26BAAD 		.ascii	"<&\272\255\221$.n\232\215\336\236\336n\232\260p\235"
 377      91242E6E 
 377      9A8DDE9E 
 377      DE6E9AB0 
 377      709D
 378 0d70 9BA7881D 		.ascii	"\233\247\210\035\030_\377\220U\340\201\365G\233<5\276"
 378      185FFF90 
 378      55E081F5 
 378      479B3C35 
 378      BE
 379 0d81 1F438E41 		.ascii	"\037C\216A\241\207V\271q\343z-\366X\253\305k\341\355"
 379      A18756B9 
 379      71E37A2D 
 379      F658ABC5 
 379      6BE1ED
 380 0d94 B55EABF4 		.ascii	"\265^\253\364X\357\255U~\270\336Ck\001S \260\226\360"
 380      58EFAD55 
 380      7EB8DE43 
 380      6B015320 
 380      B096F0
 381 0da7 1BC88F06 		.ascii	"\033\310\217\006~,\2747h\274\265\330{\203\027\326h\340"
 381      7E2CBC37 
 381      68BCB5D8 
ARM GAS  C:\Users\mvshv\AppData\Local\Temp\ccoLoBkJ.s 			page 30


 381      7B8317D6 
 381      68E0
 382 0db9 ADD15A78 		.ascii	"\255\321Zxxj5Z\345\246\217\377\254\005\304 \241\361"
 382      786A355A 
 382      E5A68FFF 
 382      AC05C420 
 382      A1F1
 383 0dcb FAC4732D 		.ascii	"\372\304s-\374zh\264*o\315\207\324\326\177\000\272\352"
 383      FC7A68B4 
 383      2A6FCD87 
 383      D4D67F00 
 383      BAEA
 384 0ddd 65E9     		.ascii	"e\351"
 385              		.text
 386              		.section	.gnu.lto_.symtab.fb69c318,"",%progbits
 387 0000 6E766963 		.ascii	"nvicEnableVector\000"
 387      456E6162 
 387      6C655665 
 387      63746F72 
 387      00
 388 0011 00       		.ascii	"\000"
 389 0012 00       		.ascii	"\000"
 390 0013 00       		.ascii	"\000"
 391 0014 00000000 		.ascii	"\000\000\000\000\000\000\000\000"
 391      00000000 
 392 001c D4000000 		.ascii	"\324\000\000\000"
 393 0020 6E766963 		.ascii	"nvicDisableVector\000"
 393      44697361 
 393      626C6556 
 393      6563746F 
 393      7200
 394 0032 00       		.ascii	"\000"
 395 0033 00       		.ascii	"\000"
 396 0034 00       		.ascii	"\000"
 397 0035 00000000 		.ascii	"\000\000\000\000\000\000\000\000"
 397      00000000 
 398 003d D8000000 		.ascii	"\330\000\000\000"
 399 0041 6E766963 		.ascii	"nvicSetSystemHandlerPriority\000"
 399      53657453 
 399      79737465 
 399      6D48616E 
 399      646C6572 
 400 005e 00       		.ascii	"\000"
 401 005f 00       		.ascii	"\000"
 402 0060 00       		.ascii	"\000"
 403 0061 00000000 		.ascii	"\000\000\000\000\000\000\000\000"
 403      00000000 
 404 0069 DA000000 		.ascii	"\332\000\000\000"
 405 006d 6E766963 		.ascii	"nvicClearPending\000"
 405      436C6561 
 405      7250656E 
 405      64696E67 
 405      00
 406 007e 00       		.ascii	"\000"
 407 007f 00       		.ascii	"\000"
 408 0080 00       		.ascii	"\000"
 409 0081 00000000 		.ascii	"\000\000\000\000\000\000\000\000"
ARM GAS  C:\Users\mvshv\AppData\Local\Temp\ccoLoBkJ.s 			page 31


 409      00000000 
 410 0089 DC000000 		.ascii	"\334\000\000\000"
 411 008d 63685379 		.ascii	"chSysHalt\000"
 411      7348616C 
 411      7400
 412 0097 00       		.ascii	"\000"
 413 0098 02       		.ascii	"\002"
 414 0099 00       		.ascii	"\000"
 415 009a 00000000 		.ascii	"\000\000\000\000\000\000\000\000"
 415      00000000 
 416 00a2 E1000000 		.ascii	"\341\000\000\000"
 417              		.text
 418              		.section	.gnu.lto_.opts,"",%progbits
 419 0000 272D666D 		.ascii	"'-fmath-errno' '-fsigned-zeros' '-ftrapping-math' '"
 419      6174682D 
 419      6572726E 
 419      6F272027 
 419      2D667369 
 420 0033 2D666E6F 		.ascii	"-fno-trapv' '-fno-openmp' '-fno-openacc' '-mcpu=cor"
 420      2D747261 
 420      70762720 
 420      272D666E 
 420      6F2D6F70 
 421 0066 7465782D 		.ascii	"tex-m4' '-mno-thumb-interwork' '-mthumb' '-O2' '-fo"
 421      6D342720 
 421      272D6D6E 
 421      6F2D7468 
 421      756D622D 
 422 0099 6D69742D 		.ascii	"mit-frame-pointer' '-falign-functions=16' '-ffuncti"
 422      6672616D 
 422      652D706F 
 422      696E7465 
 422      72272027 
 423 00cc 6F6E2D73 		.ascii	"on-sections' '-fdata-sections' '-fno-common' '-flto"
 423      65637469 
 423      6F6E7327 
 423      20272D66 
 423      64617461 
 424 00ff 2700     		.ascii	"'\000"
 425              		.text
 426              		.comm	__gnu_lto_v1,1,1
 427              		.comm	__gnu_lto_slim,1,1
 428              		.ident	"GCC: (GNU Tools for Arm Embedded Processors 7-2017-q4-major) 7.2.1 20170904 (release) [ARM
ARM GAS  C:\Users\mvshv\AppData\Local\Temp\ccoLoBkJ.s 			page 32


DEFINED SYMBOLS
                            *ABS*:00000000 nvic.c
                            *COM*:00000001 __gnu_lto_v1
                            *COM*:00000001 __gnu_lto_slim

NO UNDEFINED SYMBOLS
