ARM GAS  C:\Users\mvshv\AppData\Local\Temp\ccEBcUpK.s 			page 1


   1              		.cpu cortex-m4
   2              		.eabi_attribute 20, 1
   3              		.eabi_attribute 21, 1
   4              		.eabi_attribute 23, 3
   5              		.eabi_attribute 24, 1
   6              		.eabi_attribute 25, 1
   7              		.eabi_attribute 26, 1
   8              		.eabi_attribute 30, 2
   9              		.eabi_attribute 34, 1
  10              		.eabi_attribute 18, 4
  11              		.file	"stm32_isr.c"
  12              		.section	.gnu.lto_.profile.fb69f745,"",%progbits
  13 0000 789C6363 		.ascii	"x\234cc```\005bF\206\245\214\252\000\002\243\000\330"
  13      60606005 
  13      624686A5 
  13      8CAA0002 
  13      A300D8
  14              		.text
  15              		.section	.gnu.lto_.icf.fb69f745,"",%progbits
  16 0000 789C6363 		.ascii	"x\234cc``\340c@\000&\206\376%\347W\2603\256\274pt!#"
  16      6060E063 
  16      40002686 
  16      FE25E757 
  16      B033AEBC 
  17 0018 03002B56 		.ascii	"\003\000+V\005\251"
  17      05A9
  18              		.text
  19              		.section	.gnu.lto_.jmpfuncs.fb69f745,"",%progbits
  20 0000 789C6363 		.ascii	"x\234cc``8\317\310\000\007L@\314\3028\205\231q\353\351"
  20      606038CF 
  20      C800074C 
  20      40CCC238 
  20      859971EB 
  21 0015 03B7D8BB 		.ascii	"\003\267\330\273\231\347030j0nf\224a`<\300\302\250\001"
  21      99E73033 
  21      306A306E 
  21      66946160 
  21      3CC0C2A8 
  22 002a C40C0C20 		.ascii	"\304\014\014 \351\247+\016?\346\202H\2631n\201J\263"
  22      E9A72B0E 
  22      3FE68248 
  22      B3316E81 
  22      4AB3
  23 003c 81A5C1DA 		.ascii	"\201\245\301\332\037\317|\272\213\033\"/\316\270\025"
  23      1FCF7CBA 
  23      8B1B222F 
  23      CEB815
  24 004b 2A2F0ED1 		.ascii	"*/\016\321\216M\375\331\205k\316\261A\324s1n\203\312"
  24      8E4DFDD9 
  24      856BCEB1 
  24      41D47331 
  24      6E83CA
  25 005e 73E1563F 		.ascii	"s\341V?\355\354\304]P\365\234\214\333\241\362\234\270"
  25      EDECC45D 
  25      50F59C8C 
  25      DBA1F29C 
  25      B8
ARM GAS  C:\Users\mvshv\AppData\Local\Temp\ccEBcUpK.s 			page 2


  26 006f D577FDBA 		.ascii	"\325w\375\272\336\307\001Q\317\301\270\003*\317\201"
  26      DEC70151 
  26      CFC1B803 
  26      2ACF81
  27 007e 5BFDC953 		.ascii	"[\375\311S\323W\360@\324\2633\356\204\312\263\343P\217"
  27      D357F040 
  27      D4B333EE 
  27      84CAB3E3 
  27      508F
  28 0090 2680C107 		.ascii	"&\200\301\007\006+#Z\030\002\005PC\005(\200\352m\240"
  28      062B235A 
  28      18020550 
  28      43052880 
  28      EA6DA0
  29 00a3 00AABF80 		.ascii	"\000\252\277\200\002\250\016\007\012\240\272\214\011"
  29      02A80E07 
  29      0AA0BA8C 
  29      09
  30 00b0 DD660600 		.ascii	"\335f\006\000M\273U\224"
  30      4DBB5594 
  31              		.text
  32              		.section	.gnu.lto_.inline.fb69f745,"",%progbits
  33 0000 789C6363 		.ascii	"x\234cc``hf@\000&\006\006\211k\014\214 \232\201m\201"
  33      60606866 
  33      40002606 
  33      06896B0C 
  33      8C209A81 
  34 0016 3C886260 		.ascii	"<\210b`\346\001\213\023O12\010\236G3\203\211\033$L\014"
  34      E6018B13 
  34      4F313208 
  34      9E473383 
  34      891B244C 
  35 002b C90000AF 		.ascii	"\311\000\000\257K\004\310"
  35      4B04C8
  36              		.text
  37              		.section	.gnu.lto_.pureconst.fb69f745,"",%progbits
  38 0000 789C6363 		.ascii	"x\234cc```\005b&\006\011F\011\000\000\364\000?"
  38      60606005 
  38      62260609 
  38      46090000 
  38      F4003F
  39              		.text
  40              		.section	.gnu.lto_irqInit.fb69f745,"",%progbits
  41 0000 789C7DD2 		.ascii	"x\234}\322\315/\003A\024\000\360\367v\330n\2138\222"
  41      CD2F0341 
  41      1400F0F7 
  41      76D86E8B 
  41      3892
  42 0012 1067BD74 		.ascii	"\020g\275t\223\2268\370\027\210\003w\021\027\022R\351"
  42      939638F8 
  42      17880377 
  42      11171252 
  42      E9
  43 0023 F6D0DB2E 		.ascii	"\366\320\333.R\255\217\010\011m$\233\246\\\364 i\032"
  43      52AD8F08 
  43      096D249B 
  43      A65CF420 
ARM GAS  C:\Users\mvshv\AppData\Local\Temp\ccEBcUpK.s 			page 3


  43      691A
  44 0035 AAB69451 		.ascii	"\252\266\224Q'\244=\270H8Quj\270K\224\331\216\220=\330"
  44      27A43DB8 
  44      48385175 
  44      6AB84B94 
  44      D98E903D 
  45 004a 9779332F 		.ascii	"\227y3/3\363\2339\314\210\0000(\000\014\260\261\213"
  45      33F39B39 
  45      CC880030 
  45      28000CB0 
  45      B18B
  46 005c 25124061 		.ascii	"%\022@a\243\0140/\011\210f\241I\010\252\200*\256\221"
  46      A30C302F 
  46      098866A1 
  46      4908AA80 
  46      2AAE91
  47 006f 2D82C5C8 		.ascii	"-\202\305\310\253!\270\3675\0264\276\321\276\244\205"
  47      AB21B8F7 
  47      351634BE 
  47      D1BEA485 
  48 007f 3B750210 		.ascii	";u\002\020ci\006\036\242\033\330\266\347L}\273Ml\342"
  48      6369061E 
  48      A21BD8B6 
  48      E74C7DBB 
  48      4D6CE2
  49 0092 F3788422 		.ascii	"\363x\204\" +\322w\315T\253\177E4\372\262\207\271\021"
  49      202BD277 
  49      CD54AB7F 
  49      4534FAB2 
  49      87B911
  50 00a5 274094AD 		.ascii	"'@\224\255\263K4\012\313D0\253E\0125\014'\323\011\322"
  50      B34B340A 
  50      CB4430AB 
  50      450A350C 
  50      27D309D2 
  51 00b9 50EC28C3 		.ascii	"P\354(\303\250=:\324OM\322\011\306\010;\006\263\250"
  51      A83D3AD4 
  51      4F4DD209 
  51      C6083B06 
  51      B3A8
  52 00cb 9A0BD5D4 		.ascii	"\232\013\325\324U\305\265Jt\"\240\210\307\330m\246N"
  52      55C5B54A 
  52      7422A088 
  52      C7D86DA6 
  52      4E
  53 00dc 48C3677A 		.ascii	"H\303gz\376\3479\316\257o\342\251V\316\035xb\345Y\033"
  53      FEE739CE 
  53      AF6FE2A9 
  53      56CE1D78 
  53      62E5591B 
  54 00f0 6E70BEF2 		.ascii	"np\276\362q\277.q.a\336\312\015\033~\312y\254\264\231"
  54      71BF2E71 
  54      2E61DECA 
  54      0D1B7ECA 
  54      79ACB499 
  55 0104 173977E2 		.ascii	"\0279w\342\231\225\027lx\201\363\322\356A\371\207\273"
  55      9995176C 
ARM GAS  C:\Users\mvshv\AppData\Local\Temp\ccEBcUpK.s 			page 4


  55      7881F3D2 
  55      EE41F987 
  55      BB
  56 0115 F0DCCA9F 		.ascii	"\360\334\312\237l\370\005\347\225\235j\276\205\363\016"
  56      6CF805E7 
  56      959D6ABE 
  56      85F30E
  57 0124 A4565EB5 		.ascii	"\244V^\265\341\227\234go\351\203\203\363^,\376\3617"
  57      E1979C67 
  57      6FE98383 
  57      F35E2CFE 
  57      F137
  58 0136 5C48BE27 		.ascii	"\\H\276'\260\341\315\2102\304\336\224}\257~\217G\376"
  58      B0E1CD88 
  58      32C4DE94 
  58      7DAF7E8F 
  58      47FE
  59 0148 6D7E459E 		.ascii	"m~E\236\232\230\221\347\374\201\240\"\217\216\015\373"
  59      9A9891E7 
  59      FC81A022 
  59      8F8E0DFB 
  60 0158 BCBC1FEA 		.ascii	"\274\274\037\352\013\205d%8\353\363\216O+\001\317$|"
  60      0B856425 
  60      38EBF38E 
  60      4F2B01CF 
  60      247C
  61 016a 0309F0C3 		.ascii	"\003\011\360\303)"
  61      29
  62              		.text
  63              		.section	.gnu.lto_irqDeinit.fb69f745,"",%progbits
  64 0000 789C7DD2 		.ascii	"x\234}\322\315K\002A\024\000\360\367vj]\255\350XP\340"
  64      CD4B0241 
  64      1400F0F7 
  64      766A5DAD 
  64      E85850E0 
  65 0014 352F2E68 		.ascii	"5/.h\321?Qt\250{D\227\202\302p=x\333\351S\373 \012J"
  65      D13F5174 
  65      A87B4497 
  65      82C2703D 
  65      78DBE953 
  66 002c 0916B42E 		.ascii	"\011\026\264.y\010\"\312l-k\263S\205\036\"\010\352T"
  66      790822CA 
  66      6C2D6BB3 
  66      53851E22 
  66      08EA54
  67 003f 621058A7 		.ascii	"b\020X\247 (\372\230u\242=\265\217\371x\314\233\337"
  67      2028FA98 
  67      75A23DB5 
  67      8FF978CC 
  67      9BDF
  68 0051 CC614604 		.ascii	"\314aF\004\000\267\000\320\311\346\026\326\221\000\012"
  68      00B700D0 
  68      C9E616D6 
  68      91000A
  69 0060 4B458071 		.ascii	"KE\200qI@4\023*!\250\002\252\270@V\010\346#\217\272"
  69      49403413 
  69      2A21A802 
ARM GAS  C:\Users\mvshv\AppData\Local\Temp\ccEBcUpK.s 			page 5


  69      AAB84056 
  69      08E6238F 
  70 0075 E0D9A42C 		.ascii	"\340\331\244,\214\370u\343\014\235n\326\010@\214u3p"
  70      8CF875E3 
  70      0C9D6ED6 
  70      08408C75 
  70      3370
  71 0087 173DC0B6 		.ascii	"\027=\300\266=\354|\2556\2105|\035\367P\004d\311\366"
  71      3DEC7CAD 
  71      3688357C 
  71      1DF75004 
  71      64C9F6
  72 009a 55AD41BF 		.ascii	"U\255A\277\276#\324x\335\300\217\036'@\224\325\331%"
  72      BE23D478 
  72      DDC08F1E 
  72      274094D5 
  72      D925
  73 00ac D4805922 		.ascii	"\324\200Y\"\230\331\244\001\025\234Jf\022\244\252\330"
  73      98D9A401 
  73      159C4A66 
  73      12A4AAD8 
  74 00bc 51BA5EB9 		.ascii	"Q\272^\271s\250\237T\322\010\306\010;\006\323\250\232"
  74      73A89F54 
  74      D208C608 
  74      3B06D3A8 
  74      9A
  75 00cd 8572EAAC 		.ascii	"\205r\352\254\344\232'\032\021P\304}l\325\010\251Z\335"
  75      E49A271A 
  75      1150C47D 
  75      6CD508A9 
  75      5ADD
  76 00df FD3FCD70 		.ascii	"\375?\315pz~\021O\325s\352\300\003\213\346l\250\316"
  76      7A7E114F 
  76      D573EAC0 
  76      038BE66C 
  76      A8CE
  77 00f1 E9DCFBCD 		.ascii	"\351\334\373\315\242\304\251\204Y\213\336\333\320CN"
  77      A2C4A984 
  77      598BDEDB 
  77      D0434E
  78 0100 6385E5AC 		.ascii	"c\205\345\254\310\251\023\217,Z\266\2419N\013\353[\305"
  78      C8A9138F 
  78      2C5AB6A1 
  78      394E0BEB 
  78      5BC5
  79 0112 5FEAC263 		.ascii	"_\352\302c\213>\331\320\023NKk\345l\035\247MhX\364\331"
  79      8B3ED9D0 
  79      134E4B6B 
  79      E56C1DA7 
  79      4D6858F4 
  80 0127 869E729A 		.ascii	"\206\236r\232\2764n\035\234\266a\236\323\027\234H\276"
  80      BE346E1D 
  80      9CB6619E 
  80      D3179C48 
  80      BE
  81 0138 25B06ACD 		.ascii	"%\260j\315\2102\300\336\215}\241\016\257W\376k\001E"
  81      8832C0DE 
ARM GAS  C:\Users\mvshv\AppData\Local\Temp\ccEBcUpK.s 			page 6


  81      8D7DA10E 
  81      AF57FE6B 
  81      0145
  82 014a 1E1A1891 		.ascii	"\036\032\030\221\307\002\301\220\"\367\366u\373}|\354"
  82      C702C190 
  82      22F7F675 
  82      FB7D7CEC 
  83 015a 6A0F8765 		.ascii	"j\017\207e%4\352\367\365\017+A\357 \374\000%\227\276"
  83      2534EAF7 
  83      F50F2B41 
  83      EF20FC00 
  83      2597BE
  84 016d 5A       		.ascii	"Z"
  85              		.text
  86              		.section	.gnu.lto_.symbol_nodes.fb69f745,"",%progbits
  87 0000 789C55CB 		.ascii	"x\234U\313\315\011\2000\014\206\341\257)8\227N\226\036"
  87      CD098030 
  87      0C86E1AF 
  87      2938974E 
  87      961E
  88 0012 3A804374 		.ascii	":\200Ct\010\377\216=;\203B\347\020\323\372\011z\010"
  88      08FF8E3D 
  88      3B8342E7 
  88      10D3FA09 
  88      7A08
  89 0024 4F78433A 		.ascii	"OxC:\000\223\015d\026\005\306\0350\2260XYD\335\257\270"
  89      00930D64 
  89      1605C61D 
  89      30963058 
  89      5944DDAF 
  90 0039 55545A01 		.ascii	"UTZ\001B\350-l\242\376\033<\004\351\270\\5\323B\343"
  90      42E82D6C 
  90      A2FE1B3C 
  90      04E9B85C 
  90      35D342E3 
  91 004d F99868A6 		.ascii	"\371\230h\246\245j[\37333-4\276w\232i\375\303\015v\210"
  91      A56A5BFB 
  91      33332D34 
  91      BE779A69 
  91      FDC30D76 
  92 0062 366B     		.ascii	"6k"
  93              		.text
  94              		.section	.gnu.lto_.refs.fb69f745,"",%progbits
  95 0000 789C6363 		.ascii	"x\234cc```\004b\006\000\000D\000\010"
  95      60606004 
  95      62060000 
  95      440008
  96              		.text
  97              		.section	.gnu.lto_.decls.fb69f745,"",%progbits
  98 0000 789CAD53 		.ascii	"x\234\255S_l\024E\030\237o\347(e{@5\306`\302\303\245"
  98      5F6C1445 
  98      189F6FE7 
  98      28657B40 
  98      35C660C2 
  99 0016 2FF0C25D 		.ascii	"/\360\302][j0>\020\014\0305\261>\370/1nr\\\357\026\273"
  99      5B6A303E 
  99      100C1835 
ARM GAS  C:\Users\mvshv\AppData\Local\Temp\ccEBcUpK.s 			page 7


  99      B13EF82F 
  99      316E725C 
 100 002d C9DD2EDC 		.ascii	"\311\335.\334\356\231\3626\024%\304\222\024\223Jm\301"
 100      EE99F236 
 100      1425C492 
 100      14934A6D 
 100      C1
 101 003e 50B15110 		.ascii	"P\261Q\020\"\027\024\260\205\322\273j{\325^\355\037"
 101      221714B0 
 101      85D2BB6A 
 101      7BD55EED 
 101      1F
 102 004f ED8389F4 		.ascii	"\355\203\211\364\032\320\204D\036\200(\215\365\341\374"
 102      1AD08444 
 102      1E80288D 
 102      F5E1FC
 103 005e 6666F7EE 		.ascii	"ff\367\356\024\357\3058\331\331\331\371\315\367\375"
 103      14EFC538 
 103      D9D9D9F9 
 103      CDF7FD
 104 006d 7EBF99F9 		.ascii	"~\277\231\371\266\206\020\362\241\217\2204\020r\032"
 104      B68610F2 
 104      A18F9034 
 104      10721A
 105 007c BF8BD828 		.ascii	"\277\213\330(\216Y\354\010\221\021\"\033\206\220q\354"
 105      8E59EC08 
 105      9111221B 
 105      869071EC 
 106 008c 39EC79EC 		.ascii	"9\354y\354\263\344\301\326\0052n7\36697w\312]S\334\374"
 106      B3E4C1D6 
 106      05326E37 
 106      F6393777 
 106      CA5D53DC 
 107 00a1 FCBFE475 		.ascii	"\374\277\344uW\344\315\273y3\025y\271*z=\024\256O\236"
 107      57E4CDBB 
 107      79331579 
 107      B92A7A3D 
 107      14AE4F9E 
 108 00b5 394BBB28 		.ascii	"9K\273(lR\201;_\217\320\371\333C\177\254\225\020\217"
 108      6C52813B 
 108      5F8FD0F9 
 108      DB437FAC 
 108      95108F
 109 00c8 3890CE0E 		.ascii	"8\220\316\016\371\250\"\276W\306>\275\357\017\236c\262"
 109      F9A822BE 
 109      57C63EBD 
 109      EF0F9E63 
 109      B2
 110 00d9 D55A042E 		.ascii	"\325Z\004.\002\365\250\346\273\357\015\256\246;D\340"
 110      02F5A8E6 
 110      BBEF0DAE 
 110      A63B44E0 
 111 00e9 DC5BE913 		.ascii	"\334[\351\023\234\366a\025|8\275;\335\177s\035N\037"
 111      9CF66115 
 111      7C38BD3B 
 111      DD7F731D 
 111      4E1F
ARM GAS  C:\Users\mvshv\AppData\Local\Temp\ccEBcUpK.s 			page 8


 112 00fb 5121D043 		.ascii	"Q!\320C\225\302\217\177\376\264\016\324\315\207\031"
 112      95C28F7F 
 112      FEB40ED4 
 112      CD8719
 113 010a EB640307 		.ascii	"\353d\003\007\331\232g\011\014\301F\370\0226\022\270"
 113      D99A6709 
 113      0CC146F8 
 113      123612B8 
 114 011a 029BB9F4 		.ascii	"\002\233\271\364%\010\022\370\002\301\317\021\374\230"
 114      250812F8 
 114      02C1CF11 
 114      FC98
 115 0128 CB650A7D 		.ascii	"\313e\012}\333\373\3561\026\200aP\3412P\021\203\247"
 115      DBFBEE31 
 115      16806150 
 115      E1325011 
 115      83A7
 116 013a BC499506 		.ascii	"\274I\225\006\316\014\276{\252\206^\000\356@\271r\374"
 116      CE0CBE7B 
 116      AA865E00 
 116      EE40B972 
 116      FC
 117 014b 9771A59A 		.ascii	"\227q\245\232\306\265\352\032\347\033&\336fL\201\021"
 117      C6B5EA1A 
 117      E71B26DE 
 117      664C8111 
 118 015b D4B85AD6 		.ascii	"\324\270Z\326@I> \212B\303\331\221\321\272\002\\\007"
 118      40493E20 
 118      8A42C3D9 
 118      91D1BA02 
 118      5C07
 119 016d 3C5CA817 		.ascii	"<\\\250\027\373\007\220o\034y\027\363\242\327@\342\210"
 119      FB07906F 
 119      1C7917F3 
 119      A2D740E2 
 119      88
 120 017e 2A727043 		.ascii	"*rpC\371\304K\201\022\242\270\034\212\307+\036\227\000"
 120      F9C44B81 
 120      12A2B81C 
 120      8AC72B1E 
 120      9700
 121 0190 2A59E5BA 		.ascii	"*Y\345\272\224\363\232,;\371Q\221'!\245,V\221\362\200"
 121      94F39A2C 
 121      3BF95191 
 121      2721A52C 
 121      5691F280 
 122 01a4 57525A2E 		.ascii	"WRZ.\231*o\022\334\353^\270}\3443\377\022,\342\352k"
 122      992A6F12 
 122      DCEB5EB8 
 122      7DE433FF 
 122      122CE2EA 
 123 01b9 841CAD4D 		.ascii	"\204\034\255M\210\213\357\372u\245\033h\257,\227\361"
 123      888BEFFA 
 123      75A51B68 
 123      AF2C97F1 
 124 01c9 E27266BD 		.ascii	"\342rf\275\254\002\205\027\310\235\374\007u\262\012"
 124      AC028517 
ARM GAS  C:\Users\mvshv\AppData\Local\Temp\ccEBcUpK.s 			page 9


 124      C89DFC07 
 124      75B20A
 125 01d8 EA717AEE 		.ascii	"\352qz\356H\261g\325\206c\374\330\217\036d\365\012\354"
 125      48B167D5 
 125      8663FCD8 
 125      8F1E64F5 
 125      0AEC
 126 01ea 7E14BEC2 		.ascii	"~\024\276\302\313\030\303\313 \3605l\300\267\351\223"
 126      CB18C3CB 
 126      20F0356C 
 126      C0B7E993 
 127 01fa 62070E9D 		.ascii	"b\007\016\235\354\255k\030`\003K,S\234\012\\\315\037"
 127      ECAD6B18 
 127      60034B2C 
 127      539C0A5C 
 127      CD1F
 128 020c 62B398B7 		.ascii	"b\263\230\267C\304A\266|OY^\217\220\201%\200Q(\240\267"
 128      43C441B6 
 128      7C4F595E 
 128      8F908125 
 128      805128A0 
 129 0221 7168C0FC 		.ascii	"qh\300\374[?\337\377M\245\013\322\326\340\245\211\367"
 129      5B3FDFFF 
 129      4DA50BD2 
 129      D6E0A589 
 129      F7
 130 0232 A94B36BF 		.ascii	"\251K6\277\275\237e:\031\277q\3164Qf\232\370'SN0\035"
 130      BD9F653A 
 130      19BF71CE 
 130      3451669A 
 130      F827534E 
 131 0248 FFE1C647 		.ascii	"\377\341\306G\012-H\246\334\351\213Y\360)\2620\270Y"
 131      0A2D48A6 
 131      DCE98B59 
 131      F029B230 
 131      B859
 132 025a C4A6963F 		.ascii	"\304\246\226?\031\365\225\260o@\200w\257-\036S\252\356"
 132      19F595B0 
 132      6F408077 
 132      AF2D1E53 
 132      AAEE
 133 026c 754AECF5 		.ascii	"uJ\354\365[p7;x\341\304Y?\372[\302z\314->\321\227\276"
 133      5B70373B 
 133      78E1C459 
 133      3FFA5BC2 
 133      7ACC2D3E 
 134 0283 C50EAB22 		.ascii	"\305\016\253\"\012&\313\376&\335?\017\362\302\327\302"
 134      0A26CBFE 
 134      26DD3F0F 
 134      F2C2D7C2 
 135 0293 E2C81D4A 		.ascii	"\342\310\035JO\322\252\276z\277?5\274\266\252\205\031"
 135      4FD2AABE 
 135      7ABF3F35 
 135      BCB6AA85 
 135      19
 136 02a4 61E13BCF 		.ascii	"a\341;\317\302\300\357\313\215\256\203\225\307\372\331"
 136      C2C0EFCB 
ARM GAS  C:\Users\mvshv\AppData\Local\Temp\ccEBcUpK.s 			page 10


 136      8DAE8395 
 136      C7FAD9
 137 02b3 98C20360 		.ascii	"\230\302\003`\272\254>\355\251\317\012\365\376\316\364"
 137      BAAC3EED 
 137      A9CF0AF5 
 137      FECEF4
 138 02c2 8D1AFF3B 		.ascii	"\215\032\377;\245\177M\230\365~7\002s\340\027\3018b"
 138      A57F4D98 
 138      F57E3702 
 138      73E017C1 
 138      3862
 139 02d4 F07BC5E5 		.ascii	"\360{\305\345\233\253*\203g\376\026<\357\006\363\261"
 139      9BAB2A83 
 139      67FE163C 
 139      EF06F3B1 
 140 02e4 25180C95 		.ascii	"%\030\014\225\036\313\016\265G\342\241\275V\322\261"
 140      1ECB0EB5 
 140      47E2A1BD 
 140      56D2B1
 141 02f3 432FBDDC 		.ascii	"C/\275\334\272\265Y\276\237o\351\350\010\331Nbks\330"
 141      BAB559BE 
 141      9F6FE9E8 
 141      08D94E62 
 141      6B73D8
 142 0306 B093C168 		.ascii	"\260\223\301h\3553/\274\022\330\331\324D\324p8e\230"
 142      ED332FBC 
 142      12D8D9D4 
 142      44D47038 
 142      6598
 143 0318 0EE2CE9E 		.ascii	"\016\342\316\236\350\223Z\264\335h3l'\0253,\315\261"
 143      E8935AB4 
 143      DD68336C 
 143      2715332C 
 143      CDB1
 144 032a ACB8ADBD 		.ascii	"\254\270\255\275a\246\002\342+\020I&\002z\242M\217\305"
 144      61A602E2 
 144      2B104926 
 144      027AA24D 
 144      8FC5
 145 033c F498B62D 		.ascii	"\364\230\266-\330\030hnl\332\266\257EC|\213i\231\372"
 145      D818686E 
 145      6CDAB6AF 
 145      45437C8B 
 145      6999FA
 146 034f 163DD266 		.ascii	"\026=\322fh\206\031\215\247b\272\226\210 \227\251k\341"
 146      6886198D 
 146      A762BA96 
 146      882097A9 
 146      6BE1
 147 0361 98BE2792 		.ascii	"\230\276'\222\212;ag\377^\335\016\266\223ZO\357\365"
 147      8A3B6167 
 147      FF5EDD0E 
 147      B6935A4F 
 147      EFF5
 148 0373 FF55CFDE 		.ascii	"\377U\317\336oka\333\211!9\212\2546\222\373\2363\015"
 148      6F6B61DB 
 148      8921398A 
ARM GAS  C:\Users\mvshv\AppData\Local\Temp\ccEBcUpK.s 			page 11


 148      AC3692FB 
 148      9E330D
 149 0386 E7F1FF72 		.ascii	"\347\361\377r8d\015f\357\322\015\314\2577\3374\242O"
 149      38640D66 
 149      EFD20DCC 
 149      AF37DF34 
 149      A24F
 150 0398 9B91B6B8 		.ascii	"\233\221\266\270\376\252\036u\254d\260*a\324J$,3\364"
 150      FEAA1E75 
 150      AC64B02A 
 150      61D44A24 
 150      2C33F4
 151 03ab D48BAD3B 		.ascii	"\324\213\255;[;B<\017}<\304\307]\206]&\370\013R\017"
 151      5B3B423C 
 151      0F7D3CC4 
 151      C75D865D 
 151      26F80B52 
 152 03c0 D8E7     		.ascii	"\330\347"
 153              		.text
 154              		.section	.gnu.lto_.symtab.fb69f745,"",%progbits
 155 0000 69727149 		.ascii	"irqInit\000"
 155      6E697400 
 156 0008 00       		.ascii	"\000"
 157 0009 00       		.ascii	"\000"
 158 000a 00       		.ascii	"\000"
 159 000b 00000000 		.ascii	"\000\000\000\000\000\000\000\000"
 159      00000000 
 160 0013 C5000000 		.ascii	"\305\000\000\000"
 161 0017 69727144 		.ascii	"irqDeinit\000"
 161      65696E69 
 161      7400
 162 0021 00       		.ascii	"\000"
 163 0022 00       		.ascii	"\000"
 164 0023 00       		.ascii	"\000"
 165 0024 00000000 		.ascii	"\000\000\000\000\000\000\000\000"
 165      00000000 
 166 002c C7000000 		.ascii	"\307\000\000\000"
 167 0030 6E766963 		.ascii	"nvicEnableVector\000"
 167      456E6162 
 167      6C655665 
 167      63746F72 
 167      00
 168 0041 00       		.ascii	"\000"
 169 0042 02       		.ascii	"\002"
 170 0043 00       		.ascii	"\000"
 171 0044 00000000 		.ascii	"\000\000\000\000\000\000\000\000"
 171      00000000 
 172 004c CC000000 		.ascii	"\314\000\000\000"
 173 0050 6E766963 		.ascii	"nvicDisableVector\000"
 173      44697361 
 173      626C6556 
 173      6563746F 
 173      7200
 174 0062 00       		.ascii	"\000"
 175 0063 02       		.ascii	"\002"
 176 0064 00       		.ascii	"\000"
 177 0065 00000000 		.ascii	"\000\000\000\000\000\000\000\000"
ARM GAS  C:\Users\mvshv\AppData\Local\Temp\ccEBcUpK.s 			page 12


 177      00000000 
 178 006d D0000000 		.ascii	"\320\000\000\000"
 179              		.text
 180              		.section	.gnu.lto_.opts,"",%progbits
 181 0000 272D666D 		.ascii	"'-fmath-errno' '-fsigned-zeros' '-ftrapping-math' '"
 181      6174682D 
 181      6572726E 
 181      6F272027 
 181      2D667369 
 182 0033 2D666E6F 		.ascii	"-fno-trapv' '-fno-openmp' '-fno-openacc' '-mcpu=cor"
 182      2D747261 
 182      70762720 
 182      272D666E 
 182      6F2D6F70 
 183 0066 7465782D 		.ascii	"tex-m4' '-mno-thumb-interwork' '-mthumb' '-O2' '-fo"
 183      6D342720 
 183      272D6D6E 
 183      6F2D7468 
 183      756D622D 
 184 0099 6D69742D 		.ascii	"mit-frame-pointer' '-falign-functions=16' '-ffuncti"
 184      6672616D 
 184      652D706F 
 184      696E7465 
 184      72272027 
 185 00cc 6F6E2D73 		.ascii	"on-sections' '-fdata-sections' '-fno-common' '-flto"
 185      65637469 
 185      6F6E7327 
 185      20272D66 
 185      64617461 
 186 00ff 2700     		.ascii	"'\000"
 187              		.text
 188              		.comm	__gnu_lto_v1,1,1
 189              		.comm	__gnu_lto_slim,1,1
 190              		.ident	"GCC: (GNU Tools for Arm Embedded Processors 7-2017-q4-major) 7.2.1 20170904 (release) [ARM
ARM GAS  C:\Users\mvshv\AppData\Local\Temp\ccEBcUpK.s 			page 13


DEFINED SYMBOLS
                            *ABS*:00000000 stm32_isr.c
                            *COM*:00000001 __gnu_lto_v1
                            *COM*:00000001 __gnu_lto_slim

NO UNDEFINED SYMBOLS
