ARM GAS  C:\Users\mvshv\AppData\Local\Temp\ccmRf1jQ.s 			page 1


   1              		.cpu cortex-m4
   2              		.eabi_attribute 20, 1
   3              		.eabi_attribute 21, 1
   4              		.eabi_attribute 23, 3
   5              		.eabi_attribute 24, 1
   6              		.eabi_attribute 25, 1
   7              		.eabi_attribute 26, 1
   8              		.eabi_attribute 30, 2
   9              		.eabi_attribute 34, 1
  10              		.eabi_attribute 18, 4
  11              		.file	"board.c"
  12              		.section	.gnu.lto_.profile.d61221,"",%progbits
  13 0000 789C6363 		.ascii	"x\234cc```\001bF\206d?\000\001\214\000\275"
  13      60606001 
  13      62468664 
  13      3F00018C 
  13      00BD
  14              		.text
  15              		.section	.gnu.lto_.icf.d61221,"",%progbits
  16 0000 789C6363 		.ascii	"x\234cc``\020a@\000f\206\333\247v\036\344`\354^\265"
  16      60601061 
  16      40006686 
  16      DBA7761E 
  16      E460EC5E 
  17 0015 E3121353 		.ascii	"\343\022\023SSC\353&>\006\000^8\010P"
  17      5343EB26 
  17      3E06005E 
  17      380850
  18              		.text
  19              		.section	.gnu.lto_.jmpfuncs.d61221,"",%progbits
  20 0000 789C6363 		.ascii	"x\234cc``\340e@\000f f\0041\230\200\030\000\002H\000"
  20      6060E065 
  20      40006620 
  20      66043198 
  20      80180002 
  21 0016 1A       		.ascii	"\032"
  22              		.text
  23              		.section	.gnu.lto_.inline.d61221,"",%progbits
  24 0000 789C6363 		.ascii	"x\234cc``pg@\000f\006\2063\014\247\031\030\031\230&"
  24      60607067 
  24      40006606 
  24      86330CA7 
  24      19181998 
  25 0015 315EF8C2 		.ascii	"1^\370\302\301\300\266@\236\011$\316\310\300*\006\024"
  25      C1C0B640 
  25      9E0924CE 
  25      C8C02A06 
  25      14
  26 0026 04B2E022 		.ascii	"\004\262\340\"\\0\202\211\201\231\011U\216\001\000e"
  26      5C308289 
  26      81990955 
  26      8E010065 
  27 0036 9306DE   		.ascii	"\223\006\336"
  28              		.text
  29              		.section	.gnu.lto_.pureconst.d61221,"",%progbits
  30 0000 789C6363 		.ascii	"x\234cc```\007bf\006)F\011&\006\000\001\235\000F"
  30      60606007 
ARM GAS  C:\Users\mvshv\AppData\Local\Temp\ccmRf1jQ.s 			page 2


  30      62660629 
  30      46092606 
  30      00019D00 
  31              		.text
  32              		.section	.gnu.lto_stm32_gpio_init.d61221,"",%progbits
  33 0000 789CA59A 		.ascii	"x\234\245\232\375OT\331\031\307\357s\317\314\000\"\270"
  33      FD4F54D9 
  33      19C7EF73 
  33      CFCC0022 
  33      B8
  34 0011 DB9F4CBB 		.ascii	"\333\237L\273I\371\241\373\3036\251$\333&M\372S\223"
  34      49F9A1FB 
  34      C336A924 
  34      DB264DFA 
  34      5393
  35 0023 7637699A 		.ascii	"v7i\232\266I\3354\355\017\315fw\333n7i\352f\367\017"
  35      B649DD34 
  35      ED0FCD66 
  35      77DB6E37 
  35      69EA66F7 
  36 0038 F002A382 		.ascii	"\360\002\243\202\370\202\312\3530\310  /#\216\256\012"
  36      F882CAEB 
  36      30C82020 
  36      2F238EAE 
  36      0A
  37 0049 020B8CE0 		.ascii	"\002\013\214\340\260\370\002*\016\350\312\313\362\""
  37      B0F8022A 
  37      0EE8CACB 
  37      F222
  38 0057 20F2A682 		.ascii	" \362\246\202./\302\364\234\347\2363\314\235;C9`dd\206"
  38      2E2FC2F4 
  38      9CE79E33 
  38      CC9D3B43 
  38      39606464 
  39 006c B99FEF73 		.ascii	"\271\237\357s\236s>\017r\325\246(J\311O\024\345}\372"
  39      9E733E0F 
  39      72D5A628 
  39      4AC94F14 
  39      E57DFA
  40 007f E78FE807 		.ascii	"\347\217\350\007\020\005\324\254.EI\211U\001\330'Z,"
  40      1005D4AC 
  40      2E454989 
  40      5501D827 
  40      5A2C
  41 0091 28FB55D8 		.ascii	"(\373U\330\017GH6\201\326C\343\365\352;\025\032\375"
  41      0F474836 
  41      81D643E3 
  41      F5EA3B15 
  41      1AFD
  42 00a3 E5CD5BD8 		.ascii	"\345\315[\330Q\244\335\325\210\223(J.\375`\277\340\022"
  42      51A4DDD5 
  42      8893284A 
  42      2EFD60BF 
  42      E012
  43 00b5 BCA3D0F7 		.ascii	"\274\243\320\367\215\\\\\313I\260Y\364\327\3412\330"
  43      8D5C5CCB 
  43      49B059F4 
ARM GAS  C:\Users\mvshv\AppData\Local\Temp\ccmRf1jQ.s 			page 3


  43      D7E132D8 
  44 00c5 14A09F78 		.ascii	"\024\240\237x\272\255^m-pH\363\366\227A\336\037\177"
  44      BAAD5E6D 
  44      2D7048F3 
  44      F69741DE 
  44      1F7F
  45 00d7 0F8A9380 		.ascii	"\017\212\223\200\312\036\010{\260\260\007+{\260\261"
  45      CA1E087B 
  45      B0B0072B 
  45      7BB0B1
  46 00e6 074549A7 		.ascii	"\007EI\247W\323\0324\257\222AT\366Y\232Wy\012\255\015"
  46      57D31A34 
  46      AF924154 
  46      F6599A57 
  46      790AAD0D 
  47 00fa 93CDFF64 		.ascii	"\223\315\377dL\007\001\032\225{\240\365NL&\255B\005"
  47      4C07011A 
  47      957BA0F5 
  47      4E4C26AD 
  47      4205
  48 010c 966C2FF2 		.ascii	"\226l/\362\215\307\351O\265g\351\232\205\276\324\327"
  48      8DC7E94F 
  48      B567E99A 
  48      85BED4D7 
  49 011c 38326873 		.ascii	"82hs\301\351\024Zu\222\223\020\250\205\267\340\012\274"
  49      C1E9145A 
  49      75929310 
  49      A885B7E0 
  49      0ABC
  50 012e A5B0F74F 		.ascii	"\245\260\367O=\276\321\224\230\\\243\331\301I,P\007"
  50      3DBED194 
  50      985CA3D9 
  50      C1492C50 
  50      07
  51 013f 2EC8C1B5 		.ascii	".\310\301\265\300UH\246ai\213\007A\317R\365\270\254"
  51      C05548A6 
  51      61698B07 
  51      41CF52F5 
  51      B8AC
  52 0151 9E5B472D 		.ascii	"\236[G-\214\017\020 PO)\264\"\377a|\223\\V\303zV#$\323"
  52      8C0F1020 
  52      504F29B4 
  52      22FF617C 
  52      935C56C3 
  53 016a 00465A88 		.ascii	"\000FZ\210\225\002\245\260\257Y\340\353uT\023$\2076"
  53      9502A5B0 
  53      AF59E0EB 
  53      75541324 
  53      8736
  54 017c C5020A34 		.ascii	"\305\002\0124\353E6T\265X\365\245\020\271B[\220\316"
  54      EB453654 
  54      B558F5A5 
  54      10B9425B 
  54      90CE
  55 018e 3610BC61 		.ascii	"6\020\274aM\261P\330\266\232pm\235\335\312\232`\301"
  55      4DB150D8 
  55      B69A706D 
ARM GAS  C:\Users\mvshv\AppData\Local\Temp\ccmRf1jQ.s 			page 4


  55      9DDDCA9A 
  55      60C1
  56 01a0 4AE374BA 		.ascii	"J\343t\272U\216\325\206,\225\261\256\207\325\311`\333"
  56      558ED586 
  56      2C95B1AE 
  56      87D5C960 
  56      DB
  57 01b1 AAD3B7CE 		.ascii	"\252\323\267\316ngu\332\224qHM\342\234{\366\013N\302"
  57      6E6775DA 
  57      9471484D 
  57      E29C7BF6 
  57      0B4EC2
  58 01c4 BA6D0576 		.ascii	"\272m\005v\336\236w:F\023\331S\033$\321\247\231c\225"
  58      DE9E773A 
  58      4613D953 
  58      1B24D1A7 
  58      996395
  59 01d7 292AF915 		.ascii	")*\371\025\236\316\332\347y5\360v\251\246\245j\336^"
  59      9ECEDAE7 
  59      7935F076 
  59      A9A6A56A 
  59      DE5E
  60 01e9 F70F4BD2 		.ascii	"\367\017K\322\264\016\315\342$1p\003\010u\005:h\001"
  60      B40ECDE2 
  60      24317003 
  60      0875053A 
  60      6801
  61 01fb DFB00258 		.ascii	"\337\260\002X\320Mx\233^\262\3207\322\005\214\026\003"
  61      D04D789B 
  61      5EB2D037 
  61      D2058C16 
  61      03
  62 020c 9A460F34 		.ascii	"\232F\0174\334\242_\247\341\256\000\355\233\236?\271"
  62      DCA25FA7 
  62      E1AE00ED 
  62      9B9E3FB9 
  63 021c E699B090 		.ascii	"\346\231\260\220_cB\240\271\370\245\305\234\020\013"
  63      5F6342A0 
  63      B9F8A5C5 
  63      9C100B
  64 022b B7232474 		.ascii	"\267#$tbB\360\260\304!!m\271e>q\377\252\266\233\276"
  64      6242F0B0 
  64      C421216D 
  64      B9653E71 
  64      FFAAB69B 
  65 0240 E062878A 		.ascii	"\340b\207\212\276\266to&=\236u\352\015'\331\001w\350"
  65      BEB6746F 
  65      263D9E75 
  65      EA0D27D9 
  65      0177E8
  66 0253 38E8E26D 		.ascii	"8\350\342mjs\004\236\355\244m\312\3224\227'\367\257"
  66      6A73049E 
  66      EDA46DCA 
  66      D2349727 
  66      F7AF
  67 0265 4E120F77 		.ascii	"N\022\017w\261W\374\312\225\362\223\265\261\224\226"
  67      B157FCCA 
ARM GAS  C:\Users\mvshv\AppData\Local\Temp\ccmRf1jQ.s 			page 5


  67      95F293B5 
  67      B19496
  68 0274 4FBF9EC8 		.ascii	"O\277\236\310\352\270\007\311\372@\350\206\375\372v"
  68      EAB807C9 
  68      FA40E886 
  68      FDFA76
  69 0283 14F55442 		.ascii	"\024\365TBpf\330q\266\014\236\263\261\342X\013p|\344"
  69      7066D871 
  69      B60C9EB3 
  69      B1E2580B 
  69      707CE4
  70 0296 12081D2B 		.ascii	"\022\010\035+p\037l\340g\020?6 \270\202\030|\333\015"
  70      701F6CE0 
  70      67103F36 
  70      20B88218 
  70      7CDB0D
  71 02a9 47D300A1 		.ascii	"G\323\000\241\325\322\235\333\311\332\005=\274\330+"
  71      D5D29DDB 
  71      C9DA053D 
  71      BCD82B
  72 02b8 2BBEC158 		.ascii	"+\276\301X\335\033WE\316n\266\261\275X\254\216T\340"
  72      DD1B5745 
  72      CE6EB6B1 
  72      BD58AC8E 
  72      54E0
  73 02ca 01DAE399 		.ascii	"\001\332\343\231\256_J\320\035W\340\241855\264L\236"
  73      AE5F4AD0 
  73      1D57E0A1 
  73      383535B4 
  73      4C9E
  74 02dc B7A9808F 		.ascii	"\267\251\200\217\031\376[\304[9\376\021\342{\012\026"
  74      19FE5BC4 
  74      5B39FE11 
  74      E27B0A16 
  75 02ec 7B543E42 		.ascii	"{T>B\036\254\005vA\237\210h\332JD?F\330x\304\000F,U"
  75      1EAC0576 
  75      419F8868 
  75      DA4A443F 
  75      46D878C4 
  76 0304 AC6525EA 		.ascii	"\254e%\352\021~\315N\017\315\240\210\350\334J\304w\030"
  76      117ECD4E 
  76      0FCDA088 
  76      E8DC4AC4 
  76      7718
  77 0316 11C32386 		.ascii	"\021\303#\2060\242|y\345\031\341\253\240\223pX\004\014"
  77      30A27C79 
  77      E519E1AB 
  77      A0937058 
  77      040C
  78 0328 6C256004 		.ascii	"l%`\004\003by\300(\006\024\346\317y\371\0324\355a\265"
  78      036279C0 
  78      280614E6 
  78      CF79F91A 
  78      34ED61B5 
  79 033c 151E8B88 		.ascii	"\025\036\213\210\231\255D\214aD\034\217\030\307\210"
  79      99AD448C 
  79      61441C8F 
ARM GAS  C:\Users\mvshv\AppData\Local\Temp\ccmRf1jQ.s 			page 6


  79      18C788
  80 034b C5AF1C2D 		.ascii	"\305\257\034-;y\204\377\2470!\002V\267\022\360\004\003"
  80      3B7984FF 
  80      A7302102 
  80      56B712F0 
  80      0403
  81 035d 76F08049 		.ascii	"v\360\200I\014H\033\362\035\003\021\220\332\243\302"
  81      0C481BF2 
  81      1D031190 
  81      DAA3C2
  82 036c 532EAF27 		.ascii	"S.\257'\027\345\305\003\036\034%\354\310+\241\203Ej"
  82      17E5C503 
  82      1E1C25EC 
  82      C82BA183 
  82      456A
  83 037e 5C4CA1CC 		.ascii	"\\L\241\314\216\326\225\2668>.\322\331\270\2306&\312"
  83      8ED695B6 
  83      383E2ED2 
  83      D9B89836 
  83      26CA
  84 0390 8E8819A4 		.ascii	"\216\210\031\244\376\377\2310\033e&4\3523a\016\233\023"
  84      FEFF9930 
  84      1B652634 
  84      EA33610E 
  84      9B13
  85 03a2 1F65263C 		.ascii	"\037e&<\0233\341\371\0063\341\025\235\011\264\032\266"
  85      1333E1F9 
  85      0633E115 
  85      9D09B41A 
  85      B6
  86 03b3 CE8833E1 		.ascii	"\316\2103\341\005m\340<\203\314\343*\257u/.[\305\306"
  86      056DE03C 
  86      83CCE32A 
  86      AF752F2E 
  86      5BC5C6
  87 03c6 4D876C5C 		.ascii	"M\207l\\G~qW\274q\010,\210!\360\202]\377\022\267\256"
  87      477E7157 
  87      BC71082C 
  87      8821F082 
  87      5DFF12B7 
  88 03db 7DB8D411 		.ascii	"}\270\324\021\247o\235\327\002\257\014S@\"\001\217\306"
  88      A76F9DD7 
  88      02AF0C53 
  88      4022018F 
  88      C6
  89 03ec F7620A20 		.ascii	"\367b\012 \177\021\371\003\035U\356\240?\001:\005\226"
  89      7F11F903 
  89      1D55EEA0 
  89      3F013A05 
  89      96
  90 03fd 0C534036 		.ascii	"\014S@6bYL\001\214X\301\210\023g\357\374LO\3109\354"
  90      62594C01 
  90      8C58C188 
  90      1367EFFC 
  90      4C4FC839 
  91 0412 A302BD36 		.ascii	"\243\002\2756\014\001\331\204U1\0040a\215n\231\321y"
  91      0C01D984 
ARM GAS  C:\Users\mvshv\AppData\Local\Temp\ccmRf1jQ.s 			page 7


  91      55310430 
  91      618D6E99 
  91      D179
  92 0424 595E4038 		.ascii	"Y^@8\217<Me\025O\367zfm\302y-\011R\324P\345e\023RU\256"
  92      8F3C4D65 
  92      154FF77A 
  92      666DC279 
  92      2D0952D4 
  93 043f 3C26A461 		.ascii	"<&\244aB\335\254\273\216\317v\257\002v5\324xY\376\001"
  93      42DDACBB 
  93      8ECF76AF 
  93      027635D4 
  93      7859FE01 
  94 0453 951B8FFC 		.ascii	"\225\033\217\374\203\310\327f\257kV\276\202kIpH\325"
  94      83C8D766 
  94      AF6B56BE 
  94      826B4970 
  94      48D5
  95 0465 ED6BE4BE 		.ascii	"\355k\344\276O\031|\237\331\216\357\351*33\273\265\300"
  95      4F197C9F 
  95      D98EEFE9 
  95      2A3333BB 
  95      B5C0
  96 0477 9FC07DCF 		.ascii	"\237\300}\317b\276g\030\023e}?\254n\316\367L5\262\357"
  96      62BE6718 
  96      13657D3F 
  96      AC6ECEF7 
  96      4C35B2EF 
  97 048b 13BAEF47 		.ascii	"\023\272\357G\2605;\243\370~T\345\276\037S\243\373\336"
  97      B0353BA3 
  97      F87E54E5 
  97      BE1F53A3 
  97      FBDE
  98 049d 556363D5 		.ascii	"Ucc\325\260uF\364\375\270j\203,\225B\350\003}\275\241"
  98      B07546F4 
  98      FDB86A83 
  98      2C9542E8 
  98      037DBDA1 
  99 04b1 F4C97870 		.ascii	"\364\311xpP\323&\004\267\255\257\257\376\321.\243\357"
  99      50D32604 
  99      B7ADAFAF 
  99      FED12EA3 
  99      EF
 100 04c2 2754EEFB 		.ascii	"'T\356\373qv\375IZ\215\361\273\274\004\021\017\302)"
 100      7176FD49 
 100      5A8DF1BB 
 100      BC04110F 
 100      C229
 101 04d4 95FB8DBC 		.ascii	"\225\373\215\274l\3123\312,\313\313Q\271\314\310\313"
 101      6CCA33CA 
 101      2CCBCB51 
 101      B9CCC8CB 
 102 04e4 C583957A 		.ascii	"\305\203\225z*\327\276\203\177K\257\316>c\205<5\324"
 102      2AD7BE83 
 102      7F4BAFCE 
 102      3E63853C 
 102      35D4
ARM GAS  C:\Users\mvshv\AppData\Local\Temp\ccmRf1jQ.s 			page 8


 103 04f6 66D9887C 		.ascii	"f\331\210|\225\333\214\021\005j\270\315\262<\207\312"
 103      95DB8C11 
 103      056AB8CD 
 103      B23C87CA 
 104 0506 6D465E21 		.ascii	"mF^!\226\354>>\224\021\027\264Y\263\201\323\240\263"
 104      96EC3E3E 
 104      941117B4 
 104      59B381D3 
 104      A0B3
 105 0518 6C4491D0 		.ascii	"lD\221\320\031#Nc\304\343\305\213\267\343y\304\221\335"
 105      19234E63 
 105      C4E3C58B 
 105      B7E379C4 
 105      91DD
 106 052a 506CF059 		.ascii	"Pl\360Y6\300%|\306\200\022\014\250\036\177]\317\307"
 106      36C0257C 
 106      C680120C 
 106      A81E7F5D 
 106      CFC7
 107 053c 748A96FA 		.ascii	"t\212\226\372&\234\341zMp\241\331\351\\\027\372\260"
 107      269CE17A 
 107      4D70A1D9 
 107      E95C17FA 
 107      B0
 108 054d BA0DA14B 		.ascii	"\272\015\241KQ\275twv)\341B\3473\241\313\214\211\262"
 108      51BD7477 
 108      7629E142 
 108      E733A1CB 
 108      8C89B2
 109 0560 42976F52 		.ascii	"B\227oR\350\263Q\204\236\327\205\256\300\336$D\021\272"
 109      E8B35184 
 109      9ED785AE 
 109      C0DE2444 
 109      11BA
 110 0572 52085DB5 		.ascii	"R\010]\265\201\320\343ThZ\015[gD\241\253\251\320n\326"
 110      81D0E354 
 110      685A0D5B 
 110      6744A1AB 
 110      A9D06ED6 
 111 0586 7937EEDB 		.ascii	"y7\356\333\303W\236\233\011b\337\312B\366\315\235\341"
 111      C3579E9B 
 111      0962DFCA 
 111      42F6CD9D 
 111      E1
 112 0597 6F0A13FA 		.ascii	"o\012\023\372\234\020\272\232]_c\022Z\202\210'\341\274"
 112      9C10BA9A 
 112      5D5F6312 
 112      5A828827 
 112      E1BC
 113 05a9 101A791E 		.ascii	"\020\032y\036\223\320\262\274\013Bh\344]\304\223\325"
 113      93D0B2BC 
 113      0B4268E4 
 113      5DC493D5 
 114 05b9 B6DA7E30 		.ascii	"\266\332~0F?Y=.\372W\303\257\014>\313&\\\022>c\302e"
 114      463F593D 
 114      2EFA57C3 
 114      AF0C3ECB 
ARM GAS  C:\Users\mvshv\AppData\Local\Temp\ccmRf1jQ.s 			page 9


 114      265C123E 
 115 05d0 4CA8F277 		.ascii	"L\250\362w>\345##\360c\270\242\206\372-\313\257\025"
 115      3EE52323 
 115      F063B8A2 
 115      86FA2DCB 
 115      AF15
 116 05e2 7E23BF2E 		.ascii	"~#\277.\264\3033[\341]\0252#\257>\224\267\272\025^\203"
 116      B4C3335B 
 116      E15D1532 
 116      23AF3E94 
 116      B7BA155E 
 117 05f7 7017798D 		.ascii	"p\027y\215\270\376\261\256\027\363|\375T\225J+|\315"
 117      B8FEB1AE 
 117      17F37CFD 
 117      54954A2B 
 117      7CCD
 118 0609 559AE7F2 		.ascii	"U\232\347\362\226\032\344-\337\216\274M\250Y\237\247"
 118      961AE42D 
 118      DF8EBC4D 
 118      A8599FA7 
 119 0619 732A96CB 		.ascii	"s*\226\313\353b\3626\033\023e\345m\331\244\274\336("
 119      EB62F236 
 119      1B1365E5 
 119      6DD9A4BC 
 119      DE28
 120 062b F2067479 		.ascii	"\362\006ty\257as\022\243\310\333*\344m\333@\3365*/\255"
 120      AF617312 
 120      A3C8DB2A 
 120      E46DDB40 
 120      DE352A2F 
 121 0640 86AD33A2 		.ascii	"\206\2553\242\274\327\251\274>\326z\037n\\\231\347b"
 121      BCD7A9BC 
 121      3ED67A1F 
 121      6E5C99E7 
 121      62
 122 0651 21888D6B 		.ascii	"!\210\215k\016\331\270\223\227\374\1777\272\333.\334"
 122      0ED9B893 
 122      97FC7F37 
 122      BADB2EDC 
 123 0661 BDCE2EFF 		.ascii	"\275\316.\377\306\344\356\346\201x\020:\204\272\210"
 123      C6E4EEE6 
 123      8178103A 
 123      84BA88
 124 0670 BB615257 		.ascii	"\273aRW\022wS\230\213\270[\241\325un\001w[h\212\270"
 124      12775398 
 124      8BB85BA1 
 124      D5756E01 
 124      775B688A 
 125 0685 4ED3B75D 		.ascii	"N\323\267]I\\\227\260\022qwLVJ\342\356\012)\021w\317"
 125      495C97B0 
 125      1271774C 
 125      564AE2EE 
 125      0A291177 
 126 069a 24A524AE 		.ascii	"$\245$\256[8\211\270\373\024g\347:\004\270\200M\006"
 126      5B3889B8 
 126      FB1467E7 
 126      3A04B880 
ARM GAS  C:\Users\mvshv\AppData\Local\Temp\ccmRf1jQ.s 			page 10


 126      4D06
 127 06ac 015BB623 		.ascii	"\001[\266#\240\037U\271[1\221n\345\002V2\001{\214\211"
 127      A01F55B9 
 127      5B31916E 
 127      E5025632 
 127      017B8C89 
 128 06c0 B202F66E 		.ascii	"\262\002\366nR\300\007Q\004t\347\241\200\017\261\023"
 128      52C00751 
 128      0474E7A1 
 128      800FB113 
 129 06d0 BBA208F8 		.ascii	"\273\242\010\370\255\020\360\321\006\002\366\236\267"
 129      AD10F0D1 
 129      0602F69E 
 129      B7
 130 06dd B16AD83A 		.ascii	"\261j\330:#\012\330G\005\354g}\356\307M\262\347\025"
 130      230AD847 
 130      05EC677D 
 130      EEC74DB2 
 130      E715
 131 06ef 77077F8A 		.ascii	"w\007\177\212\351\011\331$\227\375L\177\234\321\300"
 131      E909D924 
 131      97FD4C7F 
 131      9CD1C0
 132 06fe 0161601F 		.ascii	"\001a`\037\273~\320d\240\004Q\277]$\024D\336\220IAY"
 132      BB7ED064 
 132      A00451BF 
 132      5D241444 
 132      DE904941 
 133 0713 DEB07010 		.ascii	"\336\260p\020y#&\007ey\243BB\344=6I(\313\033\023\026"
 133      79232607 
 133      6579A342 
 133      42E43D36 
 133      4928CB1B 
 134 0729 226FDC64 		.ascii	"\"o\334d\241,oBh\210\274'&\015ey\223\302C\344=\345<"
 134      A12C6F42 
 134      6888BC27 
 134      260D6579 
 134      93C243E4 
 135 0740 66853B4F 		.ascii	"f\205;O\367\320o\360\260w;\036N\2411\247^V\014\013\017"
 135      F7D06FF0 
 135      B0773B1E 
 135      4EA131A7 
 135      5E560C0B 
 136 0755 2FE06D28 		.ascii	"/\340m(\325\220(}\033j\223\036\316F\361\260N\367p\016"
 136      D590287D 
 136      1B6A931E 
 136      CE46F1B0 
 136      4EF7700E 
 137 0769 3BF146B4 		.ascii	";\361F\264\333P\302\303\347\033x8K=\244\325\260uF\276"
 137      DB50C2C3 
 137      E71B7838 
 137      4B3DA4D5 
 137      B07546BE 
 138 077d 0D453D9C 		.ascii	"\015E=\234g}\236\307]\252\355/\361\007\207\345t\310"
 138      677D9EC7 
 138      5DAAED2F 
 138      F10787E5 
ARM GAS  C:\Users\mvshv\AppData\Local\Temp\ccmRf1jQ.s 			page 11


 138      74C8
 139 078f 2ED555DF 		.ascii	".\325U\337\237Q\303nC\011\017_\260\353_\232<\224 \342"
 139      9F51C36E 
 139      43090F5F 
 139      B0EB5F9A 
 139      3C9420E2 
 140 07a3 BEBF121E 		.ascii	"\276\277\022\036\"\357{\223\207\262\274E\341!\362\226"
 140      22EF7B93 
 140      87B2BC45 
 140      E121F296 
 141 07b3 4C1ECAF2 		.ascii	"L\036\312\362\226\205\207\310[1y(\313{-<D\336\252\311"
 141      968587C8 
 141      5B317928 
 141      CB7B2D3C 
 141      44DEAAC9 
 142 07c7 4359DE5A 		.ascii	"CY\336Z\360\376\021\343\005"
 142      F0FE11E3 
 142      05
 143 07d0 4C1ECAF2 		.ascii	"L\036\312\3624\"\356\0271^\012Y\367\260\216{8e\360p"
 143      3422EE17 
 143      315E0A59 
 143      F7B08E7B 
 143      3865F070 
 144 07e4 663B1EA6 		.ascii	"f;\036\246\022f\214\357\262\333/<\274\312<L#\206DY\017"
 144      12668CEF 
 144      B2DB2F3C 
 144      BCCA3C4C 
 144      23864459 
 145 07f9 ED64731E 		.ascii	"\355ds\036\036 \221=\034\325=<\210\235x3\212\207\207"
 145      1E20913D 
 145      1CD53D3C 
 145      889D7833 
 145      8A8787
 146 080c 08F7309D 		.ascii	"\010\3670\235D\367\260\335cc\325\260uF\3640\203\320"
 146      44F7B0DD 
 146      6363D5B0 
 146      7546F430 
 146      83D0
 147 081e 1FC7D961 		.ascii	"\037\307\331a\245\017\364\365\322\351\311\341x\261K"
 147      A50FF4F5 
 147      D2E9C9E1 
 147      78B14B
 148 082d B409C15D 		.ascii	"\264\011\301]\012\014-\264\206}?\314$\334\303\014v\375"
 148      0A0C2DB4 
 148      867D3FCC 
 148      24DCC30C 
 148      76FD
 149 083f 1112EEA1 		.ascii	"\021\022\356\241\004\021\367\375(\341\036\"\357\030"
 149      0411F7FD 
 149      28E11E22 
 149      EF18
 150 084d 09F75096 		.ascii	"\011\367P\226w\234p\017\221\227E\302=\224\345\235 \334"
 150      779C700F 
 150      919745C2 
 150      3D94E59D 
 150      20DC
 151 085f 43E49D24 		.ascii	"C\344\235$\341\036\312\362N\021\356!\362\262I\270\207"
ARM GAS  C:\Users\mvshv\AppData\Local\Temp\ccmRf1jQ.s 			page 12


 151      E11ECAF2 
 151      4E11EE21 
 151      F2B249B8 
 151      87
 152 0870 B2BC1CC2 		.ascii	"\262\274\034\302=D^.\011\367P\226\227'<D^~\210\207\243"
 152      3D445E2E 
 152      09F75096 
 152      97273C44 
 152      5E7E8887 
 153 0885 DC4376A8 		.ascii	"\334Cv\250\326=\264\223mxX\200\306,\217\3712\305\017"
 153      D63DB493 
 153      6D785880 
 153      C62C8FF9 
 153      32C50F
 154 0898 865EE6A1 		.ascii	"\206^\346\241\203\030\022e=,\334\244\207\316(\036\316"
 154      83181265 
 154      3D2CDCA4 
 154      87CE281E 
 154      CE
 155 08a9 E91E1661 		.ascii	"\351\036\026a'~\020\305\303\323\302\303\342\015<\034"
 155      277E10C5 
 155      C3D3C2C3 
 155      E20D3C1C 
 156 08b9 A41ED26A 		.ascii	"\244\036\322j\330:#z\350\242\036\226\260>\227\340.M"
 156      D83A237A 
 156      E8A21E96 
 156      B03E97E0 
 156      2E4D
 157 08cb 15D60CC4 		.ascii	"\025\326\014\304\211]r\204\354R\375\252/\374\256\316"
 157      895D7284 
 157      EC52FDAA 
 157      2FFCAECE 
 158 08db 19E1A18B 		.ascii	"\031\341\241\213]_j\362P\202\210\373^&<D^\271\311CY"
 158      5D5F6AF2 
 158      508288FB 
 158      5E263C44 
 158      5EB9C943 
 159 08f0 DE59E121 		.ascii	"\336Y\341!\362*L\036\312\362*\205\207\310\2532y(\313"
 159      F22A4C1E 
 159      CAF22A85 
 159      87C8AB32 
 159      7928CB
 160 0903 AB161E22 		.ascii	"\253\026\036\"\317m\362P\226wNx\210\274\032\223\207"
 160      CF6DF250 
 160      96774E78 
 160      88BC1A93 
 160      87
 161 0914 B2BCF3C2 		.ascii	"\262\274\363\302C\344yB<\234\343\036\026\030<,d\317"
 161      43E47942 
 161      3C9CE31E 
 161      16183C2C 
 161      64CF
 162 0926 66D9BF65 		.ascii	"f\331\277e:\361\277p\240\012\351\364\274eu)\252\242"
 162      3AF1BF70 
 162      A00AE9F4 
 162      BC657529 
 162      AAA2
ARM GAS  C:\Users\mvshv\AppData\Local\Temp\ccmRf1jQ.s 			page 13


 163 0938 FC72CF9E 		.ascii	"\374r\317\236\344\340\357}_&\377\373\243\377$\177\274"
 163      E4E0EF7D 
 163      5F26FFFB 
 163      A3FF247F 
 163      BC
 164 0949 EFA32FFE 		.ascii	"\357\243/\376\361e\362\336\017>\334\373\301\037~\376"
 164      F165F2DE 
 164      0F3EDCFB 
 164      C11F7EFE 
 165 0959 EEFBBFF8 		.ascii	"\356\373\277\370\360\267\277\333\373\233?\375\345\275"
 165      F0B7BFDB 
 165      FB9B3FFD 
 165      E5BD
 166 0967 3FFF4DFF 		.ascii	"?\377M\377\332\236O\024\353\247\237\177\266\357s\333"
 166      DA9E4F14 
 166      EBA79F7F 
 166      B6EF73DB 
 167 0977 27FBFEFB 		.ascii	"'\373\376\373\257\317>\375\037\210\003,E"
 167      AFCF3EFD 
 167      1F88032C 
 167      45
 168              		.text
 169              		.section	.gnu.lto___early_init.d61221,"",%progbits
 170 0000 789C6363 		.ascii	"x\234cc``\270\004\304\226@,\015\304\214\314\014\214"
 170      6060B804 
 170      C496402C 
 170      0DC48CCC 
 170      0C8C
 171 0012 4C13CE31 		.ascii	"L\023\316104r012\202\030\015\034\214\014\365L\214\365"
 171      30347230 
 171      31328218 
 171      0D1C8C0C 
 171      F54C8CF5 
 172 0026 8C3DCC53 		.ascii	"\214=\314S\230\031\017\265?\333\311\244\271\274\001"
 172      98190FB5 
 172      3FDBC9A4 
 172      B9BC01
 173 0035 080E4CBF 		.ascii	"\010\016L\277\302\327\326\320*1\207\231\201a\032\020"
 173      C2D7D6D0 
 173      2A318799 
 173      81611A10 
 174 0045 8300E366 		.ascii	"\203\000\343fFM\006\240\262G\033\377M\345ec\201\210"
 174      464D06A0 
 174      B2471BFF 
 174      4DE56563 
 174      8188
 175 0057 336E6164 		.ascii	"3nadc`\0042\326_b=\320\360\357\177{\303\2013\213\031"
 175      63600432 
 175      D65F623D 
 175      D0F0EF7F 
 175      7BC38133 
 176 006d EFFAB130 		.ascii	"\357\372\26100t\000\345\201\2264\034`\350df\002\261"
 176      307400E5 
 176      8196341C 
 176      60E86466 
 176      02B1
 177 007f 9A0F30BC 		.ascii	"\232\0170\274al^\260y.3X\027\320\250\235;\337\334f\257"
ARM GAS  C:\Users\mvshv\AppData\Local\Temp\ccmRf1jQ.s 			page 14


 177      616C5EB0 
 177      792E3358 
 177      17D0A89D 
 177      3BDFDC66 
 178 0094 FFDBC031 		.ascii	"\377\333\3001\207\231q\0323\320\030\306\255\214\365"
 178      8799711A 
 178      33D018C6 
 178      AD8CF5
 179 00a3 0C7380CA 		.ascii	"\014s\200\312A\012\267\312bW\307\004T\267\015\252\356"
 179      410AB7CA 
 179      6257C704 
 179      54B70DAA 
 179      EE
 180 00b4 1D63D382 		.ascii	"\035c\323\202\335s\031\301\012A\240\003h\012\320*\240"
 180      DD7319C1 
 180      0A41A003 
 180      680AD02A 
 180      A0
 181 00c5 12733D3D 		.ascii	"\022s==}8\312/\326\317H\314\321O\312O,J)\326\017\016"
 181      7D38CA2F 
 181      D6CF48CC 
 181      D14FCA4F 
 181      2C4A29D6 
 182 00db 890F0EF1 		.ascii	"\211\017\016\36156r3\211w\361\014v\366\017s\015\212"
 182      35367233 
 182      8977F10C 
 182      76F60F73 
 182      0D8A
 183 00ed 84C8E925 		.ascii	"\204\310\351%3\000\000#mWl"
 183      33000023 
 183      6D576C
 184              		.text
 185              		.section	.gnu.lto_boardInit.d61221,"",%progbits
 186 0000 789C6363 		.ascii	"x\234cc``\250\003bK \226\006bFf\006F\246\011\347\030"
 186      6060A803 
 186      624B2096 
 186      06624666 
 186      0646A609 
 187 0016 181A3998 		.ascii	"\030\0329\230\030\031A\214\006\016F\206z&\306z\306\036"
 187      1819418C 
 187      060E4686 
 187      7A26C67A 
 187      C61E
 188 0028 E629CC8C 		.ascii	"\346)\314\214\207\332\237\355d\322\\\336\000\004\007"
 188      87DA9FED 
 188      64D25CDE 
 188      000407
 189 0037 A66F106A 		.ascii	"\246o\020jkh\225\230\303\314\3000\015\210A\200q3\243"
 189      6B689598 
 189      C3CCC030 
 189      0D884180 
 189      7133A3
 190 004a 260350D9 		.ascii	"&\003P\331\243\215\377\246\362\262\261@\304\031\267"
 190      A38DFFA6 
 190      F2B2B140 
 190      C419B7
 191 0059 30B23130 		.ascii	"0\26210\002\031\353/\261\036h\370\367\277\275\341\300"
ARM GAS  C:\Users\mvshv\AppData\Local\Temp\ccmRf1jQ.s 			page 15


 191      0219EB2F 
 191      B11E68F8 
 191      F7BFBDE1 
 191      C0
 192 006a 97458C5B 		.ascii	"\227E\214[\203\230\030\030:\200\362@K\032\0160t23\201"
 192      83981818 
 192      3A80F240 
 192      4B1A0E30 
 192      74323381 
 193 007e 58CD0718 		.ascii	"X\315\007\030\33616)\200\265\200@\0073#H\030\250\324"
 193      DE313629 
 193      80B58040 
 193      07332348 
 193      18A8D4
 194 0091 5C4F4F1F 		.ascii	"\\OO\037\216\362\213\3653\022s\364\223\362\023\213R"
 194      8EF28BF5 
 194      331273F4 
 194      93F2138B 
 194      52
 195 00a2 8AF58343 		.ascii	"\212\365\203C\342\203C|\215\215\334L\342]<\203\235\375"
 195      E283437C 
 195      8D8DDC4C 
 195      E25D3C83 
 195      9DFD
 196 00b4 C35C8322 		.ascii	"\303\\\203\"!rz\311\014\000\216\023;\207"
 196      21727AC9 
 196      0C008E13 
 196      3B87
 197              		.text
 198              		.section	.gnu.lto_.symbol_nodes.d61221,"",%progbits
 199 0000 789C55C8 		.ascii	"x\234U\310\313\011\200@\014\000\321I\002[\227\326a1"
 199      CB098040 
 199      0C00D149 
 199      025B97D6 
 199      6131
 200 0012 4909D6B0 		.ascii	"I\011\326\260]\370\005\301\2635X\211l\020<x\030\006"
 200      5DF805C1 
 200      B3355889 
 200      6C103C78 
 200      1806
 201 0024 5E01860C 		.ascii	"^\001\206\014]\324a\274 7\305\021%mU\227\317\346\350"
 201      5DD461BC 
 201      2037C511 
 201      256D5597 
 201      CFE6E8
 202 0037 533675FD 		.ascii	"S6u\375\211\354\352\366\012Dt`\002\365~\304\3048\363"
 202      89ECEAF6 
 202      0A447460 
 202      02F57EC4 
 202      C438F3
 203 004a 3461D318 		.ascii	"4a\323\030?"
 203      3F
 204              		.text
 205              		.section	.gnu.lto_.refs.d61221,"",%progbits
 206 0000 789C6363 		.ascii	"x\234cc```\004b\006\000\000D\000\010"
 206      60606004 
 206      62060000 
ARM GAS  C:\Users\mvshv\AppData\Local\Temp\ccmRf1jQ.s 			page 16


 206      440008
 207              		.text
 208              		.section	.gnu.lto_.decls.d61221,"",%progbits
 209 0000 789CCD59 		.ascii	"x\234\315Y}TT\307\025\337y\263\037\354\262\240\007<"
 209      7D5454C7 
 209      15DF79B3 
 209      1FECB2A0 
 209      073C
 210 0012 A96DEC39 		.ascii	"\251m\35494M\015\377D\004\323\330\366\364\3644\001\""
 210      344D0DFF 
 210      4404D3D8 
 210      F6F4F434 
 210      0122
 211 0024 B6267216 		.ascii	"\266&r\026\233\236\234r\272!\200\011-\202\205\2655\375"
 211      9B9E9C72 
 211      BA218009 
 211      2D8285B5 
 211      35FD
 212 0036 7C7C8922 		.ascii	"||\211\"((\304\360!\212\250\201@\320$\"\362\245+\010"
 212      2828C4F0 
 212      218AA881 
 212      40D02422 
 212      F2A52B08 
 213 004a 8A8A418C 		.ascii	"\212\212A\214\210\012\202\250\210\210\212\250\210\200"
 213      880A82A8 
 213      88888AA8 
 213      8880
 214 0058 D23B336F 		.ascii	"\322;3o\367\315>\226\3234\247\177t\017\227yw\3467\367"
 214      F7CD3E96 
 214      D334A77F 
 214      740F9779 
 214      77E637F7 
 215 006c DEB973EF 		.ascii	"\336\271s\357\314}\273Z\225J\265\370\373*\325O\325*"
 215      CC7DBB5A 
 215      954AB5F8 
 215      FB2AD54F 
 215      D52A
 216 007e D52F914A 		.ascii	"\325/\221J5\005\037xT\035U\311\037\302\327\002\325\003"
 216      35051F78 
 216      541D55C9 
 216      1FC2D702 
 216      D503
 217 0090 1D518CD9 		.ascii	"\035Q\214\331>\177\201\271n\320\276\013\364\022\320"
 217      3E7F81B9 
 217      6ED0BE0B 
 217      F412D0
 218 009f 0F81FF01 		.ascii	"\017\201\377\001\320\031x\366\000\232\003\024\002\374"
 218      D01978F6 
 218      009A0314 
 218      02FC
 219 00ad 1F80D603 		.ascii	"\037\200\326\003\245\002m\0002\001y\302\230\000\355"
 219      A5026D00 
 219      320179C2 
 219      9800ED
 220 00bc F3E419E8 		.ascii	"\363\344\031\350_@\001@o\001-\001\012\004\372\025\320"
 220      5F400140 
 220      6F012D01 
ARM GAS  C:\Users\mvshv\AppData\Local\Temp\ccmRf1jQ.s 			page 17


 220      0A04FA15 
 220      D0
 221 00cd 9B40CB80 		.ascii	"\233@\313\200\376\016\364\017\240$\240\277\002\375\023"
 221      FE0EF40F 
 221      A024A0BF 
 221      02FD13
 222 00dc 2801E843 		.ascii	"(\001\350C\240D A\262w\023<\303\237*\0239\332\3727\340"
 222      A0442041 
 222      B277133C 
 222      C39F2A13 
 222      39DAFA37 
 223 00f1 B1646B16 		.ascii	"\261dk\026<\327H\375XZc\355\014k\374\227$\357]\211G"
 223      3CD748FD 
 223      585A63ED 
 223      0C6BFC97 
 223      24EF5D89 
 224 0106 923F949F 		.ascii	"\222?\224\237l\214j\216\326\037q\355A\335\010lA\263"
 224      6C8C6A8E 
 224      D61F71ED 
 224      41DD086C 
 224      41B3
 225 0118 191AB1FF 		.ascii	"\031\032\261\377\320\022\242\374\224\355\203X?\364\012"
 225      D012A2FC 
 225      94ED8358 
 225      3FF40A
 226 0127 AC91A084 		.ascii	"\254\221\240\204\261MA\366\036A\222!\330\344\322?I\000"
 226      B14D41F6 
 226      1E419221 
 226      D8E4D23F 
 226      4900
 227 0139 E2A5B271 		.ascii	"\342\245\262q\246\316\366a\226\263\007n\036\353\022"
 227      A6CEF661 
 227      96B3076E 
 227      1EEB12
 228 0148 6465DC94 		.ascii	"de\334\224i\266\252\354\303v\243\344E\"\311\011\347"
 228      69B6AAEC 
 228      C376A3E4 
 228      4522C909 
 228      E7
 229 0159 87D22B8C 		.ascii	"\207\322+\214\275\350\012\214\276\003\273\340\262\012"
 229      BDE80A8C 
 229      BE03BBE0 
 229      B20A
 230 0167 91DE7B93 		.ascii	"\221\336{\223\027\016a,\320\347m\247\333\272\334\260"
 230      170E612C 
 230      D0E76DA7 
 230      DBBADCB0 
 231 0177 07EBEF4C 		.ascii	"\007\353\357L\371L\277\240\\d\037\227\\\254B\007\021"
 231      F94CBFA0 
 231      5C641F97 
 231      5CAC4207 
 231      11
 232 0188 B639B469 		.ascii	"\2669\264i\352\261u\326F\214<\014H\000\266}\370\364"
 232      EAB175D6 
 232      468C3C0C 
 232      4800B67D 
 232      F8F4
ARM GAS  C:\Users\mvshv\AppData\Local\Temp\ccmRf1jQ.s 			page 18


 233 019a 765760E7 		.ascii	"vW`\347\030\320l`\313\323\247\2625s?\"\0233\223\304"
 233      18D06C60 
 233      CBD3A7B2 
 233      35733F22 
 233      133393C4 
 234 01ae D9027AF7 		.ascii	"\331\002z\3679T\215\346\241Ch\036\230S\203\346\302\377"
 234      39548DE6 
 234      A143681E 
 234      985383E6 
 234      C2FF
 235 01c0 183593D4 		.ascii	"\0305\223\324\231\3301\344\366\302N\321\332+Z/\344y"
 235      99D831E4 
 235      F6C24ED1 
 235      DA2B5A2F 
 235      E479
 236 01d2 97D50C88 		.ascii	"\227\325\014\210\242AM@\250\022aT\205\026\220%T\022"
 236      A2414D40 
 236      A8126154 
 236      85169025 
 236      5412
 237 01e4 D5E800EA 		.ascii	"\325\350\000\352E\350K\324\003+\250E/\300\344\373w6"
 237      45E84BD4 
 237      032BA845 
 237      2FC0E4FB 
 237      7736
 238 01f6 9F9985D3 		.ascii	"\237\231\205\323\020\265\370\344\315)\253\016$\355\004"
 238      10B5F8E4 
 238      CD29AB0E 
 238      24ED04
 239 0205 491D35C6 		.ascii	"I\0355\306<\321\232\010\006\010TT\235,\252N)\252\236"
 239      3CD19A08 
 239      06085454 
 239      9D2CAA4E 
 239      29AA9E
 240 0218 8A3ADDDF 		.ascii	"\212:\335\337\3757\274\215I::\260\361\260\026$\355\007"
 240      FD37BC8D 
 240      493A3AB0 
 240      F1B01624 
 240      ED07
 241 022a 490D4B1D 		.ascii	"I\015K\035\004\035\226\005\035V\012:B\005\211\003\265"
 241      041D9605 
 241      1D560A3A 
 241      42058903 
 241      B5
 242 023b 5DB37011 		.ascii	"]\263p\021\223\264\371\323\264\303z\220\324+\302\352"
 242      93B4F9D3 
 242      B4C37A90 
 242      D42BC2EA 
 243 024b 2ABCCA36 		.ascii	"*\274\3126\254\313\020\213\020\365\001\262\312\242\254"
 243      ACCB108B 
 243      10F501B2 
 243      CAA2AC
 244 025a 9267D151 		.ascii	"\222g\321Q*\342l\362\376\002\314\274\253&\253l\315\273"
 244      2AE26CF2 
 244      FE02CCBC 
 244      AB26AB6C 
 244      CDBB
ARM GAS  C:\Users\mvshv\AppData\Local\Temp\ccmRf1jQ.s 			page 19


 245 026c E6CEBCEB 		.ascii	"\346\316\274\353\005\354\301\376\226f\003\033\025\021"
 245      05ECC1FE 
 245      9666031B 
 245      1511
 246 027a F0D6E6F4 		.ascii	"\360\326\346\364;\010\3673\205\335'J\313\310\324\227"
 246      3B08F733 
 246      85DD274A 
 246      CBC8D497 
 247 028a 0C8804C7 		.ascii	"\014\210\004\307,\350\3327T\375\304\215u\021D\373\346"
 247      2CE8DA37 
 247      54FDC48D 
 247      751144FB 
 247      E6
 248 029b 91DD3A3C 		.ascii	"\221\335:<D\341B\317\305\211.wd\360^/\212\211\342\316"
 248      44E142CF 
 248      C5892E77 
 248      64F05E2F 
 248      8A89E2CE 
 249 02af 24511FA4 		.ascii	"$Q\037\244B\215\260S\015\260S\350$\362&\223\210\215"
 249      428DB053 
 249      0DB053E8 
 249      24F22693 
 249      888D
 250 02c1 E8387436 		.ascii	"\3508t6C\347^\262\251\326\251\303\277\310\035\021E/"
 250      43E75EB2 
 250      A9D6A9C3 
 250      BFC81D11 
 250      452F
 251 02d3 D4820CE8 		.ascii	"\324\202\014\350\204\274\216\227\014lSKwg\355\322\342"
 251      84BC8E97 
 251      0C6C534B 
 251      7767EDD2 
 251      E2
 252 02e4 2B34AA84 		.ascii	"+4\252\204\332\374\033M\302L:Zg\326\321\365Bs\012q\373"
 252      DAFC1B4D 
 252      C24C3A5A 
 252      67D6D1F5 
 252      42730A71 
 253 02f9 69D0714A 		.ascii	"i\320qJ\326\001*\231\222\217\333?\0174\200\320\244o"
 253      D6012A99 
 253      928FDB3F 
 253      0F3480D0 
 253      A46F
 254 030b 241426AC 		.ascii	"$\024&\254\277\232zNr\334\030\341\363j\037\236\3240"
 254      BF9A7A4E 
 254      72DC18E1 
 254      F36A1F9E 
 254      D430
 255 031d DE05D8AA 		.ascii	"\336\005\330\252\273eUn\314\315V2<\325\360\270\323\015"
 255      BB65556E 
 255      CCCD5632 
 255      3CD5F0B8 
 255      D30D
 256 032f 3762EAB5 		.ascii	"7b\352\265\254\341\221\255Z\242Md\332\310$\233>\025"
 256      ACE191AD 
 256      5AA24D64 
 256      DAC8249B 
ARM GAS  C:\Users\mvshv\AppData\Local\Temp\ccmRf1jQ.s 			page 20


 256      3E15
 257 0341 3A476C42 		.ascii	":GlB>\363\320B\252\250\252\262\370\236\213G&\215\177"
 257      3EF3D042 
 257      AAA8AAB2 
 257      F89E8B47 
 257      268D7F
 258 0354 51FCA59A 		.ascii	"Q\374\245\232.\341,\240\333(\372k\344a\233C\365\334"
 258      2EE12CA0 
 258      DB28FA6B 
 258      E4619B43 
 258      F5DC
 259 0366 BA58AC67 		.ascii	"\272X\254gf\014\323,\254\356\033v\307\255\222\336\306"
 259      660CD32C 
 259      ACEE1B76 
 259      C7AD92DE 
 259      C6
 260 0377 470F5CF1 		.ascii	"G\017\\\361Y\306t\355\312\336\243f\310\001\302o\237"
 260      59C674ED 
 260      CADEA366 
 260      C801C26F 
 260      9F
 261 0388 9C4C56E3 		.ascii	"\234LV\343\0166\230X{1KJ\311^\272\317\211[wkq/\033\234"
 261      0E369858 
 261      7B314B4A 
 261      C95EBACF 
 261      895B776B 
 262 03a0 B8FBC9B0 		.ascii	"\270\373\311\260\026\0172\246\352j\316\021Ia'\341\033"
 262      160F32A6 
 262      EA6ACE11 
 262      496127E1 
 262      1B
 263 03b1 1F14DC37 		.ascii	"\037\024\3347\342\207l0e\367\327\351:\374\2141\347\372"
 263      E2876C30 
 263      65F7D7E9 
 263      3AFC8C31 
 263      E7FA
 264 03c3 8B928D0C 		.ascii	"\213\222\215\014\331F\370\007\2273\232\215x\275\232"
 264      D946F807 
 264      97339A8D 
 264      78BD9A
 265 03d2 0E1E3B71 		.ascii	"\016\036;q\355\234\013\336\302\230\215M\225\315R\310"
 265      ED9C0BDE 
 265      C2988D4D 
 265      95CD52C8 
 266 03e2 9E207CC2 		.ascii	"\236 |\302\300\376T\214\013\330\240\315\263\036\222"
 266      C0FE548C 
 266      0BD8A0CD 
 266      B31E92
 267 03f1 67EFB735 		.ascii	"g\357\2675\246\351\361^6\330\272aK\216\200+\030S\322"
 267      A6E9F15E 
 267      36D8BA61 
 267      4B8E802B 
 267      1853D2
 268 0404 5FB04952 		.ascii	"_\260IR\370\023\342\232\374\341\355F|\220\215\325\025"
 268      F813E29A 
 268      FCE1ED46 
 268      7C908DD5 
ARM GAS  C:\Users\mvshv\AppData\Local\Temp\ccmRf1jQ.s 			page 21


 268      15
 269 0415 A794BA60 		.ascii	"\247\224\272`+cj\253\352\232\245\275[\010l\362\231\214"
 269      2B636AAB 
 269      EA9AA5BD 
 269      5B086CF2 
 269      998C
 270 0427 2E233EC1 		.ascii	".#>\301\306*\006R\255:\334\306\230\374\007\335\267\244"
 270      C62A0652 
 270      AD3ADCC6 
 270      98FC07DD 
 270      B7A4
 271 0439 C57A1321 		.ascii	"\305z\023!\255O\312\335q'\033\263%\226\007K\254\272"
 271      AD4FCADD 
 271      71271BB3 
 271      2596074B 
 271      ACBA
 272 044b CB953EB8 		.ascii	"\313\225>\270\217\015\025\015To\235\205o3\346n\362\215"
 272      8F0D150D 
 272      546F9D85 
 272      6F33E66E 
 272      F28D
 273 045d 5E57869B 		.ascii	"^W\206\233\013\354\325\356\233i\356\370!\033[w$\247"
 273      0BECD5EE 
 273      9B69EEF8 
 273      211B5B77 
 273      24A7
 274 046f 5E8F9F31 		.ascii	"^\217\2371\306v\016z\260s\360X\357\025\204S5t\350v\232"
 274      C6760E7A 
 274      B073F058 
 274      EF158453 
 274      3574E876 
 275 0484 F5A28033 		.ascii	"\365\242\2003\031SZ\235qU\203s\031s\255*yT\215\2673"
 275      19535A9D 
 275      71558373 
 275      1973AD2A 
 275      79548DB7 
 276 0499 A66CB2B0 		.ascii	"\246l\262\260M\217w1\246\255\246\367\206;\376\2241\345"
 276      4D8F7731 
 276      A6ADA6F7 
 276      863BFE94 
 276      31E5
 277 04ab ADC7BB24 		.ascii	"\255\307\273$\017\257'i_^\322\335\257\223\302\225\204"
 277      0FAF2769 
 277      5F5ED2DD 
 277      AF93C295 
 277      84
 278 04bc EFEE43BD 		.ascii	"\357\356C\275\223\010\177F\301^\007\037e\227i\321\213"
 278      93087F46 
 278      C15E071F 
 278      659769D1 
 278      8B
 279 04cd D33E9EF4 		.ascii	"\323>\236\364\277\267\304\355\022\223\223D\353\361}"
 279      BFB7C4ED 
 279      12939344 
 279      EBF17D
 280 04dc 78E2CBDD 		.ascii	"x\342\313\335g\023\304\335s\321\031\010\324\036\310"
 280      6713C4DD 
ARM GAS  C:\Users\mvshv\AppData\Local\Temp\ccmRf1jQ.s 			page 22


 280      73D11908 
 280      D41EC8
 281 04eb B52D82A7 		.ascii	"\265-\202\247\234N\3354j}\341\237j\027\311a\353\310"
 281      9C4EDD34 
 281      6A7DE19F 
 281      6A17C961 
 281      EBC8
 282 04fd 760C8762 		.ascii	"v\014\207b2\246q\375P\011\177@\341\215\210\341\211\206"
 282      32A671FD 
 282      50097F40 
 282      E18D88E1 
 282      8986
 283 050f 4B363C11 		.ascii	"K6<\021?\246\304\217\362\342\011\274\201\207O(\341>"
 283      3FA6C48F 
 283      F2E209BC 
 283      81874F28 
 283      E13E
 284 0521 BC747250 		.ascii	"\274trP\214\357\300\011\024\016y\205.Jp[\266\241\316"
 284      8CEFC009 
 284      140E7985 
 284      2E4A705B 
 284      B6A1CE
 285 0534 69D20B39 		.ascii	"i\322\0139\351\367\225\322\207\247\031?\316\343\373"
 285      E9F795D2 
 285      87A7193F 
 285      CEE3FB
 286 0543 95F81BD3 		.ascii	"\225\370\033\323\361\274\365#\316\345\373\312\3267\360"
 286      F1BCF523 
 286      CEE5FBCA 
 286      D637F0
 287 0552 D65F575A 		.ascii	"\326_WZ\177M\011o/\341\340\355J\370W\312\305\216\027"
 287      7F4D096F 
 287      2FE1E0ED 
 287      4AF857CA 
 287      C58E17
 288 0565 70C64C3A 		.ascii	"p\306L:u%\267\257\203\205\334\276\336R\242\007\220\322"
 288      7525B7AF 
 288      8385DCBE 
 288      DE52A207 
 288      90D2
 289 0577 F3270B39 		.ascii	"\363'\0139c\356)\215\271\2534\246\235\367\314\023\245"
 289      63EE298D 
 289      B9AB34A6 
 289      9DF7CC13 
 289      A5
 290 0588 F8B6699E 		.ascii	"\370\266i\236\034\344\361\217\234\207\031'\376\022\277"
 290      1CE4F18F 
 290      9C871927 
 290      FE12BF
 291 0597 51434AF8 		.ascii	"QCJ\370\355i\342\373x\374\240\363\325\362qS\302\301"
 291      ED69E2FB 
 291      78FCA0F3 
 291      D5F27153 
 291      C2C1
 292 05a9 2F28E1E7 		.ascii	"/(\341\347ex\226t\356\213H\255B\317\000\360\224\216"
 292      65789674 
 292      EE8B48AD 
ARM GAS  C:\Users\mvshv\AppData\Local\Temp\ccmRf1jQ.s 			page 23


 292      42CF00F0 
 292      948E
 293 05bb 1138DC48 		.ascii	"\0218\334H\350c\301\033\245\011/\242$\240\217\2002\200"
 293      E863C11B 
 293      A5092FA2 
 293      24A08F80 
 293      3280
 294 05cd 1281B281 		.ascii	"\022\201\262\2016\001%\000\245\002\245\000\245\003\345"
 294      36012500 
 294      A502A500 
 294      A503E5
 295 05dc 036D06CA 		.ascii	"\003m\006\312\004\332\010T\000\264\016h=\320V\240B "
 295      04DA0854 
 295      00B40E68 
 295      3DD056A0 
 295      4220
 296 05ee 11280768 		.ascii	"\021(\007h\033P.P2P\026\320\016\240\015@\333\201\362"
 296      1B502E50 
 296      325016D0 
 296      0EA00D40 
 296      DB81F2
 297 0601 8417698D 		.ascii	"\204\027i\215\301Vsr\007\267\232>\345jz\225\213\357"
 297      C1567372 
 297      07B79A3E 
 297      E56A7A95 
 297      8BEF
 298 0613 E3B7E2B1 		.ascii	"\343\267\342\261\363\014\266G\006DR\337\016.\222\256"
 298      F30CB647 
 298      064452DF 
 298      0E2E92AE 
 299 0623 383F50F8 		.ascii	"8?P\370\2758\311\313\037w\036\032\2349\203\274\365]"
 299      BD38C9CB 
 299      1F771E1A 
 299      9C3983BC 
 299      F55D
 300 0635 4AF82519 		.ascii	"J\370%\031\316J\211\273\0058W\024g\023\224J*#dO\214"
 300      CE4A89BB 
 300      05385714 
 300      6713944A 
 300      2A23644F 
 301 064a EEC0A507 		.ascii	"\356\300\245\007Dq\203\226\012\273\354\\\230C\334\360"
 301      44718396 
 301      0ABBEC5C 
 301      9843DCF0 
 302 065a 8130A5C4 		.ascii	"\2010\245\304\037\233\206o\347\343\354\216\363\270\344"
 302      1F9B866F 
 302      E7E3EC8E 
 302      F3B8E4
 303 0669 D636C2C3 		.ascii	"\3266\302\303o:?o\370\250\347\255irn\015\237\203\274"
 303      6F3A3F6F 
 303      F8A8E7AD 
 303      69726E0D 
 303      9F83BC
 304 067c E7AE3ADF 		.ascii	"\347\256:\337w\207\215\341\305w8\217z\206\207+\350Q"
 304      77878DE1 
 304      C577388F 
 304      7A86872B 
ARM GAS  C:\Users\mvshv\AppData\Local\Temp\ccmRf1jQ.s 			page 24


 304      E851
 305 068e 7979B72B 		.ascii	"yy\267+\276K\257 \341\352\343\352|\001yz;M\007\264\013"
 305      BE4BAF20 
 305      E1EAE3EA 
 305      7C01797A 
 305      3B4D07B4 
 306 06a3 B2E0FF25 		.ascii	"\262\340\377%#\244 )\301I`$*\002\253v\012\366r\223\304"
 306      23A42029 
 306      C1496024 
 306      2A02AB76 
 306      0AF67293 
 307 06b8 0C5DDC91 		.ascii	"\014]\334\221\216\323\035:c\232\275\210\245@\271\004"
 307      8ED31D3A 
 307      639ABD88 
 307      A540B904 
 308 06c8 2C168CB4 		.ascii	",\026\214\264\202\207\026\300\373\247\262{\335\3608"
 308      828716C0 
 308      FBA7B27B 
 308      DDF038
 309 06d7 BBB9FB12 		.ascii	"\273\271\373\022\017\234p\303S\214\311\310nhP\343\024"
 309      0F9C70C3 
 309      538CC9C8 
 309      6E6850E3 
 309      14
 310 06e8 2D658A73 		.ascii	"-e\212s\263R58\2151\245[2\367\033p:c>\376\364\302\270"
 310      B3523538 
 310      8D31A55B 
 310      32F71B70 
 310      3A633EFE 
 311 06ff 1E6F62CC 		.ascii	"\036ob\314\236\361\211ar\365\317'E=\346J\372\371\254"
 311      9EF18961 
 311      72F5CF27 
 311      453DE64A 
 311      FAF9AC
 312 0712 A43F72AA 		.ascii	"\244?r\252e\257\021gS\260P\221799\313Vn\303\353\227"
 312      65AF1167 
 312      53B05091 
 312      373939CB 
 312      566EC3EB 
 313 0727 C65B657F 		.ascii	"\306[e\177\371B\025\340\352\371Re\\&\314C\237\012rI"
 313      F94215E0 
 313      EAF95265 
 313      5C26CC43 
 313      9F0A7249 
 314 073b 3F7F5B2A 		.ascii	"?\177[*)\267?\023\014\250\\^\377|\251J=\234u\271\337"
 314      29B73F13 
 314      0CA85C5E 
 314      FF7CA94A 
 314      3D9C75B9 
 315 0750 8077301D 		.ascii	"\200w0\035\211m9\017f\324\361\371\314:\272\374\216\321"
 315      896D390F 
 315      66D4F1F9 
 315      CC3ABAFC 
 315      8ED1
 316 0762 927E3FE8 		.ascii	"\222~?\350\330'\353\000\225LI\342\330\256:\027\\B\225"
 316      D827EB00 
 316      954C49E2 
ARM GAS  C:\Users\mvshv\AppData\Local\Temp\ccmRf1jQ.s 			page 25


 316      D8AE3A17 
 316      5C4295
 317 0775 A8474B2A 		.ascii	"\250GK*;\334\021T,\\\010\011*\316\345_J\361s\020\024"
 317      3BDC1154 
 317      2C5C0809 
 317      2ACEE55F 
 317      4AF17310 
 318 078a 1E80FDAC 		.ascii	"\036\200\375\254\264\237p\344\010\272\331\212\353\212"
 318      B49F70E4 
 318      08BAD98A 
 318      EB8A
 319 0798 CFA48B3B 		.ascii	"\317\244\213;\217\"\252\357\013\320Gf\330\355\234v\373"
 319      8F22AAEF 
 319      0BD04766 
 319      D8ED9C76 
 319      FB
 320 07a9 3D9F0B6F 		.ascii	"=\237\013oz\230\202K\235\202\253\221|\246\\\3117\300"
 320      7A98824B 
 320      9D82AB91 
 320      7CA65CC9 
 320      37C0
 321 07bb 6B3101F1 		.ascii	"k1\001\361G\012\230}\274\341\366\001\003\224^s\274\231"
 321      470A987D 
 321      BCE1F601 
 321      03945E73 
 321      BC99
 322 07cd D88E7C   		.ascii	"\330\216|"
 323 07d0 8FE224F1 		.ascii	"\217\342$\361\304Bz\024~\002r\253\20593\\\301 v4\337"
 323      C4427A14 
 323      7E0272AB 
 323      8539335C 
 323      C1207634 
 324 07e5 3D815A41 		.ascii	"=\201ZA\264\227\314\214\336\"\275\211\320\254\222]B"
 324      B497CC8C 
 324      DE22BD89 
 324      D0AC925D 
 324      42
 325 07f6 D0C42535 		.ascii	"\320\304%5\340\222*p\311!\207\020?\223?7\201\2048\240"
 325      E0922A70 
 325      C9218710 
 325      3F933F37 
 325      818438A0 
 326 080a 1C8D46AD 		.ascii	"\034\215F\2555[\016\350\347\200\320\204\231\205\252"
 326      355B0EE8 
 326      E780D084 
 326      9985AA
 327 0819 1C2492A2 		.ascii	"\034$\222\242\273\361|\245\021_g1z\343\324\276D\027"
 327      BBF17CA5 
 327      115F6731 
 327      7AE3D4BE 
 327      4417
 328 082b 3CC098C2 		.ascii	"<\300\230\302\326\212S\032<\304\230\332\262\212v\001"
 328      D68A531A 
 328      3CC498DA 
 328      B28A7601 
 329 083b 8F30A6BC 		.ascii	"\2170\246\274zx#\302\343\214\271\237\272\317\202\023"
 329      7A7823C2 
ARM GAS  C:\Users\mvshv\AppData\Local\Temp\ccmRf1jQ.s 			page 26


 329      E38CB99F 
 329      BACF8213 
 330 084b 74EC4DB9 		.ascii	"t\354M\271m\307e\027\251\234%_)\214\025]\337\"\340T"
 330      6DC76517 
 330      A99C255F 
 330      298C155D 
 330      DF22E054 
 331 085f 3A684C6F 		.ascii	":hLoK\372J\203\244\012\326[.]\373\363$\337\222\323\311"
 331      4BFA4A83 
 331      A40AD65B 
 331      2E5DFBF3 
 331      24DF92D3 
 332 0874 0ADE6A99 		.ascii	"\012\336j\231\261R\244W\370\363\362YV\247D\217N;\373"
 332      B152A457 
 332      F8F3F259 
 332      56A7448F 
 332      4E3BFB
 333 0887 C6BF27C3 		.ascii	"\306\277'\303\353\235\303\371s\233C\037V\242\247\027"
 333      EB9DC3F9 
 333      739B431F 
 333      56A2A717 
 334 0897 370DF364 		.ascii	"7\015\363d\370\036%\234/\241\035\316\317\006\310'VW"
 334      F81E259C 
 334      2FA11DCE 
 334      CF06C827 
 334      5657
 335 08a9 B548C17F 		.ascii	"\265H\301\177\012v\3724\354\3131\2403@\307\201\232\201"
 335      0A76FA34 
 335      ECCB31A0 
 335      3340C781 
 335      9A81
 336 08bb 9A80BE02 		.ascii	"\232\200\276\002:\001t\022\250\325\361\372\347\264\357"
 336      3A017412 
 336      A8D5F1FA 
 336      E7B4EF
 337 08ca 566AE76A 		.ascii	"Vj\347jT)n\362<h\334\2648\273?\257\360{p\324\351\036"
 337      54296EF2 
 337      3C68DCB4 
 337      38BB3FAF 
 337      F07B70D4 
 338 08e0 F0F70FA7 		.ascii	"\360\367\017\247\270\321\271b\207\022\220s\352\021\347"
 338      B8D1B962 
 338      87129073 
 338      EA11E7
 339 08ef 4EB50987 		.ascii	"N\265\011\207\264y\226o`\360Z\210\330\275\316\235\352"
 339      B479966F 
 339      60F05A88 
 339      D8BDCE9D 
 339      EA
 340 0900 2BDD55D6 		.ascii	"+\335U\326\326\261\003\032\234N\343K8|pO\275\016y{J"
 340      D6B1031A 
 340      9C4EE34B 
 340      387C704F 
 340      BD0E797B 
 341 0915 A95DA025 		.ascii	"\251]\240%\251\335\016\223\333\344C\252\205^\004Nw\003"
 341      A9DD0E93 
 341      DBE443AA 
ARM GAS  C:\Users\mvshv\AppData\Local\Temp\ccmRf1jQ.s 			page 27


 341      855E044E 
 341      7703
 342 0927 9D854DF8 		.ascii	"\235\205M\370\266\033B\336\343+*\356c\376jiw\270Z\316"
 342      B61B42DE 
 342      E32B2AEE 
 342      63FE6A69 
 342      77B85ACE 
 343 093b 09469B11 		.ascii	"\011F\233\021\347\350\355\322\265a]\241\026\347\262"
 343      E7E8EDD2 
 343      B5615DA1 
 343      16E7B2
 344 094a C4E9ABE9 		.ascii	"\304\351\253\351J\020p!c\356mmj\025\360.\306\364w&\345"
 344      4A107021 
 344      63EE6D6D 
 344      6A15F02E 
 344      C6F47726 
 345 095f 6A710963 		.ascii	"jq\011c2\237^\024\265x?c2\356\215\025\251q\025c\016"
 345      329F5E14 
 345      B5783F63 
 345      32EE8D15 
 345      A9711563 
 346 0974 D5DFF163 		.ascii	"\325\337\361c\357\225\363\310W\245\335\367\255\322W"
 346      EF95F3C8 
 346      57A5DDF7 
 346      ADD257
 347 0983 79BDE435 		.ascii	"y\275\3445\363b\322\343\0167\\O\241\372\304\316\321"
 347      F362D2E3 
 347      0E375C4F 
 347      A1FAC4CE 
 347      D1
 348 0994 4692879E 		.ascii	"F\222\207\236\354%\222\035p\027\362~\236s|\235\230\031"
 348      EC25921D 
 348      7017F27E 
 348      9E737C9D 
 348      9819
 349 09a6 464FB82E 		.ascii	"FO\270.\360X\317\214u:=g\367`\362\252I\300\347\225`"
 349      F058CF8C 
 349      753A3D67 
 349      F760F2AA 
 349      49C0E795 
 350 09bb 2EAB1C3C 		.ascii	".\253\034<}\031<}I c=\222\233\257\201\233\257\202\033"
 350      7D193C7D 
 350      4920633D 
 350      929BAF81 
 350      9BAF821B 
 351 09cf 6F00F502 		.ascii	"o\000\365\002\365\001]\001\272\016\324\355p\021\\\222"
 351      F5015D01 
 351      BA0ED4ED 
 351      70115C92 
 352 09df F55D50EA 		.ascii	"\365]P\352kS\032wR\006_T\202\225\027F\237\214\355p."
 352      6B531A77 
 352      52065F54 
 352      82951746 
 352      9F8CED70 
 353 09f4 B891BB30 		.ascii	"\270\221\2730\232s0\211\252\036e\016\021I\2439:\271"
 353      9A733089 
 353      AA1E650E 
ARM GAS  C:\Users\mvshv\AppData\Local\Temp\ccmRf1jQ.s 			page 28


 353      1149A339 
 353      3AB9
 354 0a06 5CFEDAB9 		.ascii	"\\\376\332\271S\370\362\272]\326\334\351\324J{I\326"
 354      53F8F2BA 
 354      5DD6DCE9 
 354      D44A7B49 
 354      D6
 355 0a17 D890FB4C 		.ascii	"\330\220\373L\207\033X\230\227o\257\0373(K2\233k\321"
 355      871B5898 
 355      976FAF1F 
 355      33284B32 
 355      9B6BD1
 356 0a2a 0078F4BF 		.ascii	"\000x\364\277\361\256\264\254W\311\252n\302\274~9Wz"
 356      F1AEB4AC 
 356      57C9AA6E 
 356      C2BC7E39 
 356      577A
 357 0a3c 6C4553F7 		.ascii	"lES\367\226\262!wOI\337\372\031\365\251\376\2432\022"
 357      96B22177 
 357      4F49DFFA 
 357      19F5A9FE 
 357      A33212
 358 0a4f 8959CD15 		.ascii	"\211Y\315\025z>Kn9d\311\240T\200\015\322\024\261\205"
 358      7A3E4B6E 
 358      3964C9A0 
 358      54800DD2 
 358      14B185
 359 0a62 B18714C6 		.ascii	"\261\207\024\306\373\353\222\357H_\365X\011\2771e\363"
 359      FBEB92EF 
 359      485FF558 
 359      09BF3165 
 359      F3
 360 0a73 061DFE8A 		.ascii	"\006\035\376\212e\300\203\222/\012]\330`\011\031\274"
 360      65C08392 
 360      2F0A5DD8 
 360      600919BC 
 361 0a83 F5B4F9B6 		.ascii	"\365\264\371\266\006w\260\301s\217\333R\015\270\233"
 361      0677B0C1 
 361      738FDB52 
 361      0DB89B
 362 0a92 3169955B 		.ascii	"1i\225[\213g\341\353\214\331\264\371\313\317\015\370"
 362      8B67E1EB 
 362      8CD9B4F9 
 362      CBCF0DF8 
 363 0aa2 36632A5B 		.ascii	"6c*[\017]\321\340\021\306t\215t\244\272\342'\214\331"
 363      0F5DD1E0 
 363      11C6748D 
 363      74A4BAE2 
 363      278CD9
 364 0ab5 3799FD89 		.ascii	"7\231\375\211\026\203\223\350\227\324]cWuL\325$Q5\230"
 364      168393E8 
 364      97D45D63 
 364      57754CD5 
 364      24513598 
 365 0ac9 31D56594 		.ascii	"1\325e\224\322\215|Y\233\332\372\010j\204T\012v\275"
 365      D28D7C59 
 365      9BDAFA08 
ARM GAS  C:\Users\mvshv\AppData\Local\Temp\ccmRf1jQ.s 			page 29


 365      6A84540A 
 365      76BD
 366 0adb 71FC7A05 		.ascii	"q\374z\005\222\322\215^{\254F\350\317\365\330*\222\023"
 366      92D28D5E 
 366      7BAC46E8 
 366      CFF5D82A 
 366      9213
 367 0aed 9778FD0E 		.ascii	"\227x\375\016x}\002Z\273[\207\004\345k\372\245\271\354"
 367      787D025A 
 367      BB5B8704 
 367      E56BFAA5 
 367      B9EC
 368 0aff 2D9DC0EF 		.ascii	"-\235\300\357+\3413\275\270>\006\300(\0255!\305\204"
 368      2BE133BD 
 368      B83E06C0 
 368      28153521 
 368      C584
 369 0b11 88BDD114 		.ascii	"\210\275\321\024l\311$\320SR\256\343\027\3218\264\317"
 369      6CC924D0 
 369      5352AEE3 
 369      17D138B4 
 369      CF
 370 0b22 48890ECF 		.ascii	"H\211\016\317OH\331\216\355\231G\276\254\370\016\211"
 370      4F48D98E 
 370      ED9947BE 
 370      ACF80E89 
 371 0b32 52A2F6A1 		.ascii	"R\242\366\241R\255\343\227D\004<h\007?P\202\035\336"
 371      52ADE397 
 371      44043C68 
 371      073F5082 
 371      1DDE
 372 0b44 C5097684 		.ascii	"\305\011v\204[\321\260\022\375t\232\350\361\347l\242"
 372      5BD1B012 
 372      FD749AE8 
 372      F1E76CA2 
 373 0b54 1F29C172 		.ascii	"\037)\301rNKo\001\037\321,\235\230\226\245\344\032\344"
 373      4E4B6F01 
 373      1FD12C9D 
 373      9896A5E4 
 373      1AE4
 374 0b66 FD7E4F29 		.ascii	"\375~O)\351\256\2400r\374\273\262\221cJ\364m%\272\201"
 374      E9AEA030 
 374      72FCBBB2 
 374      91634AF4 
 374      6D25BA81 
 375 0b7a 5BD28812 		.ascii	"[\322\210\022\315\277\227A\2204\237\273\360T\2157\321"
 375      CDBF9741 
 375      90349FBB 
 375      F0548D37 
 375      D1
 376 0b8b 2011CE96 		.ascii	" \021\316\226f<tW&\265m\367\320:\330\264o\263\201\314"
 376      663C7457 
 376      26B56DF7 
 376      D03AD8B4 
 376      6FB381CC 
 377 0b9f 1BCFF2E8 		.ascii	"\033\317\362\350M\230\202=Q2\266g\367\204-\273\277\036"
 377      4D98823D 
ARM GAS  C:\Users\mvshv\AppData\Local\Temp\ccmRf1jQ.s 			page 30


 377      5132B667 
 377      F7842DBB 
 377      BF1E
 378 0bb1 3DDFA271 		.ascii	"=\337\242q\314ng\212U\337X+\310\274\274\365N\271\033"
 378      CC6E678A 
 378      55DF582B 
 378      C8BCBCF5 
 378      4EB91B
 379 0bc4 9FE5A998 		.ascii	"\237\345\251\230\317\362\365\230e9\264\304\200\233\211"
 379      CFF2F598 
 379      6539B4C4 
 379      809B89
 380 0bd3 2D7AE7C7 		.ascii	"-z\347\307\213\352\233\237-h\003\366\004aO\254\275M"
 380      8BEA9B9F 
 380      2D6803F6 
 380      04614FAC 
 380      BD4D
 381 0be5 022E6079 		.ascii	"\002.`yz\364\362\361\006\243Z`\347\011\371\261\012\372"
 381      7AF4F2F1 
 381      06A35A60 
 381      E709F9B1 
 381      0AFA
 382 0bf7 3A52532E 		.ascii	":RS.\351i\037\271\2217b\332y3k\310<\343O]\031\230\374"
 382      E9691FB9 
 382      913762DA 
 382      79336BC8 
 382      3CE34F5D 
 383 0c0e D4958EA5 		.ascii	"\324\225\216\245\337\272\212z\266\265\273J\277u=+\375"
 383      DFBA8A7A 
 383      B6B5BB4A 
 383      BF753D2B 
 383      FD
 384 0c1f 5E519258 		.ascii	"^Q\222X\002\323\274\010\014\245\311\376\205G\307\037"
 384      02D3BC08 
 384      0CA5C9FE 
 384      8547C71F 
 385 0c2f 963661F2 		.ascii	"\2266a\362\253P\323\366\204zW\274\227\331w,\247)\327"
 385      AB50D3F6 
 385      847A57BC 
 385      97D9772C 
 385      A729D7
 386 0c42 E547C562 		.ascii	"\345G\305b\233\025\316\203\374\271\020\227\314S\233"
 386      9B15CE83 
 386      FCB91097 
 386      CC539B
 387 0c51 99182E7D 		.ascii	"\231\030.}I\317\357\341\275)\023\377\010\346\355\230"
 387      49CFEFE1 
 387      BD2913FF 
 387      08E6ED98 
 388 0c61 9CC875E7 		.ascii	"\234\310u\347\335K~\211\222\335\233%\271\227\264\263"
 388      DD4B7E89 
 388      92DD9B25 
 388      B997B4B3 
 389 0c71 E22DAB16 		.ascii	"\342-\253\026\371\231\337_\035\025k\216\212\211\262"
 389      F999DF5F 
 389      1D156B8E 
 389      8A89B2
ARM GAS  C:\Users\mvshv\AppData\Local\Temp\ccmRf1jQ.s 			page 31


 390 0c80 BCBA6081 		.ascii	"\274\272`\201\217\375/6\336\347\203\260h\237\367b\303"
 390      8FFD2F36 
 390      DEE783B0 
 390      689FF762 
 390      C3
 391 0c91 E222E27D 		.ascii	"\342\"\342}BV\230CV\274\271\310\357\215W\314\001KC\374"
 391      42569843 
 391      56BCB9C8 
 391      EF8D57CC 
 391      014B43FC 
 392 0ca5 97BF1D68 		.ascii	"\227\277\035hz\207\215-\010wY\362\326o\274\374}}U\213"
 392      7A878D2D 
 392      087759F2 
 392      D66FBCFC 
 392      7D7D558B 
 393 0cb9 BFDD7C95 		.ascii	"\277\335|\225\321l\216\014\213\213\376\220\032\241\247"
 393      D16C8E0C 
 393      8B8BFE90 
 393      1AA1A7
 394 0cc8 BD4BE169 		.ascii	"\275K\341i63/<:6\374\217th\221\023\371\253c\343,D<\310"
 394      36332F3C 
 394      3A36FC8F 
 394      74689113 
 394      F9AB63E3 
 395 0ce0 F69134AC 		.ascii	"\366\2214\254]KF\314\321\321\021\013>PiBB\374\227\230"
 395      5D4B46CC 
 395      D1D1110B 
 395      3E506942 
 395      42FC9798 
 396 0cf4 0C66F39A 		.ascii	"\014f\363\232\250\030\013H\263\254\014\377Yh\370\007"
 396      A8180B48 
 396      B3AC0CFF 
 396      5968F807 
 397 0d04 51EF45C5 		.ascii	"Q\357E\305[\326DD\305\206Zbc\243\343C\337\217Y\343E"
 397      5BD64444 
 397      C5865A62 
 397      63A3E343 
 397      DF8F59E3 
 398 0d19 9FBCC2E2 		.ascii	"\237\274\302\342VyE\256z/2\"\"2\"t\361\202\205^~\013"
 398      567945AE 
 398      7A2F3222 
 398      22322274 
 398      F182855E 
 399 0d2f 7D17FFE9 		.ascii	"}\027\377\351\225P\350\1779&6&\362\345\310\260\367\242"
 399      9550E87F 
 399      39263626 
 399      F2E5C8B0 
 399      F7A2
 400 0d41 42A362C2 		.ascii	"B\243b\302\243\327DD\206\256\012\003Y1\221\241\346\210"
 400      A3D74444 
 400      86AE0A03 
 400      593191A1 
 400      E688
 401 0d53 C895616B 		.ascii	"\310\225ak\242-f\313\207\253#\343A\257\213M\337\357"
 401      A22D66CB 
 401      87AB23E3 
 401      41AF8B4D 
ARM GAS  C:\Users\mvshv\AppData\Local\Temp\ccmRf1jQ.s 			page 32


 401      DFEF
 402 0d65 FEA7FAE2 		.ascii	"\376\247\372\342?\214\0175\307[\"@8(\321\233\002C\002"
 402      3F8C0F35 
 402      C75B2240 
 402      3828D19B 
 402      024302
 403 0d78 4D6F0706 		.ascii	"Mo\007\006\274\212\375CL\352\327\003\374M\366\256\037"
 403      BC8AFD43 
 403      4CEAD703 
 403      FC4DF6AE 
 403      1F
 404 0d89 EB5F0B7E 		.ascii	"\353_\013~\335oYp\340[&\362\344\313\236l\243\257\350"
 404      DD6F5970 
 404      E05B26F2 
 404      E4CB9E6C 
 404      A3AFE8
 405 0d9c 5F0B7A7D 		.ascii	"_\013z}\2214\032d\307\005)q\213tD\012\364\220\326\227"
 405      91341A64 
 405      C7052971 
 405      8B74440A 
 405      F490D697 
 406 0db0 1FF1D311 		.ascii	"\037\361\323\021\011t$HB\0049\"|]\310\\S\310\012\023"
 406      09742448 
 406      42043922 
 406      7C5DC85C 
 406      53C80A13 
 407 0dc4 79F0250F 		.ascii	"y\360%\017\366\261\205.d6\033\013\262\201\202\030\010"
 407      F6B1852E 
 407      64361B0B 
 407      B2818218 
 407      08
 408 0dd5 FB2F35A9 		.ascii	"\373/5\251\375\337Xb\322\005/[FZ\301\337d\200\307\245"
 408      FDDF5862 
 408      D2052F5B 
 408      465AC1DF 
 408      6480C7A5 
 409 0de9 7E2184FB 		.ascii	"~!\204\373\261\"\012\302cW\255\212\215\361\211\\k\201"
 409      B1220AC2 
 409      6357AD8A 
 409      8DF1895C 
 409      6B81
 410 0dfb 00E06280 		.ascii	"\000\340b\200F\317\312W\026.^\273\026\\\345j\362\367"
 410      46CFCA57 
 410      162E5EBB 
 410      165CE56A 
 410      F2F7
 411 0e0d 37AF80CD 		.ascii	"7\257\200\315\011\210\\\251~\355\015\3232\315\262\345"
 411      09885CA9 
 411      7EED0DD3 
 411      32CDB2E5 
 412 0e1d FEBF069F 		.ascii	"\376\277\006\237\205\230L\350\267(H\023\036\0151(\305"
 412      85984CE8 
 412      B7284813 
 412      1E0D3128 
 412      C5
 413 0e2e 89EFAB66 		.ascii	"\211\357\253f\213\213\355\001\307GZ\234E6\037y\313\226"
 413      8B8BED01 
ARM GAS  C:\Users\mvshv\AppData\Local\Temp\ccmRf1jQ.s 			page 33


 413      C7475A9C 
 413      45361F79 
 413      CB96
 414 0e40 05F82C09 		.ascii	"\005\370,\011^\272\374\317~>rN\201V\274<\300\204\227"
 414      5EBAFCCF 
 414      7E3E724E 
 414      8156BC3C 
 414      C08497
 415 0e53 069834C1 		.ascii	"\006\2304\301\277\011\0160\351\226\207\004\007\006\006"
 415      BF090E30 
 415      E9968704 
 415      070606
 416 0e62 98B4CB57 		.ascii	"\230\264\313W\274\023\034h\322\274\271< \320D\214\011"
 416      BC131C68 
 416      D2BCB93C 
 416      20D0448C 
 416      09
 417 0e73 32729968 		.ascii	"2r\231hQ\207\255\214\213\306\261\021q\232\325kVG\304"
 417      5187AD8C 
 417      8BC6B111 
 417      719AD56B 
 417      5647C4
 418 0e86 E962E357 		.ascii	"\351b\343WGFF\304icIl\305iV\305FD\306\021\314\007F\212"
 418      474646C4 
 418      6963496C 
 418      C56956C5 
 418      4644C611 
 419 0e9e 07F3D6AC 		.ascii	"\007\363\326\2546[\264\301A\001a\2260m\360\022\326\274"
 419      365BB4C1 
 419      41016196 
 419      306DF012 
 419      D6BC
 420 0eb0 C19A40D6 		.ascii	"\301\232@\326\004\260\306\2375\257\263\3465\326,%\215"
 420      04B0C69F 
 420      35AFB3E6 
 420      35D62C25 
 420      8D
 421 0ec1 1B95151E 		.ascii	"\033\225\025\036\033\2632\352}\263Eo?\023<\351\223-"
 421      1BB332EA 
 421      7DB3456F 
 421      3F133CE9 
 421      932D
 422 0ed3 BAD9F8BF 		.ascii	"\272\331\370\277\001P\315}5"
 422      0150CD7D 
 422      35
 423              		.text
 424              		.section	.gnu.lto_.symtab.d61221,"",%progbits
 425 0000 5F5F6561 		.ascii	"__early_init\000"
 425      726C795F 
 425      696E6974 
 425      00
 426 000d 00       		.ascii	"\000"
 427 000e 00       		.ascii	"\000"
 428 000f 00       		.ascii	"\000"
 429 0010 00000000 		.ascii	"\000\000\000\000\000\000\000\000"
 429      00000000 
 430 0018 BD000000 		.ascii	"\275\000\000\000"
ARM GAS  C:\Users\mvshv\AppData\Local\Temp\ccmRf1jQ.s 			page 34


 431 001c 626F6172 		.ascii	"boardInit\000"
 431      64496E69 
 431      7400
 432 0026 00       		.ascii	"\000"
 433 0027 00       		.ascii	"\000"
 434 0028 00       		.ascii	"\000"
 435 0029 00000000 		.ascii	"\000\000\000\000\000\000\000\000"
 435      00000000 
 436 0031 BF000000 		.ascii	"\277\000\000\000"
 437 0035 73746D33 		.ascii	"stm32_clock_init\000"
 437      325F636C 
 437      6F636B5F 
 437      696E6974 
 437      00
 438 0046 00       		.ascii	"\000"
 439 0047 02       		.ascii	"\002"
 440 0048 00       		.ascii	"\000"
 441 0049 00000000 		.ascii	"\000\000\000\000\000\000\000\000"
 441      00000000 
 442 0051 C1000000 		.ascii	"\301\000\000\000"
 443              		.text
 444              		.section	.gnu.lto_.opts,"",%progbits
 445 0000 272D666D 		.ascii	"'-fmath-errno' '-fsigned-zeros' '-ftrapping-math' '"
 445      6174682D 
 445      6572726E 
 445      6F272027 
 445      2D667369 
 446 0033 2D666E6F 		.ascii	"-fno-trapv' '-fno-openmp' '-fno-openacc' '-mcpu=cor"
 446      2D747261 
 446      70762720 
 446      272D666E 
 446      6F2D6F70 
 447 0066 7465782D 		.ascii	"tex-m4' '-mno-thumb-interwork' '-mthumb' '-O2' '-fo"
 447      6D342720 
 447      272D6D6E 
 447      6F2D7468 
 447      756D622D 
 448 0099 6D69742D 		.ascii	"mit-frame-pointer' '-falign-functions=16' '-ffuncti"
 448      6672616D 
 448      652D706F 
 448      696E7465 
 448      72272027 
 449 00cc 6F6E2D73 		.ascii	"on-sections' '-fdata-sections' '-fno-common' '-flto"
 449      65637469 
 449      6F6E7327 
 449      20272D66 
 449      64617461 
 450 00ff 2700     		.ascii	"'\000"
 451              		.text
 452              		.comm	__gnu_lto_v1,1,1
 453              		.comm	__gnu_lto_slim,1,1
 454              		.ident	"GCC: (GNU Tools for Arm Embedded Processors 7-2017-q4-major) 7.2.1 20170904 (release) [ARM
ARM GAS  C:\Users\mvshv\AppData\Local\Temp\ccmRf1jQ.s 			page 35


DEFINED SYMBOLS
                            *ABS*:00000000 board.c
                            *COM*:00000001 __gnu_lto_v1
                            *COM*:00000001 __gnu_lto_slim

NO UNDEFINED SYMBOLS
