ARM GAS  C:\Users\mvshv\AppData\Local\Temp\ccx0sLug.s 			page 1


   1              		.cpu cortex-m4
   2              		.eabi_attribute 20, 1
   3              		.eabi_attribute 21, 1
   4              		.eabi_attribute 23, 3
   5              		.eabi_attribute 24, 1
   6              		.eabi_attribute 25, 1
   7              		.eabi_attribute 26, 1
   8              		.eabi_attribute 30, 2
   9              		.eabi_attribute 34, 1
  10              		.eabi_attribute 18, 4
  11              		.file	"chcore_v7m.c"
  12              		.section	.gnu.lto_.profile.d6081c,"",%progbits
  13 0000 789C6363 		.ascii	"x\234cc```\001bF\006]\011\000\000\352\000Q"
  13      60606001 
  13      6246065D 
  13      090000EA 
  13      0051
  14              		.text
  15              		.section	.gnu.lto_.icf.d6081c,"",%progbits
  16 0000 789C6363 		.ascii	"x\234cc``\020a@\000f\206\265k\357\034fd^\266}\3715v"
  16      60601061 
  16      40006686 
  16      B56BEF1C 
  16      66645EB6 
  17 0018 96278F56 		.ascii	"\226'\217V\237bd\000\000a\224\011<"
  17      9F626400 
  17      00619409 
  17      3C
  18              		.text
  19              		.section	.gnu.lto_.jmpfuncs.d6081c,"",%progbits
  20 0000 789C6363 		.ascii	"x\234cc``\340e@\000f(\301\002\242\001\002c\000\036"
  20      6060E065 
  20      40006628 
  20      C102A201 
  20      0263001E 
  21              		.text
  22              		.section	.gnu.lto_.inline.d6081c,"",%progbits
  23 0000 789C6363 		.ascii	"x\234cc``pe@\000f\006\006^\021F\006&\201\015\271\014"
  23      60607065 
  23      40006606 
  23      065E1146 
  23      0626810D 
  24 0016 6C0BE499 		.ascii	"l\013\344\231@bL\334`\011v6\2408\307\001;\2708\013\003"
  24      40624CDC 
  24      60097636 
  24      A038C701 
  24      3BB8380B 
  25 002b 17375088 		.ascii	"\0277P\210\347L\004\\\210\221\013D\002\000\3677\006"
  25      E74C045C 
  25      88910B44 
  25      0200F737 
  25      06
  26 003c 72       		.ascii	"r"
  27              		.text
  28              		.section	.gnu.lto_.pureconst.d6081c,"",%progbits
  29 0000 789C6363 		.ascii	"x\234cc``\340\002bf\206]\214\314\273\030Yv1\002\000"
  29      6060E002 
ARM GAS  C:\Users\mvshv\AppData\Local\Temp\ccx0sLug.s 			page 2


  29      6266865D 
  29      8CCCBB18 
  29      59763102 
  30 0015 0C38024C 		.ascii	"\0148\002L"
  31              		.text
  32              		.section	.gnu.lto__port_irq_epilogue.part.0.d6081c,"",%progbits
  33 0000 789C9D54 		.ascii	"x\234\235T\335k\024W\024?g\356\235\331\315v\022!\370"
  33      DD6B1457 
  33      143F67EE 
  33      9DD9CD76 
  33      1221F8
  34 0013 D0161F36 		.ascii	"\320\026\0376\017A\004\311\010>\264P|(\201\202\017K"
  34      0F4104C9 
  34      083EB450 
  34      7C288182 
  34      0F4B
  35 0025 4BF60F90 		.ascii	"K\366\017\2202\306Zj\262\313\356*y)\031\263\331d5\022"
  35      32C65A6A 
  35      B2CBEE2A 
  35      792919B3 
  35      D9643512 
  36 0039 A4B86B59 		.ascii	"\244\270kY&\335EA\373\225\266\251\3750\261\232\357D"
  36      26DD4541 
  36      FB95B6A9 
  36      FD30B19A 
  36      EF44
  37 004b 6D63AAA9 		.ascii	"mc\252\251\026j)6\211\241\365\243\264!\225*\230\355"
  37      166A2936 
  37      89A1F5A3 
  37      B421952A 
  37      98ED
  38 005d 39772689 		.ascii	"9w&\211\375\244t\230\271\037\347\236s~\347\234\337\271"
  38      FDA47498 
  38      B91FE79E 
  38      737EE79C 
  38      DFB9
  39 006f 6300C093 		.ascii	"c\000\300\223:\300\2734?G\037\006\000\215\303\227ha"
  39      3AC0BB34 
  39      3F471F06 
  39      008DC397 
  39      6861
  40 0081 A0A6664D 		.ascii	"\240\246fM\023\331\215\340\204$\217\246@\235\245\373"
  40      13D98DE0 
  40      84248FA6 
  40      409DA5FB 
  41 0091 837265A1 		.ascii	"\203re\241#\362\302\011\"\264\032\232\220:\266\342!"
  41      23F2C209 
  41      22B41A9A 
  41      903AB6E2 
  41      21
  42 00a2 7144E048 		.ascii	"qD\340H\347B\277\266\351\244C\317\320\321\245@\207\223"
  42      E742BFB6 
  42      E9A443CF 
  42      D0D1A540 
  42      8793
  43 00b4 79DC1500 		.ascii	"y\334\025\000y\372\370\301S\270\011Hm\266o9WiH\226\343"
  43      79FAF8C1 
ARM GAS  C:\Users\mvshv\AppData\Local\Temp\ccx0sLug.s 			page 3


  43      53B80948 
  43      6DB66F39 
  43      57694896 
  44 00c9 4768A801 		.ascii	"Gh\250\001I~\271\375\003Wt\011W J\332\3762U\230\253"
  44      497EB9FD 
  44      03577409 
  44      57204ADA 
  44      FE325598 
  45 00de E2AD8661 		.ascii	"\342\255\206a\332\036\2740\177l\235\330\212\354\341"
  45      DA1EBC30 
  45      7F6C9DD8 
  45      8AECE1
  46 00ed D6E08FF7 		.ascii	"\326\340\217\367\315\332\343\216\323\346\014\335+V\037"
  46      CDDAE38E 
  46      D3E60CDD 
  46      2B561F
  47 00fc 4F3BE71D 		.ascii	"O;\347\035\351\012\201\237\242`\257\237\340\006\374"
  47      E90A819F 
  47      A260AF9F 
  47      E006FC
  48 010b 183728D4 		.ascii	"\0307(\3245@<\215\265\036X?\241\256\312\333U\274\367"
  48      35403C8D 
  48      B51E583F 
  48      A1AECADB 
  48      55BCF7
  49 011e DE5C2F81 		.ascii	"\336\\/\201\017\362BA,t\215\237\013\210\247\325\372"
  49      0FF24241 
  49      2C748D9F 
  49      0B88A7D5 
  49      FA
  50 012f D7A5BE13 		.ascii	"\327\245\276\023\206\017W\236|ff\274\3039<\034t\205"
  50      860F579E 
  50      7C6666BC 
  50      C3393C1C 
  50      7485
  51 0141 C433FF8A 		.ascii	"\3043\377\212\367\031\343\015\020\336Y\316\222\006\004"
  51      F719E30D 
  51      10DE59CE 
  51      920604
  52 0150 102C259D 		.ascii	"\020,%\235\276\273\367\207\225\317\327T\255N\2443*\005"
  52      BEBBF787 
  52      95CFD754 
  52      AD4EA433 
  52      2A05
  53 0162 AF2A8FFA 		.ascii	"\257*\217\372\303sX\313\221\277\177Ew\234\345r\247\343"
  53      C37358CB 
  53      91BF7F45 
  53      779CE572 
  53      A7E3
  54 0174 7CB3B5DA 		.ascii	"|\263\265\332D`?\032\360\211P\243\004W\350:\015\006"
  54      44603F1A 
  54      F08950A3 
  54      0457E83A 
  54      0D06
  55 0186 40962ACE 		.ascii	"@\226*\316\024eiC\2638 45\337\306\375\263\345t\331\364"
  55      14656943 
  55      B3382034 
ARM GAS  C:\Users\mvshv\AppData\Local\Temp\ccx0sLug.s 			page 4


  55      35DFC6FD 
  55      B3E574D9 
  56 019b 02027895 		.ascii	"\002\002x\225\002\311w\347\213\262\346 \026\235\327"
  56      02C977E7 
  56      8BB2E620 
  56      169DD7
  57 01aa C3AE0870 		.ascii	"\303\256\010p\374\017g3s\025R#\354A\254Q\031M\314\236"
  57      FC0F6733 
  57      73155223 
  57      EC41AC51 
  57      194DCC9E 
  58 01be 1A304882 		.ascii	"\0320H\202C(\013T \300a\224\260\200ma\225\026\205\302"
  58      43280B54 
  58      20C06194 
  58      B0806D61 
  58      951685C2 
  59 01d2 52DADFE8 		.ascii	"R\332\337\350\352\036\257\3462\252\344\341\026\266-"
  59      EA1EAFE6 
  59      32AAE4E1 
  59      16B62D
  60 01e1 76BE2558 		.ascii	"v\276%XP\020\232\257\023V\347\247\331F#\215\264\333"
  60      50109AAF 
  60      1356E7A7 
  60      D946238D 
  60      B4DB
  61 01f3 D13BB3D3 		.ascii	"\321;\263\323S\021$\"\270\231\357\307\362\272\327\011"
  61      53112422 
  61      B899EFC7 
  61      F2BAD709 
  62 0203 37CAE5F2 		.ascii	"7\312\345\362:\034\241b\374\321R\260\357\245\037z2!"
  62      3A1CA162 
  62      FCD152B0 
  62      EFA51F7A 
  62      3221
  63 0215 9691CDFC 		.ascii	"\226\221\315\374\311\305\\\005\333\010\317\206D\356"
  63      C9C55C05 
  63      DB08CF86 
  63      44EE
  64 0223 CFD9EFCC 		.ascii	"\317\331\357\314\022\276\201\256\010\222c\034\345\222"
  64      12BE81AE 
  64      0892631C 
  64      E592
  65 0231 927C7279 		.ascii	"\222|rybJX\275\314{i\227+*p\014K\230S]\212\343hq+\336"
  65      624A58BD 
  65      CC7B6997 
  65      2B2A700C 
  65      4B98535D 
  66 024b 7C30AD9C 		.ascii	"|0\255\234\205\220\224\2028A\226*\227\263W\327{\221"
  66      85909482 
  66      3841962A 
  66      97B357D7 
  66      7B91
  67 025d 4A0E6125 		.ascii	"J\016a%$\366y{\276'(\272Q5\314\241w\026\337\023~\303"
  67      24F6797B 
  67      BE2728BA 
  67      5135CCA1 
  67      7716DF13 
ARM GAS  C:\Users\mvshv\AppData\Local\Temp\ccx0sLug.s 			page 5


  68 0273 5C2B9A05 		.ascii	"\\+\232\005g\250=\314\3552\371\327v\301\363\234\215"
  68      67A83DCC 
  68      ED32F9D7 
  68      76C1F39C 
  68      8D
  69 0284 0445CD68 		.ascii	"\004E\315h\256\362Omy\364ZHg\025\2775\265G\357\017^"
  69      AEF24F6D 
  69      79F45A48 
  69      6715BF35 
  69      B547EF0F 
  70 0299 A0625C64 		.ascii	"\240b\\d&/\252\326\202\036\276E\307\212\037\376\026"
  70      262FAAD6 
  70      821EBE45 
  70      C78A1FFE 
  70      16
  71 02aa AA79DBE7 		.ascii	"\252y\333\347\36316\350\235;\343\004\025\237\237\373"
  71      F33136E8 
  71      9D3BE304 
  71      159F9FFB 
  72 02ba 7C7E5B18 		.ascii	"|~[\0308\022b>\277`>%\235L\255\360\311\025f@\270\203"
  72      3812623E 
  72      BF603E25 
  72      9D4CADF0 
  72      C9156640 
  73 02d0 E9D260EE 		.ascii	"\351\322`\356\011/]\235\214\372\373\357\\\017\264>t"
  73      092F5D9D 
  73      8CFAFBEF 
  73      5C0FB43E 
  73      74
  74 02e1 A8F3CD3C 		.ascii	"\250\363\315<e\017x\011[\251\341*\341&\266_\037\035"
  74      650F7809 
  74      5BA9E12A 
  74      E126B65F 
  74      1F1D
  75 02f3 C335D57C 		.ascii	"\3035\325|fd:\300\365\243\270p\332O\365\000\331d7\012"
  75      66643AC0 
  75      F5A3B870 
  75      DA4FF500 
  75      D964370A 
  76 0307 AAE383CE 		.ascii	"\252\343\203\316\236\257K\350W\356\277\260\324\314,"
  76      9EAF4BE8 
  76      57EEBFB0 
  76      D4CC2C
  77 0316 7DA958E2 		.ascii	"}\251X\342D\361\262bi%\240,i,\222yU^\245r\205\242b4"
  77      44F1B262 
  77      6925A02C 
  77      692C9279 
  77      555EA572 
  78 032e B98A76F7 		.ascii	"\271\212v\367\177\240\315\254\241}\365Oh\364\033\305"
  78      7FA0CDAC 
  78      A17DF54F 
  78      68F41BC5 
  79 033e AB3E9AAE 		.ascii	"\253>\232\256n\330O\250y?\273,\231\222\200v[\352\352"
  79      6ED84FA8 
  79      793FBB2C 
  79      99928076 
  79      5BEAEA
ARM GAS  C:\Users\mvshv\AppData\Local\Temp\ccx0sLug.s 			page 6


  80 0351 ACD53796 		.ascii	"\254\3257\226\264\354XSS\254\331\212\307\022\251\244"
  80      B4EC5853 
  80      53ACD98A 
  80      C712A9A4 
  81 0361 F56C43A4 		.ascii	"\365lC\244>\322b\331\273\355X\242q\307\276\247\232\352"
  81      3ED262D9 
  81      BBED58A2 
  81      71C7BEA7 
  81      9AEA
  82 0373 6C9076AA 		.ascii	"l\220v\252%n$\032\223{\367\244\266\375\275qcK\212M\255"
  82      256E241A 
  82      937BF7A4 
  82      B6FDBD71 
  82      634B8A4D 
  83 0388 FA48747B 		.ascii	"\372Ht{\324\252'[k{\263\275g\357\316F\313nJ\276\234"
  83      D4AA275B 
  83      6B7BB3BD 
  83      67EFCE46 
  83      CB6E4ABE 
  84 039d DCF1926D 		.ascii	"\334\361\222m\327\355\0063\322\020\015\327n\331\034"
  84      D7ED0633 
  84      D2100DD7 
  84      6ED91C
  85 03ac 8E27E320 		.ascii	"\216'\343 \266%\240*\025\213?\277\353\205D\314\216\246"
  85      B625A02A 
  85      158B3FBF 
  85      EB8544CC 
  85      8EA6
  86 03be 5EB45F31 		.ascii	"^\264_1#\321\006>\333LJ\240%\340w\032\322\326A"
  86      23D1063E 
  86      DB4C4AA0 
  86      25E0771A 
  86      D2D641
  87              		.text
  88              		.section	.gnu.lto_SVC_Handler.d6081c,"",%progbits
  89 0000 789C9553 		.ascii	"x\234\225S\337O\024W\024>g\356\354\354*\353\217\370"
  89      DF4F1457 
  89      143E67EE 
  89      ECEC2AEB 
  89      8FF8
  90 0012 664ACC92 		.ascii	"fJ\314\222\206\244&\2061\361\241&\015\017\015/\362\260"
  90      86A42686 
  90      31F1A126 
  90      0D0F0D2F 
  90      F2B0
  91 0024 D1B07F80 		.ascii	"\321\260\177\200\321\351VH]w3\273\032\372\3200\354\362"
  91      D1E95648 
  91      5D7733BB 
  91      1AFAD030 
  91      ECF2
  92 0036 4BA1C644 		.ascii	"K\241\306DX\311f\011\212iKk\334\252\324_\250\313\012"
  92      58C96609 
  92      8A694B6B 
  92      DCAAD45F 
  92      A8CB0A
  93 0049 026A0B54 		.ascii	"\002j\013Tl\337\032\323.\224DH\332H\264\332\250\254"
  93      6CDF1AD3 
ARM GAS  C:\Users\mvshv\AppData\Local\Temp\ccx0sLug.s 			page 7


  93      2E944448 
  93      DA48B4DA 
  93      A8AC
  94 005b E7DC1915 		.ascii	"\347\334\031\025\221\304x\2633;\367\236\357\373\316"
  94      91C478B3 
  94      333BF79E 
  94      EFFBCE
  95 006a 39DFBD57 		.ascii	"9\337\275W\003\200\230\012\260@\377\037\320\203\002"
  95      0380980A 
  95      B040FF1F 
  95      D08302
  96 0079 5039320E 		.ascii	"P92\016P\357Q\020\371\303\362 \324)X\207m\242]\340`"
  96      50EF5110 
  96      F9C3F220 
  96      D4295887 
  96      6DA25DE0 
  97 008e F3CC6565 		.ascii	"\363\314ee\343w\026\215\334\261g\353\255\336\034\246"
  97      E377168D 
  97      DCB167EB 
  97      ADDE1CA6 
  98 009e 0540921E 		.ascii	"\005@\222\036\036\330\207\033\201`w\032\316\244E\253"
  98      1ED8871B 
  98      8160771A 
  98      CEA445AB 
  99 00ae 480B4495 		.ascii	"H\013D\225\246\017\306RS\253y\252\240\217\246\207nM"
  99      A60FC652 
  99      53AB79AA 
  99      A08FA687 
  99      6E4D
 100 00c0 F7AC115B 		.ascii	"\367\254\021[\220\221\263\003\367\377\367\226\236\264"
 100      9091B303 
 100      F7FFF796 
 100      9EB4
 101 00ce ACB8951B 		.ascii	"\254\270\225\033\351\334\320\223\260nZjZ\010\274\200"
 101      E9DCD093 
 101      B06E5A6A 
 101      5A08BC80 
 102 00de 8254F13C 		.ascii	"\202T\361<\026\343OX,\325\011\236?\273\320\261JS\361"
 102      16E34F58 
 102      2CD5099E 
 102      3FBBD0B1 
 102      4A53F1
 103 00f1 2296DA49 		.ascii	"\"\226\332I\361\022j\200\000\012/\021`\246u8\353\026"
 103      F1126A80 
 103      000A2F11 
 103      60A67538 
 103      EB16
 104 0103 5BA5F6A3 		.ascii	"[\245\366\243\207g\277\325\034\355\302\350'w\207\233"
 104      8767BFD5 
 104      1CEDC2E8 
 104      2777879B 
 105 0113 AC23D73D 		.ascii	"\254#\327=i\241\342\345\267\305\261\037K\177\234t\345"
 105      69A1E2E5 
 105      B7C5B11F 
 105      4B7F9C74 
 105      E5
 106 0124 AC854233 		.ascii	"\254\205B3\365V\334<z/\245\270\021\322\302EH\022W\345"
ARM GAS  C:\Users\mvshv\AppData\Local\Temp\ccx0sLug.s 			page 8


 106      F556DC3C 
 106      7A2FA5B8 
 106      11D2C245 
 106      481257E5 
 107 0138 DB258100 		.ascii	"\333%\201\000-\224\234\354\261rpP(\374\225\310\301\034"
 107      2D949CEC 
 107      B1727050 
 107      28FC95C8 
 107      C11C
 108 014a D6E70B89 		.ascii	"\326\347\013\211\202\367U\235\015\266Og\264m\262\316"
 108      82F7559D 
 108      0DB64F67 
 108      B46DB2CE 
 109 015a A4C0C53D 		.ascii	"\244\300\305=\260\016^A\015\257r\013W\355>\276\"@\362"
 109      B00E5E41 
 109      0DAF720B 
 109      57ED3EBE 
 109      2240F2
 110 016d 70B25B2D 		.ascii	"p\262[-9\204\335V\247/-4\346<\3177N\255P\025*\363\032"
 110      3984DD56 
 110      A72F2D34 
 110      E63CCF37 
 110      4EAD5015 
 111 0184 96482746 		.ascii	"\226H'F\362}\375\032\255`\026\325\224pQd\000U\230\301"
 111      F27DFD1A 
 111      AD6016D5 
 111      94705164 
 111      005598C1 
 112 0198 F89F5C02 		.ascii	"\370\237\\\002\313q\002\216\360Zkgb\035\227`\027?\213"
 112      CB71028E 
 112      F05A6B67 
 112      621D9760 
 112      173F8B
 113 01ab F1F9E683 		.ascii	"\361\371\346\203\202\027RB8\030\237\214_d\216 D\"\335"
 113      82175242 
 113      38189F8C 
 113      5F648E20 
 113      4422DD
 114 01be 34D6576C 		.ascii	"4\326WlC(\201X\274\215\210>\314\221oo\262T[\367y\237"
 114      43288158 
 114      BC8D883E 
 114      CC916F6F 
 114      B2545BF7 
 115 01d4 D766212F 		.ascii	"\327f!/\275\204\020}tn\272\313#\016\2434\241\355\324"
 115      BD84107D 
 115      746EBACB 
 115      230EA334 
 115      A1EDD4
 116 01e7 7C46387B 		.ascii	"|F8{\363\337\236\224\225k\360\361\306\\_fc\006Y\034"
 116      F3DF9E94 
 116      956BF0F1 
 116      C65C5F66 
 116      6306591C 
 117 01fb 6D77873A 		.ascii	"mw\207:V-q\367hVc\204c\260\262\310`\300!*\355\006\373"
 117      562D71F7 
 117      68566384 
 117      63B0B2C8 
ARM GAS  C:\Users\mvshv\AppData\Local\Temp\ccx0sLug.s 			page 9


 117      60C0212A 
 118 0212 4A2FF216 		.ascii	"J/\362\026\272\220\242=\335\347\236\254,\371\301q\327"
 118      BA90A23D 
 118      DDE79EAC 
 118      2CF9C171 
 118      D7
 119 0223 CD84D353 		.ascii	"\315\204\323SW,\217tw\330q\367\217T\177\373Jvw\204\335"
 119      572C8F74 
 119      77D871F7 
 119      8F547FFB 
 119      4A767784 
 120 0238 252E8EE2 		.ascii	"%.\216\342\353fdB\232\311l\337\334\236\034(\022\247"
 120      EB666442 
 120      9AC96CDF 
 120      DC9E1C28 
 120      12A7
 121 024a EDB6BECF 		.ascii	"\355\266\276\317\234\350|y\234\377\315|\324\225h\375"
 121      9CE87C79 
 121      9CFFCD7C 
 121      D49568FD 
 122 025a DA3A1E5F 		.ascii	"\332:\036_\313\255\335\\\246\265[\362\314&\033\007'"
 122      CBADDD5C 
 122      A6B55BF2 
 122      CC261B07 
 122      27
 123 026b DCECAB8A 		.ascii	"\334\354\253\212\200\267)6\207\361|\341\344\323\267"
 123      80B72936 
 123      87F17CE1 
 123      E4D3B7
 124 027a 5AFD4D73 		.ascii	"Z\375Ms\332\024\260$4\227\331\332K\342?sP]\032\234\355"
 124      DA14B024 
 124      3497D9DA 
 124      4BE23F73 
 124      505D1A9C 
 125 028f 129C09F0 		.ascii	"\022\234\011\360\027\016\273\336\260h\214\272\031g\213"
 125      170EBBDE 
 125      B0688CBA 
 125      19678B
 126 029e C6D922A4 		.ascii	"\306\331\"\244\246\336e\321\204c\321B\367_\331\"\266"
 126      A6DE65D1 
 126      8463D142 
 126      F75FD922 
 126      B6
 127 02af E8575465 		.ascii	"\350WTe\325\200w\344m\357\315\016\375\355-y\354\260"
 127      D58077E4 
 127      6DEFCD0E 
 127      FDED2D79 
 127      ECB0
 128 02c1 3D8C9DCF 		.ascii	"=\214\235\317\234\373\275H\262'\231\215w\0353\245\003"
 128      9CFBBD48 
 128      B227998D 
 128      771D33A5 
 128      03
 129 02d2 00FFF009 		.ascii	"\000\377\360\011=\365\241\274\313<Z\310q\272R\204\337"
 129      3DF5A1BC 
 129      CB3C5AC8 
 129      71BA5284 
ARM GAS  C:\Users\mvshv\AppData\Local\Temp\ccx0sLug.s 			page 10


 129      DF
 130 02e3 5C56A6BF 		.ascii	"\\V\246\277\372\205\243\272\021\016\205\302\373\364"
 130      FA85A3BA 
 130      110E85C2 
 130      FBF4
 131 02f1 48D88C45 		.ascii	"H\330\214E\365O\253\374\025\376Z\335\2506\302fp\347"
 131      F54FABFC 
 131      15FE5ADD 
 131      A836C266 
 131      70E7
 132 0303 818F4365 		.ascii	"\201\217Ce\006\250F\2546\242\231\301\350\376\275\261"
 132      06A846AC 
 132      36A299C1 
 132      E8FEBDB1 
 133 0313 F2E5C9C1 		.ascii	"\362\345\311\301\332\030S\365\012\177\2402\240W\020"
 133      DA1853F5 
 133      0A7FA032 
 133      A05710
 134 0322 57AFDC67 		.ascii	"W\257\334g\354\335\377YP7B\321\232\350\316=\206QV\015"
 134      ECDDFF59 
 134      503742D1 
 134      9AE8CE3D 
 134      8651560D 
 135 0336 5E7F55C0 		.ascii	"^\177U\300W\272y\223/\022\215\200(7au,\034\331\376\371"
 135      57BA7993 
 135      2F128D80 
 135      28376175 
 135      2C1CD9FE 
 136 034b 0E336C04 		.ascii	"\0163l\004b\273\214/\274\376@\025\3076\021\010\024\023"
 136      62BB8C2F 
 136      BCFE4015 
 136      C7361108 
 136      1413
 137 035d DCBB7745 		.ascii	"\334\273wE\203;\314\232\367,\271\032\326\262\020\223"
 137      833BCC9A 
 137      F72CB91A 
 137      D6B21093 
 138 036d 23668D14 		.ascii	"#f\215\024s\207\202\241\260\371%\274\000\344\350\262"
 138      738782A1 
 138      B0F925BC 
 138      00E4E8B2 
 139 037d 2C       		.ascii	","
 140              		.text
 141              		.section	.gnu.lto__port_irq_epilogue.d6081c,"",%progbits
 142 0000 789C9553 		.ascii	"x\234\225S[KTQ\024^\353\354sf&G\305\307\014\037F\302"
 142      5B4B5451 
 142      145EEBEC 
 142      73662647 
 142      C5C70C1F 
 143 0016 07233C42 		.ascii	"\007#<BRO\006\341\223\204\020\372\003\244\246!\205\306"
 143      524F06E1 
 143      938410FA 
 143      03A4A621 
 143      85C6
 144 0028 91190B7B 		.ascii	"\221\031\013{r\217\216\267\212\010S3\033\323\224(\303"
 144      728F8EB7 
 144      8A085333 
ARM GAS  C:\Users\mvshv\AppData\Local\Temp\ccx0sLug.s 			page 11


 144      1BD39428 
 144      C3
 145 0039 4B995DC6 		.ascii	"K\231]\306\353\244\231\345])\220\346A\362V\231E\226"
 145      EBA499E5 
 145      5D2990E6 
 145      41F25699 
 145      4596
 146 004b 0F0AA6AD 		.ascii	"\017\012\246\255}f2\323(\332\3149g\357u\331\337Z\337"
 146      7D6632D3 
 146      28DACC39 
 146      67EF75D9 
 146      DF5ADF
 147 005e FA460700 		.ascii	"\372F\007\000K\014\240\217\276\361\364\240\016P\272"
 147      4B0CA08F 
 147      BEF1F4A0 
 147      0E50BA
 148 006d 3C02E034 		.ascii	"<\002\3404H\022\233\015\007\036$7\304\001\017f\250\010"
 148      48129B0D 
 148      071E2437 
 148      C4010F66 
 148      A808
 149 007f 33CAFEAF 		.ascii	"3\312\376\257\323\240 \212\0157 \344HLV0\007/\262R\206"
 149      D3A0208A 
 149      0D3720E4 
 149      484C5630 
 149      072FB252 
 150 0094 3D85F31E 		.ascii	"=\205\363\036)\3726\247\345\275\272\254/\340\371\273"
 150      29FA36A7 
 150      E5BDBAAC 
 150      2FE0F9BB 
 151 00a4 DD04504E 		.ascii	"\335\004PN\217X\370\000\243\201\302\246\357\257\227"
 151      8F58F800 
 151      A381C2A6 
 151      EFAF97
 152 00b3 85E864BF 		.ascii	"\205\350d\277\035[\005.m\232'\024/_\337(\344\336\265"
 152      1D5B052E 
 152      6D9A2714 
 152      2F5FDF28 
 152      E4DEB5
 153 00c6 3AAC3A6A 		.ascii	":\254:j\220\300\315\220\211\027@\021E\022\"\367B1\223"
 153      90C0CD90 
 153      89174011 
 153      451222F7 
 153      423193
 154 00d9 C42ECF0B 		.ascii	"\304.\317\013\363(\211\313\306]\367\334\354\002s3\011"
 154      F32889CB 
 154      C65DF7DC 
 154      EC027333 
 154      09
 155 00ea 653A2E0D 		.ascii	"e:.\015W\316\204\212#C\023\035o\015Lt\033\331\001\024"
 155      57CE848A 
 155      2343131D 
 155      6F0D4C74 
 155      1BD90114 
 156 00fe 91F54D37 		.ascii	"\221\365M7+\202\243\3528\317\345\336\251\376}\327&\337"
 156      2B82A3EA 
 156      38CFE5DE 
ARM GAS  C:\Users\mvshv\AppData\Local\Temp\ccx0sLug.s 			page 12


 156      A9FE7DD7 
 156      26DF
 157 0110 735EC2D1 		.ascii	"s^\302\321\315d|\214\214\212\301G\030\201\0171\302_"
 157      CD647C8C 
 157      8C8AC147 
 157      18810F31 
 157      C25F
 158 0122 EC138CA2 		.ascii	"\354\023\214\242\244\302\017\274S\026\367\311hB\017"
 158      A4C20FBC 
 158      5316F7C9 
 158      68420F
 159 0131 F93E62EE 		.ascii	"\371>b\356\364\267K\255S\270\331\210K\353\367\312\212"
 159      F4B74BAD 
 159      53B8D988 
 159      4BEBF7CA 
 159      8A
 160 0142 5EEBA59C 		.ascii	"^\353\245\234!ls\371\336\035\016\007l\023>i\273o\342"
 160      216C73F9 
 160      DE1D0E07 
 160      6C133E69 
 160      BB6FE2
 161 0155 3A134880 		.ascii	":\023H\200\355\302\315\266\322\203\035\250\303N\301"
 161      EDC2CDB6 
 161      D2831DA8 
 161      C34EC1
 162 0164 0EBD9038 		.ascii	"\016\275\2208\272+0k\253[V\202\"\333\261\232W\230\334"
 162      BA2B306B 
 162      AB5B5682 
 162      22DBB19A 
 162      5798DC
 163 0177 4C11098D 		.ascii	"L\021\011\2153\355\334 KTs\027F\202\260|Y|\345\223\310"
 163      33EDDC20 
 163      4B547317 
 163      4682B07C 
 163      597CE593 
 164 018c 82DD3434 		.ascii	"\202\33544Q5\240W\243\347NW\357\\pdW ['b\2776\265\274"
 164      5135A057 
 164      A3E74E57 
 164      EF5C7064 
 164      57205B27 
 165 01a5 366AD94F 		.ascii	"6j\331OE6\366\240L\334\346\2324\006\000\026\260\247"
 165      4536F6A0 
 165      4CDCE69A 
 165      34060016 
 165      B0A7
 166 01b7 6DB57663 		.ascii	"m\265vc\022Es\225L\242\214\362\374\236Q\275\340D\257"
 166      12457395 
 166      4CA28CF2 
 166      FC9E51BD 
 166      E044AF
 167 01ca B5EAF474 		.ascii	"\265\352\364t\224*\376#\177\223\307C\311\2640\276<\246"
 167      942AFE23 
 167      7F93C743 
 167      C9B430BE 
 167      3CA6
 168 01dc D4E00D27 		.ascii	"\324\340\015'\265H8\006|F\314\366\212:\310Yr\276\276"
 168      B5483806 
ARM GAS  C:\Users\mvshv\AppData\Local\Temp\ccx0sLug.s 			page 13


 168      7C46CCF6 
 168      8A3AC859 
 168      72BEBE
 169 01ef 3E486DE4 		.ascii	">Hm\344.\247\360\355\302>\254\3012M\"\370\034U\002\314"
 169      2EA7F0ED 
 169      C23EACC1 
 169      324D22F8 
 169      1C5502CC 
 170 0203 5B2BA857 		.ascii	"[+\250W\374p\314\217\370ih\256V\233\002\"\017\303~\272"
 170      FC70CC8F 
 170      F86968AE 
 170      569B0222 
 170      0FC37EBA 
 171 0217 680E5DBE 		.ascii	"h\016]\276\336\270@\020E4/zVC\374\021\200/\0023,&Bg"
 171      DEB84010 
 171      45342F7A 
 171      5643FC11 
 171      802F0233 
 172 022f C3492B8B 		.ascii	"\303I+\213\3104\235Q\240\307\263\350\323\347|\347\006"
 172      C8349D51 
 172      A0C7B3E8 
 172      D3E77CE7 
 172      06
 173 0240 370B2A67 		.ascii	"7\013*g2\201\276\304\034R\231Q\213\227\241!\356\227"
 173      3281BEC4 
 173      1C529951 
 173      8B97A121 
 173      EE97
 174 0252 B67E57CC 		.ascii	"\266~W\314\301\177)f@S\314&;2U2\3707\305T\032\003\212"
 174      C17F2966 
 174      4053CC26 
 174      3B325532 
 174      F837C554 
 175 0269 517628A6 		.ascii	"Qv(\246\177\357\036\300!\341\323m\367-T1\201\0048\274"
 175      7FEF1EC0 
 175      21E1D36D 
 175      F72D5431 
 175      810438BC 
 176 027d 53312324 		.ascii	"S1#$\224Q\241\230\321-\212Y\257~\333e\374)\206AM\014"
 176      9451A198 
 176      D12D8A59 
 176      AF7EDB65 
 176      FC298641 
 177 0293 639A18B6 		.ascii	"c\232\030\266O~|s\362\342~\215\017%\360g\373L\204h\253"
 177      4F7E7C73 
 177      F2E27E8D 
 177      0F25F067 
 177      FB4C8468 
 178 02a8 88E44D26 		.ascii	"\210\344M&:\305\306\304\250\233?\233C5\333\254V[\206"
 178      3AC5C6C4 
 178      A89B3F9B 
 178      4335DBAC 
 178      565B86
 179 02bb 9A69B367 		.ascii	"\232i\263g9\324#\311I\011I\331\2529\315l\263[R\317\036"
 179      39D423C9 
 179      490949D9 
 179      AA39CD6C 
ARM GAS  C:\Users\mvshv\AppData\Local\Temp\ccx0sLug.s 			page 14


 179      B35B52CF 
 180 02d0 B2C69841 		.ascii	"\262\306\230A\177\342\270\303r\314\236\376\237\211i"
 180      7FE2B8C3 
 180      72CC9EFE 
 180      9F8969
 181 02df 10FFE704 		.ascii	"\020\377\347\004Kv\226\010W\023\222R\022S\324\004\212"
 181      4B769608 
 181      57139252 
 181      1253D404 
 181      8A
 182 02f0 571333CC 		.ascii	"W\0233\314\247\317\234\264\250f\253#\335\221z\312l\246"
 182      A7CF9CB4 
 182      A866AB23 
 182      DD917ACA 
 182      6CA6
 183 0302 ECB0A494 		.ascii	"\354\260\244\224d\223\200\316\264\247\3577E\305\202"
 183      649380CE 
 183      B4A7EF37 
 183      45C582
 184 0311 6407BDD5 		.ascii	"d\007\275\325b\265\331\317\301\017\327\005\202\271"
 184      62B5D9CF 
 184      C10FD705 
 184      82B9
 185              		.text
 186              		.section	.gnu.lto_.symbol_nodes.d6081c,"",%progbits
 187 0000 789C6363 		.ascii	"x\234cc``\250\001b\006\246\205L\365\014\014\023\316"
 187      6060A801 
 187      6206A685 
 187      4CF50C0C 
 187      13CE
 188 0012 3130D433 		.ascii	"10\32430\356l9\330\340\300\300\3008\233\251\236\021"
 188      30EE6C39 
 188      D8E0C0C0 
 188      C0389BA9 
 188      9E11
 189 0024 2CC6C0D0 		.ascii	",\306\300\320\260\000$0\207\251\236\011Y\200i\006S="
 189      B0002430 
 189      87A99E09 
 189      59806906 
 189      533D
 190 0036 335417C3 		.ascii	"3T\027\303\256\006G\240\310L\246z\026\024\021\306YL"
 190      AE0647A0 
 190      C84CA67A 
 190      161411C6 
 190      594C
 191 0048 F5AC304D 		.ascii	"\365\2540M c\231\031X\031\226\264\277\221gfa`x\364R"
 191      20639919 
 191      581996B4 
 191      BF916766 
 191      616078F4 
 192 005d 870100BB 		.ascii	"\207\001\000\273\366\036\346"
 192      F61EE6
 193              		.text
 194              		.section	.gnu.lto_.refs.d6081c,"",%progbits
 195 0000 789C6363 		.ascii	"x\234cc``\340\004b&\006&F~&&\001\006\000\001\213\000"
 195      6060E004 
 195      62260626 
ARM GAS  C:\Users\mvshv\AppData\Local\Temp\ccx0sLug.s 			page 15


 195      467E2626 
 195      01060001 
 196 0016 38       		.ascii	"8"
 197              		.text
 198              		.section	.gnu.lto_.decls.d6081c,"",%progbits
 199 0000 789CBD58 		.ascii	"x\234\275XyPTG\032\237~=\034\003\003XHv\315\026Uk%T"
 199      79505447 
 199      1A9F7E3D 
 199      1C030358 
 199      4876CD16 
 200 0018 C91F1BC0 		.ascii	"\311\037\033\300\304\252\244\266\262[A\324\225?\334"
 200      C4AAA4B6 
 200      B25B41D4 
 200      953FDC
 201 0027 584392DA 		.ascii	"XC\222\332\324R5!\303D\330pef\330\350\037\251}\010("
 201      D4523521 
 201      C344D870 
 201      6566D8E8 
 201      1FA97D08 
 202 003c 8A46543C 		.ascii	"\212FT<@\024\024T\024P<\000\005\345\024P\3440\243\234"
 202      40141454 
 202      14503C00 
 202      05E51450 
 202      E430A39C 
 203 0050 0139442E 		.ascii	"\0019D.\221\313[P\366\353\3567\274\307\003LR\265\265"
 203      91CB5B50 
 203      F6EBEE37 
 203      BCC7034C 
 203      52B5B5
 204 0063 AFFCE6F1 		.ascii	"\257\374\346\361\365\373\372\367\235\375u\267\326\012"
 204      F5FBFAF7 
 204      9DFD75B7 
 204      D60A
 205 0071 85E28725 		.ascii	"\205\342\207%\012\3058V(b\220B1\015\217\022\306\312"
 205      0AC53856 
 205      28629042 
 205      310D8F12 
 205      C6CA
 206 0083 14E2630D 		.ascii	"\024\342c\015T\004T\014T\012T\016t\015\250V1\367\371"
 206      5404540C 
 206      540A540E 
 206      740DA856 
 206      31F7F9
 207 0096 1E309CE0 		.ascii	"\0360\234\340\375\025\2203\220\013\320\020\3208\320"
 207      FD159033 
 207      900BD010 
 207      D038D0
 208 00a5 32A06AA0 		.ascii	"2\240j\240I\240~ 3\220\026\350\025\320k\240\233@\323"
 208      49A07E20 
 208      339016E8 
 208      15D06BA0 
 208      9B40D3
 209 00b8 401C501F 		.ascii	"@\034P\037P\267D\267\022pU\210\351\264\330!\177b\211"
 209      50B744B7 
 209      12705588 
 209      E9B4D821 
 209      7F6289
ARM GAS  C:\Users\mvshv\AppData\Local\Temp\ccx0sLug.s 			page 16


 210 00cb CC1B744F 		.ascii	"\314\033tO\012\272\034\221\350W\271\004{\021\2203\320"
 210      0ABA1C91 
 210      E857B904 
 210      7B119033 
 210      D0
 211 00dc 5B682EF6 		.ascii	"[h.\3666\030S\013\330\313$\370\343\022\314P\240o\201"
 211      3618530B 
 211      D8CB24F8 
 211      E312CC50 
 211      A06F81
 212 00ef 96038501 		.ascii	"\226\003\205\001\025\3028\201\372\022~l\204\230E\300"
 212      15C23881 
 212      FA127E6C 
 212      849845C0 
 213 00ff DF064107 		.ascii	"\337\006A\007\361\313\242S\376$bTXv\265\304\276\023"
 213      F1CBA253 
 213      FE246254 
 213      5876B5C4 
 213      BE13
 214 0111 75208807 		.ascii	"u \210\007ZDG\021b\277\360&D\371i\313\203\3308\214r"
 214      5A444711 
 214      62BFF026 
 214      44F969CB 
 214      83D8388C 
 215 0126 EC258812 		.ascii	"\354%\210\022\3062\005\315\214p\002\006g\301\245\377"
 215      C63205CD 
 215      8C700206 
 215      67C1A5FF 
 216 0136 04002445 		.ascii	"\004\000$Ee\337\231:\313\303<c\177H\346\261!NT&\231"
 216      65DF993A 
 216      CBC33C63 
 216      7F48E6B1 
 216      214E5426 
 217 014b 32C756C5 		.ascii	"2\307V\305\314\347\031\243D'\221\020\204\306\341\035"
 217      CCE719A3 
 217      44279110 
 217      84C6E11D 
 218 015b 67D45DE8 		.ascii	"g\324]\350.|\375R\241H\260\205\030\303\350\324\316\342"
 218      2E7CFD52 
 218      A148B085 
 218      18C3E8D4 
 218      CEE2
 219 016d 7C35E6E8 		.ascii	"|5\346\350\337\031\275\307\317\333bW\372\367-sq\205"
 219      DF19BDC7 
 219      CFDB6257 
 219      FAF72D73 
 219      7185
 220 017f 934736CF 		.ascii	"\223G6\317\036\333\024\254@\371\010[\002Z9\375\254\324"
 220      1EDB14AC 
 220      40F9085B 
 220      025A39FD 
 220      ACD4
 221 0191 291E2367 		.ascii	")\036#g;\304\001k\036\253=l\017\254\213\035Z\004l\366"
 221      3BC4016B 
 221      1EAB3D6C 
 221      0FAC8B1D 
 221      5A046CF6 
ARM GAS  C:\Users\mvshv\AppData\Local\Temp\ccx0sLug.s 			page 17


 222 01a5 8EE944AB 		.ascii	"\216\351D\253%\373\311\304\204h~\021\207\276\372\035"
 222      25FBC9C4 
 222      84687E11 
 222      87BEFA1D 
 223 01b5 BA8C5CD1 		.ascii	"\272\214\\\321%\344\012\346\024\"X$(L\311\220\036\345"
 223      25E40AE6 
 223      14225824 
 223      284CC990 
 223      1EE5
 224 01c7 6E6DE1DE 		.ascii	"nm\341\336I\343K\273\370\322\321d\367\324\332-q\267"
 224      49E34BBB 
 224      F8D2D164 
 224      F7D4DA2D 
 224      71B7
 225 01d9 60DE5754 		.ascii	"`\336WT\016\345!\214\012\220\007\361\"\217hG\027Q\027"
 225      0EE5218C 
 225      0A9007F1 
 225      228F6847 
 225      175117
 226 01ec 42175027 		.ascii	"B\027P'8Q\204\336\201\371\017\353\316\237w\302[\020"
 226      385184DE 
 226      81F90FEB 
 226      CE9F77C2 
 226      5B10
 227 01fe 35FACD8A 		.ascii	"5\372\315\212\257\316R\334\030W\220o\013\212\273x\276"
 227      AFCE52DC 
 227      1857906F 
 227      0B8ABB78 
 227      BE
 228 020f B43F6BC5 		.ascii	"\264?k\305\253\334\001>\316\216\012\241+\242\326+\202"
 228      ABDC013E 
 228      CE8E0AA1 
 228      2BA2D62B 
 228      82
 229 0220 CFA8986A 		.ascii	"\317\250\230j\353\356:>a\217\353\230\266\216\330=SN"
 229      EBEE3A3E 
 229      618FEB98 
 229      B68ED83D 
 229      534E
 230 0232 02C2C40F 		.ascii	"\002\302\304\017\311|9Gg\227\210\263K,\263K\351\354"
 230      C97C3947 
 230      679788B3 
 230      4B2CB34B 
 230      E9EC
 231 0244 CCCAC7C7 		.ascii	"\314\312\307\3071\356f\263\267\346=\033s\204\331i\324"
 231      31EE66B3 
 231      B7E63D1B 
 231      7384D969 
 231      D4
 232 0255 F18FFA2F 		.ascii	"\361\217\372/\362|,\330\255\244\030e\"F\231\334\357"
 232      F27C2CD8 
 232      ADA41865 
 232      224699DC 
 232      EF
 233 0266 728AD539 		.ascii	"r\212\3259\366\250\332\036?dX7\317\027\334\306\002\226"
 233      F6A8DA1E 
 233      3F645837 
ARM GAS  C:\Users\mvshv\AppData\Local\Temp\ccx0sLug.s 			page 18


 233      CF17DCC6 
 233      0296
 234 0278 F98FC97C 		.ascii	"\371\217\311|\351f\236\217b\326T\210H\025r\244k\024"
 234      E9669E8F 
 234      62D65488 
 234      481572A4 
 234      6B14
 235 028a 29EDE0D3 		.ascii	")\355\340\323Ak\314\263\022\250\253\274}\320\006'SF"
 235      416BCCB3 
 235      12A8ABBC 
 235      7DD00627 
 235      5346
 236 029c 79E85AFE 		.ascii	"y\350Z\376\210=R\271\"\010!r\337\312\363\000\033\235"
 236      883D52B9 
 236      22082172 
 236      DFCAF300 
 236      1B9D
 237 02ae 00EB0C7D 		.ascii	"\000\353\014}\340\212\274\\\025\250\006\271\243j\004"
 237      E08ABC5C 
 237      15A806B9 
 237      A36A04
 238 02bd 8D025D07 		.ascii	"\215\002]\007\221\033\020\345d\336\226\216$\363q<\277"
 238      911B10E5 
 238      64DE968E 
 238      24F3713C 
 238      BF
 239 02ce 88FE79C2 		.ascii	"\210\376y\302RC\012\302\242*!&,\013\323Uc\331\266\322"
 239      52430AC2 
 239      A22A2126 
 239      2C0BD355 
 239      63D9B6D2 
 240 02e2 8C111131 		.ascii	"\214\021\0211e7g\245\354a\377\341\343*!\340\325\265"
 240      653767A5 
 240      EC61FFE1 
 240      E32A21E0 
 240      D5B5
 241 02f4 1FBF1452 		.ascii	"\037\277\024R\006B\250Rt\263\322\022\364Z\352\336O1"
 241      0642A852 
 241      74B3D212 
 241      F45AEADE 
 241      4F31
 242 0306 B9299895 		.ascii	"\271)\230\225\252\022\330\361\272\344{\216\254T\227"
 242      AA12D8F1 
 242      BAE47B8E 
 242      AC5497
 243 0315 023B1273 		.ascii	"\002;\022s\277\313\236}]\002lT^\372.5\276\306b\221\332"
 243      BFCB9E7D 
 243      5D026C54 
 243      5EFA2E35 
 243      BEC66291 
 244 032a 3E9E6383 		.ascii	">\236c\203oP\206k\232\036\030\260Cj\367\355$\012i\321"
 244      6F50866B 
 244      9A1E18B0 
 244      436AF7ED 
 244      240A69D1 
 245 033e BC6A2D29 		.ascii	"\274j-)\256z\260\264\016,E\267!\022Z\265`\002\365\270"
 245      AE7AB0B4 
ARM GAS  C:\Users\mvshv\AppData\Local\Temp\ccx0sLug.s 			page 19


 245      0E2C45B7 
 245      21125AB5 
 245      6002F5B8 
 246 0352 B4B96D45 		.ascii	"\264\271mEJ1\317/Ef\244F?\211\366i\325\314\233\375\007"
 246      4A31CF2F 
 246      4566A446 
 246      3F89F669 
 246      D5CC9BFD 
 247 0367 4EB7A8F0 		.ascii	"N\267\250\3604\323eYA\316l\005=HikS\343\315\230~\273"
 247      34D36559 
 247      41CE6C05 
 247      3D48696B 
 247      53E3CD98 
 248 037d 503D5EAD 		.ascii	"P=^\255\302\333\030\223\\\364\270\306\212\011\332\002"
 248      C2DB1893 
 248      5CF4B8C6 
 248      8A09DA02 
 249 038d DB7A2B37 		.ascii	"\333z+7\336\021\357d\337\266\244W\274p\300\011\214\311"
 249      DE11EF64 
 249      DFB6A457 
 249      BC70C009 
 249      8CC9
 250 039f 1CEA9CC2 		.ascii	"\034\352\234\302x/c&/W\362\266x?cNV\267V;\341$\306X"
 250      782F6326 
 250      2F57F2B6 
 250      783F634E 
 250      56B7563B 
 251 03b7 E2E1CCE2 		.ascii	"\342\341\314\342qf\240$\305\216\205\207\207\225m\267"
 251      7166A024 
 251      C58E8587 
 251      87956DB7 
 252 03c7 AFFED246 		.ascii	"\257\376\322F\344F\036w\267\305nn\307\210\367d\2714"
 252      E4461E77 
 252      B7C56E6E 
 252      C788F764 
 252      B934
 253 03d9 9807787E 		.ascii	"\230\007x~\217\232\372\326\006\276\365\243\305b0Zh\356"
 253      8F9AFAD6 
 253      06BEF5A3 
 253      C562305A 
 253      68EE
 254 03eb 96C38F82 		.ascii	"\226\303\217\202M\250\371\007\324d\014\246\322w\344"
 254      4DA8F907 
 254      D4640CA6 
 254      D277E4
 255 03fa D20D72E9 		.ascii	"\322\015r\351\211OE\351\326\371\261\353\221(\336#\021"
 255      894F45E9 
 255      D6F9B1EB 
 255      9128DE23 
 255      11
 256 040b FF592EEE 		.ascii	"\377Y.\356)\227n\223H\267\317+M-a)ljX\024\305\363\210"
 256      29976E93 
 256      48B7CF2B 
 256      4D2D6129 
 256      6C6A5814 
 257 0422 082984F4 		.ascii	"\010)\204\364)f\220\232Z\234\217E\363\327\275(\324\255"
 257      2966909A 
ARM GAS  C:\Users\mvshv\AppData\Local\Temp\ccx0sLug.s 			page 20


 257      5A9C8F45 
 257      F3D7BD28 
 257      D4AD
 258 0434 F9BD629A 		.ascii	"\371\275b\232w\323\362\006BJ\005,<W\350\301 \321!L\001"
 258      77D3F206 
 258      424A052C 
 258      3C57E8C1 
 258      20D1214C 
 259 0449 5C741FCA 		.ascii	"\\t\037\312\247\027\271\241{@]@=@\203@\003@\335@}\310"
 259      A717B9A1 
 259      7B405D40 
 259      3D408340 
 259      0340DD40 
 260 045f 4DA2B95C 		.ascii	"M\242\271\\\022\316&\271\342\3069\001z)q\271y~q\352"
 260      12CE26B9 
 260      E2C63901 
 260      7A2971B9 
 260      797E71EA 
 261 0473 33A4FF75 		.ascii	"3\244\377u\022\377\312^-\251q\251\254\002\015!5]Y\360"
 261      12FFCA5E 
 261      2DA971A9 
 261      AC020D21 
 261      355D59F0 
 262 0487 26FDEFFA 		.ascii	"&\375\357\372\251,\262\262\226\331!\262\0219\301\320"
 262      A92CB2B2 
 262      96D921B2 
 262      1139C1D0 
 263 0497 D9E1CB2F 		.ascii	"\331\341\313/\034\330\020\255\352]\023\0316\3708\255"
 263      1CD810AD 
 263      EA5D1319 
 263      36F838AD 
 264 04a7 34AEB375 		.ascii	"4\256\263u\262\335\021\331\271\307\315\240+D3F!\000"
 264      B2DD11D9 
 264      B9C7CDA0 
 264      2B443346 
 264      2100
 265 04b9 3089C418 		.ascii	"0\211\304\030\015\303\340\003\030d9\250\036\371k\322"
 265      0DC3E003 
 265      186439A8 
 265      1EF96BD2 
 266 04c9 04594623 		.ascii	"\004YF#\310\016=\024\227\3212;f\362\251\214\335\307"
 266      C80E3D14 
 266      97D1323B 
 266      66F2A98C 
 266      DDC7
 267 04db ACF10125 		.ascii	"\254\361\001%\325Qt\350~%\267\220\216\211\205u\354x"
 267      D55174E8 
 267      7E25B790 
 267      8E898575 
 267      EC78
 268 04ed 77A085E8 		.ascii	"w\240\205\350\030\007\035c\242\016PI^0\012\212\016n"
 268      18071D63 
 268      A20E5049 
 268      5E300A8A 
 268      0E6E
 269 04ff 693FAFB4 		.ascii	"i?\257\264\213#\023Xl`\311\210\241yDD\241\200h\343\002"
 269      8B231358 
ARM GAS  C:\Users\mvshv\AppData\Local\Temp\ccx0sLug.s 			page 21


 269      6C60C988 
 269      A1794444 
 269      A18068E3 
 270 0514 E9F289DC 		.ascii	"\351\362\211\334\223j\266\256\260\244\317\270\260>\323"
 270      936AB6AE 
 270      B0A4CFB8 
 270      B03ED3
 271 0523 F8FCEA4B 		.ascii	"\370\374\352K5\236\242F+\263\243O\217)\221;k\263v\222"
 271      359EA246 
 271      2BB3A34F 
 271      8F29913B 
 271      6BB37692 
 272 0537 76F912AC 		.ascii	"v\371\022\254y*\266K\332S\307\376C\206i\237%o\352(\237"
 272      792AB64B 
 272      DA53C7FE 
 272      4386699F 
 272      256FEA28 
 273 054c CEE32533 		.ascii	"\316\343%3M\371\031\270\371\222Z\363\002\000\2373s\222"
 273      4DF919B8 
 273      F9925AF3 
 273      02009F33 
 273      7392
 274 055e FBB37291 		.ascii	"\373\263r\221s\202P\210\237 \212\375\004\276?\246\326"
 274      73825088 
 274      9F208AFD 
 274      04BE3FA6 
 274      D6
 275 056f 4F22678B 		.ascii	"O\"g\213\017\224\201\031\273\307&\366Z/\350\356\224"
 275      0F948119 
 275      BBC726F6 
 275      5A2FE8EE 
 275      94
 276 0580 C55D2F0A 		.ascii	"\305]/\012\277\271hdR)\207\027\333\370+\012?\305\340"
 276      BFB96864 
 276      52298717 
 276      DBF82B0A 
 276      3FC5E0
 277 0593 5F51F8DB 		.ascii	"_Q\370\333u\203\251XZi\244\213\213\370\257\205J{M+-"
 277      7583A958 
 277      5A69A48B 
 277      8BF8AF85 
 277      4A7B4D2B 
 278 05a8 756A32C9 		.ascii	"uj2\311Q*|u\226\360\264 <M\205\233\332\315\007U8\312"
 278      512A7C75 
 278      96F0B420 
 278      3C4D859B 
 278      DACD0755 
 279 05be 8A56E0E9 		.ascii	"\212V\340\351\234#\271\2168\2361\361\345\025)\326JN"
 279      9C23B98E 
 279      389E31F1 
 279      E51529D6 
 279      4A4E
 280 05d0 81A238CC 		.ascii	"\201\2428\314\212\247o\327@\231R\272\375\214\317\262"
 280      8AA76FD7 
 280      409952BA 
 280      FD8CCFB2 
 281 05e0 3B9A936E 		.ascii	";\232\223n?\361\247\373\233m\204\243JC\026\036>yd'\237"
ARM GAS  C:\Users\mvshv\AppData\Local\Temp\ccx0sLug.s 			page 22


 281      3FF1A7FB 
 281      9B6D84A3 
 281      4A43161E 
 281      3E796427 
 282 05f5 16C57F72 		.ascii	"\026\305\177r\235#\202\320/\205\272A\2339%\341fo\266"
 282      9D2382D0 
 282      2F85BA41 
 282      9B3925E1 
 282      666FB6
 283 0608 311CD98D 		.ascii	"1\034\331\215\206O4/\302\315\013\231S\235\231W\206\224"
 283      864F342F 
 283      C2CD0B99 
 283      539D9957 
 283      8694
 284 061a 1C2B39A2 		.ascii	"\034+9\242\027\306\016\334>V\350\260\340\231&\216Z\270"
 284      17C60EDC 
 284      3E56E8B0 
 284      E099268E 
 284      5AB8
 285 062c 95134CCC 		.ascii	"\225\023L\314*\276\272])\230\330T\363\207\023\321|&"
 285      2ABEBA5D 
 285      2998D854 
 285      F38713D1 
 285      7C26
 286 063e 4CCB4044 		.ascii	"L\313@D\016\305\316\030\270\005\014\214\225\033\270"
 286      0EC5CE18 
 286      B8050C8C 
 286      951BB8
 287 064d 8D1AD83B 		.ascii	"\215\032\330;\231S(\354\007\326\300\226\324\306\\\261"
 287      995328EC 
 287      07D6C096 
 287      D4C65CB1 
 288 065d 5FB00AE2 		.ascii	"_\260\012\3429\241\012\266s\264\014\036o\217}&\354\265"
 288      39A10AB6 
 288      73B40C1E 
 288      6F8F7D26 
 288      ECB5
 289 066f 36640BEA 		.ascii	"6d\013\352K\371Q\315\212\376#b\\O\342\31595\270\223"
 289      4BF951CD 
 289      8AFE2362 
 289      5C4FE2CD 
 289      3935B893 
 290 0683 73453B38 		.ascii	"sE;8\002\366#\347l\201\244\014\314\270\321\233S\356"
 290      02F623E7 
 290      6C81A40C 
 290      CCB8D19B 
 290      53EE
 291 0695 88BB59B8 		.ascii	"\210\273Y\270\316\364\354\233\260\022|\353\317\362\312"
 291      CEF4EC9B 
 291      B0127CEB 
 291      CFF2CA
 292 06a4 8C8E67E1 		.ascii	"\214\216g\341g\325\260\213\233Y\265\273\344\236%P\317"
 292      67D5B08B 
 292      9B59B5BB 
 292      E49E2550 
 292      CF
 293 06b5 BA52FBF7 		.ascii	"\272R\373\367:\340\247\014,\351\306\3209;\001\314|\030"
ARM GAS  C:\Users\mvshv\AppData\Local\Temp\ccx0sLug.s 			page 23


 293      3AE0A70C 
 293      2CE9C6D0 
 293      393B01CC 
 293      7C18
 294 06c7 B323D351 		.ascii	"\263#\323Qvd\332-B\355\226C\355\241P\315}\345\201x\263"
 294      7664DA2D 
 294      42ED9643 
 294      EDA150CD 
 294      7DE58178 
 295 06dc F502593C 		.ascii	"\365\002Y<4^\222\244\022\353\244\345\354\241\231:!i"
 295      345E92A4 
 295      12EBA4E5 
 295      ECA1993A 
 295      2169
 296 06ee D83B9386 		.ascii	"\330;\223\206DH\303^\271\206}TCv]u\273\020\3118D\316"
 296      4448C35E 
 296      B9867D54 
 296      43765D75 
 296      BB10C938 
 297 0704 4983ADE9 		.ascii	"I\203\255\351*\306\217\321m{\352p\201\300\273\000\373"
 297      2AC68FD1 
 297      6D7BEA70 
 297      81C0BB00 
 297      FB
 298 0715 AA3321C1 		.ascii	"\2523!\301\206E:\215\210ww\364ow\304\011\314\302\341"
 298      86453A8D 
 298      887777F4 
 298      6F77C409 
 298      CCC2E1
 299 0728 83F1D14E 		.ascii	"\203\361\321N\013\346\360\220%\207u\254S\334\351\270"
 299      0BE6F090 
 299      258775AC 
 299      53DCE9B8 
 300 0738 BF5F2D66 		.ascii	"\277_-fIIK1\011\262t\220f)\205f\211Nb\013\277u\267p"
 300      49494B31 
 300      09B27490 
 300      66298566 
 300      894E620B 
 301 0750 11E8227C 		.ascii	"\021\350\"|\236\271\371\251\012'3\305\255\373\267\017"
 301      9EB9F9A9 
 301      0A2733C5 
 301      ADFBB70F 
 302 0760 5B11C5D1 		.ascii	"[\021\305\321\2408\356\027{1\271\201\364\235\033UI\225"
 302      A038EE17 
 302      7B31B981 
 302      F49D1B55 
 302      4995
 303 0772 A7726F50 		.ascii	"\247roP~\273\357h\214\320co\021>\277\357F\225\345\360"
 303      7EBBEF68 
 303      8CD0636F 
 303      113EBFEF 
 303      4695E5F0 
 304 0786 42A25054 		.ascii	"B\242PTe\276\201p*3\246+\241bz\341(dX\242\360\230\031"
 304      65BE8170 
 304      2A33A62B 
 304      A1627AE1 
 304      286458A2 
ARM GAS  C:\Users\mvshv\AppData\Local\Temp\ccx0sLug.s 			page 24


 305 079d F2242177 		.ascii	"\362$!w\215<\010\307\300\016\266]\036\247vdX\354H:<"
 305      8D3C08C7 
 305      C00EB65D 
 305      1EA77664 
 305      58EC483A 
 306 07b2 7486935B 		.ascii	"t\206\223[\275\240t|e^\225\220\332\353\264\007\275\276"
 306      BDA0747C 
 306      655E9590 
 306      DAEBB407 
 306      BDBE
 307 07c4 50638333 		.ascii	"Pc\2033\230\225{\367<\257\261\305"
 307      98957BF7 
 307      3CAFB1C5 
 308 07d0 998C2918 		.ascii	"\231\214)\030\311*p`\222\245R\336E\340\037e\215\035"
 308      C92A7060 
 308      92A552DE 
 308      45E01F65 
 308      8D1D
 309 07e2 B7C6D982 		.ascii	"\267\306\331\202p^\372\250\255\334\344,0\202\235\230"
 309      705EFAA8 
 309      ADDCE42C 
 309      30829D98 
 310 07f2 7238B105 		.ascii	"r8\261\005\223\320De4b\271\311\013J[\026\2623[\310\007"
 310      93D04465 
 310      3462B9C9 
 310      0B4A5B16 
 310      B2335BC8 
 311 0807 5F1C1D72 		.ascii	"_\034\035r\300\271L\357A\363\271\325\226\034\377\362"
 311      C0B94CEF 
 311      41F3B9D5 
 311      961CFFF2 
 312 0817 7E4B4EF1 		.ascii	"~KN\361#Sg\035q\036\233]Tp\245J8\316z\221\026\221]V"
 312      2353671D 
 312      711E9B5D 
 312      5470A54A 
 312      38CE7A91 
 313 082f 6F8F0BD9 		.ascii	"o\217\013\331\267\251\204\324\013*\\\312\230C\217:\006"
 313      B7A984D4 
 313      0B2A5CCA 
 313      98438F3A 
 313      06
 314 0840 85827727 		.ascii	"\205\202w'\333k\372\221=*\\\311\276M'\304%\331\340\032"
 314      DB6BFA91 
 314      3D2A5CC9 
 314      BE4D27C4 
 314      25D9E01A 
 315 0854 C624D627 		.ascii	"\306$\326'\246\333\343\006\306L\016$\266\"6K-\251V\027"
 315      A6DBE306 
 315      C64C0E24 
 315      B622364B 
 315      2DA95617 
 316 0868 A15ACF3C 		.ascii	"\241Z\317<\375\361\200=nd\262\315\2551\227\005Y{`\243"
 316      FDF1803D 
 316      6E64B2CD 
 316      AD319705 
 316      597B60A3 
 317 087c B38BF3AD 		.ascii	"\263\213\363\255\026\254\227bK\275\\e\235\357ll\357"
ARM GAS  C:\Users\mvshv\AppData\Local\Temp\ccx0sLug.s 			page 25


 317      16AC9762 
 317      4BBD5C65 
 317      9DEF6C6C 
 317      EF
 318 088d 295B98EC 		.ascii	")[\230\354\012g!$9\010\271\262\203\320\305\322G9J\334"
 318      0A672124 
 318      3908B9B2 
 318      83D0C5D2 
 318      47394ADC 
 319 08a1 4A1571E7 		.ascii	"J\025q\347rz\377\205\334\355,\307\033\217X\270Yq\250"
 319      727AFF85 
 319      DCED2CC7 
 319      1B8F58B8 
 319      5971A8
 320 08b4 02125026 		.ascii	"\002\022P&v\036W\022\372yv\367r\316\235\200\322\240"
 320      761E5712 
 320      FA7976F7 
 320      72CE9D80 
 320      D2A0
 321 08c6 9642BE4A 		.ascii	"\226B\276J\230\376S\251\231\327\034\360=\246\340n\316"
 321      98FE53A9 
 321      99D71CF0 
 321      3DA6E06E 
 321      CE
 322 08d7 683D1635 		.ascii	"h=\0265\354x\367R\0239\334T\201\206k\242\206\012n\001"
 322      EC78F752 
 322      1339DC54 
 322      81866BA2 
 322      860A6E01 
 323 08eb 1595F3AB 		.ascii	"\025\225\363\253\330y&\243\304Z\332\276\011^\021|/\244"
 323      D87926A3 
 323      C45ADABE 
 323      095E117C 
 323      2FA4
 324 08fd 6BB39A96 		.ascii	"k\263\232\226L\361Lc\270\266\355\001bu\361\253\320\353"
 324      4CF14C63 
 324      B8B6ED01 
 324      6275F1AB 
 324      D0EB
 325 090f FBE21BEC 		.ascii	"\373\342\033\354\245\350\327\337\204~\325\334\376\011"
 325      A5E8D7DF 
 325      847ED5DC 
 325      FE09
 326 091d 7EC0F2F6 		.ascii	"~\300\362\366\244\276\275\033\341Q\306\304\334\274q"
 326      A4BEBD1B 
 326      E151C6C4 
 326      DCBC71
 327 092c D2063F12 		.ascii	"\322\006?\022\032\337\251\272\353\326\370\005cz\373"
 327      1ADFA9BA 
 327      EBD6F805 
 327      637AFB
 328 093b 5E5EC2F8 		.ascii	"^^\302\3705cN\014\037\333\251\302\3216lN\357H\275p\367"
 328      35634E0C 
 328      1FDBA9C2 
 328      D1366C4E 
 328      EF48BD70 
 329 0950 DA417237 		.ascii	"\332Ar79\226\177\307R%\344\2165\364\344\376\264-\336"
ARM GAS  C:\Users\mvshv\AppData\Local\Temp\ccx0sLug.s 			page 26


 329      39967FC7 
 329      5225E48E 
 329      35F4E4FE 
 329      B42DDE
 330 0963 46857F7F 		.ascii	"F\205\177\177\316\\\233\246\"7\242\305n\342\343.\274"
 330      CE5C9BA6 
 330      2237A2C5 
 330      6EE2E32E 
 330      BC
 331 0974 8FF18951 		.ascii	"\217\361\211Q|\351\364 >\324P\003eS\216\320\011\316"
 331      7CE9F420 
 331      3ED45003 
 331      65538ED0 
 331      09CE
 332 0986 19A543CC 		.ascii	"\031\245C\314\233\270\3053\035\001\035\345$7\236\030"
 332      9BB8C533 
 332      1D011DE5 
 332      24379E18 
 333 0996 9851BE11 		.ascii	"\230Q\276\021~\242`\277\003\351+\202\264\305\367\331"
 333      7EA260BF 
 333      03E92B82 
 333      B4C5F7D9 
 334 09a6 F7A3C468 		.ascii	"\367\243\304h\330\2576\261\363<Y\262\231\202\364\314"
 334      D8AF36B1 
 334      F33C59B2 
 334      9982F4CC 
 335 09b6 A23BC92D 		.ascii	"\242;\311-p\357\370\011\360n\321\217D\236\\:z \023\367"
 335      70EFF809 
 335      F06ED18F 
 335      449E5C3A 
 335      7A2013F7 
 336 09ca 3937D40A 		.ascii	"97\324\012t\017h\000\350g\240v\240;@\275@}@\235@\335"
 336      740F6800 
 336      E867A076 
 336      A03B40BD 
 336      407D409D 
 337 09e0 405D40CD 		.ascii	"@]@\315@\375@\203@m@\215@\267\201Z\200\356\002up\226"
 337      40FD4083 
 337      406D408D 
 337      40B7815A 
 337      80EE0275 
 338 09f6 8B4A0C58 		.ascii	"\213J\014X:\261\221Yz\016,=/\267\364\2544\012$n=\233"
 338      3AB19159 
 338      7A0E2C3D 
 338      2FB7F4AC 
 338      340A246E 
 339 0a0c A2A8741A 		.ascii	"\242\250t\032D\341\210 m\351\375\350\360\254\230\001"
 339      44E18820 
 339      6DE9FDE8 
 339      F0AC9801 
 340 0a1c 765BB888 		.ascii	"v[\270\210]/\307\236u\355#1\253\221\304\354\324\374"
 340      5D2FC79E 
 340      75ED2331 
 340      AB91C4EC 
 340      D4FC
 341 0a2e 3193604F 		.ascii	"1\223`OH\260o\312\245\033\221L\372\245D\272f~i\213)"
 341      48B06FCA 
ARM GAS  C:\Users\mvshv\AppData\Local\Temp\ccx0sLug.s 			page 27


 341      A51B914C 
 341      FAA544BA 
 341      667E698B 
 342 0a43 147C9328 		.ascii	"\024|\223(n\226\213\357\227\232BV\357\220\020\024\330"
 342      6E968BEF 
 342      979A4256 
 342      EF901014 
 342      D8
 343 0a54 FA50B23C 		.ascii	"\372P\262<(\00789x\233$\342\005r\360\3749\342C\022\361"
 343      28073839 
 343      789B24E2 
 343      0572F0FC 
 343      39E24312 
 344 0a69 8B72F10B 		.ascii	"\213r\361\013s\304{$\342y\363\213Kn\317U\243\316\364"
 344      73C47B24 
 344      E279F38B 
 344      4B6ECF55 
 344      A3CEF4
 345 0a7c F60C52B3 		.ascii	"\366\014R\263o\317\004\252o\324\205\335\236\011V\235"
 345      6FCF04AA 
 345      6FD485DD 
 345      9E09569D 
 346 0a8c 1CAB451E 		.ascii	"\034\253E\036\343\032\211\346\313r\351\273H\236ns\270"
 346      E31A89E6 
 346      CB72E9BB 
 346      489E6E73 
 346      B8
 347 0a9d 98EE8679 		.ascii	"\230\356\206y\213C\202m\226`_\232?f\322lK\244s\347\257"
 347      8B43826D 
 347      96605F9A 
 347      3F66D26C 
 347      4BA473E7 
 348 0ab2 E9591196 		.ascii	"\351Y\021\226\024G\355\374n\316\030N:\201\220n8O\240"
 348      1447EDFC 
 348      6ECE184E 
 348      3A81906E 
 348      384FA0
 349 0ac5 6C41DCB2 		.ascii	"lA\334\262-\243\323\242-\244cv\356\253W\342Z\332\226"
 349      2DA3D3A2 
 349      2DA46376 
 349      EEAB57E2 
 349      5ADA96
 350 0ad8 B88EC18B 		.ascii	"\270\216\301\213\361\366h\261\373\274K\036\015\303J"
 350      F1F668B1 
 350      FBBC4B1E 
 350      0DC34A
 351 0ae7 FF7FAC7A 		.ascii	"\377\177\254z\226\367\327/\254\341\372\212\036\200\302"
 351      96F7D72F 
 351      ACE1FA8A 
 351      1E80C2
 352 0af6 2171BB21 		.ascii	"!q\273!U@\355N\357\353\251PJ/s\0178\351\3771<\344\330"
 352      5540ED4E 
 352      EFEBA950 
 352      4A2F730F 
 352      38E9FF31 
 353 0b0d 650EDEF3 		.ascii	"e\016\336\363\335\374\012g\335\374F\004\341\021*\\\361"
 353      DDFC0A67 
ARM GAS  C:\Users\mvshv\AppData\Local\Temp\ccx0sLug.s 			page 28


 353      DDFC4604 
 353      E1112A5C 
 353      F1
 354 0b1e B429C706 		.ascii	"\264)\307\0067\262\256\336ZW$\336\026\334Rg\337\026"
 354      37B2AEDE 
 354      5A5724DE 
 354      16DC5267 
 354      DF16
 355 0b30 4645BB46 		.ascii	"FE\273F\345\007\3601z\000?\361\354y\274#\036`X\343\317"
 355      E507F031 
 355      7A003FF1 
 355      EC79BC23 
 355      1E6058E3 
 356 0b45 CE5B0EF4 		.ascii	"\316[\016\364\346\344\331\227\205q\021i\\\2164\301\275"
 356      E6E4D997 
 356      85711169 
 356      5C8E34C1 
 356      BD
 357 0b56 A3785B1B 		.ascii	"\243x[\033\021n0i\203\015\337i\365\021\301!\341\033"
 357      116E3069 
 357      830DDF69 
 357      F511C121 
 357      E11B
 358 0b68 22F51E11 		.ascii	"\"\365\036\021\001\006\223\207\227\247\207\207\370/"
 358      01069387 
 358      97A78787 
 358      F82F
 359 0b76 DCE8A90B 		.ascii	"\334\350\251\013\017\015\015\017\363$\342FOo\315:\237"
 359      0F0D0D0F 
 359      F324E246 
 359      4F6FCD3A 
 359      9F
 360 0b87 751B3D75 		.ascii	"u\033=uA\272p\203^\373\357\017C=t\266\177\373\373\347"
 360      41BA7083 
 360      5EFBEF0F 
 360      433D74B6 
 360      7FFBFBE7 
 361 0b9b 4B7D962F 		.ascii	"K}\226/Wx\375\306\211\212\267\230\015\306\357\203M\272"
 361      5778FDC6 
 361      898AB798 
 361      0DC6EF83 
 361      4DBA
 362 0bad 20ED3786 		.ascii	" \3557\206\360Pm\260\321\360\033a\202\024\213\031\214"
 362      F0506DB0 
 362      D1F01B61 
 362      82148B19 
 362      8C
 363 0bbe 7E63B069 		.ascii	"~c\260i\006\304\336\357\013\037\355\332\200\260\300"
 363      06C4DEEF 
 363      0B1FEDDA 
 363      80B0C0
 364 0bcd 10BDC179 		.ascii	"\020\275\301y\256\253o\353\202\374tA\276\306\365\006"
 364      AEAB6FEB 
 364      82FC7441 
 364      BEC6F506 
 365 0bdd BD3E34C2 		.ascii	"\275>4\302\024\034\036\246\321\177\027\031l\320\007"
 365      141C1EA6 
ARM GAS  C:\Users\mvshv\AppData\Local\Temp\ccx0sLug.s 			page 29


 365      D17F1719 
 365      6CD007
 366 0bec 5A695786 		.ascii	"ZiW\206\207\207\274+\263\301`\362\014\016\323\205D\006"
 366      8787BC2B 
 366      B3C160F2 
 366      0C0ED385 
 366      4406
 367 0bfe EA41B551 		.ascii	"\352A\265Q\027\024\010j\225\033#\214\006[\203~C\200"
 367      1714086A 
 367      951B238C 
 367      065B837E 
 367      4380
 368 0c10 21546BFA 		.ascii	"!Tk\372\323\257\266\032\246r\021:\353\020\203\326\024"
 368      D3AFB61A 
 368      A672113A 
 368      EB1083D6 
 368      14
 369 0c21 14880DCB 		.ascii	"\024\210\015\313\337\347\014\037p\006\370]\316\031\274"
 369      DFE70C1F 
 369      7006F85D 
 369      CE19BC
 370 0c30 EC05574C 		.ascii	"\354\005WL:\323F;\255628\314\364\301\373Z\3237\272?"
 370      3AD3463B 
 370      AD363238 
 370      CCF4C1FB 
 370      5AD337BA 
 371 0c45 FBEB8282 		.ascii	"\373\353\202\202\277\0166\232\"\003\203\303\375M`\243"
 371      BF0E369A 
 371      220383C3 
 371      FD4D60A3 
 372 0c55 D17F4358 		.ascii	"\321\177CX\344R\372\327R0a\251>\364k}`\240>\320\377"
 372      E452FAD7 
 372      523061A9 
 372      3EF46B7D 
 372      60A03ED0 
 373 0c6a 430FAFA5 		.ascii	"C\017\257\245\357{-\377\360\273\025\3760\376^Xx\230"
 373      EF7B2DFF 
 373      F0BB15FE 
 373      30FE5E58 
 373      7898
 374 0c7c FE3D7DC0 		.ascii	"\376=}\300\327\301\376\202\013\376\241\001\200\025\246"
 374      D7C1FE82 
 374      0BFEA101 
 374      8015A6
 375 0c8b F7D706EA 		.ascii	"\367\327\006\352\277\011\210\0141iM\233\"\364F\260\313"
 375      BF09880C 
 375      31694D9B 
 375      22F446B0 
 375      CB
 376 0c9c D6A2EF9F 		.ascii	"\326\242\357\237\377S}\306MF\177\255\321\024\010\340"
 376      FF537DC6 
 376      4D467FAD 
 376      D11408E0 
 377 0cac 246EBAA0 		.ascii	"$n\272\240\000\203J\253\335\2407i\327\373\255w\010\010"
 377      00834AAB 
 377      DDA03769 
 377      D7FBAD77 
ARM GAS  C:\Users\mvshv\AppData\Local\Temp\ccx0sLug.s 			page 30


 377      0808
 378 0cbe F93E6093 		.ascii	"\371>`\223Q\033\034\026\0026\375e\3760B@H\020=}\326"
 378      511B1C16 
 378      0236FD65 
 378      FE304240 
 378      48103D7D 
 379 0cd3 F9F9FA79 		.ascii	"\371\371\372y\372@\024=}-\371\0105\006\033\265\033t"
 379      FA40143D 
 379      7D2DF908 
 379      35061BB5 
 379      1B74
 380 0ce5 3A800654 		.ascii	":\200\006T#Cu\241q\214\014\013\011\327}+\026\205d\320"
 380      234375A1 
 380      718C0C0B 
 380      09D77D2B 
 380      168564D0 
 381 0cf9 8189AEF4 		.ascii	"\201\211\256\364\366[\275^\343\253\322\254\366[\255"
 381      F65BBD5E 
 381      E3ABD2AC 
 381      F65BAD
 382 0d08 F962F52A 		.ascii	"\371b\365*/\245\257\237\267F\271n\335\032\015\366^\245"
 382      2FA5AF9F 
 382      B746B96E 
 382      DD1A0DF6 
 382      5EA5
 383 0d1a C1ABE0BD 		.ascii	"\301\253\340\275~\215F\351\275\306O\243\\\271\306[c"
 383      7E8D46E9 
 383      BDC64FA3 
 383      5CB9C65B 
 383      63
 384 0d2b 059F4060 		.ascii	"\005\237@`\025\341\327\222\037\037\370\261\362[\353"
 384      15E1D792 
 384      1F1FF8B1 
 384      F25BEB
 385 0d3a E3A7C17E 		.ascii	"\343\247\301~k\327\253X\316>\322\232l\2047\366\361\201"
 385      6BD7AB58 
 385      CE3ED29A 
 385      6C8437F6 
 385      F181
 386 0d4c 2F3E1A2B 		.ascii	"/>\032+o_\215\217F\371\305g\237j\224\276 m\345\263\376"
 386      6F5F8D8F 
 386      46F9C567 
 386      9F6A94BE 
 386      206DE5B3 
 387 0d61 73DF55F0 		.ascii	"s\337U\360\353\355\243\371\370\267{M\312_\027\272\202"
 387      EBEDA3F9 
 387      F8B77B4D 
 387      CA5F17BA 
 387      82
 388 0d72 24CDCF67 		.ascii	"$\315\317g\245\3663\310\2403uo\226\307\252\231\241\377"
 388      A5F633C8 
 388      A033756F 
 388      96C7AA99 
 388      A1FF
 389 0d84 02B39B67 		.ascii	"\002\263\233g\177"
 389      7F
 390              		.text
ARM GAS  C:\Users\mvshv\AppData\Local\Temp\ccx0sLug.s 			page 31


 391              		.section	.gnu.lto_.symtab.d6081c,"",%progbits
 392 0000 5356435F 		.ascii	"SVC_Handler\000"
 392      48616E64 
 392      6C657200 
 393 000c 00       		.ascii	"\000"
 394 000d 00       		.ascii	"\000"
 395 000e 00       		.ascii	"\000"
 396 000f 00000000 		.ascii	"\000\000\000\000\000\000\000\000"
 396      00000000 
 397 0017 C2000000 		.ascii	"\302\000\000\000"
 398 001b 5F706F72 		.ascii	"_port_irq_epilogue\000"
 398      745F6972 
 398      715F6570 
 398      696C6F67 
 398      756500
 399 002e 00       		.ascii	"\000"
 400 002f 00       		.ascii	"\000"
 401 0030 00       		.ascii	"\000"
 402 0031 00000000 		.ascii	"\000\000\000\000\000\000\000\000"
 402      00000000 
 403 0039 C4000000 		.ascii	"\304\000\000\000"
 404 003d 5F706F72 		.ascii	"_port_switch_from_isr\000"
 404      745F7377 
 404      69746368 
 404      5F66726F 
 404      6D5F6973 
 405 0053 00       		.ascii	"\000"
 406 0054 02       		.ascii	"\002"
 407 0055 00       		.ascii	"\000"
 408 0056 00000000 		.ascii	"\000\000\000\000\000\000\000\000"
 408      00000000 
 409 005e BE000000 		.ascii	"\276\000\000\000"
 410 0062 5F706F72 		.ascii	"_port_exit_from_isr\000"
 410      745F6578 
 410      69745F66 
 410      726F6D5F 
 410      69737200 
 411 0076 00       		.ascii	"\000"
 412 0077 02       		.ascii	"\002"
 413 0078 00       		.ascii	"\000"
 414 0079 00000000 		.ascii	"\000\000\000\000\000\000\000\000"
 414      00000000 
 415 0081 C0000000 		.ascii	"\300\000\000\000"
 416 0085 63685363 		.ascii	"chSchIsPreemptionRequired\000"
 416      68497350 
 416      7265656D 
 416      7074696F 
 416      6E526571 
 417 009f 00       		.ascii	"\000"
 418 00a0 02       		.ascii	"\002"
 419 00a1 00       		.ascii	"\000"
 420 00a2 00000000 		.ascii	"\000\000\000\000\000\000\000\000"
 420      00000000 
 421 00aa CC000000 		.ascii	"\314\000\000\000"
 422              		.text
 423              		.section	.gnu.lto_.opts,"",%progbits
 424 0000 272D666D 		.ascii	"'-fmath-errno' '-fsigned-zeros' '-ftrapping-math' '"
ARM GAS  C:\Users\mvshv\AppData\Local\Temp\ccx0sLug.s 			page 32


 424      6174682D 
 424      6572726E 
 424      6F272027 
 424      2D667369 
 425 0033 2D666E6F 		.ascii	"-fno-trapv' '-fno-openmp' '-fno-openacc' '-mcpu=cor"
 425      2D747261 
 425      70762720 
 425      272D666E 
 425      6F2D6F70 
 426 0066 7465782D 		.ascii	"tex-m4' '-mno-thumb-interwork' '-mthumb' '-O2' '-fo"
 426      6D342720 
 426      272D6D6E 
 426      6F2D7468 
 426      756D622D 
 427 0099 6D69742D 		.ascii	"mit-frame-pointer' '-falign-functions=16' '-ffuncti"
 427      6672616D 
 427      652D706F 
 427      696E7465 
 427      72272027 
 428 00cc 6F6E2D73 		.ascii	"on-sections' '-fdata-sections' '-fno-common' '-flto"
 428      65637469 
 428      6F6E7327 
 428      20272D66 
 428      64617461 
 429 00ff 2700     		.ascii	"'\000"
 430              		.text
 431              		.comm	__gnu_lto_v1,1,1
 432              		.comm	__gnu_lto_slim,1,1
 433              		.ident	"GCC: (GNU Tools for Arm Embedded Processors 7-2017-q4-major) 7.2.1 20170904 (release) [ARM
ARM GAS  C:\Users\mvshv\AppData\Local\Temp\ccx0sLug.s 			page 33


DEFINED SYMBOLS
                            *ABS*:00000000 chcore_v7m.c
                            *COM*:00000001 __gnu_lto_v1
                            *COM*:00000001 __gnu_lto_slim

NO UNDEFINED SYMBOLS
