ARM GAS  C:\Users\mvshv\AppData\Local\Temp\ccuVkRci.s 			page 1


   1              		.cpu cortex-m4
   2              		.eabi_attribute 20, 1
   3              		.eabi_attribute 21, 1
   4              		.eabi_attribute 23, 3
   5              		.eabi_attribute 24, 1
   6              		.eabi_attribute 25, 1
   7              		.eabi_attribute 26, 1
   8              		.eabi_attribute 30, 2
   9              		.eabi_attribute 34, 1
  10              		.eabi_attribute 18, 4
  11              		.file	"hal.c"
  12              		.section	.gnu.lto_.profile.d6366b,"",%progbits
  13 0000 789C6363 		.ascii	"x\234cc```\001bF\206 N\000\001%\000g"
  13      60606001 
  13      62468620 
  13      4E000125 
  13      0067
  14              		.text
  15              		.section	.gnu.lto_.icf.d6366b,"",%progbits
  16 0000 789C6363 		.ascii	"x\234cc``\340`@\000F\206k\023\177.\347`\000\000\017"
  16      6060E060 
  16      40004686 
  16      6B137F2E 
  16      E7600000 
  17 0015 12031F   		.ascii	"\022\003\037"
  18              		.text
  19              		.section	.gnu.lto_.jmpfuncs.d6366b,"",%progbits
  20 0000 789C6363 		.ascii	"x\234cc``\340e@\000F$6\003\000\002\035\000\025"
  20      6060E065 
  20      40004624 
  20      36030002 
  20      1D0015
  21              		.text
  22              		.section	.gnu.lto_.inline.d6366b,"",%progbits
  23 0000 789C6363 		.ascii	"x\234cc``\260e@\000F\006\006\356K@\222\011\310f[ \317"
  23      6060B065 
  23      40004606 
  23      06EE4B40 
  23      9209C866 
  24 0017 0416E322 		.ascii	"\004\026\343\"\216`\000\000r\225\002D"
  24      8E600000 
  24      72950244 
  25              		.text
  26              		.section	.gnu.lto_.pureconst.d6366b,"",%progbits
  27 0000 789C6363 		.ascii	"x\234cc```\006bF\006\011\000\000}\000#"
  27      60606006 
  27      62460609 
  27      00007D00 
  27      23
  28              		.text
  29              		.section	.gnu.lto_halInit.d6366b,"",%progbits
  30 0000 789C75D0 		.ascii	"x\234u\320\275JC1\024\007\360\363O\332\333\213\370\261"
  30      BD4A4331 
  30      1407F0F3 
  30      4FDADB8B 
  30      F8B1
  31 0012 E820459C 		.ascii	"\350 E\234\273\334\373\036\276\205tq\020\004\373\000"
ARM GAS  C:\Users\mvshv\AppData\Local\Temp\ccuVkRci.s 			page 2


  31      BBDCFB1E 
  31      BE857471 
  31      1004FB00 
  32 0022 37B5432B 		.ascii	"7\265C+88\330\272\334\241\270\250\223\210\237W\035\242"
  32      3838D8BA 
  32      DCA1B8A8 
  32      93889F57 
  32      1DA2
  33 0034 0FE0E0EA 		.ascii	"\017\340\340\352T\025\247\":\212\264\372O\025\311p{"
  33      5415A722 
  33      3A8AB4FA 
  33      4F15C970 
  33      7B
  34 0045 4848487E 		.ascii	"HHH~9'\234@Dn!\262\310\265\314\011-P\333\367\"\365P"
  34      39279C40 
  34      446E21B2 
  34      C8B5CC09 
  34      2D50DBF7 
  35 005c 016E6342 		.ascii	"\001ncBH\242\220`K\357h\3345_3U\3317\014\273\373>o\016"
  35      48A29060 
  35      4BEF68DC 
  35      355F3355 
  35      D9370CBB 
  36 0074 2C522DD2 		.ascii	",R-\322\341t\201\023T\204\354\351x\330\236\012\012\277"
  36      E1748113 
  36      5484ECE9 
  36      78D89E0A 
  36      0ABF
  37 0086 E7384520 		.ascii	"\3478E \254!G\017Ek\206\337Mc_\366\360\2614!\322\342"
  37      AC21470F 
  37      456B86DF 
  37      4D635FF6 
  37      F0B13421 
  38 009c 3D8B182B 		.ascii	"=\213\030+\233Z\271]\303J\037\215\356Wy\364\210\231"
  38      9B5AB95D 
  38      C34A1F8D 
  38      EE5779F4 
  38      8899
  39 00ae B2ACFF58 		.ascii	"\262\254\377XJ\006&L5:\232Yp\206DRj\347\016'\363\235"
  39      4A06264C 
  39      353A9A59 
  39      70864452 
  39      6AE70E27 
  40 00c4 A23BF75C 		.ascii	"\242;\367\\o\214cy\\x.\233\316w\005\272K?\337L\276+"
  40      6F8C6379 
  40      5C782E9B 
  40      CE7705BA 
  40      4B3FDF4C 
  41 00da D2659EFB 		.ascii	"\322e\236\373\034\343\002\272+\317\015f\363]\211\356"
  41      1CE302BA 
  41      2BCF0D66 
  41      F35D89EE 
  42 00ea DAFFDF5C 		.ascii	"\332\377\337\\\276\013\351n\376\334\0336\272\317m\214"
  42      BE0BE96E 
  42      FEDC1B36 
  42      BACF6D8C 
  43 00fa A08B16BB 		.ascii	"\240\213\026\273\306\316\262%\013Q\024\377\217\265Z"
ARM GAS  C:\Users\mvshv\AppData\Local\Temp\ccuVkRci.s 			page 3


  43      C6CEB225 
  43      0B5114FF 
  43      8FB55A
  44 0109 BCB2BC1A 		.ascii	"\274\262\274\032\327\326\253n\215\252\362\003:\331\233"
  44      D7D6AB6E 
  44      8DAAF203 
  44      3AD99B
  45 0118 7A       		.ascii	"z"
  46              		.text
  47              		.section	.gnu.lto_.symbol_nodes.d6366b,"",%progbits
  48 0000 789C55C8 		.ascii	"x\234U\310\273\015\3020\024F\341\343\337\211\223-X\005"
  48      BB0DC230 
  48      1446E1E3 
  48      DF89932D 
  48      5805
  49 0012 26BB2E22 		.ascii	"&\273.\"j\206\310\022\204\267\224\232\011(@J\311\014"
  49      6A86C812 
  49      84B7949A 
  49      0928404A 
  49      C90C
  50 0024 08E38A5B 		.ascii	"\010\343\212[\034\035\351K\300\243\204\3662\330\335"
  50      1C1DE94B 
  50      C0A384F6 
  50      32D8DD
  51 0033 A16CCA1B 		.ascii	"\241l\312\033\0107Y\250\0029\257\013\\erp\221E\007g"
  51      083759A8 
  51      0239AF0B 
  51      5C657270 
  51      91450767 
  52 0047 59E3E024 		.ascii	"Y\343\340$k\035\034e\311\301A\3269\230d\375?Dz\306\347"
  52      6B1D1C65 
  52      C9C141D6 
  52      399864FD 
  52      3F447AC6 
  53 005c 27443AE6 		.ascii	"'D:\346\372\304R\3372\274~o\030\353#s\275X\352\003\303"
  53      FAC452DF 
  53      32BC7E6F 
  53      18EB2373 
  53      BD58EA03 
  54 0071 F6BDE20B 		.ascii	"\366\275\342\013zT9\021"
  54      7A543911 
  55              		.text
  56              		.section	.gnu.lto_.refs.d6366b,"",%progbits
  57 0000 789C6363 		.ascii	"x\234cc```\004b\006\000\000D\000\010"
  57      60606004 
  57      62060000 
  57      440008
  58              		.text
  59              		.section	.gnu.lto_.decls.d6366b,"",%progbits
  60 0000 789C8D92 		.ascii	"x\234\215\222[H\224A\024\307\347|\343u\263\224\250\350"
  60      5B489441 
  60      14C7E77C 
  60      E375B394 
  60      A8E8
  61 0012 C1629182 		.ascii	"\301b\221\202\036b\227,\250\007\337\264L(\225\264\300"
  61      1E62972C 
  61      A807DFB4 
ARM GAS  C:\Users\mvshv\AppData\Local\Temp\ccuVkRci.s 			page 4


  61      4C2895B4 
  61      C0
  62 0023 A7D55C41 		.ascii	"\247\325\\A\301\033\256\226\324\313g\232I\212\371`\027"
  62      C11BAE96 
  62      D4CB679A 
  62      498AF960 
  62      17
  63 0034 5D4B9FC4 		.ascii	"]K\237\304LB\362\232\267]/\353\246\253BQ\017\025^\312"
  63      4C42F29A 
  63      B75D2FEB 
  63      A6AB4251 
  63      0F155ECA 
  64 0048 8ACCB0A2 		.ascii	"\212\314\260\242\007\023\215\355\314\314w\221\222t\370"
  64      07138DED 
  64      CCCC7791 
  64      9274F8
  65 0057 CE7766CE 		.ascii	"\316wf\316\234\337\377\234\231\357\363#\204\034\360"
  65      9CDFFF9C 
  65      99EFF323 
  65      841CF0
  66 0066 21449208 		.ascii	"!D\222\010\271\207s/\016\234\222A\242\217@\264^\264"
  66      B987732F 
  66      0E9C9241 
  66      A28F40B4 
  66      5EB4
  67 0078 7E3487B2 		.ascii	"~4\207\2627\214\346Bs\243\215\241y\310\277\3432\020"
  67      378CE642 
  67      73A38DA1 
  67      79C8BFE3 
  67      3210
  68 008a 42D127A3 		.ascii	"B\321'\243M\241\365\374\245\347QX\267\2425\254h;\224"
  68      4DA1F5FC 
  68      A5E75158 
  68      B7A235AC 
  68      683B94
  69 009d 5A7F8F6A 		.ascii	"Z\177\217j\012=\203\375\216m\2630\015\330#\204\360("
  69      0A3D83FD 
  69      8E6DB330 
  69      0DD82384 
  69      F028
  70 00af 8078A367 		.ascii	"\200x\243g\306\327^u\200\210cT\022NIe\013\025\001-\""
  70      C6D75E75 
  70      80886354 
  70      124E4965 
  70      0B15012D 
  71 00c4 291A92AA 		.ascii	")\032\222\252\313\037E\000\326\253\212}QN\035D\344\213"
  71      CB1F4500 
  71      D6AB8A7D 
  71      514E1D44 
  71      E48B
  72 00d6 7E744E84 		.ascii	"~tN\204$\275\330:\344\237^\211\266\2555\245\037\022"
  72      24BDD83A 
  72      E49F5E89 
  72      B6AD35A5 
  72      1F12
  73 00e8 944B78F5 		.ascii	"\224Kx\365\265\342q\320\034\314\340n\022!U\001Y\300"
  73      B5E271D0 
ARM GAS  C:\Users\mvshv\AppData\Local\Temp\ccuVkRci.s 			page 5


  73      1CCCE06E 
  73      12215501 
  73      59C0
  74 00fa A2DFDBE4 		.ascii	"\242\337\333\344\367\006*\361\371\227\356\361o\006j"
  74      F7062AF1 
  74      F997EEF1 
  74      6F066A
  75 0109 E0F3DB3F 		.ascii	"\340\363\333?\247\333|M-\262\030\001q\004:\201\252\367"
  75      A7DB7C4D 
  75      2DB21801 
  75      71043A81 
  75      AAF7
  76 011b E9F22E3B 		.ascii	"\351\362.;\203\313)\3544\200\204\313\027\337'\356o\303"
  76      83CB29EC 
  76      348084CB 
  76      17DF27EE 
  76      6FC3
  77 012d E52E0384 		.ascii	"\345.\003\204\340\262\245\302[\355\273\367\016\343\252"
  77      E0B2A5C2 
  77      5BEDBBF7 
  77      0EE3AA
  78 013c 8AE51009 		.ascii	"\212\345\020\011\222\367\300S\010\205n\010\305nz`/\276"
  78      92F7C053 
  78      08856E08 
  78      C56E7A60 
  78      2FBE
  79 014e B37D84D2 		.ascii	"\263}\204\322\374\310\322o)\254An\230\223\235\356\322"
  79      FCC8D26F 
  79      29AC416E 
  79      98939DEE 
  79      D2
  80 015f FD8DC572 		.ascii	"\375\215\305r\023bF\226\005\035@\241\013L\354\010\035"
  80      13624696 
  80      051D40A1 
  80      0B4CEC08 
  80      1D
  81 0170 AC36B4C3 		.ascii	"\2546\264\303\034@\033\314\342\011z!\014\351\033O\226"
  81      1C401BCC 
  81      E2097A21 
  81      0CE91B4F 
  81      96
  82 0181 667D692C 		.ascii	"f}i,o\270\342CoG0*\315\311\262\363[\355\211\332\326"
  82      6FB8E243 
  82      6F47302A 
  82      CDC9B2F3 
  82      5BED89DA 
  83 0196 CF729981 		.ascii	"\317r\231\201\227\203>]\250O9\004\364s\201\211O\323"
  83      97833E5D 
  83      A84F3904 
  83      F4738189 
  83      4FD3
  84 01a8 57E915CE 		.ascii	"W\351\025\316?r\335,\362Q\370\371&\343kW\2513^\340\003"
  84      3F72DD2C 
  84      F251F8F9 
  84      26E36B57 
  84      A9335EE0 
  85 01bd 3A3EA0E2 		.ascii	":>\240\342\016\216\327-\333;$\332\007\\\240\261|\331"
ARM GAS  C:\Users\mvshv\AppData\Local\Temp\ccuVkRci.s 			page 6


  85      0E8ED72D 
  85      DB3B24DA 
  85      075CA0B1 
  85      7CD9
  86 01cf 4E55816E 		.ascii	"NU\201n\343\343v\271\304\227\363N\235w\252\374 \347"
  86      E3E376B9 
  86      C497F34E 
  86      9D77AAFC 
  86      20E7
  87 01e1 DB56CAEC 		.ascii	"\333V\312\354@\177\010\276w\246k\321_\341=\216c\366"
  87      407F08BE 
  87      77A66BD1 
  87      5FE13D8E 
  87      63F6
  88 01f3 61AD8121 		.ascii	"a\255\201!]`H\025\030\346\002\277\236V\273\015\264^"
  88      5D604815 
  88      18E602BF 
  88      9E56BB0D 
  88      B45E
  89 0205 7CBECE87 		.ascii	"|\276\316\207U\327%E`u\"\302\24350\242\363#*\357\342"
  89      55D72545 
  89      607522C2 
  89      A33530A2 
  89      F3232AEF 
  90 021a 7CE55DE7 		.ascii	"|\345]\347[?:)\370\272wv\257\332\300\342\233C\016\215"
  90      5B3F3A29 
  90      F8BA7776 
  90      AFDAC0E2 
  90      9B430E8D 
  91 022e 1FD5F951 		.ascii	"\037\325\371Q\225ws\276\271\245\346c ]\025\374\313\242"
  91      957773BE 
  91      B9A5E663 
  91      205D15FC 
  91      CBA2
  92 0240 CADD6AFF 		.ascii	"\312\335j\377\013\3065\015\177\246\343\317T|\214\343"
  92      0BC6350D 
  92      7FA6E3CF 
  92      547C8CE3 
  93 0250 350F6EB5 		.ascii	"5\017n\265R:D9\276\344\370\271\240~\200\325\225\210"
  93      523A4439 
  93      BEE4F8B9 
  93      A07E80D5 
  93      9588
  94 0262 E631EDFC 		.ascii	"\3461\355\374\343\272\300\270*\340\341\002\317KZ\353"
  94      E3BAC0B8 
  94      2AE0E102 
  94      CF4B5AEB 
  95 0272 A8F8117D 		.ascii	"\250\370\021}p\371c\262v~\207\370\021\215\270\254_["
  95      70F963B2 
  95      767E87F8 
  95      118DB8AC 
  95      5F5B
  96 0284 ADD91174 		.ascii	"\255\331\021tS\226\257\311\015\305r\340i.6\211\177\342"
  96      5396AFC9 
  96      0DC572E0 
  96      692E3689 
  96      7FE2
ARM GAS  C:\Users\mvshv\AppData\Local\Temp\ccuVkRci.s 			page 7


  97 0296 04FF13A7 		.ascii	"\004\377\023\247 \210K1\357\237\236\222\031\223\235"
  97      20884B31 
  97      EF9F9E92 
  97      19939D
  98 02a5 911F6A32 		.ascii	"\221\037j2\231\265'\307f\306\260\331\226\227\312\274"
  98      99B527C7 
  98      66C6B0D9 
  98      9697CABC 
  99 02b5 2935203A 		.ascii	")5 :\366\2741\362\310\021\262\357\177Y\304\317\226\317"
  99      F6BC31F2 
  99      C811B2EF 
  99      7F59C4CF 
  99      96CF
 100 02c7 A40E6C90 		.ascii	"\244\016l\220\224\221\235\232Y`Mcs\213-\337\224N\002"
 100      94919D9A 
 100      59604D63 
 100      738B2DDF 
 100      944E02
 101 02da 2FE6A4E4 		.ascii	"/\346\244\344YY\372\361\015\322\371\246\315\234\220"
 101      5959FAF1 
 101      0DD2F9A6 
 101      CD9C90
 102 02e9 6849483C 		.ascii	"hIH<{4\374\3241KTLBd\334\205\223\347\222\304\036*\370"
 102      7B34FCD4 
 102      314B544C 
 102      4264DC85 
 102      93E792C4 
 103 0300 DBAC058C 		.ascii	"\333\254\005\214?\274Y\271\264\274\014t\005\266\213"
 103      3FBC59B9 
 103      B4BC0C74 
 103      05B68B
 104 030f 0C42C7A0 		.ascii	"\014B\307\240\203\233@Jv\356\345\254\255dc\032\313N"
 104      839B404A 
 104      76EEE5AC 
 104      AD64631A 
 104      CB4E
 105 0321 B1A66E25 		.ascii	"\261\246n%\033\3230{\273%\027\347\231\231VK\0062'6`"
 105      1BD3307B 
 105      BB2517E7 
 105      9999564B 
 105      06322736 
 106 0336 7273F2F2 		.ascii	"rs\362\362\331\035\340\005\230\317\234\2112G\307\307"
 106      D91DE005 
 106      98CF9C89 
 106      3247C7C7 
 107 0346 C45D0A17 		.ascii	"\304]\012\027\005\005\2122A\351\353T\216n\242\242\\"
 107      05058A32 
 107      41E9EB54 
 107      8E6EA2A2 
 107      5C
 108 0357 6661A139 		.ascii	"fa\2419]\023\370\003\333\236\313J"
 108      5D13F803 
 108      DB9ECB4A 
 109              		.text
 110              		.section	.gnu.lto_.symtab.d6366b,"",%progbits
 111 0000 68616C49 		.ascii	"halInit\000"
 111      6E697400 
ARM GAS  C:\Users\mvshv\AppData\Local\Temp\ccuVkRci.s 			page 8


 112 0008 00       		.ascii	"\000"
 113 0009 00       		.ascii	"\000"
 114 000a 00       		.ascii	"\000"
 115 000b 00000000 		.ascii	"\000\000\000\000\000\000\000\000"
 115      00000000 
 116 0013 BB000000 		.ascii	"\273\000\000\000"
 117 0017 7374496E 		.ascii	"stInit\000"
 117      697400
 118 001e 00       		.ascii	"\000"
 119 001f 02       		.ascii	"\002"
 120 0020 00       		.ascii	"\000"
 121 0021 00000000 		.ascii	"\000\000\000\000\000\000\000\000"
 121      00000000 
 122 0029 BD000000 		.ascii	"\275\000\000\000"
 123 002d 626F6172 		.ascii	"boardInit\000"
 123      64496E69 
 123      7400
 124 0037 00       		.ascii	"\000"
 125 0038 02       		.ascii	"\002"
 126 0039 00       		.ascii	"\000"
 127 003a 00000000 		.ascii	"\000\000\000\000\000\000\000\000"
 127      00000000 
 128 0042 BF000000 		.ascii	"\277\000\000\000"
 129 0046 73647549 		.ascii	"sduInit\000"
 129      6E697400 
 130 004e 00       		.ascii	"\000"
 131 004f 02       		.ascii	"\002"
 132 0050 00       		.ascii	"\000"
 133 0051 00000000 		.ascii	"\000\000\000\000\000\000\000\000"
 133      00000000 
 134 0059 C1000000 		.ascii	"\301\000\000\000"
 135 005d 75736249 		.ascii	"usbInit\000"
 135      6E697400 
 136 0065 00       		.ascii	"\000"
 137 0066 02       		.ascii	"\002"
 138 0067 00       		.ascii	"\000"
 139 0068 00000000 		.ascii	"\000\000\000\000\000\000\000\000"
 139      00000000 
 140 0070 C3000000 		.ascii	"\303\000\000\000"
 141 0074 70776D49 		.ascii	"pwmInit\000"
 141      6E697400 
 142 007c 00       		.ascii	"\000"
 143 007d 02       		.ascii	"\002"
 144 007e 00       		.ascii	"\000"
 145 007f 00000000 		.ascii	"\000\000\000\000\000\000\000\000"
 145      00000000 
 146 0087 C5000000 		.ascii	"\305\000\000\000"
 147 008b 61646349 		.ascii	"adcInit\000"
 147      6E697400 
 148 0093 00       		.ascii	"\000"
 149 0094 02       		.ascii	"\002"
 150 0095 00       		.ascii	"\000"
 151 0096 00000000 		.ascii	"\000\000\000\000\000\000\000\000"
 151      00000000 
 152 009e C7000000 		.ascii	"\307\000\000\000"
 153 00a2 5F70616C 		.ascii	"_pal_lld_init\000"
 153      5F6C6C64 
ARM GAS  C:\Users\mvshv\AppData\Local\Temp\ccuVkRci.s 			page 9


 153      5F696E69 
 153      7400
 154 00b0 00       		.ascii	"\000"
 155 00b1 02       		.ascii	"\002"
 156 00b2 00       		.ascii	"\000"
 157 00b3 00000000 		.ascii	"\000\000\000\000\000\000\000\000"
 157      00000000 
 158 00bb C9000000 		.ascii	"\311\000\000\000"
 159 00bf 68616C5F 		.ascii	"hal_lld_init\000"
 159      6C6C645F 
 159      696E6974 
 159      00
 160 00cc 00       		.ascii	"\000"
 161 00cd 02       		.ascii	"\002"
 162 00ce 00       		.ascii	"\000"
 163 00cf 00000000 		.ascii	"\000\000\000\000\000\000\000\000"
 163      00000000 
 164 00d7 CB000000 		.ascii	"\313\000\000\000"
 165              		.text
 166              		.section	.gnu.lto_.opts,"",%progbits
 167 0000 272D666D 		.ascii	"'-fmath-errno' '-fsigned-zeros' '-ftrapping-math' '"
 167      6174682D 
 167      6572726E 
 167      6F272027 
 167      2D667369 
 168 0033 2D666E6F 		.ascii	"-fno-trapv' '-fno-openmp' '-fno-openacc' '-mcpu=cor"
 168      2D747261 
 168      70762720 
 168      272D666E 
 168      6F2D6F70 
 169 0066 7465782D 		.ascii	"tex-m4' '-mno-thumb-interwork' '-mthumb' '-O2' '-fo"
 169      6D342720 
 169      272D6D6E 
 169      6F2D7468 
 169      756D622D 
 170 0099 6D69742D 		.ascii	"mit-frame-pointer' '-falign-functions=16' '-ffuncti"
 170      6672616D 
 170      652D706F 
 170      696E7465 
 170      72272027 
 171 00cc 6F6E2D73 		.ascii	"on-sections' '-fdata-sections' '-fno-common' '-flto"
 171      65637469 
 171      6F6E7327 
 171      20272D66 
 171      64617461 
 172 00ff 2700     		.ascii	"'\000"
 173              		.text
 174              		.comm	__gnu_lto_v1,1,1
 175              		.comm	__gnu_lto_slim,1,1
 176              		.ident	"GCC: (GNU Tools for Arm Embedded Processors 7-2017-q4-major) 7.2.1 20170904 (release) [ARM
ARM GAS  C:\Users\mvshv\AppData\Local\Temp\ccuVkRci.s 			page 10


DEFINED SYMBOLS
                            *ABS*:00000000 hal.c
                            *COM*:00000001 __gnu_lto_v1
                            *COM*:00000001 __gnu_lto_slim

NO UNDEFINED SYMBOLS
