ARM GAS  C:\Users\mvshv\AppData\Local\Temp\ccKpiZTh.s 			page 1


   1              		.cpu cortex-m4
   2              		.eabi_attribute 20, 1
   3              		.eabi_attribute 21, 1
   4              		.eabi_attribute 23, 3
   5              		.eabi_attribute 24, 1
   6              		.eabi_attribute 25, 1
   7              		.eabi_attribute 26, 1
   8              		.eabi_attribute 30, 2
   9              		.eabi_attribute 34, 1
  10              		.eabi_attribute 18, 4
  11              		.file	"hal_st.c"
  12              		.section	.gnu.lto_.profile.d63b4b,"",%progbits
  13 0000 789C6363 		.ascii	"x\234cc```\001bF\006w9\000\001$\000q"
  13      60606001 
  13      62460677 
  13      39000124 
  13      0071
  14              		.text
  15              		.section	.gnu.lto_.icf.d63b4b,"",%progbits
  16 0000 789C6363 		.ascii	"x\234cc``0d@\000\016\206\325\253\276\376db|\332\336"
  16      60603064 
  16      40000E86 
  16      D5ABBEFE 
  16      64627CDA 
  17 0015 F5849BE9 		.ascii	"\365\204\233\351\360\273K7\231\231{\246\335\361cY\276"
  17      F0BB4B37 
  17      99997BA6 
  17      DDF16359 
  17      BE
  18 0026 F6DD2F76 		.ascii	"\366\335/v\326\357s\216ned\373~f\346\177~\366\255\273"
  18      D6EF738E 
  18      6E6564FB 
  18      7E66E67F 
  18      7EF6ADBB 
  19 003a BE74F033 		.ascii	"\276t\3603\000\000tM\030\346"
  19      0000744D 
  19      18E6
  20              		.text
  21              		.section	.gnu.lto_.jmpfuncs.d63b4b,"",%progbits
  22 0000 789C6363 		.ascii	"x\234cc``\270\300\200\000\254 \202\021\010\352\3470"
  22      6060B8C0 
  22      8000AC20 
  22      821108EA 
  22      E730
  23 0012 3330314E 		.ascii	"301Nafl\376\265\3773_\375\337\006\2119\314\214\013\230"
  23      61666CFE 
  23      B5FF335F 
  23      FDDF0689 
  23      39CC8C0B 
  24 0027 41B29B19 		.ascii	"A\262\233\031\353\031\030\017\26002\000\361\237\377"
  24      EB19180F 
  24      B0303200 
  24      F19FFF
  25 0036 FFFFF333 		.ascii	"\377\377\36332\001\325Mk=t\236\275\233\031\250\212\221"
  25      3201D54D 
  25      6B3D749E 
  25      BD9B19A8 
ARM GAS  C:\Users\mvshv\AppData\Local\Temp\ccKpiZTh.s 			page 2


  25      8A91
  26 0048 81710BA3 		.ascii	"\201q\013\243\014\010\003\225\263\3400\213i\0013#\320"
  26      0C080395 
  26      B3E0308B 
  26      69013323 
  26      D0
  27 0059 ACADF8CD 		.ascii	"\254\255\370\315b\002\232\265\015h\026\020\2631`3\203"
  27      62029AB5 
  27      0D681610 
  27      B3316033 
  27      83
  28 006a 0968C676 		.ascii	"\011h\306vL3`\232\030\000\3327;\013"
  28      4C33609A 
  28      1800DA37 
  28      3B0B
  29              		.text
  30              		.section	.gnu.lto_.inline.d63b4b,"",%progbits
  31 0000 789C6363 		.ascii	"x\234cc``(g@\000V\006\006\026\036F\006& \223m\201<\210"
  31      60602867 
  31      40005606 
  31      06161E46 
  31      06262093 
  32 0018 6260E402 		.ascii	"b`\344\002\021\014<\274@a\276\015\271pq&n\22003\003"
  32      110C3CBC 
  32      4061BE0D 
  32      B9707126 
  32      6E903033 
  33 002d 0B335082 		.ascii	"\0133P\202\351\002?\\\202\205\201\213\033(\3045\301"
  33      E9023F5C 
  33      8285818B 
  33      1B28C435 
  33      C1
  34 003e 0F4D2D1B 		.ascii	"\017M-\033.\011\006\000'\274\010\356"
  34      2E090600 
  34      27BC08EE 
  35              		.text
  36              		.section	.gnu.lto_.pureconst.d63b4b,"",%progbits
  37 0000 789C6363 		.ascii	"x\234cc``\340\006bV\006\011F)f)\026)6)\000\004\017\000"
  37      6060E006 
  37      62560609 
  37      46296629 
  37      16293629 
  38 0018 A5       		.ascii	"\245"
  39              		.text
  40              		.section	.gnu.lto_stInit.d63b4b,"",%progbits
  41 0000 789C6363 		.ascii	"x\234cc``X\001\304J@,\015\304\214\314\014\214L\023\316"
  41      60605801 
  41      C44A402C 
  41      0DC48CCC 
  41      0C8C4C13 
  42 0015 31303472 		.ascii	"104r012\202\030\015\034\214\014\365L\214\365\214=\314"
  42      30313282 
  42      180D1C8C 
  42      0CF54C8C 
  42      F58C3DCC 
  43 0029 5398190F 		.ascii	"S\230\031\017\265?\333\311\244\271\274\001\010\016L"
  43      B53FDBC9 
ARM GAS  C:\Users\mvshv\AppData\Local\Temp\ccKpiZTh.s 			page 3


  43      A4B9BC01 
  43      080E4C
  44 0038 FF21D9B0 		.ascii	"\377!\331\260\342\000\343\034f\006\206i@\014\002\214"
  44      E200E31C 
  44      66068669 
  44      400C028C 
  45 0048 9B193519 		.ascii	"\233\0315\031\200\312\036m\3747\225\227\215\005\"\316"
  45      80CA1E6D 
  45      FC379597 
  45      8D0522CE 
  46 0058 B885918D 		.ascii	"\270\205\221\215\201\021\310X\177\211\365@\303\277\377"
  46      8111C858 
  46      7F89F540 
  46      C3BFFF
  47 0067 ED0D07EE 		.ascii	"\355\015\007\356,b\374\317\012\224\353\000b\240%\015"
  47      2C62FCCF 
  47      0A94EB00 
  47      62A0250D 
  48 0077 07183A99 		.ascii	"\007\030:\231\231@\254\346\003\014o\030\233\027\374"
  48      9940ACE6 
  48      030C6F18 
  48      9B17FC
  49 0086 96066B02 		.ascii	"\226\006k\002\232\264s\347\233\333\354\365\177\0338"
  49      9AB473E7 
  49      9BDBECF5 
  49      7F1B38
  50 0095 E630334E 		.ascii	"\34603Nc\006\232\302\270\225\261\236a\016P\365;\306"
  50      63069AC2 
  50      B895B19E 
  50      610E50F5 
  50      3BC6
  51 00a7 A605FFB9 		.ascii	"\246\005\377\271\301\352@\240\003(\0114\200\211\201"
  51      C1EA40A0 
  51      03280934 
  51      808981
  52 00b6 41414F4F 		.ascii	"AAOO\037\216\362\213\3653\022s\364\213\213\222At|q\211"
  52      1F8EF28B 
  52      F5331273 
  52      F48B8B92 
  52      41747C71 
  53 00cb 5E320300 		.ascii	"^2\003\000\313\256Cx"
  53      CBAE4378 
  54              		.text
  55              		.section	.gnu.lto_stStartAlarm.d63b4b,"",%progbits
  56 0000 789C9552 		.ascii	"x\234\225RKL\023Q\024}w\336t\372\341g\342B\027]4QBp"
  56      4B4C1351 
  56      147D77DE 
  56      74FAE167 
  56      E242175D 
  57 0018 D149D118 		.ascii	"\321I\321\030W\256\214\211\011\254dO\0005\230`0\224"
  57      57AE8C89 
  57      09AC644F 
  57      00359860 
  57      3094
  58 002a B8B48F7E 		.ascii	"\270\264\217~\370\010F\027R\264\031\265\021\010bB@\360"
  58      F8084617 
  58      52B419B5 
ARM GAS  C:\Users\mvshv\AppData\Local\Temp\ccKpiZTh.s 			page 4


  58      11086242 
  58      40F0
  59 003c 43B1C858 		.ascii	"C\261\310X>~\020(\2700\246.\210\304JL\375\223\220\372"
  59      3E7E1028 
  59      B830A62E 
  59      88C44A4C 
  59      FD9390FA 
  60 0050 01EF7B53 		.ascii	"\001\357{S\010\032\027\370\322y3\357\365\334s\357\271"
  60      081A17F8 
  60      D27933EF 
  60      F5DC73EF 
  60      B9
  61 0061 E72A8490 		.ascii	"\347*\204\220\"\231\220\023\370\336\207\017\230\010"
  61      22999013 
  61      F8DE870F 
  61      9808
  62 006f 48176708 		.ascii	"H\027g\010\251\267H\022\215\333\011\263\311\272\213"
  62      A9B74812 
  62      8DDB09B3 
  62      C9BA8B
  63 007e B06C0AB2 		.ascii	"\260l\012\262q-\003\360\017f\001\342\221\250\014\036"
  63      712D03F0 
  63      0F6601E2 
  63      91A80C1E 
  64 008e 68A59728 		.ascii	"h\245\227(\304\032\223\021\251\260\233\341\322\333\207"
  64      C41A9311 
  64      A9B09BE1 
  64      D2DB87
  65 009d 940616D8 		.ascii	"\224\006\026\330\251QB\202\370\360\005\203P\210\250"
  65      A9514282 
  65      F8F00583 
  65      5088A8
  66 00ac 397FBF46 		.ascii	"9\177\277F[\250F\001d<~\231\016-\346\362\243\004\016"
  66      5BA84601 
  66      643C7E99 
  66      0E2DE6F2 
  66      A3040E
  67 00bf 3CFEB8D5 		.ascii	"<\376\270\325\377:\217\356\002\202\3377z/t)\005]\214"
  67      FF3A8FEE 
  67      0282DF37 
  67      7A2F7429 
  67      055D8C
  68 00d2 79999EEA 		.ascii	"y\231\236\352\240l\267F)\334\003\212\204p\027\354p\007"
  68      A06CB746 
  68      29DC038A 
  68      847017EC 
  68      7007
  69 00e4 EC04AF08 		.ascii	"\354\004\257\010\334\207\002\216\177s{\265-G\221\303"
  69      DC87028E 
  69      7F737BB5 
  69      2D4791C3 
  70 00f4 EB396108 		.ascii	"\3539a\010\024\002\370\306\233\276y\223\316V\327\032"
  70      1402F8C6 
  70      9BBE7993 
  70      CE56D71A 
  71 0104 99BEDC09 		.ascii	"\231\276\334\011/\016\333P\002F\2310^V\370FH\023\206"
  71      2F0EDB50 
ARM GAS  C:\Users\mvshv\AppData\Local\Temp\ccKpiZTh.s 			page 5


  71      02469930 
  71      5E56F846 
  71      481386
  72 0117 A02AA693 		.ascii	"\240*\246\223f*\361/\237N\336Cl8\235X\326\016n\260\373"
  72      662AF12F 
  72      9F4EDE43 
  72      6C389D58 
  72      D60E6EB0 
  73 012c 0D755185 		.ascii	"\015uQ\205\012\372 \205M\231\011D@\201a\236\025\267"
  73      0AFA2085 
  73      4D990944 
  73      4081619E 
  73      15B7
  74 013e 1035E15F 		.ascii	"\0205\341_\301@l\326\314\365\231\004r\246w\345\263\315"
  74      C1406CD6 
  74      CCF59904 
  74      72A677E5 
  74      B3CD
  75 0150 387226DE 		.ascii	"8r&\336\201\360\325w\3260\\\003\215*\020EY\017P\026"
  75      81F0D577 
  75      D6305C03 
  75      8D2A1045 
  75      590F5016 
  76 0164 873626A7 		.ascii	"\2076&\247\342\271j/\363\327\263\205O\363\333\027\315"
  76      E2B96A2F 
  76      F3D7B385 
  76      4FF3DB17 
  76      CD
  77 0175 1A35C308 		.ascii	"\0325\303\010\204\241\015+\345\231\010<\004\025k\364"
  77      84A10D2B 
  77      E599083C 
  77      04156BF4 
  78 0185 FD6C7865 		.ascii	"\375lxe52f\222N\254\255\350y<\213\014\022\214\"\337"
  78      35326692 
  78      4EACADE8 
  78      793C8B0C 
  78      128C22DF 
  79 0199 5BF027C6 		.ascii	"[\360'\306\332\243\223\300\213F\030b\372R\221t\216\201"
  79      DAA393C0 
  79      8B461862 
  79      FA529174 
  79      8E81
  80 01ab 21A0F39C 		.ascii	"!\240\363\234\270\232\261\235q;*O\201\337!\372\207\310"
  80      B89AB19D 
  80      713B2A4F 
  80      81DF21FA 
  80      87C8
  81 01bd 48249530 		.ascii	"H$\2250{~1\213F-A\354\015\201G\340!\233\265Y\2056\337"
  81      7B7E318B 
  81      462D41EC 
  81      0D8147E0 
  81      219BB559 
  82 01d4 F7D16FB9 		.ascii	"\367\321o\271\210C\327\255\334\004~\227\236\373\320"
  82      8843D7AD 
  82      DC047E97 
  82      9EFBD0
  83 01e3 9485EAEA 		.ascii	"\224\205\352\352\267i\324\006c8*\261\214<_\347`\000"
ARM GAS  C:\Users\mvshv\AppData\Local\Temp\ccKpiZTh.s 			page 6


  83      B769D406 
  83      63382AB1 
  83      8C3C5FE7 
  83      6000
  84 01f5 107D9931 		.ascii	"\020}\2311\007g\030Ge\206c\023\340\321h\226\250F\316"
  84      07671847 
  84      65866313 
  84      E0D16896 
  84      A846CE
  85 0208 18910489 		.ascii	"\030\221\004\211\3074\353\347\306m\264Bd{\331\342_2"
  85      C734EBE7 
  85      C66DB442 
  85      647BD9E2 
  85      5F32
  86 021a E77788E9 		.ascii	"\347w\210\351H^\311\0161\335\357\340\0032\371\347\200"
  86      485EC90E 
  86      31DDEFE0 
  86      0332F9E7 
  86      80
  87 022b 88C97B0C 		.ascii	"\210\311{\014\371!\344B;C\351D\252\355\300\337v\306"
  87      F921E442 
  87      3B43E944 
  87      AAEDC0DF 
  87      76C6
  88 023d 15CA3119 		.ascii	"\025\3121\031K\351\037\226>AK\237\362\262p\333\252["
  88      4BE91F96 
  88      3E414B9F 
  88      F2B270DB 
  88      AA5B
  89 024f 033BBE62 		.ascii	"\003;\276bW\262\341\231p\013\004\011\007\351\255\336"
  89      57B2E199 
  89      700B0409 
  89      07E9ADDE 
  90 025f 1EB3AB8F 		.ascii	"\036\263\253\217\203\302\003\300\375\234\002\025\366"
  90      83C203C0 
  90      FD9C0215 
  90      F6
  91 026c 208340C0 		.ascii	" \203@\300spe\352\\^\212\006r\267\2362|\226\223M\213"
  91      737065EA 
  91      5C5E8A06 
  91      72B79E32 
  91      7C96934D 
  92 0281 7452866C 		.ascii	"tR\206l\006\324\315\036\231\261\214Y\214\024\344#\377"
  92      06D4CD1E 
  92      99B18C59 
  92      8C14E423 
  92      FF
  93 0292 4F1E5F9F 		.ascii	"O\036_\237<A>'\310\243\327[{l\006\271\004\363\030\231"
  93      3C413E27 
  93      C8A3D75B 
  93      7B6C06B9 
  93      04F31899 
  94 02a6 04EF42CB 		.ascii	"\004\357B\313\315J\336G\321P\362\021\274\341\356\363"
  94      CD4ADE47 
  94      D150F211 
  94      BCE1EEF3 
  95 02b6 86B17C35 		.ascii	"\206\261|5a7\320R\034\"\207\323\251n\374j\334jUy\265"
ARM GAS  C:\Users\mvshv\AppData\Local\Temp\ccKpiZTh.s 			page 7


  95      6137D052 
  95      1C2287D3 
  95      A96EFC6A 
  95      DC6A5579 
  96 02cb EAAEADE4 		.ascii	"\352\256\255\344\3572w\235\263\222\230\313+\334u'O\035"
  96      EF32779D 
  96      B39298CB 
  96      2BDC7527 
  96      4F1D
  97 02dd DFFF0FE0 		.ascii	"\337\377\017\340\351\232\332:\267z\264\264do\221Z\\"
  97      E99ADA3A 
  97      B77AB4B4 
  97      646F915A 
  97      5C
  98 02ee 7C482D3D 		.ascii	"|H-=Rr\306\225\011-\253\256>\346\254\"2\217\375\015"
  98      5272C695 
  98      092DABAE 
  98      3EE6AC22 
  98      328FFD0D 
  99 0302 0DA47B62 		.ascii	"\015\244{b"
 100              		.text
 101              		.section	.gnu.lto_stStopAlarm.d63b4b,"",%progbits
 102 0000 789C6D4F 		.ascii	"x\234mO=KBa\024>\317}\355fA\315E\016A\223\313\275T\324"
 102      3D4B4261 
 102      143ECF7D 
 102      ED6641CD 
 102      450E4193 
 103 0018 2F8820D0 		.ascii	"/\210 \320)\227&\011\033\034\004\303+\255\276\226\246"
 103      29972609 
 103      1B1C04C3 
 103      2BADBE96 
 103      A6
 104 0029 614343DA 		.ascii	"aCC\332b!44\211D\237\366\001\027i\023,\372\005\322`"
 104      62213434 
 104      89449FF6 
 104      01176913 
 104      2CFA05D2 
 105 003e D0102142 		.ascii	"\320\020!BB`\235WC\032:\274\347\343=\3479\3479G'\242"
 105      42609D57 
 105      431A3ABC 
 105      E7E33DE7 
 105      39E73947 
 106 0054 3910ADB0 		.ascii	"9\020\255\260\237`\205 h{5\242\270S\003T \235\240\230"
 106      9F608520 
 106      687B35A2 
 106      B8530354 
 106      209DA098 
 107 0068 861876C5 		.ascii	"\206\030v\305\276@%\325(k\356\023\311b\037\264\364m"
 107      BE4025D5 
 107      286BEE13 
 107      C9621FB4 
 107      F46D
 108 007a 991CCB0B 		.ascii	"\231\034\313\013\242\034\253\022\234\301M\014{9\355"
 108      A21CAB12 
 108      9CC14D0C 
 108      7B39ED
 109 0089 64477447 		.ascii	"dGtG/\217s\350\304\034Tz\036\260e\347;%\355\207c|-r"
ARM GAS  C:\Users\mvshv\AppData\Local\Temp\ccKpiZTh.s 			page 8


 109      2F8F73E8 
 109      C41C547A 
 109      1EB065E7 
 109      3B25ED87 
 110 00a1 2DCDCA24 		.ascii	"-\315\312$\322\246\035\241\251h\313\2467TZ\355\352]"
 110      D2A61DA1 
 110      A968CBA6 
 110      37545AED 
 110      EA5D
 111 00b3 CEE8CF49 		.ascii	"\316\350\317I\364\350\332\272\350\316\312\011\374\345"
 111      F4E8DABA 
 111      E8CECA09 
 111      FCE5
 112 00c1 C005745C 		.ascii	"\300\005t\\*\0126\234\317%+\217\203\031\221\027\350"
 112      2A0A369C 
 112      CF252B8F 
 112      83199117 
 112      E8
 113 00d2 C26AC5CF 		.ascii	"\302j\305\317\217\341\336W\215qp\252p\370:T\300\021"
 113      8FE1DE57 
 113      8D7170AA 
 113      70F83A54 
 113      C011
 114 00e4 F242C335 		.ascii	"\362B\3035\\\270\202\213\0244\325\250>\215\232E\231"
 114      5CB8828B 
 114      1434D5A8 
 114      3E8D9A45 
 114      99
 115 00f5 88CB7AA9 		.ascii	"\210\313z\2519\336\344&\2012\012\310\362\232\212\206"
 115      39DEE426 
 115      81320AC8 
 115      F29A8A86 
 116 0105 7003F32F 		.ascii	"p\003\363/\005o\202[\356~\307f=s?\325\275TI\232\013"
 116      056F825B 
 116      EE7EC766 
 116      3D733FD5 
 116      BD54499A 
 117 011a 7C8D4634 		.ascii	"|\215F4i\030f\377\205-3\270\0322\255H@y\277\0255\002"
 117      691866FF 
 117      852D33B8 
 117      1A32AD48 
 117      4079BF15 
 118 0130 34FF0F60 		.ascii	"4\377\017`=\034\211Z\346\262\317;;cz<\013\246o\311\273"
 118      3D1C895A 
 118      E6B2CF3B 
 118      3B637A3C 
 118      0BA66FC9 
 119 0145 31FDDBE2 		.ascii	"1\375\333\342\017\205\326\214 \375\000\351\353\202\275"
 119      0F85D68C 
 119      20FD00E9 
 119      EB82BD
 120              		.text
 121              		.section	.gnu.lto_stSetAlarm.d63b4b,"",%progbits
 122 0000 789C8D52 		.ascii	"x\234\215RKHTQ\030>\337=w\346\316\214\257\240M\213\011"
 122      4B485451 
 122      183EDF3D 
 122      77E6CE8C 
ARM GAS  C:\Users\mvshv\AppData\Local\Temp\ccKpiZTh.s 			page 9


 122      AFA04D8B 
 123 0015 064AC416 		.ascii	"\006J\304\026s\261\"Z\265\012\"\320U\356E\25500\014"
 123      73B1225A 
 123      B50A22D0 
 123      55EE45AD 
 123      30300C
 124 0028 47A2DD1C 		.ascii	"G\242\335\034g\306WJ\265\3101\206k\014\251D\221hj\345"
 124      67C6574A 
 124      B5C83186 
 124      6B0CA944 
 124      91686AE5 
 125 003c 68E56D7C 		.ascii	"h\345m|\3654u\023\245\013\311\232\"\354\035\310\364"
 125      F5347513 
 125      A50BC99A 
 125      22EC1DC8 
 125      F4
 126 004d D0FE7367 		.ascii	"\320\376sg\022\215\026\035\346\236\327|\377\367\377"
 126      128D161D 
 126      E69ED77C 
 126      FFF7FF
 127 005c DFFF1D3B 		.ascii	"\337\377\035;c\354\024g\354(\255\273\351\203\215A97"
 127      63EC1467 
 127      EC28ADBB 
 127      E9838D41 
 127      3937
 128 006e C558AD43 		.ascii	"\305X\255CQ\370\264\233\011\227j\0260\221\311\241\246"
 128      51F8B49B 
 128      09976A16 
 128      3091C9A1 
 128      A6
 129 007f AE55406E 		.ascii	"\256U@n\204\003\314\257p\025~\264\360\363\034\361\206"
 129      8403CCAF 
 129      70157EB4 
 129      F0F31CF1 
 129      86
 130 0090 444CC9BF 		.ascii	"DL\311\277,h\230m\275Z\275\250\333b\020o\230>9\320\217"
 130      2C68986D 
 130      BD5ABDA8 
 130      DB62106F 
 130      983E39D0 
 131 00a5 7C42CD84 		.ascii	"|B\315\204z\015\336\314\015\016\250t\374\374$\262\230"
 131      7A0DDECC 
 131      0D0EA874 
 131      FCFC24B2 
 131      98
 132 00b6 2D8F0A3C 		.ascii	"-\217\012<t\374q\265w>\207o\003\243\375\245\356\263"
 132      74FC71B5 
 132      773E876F 
 132      03A3FDA5 
 132      EEB3
 133 00c8 5DF6BC2E 		.ascii	"]\366\274.!\002\302\234\357\340b\273\3019n\202\023!"
 133      2102C29C 
 133      EFE062BB 
 133      C1396E82 
 133      1321
 134 00da 6EC08D01 		.ascii	"n\300\215\001\270\031]1\334B\236\304\277\274\276\322"
 134      B8195D31 
ARM GAS  C:\Users\mvshv\AppData\Local\Temp\ccKpiZTh.s 			page 10


 134      DC429EC4 
 134      BFBCBED2 
 135 00ea 9A6557A3 		.ascii	"\232eW\243\177rb\020v\006Z\351\246g\326f\212\225\325"
 135      7F726210 
 135      76065AE9 
 135      A667D666 
 135      8A95D5
 136 00fd 0661BEEA 		.ascii	"\006a\276\352\304\360\001)\201\242l\024\257\332\345"
 136      C4F00129 
 136      81A26C14 
 136      AFDAE5
 137 010c C4582385 		.ascii	"\304X#\205\220*a\262&\256\310]\320d\357\020\037J\316"
 137      902A61B2 
 137      26AEC85D 
 137      D064EF10 
 137      1F4ACE
 138 011f 7D33F6AD 		.ascii	"}3\366\255\261\207R\352\0064n\321\2079\326ef\210\301"
 138      B18752EA 
 138      06346ED1 
 138      8739D665 
 138      6688C1
 139 0132 8E219995 		.ascii	"\216!\231\225\246\010\267\321_\341\272\370SM\352\263"
 139      A608B7D1 
 139      5FE1BAF8 
 139      534DEAB3 
 140 0142 59C8A9EE 		.ascii	"Y\310\251\356\345O\256\324Q2\311\016D\333\3378\243\270"
 140      E54FAED4 
 140      5132C90E 
 140      44DBDF38 
 140      A3B8
 141 0154 0883DB71 		.ascii	"\010\203\333q\233d\015\223,\011mH<\232\316\326\273E"
 141      9B640D93 
 141      2C096D48 
 141      3C9ACED6 
 141      BB45
 142 0166 A8562C7C 		.ascii	"\250V,|\234\335\274\250\031\\\303\035D\321J\225\312"
 142      9CDDBCA8 
 142      195CC31D 
 142      44D14A95 
 142      CA
 143 0177 4C0C77A1 		.ascii	"L\014w\241S\215\301\237\365\317\235\251\214\351\244"
 143      538DC19F 
 143      F5CF9DA9 
 143      8CE9A4
 144 0186 E3ABCB66 		.ascii	"\343\253\313f\216\314\242B\301\010\361\275F\350\305"
 144      8ECCA242 
 144      C108F1BD 
 144      46E8C5
 145 0195 68DBC024 		.ascii	"h\333\300$d\321\004#L\317R,\231\225\3020\2302'\215&"
 145      64D10423 
 145      4CCF522C 
 145      9995C230 
 145      9832278D 
 146 01aa 6AE7B49B 		.ascii	"j\347\264\233\224/!\344\261\372G\310XliN\363\377\022"
 146      942F21E4 
 146      B1FA47C8 
 146      586C694E 
ARM GAS  C:\Users\mvshv\AppData\Local\Temp\ccKpiZTh.s 			page 11


 146      F3FF12
 147 01bd 0E833BC2 		.ascii	"\016\203;\302\324\033\206{\360\263\365\332\234\226\266"
 147      D41B867B 
 147      F0B3F5DA 
 147      9C96B6
 148 01cc E0F791AF 		.ascii	"\340\367\221\257\331\204#\327\235\322\004y\227\234y"
 148      D98423D7 
 148      9DD20479 
 148      979C79
 149 01db DF9841EA 		.ascii	"\337\230A\352j7\031\334\205Qz*\361\264\274`g\177\035"
 149      6A3719DC 
 149      85517A2A 
 149      F1B4BC60 
 149      677F1D
 150 01ee 087D4108 		.ascii	"\010}A\010\217d\030#e)\307\306\3417x\206U\215\2326\""
 150      8F641823 
 150      6529C7C6 
 150      E1377886 
 150      558D9A36 
 151 0203 0145C634 		.ascii	"\001E\3064\231\247\307\\\274\314\312\366\2549\364V\313"
 151      99A7C75C 
 151      BCCCCAF6 
 151      AC39F456 
 151      CB
 152 0214 EDB05EC7 		.ascii	"\355\260^\307D{fD\230!\217| \023\033\037\210\365\362"
 152      447B6644 
 152      98218F7C 
 152      20131B1F 
 152      88F5F2
 153 0227 26911B21 		.ascii	"&\221\033!.\2623\222\234\273\326\266\367o;\0075.1iK"
 153      2EB23392 
 153      9CBBD6B6 
 153      F76F3B07 
 153      352E3169 
 154 023c F9064BEF 		.ascii	"\371\006K\357\223\245\017dY4\375\257[}[\277PW2\361\320"
 154      93A50F64 
 154      5934FDAF 
 154      5B7D5BBF 
 154      505732F1 
 155 0251 720B1689 		.ascii	"r\013\026\211\004\231-\201+ZA\217\004E\373 \375|\004"
 155      04992D81 
 155      2B5A418F 
 155      0445FB20 
 155      FD7C04
 156 0264 1D3B88C1 		.ascii	"\035;\210\301B\3401\012d\235\011\004\026\232\347\313"
 156      42E0310A 
 156      649D0904 
 156      169AE7CB 
 157 0274 65355659 		.ascii	"e5VY\354\003\002\321\3453\251\366\310\321H\234\324\030"
 157      EC0302D1 
 157      E533A9F6 
 157      C8D1489C 
 157      D418
 158 0286 B2C2E3F5 		.ascii	"\262\302\343\365\352k\277*\237^QZ\251\373\252\313\345"
 158      EA6BBF2A 
 158      9F5E515A 
 158      A9FBAACB 
ARM GAS  C:\Users\mvshv\AppData\Local\Temp\ccKpiZTh.s 			page 12


 158      E5
 159 0297 5AE2ABF1 		.ascii	"Z\342\253\361\2263\255\264\314Ws\354\370\221=\377\000"
 159      9633ADB4 
 159      CC5773EC 
 159      F8913DFF 
 159      00
 160 02a8 9EA8AAAE 		.ascii	"\236\250\252\256\361\351\207\212\213v\355\324\013\013"
 160      F1E9878A 
 160      8B76EDD4 
 160      0B0B
 161 02b6 F7EBC507 		.ascii	"\367\353\305\007\213N\026\244CK*+\017{+\230*c\177\003"
 161      8B4E16A4 
 161      434B2A2B 
 161      0F7B2B98 
 161      2A637F03 
 162 02ca 508B4043 		.ascii	"P\213@C"
 163              		.text
 164              		.section	.gnu.lto_stGetAlarm.d63b4b,"",%progbits
 165 0000 789C8D52 		.ascii	"x\234\215RKL\023Q\024\275g\336t\246\345SM\334\030\323"
 165      4B4C1351 
 165      14BD67DE 
 165      74A6E553 
 165      4DDC18D3 
 166 0014 C46E71D1 		.ascii	"\304nq\321I\325\270tebL`%\033W\304\340\202\005\011\206"
 166      49D5B874 
 166      65624C60 
 166      251B57C4 
 166      E0820509 
 167 0029 12B77DA5 		.ascii	"\022\267}\245E \2600*\255\301\3214\321\304\270 \325"
 167      4520B030 
 167      2AADC1D1 
 167      34D1C4B8 
 167      20D5
 168 003b 503FAD0A 		.ascii	"P?\255\012#\0250!ba\247n\210\370IH%\250$XE\360\276\031"
 168      23153021 
 168      6261A76E 
 168      88F84948 
 168      25A82458 
 169 0053 82685C38 		.ascii	"\202h\\8\231\367\2717g\316\275\347\2361\210hI#:\305"
 169      99F7B937 
 169      67CEBDE7 
 169      9E318868 
 169      49233AC5 
 170 0067 E7615EF0 		.ascii	"\347a^\360\021\264\013\263D\011\277\246\211r\210d\215"
 170      11B40BB3 
 170      4409BFA6 
 170      89728864 
 170      8D
 171 0078 EE4449D6 		.ascii	"\356DI\326\011\350^Z\007\324E\372AqM\350\210cP\\\026"
 171      09E85E5A 
 171      07D445FA 
 171      41714DE8 
 171      8863505C 
 172 008d 984BDDB1 		.ascii	"\230K\335\261\305\200\260\005A\347\360\363\213\341\305"
 172      C580B005 
 172      41E7F0F3 
 172      8BE1C5
ARM GAS  C:\Users\mvshv\AppData\Local\Temp\ccKpiZTh.s 			page 13


 173 009c A00A8130 		.ascii	"\240\012\2010\207\225\345\251|]\303-)\273\245\223Y1"
 173      8795E5A9 
 173      7C5DC32D 
 173      29BBA593 
 173      5931
 174 00ae AFE6CB32 		.ascii	"\257\346\3132`\013\215\322\014\317#\204Q\204T\361{h"
 174      600B8DD2 
 174      0CCF2384 
 174      518454F1 
 174      7B68
 175 00c0 2046BFBD 		.ascii	" F\277\275\2731To\350YA\012\300\371\3730\010|r&7\357"
 175      BB31546F 
 175      E859410A 
 175      C0F9FB30 
 175      087C7226 
 176 00d6 73E4C666 		.ascii	"s\344\306f\257t\336\335\300\217\343\246N\266\020>\265"
 176      AF74DEDD 
 176      C08FE3A6 
 176      4EB6103E 
 176      B5
 177 00e7 196A23EA 		.ascii	"\031j#\352\343\305\015J\207\372\271\000\337\222\016"
 177      E3C50D4A 
 177      87FAB900 
 177      DF920E
 178 00f6 2D61A258 		.ascii	"-a\242X\235Y\265\217n\223\247$?Nf\325\024.{Z`Ga\302"
 178      9D59B58F 
 178      6E93A724 
 178      3F4E66D5 
 178      142E7B5A 
 179 010e 031878A8 		.ascii	"\003\030x\250\212\3626,\224\240t\317\304KS\011\322]"
 179      8AF2362C 
 179      94A074CF 
 179      C44B5309 
 179      D25D
 180 0120 E4ECC8DA 		.ascii	"\344\354\310\332J\215\027*&\205\310^\373\030\310\342"
 180      4A8D172A 
 180      2685C85E 
 180      FB18C8E2 
 181 0130 3A6CE143 		.ascii	":l\341C\2215\025\224&\316\367~\230)\007\255\021\231"
 181      91351594 
 181      26CEF77E 
 181      982907AD 
 181      1199
 182 0142 4AC885DC 		.ascii	"J\310\205\334\374\236E\323\026\006\036!\213!\356TU\""
 182      FC9E45D3 
 182      16061E21 
 182      8B21EE54 
 182      5522
 183 0154 3C86C53D 		.ascii	"<\206\305=&\327\317\277\012x\025}^\321\311\3155g\227"
 183      26D7CFBF 
 183      0A78157D 
 183      5ED1C9CD 
 183      356797
 184 0167 AA22A0E1 		.ascii	"\252\"\240\341\011\363\275G\352u)\263:\015\3254\303"
 184      09F3BD47 
 184      EA7529B3 
 184      3A0DD534 
ARM GAS  C:\Users\mvshv\AppData\Local\Temp\ccKpiZTh.s 			page 14


 184      C3
 185 0178 1893AB14 		.ascii	"\030\223\253\024\252\365\036\2060\346\316\221X\272\240"
 185      AAF51E86 
 185      30E6CE91 
 185      58BAA0
 186 0187 72889557 		.ascii	"r\210\225W\220\012\273\343cd\241Pyc\306\177J\277-\314"
 186      900ABBE3 
 186      6364A150 
 186      7963C67F 
 186      4ABF2DCC 
 187 019b 34CF8630 		.ascii	"4\317\2060\2168\355\324\346w\265%\277\217\177\0152n"
 187      8E38EDD4 
 187      E677B525 
 187      BF8F7F0D 
 187      326E
 188 01ad 2F279407 		.ascii	"/'\224\007*W\235\373\324W\313\352\022\273m\021\300S"
 188      2A579DFB 
 188      D457CBEA 
 188      12BB6D11 
 188      C053
 189 01bf 76DDD992 		.ascii	"v\335\331\222\227\2749\332\003F_\2212\254\030&X\231"
 189      97BC39DA 
 189      03465F91 
 189      32AC1826 
 189      5899
 190 01d1 67580971 		.ascii	"gX\011q[\324\270\335\350\277\215\030\253\316\254g\366"
 190      5BD4B8DD 
 190      E8BF8D18 
 190      ABCEAC67 
 190      F6
 191 01e2 FD65C4A5 		.ascii	"\375e\304\245o\346\226\017\342\017\037\236\261\017\223"
 191      6FE6960F 
 191      E20F1F9E 
 191      B10F93
 192 01f1 8A6B52C9 		.ascii	"\212kR\3115\376w\312_\366_\344\337\253\026S\356\224"
 192      35FE77CA 
 192      5FF65FE4 
 192      DFAB1653 
 192      EE94
 193 0203 E1F22890 		.ascii	"\341\362(\2203\330}\333\214\346\024([\324\224\017\323"
 193      33D87DDB 
 193      8CE61428 
 193      5BD4940F 
 193      D3
 194 0214 B0708019 		.ascii	"\260p\200\031\\\004\236#J\313\350^\030X/\031\336\204"
 194      5C049E23 
 194      4ACBE85E 
 194      18582F19 
 194      DE84
 195 0226 0D35CD3E 		.ascii	"\0155\315>\246\340\376yb\341H\304\332~;bV\333\351v+"
 195      A6E0FE79 
 195      62E148C4 
 195      DA7E3B62 
 195      56DBE976 
 196 023b D6D9AACE 		.ascii	"\326\331\252\316\226XW\244\225\216\374\003p\266\243"
 196      965857A4 
 196      958EFC03 
ARM GAS  C:\Users\mvshv\AppData\Local\Temp\ccKpiZTh.s 			page 15


 196      70B6A3
 197 024a B32B669D 		.ascii	"\263+f\235ln:t\320jl<f5\237h:\027\335\372\244\245\275"
 197      6C6E3A74 
 197      D06A6C3C 
 197      66359F68 
 197      3A17DDFA 
 198 0261 FD4CA48D 		.ascii	"\375L\244\215~\001\324q\023\313"
 198      7E01D471 
 198      13CB
 199              		.text
 200              		.section	.gnu.lto_.symbol_nodes.d63b4b,"",%progbits
 201 0000 789C558A 		.ascii	"x\234U\212\313\015\3020\020\005g\337&\026i\203\002\250"
 201      CB0DC230 
 201      100567DF 
 201      26166983 
 201      02A8
 202 0012 012A5B1F 		.ascii	"\001*[\037R\000EPC$\302\237\002\250\2016\270 ,\347\202"
 202      52004550 
 202      4324C29F 
 202      02A88136 
 202      B8202CE7 
 203 0027 0F4F23CD 		.ascii	"\017O#\315\274\004Le\350\250\200\375\013\012\346\274"
 203      BC044C65 
 203      E8A880FD 
 203      0B0AE6BC 
 204 0037 2B665658 		.ascii	"+fVXc\372\273\310kp\235\024j\317g\205\267\347\207l9"
 204      63FABBC8 
 204      6B709D14 
 204      6ACF6785 
 204      B7E7876C 
 205 004c 5F145D9B 		.ascii	"_\024]\233\236RMvU\3645A\316[\260\233\"\375\013g\305"
 205      9E524D76 
 205      55F43541 
 205      CE5BB09B 
 205      22FD0B67 
 206 0061 E1FD35B7 		.ascii	"\341\3755\267\201\361\263\361nA\252\340\007\330\330"
 206      81F1B3F1 
 206      6E41AAE0 
 206      07D8D8
 207 0070 2B85     		.ascii	"+\205"
 208              		.text
 209              		.section	.gnu.lto_.refs.d63b4b,"",%progbits
 210 0000 789C6363 		.ascii	"x\234cc``\020\000bFF&&\026F\026&V\026F6&v\026\006\000"
 210      60601000 
 210      62464626 
 210      26164616 
 210      26561646 
 211 001a 033F0045 		.ascii	"\003?\000E"
 212              		.text
 213              		.section	.gnu.lto_.decls.d63b4b,"",%progbits
 214 0000 789CB558 		.ascii	"x\234\265X{P\024G\032\237\236^p\331\345\341mR\226W1"
 214      7B501447 
 214      1A9F9E5E 
 214      70D9E5E1 
 214      6D529657 
 215 0015 15F44CC1 		.ascii	"\025\364L\301U\022\036\232\\rWw\251$\350\345Q1w\267"
 215      55121E9A 
ARM GAS  C:\Users\mvshv\AppData\Local\Temp\ccKpiZTh.s 			page 16


 215      5C725777 
 215      A924E8E5 
 215      513177B7 
 216 0029 78557775 		.ascii	"xUwuTm\010l\002U<<wMU\376\271\014.\012\"\211`@\0211"
 216      546D086C 
 216      02553C3C 
 216      774D55FE 
 216      B90C2E0A 
 217 0043 80206244 		.ascii	"\200 bD\005\025\020\021y#OA\004#\"\212\370@4\"\340\013"
 217      05151011 
 217      79234F41 
 217      0423228A 
 217      F8403422 
 218 0059 44E4BEEE 		.ascii	"D\344\276\356\236\331\231\035 \311U\345\246\370\230"
 218      9ED9991D 
 218      20C955E5 
 218      A6F898
 219 0068 F9BABFFE 		.ascii	"\371\272\277\376}\277\357\353\236\257{\326\231\3438"
 219      7DBFEFEB 
 219      9EAF7BD6 
 219      99E338
 220 0077 AF6739EE 		.ascii	"\257g9\356o\230\343\026\362\0347\015\2273\264U\203@"
 220      6F98E316 
 220      F21C370D 
 220      9733B455 
 220      8340
 221 0089 13570572 		.ascii	"\023W\005r\032\244\233c\327<\220\213 \375 \003 \327"
 221      1AA49B63 
 221      D73C908B 
 221      20FD2003 
 221      20D7
 222 009b 40064186 		.ascii	"@\006A\206@\206\3051c \017@\3069\307\253\014\261\376"
 222      4086C531 
 222      63200F40 
 222      C639C7AB 
 222      0CB1FE
 223 00ae 8F412640 		.ascii	"\217A&@z\305v^\304\034\342f^\3250\306M\034c\000yV\344"
 223      7AC5765E 
 223      C41CE266 
 223      5ED530C6 
 223      4D1C6300 
 224 00c5 E405F227 		.ascii	"\344\005\362'\350\373#\3104<\277\211\030\3176\220; "
 224      E8FB23C8 
 224      343CBF89 
 224      18CF3690 
 224      3B20
 225 00d7 6EA22F6F 		.ascii	"n\242/o\270{\201\374\026D#\362\3763b\\\337\203;\022"
 225      B87B81FC 
 225      164423F2 
 225      FE33625C 
 225      DF833B12 
 226 00eb F92AAF7A 		.ascii	"\371*\257z\321\366c\225\017$\342\361b\354\037\240\231"
 226      D1F66395 
 226      0F24E2F1 
 226      62EC1FA0 
 226      99
 227 00fc 7C9BFE07 		.ascii	"|\233\376\007\276$\247]\012\276\274\202\257F\314\255"
ARM GAS  C:\Users\mvshv\AppData\Local\Temp\ccKpiZTh.s 			page 17


 227      BE24A75D 
 227      0ABEBC82 
 227      AF46CCAD 
 228 010c C4F54391 		.ascii	"\304\365C\221\353\003\225\277vht\375\005|\015*|}$\372"
 228      EB0395BF 
 228      766874FD 
 228      057C0D2A 
 228      7C7D24FA 
 229 0120 52CF5F0A 		.ascii	"R\317_\012F}\215\373\366\343\315\030y\351\020Y)\036"
 229      467D8DFB 
 229      F6E3CD18 
 229      79E91059 
 229      291E
 230 0132 D074E887 		.ascii	"\320t\350\207\262\0117\326D,\312\363\357=\207y\3728"
 230      B20937D6 
 230      442CCAF3 
 230      EF3D8779 
 230      FA38
 231 0144 5E367DDA 		.ascii	"^6}\332\331\247@`\227\366\003\016\025#,!un\031\313\235"
 231      D9A74060 
 231      97F6030E 
 231      15232C21 
 231      756E19CB 
 232 0159 875FA286 		.ascii	"\207_\242\206gb\0133\010\252A\2074\240\216\266\245_"
 232      67620B33 
 232      08AA4187 
 232      34A08EB6 
 232      A55F
 233 016b 7507F559 		.ascii	"u\007\365Y\035\362L\301\374\345\236\311\213\356H\347"
 233      1DF24CC1 
 233      FCE59EC9 
 233      8BEE48E7 
 234 017b 1D2F08EB 		.ascii	"\035/\010\353\205,\233\340\362\036\207\312\320\"t\014"
 234      852C9BE0 
 234      F21E87CA 
 234      D022740C 
 235 018b 2DE25039 		.ascii	"-\342P9\362&\236K\220\017\207\216B\343\021h\314#\356"
 235      F2269E4B 
 235      900F878E 
 235      42E31168 
 235      CC23EE
 236 019e AA1E3DF4 		.ascii	"\252\036=\364J\216\023\004\036\035G:T\2120\265\201\300"
 236      4A8E1304 
 236      1E1D473A 
 236      548A30B5 
 236      81C0
 237 01b0 BC748CC0 		.ascii	"\274t\214\300\276\334\344\335\316x\027\"\014\370\362"
 237      BEDCE4DD 
 237      CE781722 
 237      0CF8F2
 238 01bf 9DD7EBF9 		.ascii	"\235\327\353\371\271|\234\234\333G\301\222\206\015\304"
 238      B97C9C9C 
 238      DB47C192 
 238      860DC4
 239 01ce 4705F838 		.ascii	"G\005\3708!\373\000\227\314\311\226\342\336'\036x=\315"
 239      21FB0097 
 239      CCC996E2 
ARM GAS  C:\Users\mvshv\AppData\Local\Temp\ccKpiZTh.s 			page 18


 239      DE271E78 
 239      3DCD
 240 01e0 07BFA1BD 		.ascii	"\007\277\241\275dhN'\325s:\031lzuW\227 x\242*pR);\251"
 240      64684E27 
 240      D5733A19 
 240      6C7A7557 
 240      972078A2 
 241 01fa A04E482B 		.ascii	"\240NH+8\232\274\231\322\203X\012]A\275q<\245N\247\213"
 241      389ABC99 
 241      D283580A 
 241      5D41BD71 
 241      3CA54EA7 
 242 020f 27E3A923 		.ascii	"'\343\251#\322.\271\342P-\031\211|\027\241\032P\301"
 242      D22EB9E2 
 242      502D1989 
 242      7C17A11A 
 242      50C1
 243 0221 3AE75659 		.ascii	":\347VY\255\023\033\354\006\352\305\335){4,\3777Iw\367"
 243      AD131BEC 
 243      06EAC5DD 
 243      297B342C 
 243      FF374977 
 244 0236 78C56357 		.ascii	"x\305cW\\H\203\320\024\330\276\033\321 \357E\010\320"
 244      5C4883D0 
 244      14D8BE1B 
 244      D120EF45 
 244      08D0
 245 0248 902E4F9A 		.ascii	"\220.O\232\\\0165\003\273\006q~\341J\027\300\373\310"
 245      5C0E3503 
 245      BB06717E 
 245      E14A17C0 
 245      FBC8
 246 025a 97A4199E 		.ascii	"\227\244\031\236\265\364N\003\027r\004\274\220C\313"
 246      B5F44E03 
 246      177204BC 
 246      9043CB
 247 0269 17213F08 		.ascii	"\027!?\010\373\024\204\335L\3514\001`#\343#\010\035"
 247      FB1484DD 
 247      4CE93401 
 247      6023E323 
 247      081D
 248 027b 779D0C49 		.ascii	"w\235\014I\004\030\376\275\205(v=\364\327Q\372-\310"
 248      0418FEBD 
 248      8528763D 
 248      F4D751FA 
 248      2DC8
 249 028d 200541AC 		.ascii	" \005A\254\2132\032'\\t\"v\374OaOo\317\030\235\247\304"
 249      8B321A27 
 249      5C742276 
 249      FC4F614F 
 249      6FCF189D 
 250 02a3 6EFD31EC 		.ascii	"n\3751\354\273\2035\007u\256\011\366\011Cm\310\240H"
 250      BB833507 
 250      75AE09F6 
 250      09436DC8 
 250      A048
 251 02b5 E46944DE 		.ascii	"\344iD\336=z\007\343\251\221\216)W\226F:%\215\0333\321"
ARM GAS  C:\Users\mvshv\AppData\Local\Temp\ccKpiZTh.s 			page 19


 251      3D7A07E3 
 251      A9918E29 
 251      5796463A 
 251      258D1B33 
 252 02ca 9C73D021 		.ascii	"\234s\320!\315A;\343\365}Ol\2318\201zPK\257\244V\272"
 252      CD413BE3 
 252      F57D4F6C 
 252      9938817A 
 252      504BAFA4 
 253 02e0 B039384F 		.ascii	"\26098O\272O\266t\366\270\253S\322\011hg(\332YJ\273"
 253      BA4FB674 
 253      F6B8AB53 
 253      D2096867 
 253      28DA594A 
 254 02f5 43A2DD75 		.ascii	"C\242\335u)1@\035\343\234\306\273\232\362\203\224!v"
 254      2931401D 
 254      E39CC6BB 
 254      9AF28394 
 254      2176
 255 0307 3984D82D 		.ascii	"9\204\330-\206\330MC<^]Q\251\277\214\372\020\324\017"
 255      86D84D43 
 255      3C5E5D51 
 255      A9BF8CFA 
 255      10D40F
 256 031a 349F4E34 		.ascii	"4\237N4B\354?\334\211P}Z\272\020k\207V\236\335DS\242"
 256      42EC3FDC 
 256      89507D5A 
 256      BA106B87 
 256      569EDD44 
 257 0330 484390BD 		.ascii	"HC\220\275\205\0271x\011\227\376\211\000H\211\312\372"
 257      85173178 
 257      0997FE89 
 257      004889CA 
 257      FA
 258 0341 993BE962 		.ascii	"\231;\351b\025\232=(\306\261&^v\246\0302\203+g\357\266"
 258      159A3D28 
 258      C6B1265E 
 258      76A61832 
 258      832B67EF 
 259 0356 93928344 		.ascii	"\223\222\203Db\351\352\376!\361\240k?\272\004\275\377"
 259      62E9EAFE 
 259      21F1A06B 
 259      3FBA04BD 
 259      FF
 260 0367 E4B8246D 		.ascii	"\344\270$m$-bq\207\207/;\341bV\372\352\247\037Uy\260"
 260      242D6271 
 260      87872F3B 
 260      E16256FA 
 260      EAA71F55 
 261 037d D9E449B1 		.ascii	"\331\344I\261\033i\335\245g\2639\037\324\202\304\351"
 261      1B69DDA5 
 261      67B3391F 
 261      D482C4E9 
 262 038d 14A785DB 		.ascii	"\024\247\205\333\350\374\330\204\371<\372x\001\272\000"
 262      E8FCD884 
 262      F93CFA78 
 262      01BA00
ARM GAS  C:\Users\mvshv\AppData\Local\Temp\ccKpiZTh.s 			page 20


 263 039c 19EFA119 		.ascii	"\031\357\241\031\357E\013\341\177\224\2069\253x\332"
 263      EF450BE1 
 263      7F948639 
 263      AB78DA
 264 03ab 35EABE24 		.ascii	"5\352\276$K\310\352\207J\320\3567xT\020\240\342\010"
 264      4BC8EA87 
 264      4AD0EE37 
 264      785410A0 
 264      E208
 265 03bd 1A6286CE 		.ascii	"\032b\206\316\313\325\340<y\365\320\367\250\037\241"
 265      CBD5E03C 
 265      79F5D0F7 
 265      A81FA1
 266 03cc 73E83250 		.ascii	"s\3502P\273\210\226\300p[\301\205\004'\334\307X\025"
 266      BB8896C0 
 266      705BC185 
 266      0427DCC7 
 266      5815
 267 03de 161CE8D3 		.ascii	"\026\034\350\323jxV4\210\007\362\256m\356\332\3521'"
 267      6A785634 
 267      8807F2AE 
 267      6DEEDAEA 
 267      3127
 268 03f0 97CB94CB 		.ascii	"\227\313\224\313%$\222\311\215\373\352\272+\220\351"
 268      252492C9 
 268      8DFBEABA 
 268      2B90E9
 269 03ff 073203BF 		.ascii	"\0072\003\277N\027\252\340\225\203\352\007V\260$\354"
 269      4E17AAE0 
 269      9583EA07 
 269      56B024EC 
 270 040f 54FAD454 		.ascii	"T\372\324T\372)\225\246\311\303\356\370\026c\322\324"
 270      FA2995A6 
 270      C9C3EEF8 
 270      1663D2D4 
 271 041f 93705027 		.ascii	"\223pP'\002u>g\007\"1]\221\201\256\250\201\006(\320"
 271      02753E67 
 271      0722315D 
 271      9181AEA8 
 271      810628D0 
 272 0433 D6238F32 		.ascii	"\326#\2172\235\360C\206\324Sz\261q\236\210T\363\274"
 272      9DF04386 
 272      D4537AB1 
 272      719E8854 
 272      F3BC
 273 0445 03A5AB32 		.ascii	"\003\245\2532\322U5\3225\212Tp\277\343\260\033\216\301"
 273      D25535D2 
 273      358A5470 
 273      BFE3B01B 
 273      8EC1
 274 0457 14E9C996 		.ascii	"\024\351\311\226\215\243\2742\023$Ir*n8LKnm~7/\272m"
 274      8DA3BC32 
 274      13244972 
 274      2A6E384C 
 274      4B6E6D7E 
 275 046f C85C906D 		.ascii	"\310\\\220m\023\362\005R\243\301\012]\227\375^W\373"
 275      13F20552 
ARM GAS  C:\Users\mvshv\AppData\Local\Temp\ccKpiZTh.s 			page 21


 275      A3C10A5D 
 275      97FD5E57 
 275      FB
 276 0480 1DA47E47 		.ascii	"\035\244~G\023\357fy\340D\346wz\364\3409'\002\005\265"
 276      13EF6679 
 276      E044E677 
 276      7AF4E039 
 276      270205B5 
 277 0494 FED4ED97 		.ascii	"\376\324\355\2273\013o\012\361:\272\014\320M\031\351"
 277      330B6F0A 
 277      F13ABA0C 
 277      D04D19E9 
 278 04a4 A6585AD1 		.ascii	"\246XZ\321\020E\250\032\311M\303\270\235!\\\031\237"
 278      1045A81A 
 278      C94DC3B8 
 278      9D215C19 
 278      9F
 279 04b5 AE7355BE 		.ascii	"\256sU\276\302\344}\227_\341\333\354\025\006\303\366"
 279      C2E47D97 
 279      5FE1DBEC 
 279      1506C3F6 
 280 04c5 96D46D1E 		.ascii	"\226\324m\036t\001@\233\270\000\246m;\036\316\275\030"
 280      7401409B 
 280      B800A66D 
 280      3B1ECEBD 
 280      18
 281 04d6 EFD0A87F 		.ascii	"\357\320\250\177\220\026@\314\331sMH\344\3322\371r\306"
 281      901640CC 
 281      D9734D48 
 281      E4DA32F9 
 281      72C6
 282 04e8 5121D689 		.ascii	"Q!\326\211\330\240[2\323[\022\323a\312\264\257\374q"
 282      D8A05B32 
 282      D35B12D3 
 282      61CAB4AF 
 282      FC71
 283 04fa 9FEBE209 		.ascii	"\237\353\342\011\234\011\233\000TOZ\236\016\025Miq\234"
 283      9C099B00 
 283      544F5A9E 
 283      0E154D69 
 283      719C
 284 050c 8692CF6E 		.ascii	"\206\222\317n\273\267M\207S\231rz\337\225l\376\305\034"
 284      BBB74D87 
 284      5399727A 
 284      DF956CFE 
 284      C51C
 285 051e A1A38AAC 		.ascii	"\241\243\212\254\3667v\344\011\361I1t\034\032\005\017"
 285      F63776E4 
 285      09F14931 
 285      741C1A05 
 285      0F
 286 052f B09014B5 		.ascii	"\260\220\024\265z\004Z\356\242\305\034\032C/\302\330"
 286      7A045AEE 
 286      A2C51C1A 
 286      432FC2D8 
 287 053f B49D3925 		.ascii	"\264\2359%\374\342o5\304Q\027s\364\364\302\370~=\376"
 287      FCE26F35 
ARM GAS  C:\Users\mvshv\AppData\Local\Temp\ccKpiZTh.s 			page 22


 287      C4511773 
 287      F4F4C2F8 
 287      7E3DFE
 288 0552 8E613F6A 		.ascii	"\216a?j>z\300I\304\356|>&\253*\326\223\326:\002\014"
 288      3E7AC049 
 288      C4EE7C3E 
 288      26AB2AD6 
 288      93D63A02 
 289 0567 CB415120 		.ascii	"\313AQ \357C\313=\002\374\200\002?N\310\270\255]|L\011"
 289      EF43CB3D 
 289      02FC8002 
 289      3F4EC8B8 
 289      AD5D7C4C 
 290 057c 5C98F8B0 		.ascii	"\\\230\370\260W\217\353\030\360\231\346\242@\011\367"
 290      578FEB18 
 290      F099E6A2 
 290      4009F7
 291 058b 0547DC41 		.ascii	"\005G\334A\007\334G\320\362\220\340\216S\334\314'\223"
 291      07DC47D0 
 291      F290E08E 
 291      53DCCC27 
 291      93
 292 059c 3BDC95D3 		.ascii	";\334\225\323F\246\\\236\266\011\261\362N\320\312+m"
 292      46A65C9E 
 292      B609B1F2 
 292      4ED0CA2B 
 292      6D
 293 05ad 08067143 		.ascii	"\010\006qCH/\277\337,\356\331Z\322=\274\277\324\215"
 293      482FBFDF 
 293      2CEED95A 
 293      D23DBCBF 
 293      D48D
 294 05bf 55982AD2 		.ascii	"U\230*\322}\366Fv\254\270\027u\020\275\366\334\251\021"
 294      7DF64676 
 294      ACB81775 
 294      10BDF6DC 
 294      A911
 295 05d1 0DEE6484 		.ascii	"\015\356d\204\323:\213V\222\215\311\366\263\216:0\240"
 295      D33A8B56 
 295      928DC9F6 
 295      B38E3A30 
 295      A0
 296 05e2 B575B2CD 		.ascii	"\265u\262\315\011\237g\2437\327\0277\210\247\265F\242"
 296      099F67A3 
 296      37D71737 
 296      88A7B546 
 296      A2
 297 05f3 A71CAF2D 		.ascii	"\247\034\257-\327\343^\326y5a\240\326\031\3673E\"e\020"
 297      D7E35ED6 
 297      793561A0 
 297      D619F733 
 297      45226510 
 298 0607 4965F63E 		.ascii	"Ie\366>hF\370\032\353,/=\321 \006\340\247(\221\006V"
 298      6846F81A 
 298      EB2C2F3D 
 298      D12006E0 
 298      A7289106 
ARM GAS  C:\Users\mvshv\AppData\Local\Temp\ccKpiZTh.s 			page 23


 299 061c 224B6E34 		.ascii	"\"Kn45\350X<\002\"e\260\363\342[x\210\215\254\031+\334"
 299      35E8583C 
 299      022265B0 
 299      F3E25B78 
 299      888DAC19 
 300 0632 2BC68641 		.ascii	"+\306\206A\355O\252\235\366\230s\237\335\314\213\373"
 300      ED4FAA9D 
 300      F698739F 
 300      DDCC8BFB 
 301 0642 6C024F43 		.ascii	"l\002OCy\220T\370gyk\324\320\223[<\277\010\305\361\304"
 301      799054F8 
 301      67796BD4 
 301      D0935B3C 
 301      BF08C5F1 
 302 0657 3A913748 		.ascii	":\2217Hc\350r\277\262\347\222\273\322z\372\307\254\017"
 302      63E872BF 
 302      B2E792BB 
 302      D27AFAC7 
 302      AC0F
 303 0669 E6ECD9AE 		.ascii	"\346\354\331\256\303w\030\311\235\367\372\206\304\371"
 303      C37718C9 
 303      9DF7FA86 
 303      C4F9
 304 0677 F20635EF 		.ascii	"\362\0065\357a\271M\213GY\3377'w\265\315\303\017\230"
 304      61B94D8B 
 304      4759DF37 
 304      2777B5CD 
 304      C30F98
 305 068a 229D760D 		.ascii	"\"\235v\015\364\264\213\326\177\377\016\236`=\225\311"
 305      F4B48BD6 
 305      7FFF0E9E 
 305      603D95C9 
 306 069a 5BA1944E 		.ascii	"[\241\224N1e8\366z\277\230\237\205\240\246\266\334\366"
 306      316538F6 
 306      7ABF989F 
 306      85A0A6B6 
 306      DCF6
 307 06ac C2EB9D68 		.ascii	"\302\353\235h\327\323\306Z/\034\317\236\033J\362\367"
 307      D7D3C65A 
 307      2F1CCF9E 
 307      1B4AF2F7 
 308 06bc 22FC3553 		.ascii	"\"\3745S\306\322\033n\353\360V\246duf\034\323\342T\246"
 308      C6D21B6E 
 308      EBF056A6 
 308      6475661C 
 308      D3E254A6 
 309 06d0 E48D6FCB 		.ascii	"\344\215o\313s\305\351L\351*\353\216\327\343L\246\304"
 309      73C5E94C 
 309      E92AEB8E 
 309      D7E34CA6 
 309      C4
 310 06e1 1715A5E9 		.ascii	"\027\025\245\351q\016S\326\227\367$\213\333X?\321\257"
 310      710E53D6 
 310      97F7248B 
 310      DB583FD1 
 310      AF
 311 06f2 EDB99625 		.ascii	"\355\271\226%\236J\004g\320\023:[aM\357e\306\311#c\337"
ARM GAS  C:\Users\mvshv\AppData\Local\Temp\ccKpiZTh.s 			page 24


 311      9E4A0467 
 311      D0133A5B 
 311      614DEF65 
 311      C6C92363 
 312 0707 38CF390F 		.ascii	"8\3179\017\331\322<\370\321i(-\316\271\253U\317\303"
 312      D9D23CF8 
 312      D169282D 
 312      CEB9AB55 
 312      CFC3
 313 0719 13B09EA4 		.ascii	"\023\260\236\244\326\273if\263\245\314\326\325UL!\365"
 313      D6BB6966 
 313      B3A5CCD6 
 313      D5554C21 
 313      F5
 314 072a 3CCC65BD 		.ascii	"<\314e\275\240*.k\203\036-e\3273K\245\313\233\374\333"
 314      A02A2E6B 
 314      831E2D65 
 314      D7334BA5 
 314      CB9BFCDB 
 315 073e 2DC4DAA0 		.ascii	"-\304\332\240\264\034\300\233\212\256\235\211\021r\027"
 315      B41CC09B 
 315      8AAE9D89 
 315      117217
 316 074d 52A8241E 		.ascii	"R\250$\036\243\375\3743\362{\260\205\316o\031A\347\330"
 316      A3FDFC33 
 316      F27BB085 
 316      CE6F1941 
 316      E7D8
 317 075f 90812F61 		.ascii	"\220\201/ao\211\305\324|\273\332<\225\232\373\313\326"
 317      6F89C5D4 
 317      7CBBDA3C 
 317      959AFBCB 
 317      D6
 318 0770 350AEB9D 		.ascii	"5\012\353\235jkFZ\262\216\021\252.\304\343\030j\376"
 318      6A6B465A 
 318      B28E11AA 
 318      2EC4E318 
 318      6AFE
 319 0782 156F409B 		.ascii	"\025o@\233Dsi\231\241\2153\2704+\320\323gGW\232w*\314"
 319      44736999 
 319      A18D33B8 
 319      342BD0D3 
 319      6747579A 
 320 0799 77A8CDE3 		.ascii	"w\250\315\343\324\324\307\342\261l\276^m\036\243 \223"
 320      D4D4C7E2 
 320      B16CBE5E 
 320      6D1EA320 
 320      93
 321 07aa 2CCE8700 		.ascii	",\316\207\000\273\003\312\004\272\337\322Nb\017\005"
 321      BB03CA04 
 321      BADFD24E 
 321      620F05
 322 07b9 0415F3DE 		.ascii	"\004\025\363\336\350\020\277\024\025\200\344\201\344"
 322      E810BF14 
 322      1580E481 
 322      E4
 323 07c6 83EC0329 		.ascii	"\203\354\003)\005\331\003r\000\244"
ARM GAS  C:\Users\mvshv\AppData\Local\Temp\ccKpiZTh.s 			page 25


 323      05D90372 
 323      00A4
 324 07d0 08A410A4 		.ascii	"\010\244\020\244\014$\027\344\030\310^\220# \007A\276"
 324      0C2417E4 
 324      18C85E90 
 324      23200741 
 324      BE
 325 07e1 03290139 		.ascii	"\003)\0019\014r\224_J\367\025F\363\361\177d\226\031"
 325      0C72945F 
 325      4AF71546 
 325      F3F17F64 
 325      9619
 326 07f3 6A96BEEA 		.ascii	"j\226\276\352\024\334R\244`\333\354\263\347`\256\314"
 326      14DC52A4 
 326      60DBECB3 
 326      E760AECC 
 327 0803 816DF61C 		.ascii	"\201m\366\034(S\246\340\262kV.\012\343\307\012*\337"
 327      2853A6E0 
 327      B26B562E 
 327      0AE3C70A 
 327      2ADF
 328 0815 A88DB7CE 		.ascii	"\250\215\267\316\2402\2460O\231\335\\\271\3566)\210"
 328      A032A630 
 328      4F99DD5C 
 328      B9EE3629 
 328      88
 329 0826 3F452AF3 		.ascii	"?E*\363\251\031Kc@\031\350\0065|\254#\033X\243\315\233"
 329      A9194B63 
 329      4019E806 
 329      357CAC23 
 329      1B58A3CD 
 330 083b C4959A03 		.ascii	"\304\225\232\003+5K\264\227^D\364X^\330\354\323u\370"
 330      2B354BB4 
 330      975E44F4 
 330      585ED8EC 
 330      D375F8
 331 084e A9210696 		.ascii	"\251!\006\226\007\261\342\304\343\201<\203O\343q\031"
 331      07B1E2C4 
 331      E3813C83 
 331      4FE37119 
 332 085e 9C663739 		.ascii	"\234f79S\347\202\332\371\024R\305vA\221\211\264\331"
 332      53E782DA 
 332      F91452C5 
 332      76419189 
 332      B4D9
 333 0870 97B1C3AA 		.ascii	"\227\261\303\252W\206\366\265\332~\343\214\314)\315"
 333      5786F6B5 
 333      DA7EE38C 
 333      CC29CD
 334 087f 9367AF07 		.ascii	"\223g\257\007\324\234\034iZ\317\345\273\343\001Z\366"
 334      D49C1C69 
 334      5ACFE5BB 
 334      E3015AF6 
 335 088f F8E2F89E 		.ascii	"\370\342\370\236\002\017\344\375\014\213\370\334&l#"
 335      020FE4FD 
 335      0C8BF8DC 
 335      266C23
ARM GAS  C:\Users\mvshv\AppData\Local\Temp\ccKpiZTh.s 			page 26


 336 089e 119F80D1 		.ascii	"\021\237\200\321\307y\373\231\210$`\216\027\006\225"
 336      C779FB99 
 336      8824608E 
 336      170695
 337 08ad C37BF2FF 		.ascii	"\303{\362\377~g\310\247[ev\251Fy\3328\241\010\220C\025"
 337      7E67C8A7 
 337      5B6576A9 
 337      4679DA38 
 337      A1089043 
 338 08c2 3C3B6DC0 		.ascii	"<;m\300\235\024\376\232\2164\255\322\370\216\303\321"
 338      9D14FE9A 
 338      8E34ADD2 
 338      F88EC3D1 
 339 08d2 E4A4687C 		.ascii	"\344\244h|\222\032\237~\322X\344\214\207\331.\320V\177"
 339      921A9F7E 
 339      D258E48C 
 339      87D92ED0 
 339      567F
 340 08e4 366D1EDE 		.ascii	"6m\036\336\340L\177,\330YW2\254G.\354\307\002\3578\372"
 340      E04C7F2C 
 340      D8595732 
 340      AC472EEC 
 340      C702EF38 
 341 08f9 896E4B9A 		.ascii	"\211nK\232\217\354\237\350u\020o5\357\002P5\220\216"
 341      8FEC9FE8 
 341      75106F35 
 341      EF025035 
 341      908E
 342 090b 5A4807F9 		.ascii	"ZH\007\371\255\200\264\320\337\017\346\323G\305\217"
 342      AD80B4D0 
 342      DF0FE6D3 
 342      47C58F
 343 091a 0CA0A22A 		.ascii	"\014\240\242*\336\376#\0039\2766\214\024h\225\307Wb"
 343      DEFE2303 
 343      39BE368C 
 343      146895C7 
 343      5762
 344 092c 229F5FEB 		.ascii	"\"\237_\353y\345\251\375\314\3613G\235\341\370Z\325"
 344      79E5A9FD 
 344      CCF13347 
 344      9DE1F85A 
 344      D5
 345 093d 4F8FDA65 		.ascii	"O\217\332e\347o\012\002\004\031\2134\304\020U\312\023"
 345      E76F0A02 
 345      04198B34 
 345      C41055CA 
 345      13
 346 094e 56C9AB0E 		.ascii	"V\311\253\016\356\015<9\314f\037\271\237\356\2067;\263"
 346      EE0D3C39 
 346      CC661FB9 
 346      9FEE8637 
 346      3BB3
 347 0960 6DBCB8BB 		.ascii	"m\274\270\273RBk~\211}zd\263O\217S2\322)5R#E\352\235"
 347      52426B7E 
 347      897D7A64 
 347      B34F8F53 
 347      32D22935 
ARM GAS  C:\Users\mvshv\AppData\Local\Temp\ccKpiZTh.s 			page 27


 348 0979 2ECB72C3 		.ascii	".\313r\303\3372\244=7\332l.\"\322\255\227\355H\344<"
 348      DF32A43D 
 348      37DA6C2E 
 348      22D2AD97 
 348      ED48E43C 
 349 098d D8242335 		.ascii	"\330$#5\251\221\232)R\345Pn\272\006\0272\244\301\366"
 349      A9919A29 
 349      52E5506E 
 349      BA061732 
 349      A4C1F6
 350 09a0 FC308992 		.ascii	"\3740\211\222\217\003\245\026\031\250E\015\324J\201"
 350      8F03A516 
 350      19A8450D 
 350      D44A81
 351 09af 4AB6A7BE 		.ascii	"J\266\247\276\211\253\031Nou\346\005^\004\032>d\310"
 351      89AB194E 
 351      6F75E605 
 351      5E041A3E 
 351      64C8
 352 09c1 A1DF3749 		.ascii	"\241\3377IK\351\367M\233\214\324\246F:\315/\341^\360"
 352      4BE9F74D 
 352      9B8CD4A6 
 352      463ACD2F 
 352      E15EF0
 353 09d4 F1F1B5FF 		.ascii	"\361\361\265\377E[|\303\202#|-kC\310\335d\261\372\204"
 353      455B7CC3 
 353      82237C2D 
 353      6B43C8DD 
 353      64B1FA84 
 354 09e8 68DFFDE8 		.ascii	"h\337\375\350\357\236\001\376\376\234\316dZ\027\036"
 354      EF9E01FE 
 354      FE9CCE64 
 354      5A171E
 355 09f7 655DBECC 		.ascii	"e]\276\314d\3754\344\017A!a\341\237\204[\254\353B\303"
 355      64FD34E4 
 355      0F412161 
 355      E19F845B 
 355      ACEB42C3 
 356 0a0b A383ACD1 		.ascii	"\243\203\254\321\321\021\226\240\317\242\326y\322'\317"
 356      D11196A0 
 356      CFA2D679 
 356      D227CF
 357 0a1a E0B5919E 		.ascii	"\340\265\221\236\346\310O\314\241\241\346\320\240\327"
 357      E6C84FCC 
 357      A1A1E6D0 
 357      A0D7
 358 0a28 7DFC3C97 		.ascii	"}\374<\227\371\371\277\376\357W\203\240\375\225\250"
 358      F9F9BFFE 
 358      EF5783A0 
 358      FD95A8
 359 0a37 E828F32B 		.ascii	"\350(\363+\346\340O\302\203\302\243B\"\326\205\232\203"
 359      E6E04FC2 
 359      83C2A342 
 359      22D6859A 
 359      83
 360 0a48 2283012B 		.ascii	"\"\203\001+\312\034d\0125\177\032\274.\302j\262~\261"
 360      CA1C640A 
ARM GAS  C:\Users\mvshv\AppData\Local\Temp\ccKpiZTh.s 			page 28


 360      357F1ABC 
 360      2EC26AB2 
 360      7EB1
 361 0a5a C66CF109 		.ascii	"\306l\361\011\343\264\222\277\177\375\242\376,_X\202"
 361      E3B492BF 
 361      7FFDA2FE 
 361      2C5F5882 
 362 0a6a 20B45000 		.ascii	" \264P\000\007'.\240Z\303#\315&\353oT\231Xk\365\025"
 362      07272EA0 
 362      5AC323CD 
 362      26EB6F54 
 362      99586BF5 
 363 0a7f 87F88684 		.ascii	"\207\370\206\204\021\023\260\326\204\204\005\257u\266"
 363      1113B0D6 
 363      848405AF 
 363      75B6
 364 0a8d 58DF8F0A 		.ascii	"X\337\217\012\267z\376D\3468W\2135\320\032\274\326\372"
 364      B77AFE44 
 364      E638578B 
 364      35D01ABC 
 364      D6FA
 365 0a9f 760410D1 		.ascii	"v\004\020\321\023%z\015}\326\301\263\331*=\276k\266"
 365      13257A0D 
 365      7DD6C1B3 
 365      D92A3DBE 
 365      6BB6
 366 0ab1 5B982222 		.ascii	"[\230\"\"BM\341\200\375\273Y\260\327D\257\265Z|\003"
 366      424DE180 
 366      FDBB59B0 
 366      D744AFB5 
 366      5A7C03
 367 0ac4 57AF5ABE 		.ascii	"W\257Z\276\314\367\303\017W\370\256~\177\325\347\376"
 367      CCF7C30F 
 367      57F8AE7E 
 367      7FD5E7FE 
 368 0ad4 A2373290 		.ascii	"\24272\220\004\023\022\026\370\205\345\275\340\010\253"
 368      04131216 
 368      F885E5BD 
 368      E008AB
 369 0ae3 7A5A1D82 		.ascii	"zZ\035\202\001K7%7\316\315d\372t]T\210\311\344\363\206"
 369      014B3725 
 369      37CECD64 
 369      FA745D54 
 369      88C9E4F3 
 370 0af8 DFEF5FD5 		.ascii	"\337\357_\325J\232^\346\2514\361\367\363\327\313\264"
 370      4A9A5EE6 
 370      A934F1F7 
 370      F3D7CBB4 
 371 0b08 1D7B5E73 		.ascii	"\035{^s\012\010Xe\\\316\377\305\250Y\261\352m#^\021"
 371      0A085865 
 371      5CCEFFC5 
 371      A859B1EA 
 371      6D235E11 
 372 0b1c 60D4BCB3 		.ascii	"`\324\274\263b\265\021\007\004\030\261\021\344m\243"
 372      62B51107 
 372      0418B111 
 372      E46DA3
ARM GAS  C:\Users\mvshv\AppData\Local\Temp\ccKpiZTh.s 			page 29


 373 0b2b 11FF3530 		.ascii	"\021\37750\000\007|\264Z\023\020\260\322H\355\227\321"
 373      00077CB4 
 373      5A1310B0 
 373      D248ED97 
 373      D1
 374 0b3c FFFE78E5 		.ascii	"\377\376x\345\273F>\020F\276\277\322\250\011\\\005\326"
 374      BB463E10 
 374      46BEBFD2 
 374      A8095C05 
 374      D6
 375 0b4d 01C66520 		.ascii	"\001\306e \376`\371\017\343k?;'\026k$Y6\341\221\020"
 375      FE60F90F 
 375      E36B3F3B 
 375      27166B24 
 375      5936E191 
 376 0b62 A8DEAE98 		.ascii	"\250\336\256\230\254\013\244\014[L\301\204\272)8\304"
 376      AC0BA40C 
 376      5B4CC184 
 376      BA2938C4 
 377 0b72 1AFEB9D9 		.ascii	"\032\376\271\331\311\364\016,#\203\330i!ia\375\277\262"
 377      C9F40E2C 
 377      2383D869 
 377      216961FD 
 377      BFB2
 378 0b84 3745AF61 		.ascii	"7E\257a-\363\245\026\263\325\261\3413\251\341\2772}"
 378      2DF3A516 
 378      B3D5B1E1 
 378      33A9E1BF 
 378      327D
 379 0b96 FC88     		.ascii	"\374\210"
 380              		.text
 381              		.section	.gnu.lto_.symtab.d63b4b,"",%progbits
 382 0000 7374496E 		.ascii	"stInit\000"
 382      697400
 383 0007 00       		.ascii	"\000"
 384 0008 00       		.ascii	"\000"
 385 0009 00       		.ascii	"\000"
 386 000a 00000000 		.ascii	"\000\000\000\000\000\000\000\000"
 386      00000000 
 387 0012 DC000000 		.ascii	"\334\000\000\000"
 388 0016 73745374 		.ascii	"stStartAlarm\000"
 388      61727441 
 388      6C61726D 
 388      00
 389 0023 00       		.ascii	"\000"
 390 0024 00       		.ascii	"\000"
 391 0025 00       		.ascii	"\000"
 392 0026 00000000 		.ascii	"\000\000\000\000\000\000\000\000"
 392      00000000 
 393 002e E0000000 		.ascii	"\340\000\000\000"
 394 0032 73745374 		.ascii	"stStopAlarm\000"
 394      6F70416C 
 394      61726D00 
 395 003e 00       		.ascii	"\000"
 396 003f 00       		.ascii	"\000"
 397 0040 00       		.ascii	"\000"
 398 0041 00000000 		.ascii	"\000\000\000\000\000\000\000\000"
ARM GAS  C:\Users\mvshv\AppData\Local\Temp\ccKpiZTh.s 			page 30


 398      00000000 
 399 0049 E2000000 		.ascii	"\342\000\000\000"
 400 004d 73745365 		.ascii	"stSetAlarm\000"
 400      74416C61 
 400      726D00
 401 0058 00       		.ascii	"\000"
 402 0059 00       		.ascii	"\000"
 403 005a 00       		.ascii	"\000"
 404 005b 00000000 		.ascii	"\000\000\000\000\000\000\000\000"
 404      00000000 
 405 0063 E4000000 		.ascii	"\344\000\000\000"
 406 0067 73744765 		.ascii	"stGetAlarm\000"
 406      74416C61 
 406      726D00
 407 0072 00       		.ascii	"\000"
 408 0073 00       		.ascii	"\000"
 409 0074 00       		.ascii	"\000"
 410 0075 00000000 		.ascii	"\000\000\000\000\000\000\000\000"
 410      00000000 
 411 007d E7000000 		.ascii	"\347\000\000\000"
 412 0081 73745F6C 		.ascii	"st_lld_init\000"
 412      6C645F69 
 412      6E697400 
 413 008d 00       		.ascii	"\000"
 414 008e 02       		.ascii	"\002"
 415 008f 00       		.ascii	"\000"
 416 0090 00000000 		.ascii	"\000\000\000\000\000\000\000\000"
 416      00000000 
 417 0098 E9000000 		.ascii	"\351\000\000\000"
 418 009c 63685379 		.ascii	"chSysHalt\000"
 418      7348616C 
 418      7400
 419 00a6 00       		.ascii	"\000"
 420 00a7 02       		.ascii	"\002"
 421 00a8 00       		.ascii	"\000"
 422 00a9 00000000 		.ascii	"\000\000\000\000\000\000\000\000"
 422      00000000 
 423 00b1 EE000000 		.ascii	"\356\000\000\000"
 424              		.text
 425              		.section	.gnu.lto_.opts,"",%progbits
 426 0000 272D666D 		.ascii	"'-fmath-errno' '-fsigned-zeros' '-ftrapping-math' '"
 426      6174682D 
 426      6572726E 
 426      6F272027 
 426      2D667369 
 427 0033 2D666E6F 		.ascii	"-fno-trapv' '-fno-openmp' '-fno-openacc' '-mcpu=cor"
 427      2D747261 
 427      70762720 
 427      272D666E 
 427      6F2D6F70 
 428 0066 7465782D 		.ascii	"tex-m4' '-mno-thumb-interwork' '-mthumb' '-O2' '-fo"
 428      6D342720 
 428      272D6D6E 
 428      6F2D7468 
 428      756D622D 
 429 0099 6D69742D 		.ascii	"mit-frame-pointer' '-falign-functions=16' '-ffuncti"
 429      6672616D 
ARM GAS  C:\Users\mvshv\AppData\Local\Temp\ccKpiZTh.s 			page 31


 429      652D706F 
 429      696E7465 
 429      72272027 
 430 00cc 6F6E2D73 		.ascii	"on-sections' '-fdata-sections' '-fno-common' '-flto"
 430      65637469 
 430      6F6E7327 
 430      20272D66 
 430      64617461 
 431 00ff 2700     		.ascii	"'\000"
 432              		.text
 433              		.comm	__gnu_lto_v1,1,1
 434              		.comm	__gnu_lto_slim,1,1
 435              		.ident	"GCC: (GNU Tools for Arm Embedded Processors 7-2017-q4-major) 7.2.1 20170904 (release) [ARM
ARM GAS  C:\Users\mvshv\AppData\Local\Temp\ccKpiZTh.s 			page 32


DEFINED SYMBOLS
                            *ABS*:00000000 hal_st.c
                            *COM*:00000001 __gnu_lto_v1
                            *COM*:00000001 __gnu_lto_slim

NO UNDEFINED SYMBOLS
