ARM GAS  C:\Users\mvshv\AppData\Local\Temp\cc2OQ6qI.s 			page 1


   1              		.cpu cortex-m4
   2              		.eabi_attribute 20, 1
   3              		.eabi_attribute 21, 1
   4              		.eabi_attribute 23, 3
   5              		.eabi_attribute 24, 1
   6              		.eabi_attribute 25, 1
   7              		.eabi_attribute 26, 1
   8              		.eabi_attribute 30, 2
   9              		.eabi_attribute 34, 1
  10              		.eabi_attribute 18, 4
  11              		.file	"hal_st_lld.c"
  12              		.section	.gnu.lto_.profile.d611ae,"",%progbits
  13 0000 789C6363 		.ascii	"x\234cc```\001bF\206*u\000\001\223\000\255"
  13      60606001 
  13      6246862A 
  13      75000193 
  13      00AD
  14              		.text
  15              		.section	.gnu.lto_.icf.d611ae,"",%progbits
  16 0000 789C6363 		.ascii	"x\234cc``\020a@\000f\206m\317v>af\234\360\360\373k^"
  16      60601061 
  16      40006686 
  16      6DCF763E 
  16      61669CF0 
  17 0018 A61BB33E 		.ascii	"\246\033\263>]\342b\000\000j\033\011\375"
  17      5DE26200 
  17      006A1B09 
  17      FD
  18              		.text
  19              		.section	.gnu.lto_.jmpfuncs.d611ae,"",%progbits
  20 0000 789C6363 		.ascii	"x\234cc``8\300\200\000L`\202q\0123c\363\257\375\237"
  20      606038C0 
  20      80004C60 
  20      82710A33 
  20      63F3AFFD 
  21 0015 F9EAFF36 		.ascii	"\371\352\3776H\314afX\300\014\024e\334\314X\317\300"
  21      48CC6166 
  21      58C00C14 
  21      65DCCC58 
  21      CFC0
  22 0027 78808591 		.ascii	"x\200\205\221\001\210\377\374\377\377\237\237\221\011"
  22      0188FFFC 
  22      FFFF9F9F 
  22      9109
  23 0035 A86E5AEB 		.ascii	"\250nZ\353\241\363\354\335\314@U\214\014\214[\030e@"
  23      A1F3ECDD 
  23      CC40558C 
  23      0C8C5B18 
  23      6540
  24 0047 98018F29 		.ascii	"\230\001\217)[1M\201i\003Z\316\002\322\364\364\344\344"
  24      5B314D81 
  24      69035ACE 
  24      02D2F4F4 
  24      E4E4
  25 0059 361E9091 		.ascii	"6\036\220\221\214@\361m@\343@\352e@z\030@\322]\277\256"
  25      8C40F16D 
  25      40E340EA 
ARM GAS  C:\Users\mvshv\AppData\Local\Temp\cc2OQ6qI.s 			page 2


  25      65407A18 
  25      40D25DBF 
  26 006e F77140A4 		.ascii	"\367q@\2449\030\267C\2459\300\322\014\000\265\3562\335"
  26      3918B743 
  26      A539C0D2 
  26      0C00B5EE 
  26      32DD
  27              		.text
  28              		.section	.gnu.lto_.inline.d611ae,"",%progbits
  29 0000 789C6363 		.ascii	"x\234cc``\210f@\000&\006\006\221c\014\214\014L|W\374"
  29      60608866 
  29      40002606 
  29      0691630C 
  29      8C0C4C7C 
  30 0016 19D816C8 		.ascii	"\031\330\026\3103\201\004\031\271@2\334@\006\204\211"
  30      33810419 
  30      B94032DC 
  30      40068489 
  31 0026 8D804833 		.ascii	"\215\200H31\210\313\003I\245\013\235Lp\335\314<`c\031"
  31      3188CB03 
  31      49A50B9D 
  31      4C70DDCC 
  31      3C606319 
  32 003a 00513D06 		.ascii	"\000Q=\006'"
  32      27
  33              		.text
  34              		.section	.gnu.lto_.pureconst.d611ae,"",%progbits
  35 0000 789C6363 		.ascii	"x\234cc```\003b&\206]\214LR\000\003\263\000\346"
  35      60606003 
  35      6226865D 
  35      8C4C5200 
  35      03B300E6 
  36              		.text
  37              		.section	.gnu.lto_VectorB0.d611ae,"",%progbits
  38 0000 789C9554 		.ascii	"x\234\225T[L\034e\024>g\376a\027Xn\355\223iH\\\214<"
  38      5B4C1C65 
  38      143E67FE 
  38      6117586E 
  38      ED936948 
  39 0017 1009D3D6 		.ascii	"\020\011\323\326F}1\321\340\013I71\245\357\244n\261"
  39      467D31D1 
  39      E00B4937 
  39      31A5EFA4 
  39      6EB1
  40 0029 90B0DD66 		.ascii	"\220\260\335f\027\233\366\211\001\026\001-\321\007\273"
  40      179BF689 
  40      0116012D 
  40      D107BB
  41 0038 205DDC55 		.ascii	" ]\334U\253\255\211\264\010h\205\266\260\202h/\226\233"
  41      ABAD89B4 
  41      086885B6 
  41      B082682F 
  41      969B
  42 004a 2D6A51B9 		.ascii	"-jQ\271\011\205\212Mk\033\261\265]<\347\337ae/i\343"
  42      09858A4D 
  42      6B1BB1B5 
  42      5D3CE7DF 
ARM GAS  C:\Users\mvshv\AppData\Local\Temp\cc2OQ6qI.s 			page 3


  42      61652F69 
  43 005f 046667FE 		.ascii	"\004fg\376\363\235\313\367\375\3777&\000X5\001l@\200"
  43      F39DCBF7 
  43      FDFF3726 
  43      00583501 
  43      6C4080
  44 0072 6DF48C49 		.ascii	"m\364\214I\200\312\333\303\000\325\311\212\"F\263AO"
  44      80CADBC3 
  44      00D5C98A 
  44      2246B341 
  44      4F
  45 0083 55835B40 		.ascii	"U\203[@O\023\250\206\227UD~\320\223\021\252\024\241"
  45      4F13A886 
  45      9755447E 
  45      D09311AA 
  45      14A1
  46 0095 62151E12 		.ascii	"b\025\036\022\357\010\034\250_\350Q\362\216\351t\005"
  46      EF081CA8 
  46      5FE851F2 
  46      8EE97405 
  47 00a5 9BEF6556 		.ascii	"\233\357eV\353u\217\371\004\200\227\376\371\302.\314"
  47      EB758FF9 
  47      048097FE 
  47      F9C22ECC 
  48 00b5 0382CD7E 		.ascii	"\003\202\315~\026:\234nR\003k!\354F\223\022Y\367\310"
  48      163A9C6E 
  48      52036B21 
  48      EC469312 
  48      59F7C8
  49 00c8 F4D0B954 		.ascii	"\364\320\271T\271\356\025\0101\241\221cO\265\230\000"
  49      B9EE1508 
  49      31A19163 
  49      4FB59800 
  50 00d8 3FE7A0B2 		.ascii	"?\347\240\262\256\036\340\027h\302Sh\212M\230;\222_"
  50      AE1EE017 
  50      68C25368 
  50      8A4D983B 
  50      925F
  51 00ea 0E1CF00A 		.ascii	"\016\034\360\012\021\033\373\307\237\357\027\200_rP"
  51      111BFBC7 
  51      9FEF1780 
  51      5F7250
  52 00f9 E5E098A7 		.ascii	"\345\340\230\247\303'\336\024>\201\250\322\353\255K"
  52      C327DE14 
  52      3E81A8D2 
  52      EBAD4B
  53 0108 AD7319FC 		.ascii	"\255s\031\374\252\240\225^?\2720\336o\021\035(\207\372"
  53      AAA0955E 
  53      3FBA30DE 
  53      6F111D28 
  53      87FA
  54 011a E4C4FB2D 		.ascii	"\344\304\373-i\271\037\352z\215\036\234h\025\237v\353"
  54      69B91FEA 
  54      7A8D1E9C 
  54      68159F76 
  54      EB
  55 012b 7AE30B3E 		.ascii	"z\343\013>!\360\014\012\"\206\2471\033{1[r\217i;q\204"
ARM GAS  C:\Users\mvshv\AppData\Local\Temp\cc2OQ6qI.s 			page 4


  55      21F00C0A 
  55      2286A731 
  55      1B7B315B 
  55      728F693B 
  56 0141 60673117 		.ascii	"`g1\027\260\207;'E\321\350#\032\375D\203o1y\315\235"
  56      B0873B27 
  56      45D1E823 
  56      1AFD4483 
  56      6F3179CD 
  57 0156 1B930C5D 		.ascii	"\033\223\014]\342h\216\324oe]\202\0344G\025\374\212"
  57      E2688ED4 
  57      6F655D82 
  57      1C344715 
  57      FC8A
  58 0168 0A0E24D2 		.ascii	"\012\016$\322\345\311\012\340\200W$\307\353\362\334"
  58      E5C90AE0 
  58      805724C7 
  58      EBF2DC
  59 0177 71A230C8 		.ascii	"q\2420\310\301\2248\262m\377\213\354\2156\202\0151\331"
  59      C19438B2 
  59      6DFF8BEC 
  59      8D36820D 
  59      31D9
  60 0189 AFE3C97E 		.ascii	"\257\343\311~C\263}\313d\351F\347\017\351T\234\034O"
  60      43B37DCB 
  60      64E946E7 
  60      0FE9549C 
  60      1C4F
  61 019b 0AEAA1D5 		.ascii	"\012\352\241\325z\242\273\251\377\376b[^\026\202O\250"
  61      7AA2BBA9 
  61      FFFE625B 
  61      5E16824F 
  61      A8
  62 01ac 0ADF001A 		.ascii	"\012\337\000\032\350\310\320\341\323\203\320H\333OO"
  62      E8C8D0E1 
  62      D383D048 
  62      DB4F4F
  63 01bb B5415846 		.ascii	"\265AXFO`\325/X\030.\336\323\263<i\256z\240'\373D\222"
  63      4F60D52F 
  63      58182EDE 
  63      D3B33C69 
  63      AE7AA027 
  64 01d2 57A452D5 		.ascii	"W\244R\325sX\305\001o\335\300\210\231w\323$7\260\366"
  64      7358C501 
  64      6FDDC088 
  64      9977D324 
  64      37B0F6
  65 01e5 5EFFED0C 		.ascii	"^\377\355\014\302\321)5\361i\344\265\273c\1774X\002"
  65      C2D12935 
  65      F169E4B5 
  65      BB637F34 
  65      5802
  66 01f7 F85E7596 		.ascii	"\370^u\226O\230\361\002\035\355\363\314\212\321G\273"
  66      4F98F102 
  66      1DEDF3CC 
  66      8AD147BB 
  67 0207 EA90D02D 		.ascii	"\352\220\320-\272n\345\012\0271\200\262#~\207U>\222"
ARM GAS  C:\Users\mvshv\AppData\Local\Temp\cc2OQ6qI.s 			page 5


  67      BA6EE50A 
  67      173180B2 
  67      237E8755 
  67      3E92
  68 0219 70196BAD 		.ascii	"p\031k\255\011FH\361\012\013\215p\211F\360\3210\327"
  68      094648F1 
  68      0A0B8D70 
  68      8946F0D1 
  68      30D7
  69 022b 71A077E9 		.ascii	"q\240w\351P\243\205\221\255\002\327Oe\221S\015\267\257"
  69      50A38591 
  69      AD02D74F 
  69      6591530D 
  69      B7AF
  70 023d DC4C0DBF 		.ascii	"\334L\015\277\262||\012\003m\327Rx&]\266N\303\021\022"
  70      B27C7C0A 
  70      036DD752 
  70      78265DB6 
  70      4EC31112 
  71 0251 7BD818AB 		.ascii	"{\330\030\253~\341\342h\206\326\256{\2529\226\216\243"
  71      7EE1E268 
  71      86D6AE7B 
  71      AA39968E 
  71      A3
  72 0262 34D661E9 		.ascii	"4\326a\3518\034C\215\332\325\336\177\375]s\270\233\022"
  72      381C438D 
  72      DAD5DE7F 
  72      FD5D73B8 
  72      9B12
  73 0274 6E38B4BA 		.ascii	"n8\264\272\022\314\344\016**8Nu\346\32139\270\315\300"
  73      12CCE40E 
  73      2A2A384E 
  73      75E6D133 
  73      39B8CDC0 
  74 0288 10E0E472 		.ascii	"\020\340\344r\317\335\3640\000\360{cW\033\311=\243\331"
  74      CFDDF430 
  74      00F07B63 
  74      571BC93D 
  74      A3D9
  75 029a A43631B8 		.ascii	"\24461\270\263\330t^2\210\036.\3601\357\324\303\347"
  75      B3D8745E 
  75      32881E2E 
  75      F031EFD4 
  75      C3E7
  76 02ac BBFCDF7C 		.ascii	"\273\374\337|WP[O?\235\232MP\326\002*\300\346\340\344"
  76      57505B4F 
  76      3F9D9A4D 
  76      50D6022A 
  76      C0E6E0E4 
  77 02c0 25FDACCA 		.ascii	"%\375\254\3121\201V\374\201b\277c\315\354\\s\367\024"
  77      318156FC 
  77      8162BF63 
  77      CDEC5C73 
  77      F714
  78 02d2 B239080F 		.ascii	"\2629\010\017\1771\241\017\374\235\177\247\346\324+"
  78      7F31A10F 
  78      FC9D7FA7 
ARM GAS  C:\Users\mvshv\AppData\Local\Temp\cc2OQ6qI.s 			page 6


  78      E6D42B
  79 02e1 7EBD857A 		.ascii	"~\275\205zdp\333\366\271\323z2\235\031\300\0371G\016"
  79      6470DBF6 
  79      B9D37A32 
  79      9D19C01F 
  79      31470E
  80 02f4 7273F9F2 		.ascii	"rs\371\362\244B+\370\023\252\262\026\340U\351\361\343"
  80      A4422BF8 
  80      13AAB216 
  80      E055E9F1 
  80      E3
  81 0305 7D83F369 		.ascii	"}\203\363i9o\030\331\231\214\375\363D\347\025\213\314"
  81      396F18D9 
  81      998CFDF3 
  81      44E7158B 
  81      CC
  82 0316 9EE46CFC 		.ascii	"\236\344l\374\031U\032\253f\372\301[w^\225\263\001\357"
  82      19551AAB 
  82      66FAC15B 
  82      775E95B3 
  82      01EF
  83 0328 F6F4ADA6 		.ascii	"\366\364\255\246\336Mk_\234\350\035O\343\217\021\340"
  83      DE4D6B5F 
  83      9CE81D4F 
  83      E38F11E0 
  84 0338 2FC6A633 		.ascii	"/\306\2463x\276\353T\234\235;\"vN\217r\305\257Dn\212"
  84      78BEEB54 
  84      9C9D3B22 
  84      764E8F72 
  84      C5AF446E 
  85 034d 0B4C252A 		.ascii	"\013L%*\236\301q\300\351u\305o7\205\256\342\232\311"
  85      9EC171C0 
  85      E975C56F 
  85      3785AEE2 
  85      9AC9
  86 035f A3D199EC 		.ascii	"\243\321\231\354\177\300\031\003-\325\035\222\352F\224"
  86      7FC01903 
  86      2DD51D92 
  86      EA4694
  87 036e A78F2CCE 		.ascii	"\247\217,\316\032\352\3164w?\0366\243!n\310?\323gY\323"
  87      1AEACE34 
  87      773F1E36 
  87      A3216EC8 
  87      3FD36759 
  88 0383 6D56EA36 		.ascii	"mV\3526'u\213\025\351\267\210H\275{d\213\360\251Q#&"
  88      27758B15 
  88      E9B78848 
  88      BD7B648B 
  88      F0A95123 
  89 0398 AD9D6EF4 		.ascii	"\255\235n\364\245$vH\026\345\317G\370x\022\371\210\254"
  89      A5247648 
  89      16E5CF47 
  89      F87812F9 
  89      88AC
  90 03aa BC81500B 		.ascii	"\274\201P\013a+?\332\273\327\036\342\335\305\210w\227"
  90      612B3FDA 
  90      BBD71EE2 
ARM GAS  C:\Users\mvshv\AppData\Local\Temp\cc2OQ6qI.s 			page 7


  90      DDC58877 
  90      97
  91 03bb 1EE5DD8D 		.ascii	"\036\345\335\215\324\363\2721\331\015\254\011\254\034"
  91      D4F3BA31 
  91      D90DAC09 
  91      AC1C
  92 03c9 0D67F2D5 		.ascii	"\015g\362\325@\302\0219\222\340\231\202\002-\362\347"
  92      40C21139 
  92      92E09982 
  92      022DF2E7 
  93 03d9 746B65BB 		.ascii	"tke\273*\264}NW\245[+\336i{z\253\266}\373K\332\316\""
  93      2AB47D4E 
  93      57A55B2B 
  93      DE697B7A 
  93      ABB67DFB 
  94 03f1 DBFE2D1C 		.ascii	"\333\376-\034)qW\226TT\354.\260\303\023\011\322\234"
  94      29715796 
  94      5454EC2E 
  94      B0C31309 
  94      D29C
  95 0403 6EBAB92A 		.ascii	"n\272\271*\345oAY\034\204\"\345{\355\025\257\355.\325"
  95      E56F4159 
  95      1C8422E5 
  95      7BED15AF 
  95      ED2ED5
  96 0416 EC65EE83 		.ascii	"\354e\356\203n\202l\216\201\330\235\016\207s\257\321"
  96      6E826C8E 
  96      81D89D0E 
  96      8773AFD1 
  97 0426 FFC51DB6 		.ascii	"\377\305\035\266B\333\001\302\332\235\256\322\222\375"
  97      42DB01C2 
  97      DA9DAED2 
  97      92FD
  98 0434 CF3A28C1 		.ascii	"\317:(\301\374\312.w\351\313\256\362\347\023'\226\036"
  98      FCCA2E77 
  98      E9CBAEF2 
  98      E7132796 
  98      1E
  99 0445 A8E434AD 		.ascii	"\250\3444\255\320V\\T\254\025R\236V\264\326\322\341"
  99      D0565C54 
  99      AC15529E 
  99      56B4D6D2 
  99      E1
 100 0456 2E7797EC 		.ascii	".w\227\354\261\333\251J\226\255x\207\225+\355s\225\347"
 100      B1DBA94A 
 100      96AD7887 
 100      952BED73 
 100      95E7
 101 0468 5B733783 		.ascii	"[s7\203\342\002\263\243\324\341t\035\204\177\001\276"
 101      E202B3A3 
 101      D4E1741D 
 101      847F01BE 
 102 0478 999FD5   		.ascii	"\231\237\325"
 103              		.text
 104              		.section	.gnu.lto_st_lld_init.d611ae,"",%progbits
 105 0000 789CA595 		.ascii	"x\234\245\225OH\024Q\030\300\3377ovvf4\203\350\020\264"
 105      4F481451 
ARM GAS  C:\Users\mvshv\AppData\Local\Temp\cc2OQ6qI.s 			page 8


 105      18C0DF37 
 105      6F767666 
 105      3483E810 
 106 0015 87AE7670 		.ascii	"\207\256vp\260 :v\350\022\350I\357\022u(\020\214\224"
 106      B0203A76 
 106      E812E849 
 106      EF127528 
 106      108C94
 107 0028 8EEDA8EB 		.ascii	"\216\355\250\353\256\232\204P\032\304\032\003A\342A"
 107      AE9A8450 
 107      1AC41A03 
 107      41E241
 108 0037 4CD36CFD 		.ascii	"L\323l\375\223\343\246\231\377v\315,\377\254\031H\231"
 108      93E3A699 
 108      FF76CD2C 
 108      FFAC1948 
 108      99
 109 0048 FF0A09A1 		.ascii	"\377\012\011\241(\324\276\357\315\272+v\332\355\261"
 109      28D4BEEF 
 109      CDBA2B76 
 109      DAEDB1
 110 0057 F376E6BD 		.ascii	"\363v\346\2757\277\337\367\2757oFa\214]P\030;\217\377"
 110      37BFDFF7 
 110      BD376F46 
 110      618C5D50 
 110      183B8FFF 
 111 006b 27F100CE 		.ascii	"'\361\000\316@\252\2170V\256J\000tb\252\300\274\022"
 111      40AA8F30 
 111      56AE4A00 
 111      7462AAC0 
 111      BC12
 112 007d 78A18EDF 		.ascii	"x\241\216\337\347\020\016\254\204\244\354f\023\213\375"
 112      E7100EAC 
 112      84A4EC66 
 112      138BFD
 113 008c E0C731BF 		.ascii	"\340\3071\277Yu\"\310\031k\304\203\012<\203l\206\303"
 113      597522C8 
 113      196BC483 
 113      0A3C836C 
 113      86C3
 114 009e 96DB771B 		.ascii	"\226\333w\033\216(\262\323\016\235\2400\300\223\266"
 114      8E28B2D3 
 114      0E9DA030 
 114      C093B6
 115 00ad 69976DEE 		.ascii	"i\227m\356\356\005L{\3501\354\024\034\007\026\344 Q"
 115      EE054C7B 
 115      E831EC14 
 115      1C0716E4 
 115      2051
 116 00bf C5A992A9 		.ascii	"\305\251\222\251\322\250\322\251b\254\032\357\306\020"
 116      D2A8D2A9 
 116      62AC1AEF 
 116      C610
 117 00cd 4C9BD570 		.ascii	"L\233\325p\211\316*m\266\016\341\236\265\201\353\304"
 117      89CE2A6D 
 117      B60EE19E 
 117      B581EBC4 
ARM GAS  C:\Users\mvshv\AppData\Local\Temp\cc2OQ6qI.s 			page 9


 118 00dd 7CC80155 		.ascii	"|\310\001U\215U\341\250\373\016\017r\011\310\354k\032"
 118      8D55E1A8 
 118      FB0E0F72 
 118      09C8EC6B 
 118      1A
 119 00ee 5ED19C4B 		.ascii	"^\321\234Ks\253\332\224\261)\326\273\274\244X\360\250"
 119      73ABDA94 
 119      B129D6BB 
 119      BCA458F0 
 119      A8
 120 00ff 1C833E15 		.ascii	"\034\203>\025\344\034\236\203\007\272\300\303h\374\306"
 120      E41C9E83 
 120      07BAC0C3 
 120      68FCC6
 121 010e E7D1FE2C 		.ascii	"\347\321\376,\243\325\364A\220\313\320\015\0264\210"
 121      A3D5F441 
 121      90CBD00D 
 121      163488
 122 011d 5CE00518 		.ascii	"\\\340\005\030(\253\374\345\007\307%9\272\316\241\021"
 122      28ABFCE5 
 122      07C72539 
 122      BACEA111 
 123 012d BF4A7CC0 		.ascii	"\277J|\300\022B\010\0064S+\306\244\246\352I\252z\301"
 123      12420806 
 123      34532BC6 
 123      A4A6EA49 
 123      AA7AC1
 124 0140 40BE484D 		.ascii	"@\276HMsd<5V\237`\321\024C\377\241\260e\204\375W\234"
 124      73643C35 
 124      569F60D1 
 124      1443FFA1 
 124      B06584FD 
 125 0156 2F93EC01 		.ascii	"/\223\354\001\212S\026q\266\214\305#\325\016.\201K,"
 125      8A531671 
 125      B68CC523 
 125      D50E2E81 
 125      4B2C
 126 0168 416DE560 		.ascii	"Am\345`\207\352\\\232v\275\231\205M\363\337|\355\031"
 126      87EA5C9A 
 126      76BD9985 
 126      4DF3DF7C 
 126      ED19
 127 017a 499F0283 		.ascii	"I\237\002\203\350\263\343\276\236\315\226n%\341\013"
 127      E8B3E3BE 
 127      9ECD966E 
 127      25E10B
 128 0189 0B9F44BE 		.ascii	"\013\237D\276W\207r\321Q\367o.)\260\207\222\354a\312"
 128      578772D1 
 128      51F76F2E 
 128      29B08792 
 128      EC61CA
 129 019c 4527D2F6 		.ascii	"E'\322\366\352dMV\234\225\310\304-2\211\264\376\334"
 129      EA644D56 
 129      9C95C8C4 
 129      2D3289B4 
 129      FEDC
 130 01ae D29D4B7A 		.ascii	"\322\235Kz\342\351a\262\232\276jq\231u\033\037S\025"
ARM GAS  C:\Users\mvshv\AppData\Local\Temp\cc2OQ6qI.s 			page 10


 130      E2E961B2 
 130      9ABE6A71 
 130      99751B1F 
 130      5315
 131 01c0 4650F73A 		.ascii	"FP\367:\256\013\254\214O\211\251+\247Pdx#\204b\023\214"
 131      AE0BAC8C 
 131      4F89A92B 
 131      A7506478 
 131      23846213 
 132 01d5 828103D6 		.ascii	"\202\201\003\326#kMbnd\210\0162\030s\222\331^\215$B"
 132      236B4D62 
 132      6E64880E 
 132      32187392 
 132      D95E8D24 
 133 01ea 484D302E 		.ascii	"HM0.\0042\011&\204`\243\357\351\234\313\021\354a9\012"
 133      04320926 
 133      8460A3EF 
 133      E99CCB11 
 133      EC61390A 
 134 01fe 93FB8A68 		.ascii	"\223\373\212h\232\212\210P\270H\021\025\212\304$\311"
 134      9A8A8850 
 134      B8481115 
 134      8AC424C9 
 135 020e C0606A1F 		.ascii	"\300`j\037?\227\026^\203\267\002\217\257 \352\264\353"
 135      3F97165E 
 135      83B7028F 
 135      AF20EAB4 
 135      EB
 136 021f 2A5ADCB9 		.ascii	"*Z\334\271m\324iu\210%\233\006\003N{\3046y\007\271I"
 136      6DD46975 
 136      88259B06 
 136      034E7BC4 
 136      367907B9 
 137 0234 DD7C9AD9 		.ascii	"\335|\232\331\314\010\235\233x\357\021\235\340-\244"
 137      CC089D9B 
 137      78EF119D 
 137      E02DA4
 138 0243 C9FB2078 		.ascii	"\311\373 x*\361f\017\362bi\362\346\004O#\336\274\230"
 138      2AF1660F 
 138      F26269F2 
 138      E6044F23 
 138      DEBC98
 139 0256 EDAEC044 		.ascii	"\355\256\300D\273\356\3146\300\302>~1M|L\340u\302/b"
 139      BBEECC36 
 139      C0C23E7E 
 139      314D7C4C 
 139      E075C22F 
 140 026b B8C4DB84 		.ascii	"\270\304\333\204*k\357\011\027oi\274#\024\332\214\271"
 140      2A6BEF09 
 140      176F69BC 
 140      2314DA8C 
 140      B9
 141 027c BD3BA61A 		.ascii	"\275;\246\032\344z#\355{\370\010^\352\3702z\317\237"
 141      E47A23ED 
 141      7BF8085E 
 141      EAF8327A 
 141      CF9F
ARM GAS  C:\Users\mvshv\AppData\Local\Temp\cc2OQ6qI.s 			page 11


 142 028e 49816420 		.ascii	"I\201d \177\011<\264\323\177\317\336U\235&\025>\201"
 142      7F093CB4 
 142      D37FCFDE 
 142      559D2615 
 142      3E81
 143 02a0 27C833D9 		.ascii	"'\3103\331w\250\260\3764\213\315)>\011\325\310\300W"
 143      77A8B0FE 
 143      348BCD29 
 143      3E09D5C8 
 143      C057
 144 02b2 376EBA73 		.ascii	"7n\272s99F\342WRj\\\273\\l\334(\271YVj\024\024\346\237"
 144      393946E2 
 144      57526A5C 
 144      BB5C6CDC 
 144      28B95956 
 145 02cb 3D63E4E5 		.ascii	"=c\344\345]4\012/\345\337\312\245\236\242\322\262\242"
 145      5D340A2F 
 145      E5DFCAA5 
 145      9EA2D2B2 
 145      A2
 146 02dc E2E2AB39 		.ascii	"\342\342\2539W\330_!F\027Q"
 146      57D85F21 
 146      461751
 147              		.text
 148              		.section	.gnu.lto_.symbol_nodes.d611ae,"",%progbits
 149 0000 789C55C9 		.ascii	"x\234U\311\273\015\0021\020\204\341\361\354\371^$t\200"
 149      BB0D0231 
 149      1084E1F1 
 149      ECF95E24 
 149      7480
 150 0012 442550D9 		.ascii	"D%P\331:8\201DD\021\327\004\307\033\034S\003\001!\022"
 150      3A388144 
 150      4411D704 
 150      C71B1C53 
 150      03012112 
 151 0026 1D207C8E 		.ascii	"\035 |\216\330d~\351\233\022\300\324\245\341\216\012"
 151      D8647EE9 
 151      9B12C0D4 
 151      A5E18E0A 
 152 0036 6C1F40CA 		.ascii	"l\037@\312\020\226\200?\020a\016\010\007\2523\227\273"
 152      1096803F 
 152      10610E08 
 152      07AA3397 
 152      BB
 153 0047 50990508 		.ascii	"P\231\005\010a\221\340L\025\003'ja\340N\365\006n\324"
 153      6191E04C 
 153      1503276A 
 153      61E04EF5 
 153      066ED4
 154 005a D2C0955A 		.ascii	"\322\300\225Z\0318Rk\003{jc R\333\177\020\264\350\237"
 154      1938526B 
 154      037B6A63 
 154      2052DB7F 
 154      10B4E89F 
 155 006e 5F276810 		.ascii	"_'h\020sk\304\325\307\013*\274rKt\353\261\036\335\346"
 155      736BC4D5 
 155      C70B2ABC 
ARM GAS  C:\Users\mvshv\AppData\Local\Temp\cc2OQ6qI.s 			page 12


 155      724B74EB 
 155      B11EDDE6 
 156 0082 3D1314E8 		.ascii	"=\023\024\350s\005q,'\271\370\001\035\211B\340"
 156      7305712C 
 156      27B9F801 
 156      1D8942E0 
 157              		.text
 158              		.section	.gnu.lto_.refs.d611ae,"",%progbits
 159 0000 789C6363 		.ascii	"x\234cc``\340\004b&\006&FF&FA\006\000\001D\000*"
 159      6060E004 
 159      62260626 
 159      46462646 
 159      41060001 
 160              		.text
 161              		.section	.gnu.lto_.decls.d611ae,"",%progbits
 162 0000 789CCD58 		.ascii	"x\234\315XkPTI\226\256\274Y@\361\324@c\302\330pc\351"
 162      6B505449 
 162      96AEBC59 
 162      40F1D440 
 162      63C2D870 
 163 0016 0E3B2462 		.ascii	"\016;$bw\004\324\356\236}\314nk\211\015\261\322\355"
 163      7704D4EE 
 163      9E7DCC6E 
 163      6B890DB1 
 163      D2ED
 164 0028 16F6C44C 		.ascii	"\026\366\304L\217\0215\010\245\022\313\243\207G\257"
 164      8F113508 
 164      A512CBA3 
 164      8747AF
 165 0037 FED89D8B 		.ascii	"\376\330\235\213\200\202OPD\336\240\200\242\202\342"
 165      80824F50 
 165      44DEA080 
 165      A282E2
 166 0046 03155141 		.ascii	"\003\025QAPD\036\212\250(\"R\200\">y5\202\212\262'3"
 166      50441E8A 
 166      A8282252 
 166      80223E79 
 166      35828AB2 
 167 005c EFE5665D 		.ascii	"\357\345f]\212\236\211\215\335\210\275\301!\357\311"
 167      8A9E898D 
 167      DD88BDC1 
 167      21EFC9
 168 006b 3CE7BB27 		.ascii	"<\347\273'\3179\231y\262l5\032M\264\233F\363\231\255"
 168      CF399979 
 168      B26C351A 
 168      4DB49B46 
 168      F399AD
 169 007e 46938634 		.ascii	"F\223\2064\232\011x0\364]\006\022\244\266^\303\036G"
 169      9A097830 
 169      F45D0612 
 169      A4B65EC3 
 169      1E47
 170 0090 A016A03B 		.ascii	"\240\026\240;@\255@\355@\035@\235@]@=@O\200\236\002"
 170      40AD40ED 
 170      401D409D 
 170      405D403D 
 170      404F809E 
ARM GAS  C:\Users\mvshv\AppData\Local\Temp\cc2OQ6qI.s 			page 13


 171 00a5 BD040238 		.ascii	"\275\004\0028\315\200\306\362)\204\316\231\320\376\001"
 171      CD80C6F2 
 171      2984CE99 
 171      D0FE01
 172 00b4 C81568B6 		.ascii	"\310\025h\266\204?\037hP\372^\025\320\003\240!\240["
 172      843F1F68 
 172      50FA5E15 
 172      D003A021 
 172      A05B
 173 00c6 409F83CE 		.ascii	"@\237\203\316b\240Qx\377\002\332\177D\014\373\023\370"
 173      62A05178 
 173      FF02DA7F 
 173      440CFB13 
 173      F8
 174 00d7 374BB2E9 		.ascii	"7K\262\351\327\360\376/@K\200\364@\276@\377\012\344"
 174      D7F0FE2F 
 174      404B80F4 
 174      40BE40FF 
 174      0AE4
 175 00e9 07F42DD0 		.ascii	"\007\364-\320\277!f\327\023\311N\177\304l\356\224\346"
 175      BF2166D7 
 175      13C94E7F 
 175      C46CEE94 
 175      E6
 176 00fa D02ECDC9 		.ascii	"\320.\315\311\232\315\207\241\323Y\262\231\330\231\005"
 176      9ACD87A1 
 176      D359B299 
 176      D89905
 177 0109 7C86640F 		.ascii	"|\206d\017\031;\204\024\033m\200\216 6\247\027\222\317"
 177      193B8414 
 177      1B6D808E 
 177      2036A717 
 177      92CF
 178 011b F6029F04 		.ascii	"\366\002\237\004\224\017\344\0054\027\350\257\201\376"
 178      940FE405 
 178      3417E8AF 
 178      81FE
 179 0129 06C80D68 		.ascii	"\006\310\015h\036\220\007\320|\304|~G\362\237\372I\301"
 179      1E9007D0 
 179      7CC47C7E 
 179      47F29FFA 
 179      49C1
 180 013b E8565C69 		.ascii	"\350V\\i\026\336\206\221\253\003\322\002;\330\224\321"
 180      16DE8691 
 180      AB03D202 
 180      3BD894D1 
 181 014b E302EC6C 		.ascii	"\343\002\354l\007\344\006lF\305O\3656lT\007l\303X\362"
 181      07E4066C 
 181      46C54FF5 
 181      366C5407 
 181      6CC358F2 
 182 015f 0A870411 		.ascii	"\012\207\004\021\236\274X\321\336\207t\237Fs\321)4\027"
 182      9EBC58D1 
 182      DE87749F 
 182      4673D129 
 182      3417
 183 0171 E6790639 		.ascii	"\346y\0069\300\177\217\271\250\014X\020>z\246\360<b"
ARM GAS  C:\Users\mvshv\AppData\Local\Temp\cc2OQ6qI.s 			page 14


 183      C07F8FB9 
 183      A80C5810 
 183      3E7AA6F0 
 183      3C62
 184 0183 BAF6C06E 		.ascii	"\272\366\300n\273ZV\213\031r\035\031\276;v\361\235\023"
 184      BB5A568B 
 184      19721D19 
 184      BE3B76F1 
 184      9D13
 185 0195 1610BC6B 		.ascii	"\026\020\274k\213c\217\014h\221\373\\\004`\310\341\240"
 185      8B638F0C 
 185      6891FB5C 
 185      0460C8E1 
 185      A0
 186 01a6 C81E9D06 		.ascii	"\310\036\235\006]D\016\250\034a\331\336\014\021>>\360"
 186      5D440EA8 
 186      1C61D9DE 
 186      0C113E3E 
 186      F0
 187 01b7 27D20DEF 		.ascii	"'\322\015\357:\332B\317&Q\314\027\361\034\015Z4\027"
 187      3ADA42CF 
 187      2651CC17 
 187      F11C0D5A 
 187      3417
 188 01c9 79CED5A0 		.ascii	"y\316\325\240\363\310\235\016i\320\005\000\254`\346"
 188      F3C89D0E 
 188      69D00500 
 188      AC60E6
 189 01d8 94BD2A49 		.ascii	"\224\275*I\263uM\"\300\360\357+D\261\317\301\370Yj\375"
 189      B3754D22 
 189      C0F0EF2B 
 189      44B1CFC1 
 189      F8596AFD 
 190 01ec 25E42ACF 		.ascii	"%\344*\317\201H\237\310\252{k\357 a'\3749l\321|\276"
 190      81489FC8 
 190      AA7B6BEF 
 190      206127FC 
 190      396CD17C 
 191 0201 58C76357 		.ascii	"X\307cW\376\034v\332\236\330Fg\247\255\004\233\271\261"
 191      FE1C76DA 
 191      9ED84667 
 191      A7AD049B 
 191      B9B1
 192 0213 0AB9727E 		.ascii	"\012\271r~\274\214\234\310\\I\013\302\035u\207\217\022"
 192      BC8C9CC8 
 192      5C490BC2 
 192      1D75878F 
 192      12
 193 0224 B7CD7740 		.ascii	"\267\315w@d%\315\200\256\343/\313\337:\263.\002\367"
 193      6425CD80 
 193      AEE32FCB 
 193      DF3AB32E 
 193      02F7
 194 0236 3426E986 		.ascii	"4&\351\206\023\266\243\357\211\211Wv\352\026\024\313"
 194      13B6A3EF 
 194      89895776 
 194      EA1614CB 
ARM GAS  C:\Users\mvshv\AppData\Local\Temp\cc2OQ6qI.s 			page 15


 195 0246 0EFC4F0D 		.ascii	"\016\374O\015\272\"y\017\006[v\015\025\330\341\345D"
 195      BA22790F 
 195      065B760D 
 195      15D8E1E5 
 195      44
 196 0257 50E86C7B 		.ascii	"P\350l{\377\320\0059\270'LZ\241\2314\001\325\301\034"
 196      FFD00539 
 196      B8274C5A 
 196      A1993401 
 196      D5C11C
 197 026a 01FC2A5A 		.ascii	"\001\374*Z\240A5\320Y\015\2354(U73\3769}H\024\335\320"
 197      A04135D0 
 197      590D9D34 
 197      28553733 
 197      FE397D48 
 198 0281 3598602D 		.ascii	"5\230`-\302T\006l\235/M\355pA\362\001[|\016\321oTd>"
 198      C254066C 
 198      9D2F4DED 
 198      7041F201 
 198      5B7C0ED1 
 199 0299 B92A4CF7 		.ascii	"\271*L\367\215\206\351\277q\356\323\332xQ\024P=|\343"
 199      8D86E9BF 
 199      71EED3DA 
 199      78511450 
 199      3D7CE3
 200 02ac BAF28D6B 		.ascii	"\272\362\215k\324\177\244\027>t\376\362\305J\307N\324"
 200      D47FA417 
 200      3E74FEF2 
 200      C54AC74E 
 200      D4
 201 02bd 8120BDD1 		.ascii	"\201 \275\321L:C\204\330\177h\011Q~B~\020\353\207^\201"
 201      4C3A4384 
 201      D87F6809 
 201      517E427E 
 201      10EB875E 
 202 02d2 35922861 		.ascii	"5\222(ad\0254\331#H\030\202\214K\377$\000\304\243\262"
 202      641534D9 
 202      23481882 
 202      8C4BFF24 
 202      00C4A3B2 
 203 02e6 71F639F9 		.ascii	"q\3669\371a\213\236\275pz\254KP>\306\251L\261U39<i\224"
 203      618B9EBD 
 203      707AAC4B 
 203      503EC6A9 
 203      4CB15533 
 204 02fe 32492405 		.ascii	"2I$\005\364\356\313\355\307\234\314\350\021\214\376"
 204      F4EECBED 
 204      C79CCCE8 
 204      118CFE
 205 030d 0E36045D 		.ascii	"\0166\004](\315\201W\375/\017\271\340l\272\262\320\325"
 205      28CD8157 
 205      FD2F0FB9 
 205      E06CBAB2 
 205      D0D5
 206 031f 89D1AA19 		.ascii	"\211\321\252\031l\021\012$\005\006\032\263\035\331\""
 206      6C110A24 
 206      05061AB3 
ARM GAS  C:\Users\mvshv\AppData\Local\Temp\cc2OQ6qI.s 			page 16


 206      1DD922
 207 032e 9C096CF1 		.ascii	"\234\011l\361\366\211\024\2339\2514oc\305\231\002\372"
 207      F689149B 
 207      39A9346F 
 207      63C59902 
 207      FA
 208 033f C32F5033 		.ascii	"\303/P3\004\343&M\304[h\016\374\017\323\262\217m\351"
 208      04E3264D 
 208      C45B680E 
 208      FC0FD3B2 
 208      8F6DE9
 209 0352 7F9B6CFB 		.ascii	"\177\233l\373i\236\230g\026\253F\033\027WVo\026\233"
 209      699E9867 
 209      16AB461B 
 209      1757566F 
 209      169B
 210 0364 41EF2B2A 		.ascii	"A\357+*\207n(q\272A2\0165!3B\215\250\023lkA\237\222"
 210      876E2871 
 210      BA41320E 
 210      35213342 
 210      8DA8136C 
 211 037c 9D657B7F 		.ascii	"\235e{\177\336\014\334\301\314\272]\177w\314F\002\273"
 211      DE0CDCC1 
 211      CCBA5D7F 
 211      77CC4602 
 211      BB
 212 038d D1E09421 		.ascii	"\321\340\224!V\301:\203\220\023\250\333\012\324m5\324"
 212      56C13A83 
 212      9013A8DB 
 212      0AD46D35 
 212      D4
 213 039e 1D0AD539 		.ascii	"\035\012\32590|\315\021?cP-\027\252{\234\001\312\014"
 213      307CCD11 
 213      3F63502D 
 213      17AA7B9C 
 213      01CA0C
 214 03b1 A9F3B4D3 		.ascii	"\251\363\264\323\375Ci\237\230\340\300\214\272\253 "
 214      FD43699F 
 214      98E0C08C 
 214      BAAB20
 215 03c0 DD959601 		.ascii	"\335\225\226\001j\245\0105\007\266=F\270\004S\204\256"
 215      6AA50835 
 215      07B63D46 
 215      B8045384 
 215      AE
 216 03d1 B1892B4E 		.ascii	"\261\211+N\374z$\253WY\217\367\331z\004\301\233\015"
 216      FC7A24AB 
 216      57598FF7 
 216      D97A04C1 
 216      9B0D
 217 03e3 7B536768 		.ascii	"{Sgh\005\326G\034\003}\023\261\351o\246w\341\003\352"
 217      05D6471C 
 217      037D13B1 
 217      E96FA677 
 217      E103EA
 218 03f6 C23624F9 		.ascii	"\3026$\371\260\267\375N\252 \331:\334\277\370\342i1"
 218      B0B7FD4E 
ARM GAS  C:\Users\mvshv\AppData\Local\Temp\cc2OQ6qI.s 			page 17


 218      AA20D93A 
 218      DCBFF8E2 
 218      6931
 219 0408 CE86C8A0 		.ascii	"\316\206\310\240{\212\245\367dK\333\251\245\255\273"
 219      7B8AA5F7 
 219      644BDBA9 
 219      A5ADBB
 220 0417 5E0DDAE0 		.ascii	"^\015\332\340\036f\351\360\360\365\2336\222~\315\304"
 220      1E66E9F0 
 220      F0F59B36 
 220      927ECDC4 
 221 0427 DF1DA5FA 		.ascii	"\337\035\245\372d\246\017\025\375\207\262~\007\325\357"
 221      64A60F15 
 221      FD87B27E 
 221      07D5EF
 222 0436 1A896DB3 		.ascii	"\032\211m\263\303\331Z\252\177\257v\244^\326\257\377"
 222      C3D95AAA 
 222      7FAF76A4 
 222      5ED6AFFF 
 223 0446 DB0CB19A 		.ascii	"\333\014\261\232y\374\221\242\375H\326\356\244\332\211"
 223      79FC91A2 
 223      FD48D6EE 
 223      A4DA89
 224 0455 676B7660 		.ascii	"gkv`|\216i\327\227\0157\"I\273=\035W^\337\\\265\222"
 224      7C8E69D7 
 224      970D3722 
 224      49BB3D1D 
 224      575EDF5C 
 225 046b 39DAAC00 		.ascii	"9\332\254\000\230e\200.\012\320q*\347\255-~\315\000"
 225      9865802E 
 225      0AD0712A 
 225      E7AD2D7E 
 225      CD00
 226 047d 9A36E73C 		.ascii	"\2326\347<q\2304\337M1\277[\321\357\226\365{\250~~\315"
 226      719834DF 
 226      4D31BF5B 
 226      D1EF96F5 
 226      7BA87E7E 
 227 0492 9B1127BC 		.ascii	"\233\021'\274\305\206\352\2274\224&\311\006\264(\346"
 227      C586EA97 
 227      349426C9 
 227      06B428E6 
 228 04a2 3F56B41F 		.ascii	"?V\264\037\313\332O\250\366\223\322\207W\005\234\305"
 228      CBDA4FA8 
 228      F693D287 
 228      57059CC5 
 229 04b2 B49B3363 		.ascii	"\264\2333c\353fL:\337Sq~\257\242\337+\353?\245\372\231"
 229      EB664C3A 
 229      DF53717E 
 229      AFA2DF2B 
 229      EB3FA5FA 
 230 04c7 77BAF305 		.ascii	"w\272\363\005\\\302\364\257\025\225]F4\372dcb\321o\030"
 230      5CC2F4AF 
 230      15955D46 
 230      34FA6463 
 230      62D16F18 
 231 04db 3D54A99D 		.ascii	"=T\251\235\354{\206h\347\340\245G\251\302\264)\361\202"
ARM GAS  C:\Users\mvshv\AppData\Local\Temp\cc2OQ6qI.s 			page 18


 231      EC7B8668 
 231      E7E0A547 
 231      A9C2B429 
 231      F182
 232 04ed A6C47339 		.ascii	"\246\304s9%\012Nf\035u\222\255:\216sj\250SA\010\365"
 232      250A4E66 
 232      1D7592AD 
 232      3A8E736A 
 232      A8534108 
 233 0502 2966F5C9 		.ascii	")f\365\311f\275\244f]I\355\352\022>ye\223\013G \234"
 233      66BDA466 
 233      5D49EDEA 
 233      123E7965 
 233      930B4720 
 234 0517 1D74E38D 		.ascii	"\035t\343\215\037u\307\243\314\320\375M\303\251\016"
 234      1F75C7A3 
 234      CCD0FD4D 
 234      C3A90E
 235 0526 38DE9632 		.ascii	"8\336\2262\307\237\026n\374,_l\256\"\253\366\237*\017"
 235      C79F166E 
 235      FC2C5F6C 
 235      AE22ABF6 
 235      9F2A0F
 236 0539 8A094931 		.ascii	"\212\011I1T\013\365\003>,M\356\234z\015=\257\320'\032"
 236      540BF503 
 236      3E2C4DEE 
 236      9C7A0D3D 
 236      AFD0271A 
 237 054d 34803E03 		.ascii	"4\200>\003\325M\325\315i:~]\020g)\353bP:\247\006\351"
 237      D54DD5CD 
 237      693A7E5D 
 237      106729EB 
 237      62503AA7 
 238 0563 39953BFE 		.ascii	"9\225;\376>\335\205\027\276e!<$\011\017Q\341\263]{+"
 238      3EDD8517 
 238      BE65213C 
 238      24090F51 
 238      E1B35D7B 
 239 0578 EDD9AE74 		.ascii	"\355\331\256t\237\030y\366\365\321\263\316l[\252\242"
 239      9F1879F6 
 239      F5D1B3CE 
 239      6C5BAAA2 
 240 0588 DB43EFFE 		.ascii	"\333C\357\3768'6\336L\370\232\326k\003Z\274\223\315"
 240      382736DE 
 240      4CF89AD6 
 240      6B035ABC 
 240      93CD
 241 059a 28ADE584 		.ascii	"(\255\345\20479\231c\377\2423\005\024\032\033\3377\331"
 241      37399963 
 241      FFA23305 
 241      141A1BDF 
 241      37D9
 242 05ac E014A62D 		.ascii	"\340\024\246-\227!\256R\031\222r\276\246\302\021\357"
 242      9721AE52 
 242      199272BE 
 242      A6C211EF 
 243 05bc 63833D5B 		.ascii	"c\203=[\273klq\026cd\243\\%\243r\333G\352\021\316c\203"
ARM GAS  C:\Users\mvshv\AppData\Local\Temp\cc2OQ6qI.s 			page 19


 243      BB6B6C71 
 243      166364A3 
 243      5C25A372 
 243      DB47EA11 
 244 05d3 15672FD4 		.ascii	"\025g/\324J\205\221'\267\257\272\262}\365L\357\365Z"
 244      4A859127 
 244      B7AFBAB2 
 244      7DF54CEF 
 244      F55A
 245 05e5 07361F11 		.ascii	"\0076\037\021\001\177\261\345\341W\270\220iV\017\225"
 245      017FB1E5 
 245      E157B890 
 245      69560F95 
 246 05f5 1E92E686 		.ascii	"\036\222\346\206\2015'\325L\314\230\266\246\212\025"
 246      813527D5 
 246      4CCC98B6 
 246      A68A15
 247 0604 A49A6A93 		.ascii	"\244\232j\223@\2472\222T\272\\\2513\2644\353Da.\232"
 247      40A73292 
 247      54BA5CA9 
 247      33B434EB 
 247      44612E9A 
 248 0618 A0D27182 		.ascii	"\240\322q\202\253\254C\204c\272\012\037\271\360\322"
 248      ABAC4384 
 248      63BA0A1F 
 248      B9F0D2
 249 0627 A33F277D 		.ascii	"\243?'},\277p\237\003>\314\214\314\034\356x&\005\310"
 249      2CBF709F 
 249      033ECC8C 
 249      CC1CEE78 
 249      2605C8
 250 063a 1DD8836F 		.ascii	"\035\330\203o*bu\270\204\215\355\271\224\335d\207O0"
 250      2A6275B8 
 250      848DEDB9 
 250      94DD6487 
 250      4F30
 251 064c 46AE175D 		.ascii	"F\256\027]Y\275\270\351\336R\\\306F*\223ww \\\316\230"
 251      59BDB8E9 
 251      DE525CC6 
 251      462A9377 
 251      77205CCE 
 252 0661 D7714FCC 		.ascii	"\327qO\314\222\177\346\000\273\267\341\305||\211\015"
 252      927FE600 
 252      BBB7E1C5 
 252      7C7C890D 
 253 0671 7DACAB99 		.ascii	"}\254\253\231\217\257\260\367\3323E\207\020\256g\314"
 253      8FAFB0F7 
 253      DA334587 
 253      10AE67CC 
 254 0681 5046ED0B 		.ascii	"PF\355\013\007|\2031y-Y\347t\370\026c\016\216\245\036"
 254      077C8331 
 254      792D59E7 
 254      74F81663 
 254      0E8EA51E 
 255 0695 74C2AD8C 		.ascii	"t\302\255\214\271S~7\301\021\2673&\341\304\2114G\334"
 255      B9537E37 
 255      C111B733 
ARM GAS  C:\Users\mvshv\AppData\Local\Temp\cc2OQ6qI.s 			page 20


 255      26E1C489 
 255      3447DC
 256 06a8 C9984D15 		.ascii	"\311\230M\025m\311\322\331g&\374\343\302\307y\366RT"
 256      6DC9D2D9 
 256      6726FCE3 
 256      C2C779F6 
 256      5254
 257 06ba 6C81DFDA 		.ascii	"l\201\337\332\3228\212p\017\023N\036\030\332c;m\034"
 257      D2388A70 
 257      0F134E1E 
 257      18DA633B 
 257      6D1C
 258 06cc D2E53878 		.ascii	"\322\3458x\3220\234-\313\357\327\251\343\360\023b\245"
 258      D2309C2D 
 258      CBEFD7A9 
 258      E3F01362 
 258      A5
 259 06dd AF066550 		.ascii	"\257\006eP\317\246\313\236\275r\345\342\007\244\216"
 259      CFA6CB9E 
 259      BD72E5E2 
 259      07A48E
 260 06ec C374D2BF 		.ascii	"\303t\322\277\250\332\222\027\357\210\346\261g\326<"
 260      A8DA9217 
 260      EF88E6B1 
 260      67D63C
 261 06fb F97127FF 		.ascii	"\371q'\377\016\210q\261b\325\265\016\234x\342\361\255"
 261      0E8871B1 
 261      62D5B50E 
 261      9C78E2F1 
 261      AD
 262 070c 18B1600E 		.ascii	"\030\261`\016\205J\020`\237\024f)\353`\213@pO\023t\015"
 262      854A1060 
 262      9F146629 
 262      EB608B40 
 262      704F1374 
 263 0721 53E9FE13 		.ascii	"S\351\376\023\034\261q\230\212\357R\213\357\240\342"
 263      1CB17198 
 263      8AEF528B 
 263      EFA0E2
 264 0730 5E8A7435 		.ascii	"^\212t5'\275G-\315\214\226\245c\304\252\007\0118\206"
 264      27BD472D 
 264      CD8C96A5 
 264      63C4AA07 
 264      093886
 265 0743 8AC70BAE 		.ascii	"\212\307\013\256(F\022\227\323\014}Dj[\3529\364\335"
 265      28461297 
 265      D30C7D44 
 265      6A5BEA39 
 265      F4DD
 266 0755 D6D179F1 		.ascii	"\326\321y\361\026N<Y->\201T\246\017%`E\374\035R\211"
 266      164E3C59 
 266      2D3E8154 
 266      A60F2560 
 266      45FC1D52 
 267 076a BFE5D093 		.ascii	"\277\345\320\223\245x\210\260\023\243}`n*u\003\221\207"
 267      A57888B0 
 267      13A37D60 
ARM GAS  C:\Users\mvshv\AppData\Local\Temp\cc2OQ6qI.s 			page 21


 267      6E2A7503 
 267      9187
 268 077c 0D049508 		.ascii	"\015\004\225\010\356\350\2200\017\025\000\345\000\345"
 268      EEE89030 
 268      0F1500E5 
 268      00E5
 269 078a 01ED073A 		.ascii	"\001\355\007:\016\224\015T\010t\030\250\010\350\004"
 269      0E940D54 
 269      087418A8 
 269      08E804
 270 0799 50165029 		.ascii	"P\026P)P.\320Q\240\203@\007\200\216\001\035\001*\026"
 270      502ED051 
 270      A0834007 
 270      808E011D 
 270      012A16
 271 07ac E6D12D9C 		.ascii	"\346\321-\234\231\371\356\277\024+S\324\223\362P\273"
 271      99F9EEBF 
 271      142B53D4 
 271      93F250BB 
 272 07bc E039E782 		.ascii	"\3409\347\202\235\326\243g!\316\373\340\275u\037\360"
 272      9DD6A367 
 272      21CEFBE0 
 272      BD751FF0 
 273 07cc 2EE36CD9 		.ascii	".\343l\331"
 274 07d0 6BD5164E 		.ascii	"k\325\026N\370\035g\3126\265\360\326)\246\014q\342\333"
 274      F81D67CA 
 274      36B5F0D6 
 274      29A60C71 
 274      E2DB
 275 07e2 AD8BF379 		.ascii	"\255\213\363y\227\310\031\376Fm\370\310\224\324\350"
 275      97C819FE 
 275      466DF8C8 
 275      94D4E8
 276 07f1 E627FA41 		.ascii	"\346'\372A-?n)\0179Z\237(ej&dj\232d\216\274\020\321"
 276      2D3F6E29 
 276      0F395A9F 
 276      28656A26 
 276      646A9A64 
 277 0809 B0E21876 		.ascii	"\260\342\030v\021y\375\3215\006\322\203Hi\244\223X\211"
 277      1179FDD1 
 277      3506D283 
 277      4869A493 
 277      5889
 278 081b E0C7045C 		.ascii	"\340\307\004\\~Z\024\023m\351\307\307\254\033\313\315"
 278      7E5A1413 
 278      6DE9C7C7 
 278      AC1BCBCD 
 279 082b ED01E789 		.ascii	"\355\001\347\211$\353il\221\365\374\3246\253\345?\252"
 279      24EB696C 
 279      91F5FCD4 
 279      36ABE53F 
 279      AA
 280 083c D1AB79F1 		.ascii	"\321\253y\361D\353\373\001\025'%Yck\221\013\316\241"
 280      44EBFB01 
 280      15272559 
 280      636B910B 
 280      CEA1
ARM GAS  C:\Users\mvshv\AppData\Local\Temp\cc2OQ6qI.s 			page 22


 281 084e 1746A12C 		.ascii	"\027F\241,\241\255x\006r\237\305f\334\232\210c\311\214"
 281      A1AD7806 
 281      729FC566 
 281      DC9A8863 
 281      C98C
 282 0860 4F83F649 		.ascii	"O\203\366Ia\262\374 \016\230f\301\240S\260N\376\257"
 282      61B2FC20 
 282      0E9866C1 
 282      A053B04E 
 282      FEAF
 283 0872 D70CB9EF 		.ascii	"\327\014\271\357U\356?\253\345\313\213\323\334\004a"
 283      55EE3FAB 
 283      E5CB8BD3 
 283      DC0461
 284 0881 DB105879 		.ascii	"\333\020Xy\001-\335\370_\277\327\252\257\372J\005v\206"
 284      012DDDF8 
 284      5FBFD7AA 
 284      AFFA4A05 
 284      7686
 285 0893 DB700943 		.ascii	"\333p\011C\216\206\367%\347\245c\214\234\014\225\215"
 285      8E86F725 
 285      E7A5638C 
 285      9C0C958D 
 286 08a3 71171CA7 		.ascii	"q\027\034\247=\014\316\311\207\301Yv(\377\2645~T*)\354"
 286      3D0CCEC9 
 286      87C15976 
 286      28FFB435 
 286      7E542A29 
 287 08b8 802DEACD 		.ascii	"\200-\352\315\332\351\304\216\231_\221\237A\272S\032"
 287      DAE9C48E 
 287      995F919F 
 287      41BA531A 
 288 08c8 90DA98F3 		.ascii	"\220\332\230\363\340\276r\032\225\012j\3149fL\0055\346"
 288      E0BE721A 
 288      950A6ACC 
 288      39664C05 
 288      35E6
 289 08da E92171D4 		.ascii	"\351!q\324\005\037a7\372\343c\346XR3W\301M\251\277\037"
 289      051F6137 
 289      FAE363E6 
 289      58523357 
 289      C14DA9BF 
 290 08ef 1F3D510A 		.ascii	"\037=Q\012\033\377\3548{Z_]Pb\004\257\226W\245\213\002"
 290      1BFFEC38 
 290      7B5A5F5D 
 290      506204AF 
 290      9657A58B 
 291 0904 291507DE 		.ascii	")\025\007\3364$clfX\275]\307\216k%,(\340\323\233\350"
 291      3424636C 
 291      6658BD5D 
 291      C78E6B25 
 291      2C28E0D3 
 292 091a 152ECF87 		.ascii	"\025.\317\207\025\361\227\024\260Kj\260J\012V\363\246"
 292      15F19714 
 292      B04B6AB0 
 292      4A0A56F3 
 292      A6
ARM GAS  C:\Users\mvshv\AppData\Local\Temp\cc2OQ6qI.s 			page 23


 293 092b B5C40E0F 		.ascii	"\265\304\016\0172\260\266\246\012\033\011\253\247s^"
 293      32B0B6A6 
 293      0A1B09AB 
 293      A7735E
 294 093a 6E8D0556 		.ascii	"n\215\005V\225\202U\245\306\272L\261\016\216\216ms\301"
 294      958255A5 
 294      C6BA4CB1 
 294      0E8E8E6D 
 294      73C1
 295 094c 713A5645 		.ascii	"q:VE\214\236\264\227\260Z20\273\015\356g\305}\265\202"
 295      8C9EB497 
 295      B05A3230 
 295      BB0DEE67 
 295      C57DB582 
 296 0960 54AD46AA 		.ascii	"T\255F\252\241H\367z\253\203\360N\006t\244$\247\324"
 296      A148F77A 
 296      AB83F04E 
 296      0674A424 
 296      A7D4
 297 0972 05673166 		.ascii	"\005g1f[uM\226-\024\347\350*Q\234\256\204\337w\373\300"
 297      5B754D96 
 297      2D14E7E8 
 297      2A519CAE 
 297      84DF77FB 
 298 0987 79E769AB 		.ascii	"y\347i\253\365:\201T\353\327\004\251Z\317\034\254L\227"
 298      F53A8154 
 298      EBD704A9 
 298      5ACF1CAC 
 298      4C97
 299 0999 2DBDB7C3 		.ascii	"-\275\267\303\346\376\361\314\035b^\214\370U\235@$\321"
 299      E6FEF1CC 
 299      1D625E8C 
 299      F8559D40 
 299      24D1
 300 09ab 15D95854 		.ascii	"\025\331XT+h\011gi\357uj\357\201\373m'mq\037\263q`\377"
 300      2B680967 
 300      69EF756A 
 300      EF81FB6D 
 300      276D711F 
 301 09c3 8B7E7B25 		.ascii	"\213~{%\274\227,\302[\257\314\275^\215\325@\261R\012"
 301      BC972CC2 
 301      5BAFCCBD 
 301      5E8DD540 
 301      B1520A
 302 09d6 AF256AF1 		.ascii	"\257%j\361\007\206e>\325\177\327I\011\357E\313\3606"
 302      0786653E 
 302      D57FD749 
 302      09EF45CB 
 302      F036
 303 09e8 2A608D6A 		.ascii	"*`\215j\260&\012v\375qI\265\013N\262\247`\307\272\367"
 303      B0260A76 
 303      FD7149B5 
 303      0B4EB2A7 
 303      60C7BAF7 
 304 09fc 0E29F1F5 		.ascii	"\016)\361\365,\262\214\357\015\005\354\206\032\354&"
 304      2CB28CEF 
 304      0D05EC86 
ARM GAS  C:\Users\mvshv\AppData\Local\Temp\cc2OQ6qI.s 			page 24


 304      1AEC26
 305 0a0b 0533E73E 		.ascii	"\0053\347>\335\343\214\013\031X\372\365\347'\344$n\311"
 305      DDE38C0B 
 305      1958FAF5 
 305      E727E424 
 305      6EC9
 306 0a1d B60C70B3 		.ascii	"\266\014p\263\002\325\254\206\272E\241\306F._\326\341"
 306      02D5AC86 
 306      BA45A1C6 
 306      462E5FD6 
 306      E1
 307 0a2e 130CEA42 		.ascii	"\023\014\352B\331\375]\262\303^\364\343\362S}\242\010"
 307      D9FD5DB2 
 307      C35EF4E3 
 307      F2537DA2 
 307      08
 308 0a3f DB421CD2 		.ascii	"\333B\034\322R\264\026\005\255E\215v\233\242\311\265"
 308      52B41605 
 308      AD458D76 
 308      9BA2C9B5 
 309 0a4f B9AB549B 		.ascii	"\271\253T\233W\325n\177\205\360U\206\236\320\265\345"
 309      57D56E7F 
 309      85F05586 
 309      9ED0B5E5 
 310 0a5f B6343846 		.ascii	"\26648Fo\367\325\243\367\235q\003\033\234x\326\226/"
 310      6FF7D5A3 
 310      F79D7103 
 310      1B9C78D6 
 310      962F
 311 0a71 15C50334 		.ascii	"\025\305\0034s\312\273\007\\\360]6\230\\32\354\210\333"
 311      73CABB07 
 311      5CF05D36 
 311      985C3332 
 311      EC88DB
 312 0a84 18F3F040 		.ascii	"\030\363\360@J\241\226I\366\021>{|<N\213\037\261\301"
 312      4AA19649 
 312      F6113E7B 
 312      7C3C4E8B 
 312      1FB1C1
 313 0a97 964D7B0A 		.ascii	"\226M{\012 \376\214y\377\372\320\200-\036bL\315p\326"
 313      20FE8C79 
 313      FFFAD080 
 313      2D1E624C 
 313      CD70D6
 314 0aaa A0131E67 		.ascii	"\240\023\036gL|\301\235\355vx3\373\215o\270}G\255\023"
 314      4C7CC19D 
 314      ED767833 
 314      FB8D6FB8 
 314      7D47AD13 
 315 0abe 4E62CC95 		.ascii	"Nb\314\225\272\236\333:\234\301\230\230\276\322-\030"
 315      BA9EDB3A 
 315      9CC19898 
 315      BED22D18 
 316 0ace 173066B0 		.ascii	"\0270f\260\271f\253=>\306\230\246\304\335p\234\237a"
 316      B966AB3D 
 316      3EC698A6 
 316      C4DD709C 
ARM GAS  C:\Users\mvshv\AppData\Local\Temp\cc2OQ6qI.s 			page 25


 316      9F61
 317 0ae0 8CBC29B9 		.ascii	"\214\274)\271\262Mi\"s \333\011_bc\027\362\343\017\353"
 317      B24D6922 
 317      7320DB09 
 317      5F626317 
 317      F2E30FEB 
 318 0af4 701D63E2 		.ascii	"p\035c\342n\354x\350\204\233\031s\254oK\225\035\276"
 318      6EEC78E8 
 318      849B1973 
 318      AC6F4B95 
 318      1DBE
 319 0b06 2F8935BD 		.ascii	"/\2115\275-v\301f\211i/\363\300\317\331\373\376\276"
 319      2D76C166 
 319      89692FF3 
 319      C0CFD9FB 
 319      FEBE
 320 0b18 F23D33F0 		.ascii	"\362=3\3600c\272:\236nu\301\343\214\331\\\271\367\242"
 320      3063BA3A 
 320      9E6E75C1 
 320      E38CD95C 
 320      B9F7A2
 321 0b2b 3DDEECC8 		.ascii	"=\336\354\310\3146?Bx\027{\177\261\265\252M\300i\214"
 321      CC363F42 
 321      78177B7F 
 321      B1B5AA4D 
 321      C0698C
 322 0b3e 395CBEA3 		.ascii	"9\\\276\243\313\006\357gL\317\331\2707Z\\\310\230\243"
 322      CB06EF67 
 322      4CCFD9B8 
 322      375A5CC8 
 322      98A3
 323 0b50 E339CDF6 		.ascii	"\3439\315\366\370\010c\232\317\233\237\270\340\223\214"
 323      F808639A 
 323      CF9B9FB8 
 323      E0938C
 324 0b5f 296EBAF6 		.ascii	")n\272\366P\332s\023H\024\213\213:z\355\244\033$\371"
 324      50DA7313 
 324      48148B8B 
 324      3A7AEDA4 
 324      1B24F9
 325 0b72 A5BAE09C 		.ascii	"\245\272\340\234y\034\3412*\354vf$\345\250-\2327\345"
 325      791CE132 
 325      2AEC7666 
 325      24E5A82D 
 325      9A37E5
 326 0b85 99A554D6 		.ascii	"\231\245T\326Jq=f\363\376T\201R\\\233!\241\266a\356"
 326      4A713D66 
 326      F3FE5481 
 326      525C9B21 
 326      A1B661EE 
 327 0b99 301DE6CF 		.ascii	"0\035\346\317^8\216\252\206\262\245\263\227\354)\257"
 327      5E388EAA 
 327      86B2A5B3 
 327      97EC29AF 
 328 0ba9 D5E253CB 		.ascii	"\325\342S\313\263\007\331\334Y=\250\226\237R\321V\363"
 328      B307D9DC 
 328      593DA896 
ARM GAS  C:\Users\mvshv\AppData\Local\Temp\cc2OQ6qI.s 			page 26


 328      9F52D156 
 328      F3
 329 0bba E23FA9C5 		.ascii	"\342?\251\305-jEr\204\277\313\225j\034\270V\240\207"
 329      2D6A4572 
 329      84BFCB95 
 329      6A1CB856 
 329      A087
 330 0bcc 92F8648D 		.ascii	"\222\370d\215\323>\245\344\312\341\320_\252\321\247"
 330      D33EA5E4 
 330      CAE1D05F 
 330      AAD1A7
 331 0bdb 1674EF78 		.ascii	"\026t\357x\371\307j\371\361)u\314;\336\372W\326\361"
 331      F9C76AF9 
 331      F12975CC 
 331      3BDEFA57 
 331      D6F1
 332 0bed BD14EBAB 		.ascii	"\275\024\353\253y\353{\324\326[\224\256D\274\245\210"
 332      79EB7BD4 
 332      D65B94AE 
 332      44BCA588 
 333 0bfd 13BFA716 		.ascii	"\023\277\247\026oUO\366]\026g\314\210UWrq}\236\303\305"
 333      6F554FF6 
 333      5D1667CC 
 333      88555772 
 333      717D9EC3 
 334 0c12 F5A95ABA 		.ascii	"\365\251Z\272WP{\276>\2073\346\205\332\230-jcZx\317"
 334      57507BBE 
 334      3E8733E6 
 334      85DA982D 
 334      6A635A78 
 335 0c27 0CA9E1A7 		.ascii	"\014\251\341\247\336\203\236\363\362\375\326\323\214"
 335      DE839EF3 
 335      F2FDD6D3 
 335      8C
 336 0c34 AF37F940 		.ascii	"\2577\371@=S\213O\275\225u\363\362}\326g\313\347M\021"
 336      3D538B4F 
 336      BD9575F3 
 336      F27DD667 
 336      CBE74D11 
 337 0c48 27FE402D 		.ascii	"'\376@-~_\021\267\250\032G\241\354yC\307\2108)\031\223"
 337      7E5F11B7 
 337      A81A47A1 
 337      EC7943C7 
 337      88382919 
 338 0c5d B13B8AC5 		.ascii	"\261;\212\305\363\3208\224{\273\240\335\014\364\036"
 338      F3D03894 
 338      7BBBA0DD 
 338      0CF41E
 339 0c6c DE7740BB 		.ascii	"\336w@\273\005\350\035\274\213\320~\2046\036\332\024"
 339      05E81DBC 
 339      8BD07E84 
 339      361EDA14 
 340 0c7c A004A044 		.ascii	"\240\004\240D\2408\240\275@\0230\026\003\355v\240}@"
 340      A038A0BD 
 340      40133016 
 340      03ED76A0 
 340      7D40
ARM GAS  C:\Users\mvshv\AppData\Local\Temp\cc2OQ6qI.s 			page 27


 341 0c8e 6F81DF09 		.ascii	"o\201\337\011m\022\320n\240\017\300o\2056\015h\023P"
 341      6D12D06E 
 341      A00FC06F 
 341      85360D68 
 341      1350
 342 0ca0 2AD01ECC 		.ascii	"*\320\036\314_\307\352s\271\331t\253g3\245\226\357\346"
 342      5FC7EA73 
 342      B9D974AB 
 342      6733A596 
 342      EFE6
 343 0cb2 4331607D 		.ascii	"C1`}\005Of\006dRw.\227I\235\3267\024\213\0332\217?l"
 343      054F6606 
 343      6452772E 
 343      97499DD6 
 343      37148B1B 
 344 0cca 3D353873 		.ascii	"=58s\236\363\326?R\213\247*\261\220\2565Y8]\024g\022"
 344      9EF3D63F 
 344      528BA72A 
 344      B190AE35 
 344      59385D14 
 345 0ce0 A9A9D79A 		.ascii	"\251\251\327\2327\271\370\260r\255\351\260\016f\221"
 345      37B9F8B0 
 345      72ADE9B0 
 345      0E6691
 346 0cef 377C228C 		.ascii	"7|\"\214\251\345\357L\221o\341\363\354\271\365\274\344"
 346      A9E5EF4C 
 346      916FE1F3 
 346      ECB9F5BC 
 346      E4
 347 0d00 2FA7BCF8 		.ascii	"/\247\274\370\023\353\373\015\237\365\2745w\255[\303"
 347      13EBFB0D 
 347      9FF5BC35 
 347      77AD5BC3 
 348 0d10 AF41DE73 		.ascii	"\257A\336s]\326\343n\021\030\036\276\315z\3263y\362"
 348      5DD6E36E 
 348      11181EBE 
 348      CD7AD633 
 348      79F2
 349 0d22 5B5D7171 		.ascii	"[]qq\207#~C\217 \241k\264<S@\263\334\255.\007\224\011"
 349      87237E43 
 349      8F20A16B 
 349      B43C5340 
 349      B3DCAD2E 
 350 0d39 ABE0FFCB 		.ascii	"\253\340\377\313\212\220\222\244\210\335\0043\300\252"
 350      8A9092A4 
 350      88DD0433 
 350      C0AA
 351 0d47 743C5953 		.ascii	"t<YS\221\234\241\223\253lml\265\343\357c\031\230\277"
 351      919CA193 
 351      AB6C6D6C 
 351      B5E3EF63 
 351      1998BF
 352 0d5a 8F656176 		.ascii	"\217eav\037\203\026\204\337\266\354\214\267\301\233"
 352      1F831684 
 352      DFB6EC8C 
 352      B7C19B
 353 0d69 9C5891D3 		.ascii	"\234X\221\323QZ\252\303\211\214\371\360\270\322l\217"
ARM GAS  C:\Users\mvshv\AppData\Local\Temp\cc2OQ6qI.s 			page 28


 353      515AAAC3 
 353      898CF9F0 
 353      B8D26C8F 
 354 0d79 9328631B 		.ascii	"\223(c\0337\264;\326\216\036\323\356\263\230\277_\267"
 354      37B43BD6 
 354      8E1ED3EE 
 354      B398BF5F 
 354      B7
 355 0d8a B91E8815 		.ascii	"\271\036\210\025\353<\251\277s\300\214\302\3516l\272"
 355      EB3CA9BF 
 355      73C08CC2 
 355      E9366CBA 
 356 0d9a 277DAF04 		.ascii	"'}\257\004'W-<uC\035\372\235\345a0\025\333\342 \343"
 356      27572D3C 
 356      75431DFA 
 356      9DE56130 
 356      15DBE220 
 357 0daf A4B3AD83 		.ascii	"\244\263\255\203sk\354Q\033\373\351\240\320r\215YD_"
 357      736BEC51 
 357      1BFBE9A0 
 357      D0728D59 
 357      445F
 358 0dc1 F925B650 		.ascii	"\371%\266P\012}\001\204>\017Bq\000(\037h?\236\274\377"
 358      0A7D0184 
 358      3E0F4271 
 358      00281F68 
 358      3F9EBCFF 
 359 0dd5 A63DFE60 		.ascii	"\246=\376`Fx\037u\224p,\255\016j\"U2M\376\342V\004("
 359      46781F75 
 359      94702CAD 
 359      0E6A2255 
 359      324DFEE2 
 360 0dec 7F0E9159 		.ascii	"\177\016\221Yy\343\201V\024u\350\020\010\037Tb\\(\307"
 360      79E38156 
 360      1475E810 
 360      081F5462 
 360      5C28C7
 361 0dff F842F644 		.ascii	"\370B\366D\274=\037\343C\0261>,\305\3700\215q\306\246"
 361      BC3D1FE3 
 361      4316313E 
 361      2CC5F830 
 361      8D71C6A6 
 362 0e13 D26E5B5E 		.ascii	"\322n[^\370\205\305\357\377G$a\322j\003\327\007D|\276"
 362      F885C5EF 
 362      FF472461 
 362      D26A03D7 
 362      07447CBE 
 363 0e27 6081C7E4 		.ascii	"`\201\307\344_x\244\307\372\200\020\217\037\302#\242"
 363      5F78A4C7 
 363      FA80108F 
 363      1FC223A2 
 364 0e37 223DFC57 		.ascii	"\"=\374W\371-Z\350\261b\3052\217U\276~?z\221\021cd\224"
 364      F92D5AE8 
 364      B162C532 
 364      8F55BE7E 
 364      3F7A9111 
 365 0e4e 31242468 		.ascii	"1$$hA\240\356\353o\276s\323{yi\034\214\306\350\340\260"
ARM GAS  C:\Users\mvshv\AppData\Local\Temp\cc2OQ6qI.s 			page 29


 365      41A0EEEB 
 365      6FBE73D3 
 365      7B79691C 
 365      8CC6E8E0 
 366 0e63 A8450B8D 		.ascii	"\250E\013\215Qk\003\377au\340\372\3405\301\221Q\321"
 366      516B03FF 
 366      6175E0FA 
 366      E035C191 
 366      51D1
 367 0e75 41C1E1AB 		.ascii	"A\301\341\253\243\302\303C\"W\257\013\213v\243on\001"
 367      A3C2C343 
 367      2257AF0B 
 367      8B76A36F 
 367      6E01
 368 0e87 11A16EA6 		.ascii	"\021\241n\246\3205\246\240 S\320\352/\027x\272-\364"
 368      D035A6A0 
 368      2053D0EA 
 368      2F1778BA 
 368      2DF4
 369 0e99 F4FAF28F 		.ascii	"\364\372\362\217\213WC\377/\303\302\303L\2774\005\254"
 369      8B5743FF 
 369      2FC3C2C3 
 369      4CBF3405 
 369      AC
 370 0eaa 095E1D1C 		.ascii	"\011^\035\034\026\030\022\035dZ\035\032\000Xa\246\325"
 370      1618121D 
 370      645A1D1A 
 370      005861A6 
 370      D5
 371 0ebb C620D3DA 		.ascii	"\306 \323\332\200\350\220(c\324\306\037L\221\013\326"
 371      80E89028 
 371      63D4C61F 
 371      4C910BD6 
 372 0ecb 6B74F2F7 		.ascii	"kt\362\367~\377\277\372\275\310\215\221\253azA\000N"
 372      7EFFBFFA 
 372      BDC88D91 
 372      AB617A41 
 372      004E
 373 0edd 3EF21B53 		.ascii	">\362\033S`Tx\304R\317/\376G\356\3218\2627cpXp\224\253"
 373      605478C4 
 373      52CF2FFE 
 373      47EED138 
 373      B2376370 
 374 0ef5 91281883 		.ascii	"\221(\030\203#\376h4\375\020\034\022\276.\332\344\251"
 374      23FE6834 
 374      FD101C12 
 374      BE2EDAE4 
 374      A9
 375 0f06 420D0C0F 		.ascii	"B\015\014\017\015\015\017\223\200\227\030\374\364~\033"
 375      0D0D0F93 
 375      809718FC 
 375      F47E1B
 376 0f15 3C02D707 		.ascii	"<\002\327\007\206G\230\214?~\031\012\366\3144FE\004"
 376      8647988C 
 376      3F7E190A 
 376      F6CC3446 
 376      4504
ARM GAS  C:\Users\mvshv\AppData\Local\Temp\cc2OQ6qI.s 			page 30


 377 0f27 049A8CC1 		.ascii	"\004\232\214\301\221\021\306\020S\300\217\246y*\204"
 377      9111C610 
 377      53C08FA6 
 377      792A84
 378 0f36 88280F69 		.ascii	"\210(\017i&\240HeAk\2661h\315:c\340zS\340\2773-\242"
 378      26A04865 
 378      416BB631 
 378      68CD3A63 
 378      E07A53E0 
 379 0f4e FFB39A41 		.ascii	"\377\263\232A\2465\321\353@\363\2578\315\350\260\220"
 379      A635D1EB 
 379      40F3AF38 
 379      CDE8B090 
 380 0f5e 7068D646 		.ascii	"ph\326F\204\207\022}\327\300\365\376\033#W\005\207\232"
 380      8487127D 
 380      D7C0F5FE 
 380      1B235705 
 380      879A
 381 0f70 227C02C2 		.ascii	"\"|\002\302\202BL\021\276\237\376\034$8\026\000\347"
 381      82424C11 
 381      BE9FFE1C 
 381      24381600 
 381      E7
 382 0f81 F0A6F070 		.ascii	"\360\246\360p\274\215\246\260(S\004\351\344\247K;g\206"
 382      BC8DA6B0 
 382      285304E9 
 382      E4A74B3B 
 382      6786
 383 0f93 FD181CE8 		.ascii	"\375\030\034\350\035\026\260&\304\304\"\263`"
 383      1D16B026 
 383      C4C422B3 
 383      60
 384 0fa0 DAB848BE 		.ascii	"\332\270H\276\224\274H\364\340\363\366r<5\316F\343\332"
 384      94BC48F4 
 384      E0F3F672 
 384      3C35CE46 
 384      E3DA
 385 0fb2 E8B040A3 		.ascii	"\350\260@\243q\301\257<\377\336K's6z\275\237a\221\360"
 385      71C1AF3C 
 385      FFDE4B27 
 385      73367ABD 
 385      9F6191F0 
 386 0fc6 AD41BBCC 		.ascii	"\255A\273\314o\211\001/\323\033\264K\227\2552`\275\336"
 386      6F89012F 
 386      D31BB44B 
 386      97AD3260 
 386      BDDE
 387 0fd8 800D404B 		.ascii	"\200\015@K\014\006\274\322_\217\365\337\254\322\352"
 387      0C06BCD2 
 387      5F8FF5DF 
 387      ACD2EA
 388 0fe7 F5DE062A 		.ascii	"\365\336\006*\277\220\376\367\302\336_\033\004\177\320"
 388      BF90FEF7 
 388      C2DE5F1B 
 388      047FD0
 389 0ff6 F4F53668 		.ascii	"\364\3656h\375\375@ZoX"
 389      FDFD405A 
ARM GAS  C:\Users\mvshv\AppData\Local\Temp\cc2OQ6qI.s 			page 31


 389      6F58
 390 1000 08E40592 		.ascii	"\010\344\005\222\2775\374\345\013,2*\224\344u0\011\270"
 390      BF35FCE5 
 390      0B2C322A 
 390      94E47530 
 390      09B8
 391 1012 E324638C 		.ascii	"\343$c\214r\015\217\014\010\001\237\257\000\277-\007"
 391      720D8F0C 
 391      08019FAF 
 391      00BF2D07 
 392 1022 B7F9FA1B 		.ascii	"\267\371\372\033\324\036'\240D\212\270\236\264$eh\234"
 392      D41E27A0 
 392      448AB89E 
 392      B4246568 
 392      9C
 393 1033 381D579A 		.ascii	"8\035W\232\206\026\316\267\237\354\002\267D\232\242"
 393      8616CEB7 
 393      9FEC02B7 
 393      449AA2
 394 1042 8C4B97F8 		.ascii	"\214K\227\370{\2574\370:\007\204\374G\300\306HH\337"
 394      7BAF34F8 
 394      3A0784FC 
 394      47C0C648 
 394      48DF
 395 1054 105883BF 		.ascii	"\020X\203\277\266\236\255\246\015Q\304\313\036z?\177"
 395      B69EADA6 
 395      0D51C4CB 
 395      1E7A3F7F 
 396 1064 5F7F0F3D 		.ascii	"_\177\017=$\253\207\257\034\365\320\310\340H\343\272"
 396      24AB87AF 
 396      1CF5D0C8 
 396      E048E3BA 
 397 1074 40E2FAD9 		.ascii	"@\342\372\331\222\365\337\3214\222m\241\306Yt\315\246"
 397      92F5DFD1 
 397      34926DA1 
 397      C65974CD 
 397      A6
 398 1085 B6A892CD 		.ascii	"\266\250\222\315\221\353\234E\200\276\265\314<\033\177"
 398      91EB9C45 
 398      80BEB5CC 
 398      3C1B7F
 399 1094 7FFDD706 		.ascii	"\177\375\327\006{\203\267\277\267\3417\336\313\276\300"
 399      7B83B7BF 
 399      B7E137DE 
 399      CBBEC0
 400 10a3 7A7F1238 		.ascii	"z\177\0228\275\322\365\271\375\222\225K\027\256X\351"
 400      BDD2F5B9 
 400      FD92954B 
 400      17AE58E9 
 401 10b3 FD8D81BC 		.ascii	"\375\215\201\274y\2617yt\261\375\022\237\245\213\244"
 401      79B13779 
 401      74B1FD12 
 401      9FA58BA4 
 402 10c3 519F4939 		.ascii	"Q\237I9\037\265\334\";\202\002=\244\365\342G\026\332"
 402      1FB5DC22 
 402      3B82023D 
 402      A4F5E247 
ARM GAS  C:\Users\mvshv\AppData\Local\Temp\cc2OQ6qI.s 			page 32


 402      16DA
 403 10d5 11043AE2 		.ascii	"\021\004:\342#I\370XJx\351\210\256\301\177\225\201\274"
 403      2349F858 
 403      4A78E988 
 403      AEC17F95 
 403      81BC
 404 10e7 789197C9 		.ascii	"x\221\227\3111O\035\321fc>\262\220\017\023\302z_\203"
 404      314F1DD1 
 404      66633EB2 
 404      900F13C2 
 404      7A5F83
 405 10fa 56BFFC6B 		.ascii	"V\277\374k\203\335\312\025+H+\350\015\016\360\352\273"
 405      83DDCA15 
 405      2B482BE8 
 405      0D0EF0EA 
 405      BB
 406 110b D09F70EA 		.ascii	"\320\237p\352\274\342\242\342\277\212\345\326\362\305"
 406      BCE2A2E2 
 406      BF8AE5D6 
 406      F2C5
 407 1119 1B36B0AC 		.ascii	"\0336\260\254Z\273\330\363\313\015\033H^\031\364z\343"
 407      5ABBD8F3 
 407      CB0D1B48 
 407      5E19F47A 
 407      E3
 408 112a 2AD84A97 		.ascii	"*\330J\227\231\326\332\022s\226\177o\353\273L\377\355"
 408      99D6DA12 
 408      73967F6F 
 408      EBBB4CFF 
 408      ED
 409 113b 326FC22D 		.ascii	"2o\302-\\\376\275\313\262\245_\373\351\277\223e\376"
 409      5CFEBDCB 
 409      B2A55FFB 
 409      E9BF9365 
 409      FE
 410 114c 1B24154E 		.ascii	"\033$\025N\376"
 410      FE
 411              		.text
 412              		.section	.gnu.lto_.symtab.d611ae,"",%progbits
 413 0000 56656374 		.ascii	"VectorB0\000"
 413      6F724230 
 413      00
 414 0009 00       		.ascii	"\000"
 415 000a 00       		.ascii	"\000"
 416 000b 00       		.ascii	"\000"
 417 000c 00000000 		.ascii	"\000\000\000\000\000\000\000\000"
 417      00000000 
 418 0014 D2000000 		.ascii	"\322\000\000\000"
 419 0018 73745F6C 		.ascii	"st_lld_init\000"
 419      6C645F69 
 419      6E697400 
 420 0024 00       		.ascii	"\000"
 421 0025 00       		.ascii	"\000"
 422 0026 00       		.ascii	"\000"
 423 0027 00000000 		.ascii	"\000\000\000\000\000\000\000\000"
 423      00000000 
 424 002f D4000000 		.ascii	"\324\000\000\000"
ARM GAS  C:\Users\mvshv\AppData\Local\Temp\cc2OQ6qI.s 			page 33


 425 0033 5F706F72 		.ascii	"_port_irq_epilogue\000"
 425      745F6972 
 425      715F6570 
 425      696C6F67 
 425      756500
 426 0046 00       		.ascii	"\000"
 427 0047 02       		.ascii	"\002"
 428 0048 00       		.ascii	"\000"
 429 0049 00000000 		.ascii	"\000\000\000\000\000\000\000\000"
 429      00000000 
 430 0051 D6000000 		.ascii	"\326\000\000\000"
 431 0055 5F747261 		.ascii	"_trace_isr_leave\000"
 431      63655F69 
 431      73725F6C 
 431      65617665 
 431      00
 432 0066 00       		.ascii	"\000"
 433 0067 02       		.ascii	"\002"
 434 0068 00       		.ascii	"\000"
 435 0069 00000000 		.ascii	"\000\000\000\000\000\000\000\000"
 435      00000000 
 436 0071 DB000000 		.ascii	"\333\000\000\000"
 437 0075 5F646267 		.ascii	"_dbg_check_leave_isr\000"
 437      5F636865 
 437      636B5F6C 
 437      65617665 
 437      5F697372 
 438 008a 00       		.ascii	"\000"
 439 008b 02       		.ascii	"\002"
 440 008c 00       		.ascii	"\000"
 441 008d 00000000 		.ascii	"\000\000\000\000\000\000\000\000"
 441      00000000 
 442 0095 DD000000 		.ascii	"\335\000\000\000"
 443 0099 5F646267 		.ascii	"_dbg_check_unlock_from_isr\000"
 443      5F636865 
 443      636B5F75 
 443      6E6C6F63 
 443      6B5F6672 
 444 00b4 00       		.ascii	"\000"
 445 00b5 02       		.ascii	"\002"
 446 00b6 00       		.ascii	"\000"
 447 00b7 00000000 		.ascii	"\000\000\000\000\000\000\000\000"
 447      00000000 
 448 00bf DF000000 		.ascii	"\337\000\000\000"
 449 00c3 63685379 		.ascii	"chSysTimerHandlerI\000"
 449      7354696D 
 449      65724861 
 449      6E646C65 
 449      724900
 450 00d6 00       		.ascii	"\000"
 451 00d7 02       		.ascii	"\002"
 452 00d8 00       		.ascii	"\000"
 453 00d9 00000000 		.ascii	"\000\000\000\000\000\000\000\000"
 453      00000000 
 454 00e1 E1000000 		.ascii	"\341\000\000\000"
 455 00e5 5F646267 		.ascii	"_dbg_check_lock_from_isr\000"
 455      5F636865 
ARM GAS  C:\Users\mvshv\AppData\Local\Temp\cc2OQ6qI.s 			page 34


 455      636B5F6C 
 455      6F636B5F 
 455      66726F6D 
 456 00fe 00       		.ascii	"\000"
 457 00ff 02       		.ascii	"\002"
 458 0100 00       		.ascii	"\000"
 459 0101 00000000 		.ascii	"\000\000\000\000\000\000\000\000"
 459      00000000 
 460 0109 E3000000 		.ascii	"\343\000\000\000"
 461 010d 5F646267 		.ascii	"_dbg_check_enter_isr\000"
 461      5F636865 
 461      636B5F65 
 461      6E746572 
 461      5F697372 
 462 0122 00       		.ascii	"\000"
 463 0123 02       		.ascii	"\002"
 464 0124 00       		.ascii	"\000"
 465 0125 00000000 		.ascii	"\000\000\000\000\000\000\000\000"
 465      00000000 
 466 012d E5000000 		.ascii	"\345\000\000\000"
 467 0131 5F747261 		.ascii	"_trace_isr_enter\000"
 467      63655F69 
 467      73725F65 
 467      6E746572 
 467      00
 468 0142 00       		.ascii	"\000"
 469 0143 02       		.ascii	"\002"
 470 0144 00       		.ascii	"\000"
 471 0145 00000000 		.ascii	"\000\000\000\000\000\000\000\000"
 471      00000000 
 472 014d E7000000 		.ascii	"\347\000\000\000"
 473 0151 6E766963 		.ascii	"nvicEnableVector\000"
 473      456E6162 
 473      6C655665 
 473      63746F72 
 473      00
 474 0162 00       		.ascii	"\000"
 475 0163 02       		.ascii	"\002"
 476 0164 00       		.ascii	"\000"
 477 0165 00000000 		.ascii	"\000\000\000\000\000\000\000\000"
 477      00000000 
 478 016d EC000000 		.ascii	"\354\000\000\000"
 479              		.text
 480              		.section	.gnu.lto_.opts,"",%progbits
 481 0000 272D666D 		.ascii	"'-fmath-errno' '-fsigned-zeros' '-ftrapping-math' '"
 481      6174682D 
 481      6572726E 
 481      6F272027 
 481      2D667369 
 482 0033 2D666E6F 		.ascii	"-fno-trapv' '-fno-openmp' '-fno-openacc' '-mcpu=cor"
 482      2D747261 
 482      70762720 
 482      272D666E 
 482      6F2D6F70 
 483 0066 7465782D 		.ascii	"tex-m4' '-mno-thumb-interwork' '-mthumb' '-O2' '-fo"
 483      6D342720 
 483      272D6D6E 
ARM GAS  C:\Users\mvshv\AppData\Local\Temp\cc2OQ6qI.s 			page 35


 483      6F2D7468 
 483      756D622D 
 484 0099 6D69742D 		.ascii	"mit-frame-pointer' '-falign-functions=16' '-ffuncti"
 484      6672616D 
 484      652D706F 
 484      696E7465 
 484      72272027 
 485 00cc 6F6E2D73 		.ascii	"on-sections' '-fdata-sections' '-fno-common' '-flto"
 485      65637469 
 485      6F6E7327 
 485      20272D66 
 485      64617461 
 486 00ff 2700     		.ascii	"'\000"
 487              		.text
 488              		.comm	__gnu_lto_v1,1,1
 489              		.comm	__gnu_lto_slim,1,1
 490              		.ident	"GCC: (GNU Tools for Arm Embedded Processors 7-2017-q4-major) 7.2.1 20170904 (release) [ARM
ARM GAS  C:\Users\mvshv\AppData\Local\Temp\cc2OQ6qI.s 			page 36


DEFINED SYMBOLS
                            *ABS*:00000000 hal_st_lld.c
                            *COM*:00000001 __gnu_lto_v1
                            *COM*:00000001 __gnu_lto_slim

NO UNDEFINED SYMBOLS
