ARM GAS  C:\Users\mvshv\AppData\Local\Temp\ccoQeHFy.s 			page 1


   1              		.cpu cortex-m4
   2              		.eabi_attribute 20, 1
   3              		.eabi_attribute 21, 1
   4              		.eabi_attribute 23, 3
   5              		.eabi_attribute 24, 1
   6              		.eabi_attribute 25, 1
   7              		.eabi_attribute 26, 1
   8              		.eabi_attribute 30, 2
   9              		.eabi_attribute 34, 1
  10              		.eabi_attribute 18, 4
  11              		.file	"hal_lld.c"
  12              		.section	.gnu.lto_.profile.d619e4,"",%progbits
  13 0000 789C6363 		.ascii	"x\234cc```\001bF\206\232\014\000\001\330\000\360"
  13      60606001 
  13      6246869A 
  13      0C0001D8 
  13      00F0
  14              		.text
  15              		.section	.gnu.lto_.icf.d619e4,"",%progbits
  16 0000 789C6363 		.ascii	"x\234cc``\020f@\000f\206\316\245\313\327q0\256\357_"
  16      60601066 
  16      40006686 
  16      CEA5CBD7 
  16      7130AEEF 
  17 0015 6CCCF4A4 		.ascii	"l\314\364\244i\347\017n\006\000L\345\007\341"
  17      69E70F6E 
  17      06004CE5 
  17      07E1
  18              		.text
  19              		.section	.gnu.lto_.jmpfuncs.d619e4,"",%progbits
  20 0000 789C6363 		.ascii	"x\234cc``\340b@\000&0\311\010\304\000\001\252\000\024"
  20      6060E062 
  20      40002630 
  20      C908C400 
  20      01AA0014 
  21              		.text
  22              		.section	.gnu.lto_.inline.d619e4,"",%progbits
  23 0000 789C6363 		.ascii	"x\234cc``0g@\000&\006\006USF\006&\207=\257\230\031\330"
  23      60603067 
  23      40002606 
  23      06555346 
  23      0626873D 
  24 0018 16C83381 		.ascii	"\026\3103\201\004\031\271\340\004\303q\206G\214@\371"
  24      0419B9E0 
  24      04C37186 
  24      478C40F9 
  25 0028 0EC667CB 		.ascii	"\016\306g\313\244\341\012\030\000\342\331\010\010"
  25      A4E10A18 
  25      00E2D908 
  25      08
  26              		.text
  27              		.section	.gnu.lto_.pureconst.d619e4,"",%progbits
  28 0000 789C6363 		.ascii	"x\234cc```\005b&\006)F)\000\000\374\000C"
  28      60606005 
  28      62260629 
  28      46290000 
  28      FC0043
ARM GAS  C:\Users\mvshv\AppData\Local\Temp\ccoQeHFy.s 			page 2


  29              		.text
  30              		.section	.gnu.lto_hal_lld_init.d619e4,"",%progbits
  31 0000 789CA596 		.ascii	"x\234\245\226IL\024Q\020\206_\365\353\351\351!\2001"
  31      494C1451 
  31      10865FF5 
  31      EBE9E921 
  31      8031
  32 0012 31913531 		.ascii	"1\22151\361\344\205N\0249z\364`\342I\357F\361\340\201"
  32      F1E4854E 
  32      14397AF4 
  32      60E249EF 
  32      46F1E081 
  33 0026 44231E3C 		.ascii	"D#\036<\230\320\310\310\342\022=\010$f\3241F\026\215"
  33      98D0C8C8 
  33      E2123D08 
  33      2466D431 
  33      46168D
  34 0039 18232E0C 		.ascii	"\030#.\014\"\003\212\212\"(\213\333\010*\002\262\243"
  34      22038A8A 
  34      22288BDB 
  34      082A02B2 
  34      A3
  35 004a 42222030 		.ascii	"B\" 0V\275\327\320\0031\221\206\316LMOO\361\375\377"
  35      56BDD7D0 
  35      03319186 
  35      CE4C4D4F 
  35      4FF1FDFF 
  36 005e ABB7141A 		.ascii	"\253\267\024\032c\354\221\207\261\255\370\231\212op"
  36      63EC9187 
  36      B1ADF899 
  36      8A6F70
  37 006d 3150CE35 		.ascii	"1P\31653\226\255+\012/Icf\224:\270\236\231\321\034T"
  37      3396AD2B 
  37      0A2F4963 
  37      66943AB8 
  37      9E99D11C 
  38 0082 F95805A0 		.ascii	"\371X\005\240\033S\007\226\245p\025\262\3404?\317\241"
  38      1B530796 
  38      A57015B2 
  38      E0343FCF 
  38      A1
  39 0093 3EAFAF4A 		.ascii	">\257\257J\331Tj\342\025,nw\347\232'\342|\234\261\""
  39      D9546AE2 
  39      152C6E77 
  39      E79A27E2 
  39      7C9CB122 
  40 00a7 7CD30577 		.ascii	"|\323\005w`\023\303\264\356\333s\2051\232*\237C%h\014"
  40      6013C3B4 
  40      EEDB7385 
  40      319A2A9F 
  40      4325680C 
  41 00bb F0E656AB 		.ascii	"\360\346V\253+h\316\205\363\314`\323Uh\333\261\021\230"
  41      2B68CE85 
  41      F3CC60D3 
  41      5568DBB1 
  41      1198
  42 00cd 8F834281 		.ascii	"\217\203B\201SP)\270(h\024\334\024t\012\321\024\326"
ARM GAS  C:\Users\mvshv\AppData\Local\Temp\ccoQeHFy.s 			page 3


  42      535029B8 
  42      286814DC 
  42      14740AD1 
  42      14D6
  43 00df 5288A310 		.ascii	"R\210\243\020O!\201B\"\205$\012\311\024\030\313G=\264"
  43      4F218142 
  43      2285240A 
  43      C91418CB 
  43      473DB4
  44 00f2 6D065901 		.ascii	"m\006Y\001W\350.'\310\006\241>00\231N..p@sE'\352[\334"
  44      57E82E27 
  44      C806A13E 
  44      3030994E 
  44      2E2E7040 
  45 010c A7B88F2B 		.ascii	"\247\270\217+@^\275\027\033\372<\362\253\371#\337T\361"
  45      405EBD17 
  45      1BFA3CF2 
  45      ABF923DF 
  45      54F1
  46 011e 51A8BABB 		.ascii	"Q\250\272\273K\363\303\245l\034\346\006\037\347p\017"
  46      4BF3C3A5 
  46      6C1CE606 
  46      1FE7700F 
  47 012e 92E02E2A 		.ascii	"\222\340.*Q\376POcM\254q\323\364\202\017\353r\037\374"
  47      51FE504F 
  47      634DAC71 
  47      D3F4820F 
  47      EB721FFC 
  48 0142 5028460F 		.ascii	"P(F\017\017\300@\261\234\311\\\220Z\212\224\353\015"
  48      0FC040B1 
  48      9CC95C90 
  48      5A8A94EB 
  48      0D
  49 0153 743C8821 		.ascii	"t<\210!>\2009\023\016\257\201*\004\241\251\366\223\""
  49      3E803913 
  49      0EAF812A 
  49      04A1A9F6 
  49      9322
  50 0165 CF995CC0 		.ascii	"\317\231\\\300\226\253\006\0035\2104\241;\002e\323o"
  50      96AB0603 
  50      358834A1 
  50      3B0265D3 
  50      6F
  51 0176 2A3CB451 		.ascii	"*<\264Q5`D\326E\005\006\217\244\311@\3714\227\243\211"
  51      356044D6 
  51      4505068F 
  51      A4C940F9 
  51      3497A389 
  52 018a 7666B456 		.ascii	"vf\264V\320i\326!(\352\342\324\245\240\324\331\224z"
  52      D069D621 
  52      28EAE2D4 
  52      A5A0D4D9 
  52      947A
  53 019c E1B1F379 		.ascii	"\341\261\363y\371\015.\213\031\016S1\037K\237++\301"
  53      F90D2E8B 
  53      190E5331 
  53      1F4B9F2B 
ARM GAS  C:\Users\mvshv\AppData\Local\Temp\ccoQeHFy.s 			page 4


  53      2BC1
  54 01ae 131BDF00 		.ascii	"\023\033\337\000\206=\346\031k\314\334\231\333\247\002"
  54      863DE619 
  54      6BCCDC99 
  54      DBA702
  55 01bd A710EED9 		.ascii	"\247\020\356\331\222\265\240J\330\231\331\317u\021\366"
  55      92B5A04A 
  55      D899D9CF 
  55      7511F6
  56 01cc 63E1F92A 		.ascii	"c\341\371*\326B\243-\367\202\326\202\272\362B\274\264"
  56      D642A32D 
  56      F782D682 
  56      BAF242BC 
  56      B4
  57 01dd 514D9185 		.ascii	"QM\221\205\230\265\012\261\326\231\263W\002'\366~\363"
  57      98B50AB1 
  57      D699B357 
  57      0227F67E 
  57      F3
  58 01ee CA27BFC5 		.ascii	"\312'\277\305\246\274FS\253\232\35176\2535r\200\371"
  58      A6BC4653 
  58      AB9AE937 
  58      36AB3572 
  58      80F9
  59 0200 2E394097 		.ascii	".9@\2273km\002\247\022\256}\311L[\260\247\201\351\361"
  59      336B6D02 
  59      A712AE7D 
  59      C94C5BB0 
  59      A781E9F1 
  60 0214 686BD7E3 		.ascii	"hk\327\343\005\320\261\212\231~k\313\275\243\231\326"
  60      05D0B18A 
  60      997E6BCB 
  60      BDA399D6 
  61 0224 84798F14 		.ascii	"\204y\217\024t;c\275\027,\027\261>,\261\256#lU>?\332"
  61      743B63BD 
  61      172C17B1 
  61      3E2CB1AE 
  61      236C553E 
  62 023a EC10F9D4 		.ascii	"\354\020\371\324\345\341;\225\266\320\022\274\242st"
  62      E5E13B95 
  62      B6D012BC 
  62      A27374
  63 0249 9569A22B 		.ascii	"\225i\242+\024q\210\354\026\360\0114\350\244f\321Iv"
  63      147188EC 
  63      16F00934 
  63      E8A466D1 
  63      4976
  64 025b E222CF24 		.ascii	"\342\"\317$\227\310\2742\353\255\360\310\257\346\227"
  64      97C8BC32 
  64      EBADF0C8 
  64      AFE697
  65 026a 6C715697 		.ascii	"lqV\227\325\005L\017\332C\003\032|Fk]\226\265\232\342"
  65      D5054C0F 
  65      DA43031A 
  65      7C466B5D 
  65      96B59AE2 
  66 027e CA3C58B0 		.ascii	"\312<X\260\366EX\323\204\006\203\257\363#\2778\246I"
ARM GAS  C:\Users\mvshv\AppData\Local\Temp\ccoQeHFy.s 			page 5


  66      F64558D3 
  66      840683AF 
  66      F323BF38 
  66      A649
  67 0290 B178A957 		.ascii	"\261x\251W\321_\353\213\262\246M\201n\273\026\235\242"
  67      D15FEB8B 
  67      B2A64D81 
  67      6EBB169D 
  67      A2
  68 02a1 16CB14FB 		.ascii	"\026\313\024\373\266H\254\207J\021/\327\3331\251\226"
  68      B648AC87 
  68      4A112FD7 
  68      DB31A996 
  69 02b1 105157F8 		.ascii	"\020QW\370\337\332\355\0254\267E\353\223\326gr\313]"
  69      DFDAED15 
  69      34B745EB 
  69      93D66772 
  69      CB5D
  70 02c3 92952871 		.ascii	"\222\225(q=\327z\374\036\313\271\006\337\221\325\013"
  70      3DD77AFC 
  70      1ECBB906 
  70      DF91D50B 
  71 02d3 DED0E354 		.ascii	"\336\320\343T+\0113\212G\246\022\254\004\025\372I\014"
  71      2B09338A 
  71      47A612AC 
  71      0415FA49 
  71      0C
  72 02e4 AF02DC14 		.ascii	"\257\002\334\024%i\262MN\364\317m\263\006\272\034s\376"
  72      2569B24D 
  72      4EF4CF6D 
  72      B306BA1C 
  72      73FE
  73 02f6 7DE46E60 		.ascii	"}\344n`\221\273AqJ_\377}y\\\225\235\304D\255!k\347\366"
  73      91BB4171 
  73      4A5FFF7D 
  73      795C959D 
  73      C444AD21 
  74 030d 879DE387 		.ascii	"\207\235\343\207\027\341G\254\275K\276\325\310\376\336"
  74      17E147AC 
  74      BD4BBED5 
  74      C8FEDE
  75 031c 98E39603 		.ascii	"\230\343\226\003MZ\376,\215\012\264n\241\307\346\353"
  75      4D5AFE2C 
  75      8D0AB46E 
  75      A1C7E6EB 
  76 032c 0A12942C 		.ascii	"\012\022\224,Y\225g\253;\254\356\035\376C\015\347\307"
  76      599567AB 
  76      3BACEE1D 
  76      FE430DE7 
  76      C7
  77 033d 0AD7C4CF 		.ascii	"\012\327\304\317Ej\277hM$\263a\310\361\327\236\027\207"
  77      456ABF68 
  77      4D24B361 
  77      C8F1D79E 
  77      1787
  78 034f 2CFD4555 		.ascii	",\375EU\325p\310\2355k\352>\356.\242\343\030\306!\013"
  78      D570C89D 
ARM GAS  C:\Users\mvshv\AppData\Local\Temp\ccoQeHFy.s 			page 6


  78      356BEA3E 
  78      EE2EA2E3 
  78      18C6210B 
  79 0363 FFB3D145 		.ascii	"\377\263\321E\342\310\272\177\347\341\251\006\023V\336"
  79      E2C8BA7F 
  79      E7E1A906 
  79      1356DE
  80 0372 281CF797 		.ascii	"(\034\367\227\026\212\255+\2467\037w\030\226\011Q[R"
  80      168AAD2B 
  80      A6371F77 
  80      18960951 
  80      5B52
  81 0384 528C85D7 		.ascii	"R\214\205\327\301L\343\300\336\014\343\320\301\303G"
  81      C14CE3C0 
  81      DE0CE3D0 
  81      C1C347
  82 0393 328D5DBB 		.ascii	"2\215]\273wn\331,\343\366\324\243G\351\227=\031\031"
  82      776ED92C 
  82      E3F6D4A3 
  82      47E9973D 
  82      1919
  83 03a5 FB53D2D9 		.ascii	"\373S\322\331_G_2p"
  83      5F475F32 
  83      70
  84              		.text
  85              		.section	.gnu.lto_stm32_clock_init.d619e4,"",%progbits
  86 0000 789CA558 		.ascii	"x\234\245XKp\024U\024}\367\365|z\376\223\377d\022 \260"
  86      4B701455 
  86      147DF7F5 
  86      7C7AFE93 
  86      FF641220 
  87 0015 63C35409 		.ascii	"c\303T\011l\334e\343\316\225V\271\262,K\027\226R\205"
  87      6CDC65E3 
  87      CE9556B9 
  87      B22C4B17 
  87      965285
  88 0028 2596B2A3 		.ascii	"%\226\262\243\207L~$\3744\004+\306\020\265\324\360\215"
  88      874C7E24 
  88      FC34042B 
  88      C610B5D4 
  88      F08D
  89 003a 08080942 		.ascii	"\010\010\011B&\201\230\017\020\010\202\022\022\"\006"
  89      2681980F 
  89      10088212 
  89      122206
  90 0049 4212081F 		.ascii	"B\022\010\0375\002\011$\343\273\357\275\236n\233\262"
  90      35020924 
  90      E3BBEFBD 
  90      9E6E9BB2 
  91 0059 B493A9D4 		.ascii	"\264\223\251\324\235\327\357M\237{\356\271\237\351\211"
  91      9DD7EF4D 
  91      9F7BEEB9 
  91      9FE989
  92 0068 8B10F261 		.ascii	"\213\020\362a\230\220\325\354]\003B\240\220\000\335"
  92      9890D5EC 
  92      5D0342A0 
  92      9000DD
ARM GAS  C:\Users\mvshv\AppData\Local\Temp\ccoQeHFy.s 			page 7


  93 0077 D647485C 		.ascii	"\326GH\\\245\240\210\205B\013\016w\260c\257c\310G4\177"
  93      A5A08885 
  93      420B0E77 
  93      B063AF63 
  93      C847347F 
  94 008b 81D82F76 		.ascii	"\201\330/v\200S\234;iT\234\273\370yT\354\027\273\300"
  94      80539C3B 
  94      69549CBB 
  94      F87954EC 
  94      17BBC0
  95 009e 2DCEDD34 		.ascii	"-\316\3354_\234\253\374<_\354\027\253\340\021\347\036"
  95      5F9CABFC 
  95      3C5FEC17 
  95      ABE011E7 
  95      1E
  96 00af 1A11E75E 		.ascii	"\032\021\347^~\036\021\373\305^\360\211s\037\315\023"
  96      7E1E11FB 
  96      C55EF089 
  96      731FCD13 
  97 00bf E7D9FC3C 		.ascii	"\347\331\374<O\354\027g\203\037\337\301Os\305q\200\037"
  97      4FEC1767 
  97      831FDFC1 
  97      4F73C571 
  97      801F
  98 00d1 E78AEDE2 		.ascii	"\347\212\355\342\000\015vG\331n\270{%\333\015\322\220"
  98      000D7647 
  98      D96EB87B 
  98      25DB0DD2 
  98      90
  99 00e2 E92A0419 		.ascii	"\351*\004\031\002:\254/2 S,2i\216@\313\342h9b\2778\013"
  99      023AAC2F 
  99      3220532C 
  99      32698E40 
  99      CBE26839 
 100 00fa 00DF3515 		.ascii	"\000\3375\025\310\006\252\0248\234Q\227;_\365D\274\276"
 100      C806AA14 
 100      389C5197 
 100      3B5FF544 
 100      BCBE
 101 010c BC6C7F6E 		.ascii	"\274l\177n \030\012gd\346d\301\006U!\362\345\324\027"
 101      20180A67 
 101      64E664C1 
 101      065521F2 
 101      E5D417
 102 011f 6E7DE1D1 		.ascii	"n}\341\321\027>}\341\327\027\231\372\242Z\251Q\240\243"
 102      173E7DE1 
 102      D71799FA 
 102      A25AA951 
 102      A0A3
 103 0131 FC560B5D 		.ascii	"\374V\013]\376\215\306^\311\235S\3362\2554R\317pk%6"
 103      FE8DC65E 
 103      C99D53DE 
 103      32AD3452 
 103      CF706B25 
 104 0146 1C82E584 		.ascii	"\034\202\345\204}l\344\340\334\216\200\313!\366\341"
 104      7D6CE4E0 
 104      DC8E80CB 
ARM GAS  C:\Users\mvshv\AppData\Local\Temp\ccoQeHFy.s 			page 8


 104      21F6E1
 105 0155 30B8084B 		.ascii	"0\270\010K i\276\350Ljs\251r-9\371%\354ze5\220z\005"
 105      2069BEE8 
 105      4C6A73A9 
 105      722D39F9 
 105      25EC7A65 
 106 016d 281A058D 		.ascii	"(\032\005\215\003\215\023\215\013\215\033\215\212\306"
 106      038D138D 
 106      0B8D1B8D 
 106      8AC6
 107 017b 83C68BC6 		.ascii	"\203\306\213\306\207\306\217&\200&\210&\204&\214&\003"
 107      87C68F26 
 107      80268826 
 107      84268C26 
 107      03
 108 018c 4D269A2C 		.ascii	"M&\232,4\331hr\320\344\242\311C\023A\223\217&\212\246"
 108      34D96872 
 108      D0E4A2C9 
 108      43134193 
 108      8F268AA6 
 109 01a0 004D219A 		.ascii	"\000M!\232Eh\026\243Y\202\246\010\315R4\313\320\020"
 109      456816A3 
 109      5982A608 
 109      CD5234CB 
 109      D010
 110 01b2 52C12219 		.ascii	"R\301\"\031\362iIR\251P\266(I\222\333\32015\336S\352"
 110      F2694952 
 110      A950B628 
 110      4992DBD0 
 110      3135DE53 
 111 01c7 C5F058C8 		.ascii	"\305\360X\310\265\245\035\347\335UJ\275B\001\025H|\326"
 111      B5A51DE7 
 111      DD554ABD 
 111      42011548 
 111      7CD6
 112 01d9 79CB232E 		.ascii	"y\313#.\265\007\025\232\203m\015\036\037\031v5BC\234"
 112      B507159A 
 112      836D0D1E 
 112      1F197635 
 112      42439C
 113 01ec 89D718AD 		.ascii	"\211\327\030\255W\024\370\036\012\341\010\363\2177\334"
 113      5714F81E 
 113      0AE108F3 
 113      8F37DC
 114 01fb B9D97322 		.ascii	"\271\331s\"\030\333\257%\342ZQ\275\342\200\243\320\010"
 114      18DBAF25 
 114      E25A51BD 
 114      E280A3D0 
 114      08
 115 020c 3BB8AC70 		.ascii	";\270\254p\014b\354\003G/\327\365:\021\321\001(?@\013"
 115      0C62EC03 
 115      472FD7F5 
 115      3A11D101 
 115      283F400B 
 116 0220 BB9393E8 		.ascii	"\273\223\223\350\033uYI89\211\317g\023\007<\342R\273"
 116      1B755949 
 116      383989CF 
ARM GAS  C:\Users\mvshv\AppData\Local\Temp\ccoQeHFy.s 			page 9


 116      6713073C 
 116      E252BB
 117 0233 1EE7249A 		.ascii	"\036\347$\232\332[5\217\211\204\013\2163\022\255\222"
 117      DA5B358F 
 117      89840B8E 
 117      3312AD92 
 118 0243 C4899D87 		.ascii	"\304\211\235\207\313\301D\342\007N\002s\007'8\211\316"
 118      CBC144E2 
 118      074E0273 
 118      07273889 
 118      CE
 119 0254 0333231E 		.ascii	"\0033#\036\235\204\002'\005\205\326\211k\202B\235\002"
 119      9D840227 
 119      0585D689 
 119      6B82429D 
 119      02
 120 0265 96408BFE 		.ascii	"\226@\213\3765N@\2206\356\200\242\203$\304\030V\311"
 120      354E4090 
 120      36EE80A2 
 120      8324C418 
 120      56C9
 121 0277 E3321048 		.ascii	"\3432\020HT\200\035>\335U\246\242G`\257v\341\357\322"
 121      54801D3E 
 121      DD55A6A2 
 121      4760AF76 
 121      E1EFD2
 122 028a 269001DB 		.ascii	"&\220\001\333p\325a\270:\005\261:\276\252T\024\302\232"
 122      70D561B8 
 122      3A05B13A 
 122      BEAA5414 
 122      C29A
 123 029c 4764B375 		.ascii	"Gd\263ubx\324-|+\377\033Z\012u\332\000\357\024q<-\353"
 123      6278D42D 
 123      7C2BFF1B 
 123      5A0A75DA 
 123      00EF1471 
 124 02b3 710A3087 		.ascii	"q\0120\207\300\353L=J\206D \024~d8\243\220\270z\352"
 124      C0EB4C3D 
 124      4A864420 
 124      147E6438 
 124      A390B87A 
 125 02c8 AC8C1673 		.ascii	"\254\214\026s\323<\3312\035\020\237 \320\205\236\010"
 125      D33CD932 
 125      1D109F20 
 125      D0859E08 
 126 02d8 165E0161 		.ascii	"\026^\001am\017\225\212#]w\255\023\223_I\246N{\"ts\236"
 126      6D0F958A 
 126      235D77AD 
 126      13935F49 
 126      A64E7B22 
 127 02ef BC2B7B74 		.ascii	"\274+{t\236\222\201\004;\371\260\364\003\301\341i*\225"
 127      9E928104 
 127      3BF9B0F4 
 127      03C1E169 
 127      2A95
 128 0301 0A41EF02 		.ascii	"\012A\357\002$?cx;\213\222\273\270\344N\263\344w;e "
 128      243F6378 
ARM GAS  C:\Users\mvshv\AppData\Local\Temp\ccoQeHFy.s 			page 10


 128      3B8B92BB 
 128      B8E44EB3 
 128      E4773B65 
 129 0316 6EBB929F 		.ascii	"n\273\222\2373\300\373\364P\006\244\344\252\300{2^3"
 129      33C0FBF4 
 129      5006A4E4 
 129      AAC07B32 
 129      5E33
 130 0328 0022183F 		.ascii	"\000\"\030?\234\027\222\017\246%WM\032G\245\306.\223"
 130      9C17920F 
 130      A625574D 
 130      1A47A5C6 
 130      2E93
 131 033a C6D37A4D 		.ascii	"\306\323zM{\354E}\301\250\205~\213\306^\001\326\334"
 131      7BEC457D 
 131      C1A8857E 
 131      8BC65E01 
 131      D6DC
 132 034c 53DA2579 		.ascii	"S\332%yM\003\\\\\200\302?\031\276.\241\302^1\021fDy"
 132      4D035C5C 
 132      80C23F19 
 132      BE2EA1C2 
 132      5E311166 
 133 0362 D81E3A97 		.ascii	"\330\036:\227\015M\177\346\375\236\036(\016V\222\277"
 133      0D4D7FE6 
 133      FD9E1E28 
 133      0E5692BF 
 134 0372 E8DD5E35 		.ascii	"\350\335^5&\225\361\331c{\305`;`\351v\277\000\033\273"
 134      2695F1D9 
 134      637BC560 
 134      3B60E976 
 134      BF001BBB 
 135 0386 B7AFDA2D 		.ascii	"\267\257\332-\224\3214\007\\]\2004\203\206\263!\224"
 135      94D13407 
 135      5C5D8034 
 135      8386B321 
 135      94
 136 0397 C6CF8BCF 		.ascii	"\306\317\213\317m.\276\315]\262\370\002v\213\357\232"
 136      6D2EBECD 
 136      5DB2F802 
 136      768BEF9A 
 137 03a7 013EACE7 		.ascii	"\001>\254\347\270E\026_P\340\235jhHP=\024\025~\265v"
 137      B845165F 
 137      50E09D6A 
 137      6848503D 
 137      14157EB5 
 138 03bc 7CD0547E 		.ascii	"|\320T~\371\262\374TS\371}Z.\311\205\354\305}\235Ss"
 138      F9B2FC54 
 138      53F97D5A 
 138      2EC985EC 
 138      C57D9D53 
 139 03d1 20B5DF2C 		.ascii	" \265\337,\"\207\031\330\202f\350\210\201}\0035\015"
 139      228719D8 
 139      8266E888 
 139      817D0335 
 139      0D
 140 03e2 734D3D66 		.ascii	"sM=fM\353uM3\354jz\323\000\037\265\316\320L\206\367"
ARM GAS  C:\Users\mvshv\AppData\Local\Temp\ccoQeHFy.s 			page 11


 140      4DEB754D 
 140      33EC6A7A 
 140      D3001FB5 
 140      CED04C86 
 141 03f7 ECD0CC34 		.ascii	"\354\320\3144I\030\221\022zM\337\316{\312\275\363j\203"
 141      49189112 
 141      7A4DDFCE 
 141      7BCABDF3 
 141      6A83
 142 0409 5B9C093E 		.ascii	"[\234\011>&\301\030o\203\344\314\375\233\362k\257\242"
 142      26C1186F 
 142      83E4CCFD 
 142      9BF26BAF 
 142      A2
 143 041a 29FE3C8C 		.ascii	")\376<\214\353\235\260O\357\204,{BN\030\365s\333\222"
 143      EB9DB04F 
 143      EF842C7B 
 143      424E18F5 
 143      73DB92
 144 042d A46C01D6 		.ascii	"\244l\001\326?:s\336\243\227\017\253\237;\013H\333\244"
 144      3F3A73DE 
 144      A3970FAB 
 144      9F3B0B48 
 144      DBA4
 145 043f E1ED2EA6 		.ascii	"\341\355.\246-\233\247\315gN\3331=m9\226\207\204\242"
 145      2D9BA7CD 
 145      674EDB31 
 145      3D6D3996 
 145      8784A2
 146 0452 FF7A46B8 		.ascii	"\377zF\270\307\301q\264\303}k\332r\005\336`\357\261"
 146      C7C171B4 
 146      C37D6BDA 
 146      7205DE60 
 146      EFB1
 147 0464 4BE9AE06 		.ascii	"K\351\256\006x`\315c\256)\217y<\217\025\214\343\220"
 147      7860CD63 
 147      AE298F79 
 147      3C8F158C 
 147      E390
 148 0476 8FA5D36F 		.ascii	"\217\245\323o&yeL\222\314\263[[\277\033\012\374a%\031"
 148      2679654C 
 148      92CCB35B 
 148      5BBF1B0A 
 148      FC612519 
 149 048a 11786752 		.ascii	"\021xgR\325\367\235i\301\303\360\247\225e\304\3042W"
 149      D5F79D69 
 149      C1C3F0A7 
 149      9565C4C4 
 149      3257
 150 049c 565BC054 		.ascii	"V[\300Tm\273v\317o\350N\031C\367/^m\355\303\237\224"
 150      6DBB76CF 
 150      6FE84E19 
 150      43F72F5E 
 150      6DEDC39F 
 151 04b1 E90F594D 		.ascii	"\351\017YM_\234V\340\241^n{\316H\001\362\315\263\331"
 151      5F9C56E0 
 151      A15E6E7B 
ARM GAS  C:\Users\mvshv\AppData\Local\Temp\ccoQeHFy.s 			page 12


 151      CE4801F2 
 151      CDB3D9
 152 04c4 CD1FF636 		.ascii	"\315\037\3666\225\264\177\247\212K-\271M\013\262\255"
 152      95B47FA7 
 152      8A4B2DB9 
 152      4D0BB2AD 
 153 04d4 81BB8983 		.ascii	"\201\273\211\203>C\"\025\0363\032\217$\215\326\311\335"
 153      3E432215 
 153      1E331A8F 
 153      248DD6C9 
 153      DD
 154 04e5 475D261A 		.ascii	"G]&\032\323\234\006\376$\200\031&\021\017}\225\341\255"
 154      D39C06FE 
 154      24801926 
 154      110F7D95 
 154      E1AD
 155 04f7 7F4BF7B9 		.ascii	"\177K\367\271\200 \265\275;\256Qx\"\305\250T\202dN\221"
 155      8020B5BD 
 155      3BAE5178 
 155      22C5A854 
 155      82644E91 
 156 050b 29EA7955 		.ascii	")\352yU\334\0215\363\363p~\361\226\037j\234\342R\273"
 156      DC1135F3 
 156      F3707EF1 
 156      961F6A9C 
 156      E252BB
 157 051e 5AC2F9DD 		.ascii	"Z\302\371\335\356\237\272\3404\370ya\226\361{*\371\225"
 157      EE9FBAE0 
 157      34F87961 
 157      96F17B2A 
 157      F995
 158 0530 6DAD9E55 		.ascii	"m\255\236U\030\277\032\316\317\007s\234\237\212\374"
 158      18BF1ACE 
 158      CF07739C 
 158      9F8AFC
 159 053f 523ABF29 		.ascii	"R:\277)\207\341.9\333p$\210\370>hO\264U0\355\250N0D"
 159      87E12E39 
 159      DB702488 
 159      F83E684F 
 159      B45530ED 
 160 0557 F6839EA5 		.ascii	"\366\203\236\245\275U\317<\261\3739\277\361o\273f\002"
 160      BD55CF3C 
 160      B1FB39BF 
 160      F16FBB66 
 160      02
 161 0568 E2527B2C 		.ascii	"\342R{,\236\330/~\335\324\256\352y|\233\375\020\010"
 161      9ED82F7E 
 161      DDD4AEEA 
 161      797C9BFD 
 161      1008
 162 057a C0465A08 		.ascii	"\300FZ\010q*\030\246n\314\0342wB\011E\206\370[\012\022"
 162      712A18A6 
 162      6ECC1C32 
 162      77420945 
 162      86F85B0A 
 163 058f 1413F9A8 		.ascii	"\024\023\371\250\263\2746(4+\245\354\257\220\263\011"
 163      B3BC3628 
ARM GAS  C:\Users\mvshv\AppData\Local\Temp\ccoQeHFy.s 			page 13


 163      342BA5EC 
 163      AF90B309 
 164 059f 9366AFCE 		.ascii	"\223f\257\316f\177\232\215M_e\206\257r\356\353\301\301"
 164      667F9A8D 
 164      4D5F6586 
 164      AF72EEEB 
 164      C1C1
 165 05b1 A1B5D255 		.ascii	"\241\265\322U\020*\244\253\014\323\367\311\311\275\262"
 165      102AA4AB 
 165      0CD3F7C9 
 165      C9BDB2
 166 05c0 760AEC0D 		.ascii	"v\012\354\015\217J\232.\317M\364\237\243\252\220\201"
 166      8F4A9A2E 
 166      CF4DF49F 
 166      A3AA9081 
 167 05d0 F1A93CDF 		.ascii	"\361\251<\337\301Te`WS6\230\004\353Ls\317\267\351%\277"
 167      C1546560 
 167      57533698 
 167      04EB4C73 
 167      CFB7E925 
 168 05e5 C86ECF6F 		.ascii	"\310n\317o6\300\267P\313\003\342b\206\367\354\023\341"
 168      36C0B750 
 168      CB03E262 
 168      86F7EC13 
 168      E1
 169 05f6 62865277 		.ascii	"b\206Rw|\252W\216\001\025\266R\275\341sd\303g\231\024"
 169      7CAA578E 
 169      0115B652 
 169      BDE17364 
 169      C3679914 
 170 060a ED7B47DC 		.ascii	"\355{G\334\266\304^\320\3338//\362\332n\021\264\210"
 170      B6C45ED0 
 170      DB382F2F 
 170      F2DA6E11 
 170      B488
 171 061c 81F1F138 		.ascii	"\201\361\3618_A?2\260?FA\2138S\217@_j\017\253\206c\341"
 171      5F413F32 
 171      B03F4641 
 171      8B38538F 
 171      405F6A0F 
 172 0634 7F046087 		.ascii	"\177\004`\207\205\3472\006\266 \236\265\006\366N\344"
 172      85E73206 
 172      B6209EB5 
 172      06F64EE4 
 173 0644 B98CDC83 		.ascii	"\271\214\334\203\215\215m\0078\224\224\034\230\324l"
 173      8D8D6D07 
 173      3894941C 
 173      98D46C
 174 0653 62AF5CB1 		.ascii	"b\257\\\261\"\226\376[\273.\366\326\353kb\357\256}\357"
 174      2296FE5B 
 174      BB2EF6D6 
 174      EB6B62EF 
 174      AE7DEF
 175 0666 FD75B197 		.ascii	"\375u\261\227^~q\345s\302\276\260j\375z<ym\315\2327"
 175      5E7E71E5 
 175      73C2BEB0 
 175      6AFD7A3C 
ARM GAS  C:\Users\mvshv\AppData\Local\Temp\ccoQeHFy.s 			page 14


 175      796DCD9A 
 176 067b 57BC41FE 		.ascii	"W\274A\376\006F\011\210~"
 176      06460988 
 176      7E
 177              		.text
 178              		.section	.gnu.lto_.symbol_nodes.d619e4,"",%progbits
 179 0000 789C6363 		.ascii	"x\234cc``H\004b\006\246\335L\365\014\014\023\31610\000"
 179      60604804 
 179      6206A6DD 
 179      4CF50C0C 
 179      13CE3130 
 180 0015 A95D0D8E 		.ascii	"\251]\015\216@\221=L\365\214(\"\254;\231\030\032\225"
 180      40913D4C 
 180      F58C2822 
 180      AC3B9918 
 180      1A95
 181 0027 808A19F7 		.ascii	"\200\212\031\3671\3253\201\245\030\030\032\032\034\200"
 181      31D53381 
 181      A518181A 
 181      1A1C80
 182 0036 027B99EA 		.ascii	"\002{\231\352\231\221\005\230\031X\030Z&\275\221g\006"
 182      99910598 
 182      1958185A 
 182      26BD9167 
 182      06
 183 0047 B2960069 		.ascii	"\262\226\000i\006\000\203\230\027("
 183      06008398 
 183      1728
 184              		.text
 185              		.section	.gnu.lto_.refs.d619e4,"",%progbits
 186 0000 789C6363 		.ascii	"x\234cc```\004b\006\000\000D\000\010"
 186      60606004 
 186      62060000 
 186      440008
 187              		.text
 188              		.section	.gnu.lto_.decls.d619e4,"",%progbits
 189 0000 789CCD59 		.ascii	"x\234\315Y\015P\024I\226\356\254l\272i@4\320\270u7\210"
 189      0D501449 
 189      96EEAC6C 
 189      BA694034 
 189      D0B87537 
 190 0015 58C3736F 		.ascii	"X\303so\210\273[\020tw&.\346\356\026\033\031\210\323"
 190      88BB5B10 
 190      7477262E 
 190      E6EE161B 
 190      1988D3
 191 0028 1DA27176 		.ascii	"\035\242qvc\346\210`\035`n\330\025\230\025\274\323\330"
 191      63E68860 
 191      1D606ED8 
 191      159815BC 
 191      D3D8
 192 003a 8BB8E21F 		.ascii	"\213\270\342\037\371QT\374A\344Ga\024\004\021W\001\025"
 192      F95154FC 
 192      41E44761 
 192      14041157 
 192      0115
 193 004c 10044464 		.ascii	"\020\004Dd\024\021\035\005\344\247E`\020\021\021\306"
ARM GAS  C:\Users\mvshv\AppData\Local\Temp\ccoQeHFy.s 			page 15


 193      14111D05 
 193      E4A74560 
 193      101111C6 
 194 005c 3F60E45E 		.ascii	"?`\344^fVugW7\263n\304\306\306v\360\252\352e~\371\336"
 194      66567567 
 194      5737B36E 
 194      C4C6C676 
 194      F0AAEA65 
 195 0073 CBF75E66 		.ascii	"\313\367^f\345+4*\225\352\327?V\251B\325*\325\373H\245"
 195      E52B342A 
 195      95EAD73F 
 195      56A942D5 
 195      2AD5FB48 
 196 0088 9A871F86 		.ascii	"\232\207\037\206\266\313*\363\017\272T5@u@\365R\037"
 196      B6CB2AF3 
 196      0FBA5435 
 196      407540F5 
 196      521F
 197 009a 4055ED2A 		.ascii	"@U\355*\313\337\377@\243\016\356\277\001z\007\350\037"
 197      CBDFFF40 
 197      A30EEEBF 
 197      017A07E8 
 197      1F
 198 00ab 805F0574 		.ascii	"\200_\005t\013\236\335\341\376\317@\036@\027U\014g\007"
 198      0B9EDDE1 
 198      FECF401E 
 198      4017550C 
 198      6707
 199 00bd CF3F0072 		.ascii	"\317?\000r\000\262\007\3721\320\217\200\336\001Z\006"
 199      00B207FA 
 199      31D08F80 
 199      DE015A06 
 200 00cd F48FC8AC 		.ascii	"\364\217\310\254\333\0231\275\365*\353\337\037\240\317"
 200      DB1331BD 
 200      F52AEBDF 
 200      1FA0CF
 201 00dc F94FE8FD 		.ascii	"\371O\350\375w\240\177\005J\005J\001Z\017\224\017\224"
 201      77A07F05 
 201      4A054A01 
 201      5A0F940F 
 201      94
 202 00ed 0BE4A462 		.ascii	"\013\344\244b\272\211\336E@?\004Z\011\244\221l\3709"
 202      BA89DE45 
 202      403F045A 
 202      09A4916C 
 202      F839
 203 00ff 501C500E 		.ascii	"P\034P\016\231\037\220+b\363\257\263aK\026F\027/\327"
 203      991F902B 
 203      62F3AFB3 
 203      614B1646 
 203      172FD7
 204 0112 D53B0EA0 		.ascii	"\325;\016\240>$\000l\011mE\210]\341N\210\362\363\362"
 204      3E24006C 
 204      096D4588 
 204      5DE14E88 
 204      F2F3F2
 205 0125 0FB17668 		.ascii	"\017\261vh\025\330M\202\022F\036\202L-\202$C\220\345"
ARM GAS  C:\Users\mvshv\AppData\Local\Temp\ccoQeHFy.s 			page 16


 205      15D84D82 
 205      12461E82 
 205      4C2D8224 
 205      4390E5
 206 0138 D23F4900 		.ascii	"\322?I\000\342\245\262~\246N\376\261\310\261\007n\034"
 206      E2A5B27E 
 206      A64EFEB1 
 206      C8B1076E 
 206      1C
 207 0149 6B12CCCA 		.ascii	"k\022\314\312\270!V\266\252L\335&\243\314\223D\222\023"
 207      B82156B6 
 207      AA4CDD26 
 207      A3CC9344 
 207      9213
 208 015b BE1E4F2F 		.ascii	"\276\036O/w2\242~\350\375X\245\312\264\217@\2445;ow"
 208      7732A27E 
 208      E8FD58A5 
 208      CAB48F40 
 208      A4353B6F 
 209 0170 05C6027D 		.ascii	"\005\306\002}\236\214\355\355Ex1}\276\\U\031\356^&\262"
 209      9E8CEDED 
 209      4578317D 
 209      BE5C5519 
 209      EE5E26B2 
 210 0184 9F7D2A56 		.ascii	"\237}*V\241*\204e\177^\231\177\331\2608\015#\027\007"
 210      A12A8465 
 210      7F5E997F 
 210      D9B0380D 
 210      231707
 211 0197 2400DB39 		.ascii	"$\000\3339y=\327\021\330e\016h\011\260e\351\363Yv\313"
 211      793DD711 
 211      D8650E68 
 211      09B065E9 
 211      F35976CB 
 212 01ab 0F908199 		.ascii	"\017\220\201\231\361\342\022\001\375\346\357\320\005"
 212      F1E21201 
 212      FDE6EFD0 
 212      05
 213 01b8 E48ACE23 		.ascii	"\344\212\316#W\260\346\"Z\016\327H5\223\224V\322Q\345"
 213      57B0E622 
 213      5A0ED748 
 213      35939456 
 213      D251E5
 214 01cb B8B2402C 		.ascii	"\270\262@,0\212\015\003\331ny\327\223\304\016\030\367"
 214      308A0D03 
 214      D96E79D7 
 214      93C40E18 
 214      F7
 215 01dc 0B8A4395 		.ascii	"\013\212C\225\010\243j\344N&QI\264\243s\310\210\320"
 215      08A36AE4 
 215      4E265149 
 215      B4A373C8 
 215      88D0
 216 01ee 59340073 		.ascii	"Y4\000s\250A+a\2748Z\323\273\030\377\03759\251\347\351"
 216      A8412B61 
 216      BC385AD3 
 216      BB18FF1F 
ARM GAS  C:\Users\mvshv\AppData\Local\Temp\ccoQeHFy.s 			page 17


 216      3539A9E7 
 217 0203 2BAD24AB 		.ascii	"+\255$\253\363\237\016\213\015q I\240\202j\315\202j"
 217      F39F0E8B 
 217      0D712049 
 217      A0826ACD 
 217      826A
 218 0215 9582EAA8 		.ascii	"\225\202\352\250\240\264\3073\273\021\316DTRlmM\263"
 218      A0B4C733 
 218      BB11CE44 
 218      54526C6D 
 218      4DB3
 219 0227 06241945 		.ascii	"\006$\031E\261\341j\251\333\265\212Q1\305\201\231t\311"
 219      B1E16AA9 
 219      DBB58A51 
 219      31C58199 
 219      74C9
 220 0239 2CE992E4 		.ascii	",\351\222\344\020TO%\\\373\246\261\037\343v&\2414.}"
 220      10544F25 
 220      5CFBA6B1 
 220      1FE37626 
 220      A1342E7D 
 221 024d 68912461 		.ascii	"h\221$a\372\242\333\221\246\244\206\000&\240\301,\240"
 221      FAA2DB91 
 221      A6A48600 
 221      26A0C12C 
 221      A0
 222 025e 41167099 		.ascii	"A\026p\231\012\350k-)\305\340\306w\034\020\011\354b"
 222      0AE86B2D 
 222      29C5E0C6 
 222      771C1009 
 222      EC62
 223 0270 683A3D7E 		.ascii	"h:=~\341\365\"\326D\244v\356\236*\322\342t\026\255["
 223      E1F522D6 
 223      44A476EE 
 223      9E2AD2E2 
 223      7416AD5B 
 224 0284 09154730 		.ascii	"\011\025G0\013\202\032\330g7\016?tfAX\221\205\205\201"
 224      0B821AD8 
 224      67370E3F 
 224      74664158 
 224      91858581 
 225 0298 EED95E67 		.ascii	"\356\331^g\344\340\226\"\212qbA\274\250\363S\241\026"
 225      E4E09622 
 225      8A716241 
 225      BCA8F353 
 225      A116
 226 02aa 08C21508 		.ascii	"\010\302\025\010\002jEnD$1\0035Ac#4\036'\361j\230o\373"
 226      026A456E 
 226      44243103 
 226      35416323 
 226      341E27F1 
 227 02c2 B7EC2951 		.ascii	"\267\354)Q\\\201\256\"\007\324l6\365\035\007\026\257"
 227      5C81AE22 
 227      07D46C36 
 227      F51D0716 
 227      AF
 228 02d3 92A23DC7 		.ascii	"\222\242=\3074\370\015\265@\250\311\031\276\",\244\343"
ARM GAS  C:\Users\mvshv\AppData\Local\Temp\ccoQeHFy.s 			page 18


 228      34F80DB5 
 228      40A8C919 
 228      BE222CA4 
 228      E3
 229 02e4 AB85758C 		.ascii	"\253\205u\214\256lI$\221i\003\035\327\314:@\245\224"
 229      AE6C4924 
 229      9169031D 
 229      D7CC3A40 
 229      A594
 230 02f6 A98D3D43 		.ascii	"\251\215=CZ\230\012\351\027\277\315\350 m\025E\303\177"
 230      5A980AE9 
 230      17BFCDE8 
 230      206D1545 
 230      C37F
 231 0308 8F1F623A 		.ascii	"\217\037b:\363]\3057{5?)\024\013\032I\322\274_\324\224"
 231      F35DC537 
 231      7B353F29 
 231      140B1A49 
 231      D2BC5FD4 
 232 031d 2442E008 		.ascii	"$B\340\010\372\006\223f\262BE[\256\023{\332\321O`h\325"
 232      FA069366 
 232      B242455B 
 232      AE137BDA 
 232      D14F6068 
 233 0332 C8B51607 		.ascii	"\310\265\026\007\3464\021\001\337\320\222\376\004\341"
 233      E6341101 
 233      DFD092FE 
 233      04E1
 234 0340 6926F750 		.ascii	"i&\367P\347\231\365\0160\231\370\267\232\014\014Hy\220"
 234      E799F50E 
 234      3099F8B7 
 234      9A0C0C48 
 234      7990
 235 0352 7C5B92F6 		.ascii	"|[\222\366\212\360\207k\276m\263c\274=\260\325\023\245"
 235      8AF0876B 
 235      BE6DB363 
 235      BC3DB0D5 
 235      13A5
 236 0364 D58B5848 		.ascii	"\325\213XH\032H\367|\343\313\256E\3705S\266grj\237\206"
 236      1A48F77C 
 236      E3CBAE45 
 236      F83553B6 
 236      67726A9F 
 237 0379 68139936 		.ascii	"h\023\23162\310l\366]\342\013\344\341\212VSE\325\225"
 237      32C86CF6 
 237      5DE20BE4 
 237      E18A5653 
 237      45D595
 238 038c 854FED5D 		.ascii	"\205O\355]2\351\222\202\325\241\246\223\275\003\350"
 238      32E99282 
 238      D5A1A693 
 238      BD03E8
 239 039b DB147D0F 		.ascii	"\333\024}\017\271\310c\250\236G\335\205:f\306$\341\017"
 239      B9C863A8 
 239      9E47DD85 
 239      3A66C624 
 239      E10F
ARM GAS  C:\Users\mvshv\AppData\Local\Temp\ccoQeHFy.s 			page 19


 240 03ad 5E189C74 		.ascii	"^\030\234t\306\361j\246\267\351\371\264#NfL\357\261"
 240      C6F16AA6 
 240      B7E9F9B4 
 240      234E664C 
 240      EFB1
 241 03bf AC2FD50C 		.ascii	"\254/\325\0149J\370\334\271\271\0045Ng\235q5\335{\244"
 241      394AF8DC 
 241      B9B90435 
 241      4E679D71 
 241      35DD7BA4 
 242 03d3 556EA4D9 		.ascii	"Un\244\331\027\267\257H\203\017\260\316\331\211\023"
 242      17B7AF48 
 242      830FB0CE 
 242      D98913
 243 03e2 931A5CC0 		.ascii	"\223\032\\\300\230\352\007\373\353%\205]\204o\232>\362"
 243      98EA07FB 
 243      EB25855D 
 243      846F9A3E 
 243      F2
 244 03f3 CC099F64 		.ascii	"\314\011\237d\235\211Ew\322\265\370\034cn\217\034Mp"
 244      9D894577 
 244      D2B5F81C 
 244      636E8F1C 
 244      4D70
 245 0405 62481AD6 		.ascii	"bH\032\326\351\373\031-N\370\022\353ln}x\333\036\267"
 245      E9FB192D 
 245      4EF812EB 
 245      6C6E7D78 
 245      DB1EB7
 246 0418 3226ED4A 		.ascii	"2&\355Je\213\224\336\255tM\216V$c\334))\224<\353\"y"
 246      658B94DE 
 246      AD744D8E 
 246      562463DC 
 246      2929943C 
 247 042f F6594753 		.ascii	"\366YGS\252\016\367\262\316\033;\367\356\027\360\020"
 247      AA0EF7B2 
 247      CE1B3BF7 
 247      EE17F010 
 248 043f 638A478E 		.ascii	"c\212G\216\354\222\024\276G\\\2233\231\353\204\307Y"
 248      EC9214BE 
 248      475C9333 
 248      99EB84C7 
 248      59
 249 0450 5F6D6162 		.ascii	"_mab\211=~\301\230\232\352\332\026)v\253\201Mh\317\350"
 249      893D7EC1 
 249      989AEADA 
 249      162976AB 
 249      814D68CF 
 250 0465 75C26F58 		.ascii	"u\302oX_\371hr\203\026'\331Q&g\272\357\2214Y7\"\344"
 250      5FF96872 
 250      831627D9 
 250      512667BA 
 250      EF913459 
 251 047c C6EB3267 		.ascii	"\306\3532g\274\213\365\311\213\320\205.BT{\277\322\003"
 251      BC8BF5C9 
 251      8BD0852E 
 251      42547BBF 
ARM GAS  C:\Users\mvshv\AppData\Local\Temp\ccoQeHFy.s 			page 20


 251      D203
 252 048e 1F625D47 		.ascii	"\037b]GG/\354[\214\2172f\"a\330\350\310p\313\201}\320"
 252      472FEC5B 
 252      8C8F3266 
 252      2261D8E8 
 252      C870CB81 
 253 04a4 F74DAA33 		.ascii	"\367M\2523>\311\372\222\352\367\327\351\3609\306\310"
 253      3EC9FA92 
 253      EAF7D7E9 
 253      F039C6C8 
 254 04b4 5BAB0BDB 		.ascii	"[\253\013\333Z\233\215\375\010\327\261\256\307\251\015"
 254      5A9B8DFD 
 254      08D7B1AE 
 254      C7A90D
 255 04c3 DD026E61 		.ascii	"\335\002naL\311\205\214\007v\370&c\036V'\274P\343\333"
 255      4CC9858C 
 255      0776F826 
 255      631E5627 
 255      BC50E3DB 
 256 04d7 8C299DCB 		.ascii	"\214)\235\313\353\320\341.\306t\\4\016;c#c\312n\\\355"
 256      EBD0E12E 
 256      C6745C34 
 256      0E3B6323 
 256      63CA6E5C 
 257 04ec 953C9C42 		.ascii	"\225<\234B\326BYq\337\210VJW\222\276E\347\215s\010?"
 257      D6425971 
 257      DF88564A 
 257      5792BE45 
 257      E78D7308 
 258 0501 A4E01555 		.ascii	"\244\340\025U\317\263J5h\225\325o)\275\272I\33411!^"
 258      CFB34A35 
 258      6895D56F 
 258      29BDBA49 
 258      DC313121 
 259 0516 6C785987 		.ascii	"lxY\207g\317\026\335\212\025\213\226\243[\220\250\203"
 259      67CF16DD 
 259      8A158B96 
 259      A35B90A8 
 259      83
 260 0527 B006F70B 		.ascii	"\260\006\367\013K\315\313\311H\263\326\023.\252cd\357"
 260      4BCDCBC9 
 260      48B3D613 
 260      2EAA6364 
 260      EF
 261 0538 6898CAC5 		.ascii	"h\230\312\305\260_'\260%\377R\011\177A\341-\210\341"
 261      B05F27B0 
 261      25FF5209 
 261      7F41E12D 
 261      88E1
 262 054a 89861E19 		.ascii	"\211\206\036\031O\304\317*\361\257y\361\004\336\310"
 262      4FC4CF2A 
 262      F1AF79F1 
 262      04DEC8
 263 0559 C3DF28E1 		.ascii	"\303\337(\341\036\274t\262A\315\344\343X\012\207u\205"
 263      1EBC74B2 
 263      41CDE4E3 
 263      580A8775 
ARM GAS  C:\Users\mvshv\AppData\Local\Temp\ccoQeHFy.s 			page 21


 263      85
 264 056a 7A25B8BC 		.ascii	"z%\270\274\332\320}+\351y\234\364o\225\322\247\255\214"
 264      DAD07D2B 
 264      E9799CF4 
 264      6F95D2A7 
 264      AD8C
 265 057c 9FE1F18F 		.ascii	"\237\341\361\217\224\370Qk<o\375s\333\362=\315\3267"
 265      94F8516B 
 265      3C6FFD73 
 265      DBF23DCD 
 265      D637
 266 058e F2D67FA3 		.ascii	"\362\326\177\243\264~D\011\357,\346\340_+\341\235\312"
 266      B47E4409 
 266      EF2CE6E0 
 266      5F2BE19D 
 266      CA
 267 059f C9CE1CE1 		.ascii	"\311\316\034\341\214\231\267\351J.\256cy\\\\\307\225"
 267      8C99B7E9 
 267      4A2EAE63 
 267      795C5CC7 
 267      95
 268 05b0 E8C748E9 		.ascii	"\350\307H\351\371\266<\316\230)\2451\317\224\306t\362"
 268      F9B63CCE 
 268      9829A531 
 268      CF94C674 
 268      F2
 269 05c1 9E99538A 		.ascii	"\236\231S\212\277m\345\3111\036\377\312v\232q\342{\370"
 269      BF6DE5C9 
 269      311EFFCA 
 269      769A71E2 
 269      7BF8
 270 05d3 403D55C2 		.ascii	"@=U\302'\254\304\017\362\370'\266g\313\347M1\007\357"
 270      27ACC40F 
 270      F2F827B6 
 270      67CBE74D 
 270      3107EF
 271 05e6 51C2BBCC 		.ascii	"Q\302\273\314\360=\322\276/\"\265\012\305\012\256H\024"
 271      F03DD2BE 
 271      2F22B50A 
 271      C50AAE48 
 271      14
 272 05f7 481F8193 		.ascii	"H\037\201\223\227]\216\340\2062\204U(\011(\033(\023"
 272      975D8EE0 
 272      86328455 
 272      2809281B 
 272      2813
 273 0609 2811E820 		.ascii	"(\021\350 \320\036\240\004\240T\240\024\240\335@y@{"
 273      D01EA004 
 273      A054A014 
 273      A0DD4079 
 273      407B
 274 061b 81F601ED 		.ascii	"\201\366\001\355\002\312\007\332\011\224\006t\000\350"
 274      02CA07DA 
 274      09940674 
 274      00E8
 275 0629 28503CD0 		.ascii	"(P<\320!\240\303@G\200\222\201\262\200\216\001\245\003"
 275      21A0C340 
ARM GAS  C:\Users\mvshv\AppData\Local\Temp\ccoQeHFy.s 			page 22


 275      47809281 
 275      B2808E01 
 275      A503
 276 063b 1500E50A 		.ascii	"\025\000\345\012\253\350\361\205\315\246-\237\233\315"
 276      ABE8F185 
 276      CDA62D9F 
 276      9BCD
 277 0649 B072360F 		.ascii	"\260r6\017\225\223\037\344C1c{\005\2332\0032i0\237\313"
 277      95931FE4 
 277      4331637B 
 277      059B3203 
 277      3269309F 
 278 065e A407B637 		.ascii	"\244\007\2667\024>\026m\274\374\357l\247\006g\316\030"
 278      143E166D 
 278      BCFCEF6C 
 278      A70667CE 
 278      18
 279 066f 6FFD8012 		.ascii	"o\375\200\022\336g\206\263#\314\304\021\234-\212K\010"
 279      DE6786B3 
 279      23CCC411 
 279      9C2D8A4B 
 279      08
 280 0680 4A251D5F 		.ascii	"J%\035_\314\236x\221\217K\316\211\342N\015\025\326o"
 280      CC9E7891 
 280      8F4BCE89 
 280      E24E0D15 
 280      D66F
 281 0692 5B9845DE 		.ascii	"[\230E\336\360\211\020'(\3607\255\360\235|\236M\332"
 281      F0891027 
 281      28F037AD 
 281      F09D7C9E 
 281      4DDA
 282 06a4 CE4B6E6E 		.ascii	"\316KnnS<|\314\366~\303g=oM\207\022~\323j\015\362\236"
 282      533C7CCC 
 282      F67EC367 
 282      3D6F4D87 
 282      127ED36A 
 283 06bb 1BB21D77 		.ascii	"\033\262\035w\213\300\360\342\273mg=\303\303+\350yY"
 283      8BC0F0E2 
 283      BB6D673D 
 283      C3C32BE8 
 283      7959
 284 06cd 599F232E 		.ascii	"Y\237#.\322\320\343\346\203\227\027r\004\264\324\315"
 284      D2D0E3E6 
 284      83971772 
 284      04B4D4CD 
 285 06dd E672405F 		.ascii	"\346r@_\302*\370[Y\021R\222\024\343x0\022\025\201U\205"
 285      C22AF85B 
 285      59115292 
 285      14E37830 
 285      12158155 
 286 06f2 82E9984B 		.ascii	"\202\351\230Kr\206N\256\376\356\365\273Z\247T\323\341"
 286      72864EAE 
 286      FEEEF5BB 
 286      5AA754D3 
 286      E1
 287 0703 9902CD47 		.ascii	"\231\002\315G\300\343\202\023-\016\340\236\205\325\275"
ARM GAS  C:\Users\mvshv\AppData\Local\Temp\ccoQeHFy.s 			page 23


 287      C0E38213 
 287      2D0EE09E 
 287      85D5BD
 288 0712 65C98FE1 		.ascii	"e\311\217\341\375\273\324Mz\307N\344\360IF6\342b\333"
 288      FDBBD44D 
 288      7AC74EE4 
 288      F0494636 
 288      E262DB
 289 0725 1BB185B7 		.ascii	"\033\261\205\267\314G\306b\311U%\340\252\023`\372I\013"
 289      CC47C662 
 289      C95525E0 
 289      AA1360FA 
 289      490B
 290 0737 D3FB7358 		.ascii	"\323\373sX~\027\333\314o\013\325\3356U\233\"x\370\217"
 290      7E17DBCC 
 290      6F0BD5DD 
 290      36559B22 
 290      78F88F
 291 074a CDF55A5C 		.ascii	"\315\365Z\\\301\"\230Q3[\201\224\0214m\357\247\300\224"
 291      C1229851 
 291      335B8194 
 291      11346DEF 
 291      A7C094
 292 075d EF37EB4D 		.ascii	"\3577\353M\016\363h\031\240J\315\036-\226=\332\333\325"
 292      0EF36819 
 292      A04ACD1E 
 292      2D963DDA 
 292      DBD5
 293 076f D986798F 		.ascii	"\331\206y\217\226Yx\264\\\362h9\361(\312\237\233\315"
 293      965978B4 
 293      5CF26839 
 293      F128CA9F 
 293      9BCD
 294 0781 76E6C1A4 		.ascii	"v\346\301\244:3\203OK\340\323\024\234\333u\354\222\200"
 294      3A33834F 
 294      4BE0D314 
 294      9CDB75EC 
 294      9280
 295 0793 6BE934D0 		.ascii	"k\3514\320\301=\307S\325P\3345\320\242\365\275\273M"
 295      C13DC753 
 295      D550DC35 
 295      D0A2F5BD 
 295      BB4D
 296 07a5 B4682D90 		.ascii	"\264h-\220\212\326\012\263a\360hYk\236\021H\241\367"
 296      8AD60AB3 
 296      61F06859 
 296      6B9E1148 
 296      A1F7
 297 07b7 BA7357A2 		.ascii	"\272sW\242\035\276\307\2045\365UT\330\343~\306\310\345"
 297      1DBEC784 
 297      35F55554 
 297      D8E37EC6 
 297      C8E5
 298 07c9 C932A93C 		.ascii	"\3112\251<\371n\250"
 298      F96EA8
 299 07d0 DEA8C3C3 		.ascii	"\336\250\303\303\264S\2230\2657^K\217`nKM\007\255\334"
 299      B4539330 
ARM GAS  C:\Users\mvshv\AppData\Local\Temp\ccoQeHFy.s 			page 24


 299      B5375E4B 
 299      8F606E4B 
 299      4D07ADDC 
 300 07e4 D2D40C28 		.ascii	"\322\324\014(\204\020\215\305YP]\263\320\373\230\276"
 300      84108DC5 
 300      59505DB3 
 300      D0FB98BE 
 301 07f4 723E31AF 		.ascii	"r>1\257\275J%\330\372}9\365\261\345\273\336Z\266\305"
 301      BD4A25D8 
 301      FA7D39F5 
 301      B1E5BBDE 
 301      5AB6C5
 302 0807 398543FF 		.ascii	"9\205C\377\321\266pn\013\355\357v\211%\261\254\261L"
 302      D1B6706E 
 302      0BEDEF76 
 302      8925B1AC 
 302      B14C
 303 0819 318BD438 		.ascii	"1\213\3248\007\213\233\275\012j\244\274\270\010yQ\005"
 303      078B9BBD 
 303      0A6AA4BC 
 303      B8087951 
 303      05
 304 082a 79711EE8 		.ascii	"yq\036\350\002P\265\224\037\244z\033\372\316\210\360"
 304      0250B594 
 304      1FA47A1B 
 304      FACE88F0 
 305 083a 38CBB4F2 		.ascii	"8\313\264\362C\255'\035\225\231&\213C\227@\312\237\222"
 305      43AD271D 
 305      9599268B 
 305      439740CA 
 305      9F92
 306 084c C8AC6CEF 		.ascii	"\310\254l\357Q\213\242=\252\003p\2559\2565r\302\325"
 306      518BA23D 
 306      AA0370AD 
 306      39AE3572 
 306      C2D5
 307 085e E6CE27EA 		.ascii	"\346\316'\352\370\034\252\263H\270z)\207\352i\016=\233"
 307      F81CAAB3 
 307      48B87A29 
 307      87EA690E 
 307      3D9B
 308 0870 CBAD960A 		.ascii	"\313\255\226\012\207e$\266\003\231\231\322q\273\200"
 308      876524B6 
 308      039999D2 
 308      71BB80
 309 087f C47AFC50 		.ascii	"\304z\374PZ\374\342\005\013\302FA*\010\257\260\322\363"
 309      5AFCE205 
 309      0BC24641 
 309      2A08AFB0 
 309      D2F3
 310 0891 4EDFF001 		.ascii	"N\337\360\001'eEx\031&\330@\317\006M\202\213<\210\240"
 310      27654578 
 310      1926D840 
 310      CF064D82 
 310      8B3C88A0 
 311 08a5 2B3BEFBD 		.ascii	"+;\357\275\320\341Y\226d\335\007R\307\355\344:7\345"
 311      D0E15996 
ARM GAS  C:\Users\mvshv\AppData\Local\Temp\ccoQeHFy.s 			page 25


 311      64DD0752 
 311      C7EDE43A 
 311      37E5
 312 08b7 6DEADCA2 		.ascii	"m\352\334\242\2213Ou\274\262+\302\367(\253i\351\204"
 312      91334F75 
 312      BCB22BC2 
 312      F728AB69 
 312      E984
 313 08c9 AA5ED452 		.ascii	"\252^\324Re\215S\025'\244\372\013\003k\314l\232_x\222"
 313      658D5315 
 313      27A4FA0B 
 313      036BCC6C 
 313      9A5F7892 
 314 08dd D7E449B6 		.ascii	"\327\344I\266\012T\357\363\314\012_\345\034\3159\321"
 314      0A54EFF3 
 314      CC0A5FE5 
 314      1CCD39D1 
 315 08ed 46D55E93 		.ascii	"F\325^\223\325f\347\216\225\013J#\027D\217\2749\333"
 315      D566E78E 
 315      950B4A23 
 315      17448FBC 
 315      39DB
 316 08ff A6C589CC 		.ascii	"\246\305\211\314\310}{_\265\331\343\235\214\231.\235"
 316      C87D7B5F 
 316      B5D9E39D 
 316      8C992E9D 
 317 090f FC528333 		.ascii	"\374R\2033\030S\023[\3645V\012]\260\360>\364\372\350"
 317      1853135B 
 317      F435560A 
 317      5DB0F03E 
 317      F4FAE8
 318 0922 D822BC87 		.ascii	"\330\"\274\207\015}21w\332\031\037`Li\331\345vG\234"
 318      0D7D3231 
 318      77DA191F 
 318      604C69D9 
 318      E576479C 
 319 0936 C398B9CC 		.ascii	"\303\230\271\314\374\263:|TrPa\336^\035>\316\230\371"
 319      FCB33A7C 
 319      54725061 
 319      DE5E1D3E 
 319      CE98F9
 320 0949 CC946C2D 		.ascii	"\314\224l-.eLV{V\241#\256`\314\354hV7b~t\342j\363eR"
 320      2E654C56 
 320      7B56A123 
 320      AE60CCEC 
 320      68563762 
 321 0964 6D5EFE62 		.ascii	"m^\376b\327AG\\\305\260\367\272\023.HXG`\343\313.U\331"
 321      D741475C 
 321      C5B0F7BA 
 321      132E4858 
 321      4760E3CB 
 322 097b 2DE8F3FB 		.ascii	"-\350\363\373\262\317{\230\317O'\016\225\330\303`W\262"
 322      B2CF7B98 
 322      CF4F270E 
 322      95D8C360 
 322      57B2
 323 098d E4B94F50 		.ascii	"\344\271OP\256\354\023\324\271\206\351Sj|\221*\022\316"
ARM GAS  C:\Users\mvshv\AppData\Local\Temp\ccoQeHFy.s 			page 26


 323      AEEC13D4 
 323      B986E953 
 323      6A7C912A 
 323      12CE
 324 099f 9C1AFA2D 		.ascii	"\234\032\372-rs\220?\035\271'&\223\317:FpQ\277y\261"
 324      7273903F 
 324      1DB92726 
 324      93CF3A46 
 324      7051BF79 
 325 09b4 B812E7D0 		.ascii	"\270\022\347\320ODb\241\210\227\253\320\032\372U\003"
 325      4F4462A1 
 325      8897ABD0 
 325      1AFA5503 
 326 09c4 0DC0C273 		.ascii	"\015\300\302s\225r\255\017\302\324\313\364\227\344\027"
 326      9572AD0F 
 326      C2D4CBF4 
 326      97E417
 327 09d3 372FC2CD 		.ascii	"7/\302\315LA\377\251\247\355\330\254at\345Y\372\341"
 327      4C41FFA9 
 327      A7EDD8AC 
 327      6174E559 
 327      FAE1
 328 09e5 E8216878 		.ascii	"\350!hx`\326`\024\026P1h[EFyQ\275\306\034TD\345uA\377"
 328      60D66014 
 328      16503168 
 328      5B454679 
 328      51BDC61C 
 329 09ff 3D9ACE43 		.ascii	"=\232\316C4S\356\313\231\022\327\274\3631b\313\345\255"
 329      3453EECB 
 329      9912D7BC 
 329      F33162CB 
 329      E5AD
 330 0a11 A4B78FA4 		.ascii	"\244\267\217\244\335t\344\245\017\177\237\364\272\316"
 330      DD74E4A5 
 330      0F7F9FF4 
 330      BACE
 331 0a1f DE5FE0EB 		.ascii	"\336_\340\353,n\317\333{\341d\333\301\230\204\257\256"
 331      2C6ECFDB 
 331      7BE164DB 
 331      C19884AF 
 331      AE
 332 0a30 9DD0E23B 		.ascii	"\235\320\342;\214\031/\271\321\252\301=\214\031\032"
 332      8C192FB9 
 332      D1AAC13D 
 332      8C191A
 333 0a3f 99398FF1 		.ascii	"\2319\217\361\000c\216\217\037\313\320\341!i\314\320"
 333      00638E8F 
 333      1FCBD0E1 
 333      2169CCD0 
 334 0a4f 44BBF4B5 		.ascii	"D\273\364\265 \235\304nv\262\352\216\234%\244\242\037"
 334      209DC46E 
 334      76B2EA8E 
 334      9C25A4A2 
 334      1F
 335 0a60 7B3E3C6F 		.ascii	"{><o\217\307(\370\007g:\257\027\350\220\251\204_\245"
 335      8FC728F8 
 335      07673AAF 
ARM GAS  C:\Users\mvshv\AppData\Local\Temp\ccoQeHFy.s 			page 27


 335      17E890A9 
 335      845FA5
 336 0a73 28E4B3A0 		.ascii	"(\344\263\240\020\273\372\006\347\334l\023\351\373\345"
 336      10BBFA06 
 336      E7DC6C13 
 336      E9FBE5
 337 0a82 2BC1055D 		.ascii	"+\301\005]\005\237O\303\016g\332H-\217\3650\242q;\\"
 337      059F4FC3 
 337      0E67DA48 
 337      2D8FF530 
 337      A2713B5C 
 338 0a96 62617901 		.ascii	"bay\001\272[B\313s\267,\260\262\310\331q\007{c\220E"
 338      BA5B42CB 
 338      73B72CB0 
 338      B2C8D971 
 338      077B6390 
 339 0aab 755D429B 		.ascii	"u]B\233\366\242\021\356ud\261\215O\200\274'\324\227"
 339      F6A211EE 
 339      7564B18D 
 339      4F80BC27 
 339      D497
 340 0abd D3D21E3E 		.ascii	"\323\322\036>\017\221\210\303\253\320\013\330\277E\270"
 340      0F9188C3 
 340      ABD00BD8 
 340      BF45B8
 341 0acc 2702BD82 		.ascii	"'\002\275\202\347\327@\317\200b\201\217\007\232\203"
 341      E7D740CF 
 341      8062818F 
 341      079A83
 342 0adb E73740DF 		.ascii	"\3477@\337\001}K\316\201\320\226\004\364\022\236\247"
 342      017D4BCE 
 342      81D09604 
 342      F4129EA7 
 343 0aeb 8026819E 		.ascii	"\200&\201\236\003\315\002\315XT7S\333\315\357\266[J"
 343      03CD02CD 
 343      58543753 
 343      DBCDEFB6 
 343      5B4A
 344 0afd 4B2D2A3B 		.ascii	"K-*;\342\267\301\035\254\212m\001/4Khy\273\344\213\011"
 344      E2B7C11D 
 344      AC8A6D01 
 344      2F344B68 
 344      79BBE48B 
 345 0b12 E9C01D65 		.ascii	"\351\300\035e\226\375X)\333\342-K|\326\306\371\354\206"
 345      96FD5829 
 345      DBE22D4B 
 345      7CD6C6F9 
 345      EC86
 346 0b24 6D9FF167 		.ascii	"m\237\361g\177N\366\250\022m\365\235d\206C\177c\033"
 346      7F4EF6A8 
 346      126DF59D 
 346      6486437F 
 346      631B
 347 0b36 6D713CD8 		.ascii	"mq<\330\301\225\307J8\253Q\271\017\015c\222S\340mA?"
 347      C195C74A 
 347      38AB51B9 
 347      0F0D6392 
ARM GAS  C:\Users\mvshv\AppData\Local\Temp\ccoQeHFy.s 			page 28


 347      53E06D41 
 348 0b4b F15838A5 		.ascii	"\361X8\245\313Jx\017\347\361;J\341\317\254K{\016\336"
 348      CB4A780F 
 348      E7F13B4A 
 348      E1CFAC4B 
 348      7B0EDE
 349 0b5e A984DB28 		.ascii	"\251\204\333(\3259\370m\333p\356\254\322\362\224\235"
 349      D539F86D 
 349      DB70EEAC 
 349      D2F2949D 
 350 0b6e 55A66D1D 		.ascii	"U\246m\035\207G\236.;\026/\266\256f\345\225R\226U\245"
 350      87479E2E 
 350      3B162FB6 
 350      AE66E595 
 350      529655A5 
 351 0b82 D9C669BE 		.ascii	"\331\306i\276\253D[~,\242K$\312\034\356q\233\311\301"
 351      AB445B7E 
 351      2CA24B24 
 351      CA1CEE71 
 351      9BC9C1
 352 0b95 D7629CEC 		.ascii	"\327b\234\354\257m\373\214\2176\207\356\260\235\323"
 352      AF6DFB8C 
 352      8F3687EE 
 352      B09DD3
 353 0ba4 161EE692 		.ascii	"\026\036\346\222\343\221\355i\232\014';\201\024\356"
 353      E391ED69 
 353      9A0C273B 
 353      8114EE
 354 0bb3 9B10EE76 		.ascii	"\233\020\356v\011n:\352sE'\3311\007\366\267\253\361"
 354      096E3AEA 
 354      734527D9 
 354      3107F6B7 
 354      ABF1
 355 0bc5 297BBAE5 		.ascii	"){\272\345\367=:\227fur\223\227<\332\211\335\376*\253"
 355      F73D3A97 
 355      66757293 
 355      973CDA89 
 355      DDFE2AAB 
 356 0bd9 5EAA375E 		.ascii	"^\2527^k\310\351/\005/E\311\330\364\272\231\226O\177"
 356      6BC8E92F 
 356      052F45C9 
 356      D8F4BA99 
 356      964F7F
 357 0bec 8523834D 		.ascii	"\205#\203Mj\376\364G\200\3467k*f\247?\270\003\370\356"
 357      6AFEF447 
 357      80E6376B 
 357      2A66A73F 
 357      B803F8EE 
 358 0c00 93DCBD76 		.ascii	"\223\334\275v\270\212N\022M\035ny\354\200k\031\223S"
 358      B88A4E12 
 358      4D1D6E79 
 358      EC806B19 
 358      9353
 359 0c12 7E3201E3 		.ascii	"~2\001\343z\306\364\326\3066;\343\253\214y\220\0377"
 359      7AC6F4D6 
 359      C6363BE3 
 359      AB8C7990 
ARM GAS  C:\Users\mvshv\AppData\Local\Temp\ccoQeHFy.s 			page 29


 359      1F37
 360 0c24 6487AF33 		.ascii	"d\207\2573\346|\335\023/\266\267\273\002w\261\357Y\203"
 360      E67CDD13 
 360      2FB6B7BB 
 360      0277B1EF 
 360      5983
 361 0c36 F43F3723 		.ascii	"\364?7#\331\352\363\037\217\032\035q\007\205\352\232"
 361      D9EAF31F 
 361      8F1A1D71 
 361      0785EA9A 
 362 0c46 FAEE5422 		.ascii	"\372\356T\"ykw3\177\225m=\315\025\013i0\243\003\370"
 362      796B7733 
 362      7F956D3D 
 362      CD150B69 
 362      30A303F8 
 363 0c5a 7B17F8CC 		.ascii	"{\027\370\314\037,\317\3776\340\3747\024\016\235\241"
 363      1F2CCFFF 
 363      36E0FC37 
 363      140E9DA1 
 364 0c6a 14CEAD03 		.ascii	"\024\316\255\003\213\310\356\301\256(\023\223>\002'"
 364      8BC8EEC1 
 364      AE281393 
 364      3E0227
 365 0c79 613D0C21 		.ascii	"a=\014!\316\201\360d\003\355\007:\010\224\005\264\017"
 365      CE81F064 
 365      03ED073A 
 365      089405B4 
 365      0F
 366 0c8a E810B6D8 		.ascii	"\350\020\266\330\2249\205\351\266\025Z|y\370_3|\257"
 366      943985E9 
 366      B6155A7C 
 366      79F85F33 
 366      7CAF
 367 0c9c 126EF5F1 		.ascii	"\022n\365\361o\220\023\276K\211\346ve\251N\230e;\004"
 367      6F9013BE 
 367      4B89E676 
 367      65A94E98 
 367      653B04
 368 0caf A0AC7788 		.ascii	"\240\254w\210\376Y\027\363\016\261\333\246,y)$u\213"
 368      FE5917F3 
 368      0EB1DBA6 
 368      2C792924 
 368      758B
 369 0cc1 5D8EF81E 		.ascii	"]\216\370\036[\012\255\025\311\265:\345R\220\035\206"
 369      5B0AAD15 
 369      C9B53AE5 
 369      52901D86 
 370 0cd1 F2C04F7F 		.ascii	"\362\300O\177\216\317\230\241w\347hJ\347\302\300#\346"
 370      8ECF98A1 
 370      77E7684A 
 370      E7C2C023 
 370      E6
 371 0ce2 94266653 		.ascii	"\224&fS\375\373O\024u;\362)\235k\221\322\371RJ\223\273"
 371      FDFB4F14 
 371      753BF229 
 371      9D6B91D2 
 371      F9524A93 
ARM GAS  C:\Users\mvshv\AppData\Local\Temp\ccoQeHFy.s 			page 30


 372 0cf7 D3E79BB7 		.ascii	"\323\347\233\267\004o\331\022\032\034\036\031\036\343"
 372      046FD912 
 372      1A1C1E19 
 372      1EE3
 373 0d05 E5EEEE61 		.ascii	"\345\356\356a\372\213\212\366\200>\217/\242\266\306"
 373      FA8B8AF6 
 373      803E8F2F 
 373      A2B6C6
 374 0d14 447B046E 		.ascii	"D{\004n\332\270\306\213]}\327n\337\356!\215r\017\261"
 374      DAB8C68B 
 374      5D7DD76E 
 374      DFEE218D 
 374      720FB1
 375 0d27 FFE0971F 		.ascii	"\377\340\227\037\255\320{z\252\326\374\371cUK\242c\""
 375      ADD07B7A 
 375      AAD6FCF9 
 375      63554BA2 
 375      6322
 376 0d39 D6780587 		.ascii	"\326x\005\207l\211\012\371\0355@\033\276\365\367\376"
 376      6C890AF9 
 376      1D35401B 
 376      BEF5F7FE 
 377 0d49 70FFD95B 		.ascii	"p\377\331[\013c\022\302\243\267\272\177\256\322\206"
 377      0B6312C2 
 377      A3B7BA7F 
 377      AED286
 378 0d58 466C7E9B 		.ascii	"Fl~\233\321\0336\370x\370l\364\376o/i4\014\203\321\016"
 378      D11B36F8 
 378      78F86CF4 
 378      FE6F2F69 
 378      340C83D1 
 379 0d6d C1C1DBC2 		.ascii	"\301\301\333\302#c\200\217\371,\344_\202B>\017\3774"
 379      2363808F 
 379      F92CE45F 
 379      82423E0F 
 379      FF34
 380 0d7f 3C3A665B 		.ascii	"<:f[hxTPLT\324\226\350\240\377\212\334\266\202>\255"
 380      68785450 
 380      4C54D496 
 380      E8A0FF8A 
 380      DCB6823E 
 381 0d94 D8BC3562 		.ascii	"\330\2745bEX\304\247a\241\241a\241A\357\272\257^\341"
 381      4558C4A7 
 381      61A1A161 
 381      A141EFBA 
 381      AF5EE1
 382 0da7 B5DAF3DD 		.ascii	"\265\332\363\335\337\257\015\202\366\237FFE\206\375"
 382      DFAF0D82 
 382      F69F4646 
 382      4586FD
 383 0db6 346CF3A7 		.ascii	"4l\363\247\341A\341\221![\266\205\206\005El\006Y\221"
 383      E141E191 
 383      215BB685 
 383      8605456C 
 383      065991
 384 0dc9 6141C1A1 		.ascii	"aA\301\241a\237m\336\266%&8f\307\027a\321\240\321^\326"
 384      619F6DDE 
ARM GAS  C:\Users\mvshv\AppData\Local\Temp\ccoQeHFy.s 			page 31


 384      B6252638 
 384      66C71761 
 384      D1A0D15E 
 385 0dde F79F7F51 		.ascii	"\367\237\177Q}\321;\242\203\202\243cBA8(Y\034\270#:"
 385      7DD13BA2 
 385      8382A363 
 385      42413828 
 385      591CB823 
 386 0df3 262C421F 		.ascii	"&,B\037\2655LO\374l\027\030\250\377\300\2403\254\017"
 386      B5354C4F 
 386      FC6C1718 
 386      A8FFC0A0 
 386      33AC0F
 387 0e06 5C6FF8D5 		.ascii	"\\o\370\325z\237\237c}\240A\275\316Gon\372\231\316;"
 387      7A9F9F63 
 387      7DA041BD 
 387      CE476F6E 
 387      FA99CE3B 
 388 0e1a 609DD786 		.ascii	"`\235\327\206\200\365\2774\220'O\366$\367\256\325y\373"
 388      80F5BF34 
 388      90274FF6 
 388      24F7AED5 
 388      79FB
 389 0e2c AD5B23F5 		.ascii	"\255[#\365\372\231p~J\334\032-\221\002-\344\356\311"
 389      FA99707E 
 389      4ADC1A2D 
 389      91022DE4 
 389      EEC9
 390 0e3e F7786989 		.ascii	"\367xi\211\004\332\343'!\374,\021\236\366d\254!p\223"
 390      04DAE327 
 390      21FC2C11 
 390      9EF664AC 
 390      217093
 391 0e51 813C7892 		.ascii	"\201<x\222\007S\337j{2\232\365\371\311 ?\006\302z\177"
 391      0753DF6A 
 391      7B329AF5 
 391      F9C9203F 
 391      06C27A7F 
 392 0e65 835AEFFB 		.ascii	"\203Z\357\373\201A\033\260a\003\271\013z\203\003<\372"
 392      81411BB0 
 392      6103B90B 
 392      7A83033C 
 392      FA
 393 0e76 7B05124E 		.ascii	"{\005\022N\231\027!Q\021\021Q\221\036a\333c 1\2249\365"
 393      99172151 
 393      11115191 
 393      1E61DB63 
 393      20319439 
 394 0e8b D9DAD5EF 		.ascii	"\331\332\325\357n\337\016\016t4\350\365\301\233 d>a"
 394      6EDF0E0E 
 394      7434E8F5 
 394      C19B2064 
 394      3E61
 395 0e9d 9F3906FC 		.ascii	"\2379\006\374\332 ?\377H^9\237n\016\371\335\266/\202"
 395      DA203FFF 
 395      485E399F 
 395      6E0EF9DD 
ARM GAS  C:\Users\mvshv\AppData\Local\Temp\ccoQeHFy.s 			page 32


 395      B62F82
 396 0eb0 43A32236 		.ascii	"C\243\"6\207G\3224\326\020\253}?\321\370\373\350?\364"
 396      8747D234 
 396      D610AB7D 
 396      3FD1F8FB 
 396      E83FF4
 397 0ec3 594F382F 		.ascii	"YO8/\337O\234}\326}\260Q\377\221<\\\355\037\350mPo\334"
 397      DF4F9C7D 
 397      D67DB051 
 397      FF913C5C 
 397      ED1FE86D 
 398 0eda E86BC0DE 		.ascii	"\350k\300\336>\006\354\003\367\000_\203\332\333\227"
 398      3E06EC03 
 398      F7005F83 
 398      DADB97
 399 0ee9 84C3D7DB 		.ascii	"\204\303\327\333`\007]\000\360!\274\037\271\350\341"
 399      60075D00 
 399      F021BC1F 
 399      B9E8E1
 400 0ef8 6217E807 		.ascii	"b\027\350\007\341\302\201~\001:\226\255\357\005\307"
 400      E1C2817E 
 400      013A96AD 
 400      EF05C7
 401 0f07 68A53BD6 		.ascii	"h\245;\326\353\241Go\260\363\3667\350\015\352_m\372"
 401      EBA1476F 
 401      B0F3F637 
 401      E80DEA5F 
 401      6DFA
 402 0f19 D0A0F607 		.ascii	"\320\240\366\007\264\235>\340#\177\037\270z\353\015"
 402      B49D3EE0 
 402      237F1FB8 
 402      7AEB0D
 403 0f28 EF2FEC01 		.ascii	"\357/\354\001o\303F\017\375\306@\377@\017\222*\036\376"
 403      6FC3460F 
 403      FDC640FF 
 403      400F922A 
 403      1EFE
 404 0f3a 2C9900B1 		.ascii	",\231\000\2615,8$b-I\327@\375:j\275\335\207\001\233"
 404      352C3824 
 404      622D49D7 
 404      40FD3A6A 
 404      BDDD8701 
 405 0f4f F40621D0 		.ascii	"\364\006!\320\240\205\207\377X\377\261AM.\030\344kh"
 405      A08587FF 
 405      58FFB141 
 405      4D2E18E4 
 405      6B68
 406 0f61 8FE722DF 		.ascii	"\217\347\"\337\015\336\201~\362L\377\037!\233\037A"
 406      0DDE817E 
 406      F24CFF1F 
 406      219B1F41 
 407              		.text
 408              		.section	.gnu.lto_.symtab.d619e4,"",%progbits
 409 0000 68616C5F 		.ascii	"hal_lld_init\000"
 409      6C6C645F 
 409      696E6974 
 409      00
ARM GAS  C:\Users\mvshv\AppData\Local\Temp\ccoQeHFy.s 			page 33


 410 000d 00       		.ascii	"\000"
 411 000e 00       		.ascii	"\000"
 412 000f 00       		.ascii	"\000"
 413 0010 00000000 		.ascii	"\000\000\000\000\000\000\000\000"
 413      00000000 
 414 0018 BB000000 		.ascii	"\273\000\000\000"
 415 001c 73746D33 		.ascii	"stm32_clock_init\000"
 415      325F636C 
 415      6F636B5F 
 415      696E6974 
 415      00
 416 002d 00       		.ascii	"\000"
 417 002e 00       		.ascii	"\000"
 418 002f 00       		.ascii	"\000"
 419 0030 00000000 		.ascii	"\000\000\000\000\000\000\000\000"
 419      00000000 
 420 0038 BD000000 		.ascii	"\275\000\000\000"
 421 003c 53797374 		.ascii	"SystemCoreClock\000"
 421      656D436F 
 421      7265436C 
 421      6F636B00 
 422 004c 00       		.ascii	"\000"
 423 004d 00       		.ascii	"\000"
 424 004e 00       		.ascii	"\000"
 425 004f 00000000 		.ascii	"\000\000\000\000\000\000\000\000"
 425      00000000 
 426 0057 CE000000 		.ascii	"\316\000\000\000"
 427 005b 69727149 		.ascii	"irqInit\000"
 427      6E697400 
 428 0063 00       		.ascii	"\000"
 429 0064 02       		.ascii	"\002"
 430 0065 00       		.ascii	"\000"
 431 0066 00000000 		.ascii	"\000\000\000\000\000\000\000\000"
 431      00000000 
 432 006e BF000000 		.ascii	"\277\000\000\000"
 433 0072 646D6149 		.ascii	"dmaInit\000"
 433      6E697400 
 434 007a 00       		.ascii	"\000"
 435 007b 02       		.ascii	"\002"
 436 007c 00       		.ascii	"\000"
 437 007d 00000000 		.ascii	"\000\000\000\000\000\000\000\000"
 437      00000000 
 438 0085 C1000000 		.ascii	"\301\000\000\000"
 439              		.text
 440              		.section	.gnu.lto_.opts,"",%progbits
 441 0000 272D666D 		.ascii	"'-fmath-errno' '-fsigned-zeros' '-ftrapping-math' '"
 441      6174682D 
 441      6572726E 
 441      6F272027 
 441      2D667369 
 442 0033 2D666E6F 		.ascii	"-fno-trapv' '-fno-openmp' '-fno-openacc' '-mcpu=cor"
 442      2D747261 
 442      70762720 
 442      272D666E 
 442      6F2D6F70 
 443 0066 7465782D 		.ascii	"tex-m4' '-mno-thumb-interwork' '-mthumb' '-O2' '-fo"
 443      6D342720 
ARM GAS  C:\Users\mvshv\AppData\Local\Temp\ccoQeHFy.s 			page 34


 443      272D6D6E 
 443      6F2D7468 
 443      756D622D 
 444 0099 6D69742D 		.ascii	"mit-frame-pointer' '-falign-functions=16' '-ffuncti"
 444      6672616D 
 444      652D706F 
 444      696E7465 
 444      72272027 
 445 00cc 6F6E2D73 		.ascii	"on-sections' '-fdata-sections' '-fno-common' '-flto"
 445      65637469 
 445      6F6E7327 
 445      20272D66 
 445      64617461 
 446 00ff 2700     		.ascii	"'\000"
 447              		.text
 448              		.comm	__gnu_lto_v1,1,1
 449              		.comm	__gnu_lto_slim,1,1
 450              		.ident	"GCC: (GNU Tools for Arm Embedded Processors 7-2017-q4-major) 7.2.1 20170904 (release) [ARM
ARM GAS  C:\Users\mvshv\AppData\Local\Temp\ccoQeHFy.s 			page 35


DEFINED SYMBOLS
                            *ABS*:00000000 hal_lld.c
                            *COM*:00000001 __gnu_lto_v1
                            *COM*:00000001 __gnu_lto_slim

NO UNDEFINED SYMBOLS
