ARM GAS  C:\Users\mvshv\AppData\Local\Temp\cc0pdg9o.s 			page 1


   1              		.cpu cortex-m4
   2              		.eabi_attribute 20, 1
   3              		.eabi_attribute 21, 1
   4              		.eabi_attribute 23, 3
   5              		.eabi_attribute 24, 1
   6              		.eabi_attribute 25, 1
   7              		.eabi_attribute 26, 1
   8              		.eabi_attribute 30, 2
   9              		.eabi_attribute 34, 1
  10              		.eabi_attribute 18, 4
  11              		.file	"hal_pal.c"
  12              		.section	.gnu.lto_.profile.d61803,"",%progbits
  13 0000 789C6363 		.ascii	"x\234cc```\001bF\206\010C\000\001Y\000\225"
  13      60606001 
  13      62468608 
  13      43000159 
  13      0095
  14              		.text
  15              		.section	.gnu.lto_.icf.d61803,"",%progbits
  16 0000 789C6363 		.ascii	"x\234cc``Pc@\0006\206im\247\332\270\030g?Zq\215\207"
  16      60605063 
  16      40003686 
  16      696DA7DA 
  16      B818673F 
  17 0018 E9D29773 		.ascii	"\351\322\227sS\230\230\317O\371\320\316\310r\350Gc\027"
  17      539898CF 
  17      4FF9D0CE 
  17      C872E847 
  17      6317
  18 002a 17EBD183 		.ascii	"\027\353\321\203\223\257\2623\000\000W\221\021\210"
  18      93AFB233 
  18      00005791 
  18      1188
  19              		.text
  20              		.section	.gnu.lto_.jmpfuncs.d61803,"",%progbits
  21 0000 789C7D8E 		.ascii	"x\234}\216=\012\002A\014\205\363\222\331\265\323\326"
  21      3D0A0241 
  21      0C85F392 
  21      D9B5D3D6 
  22 0010 62CFE39D 		.ascii	"b\317\343\235\254V\020+[\261\332b\216 \370\277\010\212"
  22      AC56102B 
  22      5BB1DA62 
  22      8E20F8BF 
  22      088A
  23 0022 17B0F50E 		.ascii	"\027\260\365\016\226v\242\214oX\\d\212\015\274\"\311"
  23      9676A28C 
  23      6F585C64 
  23      8A0DBC22 
  23      C9
  24 0033 CB97978B 		.ascii	"\313\227\227\213\310\010\322\226\011\200\2622Q,\014"
  24      C808D296 
  24      0980B232 
  24      512C0C
  25 0042 D3D7F9D9 		.ascii	"\323\327\371\331/?\223ae\360\3065\326(\005\027\007\241"
  25      2F3F9361 
  25      65F0C635 
  25      D6280517 
ARM GAS  C:\Users\mvshv\AppData\Local\Temp\cc0pdg9o.s 			page 2


  25      07A1
  26 0054 DE218401 		.ascii	"\336!\204\001\224\276\345\354z\353\315\215.\0106(\242"
  26      94BEE5EC 
  26      7AEBCD8D 
  26      2E083628 
  26      A2
  27 0065 54018B24 		.ascii	"T\001\213$JS\232y\343Sl\273i\364`G\032\345~4T\346ri"
  27      4A539A79 
  27      E3536CBB 
  27      69F46047 
  27      1AE57E34 
  28 007d AF42BC92 		.ascii	"\257B\274\222\244\007\376)J\312\036\005G\217\323\352"
  28      A407FE29 
  28      4ACA1E05 
  28      478FD3EA 
  29 008d 9E35A3C6 		.ascii	"\2365\243\306w`\3141RZ\0326\363\246\364\034\273\303"
  29      7760CC31 
  29      525A1A36 
  29      F3A6F41C 
  29      BBC3
  30 009f 667C5333 		.ascii	"f|S3,%_=\004be"
  30      2C255F3D 
  30      046265
  31              		.text
  32              		.section	.gnu.lto_.inline.d61803,"",%progbits
  33 0000 789C6363 		.ascii	"x\234cc``\360`d\200\003f\006\006\001aF6\006\205\254"
  33      6060F060 
  33      64800366 
  33      06060161 
  33      46360685 
  34 0015 29CC8CD3 		.ascii	")\314\214\323Z\017\235g\357f\236\303\314\300\310\300"
  34      5A0F9D67 
  34      EF669EC3 
  34      CCC0C8C0 
  35 0025 B8995186 		.ascii	"\270\231Q\206\201A!\033Jg\000\245\327,\373x\200\037"
  35      8141211B 
  35      4A6700A5 
  35      D72CFB78 
  35      801F
  36 0037 24CDC6C8 		.ascii	"$\315\306\310\317\270\205Q\206\331\201A!\035\306\000"
  36      CFB88551 
  36      86D98141 
  36      211DC600 
  37 0047 99092498 		.ascii	"\231\011$\230\035X9W\2701p\3360cb`Y \357\300\300\270"
  37      1D583957 
  37      B83170DE 
  37      30636260 
  37      5920EFC0 
  38 005d 93AD8191 		.ascii	"\223\255\201\221\203\211\201u\256\002\220\006Y\311\304"
  38      83898175 
  38      AE029006 
  38      59C9C4
  39 006c CD2002B4 		.ascii	"\315 \002\264\200\211AT\202\221\035h1\272M\270\215f"
  39      80894154 
  39      82911D68 
  39      31BA4DB8 
  39      8D66
ARM GAS  C:\Users\mvshv\AppData\Local\Temp\cc0pdg9o.s 			page 3


  40 007e 0431D904 		.ascii	"\0041\331\004_\2640\342\266\200\351\002\177\003\023"
  40      5FB430E2 
  40      B680E902 
  40      7F0313
  41 008d 92352C0C 		.ascii	"\2225,\014Br`\377\021o\015+k\207:^\037\260\360\002\003"
  41      427260FF 
  41      116F0D2B 
  41      6B873A5E 
  41      1FB0F002 
  42 00a2 6E821F08 		.ascii	"n\202\037\010Bma\000\000\276\2573\234"
  42      426D6100 
  42      00BEAF33 
  42      9C
  43              		.text
  44              		.section	.gnu.lto_.pureconst.d61803,"",%progbits
  45 0000 789C6363 		.ascii	"x\234cc```\007bf\006)&)\026I\000\001\304\000d"
  45      60606007 
  45      62660629 
  45      26291649 
  45      0001C400 
  46              		.text
  47              		.section	.gnu.lto_palReadBus.d61803,"",%progbits
  48 0000 789C9552 		.ascii	"x\234\225RMO\024A\020\255753\014\354\007x\363\300a\215"
  48      4D4F1441 
  48      10AD3735 
  48      330CEC07 
  48      78F3C061 
  49 0015 24040FAC 		.ascii	"$\004\017\254\377A\343\3370\310\305\003\211F\342y\033"
  49      FF41E3DF 
  49      30C8C503 
  49      8946E279 
  49      1B
  50 0026 76410C9A 		.ascii	"vA\014\232\020\"\037!#\341\000j\214F\015(\262\242\014"
  50      10221F21 
  50      23E1006A 
  50      8C460D28 
  50      B2A20C
  51 0039 8BE24782 		.ascii	"\213\342G\202\210\007\203J<h<H\220\210zP\243hU\357\002"
  51      8807834A 
  51      3C683C48 
  51      90887A50 
  51      A36855EF 
  52 004e 1B6F2433 		.ascii	"\033o$3\335]5\257^\275z=>\021]a\242z\331\017\313\013"
  52      DD5D35AF 
  52      5EBD7A3D 
  52      3E115D61 
  52      A27AD90F 
  53 0064 9FE0F43C 		.ascii	"\237\340\364<'j\013\034\307]L\220\251\342\331\210\310"
  53      276A0B1C 
  53      C75D4C90 
  53      A9E2D988 
  53      C8
  54 0075 C4D97107 		.ascii	"\304\331q\007\017H\350\375\330/\221\013\257\210\362"
  54      0F48E8FD 
  54      D82F910B 
  54      AF88F2
  55 0084 003D9800 		.ascii	"\000=\230\000\224q\330\365\220\3019\276\300X\312\335"
ARM GAS  C:\Users\mvshv\AppData\Local\Temp\cc0pdg9o.s 			page 4


  55      9471D8F5 
  55      90C139BE 
  55      C058CADD 
  56 0094 0CB99B43 		.ascii	"\014\271\233C&\270\022n,\014}Hj\010\244$\\[\237\237"
  56      26B8126E 
  56      2C0C7D48 
  56      6A08A424 
  56      5C5B9F9F 
  57 00a8 88375C36 		.ascii	"\2107\\6\246\335D\003\275\376\360\304\013S\031\262C"
  57      A6DD4403 
  57      BDFEF0C4 
  57      0B5319B2 
  57      43
  58 00b9 FD029F40 		.ascii	"\375\002\237@-\306Q\253bn\243A\300\035K\003\235\314"
  58      2DC651AB 
  58      626EA341 
  58      C01D4B03 
  58      9DCC
  59 00cb 752039BF 		.ascii	"u 9\277\376ru%Y?f\013\277\217\262\251\013\231q\007\\"
  59      FE727525 
  59      593F660B 
  59      BF8FB2A9 
  59      0B997107 
  60 00e0 5E2829C2 		.ascii	"^()\302$\352\025\377\376\326f_\302wGdD\201\010\345]"
  60      24EA15FF 
  60      FED6665F 
  60      C2774764 
  60      448108E5 
  61 00f5 9D5076C9 		.ascii	"\235Pv\311\334x\351Ef\363\357\031\023\255\214\341\342"
  61      DC78E945 
  61      66F3EF19 
  61      13AD8CE1 
  61      E2
  62 0106 9138A4D2 		.ascii	"\2218\244\322ud\361X\026\337\325\320\323\223\257K\000"
  62      7564F158 
  62      16DFD5D0 
  62      D393AF4B 
  62      00
  63 0117 E58C91CA 		.ascii	"\345\214\221\312\244.\341\222\261MDg%\224S6\242\217"
  63      A42EE192 
  63      B14D4467 
  63      25945336 
  63      A28F
  64 0129 C8BD997B 		.ascii	"\310\275\231{7\350k\213!\016\244y\177Ga\261B\207f\020"
  64      37E86B8B 
  64      210EA479 
  64      7F4761B1 
  64      42876610 
  65 013d A6EC4824 		.ascii	"\246\354H$\005L\342\250\024\254\242=_YDC\320\323\205"
  65      054CE2A8 
  65      14ACA23D 
  65      5F594443 
  65      D0D385
  66 0150 85797F04 		.ascii	"\205y\177\004\303m\306\230T\310\025\302Q,R\373\272{"
  66      C36DC698 
  66      54C815C2 
  66      512C52FB 
ARM GAS  C:\Users\mvshv\AppData\Local\Temp\cc0pdg9o.s 			page 5


  66      BA7B
  67 0162 9791BE6E 		.ascii	"\227\221\276nz\354\247\000y\214\240O\347!\334CZ[/\037"
  67      7AECA700 
  67      798CA04F 
  67      E721DC43 
  67      5A5B2F1F 
  68 0176 DA61BA76 		.ascii	"\332a\272vi#\252\326\276\001\2521\275\335\327\245\374"
  68      6923AAD6 
  68      BE01AA31 
  68      BDDDD7A5 
  68      FC
  69 0187 4169BB86 		.ascii	"Ai\273\206\\\312\332 \310\251\251\265\267\025\231?&"
  69      5CCADA20 
  69      C8A9A9B5 
  69      B715993F 
  69      26
  70 0198 08B9B29F 		.ascii	"\010\271\262\237\325\227\373\310P\271\364*k{\366\327"
  70      D597FBC8 
  70      50B9F42A 
  70      6B7BF6D7 
  71 01a8 CCB7A4E0 		.ascii	"\314\267\244\340\366JB\275\324\334\317\245\317]1\325"
  71      F64A42BD 
  71      D4DCCFA5 
  71      CF5D31D5 
  72 01b8 5B13720C 		.ascii	"[\023r\0143r\361\017Jj\263\243\343\035\020\364\240U"
  72      3372F10F 
  72      4A6AB3A3 
  72      E31D10F4 
  72      A055
  73 01ca 5B8548D4 		.ascii	"[\205H\324\026\215\237E&\344\270U\343\225lS\027>\235"
  73      168D9F45 
  73      26E4B855 
  73      E3956C53 
  73      173E9D
  74 01dd 9F2BD9E6 		.ascii	"\237+\331\346\354\312\210\004\012\326\010\250\021sb"
  74      ECCA8804 
  74      0AD608A8 
  74      117362
  75 01ec C42A0A5B 		.ascii	"\304*\012[\226r\371\024I;\305\177\304\325\322\016\017"
  75      9672F914 
  75      493BC57F 
  75      C4D5D20E 
  75      0F
  76 01fd 4BC4AF26 		.ascii	"K\304\257&\363\223\011!\316\265\351\247\032<\262\304"
  76      F3930921 
  76      CEB5E9A7 
  76      1A3CB2C4 
  77 020d 8E12CF5B 		.ascii	"\216\022\317[\342\355\273rwyW\217w\356\352\211e\312"
  77      E2EDBB72 
  77      7779578F 
  77      77EEEA89 
  77      65CA
  78 021f 7EED4491 		.ascii	"~\355D\221\312\023\231BX\316\356\357\212}\017\236Zv"
  78      CA139942 
  78      58CEEEEF 
  78      8A7D0F9E 
  78      5A76
ARM GAS  C:\Users\mvshv\AppData\Local\Temp\cc0pdg9o.s 			page 6


  79 0231 FB6B3F2B 		.ascii	"\373k?+\262\377\336b\217\331\006>\255\243=U\312\250"
  79      B2FFDE62 
  79      8FD9063E 
  79      ADA33D55 
  79      CAA8
  80 0243 8A2EB14B 		.ascii	"\212.\261K\254\227\321\36656\246\267\237\023\255\351"
  80      AC97D1F6 
  80      3536A6B7 
  80      9F13ADE9 
  81 0253 E34D2DE9 		.ascii	"\343M-\351\326S\315\272\037=\331\324\322\330L|\354t"
  81      D653CDBA 
  81      1F3DD9D4 
  81      D2D84C7C 
  81      EC74
  82 0265 EB3FADB8 		.ascii	"\353?\255\2702X"
  82      3258
  83              		.text
  84              		.section	.gnu.lto_palWriteBus.d61803,"",%progbits
  85 0000 789C9552 		.ascii	"x\234\225RKO\023Q\024\276\337\334\231\351ch\251\270"
  85      4B4F1351 
  85      14BEDFDC 
  85      99E96368 
  85      A9B8
  86 0012 71C10223 		.ascii	"q\301\002#\011bL\353\316\037\240\361o\030`\243\011\211"
  86      09624CEB 
  86      CE1FA0F1 
  86      6F1860A3 
  86      0989
  87 0024 C6EABA43 		.ascii	"\306\352\272C_\200hB\214\024\202\003iP\2531\0325\250"
  87      5F806842 
  87      8C148203 
  87      6950AB31 
  87      1A35A8
  88 0037 D8823014 		.ascii	"\330\2020\024\005\037<\0021\006\037+\015,\010\032\210"
  88      051F3C02 
  88      31061F2B 
  88      0D2C081A 
  88      88
  89 0048 2ED060F1 		.ascii	".\320`\361\334;-Tv\334\314\234\271\367\334s\316\367"
  89      DC3B2D54 
  89      76DCCC9C 
  89      B9F7DC73 
  89      CEF7
  90 005a CD778ECE 		.ascii	"\315w\216\316\030\213\252\214\035\245\357Iz\2413(\235"
  90      188BAA8C 
  90      1DA5EF49 
  90      7AA13328 
  90      9D
  91 006b B38CB5B8 		.ascii	"\263\214\265\270\025E\235\3631\323\313\307m\306\314"
  91      15459DF3 
  91      31D3CBC7 
  91      6DC6CC
  92 007a 0AAEA83D 		.ascii	"\012\256\250=G\350\250m\034\242\223\012\315\211\322"
  92      47E8A86D 
  92      1CA2930A 
  92      CD89D2
  93 0089 00B131DD 		.ascii	"\000\2611\335`\021\205\253\032\"\270\302\257s\344[\227"
ARM GAS  C:\Users\mvshv\AppData\Local\Temp\cc0pdg9o.s 			page 7


  93      601185AB 
  93      1A22B8C2 
  93      AF73E45B 
  93      97
  94 009a B34AFD1D 		.ascii	"\263J\375\035\223\226\335\375KO\232\211\003\026g,E\257"
  94      9396DDFD 
  94      4B4F9A89 
  94      0316672C 
  94      45AF
  95 00ac 5818443D 		.ascii	"X\030D=E\315\307\037Y\274\203[\034P\351\270>\323\373"
  95      45CDC71F 
  95      59BC835B 
  95      1C50E9B8 
  95      3ED3FB
  96 00bf CD2F8E0A 		.ascii	"\315/\216\012j\350\230\230\357Nr^\013F\373\217k\367"
  96      6AE89898 
  96      EF4E725E 
  96      0B46FB8F 
  96      6BF7
  97 00d1 BEF8EB6E 		.ascii	"\276\370\353n\233f\324\2647or\263\326\342\034\317\300"
  97      9B66D4B4 
  97      376F72B3 
  97      D6E21CCF 
  97      C0
  98 00e2 A9209EA2 		.ascii	"\251 \236\242\032OP\315\310\3050\204:\012\357+\014L"
  98      1A4F50CD 
  98      C8C53084 
  98      3A0AEF2B 
  98      0C4C
  99 00f4 19FCB04C 		.ascii	"\031\374\260L\315\214ZM\305\314\351\214\314T\361|w\246"
  99      CD8C5A4D 
  99      C5CCE98C 
  99      CC54F17C 
  99      77A6
 100 0106 CA90459D 		.ascii	"\312\220E\235\010\377\372\270\320\345\323\325t\211-"
 100      08FFFAB8 
 100      D0E5D3D5 
 100      74892D
 101 0115 724214FA 		.ascii	"rB\024\372\222\347\341\202f\233\205\255V\342\220\301"
 101      92E7E182 
 101      669B85AD 
 101      56E290C1 
 102 0125 D6A92A50 		.ascii	"\326\251*P\246\246\220\321\2710\2520\232\360\351\302"
 102      A6A690D1 
 102      B930AA30 
 102      9AF0E9C2 
 103 0135 B8C4D12D 		.ascii	"\270\304\321-\214G\030/\031\227!v>\010\232\001HH\326"
 103      8C47182F 
 103      19972176 
 103      3E089A01 
 103      4848D6
 104 0148 4628A4A1 		.ascii	"F(\244\241i\263v\256\210]\314fK\210\177\232X\276\241"
 104      69B376AE 
 104      885DCC66 
 104      4B887F9A 
 104      58BEA1
 105 015b 0BF05EEE 		.ascii	"\013\360^\356#Z\251D~\316%\264\341`\030&\316b\265\323"
ARM GAS  C:\Users\mvshv\AppData\Local\Temp\cc0pdg9o.s 			page 8


 105      235AA944 
 105      7ECE25B4 
 105      E1601826 
 105      CE62B5D3 
 106 016f 1F537B28 		.ascii	"\037S{(a\005\321\234\307\211\006E\217\344g&\3654\372"
 106      6105D19C 
 106      C7890645 
 106      8FE46726 
 106      F534FA
 107 0182 5B48FF1A 		.ascii	"[H\377\032\213\273\251\206\223$T\356\270\266\210\320"
 107      8BBBA986 
 107      932454EE 
 107      B8B688D0 
 108 0192 03B3535E 		.ascii	"\003\263S^y0\2024\272d_\360\002!\001\275xb\247\322\375"
 108      79308234 
 108      BA645FF0 
 108      022101BD 
 108      7862A7D2 
 109 01a7 CCBA5D29 		.ascii	"\314\272])p=\250\304\3506\256\312r\307\010v\025\361"
 109      703DA8C4 
 109      E836AECA 
 109      72C70876 
 109      15F1
 110 01b9 1A291045 		.ascii	"\032)\020Ef\263\253\237]\221\277\246\333\342\336\024"
 110      66B3AB9F 
 110      5D91BFA6 
 110      DBE2DE14 
 111 01c9 178A8D21 		.ascii	"\027\212\215!\302\312\251\033\262\037\261?c?\375\024"
 111      C2CAA91B 
 111      B21FB13F 
 111      633FFD14 
 112 01d9 47036108 		.ascii	"G\003a\010\225\205\357\367\374\3676C\360\015X\274\002"
 112      9585EFF7 
 112      FCF73643 
 112      F00D58BC 
 112      02
 113 01ea E3344576 		.ascii	"\3434Ev\221m\354\326`\002\024\335#\331\032\310\023["
 113      916DECD6 
 113      600214DD 
 113      23D91AC8 
 113      135B
 114 01fc A7251388 		.ascii	"\247%\023\210X\334'\331hE\331H\205Br\351\270\303^\351"
 114      58DC27D9 
 114      6845D948 
 114      854272E9 
 114      B8C35EE9 
 115 0210 E581725D 		.ascii	"\345\201r]\370\236t\361\343\245\324\005B\227W\244\313"
 115      F89E74F1 
 115      E3A5D405 
 115      429757A4 
 115      CB
 116 0221 0A629B49 		.ascii	"\012b\233I8\245TY\235\227W\327\366\250\372\344\216\352"
 116      38A55459 
 116      9D9757D7 
 116      F6A8FAE4 
 116      8EEA
 117 0233 534EF554 		.ascii	"SN\365T\251z\261\332\302\332t\237!d\323\020\300k*C1"
ARM GAS  C:\Users\mvshv\AppData\Local\Temp\cc0pdg9o.s 			page 9


 117      A97AB1DA 
 117      C2DA749F 
 117      2164D310 
 117      C06B2A43 
 118 0248 6BA51897 		.ascii	"k\245\030\227$\241\377\307\212\360\270\363\317;q\036"
 118      24A1FFC7 
 118      8AF0B8F3 
 118      CF3B711E 
 119 0258 E9D6CA99 		.ascii	"\351\326\312\231z\367\304\264\022o$SE0}\3530\335(U7"
 119      7AF7C4B4 
 119      126F2453 
 119      45307DEB 
 119      30DD2855 
 120 026d 24110FF9 		.ascii	"$\021\017\371\362\357/K_y\273\003\262\335\273\240\366"
 120      F2EF2F4B 
 120      5F79BB03 
 120      B2DDBBA0 
 120      F6
 121 027e 1101BC2B 		.ascii	"\021\001\274+B}\030\312\015\371\010*\336\"\256\2520"
 121      427D18CA 
 121      0DF9082A 
 121      DE22AEAA 
 121      30
 122 028f 2DA18A33 		.ascii	"-\241\21231\334?p\027\333\227\3731\203P\027\315\035"
 122      31DC3F70 
 122      17DB97FB 
 122      31835017 
 122      CD1D
 123 02a1 D1984588 		.ascii	"\321\230E\210\260\331\017D\323[W\235i\020\253\215\232"
 123      B0D90F44 
 123      D35B579D 
 123      6910AB8D 
 123      9A
 124 02b2 4573404C 		.ascii	"Es@L\017\006\203\241\355\347\\8t\246\2419\024\276\320"
 124      0F0683A1 
 124      EDE75C38 
 124      74A6A139 
 124      14BED0
 125 02c5 24BEA7CF 		.ascii	"$\276\247\31774\007\233\030o\274\024V\033\317^\014\377"
 125      3734079B 
 125      186FBC14 
 125      561BCF5E 
 125      0CFF
 126 02d7 038D6E71 		.ascii	"\003\215nqj"
 126      6A
 127              		.text
 128              		.section	.gnu.lto_palSetBusMode.d61803,"",%progbits
 129 0000 789C9552 		.ascii	"x\234\225RMO\023Q\024}g\356L[Z(\270s\301\002#I\305\030"
 129      4D4F1351 
 129      147D67EE 
 129      4C5B5A28 
 129      B873C102 
 130 0018 EA7FD0C4 		.ascii	"\352\177\320\304\237a\020M\\`06\256\373hi\201`\"Q)\004"
 130      9F61104D 
 130      5C603036 
 130      AEFB6869 
 130      81602251 
ARM GAS  C:\Users\mvshv\AppData\Local\Temp\cc0pdg9o.s 			page 10


 131 002e 27A40B8A 		.ascii	"'\244\013\212\321h\324\200\037\005\224\241(~D$\260\302"
 131      D168D480 
 131      1F0594A1 
 131      287E4424 
 131      B0C2
 132 0040 2F161A5D 		.ascii	"/\026\032]\020 \0206j\024\275\367\015\002\0327\274\314"
 132      10201036 
 132      6A14BDF7 
 132      0D021A37 
 132      BCCC
 133 0052 BCF7EE9B 		.ascii	"\274\367\356\233s\317=\357\334\011(\245\372H\251C\274"
 133      73CF3DEF 
 133      DC0928A5 
 133      FA48A943 
 133      BC
 134 0063 1EE51701 		.ascii	"\036\345\027\001\005\253\353\265R-!\313\262g*\224\016"
 134      05ABEBB5 
 134      522D21CB 
 134      B2672A94 
 134      0E
 135 0074 D384A794 		.ascii	"\323\204\247\224.'\313\356=\310\241\363u?G6\034\037"
 135      2E27CBEE 
 135      3DC8A1F3 
 135      753F4736 
 135      1C1F
 136 0086 E500B2D1 		.ascii	"\345\000\262\321!\250\244E\266\203$.\320\025B\251\355"
 136      21A8A445 
 136      B683242E 
 136      D01542A9 
 136      ED
 137 0097 4BD1AABB 		.ascii	"K\321\252\273\246yx=s\301\254\316\354u\271N\216_\031"
 137      A679783D 
 137      73C1ACCE 
 137      EC75B94E 
 137      8E5F19
 138 00aa 18421DA3 		.ascii	"\030B\035\243f[\357\270\324I.\0016\207k\323}\237\242"
 138      665BEFB8 
 138      D4492E01 
 138      36876BD3 
 138      7D9FA2
 139 00bd 125AA8E1 		.ascii	"\022Z\250\34103\333\223%\252\205\342\375\233\325\033"
 139      3033DB93 
 139      25AA85E2 
 139      FD9BD51B 
 140 00cd EFA3B182 		.ascii	"\357\243\261\202\326)\355\275\032 ]\353\022\341>\210"
 140      D629EDBD 
 140      1A205DEB 
 140      12E13E88 
 141 00dd 09710FD5 		.ascii	"\011q\017\325\030F\265\342#\205\007\2101|}\250p9B\007"
 141      1846B5E2 
 141      23850788 
 141      317C7DA8 
 141      70394207 
 142 00f1 4CEAC2CA 		.ascii	"L\352\302\312\360\325\360f\352\217\202I\265\361\360"
 142      F0D5F066 
 142      EA8F8249 
 142      B5F1F0
ARM GAS  C:\Users\mvshv\AppData\Local\Temp\cc0pdg9o.s 			page 11


 143 0100 DF545BA1 		.ascii	"\337T[\241\210\230\340?\336\335\350\256\010\330\371"
 143      8898E03F 
 143      DEDDE8AE 
 143      08D8F9
 144 010f 3F723122 		.ascii	"?r1\"\256\360\312'\267\347\034Oo\374j\323\336\322 >"
 144      AEF0CA27 
 144      B7E71C4F 
 144      6FFC6AD3 
 144      DED2203E 
 145 0123 1C2B0767 		.ascii	"\034+\007g:\026O\001\342)hK\350\310.\010Q\022\206!U"
 145      3A164F01 
 145      E229684B 
 145      E8C82E08 
 145      51128621 
 146 0138 EDCCC336 		.ascii	"\355\314\3036iOu\220%\273\264\247>\243\365\355\344B"
 146      694F7590 
 146      25BBB4A7 
 146      3EA3F5ED 
 146      E442
 147 014a 7F40E8FB 		.ascii	"\177@\350\373(\310\205s\231\322LP\256OP\030eU2:\370"
 147      28C88573 
 147      99D24C50 
 147      AE4F5018 
 147      6555323A 
 148 015f 52DC014E 		.ascii	"R\334\001NXDj\244\314G\203\321c\245\351\251@\036\375"
 148      58446AA4 
 148      CC4783D1 
 148      63A5E9A9 
 148      401EFD
 149 0172 2D6C718D 		.ascii	"-lq\215K!\346\360\223\304\310\316K\363\210\337\322]"
 149      4B21E6F0 
 149      93C4C8CE 
 149      4BF388DF 
 149      D25D
 150 0184 E65319C6 		.ascii	"\346S\031\306\220G\267\261\036\217\020\227\322\363G"
 150      9047B7B1 
 150      1E8F1097 
 150      D2F347
 151 0193 B6996E0E 		.ascii	"\266\231n\016\256y\225R\267\014\225x\274U\327V#\207"
 151      AE799552 
 151      B70C9578 
 151      BC55D756 
 151      2387
 152 01a5 B9EC125A 		.ascii	"\271\354\022Zk\214\005\214,\026\227\336\005\223?u\310"
 152      6B8C058C 
 152      2C1697DE 
 152      05933F75 
 152      C8
 153 01b6 A5708EC4 		.ascii	"\245p\216\304\223q$\325N\351\021cy\372\373\370z\224"
 153      937124D5 
 153      4EE91163 
 153      79FAFBF8 
 153      7A94
 154 01c8 71DCF388 		.ascii	"q\334\363\210\370(g\337f\227\333#\242\267\312\245rL"
 154      F82867DF 
 154      6697DB23 
 154      A2B7CAA5 
ARM GAS  C:\Users\mvshv\AppData\Local\Temp\cc0pdg9o.s 			page 12


 154      724C
 155 01da F08FE26D 		.ascii	"\360\217\342m\252M\017\014e\300\350^\2436\202\022\253"
 155      AA4D0F0C 
 155      65C0E85E 
 155      A3368212 
 155      AB
 156 01eb F54D9F44 		.ascii	"\365M\237D\322\245\012\243\306\331\264M\\\270\276L\276"
 156      D2A50AA3 
 156      C6D9B44D 
 156      5CB8BE4C 
 156      BE
 157 01fc 7A6B573E 		.ascii	"zkW>D\361\304\370\000\361\341)\373\260\303Q\332\025"
 157      44F1C4F8 
 157      00F1E129 
 157      FBB0C351 
 157      DA15
 158 020e 5325A60C 		.ascii	"S%\246\014\223%L\317\376f\262w\331\233\347\333\275y"
 158      93254CCF 
 158      FE66B277 
 158      D99BE7DB 
 158      BD79
 159 0220 6198D2AB 		.ascii	"a\230\322\253Y\370T\016\353bBnA\366\177-\250\312\211"
 159      59F8540E 
 159      EB62426E 
 159      41F67F2D 
 159      A8CA89
 160 0233 00BCE416 		.ascii	"\000\274\344\026\260\025\006\036vi\217ZA*?z\321\267"
 160      B015061E 
 160      76698F5A 
 160      412A3F7A 
 160      D1B7
 161 0245 50463BDF 		.ascii	"PF;\337\230\315c\354\276\372\372\370\326\323\234\210"
 161      98CD63EC 
 161      BEFAFAF8 
 161      D6D39C88 
 162 0255 9F6E688A 		.ascii	"\237nh\212'\3165\312z\374lCS}\243\242\023\347\023\366"
 162      27CE35CA 
 162      7AFC6C43 
 162      537DA3A2 
 162      13E713F6 
 163 0269 99E693A7 		.ascii	"\231\346\223\247~\003\026\211/\320"
 163      7E031689 
 163      2FD0
 164              		.text
 165              		.section	.gnu.lto_.symbol_nodes.d61803,"",%progbits
 166 0000 789C55C9 		.ascii	"x\234U\311\315\015\202@\024E\341\363\356\014c\031$V"
 166      CD0D8240 
 166      1445E1F3 
 166      EE0C6319 
 166      2456
 167 0012 8295BD59 		.ascii	"\202\225\275Y\030\326n\350\200&@\374\251`*qc\007\222"
 167      18D66EE8 
 167      802640FC 
 167      A9602A71 
 167      630792
 168 0025 111359DC 		.ascii	"\021\023Y\334\234\344~\011\030\326\241I\016\227\002"
 168      9CE47E09 
ARM GAS  C:\Users\mvshv\AppData\Local\Temp\cc0pdg9o.s 			page 13


 168      18D6A149 
 168      0E9702
 169 0034 6BE67C82 		.ascii	"k\346|\202\346&\362\021\202f\271\355\351.\373\322U\256"
 169      E626F211 
 169      8266B9ED 
 169      E92EFBD2 
 169      55AE
 170 0046 3D3DA44A 		.ascii	"==\244J\266\310C%\310\271\003{\312\343\377\021H\234"
 170      B6C84325 
 170      C8B9037B 
 170      CAE3FF11 
 170      489C
 171 0058 DFC582B6 		.ascii	"\337\305\202\266\306_\017\214\375\253\345\003=\356#"
 171      C65F0F8C 
 171      FDABE503 
 171      3DEE23
 172 0067 92       		.ascii	"\222"
 173              		.text
 174              		.section	.gnu.lto_.refs.d61803,"",%progbits
 175 0000 789C6363 		.ascii	"x\234cc``\020\000bF\006&F\026F&&f\026F\026&V\026\006"
 175      60601000 
 175      62460626 
 175      46164626 
 175      26661646 
 176 0019 0002EF00 		.ascii	"\000\002\357\000;"
 176      3B
 177              		.text
 178              		.section	.gnu.lto_.decls.d61803,"",%progbits
 179 0000 789CAD58 		.ascii	"x\234\255XkPTG\026\276}{\006\206a\000\013\315\226\265"
 179      6B505447 
 179      16BE7D7B 
 179      06866100 
 179      0BCD96B5 
 180 0014 61B39810 		.ascii	"a\263\230\020\235\332\335\3600[\321\335\312\217<41\025"
 180      9DDADDF0 
 180      305BD1DD 
 180      CA8F3C34 
 180      3115
 181 0026 135C8CC9 		.ascii	"\023\\\214\311ZK\325\204\300\030\250\345\3412\303\326"
 181      5A4BD584 
 181      C018A8E5 
 181      E132C3D6 
 182 0036 FA6B2F0C 		.ascii	"\372k/\014\"\276\301\007\021PAQ\014O\215A\005Q@P@\020"
 182      22BEC107 
 182      11504151 
 182      0C4F8D41 
 182      05514050 
 183 004c 45100CA8 		.ascii	"E\020\014\250\210\032\001\0371\200\006y\351\354\351"
 183      881A011F 
 183      31800679 
 183      E9ECE9
 184 005b EE7BE7DE 		.ascii	"\356{\347\336\031\231\230\332\312-\316\334\333}O\237"
 184      199998DA 
 184      CA2DCEDC 
 184      DB7D4F9F 
 185 006b F3F577CE 		.ascii	"\363\365w\316\351\356\213\013\307q\226\0278n5\346\270"
 185      E9EE8B0B 
ARM GAS  C:\Users\mvshv\AppData\Local\Temp\cc0pdg9o.s 			page 14


 185      C7719617 
 185      386E35E6 
 185      B8
 186 007c 51C47156 		.ascii	"Q\304qV\270T\320w\012\304\025d\032\364\375\016\244\026"
 186      B854D077 
 186      0AC41564 
 186      1AF4FD0E 
 186      A416
 187 008e 9E67C1FD 		.ascii	"\236g\301\375\025\220?\202\374\011\204\\j\220\271\360"
 187      15903F82 
 187      FC09845C 
 187      6A90B9F0 
 188 009e 3C0FE44D 		.ascii	"<\017\344M\220\267A\336\007\001s\334\207p\377\030\344"
 188      90B741DE 
 188      070173DC 
 188      8770FF18 
 188      E4
 189 00af 6FA2AE74 		.ascii	"o\242\256t\031y\216\363\346\230\314\340\230m\342g9\334"
 189      19798EF3 
 189      E698CCE0 
 189      986DE267 
 189      39DC
 190 00c1 2740E680 		.ascii	"'@\346\200x\211>BD\377> o\201,\005\371\004d\034t\032"
 190      78893E42 
 190      44FF3E20 
 190      6F812C05 
 190      F904641C 
 191 00d7 4096C133 		.ascii	"@\226\3013\301\253\205\273+\310\003xv\207;/\342\"x\220"
 191      C1AB85BB 
 191      2BC80378 
 191      76873B2F 
 191      E2227890 
 192 00eb 884579C5 		.ascii	"\210Ey\305\361\314\367\347\012\034\323\304y.\0271L8"
 192      F1CCF7E7 
 192      0A1CD3C4 
 192      792E1731 
 192      4C38
 193 00fd E020F3F7 		.ascii	"\340 \363\367\025q,s\300rC\304\243\026\261\270\213x"
 193      15712C73 
 193      C07243C4 
 193      A316B1B8 
 193      8B78
 194 010f 1E43FB1A 		.ascii	"\036C\373\032\307\360\314S\340\371\330\001\317*\221"
 194      C7F0CC53 
 194      E0F9D801 
 194      CF2A91
 195 011e 13473CAF 		.ascii	"\023G<\257\374\014/$\016\177P\360B0}\012\362\236\310"
 195      FC0C2F24 
 195      0E7F50F0 
 195      42307D0A 
 195      F29EC8
 196 0131 BFC489BB 		.ascii	"\277\304\211\273\330V\306\207\270w\214\3136\214.&\037"
 196      D856C687 
 196      B8778CCB 
 196      368C2E26 
 196      1F
 197 0142 DA89D763 		.ascii	"\332\211\327c\344\255E*h\016\265d\335\362\204\346\014"
ARM GAS  C:\Users\mvshv\AppData\Local\Temp\cc0pdg9o.s 			page 15


 197      E4AD452A 
 197      680EB564 
 197      DDF284E6 
 197      0C
 198 0153 2DF28566 		.ascii	"-\362\205fV\345\243&5{\253\201\2465\377\320Z\015\346"
 198      56E5A326 
 198      357BAB81 
 198      A635FFD0 
 198      5A0DE6
 199 0166 111978AD 		.ascii	"\021\031x\255\261\240\210\014\234\243E$\205\274\240"
 199      B1A0880C 
 199      9CA34524 
 199      85BCA0
 200 0175 EBE0FD8A 		.ascii	"\353\340\375\2121\017\326E4\272\012\353:\264\330\225"
 200      310FD645 
 200      34BA0AEB 
 200      3AB4D895 
 201 0185 3E1F2EAC 		.ascii	">\037.\254\266\272\373\027\013\354\322\374\235C\025"
 201      B6BAFB17 
 201      0BECD2FC 
 201      9D4315
 202 0194 084B18DA 		.ascii	"\010K\030\3326\017\357s\305AD\221\277\3365q\325\023"
 202      360FEF73 
 202      C5414491 
 202      BFDE3571 
 202      D513
 203 01a6 69F5A982 		.ascii	"i\365\251\202\220$\344Z\004\267E\034*C>\350[\344\303"
 203      9024E45A 
 203      04B7451C 
 203      2A433EE8 
 203      5BE4C3
 204 01b9 A193484F 		.ascii	"\241\223HO\214\037G\376\034*\207\316c\320\231O\014\326"
 204      8C1F47FE 
 204      1C2A87CE 
 204      63D0994F 
 204      0CD6
 205 01cb F43F9E93 		.ascii	"\364?\236\223\276F\020xt\002iQ%\302T\007&=G\313\\\024"
 205      BE461078 
 205      74026951 
 205      25C25407 
 205      263D47CB 
 206 01e1 EC4BDFEB 		.ascii	"\354K\337\353\202\363\020\365Q\231}\373\014\357\314"
 206      82F310F5 
 206      51997DFB 
 206      0CEFCC
 207 01f0 478D731F 		.ascii	"G\215s\037%/\327\257&>\252\301G\225\354\003\\2'\311"
 207      252FD7AF 
 207      263EAAC1 
 207      4795EC03 
 207      5C3227C9 
 208 0204 A747D23D 		.ascii	"\247G\322=p*\345\207\357\033K.sw\346\244\316\251\223"
 208      702AE587 
 208      EF1B4B2E 
 208      7377E6A4 
 208      CEA993
 209 0217 1F9BF4E5 		.ascii	"\037\233\364\345\227\004\301\027\325\202\223S\262\223"
 209      9704C117 
ARM GAS  C:\Users\mvshv\AppData\Local\Temp\cc0pdg9o.s 			page 16


 209      D5829353 
 209      B293
 210 0225 6AC949C7 		.ascii	"j\311I\307\320p\206'>\317\202 \205\313\233\205\353\220"
 210      D0708627 
 210      3ECF8220 
 210      85CB9B85 
 210      EB90
 211 0237 755BAF07 		.ascii	"u[\257\007\356`\357v\264}\263P\013\336-\277h\2120\340"
 211      EE60EF76 
 211      B47DB350 
 211      0BDE2DBF 
 211      688A30E0 
 212 024b 41F2ED5E 		.ascii	"A\362\355^wfl&4o&\2255z\340nfl\343\266\332Z\025\356"
 212      77666C26 
 212      346F2695 
 212      357AE06E 
 212      666CE3B6 
 213 0263 658DBCCC 		.ascii	"e\215\274\314\3645j|\2335\012\266\244\035\322\342~\326"
 213      F4356A7C 
 213      9B350AB6 
 213      A41DD2E2 
 213      7ED6
 214 0275 681B3CB7 		.ascii	"h\033<\267\313\235\245\3174h\236\261>\256\361b\026y"
 214      CB9DA5CF 
 214      34689EB1 
 214      3EAEF162 
 214      1679
 215 0287 82A8F0F2 		.ascii	"\202\250\360\362\270\033\276\303T\367\217O\014\222\374"
 215      B81BBEC3 
 215      54F78F4F 
 215      0C92FC
 216 0296 994DF207 		.ascii	"\231M\362\007+\262g6\313\236\352\346\263\371:\374##"
 216      2BB26736 
 216      CB9EEAE6 
 216      B3F93AFC 
 216      2323
 217 02a8 B3346B72 		.ascii	"\2634kr\322K\"3\315\"\250\365\034j\001\344\347\311t"
 217      D24B2233 
 217      CD22A8F5 
 217      1C6A01E4 
 217      E7C974
 218 02bb 2EC17466 		.ascii	".\301tf\213\323\271\010\235\255r\304\216\275T!\010\323"
 218      8BD3B908 
 218      9DAD72C4 
 218      8EBD5421 
 218      08D3
 219 02cd 503B70D9 		.ascii	"P;p\331&s9[\244\262*\375J\237\026\2173\027I\255\333"
 219      2673395B 
 219      A4B22AFD 
 219      4A9F168F 
 219      331749AD 
 220 02e2 1F3A7571 		.ascii	"\037:uq\331\271\213\222\271\247iRt\202\217\016\331G"
 220      D9B98B92 
 220      B9A76952 
 220      74828F0E 
 220      D947
 221 02f4 BB14AFA4 		.ascii	"\273\024\257\244\321\275'4\330\202\211\023\325\310\327"
ARM GAS  C:\Users\mvshv\AppData\Local\Temp\cc0pdg9o.s 			page 17


 221      D1BD2734 
 221      D8828913 
 221      D5C8D7
 222 0303 473A3DD1 		.ascii	"G:=\321t??}:\031\235\006\202x92\034\352B\323\211\005"
 222      743F3F7D 
 222      3A199D06 
 222      82783932 
 222      1CEA42D3 
 223 0319 74151C76 		.ascii	"t\025\034v#?t\005\371\321*\331KP\325X\007\002\263\207"
 223      233F7405 
 223      F9D12AD9 
 223      4B50D558 
 223      0702B387 
 224 032d BF178475 		.ascii	"\277\027\204u:\352\356;pG\006\330`\006\020\023A>6\375"
 224      3AEAEE3B 
 224      704706D8 
 224      60061013 
 224      413E36FD 
 225 0341 BB2F660A 		.ascii	"\273/f\0125I\230*_\230R\271\205x\025\247\322\223\255"
 225      3549982A 
 225      5F9852B9 
 225      857815A7 
 225      D293AD
 226 0354 85D2244A 		.ascii	"\205\322$J\2348\013V\237\252\206\332{eZ\344\3477C\317"
 226      9C380B56 
 226      9FAA86DA 
 226      7B655AE4 
 226      E73743CF 
 227 0368 CC76667B 		.ascii	"\314vf{\347Y\204\306@Z\010\315`\367:\232!g\227\035\010"
 227      E75984C6 
 227      405A08CD 
 227      60F73A9A 
 227      2167971D 
 228 037d 303B92ED 		.ascii	"0;\222\355\231HQ\020\357\347\234ko!\332\220\252\002"
 228      99485110 
 228      EFE79C6B 
 228      6F21DA90 
 228      AA02
 229 038f 52291921 		.ascii	"R)\031!\332\204\221^`\344\0320\322#2\3020\237\317\236"
 229      DA84915E 
 229      60E41A30 
 229      D22332C2 
 229      309FCF9E 
 230 03a3 99082388 		.ascii	"\231\010#\210\226=h\324r|K\231\333\0140\232\350\334"
 230      963D68D4 
 230      727C4B99 
 230      DB0C309A 
 230      E8DC
 231 03b5 28676751 		.ascii	"(ggQ\221\277\336,\177\223\353:\216\350p5\215\035\272"
 231      91BFDE2C 
 231      7F93EB3A 
 231      8EE87035 
 231      8D1DBA
 232 03c8 DD7C3049 		.ascii	"\335|0I\203\353XcwKi\263\0327\260FeQi\033\217[X\243"
 232      83EB5863 
 232      774B69B3 
 232      1A37B046 
ARM GAS  C:\Users\mvshv\AppData\Local\Temp\cc0pdg9o.s 			page 18


 232      6551691B 
 233 03e0 B862703D 		.ascii	"\270bp=\302\035\2541\264\346\240\031_e\317\331\017\257"
 233      C21DAC31 
 233      B4E6A019 
 233      5F65CFD9 
 233      0FAF
 234 03f2 DD7163B6 		.ascii	"\335qc\266\365\320\334\334\232sE\303J\245\206\024\307"
 234      F5D0DCDC 
 234      9A7345C3 
 234      4AA58614 
 234      C7
 235 0403 E89EEFB7 		.ascii	"\350\236\357\267\360\370&\325\325mh\265\\P\003\343p"
 235      F0F826D5 
 235      D56D68B5 
 235      5C5003E3 
 235      70
 236 0414 4DF7D393 		.ascii	"M\367\323\223\333^!\331\"\324\364e\211\3147\000\363"
 236      DB5E21D9 
 236      22D4F465 
 236      89CC3700 
 236      F3
 237 0425 FDC0E510 		.ascii	"\375\300\345\020pj\317e\031b\324\023\365\332\027\263"
 237      706ACF65 
 237      1962D413 
 237      F5DA17B3 
 238 0435 849A644C 		.ascii	"\204\232dL\265o9j\337D\216\352\343\277\225\325\277\237"
 238      B56F396A 
 238      DF448EEA 
 238      E3BF95D5 
 238      BF9F
 239 0447 5A3D48D6 		.ascii	"Z=H\326\036Vh\337v\324>\362\214\361Z\037Y\375\254\243"
 239      1E5668DF 
 239      76D43EF2 
 239      8CF15A1F 
 239      59FDACA3 
 240 045b 7AA3425D 		.ascii	"z\243B]\256\014\010\331]\320\270C_\016\211\225\361\020"
 240      AE0C08D9 
 240      5DD0B843 
 240      5F0E8995 
 240      F110
 241 046d F2E01144 		.ascii	"\362\340\021D\355>\310\010\310\217 \017@~\000y\0142"
 241      ED3EC808 
 241      C88F200F 
 241      407E0079 
 241      0C32
 242 047f 08320CF2 		.ascii	"\0102\014\362\223\255r\210\367&\205\367zG\357g\344\251"
 242      93AD7288 
 242      F72685F7 
 242      7A47EF67 
 242      E4A9
 243 0491 895995E5 		.ascii	"\211Y\225\345M\263j\310\276\024\230\251\036e\014\006"
 243      4DB36AC8 
 243      BE1498A9 
 243      1E650C06 
 244 04a1 A68C8182 		.ascii	"\246\214\201\202\2456\205\343{S;V\262tWAj\337\324\244"
 244      A53685E3 
 244      7B533B56 
ARM GAS  C:\Users\mvshv\AppData\Local\Temp\cc0pdg9o.s 			page 19


 244      B2745741 
 244      6ADFD4A4 
 245 04b5 4AC6A1A8 		.ascii	"J\306\241\250\236fk\231\372\015\310\347\246\251I\245"
 245      9E666B99 
 245      FA0DC8E7 
 245      A6A949A5 
 246 04c5 EA905F35 		.ascii	"\352\220_5-\243ej\334O\363\213\257:\272\377\244+\322"
 246      2DA3656A 
 246      DC4FF38B 
 246      AF3ABAFF 
 246      A42BD2
 247 04d8 4F170B7F 		.ascii	"O\027\013\177\247\013)\374q\030<*\257`d\362N\242\201"
 247      A70B29FC 
 247      71183C2A 
 247      AF6064F2 
 247      4EA281
 248 04eb C62008FF 		.ascii	"\306 \010\377o@\000\313\256\322\322!\254[g\333\031\251"
 248      6F4000CB 
 248      AED2D221 
 248      AC5B67DB 
 248      19A9
 249 04fd 6BB93A27 		.ascii	"k\271:'\220N\004\001\272\307\326\356\350\367\300\217"
 249      904E0401 
 249      BAC7D6EE 
 249      E8F7C08F 
 250 050d 18EEEF06 		.ascii	"\030\356\357\006\252~pE:\275\223\241\350)`\221GK;\252"
 250      AA7E7045 
 250      3ABD93A1 
 250      E8296091 
 250      474B3BAA 
 251 0521 5FE520D9 		.ascii	"_\345 \331Q\237\300\213Iy~\240\307<L\014l\353B\2540"
 251      519FC08B 
 251      49797EA0 
 251      C73C4C0C 
 251      6CEB42AC 
 252 0536 7564C1AE 		.ascii	"ud\301\256\354J\367b\205\331K^?\332\332}\335\023[\261"
 252      EC4AF762 
 252      85D94B5E 
 252      3FDADA7D 
 252      DD135BB1 
 253 054a DDA967F9 		.ascii	"\335\251g\371\263\247\236\345l\337\272\337z\241\035"
 253      B3A79EE5 
 253      6CDFBADF 
 253      7AA11D
 254 0559 E11415C5 		.ascii	"\341\024\025\305\333=|\021;;\003\244\360z2\206.C\026"
 254      DB3D7C11 
 254      3B3B03A4 
 254      F07A3286 
 254      2E4316
 255 056c DE0725F1 		.ascii	"\336\007%\361\322\236r}\335+\367\237\022\304\253y-J"
 255      D29E727D 
 255      DD2BF79F 
 255      12C4AB79 
 255      2D4A
 256 057e E66D8897 		.ascii	"\346m\210\227\263-E]\222\323\224\002\253\303t=Y\026"
 256      B32D455D 
 256      92D39402 
ARM GAS  C:\Users\mvshv\AppData\Local\Temp\cc0pdg9o.s 			page 20


 256      ABC3743D 
 256      5916
 257 0590 C8827C79 		.ascii	"\310\202|y\027\036\333\277i\243\220[\213\350,O\303,"
 257      171EDBBF 
 257      69A3905B 
 257      8BE82C4F 
 257      C32C
 258 05a2 53F929B3 		.ascii	"S\371)\263\322.\236\002\270\265R\312\2116\011\346Z\000"
 258      D22E9E02 
 258      B8B552CA 
 258      893609E6 
 258      5A00
 259 05b4 B586F743 		.ascii	"\265\206\367C\353A\326\361\312\225\366A)\253\011\320"
 259      EB41D6F1 
 259      CA95F641 
 259      29AB09D0 
 260 05c4 B4AF0902 		.ascii	"\264\257\011\002\240\247\\\254\011\2028\221w\360n\227"
 260      A0A75CAC 
 260      09823891 
 260      77F06E97 
 261 05d4 B7447D3C 		.ascii	"\267D}<\200\245-9\343\034\235\022+\253\011\240s\254"
 261      80A52D39 
 261      E31C9D12 
 261      2BAB09A0 
 261      73AC
 262 05e6 E0E1238C 		.ascii	"\340\341#\214\323\324\224\316\206\324\311\275Z4]?\345"
 262      D3D494CE 
 262      86D4C9BD 
 262      5A345D3F 
 262      E5
 263 05f7 24D026C0 		.ascii	"$\320&\300\376\374y\364\225\323d\337\010\212\033dj\311"
 263      FEFC79F4 
 263      95D364DF 
 263      088A1B64 
 263      6AC9
 264 0609 ACA83FEB 		.ascii	"\254\250?\353\304\331r~\272\350 \325\251\003\356\031"
 264      C4D9727E 
 264      BAE820D5 
 264      A903EE19 
 265 0619 EB30B67C 		.ascii	"\3530\266| oP\243L\353\315\2742\255\323x\222p\364\016"
 265      206F50A3 
 265      4CEBCDBC 
 265      32ADD378 
 265      9270F40E 
 266 062d CA4F065B 		.ascii	"\312O\006[\237\350X\326iI\0226\246\344 r\\\023\304\261"
 266      9FE858D6 
 266      69491236 
 266      A6E42072 
 266      5C13C4B1 
 267 0641 D02F0FDD 		.ascii	"\320/\017\335\302C\350\201\031\224\316\323\243\332\345"
 267      C243E881 
 267      1994CED3 
 267      A3DAE5
 268 0650 AEE40A31 		.ascii	"\256\344\0121e\335I\215\334\330^\355\306R\366;zF\034"
 268      65DD498D 
 268      DCD85EED 
 268      C652F63B 
ARM GAS  C:\Users\mvshv\AppData\Local\Temp\cc0pdg9o.s 			page 21


 268      7A461C
 269 0663 3D39AEC3 		.ascii	"=9\256\303\031\2244U\261\245pP\205\364>\010\254!m\276"
 269      19943455 
 269      B1A57050 
 269      85F43E08 
 269      AC216DBE 
 270 0677 7404E750 		.ascii	"t\004\347P&\304j;\217\245\217\201,\230\2560\370_\322"
 270      26C46A3B 
 270      8FA58F81 
 270      2C98AE30 
 270      F85FD2
 271 068a 0DCF1A7A 		.ascii	"\015\317\032z\247\211+\344\011x&\207^\367A\201@B\006"
 271      A7892BE4 
 271      09782687 
 271      5EF74181 
 271      404206
 272 069d 909049E1 		.ascii	"\220\220I\341\354\000^\276bx\252\232\333\272<\275\323"
 272      EC005EBE 
 272      6278AA9A 
 272      DBBA3CBD 
 272      D3
 273 06ae C4B0BC85 		.ascii	"\304\260\274\205\250\355m\360~+O\340g\361\336\322$\210"
 273      A8ED6DF0 
 273      7E2B4FE0 
 273      67F1DED2 
 273      2488
 274 06c0 F6373B1B 		.ascii	"\3667;\033\307\334\264\242\355\324\347\331\276\324\263"
 274      C7DCB4A2 
 274      EDD4E7D9 
 274      BED4B3
 275 06cf E15DA5E9 		.ascii	"\341]\245\351\354\2373\275\353\354\327\241\312\010\354"
 275      EC9F33BD 
 275      EBECD7A1 
 275      CA08EC
 276 06de E4BD1534 		.ascii	"\344\275\0254\356\022#\260\213F\300R\\uT\355\224\362"
 276      EE1223B0 
 276      8B46C052 
 276      5C7554ED 
 276      94F2
 277 06f0 DD12E55B 		.ascii	"\335\022\345[\031\214\007\367\363\213\324\216S\224\013"
 277      198C07F7 
 277      F38BD48E 
 277      53940B
 278 06ff 2887E2D8 		.ascii	"(\207\342\330-\3418Z\237\371\223\326\021\265s\355\334"
 278      2DE1385A 
 278      9FF993D6 
 278      11B573ED 
 278      DC
 279 0710 B24D4809 		.ascii	"\262MH\011;\327\016\366\036\021\366\036\012\273\260"
 279      3BD70EF6 
 279      1E11F61E 
 279      0ABBB0
 280 071f A5605285 		.ascii	"\245`R\205\263YE\214\234\356\317\3238[a\366\361\316"
 280      B359458C 
 280      9CEECFD3 
 280      385B61F6 
 280      F1CE
ARM GAS  C:\Users\mvshv\AppData\Local\Temp\cc0pdg9o.s 			page 22


 281 0731 BF32DE64 		.ascii	"\2772\336d_\031y\000k/\357\360\225Az\3111\377nE\235"
 281      5F197900 
 281      6B2FEFF0 
 281      95417AC9 
 281      31FF6E45 
 282 0746 F8F1E741 		.ascii	"\370\361\347A>\341j\367=psJW\276D\327~F\327\223\253"
 282      3EE16AF7 
 282      3D70734A 
 282      57BE44D7 
 282      7E46D793 
 283 075b 894F7936 		.ascii	"\211Oy6\330\223\224\325\235\256<1C\007\311k\301\362"
 283      D89394D5 
 283      9DAE3C31 
 283      4307C96B 
 283      C1F2
 284 076d B84FE7C8 		.ascii	"\270O\347\310\346\327\300\317\001\032\325\002\312O\276"
 284      E6D7C0CF 
 284      011AD502 
 284      CA4FBE
 285 077c C4CF81DA 		.ascii	"\304\317\201\332\344\312g\330t\252}\272\265r\202W\262"
 285      E4CA67D8 
 285      74AA7DBA 
 285      B5728257 
 285      B2
 286 078d 5968C766 		.ascii	"Yh\307f\221\310f\021e3eu\345S\254\025\351K}\356\002"
 286      91C86611 
 286      65336575 
 286      E553AC15 
 286      E94B7DEE 
 287 07a2 8D8A2935 		.ascii	"\215\212)5\307O\235\254v\277\016\247G\370\210G\323h"
 287      C74F9DAC 
 287      76BF0EA7 
 287      47F88847 
 287      D368
 288 07b4 F920C47E 		.ascii	"\371 \304~\341N\204\266\255\322\205X?\364\362\354&\252"
 288      E14E84B6 
 288      ADD28558 
 288      3FF4F2EC 
 288      26AA
 289 07c6 92863404 		.ascii	"\222\2064\004\331zx\321\006/"
 289      D97A78D1 
 289      062F
 290 07d0 D9A57FA2 		.ascii	"\331\245\177\242\001\244\264\312\3363w\322\3051}\206"
 290      01A4B4CA 
 290      DE3377D2 
 290      C5317D86 
 291 07e0 471EC7BA 		.ascii	"G\036\307\272x\331\231b\3103X9\333k\033(y\222H\\\356"
 291      78D99962 
 291      C8335839 
 291      DB6B1B28 
 291      7992485C 
 292 07f5 3AEE6F28 		.ascii	":\356o(\325\365\302\361\031v&\216K\323\304\320\375\357"
 292      D5F5C2F1 
 292      1976268E 
 292      4BD3C4D0 
 292      FDEF
 293 0807 46DB8927 		.ascii	"F\333\211'\032\274\217\246':\337\237\323\211T<[\364"
ARM GAS  C:\Users\mvshv\AppData\Local\Temp\cc0pdg9o.s 			page 23


 293      1ABC8FA6 
 293      273ADF9F 
 293      D389543C 
 293      5BF4
 294 0819 50AC8A96 		.ascii	"P\254\212\226\350\305\202N\315\314\014\032L\2130\215"
 294      E8C5824E 
 294      CDCC0C1A 
 294      4C8B308D 
 295 0829 A7BB80F4 		.ascii	"\247\273\200\364U\302\241o\370\231\360{\210W1'\333\212"
 295      55C2A16F 
 295      F899F07B 
 295      88573127 
 295      DB8A
 296 083b 3B8FAA5F 		.ascii	";\217\252_\316\025r{\341\363\247\004\257\255[\003\333"
 296      CE15727B 
 296      E1F3A704 
 296      AFAD5B03 
 296      DB
 297 084c 1C7A8BA8 		.ascii	"\034z\213\250\241\203r\342\036$\353\030*\345{\021*\341"
 297      A18372E2 
 297      1E24EB18 
 297      2AE57B11 
 297      2AE1
 298 085e AF03A2C3 		.ascii	"\257\003\242\303\374\313$qvX\232\335\361E\006&\245\241"
 298      FCCB2471 
 298      76589ADD 
 298      F1450626 
 298      A5A1
 299 0870 BDD69582 		.ascii	"\275\326\225\202!\036\031\230\376\356\033g\\l\000\313"
 299      211E1998 
 299      FEEE1B67 
 299      5C6C00CB 
 300 0880 78DA3959 		.ascii	"x\3329Y4rI\245D\370\371o\024\000\217R\200G$\200\327"
 300      347249A5 
 300      44F8F96F 
 300      14008F52 
 300      80472480 
 301 0895 6E8FE668 		.ascii	"n\217\346hE\200\235\331:\330\330`U\203\357APC\337\312"
 301      45809DD9 
 301      3AD8D860 
 301      5583EF41 
 301      5043DFCA 
 302 08a9 00BF7504 		.ascii	"\000\277u\004x\214\002|\322sk\230\307\327\030\300c\215"
 302      788C027C 
 302      D2736B98 
 302      C7D718C0 
 302      638D
 303 08bb D5A95A0A 		.ascii	"\325\251Z\012\206\224%\003\370UIn\276\316\006\260\202"
 303      86942503 
 303      F855496E 
 303      BECE06B0 
 303      82
 304 08cc 011C5E7D 		.ascii	"\001\034^}rX\347\024`%\005x\\\002h}\324\363\037\021"
 304      7258E714 
 304      60250578 
 304      5C02687D 
 304      D4F31F11 
ARM GAS  C:\Users\mvshv\AppData\Local\Temp\cc0pdg9o.s 			page 24


 305 08e0 5FD34B36 		.ascii	"_\323K6x\240\204\312ex\345\216\360NPx5\203\373v`|\217"
 305      78A084CA 
 305      6578E58E 
 305      F04E5078 
 305      3583FB76 
 306 08f7 C1BB316A 		.ascii	"\301\2731j=\255S\326\025\251B\271\256\252X]\201\342"
 306      3DAD53D6 
 306      15A942B9 
 306      AEAA585D 
 306      81E2
 307 0909 85E6ED19 		.ascii	"\205\346\355\031^\024s\225-\352VK\346\210\332)\344\032"
 307      5E147395 
 307      2DEA564B 
 307      E688DA29 
 307      E41A
 308 091b 0AB95A82 		.ascii	"\012\271Z\202\234\330\336y\026\001\346^\262TU\341fK"
 308      9CD8DE79 
 308      1601E65E 
 308      B25455E1 
 308      664B
 309 092d CA46610F 		.ascii	"\312Fa\017\242j\350\244\014\372\244\270y\241S\024\354"
 309      A26AE8A4 
 309      0CFAA4B8 
 309      79A15314 
 309      EC
 310 093e 0FFB2D5B 		.ascii	"\017\373-[\275\360v\027\247\\Z37\345\271\330\022\240"
 310      BDF07617 
 310      A75C5A33 
 310      37E5B9D8 
 310      12A0
 311 0950 8E7179AE 		.ascii	"\216qy\256\273\276\204)\322\223\023\353L\034\030\277"
 311      BBBE8429 
 311      D29313EB 
 311      4C1C18BF 
 312 0960 E7E2146D 		.ascii	"\347\342\024m=E{FB\373\325\366\261\022\265\210\366^"
 312      3D457B46 
 312      42FBD5F6 
 312      B112B588 
 312      F65E
 313 0972 93DF6499 		.ascii	"\223\337d\231\220\254&:\250V\206Z+Am\240P\373r\252\306"
 313      90AC263A 
 313      A856865A 
 313      2B416DA0 
 313      50FB72AA 
 314 0987 DC6615B9 		.ascii	"\334f\025\271\344\300>\013[\024\375?\312\352\307z|\214"
 314      E4C03E0B 
 314      5B14FD3F 
 314      CAEAC77A 
 314      7C8C
 315 0999 81DFD3F2 		.ascii	"\201\337\323\3620C\213\317\260Fj\325@\275\307\253yB"
 315      30438BCF 
 315      B0466AD5 
 315      40BDC7AB 
 315      7942
 316 09ab 6B0DAD80 		.ascii	"k\015\255\200\365\267\222\205\304-p\020#[[\023x\200"
 316      F5B79285 
 316      C42D7010 
ARM GAS  C:\Users\mvshv\AppData\Local\Temp\cc0pdg9o.s 			page 25


 316      235B5B13 
 316      7880
 317 09bd 4C57EC87 		.ascii	"LW\354\207g\241\247\221\237\305\241f\376U\362\235\272"
 317      67A1A791 
 317      9FC5A166 
 317      FE55F29D 
 317      BA
 318 09ce 79F761ED 		.ascii	"y\367a\355\254\363\324Q.st`pw\243\012_a\306\255\305"
 318      ACF3D451 
 318      2E737460 
 318      7077A30A 
 318      5F61C6AD 
 319 09e3 BDF345DB 		.ascii	"\275\363E\3337_L\314\255I\366\245{\017\261\013\011\252"
 319      375F4CCC 
 319      AD49F6A5 
 319      7B0FB10B 
 319      09AA
 320 09f5 D8B15AA0 		.ascii	"\330\261Z\240\347\034\261{\236\332\275\2725\263\311"
 320      E71CB17B 
 320      9EDABDBA 
 320      35B3C9
 321 0a04 6BD61D6A 		.ascii	"k\326\035j\267\220\331}\332=Z\344\216G\231\335\274\234"
 321      B790D97D 
 321      DA3D5AE4 
 321      8E4799DD 
 321      BC9C
 322 0a16 BEC39EA2 		.ascii	"\276\303\236\242\341\356\227\230\341B\3210\244\226b"
 322      E1EE9798 
 322      E142D130 
 322      A49662
 323 0a25 F16E859E 		.ascii	"\361n\205\236\013\304\360Ej8\251\266u\207\335\031\212"
 323      0BC4F045 
 323      6A38A9B6 
 323      7587DD19 
 323      8A
 324 0a36 C45C4EB2 		.ascii	"\304\\N\2626q\361n\243\213\367\211\374\311\247^\222"
 324      3671F16E 
 324      A38BF789 
 324      FCC9A75E 
 324      92
 325 0a47 72EACF7C 		.ascii	"r\352\317|G\240v\252\177\244/\265N\345L\337\341\343"
 325      47A076AA 
 325      7FA42FB5 
 325      4EE54CDF 
 325      E1E3
 326 0a59 015DA243 		.ascii	"\001]\242C\022+vf\250\247\336\037\246\372'\036\352`"
 326      122B7666 
 326      A8A7DE1F 
 326      A6FA271E 
 326      EA60
 327 0a6b 5BE781A3 		.ascii	"[\347\201\243\355v[P\275\335,:\305Y\220\273*&\314\364"
 327      ED765B50 
 327      BDDD2C3A 
 327      C55990BB 
 327      2A26CCF4 
 328 0a7f 4F5F7FFF 		.ascii	"O_\177\377\000\333_\234) 2,:\300\024\037N\356\206\225"
 328      00DB5F9C 
ARM GAS  C:\Users\mvshv\AppData\Local\Temp\cc0pdg9o.s 			page 26


 328      2920322C 
 328      3AC0141F 
 328      4EEE8695 
 329 0a93 61D1FEE1 		.ascii	"a\321\376\341\232\367?^\346\373nP\020\2475\030\022\242"
 329      9AF73F5E 
 329      E6FB6E50 
 329      10A73518 
 329      12A2
 330 0aa5 62CDAFCF 		.ascii	"b\315\257\3175\230W\204\37754<2\352\213(\2239!\"*.\324"
 330      35985784 
 330      FF35343C 
 330      32EA8B28 
 330      93392122 
 331 0abc 1C17176D 		.ascii	"\034\027\027m\012\37526\301\227>\371\206\305\307\370"
 331      0AFD3236 
 331      C1973EF9 
 331      86C5C7F8 
 332 0acc 1A63BE30 		.ascii	"\032c\2760FD\030#B\347\371\007\372\316\015\014\232\367"
 332      46441823 
 332      42E7F907 
 332      FACE0D0C 
 332      9AF7
 333 0ade AF3F8742 		.ascii	"\257?\207B\377k\261q\261\306\327\214a_D\205F\305\206"
 333      FF6BB171 
 333      B1C6D78C 
 333      615F4485 
 333      46C586
 334 0af1 47274418 		.ascii	"G'D\030Cc\302\300V\2541\324\020a\\\021\226\020m6\230"
 334      4363C2C0 
 334      56AC31D4 
 334      10615C11 
 334      96106D36 
 335 0b06 57AD349A 		.ascii	"W\2554\232\374#9\215\344\357\037\277\252?\323*S\250"
 335      FC23398D 
 335      E4EF1FBF 
 335      AA3FD32A 
 335      53A8
 336 0b18 C1648E00 		.ascii	"\301d\216\000\343\340D\027\025\2672.\336L\2700\230\347"
 336      E3E04417 
 336      15B7322E 
 336      DE4CB830 
 336      98E7
 337 0b2a 4FC10679 		.ascii	"O\301\006yk\012X\372\311G\257\317\015X\274xA\300\373"
 337      6B0A58FA 
 337      C947AFCF 
 337      0D58BC78 
 337      41C0FB
 338 0b3d 4B3E08FE 		.ascii	"K>\010\376\367\\\211 Ctt\004Xq!ZQ\021\252\267\337\013"
 338      F75C8920 
 338      43747404 
 338      5871215A 
 338      5111AAB7 
 339 0b53 59AC5E1C 		.ascii	"Y\254^\034\374\356\207!\252w\226\206\204\240\317\320"
 339      FCEE8721 
 339      AA779686 
 339      84A0CFD0 
 340 0b63 227578B4 		.ascii	"\"ux\2641,^d/\350\015\203Y#=`\223\321<\357\227{4\231"
ARM GAS  C:\Users\mvshv\AppData\Local\Temp\cc0pdg9o.s 			page 27


 340      312C5E64 
 340      2FE80D83 
 340      59233D60 
 340      93D13CEF 
 341 0b7b 63808C2F 		.ascii	"c\200\214/WF\305\201C\034\274 \004\177\260 D\275d\331"
 341      5746C581 
 341      431CBC20 
 341      047FB020 
 341      44BD64D9 
 342 0b8f 920521AE 		.ascii	"\222\005!\256\301K\227,\\\270 \304%\370\223\345K\026"
 342      C14B972C 
 342      5CB820C4 
 342      25F893E5 
 342      4B16
 343 0ba1 86A83F0A 		.ascii	"\206\250?\012^\2600\204\200Y\244\223G\031\314Z6\327"
 343      5EB03084 
 343      8059A493 
 343      4719CC5A 
 343      36D7
 344 0bb3 A80883D9 		.ascii	"\250\010\203\331%n\305\012p\257#X\014+\302L\346\371"
 344      256EC50A 
 344      70AF2358 
 344      0C2BC24C 
 344      E6F9
 345 0bc5 06F3A7BF 		.ascii	"\006\363\247\277.\315\022\303\257N1EQ\311\226f\221\234"
 345      2ECD12C3 
 345      AF4E3145 
 345      51C99666 
 345      919C
 346 0bd7 FA83E077 		.ascii	"\372\203\340w\022L\252\360\310\260xMT\\L\\\204\021\360"
 346      124CAAF0 
 346      C8B0784D 
 346      545C4C5C 
 346      8411F0
 347 0bea C2AB1063 		.ascii	"\302\253\020cX\004\274\230\365\274<\345\334\341\366"
 347      5804BC98 
 347      F5BC3CE5 
 347      DCE1F6
 348 0bf9 597C94D9 		.ascii	"Y|\224\331\010\332\036\360\274\324h\206\247\217\300"
 348      08DA1EF0 
 348      BCD46886 
 348      A78FC0
 349 0c08 905B78E4 		.ascii	"\220[x\344\322U\246Ea\321\346\337;X\2117\333\220\204"
 349      D255A645 
 349      61D1E6DF 
 349      3B588937 
 349      DB9084
 350 0c1b 47028817 		.ascii	"G\002\210\027\244\220\032\200\233/\343\343\022V\022"
 350      A4901A80 
 350      9B2FE3E3 
 350      125612
 351 0c2a 20EE320C 		.ascii	" \3562\014\316\303`X\221\020\033n0\370\317\017\374K"
 351      CEC36058 
 351      91101B6E 
 351      30F8CF0F 
 351      FC4B
 352 0c3c 90466AE9 		.ascii	"\220Fj\351\024\316\355u\336\360\264\303\242|\031\024"
ARM GAS  C:\Users\mvshv\AppData\Local\Temp\cc0pdg9o.s 			page 28


 352      14CEED75 
 352      DEF0B4C3 
 352      A27C1914 
 353 0c4c 18F43F49 		.ascii	"\030\364?I<<z"
 353      3C3C7A
 354              		.text
 355              		.section	.gnu.lto_.symtab.d61803,"",%progbits
 356 0000 70616C52 		.ascii	"palReadBus\000"
 356      65616442 
 356      757300
 357 000b 00       		.ascii	"\000"
 358 000c 00       		.ascii	"\000"
 359 000d 00       		.ascii	"\000"
 360 000e 00000000 		.ascii	"\000\000\000\000\000\000\000\000"
 360      00000000 
 361 0016 32010000 		.ascii	"2\001\000\000"
 362 001a 70616C57 		.ascii	"palWriteBus\000"
 362      72697465 
 362      42757300 
 363 0026 00       		.ascii	"\000"
 364 0027 00       		.ascii	"\000"
 365 0028 00       		.ascii	"\000"
 366 0029 00000000 		.ascii	"\000\000\000\000\000\000\000\000"
 366      00000000 
 367 0031 37010000 		.ascii	"7\001\000\000"
 368 0035 70616C53 		.ascii	"palSetBusMode\000"
 368      65744275 
 368      734D6F64 
 368      6500
 369 0043 00       		.ascii	"\000"
 370 0044 00       		.ascii	"\000"
 371 0045 00       		.ascii	"\000"
 372 0046 00000000 		.ascii	"\000\000\000\000\000\000\000\000"
 372      00000000 
 373 004e 3C010000 		.ascii	"<\001\000\000"
 374 0052 63685379 		.ascii	"chSysHalt\000"
 374      7348616C 
 374      7400
 375 005c 00       		.ascii	"\000"
 376 005d 02       		.ascii	"\002"
 377 005e 00       		.ascii	"\000"
 378 005f 00000000 		.ascii	"\000\000\000\000\000\000\000\000"
 378      00000000 
 379 0067 41010000 		.ascii	"A\001\000\000"
 380 006b 5F70616C 		.ascii	"_pal_lld_setgroupmode\000"
 380      5F6C6C64 
 380      5F736574 
 380      67726F75 
 380      706D6F64 
 381 0081 00       		.ascii	"\000"
 382 0082 02       		.ascii	"\002"
 383 0083 00       		.ascii	"\000"
 384 0084 00000000 		.ascii	"\000\000\000\000\000\000\000\000"
 384      00000000 
 385 008c 47010000 		.ascii	"G\001\000\000"
 386              		.text
 387              		.section	.gnu.lto_.opts,"",%progbits
ARM GAS  C:\Users\mvshv\AppData\Local\Temp\cc0pdg9o.s 			page 29


 388 0000 272D666D 		.ascii	"'-fmath-errno' '-fsigned-zeros' '-ftrapping-math' '"
 388      6174682D 
 388      6572726E 
 388      6F272027 
 388      2D667369 
 389 0033 2D666E6F 		.ascii	"-fno-trapv' '-fno-openmp' '-fno-openacc' '-mcpu=cor"
 389      2D747261 
 389      70762720 
 389      272D666E 
 389      6F2D6F70 
 390 0066 7465782D 		.ascii	"tex-m4' '-mno-thumb-interwork' '-mthumb' '-O2' '-fo"
 390      6D342720 
 390      272D6D6E 
 390      6F2D7468 
 390      756D622D 
 391 0099 6D69742D 		.ascii	"mit-frame-pointer' '-falign-functions=16' '-ffuncti"
 391      6672616D 
 391      652D706F 
 391      696E7465 
 391      72272027 
 392 00cc 6F6E2D73 		.ascii	"on-sections' '-fdata-sections' '-fno-common' '-flto"
 392      65637469 
 392      6F6E7327 
 392      20272D66 
 392      64617461 
 393 00ff 2700     		.ascii	"'\000"
 394              		.text
 395              		.comm	__gnu_lto_v1,1,1
 396              		.comm	__gnu_lto_slim,1,1
 397              		.ident	"GCC: (GNU Tools for Arm Embedded Processors 7-2017-q4-major) 7.2.1 20170904 (release) [ARM
ARM GAS  C:\Users\mvshv\AppData\Local\Temp\cc0pdg9o.s 			page 30


DEFINED SYMBOLS
                            *ABS*:00000000 hal_pal.c
                            *COM*:00000001 __gnu_lto_v1
                            *COM*:00000001 __gnu_lto_slim

NO UNDEFINED SYMBOLS
