ARM GAS  C:\Users\mvshv\AppData\Local\Temp\cc3YESMy.s 			page 1


   1              		.cpu cortex-m4
   2              		.eabi_attribute 20, 1
   3              		.eabi_attribute 21, 1
   4              		.eabi_attribute 23, 3
   5              		.eabi_attribute 24, 1
   6              		.eabi_attribute 25, 1
   7              		.eabi_attribute 26, 1
   8              		.eabi_attribute 30, 2
   9              		.eabi_attribute 34, 1
  10              		.eabi_attribute 18, 4
  11              		.file	"memstreams.c"
  12              		.section	.gnu.lto_.profile.d608e9,"",%progbits
  13 0000 789C6363 		.ascii	"x\234cc```\001bF\206\000K\000\001Q\000\225"
  13      60606001 
  13      62468600 
  13      4B000151 
  13      0095
  14              		.text
  15              		.section	.gnu.lto_.icf.d608e9,"",%progbits
  16 0000 789C6363 		.ascii	"x\234cc``Pc@\0006\206UG\327\317ae\374\276\257{\017\017"
  16      60605063 
  16      40003686 
  16      5547D7CF 
  16      6165FCBE 
  17 0018 D3F3A6F6 		.ascii	"\323\363\246\366&ff0\311\362\277\363\3644&\326\265\277"
  17      26666630 
  17      C9F2BFF3 
  17      F43426D6 
  17      B5BF
  18 002a 7F7EE162 		.ascii	"\177~\341b\000\000P\025\021}"
  18      00005015 
  18      117D
  19              		.text
  20              		.section	.gnu.lto_.jmpfuncs.d608e9,"",%progbits
  21 0000 789C8D4E 		.ascii	"x\234\215NA\012\2000\014K\332n\036\367^O\373\310^\342"
  21      410A8030 
  21      0C4BDA6E 
  21      1EF75E4F 
  21      FBC85EE2 
  22 0014 C99FB946 		.ascii	"\311\237\271F\004\305\203\030\010M\240\011\251\0006"
  22      04C58318 
  22      084DA009 
  22      A90036
  23 0023 DC2830D2 		.ascii	"\334(0\322\373p$)H\233\344\"\305\341\226\327\253\255"
  23      FB702429 
  23      489BE422 
  23      C5E196D7 
  23      ABAD
  24 0035 24B80791 		.ascii	"$\270\007\221<\022-\323\337\336\237-q\266\274_~\264"
  24      3C122DD3 
  24      DFDE9F2D 
  24      71B6BC5F 
  24      7EB4
  25 0047 466855CB 		.ascii	"FhU\313x\351\327\030\021\023\360\01519"
  25      78E9D718 
  25      1113F00D 
  25      3139
ARM GAS  C:\Users\mvshv\AppData\Local\Temp\cc3YESMy.s 			page 2


  26              		.text
  27              		.section	.gnu.lto_.inline.d608e9,"",%progbits
  28 0000 789C6363 		.ascii	"x\234cc``hdd\200\003V\006\006^\036Ff\006\005F\006f\007"
  28      60606864 
  28      64800356 
  28      06065E1E 
  28      46660605 
  29 0018 30990026 		.ascii	"0\231\000&\025\270\330\326\3511p\334\322cb`|\301\316"
  29      15B8D8D6 
  29      E93170DC 
  29      D2636260 
  29      7CC1CE
  30 002b 02214104 		.ascii	"\002!A\004\007\230\311\301\300\262@\236\207\201\361"
  30      0798C9C1 
  30      C0B2409E 
  30      8781F1
  31 003a 2EBB0013 		.ascii	".\273\000\023\230d`\332\305/\0012\220\221\201\207\033"
  31      986460DA 
  31      C52F0132 
  31      90918187 
  31      1B
  32 004b 6A1EC4A4 		.ascii	"j\036\304\244\006F\250\201\314\323\305\031\330\377\252"
  32      0646A881 
  32      CCD3C519 
  32      D8FFAA
  33 005a 61319079 		.ascii	"a1\220y\2218n\003\231\030\004%\031YP\014dR\000\371\000"
  33      91386E03 
  33      99180425 
  33      1959500C 
  33      645200F9 
  34 006f 6C2A3750 		.ascii	"l*7P\033\003\307\007\234\316d\272\300\317\0032Z\006"
  34      1B03C707 
  34      9CCE64BA 
  34      C0CF0332 
  34      5A06
  35 0081 C455000B 		.ascii	"\304U\000\013*\200\0045@F\263\360200O\360\003Af\204"
  35      2A800435 
  35      4046B3F0 
  35      3230304F 
  35      F0034166 
  36 0096 2DD060A0 		.ascii	"-\320`\240\201%,\014\034\354\214\014L\254\035\352\014"
  36      81252C0C 
  36      1CEC8C0C 
  36      4CAC1DEA 
  36      0C
  37 00a7 DC2BDC98 		.ascii	"\334+\334\230\300\021\000\000I\0135\372"
  37      C0110000 
  37      490B35FA 
  38              		.text
  39              		.section	.gnu.lto_.pureconst.d608e9,"",%progbits
  40 0000 789C6363 		.ascii	"x\234cc``\340\006bV\006)F)&)f)\026)\000\004\023\000"
  40      6060E006 
  40      62560629 
  40      46292629 
  40      66291629 
  41 0018 A3       		.ascii	"\243"
  42              		.text
ARM GAS  C:\Users\mvshv\AppData\Local\Temp\cc3YESMy.s 			page 3


  43              		.section	.gnu.lto__put.d608e9,"",%progbits
  44 0000 789C9552 		.ascii	"x\234\225R\317KTQ\024\276\337;\357\207\243f\324\252"
  44      CF4B5451 
  44      14BEDF3B 
  44      EF87A366 
  44      D4AA
  45 0012 C52C5C24 		.ascii	"\305,\\$\"\324\274(\243U\177\214\212\220\340\2204\255"
  45      22D4BC28 
  45      A3557F8C 
  45      8A90E090 
  45      34AD
  46 0024 F3EA9866 		.ascii	"\363\352\230f\031\011\251\331\360\220!\221\242\010\223"
  46      1909A9D9 
  46      F0902191 
  46      A20893
  47 0033 462BD37A 		.ascii	"F+\323z\251\231\277\246\2544\244\205\013C\351wD\344"
  47      A999BFA6 
  47      AC34A485 
  47      0B43E977 
  47      44E4
  48 0045 D23AE7BD 		.ascii	"\322:\347\275)\2156\372\2309\357\336\363\316\371\276"
  48      298D36FA 
  48      9839EFDE 
  48      F3CEF9BE 
  49 0055 EF7CF7DA 		.ascii	"\357|\367\332J\251/\244\3241~\037\345?,\005\243\375"
  49      4AA92FA4 
  49      D4317E1F 
  49      E53F2C05 
  49      A3FD
  50 0067 B9520D79 		.ascii	"\271R\015y\206a\276WJ\347\323\215,\277\012\011f\230"
  50      8661BE57 
  50      4AE7D38D 
  50      2CBF0A09 
  50      6698
  51 0079 370159E8 		.ascii	"7\001Y\350<\250z\203L\324\243\215:\010/\233\356xt\201"
  51      3CA87A83 
  51      4CD4A38D 
  51      3A082F9B 
  51      EE787481 
  52 008d 3C523079 		.ascii	"<R0y\373=\233zW$[\240\230\267}\243\311\021\224]\327"
  52      FB3D9B7A 
  52      57245BA0 
  52      98B77DA3 
  52      C911945D 
  53 00a2 FCF8573A 		.ascii	"\374\370W:\354\236\314\274\216xd\250..\317 \212\273"
  53      EC9ECCBC 
  53      8E7864A8 
  53      2E2ECF20 
  53      8ABB
  54 00b4 880AFB20 		.ascii	"\210\012\373 \312\270\370uv\261\335!\027\212\327\227"
  54      CAB8F875 
  54      76B1DD21 
  54      178AD797 
  55 00c4 7F7EF28D 		.ascii	"\177~\362\215\322>\255\033\265?\327Kz\277G\204!\320"
  55      D23EAD1B 
  55      B53FD74B 
  55      7ABF4784 
ARM GAS  C:\Users\mvshv\AppData\Local\Temp\cc3YESMy.s 			page 4


  55      21D0
  56 00d6 D6464E29 		.ascii	"\326FN)\334C)\227{\3157W\211\016\007\255\263\353S\023"
  56      DC432997 
  56      7BCD3757 
  56      890E07AD 
  56      B3EB5313 
  57 00ea 7F5A3F37 		.ascii	"\177Z?7\221.\364X\355\375\260\365H\024\207\244\321T"
  57      912EF458 
  57      EDFDB0F5 
  57      481487A4 
  57      D154
  58 00fc 788052A9 		.ascii	"x\200R\251\376\361mq6B\345A\347\255\241\314LaIo\320"
  58      FEF16D71 
  58      3642E541 
  58      E7ADA1CC 
  58      4C61496F 
  59 0111 B9DCBDF7 		.ascii	"\271\334\275\367ZROi\323#\013\303\377\022\313\303\345"
  59      5A524F69 
  59      D3230BC3 
  59      FF12CBC3 
  59      E5
  60 0122 2B031B9D 		.ascii	"+\003\033\235\273l\023\017Q\"\003\361\034#\260\025x"
  60      BB6C130F 
  60      512203F1 
  60      1C23B015 
  60      78
  61 0133 D1FFCAF2 		.ascii	"\321\377\312\362\365\306\257\026\355\277\331\267\224"
  61      F5C6AF16 
  61      EDBFD9B7 
  61      94
  62 0140 C9EE2902 		.ascii	"\311\356)\002s\332\206\004\342\340\230\022,\331\332"
  62      73DA8604 
  62      E2E09812 
  62      2CD9DA
  63 014f 121C0E46 		.ascii	"\022\034\016F\0042K\001\002a\352\034\343\261\335\332"
  63      04324B01 
  63      0261EA1C 
  63      E3B1DDDA 
  64 015f 57AD6C17 		.ascii	"W\255l\027\257\222\276ZCc\272\277\255LX\2043E\021\365"
  64      AF92BE5A 
  64      4363BABF 
  64      AD4C5884 
  64      334511F5 
  65 0173 118DC31F 		.ascii	"\021\215\303\037.\216\333\222K\021XT\327\331\261\027"
  65      2E8EDB92 
  65      4B115854 
  65      D7D9B117 
  66 0183 8E1C8015 		.ascii	"\216\034\200\025\21442\226\235\264\323\350i\340\023"
  66      8C343296 
  66      9DB4D3E8 
  66      69E013
  67 0192 28F6288F 		.ascii	"(\366(\217\2330*#\360\267\205\226\245\345\002\367\266"
  67      9B302A23 
  67      F0B78596 
  67      A5E502F7 
  67      B6
  68 01a3 0E3F45F0 		.ascii	"\016?E\360\010it\312\034\012\217\341\006\330\323\261"
ARM GAS  C:\Users\mvshv\AppData\Local\Temp\cc3YESMy.s 			page 5


  68      086974CA 
  68      1C0A8FE1 
  68      06D8D3B1 
  69 01b3 10D9D821 		.ascii	"\020\331\330!\224\037@\211\025x\302P\253hz;^\236\023"
  69      941F4089 
  69      1578C250 
  69      AB687A3B 
  69      5E9E13
  70 01c6 C9688183 		.ascii	"\311h\201\203\255|||\307x\260`\212K\311\334\024\264"
  70      AD7C7C7C 
  70      C778B060 
  70      8A4BC9DC 
  70      14B4
  71 01d8 232E0763 		.ascii	"#.\007c\001\227`b<\220\235\364\232\257Z!\226\311p\302"
  71      01976062 
  71      3C909DF4 
  71      9AAF5A21 
  71      96C970C2 
  72 01ec C70CA9E9 		.ascii	"\307\014\251\351\343\222\333j\221\363\237E\351\"OzL"
  72      E392DB6A 
  72      91F39F45 
  72      E9224F7A 
  72      4C
  73 01fd 4C08199E 		.ascii	"L\010\031\2362t\212\012B\201\335I'\004\265\266%\360"
  73      32748A0A 
  73      4281DD49 
  73      2704B5B6 
  73      25F0
  74 020f A0F830B9 		.ascii	"\240\3700\271\351\303\263P[W3B\224\034\320`\313\334"
  74      E9C3B350 
  74      5B573342 
  74      941CD060 
  74      CBDC
  75 0221 40BE88E1 		.ascii	"@\276\210\341\363\307\024#0\327\302y\344\244n\223fz"
  75      F3C71423 
  75      30D7C279 
  75      E4A46E93 
  75      667A
  76 0233 9366062E 		.ascii	"\223f\006.c\007\366\232\271{\363\025\206J\221\303\271"
  76      6307F69A 
  76      B97BF315 
  76      864A91C3 
  76      B9
  77 0244 7538DCB8 		.ascii	"u8\334\270\346e&w\013\245\2013\230E\324\230\251\332"
  77      E6652677 
  77      0BA58133 
  77      9845D498 
  77      A9DA
  78 0256 EA8A0185 		.ascii	"\352\212\001\2059Dixm\036|\017!(\354\356\201X\314\375"
  78      39446978 
  78      6D1E7C0F 
  78      2128ECEE 
  78      8158CCFD 
  79 026a FB3B9970 		.ascii	"\373;\231pOT\324\272\2655\225n\342\364\251\352\212x"
  79      4F54D4BA 
  79      B535956E 
  79      E2F4A9EA 
ARM GAS  C:\Users\mvshv\AppData\Local\Temp\cc3YESMy.s 			page 6


  79      8A78
  80 027c C28D57C7 		.ascii	"\302\215W\307s\313X\2252j\352PI\361D\335os4Lx"
  80      73CB5895 
  80      326AEA50 
  80      49F144DD 
  80      6F73344C 
  81              		.text
  82              		.section	.gnu.lto__get.d608e9,"",%progbits
  83 0000 789C9552 		.ascii	"x\234\225R]KTQ\024=\353\236;w>\032\213z\020\202!|h\020"
  83      5D4B5451 
  83      143DEB9E 
  83      3B773E1A 
  83      8B7A1082 
  84 0018 21BDD1E7 		.ascii	"!\275\321\347o\351QCPpH\232\036#\217\2169i>\010\246"
  84      6FE95143 
  84      5070489A 
  84      1E238F8E 
  84      39693E08 
  85 002d E5709121 		.ascii	"\345p\221!\221\304\210\222f\314FGoN\232\226SV\032\325"
  85      91C48892 
  85      66CC4647 
  85      6F4E9A96 
  85      53561AD5 
  86 0041 4344A194 		.ascii	"CD\241\224\202\321\227/\205\265\367\275\203\031\275"
  86      82D1972F 
  86      85B5F7BD 
  86      8319BD
  87 0050 E461E67C 		.ascii	"\344a\346|\354\273\327Z{\257s\014!\304\224\024\3428"
  87      ECBBD75A 
  87      7BAF730C 
  87      21C49414 
  87      E238
  88 0062 AD47E90F 		.ascii	"\255G\351\017\217\200\326\361X\210F\237\246\351\037"
  88      8F80D6F1 
  88      5888469F 
  88      A6E91F
  89 0071 84500139 		.ascii	"\204P\0019\220\247%(\241\273q\035\340\215\362A4hRG\003"
  89      90A72528 
  89      A1BB711D 
  89      E08DF241 
  89      34685247 
  90 0086 DAE52589 		.ascii	"\332\345%\211\247\315\267,yQZR@\247\343\347|\342\375"
  90      A7CDB72C 
  90      79515A52 
  90      40A7E3E7 
  90      7CE2FD
  91 0099 4E3E0225 		.ascii	"N>\002%t\354\317\306\306PvM\321\260/\217\030\275\251"
  91      74ECCFC6 
  91      C650764D 
  91      D1B02F8F 
  91      18BDA9
  92 00ac 79E5B7A4 		.ascii	"y\345\267\244&\272)=\205\020n#\304\352i\224Q\362\363"
  92      26BA293D 
  92      85106E23 
  92      C4EA6994 
  92      51F2F3
  93 00bf FC628757 		.ascii	"\374b\207W\232\020\264\357\374\276jk\245\375J5){\256"
ARM GAS  C:\Users\mvshv\AppData\Local\Temp\cc3YESMy.s 			page 7


  93      9A10B4EF 
  93      FCBE6A6B 
  93      A5FD4A35 
  93      297BAE
  94 00d2 4FAAFD96 		.ascii	"O\252\375\226\224\030\206\334\012\244\220\300\035\224"
  94      941886DC 
  94      0AA490C0 
  94      1D94
  95 00e0 72FED74F 		.ascii	"r\376\327O\213\217\374\362\220\203\275>\234z\030\014"
  95      8B8FFCF2 
  95      9083BD3E 
  95      9C7A180C 
  96 00f0 F739D8F5 		.ascii	"\3679\330\365\236=WcjF\351\026\225<\3627\236\007\245"
  96      9E3D5763 
  96      6A46E916 
  96      953CF237 
  96      9E07A5
  97 0103 5B2D834B 		.ascii	"[-\203KR\036s\240\343\235\311\011\275\000]\353)n\214"
  97      521E73A0 
  97      E39DC909 
  97      BD005DEB 
  97      296E8C
  98 0116 A92B0CF5 		.ascii	"\251+\014\365 \343B\017\207pp\023\370nh\243\253\310"
  98      20E3420F 
  98      87707013 
  98      F86E68A3 
  98      ABC8
  99 0128 D0318A30 		.ascii	"\3201\2120\356\"\314MQ/c0\004h\345\360\315g\036[m\374"
  99      EE22CC4D 
  99      512F6330 
  99      0468E5F0 
  99      CD671E5B 
 100 013e 8A2B7B79 		.ascii	"\212+{yo\366\333\213\335E\240\242\015\215'I\223W\347"
 100      6FF6DB8B 
 100      DD45A0A2 
 100      0D8D2749 
 100      9357E7
 101 0151 C9C34783 		.ascii	"\311\303G\203&\315\007n' \030\032\344\200\020\027\210"
 101      26CD076E 
 101      2720181A 
 101      E4801017 
 101      88
 102 0162 936C57B6 		.ascii	"\223lW\266h\245#\355b\266XFS\362G{\031+\261nB\372\304"
 102      68A523ED 
 102      62B65846 
 102      53F2477B 
 102      192BB16E 
 103 0179 0A9A321F 		.ascii	"\012\2322\037\007r\006\307\022\022T\\\367\371\311'^"
 103      077206C7 
 103      1212545C 
 103      F7F9C927 
 103      5E
 104 018a BE08DD69 		.ascii	"\276\010\335ill2?m$\321\333H7QbI\037\201\220e\017\350"
 104      6C6C323F 
 104      6D24D1DB 
 104      48375162 
 104      491F8190 
ARM GAS  C:\Users\mvshv\AppData\Local\Temp\cc3YESMy.s 			page 8


 105 01a1 DB42FCE5 		.ascii	"\333B\374\345\233\035\346\015\345~\362c\034Itq/\002"
 105      9B1DE60D 
 105      E57EF263 
 105      1C497471 
 105      2F02
 106 01b3 13301DEE 		.ascii	"\0230\035\356\331r\227Y\333&\225\355P\201\251\356\021"
 106      D9729759 
 106      DB2695ED 
 106      5081A9EE 
 106      11
 107 01c4 D5129A5F 		.ascii	"\325\022\232_\347\216\024\212Lp\1774Z\351\032\351\255"
 107      E78E148A 
 107      4C707F34 
 107      5AE91AE9 
 107      AD
 108 01d5 51634E17 		.ascii	"QcN\027\2031\257\233 \267\245\345\305\244\243\305\234"
 108      8331AF9B 
 108      20B7A5E5 
 108      C5A4A3C5 
 108      9C
 109 01e6 C83965C7 		.ascii	"\3109e\307\254\226W\036\227K':\326#\205\237m'\334X`"
 109      AC96571E 
 109      974B273A 
 109      D623859F 
 109      6D27DC58 
 110 01fb AB4BDE7F 		.ascii	"\253K\336\177\\J\356\243{'$\356\263\036\246\210\335"
 110      5C4AEEA3 
 110      7B2724EE 
 110      B31EA688 
 110      DD
 111 020c 71BED8F1 		.ascii	"q\276\330\361}\224}\017\260HwK6}\326e\364\270\006\245"
 111      7D947D0F 
 111      B048774B 
 111      367DD665 
 111      F4B806A5 
 112 0220 E3734301 		.ascii	"\343sC\001&\365\003\230&4\251.\264\201s\376\253\245"
 112      26F50398 
 112      2634A92E 
 112      B48173FE 
 112      ABA5
 113 0232 72463EF8 		.ascii	"rF>\370\343\334\014L\342f\226/\361|\272\306\325\012"
 113      E3DC0C4C 
 113      E266962F 
 113      F17CBAC6 
 113      D50A
 114 0244 B23C9BA7 		.ascii	"\262<\233\247\027^\305\0324\221\220\006\305\326\035"
 114      175EC51A 
 114      34919006 
 114      C5D61D
 115 0253 9D652B35 		.ascii	"\235e+5\275\213\253\320p\016\263\010i\231\225\267\344"
 115      BD8BABD0 
 115      700EB308 
 115      699995B7 
 115      E4
 116 0264 79502656 		.ascii	"yP&V\347A\357\012\214#\267\016TT\230\233\277SQ\263\246"
 116      E741EF0A 
 116      8C23B70E 
ARM GAS  C:\Users\mvshv\AppData\Local\Temp\cc3YESMy.s 			page 9


 116      5454989B 
 116      BF5351B3 
 117 0279 B2CEACAB 		.ascii	"\262\316\254\253\2552\243gNWWF\242f\244:R\330V\234\024"
 117      AD32A367 
 117      4E575746 
 117      A266A43A 
 117      52D8569C 
 118 028e 5A6DBD8C 		.ascii	"Zm\275\214D\353Q\365\033\306;B\337"
 118      44EB51F5 
 118      1BC63B42 
 118      DF
 119              		.text
 120              		.section	.gnu.lto__reads.d608e9,"",%progbits
 121 0000 789C9552 		.ascii	"x\234\225R]KTQ\024=\353\234\37359\331\037\360A(\021"
 121      5D4B5451 
 121      143DEB9C 
 121      FB3539D9 
 121      1FF04128 
 122 0015 25BD1046 		.ascii	"%\275\020FP\324s\317\375\003\015!\301)iz\237\343\327"
 122      50D473CF 
 122      FD030D21 
 122      C129697A 
 122      9FE3D7
 123 0028 98E98391 		.ascii	"\230\351\203\221\2162\\bbP\211\210\212\314\322\254n"
 123      8E325C62 
 123      62508988 
 123      8ACCD2AC 
 123      6E
 124 0039 5A536A1A 		.ascii	"ZSj\032\245B\020\024\224%\225X!}\2008\266\317\271\223"
 124      A5421014 
 124      94259558 
 124      217D8038 
 124      B6CFB993 
 125 004d 964F7A99 		.ascii	"\226Oz\231{f\237}\366Zg\355\265\257\305\030+5\030;H"
 125      7B669F7D 
 125      F65A67ED 
 125      B5AFC518 
 125      2B35183B 
 126 0062 FF15F4C2 		.ascii	"\377\025\364\302d\340\035\323\214\325;\234\213\236R"
 126      64E01DD3 
 126      8CD53B9C 
 126      8B9E52
 127 0071 267718BF 		.ascii	"&w\030\277w3\031\0260\202\264\001\250@:`1.\014\304\320"
 127      77331916 
 127      3082B401 
 127      A8403A60 
 127      312E0CC4 
 128 0086 2E3A055E 		.ascii	".:\005^4]\367D\233\360\004\203A\333\357S\311\367\371"
 128      345DF744 
 128      9BF00483 
 128      41DBEF53 
 128      C9F7F9
 129 0099 6A0B14D2 		.ascii	"j\013\024\322vq)3\020.\351\227\262A\372\335\337\016"
 129      76712933 
 129      102EE997 
 129      B241FADD 
 129      DF0E
ARM GAS  C:\Users\mvshv\AppData\Local\Temp\cc3YESMy.s 			page 10


 130 00ab 5F6A6C3E 		.ascii	"_jl>\352\011\316\022T=\200\002\334D\201\272\373\026"
 130      EA09CE12 
 130      543D8002 
 130      DC4481BA 
 130      FB16
 131 00bd 4AA87666 		.ascii	"J\250vfj\256\303\026.\030\305\027~|\361yq\257\306\315"
 131      6AAEC316 
 131      2E18C517 
 131      7E7CF179 
 131      71AFC6CD 
 132 00d1 A785DCE3 		.ascii	"\247\205\334\343\011\201A\210\177\201\224b\270\215b"
 132      09814188 
 132      7F819462 
 132      B88D62
 133 00e0 2A5F699B 		.ascii	"*_i\233K\204\304>\015=\277\320\237E\016\372\254WC\015"
 133      4B84C43E 
 133      0D3DBFD0 
 133      9F450EFA 
 133      AC57430D 
 134 00f4 DCD90C35 		.ascii	"\334\331\0145\030\2064tUv&\362\305~\015\235\237Lw\330"
 134      18863474 
 134      557626F2 
 134      C57E0D9D 
 134      9F4C77D8 
 135 0108 7F6FEDD3 		.ascii	"\177o\355\323P\216\341\315P\316p\027\305\252~\371\353"
 135      508EE1CD 
 135      50CE7017 
 135      C5AA7EF9 
 135      EB
 136 0119 DC64481C 		.ascii	"\334dH\034\320\330+\203\003\023\341\242\264\306Nw\233"
 136      D0D82B83 
 136      0313E1A2 
 136      B4C64E77 
 136      9B
 137 012a 49E93715 		.ascii	"I\3517\025z\302\304\310\377p\365P\365\273\033\331\256"
 137      7AC2C4C8 
 137      FF70F550 
 137      F5BB1BD9 
 137      AE
 138 013b 9D96817B 		.ascii	"\235\226\201{(Rf\220\007\367a1Pp\355\245\351\313\354"
 138      28526690 
 138      07F76131 
 138      5070EDA5 
 138      E9CBEC
 139 014e 5A8BF433 		.ascii	"Z\213\3643\277\320\227n\307.\320\235\026W\213P\213\241"
 139      BFD0976E 
 139      C72ED09D 
 139      16578B50 
 139      8BA1
 140 0160 D49B6AB1 		.ascii	"\324\233j\261\324\326V\213\243%\205\240\354\310\203"
 140      D4D6568B 
 140      A32585A0 
 140      ECC883
 141 016f 8AC350FD 		.ascii	"\212\303P\3751v\226\310il\322g\255$\234\242F\237}DC"
 141      317696C8 
 141      696CD267 
 141      AD249CA2 
ARM GAS  C:\Users\mvshv\AppData\Local\Temp\cc3YESMy.s 			page 11


 141      469F7D44 
 142 0184 6A6192AB 		.ascii	"ja\222\253+\225\200\244\010\261\317h\030\376\264R\241"
 142      2B9580A4 
 142      08B1CF68 
 142      18FEB452 
 142      A1
 143 0195 52490112 		.ascii	"RI\001\022\230h\036}n\2539\232\272\273\221\321\251\214"
 143      98681E7D 
 143      6EAB399A 
 143      BABB91D1 
 143      A98C
 144 01a7 95C2C57A 		.ascii	"\225\302\305z)%\265e\023\006\017T;t6\333\362\352M\236"
 144      2925B565 
 144      13060F54 
 144      3B7436DB 
 144      F2EA4D9E 
 145 01bb 7B550647 		.ascii	"{U\006G\034>R\350R=1<\204\253\251\307\313\002f\276M"
 145      1C3E52E8 
 145      523D313C 
 145      84ABA9C7 
 145      CB0266BE 
 146 01d0 AA514DA5 		.ascii	"\252QM\245l\301\230\246j\354\211\267\232\001\227 \241"
 146      6CC198A6 
 146      6AEC89B7 
 146      9A019720 
 146      A1
 147 01e1 C4C83EA0 		.ascii	"\304\310>\240iz\254b=\227\247-n\245o\243\2474\327\353"
 147      697AAC62 
 147      3D97A72D 
 147      6EA56FA3 
 147      A734D7EB 
 148 01f5 F221DD2A 		.ascii	"\362!\335*\271B\025\372\320Xw\"\030fR8\201\005\253\307"
 148      B94215FA 
 148      D0587722 
 148      18665238 
 148      8105ABC7 
 149 0209 0222635B 		.ascii	"\002\"c[B\015<\322B\271\022\3728\020\352\305/\333\001"
 149      420D3CD2 
 149      42B912FA 
 149      3810EAC5 
 149      2FDB01
 150 021c 9749744A 		.ascii	"\227ItJ\350\"\342\251|=g\"\030\032Z|m\307V\245\343\011"
 150      E822E2A9 
 150      7C3D6722 
 150      181A5A7C 
 150      6DC756A5 
 151 0232 27A13A44 		.ascii	"'\241:D\0061\226\024a]O\331\334L\262G\002\022kK\202"
 151      06319614 
 151      615D4FD9 
 151      DC4CB247 
 151      02126B4B 
 152 0247 CA94694F 		.ascii	"\312\224iO6L{\032hI\304\021\260\020\304\312\365:{N\347"
 152      364C7B1A 
 152      6849C411 
 152      B010C4CA 
 152      F53A7B4E 
 153 025c B64E3BBE 		.ascii	"\266N;\276A;\001\227\270\330\022y\2736\223\243v\350"
ARM GAS  C:\Users\mvshv\AppData\Local\Temp\cc3YESMy.s 			page 12


 153      413B0197 
 153      B8D81279 
 153      BB3693A3 
 153      76E8
 154 026e E0271C1A 		.ascii	"\340'\034\032\000\2476h\022o\005}|PF\223-{\313\313\335"
 154      00A73668 
 154      126F057D 
 154      7C504693 
 154      2D7BCBCB 
 155 0283 F5DFA9A8 		.ascii	"\365\337\251\250{\242\262\326\255\255\251r\243gNWWF"
 155      7BA2B2D6 
 155      ADADA972 
 155      A3674E57 
 155      5746
 156 0295 A26EA43A 		.ascii	"\242n\244:\222\013\313\2173^S\307\253\352pRD\242u\177"
 156      920BCB8F 
 156      335E53C7 
 156      ABEA7052 
 156      44A2757F 
 157 02a9 0096F25B 		.ascii	"\000\226\362[7"
 157      37
 158              		.text
 159              		.section	.gnu.lto__writes.d608e9,"",%progbits
 160 0000 789C9552 		.ascii	"x\234\225R\337K\024Q\024\276\337\2753;\263\356f\377"
 160      DF4B1451 
 160      14BEDFBD 
 160      333BB3EE 
 160      66FF
 161 0012 800F4289 		.ascii	"\200\017B\211(\265\003a\024F\357\375\033\032B\202[\322"
 161      28B50361 
 161      1446EFFD 
 161      1B1A4282 
 161      5BD2
 162 0024 F6BED75F 		.ascii	"\366\276\327_kf\017F\272\3312\304\206\324>HTd\232?\252"
 162      6B660F46 
 162      BAD932C4 
 162      86D43E48 
 162      54649A3F 
 163 0039 49CD52D1 		.ascii	"I\315R\321(\025\302\242\207\312bs1\"\222 \\;\367\316"
 163      2815C2A2 
 163      87CA6273 
 163      31229220 
 163      5C3BF7CE 
 164 004d A2E5930E 		.ascii	"\242\345\223\016;g\317=\367|\337\375\316w'\300\030\253"
 164      3B67CF3D 
 164      F77CDFFD 
 164      CE7727C0 
 164      18AB
 165 005f 3018ABA6 		.ascii	"0\030\253\246\377*za2\360\256y\306\232l\316Eo%\223E"
 165      FF2A7A61 
 165      32F0AE79 
 165      C69A6CCE 
 165      456F2593 
 166 0074 C6EF034C 		.ascii	"\306\357\003L\206\005\014\277l\000*\2216X\234\013\003"
 166      86050CBF 
 166      6C002A91 
 166      36589C0B 
ARM GAS  C:\Users\mvshv\AppData\Local\Temp\cc3YESMy.s 			page 13


 166      03
 167 0085 715C16DD 		.ascii	"q\\\026\335\002\257[\357\271\242S\270\202\301\240\345"
 167      02AF5BEF 
 167      B9A253B8 
 167      82C1A0E5 
 168 0095 8FB9D4A7 		.ascii	"\217\271\324\247b\265\004Ji\231[\233\032\010Wd\244l"
 168      62B5044A 
 168      69995B9B 
 168      1A085764 
 168      A46C
 169 00a7 96DEB5B1 		.ascii	"\226\336\265\261\2237[\332N\271\202\263$u\017\240\004"
 169      93375BDA 
 169      4EB982B3 
 169      24750FA0 
 169      04
 170 00b8 0F50A2CE 		.ascii	"\017P\242\316~\210\012\352]\230[\352\262\204\003F\371"
 170      7E880AEA 
 170      5D985BEA 
 170      B2840346 
 170      F9
 171 00c9 D55FAB1E 		.ascii	"\325_\253\036/\277\245q\271>!\017\272B`\020\342_ \225"
 171      2FBFA571 
 171      B93E210F 
 171      BA426010 
 171      E25F2095 
 172 00dd 1886504E 		.ascii	"\030\206PN\355\177:\227\222AqDC\257|\315\344Q\200N\336"
 172      ED7F3A97 
 172      92417144 
 172      43AF7CCD 
 172      E451804E 
 173 00f2 D650038F 		.ascii	"\326P\003\217vB\015\206a\015\335\220\335\311bqTC?\317"
 173      76420D86 
 173      610DDD90 
 173      DDC96271 
 173      54433FCF 
 174 0106 F6755905 		.ascii	"\366uY\005\350\373\214\206r\214\354\204r\206Q\224\253"
 174      E8FB8C86 
 174      728CEC84 
 174      72865194 
 174      AB
 175 0117 FE9FDF97 		.ascii	"\376\237\337\227f\203\342\230\306\366\017\016\314\204"
 175      6683E298 
 175      C6F60F0E 
 175      CC84
 176 0125 CBFA3436 		.ascii	"\313\37246\337c\246\244\327Z\352\012\023c\377\303\325"
 176      DF63A6A4 
 176      D75AEA0A 
 176      1363FFC3 
 176      D5
 177 0136 43DD1FEF 		.ascii	"C\335\037\357\347{\366\005\014<F\2312\203<x\202\000"
 177      E77BF605 
 177      0C3C4699 
 177      32833C78 
 177      8200
 178 0148 032577DF 		.ascii	"\003%w\337\230\236\314o\266Ko}\005\231\321\320~\320"
 178      989ECC6F 
 178      B64B6F7D 
ARM GAS  C:\Users\mvshv\AppData\Local\Temp\cc3YESMy.s 			page 14


 178      0599D1D0 
 178      7ED0
 179 015a 9101AE82 		.ascii	"\221\001\256\202P\301\240`\231*\004\324\322R\301\326"
 179      50C1A060 
 179      992A04D4 
 179      D252C1D6 
 180 016a 8A82506E 		.ascii	"\212\202Pn\204\240\3620\324x\214]$n\2725\351\261\016"
 180      84A0F230 
 180      D4788C5D 
 180      246EBA35 
 180      E9B10E
 181 017d D24D598B 		.ascii	"\322MY\213\307\276\2409\2759\303\325\211\352\374\224"
 181      C7BEA039 
 181      BD39C3D5 
 181      89EAFC94 
 182 018d 08B26F68 		.ascii	"\010\262oh\036\311f\253T)%@\372\222m\343\257,u\215\246"
 182      1EC966AB 
 182      54292540 
 182      FA926DE3 
 182      AF2C758D 
 183 01a2 1E6E6C7C 		.ascii	"\036nl|n*\220\306\215&)%Me\023\006O\3254\264\267\330"
 183      6E2A90C6 
 183      8D262925 
 183      4D651306 
 183      4FD534B4 
 184 01b8 FEF643C8 		.ascii	"\376\366C\310\271#\375-\016\017i\364\250\221\030\236"
 184      B923FD2D 
 184      0E0F69F4 
 184      A891189E 
 185 01c8 C1D1D4D3 		.ascii	"\301\321\324\323\021\237\231\357\221j\\S)W0\241\251"
 185      119F99EF 
 185      916A5C53 
 185      295730A1 
 185      A9
 186 01d9 5A7A13D7 		.ascii	"Zz\023\327M\237K\220Pbd+h\235\237\250\332\252\205\264"
 186      4D9F4B90 
 186      5062642B 
 186      689D9FA8 
 186      DAAA85B4 
 187 01ed C31DF469 		.ascii	"\303\035\364i\364V\026f\355?\241G%W\250Co\032[N\370"
 187      F4561666 
 187      ED3FA147 
 187      2557A843 
 187      6F1A5B4E 
 188 0202 779912B6 		.ascii	"w\231\022\266o\301j\265Od\354I\250\205I-\224+\241\317"
 188      6FC16AB5 
 188      4F64EC49 
 188      A885492D 
 188      942BA1CF 
 189 0216 7DA16E22 		.ascii	"}\241n\"[\020j\022\235\022\232C\"]\254\257\231\010\206"
 189      5B106A12 
 189      9D129A43 
 189      225DACAF 
 189      990886
 190 0229 8773EFAC 		.ascii	"\207s\357\254\370\206\264]\021L\252\0111\2058\323\315"
 190      F886B45D 
 190      114CAA09 
ARM GAS  C:\Users\mvshv\AppData\Local\Temp\cc3YESMy.s 			page 15


 190      318538D3 
 190      CD
 191 023a 6152E38A 		.ascii	"aR\343\212\"_P\356\270O\022\330\225\240\303\312\264"
 191      225F50EE 
 191      B84F12D8 
 191      95A0C3CA 
 191      B4
 192 024b 17DBA6BD 		.ascii	"\027\333\246\275\364\265$\023\360Y,\"*\314\272xI\327"
 192      F4B52413 
 192      F0592C22 
 192      2ACCBA78 
 192      49D7
 193 025d 764F3BBD 		.ascii	"vO;\275M;\003\207\270\330\032y;\264P\240\266ic\035\004"
 193      4D3B0387 
 193      B8D81A79 
 193      3BB450A0 
 193      B669631D 
 194 0272 0E711A43 		.ascii	"\016q\032C\210\345eA\037\037\224\321d\313\241H\304\331"
 194      88E56541 
 194      1F1F94D1 
 194      64CBA148 
 194      C4D9
 195 0284 FA9D8B39 		.ascii	"\372\235\2139gj\032\234\206\372Z'v\341|]M4\346D\353"
 195      676A1A9C 
 195      86FA5A27 
 195      76E17C5D 
 195      4D34E644 
 196 0299 A2853472 		.ascii	"\242\2054r\232\361\372F^\333\210\263\"\032k\374\013"
 196      9AF1FA46 
 196      5EDB88B3 
 196      221A6BFC 
 196      0B
 197 02aa 9B045AAC 		.ascii	"\233\004Z\254"
 198              		.text
 199              		.section	.gnu.lto_msObjectInit.d608e9,"",%progbits
 200 0000 789C9D92 		.ascii	"x\234\235\222\317k\023A\024\307\347\273\263\273\331"
 200      CF6B1341 
 200      14C7E7BB 
 200      B3BBD9
 201 000f 125A3C78 		.ascii	"\022Z<x\020\355\241\007!\026${\360\346E\360\242\377"
 201      10EDA107 
 201      2116247B 
 201      F0E645F0 
 201      A2FF
 202 0021 462B2916 		.ascii	"F+)\026\032*]\275\210\220M\322\230\024\177\340\301F"
 202      1A2A5DBD 
 202      88904DD2 
 202      98147FE0 
 202      C146
 203 0033 096B09B5 		.ascii	"\011k\011\2651\247`\245ZmS\315\032m\324\246\251T,X\324"
 203      31A760A5 
 203      5A6D53CD 
 203      1A6DD4A6 
 203      A9542C58 
 204 0048 2A56440B 		.ascii	"*VD\013*\322\202\265h\353\233I\024-^\314\260\313\276"
 204      2AD282B5 
 204      68EB9B49 
ARM GAS  C:\Users\mvshv\AppData\Local\Temp\cc3YESMy.s 			page 16


 204      142D5ECC 
 204      B0CBBE
 205 005b D97DDFCF 		.ascii	"\331}\337\317\373\356{\2433\306\0069c\373\351\271\203"
 205      FBEE7BA3 
 205      33C60639 
 205      63FBE9B9 
 205      83
 206 006c 6E7006E5 		.ascii	"np\006\345\334\014caC\001D`\033`!\005!\234\346\3479"
 206      DC0C6361 
 206      43014460 
 206      1B602105 
 206      219CE6E7 
 207 0081 8AF17763 		.ascii	"\212\361wcJk\326\246\345^\030\360\234\264c\333\034\222"
 207      4A6BD6A6 
 207      E55E18F0 
 207      9CB463DB 
 207      1C92
 208 0093 27E9160B 		.ascii	"'\351\026\013#h\245\254\331\336a\207\237\342\016\007"
 208      2368A5AC 
 208      D9DE6187 
 208      9FE20E07 
 209 00a3 54DA7EA9 		.ascii	"T\332~\251\244\026\233\304VA\013m\227?\317\225\033\270"
 209      A4169BC4 
 209      56410B6D 
 209      973FCF95 
 209      1BB8
 210 00b5 0946F1EA 		.ascii	"\011F\361\352\374\350._\306\266#\266;=\304\355\235\016"
 210      FCE82E5F 
 210      C6B623B6 
 210      3B3DC4ED 
 210      9D0E
 211 00c7 E7180527 		.ascii	"\347\030\005'\036n\240\031\327\321\314\350\025\303M"
 211      1E6EA019 
 211      D7D1CCE8 
 211      15C34D
 212 00d6 F8283BDB 		.ascii	"\370(;\333\233\237o\340{\244r\370\325\312\252Q\223~"
 212      9B9F6FE0 
 212      7BA472F8 
 212      D5CAAA51 
 212      937E
 213 00e8 CF48A98A 		.ascii	"\317H\251\212[\233\245*\303\230\224\016\206\347\312"
 213      5B9BA52A 
 213      C398940E 
 213      86E7CA
 214 00f7 8D7CAF94 		.ascii	"\215|\257\224\276\356\313\235Qk\322\322\245\255\227"
 214      BEEECB9D 
 214      516BD2D2 
 214      A5AD97
 215 0106 A3F64187 		.ascii	"\243\366A\207k\030\337,\326\030\362R\3745[\234T\371"
 215      6B18DF2C 
 215      D618F252 
 215      FC355B9C 
 215      54F9
 216 0118 3E295E4A 		.ascii	">)^JN\215k\277\352V-k\230\370\207\3646|\"\377\315\265"
 216      4E8D6BBF 
 216      EA562D6B 
 216      98F887F4 
ARM GAS  C:\Users\mvshv\AppData\Local\Temp\cc3YESMy.s 			page 17


 216      367C22FF 
 217 012e F5FE465D 		.ascii	"\365\376F]\255\266\010w\2403Pp\365\211\346\332\353\033"
 217      ADB60877 
 217      A0335070 
 217      F589E6DA 
 217      EB1B
 218 0140 71DB7D9B 		.ascii	"q\333}\233A\341\200\227\232M\277\250B\270\325!\312\032"
 218      41E18097 
 218      9A4DBFA8 
 218      42B8D521 
 218      CA1A
 219 0152 90049620 		.ascii	"\220\004\226 \035\315\301vY\037WD\024u\331\022\"k\361"
 219      1DCDC176 
 219      591F5744 
 219      1475D912 
 219      226BF1
 220 0165 5CFE84C0 		.ascii	"\\\376\204\300Q\211d\254\370\330#\372\313\245\303\211"
 220      518964AC 
 220      F8D823FA 
 220      CBA5C389 
 221 0175 62A5A4A7 		.ascii	"b\245\244\2471\020\246!\245\267;\\OQ\343\013dK||\032"
 221      3110A621 
 221      A5B73B5C 
 221      4F51E30B 
 221      644B7C7C 
 222 018a 7FB6E035 		.ascii	"\177\266\3405sb\200-\016\367\300E\032\375rz\270\013"
 222      7362802D 
 222      0EF7C045 
 222      1AFD727A 
 222      B80B
 223 019c F34F9847 		.ascii	"\363O\230G\302\242k\205\345\246\320\017\233\306\354"
 223      C2A26B85 
 223      E5A6D00F 
 223      9BC6EC
 224 01ab 498B3C7A 		.ascii	"I\213<z\367m\366c\302+\012lq\270\201{t6\2125zth$\006"
 224      F76DF663 
 224      C22B0A6C 
 224      71B8817B 
 224      74368A35 
 225 01c4 CABE4895 		.ascii	"\312\276H\225\257@0\356\023\237\330\223\010\011\327"
 225      AF4030EE 
 225      139FD893 
 225      0809D7
 226 01d3 A90FCF17 		.ascii	"\251\017\317\027=5\327\377aSEI\332\024\235\303\003\230"
 226      3D35D7FF 
 226      61534549 
 226      DA149DC3 
 226      0398
 227 01e5 299AABA4 		.ascii	")\232\253\244\275\250\207\246\341\241\244)\202\366H"
 227      BDA887A6 
 227      E1A1A429 
 227      82F648
 228 01f4 D0F42AED 		.ascii	"\320\364*\355e}\264)I\223\343-\013\232!h+\357\027\352"
 228      657DB429 
 228      4993E32D 
 228      0B9A2168 
 228      2BEF17EA 
ARM GAS  C:\Users\mvshv\AppData\Local\Temp\cc3YESMy.s 			page 18


 229 0208 A34D4B9A 		.ascii	"\243MK\232*h\225\277\007\242\201a\206T\237\020Io\234"
 229      2A6895BF 
 229      07A28161 
 229      86549F10 
 229      496F9C
 230 021b 853C4B62 		.ascii	"\205<Kb%\250/t.\350wv\373\375\346\357\253\3332\017\267"
 230      25A82F74 
 230      2EE87776 
 230      FBFDE6EF 
 230      ABDB320F 
 231 0230 75995D9D 		.ascii	"u\231]\235\355\246u\264'\320\026\264\314` X\013\375"
 231      EDA675B4 
 231      27D016B4 
 231      CC602058 
 231      0BFD
 232 0242 87180F5A 		.ascii	"\207\030\017ZG\364\366c\035\035\201\036\325\352<\036"
 232      47F4F663 
 232      1D1D811E 
 232      D5EA3C1E 
 233 0252 E0816EEB 		.ascii	"\340\201n\353'\206MF\037"
 233      27864D46 
 233      1F
 234              		.text
 235              		.section	.gnu.lto_vmt.d608e9,"",%progbits
 236 0000 789C6363 		.ascii	"x\234cc``\330\000\304z\014\0200\205\231q\347\3167\267"
 236      6060D800 
 236      C47A0C10 
 236      30859971 
 236      E7CE37B7 
 237 0014 D9EBFF36 		.ascii	"\331\353\3776t44<\350^\317<\233y\0163\3034f\014\271"
 237      7434343C 
 237      E85ECF3C 
 237      9B790E33 
 237      C334660C 
 238 0029 05DB78E6 		.ascii	"\005\333x\34603Ncf\304\220\370\006\324\3014\215\231"
 238      30334E63 
 238      66C490F8 
 238      06D4C134 
 238      8D99
 239 003b 09436213 		.ascii	"\011Cb\023P\202y\03233Xb\375\233\235?y\273\201\",\214"
 239      5082791A 
 239      33335862 
 239      FD9B9D3F 
 239      79BB8122 
 240 0051 20EED9FB 		.ascii	" \356\331\373s\2370Ylk\350X\320\0200\207\231u*3\003"
 240      739F3059 
 240      6C6BE858 
 240      D0103087 
 240      99752A33 
 241 0066 E3764699 		.ascii	"\343vF\231\251\314\214\214\333\030\353\247231n\005Q"
 241      A9CC8C8C 
 241      DB18EBA7 
 241      3233316E 
 241      0551
 242 0078 CC8C5B40 		.ascii	"\314\214[@\024\013\343f\306z\006\306\035\214\026\014"
 242      140BE366 
 242      C67A06C6 
ARM GAS  C:\Users\mvshv\AppData\Local\Temp\cc3YESMy.s 			page 19


 242      1D8C160C 
 243 0088 3A7A7AFA 		.ascii	":zz\372p\224_\254\237\221\230\243\237\223\231\244_\\"
 243      70945FAC 
 243      9F9198A3 
 243      9F9399A4 
 243      5F5C
 244 009a 52949A98 		.ascii	"R\224\232\230[\254\237\233\232\013e\352%3\000\000\304"
 244      5BAC9F9B 
 244      9A0B65EA 
 244      25330000 
 244      C4
 245 00ab 414F10   		.ascii	"AO\020"
 246              		.text
 247              		.section	.gnu.lto_.symbol_nodes.d608e9,"",%progbits
 248 0000 789C5DC9 		.ascii	"x\234]\311\315\015\3020\020D\341\347Y\3546\220R\011"
 248      CD0DC230 
 248      1044E1E7 
 248      59EC3690 
 248      5209
 249 0012 54B67BE2 		.ascii	"T\266{\342\210RB\312 \346Oi UpL\021XD\\|\030=\351\233"
 249      885242CA 
 249      20E64F69 
 249      2055704C 
 249      1158445C 
 250 002b 025CDBD0 		.ascii	"\002\\\333\320]\016\343\012-\267i\211\322\354!O\275"
 250      5D0EE30A 
 250      2DB76989 
 250      D2EC214F 
 250      BD
 251 003c 55B97A9B 		.ascii	"U\271z\233\345\326\333K~\370[\2153\344\247\210\001,"
 251      E5D6DB4B 
 251      7EF85B8D 
 251      33E4A788 
 251      012C
 252 004e BDE5F977 		.ascii	"\275\345\371wA\304\251\211\012\237\313v4\333\313\027"
 252      41C4A989 
 252      0A9FCB76 
 252      34DBCB17 
 253 005e 2CA2266C 		.ascii	",\242&l"
 254              		.text
 255              		.section	.gnu.lto_.refs.d608e9,"",%progbits
 256 0000 789C6363 		.ascii	"x\234cc``\020\000bF\026&VF\026V&f&&&\006&F\006\000\003"
 256      60601000 
 256      62461626 
 256      56461656 
 256      26662626 
 257 001b 51003B   		.ascii	"Q\000;"
 258              		.text
 259              		.section	.gnu.lto_.decls.d608e9,"",%progbits
 260 0000 789CAD56 		.ascii	"x\234\255VkP\024\331\025\356\333w\230\031\206\227\253"
 260      6B5014D9 
 260      15EEDB77 
 260      98198697 
 260      AB
 261 0011 D6AE5BA1 		.ascii	"\326\256[\241*\254\313V\221M\226\207\233\212\251$?\222"
 261      2AACCB56 
 261      914D9687 
ARM GAS  C:\Users\mvshv\AppData\Local\Temp\cc3YESMy.s 			page 20


 261      9B8AA924 
 261      3F92
 262 0023 F2C7263F 		.ascii	"\362\307&?L\252\342f\253\254P;\016C#\263\305\314\020"
 262      4CAAE266 
 262      ABAC503B 
 262      0E4323B3 
 262      C5CC10
 263 0036 A6C9AEF9 		.ascii	"\246\311\256\371\325\274\004\021\024DQ\020\224 >\000"
 263      D5BC0411 
 263      14445110 
 263      94203E00 
 264 0046 415CF0C9 		.ascii	"A\\\360\311\303Q\020]\037\210\343*\272\242\030\304U"
 264      C351105D 
 264      1F88E32A 
 264      BAA218C4 
 264      55
 265 0057 8C2B820A 		.ascii	"\214+\202\012\213(\344\334{\273g\232af\263Im\027\207"
 265      8B28E4DC 
 265      7BBB679A 
 265      6166B349 
 265      6D1787
 266 006a 9E7BFADC 		.ascii	"\236{\372\334\357;\347\273\247\357m-\307q]a\034\027"
 266      EF3BE7BB 
 266      A7EF6D2D 
 266      C7715D61 
 266      1C17
 267 007c 81394EE2 		.ascii	"\2019N\3429n\006.\035\370N\202i\301\214`m`'\300:\301"
 267      396E062E 
 267      1DF84E82 
 267      69C18C60 
 267      6D6027C0 
 268 0092 BAC17488 		.ascii	"\272\301t\210\243\027y\036\004\277C\300\302\300^\003"
 268      A317791E 
 268      04BF43C0 
 268      C2C05E03 
 269 00a2 5B041605 		.ascii	"[\004\026\005FB~\"\307)\327\033\200o\200\373|\260\205"
 269      46427E22 
 269      C729D71B 
 269      806F80FB 
 269      7CB085
 270 00b5 60FD2A7C 		.ascii	"`\375*|\202\271R\346\321\"\306\005)q\323`\010\306X\306"
 270      82B952E6 
 270      D122C605 
 270      2971D360 
 270      08C658C6 
 271 00c9 0CF2C224 		.ascii	"\014\362\302$\327\217\374\340\022L\202\355\013\227`"
 271      D78FFCE0 
 271      124C82ED 
 271      0B9760
 272 00d8 CE701EDC 		.ascii	"\316p\036\334\020\037\270?\366\302\355\224qO\250\362"
 272      101FB83F 
 272      F6C2ED94 
 272      714FA8F2 
 273 00e8 2598EF82 		.ascii	"%\230\357\202\305\242\271\2700\235\352\022\345\003\373"
 273      C5A2B9B8 
 273      309DEA12 
 273      E503FB
ARM GAS  C:\Users\mvshv\AppData\Local\Temp\cc3YESMy.s 			page 21


 274 00f7 6D7818E4 		.ascii	"mx\030\344\003\273\233\233\253\205\032_\255\007\301"
 274      03BB9B9B 
 274      AB851A5F 
 274      AD07C1
 275 0106 7FCD0F7E 		.ascii	"\177\315\017~\034<\014\204\373*\025\007\301U\326\221"
 275      1C3C0C84 
 275      FB2A1507 
 275      C155D691 
 276 0116 E04EC1FD 		.ascii	"\340N\301\375\005X\000\330+9g\005\237\324@`\027\371"
 276      055800D8 
 276      2B396705 
 276      9FD44060 
 276      17F9
 277 0128 59CB153C 		.ascii	"Y\313\025<[\3771\260\333`C`\017e\255\025\314q\260\347"
 277      5BFF31B0 
 277      DB604360 
 277      0F65AD15 
 277      CC71B0E7 
 278 013c 6093604F 		.ascii	"`\223`O\301&\3004\262\326A\252\236\361\2766ct g\250"
 278      C126C034 
 278      B2D641AA 
 278      9EF1BE36 
 278      63742067 
 279 0151 56BF1EA3 		.ascii	"V\277\036\243p\003\232Ad\374\350\330d\010\033\223\307"
 279      70039A41 
 279      64FCE8D8 
 279      64081B93 
 279      C7
 280 0162 B91D3D17 		.ascii	"\271\035=\027C1O\177W\017\325\214i\243\367K\354\322"
 280      43314F7F 
 280      570FD58C 
 280      69A3F74B 
 280      ECD2
 281 0174 7FCCA143 		.ascii	"\177\314\241C\010+8-\316\247\015\032\274\224\004\362"
 281      082B382D 
 281      CEA70D1A 
 281      BC9404F2 
 282 0184 071B863E 		.ascii	"\007\033\206>AQ\206=$\314yi[tN\256$\361\350\0302\240"
 282      4151863D 
 282      24CC7969 
 282      5B744EAE 
 282      24F1E818 
 283 019a 2308A3C3 		.ascii	"#\010\243\303(\232\224\034N\026<O\2222%i\227\204\027"
 283      289A941C 
 283      4E163C4F 
 283      92322569 
 283      978417
 284 01ad 71E8FD70 		.ascii	"q\350\375p\024\033\316\241\243(\212\220\223(\324\202"
 284      141BCEA1 
 284      A3288A90 
 284      9328D482 
 285 01bd C251330A 		.ascii	"\302Q3\012'\370\265;\367u\205\340}\210\022\334n\030"
 285      27F8B53B 
 285      F77585E0 
 285      7D8812DC 
 285      6E18
 286 01cf E9C16E86 		.ascii	"\351\301n\2063\215\213\233s\010C\0330\034\3670\000\241"
ARM GAS  C:\Users\mvshv\AppData\Local\Temp\cc3YESMy.s 			page 22


 286      338D8B9B 
 286      7308431B 
 286      301CF730 
 286      00A1
 287 01e1 6F8A561F 		.ascii	"o\212V\037\024d2\320\\\316n\252\300P\376|\003\322\300"
 287      146432D0 
 287      5CCE6EAA 
 287      C050FE7C 
 287      03D2C0
 288 01f4 70F462F9 		.ascii	"p\364b\371\335P\030.4\240\010\030\326\265\354\337\023"
 288      DD50182E 
 288      34A00818 
 288      D6B5ECDF 
 288      13
 289 0205 169C4F10 		.ascii	"\026\234O\020\253\262\244\300\337S\306\016@h\007\004"
 289      ABB2A4C0 
 289      DF53C60E 
 289      40680704 
 290 0215 0E9D40C1 		.ascii	"\016\235@\301D\015r\207\340[gk\353\011\324JP\026\256"
 290      440D7287 
 290      E05B676B 
 290      EB09D44A 
 290      5016AE
 291 0228 3095B82B 		.ascii	"0\225\270+\231\2705\223#G\202q\001U\227\277\330;q\\"
 291      99B83593 
 291      23478271 
 291      015597BF 
 291      D83B715C 
 292 023c 8F0C5179 		.ascii	"\217\014Qynt\316\015\215\272 \343\225r\306'\301\351"
 292      6E74CE0D 
 292      8DBA20E3 
 292      9572C627 
 292      C1E9
 293 024e 04272B7E 		.ascii	"\004'+~\340\334\342\326\333\222\024\201:!\225S\236\342"
 293      E0DCE2D6 
 293      DB921481 
 293      3A219553 
 293      9EE2
 294 0260 5792DA89 		.ascii	"W\222\332\211\023x&\357\237\2224\006Y\210\274\377\""
 294      137826EF 
 294      9F923406 
 294      5988BCFF 
 294      22
 295 0271 04C4F75E 		.ascii	"\004\304\367^j\030\341\325e\236\236Uf\267\\f7-\323\365"
 295      6A18E1D5 
 295      659E9E55 
 295      66B75C66 
 295      372DD3F5 
 296 0285 E4426510 		.ascii	"\344Be\020Sl\036\014\313[\237\235\013`C=\014'\366\236"
 296      536C1E0C 
 296      CB5B9F9D 
 296      0B60433D 
 296      0C27F69E 
 297 0299 3AADC1DF 		.ascii	":\255\301\337\312\015\224q\365|\010~\311\006{\263[o"
 297      CA0D9471 
 297      F57C087E 
 297      C9067BB3 
ARM GAS  C:\Users\mvshv\AppData\Local\Temp\cc3YESMy.s 			page 23


 297      5B6F
 298 02ab 04E20C4C 		.ascii	"\004\342\014L\007\30535_\006\342<6\230\031yz\033da\203"
 298      07C53335 
 298      5F06E23C 
 298      36981979 
 298      7A1B6461 
 299 02c0 9601D7DE 		.ascii	"\226\001\327\336 \015\274\003Tk\233\206\370\272\362"
 299      200DBC03 
 299      546B9B86 
 299      F8BAF2
 300 02cf D7AFA02E 		.ascii	"\327\257\240.c0\352A\324uzf\302\031\306hyUR\013YR9\205"
 300      6330EA41 
 300      D4757A66 
 300      C219C668 
 300      7955520B 
 301 02e7 0D5B0D30 		.ascii	"\015[\0150\324\262\245\320\201k\350\311\213\303\032"
 301      D4B2A5D0 
 301      816BE8C9 
 301      8BC31A
 302 02f6 E6223A7E 		.ascii	"\346\":~\006\256\312\262\376\203\241\270\210\362\362"
 302      06AECAB2 
 302      FE83A1B8 
 302      88F2F2
 303 0305 1D578E66 		.ascii	"\035W\216f\207\250\232\370\027eO\210\312\327 \211/="
 303      87A89AF8 
 303      17654F88 
 303      CAD72089 
 303      2F3D
 304 0317 2A6BE50E 		.ascii	"*k\345\016\223\346\254\330U\220V+K{\005\234.&\355\330"
 304      93E6ACD8 
 304      5590562B 
 304      4B7B059C 
 304      2E26EDD8 
 305 032b E493160D 		.ascii	"\344\223\026\015.g\034\315%/\267\205\252\332x\311!\332"
 305      2E671CCD 
 305      252FB785 
 305      AADA78C9 
 305      21DA
 306 033d C63780A3 		.ascii	"\3067\200\243\317\303q\015\371%\271\356\233\244\257"
 306      CFC3710D 
 306      F925B9EE 
 306      9BA4AF
 307 034c E0CA4D2D 		.ascii	"\340\312M-\256f$G\316\367O\251\336\225o~s\225\276\215"
 307      AE662447 
 307      CEF74FA9 
 307      DE956F7E 
 307      7395BE8D 
 308 0360 FD40F295 		.ascii	"\375@\362\225\207\344\206\177\222\233\276I^\\\033\316"
 308      87E4867F 
 308      929BBE49 
 308      5E5C1BCE 
 309 0370 D42F2A25 		.ascii	"\324/*%3\212\262\244y\014\3612<\357\245Mr\013-\202\377"
 309      338AB2A4 
 309      790CF132 
 309      3CEFA54D 
 309      720B2D82 
 310 0385 9790866D 		.ascii	"\227\220\206m\017\023\327\333{g\265\024<W\265\324m\326"
ARM GAS  C:\Users\mvshv\AppData\Local\Temp\cc3YESMy.s 			page 24


 310      0F13D7DB 
 310      7B67B514 
 310      3C57B5D4 
 310      6DD6
 311 0397 5210F878 		.ascii	"R\020\370x\355\361[\241x\210-~\305P\341\206\000\272"
 311      EDF15BA1 
 311      78882D7E 
 311      C550E186 
 311      00BA
 312 03a9 D29DEEC5 		.ascii	"\322\235\356\305os\035\274\307|\360\232\241;l\371_u"
 312      6F731DBC 
 312      C77CF09A 
 312      A13B6CF9 
 312      5F75
 313 03bb 9CDC8F95 		.ascii	"\234\334\217\225\226\370\027\363=n\311\\\307\253\023"
 313      96F817F3 
 313      3D6EC95C 
 313      C7AB13
 314 03ca EC9C95E0 		.ascii	"\354\234\225\340]\232\340\240\222`\307\241\332\001\244"
 314      5D9AE0A0 
 314      9260C7A1 
 314      DA01A4
 315 03d9 4EF0EEAC 		.ascii	"N\360\356\254\004\207\334\011^\275\177l<\010\017\373"
 315      0487DC09 
 315      5EBD7F6C 
 315      3C080FFB 
 316 03e9 4FB0BF64 		.ascii	"O\260\277d\260\225u,\274 \350k\226L\3413\351R\230\222"
 316      B095752C 
 316      BC20E86B 
 316      964CE133 
 316      E9529892 
 317 03fd E07DE6AB 		.ascii	"\340}\346\253\275\265qC\230\377\004\207i\202\017\224"
 317      BDB57143 
 317      98FF0487 
 317      69820F94 
 318 040d 04F7ED7E 		.ascii	"\004\367\355~\325\020\250NpxV\202\017\335\0116\272\036"
 318      D510A84E 
 318      70785682 
 318      0FDD0936 
 318      BA1E
 319 041f 3CE7F108 		.ascii	"<\347\361\010K\320\325V\337\023\212g\330`\364e\345\221"
 319      4BD0D556 
 319      DF138A67 
 319      D860F465 
 319      E591
 320 0431 40F6922C 		.ascii	"@\366\222,$\242\015\024\025\351\330KRE\267\376[\325"
 320      24A20D14 
 320      15E9D84B 
 320      5245B7FE 
 320      5BD5
 321 0443 7921B840 		.ascii	"y!\270@Cc\033\367O5\031\224\204Ya\367\244\301\206P\377"
 321      43631BF7 
 321      4F351994 
 321      845961F7 
 321      A4C18650 
 322 0458 2B3E4AF3 		.ascii	"+>J\363}\242\344[\277\261\376\015u\272\243\263\322\035"
 322      7DA2E45B 
ARM GAS  C:\Users\mvshv\AppData\Local\Temp\cc3YESMy.s 			page 25


 322      BFB1FE0D 
 322      75BAA3B3 
 322      D21D
 323 046a 53D2D535 		.ascii	"S\322\3255])<\244E\221\013\"##\243\"\253I\274\363L>"
 323      5D293CA4 
 323      45910B22 
 323      2323A322 
 323      AB49BCF3 
 324 0480 9EEE5E2B 		.ascii	"\236\356^+\025\231H_\240\213\320\245\317\320\002OC\236"
 324      1599485F 
 324      A08BD0A5 
 324      CFD0024F 
 324      439E
 325 0492 A5081DE4 		.ascii	"\245\010\035\344?WL\263\001\003Z\364\030\"\276!\021"
 325      3F574CB3 
 325      01035AF4 
 325      1822BE21 
 325      11
 326 04a3 8FE429D0 		.ascii	"\217\344)\320\263\350[h\337q\024\211\236\203M\202=\005"
 326      B3E85B68 
 326      DF711489 
 326      9E834D82 
 326      3D05
 327 04b5 9B4091F4 		.ascii	"\233@\221\364\334bt\275\350l,\321\017\335\363f\212\361"
 327      DC6274BD 
 327      E86C2CD1 
 327      0FDDF366 
 327      8AF1
 328 04c7 10A942C9 		.ascii	"\020\251B\3112\375\333gh\234W$T\211F\274#\317 w({'\037"
 328      32FDDB67 
 328      689C5724 
 328      548946BC 
 328      23CF2077 
 329 04df E762384E 		.ascii	"\347b8NI\020'\277\216\236\334\306\227\226K\316lL\372"
 329      491027BF 
 329      8E9EDCC6 
 329      97964BCE 
 329      6C4CFA
 330 04f2 0F0DF816 		.ascii	"\017\015\370\026\202\"\201\340\371\233\212+\202\026"
 330      822281E0 
 330      F99B8A2B 
 330      8216
 331 0500 C882E4F9 		.ascii	"\310\202\344\371\025\204\363\253\006`l\032um\014Q\257"
 331      1584F3AB 
 331      06606C1A 
 331      756D0C51 
 331      AF
 332 0511 DA0B151F 		.ascii	"\332\013\025\037\207\246\334M\366\254\344\253\201P\334"
 332      87A6DC4D 
 332      F6ACE4AB 
 332      8150DC
 333 0520 4E7B45D7 		.ascii	"N{E\327;\230\273\006\301\372-p\257`wY\370\256,\011\024"
 333      3B98BB06 
 333      C1FA2D70 
 333      AF607759 
 333      F8AE2C09 
 334 0535 8019E802 		.ascii	"\200\031\350\002\220K\374wh\325S\246eU\022e\317yG\253"
ARM GAS  C:\Users\mvshv\AppData\Local\Temp\cc3YESMy.s 			page 26


 334      904BFC77 
 334      68D553A6 
 334      65551265 
 334      CF7947AB 
 335 0549 AAF45A84 		.ascii	"\252\364Z\204\227\336\241*i}6\006G\303IWd\362Q\350\025"
 335      97DEA12A 
 335      697D3606 
 335      47C34957 
 335      64F251E8 
 336 055e D49EC547 		.ascii	"\324\236\305G\242i\270g\300}fnW\020\226/|'\304\332\202"
 336      A269B867 
 336      C07D666E 
 336      5710962F 
 336      7C27C4DA 
 337 0573 ADE0F8B6 		.ascii	"\255\340\370\266\371\031\300D\302\346.\241\273:\262"
 337      F919C044 
 337      C2E62EA1 
 337      BB3AB2
 338 0582 5F9DF7A9 		.ascii	"_\235\367\251\005\303\002Y\267\324]\353\323\343.*+\337"
 338      05C30259 
 338      B7D45DEB 
 338      D3E32E2A 
 338      2BDF
 339 0594 9899BF25 		.ascii	"\230\231\277%\030E-`\034\2567I\223\254\205\271\331\274"
 339      18452D60 
 339      1CAE3749 
 339      93AC85B9 
 339      D9BC
 340 05a6 7BDB2684 		.ascii	"{\333&\204\376^\202\034(\361\373\224\013\264\343\017"
 340      FE5E821C 
 340      28F1FB94 
 340      0BB4E30F 
 341 05b6 0FDFD4A9 		.ascii	"\017\337\324\251\227}-\257^\366\\\236\035\370p\207\340"
 341      977D2DAF 
 341      5EF65C9E 
 341      1DF87087 
 341      E0
 342 05c7 E327DB4F 		.ascii	"\343'\333O\004\015\300\006N6\207y\024\002!\366\037\356"
 342      040DC006 
 342      4E368779 
 342      140221F6 
 342      1FEE
 343 05d9 C4D877AD 		.ascii	"\304\330w\255r!\346\007/\317nr(\031(S\220\333\303\313"
 343      7221E607 
 343      2FCF6E72 
 343      28192853 
 343      90DBC3CB 
 344 05ed 18BC824B 		.ascii	"\030\274\202K\377d\000\244Fe\317\031\235r\261oi\366"
 344      FF6400A4 
 344      4665CF19 
 344      9D72B16F 
 344      69F6
 345 05ff 43358FB9 		.ascii	"C5\217\271x\017\231j\312\234\\9\367cwR\236\"\221r\012"
 345      780F996A 
 345      CA9C5C39 
 345      F7637752 
 345      9E229172 
ARM GAS  C:\Users\mvshv\AppData\Local\Temp\cc3YESMy.s 			page 27


 346 0614 3C2A680C 		.ascii	"<*h\014\276\003\373\023|iq\\\221\336J7\3153\355\025"
 346      BE03FB13 
 346      7C69715C 
 346      91DE4A37 
 346      CD33ED15 
 347 0628 5D61F832 		.ascii	"]a\3702\333A\033\212n<C\213\253$\347\035\3119Q\216\363"
 347      DB411B8A 
 347      6E3C438B 
 347      AB24E71D 
 347      C939518E 
 348 063d 3B730BA5 		.ascii	";s\013\245*\364[z\362\345{\226\020~\302\377u\374\035"
 348      2AF45B7A 
 348      F2E57B96 
 348      107EC2FF 
 348      75FC1D
 349 0650 84F2F801 		.ascii	"\204\362\370\001\300[\317/\206\331\331\203\3659z\234"
 349      C05BCF2F 
 349      86D9D983 
 349      F5397A9C 
 350 0660 1540A19A 		.ascii	"\025@\241\232\253\\\257\302d\250\3017\241\233\340C\016"
 350      AB5CAFC2 
 350      64A8C137 
 350      A19BE043 
 350      0E
 351 0671 CE70B2A5 		.ascii	"\316p\262\245\026x\220\012\274\221\012)R\367\315\373"
 351      1678900A 
 351      BC910A29 
 351      52F7CDFB 
 352 0681 935A9CC7 		.ascii	"\223Z\234\307\220\306>\337\321\255 uO`7\0249\3556x\240"
 352      90C63EDF 
 352      D1AD2075 
 352      4F603714 
 352      39ED3678 
 353 0696 3678436D 		.ascii	"6xCm\244PW\352\332\222\361F\206\3247\260\375j\200\214"
 353      A45057EA 
 353      DA92F146 
 353      86D437B0 
 353      FD6A808C 
 354 06aa 34B61B4B 		.ascii	"4\266\033K\233\001g\036=\224\212<8E\3368\305\024gG\351"
 354      9B01671E 
 354      3D948A3C 
 354      3845DE38 
 354      C5146747 
 355 06bf A6E920BC 		.ascii	"\246\351 \2745\300\357\031\332\324\364E=r\373Jx\352"
 355      35C0EF19 
 355      DAD4F445 
 355      3D72FB4A 
 355      78EA
 356 06d1 2CD856DB 		.ascii	",\330V\333\243w\237\374\233\2313#\277\264\230\235\374"
 356      A3779FFC 
 356      9B993323 
 356      BFB4989D 
 356      FC
 357 06e2 D09D680B 		.ascii	"\320\235h\013s\346W\365\365\316\3726Y\365\272\352\240"
 357      73E657F5 
 357      F5CEFA36 
 357      59F5BAEA 
ARM GAS  C:\Users\mvshv\AppData\Local\Temp\cc3YESMy.s 			page 28


 357      A0
 358 06f3 DACA9383 		.ascii	"\332\312\223\203\252\224\227\017\252\322\256\035\327"
 358      AA94970F 
 358      AAD2AE1D 
 358      D7
 359 0700 49215550 		.ascii	"I!UP\310tE\260[\022\010C\233<\245l\362.e\033-e{]k\263"
 359      C87445B0 
 359      5B120843 
 359      9B3CA56C 
 359      F22E651B 
 360 071a 16D7B052 		.ascii	"\026\327\260R.\036\030^\257\305\365l\320\264\375\353"
 360      2E1E185E 
 360      AFC5F56C 
 360      D0B4FDEB 
 361 072a 733AC80C 		.ascii	"s:\310\014\225\223\231\324\223\341\334\033\202\233\330"
 361      959399D4 
 361      93E1DC1B 
 361      829BD8
 362 0739 E3EADD3B 		.ascii	"\343\352\335;\\\201\344q\005<F\333Y\342\276\264\350"
 362      5C81E471 
 362      053C46DB 
 362      59E2BEB4 
 362      E8
 363 074a 6C9872B2 		.ascii	"l\230r\262\012M\301h\007\213\253<6T\031\250\234\316"
 363      0A4DC168 
 363      078BAB3C 
 363      365419A8 
 363      9CCE
 364 075c 3B99EF5A 		.ascii	";\231\357ZV\301x\350[G\003vJz\312\326^6\334\254\241"
 364      56C178E8 
 364      5B470376 
 364      4A7ACAD6 
 364      5E36DCAC 
 365 0771 31FFE4DF 		.ascii	"1\377\344\337b\257\371`a\211\016\037g\374\243;\237\356"
 365      62AFF960 
 365      61890E1F 
 365      67FCA33B 
 365      9FEE
 366 0783 D112FE5D 		.ascii	"\321\022\376]Pc5\021\203l\353\375em\001\370\024\213"
 366      50633511 
 366      836CEBFD 
 366      656D01F8 
 366      148B
 367 0795 A8DF5AD3 		.ascii	"\250\337Z\323K\013\330M2\254a,k\247K\233\261ZZH@\226"
 367      4B0BD84D 
 367      32AC612C 
 367      6BA74B9B 
 367      B15A5A48 
 368 07ab 16ED8110 		.ascii	"\026\355\201\020\264\227\252[\245\250\333Sw\350\264"
 368      B497AA5B 
 368      A5A8DB53 
 368      77E8B4
 369 07ba 0ED4BD03 		.ascii	"\016\324\275\003\235\322w\354\355\023M\017\244\274|"
 369      9DD277EC 
 369      ED134D0F 
 369      A4BC7C
 370 07c9 2956CAC1 		.ascii	")V\312\301$\022\225"
ARM GAS  C:\Users\mvshv\AppData\Local\Temp\cc3YESMy.s 			page 29


 370      241295
 371 07d0 2902A34A 		.ascii	")\002\243J^CF\354U\333G\265->Us\006\277\263K\352u\322"
 371      5E4346EC 
 371      55DB47B5 
 371      2D3E5573 
 371      06BFB34B 
 372 07e7 37E840A7 		.ascii	"7\350@\247\013\276Nyz&]`\237\256\252\235\235x>\206d"
 372      0BBE4E79 
 372      7A265D60 
 372      9FAEAA9D 
 372      9D783E86 
 373 07fc 6BF97760 		.ascii	"k\371w`\352\272\221\221N\203zG#d\236\035\255N\336\321"
 373      EABA9191 
 373      4E837A47 
 373      23649E1D 
 373      AD4EDED1 
 374 0810 EAE88EE6 		.ascii	"\352\350\216\346K\365\361K\217\347+\3633a~\302\353\252"
 374      4BF5F14B 
 374      8FE72BF3 
 374      33617EC2 
 374      EBAA
 375 0822 E926E518 		.ascii	"\351&\345\030\254\355h\257c\237u\373\241\373\352y\237"
 375      ACED68AF 
 375      639F75FB 
 375      A1FBEA79 
 375      9F
 376 0833 5357A9A7 		.ascii	"SW\251\247\202\\\254\241 \360\372\324\321\347lv#\314"
 376      825CACA1 
 376      20F0FAD4 
 376      D1E76C76 
 376      23CC
 377 0845 6E60B3B7 		.ascii	"n`\263\267\027\227\204\177\227\276MT\337\003T_:\370"
 377      1797847F 
 377      97BE4D54 
 377      DF03545F 
 377      3AF8
 378 0857 6974748C 		.ascii	"itt\214\373\317\356\210I6\245\304\244X\022b\034b\232"
 378      FBCFEE88 
 378      4936A5C4 
 378      A4581262 
 378      1C629A
 379 086a 60B23A62 		.ascii	"`\262:b\254\202U\376\031m\326\177\360\307\277D,\213"
 379      AC8255FE 
 379      196DD67F 
 379      F0C7BF44 
 379      2C8B
 380 087c 8BE3028D 		.ascii	"\213\343\002\215\306t\213M\374\245QL2\377*\336\234l"
 380      C6748B4D 
 380      FCA5514C 
 380      32FF2ADE 
 380      9C6C
 381 088e 49B038C4 		.ascii	"I\2608\304\364D\213=^\264\333S\034\361\253m\351\021"
 381      F4448B3D 
 381      5EB4DB53 
 381      1CF1AB6D 
 381      E911
 382 08a0 F4578429 		.ascii	"\364W\204)\315\032!X\023\204\304D!1~itl\304\222\330"
ARM GAS  C:\Users\mvshv\AppData\Local\Temp\cc3YESMy.s 			page 30


 382      CD1A2158 
 382      1384C444 
 382      21317E69 
 382      746CC492 
 383 08b5 B8A57FFB 		.ascii	"\270\245\177\373y<\370\337\263\331m\302{\202)\301\022"
 383      793CF8DF 
 383      B3D96DC2 
 383      7B8229C1 
 383      12
 384 08c6 6FB19953 		.ascii	"o\261\231S\322\023\205x\253\011\260lB\2741QH2\245\247"
 384      D2138578 
 384      AB09B06C 
 384      42BC3151 
 384      4832A5A7 
 385 08da 8846714D 		.ascii	"\210FqM\252\340\210N\346t2\335_\177P:\307\032G\274\321"
 385      AAE0884E 
 385      E67432DD 
 385      5F7F503A 
 385      C71A47BC 
 386 08ef 21260236 		.ascii	"!&\0026ph\035\226\177\010F1\361\377\244\000\321\342"
 386      70681D96 
 386      7F084631 
 386      F1FFA400 
 386      D1E2
 387 0901 579BCD5E 		.ascii	"W\233\315^TK\243\227D\307y\010E\230\225\004\\X\260;"
 387      544BA397 
 387      44C77908 
 387      45989504 
 387      5C58B03B 
 388 0915 34844F9B 		.ascii	"4\204O\233\220\236\224$\244\341\277[E\234\232.\202\260"
 388      909E9424 
 388      A4E1BF5B 
 388      459C9A2E 
 388      82B0
 389 0927 90CCFB4B 		.ascii	"\220\314\373K\214\242N\276\007X\035\253\215\342\257"
 389      8CA24EBE 
 389      07581DAB 
 389      8DE2AF
 390 0936 BD56C96C 		.ascii	"\275V\311l\267Z\355\266\230T{\232\350\210\371\335\237"
 390      B75AEDB6 
 390      98547B9A 
 390      E888F9DD 
 390      9F
 391 0947 972F5BFE 		.ascii	"\227/[\376\031\361\245ZR\2044G\314\007\313\226\305\230"
 391      19F1A55A 
 391      52843447 
 391      CC07CB96 
 391      C598
 392 0959 9315ED34 		.ascii	"\223\025\3554\260z\211\001\237\246YD!\314bs\210&\233"
 392      B07A8901 
 392      9FA65944 
 392      21CC6273 
 392      88269B
 393 096c 5930DA93 		.ascii	"Y0\332\223\222\034\202\030\274\\\260\256\240\253\373"
 393      921C8218 
 393      BC5CB0AE 
 393      A0ABFB
ARM GAS  C:\Users\mvshv\AppData\Local\Temp\cc3YESMy.s 			page 31


 394 097b D1F20FF1 		.ascii	"\321\362\017\361jA\374\331\367\357\006\020\314\003b"
 394      6A41FCD9 
 394      F7EF0610 
 394      CC0362
 395 098a 4F5BC370 		.ascii	"O[\303p4F\250\342\177@1s\032#\360j\215$I\207\316H\323"
 395      3446A8E2 
 395      7F403173 
 395      1A23F06A 
 395      8D244987 
 396 09a1 74045B1D 		.ascii	"t\004[\035\177J\370D0\213\177\260YD-\204\233S\327hR"
 396      7F4AF844 
 396      308B7FB0 
 396      59442D84 
 396      9B53D768 
 397 09b6 045392CE 		.ascii	"\004S\222\316f\027\223\323\354\237\2428]\222-\302\221"
 397      661793D3 
 397      EC9FA238 
 397      5D922DC2 
 397      91
 398 09c7 2A98C163 		.ascii	"*\230\301c\263\245\247\244|\364\303v\206\230f\261\255"
 398      B3A5A7A4 
 398      7CF4C376 
 398      869866B1 
 398      AD
 399 09d8 861AFF03 		.ascii	"\206\032\377\003\372\255\212\235"
 399      FAAD8A9D 
 400              		.text
 401              		.section	.gnu.lto_.symtab.d608e9,"",%progbits
 402 0000 6D734F62 		.ascii	"msObjectInit\000"
 402      6A656374 
 402      496E6974 
 402      00
 403 000d 00       		.ascii	"\000"
 404 000e 00       		.ascii	"\000"
 405 000f 00       		.ascii	"\000"
 406 0010 00000000 		.ascii	"\000\000\000\000\000\000\000\000"
 406      00000000 
 407 0018 18010000 		.ascii	"\030\001\000\000"
 408              		.text
 409              		.section	.gnu.lto_.opts,"",%progbits
 410 0000 272D666D 		.ascii	"'-fmath-errno' '-fsigned-zeros' '-ftrapping-math' '"
 410      6174682D 
 410      6572726E 
 410      6F272027 
 410      2D667369 
 411 0033 2D666E6F 		.ascii	"-fno-trapv' '-fno-openmp' '-fno-openacc' '-mcpu=cor"
 411      2D747261 
 411      70762720 
 411      272D666E 
 411      6F2D6F70 
 412 0066 7465782D 		.ascii	"tex-m4' '-mno-thumb-interwork' '-mthumb' '-O2' '-fo"
 412      6D342720 
 412      272D6D6E 
 412      6F2D7468 
 412      756D622D 
 413 0099 6D69742D 		.ascii	"mit-frame-pointer' '-falign-functions=16' '-ffuncti"
 413      6672616D 
ARM GAS  C:\Users\mvshv\AppData\Local\Temp\cc3YESMy.s 			page 32


 413      652D706F 
 413      696E7465 
 413      72272027 
 414 00cc 6F6E2D73 		.ascii	"on-sections' '-fdata-sections' '-fno-common' '-flto"
 414      65637469 
 414      6F6E7327 
 414      20272D66 
 414      64617461 
 415 00ff 2700     		.ascii	"'\000"
 416              		.text
 417              		.comm	__gnu_lto_v1,1,1
 418              		.comm	__gnu_lto_slim,1,1
 419              		.ident	"GCC: (GNU Tools for Arm Embedded Processors 7-2017-q4-major) 7.2.1 20170904 (release) [ARM
ARM GAS  C:\Users\mvshv\AppData\Local\Temp\cc3YESMy.s 			page 33


DEFINED SYMBOLS
                            *ABS*:00000000 memstreams.c
                            *COM*:00000001 __gnu_lto_v1
                            *COM*:00000001 __gnu_lto_slim

NO UNDEFINED SYMBOLS
