ARM GAS  C:\Users\mvshv\AppData\Local\Temp\ccZ6Ruby.s 			page 1


   1              		.cpu cortex-m4
   2              		.eabi_attribute 20, 1
   3              		.eabi_attribute 21, 1
   4              		.eabi_attribute 23, 3
   5              		.eabi_attribute 24, 1
   6              		.eabi_attribute 25, 1
   7              		.eabi_attribute 26, 1
   8              		.eabi_attribute 30, 2
   9              		.eabi_attribute 34, 1
  10              		.eabi_attribute 18, 4
  11              		.file	"nullstreams.c"
  12              		.section	.gnu.lto_.profile.d6274b,"",%progbits
  13 0000 789C6363 		.ascii	"x\234cc```\001bF\006n6\000\000\224\000\035"
  13      60606001 
  13      6246066E 
  13      36000094 
  13      001D
  14              		.text
  15              		.section	.gnu.lto_.icf.d6274b,"",%progbits
  16 0000 789C6363 		.ascii	"x\234cc``Pe@\0006\206\316\336O\235\354\214\353\316o"
  16      60605065 
  16      40003686 
  16      CEDE4F9D 
  16      EC8CEBCE 
  17 0015 DCCEC174 		.ascii	"\334\316\301t\364\335\216\375|\314\353\036|lgfYpo[\005"
  17      F4DD8EFD 
  17      7CCCEB1E 
  17      7C6C6766 
  17      59706F5B 
  18 002a EBDADF3F 		.ascii	"\353\332\337?\277p1\000\000O5\022R"
  18      BF703100 
  18      004F3512 
  18      52
  19              		.text
  20              		.section	.gnu.lto_.jmpfuncs.d6274b,"",%progbits
  21 0000 789C458A 		.ascii	"x\234E\212\201\011\000 \014\303\322u\372\230\207\371"
  21      81090020 
  21      0CC3D275 
  21      FA9887F9 
  22 0010 C88E7582 		.ascii	"\310\216u\202`!PB&\260\370\033XRR\246\321.\207\256\341"
  22      60215042 
  22      26B0F81B 
  22      585252A6 
  22      D12E87AE 
  23 0025 193711F1 		.ascii	"\0317\021\361E\372\375\354\252\363\301\001\013\251\007"
  23      45FAFDEC 
  23      AAF3C101 
  23      0BA907
  24 0034 B7       		.ascii	"\267"
  25              		.text
  26              		.section	.gnu.lto_.inline.d6274b,"",%progbits
  27 0000 789C6363 		.ascii	"x\234cc``\210e@\000V\006\006f&F\006& \223m\201<\210"
  27      60608865 
  27      40005606 
  27      06662646 
  27      06262093 
  28 0018 6260C410 		.ascii	"b`\304\020a\302\020a\306\020aa`a\006\2120\276`g`\357"
ARM GAS  C:\Users\mvshv\AppData\Local\Temp\ccZ6Ruby.s 			page 2


  28      61C21061 
  28      C6106161 
  28      6061068A 
  28      30BE6067 
  29 002e 50070B31 		.ascii	"P\007\0131\000\000\355\016\005a"
  29      0000ED0E 
  29      0561
  30              		.text
  31              		.section	.gnu.lto_.pureconst.d6274b,"",%progbits
  32 0000 789C6363 		.ascii	"x\234cc``\340\006bV\006\006F\006&\006f\006\026)\000"
  32      6060E006 
  32      62560606 
  32      46062606 
  32      66061629 
  33 0015 01A3003B 		.ascii	"\001\243\000;"
  34              		.text
  35              		.section	.gnu.lto_writes.d6274b,"",%progbits
  36 0000 789C5D90 		.ascii	"x\234]\220MKBA\024\206\317;s\375\010\312?P\213\026\201"
  36      4D4B4241 
  36      1486CF3B 
  36      73FD08CA 
  36      3F508B16 
  37 0015 B8C81B04 		.ascii	"\270\310\033\004\265j\337\257\0104\202\204\233I\326"
  37      B56ADFAF 
  37      08348284 
  37      9B49D6
  38 0024 DA498B0A 		.ascii	"\332I\213\012[\030\231\201\334E!r\227\025Y\331\307\342"
  38      5B189981 
  38      DC452172 
  38      971559D9 
  38      C7E2
  39 0036 AEDA8441 		.ascii	"\256\332\204A\231\177\240\204\026\211\320\242Ue\235"
  39      997FA084 
  39      1689D0A2 
  39      55659D
  40 0045 7B910861 		.ascii	"{\221\010a\206y\317\314\363\3140\307KD3 \232\344u\220"
  40      8679CFCC 
  40      F3CC30C7 
  40      4B443320 
  40      9AE47590 
  41 0059 272441E4 		.ascii	"'$A\344\356\211V\375\002p\202\362\203R\002)l\313\274"
  41      EE8956FD 
  41      027082F2 
  41      83520229 
  41      6CCBBC
  42 006c C4C3DAB1 		.ascii	"\304\303\332\261)\263\322dL\343\362\275V|\0118%0\314"
  42      29B3D264 
  42      4CE3F2BD 
  42      567C0938 
  42      2530CC
  43 007f 65AB7D5B 		.ascii	"e\253}[\351\017YJ\245\225\275_\235:\314\254O\233RP\201"
  43      E90F594A 
  43      A595BD5F 
  43      9D3ACCAC 
  43      4F9B5250 
  44 0094 E90A8670 		.ascii	"\351\012\206p\212!\347\2113\204\230\255\327\0329\237"
  44      8A21E789 
ARM GAS  C:\Users\mvshv\AppData\Local\Temp\ccZ6Ruby.s 			page 3


  44      338498AD 
  44      D71A399F 
  45 00a4 1C0371DE 		.ascii	"\034\003q\336\375x\263E\260\354z\315\222T#\246\2248"
  45      FD78B345 
  45      B0EC7ACD 
  45      925423A6 
  45      9438
  46 00b6 87FC2FF2 		.ascii	"\207\374/\362\026\341\002A\306?\263\215B\237\034w\325"
  46      16E10241 
  46      C63FB38D 
  46      429F1C77 
  46      D5
  47 00c7 9D57AB83 		.ascii	"\235W\253\203\256\372UvU\015\325^U#\\\272\352\267\312"
  47      AEFA5576 
  47      550DD55E 
  47      55235CBA 
  47      EAB7CA
  48 00da 170272C2 		.ascii	"\027\002r\302U\233w\245\234\257\253>Y\256*p\325\253"
  48      559B77A5 
  48      9CAFAB3E 
  48      59AE2A70 
  48      D5AB
  49 00ec 0AC23582 		.ascii	"\012\3025\202\016\377|\322\331\033\360j\316w\370\027"
  49      0EFF7CD2 
  49      D91BF06A 
  49      CE77F817 
  50 00fc 37F01237 		.ascii	"7\360\0227\216\216\036=\266\352\374l(\273e\241\341\341"
  50      8E8E1E3D 
  50      B6EAFC6C 
  50      28BB65A1 
  50      E1E1
  51 010e 4EB83C6D 		.ascii	"N\270<m2\305\375S6m\361\035\23426\265\221>\260\352p"
  51      32C5FD53 
  51      366DF11D 
  51      9C3236B5 
  51      913EB0EA 
  52 0123 DCA27464 		.ascii	"\334\242td\246\340\234\011\242\321pX\377\033\213I}>"
  52      A6E09C09 
  52      A2D17058 
  52      FF1B8B49 
  52      7D3E
  53 0135 62E8462C 		.ascii	"b\350F,\252'\227\227\346\"\013I=\276b\030\335\034\236"
  53      AA279797 
  53      E6220B49 
  53      3DBE6218 
  53      DD1C9E
  54 0148 25114B88 		.ascii	"%\021K\210h\002\361_v\311\202`"
  54      6802F15F 
  54      76C98260 
  55              		.text
  56              		.section	.gnu.lto_reads.d6274b,"",%progbits
  57 0000 789C5D90 		.ascii	"x\234]\220\315KBA\024\305\357\231\361+(\377\201\\\264"
  57      CD4B4241 
  57      14C5EF99 
  57      F12B28FF 
  57      815CB4
  58 0013 08C445BE 		.ascii	"\010\304E\276 \250U\373\376\015\215@\301L\262\326N\232"
ARM GAS  C:\Users\mvshv\AppData\Local\Temp\ccZ6Ruby.s 			page 4


  58      20A855FB 
  58      FE0D8D40 
  58      C14CB2D6 
  58      4E9A
  59 0025 54D8C2C8 		.ascii	"T\330\302\310\014\302E!\352\262\"\373.xD\264\011\213"
  59      0CC24521 
  59      EAB222FB 
  59      2E7844B4 
  59      098B
  60 0037 12A145AB 		.ascii	"\022\241E\253\012Z\030BP\264\210\254\373\036\026!\314"
  60      0A5A1842 
  60      50B488AC 
  60      FB1E1621 
  60      CC
  61 0048 30E7CE9C 		.ascii	"0\347\316\234\337\\\356\261\021Q\000DC|v\363\206$\210"
  61      DF5CEEB1 
  61      11510044 
  61      437C76F3 
  61      862488
  62 005b F415D18C 		.ascii	"\364\025\321\214C\000\206P\016PL \206E\231\221\270\231"
  62      43008650 
  62      0E504C20 
  62      86459991 
  62      B899
  63 006d DDCAC994 		.ascii	"\335\312\311\224\314\261\315\302\345ke\355\321i\224"
  63      CCB1CDC2 
  63      E56B65ED 
  63      D16994
  64 007c 400F972F 		.ascii	"@\017\227/\215\213r\247\247\244T\\\351\253w\303\033"
  64      8D8B72A7 
  64      A7A4545C 
  64      E9AB77C3 
  64      1B
  65 008d 89E4484E 		.ascii	"\211\344HN\012\312\262\273\014\027v\3402Z\354\302\303"
  65      0ACAB2BB 
  65      0C1776E0 
  65      325AECC2 
  65      C3
  66 009e DE6AA596 		.ascii	"\336j\245\226\266\313~\020\353\345\367\272.\334\005"
  66      B6CB7E10 
  66      EBE5F7BA 
  66      2EDC05
  67 00ad 93BBCF4B 		.ascii	"\223\273\317K\325\233\223\022{\220\377A\276\"\354\303"
  67      D59B9312 
  67      7B90FF41 
  67      BE22ECC3 
  68 00bd CDF6CF54 		.ascii	"\315\366\317T-\333!\007Lt\351\271\324D\013=/\230\250"
  68      2DDB2107 
  68      4C74E9B9 
  68      D4440B3D 
  68      2F98A8
  69 00d0 0507EDA8 		.ascii	"\005\007\355\250\205ph\242_*\223u\312A\023}\272\314"
  69      857068A2 
  69      5F2A9375 
  69      CA41137D 
  69      BACC
  70 00e2 A7EDBF5D 		.ascii	"\247\355\277]\213&*p\324\216\012\3021\334\206\377a\273"
ARM GAS  C:\Users\mvshv\AppData\Local\Temp\ccZ6Ruby.s 			page 5


  70      8B262A70 
  70      D48E0AC2 
  70      31DC86FF 
  70      61BB
  71 00f4 B9D265B3 		.ascii	"\271\322e\263\030\343\360\024'\260\021\007G\233\267"
  71      18E3F014 
  71      27B01107 
  71      479BB7
  72 0103 565D35BF 		.ascii	"V]5\277\347\224\376V\304\207U\020\315\363;'\247tZ`\232"
  72      E794FE56 
  72      C4875510 
  72      CDF33B27 
  72      A7745A60 
  73 0118 5542A706 		.ascii	"UB\247\006\342\353\365*\014\212\177\312&\317\256\355"
  73      E2EBF52A 
  73      0C8A7FCA 
  73      26CFAEED 
  74 0128 466C0284 		.ascii	"Fl\002\204S3\025\246`x\231\357\363z\265\2775\021\325"
  74      533315A6 
  74      607899EF 
  74      F37AB5BF 
  74      3511D5
  75 013b 02BE9016 		.ascii	"\002\276\220\026\012\372\265\350\324\344\230o<\252\205"
  75      0AFAB5E8 
  75      D4E4986F 
  75      3CAA85
  76 014a A743A196 		.ascii	"\247C\241\226\366\216\222\010F\204?\202\360\017S\313"
  76      F68E9208 
  76      46843F82 
  76      F00F53CB 
  77 015a 868F     		.ascii	"\206\217"
  78              		.text
  79              		.section	.gnu.lto_put.d6274b,"",%progbits
  80 0000 789C4D8F 		.ascii	"x\234M\217\311JC1\024\206\317\237\\\333.\324\007\320"
  80      C94A4331 
  80      1486CF9F 
  80      5CDB2ED4 
  80      07D0
  81 0012 2E5C08A5 		.ascii	".\\\010\245\210\275\205\272\361\005\304\327hE\260p\035"
  81      88BD85BA 
  81      F105C4D7 
  81      6845B070 
  81      1D
  82 0023 B0BA6EEC 		.ascii	"\260\272n\354\340\200]\024\324\026\344.\024-\202.T\234"
  82      E0805D14 
  82      D416E42E 
  82      142D822E 
  82      549C
  83 0035 2708D285 		.ascii	"'\010\322\205 UT|\001\207\225 \270\320\205H\365\244"
  83      2055547C 
  83      01879520 
  83      B8D08548 
  83      F5A4
  84 0047 0E1812F2 		.ascii	"\016\030\022\362\237\344\377\222\363{\210\250\015D\035"
  84      9FE4FF92 
  84      F37B88A8 
  84      0D441D
ARM GAS  C:\Users\mvshv\AppData\Local\Temp\ccZ6Ruby.s 			page 6


  85 0056 BC37F382 		.ascii	"\2747\363\202$\210\374\005\321\230O\000F(\037()\220"
  85      2488FC05 
  85      D1984F00 
  85      46281F28 
  85      2990
  86 0068 444ECE4A 		.ascii	"DN\316J\\e6\\9-]\266Y\\\276T\346\357\033M\011\264pY"
  86      5C65365C 
  86      392D5DB6 
  86      595CBE54 
  86      E6EF1B4D 
  87 0080 3A491F23 		.ascii	":I\037#\270\242x\350\342{\347b:\333\355JA\005vo\303"
  87      B8A278E8 
  87      E27BE762 
  87      3ADBED4A 
  87      4105766F 
  88 0095 8F2DF8CD 		.ascii	"\217-\370\315\027;\010\262\367\246r\233\367\3120\210"
  88      173B08B2 
  88      F7A6729B 
  88      F7CA3088 
  89 00a5 F5CCEB93 		.ascii	"\365\314\353\223\026\201\222R)\245\313KR\265\272Rb\027"
  89      16819252 
  89      29A5CB4B 
  89      52B5BA52 
  89      6217
  90 00b7 F23FC847 		.ascii	"\362?\310G\204=\004\330\356\216\257>J\031\251\241\347"
  90      843D04D8 
  90      EE8EAF3E 
  90      4A19A9A1 
  90      E7
  91 00c8 6F67E55F 		.ascii	"og\345_\364!#U\275+-\354\177\243\021?\302\006\264\010"
  91      F4212355 
  91      BD2B2DEC 
  91      7FA3113F 
  91      C206B408 
  92 00dc 070818F7 		.ascii	"\007\010\030\367\335fu\256\301c\231\216\270\221Cx\210"
  92      DD6675AE 
  92      C163998E 
  92      B8914378 
  92      88
  93 00ed B3D3FA75 		.ascii	"\263\323\372u\235V\325\317\011\245?\226Q\354\022D\223"
  93      9D56D5CF 
  93      09A53F96 
  93      51EC1244 
  93      93
  94 00fe 7CCFE195 		.ascii	"|\317\341\225\246)\356\237UZ\3233R\013k\271&C\361K\205"
  94      A629EE9F 
  94      555AD333 
  94      520B6BB9 
  94      2643F14B 
  95 0113 ECE9A5D7 		.ascii	"\354\351\245\327$\027 \034\325\2021\005\343e\276=\024"
  95      2417201C 
  95      D5823105 
  95      E365BE3D 
  95      14
  96 0124 B2FFE660 		.ascii	"\262\377\346`\302\356\213:\266\023\217\331\211\221\341"
  96      C2EE8B3A 
  96      B6138FD9 
ARM GAS  C:\Users\mvshv\AppData\Local\Temp\ccZ6Ruby.s 			page 7


  96      8991E1
  97 0133 DE687FC2 		.ascii	"\336h\177\302\036\030u\234\037\035\352!\021\037B\354"
  97      1E18759C 
  97      1F1DEA21 
  97      111F42EC 
  98 0143 0BE80C71 		.ascii	"\013\350\014q\024"
  98      14
  99              		.text
 100              		.section	.gnu.lto_get.d6274b,"",%progbits
 101 0000 789C4D4F 		.ascii	"x\234MO\313J\003A\020\354\232^\327\210\350\007h\016"
 101      CB4A0341 
 101      10EC9A5E 
 101      D788E807 
 101      680E
 102 0012 1E849083 		.ascii	"\036\204\220\203;\342G\370\037Q\004\003\353\003W\317"
 102      3BE247F8 
 102      1F510403 
 102      EB0357CF 
 103 0022 191341C5 		.ascii	"\031\023A\305\034\002\276 ,\"\204\220\243\257\304\007"
 103      1C02BE20 
 103      2C228490 
 103      A3AFC407 
 104 0032 288CE035 		.ascii	"(\214\3405\342\003\357\242\202\007A\010\3425\332#\""
 104      E203EFA2 
 104      82074108 
 104      E235DA23 
 104      22
 105 0043 0ED35035 		.ascii	"\016\323P5SU\335\355\023\321\207\324\210T\277\024\230"
 105      5355DDED 
 105      13D187D4 
 105      8854BF14 
 105      98
 106 0054 A04AD744 		.ascii	"\240J\327D\213\011\0058`\022\240\234B\016E\336`\334"
 106      8B090538 
 106      6012A09C 
 106      420E45DE 
 106      60DC
 107 0066 2EEDC7BC 		.ascii	".\355\307\274\306\261\310<\241\255f\371\271\327Q`@h"
 107      C6B1C83C 
 107      A1AD66F9 
 107      B9D75160 
 107      4068
 108 0078 F5A2708E 		.ascii	"\365\242p\216t\315\310\261\333e\177\247~c\272bV\264"
 108      74CDC8B1 
 108      DB657FA7 
 108      7E63BA62 
 108      56B4
 109 008a 25F23A92 		.ascii	"%\362:\2228B\322\365h -\342\373\346C\251\223\207A\202"
 109      3842D2F5 
 109      68202DE2 
 109      FBE643A9 
 109      93874182 
 110 009e D73FDFAC 		.ascii	"\327?\337\254JU\215\311\033{Ua3\0303\343\030\374\337"
 110      4A558DC9 
 110      1B7B5561 
 110      331833E3 
 110      18FCDF
ARM GAS  C:\Users\mvshv\AppData\Local\Temp\ccZ6Ruby.s 			page 8


 111 00b1 284F8413 		.ascii	"(O\204\023\244\234\376\351\240\275\331\343{.X\362N\341"
 111      A49CFEE9 
 111      A0BDD9E3 
 111      7B2E58F2 
 111      4EE1
 112 00c3 1304ECDD 		.ascii	"\023\004\354\335uX\323\376Z6\366\245\202\306\250\"Z"
 112      7558D3FE 
 112      5A36F6A5 
 112      82C6A822 
 112      5A
 113 00d4 917F59C2 		.ascii	"\221\177Y\302XZ\2251\004\025,\275#\277\373Z\354s.I\272"
 113      585A9531 
 113      04152CBD 
 113      23BFFB5A 
 113      EC732E49 
 114 00e9 7C3C6C75 		.ascii	"|<lu\273\015\024<\234\375\314'.8\255\370\207\202@\377"
 114      BB0D143C 
 114      9CFDCC27 
 114      2E38ADF8 
 114      878240FF 
 115 00fd DD99484F 		.ascii	"\335\231HOfB\035f\307t4?7\221\231\212\364\364B\030\376"
 115      66421D66 
 115      C774343F 
 115      3791998A 
 115      F4F44218 
 116 0112 E2609C54 		.ascii	"\342`\234Tv\366\033\026\304an"
 116      76F61B16 
 116      C4616E
 117              		.text
 118              		.section	.gnu.lto_nullObjectInit.d6274b,"",%progbits
 119 0000 789C4D50 		.ascii	"x\234MPAK\033A\024~\337\276\315*\006\305\243h\016\036"
 119      414B1B41 
 119      147EDFBE 
 119      CD2A06C5 
 119      A3680E1E 
 120 0014 84E0A1D9 		.ascii	"\204\340\241\331\202\377\301\377\221\212`a\033\305m"
 120      82FFC1FF 
 120      918A6061 
 120      1BC56D
 121 0023 2FBDEC24 		.ascii	"/\275\354$1n\244\025<4Vt\225-\244\264\027\321Vm\252"
 121      316EA415 
 121      3C345674 
 121      952DA4B4 
 121      17D1566D 
 122 0038 B575C9A1 		.ascii	"\265u\311\241\247Z\211x\360\344\301\202B\253\205\242"
 122      A75A8978 
 122      F0E4C182 
 122      42AB85A2 
 123 0048 1E0C54FB 		.ascii	"\036\014T\373&J\3611\303\2747\363\315\367\276\357YD"
 123      264AF131 
 123      C3BC37F3 
 123      CDF7BEEF 
 123      5944
 124 005a 5402519F 		.ascii	"T\002Q\237\234]\262\301\004c\352;Q\266\331\000t\242"
 124      9C5DB2C1 
 124      0463EA3B 
 124      51B6D900 
ARM GAS  C:\Users\mvshv\AppData\Local\Temp\ccZ6Ruby.s 			page 9


 124      74A2
 125 006c 9A419E01 		.ascii	"\232A\236\001\017\317\371\005\243\352\037\255\033\275"
 125      0FCFF905 
 125      A3EA1FAD 
 125      1BBD
 126 007a 6F9444F4 		.ascii	"o\224D\364\362\300\032W\205\216\200\211\246e\353\300"
 126      F2C01A57 
 126      858E8089 
 126      A665EBC0 
 127 008a 0A7A0555 		.ascii	"\012z\005U\033[\016\370\031\007\014\230R\376\331\236"
 127      1B5B0EF8 
 127      19070C98 
 127      52FED99E 
 128 009a FDD1A64B 		.ascii	"\375\321\246K\003\335R\036\277z\177b\362}\220\344\363"
 128      03DD521E 
 128      BF7A7F62 
 128      F27D90E4 
 128      F3
 129 00ab 6F6B732D 		.ascii	"oks-\311\327J\345T\364\255\314\252'`\306\007\260\020"
 129      C9D74AE5 
 129      54F4ADCC 
 129      AA2760C6 
 129      07B010
 130 00be 620D09AC 		.ascii	"b\015\011\254\"ArE\250 \251\361\207\357\256J\255\226"
 130      22417245 
 130      A820A9F1 
 130      87EFAE4A 
 130      AD96
 131 00d0 79D3101F 		.ascii	"y\323\020\037a\221\210\247\245\335X\244\256\256}\025"
 131      619188A7 
 131      A5DD58A4 
 131      AEAE7D15 
 132 00e0 9D9771D1 		.ascii	"\235\227q\321o\212t\215\247\242\240\304\203\212h\202"
 132      6F8A748D 
 132      A7A2A0C4 
 132      838A6882 
 133 00f0 0D9DE523 		.ascii	"\015\235\345#\372\211\\\335\237\257\214\350\317B8]\250"
 133      FA895CDD 
 133      9FAF8CE8 
 133      CF42385D 
 133      A8
 134 0101 EE34696D 		.ascii	"\3564im\334\320\263Y\335\376j\205X\310\212\301\2603"
 134      DCD0B359 
 134      DDFE6A85 
 134      58C88AC1 
 134      B033
 135 0113 60735644 		.ascii	"`sVD\257\213\010\375\270\347\357\037\304\355Em\276;"
 135      AF8B08FD 
 135      B8E7EF1F 
 135      C4ED456D 
 135      BE3B
 136 0125 E0183610 		.ascii	"\340\0306\020\242\324p\216O\260\357\222\305\032d\371"
 136      A2D4708E 
 136      4FB0EF92 
 136      C51A64F9 
 137 0135 FAD6599B 		.ascii	"\372\326Y\233\367W\311\210b\241\306\311\335e\355\264"
 137      F757C988 
ARM GAS  C:\Users\mvshv\AppData\Local\Temp\ccZ6Ruby.s 			page 10


 137      62A1C6C9 
 137      DD65EDB4 
 138 0145 18D70DDA 		.ascii	"\030\327\015\332\003\266\360Y\346\272y\313\236/\257"
 138      03B6F059 
 138      E6BA79CB 
 138      9E2FAF
 139 0154 1420E819 		.ascii	"\024 \350\031\351\374TS|\021z\241\336\202G\277\221\013"
 139      E9FC5453 
 139      7C117AA1 
 139      DE8247BF 
 139      910B
 140 0166 7F4DA261 		.ascii	"\177M\242aXGQ\324\212\035\203\350^*e\377_\303\256=\224"
 140      584751D4 
 140      8A1D83E8 
 140      5E2A65FF 
 140      5FC3AE3D 
 141 017b 766CE7E1 		.ascii	"vl\347\341\003\333}<:\230~\344\332\231'\216s\233\247"
 141      03DB7D3C 
 141      3A987EE4 
 141      DA99278E 
 141      739BA7
 142 018e 068833EE 		.ascii	"\006\2103\356\310?\336w\2276"
 142      C83FDE77 
 142      9736
 143              		.text
 144              		.section	.gnu.lto_vmt.d6274b,"",%progbits
 145 0000 789C6363 		.ascii	"x\234cc``\330\000\304\372\014\0200\205\231q\347\316"
 145      6060D800 
 145      C4FA0C10 
 145      30859971 
 145      E7CE
 146 0012 37B7D9EB 		.ascii	"7\267\331\353\3776t44<\350\236\303<\223y\0163\3034f"
 146      FF367434 
 146      343CE89E 
 146      C33C9379 
 146      0E33C334 
 147 0027 0CB9059B 		.ascii	"\014\271\005\233x\34603Ncf\304\220\370\006\324\3014"
 147      78E63033 
 147      4E6366C4 
 147      90F806D4 
 147      C134
 148 0039 8D990943 		.ascii	"\215\231\011Cb\033P\202y\03233Xb\375\233\235?y\273\201"
 148      621B5082 
 148      791A3333 
 148      5862FD9B 
 148      9D3F79BB 
 149 004e 222C8C20 		.ascii	"\",\214 \356\331\373s\2370Ylk\350X\320\0200\207\231"
 149      EED9FB73 
 149      9F30596C 
 149      6BE858D0 
 149      10308799 
 150 0062 752A3303 		.ascii	"u*3\003\343vF\231\251\314\214\214\333\030\353\24723"
 150      E3764699 
 150      A9CC8C8C 
 150      DB18EBA7 
 150      3233
 151 0074 316E0551 		.ascii	"1n\005Q\314\214[@\024\013\343f\306z\006\306\035\214"
ARM GAS  C:\Users\mvshv\AppData\Local\Temp\ccZ6Ruby.s 			page 11


 151      CC8C5B40 
 151      140BE366 
 151      C67A06C6 
 151      1D8C
 152 0086 160CBA7A 		.ascii	"\026\014\272zz\372p\224_\254\237\221\230\243\237\223"
 152      7AFA7094 
 152      5FAC9F91 
 152      98A39F93 
 153 0096 99A45F5C 		.ascii	"\231\244_\\R\224\232\230[\254\237W\232\223\003e\353"
 153      52949A98 
 153      5BAC9F57 
 153      9A930365 
 153      EB
 154 00a7 25330000 		.ascii	"%3\000\000\004\234Oy"
 154      049C4F79 
 155              		.text
 156              		.section	.gnu.lto_.symbol_nodes.d6274b,"",%progbits
 157 0000 789C6363 		.ascii	"x\234cc``\310\005b\006\246\235L\365\014\014\023\316"
 157      6060C805 
 157      6206A69D 
 157      4CF50C0C 
 157      13CE
 158 0012 313000A9 		.ascii	"10\000\251\035\013\0166\260\001\305v1\3253\242\213\355"
 158      1D0B0E36 
 158      B001C576 
 158      31D533A2 
 158      8BED
 159 0024 66AA6742 		.ascii	"f\252gB\027\333\303T\317\214.\266\217\251\236\005&\266"
 159      17DBC354 
 159      CF8C2EB6 
 159      8FA99E05 
 159      26B6
 160 0036 ABC19181 		.ascii	"\253\301\221\201\201u/\023C\203\022\003\0033\003\000"
 160      81752F13 
 160      43831203 
 160      03330300 
 161 0046 BDEB1D66 		.ascii	"\275\353\035f"
 162              		.text
 163              		.section	.gnu.lto_.refs.d6274b,"",%progbits
 164 0000 789C6363 		.ascii	"x\234cc``\020\000bF\026&VF\026V&\006&F&&&f\006\000\003"
 164      60601000 
 164      62461626 
 164      56461656 
 164      26062646 
 165 001b 3F003B   		.ascii	"?\000;"
 166              		.text
 167              		.section	.gnu.lto_.decls.d6274b,"",%progbits
 168 0000 789CAD56 		.ascii	"x\234\255VoPSW\026\177\347\335\374\201\020\300)N\353"
 168      6F505357 
 168      167FE7DD 
 168      FC8110C0 
 168      294EEB
 169 0013 CE303B8C 		.ascii	"\3160;\214Cg\370\260&b;\265\323\366\313\216\037\272"
 169      4367F8B0 
 169      26623BB5 
 169      D3F6CB8E 
 169      1FBA
ARM GAS  C:\Users\mvshv\AppData\Local\Temp\ccZ6Ruby.s 			page 12


 170 0025 FBC1EECC 		.ascii	"\373\301\356\314v\2733L3M!\011\222\016I,y\354\266\375"
 170      76BB334C 
 170      334D2109 
 170      920E492C 
 170      79ECB6FD 
 171 0039 F444C0D4 		.ascii	"\364D\300\324\277\260\332\255\272e\352\250\265\262\012"
 171      BFB0DAAD 
 171      BA65EAA8 
 171      B5B20A
 172 0048 D51AA582 		.ascii	"\325\032\245\202\322h)\265(\225\242\200U\020jQl\313"
 172      D26829B5 
 172      2895A280 
 172      55106A51 
 172      6CCB
 173 005a 42A8148A 		.ascii	"B\250\024\212\010\331s\357}\311{I\223\331\351N\357\344"
 173      08D973EF 
 173      7DC97B49 
 173      93D9E94E 
 173      EFE4
 174 006c BCF7EE79 		.ascii	"\274\367\356y\347\234\337\357\236s\356}1\010\202\220"
 174      E79CDFEF 
 174      9E73EE7D 
 174      31088290 
 175 007c 6D16846A 		.ascii	"m\026\204jQ\020\256\202 Dp\030Qw\016\305\200bG\011\241"
 175      5110AE82 
 175      20447018 
 175      51770EC5 
 175      80624709 
 176 0091 74A074A2 		.ascii	"t\240t\242\264\243D\004>\364(\004}\364(\006\024#J\006"
 176      B4A34404 
 176      3EF42804 
 176      7DF42806 
 176      14234A06 
 177 00a5 0AFE0433 		.ascii	"\012\376\0043\010q\303(r\373\207P\226*\361\242\261\351"
 177      0871C328 
 177      72FB8750 
 177      962AF1A2 
 177      B1E9
 178 00b7 002556E2 		.ascii	"\000%V\342\310H\341\327\251\361\323'\361\313L\360\373"
 178      C848E1D7 
 178      A9F1D327 
 178      F1CB4CF0 
 178      FB
 179 00c8 4AF16BD7 		.ascii	"J\361k\327\370\031\222\370e\243\237.\211_\324\307\230"
 179      F81992F8 
 179      65A39F2E 
 179      895FD4C7 
 179      98
 180 00d9 C4E711F4 		.ascii	"\304\347\021\364\2419{Y\343Gs\264\210\362\023\312\254"
 180      A1397B59 
 180      E34773B4 
 180      88F213CA 
 180      AC
 181 00ea E23BAFDC 		.ascii	"\342;\257\334S\345\3507\"\317\371$\312\015\224\257Q"
 181      53E5E837 
 181      22CFF924 
 181      CA0D94AF 
ARM GAS  C:\Users\mvshv\AppData\Local\Temp\ccZ6Ruby.s 			page 13


 181      51
 182 00fb C6508A94 		.ascii	"\306P\212\224\030t=\367P\246PfP\302(\323\002\347kTj"
 182      18743DF7 
 182      50A65066 
 182      50C228D3 
 182      02E76B54 
 183 0110 4073912C 		.ascii	"@s\221,\217\273\010|Y}\354\035\262\205\300C&\320\341"
 183      8FBB087C 
 183      597DEC1D 
 183      B285C043 
 183      26D0E1
 184 0123 74AA7BEF 		.ascii	"t\252{\3577Y8]j\202<\234~P3\332\230\206\323\\\023D\200"
 184      3759385D 
 184      6A823C9C 
 184      7E5033DA 
 184      9886D35C 
 185 013a CEC74FCF 		.ascii	"\316\307O\317e\3629u\356\033\334u\235\020\221=\237\011"
 185      65F23975 
 185      EE1BDC75 
 185      9D10913D 
 185      9F09
 186 014c 1F6905CB 		.ascii	"\037i\005\313Q\231\2174\273\000-@\242(\301\320\275&"
 186      51998F34 
 186      BB002D40 
 186      A228C1D0 
 186      BD26
 187 015e 1D79921A 		.ascii	"\035y\222\032\212\307\233F_\201\002\323!j\026\032\330"
 187      8AC79B46 
 187      5F8102D3 
 187      216A161A 
 187      D8
 188 016f 6DA9D924 		.ascii	"m\251\331$\313\"\264\201\011N\003\201\217\300B\023\222"
 188      CB22B481 
 188      094E0381 
 188      8FC04213 
 188      92
 189 0180 6BC26B40 		.ascii	"k\302k@\226\253d\371\200L\226\011\360X.\254\314\025"
 189      96AB64F9 
 189      804C9609 
 189      F0582EAC 
 189      CC15
 190 0192 A0150A28 		.ascii	"\240\025\012(8\265\202S\220\013'!\227\306o|\367pG&i"
 190      38B58253 
 190      900B2721 
 190      97C66F7C 
 190      F7704726 
 191 01a7 040670B3 		.ascii	"\004\006p\263i\362\013\022C\270\334\274\374D\015EhG"
 191      69F20B12 
 191      43B8DCBC 
 191      FC440D45 
 191      6847
 192 01b9 84332A02 		.ascii	"\2043*\002\002&\2078\233\034bn\354\274\2543)\366\201"
 192      02268738 
 192      9B1C626E 
 192      ECBCAC33 
 192      29F681
 193 01cc FF6DDF73 		.ascii	"\377m\337s\271iR4o\246\366\3736\312\351\177\200\217"
ARM GAS  C:\Users\mvshv\AppData\Local\Temp\ccZ6Ruby.s 			page 14


 193      B9695234 
 193      6FA6F6FB 
 193      36CAE97F 
 193      808F
 194 01de 113F88EF 		.ascii	"\021?\210\357O\340{\001B`f\335\203w4\036\272\320x\204"
 194      4FE07B01 
 194      426066DD 
 194      8377341E 
 194      BAD07884 
 195 01f2 56A108F3 		.ascii	"V\241\010\363\214#[\223\352\"\236\352\203s\223-f\262"
 195      8C235B93 
 195      EA229EEA 
 195      8373932D 
 195      66B2
 196 0204 8DE55AEC 		.ascii	"\215\345Z\354\356\231mM\003SA \026]\210\205\206O\221"
 196      EE996D4D 
 196      03534120 
 196      165D8885 
 196      864F91
 197 0217 4F91C2E7 		.ascii	"O\221\302\347<*\317\241\222\247b\254ky\333MY\316\203"
 197      3C2ACFA1 
 197      92A762AC 
 197      6B79DB4D 
 197      59CE83
 198 022a 0EA4F289 		.ascii	"\016\244\362\211\232\212\"\232\011\252D\234\177\007"
 198      9A8A229A 
 198      09AA449C 
 198      7F07
 199 0238 8F1ECAD6 		.ascii	"\217\036\312\326\322n\217\243\335\251\320\356d\264\353"
 199      D26E8FA3 
 199      DDA9D0EE 
 199      64B4EB
 200 0247 2307AFA6 		.ascii	"#\007\257\246\2239\336\000\275\341K\015\031\274\223"
 200      9339DE00 
 200      BDE14B0D 
 200      19BC93
 201 0256 96E0746F 		.ascii	"\226\340to\333t\227\236O\323p\032\231\274w\323L\026"
 201      DB74979E 
 201      4FD3701A 
 201      99BC77D3 
 201      4C16
 202 0268 B86970B8 		.ascii	"\270ip\270\367\375\014\03566\213\356\325Q]\307\346-"
 202      F7FD0C1D 
 202      36368BEE 
 202      D5515DC7 
 202      E62D
 203 027a CF3395DD 		.ascii	"\3173\225\335\014\027\201\251>\215\314\206\262y\010"
 203      0C1781A9 
 203      3E8DCC86 
 203      B27908
 204 0289 5103B094 		.ascii	"Q\003\260\224\003\324lkz\333\204S\003\317\231\021U\243"
 204      03D46C6B 
 204      7ADB8453 
 204      03CF9911 
 204      55A3
 205 029b E1FBA774 		.ascii	"\341\373\247t\\E\027\374\032\252\032\366\014\036\317"
 205      5C4517FC 
ARM GAS  C:\Users\mvshv\AppData\Local\Temp\ccZ6Ruby.s 			page 15


 205      1AAA1AF6 
 205      0C1ECF
 206 02aa 221B08CB 		.ascii	"\"\033\010\313[\373\225\217\25235\275\367\304\2360M"
 206      5BFB958F 
 206      AA3335BD 
 206      F7C49E30 
 206      4D
 207 02bb C71524F1 		.ascii	"\307\025$\361\245\232\016\203\322\030\362\317R\333\213"
 207      A59A0E83 
 207      D218F2CF 
 207      52DB8B
 208 02ca A93528A9 		.ascii	"\2515(\251\355A\345e^\352\037\346\302A\035-\037\305"
 208      ED41E565 
 208      5EEA1FE6 
 208      C2411D2D 
 208      1FC5
 209 02dc 38B1F3C1 		.ascii	"8\261\363\301\356,M\367\255:\311\272\257\0371\256\252"
 209      EE2C4DF7 
 209      AD3AC9BA 
 209      AF1F31AE 
 209      AA
 210 02ed 18572025 		.ascii	"\030W %H_r\220\201\255Wn\030\310N\016\322rqp^\323\342"
 210      485F7290 
 210      81AD576E 
 210      18C84E0E 
 210      D2727170 
 211 0304 DF3FD3C7 		.ascii	"\337?\323\3076\321W\0102\240\202\364\247\006\271\226"
 211      36D15708 
 211      32A082F4 
 211      A706B996 
 212 0314 1CE47EFF 		.ascii	"\034\344~\377\267Ui\313\376I=\3526\312Kx\304/\360}7"
 212      B75569CB 
 212      FE493DEA 
 212      36CA4B78 
 212      C42FF07D 
 213 0329 ABFE7558 		.ascii	"\253\376uX\206\327K\240\343\273z\366\332\331\236\270"
 213      86D74BA0 
 213      E3BB7AF6 
 213      DAD99EB8 
 214 0339 16C7F79A 		.ascii	"\026\307\367\232^\271\301{\005\015'j[\207\262H\037\343"
 214      5EB9C17B 
 214      050D276A 
 214      5B87B248 
 214      1FE3
 215 034b 0EEF8C6E 		.ascii	"\016\357\214n\333\256g\225\356\210\025\377L\357\361"
 215      DBAE6795 
 215      EE8815FF 
 215      4CEFF1
 216 035a DB5C878D 		.ascii	"\333\\\207\215\005C\274\374\013\355\347\216\222hK\334"
 216      0543BCFC 
 216      0BEDE78E 
 216      92684BDC 
 217 036a E4BA8960 		.ascii	"\344\272\211`\325\233\242\226`G\034\301\021Fp8J\260"
 217      D59BA296 
 217      60471CC1 
 217      11467038 
 217      4AB0
ARM GAS  C:\Users\mvshv\AppData\Local\Temp\ccZ6Ruby.s 			page 16


 218 037c FD64E330 		.ascii	"\375d\3430h\011\216\304\021\374:F\260o\354\364L\006"
 218      68098EC4 
 218      11FC3A46 
 218      B06FECF4 
 218      4C06
 219 038e B99E9AE0 		.ascii	"\271\236\232\340\340\316[m\274cq\303\3027\234\314\266"
 219      E0CE5B6D 
 219      BC6371C3 
 219      C2379CCC 
 219      B6
 220 039f 69F97276 		.ascii	"i\371rv\224\340(\3275\016\355\330\236\235\232\340\035"
 220      94E028D7 
 220      350EEDD8 
 220      9E9D9AE0 
 220      1D
 221 03b0 46F07694 		.ascii	"F\360v\224\340\341\367\026\232\322\265\004\357\304\021"
 221      E0E1F716 
 221      9AD2B504 
 221      EFC411
 222 03bf 1C8B116C 		.ascii	"\034\213\021l\356\275\373\243HF8\301\252\346\351KY$"
 222      EEBDFBA3 
 222      484638C1 
 222      AAE6E94B 
 222      5924
 223 03d1 CC27530F 		.ascii	"\314'S\017\032Z\322\371&YJ\2236\\Wg\344\233d\037;\261"
 223      1A5AD2F9 
 223      26594A93 
 223      365C5767 
 223      E49B641F 
 224 03e7 87F60732 		.ascii	"\207\366\0072\311\"\267m>:\177\314\024%\314\027v[\276"
 224      C922B76D 
 224      3E3A7FCC 
 224      1425CC17 
 224      765BBE
 225 03fa D59495BA 		.ascii	"\325\224\225\272\342\023\214\357\177\242|\217\3548\362"
 225      E2138CEF 
 225      7FA27C8F 
 225      EC38F2
 226 0409 8896EE44 		.ascii	"\210\226\356D\034\335\311(]\343\207\227\002[2 ??'?\277"
 226      1CDDC928 
 226      5DE38797 
 226      025B3220 
 226      3F3F273F 
 227 041e 207F3FB5 		.ascii	" \177?\265\017\015\004\310Dg\255\\WL\373\002\272\260"
 227      0F0D04C8 
 227      4467AD5C 
 227      574CFB02 
 227      BAB0
 228 0430 4B7F801C 		.ascii	"K\177\200\034\265!?g\021\202\364*p\207\036\270\260\222"
 228      B5213F67 
 228      1182F42A 
 228      70871EB8 
 228      B092
 229 0442 66006E25 		.ascii	"f\000n%\332ZU\323zF\034\005\031\302\367h\360\0355\370"
 229      DA5A55D3 
 229      7A461C05 
 229      19C2F768 
ARM GAS  C:\Users\mvshv\AppData\Local\Temp\ccZ6Ruby.s 			page 17


 229      F01D35F8 
 230 0456 56F1C0F6 		.ascii	"V\361\300\366\206\037\261\323\357A>L\241\314\240\204"
 230      861FB1D3 
 230      EF413E4C 
 230      A1CCA084 
 231 0466 51A6219F 		.ascii	"Q\246!\237}\2314@\264Lw\223\002\025&P\302U\302x\242"
 231      7D993440 
 231      B44C7793 
 231      02152650 
 231      C255C278 
 232 047b E5058899 		.ascii	"\345\005\210\231\362=9QK\360+H\215\004e;\252\2003O\354"
 232      F23D3951 
 232      4BF02B48 
 232      8D04653B 
 232      AA80334F 
 233 0490 9543D584 		.ascii	"\225C\325\204\366\037\014&O\004\213\204\011o\231\272"
 233      F61F0C26 
 233      4F048B84 
 233      096F99BA 
 234 04a0 B09FE428 		.ascii	"\260\237\344(\253\014\244\\\245\220r\211\030c\254v`"
 234      AB0CA45C 
 234      A5907289 
 234      1863AC76 
 234      60
 235 04b1 2A6E9BCE 		.ascii	"*n\233\316j\360\004\370)Z5\362\240e\363y\035\344\024"
 235      6AF004F8 
 235      295A35F2 
 235      A065F379 
 235      1DE414
 236 04c4 E4D72B47 		.ascii	"\344\327+G\006\303S-\347\224\224\336\307\224\316+\361"
 236      06C3532D 
 236      E79494DE 
 236      C794CE2B 
 236      F1
 237 04d5 F96A67DE 		.ascii	"\371jg\336f\253\235K\266\332\316\335\277=\260Q\306\304"
 237      66AB9D4B 
 237      B6DACEDD 
 237      BF3DB051 
 237      C6C4
 238 04e7 21107C86 		.ascii	"!\020|\206\234\347\222\247\230\356\274\355\203\247\314"
 238      9CE792A7 
 238      98EEBCED 
 238      83A7CC
 239 04f6 E4988E9D 		.ascii	"\344\230\216\235q\327v\004\233\365P\220\303\021\372"
 239      71D77604 
 239      9BF55090 
 239      C311FA
 240 0505 771B28C2 		.ascii	"w\033(\302\"\372>PO8\012\2504A\"]X@\226\311\030#\316"
 240      22FA3E50 
 240      4F380AA8 
 240      3441225D 
 240      584096C9 
 241 051c F1D9B72E 		.ascii	"\361\331\267.\306ed1.#\021\345#\027a\037\271\326sg?"
 241      C6656431 
 241      2E2311E5 
 241      2317611F 
 241      B9D67367 
ARM GAS  C:\Users\mvshv\AppData\Local\Temp\ccZ6Ruby.s 			page 18


 242 0531 CE18C643 		.ascii	"\316\030\306C\211\356\233%,\004\000\277\342\235\012"
 242      89EE9B25 
 242      2C0400BF 
 242      E29D0A
 243 0540 9B47A203 		.ascii	"\233G\242\003\270\036\265\"\277)\246t\022u\201\230F"
 243      B81EB522 
 243      BF29A674 
 243      12758198 
 243      46
 244 0551 546288D1 		.ascii	"Tb\210\321\270\354\247\004\000mT\376\236\303E\007\377"
 244      B8ECA704 
 244      006D54FE 
 244      9EC34507 
 244      FF
 245 0562 EFC81F34 		.ascii	"\357\310\0374~\\%\252`\032\227\237q\025b\257c\244\324"
 245      7E5C25AA 
 245      601A979F 
 245      711562AF 
 245      63A4D4
 246 0575 4542F480 		.ascii	"EB\364\200\034\337\332l\036\301S\030\377-\010B]\232"
 246      1CDFDA6C 
 246      1EC15318 
 246      FF2D0842 
 246      5D9A
 247 0587 879D2717 		.ascii	"\207\235'\027\377\325P\017\244\215\325\013nl\372\307"
 247      FFD5500F 
 247      A48DD50B 
 247      6E6CFAC7 
 248 0597 7BC6E5FB 		.ascii	"{\306\345\373\344\236\021\372i%\203\355we\331\244c'"
 248      E49E11FA 
 248      692583ED 
 248      7765D9A4 
 248      6327
 249 05a9 5A9518AB 		.ascii	"Z\225\030\253\030>\342u\2038\002 \213\303\030n\243\270"
 249      183EE275 
 249      83380220 
 249      8BC3186E 
 249      A3B8
 250 05bb 9CFEBBAA 		.ascii	"\234\376\273\252\357\016\352I\230G\012\314\357\237\025"
 250      EF0EEA49 
 250      98470ACC 
 250      EF9F15
 251 05ca 9548B70E 		.ascii	"\225H\267\016\021y\027\226w\011;\273\253\325@\325\211"
 251      11791796 
 251      77093BBB 
 251      ABD540D5 
 251      89
 252 05db 816A58A0 		.ascii	"\201jX\240\200\334}5S\361\235\030#\270\321\360\377\032"
 252      80DC7D35 
 252      53F19D18 
 252      23B8D1F0 
 252      FF1A
 253 05ed 7E1AE9A7 		.ascii	"~\032\351\247\251Km\234.H\360\256e\336o\235\251=iP\274"
 253      A94B6D9C 
 253      2E48F0AE 
 253      65DE6F9D 
 253      A93D6950 
ARM GAS  C:\Users\mvshv\AppData\Local\Temp\ccZ6Ruby.s 			page 19


 254 0602 BF5B1673 		.ascii	"\277[\026s\246\307\334\270\352<\236\350\274\2119\327"
 254      A6C7DCB8 
 254      EA3C9EE8 
 254      BC8939D7 
 255 0612 6DBF3F9F 		.ascii	"m\277?\237Ff\370\032\336=8\273\220\305\216Z\354\"\345"
 255      4666F81A 
 255      DE3D38BB 
 255      90C58E5A 
 255      EC22E5
 256 0625 ACBDDE15 		.ascii	"\254\275\336\025\354\217\373x\275\374\260\346\250\335"
 256      EC8FFB78 
 256      BDFCB0E6 
 256      A8DD
 257 0633 2CD2A3F6 		.ascii	",\322\243\366MQ9jw6\314\237\242T\366!\225\305\275\346"
 257      4D51396A 
 257      7736CC9F 
 257      A254F621 
 257      95C5BDE6 
 258 0647 18173483 		.ascii	"\030\0274\203\200\232\206@b\032\2660.U\357o8\234\361"
 258      809A8640 
 258      621AB630 
 258      2E55EF6F 
 258      389CF1
 259 065a E801B927 		.ascii	"\350\001\271'$\207\356\354y\0303\310\267\375g|\025\261"
 259      2487EEEC 
 259      791833C8 
 259      B7FD677C 
 259      15B1
 260 066c 4344609A 		.ascii	"CD`\232\227D\001\266\212\217\012\277\263X\254\261\237"
 260      974401B6 
 260      8A8F0ABF 
 260      B358ACB1 
 260      9F
 261 067d CF6F2D2B 		.ascii	"\317o-+.\267\226\273K\254~\251\302U\354\361[\275\225"
 261      2EB796BB 
 261      4BAC7EA9 
 261      C255ECF1 
 261      5BBD95
 262 0690 E5E5CAB3 		.ascii	"\345\345\312\263\305\221\366\354s/\344\255),\024\322"
 262      C591F6EC 
 262      732FE4AD 
 262      292C14D2 
 263 06a0 EDF64AB7 		.ascii	"\355\366J\267Wz\322.\225:\236\2629\312\334%n\277T\351"
 263      577AD22E 
 263      953A9EB2 
 263      39CADC25 
 263      6EBF54E9 
 264 06b4 74FB6C92 		.ascii	"t\373l\222\317W\356\267\255\363V\346\261\247\274\342"
 264      CF57EEB7 
 264      ADF356E6 
 264      B1A7BCE2 
 265 06c4 0A4F9ECB 		.ascii	"\012O\236\313S\342r:]N\333j\313\312\274U+\013W\277\372"
 265      53E2723A 
 265      5D4EDB6A 
 265      CBCABC55 
 265      2B0B57BF 
 266 06d9 B80DF52B 		.ascii	"\270\015\365+\274>\257k\205\253\270\304ms{\035\345\225"
ARM GAS  C:\Users\mvshv\AppData\Local\Temp\ccZ6Ruby.s 			page 20


 266      BC3EAF6B 
 266      85ABB8C4 
 266      6D737B1D 
 266      E595
 267 06eb 4E97CD53 		.ascii	"N\227\315S\214\261\274.\233\335\351*-\256,\227\354\322"
 267      8CB1BC2E 
 267      9BDDE92A 
 267      2DAE2C97 
 267      ECD2
 268 06fd EBEB5D7E 		.ascii	"\353\353]~K\231`T\340^\374U\341\374\257\373mv\277\344"
 268      4B996054 
 268      E05EFC55 
 268      E1FCAFFB 
 268      6D76BFE4 
 269 0711 C4D88861 		.ascii	"\304\330\210a\360\273\337p\331%\347\377\011\201Y\263"
 269      F0BBDF70 
 269      D925E7FF 
 269      098159B3 
 270 0721 AD733812 		.ascii	"\255s8\022\240V[VY\012U@\011\275J\021\213\374\315#\221"
 270      A0565B56 
 270      590A5540 
 270      09BD4A11 
 270      8BFCCD23 
 271 0736 F5951226 		.ascii	"\365\225\022&\022\301\037[e\227\214\312]\357\361\257"
 271      12C11F5B 
 271      65978CCA 
 271      5DEFF1AF 
 272 0746 B34B4F27 		.ascii	"\263KO'\224\305\341\363x|^\353z_\205\344\267\376\376"
 272      94C5E1F3 
 272      787C5EEB 
 272      7A5F85E4 
 272      B7FEFE
 273 0759 CF6BD7AC 		.ascii	"\317k\327\254}\215\352\326\273\313]\025~\353\263k\326"
 273      7D8DEAD6 
 273      BBCB5D15 
 273      7EEBB36B 
 273      D6
 274 076a 581D65D1 		.ascii	"X\035e\321\\\351\260ZN\375\337+\334\222+\333\355\365"
 274      5CE9B05A 
 274      4EFDDF2B 
 274      DC922BDB 
 274      EDF5
 275 077c 4BC55E87 		.ascii	"K\305^\207\313\356+-\365\273\244\314\347\260\234\317"
 275      CBEE2B2D 
 275      F5BBA4CC 
 275      E7B09CCF 
 276 078c B372FE75 		.ascii	"\263r\376u\355_\310:\227\264\342\027\324\277L0\251\376"
 276      ED5FC83A 
 276      97B4E217 
 276      D4BF4C30 
 276      A9FE
 277 079e 0606E0FF 		.ascii	"\006\006\340\377%\376\016AO\251\371\263\250\362O%\257"
 277      25FE0E41 
 277      4FA9F9B3 
 277      A8F24F25 
 277      AF
 278 07af B81CD21F 		.ascii	"\270\034\322\037\275n\351\277,\304O("
ARM GAS  C:\Users\mvshv\AppData\Local\Temp\ccZ6Ruby.s 			page 21


 278      BD6EE9BF 
 278      2CC44F28 
 279              		.text
 280              		.section	.gnu.lto_.symtab.d6274b,"",%progbits
 281 0000 6E756C6C 		.ascii	"nullObjectInit\000"
 281      4F626A65 
 281      6374496E 
 281      697400
 282 000f 00       		.ascii	"\000"
 283 0010 00       		.ascii	"\000"
 284 0011 00       		.ascii	"\000"
 285 0012 00000000 		.ascii	"\000\000\000\000\000\000\000\000"
 285      00000000 
 286 001a 0B010000 		.ascii	"\013\001\000\000"
 287              		.text
 288              		.section	.gnu.lto_.opts,"",%progbits
 289 0000 272D666D 		.ascii	"'-fmath-errno' '-fsigned-zeros' '-ftrapping-math' '"
 289      6174682D 
 289      6572726E 
 289      6F272027 
 289      2D667369 
 290 0033 2D666E6F 		.ascii	"-fno-trapv' '-fno-openmp' '-fno-openacc' '-mcpu=cor"
 290      2D747261 
 290      70762720 
 290      272D666E 
 290      6F2D6F70 
 291 0066 7465782D 		.ascii	"tex-m4' '-mno-thumb-interwork' '-mthumb' '-O2' '-fo"
 291      6D342720 
 291      272D6D6E 
 291      6F2D7468 
 291      756D622D 
 292 0099 6D69742D 		.ascii	"mit-frame-pointer' '-falign-functions=16' '-ffuncti"
 292      6672616D 
 292      652D706F 
 292      696E7465 
 292      72272027 
 293 00cc 6F6E2D73 		.ascii	"on-sections' '-fdata-sections' '-fno-common' '-flto"
 293      65637469 
 293      6F6E7327 
 293      20272D66 
 293      64617461 
 294 00ff 2700     		.ascii	"'\000"
 295              		.text
 296              		.comm	__gnu_lto_v1,1,1
 297              		.comm	__gnu_lto_slim,1,1
 298              		.ident	"GCC: (GNU Tools for Arm Embedded Processors 7-2017-q4-major) 7.2.1 20170904 (release) [ARM
ARM GAS  C:\Users\mvshv\AppData\Local\Temp\ccZ6Ruby.s 			page 22


DEFINED SYMBOLS
                            *ABS*:00000000 nullstreams.c
                            *COM*:00000001 __gnu_lto_v1
                            *COM*:00000001 __gnu_lto_slim

NO UNDEFINED SYMBOLS
