ARM GAS  C:\Users\mvshv\AppData\Local\Temp\cckQ74gx.s 			page 1


   1              		.cpu cortex-m4
   2              		.eabi_attribute 20, 1
   3              		.eabi_attribute 21, 1
   4              		.eabi_attribute 23, 3
   5              		.eabi_attribute 24, 1
   6              		.eabi_attribute 25, 1
   7              		.eabi_attribute 26, 1
   8              		.eabi_attribute 30, 2
   9              		.eabi_attribute 34, 1
  10              		.eabi_attribute 18, 4
  11              		.file	"nvic.c"
  12              		.section	.gnu.lto_.profile.d6101c,"",%progbits
  13 0000 789C6363 		.ascii	"x\234cc```\001bF\006u)\000\000\340\000M"
  13      60606001 
  13      62460675 
  13      290000E0 
  13      004D
  14              		.text
  15              		.section	.gnu.lto_.icf.d6101c,"",%progbits
  16 0000 789C6363 		.ascii	"x\234cc``P`@\000V\206\035[N\235bc\234\266c\346\003n"
  16      60605060 
  16      40005686 
  16      1D5B4E9D 
  16      62639CB6 
  17 0018 A6EF9F9B 		.ascii	"\246\357\237\233\23712\317<\262\263\237\213e\321\353"
  17      9F3132CF 
  17      3CB2B39F 
  17      8B65D1EB 
  18 0028 BD2F9819 		.ascii	"\275/\230\031\000\376Y\017F"
  18      00FE590F 
  18      46
  19              		.text
  20              		.section	.gnu.lto_.jmpfuncs.d6101c,"",%progbits
  21 0000 789C6363 		.ascii	"x\234cc``\310e@\000\026\006&FF\346\3729\314\014 \314"
  21      6060C865 
  21      40001606 
  21      264646E6 
  21      FA39CC0C 
  22 0016 0804209A 		.ascii	"\010\004 \232\011Y\220\211q\0123c\363\257\375\237\371"
  22      09599089 
  22      710A3363 
  22      F3AFFD9F 
  22      F9
  23 0027 EAFF3648 		.ascii	"\352\3776H\314af\\\300\014\324\310\270\231\261\236\201"
  23      CC61665C 
  23      C00CD4C8 
  23      B899B19E 
  23      81
  24 0038 F1000B23 		.ascii	"\361\000\013#\003\020\377\371\377\377??#\023P\335\264"
  24      0310FFF9 
  24      FFFF3F3F 
  24      231350DD 
  24      B4
  25 0049 D643E7D9 		.ascii	"\326C\347\331\273\231\201\252\030\031\030\2670\312\200"
  25      BB9981AA 
  25      181918B7 
  25      30CA80
ARM GAS  C:\Users\mvshv\AppData\Local\Temp\cckQ74gx.s 			page 2


  26 0058 300BD454 		.ascii	"0\013\324T\006\000\264K\033^"
  26      0600B44B 
  26      1B5E
  27              		.text
  28              		.section	.gnu.lto_.inline.d6101c,"",%progbits
  29 0000 789C458E 		.ascii	"x\234E\216\301\015\3020\014E\377w\254$m\0170\000R3A"
  29      C10DC230 
  29      0C45FF77 
  29      AC246D0F 
  29      30005233 
  30 0015 D7825DB8 		.ascii	"\327\202]\270r\344\320\035zf\005\304(\034\221\270\360"
  30      72E4D01D 
  30      7A6605C4 
  30      281C91B8 
  30      F0
  31 0026 9342B164 		.ascii	"\223B\261d[\226\277\337w\004\260\340\037\016\364\035"
  31      5B96BFDF 
  31      7704B0E0 
  31      1F0EF41D 
  32 0036 8D851A6A 		.ascii	"\215\205\032j\361\370\234\020\347\321`\217\235CS\326"
  32      F1F89C10 
  32      E7D1608F 
  32      9D4353D6 
  33 0046 2683C889 		.ascii	"&\203\310\211l\222\340\363\270J\264\365\0061t=\035\345"
  33      6C92E0F3 
  33      B84AB4F5 
  33      0631743D 
  33      1DE5
  34 0058 74097CBF 		.ascii	"t\011|\277\356\267t\016\327\000\016\\x\020\367\370\355"
  34      EEB7740E 
  34      D7000E5C 
  34      7810F7F8 
  34      ED
  35 0069 3A6E4E2E 		.ascii	":nN.\366J\020j_\235J}\306\006\241\250L\361g\265\011"
  35      F64A106A 
  35      5F9D4A7D 
  35      C606A1A8 
  35      4CF167B5 
  36 007e 372B7C00 		.ascii	"7+|\000d\232\027\014"
  36      649A170C 
  37              		.text
  38              		.section	.gnu.lto_.pureconst.d6101c,"",%progbits
  39 0000 789C6363 		.ascii	"x\234cc``\340\004b\026\006)F)&)\026)\000\002\306\000"
  39      6060E004 
  39      62160629 
  39      46292629 
  39      16290002 
  40 0016 83       		.ascii	"\203"
  41              		.text
  42              		.section	.gnu.lto_nvicEnableVector.d6101c,"",%progbits
  43 0000 789C9D53 		.ascii	"x\234\235S\317k\023A\024\236o\337\356&\3064w1h\017B"
  43      CF6B1341 
  43      149E6FDF 
  43      EE26C634 
  43      7731680F 
  44 0015 E9254BF1 		.ascii	"\351%K\361\340Y\004\017B/\376\007\322\213\005\233\224"
  44      E059040F 
ARM GAS  C:\Users\mvshv\AppData\Local\Temp\cckQ74gx.s 			page 3


  44      422FFE07 
  44      D28B059B 
  44      94
  45 0026 568AB74E 		.ascii	"V\212\267N\222\232\266\232C\241\277 \254\222b\253\005"
  45      929AB69A 
  45      43A1BF20 
  45      AC9262AB 
  45      05
  46 0037 A931B455 		.ascii	"\2511\264US\253\2561\265\015\242b)\336\265E\241bisR"
  46      53ABAE31 
  46      B50DA262 
  46      29DEB545 
  46      A1626973 
  47 004c 68AB6F76 		.ascii	"h\253ov\202\012\352A\207\235\2673\357}\357\275\357\233"
  47      820AEA41 
  47      879DB733 
  47      EF7DEFBD 
  47      EF9B
  48 005e D9B58510 		.ascii	"\331\265\205\020gH\210\023\374>\314\023$`\014\275\022"
  48      67488813 
  48      FC3ECC13 
  48      24600CBD 
  48      12
  49 006f 22193400 		.ascii	"\"\0314\000\265\220A\210^\003\275\310\322\010\241\334"
  49      B5904188 
  49      5E03BDC8 
  49      D208A1DC 
  50 007f FFA16434 		.ascii	"\377\241d4\337\222<\274\361\332!9\355\301\345\3641\236"
  50      DF923CBC 
  50      F1DA2139 
  50      EDC1E5F4 
  50      319E
  51 0091 6A6016CD 		.ascii	"j`\026\315\214z\323w\327\245\253\344\022`\362v\347e"
  51      8C7AD377 
  51      D7A5ABE4 
  51      1260F276 
  51      E765
  52 00a3 6E3DA2B6 		.ascii	"n=\242\266\006\032y\273'G\306\"\324\002\301\353\215"
  52      061A79BB 
  52      2747C622 
  52      D402C1EB 
  52      8D
  53 00b4 17378602 		.ascii	"\0277\206\002MSR\246\244W\231$y\314%\302=\020\027\304"
  53      4D5352A6 
  53      A4579924 
  53      79CC25C2 
  53      3D1017C4 
  54 00c8 3CA29843 		.ascii	"<\242\230CT\260K\340>\232\030~;\365\3613\321q?\365\375"
  54      54B04BE0 
  54      3E9A187E 
  54      3BF5F133 
  54      D1713FF5 
  55 00dd CABB11AB 		.ascii	"\312\273\021\253\236\2721UO}\360\207\324\022\232||q"
  55      9EBA3155 
  55      4F7DF087 
  55      D4129A7C 
  55      7C71
ARM GAS  C:\Users\mvshv\AppData\Local\Temp\cckQ74gx.s 			page 4


  56 00ef 7FB4C136 		.ascii	"\177\264\30165W,\300\026\340Ea\325\362\344\376\267~"
  56      35572CC0 
  56      16E04561 
  56      D5F2E4FE 
  56      B77E
  57 0101 E9ADDDC4 		.ascii	"\351\255\335\304\370\35108\3074\224!6\226\251\214\305"
  57      F8E93038 
  57      C7349421 
  57      3696A98C 
  57      C5
  58 0112 C6B6A10A 		.ascii	"\306\266\241\012\005\241\230\0101\300E\370t\244'\006"
  58      05A19808 
  58      31C045F8 
  58      74A42706 
  59 0122 C950ABB4 		.ascii	"\311P\253\264'6\221\252\365\357\025B\252v\216\220#\233"
  59      273691AA 
  59      F5EF1542 
  59      AA768E90 
  59      239B
  60 0134 5DE9ED0C 		.ascii	"]\351\355\014\264\303`\337\257gc\303\304C\346\270\211"
  60      B4C360DF 
  60      AF6763C3 
  60      C443E6B8 
  60      89
  61 0145 F2DA95AF 		.ascii	"\362\332\225\257\244@\034\036\273\\~\035P\341\200/r"
  61      A4401C1E 
  61      BB5C7E1D 
  61      50E1802F 
  61      72
  62 0156 6E62EB4B 		.ascii	"nb\353KXoe9-#\354\232\3754\274\036\310\343z\222\357"
  62      586F6539 
  62      2D23EC9A 
  62      FD34BC1E 
  62      C8E37A92 
  63 016b 207FC4A5 		.ascii	" \177\304\245 \036\261\332E\256\244\022\226\262\311"
  63      201EB1DA 
  63      45AEA412 
  63      96B2C9
  64 017a 89903323 		.ascii	"\211\2203#\373\222\262\321\245\003x\214<F\375\333\341"
  64      FB92B2D1 
  64      A503788C 
  64      3C46FDDB 
  64      E1
  65 018b E0DBD5F9 		.ascii	"\340\333\325\371\331HKA\005\363q\227Bx\002'GA\377\346"
  65      D9484B41 
  65      05F37197 
  65      42780227 
  65      4741FFE6 
  66 019f 3CB43047 		.ascii	"<\2640G\305x7s\2558mh\322\304aN\034\236\274SjP4,\034"
  66      C5783773 
  66      AD386D68 
  66      D2C4614E 
  66      1C9EBC53 
  67 01b8 C5539F74 		.ascii	"\305S\237t\272\226\031\2644\310\324\240\352\344\302"
  67      BA9619B4 
  67      34C8D4A0 
  67      EAE4C2
ARM GAS  C:\Users\mvshv\AppData\Local\Temp\cckQ74gx.s 			page 5


  68 01c7 6E582BB3 		.ascii	"nX+\263P\326\240\355L5\240A\226RSY\316\0045\002x\206"
  68      50D6A0ED 
  68      4C35A041 
  68      96525359 
  68      CE043502 
  69 01dd 28D7AFCB 		.ascii	"(\327\257\313\267\352\362\377E\334AT|q\370]\\\217Ka"
  69      B7EAF2FF 
  69      45DC4154 
  69      7C71F85D 
  69      5C8F4B61 
  70 01f1 2C2971A6 		.ascii	",)q\246/\356\271\022g\351^3\305E\374W\267e\277\233\361"
  70      2FEEB912 
  70      67E95E33 
  70      C545FC57 
  70      B765BF9B 
  71 0206 976E2B3F 		.ascii	"\227n+?\273Uu\267-\244\362\205\254\337\313\3779\006"
  71      BB5575B7 
  71      2DA4F285 
  71      ACDFCBFF 
  71      3906
  72 0218 98297F29 		.ascii	"\230)\177)\\ \026\2139?\236D\267s\376\334\005\2473\321"
  72      5C20168B 
  72      393F9E44 
  72      B773FEDC 
  72      05A733D1 
  73 022c 75B1DB69 		.ascii	"u\261\333iKtt$\342\316\311\263\255\247Z/9\361\236\366"
  73      4B747424 
  73      E2CEC9B3 
  73      ADA75A2F 
  73      39F19EF6 
  74 0240 B6589B40 		.ascii	"\266X\233@\334\354\354jO|\007H\215\032\270"
  74      DCECEC6A 
  74      4F7C0748 
  74      8D1AB8
  75              		.text
  76              		.section	.gnu.lto_nvicDisableVector.d6101c,"",%progbits
  77 0000 789C9551 		.ascii	"x\234\225Q]k\023Q\020\235sg7\033\373\221g\301\240}\020"
  77      5D6B1351 
  77      109D7367 
  77      371BFB91 
  77      67C1A07D 
  78 0015 4A5FB2C4 		.ascii	"J_\262\304\177 \202o}\361\037H^\024m\"V\212o\275i\332"
  78      7F20826F 
  78      7DF11F48 
  78      5E146D22 
  78      568A6FBD 
  79 002b 6DAB150A 		.ascii	"m\253\025\012m#\204E\266\030\261 Z%\251\232\372\265"
  79      6D238445 
  79      B618B120 
  79      5A25A99A 
  79      FAB5
  80 003d AE15295A 		.ascii	"\256\025)Z\305\242\376\000SD\024\212\212\017\012\265"
  80      C5A2FE00 
  80      5344148A 
  80      8A0F0AB5 
  81 004d 3A775744 		.ascii	":wWD\360\311a\357\335\231{\317\3149w&ED\307\024\321"
  81      F0C961EF 
ARM GAS  C:\Users\mvshv\AppData\Local\Temp\cckQ74gx.s 			page 6


  81      DD997BCF 
  81      CC397726 
  81      4544C714 
  82 0062 3EF9EF92 		.ascii	">\371\357\222\005&\250\351\347D\345\264\002\214\243"
  82      0526A8E9 
  82      E744E5B4 
  82      028CA3
  83 0071 D3A06185 		.ascii	"\323\240a\205aL\361,#\032\177\327R}\227\265Xx\276\231"
  83      614CF12C 
  83      231A7FD7 
  83      527D97B5 
  83      5878BE99 
  84 0085 F2F4D84E 		.ascii	"\362\364\330N\237\211\252\262\214\241\201>A\275\034"
  84      9F89AAB2 
  84      8CA1813E 
  84      41BD1C
  85 0094 BDEEF359 		.ascii	"\275\356\363Y\366\031\260$\374\274VkgL\250\320#\341"
  85      F619B024 
  85      FCBC566B 
  85      674CA8D0 
  85      23E1
  86 00a6 0F3D5BCD 		.ascii	"\017=[\315p\036$\376\306\323\213\323N\357%\255Gt\370"
  86      701E24FE 
  86      C6D38BD3 
  86      4EEF25AD 
  86      4774F8
  87 00b9 ACCE7AAF 		.ascii	"\254\316z\257\317\214\233`)\210%d\321D\226\344\210p"
  87      CF8C9B60 
  87      29882564 
  87      D14496E4 
  87      8870
  88 00cb 0BBD06FF 		.ascii	"\013\275\006\377\366\306\366\\w\312J\010q\033)\2028"
  88      F6C6F65C 
  88      77CA4A08 
  88      711B2982 
  88      38
  89 00dc 8BEB76A8 		.ascii	"\213\353v\250\267\177\216\353p\243\216\327\007E\261"
  89      B77F8EEB 
  89      70A38ED7 
  89      0745B1
  90 00eb CF96321B 		.ascii	"\317\2262\033\313f[\210\323iB\222\344I:\244IV\306\253"
  90      CB665B88 
  90      D3694292 
  90      E4493AA4 
  90      4956C6AB 
  91 00ff 84F40195 		.ascii	"\204\364\001\225-o\255\261\240L\261\032\243\306F\361"
  91      2D6FADB1 
  91      A04CB11A 
  91      A3C646F1 
  92 010f 4CFD5AAB 		.ascii	"L\375Z\253\333(\266\260\007-\321 \260/\336\244\235\200"
  92      DB28B6B0 
  92      072DD120 
  92      B02FDEA4 
  92      9D80
  93 0121 54025AAD 		.ascii	"T\002Z\255/ou\031\220\015\033\313\011\350\223\267\352"
  93      2F6F7519 
  93      900D1BCB 
ARM GAS  C:\Users\mvshv\AppData\Local\Temp\cckQ74gx.s 			page 7


  93      09E893B7 
  93      EA
  94 0132 2420D3AD 		.ascii	"$ \323\255\346\312\023/\235 \200;\310J}\001E\257\316"
  94      E6CA132F 
  94      9D20803B 
  94      C84A7D01 
  94      45AFCE
  95 0145 7C8F2B09 		.ascii	"|\217+\011\242:\026\275p\014\"\025\267\2439\277\371"
  95      A23A16BD 
  95      700C2215 
  95      B7A339BF 
  95      F9
  96 0156 AD2B0975 		.ascii	"\255+\011uT\321\0319j|\234i;\001.\224\245\345\301n\237"
  96      54D11939 
  96      6A7C9C69 
  96      3B012E94 
  96      A5E5C16E 
  97 016b 1DDC93BE 		.ascii	"\035\334\223\276\334\025:\223\360x\252<\337\341^\325"
  97      DC153A93 
  97      F078AA3C 
  97      DFE15ED5 
  98 017b A365DDE3 		.ascii	"\243e\335\343s\032\367\021`.\036\206\\\276Y_jd\362\213"
  98      731AF711 
  98      602E1E86 
  98      5CBE595F 
  98      6A64F28B 
  99 018f E63218F2 		.ascii	"\3462\030\362y\007\036\300\025\365\361\240B\344E\243"
  99      79071EC0 
  99      15F5F1A0 
  99      42E445A3 
 100 019f 51F3F5FD 		.ascii	"Q\363\365\375B\333\371-\347\177\310:\3600&\303\277d"
 100      42DBF92D 
 100      E77FC83A 
 100      F03026C3 
 100      BF64
 101 01b1 459F3B11 		.ascii	"E\237;\021\0312+&{\204\374\337o\355\004aEjnb$\270r\016"
 101      19322B26 
 101      7B84FCDF 
 101      6FED0461 
 101      456A6E62 
 102 01c9 F1188D4D 		.ascii	"\361\030\215MH-\231\212\010\314\345r\356\237\2574\350"
 102      482D998A 
 102      08CCE572 
 102      EE9FAF34 
 102      E8
 103 01da 1E397CDC 		.ascii	"\0369|\334=Q:yj\320-\224\006\006JEw\377\241\376\003"
 103      3D513A79 
 103      6AD02D94 
 103      06064A45 
 103      77FFA1FE 
 104 01ef FDA7DDE2 		.ascii	"\375\247\335\342\320\321B\256@(\376\002\223\033\324"
 104      D0D142AE 
 104      4028FE02 
 104      931BD4
 105 01fe AD       		.ascii	"\255"
 106              		.text
 107              		.section	.gnu.lto_nvicSetSystemHandlerPriority.d6101c,"",%progbits
ARM GAS  C:\Users\mvshv\AppData\Local\Temp\cckQ74gx.s 			page 8


 108 0000 789C6D52 		.ascii	"x\234mR\315O\023Q\020\177\277\235\335m\371\324#1=p0"
 108      CD4F1351 
 108      107FBF9D 
 108      DD6DF9D4 
 108      23313D70 
 109 0015 69B874D3 		.ascii	"i\270t\323\304\213\007\017\306\213\027.\376\007\244"
 109      C48B070F 
 109      C68B172E 
 109      FE07A4
 110 0024 9A40022D 		.ascii	"\232@\002-)\306x\353\353\007\264\2001F\371J\335\230"
 110      29C678EB 
 110      EB07B480 
 110      3146F94A 
 110      DD98
 111 0036 1E24488C 		.ascii	"\036$H\214A\203\250\225\002kQ\343\005l\2111\212'\277"
 111      4183A895 
 111      026B51E3 
 111      056C8931 
 111      8A27BF
 112 0049 3069C0A8 		.ascii	"0i\300\250p@\215\350\274m5\034\234\354\333\367f\336"
 112      70408DE8 
 112      BC6D351C 
 112      9CECDBF7 
 112      66DE
 113 005b 6F667E33 		.ascii	"of~3oL!\304\234&\3041\336\217\360\202!\240]Z\025\"\356"
 113      6F4C21C4 
 113      9C26C431 
 113      DE8FF082 
 113      21A05D5A 
 114 0072 D5342AF9 		.ascii	"\3254*\371\204\254\327\235\240\220\215\004\275j\326"
 114      84ACD79D 
 114      A0908D04 
 114      BD6AD6
 115 0081 0175905E 		.ascii	"\001u\220^\210\230F:b\270@#\204bz#\257\265MI\026g|\307"
 115      8898463A 
 115      62B84023 
 115      84627A23 
 115      AFB54D49 
 116 0099 1C90FD2D 		.ascii	"\034\220\375-6\0111\306K\011f\321\306\250r\352\266M"
 116      360931C6 
 116      4B0966D1 
 116      C6A872EA 
 116      B64D
 117 00ab C36413A0 		.ascii	"\303d\023\240\263\372u%\373\276Y\251\032ZYM^Y,x)\010"
 117      B3FA7525 
 117      FBBE59A9 
 117      1A5A594D 
 117      5E592C78 
 118 00c1 C1E7B5D9 		.ascii	"\301\347\265\331\211\223\376I)\023\322\3710I\362\260"
 118      8993FE49 
 118      2913D2F9 
 118      3049F2B0 
 119 00d1 4D847B20 		.ascii	"M\204{ \216\2079\370p\027>\301&\201\373\3603\372f\342"
 119      8E8739F8 
 119      70173EC1 
 119      2681FBF0 
 119      33FA66E2 
ARM GAS  C:\Users\mvshv\AppData\Local\Temp\cckQ74gx.s 			page 9


 120 00e5 D316D151 		.ascii	"\323\026\321Q\327\363\335\263\267#F\315ug\252\346\372"
 120      D7F3DDB3 
 120      B72346CD 
 120      7567AAE6 
 120      FA
 121 00f6 E03FAE79 		.ascii	"\340?\256y\370]\374\235\275\321&S\317\375e\213\2070"
 121      F85DFC9D 
 121      BDD12653 
 121      CFFD658B 
 121      8730
 122 0108 057867CB 		.ascii	"\005xg\313\314\232\341\310\275\337i&\321\262\276\355"
 122      CC9AE1C8 
 122      BDDF6926 
 122      D1B2BEED 
 123 0118 AD037BEA 		.ascii	"\255\003{\352\232\372q\0338\265\007n\024\221aG\356\212"
 123      9AFA711B 
 123      38B5076E 
 123      14916147 
 123      EE8A
 124 012a 74C42069 		.ascii	"t\304 i\352\224t\304G\244^-o\\5U\274,\251r\177\356\256"
 124      EA9474C4 
 124      47A45E2D 
 124      6F5C3555 
 124      BC2CA972 
 125 0141 2E7854B9 		.ascii	".xT\271\204\006\3143\015%\203L\245\344c\374&R\255nn"
 125      8406CC33 
 125      0D25834C 
 125      A5E463FC 
 125      2652AD6E 
 126 0156 46E6F39B 		.ascii	"F\346\363\233o<\261_\322k\2231F\212L\0011u1\326_|\356"
 126      6F3CB15F 
 126      D26B9331 
 126      468A4C01 
 126      317531D6 
 127 016d 8630DD5A 		.ascii	"\2060\335Z\223?\226\266\233\031\307\2756U\001\312\366"
 127      933F96B6 
 127      9B19C7BD 
 127      365501CA 
 127      F6
 128 017e BDBC9569 		.ascii	"\275\274\225i\310\341Z\374\240M\036,\362\003-\250T\012"
 128      C8E15AFC 
 128      A04D1E2C 
 128      F2032DA8 
 128      540A
 129 0190 7D7DB61F 		.ascii	"}}\266\037\214\236\220\262UEXB\016\325j\035\304l\362"
 129      8C9E90B2 
 129      55455842 
 129      0ED56A1D 
 129      C46CF2
 130 01a3 BA6CF41A 		.ascii	"\272l\364\032\375\012\022\337\322+\371\002\252\374\221"
 130      FD0A12DF 
 130      D22BF902 
 130      AAFC91
 131 01b2 250FDB92 		.ascii	"%\017\333\222_\006j\006\215m\373_\264\016:\036q\242"
 131      5F066A06 
 131      8D6DFB5F 
 131      B40E3A1E 
ARM GAS  C:\Users\mvshv\AppData\Local\Temp\cckQ74gx.s 			page 10


 131      71A2
 132 01c4 0A8A2F86 		.ascii	"\012\212/\206^\033\012\264\237o\275\3137\236/\214\030"
 132      5E1B0AB4 
 132      9F6FBDCB 
 132      379E2F8C 
 132      18
 133 01d5 5555AE27 		.ascii	"UU\256'e3\233*\345\235\222\241\350\362\344\344\016\331"
 133      65339B2A 
 133      E59D92A1 
 133      E8F2E4E4 
 133      0ED9
 134 01e7 D480657E 		.ascii	"\324\200e~\244b\215\362\345\241\351\351z\353\226L\305"
 134      A4628DF2 
 134      E5A1E9E9 
 134      7AEB964C 
 134      C5
 135 01f8 15E5463C 		.ascii	"\025\345F<f\312\243\356L\361\345\313\033\273\343\007"
 135      66CAA3EE 
 135      4CF1E5CB 
 135      1BBBE307 
 136 0208 8233EA32 		.ascii	"\2023\3522\027\266\251\011O`q\247\335y{\212 s\024\237"
 136      17B6A909 
 136      4F6071A7 
 136      DD797B8A 
 136      2073149F 
 137 021c 91C8CD5F 		.ascii	"\221\310\315_\254V\251$\303\315\344\372x\342\003\201"
 137      AC56A924 
 137      C3CDE4FA 
 137      78E20381 
 138 022c 80F5EF8B 		.ascii	"\200\365\357\213\364Y\235\035\335Vo$z\266\317\012Ez"
 138      F4599D1D 
 138      DD566F24 
 138      7AB6CF0A 
 138      457A
 139 023e 7A2261EB 		.ascii	"z\"a\353\370\251\366\023\355\347\255\360\271\256P $"
 139      F8A9F613 
 139      EDE7ADF0 
 139      B9AE5020 
 139      24
 140 024f 3C9D1DE1 		.ascii	"<\235\035\341\323\335g\242zo\264+\362\007\215\223\363"
 140      D3DD67A2 
 140      7A6FB42B 
 140      F2078D93 
 140      F3
 141 0260 E4       		.ascii	"\344"
 142              		.text
 143              		.section	.gnu.lto___func__.8099.d6101c,"",%progbits
 144 0000 789C6363 		.ascii	"x\234cc``\020\005by\006\010\230\302\314\370\341\361"
 144      60601005 
 144      62790608 
 144      98C2CCF8 
 144      E1F1
 145 0012 9CCB4C8A 		.ascii	"\234\313L\212L\363\0338\3460300nfTd\220\315+\313L\016"
 145      4CF31B38 
 145      E6303330 
 145      306E6654 
 145      6490CD2B 
ARM GAS  C:\Users\mvshv\AppData\Local\Temp\cckQ74gx.s 			page 11


 146 0029 4E2D09AE 		.ascii	"N-\011\256,.I\315\365H\314K\311I-\012(\312\314/\312"
 146      2C2E49CD 
 146      F548CC4B 
 146      C9492D0A 
 146      28CACC2F 
 147 003e 2CA96400 		.ascii	",\251d\000\000\346\363\022t"
 147      00E6F312 
 147      74
 148              		.text
 149              		.section	.gnu.lto_nvicClearPending.d6101c,"",%progbits
 150 0000 789C3D51 		.ascii	"x\234=Q\317KTQ\024>\337=\357\315\233Bg-4\224\213@D\230"
 150      CF4B5451 
 150      143EDF3D 
 150      EFCD9B42 
 150      672D3494 
 151 0018 C7F41F48 		.ascii	"\307\364\037H\013Wn\372\017d6\0059\023\031\322\316;"
 151      0B576EFA 
 151      0F643605 
 151      391319D2 
 151      CE3B
 152 002a 333AA329 		.ascii	"3:\243)$\250\023\014\017y\342D\264(\213\321j\306~<\006"
 152      24A8130C 
 152      0F79E244 
 152      B4288BD1 
 152      6AC67E3C 
 153 003f 5B44A428 		.ascii	"[D\244(\342\252U\212\220\202\244 \264P\353\334\367\250"
 153      E2AA558A 
 153      9082A420 
 153      B450EBDC 
 153      F7A8
 154 0051 C3FD71CE 		.ascii	"\303\375q\316\271\347;\367\273\337\215\021\321)\210"
 154      B9E73BF7 
 154      BBDF8D11 
 154      D12988
 155 0060 6EC87E45 		.ascii	"n\310~E&\230\240\246\327\211\362q\005\030G\307A#\012"
 155      2698A0A6 
 155      D789F271 
 155      051847C7 
 155      41230A
 156 0073 2398E259 		.ascii	"#\230\342YF\253\274\337P\335\317\264X\360\244\351\224"
 156      46ABBCDF 
 156      50DDCFB4 
 156      58F0A4E9 
 156      94
 157 0084 F45887C7 		.ascii	"\364X\207\307D\025\231\306PG\267Tm\216\276\362x\222"
 157      441599C6 
 157      5047B754 
 157      6D8EBEF2 
 157      7892
 158 0096 3D062C09 		.ascii	"=\006,\011\217\277Uw\023&T\350\224\360\\\317V\022\234"
 158      8FBF5577 
 158      132654E8 
 158      94F05CCF 
 158      56129C
 159 00a9 0689BFF7 		.ascii	"\006\211\277\367uq\332\351z\252uA\007k5\326\327=f\274"
 159      7571DAE9 
 159      7AAA7541 
ARM GAS  C:\Users\mvshv\AppData\Local\Temp\cckQ74gx.s 			page 12


 159      076B35D6 
 159      D73D66BC 
 160 00bd 014B43AC 		.ascii	"\001KC\254 \211e$IR\204\267\3502\365?^_\314\265\307"
 160      20896524 
 160      495284B7 
 160      E832F53F 
 160      5E5FCCB5 
 161 00d2 ACE842BC 		.ascii	"\254\350B\274C\214\204<-m\331\201\276\370S\326\301\367"
 161      438C843C 
 161      2D6DD981 
 161      BEF853D6 
 161      C1F7
 162 00e4 1A36FB84 		.ascii	"\0326\373\204\261\307\226\222\305f\343Yf\261\021\366"
 162      B1C79692 
 162      C566E359 
 162      66B111F6 
 163 00f4 A07141CA 		.ascii	"\240qA\312\273t@\023\254\214W\014\350\000\305\263\322"
 163      BB744013 
 163      AC8C570C 
 163      E800C5B3 
 163      D2
 164 0105 F9AAAF4C 		.ascii	"\371\252\257L\307*\243\312\266\3345S{\331h7\264-\\C"
 164      C72AA3CA 
 164      B6DC3553 
 164      7BD96837 
 164      B42D5C43 
 165 0119 438848D9 		.ascii	"C\210H\331\257\322s'*R\350IJ\251I\236\224&\354(\311"
 165      AFD27327 
 165      2A52E849 
 165      4AA9499E 
 165      9426EC28 
 166 012e 11F24BAD 		.ascii	"\021\362K\255y\326f\2206l4Cd\341\244\374\017i\011X2"
 166      79D66690 
 166      366C3443 
 166      64E1A4FC 
 166      0F690958 
 167 0143 ADED473F 		.ascii	"\255\355G?C\230\000*c\255\015\307\000b\241*\313\013"
 167      4398002A 
 167      63AD0DC7 
 167      0062A12A 
 167      CB0B
 168 0155 47BFDBA2 		.ascii	"G\277\333\242P\267\212:!\251\372\341\314\256\343c>/"
 168      50B78A3A 
 168      21A9FAE1 
 168      CCAEE363 
 168      3E2F
 169 0167 CAFB573D 		.ascii	"\312\373W=v\360^\344Y\225\336\006\360y*\277p\331}\241"
 169      76F05EE4 
 169      5995DE06 
 169      F0792ABF 
 169      70D97DA1 
 170 017b 47F3BAD3 		.ascii	"G\363\272\323\3438>\300\307\\\370'r\270\263\265RO\244"
 170      E3383EC0 
 170      C75CF827 
 170      72B8B3B5 
 170      524FA4
 171 018e 97CCA13F 		.ascii	"\227\314\241?\354\361%|\204+T\303\377\372\204\264\020"
ARM GAS  C:\Users\mvshv\AppData\Local\Temp\cckQ74gx.s 			page 13


 171      ECF1257C 
 171      842B54C3 
 171      FFFA84B4 
 171      10
 172 019f A22314FC 		.ascii	"\242#\024\374\305\307\010\00556.\017\023i\024Q*\225"
 172      C5C70805 
 172      35362E0F 
 172      13691451 
 172      2A95
 173 01b1 72FF8FDC 		.ascii	"r\377\217\334\220{{\340\256{/w\377\301\220\233\311\015"
 173      907B7BE0 
 173      AE7B2F77 
 173      FFC1909B 
 173      C90D
 174 01c3 0EE6B26E 		.ascii	"\016\346\262n\357\255\376\233\375\017\335\354\360\235"
 174      EFADFE9B 
 174      FD0FDDEC 
 174      F09D
 175 01d1 4C2A43C8 		.ascii	"L*C\310\376\005\360\222\255Q"
 175      FE05F092 
 175      AD51
 176              		.text
 177              		.section	.gnu.lto_.symbol_nodes.d6101c,"",%progbits
 178 0000 789C6363 		.ascii	"x\234cc``\310\006b\006\246\235L\365\014\014\023\316"
 178      6060C806 
 178      6206A69D 
 178      4CF50C0C 
 178      13CE
 179 0012 313000A9 		.ascii	"10\000\251]\015\216@\221]L\365\214\250\"\273\231\352"
 179      5D0D8E40 
 179      915D4CF5 
 179      8CA822BB 
 179      99EA
 180 0024 99504458 		.ascii	"\231PDX\367114(1003\355a\252gF\221b\334\313T\317\002"
 180      F7313134 
 180      28313030 
 180      33ED61AA 
 180      67469162 
 181 003d 16616068 		.ascii	"\026a`hhp\000\251ae8\362C\217\001\000\262v\032\015"
 181      687000A9 
 181      616538F2 
 181      438F0100 
 181      B2761A0D 
 182              		.text
 183              		.section	.gnu.lto_.refs.d6101c,"",%progbits
 184 0000 789C6363 		.ascii	"x\234cc```\003bF&&f&\006\000\000\303\000\027"
 184      60606003 
 184      62462626 
 184      66260600 
 184      00C30017 
 185              		.text
 186              		.section	.gnu.lto_.decls.d6101c,"",%progbits
 187 0000 789CBD57 		.ascii	"x\234\275W{P\224\327\025\337\373\335\005\226\345e\221"
 187      7B5094D7 
 187      15DFFBDD 
 187      0596E565 
 187      91
ARM GAS  C:\Users\mvshv\AppData\Local\Temp\cckQ74gx.s 			page 14


 188 0011 696C4AA6 		.ascii	"ilJ\246\216c&\374\221\000\032[\223N\247\015A\255\374"
 188      8E6326FC 
 188      91001A5B 
 188      934EA70D 
 188      41ADFC
 189 0024 61CA2C89 		.ascii	"a\312,\211\323\007S\202\260\011$<RX;\372W\027\027\025"
 189      D3075382 
 189      B009243C 
 189      52583BFA 
 189      57171715 
 190 0038 C5180888 		.ascii	"\305\030\010\210\210\020\021\360AP\204\310CE\344\241"
 190      881011F0 
 190      415084C8 
 190      4345E4A1 
 191 0048 200F4183 		.ascii	" \017A\203\202\"O\221\227\210<U\004Qz\356\343\333\375"
 191      82224F91 
 191      97883C55 
 191      04517AEE 
 191      E3DBFD
 192 005b F8606D3A 		.ascii	"\370`m:\323\3517\234\375\276s\357\271\347\374\3169\367"
 192      D3E9379C 
 192      FDBE73EF 
 192      B9E7FCCE 
 192      39F7
 193 006d 9E73B154 		.ascii	"\236s\261T(\024A\257+\024O\005\205\242\033)\024s\360"
 193      281441AF 
 193      2B144F05 
 193      85A21B29 
 193      1473F0
 194 0080 58C25805 		.ascii	"X\302X\005\020\014)J\201\352\025\354\261\000\272\005"
 194      100C294A 
 194      81EA15EC 
 194      B100BA05 
 195 0090 7407E82E 		.ascii	"t\007\350.P;\320= X\246\350U\314\177\262a\320\016\336"
 195      503BD03D 
 195      2058A6E8 
 195      55CC7FB2 
 195      61D00EDE 
 196 00a4 9F023902 		.ascii	"\237\0029\0029q]\316@o\001\375\005\3507 \263\006\350"
 196      39715DCE 
 196      406F01FD 
 196      05E83720 
 196      B306E8
 197 00b7 057CCF02 		.ascii	"\005|\317\002\331\301\267-\020\206\3577\341\275\012"
 197      D9C1B72D 
 197      1086EF37 
 197      E1BD0A
 198 00c6 682562FA 		.ascii	"h%b\372o)\026>\371D~\021\033r\375\242^\321\016\361\313"
 198      6F29163E 
 198      F9447E11 
 198      1B72FDA2 
 198      5ED10EF1 
 199 00db 05311B88 		.ascii	"\0051\033\210\373#\177\012a\302\336\014\376\265\210"
 199      FB237F0A 
 199      61C2DE0C 
 199      FEB588
 200 00ea C5A40EA8 		.ascii	"\305\244\016\250\233\333\212\201\261]@\201\210\331 "
ARM GAS  C:\Users\mvshv\AppData\Local\Temp\cckQ74gx.s 			page 15


 200      9BDB8A81 
 200      B15D4081 
 200      88D920
 201 00f9 7AC311B3 		.ascii	"z\303\021\263u\367\025q\252\345\030\352\026\301 >\347"
 201      75F71571 
 201      AAE518EA 
 201      16C1203E 
 201      E7
 202 010a 41406DC6 		.ascii	"A@m\306\317\277.\342'\321\267\212\277\333\027\321\227"
 202      CFBF2EE2 
 202      27D1B78A 
 202      BFDB17D1 
 202      97
 203 011b 8851474D 		.ascii	"\210QGMv\016\216\305\350-5\"\031w\200\2413\303\347\247"
 203      760E8EC5 
 203      E82D3522 
 203      197780A1 
 203      33C3E7A7 
 204 012f EDD81091 		.ascii	"\355\330\020\221(\312\356.FX\240\337\005U\003\273\254"
 204      28CAEE2E 
 204      4658A0DF 
 204      055503BB 
 204      AC
 205 0140 5C4FE9D9 		.ascii	"\\O\351\331\243\012R\240B\204EUM\337LdY\341\367\251"
 205      A30A52A0 
 205      42844555 
 205      4DDF4C64 
 205      59E1F7A9 
 206 0154 E08FD179 		.ascii	"\340\217\321y\251D\255\243\032)\201\035oH\271o\017\254"
 206      A944ADA3 
 206      1A29811D 
 206      6F48B96F 
 206      0FAC
 207 0166 931A2D4F 		.ascii	"\223\032-O\304BW\353\363v{\244v\211\321\353w\350\323"
 207      C44257EB 
 207      F3767BA4 
 207      7689D1EB 
 207      77E8D3
 208 0179 0D7AEB8D 		.ascii	"\015z\353\215\012t\0369\243s\310Y\201J\220\0131]\204"
 208      0A741E39 
 208      A373C859 
 208      814A900B 
 208      315D84
 209 018c 5C15A800 		.ascii	"\\\025\250\000\006\317\302\340qb\256| \371\367\207&"
 209      06CFC2E0 
 209      7162AE7C 
 209      20F9F787 
 209      26
 210 019d F4FAE5E8 		.ascii	"\364\372\345\350\002R#\300De\300\273\267\324\014@vV"
 210      025223C0 
 210      4465C0BB 
 210      B7D40C40 
 210      7656
 211 01af 7C8625CE 		.ascii	"|\206%\316A\004\201Pr\270\257J0g\343\222y\033\271+\252"
 211      41048150 
 211      72B8AF4A 
 211      3067E392 
ARM GAS  C:\Users\mvshv\AppData\Local\Temp\cckQ74gx.s 			page 16


 211      791BB92B 
 212 01c4 77EAF502 		.ascii	"w\352\365\002*\005\033\027M6\300$y\301(\030:W\372h5"
 212      2A051B17 
 212      4D36C024 
 212      79C12818 
 212      3A57FA68 
 213 01d9 73CE9984 		.ascii	"s\316\231\2040\266\275\015\251c\310rj\207\214\213\226"
 213      30B6BD0D 
 213      A963C872 
 213      6A878C8B 
 213      96
 214 01ea 14A89C2C 		.ascii	"\024\250\234,Dn\316\250\014X\220\316\030l\250\265`\213"
 214      446ECEA8 
 214      0C5890CE 
 214      186CA8B5 
 214      608B
 215 01fc DF00B639 		.ascii	"\337\000\2669ax?b\221\031D\204\177V:c\213\343h\270\225"
 215      61783F62 
 215      91194484 
 215      7F563A63 
 215      8BE368B8 
 216 0211 A70CDF8F 		.ascii	"\247\014\337\217)\221\2133\002mH}\\\014\273\002]\005"
 216      29918B33 
 216      026D487D 
 216      5C0CBB02 
 216      5D05
 217 0223 709779E4 		.ascii	"p\227y\344\341I\321\203\365\261\177\221a\370V\3217\365"
 217      E149D183 
 217      F5B17F91 
 217      61F856D1 
 217      37F5
 218 0235 5B9FA9C7 		.ascii	"[\237\251\307\313\024\350]g\344\016^_\001\257\257R8"
 218      CB14E85D 
 218      67E40E5E 
 218      5F01AFAF 
 218      5238
 219 0247 D5A0B08A 		.ascii	"\325\240\260\212\3419r\344R\013r\214#\212\341\347\003"
 219      E13972E4 
 219      520B728C 
 219      238AE1E7 
 219      03
 220 0258 447557C2 		.ascii	"DuW\302|\005\205_\203\034E'\210t~j\315\264\265\232\353"
 220      7C05855F 
 220      831C4527 
 220      88747E6A 
 220      CDB4B59A 
 221 026d 8EF94FBA 		.ascii	"\216\371O\272s&\262fm\244\272k_\245\273!\363r\266\215"
 221      7326B266 
 221      6DA4BA6B 
 221      5FA5BB21 
 221      F372B68D 
 222 0281 ED5E63BE 		.ascii	"\355^c\276P\035r\224\004\262\036\221#N\337 |\241\242"
 222      501D7294 
 222      04B21E91 
 222      234EDF20 
 222      7CA1A2
 223 0294 B4CCA60B 		.ascii	"\264\314\246\013u 8Wh\011\215\002B\354\027\336\204("
ARM GAS  C:\Users\mvshv\AppData\Local\Temp\cckQ74gx.s 			page 17


 223      75203857 
 223      68098D02 
 223      42EC17DE 
 223      8428
 224 02a6 3F273E88 		.ascii	"?'>\210\215\303\250\300^\\\2240\342\022d\034\021\270"
 224      8DC3A8C0 
 224      5E5C9430 
 224      E212641C 
 224      11B8
 225 02b8 0E41D44B 		.ascii	"\016A\324K\377\270\002$\325\312\346\2319\361a'\234}"
 225      FFB80224 
 225      D5CAE699 
 225      39F16127 
 225      9C7D
 226 02ca 48D6B121 		.ascii	"H\326\261!\301dL\262d\001V\205q\332\010\312\344$\342"
 226      C1644CB2 
 226      64015685 
 226      71DA08CA 
 226      E424E2
 227 02dd 27AE7978 		.ascii	"'\256yx_\256m7\352\204Y(=q\252Pz\366\016\337\352\311"
 227      5FAE6D37 
 227      EA845928 
 227      3D71AA50 
 227      7AF60EDF 
 228 02f3 14F00176 		.ascii	"\024\360\001vb\257\236,\254@J\201m]\024\246$c\365S'"
 228      62AF9E2C 
 228      AC404A81 
 228      6D5D14A6 
 228      2463F553 
 229 0308 CA94C6B1 		.ascii	"\312\224\306\261\353\210\016V\315M\225;\260})\220\303"
 229      EB880E56 
 229      CD4D953B 
 229      B07D2990 
 229      C3
 230 0319 3C762DCD 		.ascii	"<v-\315\206\355\313%\344\000_\352L\022\226%\321L\032"
 230      86EDCB25 
 230      E4005FEA 
 230      4C129625 
 230      D14C1A
 231 032c F44B04F4 		.ascii	"\364K\004\364\351\317Q\023\244\346G\232\232\233h\031"
 231      E9CF5113 
 231      A4E6479A 
 231      9A9B6819 
 232 033c FCDE0045 		.ascii	"\374\336\000El\223\304\276\330\255Z\221\256O\357\326"
 232      6C93C4BE 
 232      D8AD5A91 
 232      AE4FEFD6 
 233 034c 974F5D5B 		.ascii	"\227O][9P\240\327\303\221\322+\211\034j4\235\251F\262"
 233      3950A0D7 
 233      C391D22B 
 233      891C6A34 
 233      9DA946B2 
 234 0360 835103EA 		.ascii	"\203Q\003\352F\350\032\352\002'n\241\025\304\253\316"
 234      46E81AEA 
 234      02276EA1 
 234      15C4ABCE 
 235 0370 D2318C9B 		.ascii	"\3221\214\233\315\343?x3\343\202\235Y0\267)\230\026"
ARM GAS  C:\Users\mvshv\AppData\Local\Temp\cckQ74gx.s 			page 18


 235      CDE33F78 
 235      33E3829D 
 235      5930B729 
 235      9816
 236 0382 11CC5C6B 		.ascii	"\021\314\\k\305\240=\007\323\364\213\024}9\354\\8\336"
 236      C5A03D07 
 236      D3F48B14 
 236      7D39EC5C 
 236      38DE
 237 0394 20859A4D 		.ascii	" \205\232MP\232\345P\356P(\371\317\036\0320\036`P\022"
 237      509AE550 
 237      EE5028F9 
 237      CF1E1A30 
 237      1E605012 
 238 03a8 A2E313AD 		.ascii	"\242\343\023\255EM\2774j\"N\265\2324\265\3125\335\245"
 238      454DBF34 
 238      6A224EB5 
 238      9A34B5CA 
 238      35DDA5
 239 03bb 9A4A4F1C 		.ascii	"\232JO\034\364\302\321\230*\032\277\030\365g\256g\350"
 239      F4C2D198 
 239      2A1ABF18 
 239      F567AE67 
 239      E8
 240 03cc 8D7988DA 		.ascii	"\215y\210\332Lz\332\344z\332\251\236\362\261\254d\214"
 240      4C7ADAE4 
 240      7ADAA99E 
 240      F2B1AC64 
 240      8C
 241 03dd 0F3045F7 		.ascii	"\0170E\367\236\315]\261\225\236\030r\276L'\246\223\235"
 241      9ECD5DB1 
 241      959E1872 
 241      BE4C27A6 
 241      939D
 242 03ef 1810BC5E 		.ascii	"\030\020\274^\177 \311\201F\021\306x\024\347\014\207"
 242      7F20C981 
 242      4611C678 
 242      14E70C87 
 243 03ff 9E5A988D 		.ascii	"\236Z\230\215b7\215b\227\030\305\250\233-\265\0100w"
 243      62378D62 
 243      9718C5A8 
 243      9B2DB508 
 243      3077
 244 0411 43899C7B 		.ascii	"C\211\234{\370vj\336\240>FM\245\340\010\0321w\360\222"
 244      F8766ADE 
 244      A03E464D 
 244      A5E0081A 
 244      3177F092 
 245 0425 84EE51AC 		.ascii	"\204\356Q\254\027/\032&T\270\214a=\3320\231\244\306"
 245      172F1A26 
 245      54B88C61 
 245      3DDA3099 
 245      A4C6
 246 0437 0D8C2948 		.ascii	"\015\214)HjS\275\231\251\277QN6\210\373\341\343\372"
 246      6A53BD99 
 246      A9BF514E 
 246      3688FBE1 
ARM GAS  C:\Users\mvshv\AppData\Local\Temp\cckQ74gx.s 			page 19


 246      E3FA
 247 0449 98B82815 		.ascii	"\230\270(\025=\357\367A\033DLR%z`\344\357\202\002\365"
 247      3DEFF741 
 247      1B444C52 
 247      257A60E4 
 247      EF8202F5 
 248 045d A23761E5 		.ascii	"\2427a\345\251\346#%\266l\233\352I\361\035\257\330]"
 248      A9E62325 
 248      B66C9BEA 
 248      49F11DAF 
 248      D85D
 249 046f C0F9312B 		.ascii	"\300\3711+\340\023O\337/F\214\217s\002~\260\371D\212"
 249      E0134FDF 
 249      2F468C8F 
 249      73027EB0 
 249      F9448A
 250 0482 1DDBC7FA 		.ascii	"\035\333\307\372\243\244\300\246\315\316F+q\013\017"
 250      A3A4C0A6 
 250      CDCE462B 
 250      710B0F
 251 0491 60CBCB7A 		.ascii	"`\313\313z\336\246\014\026\344d\364\265\037\2603[\312"
 251      DEA60C16 
 251      E464F4B5 
 251      1FB0335B 
 251      CA
 252 04a2 1F8AA57C 		.ascii	"\037\212\245|\210\227\267\244\214Bl*oJ\272E\007A|\200"
 252      8897B7A4 
 252      8C426C2A 
 252      6F4ABA45 
 252      07417C80 
 253 04b6 8A0FD3F2 		.ascii	"\212\017\323\362\366P,o\275\307z\323\2559rK\340w\305"
 253      F6502C6F 
 253      BDC77AD3 
 253      AD39724B 
 253      E077C5
 254 04c9 F764DA73 		.ascii	"\367d\332s\344\004\330\215\370}\011J\216\224\264\341"
 254      E404D88D 
 254      F87D094A 
 254      8E94B4E1 
 255 04d9 FDB7E3FF 		.ascii	"\375\267\343\377\200\273\031\316;\371\011y\274i\214"
 255      80BB19CE 
 255      3BF90979 
 255      BC698C
 256 04e8 12D90B29 		.ascii	"\022\331\013)-)6fqN\2108\307\031\3163;{\263U\260\332"
 256      2D293666 
 256      714E8838 
 256      C719CE33 
 256      3B7BB355 
 257 04fe 197A3C92 		.ascii	"\031z<\2224xg\326\340\013\312'O+\361}jI\310?\335\373"
 257      347867D6 
 257      E00BCA27 
 257      4F2BF17D 
 257      6A49C83F 
 258 0514 0572518B 		.ascii	"\005rQ\213\015\327u\347n\2627\247\300\261'\246<;\023"
 258      0DD775E7 
 258      6EB237A7 
 258      C0B127A6 
ARM GAS  C:\Users\mvshv\AppData\Local\Temp\cckQ74gx.s 			page 20


 258      3C3B13
 259 0527 97166930 		.ascii	"\227\026i0O\241\0118\363\266\372\030\340L2\373\331G"
 259      4FA10938 
 259      F3B6FA18 
 259      E04C32FB 
 259      D947
 260 0539 4E5EB1C3 		.ascii	"N^\261\303\217\230\201\316\323\243\215\330d!w\305Y\332"
 260      8F9881CE 
 260      D3A38DD8 
 260      642177C5 
 260      59DA
 261 054b 6E67C0C2 		.ascii	"ng\300\3023\223\205)d\306\304\364\342&\232\273\222\332"
 261      33938529 
 261      64C6C4F4 
 261      E2269ABB 
 261      92DA
 262 055d E6751AA2 		.ascii	"\346u\032\242o\024\346GhD\236\323TL\210\251\330qe\317"
 262      6F14E647 
 262      68449ED3 
 262      544C88A9 
 262      D87165CF 
 263 0571 43DAB10D 		.ascii	"C\332\261\015?M{r\325\364\250R\252}\366U\332\213\272"
 263      3F4D7B72 
 263      D5F4A852 
 263      AA7DF655 
 263      DA8BBA
 264 0584 12F7F02D 		.ascii	"\022\367\360-\231N.?\027:\306\313m\030\337M\302?=\234"
 264      994E2E3F 
 264      173AC6CB 
 264      6D18DF4D 
 264      C23F3D9C 
 265 0598 DCACE289 		.ascii	"\334\254\342\211\266\007\376\362d\352\270-~\3022]\331"
 265      B607FEF2 
 265      64EAB82D 
 265      7EC2325D 
 265      D9
 266 05a9 561AC333 		.ascii	"V\032\3033\275\026\330k\373\317\367\231\337\220\006"
 266      BD16D86B 
 266      FBCFF799 
 266      DF9006
 267 05b8 81277A87 		.ascii	"\201'z\207@q\276LOm\021\344\033R/8C\332\211x\264\340"
 267      4071BE4C 
 267      4F6D11E4 
 267      1B522F38 
 267      43DA8978 
 268 05ce 282EA265 		.ascii	"(.\242e\364\321\364\353|?J\357h\216\364\216\206r\007"
 268      F4D1F4EB 
 268      7C3F4AEF 
 268      688EF48E 
 268      867207
 269 05e1 CB52D51C 		.ascii	"\313R\325\034%i\010\227o\036\316\261\302s\014\345\343"
 269      25690897 
 269      6F1ECEB1 
 269      C2730CE5 
 269      E3
 270 05f2 BD3BA7F8 		.ascii	"\275;\247\370\271!\207\256\267n\342\007{\263(\367\212"
 270      B92187AE 
ARM GAS  C:\Users\mvshv\AppData\Local\Temp\cckQ74gx.s 			page 21


 270      B76EE207 
 270      7BB328F7 
 270      8A
 271 0603 28F73094 		.ascii	"(\3670\224\251C\223s\366r\224\273\001\345.\201\210\307"
 271      A9439373 
 271      F67294BB 
 271      01E52E81 
 271      88C7
 272 0615 52947B45 		.ascii	"R\224{E\224\311M\371\353Y\252~\312%\016\026\334\274"
 272      94C94DF9 
 272      EB59AA7E 
 272      CA250E16 
 272      DCBC
 273 0627 3473DD41 		.ascii	"4s\335A\252~\237\360\012\365SE\317\333\270\327\351\230"
 273      AA7E9FF0 
 273      0AF55345 
 273      CFDBB8D7 
 273      E998
 274 0639 6C8D92D6 		.ascii	"l\215\222\326x\336\006\273\245\247\326\211\237\332\250"
 274      78DE06BB 
 274      A5A7D689 
 274      9FDAA8
 275 0648 C1BCDD18 		.ascii	"\301\274\335\030G+i\030&\017\356\334\243b\302\257\221"
 275      472B6918 
 275      260FEEDC 
 275      A362C2AF 
 275      91
 276 0659 12776664 		.ascii	"\022wfdXe6\014\011b\030\276eaxQ\331\225\341 \017C\034"
 276      5865360C 
 276      096218BE 
 276      65617851 
 276      D995E120 
 277 0670 E0FC86E2 		.ascii	"\340\374\206\342L\2448\023D\234\005\245\343\307\304"
 277      4CA43813 
 277      449C05A5 
 277      E3C7C4
 278 067f EA4170F6 		.ascii	"\352Ap\366\345\364d\252\361~\206\343\373\362\330\032"
 278      E5F464AA 
 278      F17E86E3 
 278      FBF2D81A 
 279 068f 9E8E7492 		.ascii	"\236\216t\222\253\271\303ci\2668\201M\212\211t\344\211"
 279      ABB9C363 
 279      69B63881 
 279      4D8A8974 
 279      E489
 280 06a1 BCFEA028 		.ascii	"\274\376\240(_\300il\362EW\\\234\025_I\366fWks\276-"
 280      5FC0696C 
 280      F245575C 
 280      9C155F49 
 280      F666576B 
 281 06b8 CE609345 		.ascii	"\316`\223E\375\265\325\342J2\271\347LO\254\005\316a"
 281      FDB5D5E2 
 281      4A32B9E7 
 281      4C4FAC05 
 281      CE61
 282 06ca 93F73A06 		.ascii	"\223\367:\006\366\332\343<\306\\\255\336\361\005\276"
 282      F6DAE33C 
ARM GAS  C:\Users\mvshv\AppData\Local\Temp\cckQ74gx.s 			page 22


 282      C65CADDE 
 282      F105BE
 283 06d9 C0BEEBEF 		.ascii	"\300\276\353\357G\277\315\026E\223\002]\225\225\177"
 283      47BFCD16 
 283      4593025D 
 283      95957F
 284 06e8 04B300A6 		.ascii	"\004\263\000\246\323\355\177\266b\257\301\001\227Qa"
 284      D3ED7FB6 
 284      62AFC101 
 284      975161
 285 06f7 87AE1943 		.ascii	"\207\256\031C\227-Z\311\236\245+]\350;C\037\035E\212"
 285      972D5AC9 
 285      9EA52B5D 
 285      E83B431F 
 285      1D458A
 286 070a 0F3ED750 		.ascii	"\017>\327P\007\241\254D\350k\301\021<\203\212+,5\246"
 286      07A1AC44 
 286      E86BC111 
 286      3C838A2B 
 286      2C35A6
 287 071d 12420901 		.ascii	"\022B\011\001ZE\376\017c\013\232B\340'\012|\20262\206"
 287      5A45FE0F 
 287      630B9A42 
 287      E0270A7C 
 287      82363286 
 288 0731 98B07848 		.ascii	"\230\260xH\321#$\221&\225g\346K\220\206\206\014qF\361"
 288      D1232491 
 288      269567E6 
 288      4B908686 
 288      0C7146F1 
 289 0745 5CB5187D 		.ascii	"\\\265\030}\264_\220\351\256\014a\322\004H\214\034\310"
 289      B45F90E9 
 289      AE0C61D2 
 289      04488C1C 
 289      C8
 290 0756 4EB974D3 		.ascii	"N\271t\323\227&\351\357\344\322i\202\014\311\220\004"
 290      9726E9EF 
 290      E4D26982 
 290      0CC99004 
 291 0766 49B21CC9 		.ascii	"I\262\034\311\301y\272\015\372\362\236\220\024*Mvu&"
 291      C179BA0D 
 291      FAF29E90 
 291      142A4D76 
 291      7526
 292 0778 97361E89 		.ascii	"\2276\036\211>\223\227\361|c\351\241\205\243\014Pw\224"
 292      3E9397F1 
 292      7C63E9A1 
 292      85A30C50 
 292      7794
 293 078a 6A22E270 		.ascii	"j\"\342pb\320i\301\005e\011+\321\031\240\223@\247\200"
 293      62D069C1 
 293      0565092B 
 293      D119A093 
 293      40A780
 294 079d 7E00CA06 		.ascii	"~\000\312\006\312\007:\016t\002(\017\350\030P.\320\367"
 294      CA073A0E 
 294      7402280F 
ARM GAS  C:\Users\mvshv\AppData\Local\Temp\cckQ74gx.s 			page 23


 294      E818502E 
 294      D0F7
 295 07af C24ADADE 		.ascii	"\302J\332\336\031\354\273\022\330\251r\330\207M\260"
 295      19ECBB12 
 295      D8A972D8 
 295      874DB0
 296 07be 59A17F3A 		.ascii	"Y\241\177:\344\030\005X\210\224\202\027y\223\252\316"
 296      E4180558 
 296      88948217 
 296      7993AACE 
 297 07ce 61A7     		.ascii	"a\247"
 298 07d0 6FF5FA1A 		.ascii	"o\365\372\032w\3222\321\003\236:\261\221\242~y\352\352"
 298      77D232D1 
 298      039E3AB1 
 298      91A27E79 
 298      EAEA
 299 07e2 24968FC8 		.ascii	"$\226\217\310-\357\222\207\267\216\247\016\252\037\212"
 299      2DEF9287 
 299      B78EA70E 
 299      AA1F8A
 300 07f1 E2D2624D 		.ascii	"\342\322bMD/\221,u\023\222\324%\311Sw@\236\350\036\211"
 300      442F912C 
 300      751392D4 
 300      25C95377 
 300      409EE81E 
 301 0806 748A5CFA 		.ascii	"t\212\\\372\220I\232\324\346\226\256+\010GY\320&\270"
 301      90499AD4 
 301      E696AE2B 
 301      084759D0 
 301      26B8
 302 0818 6326BFC8 		.ascii	"c&\277\310\002-uY4I\250\020r\363\277\310\023\213<\324"
 302      022D7559 
 302      3449A810 
 302      72F3BFC8 
 302      138B3CD4 
 303 082c 24F89F11 		.ascii	"$\370\237\021\025\200\302\263\202\261\301\222<P\\{\006"
 303      1580C2B3 
 303      82B1C192 
 303      3C505C7B 
 303      06
 304 083d 66EAB1F4 		.ascii	"f\352\261\364\016Y \331P\220*\201\375\327\005oR\035"
 304      0E5920D9 
 304      50902A81 
 304      FDD7056F 
 304      521D
 305 084f 2B6F24AB 		.ascii	"+o$\253\244\302\344\002h\022.\346\302\305T\370T\303"
 305      A4C2E402 
 305      68122EE6 
 305      C2C554F8 
 305      54C3
 306 0861 D5765E95 		.ascii	"\325v^\225b\310\301\237{\320\232\311K\330\030\275\006"
 306      62C8C19F 
 306      7BD09AC9 
 306      4BD818BD 
 306      06
 307 0872 CFA61573 		.ascii	"\317\246\025s\336IR\212\234x)\032N\21658\230\255\246"
 307      DE49528A 
ARM GAS  C:\Users\mvshv\AppData\Local\Temp\cckQ74gx.s 			page 24


 307      9C78291A 
 307      4E8E3538 
 307      98ADA6
 308 0885 17C56A7A 		.ascii	"\027\305jz\216U\375[\035}I\266\362jZ\002\021\275@\263"
 308      8E55FD5B 
 308      1D7D49B6 
 308      F26A5A02 
 308      11BD40B3 
 309 0899 504AABE9 		.ascii	"PJ\253\351E\261\232\0266\335~j\215ci2Pk\322\336a\013"
 309      45B19A16 
 309      36DD7E6A 
 309      8D636932 
 309      506BD2DE 
 310 08af B1C5C4FC 		.ascii	"\261\305\304\374\224\026\223\325\237?j-5V&\274\302\330"
 310      941693D5 
 310      9F3F6A2D 
 310      355626BC 
 310      C2D8
 311 08c1 CDFEA3D1 		.ascii	"\315\376\243\321\374>pC!\371\327\312\221\375k%VY'^e"
 311      FC3E7043 
 311      21F9D7CA 
 311      91FD6B25 
 311      5659275E 
 312 08d6 4BAA9B6A 		.ascii	"K\252\233j\021\216c\330*'\362N\360\265\244\352w\307"
 312      118E63D8 
 312      2A27F24E 
 312      F0B5A4EA 
 312      77C7
 313 08e8 5D9E331F 		.ascii	"]\2363\037\223j1&U\254\303<\211\313\333 \017\311e@Y"
 313      936A3126 
 313      55ACC33C 
 313      89CBDB20 
 313      0FC96540 
 314 08fd 49515EA5 		.ascii	"IQ^\245(\253E\224\207\322\206r\005\271Of\245c\253\012"
 314      28AB4594 
 314      87D28672 
 314      05B94F66 
 314      A563AB0A 
 315 0911 AB796E6B 		.ascii	"\253ynk\010\337\377\362l\235\025>\300@'|\373\254N\205"
 315      08DFFFF2 
 315      6C9D153E 
 315      C040277C 
 315      FBAC4E85 
 316 0925 0F31A678 		.ascii	"\0171\246x$\247\330\216I\226\023>\245\344q\035\277\340"
 316      24A7D88E 
 316      4996133E 
 316      A5E4711D 
 316      BFE0
 317 0937 A824D34E 		.ascii	"\250$\323N|z2g\354\230%Nck\343\307&\022,\315\272{Ct"
 317      7C7A3267 
 317      EC98254E 
 317      636BE3C7 
 317      26122CCD 
 318 094f D79D7A5B 		.ascii	"\327\235z[\\\2309\252\222\273\333\010\0164P\007~\244"
 318      5C9839AA 
 318      92BBDB08 
 318      0E345007 
ARM GAS  C:\Users\mvshv\AppData\Local\Temp\cckQ74gx.s 			page 25


 318      7EA4
 319 0961 0EDC101D 		.ascii	"\016\334\020\035(\211\312j\306rw\315J\237\354O\335\317"
 319      2889CA6A 
 319      C67277CD 
 319      4A9FEC4F 
 319      DDCF
 320 0973 D3F01EB9 		.ascii	"\323\360\036\271\223L\037\035\262\303G\031\310G#\263"
 320      934C1F1D 
 320      B2C34719 
 320      C84723B3 
 321 0983 67ECF171 		.ascii	"g\354\361q\306\224\024_\254\346\336\271\223\377\020"
 321      C694145F 
 321      ACE6DEB9 
 321      93FF10
 322 0992 4E5534DA 		.ascii	"NU4\332\340\03467\033w\344\2545\316g\314\341\311\216"
 322      E01C3637 
 322      1B77E4AC 
 322      35CE67CC 
 322      E1C98E
 323 09a5 077CF3BB 		.ascii	"\007|\363\273\220<g~\367\2555.bssq1\207\254p\011c\022"
 323      903C677E 
 323      F7AD352E 
 323      62737371 
 323      3187AC70 
 324 09bc 1B13336D 		.ascii	"\033\0233mp9cF\242\373\272\371\326Y\006\354\363\301"
 324      70396346 
 324      A2FBBAF9 
 324      D65906EC 
 324      F3C1
 325 09ce C456FECF 		.ascii	"\304V\376\317\216\255\344\356\342\304\357.\271O\367"
 325      8EADE4EE 
 325      E2C4EF2E 
 325      B94FF7
 326 09dd 1FB4C1D5 		.ascii	"\037\264\301\325l\351\355\326\350\363\\\326\006X\303"
 326      6CE9EDD6 
 326      E8F35CD6 
 326      0658C3
 327 09ec A94B4516 		.ascii	"\251KE\026fC\333#\206\366\036\333I_\347f\225Y\312\257"
 327      6643DB23 
 327      86F61EDB 
 327      495FE766 
 327      9559CAAF 
 328 0a00 D75D10AD 		.ascii	"\327]\020\255N\032\255\3734Z=b\264\032\373c\257\333"
 328      4E1AADFB 
 328      345A3D62 
 328      B41AFB63 
 328      AFDB
 329 0a12 C8AFCB66 		.ascii	"\310\257\313f\245K\233\332?\300u\014\344\223\306\366"
 329      A54B9BDA 
 329      3FC0750C 
 329      E493C6F6 
 330 0a22 7B083732 		.ascii	"{\01072&\272\276\366\204\025nb\314pvC\215%\276\303\230"
 330      26BABEF6 
 330      84156E62 
 330      CC707643 
 330      8D25BEC3 
 331 0a37 DEFE9973 		.ascii	"\336\376\231s\030w0\346\370p\306\327\326\270\207\257"
ARM GAS  C:\Users\mvshv\AppData\Local\Temp\cckQ74gx.s 			page 26


 331      187730E6 
 331      F870C6D7 
 331      D6B887AF 
 332 0a47 E91D69E4 		.ascii	"\351\035i\344\001\332G\016\323\363\261\242[bH\310v\033"
 332      01DA470E 
 332      D3F3B1A2 
 332      5B6248C8 
 332      761B
 333 0a59 7AD237A7 		.ascii	"z\3227\247\302\203T\370\265\374\246k\351\326\210^<L"
 333      C28354F8 
 333      B5FCA66B 
 333      E9D6885E 
 333      3C4C
 334 0a6b 8F0B7F67 		.ascii	"\217\013\177g\350\023\241\266wN\363\316T\003\025\376"
 334      E813A1B6 
 334      774EF3CE 
 334      540315FE 
 335 0a7b 0A94CF71 		.ascii	"\012\224\317q\250\216\342\251@\025\013\256\011\333\330"
 335      A88EE2A9 
 335      40150BAE 
 335      09DBD8
 336 0a8a 15A417A4 		.ascii	"\025\244\027\244\273\271\264\3508\352\220J'B+o\332\316"
 336      BBB9B4E8 
 336      38EA904A 
 336      27422B6F 
 336      DACE
 337 0a9c 5A39D97A 		.ascii	"Z9\331zu\\\332Xzj\251\364y\264\240\227\017\203\276\207"
 337      755CDA58 
 337      7A6AA9F4 
 337      79B4A097 
 337      0F83BE87 
 338 0ab0 74729CF7 		.ascii	"tr\234\367\210\027\320#\364x%z\014\265\377%\220\001"
 338      8817D023 
 338      F478257A 
 338      0CB5FF25 
 338      9001
 339 0ac2 BE9FC27B 		.ascii	"\276\237\302{\012h\024h\016(\012\306f\340=\013\364\034"
 339      0A681468 
 339      0E280AC6 
 339      66E03D0B 
 339      F41C
 340 0ad4 68026807 		.ascii	"h\002h\007\214E\003=\201\3571\240\021\240I\240i\240"
 340      8C45033D 
 340      81EF31A0 
 340      11A049A0 
 340      69A0
 341 0ae6 67C65E4F 		.ascii	"g\306^O.\035\023\333L\227\216f9\322\233\363\374\"]q"
 341      2E1D13DB 
 341      4C978E66 
 341      39D29BF3 
 341      FC225D71 
 342 0afa 3BEB8AE5 		.ascii	";\353\212\345\020\205K\\Z\254\216\374v+\271\320\334"
 342      10854B5C 
 342      5AAC8EFC 
 342      762BB9D0 
 342      DC
 343 0b0b 0D37E97E 		.ascii	"\0157\351~ \327\355f\012\002\213Y\235$f\365\213\307"
ARM GAS  C:\Users\mvshv\AppData\Local\Temp\cckQ74gx.s 			page 27


 343      20D7ED66 
 343      0A028B59 
 343      9D2466F5 
 343      8BC7
 344 0b1d 4CA27B42 		.ascii	"L\242{B\242\273_.])\227\236\221H\367-.-B\241\312\267"
 344      A2BB5F2E 
 344      5D29979E 
 344      9148F72D 
 344      2E2D42A1 
 345 0b33 9BC41FC9 		.ascii	"\233\304\037\311\305\317-\270\345\361\240\224\362K\313"
 345      C5CF2DB8 
 345      E5F1A094 
 345      F24BCB
 346 0b42 BCA09C5F 		.ascii	"\274\240\234_\240\374\256$\342w\345\312[\027\210\017"
 346      A0FCAE24 
 346      E277E5CA 
 346      5B17880F 
 347 0b52 49C46FCB 		.ascii	"I\304o\313\305[\026\210\367H\304\357,..\271\273U\217"
 347      C55B1688 
 347      F748C4EF 
 347      2C2E2EB9 
 347      BB558F
 348 0b65 B2BBDBB8 		.ascii	"\262\273\333\270\374\356FT\365\217:e\030\310\011!\272"
 348      FCEE4654 
 348      F58F3A65 
 348      18C80921 
 348      BA
 349 0b76 06E5BA1A 		.ascii	"\006\345\272\032\3441\256\223Xn\227K\357\022\344\351"
 349      E431AE93 
 349      586E974B 
 349      EF12E4E9 
 350 0b86 6E0A37A5 		.ascii	"n\0127\245{h\321\315!\321\335$\321\335\266x\314\244"
 350      7B68D1CD 
 350      21D1DD24 
 350      D1DDB678 
 350      CCA4
 351 0b98 D99648DF 		.ascii	"\331\226H\337Z|O\317\213\260ds\014,\356\246\0218\251"
 351      5A7C4FCF 
 351      8BB06473 
 351      0C2CEEA6 
 351      1138A9
 352 0bab 043CDD4D 		.ascii	"\004<\335M\220\356\353\\\\l/\350\332\274\233ac\327\201"
 352      90EEEB5C 
 352      5C6C2FE8 
 352      DABC9B61 
 352      63D781
 353 0bbe 46251E61 		.ascii	"F%\036a7\303\216\007\005\2616\362\233\241x\344\321n"
 353      37C38E07 
 353      05B136F2 
 353      9BA178E4 
 353      D16E
 354 0bd0 ECF27F39 		.ascii	"\354\362\1779\365,\357/\247-\311\315q\027^\212vb\343"
 354      F52CEF2F 
 354      A72DC9CD 
 354      71175E8A 
 354      7662E3
 355 0be3 CD715CBC 		.ascii	"\315q\\\2749f\366\367\\VJ/\203D\320\324Cb0\273\014\222"
ARM GAS  C:\Users\mvshv\AppData\Local\Temp\cckQ74gx.s 			page 28


 355      3966F6F7 
 355      5C564A2F 
 355      8344D0D4 
 355      436230BB 
 356 0bf9 F73BAEAE 		.ascii	"\367;\256\256n\306\277\360H\267 \377\020\267\257\302"
 356      6EC6BFF0 
 356      48B720FF 
 356      10B7AFC2 
 357 0c09 2374916E 		.ascii	"#t\221n\001\341\241\241\341an\036\232M\236\233\266\271"
 357      01E1A1A1 
 357      E1616E1E 
 357      9A4D9E9B 
 357      B6B9
 358 0c1b 85FD3338 		.ascii	"\205\37538\3005@\365\307\217>Y\356\271j\225B\355\347"
 358      C03540F5 
 358      C78F3E59 
 358      EEB96A95 
 358      42EDE7
 359 0c2e B735384C 		.ascii	"\26758L\367\356j?\335g\001\277\365\015\010\012\336\022"
 359      F7EE6A3F 
 359      DD6701BF 
 359      F50D080A 
 359      DE12
 360 0c40 1CA9DB1A 		.ascii	"\034\251\333\032\030\034\356\253\013\017\017\211\364"
 360      181CEEAB 
 360      0B0F0F89 
 360      F4
 361 0c4d FD3C6CEB 		.ascii	"\375<l\353r\372\265\334?\"t\2716t\21360P\033\350\273"
 361      72FAB5DC 
 361      3F2274B9 
 361      36748B36 
 361      30501BE8 
 362 0c62 D6D57DF9 		.ascii	"\326\325}\371j\367Uk\377\261\306\027\306\337\011\013"
 362      6AF7556B 
 362      FFB1C617 
 362      C6DF090B 
 363 0c72 0FD3BEA3 		.ascii	"\017\323\276\243\365\337\022\354\033\034\026\020\262"
 363      F5DF12EC 
 363      1B1C1610 
 363      B2
 364 0c7f 3550EB1B 		.ascii	"5P\353\033\352\017\272\302\264\276~\201\332\317\374"
 364      EA0FBAC2 
 364      B4BE7E81 
 364      DACFFC
 365 0c8e B786E8FC 		.ascii	"\267\206\350\374t\333\277\322F\272\006)T\242\275\277"
 365      74DBBFD2 
 365      46BA0629 
 365      54A2BDBF 
 366 0c9e FD4FED45 		.ascii	"\375O\355En\217\364\365\213\324\005\202r0\242\014\010"
 366      6E8FF4F5 
 366      8BD40582 
 366      7230A20C 
 366      08
 367 0caf F28F5842 		.ascii	"\362\217XB|]\037\346\277%D\273Y\033\240\013\217p\375"
 367      7C5D1FE6 
 367      BF2544BB 
 367      591BA00B 
ARM GAS  C:\Users\mvshv\AppData\Local\Temp\cckQ74gx.s 			page 29


 367      8F70FD
 368 0cc2 AF62A4F8 		.ascii	"\257b\244\370\031y\257\013\2164)p&#>Z\235\317\366H\235"
 368      1979AF0B 
 368      8E342970 
 368      26233E5A 
 368      9DCFF648 
 369 0cd7 3674A37F 		.ascii	"6t\243\177X`\2106\302;\"8<\"X\267\235\232\363\014\321"
 369      58608836 
 369      C23B2238 
 369      3C2258B7 
 369      9D9AF30C 
 370 0cec FA47786B 		.ascii	"\372Gxk\303\000\307\347\326\001A \270\321?D\367+\231"
 370      C300C7E7 
 370      D6014120 
 370      B8D13F44 
 370      F72B99
 371 0cff E1089D1B 		.ascii	"\341\010\235\033\307\355\026\020\004p\355\374\374>\333"
 371      C7ED1610 
 371      0470EDFC 
 371      FC3EDB
 372 0d0e 1A16E0E7 		.ascii	"\032\026\340\347\347\372\236\373\373\357\253D\316Z\263"
 372      E7FA9EFB 
 372      FBEFAB44 
 372      CE5AB3
 373 0d1d DE67BD66 		.ascii	"\336g\275f\363\372u\277\026\274\274\255Y\246\336\363"
 373      F3FA75BF 
 373      16BCBCAD 
 373      59A6DEF3 
 374 0d2d D359F1B7 		.ascii	"\323Y\361\267qz\215\322\313\343C\215\221}W\351\345\351"
 374      717A8DD2 
 374      CBE3438D 
 374      917D57E9 
 374      E5E9
 375 0d3f 6D62572B 		.ascii	"mbW+\275|\2745*\015\343V\301\344z\323\244;L\256\327"
 375      BD7CBC35 
 375      2A0DE356 
 375      C1E47AD3 
 375      A43B4CAE 
 376 0d54 287D3EF6 		.ascii	"(}>\366\322\374N\006\222\307D\273MG\342\342\346\271"
 376      D2FC4E06 
 376      92C744BB 
 376      4D47E2E2 
 376      E6B9
 377 0d66 C9C7CBC7 		.ascii	"\311\307\313\307\3153<B\353\346%b\007\306/ t\015x`\375"
 377      CD333C42 
 377      EBE62562 
 377      07C62F20 
 377      740D7860 
 378 0d7b D1662F4F 		.ascii	"\321f/O\277\217!\307\240\320C\243\334\264i\203\006{"
 378      BF8F21C7 
 378      A0D043A3 
 378      DCB46983 
 378      067B
 379 0d8d ACD3E075 		.ascii	"\254\323\340u\360\366\336\240Qzl\360\321(?\334\340\241"
 379      F0F6DEA0 
 379      517A6CF0 
 379      D1283FDC 
ARM GAS  C:\Users\mvshv\AppData\Local\Temp\cckQ74gx.s 			page 30


 379      E0A1
 380 0d9f B1802910 		.ascii	"\261\200)\020XG\370\215\344\307\023~,|6z\372h\260\317"
 380      5847F88D 
 380      E4C7137E 
 380      2C7C367A 
 380      FA68B0CF 
 381 0db3 466FECE9 		.ascii	"Fo\354\351\011oO\215\205\207\227\306S\243\334\374\361"
 381      096F4F8D 
 381      858797C6 
 381      53A3DCFC 
 381      F1
 382 0dc4 9F348018 		.ascii	"\2374\200\030$<\275?\361Z\007\277\036\236\032\225\217"
 382      243CBD3F 
 382      F15A07BF 
 382      1E9E1A95 
 382      8F
 383 0dd5 E787D4D6 		.ascii	"\347\207\324\326\277\001\373'f\""
 383      BF01FB27 
 383      6622
 384              		.text
 385              		.section	.gnu.lto_.symtab.d6101c,"",%progbits
 386 0000 6E766963 		.ascii	"nvicEnableVector\000"
 386      456E6162 
 386      6C655665 
 386      63746F72 
 386      00
 387 0011 00       		.ascii	"\000"
 388 0012 00       		.ascii	"\000"
 389 0013 00       		.ascii	"\000"
 390 0014 00000000 		.ascii	"\000\000\000\000\000\000\000\000"
 390      00000000 
 391 001c D4000000 		.ascii	"\324\000\000\000"
 392 0020 6E766963 		.ascii	"nvicDisableVector\000"
 392      44697361 
 392      626C6556 
 392      6563746F 
 392      7200
 393 0032 00       		.ascii	"\000"
 394 0033 00       		.ascii	"\000"
 395 0034 00       		.ascii	"\000"
 396 0035 00000000 		.ascii	"\000\000\000\000\000\000\000\000"
 396      00000000 
 397 003d D8000000 		.ascii	"\330\000\000\000"
 398 0041 6E766963 		.ascii	"nvicSetSystemHandlerPriority\000"
 398      53657453 
 398      79737465 
 398      6D48616E 
 398      646C6572 
 399 005e 00       		.ascii	"\000"
 400 005f 00       		.ascii	"\000"
 401 0060 00       		.ascii	"\000"
 402 0061 00000000 		.ascii	"\000\000\000\000\000\000\000\000"
 402      00000000 
 403 0069 DA000000 		.ascii	"\332\000\000\000"
 404 006d 6E766963 		.ascii	"nvicClearPending\000"
 404      436C6561 
 404      7250656E 
ARM GAS  C:\Users\mvshv\AppData\Local\Temp\cckQ74gx.s 			page 31


 404      64696E67 
 404      00
 405 007e 00       		.ascii	"\000"
 406 007f 00       		.ascii	"\000"
 407 0080 00       		.ascii	"\000"
 408 0081 00000000 		.ascii	"\000\000\000\000\000\000\000\000"
 408      00000000 
 409 0089 DC000000 		.ascii	"\334\000\000\000"
 410 008d 63685379 		.ascii	"chSysHalt\000"
 410      7348616C 
 410      7400
 411 0097 00       		.ascii	"\000"
 412 0098 02       		.ascii	"\002"
 413 0099 00       		.ascii	"\000"
 414 009a 00000000 		.ascii	"\000\000\000\000\000\000\000\000"
 414      00000000 
 415 00a2 E1000000 		.ascii	"\341\000\000\000"
 416              		.text
 417              		.section	.gnu.lto_.opts,"",%progbits
 418 0000 272D666D 		.ascii	"'-fmath-errno' '-fsigned-zeros' '-ftrapping-math' '"
 418      6174682D 
 418      6572726E 
 418      6F272027 
 418      2D667369 
 419 0033 2D666E6F 		.ascii	"-fno-trapv' '-fno-openmp' '-fno-openacc' '-mcpu=cor"
 419      2D747261 
 419      70762720 
 419      272D666E 
 419      6F2D6F70 
 420 0066 7465782D 		.ascii	"tex-m4' '-mno-thumb-interwork' '-mthumb' '-O2' '-fo"
 420      6D342720 
 420      272D6D6E 
 420      6F2D7468 
 420      756D622D 
 421 0099 6D69742D 		.ascii	"mit-frame-pointer' '-falign-functions=16' '-ffuncti"
 421      6672616D 
 421      652D706F 
 421      696E7465 
 421      72272027 
 422 00cc 6F6E2D73 		.ascii	"on-sections' '-fdata-sections' '-fno-common' '-flto"
 422      65637469 
 422      6F6E7327 
 422      20272D66 
 422      64617461 
 423 00ff 2700     		.ascii	"'\000"
 424              		.text
 425              		.comm	__gnu_lto_v1,1,1
 426              		.comm	__gnu_lto_slim,1,1
 427              		.ident	"GCC: (GNU Tools for Arm Embedded Processors 7-2017-q4-major) 7.2.1 20170904 (release) [ARM
ARM GAS  C:\Users\mvshv\AppData\Local\Temp\cckQ74gx.s 			page 32


DEFINED SYMBOLS
                            *ABS*:00000000 nvic.c
                            *COM*:00000001 __gnu_lto_v1
                            *COM*:00000001 __gnu_lto_slim

NO UNDEFINED SYMBOLS
