ARM GAS  C:\Users\mvshv\AppData\Local\Temp\ccQlso9b.s 			page 1


   1              		.cpu cortex-m4
   2              		.eabi_attribute 20, 1
   3              		.eabi_attribute 21, 1
   4              		.eabi_attribute 23, 3
   5              		.eabi_attribute 24, 1
   6              		.eabi_attribute 25, 1
   7              		.eabi_attribute 26, 1
   8              		.eabi_attribute 30, 2
   9              		.eabi_attribute 34, 1
  10              		.eabi_attribute 18, 4
  11              		.file	"portab.c"
  12              		.section	.gnu.lto_.profile.d617a5,"",%progbits
  13 0000 789C6363 		.ascii	"x\234cc```\001bF\006&F\000\000}\000\017"
  13      60606001 
  13      62460626 
  13      4600007D 
  13      000F
  14              		.text
  15              		.section	.gnu.lto_.icf.d617a5,"",%progbits
  16 0000 789C6363 		.ascii	"x\234cc``\340`@\000F\206\246\206\326M|\014\000\013\""
  16      6060E060 
  16      40004686 
  16      A686D64D 
  16      7C0C000B 
  17 0015 0257     		.ascii	"\002W"
  18              		.text
  19              		.section	.gnu.lto_.jmpfuncs.d617a5,"",%progbits
  20 0000 789C6363 		.ascii	"x\234cc```e@\000F\020\001\000\000\355\000\015"
  20      60606065 
  20      40004610 
  20      010000ED 
  20      000D
  21              		.text
  22              		.section	.gnu.lto_.inline.d617a5,"",%progbits
  23 0000 789C6363 		.ascii	"x\234cc``\020a@\000F\006\006f&F\006& \223m\201<\023"
  23      60601061 
  23      40004606 
  23      06662646 
  23      06262093 
  24 0018 580C000A 		.ascii	"X\014\000\012'\000\353"
  24      2700EB
  25              		.text
  26              		.section	.gnu.lto_.pureconst.d617a5,"",%progbits
  27 0000 789C6363 		.ascii	"x\234cc```\006bF\006\006\000\000e\000\013"
  27      60606006 
  27      62460606 
  27      00006500 
  27      0B
  28              		.text
  29              		.section	.gnu.lto_portab_setup.d617a5,"",%progbits
  30 0000 789C6363 		.ascii	"x\234cc``\250\003bU \226\006bFf\006F\246\011\347\030"
  30      6060A803 
  30      62552096 
  30      06624666 
  30      0646A609 
  31 0016 181A3998 		.ascii	"\030\0329\230\030\031A\214\006\016F\206z&\306z\306\036"
  31      1819418C 
ARM GAS  C:\Users\mvshv\AppData\Local\Temp\ccQlso9b.s 			page 2


  31      060E4686 
  31      7A26C67A 
  31      C61E
  32 0028 E629CC8C 		.ascii	"\346)\314\214\207\332\237\355d\322\\\336\000\004\007"
  32      87DA9FED 
  32      64D25CDE 
  32      000407
  33 0037 A65F936C 		.ascii	"\246_\223lXq\200q\0163\003\3034 \006\001\306\315\214"
  33      58718071 
  33      0E3303C3 
  33      34200601 
  33      C6CD8C
  34 004a 9A0C4065 		.ascii	"\232\014@e\2176\376\233\312\313\306\002\021g\334\302"
  34      8F36FE9B 
  34      CACBC602 
  34      1167DCC2 
  35 005a C8C6C008 		.ascii	"\310\306\300\010d\254\277\304z\240\341\337\377\366\206"
  35      64ACBFC4 
  35      7AA0E1DF 
  35      FFF686
  36 0069 03671633 		.ascii	"\003g\0263\336feb`\350\000\312\003-i8\300\320\311\314"
  36      DE666562 
  36      60E800CA 
  36      032D6938 
  36      C0D0C9CC 
  37 007d 0462351F 		.ascii	"\004b5\037`x\307\330\244\000\326\002\002\035\314\214"
  37      6078C7D8 
  37      A400D602 
  37      021DCC8C 
  38 008d 2061A052 		.ascii	" a\240Re=\375\344\264t\375\342\222\\c\2434\023\003\363"
  38      653DFDE4 
  38      B474FDE2 
  38      925C63A3 
  38      341303F3 
  39 00a1 F894CCE2 		.ascii	"\370\224\314\342\344\374\262\324\242J\375\202\374\242"
  39      E4FCB2D4 
  39      A24AFD82 
  39      FCA2
  40 00af 92C424BD 		.ascii	"\222\304$\275d\006\000d\2117v"
  40      64060064 
  40      893776
  41              		.text
  42              		.section	.gnu.lto_.symbol_nodes.d617a5,"",%progbits
  43 0000 789C6363 		.ascii	"x\234cc``\020\006b\006&\206z\006\206\011\347\030@\324"
  43      60601006 
  43      62062686 
  43      7A068609 
  43      E71840D4 
  44 0014 AE0647A0 		.ascii	"\256\006G\240\010\000'\325\003\363"
  44      080027D5 
  44      03F3
  45              		.text
  46              		.section	.gnu.lto_.refs.d617a5,"",%progbits
  47 0000 789C6363 		.ascii	"x\234cc```\004b\006\000\000D\000\010"
  47      60606004 
  47      62060000 
  47      440008
ARM GAS  C:\Users\mvshv\AppData\Local\Temp\ccQlso9b.s 			page 3


  48              		.text
  49              		.section	.gnu.lto_.decls.d617a5,"",%progbits
  50 0000 789C6363 		.ascii	"x\234cc``\270\301\310\300\020\007\244\003\200\370?\020"
  50      6060B8C1 
  50      C8C01007 
  50      A40380F8 
  50      3F10
  51 0012 3001E983 		.ascii	"0\001\351\203\014\010\000\224f\330\315\200\011\312\031"
  51      0C080094 
  51      66D8CD80 
  51      09CA19
  52 0021 21720904 		.ascii	"!r\011\004\324Maf\334up\357~\356\373\214w\031\201f3"
  52      D44D6166 
  52      DC7570EF 
  52      7EEEFB8C 
  52      77198166 
  53 0036 0A405433 		.ascii	"\012@T3BH \015\302`\376\177\030`\204\210\003E\231 \024"
  53      4248200D 
  53      C260FE7F 
  53      18608488 
  53      03459920 
  54 004b 54298803 		.ascii	"T)\210\003\323\302\010\027a\202\232\301\0043\027\214"
  54      D3C20817 
  54      61829AC1 
  54      0433178C 
  55 005b A0063022 		.ascii	"\240\0060\"\233\012\221\207X\007\003\020\227C\030H\372"
  55      9B0A9187 
  55      58070310 
  55      97431848 
  55      FA
  56 006c 20424C08 		.ascii	" BL\010\313\220\264`\270\225\001.\015w\024\302\223\214"
  56      CB90B460 
  56      B895012E 
  56      0D7714C2 
  56      938C
  57 007e D040B8FA 		.ascii	"\320@\270\372\246g\035\317\003\306{@\331H\006\206\011"
  57      A6671DCF 
  57      03C67B40 
  57      D9480686 
  57      09
  58 008f 1CB98C20 		.ascii	"\034\271\214 \321\011-\007O\26203\201\331\363\273\246"
  58      D1092D07 
  58      4FB23033 
  58      81D9F3BB 
  58      A6
  59 00a0 7C6666E6 		.ascii	"|ff\346\007\263\237\336X\177\202UoM\003\004pd10ncd\206"
  59      07B39FDE 
  59      587F8255 
  59      6F4D0304 
  59      70643130 
  60 00b8 85E7D1FF 		.ascii	"\205\347\321\377\337\017\360w33\012q12\001\271\227>"
  60      DF0FF077 
  60      33330A71 
  60      313201B9 
  60      973E
  61 00ca 9C99CB0D 		.ascii	"\234\231\313\015\344\212p1\012\000\271kz\376Oa\225\230"
  61      E48A7031 
ARM GAS  C:\Users\mvshv\AppData\Local\Temp\ccQlso9b.s 			page 4


  61      0A00B96B 
  61      7AFE4F61 
  61      9598
  62 00dc 06D237A1 		.ascii	"\006\3227\241\271A\200\2111A\214q'\243\014\343\016F"
  62      B9418089 
  62      31418C71 
  62      27A30CE3 
  62      0E46
  63 00ee 19A06B76 		.ascii	"\031\240kv1J\000\311<\026\210I\207\357\237\335\302\243"
  63      314A00C9 
  63      3C168849 
  63      87EF9FDD 
  63      C2A3
  64 0100 B4A061C3 		.ascii	"\264\240a\303\203\206\003\367\237K-knX\001\324\246\000"
  64      838603F7 
  64      9F4B2D6B 
  64      6E5801D4 
  64      A600
  65 0112 52C5B895 		.ascii	"R\305\270\225\221\231q;\243\036\310\013[Av3na|\300\310"
  65      9199713B 
  65      A31EC80B 
  65      5B417633 
  65      6E617CC0 
  66 0127 B899F13E 		.ascii	"\270\231\361>\320\007\273\031\225\030x\012\362\213J"
  66      D007BB19 
  66      9518780A 
  66      F28B4A
  67 0136 1293E28B 		.ascii	"\022\223\342\213SKJ\013\224\364\364\223\323\322\365"
  67      534B4A0B 
  67      94F4F493 
  67      D3D2F5
  68 0145 8B4B728D 		.ascii	"\213Kr\215\215\322L\014\314\343S2\213\223\363\313R\213"
  68      8DD24C0C 
  68      CCE35332 
  68      8B93F3CB 
  68      528B
  69 0157 2AF521CA 		.ascii	"*\365!\312\364\2229\334\375B\025\234\015\015\031\224"
  69      F49239DC 
  69      FD42159C 
  69      0D0D1994 
  70 0167 09AB6500 		.ascii	"\011\253e\000\000l0\210\226"
  70      006C3088 
  70      96
  71              		.text
  72              		.section	.gnu.lto_.symtab.d617a5,"",%progbits
  73 0000 706F7274 		.ascii	"portab_setup\000"
  73      61625F73 
  73      65747570 
  73      00
  74 000d 00       		.ascii	"\000"
  75 000e 00       		.ascii	"\000"
  76 000f 00       		.ascii	"\000"
  77 0010 00000000 		.ascii	"\000\000\000\000\000\000\000\000"
  77      00000000 
  78 0018 BB000000 		.ascii	"\273\000\000\000"
  79              		.text
  80              		.section	.gnu.lto_.opts,"",%progbits
ARM GAS  C:\Users\mvshv\AppData\Local\Temp\ccQlso9b.s 			page 5


  81 0000 272D666D 		.ascii	"'-fmath-errno' '-fsigned-zeros' '-ftrapping-math' '"
  81      6174682D 
  81      6572726E 
  81      6F272027 
  81      2D667369 
  82 0033 2D666E6F 		.ascii	"-fno-trapv' '-fno-openmp' '-fno-openacc' '-mcpu=cor"
  82      2D747261 
  82      70762720 
  82      272D666E 
  82      6F2D6F70 
  83 0066 7465782D 		.ascii	"tex-m4' '-mno-thumb-interwork' '-mthumb' '-O2' '-fo"
  83      6D342720 
  83      272D6D6E 
  83      6F2D7468 
  83      756D622D 
  84 0099 6D69742D 		.ascii	"mit-frame-pointer' '-falign-functions=16' '-ffuncti"
  84      6672616D 
  84      652D706F 
  84      696E7465 
  84      72272027 
  85 00cc 6F6E2D73 		.ascii	"on-sections' '-fdata-sections' '-fno-common' '-flto"
  85      65637469 
  85      6F6E7327 
  85      20272D66 
  85      64617461 
  86 00ff 2700     		.ascii	"'\000"
  87              		.text
  88              		.comm	__gnu_lto_v1,1,1
  89              		.comm	__gnu_lto_slim,1,1
  90              		.ident	"GCC: (GNU Tools for Arm Embedded Processors 7-2017-q4-major) 7.2.1 20170904 (release) [ARM
ARM GAS  C:\Users\mvshv\AppData\Local\Temp\ccQlso9b.s 			page 6


DEFINED SYMBOLS
                            *ABS*:00000000 portab.c
                            *COM*:00000001 __gnu_lto_v1
                            *COM*:00000001 __gnu_lto_slim

NO UNDEFINED SYMBOLS
