ARM GAS  C:\Users\mvshv\AppData\Local\Temp\ccAaUJDz.s 			page 1


   1              		.cpu cortex-m4
   2              		.eabi_attribute 20, 1
   3              		.eabi_attribute 21, 1
   4              		.eabi_attribute 23, 3
   5              		.eabi_attribute 24, 1
   6              		.eabi_attribute 25, 1
   7              		.eabi_attribute 26, 1
   8              		.eabi_attribute 30, 2
   9              		.eabi_attribute 34, 1
  10              		.eabi_attribute 18, 4
  11              		.file	"stm32_isr.c"
  12              		.section	.gnu.lto_.profile.d60f0f,"",%progbits
  13 0000 789C6363 		.ascii	"x\234cc```\005bF\206\245\214\252\000\002\243\000\330"
  13      60606005 
  13      624686A5 
  13      8CAA0002 
  13      A300D8
  14              		.text
  15              		.section	.gnu.lto_.icf.d60f0f,"",%progbits
  16 0000 789C6363 		.ascii	"x\234cc``\340c@\000&\206\376%\347W\2603\256\274pt!#"
  16      6060E063 
  16      40002686 
  16      FE25E757 
  16      B033AEBC 
  17 0018 03002B56 		.ascii	"\003\000+V\005\251"
  17      05A9
  18              		.text
  19              		.section	.gnu.lto_.jmpfuncs.d60f0f,"",%progbits
  20 0000 789C6363 		.ascii	"x\234cc``8\317\310\000\007L@\314\3028\205\231q\353\351"
  20      606038CF 
  20      C800074C 
  20      40CCC238 
  20      859971EB 
  21 0015 03B7D8BB 		.ascii	"\003\267\330\273\231\347030j0nf\224a`<\300\302\250\001"
  21      99E73033 
  21      306A306E 
  21      66946160 
  21      3CC0C2A8 
  22 002a C40C0C20 		.ascii	"\304\014\014 \351\247+\016?\346\202H\2631n\201J\263"
  22      E9A72B0E 
  22      3FE68248 
  22      B3316E81 
  22      4AB3
  23 003c 81A5C1DA 		.ascii	"\201\245\301\332\037\317|\272\213\033\"/\316\270\025"
  23      1FCF7CBA 
  23      8B1B222F 
  23      CEB815
  24 004b 2A2F0ED1 		.ascii	"*/\016\321\216M\375\331\205k\316\261A\324s1n\203\312"
  24      8E4DFDD9 
  24      856BCEB1 
  24      41D47331 
  24      6E83CA
  25 005e 73E1563F 		.ascii	"s\341V?\355\354\304]P\365\234\214\333\241\362\234\270"
  25      EDECC45D 
  25      50F59C8C 
  25      DBA1F29C 
  25      B8
ARM GAS  C:\Users\mvshv\AppData\Local\Temp\ccAaUJDz.s 			page 2


  26 006f D577FDBA 		.ascii	"\325w\375\272\336\307\001Q\317\301\270\003*\317\201"
  26      DEC70151 
  26      CFC1B803 
  26      2ACF81
  27 007e 5BFDC953 		.ascii	"[\375\311S\323W\360@\324\2633\356\204\312\263\343P\217"
  27      D357F040 
  27      D4B333EE 
  27      84CAB3E3 
  27      508F
  28 0090 2680C107 		.ascii	"&\200\301\007\006+#Z\030\002\005PC\005(\200\352m\240"
  28      062B235A 
  28      18020550 
  28      43052880 
  28      EA6DA0
  29 00a3 00AABF80 		.ascii	"\000\252\277\200\002\250\016\007\012\240\272\214\011"
  29      02A80E07 
  29      0AA0BA8C 
  29      09
  30 00b0 DD660600 		.ascii	"\335f\006\000M\273U\224"
  30      4DBB5594 
  31              		.text
  32              		.section	.gnu.lto_.inline.d60f0f,"",%progbits
  33 0000 789C6363 		.ascii	"x\234cc``hf@\000&\006\006\211k\014\214 \232\201m\201"
  33      60606866 
  33      40002606 
  33      06896B0C 
  33      8C209A81 
  34 0016 3C886260 		.ascii	"<\210b`\346\001\213\023O12\010\236G3\203\211\033$L\014"
  34      E6018B13 
  34      4F313208 
  34      9E473383 
  34      891B244C 
  35 002b C90000AF 		.ascii	"\311\000\000\257K\004\310"
  35      4B04C8
  36              		.text
  37              		.section	.gnu.lto_.pureconst.d60f0f,"",%progbits
  38 0000 789C6363 		.ascii	"x\234cc```\005b&\006\011F\011\000\000\364\000?"
  38      60606005 
  38      62260609 
  38      46090000 
  38      F4003F
  39              		.text
  40              		.section	.gnu.lto_irqInit.d60f0f,"",%progbits
  41 0000 789C7DD2 		.ascii	"x\234}\322?,CA\030\000\360\357{\307\353k\021#\0111\353"
  41      3F2C4341 
  41      1800F0EF 
  41      7BC7EB6B 
  41      11230931 
  42 0015 D297B4C4 		.ascii	"\322\227\264\304`\267\211\201]\304BB*}\035\272\275\207"
  42      60B78981 
  42      5DC44242 
  42      2A7D1DBA 
  42      BD87
  43 0027 54EB4F84 		.ascii	"T\353O\204\2046\222\227\246,:H\232\206\252W\312\251"
  43      84369297 
  43      A62C3A48 
  43      9A86AA57 
ARM GAS  C:\Users\mvshv\AppData\Local\Temp\ccAaUJDz.s 			page 3


  43      CAA9
  44 0039 0969078B 		.ascii	"\011i\007\213\204\211\252\251a\227(\367zB\336\340}\271"
  44      8489AAA9 
  44      619728F7 
  44      7A42DEE0 
  44      7DB9
  45 004b EFEECBDD 		.ascii	"\357\356\313\335\375\356\206;\021\000\006\005\200\001"
  45      FDEE863B 
  45      11000605 
  45      8001
  46 0059 3676B144 		.ascii	"6v\261D\002(l\224\001\346%\001\321,4\011A\025P\3055"
  46      02286C94 
  46      01E62501 
  46      D12C3409 
  46      411550C5 
  47 006e B245B018 		.ascii	"\262E\260\030y5\004\367\276\306\202\3067\332\227\264"
  47      793504F7 
  47      BEC682C6 
  47      37DA97B4 
  48 007e 70A74E00 		.ascii	"p\247N\000b,\315\300Ct\003\333\366\234\251o\267\211"
  48      622CCDC0 
  48      437403DB 
  48      F69CA96F 
  48      B789
  49 0090 4D7C1E8F 		.ascii	"M|\036\217P\004dE\372\256\231j\365\257\210F_\36607\342"
  49      50046445 
  49      FAAE996A 
  49      F5AF8846 
  49      5FF63037 
  50 00a5 0488B275 		.ascii	"\004\210\262uv\211Fa\231\010f\265H\241\206\341d:A\032"
  50      76894661 
  50      990866B5 
  50      48A186E1 
  50      643A411A 
  51 00b9 8A1D6518 		.ascii	"\212\035e\030\265G\207\372\251I:\301\030a\307`\026U"
  51      B54787FA 
  51      A9493AC1 
  51      1861C760 
  51      1655
  52 00cb 73A19ABA 		.ascii	"s\241\232\272\252\270V\211N\004\024\361\030\273\315"
  52      AAB85689 
  52      4E0414F1 
  52      18BBCD
  53 00da D40969F8 		.ascii	"\324\011i\370L\317\377<\307\371\365M<\325\312\271\003"
  53      4CCFFF3C 
  53      C7F9F54D 
  53      3CD5CAB9 
  53      03
  54 00eb 4FAC3C6B 		.ascii	"O\254<k\303\015\316W>\356\327%\316%\314[\271a\303O9"
  54      C30DCE57 
  54      3EEED725 
  54      CE25CC5B 
  54      B961C34F 
  55 0100 8F9536F3 		.ascii	"\217\2256\363\"\347N<\263\362\202\015/p^\332=(\377p"
  55      22E74E3C 
  55      B3F2820D 
  55      2F705EDA 
ARM GAS  C:\Users\mvshv\AppData\Local\Temp\ccAaUJDz.s 			page 4


  55      3D28FF70 
  56 0114 179E5BF9 		.ascii	"\027\236[\371\223\015\277\340\274\262S\315\267p\336"
  56      930DBFE0 
  56      BCB253CD 
  56      B770DE
  57 0123 81D4CAAB 		.ascii	"\201\324\312\2536\374\222\363\354-}pp\336\213\305?\376"
  57      36FC92F3 
  57      EC2D7D70 
  57      70DE8BC5 
  57      3FFE
  58 0135 860BC9F7 		.ascii	"\206\013\311\367\0046\274\031Q\206\330\233\262\357\325"
  58      0436BC19 
  58      5186D89B 
  58      B2EFD5
  59 0144 EFF1C8BF 		.ascii	"\357\361\310\277\315\257\310S\0233\362\234?\020T\344"
  59      CDAFC853 
  59      1333F29C 
  59      3F1054E4 
  60 0154 D1B1619F 		.ascii	"\321\261a\237\227\367C}\241\220\254\004g}\336\361i%"
  60      97F7437D 
  60      A190AC04 
  60      677DDEF1 
  60      6925
  61 0166 E099846F 		.ascii	"\340\231\204o\011\212\303#"
  61      098AC323 
  62              		.text
  63              		.section	.gnu.lto_irqDeinit.d60f0f,"",%progbits
  64 0000 789C7DD2 		.ascii	"x\234}\322\315K\002A\024\000\360\367vj]\255\350XP\340"
  64      CD4B0241 
  64      1400F0F7 
  64      766A5DAD 
  64      E85850E0 
  65 0014 352F2E68 		.ascii	"5/.h\321\177\320-:\324=\242KAa\270\036\274\355\364\251"
  65      D17FD02D 
  65      3AD43DA2 
  65      4B4161B8 
  65      1EBCEDF4 
  66 0029 7D1005A5 		.ascii	"}\020\005\245\004\013Z\227<\004\021e\266\226\265\331"
  66      040B5A97 
  66      3C041165 
  66      B696B5D9 
  67 0039 A9420F11 		.ascii	"\251B\017\021\004u*1\010\254S\020\024}\314:\321\236"
  67      04752A31 
  67      08AC5310 
  67      147DCC3A 
  67      D19E
  68 004b DAC77C3C 		.ascii	"\332\307|<\346\315o\3460#\002\200[\000\350ds\013\353"
  68      E6CD6FE6 
  68      30230280 
  68      5B00E864 
  68      730BEB
  69 005e 480085A5 		.ascii	"H\000\205\245\"\300\270$ \232\011\225\020T\001U\\ +"
  69      22C0B824 
  69      209A0995 
  69      10540155 
  69      5C202B
  70 0071 04F39147 		.ascii	"\004\363\221G]\360lR\026F\374\272q\206N7k\004 \306\272"
ARM GAS  C:\Users\mvshv\AppData\Local\Temp\ccAaUJDz.s 			page 5


  70      5DF06C52 
  70      1646FCBA 
  70      71864E37 
  70      6B0420C6 
  71 0086 19B88B1E 		.ascii	"\031\270\213\036`\333\036v\276V\033\304\032\276\216"
  71      60DB1E76 
  71      BE561BC4 
  71      1ABE8E
  72 0095 7B2802B2 		.ascii	"{(\002\262d\373\252\326\240_\337\021j\274n\340G\217"
  72      64FBAAD6 
  72      A05FDF11 
  72      6ABC6EE0 
  72      478F
  73 00a7 1320CAEA 		.ascii	"\023 \312\352\354\022j\300,\021\314l\322\200\012N%3"
  73      EC126AC0 
  73      2C11CC6C 
  73      D2800A4E 
  73      2533
  74 00b9 095255EC 		.ascii	"\011RU\354(]\257\3349\324O*i\004c\204\035\203iT\315"
  74      285DAFDC 
  74      39D44F2A 
  74      69046384 
  74      1D836954 
  75 00ce 42397556 		.ascii	"B9uVr\315\023\215\010(\342>\266j\204T\255\356\376\237"
  75      72CD138D 
  75      0828E23E 
  75      B66A8454 
  75      ADEEFE9F 
  76 00e2 66383DBF 		.ascii	"f8=\277\210\247\3529u\340\201Es6T\347t\356\375fQ\342"
  76      88A7EA39 
  76      75E08145 
  76      733654E7 
  76      74EEFD66 
  77 00f8 54C2AC45 		.ascii	"T\302\254E\357m\350!\247\261\302rV\344\324\211G\026"
  77      EF6DE821 
  77      A7B1C272 
  77      56E4D489 
  77      4716
  78 010a 2DDBD01C 		.ascii	"-\333\320\034\247\205\365\255\342/u\341\261E\237l\350"
  78      A785F5AD 
  78      E22F75E1 
  78      B1459F6C 
  78      E8
  79 011b 09A7A5B5 		.ascii	"\011\247\245\265r\266\216\323&4,\372lCO9M_\032\267\016"
  79      72B68ED3 
  79      26342CFA 
  79      6C434F39 
  79      4D5F1AB7 
  80 0130 4EDB30CF 		.ascii	"N\3330\317\351\013N$\337\022X\265fD\031`\357\306\276"
  80      E90B4E24 
  80      DF1258B5 
  80      66441960 
  80      EFC6BE
  81 0143 5087D72B 		.ascii	"P\207\327+\377\265\200\"\017\015\214\310c\201`H\221"
  81      FFB58022 
  81      0F0D8CC8 
  81      63816048 
ARM GAS  C:\Users\mvshv\AppData\Local\Temp\ccAaUJDz.s 			page 6


  81      91
  82 0154 7BFBBAFD 		.ascii	"{\373\272\375>>v\265\207\303\262\022\032\365\373\372"
  82      3E3E76B5 
  82      87C3B212 
  82      1AF5FBFA 
  83 0164 8795A077 		.ascii	"\207\225\240w\020~\000%1\276T"
  83      107E0025 
  83      31BE54
  84              		.text
  85              		.section	.gnu.lto_.symbol_nodes.d60f0f,"",%progbits
  86 0000 789C55CB 		.ascii	"x\234U\313\315\011\2000\014\206\341\257)8\227N\226\036"
  86      CD098030 
  86      0C86E1AF 
  86      2938974E 
  86      961E
  87 0012 3A804374 		.ascii	":\200Ct\010\377\216=;\203B\347\020\323\372\011z\010"
  87      08FF8E3D 
  87      3B8342E7 
  87      10D3FA09 
  87      7A08
  88 0024 4F78433A 		.ascii	"OxC:\000\223\015d\026\005\306\0350\2260XYD\335\257\270"
  88      00930D64 
  88      1605C61D 
  88      30963058 
  88      5944DDAF 
  89 0039 55545A01 		.ascii	"UTZ\001B\350-l\242\376\033<\004\351\270\\5\323B\343"
  89      42E82D6C 
  89      A2FE1B3C 
  89      04E9B85C 
  89      35D342E3 
  90 004d F99868A6 		.ascii	"\371\230h\246\245j[\37333-4\276w\232i\375\303\015v\210"
  90      A56A5BFB 
  90      33332D34 
  90      BE779A69 
  90      FDC30D76 
  91 0062 366B     		.ascii	"6k"
  92              		.text
  93              		.section	.gnu.lto_.refs.d60f0f,"",%progbits
  94 0000 789C6363 		.ascii	"x\234cc```\004b\006\000\000D\000\010"
  94      60606004 
  94      62060000 
  94      440008
  95              		.text
  96              		.section	.gnu.lto_.decls.d60f0f,"",%progbits
  97 0000 789CAD53 		.ascii	"x\234\255SMl\023G\024\236\267cB\262\011\220VU\005\022"
  97      4D6C1347 
  97      149EB763 
  97      42B20990 
  97      56550512 
  98 0014 072B17B8 		.ascii	"\007+\027\270`'!\025\210\003\002Ai{H\017\375\223\252"
  98      60272115 
  98      88030241 
  98      697B480F 
  98      FD93AA
  99 0027 AE641C7B 		.ascii	"\256d\034{iV\262w\301\273\256\302m\010-B\015R@JI\023"
  99      6956B277 
  99      C1BBAEC2 
ARM GAS  C:\Users\mvshv\AppData\Local\Temp\ccAaUJDz.s 			page 7


  99      6D082D42 
  99      0D52404A 
 100 003d A84869D4 		.ascii	"\250Hi\324\202@%\242\005J \304\246M\2346N\363Sr\250"
 100      824025A2 
 100      054A20C4 
 100      A64D9C36 
 100      4EF35372 
 101 0052 0471C48F 		.ascii	"\004q\304\217\204\004\007\240?Q\341`\336\314\354\332"
 101      840407A0 
 101      3F51E160 
 101      DECCECDA 
 102 0062 6EA92F55 		.ascii	"n\251/UG;;;\337\274\367}\337\314\274\255 \204|\356#"
 102      473B3B3B 
 102      DFBCF77D 
 102      DFCCBCAD 
 102      20847CEE 
 103 0077 64000839 		.ascii	"d\000\0109\201\337yl\024\3074v\204\310\020\221\015C"
 103      81DF796C 
 103      14C73476 
 103      84C81091 
 103      0D43
 104 0089 C808F60C 		.ascii	"\310\010\366\014\366,\366)\362l\353\000\031\267\035"
 104      F62CF629 
 104      F26CEB00 
 104      19B71D
 105 0098 FBB49B3B 		.ascii	"\373\264\233;\356\256)n~\366_\362:K\362f\334\274\311"
 105      EEAE296E 
 105      7EF65FF2 
 105      3A4BF266 
 105      DCBCC9
 106 00ab 92BC4C19 		.ascii	"\222\274L\031\275.\0127\306N\236\242\035\024V\251\300"
 106      BD2E0A37 
 106      C64E9EA2 
 106      1D1456A9 
 106      C0
 107 00bc 9D2F43E8 		.ascii	"\235/C\350\314\375\213\177-\221\020\2178\324~\247\247"
 107      CCFD8B7F 
 107      2D91108F 
 107      38D47EA7 
 107      A7
 108 00cd 8A2AE2FB 		.ascii	"\212*\342\373\267\314\354$\015\234f\262UZ\004\316\001"
 108      B7CCEC24 
 108      0D9C66B2 
 108      555A04CE 
 108      01
 109 00de F5A8663A 		.ascii	"\365\250f:\037\365/\246\233D\340\364\207\003G9\355\363"
 109      1FF52FA6 
 109      9B44E0F4 
 109      87034739 
 109      EDF3
 110 00f0 2AF870FA 		.ascii	"*\370p\372p\242\367\326R\234\276\240\202\277\213*\271"
 110      70A2F7D6 
 110      529CBEA0 
 110      82BF8B2A 
 110      B9
 111 0101 5F9F5C5F 		.ascii	"_\237\\_\012\352\352\375\214\265\263\276\275\254\352"
 111      0AEAEAFD 
ARM GAS  C:\Users\mvshv\AppData\Local\Temp\ccAaUJDz.s 			page 8


 111      8CB5B3BE 
 111      BDACEA
 112 0110 55021761 		.ascii	"U\002\027a%|\007+\011\\\202\325\\\372<\004\010|\213"
 112      257C072B 
 112      095C82D5 
 112      5CFA3C04 
 112      087C8B
 113 0123 E037087E 		.ascii	"\3407\010~\311\345R\271\236\215=\217\030\363\303 \250"
 113      C9E552B9 
 113      9E8D3D8F 
 113      18F3C320 
 113      A8
 114 0134 7001A888 		.ascii	"p\001\250\210\301S^\245J\003'\373\017\035\257\240g\201"
 114      C1535EA5 
 114      4A0327FB 
 114      0F1DAFA0 
 114      6781
 115 0146 3B502E1D 		.ascii	";P.\035\2713\242\224\323\270R^\343L\335\350G\214)0\204"
 115      B933A294 
 115      D3B8525E 
 115      E34CDDE8 
 115      478C2930 
 116 015b 1A978B1A 		.ascii	"\032\227\213\032(\311\007DQh0=4\\\235\203\033\200\207"
 116      28C90744 
 116      5168303D 
 116      345C9D83 
 116      1B8087
 117 016e 0BB562FF 		.ascii	"\013\265b\377\000\362\215#\357b\236\367\032H\034QE\016"
 117      00F28D23 
 117      EF629EF7 
 117      1A481C51 
 117      450E
 118 0180 6E289F78 		.ascii	"n(\237x)P@\024\227C\361x\305\343\022@)\253\\\227r^\223"
 118      29504014 
 118      9743F178 
 118      C5E31240 
 118      29AB5C97 
 119 0197 65273F4A 		.ascii	"e'?J\362$\244\024\305JR\236\361J\012\313\005S\305M\202"
 119      F224A414 
 119      C54A529E 
 119      F14A0ACB 
 119      0553C54D 
 120 01ac 7BDDB3F7 		.ascii	"{\335\263\367\017|]3\017s\270\372.!\007+\343\342\342"
 120      0F7C5D33 
 120      0F73B8FA 
 120      2E21072B 
 120      E3E2E2
 121 01bf 3BEE3DEE 		.ascii	";\356=\356\004\332-\313e$\277\220Z&\253@\341\005\362"
 121      04DA2DCB 
 121      6524BF90 
 121      5A26AB40 
 121      E105F2
 122 01d2 20FB59B5 		.ascii	" \373Y\265\254\202Z\234\236>\220\357Z\264\3740?\366"
 122      AC825A9C 
 122      9E3E90EF 
 122      5AB4FC30 
 122      3FF6
ARM GAS  C:\Users\mvshv\AppData\Local\Temp\ccAaUJDz.s 			page 9


 123 01e4 837B59AD 		.ascii	"\203{Y\255\002\333_\204\357\3612\256\342e\020\370\001"
 123      02DB5F84 
 123      EFF132AE 
 123      E26510F8 
 123      01
 124 01f5 96E3DBF4 		.ascii	"\226\343\333\364I\261=\373\216uW\327\365\261\276y\226"
 124      49B13DFB 
 124      8E7557D7 
 124      F5B1BE79 
 124      96
 125 0206 CA8FFB2F 		.ascii	"\312\217\373/g\367\261)\314\333$\342 ]\274\2474\257"
 125      67F7B129 
 125      CCDB24E2 
 125      205DBCA7 
 125      34AF
 126 0218 4748C13C 		.ascii	"GH\301<\3000\344\320\333\010\324a\376\335\333\177\376"
 126      C030E4D0 
 126      DB08D461 
 126      FEDDDB7F 
 126      FE
 127 0229 AED25969 		.ascii	"\256\322Yi\253\377\374\350\247\324%\233\331\330\313"
 127      ABFFFCE8 
 127      A7D4259B 
 127      D9D8CB
 128 0238 52ED8CDF 		.ascii	"R\355\214\3378g\032-2\215\376\223)#\230\216\\\273\371"
 128      38671A2D 
 128      328DFE93 
 128      2923988E 
 128      5CBBF9
 129 024b 85427392 		.ascii	"\205Bs\222)s\342\\\032|\212,\014n\026\261\361\205\257"
 129      2973E25C 
 129      1A7C8A2C 
 129      0C6E16B1 
 129      F185AF
 130 025e 867D05EC 		.ascii	"\206}\005\354G\020\340\303+s\207\225\262{\035\027{\375"
 130      4710E0C3 
 130      2B738795 
 130      B27B1D17 
 130      7BFD
 131 0270 09DCCDF6 		.ascii	"\011\334\315\366\237=z\252\006\375\315c=f\346\326\367"
 131      9F3D7AAA 
 131      06FDCD63 
 131      3D66E6D6 
 131      F7
 132 0281 0CDC65FB 		.ascii	"\014\334e\373U\021\005cE\177c\356\237\007Y\341kvn\350"
 132      55110563 
 132      457F63EE 
 132      9F0759E1 
 132      6B766EE8 
 133 0295 01A5C768 		.ascii	"\001\245\307hY_\335\277\034\037\\R\326\302\244\260\360"
 133      595FDDBF 
 133      1C1F5C52 
 133      D6C2A4B0 
 133      F0
 134 02a6 B367A1EF 		.ascii	"\263g\241\357\217\205z\327\301\343\025\275\354\252\302"
 134      8F857AD7 
 134      C1E315BD 
ARM GAS  C:\Users\mvshv\AppData\Local\Temp\ccAaUJDz.s 			page 10


 134      ECAAC2
 135 02b5 0360A2A8 		.ascii	"\003`\242\250>\341\251O\011\365\336\366\201\233\025"
 135      3EE1A94F 
 135      09F5DEF6 
 135      819B15
 136 02c4 351F17FE 		.ascii	"5\037\027\3765a\326\373\335\010LC\215\010\306\021\203"
 136      3561D6FB 
 136      DD084C43 
 136      8D08C611 
 136      83
 137 02d5 3FC92FDC 		.ascii	"?\311/\334ZT\032<\371\267\340\0317\230\217M\201@\260"
 137      5A541A3C 
 137      F9B7E019 
 137      37988F4D 
 137      8140B0
 138 02e8 F05876B0 		.ascii	"\360Xv\2605\034\013\356\264\022\216\035|\363\255\346"
 138      351C0BEE 
 138      B4128E1D 
 138      7CF3ADE6 
 139 02f8 B58DF2BD 		.ascii	"\265\215\362\275\255\251\255-h;\361\265\215!\303N\004"
 139      ADA9AD2D 
 139      683BF1B5 
 139      8D21C34E 
 139      04
 140 0309 2295AFBC 		.ascii	"\"\225\257\274\376\266\177KC\003QC\241\244a:\210;;\""
 140      FEB67F4B 
 140      43035143 
 140      A1A4613A 
 140      883B3B22 
 141 031d 1BB448AB 		.ascii	"\033\264H\253\321b\330N2jX\232cY1[{\337L\372\305\227"
 141      D162D84E 
 141      326A589A 
 141      6359315B 
 141      7BDF4CFA 
 142 0333 3F9C88FB 		.ascii	"?\234\210\373\365x\213\036\215\352Qm]\240\336\337X\337"
 142      F5788B1E 
 142      8DEA516D 
 142      5DA0DEDF 
 142      58DF
 143 0345 B06E5793 		.ascii	"\260nW\223\206\370\032\3232\3655z\270\305\320\0143\022"
 143      86F81AD3 
 143      32F5357A 
 143      B8C5D00C 
 143      3312
 144 0357 4B46752D 		.ascii	"KFu-\036F.S\327BQ}G8\031sB\316\356\235\272\035h%\225"
 144      1E462E53 
 144      D742517D 
 144      47381973 
 144      42CEEE9D 
 145 0370 9EDE7BFF 		.ascii	"\236\336{\377\253\236\275\333\326B\266\023Er\024Yl$"
 145      AB9EBDDB 
 145      D642B613 
 145      45721459 
 145      6C24
 146 0382 76BD661A 		.ascii	"v\275f\032\316K\377\345pH\025fo\325\015\314\2575?0\""
 146      CE4BFFE5 
 146      70481566 
ARM GAS  C:\Users\mvshv\AppData\Local\Temp\ccAaUJDz.s 			page 11


 146      6FD50DCC 
 146      AF353F30 
 147 0397 2F9BE196 		.ascii	"/\233\341\226\230\376\216\036q\254D\240,a\304\212\307"
 147      98FE8E1E 
 147      71AC44A0 
 147      2C61C48A 
 147      C7
 148 03a8 2D33B8F9 		.ascii	"-3\270\371\215\346-\315mA\236\207>\236\343\343V\303"
 148      8DE62DCD 
 148      6D419E87 
 148      3E9EE3E3 
 148      56C3
 149 03ba 2E123C05 		.ascii	".\022<\005\232*\330\277"
 149      9A2AD8BF 
 150              		.text
 151              		.section	.gnu.lto_.symtab.d60f0f,"",%progbits
 152 0000 69727149 		.ascii	"irqInit\000"
 152      6E697400 
 153 0008 00       		.ascii	"\000"
 154 0009 00       		.ascii	"\000"
 155 000a 00       		.ascii	"\000"
 156 000b 00000000 		.ascii	"\000\000\000\000\000\000\000\000"
 156      00000000 
 157 0013 C5000000 		.ascii	"\305\000\000\000"
 158 0017 69727144 		.ascii	"irqDeinit\000"
 158      65696E69 
 158      7400
 159 0021 00       		.ascii	"\000"
 160 0022 00       		.ascii	"\000"
 161 0023 00       		.ascii	"\000"
 162 0024 00000000 		.ascii	"\000\000\000\000\000\000\000\000"
 162      00000000 
 163 002c C7000000 		.ascii	"\307\000\000\000"
 164 0030 6E766963 		.ascii	"nvicEnableVector\000"
 164      456E6162 
 164      6C655665 
 164      63746F72 
 164      00
 165 0041 00       		.ascii	"\000"
 166 0042 02       		.ascii	"\002"
 167 0043 00       		.ascii	"\000"
 168 0044 00000000 		.ascii	"\000\000\000\000\000\000\000\000"
 168      00000000 
 169 004c CC000000 		.ascii	"\314\000\000\000"
 170 0050 6E766963 		.ascii	"nvicDisableVector\000"
 170      44697361 
 170      626C6556 
 170      6563746F 
 170      7200
 171 0062 00       		.ascii	"\000"
 172 0063 02       		.ascii	"\002"
 173 0064 00       		.ascii	"\000"
 174 0065 00000000 		.ascii	"\000\000\000\000\000\000\000\000"
 174      00000000 
 175 006d D0000000 		.ascii	"\320\000\000\000"
 176              		.text
 177              		.section	.gnu.lto_.opts,"",%progbits
ARM GAS  C:\Users\mvshv\AppData\Local\Temp\ccAaUJDz.s 			page 12


 178 0000 272D666D 		.ascii	"'-fmath-errno' '-fsigned-zeros' '-ftrapping-math' '"
 178      6174682D 
 178      6572726E 
 178      6F272027 
 178      2D667369 
 179 0033 2D666E6F 		.ascii	"-fno-trapv' '-fno-openmp' '-fno-openacc' '-mcpu=cor"
 179      2D747261 
 179      70762720 
 179      272D666E 
 179      6F2D6F70 
 180 0066 7465782D 		.ascii	"tex-m4' '-mno-thumb-interwork' '-mthumb' '-O2' '-fo"
 180      6D342720 
 180      272D6D6E 
 180      6F2D7468 
 180      756D622D 
 181 0099 6D69742D 		.ascii	"mit-frame-pointer' '-falign-functions=16' '-ffuncti"
 181      6672616D 
 181      652D706F 
 181      696E7465 
 181      72272027 
 182 00cc 6F6E2D73 		.ascii	"on-sections' '-fdata-sections' '-fno-common' '-flto"
 182      65637469 
 182      6F6E7327 
 182      20272D66 
 182      64617461 
 183 00ff 2700     		.ascii	"'\000"
 184              		.text
 185              		.comm	__gnu_lto_v1,1,1
 186              		.comm	__gnu_lto_slim,1,1
 187              		.ident	"GCC: (GNU Tools for Arm Embedded Processors 7-2017-q4-major) 7.2.1 20170904 (release) [ARM
ARM GAS  C:\Users\mvshv\AppData\Local\Temp\ccAaUJDz.s 			page 13


DEFINED SYMBOLS
                            *ABS*:00000000 stm32_isr.c
                            *COM*:00000001 __gnu_lto_v1
                            *COM*:00000001 __gnu_lto_slim

NO UNDEFINED SYMBOLS
