ARM GAS  /tmp/cc2CojNo.s 			page 1


   1              		.cpu cortex-m4
   2              		.eabi_attribute 20, 1
   3              		.eabi_attribute 21, 1
   4              		.eabi_attribute 23, 3
   5              		.eabi_attribute 24, 1
   6              		.eabi_attribute 25, 1
   7              		.eabi_attribute 26, 1
   8              		.eabi_attribute 30, 2
   9              		.eabi_attribute 34, 1
  10              		.eabi_attribute 18, 4
  11              		.file	"board.c"
  12              		.text
  13              	.Ltext0:
  14              		.section	.gnu.lto_.profile.8c09daccb019d10f,"",%progbits
  15 0000 789C6365 		.ascii	"x\234ce`b`a```dH\366\003\000\001\224\000\276"
  15      60626061 
  15      60606064 
  15      48F60300 
  15      019400BE 
  16              		.text
  17              		.section	.gnu.lto_.icf.8c09daccb019d10f,"",%progbits
  18 0000 789C6365 		.ascii	"x\234ce`b\020f@\000f\206m\263\36682N^\271\35687So\353"
  18      60621066 
  18      40006686 
  18      6DB3F638 
  18      324E5EB9 
  19 001a 93DB5C0C 		.ascii	"\223\333\\\014\000Pc\010\005"
  19      00506308 
  19      05
  20              		.text
  21              		.section	.gnu.lto_.jmpfuncs.8c09daccb019d10f,"",%progbits
  22 0000 789C6365 		.ascii	"x\234ce`b\340e@\000f f\0041\230\200\030\000\002a\000"
  22      6062E065 
  22      40006620 
  22      66043198 
  22      80180002 
  23 0016 1B       		.ascii	"\033"
  24              		.text
  25              		.section	.gnu.lto_.inline.8c09daccb019d10f,"",%progbits
  26 0000 789C6365 		.ascii	"x\234ce`bpg@\000f\006\2063\014\247\031\030\031\230&"
  26      60627067 
  26      40006606 
  26      86330CA7 
  26      19181998 
  27 0015 315EF8C2 		.ascii	"1^\370\302\301\300\266@\236\011$\316\310\300*\006\024"
  27      C1C0B640 
  27      9E0924CE 
  27      C8C02A06 
  27      14
  28 0026 04B2E022 		.ascii	"\004\262\340\"\\0\202\211\201\231\011U\216\001\000e"
  28      5C308289 
  28      81990955 
  28      8E010065 
  29 0036 E606DF   		.ascii	"\346\006\337"
  30              		.text
  31              		.section	.gnu.lto_.pureconst.8c09daccb019d10f,"",%progbits
  32 0000 789C6365 		.ascii	"x\234ce`b`g```f\220b\224`b\000\000\001\250\000G"
ARM GAS  /tmp/cc2CojNo.s 			page 2


  32      60626067 
  32      60606066 
  32      90629460 
  32      62000001 
  33              		.text
  34              		.section	.gnu.lto_stm32_gpio_init.8c09daccb019d10f,"",%progbits
  35 0000 789CA59A 		.ascii	"x\234\245\232\353S\224\327\035\307\237\3379\273\013"
  35      EB5394D7 
  35      1DC79FDF 
  35      39BB0B
  36 000f BB0A267D 		.ascii	"\273\012&}\345\264\231)/\232\027\351Le\246\315$\257"
  36      E5B49929 
  36      2F9A17E9 
  36      4C65A6CD 
  36      24AF
  37 0021 FA2A6D67 		.ascii	"\372*mg:\235\26635\323i_e\222\264M3\355\324L\363\007"
  37      3A9DB633 
  37      35D3695F 
  37      6592B44D 
  37      33EDD44C 
  38 0037 F8705110 		.ascii	"\370pQ\020\224\213rW\\\"\211\\\026X\021\025\221(\013"
  38      948B7257 
  38      5C22895C 
  38      16581115 
  38      91280B
  39 004a 0AC10B88 		.ascii	"\012\301\013\210\226\213\211\027n\002\242\010rQ\221"
  39      968B8917 
  39      6E02A208 
  39      725191
  40 0059 CBD2737E 		.ascii	"\313\322s~\3179\313\363<\335g\312\001F\026\367\366\371"
  40      CF39CBF3 
  40      3CDD67CA 
  40      014616F7 
  40      F6F9
  41 006b FECEF99D 		.ascii	"\376\316\371\235\317\217e\301\255\021\355\235\037i\332"
  41      CF8F65C1 
  41      AD11ED9D 
  41      1F69DA
  42 007a 7B9AA6FD 		.ascii	"{\232\246\375\200}\002\325\200\344tkZR,\001\340\377"
  42      807D02D5 
  42      80E4746B 
  42      5A522C01 
  42      E0FF
  43 008c D16341DB 		.ascii	"\321cA\333K`/d\323B\012mi\343M\344\255\012\235}\204"
  43      4B602F64 
  43      D3420A6D 
  43      69E34DE4 
  43      AD0A9D7D 
  44 00a1 0A177CA5 		.ascii	"\012\027|\245z\217N\375T\323\212\331'\377\200\012xK"
  44      7A8F4EFD 
  44      54D38AD9 
  44      27FF800A 
  44      784B
  45 00b3 638F1BA9 		.ascii	"c\217\033\251\017\347\307y\\\306\355P\011\036`_\203"
  45      0FE7C779 
  45      5CC6ED50 
  45      091E605F 
ARM GAS  /tmp/cc2CojNo.s 			page 3


  45      83
  46 00c4 B721A487 		.ascii	"\267!\244\207\327\322\364\320\275/\241\360w\277!\232"
  46      D7D2F4D0 
  46      BD2FA1F0 
  46      77BF219A 
  47 00d4 9FB24076 		.ascii	"\237\262@v\341\341\0271\374\302\313/|\374B\3232\330"
  47      E1E11731 
  47      FCC2CB2F 
  47      7CFC42D3 
  47      32D8
  48 00e6 93790999 		.ascii	"\223y\011\231\224\360\257t\022\332.L^\372+\307\225R"
  48      94F0AF74 
  48      12DA2E4C 
  48      5EFA2BC7 
  48      9552
  49 00f8 C2520AF6 		.ascii	"\302R\012\366\265\335\214\311b\005\020\340\241\251\245"
  49      B5DD8CC9 
  49      620510E0 
  49      A1A9A5
  50 0107 EDE35EE3 		.ascii	"\355\343^\343\252\376,]w\261\233\236\014.7\271\375P"
  50      AAFE2C5D 
  50      77B19B9E 
  50      0C2E37B9 
  50      FD50
  51 0119 9AC40A4E 		.ascii	"\232\304\012N\360S\012\325\360\006T\301\033\032\177"
  51      F0530AD5 
  51      F00654C1 
  51      1B1A7F
  52 0128 FC5C41CF 		.ascii	"\374\\A\317\320\366\304Z=\025\374\324\005\001\360C\021"
  52      D0F6C45A 
  52      3D15FCD4 
  52      0501F043 
  52      11
  53 0139 2E036A20 		.ascii	".\003j Q\233\204\224\305\375`dQ#.\247\357\372!\027\347"
  53      519B8494 
  53      C5FD6064 
  53      51232EA7 
  53      EFFA2117 
  54 014e 03AC51A8 		.ascii	"\003\254Q\250e\024VQ\201\227?F-\252n=*\010\211\214\317"
  54      65145651 
  54      81973F46 
  54      2DAA6E3D 
  54      2A08898C 
  55 0163 410BB14A 		.ascii	"A\013\261J\240$~\237\013N\255\243\352!\321\274'.\320"
  55      A0247E9F 
  55      0B4EADA3 
  55      EA21D1BC 
  55      272ED0
  56 0176 E0B451E3 		.ascii	"\340\264Q\343\205\252\026\267\261\022\305B\033\220\316"
  56      85AA16B7 
  56      B112C542 
  56      1B90CE
  57 0185 7B07676C 		.ascii	"{\007gl{\022\303`[\331\203\263\353\350s|\017b\260P\257"
  57      7B12C360 
  57      5BD983B3 
  57      EBE8737C 
  57      0F62B050 
ARM GAS  /tmp/cc2CojNo.s 			page 4


  58 019a 01F7AAB1 		.ascii	"\001\367\252\261\032\221E8\353\274\255L\037\203m\245"
  58      1A914538 
  58      EBBCAD4C 
  58      1F836DA5 
  59 01aa CCA675F4 		.ascii	"\314\246u\364\005^\246O\033\203\344\004\301\271\225"
  59      055EA64F 
  59      1B83E404 
  59      C1B995
  60 01b9 7AEA18E5 		.ascii	"z\352\030\345{\355\006~\330f\273JF\343\371U\017$\260"
  60      7BED067E 
  60      D866BB4A 
  60      46E3F955 
  60      0F24B0
  61 01cc AB996395 		.ascii	"\253\231c\225I\204\276\213Gs\346Vk\012\274Y\256\353"
  61      4984BE8B 
  61      4773E656 
  61      6B0ABC59 
  61      AEEB
  62 01de C97AA83F 		.ascii	"\311z\250?\360\375\334\024\275Sw\371i\014\\\004\312"
  62      F0FDDC14 
  62      BD5377F9 
  62      690C5C04 
  62      CA
  63 01ef 1C81AF59 		.ascii	"\034\201\257Y\001\315\274\000\036t\011\336dOY\270;\322"
  63      01CDBC00 
  63      1E7409DE 
  63      644F59B8 
  63      3BD2
  64 0201 0D9C1603 		.ascii	"\015\234\026\003\272\316N3\264\260\373Yx\331Z>\025\371"
  64      BACE4E33 
  64      B4B0FB59 
  64      78D95A3E 
  64      15F9
  65 0213 93E1E084 		.ascii	"\223\341\340\204\213\376\034\023\362\303\373*|\377\233"
  65      8BFE1C13 
  65      F2C3FB2A 
  65      7CFF9B
  66 0222 100BA128 		.ascii	"\020\013\241(\011\255\230\0209*^$\244,\265\314\307\357"
  66      09AD9810 
  66      392A5E24 
  66      A42CB5CC 
  66      C7EF
  67 0234 5DD577B2 		.ascii	"]\325w\262\033\312\371\221b\267]-\011\374\203o\324k"
  67      1BCAF991 
  67      62B75D2D 
  67      09FC836F 
  67      D46B
  68 0246 7EEA83CB 		.ascii	"~\352\203\313l\012\264\211]\312J:|\217\260]\312\321"
  68      6C0AB489 
  68      5DCA4A3A 
  68      7C8FB05D 
  68      CAD1
  69 0258 F5B260C1 		.ascii	"\365\262`\301\237\374t\033\\\301\255\022O\254;\320y"
  69      9FFC741B 
  69      5CC1AD12 
  69      4FAC3BD0 
  69      79
ARM GAS  /tmp/cc2CojNo.s 			page 5


  70 0269 0618AC88 		.ascii	"\006\030\254\210\335\037\317\313h\207D^\265\006\035"
  70      DD1FCFCB 
  70      6887445E 
  70      B5061D
  71 0278 B0179B31 		.ascii	"\260\027\2331Y\325\356\213L\212T\234(\017j<\2744\276"
  71      59D5EE8B 
  71      4C8A549C 
  71      280F6A3C 
  71      BC34BE
  72 028b 0138348A 		.ascii	"\00184\212)\230\207\011|\303\236\257A'\256=R|\014>&"
  72      29988709 
  72      7CC39EAF 
  72      4127AE3D 
  72      527C0C3E 
  73 02a0 E9ECC35C 		.ascii	"\351\354\303\\\037\253\2245m;\337)\270*\012]]\034\316"
  73      1FAB9435 
  73      6D3BDF29 
  73      B82A0A5D 
  73      5D1CCE
  74 02b3 DD610853 		.ascii	"\335a\010SV\221\277\223\367\364\032\026*xp\035\265\011"
  74      5691BF93 
  74      F7F41A16 
  74      2A78701D 
  74      B509
  75 02c5 4E35BD8A 		.ascii	"N5\275\2123\334\326\340\2068/\223\325\355>\021\267!"
  75      33DCD6E0 
  75      86382F93 
  75      D5ED3E11 
  75      B721
  76 02d7 FE479CDE 		.ascii	"\376G\234\336\205t\267\240w#\275\257x\261\217\210\311"
  76      8574B7A0 
  76      7723BDAF 
  76      78B18F88 
  76      C9
  77 02e8 31105EDB 		.ascii	"1\020^\333\0017eB`\023\011=\230\340\021\011\2670\341"
  77      01376542 
  77      6013093D 
  77      98E01109 
  77      B730E1
  78 02fb 55453827 		.ascii	"UE8'\336H\350\325S\331i\271-\023j6\221\360\037L\210"
  78      DE48E8D5 
  78      53D969B9 
  78      2D136A36 
  78      91F01F4C 
  79 0310 1109BD98 		.ascii	"\021\011\275\230\360\325\322\3623*\326\300\306_\237"
  79      F0D5D2F2 
  79      332AD6C0 
  79      C65F9F
  80 031f E4D76E82 		.ascii	"\344\327n\202\337\217\374X\301\037@\376\321\242\231"
  80      DF8FFC58 
  80      C11F40FE 
  80      D1A299
  81 032e 905881AE 		.ascii	"\220X\201\256\337\251v\303\035\231P\267\211\204o1\301"
  81      DFA976C3 
  81      1D9950B7 
  81      89846F31 
  81      C1
ARM GAS  /tmp/cc2CojNo.s 			page 6


  82 033f 2B12BEC3 		.ascii	"+\022\276\303\204\305\323%-\333EB\357\217\341\256\344"
  82      84C5D325 
  82      2DDB4542 
  82      EF8FE1AE 
  82      E4
  83 0350 0737C1BF 		.ascii	"\0077\301\277\207|\237\340\337G~\312P{\026H~r\037\201"
  83      877C9FE0 
  83      DF477ECA 
  83      507B1648 
  83      7E721F81 
  84 0364 07C2D860 		.ascii	"\007\302\330`\001\032\213\347:2?\370I\327\314\323Di"
  84      011A8BE7 
  84      3A323FF8 
  84      49D7CCD3 
  84      4469
  85 0376 460CA2C1 		.ascii	"F\014\242\301%m\313\227\275bF\244\363\0311dMT\235\013"
  85      256DCB97 
  85      BD6246A4 
  85      F3193164 
  85      4D549D0B 
  86 038a C348FDBF 		.ascii	"\303H\375\277\203`\304a\0204\033\203`\024\367f\233\303"
  86      8360C461 
  86      10341B83 
  86      6014F766 
  86      9BC3
  87 039c 20782807 		.ascii	" x(\007\301\230\363 x\301\006\001\253\205\2572\352 "
  87      C198F320 
  87      78C10601 
  87      AB85AF32 
  87      EA20
  88 03ae 18C74130 		.ascii	"\030\307A0\201\013L\356+\235\211\223=\0332\365l\374"
  88      810B4CEE 
  88      2B9D8993 
  88      3D1B32F5 
  88      6CFC
  89 03c0 4ADA7197 		.ascii	"J\332q\227\325\374G\322|\016\200I\354Z\307py\211\327"
  89      D5FC47D2 
  89      7C0E8049 
  89      EC5AC770 
  89      7989D7
  90 03d3 E85AC805 		.ascii	"\350Z\310\005\217\315\352+\004\340\241x\"\325G\374\024"
  90      8FCDEA2B 
  90      04E0A178 
  90      22D547FC 
  90      14
  91 03e4 E2EF7756 		.ascii	"\342\357wV\005\"\332\2541\365\237\232\325WM\230\226"
  91      0522DAAC 
  91      31F59F9A 
  91      D5574D98 
  91      96
  92 03f5 EA63C20C 		.ascii	"\352c\302\014&\344\236\274\371\023# ?\243\235y\363\314"
  92      26E49EBC 
  92      F9132320 
  92      3FA39D79 
  92      F3CC
  93 0407 6CBE6AC0 		.ascii	"l\276j\300\2544\037\003\346X\257,\242\253\342\346\245"
  93      AC341F03 
ARM GAS  /tmp/cc2CojNo.s 			page 7


  93      E658AF2C 
  93      A2ABE2E6 
  93      A5
  94 0418 E8885BC0 		.ascii	"\350\210[\300z\247\372\203\323\036)\272\236\000\317"
  94      7AA7FA83 
  94      D31E29BA 
  94      9E00CF
  95 0427 CD9EAB06 		.ascii	"\315\236\253\006\274\220\236c\300K\014h\234\0164\212"
  95      BC909E63 
  95      C04B0C68 
  95      9C0E348A 
  96 0437 591ED260 		.ascii	"Y\036\322`\321\254\271*\376\225\324\034\361K\210\327"
  96      D1ACB92A 
  96      FE95D41C 
  96      F14B88D7 
  97 0447 A7AFE86E 		.ascii	"\247\257\350nQ\177k\002,\013\345\232\205\344\203\026"
  97      517F6B02 
  97      2C0BE59A 
  97      85E48316 
  98 0457 C987B722 		.ascii	"\311\207\267\"\371\012\352\230\327V\334\033'$\317\341"
  98      F90AEA98 
  98      D756DC1B 
  98      2724CFE1 
  99 0467 92AF5A13 		.ascii	"\222\257Z\023U%\017oL\3625\007\311'\014\311u\302wf\273"
  99      55250F6F 
  99      4CF23507 
  99      C9270CC9 
  99      75C27766 
 100 047c 83E44944 		.ascii	"\203\344IDH\236L\034%\357\256\365\360Z\370*\243J\236"
 100      489E4C1C 
 100      25EFAEF5 
 100      F05AF82A 
 100      A34A9E
 101 048f 42B8E4A9 		.ascii	"B\270\344\251\204/p`\274|}0\257\232:V\275p\260\301k"
 101      842F7060 
 101      BC7C7D30 
 101      AF9A3A56 
 101      BD70B0C1 
 102 04a4 957C1F11 		.ascii	"\225|\037\021\222s\000\354g\225X\276\237+\000\361\010"
 102      927300EC 
 102      679558BE 
 102      9F2B00F1 
 102      08
 103 04b5 A4112135 		.ascii	"\244\021!5\342\322\031\316b\260*\356\000\021\006#.\203"
 103      E2D219CE 
 103      62B02AEE 
 103      00110623 
 103      2E83
 104 04c7 F013957C 		.ascii	"\360\023\225|\244 \325'\276yW\347\235pC&1)\254\232p"
 104      A420D527 
 104      BE7957E7 
 104      9D704326 
 104      3129AC9A 
 105 04dc 90088531 		.ascii	"\220\010\2051\341\020\261)\254\212\313\"Ba\304ec\301"
 105      E110B129 
 105      AC8ACB22 
 105      4261C465 
ARM GAS  /tmp/cc2CojNo.s 			page 8


 105      63C1
 106 04ee 81ECA103 		.ascii	"\201\354\241\003\336\210\302\272\007r\210\311a\325\204"
 106      DE88C2BA 
 106      077288C9 
 106      61D584
 107 04fd 5C221CC6 		.ascii	"\\\"\034\306\204\303\230\360p\261\376\3066\221pp'\034"
 107      84C398F0 
 107      70B1FEC6 
 107      36917070 
 107      271C
 108 050f 21268955 		.ascii	"!&\211U\371yDH\214\374|\344W\217\2574\211\261\234\244"
 108      F9794448 
 108      8CFC7CE4 
 108      578FAF34 
 108      89B19CA4 
 109 0523 27BF0E05 		.ascii	"'\277\016\005\304pjBX\274b\2618\274\025\213\013\011"
 109      C4706A42 
 109      58BC62B1 
 109      38BC158B 
 109      0B09
 110 0535 F72D3D90 		.ascii	"\367-=\220WN\205\305E\334\342\"k\242\252\305\305dC\026"
 110      574E85C5 
 110      45DCE222 
 110      6BA2AAC5 
 110      C5644316 
 111 0549 9790E816 		.ascii	"\227\220\350\026\317\033\026\037\305\255\211s\260\370"
 111      CF1B161F 
 111      C5AD8973 
 111      B0F8
 112 0557 98B4B8D4 		.ascii	"\230\264\270\324\331\342qf1\253\205\2572\252\305\307"
 112      D9E27166 
 112      31AB85AF 
 112      32AAC5C7 
 113 0567 D1623FB6 		.ascii	"\321b?\266\354hfx\314#[\306\326\037iY\337\374\245l\217"
 113      EC686678 
 113      CC235BC6 
 113      D61F6959 
 113      DFFCA56C 
 114 057c D5E23269 		.ascii	"\325\3422i1\007\300\027v\213\025\200x\006NH\213\021"
 114      3107C017 
 114      768B1580 
 114      78064E48 
 114      8B11
 115 058e 576EB758 		.ascii	"Wn\267X\025\367\245\264\030q_\341\221\272\274\332\261"
 115      15F7A5B4 
 115      18715FE1 
 115      91BABCDA 
 115      B1
 116 059f 3FC63852 		.ascii	"?\3068R}e\354\325\337I\263\304\252\001\025Rb\014\250"
 116      7D65ECD5 
 116      DF49B3C4 
 116      AA011552 
 116      620CA8
 117 05b2 C480AADE 		.ascii	"\304\200\252\336\256\307bL\254\375\020\252\210IjU|\265"
 117      AEC7624C 
 117      ACFD10AA 
 117      88496A55 
ARM GAS  /tmp/cc2CojNo.s 			page 9


 117      7CB5
 118 05c4 941AF101 		.ascii	"\224\032\361\001\363\356\326m\002W#\015F\\\255\031\027"
 118      F3EED66D 
 118      0257230D 
 118      465CAD19 
 118      17
 119 05d5 DC04AE4E 		.ascii	"\334\004\256N\012\213\270 .~\254{n^,\236\371Q\351\206"
 119      0A8BB820 
 119      2E7EAC7B 
 119      6E5E2C9E 
 119      F951E986 
 120 05e9 53C29F79 		.ascii	"S\302\237ya,?\200\353\306\026\223-\030[\217n\335\015"
 120      612C3F80 
 120      EBC61693 
 120      2D185B8F 
 120      6EDD0D
 121 05fc 763D8915 		.ascii	"v=\211\025\306\226qcO[\023U\215m\330\230\261g\034\214"
 121      C6967163 
 121      4F5B1355 
 121      8D6DD898 
 121      B1671C8C 
 122 0610 5D338C3D 		.ascii	"]3\214=\213{\023\357`\3549il\243\263\261af,\253\205"
 122      8B7B13EF 
 122      60EC3969 
 122      6CA3B3B1 
 122      61662CAB 
 123 0625 AF32AAB1 		.ascii	"\2572\252\261\347\321\330&\354\331HgF\344\205\322iS"
 123      E7D1D826 
 123      ECD94867 
 123      46E485D2 
 123      6953
 124 0637 CB5AB31E 		.ascii	"\313Z\263\036\235\214\263\012{A\012\313\237\017\315"
 124      9D8CB30A 
 124      7B410ACB 
 124      9F0FCD
 125 0646 766137CE 		.ascii	"va7\316\303#\360\265\364\025i\027\355\276*\322.I]\221"
 125      C323F0B5 
 125      F4156917 
 125      EDBE2AD2 
 125      2E495D91 
 126 065a D662AEAD 		.ascii	"\326b\256\255F\235\026\222n\"\255\325\376\015V\221\326"
 126      469D1692 
 126      6E22ADD5 
 126      FE0D5691 
 126      D6
 127 066b 265544DA 		.ascii	"&UD\332e\273\212\212\264+\322D\244\265\333MT\244uH\021"
 127      65BB8A8A 
 127      B42BD244 
 127      A4B5DB4D 
 127      54A47548 
 128 0680 91F60DA3 		.ascii	"\221\366\015\243-\3127\241\204u\365\026\353\032\266"
 128      2DCA37A1 
 128      8475F516 
 128      EB1AB6
 129 068f 625D27FA 		.ascii	"b]'\372\321S1\221\356\026\326Ur\353\256\022K\242\252"
 129      D1533191 
 129      EE16D655 
ARM GAS  /tmp/cc2CojNo.s 			page 10


 129      72EBAE12 
 129      4BA2AA
 130 06a2 75D73666 		.ascii	"u\3276f\335u\007\353\002\205h\335\015\334\210\035\016"
 130      DD7507EB 
 130      028568DD 
 130      0DDC881D 
 130      0E
 131 06b3 D67549EB 		.ascii	"\326uI\353\272\235\255\353\257\363\360Z\370*\243Zw\023"
 131      BA9DADEB 
 131      AFF3F05A 
 131      F82AA35A 
 131      7713
 132 06c5 ADEBC1FE 		.ascii	"\255\353\301\376\214\347V\334\367\312\006]55hnv\240"
 132      8CE756DC 
 132      F7CA065D 
 132      3535686E 
 132      76A0
 133 06d7 2BD6AADD 		.ascii	"+\326\252\335-\251\035\007\300m\273v\012@\343\235\037"
 133      2DA91D07 
 133      C06DBB76 
 133      0A40E39D 
 133      1F
 134 06e8 E91DE27A 		.ascii	"\351\035\342z\355\336\251\342\372\244x\210\353\267\213"
 134      EDDEA9E2 
 134      FAA47888 
 134      EBB78B
 135 06f7 A78A1B90 		.ascii	"\247\212\033\220\346!\356\216\335<U\334\267R=\304}g"
 135      E621EE8E 
 135      DD3C55DC 
 135      B7523DC4 
 135      7D67
 136 0709 574F1577 		.ascii	"WO\025wW\272\207\270{v\367Tq\367\245|\210{ p\\\205@"
 136      57BA87B8 
 136      7B76F754 
 136      71F7A57C 
 136      887B2070 
 137 0720 A1215FA7 		.ascii	"\241!_\247E\276k[\221o\02059\362\274bX\312w\012\337"
 137      45BE6B5B 
 137      916F1035 
 137      39F2BC62 
 137      58CA770A 
 138 0735 4F229644 		.ascii	"O\"\226DU\371\2067&\337\210\203|\215\206|\243\270\021"
 138      55F98637 
 138      26DF8883 
 138      7C8D867C 
 138      A3B811
 139 0748 AF39BD9F 		.ascii	"\2579\275\237$\345\033s\226o\232\311\307j\341\253\214"
 139      24E51B73 
 139      966F9AC9 
 139      C76AE1AB 
 139      8C
 140 0759 FE7E12CA 		.ascii	"\376~\022\3127\201\015\272x\270\341\\\344\347\212!S"
 140      37810DBA 
 140      78B8E15C 
 140      E4E78A21 
 140      53
 141 076a 83CAE76A 		.ascii	"\203\312\347j\232m/R\037I\3718\000&\355\362)\000\261"
ARM GAS  /tmp/cc2CojNo.s 			page 11


 141      9A6D2F52 
 141      1F49F938 
 141      0026EDF2 
 141      2900B1
 142 077d E38FA57C 		.ascii	"\343\217\245|\210{b\227O\0257%\345C\334S\273|\252\270"
 142      887B6297 
 142      4F153725 
 142      E543DC53 
 142      BB7CAAB8 
 143 0791 69291FE2 		.ascii	"i)\037\342f\354\362\251\342\236I\371\0207k\227O\025"
 143      66ECF2A9 
 143      E29E49F9 
 143      10376B97 
 143      4F15
 144 07a3 3727E543 		.ascii	"7'\345C\334\274]>U\334\202\224\017q\317M\3625\012\371"
 144      DCBC5D3E 
 144      55DC8294 
 144      0F71CF4D 
 144      F2350AF9 
 145 07b7 062DF20D 		.ascii	"\006-\362\015oE\276\027\250I\373\231@\257\224\357<\227"
 145      6F45BE17 
 145      A849FB99 
 145      40AF94EF 
 145      3C97
 146 07c9 EF25B124 		.ascii	"\357%\261$\252\312\267"
 146      AACAB7
 147 07d0 B831F95E 		.ascii	"\2701\371^9\3107j\310\267\204\033\361\272\203|\313R"
 147      39C8376A 
 147      C8B7841B 
 147      F1BA837C 
 147      CB52
 148 07e2 BE1567F9 		.ascii	"\276\025g\371:\202\036^\013_eT\371VQ\27606hj\371\342"
 148      3A821E5E 
 148      0B5F6554 
 148      F95651BE 
 148      3036686A 
 149 07f8 64E46784 		.ascii	"d\344g\204\227\246\006\245\324\365N\330\336\314]\223"
 149      97A606A5 
 149      D4F54ED8 
 149      DECC5D93 
 150 0808 F27100E8 		.ascii	"\362q\000\350\324&\237\002\020;\236D\205|\210K\2466"
 150      D4269F02 
 150      103B9E44 
 150      857C884B 
 150      A636
 151 081a F9547129 		.ascii	"\371Tq)T\310\207\270Tj\223O\025\267\217\012\371\020"
 151      54C887B8 
 151      546A934F 
 151      15B78F0A 
 151      F910
 152 082c B79FDAE4 		.ascii	"\267\237\332\344S\305\245Q!\037\342\322\251M>U\334\001"
 152      53C5A551 
 152      211FE2D2 
 152      A94D3E55 
 152      DC01
 153 083e 2AE4435C 		.ascii	"*\344C\\\006\265\311\247\212\313\244B>\304\035\244\353"
 153      06B5C9A7 
ARM GAS  /tmp/cc2CojNo.s 			page 12


 153      8ACBA442 
 153      3EC41DA4 
 153      EB
 154 084f F28D0AF9 		.ascii	"\362\215\012\371^X\344[\334\212|\207(\327di\254=S\376"
 154      5E58E45B 
 154      DC8A7C87 
 154      28D76469 
 154      AC3D53FE 
 155 0863 B017E2F2 		.ascii	"\260\027\342\362eQK\242\252|\331tC\362\345\320\350\362"
 155      65514BA2 
 155      AA7CD974 
 155      43F2E5D0 
 155      E8F2
 156 0875 CD18F2E5 		.ascii	"\315\030\362\345\342F|\317A\276\303T\310w\204:\377J"
 156      E2467CCF 
 156      41BEC354 
 156      C877843A 
 156      FF4A
 157 0887 95C9C76A 		.ascii	"\225\311\307j\341\253\214*_\036\345\362\345\343\037"
 157      E1AB8C2A 
 157      5F1EE5F2 
 157      E5E31F
 158 0896 06E4AF3C 		.ascii	"\006\344\257<\234%\262Al\375\221\006-\247\017\245\332"
 158      9C25B241 
 158      6CFD9106 
 158      2DA70FA5 
 158      DA
 159 08a7 5E761650 		.ascii	"^v\026P!\037\007@\241]>\005 v\274H\312\207\270b\273"
 159      211F0740 
 159      A15D3E05 
 159      2076BC48 
 159      CA87B862 
 160 08bc 7CAAB812 		.ascii	"|\252\270\022)\037\342\216\332\345S\305\035\223\362"
 160      291FE28E 
 160      DAE553C5 
 160      1D93F2
 161 08cb 21AED42E 		.ascii	"!\256\324.\237*\356\270\224\017q~\273|\252\2702)\037"
 161      9F2AEEB8 
 161      940F717E 
 161      BB7CAAB8 
 161      32291F
 162 08de E2BEB0CB 		.ascii	"\342\276\260\313\247\212;!\345C\\\271I\276\031!\037"
 162      A78A3B21 
 162      E5435CB9 
 162      49BE1921 
 162      1F
 163 08ef 3F4BEBF2 		.ascii	"?K\353\362e\363kO\371\357\034\217\341\337\\\340\371"
 163      65F36B4F 
 163      F9EF1C8F 
 163      E1DF5CE0 
 163      F9
 164 0900 CF60C72C 		.ascii	"\317`\307,\247[#\232\366\366\256]\211\306\277=\237'"
 164      A75B239A 
 164      F6F6AE5D 
 164      89C6BF3D 
 164      9F27
 165 0912 FEFDC37F 		.ascii	"\376\375\303\177&~\264\347\303\177\377\345\363\304\335"
ARM GAS  /tmp/cc2CojNo.s 			page 13


 165      267EB4E7 
 165      C37FFFE5 
 165      F3C4DD
 166 0921 EF7FB0FB 		.ascii	"\357\177\260\373\375\337\376\354\247\277z\373\203_\374"
 166      FDDFFEEC 
 166      A7BF7AFB 
 166      835FFC
 167 0930 7AF77BBF 		.ascii	"z\367{\277\377\343/\377\360g\343\276]\037k\356O>\373"
 167      FFE32FFF 
 167      F067E3BE 
 167      5D1F6BEE 
 167      4F3EFB
 168 0943 74CF679E 		.ascii	"t\317g\236\217\367\374\353o\237~\362_\253#\332\223"
 168      8FF7FCEB 
 168      6F9F7EF2 
 168      5FAB23DA 
 168      93
 169              		.text
 170              		.section	.gnu.lto___early_init.8c09daccb019d10f,"",%progbits
 171 0000 789C6365 		.ascii	"x\234ce`b8\313\300\300`\006\304\322@\314\310\314\300"
 171      606238CB 
 171      C0C06006 
 171      C4D240CC 
 171      C8CCC0
 172 0013 C834E11C 		.ascii	"\3104\341\034\003C#\007\023##\210\321\300\301\310P\317"
 172      03432307 
 172      13232388 
 172      D1C0C1C8 
 172      50CF
 173 0025 C458CFD8 		.ascii	"\304X\317\330\317<\235\231\361P\373\263\235L\232\313"
 173      CF3C9D99 
 173      F150FBB3 
 173      9D4C9ACB 
 174 0035 1B80E0C0 		.ascii	"\033\200\340\300\364+|m\015\255\022\363\231\031\030"
 174      F42B7C6D 
 174      0DAD12F3 
 174      991918
 175 0044 66023108 		.ascii	"f\0021\0100.g\324d\000*{\264\361\337T^6\026\2108\343"
 175      302E67D4 
 175      64002A7B 
 175      B4F1DF54 
 175      5E361688 
 176 005a 0A463646 		.ascii	"\012F6F \275\376\022\343\201\206\177\377\333\033\016"
 176      20BDFE12 
 176      E381867F 
 176      FFDB1B0E 
 177 006a 9C59CC78 		.ascii	"\234Y\314x\327\217\205\201\241\013(\015\262\243\233"
 177      D78F8581 
 177      A10B280D 
 177      B2A39B
 178 0079 99094433 		.ascii	"\231\011D3\277fl^\260y.3H\003\310\224\235;\337\334f"
 178      BF666C5E 
 178      B0792E33 
 178      4803C894 
 178      9D3BDFDC 
 179 008e AFFFDBC0 		.ascii	"\257\377\333\3001\237\231q&3\320\010\306\225\214\365"
 179      319F9971 
ARM GAS  /tmp/cc2CojNo.s 			page 14


 179      2633D008 
 179      C6958CF5 
 180 009e 0CF3818A 		.ascii	"\014\363\201\212A\012\267\312bW\307\004T\267\012\252"
 180      410AB7CA 
 180      6257C704 
 180      54B70AAA 
 181 00ae EE2D63D3 		.ascii	"\356-c\323\202\335s\031\301\012A\240\013h\012\320\""
 181      82DD7319 
 181      C10A41A0 
 181      0B680AD0 
 181      22
 182 00bf A012133D 		.ascii	"\240\022\023==}\010\312/\326\317H\314\321O\312O,J)\326"
 182      3D7D08CA 
 182      2FD6CF48 
 182      CCD14FCA 
 182      4F2C4A29 
 183 00d4 0F0E890F 		.ascii	"\017\016\211\017\016\36156r3\211w\361\014v\366\017s"
 183      0EF13536 
 183      72338977 
 183      F10C76F6 
 183      0F73
 184 00e6 0D8A84C8 		.ascii	"\015\212\204\310\351%3\000\000\310\246T,"
 184      E9253300 
 184      00C8A654 
 184      2C
 185              		.text
 186              		.section	.gnu.lto_boardInit.8c09daccb019d10f,"",%progbits
 187 0000 789C6365 		.ascii	"x\234ce`b\250d``0\003bi fdf`d\232p\216\201\241\221\203"
 187      6062A864 
 187      60603003 
 187      62692066 
 187      64666064 
 188 001b 899111C4 		.ascii	"\211\221\021\304h\340`d\250gb\254g\354g\236\316\314"
 188      68E06064 
 188      A86762AC 
 188      67EC679E 
 188      CECC
 189 002d 78A8FDD9 		.ascii	"x\250\375\331N&\315\345\015@p`\372\006\241\266\206V"
 189      4E26CDE5 
 189      0D407060 
 189      FA06A1B6 
 189      8656
 190 003f 89F9CC0C 		.ascii	"\211\371\314\014\0143\201\030\004\030\2273j2\000\225"
 190      0C338118 
 190      04189733 
 190      6A320095 
 191 004f 3DDAF86F 		.ascii	"=\332\370o*/\033\013D\234q\005#\033#\220^\177\211\361"
 191      2A2F1B0B 
 191      449C7105 
 191      231B2390 
 191      5E7F89F1 
 192 0063 40C3BFFF 		.ascii	"@\303\277\377\355\015\007\276,b\334\032\304\304\300"
 192      ED0D07BE 
 192      2C62DC1A 
 192      C4C4C0
 193 0072 D0059406 		.ascii	"\320\005\224\006\331\321\315\314\004\242\231\33726)"
 193      D9D1CDCC 
ARM GAS  /tmp/cc2CojNo.s 			page 15


 193      04A299DF 
 193      323629
 194 0081 805483CD 		.ascii	"\200T\203\315\352bf\004\011\002\225\231\350\351\351"
 194      EA626604 
 194      09029599 
 194      E8E9E9
 195 0090 43507EB1 		.ascii	"CP~\261~Fb\216~R~bQJ\261~pH|p\210\257\261\221\233I\274"
 195      7E46628E 
 195      7E527E62 
 195      514AB17E 
 195      70487C70 
 196 00ab 8B67B0B3 		.ascii	"\213g\260\263\177\230kP$DN/\231\001\000lW8a"
 196      7F986B50 
 196      24444E2F 
 196      9901006C 
 196      573861
 197              		.text
 198              		.section	.gnu.lto_.symbol_nodes.8c09daccb019d10f,"",%progbits
 199 0000 789C55C8 		.ascii	"x\234U\310\313\011\200P\014\005\321\311\015Z\227\326"
 199      CB098050 
 199      0C05D1C9 
 199      0D5A97D6 
 200 0010 61312F25 		.ascii	"a1/%X\203]\370\005\301\2655X\211\030\004\027\316f\340"
 200      58835DF8 
 200      05C1B535 
 200      58891804 
 200      17CE66E0 
 201 0024 54888E4C 		.ascii	"T\210\216L\263\012\364'\344\306\330\243N[T\354\263)"
 201      B30AF427 
 201      E4C6D8A3 
 201      4E5B54EC 
 201      B329
 202 0036 DA945545 		.ascii	"\332\224UE?\261M\305_\201\210\006\334`\270nss\216<\017"
 202      3FB14DC5 
 202      5F818806 
 202      DC60B86E 
 202      73738E3C 
 203 004b 62321840 		.ascii	"b2\030@"
 204              		.text
 205              		.section	.gnu.lto_.refs.8c09daccb019d10f,"",%progbits
 206 0000 789C6365 		.ascii	"x\234ce`b`d\000\002\000\000I\000\011"
 206      60626064 
 206      00020000 
 206      490009
 207              		.text
 208              		.section	.gnu.lto_.decls.8c09daccb019d10f,"",%progbits
 209 0000 789CCD59 		.ascii	"x\234\315YkPT\311\025\236\276=\303c\030\320\002\263"
 209      6B5054C9 
 209      159EBE3D 
 209      C36318D0 
 209      02B3
 210 0012 6B36A6CA 		.ascii	"k6\246\312\262X\227J%\214\240\331\335\244\222\312*\240"
 210      B258974A 
 210      258CA0D9 
 210      DDA492CA 
 210      2AA0
 211 0024 5071576A 		.ascii	"PqWjpM\355\217-\212\005\\\251 \030\300\215\233\315\217"
ARM GAS  /tmp/cc2CojNo.s 			page 16


 211      704DED8F 
 211      2D8A055C 
 211      A92018C0 
 211      8D9BCD8F 
 212 0038 CB435114 		.ascii	"\313CQ\024\024\005\025y(\202+\254\254\240\202\210\200"
 212      14051579 
 212      28822BAC 
 212      ACA08288 
 212      80
 213 0049 8E2088BC 		.ascii	"\216 \210\274DP\336o\024\361\001\362\360\201\210\220"
 213      4450DE6F 
 213      14F101F2 
 213      F0818890 
 214 0059 D3DD77B8 		.ascii	"\323\335w\270\227;c\262\311\257Lq\350>\267\277>}\316"
 214      973B63B2 
 214      C9AF4C71 
 214      E83EB7BF 
 214      3E7DCE
 215 006c E973BACF 		.ascii	"\351s\272\317\235Q)8\205\315/\025\212(\254P|\202\024"
 215      9D512938 
 215      85CD2F15 
 215      8A28AC50 
 215      7C8214
 216 007f 8A59F828 		.ascii	"\212Y\370(\025\012\305\217\012\361C\370\263@y@\347\201"
 216      150AC58F 
 216      0AF143F8 
 216      B3407940 
 216      E781
 217 0091 F215C69F 		.ascii	"\362\025\306\237/a\2565\264\233\200>\000z\007\370\237"
 217      2F61AE35 
 217      B49B803E 
 217      007A07F8 
 217      9F
 218 00a2 015D83BE 		.ascii	"\001]\203\276-\320\"\240\265\210\341\276\003\372\007"
 218      2DD022A0 
 218      B588E1BE 
 218      03FA07
 219 00b1 D03F81DC 		.ascii	"\320?\201\334\200\354`\314\002Z+\240i\350\377\015\332"
 219      80EC60CC 
 219      025A2BA0 
 219      69E8FF0D 
 219      DA
 220 00c2 8F807E0F 		.ascii	"\217\200~\017\364G\240?\001}\014\364;\240?\000\005\003"
 220      F447A03F 
 220      017D0CF4 
 220      3BA03F00 
 220      0503
 221 00d4 6D07FA06 		.ascii	"m\007\372\006(\010(\024(\020h+P\010\020'\350\033\016"
 221      28082814 
 221      2810682B 
 221      50081027 
 221      E81B0E
 222 00e7 7DF85344 		.ascii	"}\370SD\242\371\272\372\000\217\005]\243\220h+\026l"
 222      A2F9BAFA 
 222      008F055D 
 222      A390682B 
 222      166C
ARM GAS  /tmp/cc2CojNo.s 			page 17


 223 00f9 3CFB161B 		.ascii	"<\373\026\033\375\005y\233\004\036\011\376\220\177\216"
 223      FD05799B 
 223      041E09FE 
 223      907F8E
 224 0108 607431F6 		.ascii	"`t1\366z)\327\215:\021\350\202\02624b\377\021%\312\316"
 224      7A29D78D 
 224      3A11E882 
 224      16323462 
 224      FF1125CA 
 225 011d 1A3E08D1 		.ascii	"\032>\010\321\347\360\224S\010\213\030\036!\303\014"
 225      E7F09453 
 225      088B181E 
 225      21C30C
 226 012c 81E70496 		.ascii	"\201\347\004\226\023D\322?a2\222Hd\303l%\303\207\351"
 226      1344D23F 
 226      61329248 
 226      64C36C25 
 226      C387E9
 227 013f CC3A749A 		.ascii	"\314:t\232a6\342\304\005\020\222N\220\010dj\013\343"
 227      6136E2C4 
 227      0510924E 
 227      9008646A 
 227      0BE3
 228 0151 73FA2944 		.ascii	"s\372)D\343\220\301\372\261\244\332Au\017\352\"OO\220"
 228      E390C1FA 
 228      B1A4DA41 
 228      750FEA22 
 228      4F4F90
 229 0164 A882674F 		.ascii	"\250\202gO\247[.a\314!\322\357y\225\265\3261\207g\037"
 229      A75B2E61 
 229      CC21D2EF 
 229      7995B5D6 
 229      3187671F 
 230 0178 8B5F896E 		.ascii	"\213_\211n\253\230}\251_\020\207\221\255\032q\3006\216"
 230      AB987DA9 
 230      5F108791 
 230      AD1A71C0 
 230      368E
 231 018a D6A65A01 		.ascii	"\326\246Z\001\273H\215\026\002;\031~\367\232z\361a:"
 231      BB488D16 
 231      023B197E 
 231      F79A7AF1 
 231      613A
 232 019c 2B925FC8 		.ascii	"+\222_\310\241M\357\240\034\264\004\235AK`\361\037\321"
 232      A14DEFA0 
 232      1CB4049D 
 232      414B60F1 
 232      1FD1
 233 01ae 62F8FF95 		.ascii	"b\370\377\225\222I\272\177\244v\321\262\023\274\276"
 233      9249BA7F 
 233      A476D1B2 
 233      13BCBE
 234 01bd 97D7F794 		.ascii	"\227\327\367\224;6f\354\342\033`\326'\024\206\262\021"
 234      3B3666EC 
 234      E21B60D6 
 234      271486B2 
 234      11
ARM GAS  /tmp/cc2CojNo.s 			page 18


 235 01ce 463F2047 		.ascii	"F? G\2422t\341\177\026\352A\3504\352\006\203\316\242"
 235      A23274E1 
 235      7F16EA41 
 235      E834EA06 
 235      83CEA2
 236 01e1 65C482E1 		.ascii	"e\304\202\341\375\365\013\260'\325\366\324p}\256\005"
 236      FDF50BB0 
 236      27D5F6D4 
 236      707DAE05 
 237 01f1 C83A01B2 		.ascii	"\310:\001\262\232/k\222x}\004\210\342\250\244\\QR\256"
 237      9A2F6B92 
 237      787D0488 
 237      E2A8A45C 
 237      5152AE
 238 0204 5C521E95 		.ascii	"\\R\036\225T;\330\365\035\376\222\012\212:q\257\310"
 238      543BD8F5 
 238      1DFE920A 
 238      8A3A71AF 
 238      C8
 239 0215 0C04E581 		.ascii	"\014\004\345\201\2402\217yr\316\211r\316\311\345\234"
 239      A0328F79 
 239      72CE8972 
 239      CEC9E59C 
 240 0225 A772F8A1 		.ascii	"\247r\370\241\342\316\005\370k*(7\2439\301\032\004\365"
 240      E2CE05F8 
 240      6B2A2837 
 240      A339C11A 
 240      04F5
 241 0237 F2BCFEC6 		.ascii	"\362\274\376\306\361_OEW\356\343\323\021\263\355\202"
 241      F15F4F45 
 241      57EEE3D3 
 241      11B3ED82 
 242 0247 28E90291 		.ascii	"(\351\002\221D:\371T\302\355\250\274\024\314\234\253"
 242      443AF954 
 242      C2EDA8BC 
 242      14CC9CAB 
 243 0257 2426D61D 		.ascii	"$&\326\035\033\260a\316]J\"v\360f\245\232\215\362\010"
 243      1BB061CE 
 243      5D4A2276 
 243      F066A59A 
 243      8DF208
 244 026a 787DE5BE 		.ascii	"x}\345\276a\204\263\021]\260\253*\373\014\231\372\201"
 244      6184B311 
 244      5DB0AB2A 
 244      FB0C99FA 
 244      81
 245 027b 1A915858 		.ascii	"\032\221XX@txR\364\312\232=\"\210\306\375\343\231\346"
 245      40747852 
 245      F4CA9A3D 
 245      2288C6FD 
 245      E399E6
 246 028e 3897C2B9 		.ascii	"8\227\302\271\244\352\2262%rP\177OvJ\337\222\273\374"
 246      A4EA9632 
 246      2572507F 
 246      4F764ADF 
 246      92BBFC
 247 02a1 E838CF2F 		.ascii	"\3508\317/E\245H\215\212E\365>P\303\377\335<\037\301"
ARM GAS  /tmp/cc2CojNo.s 			page 19


 247      45A5488D 
 247      8A45F53E 
 247      50C3FFDD 
 247      3C1FC1
 248 02b4 1F88E42D 		.ascii	"\037\210\344-\335\025\350\"\354e\001\354%*A\016D.\301"
 248      DD15E822 
 248      EC6501EC 
 248      252A410E 
 248      442EC1
 249 02c7 A1CBF0B0 		.ascii	"\241\313\360\260\010\036\302\032\331\231\361'\315\360"
 249      081EC21A 
 249      D999F127 
 249      CDF0
 250 02d5 105BA3F2 		.ascii	"\020[\243\362JG\253\022\251\035L\012\320\233\020\300"
 250      4A47AB12 
 250      A91D4C0A 
 250      D09B10C0 
 251 02e5 94B97565 		.ascii	"\224\271ueY\345N\342\365\253\240\314\025Q\031\320\215"
 251      59E54EE2 
 251      F5ABA0CC 
 251      155119D0 
 251      8D
 252 02f6 05CEEE9C 		.ascii	"\005\316\356\234\270r\254\336M\"\354\247H%3\372\242"
 252      B872ACDE 
 252      4D22ECA7 
 252      482533FA 
 252      A2
 253 0307 9B04CF4D 		.ascii	"\233\004\317M\022\376X\361\263j\025\343-\200-\0349S"
 253      12FE58F1 
 253      B36A15E3 
 253      2D802D1C 
 253      3953
 254 0319 68CDFCAC 		.ascii	"h\315\374\254'\303\263e/[\255q\002\313\204\230\213M"
 254      27C3B365 
 254      2F5BAD71 
 254      02CB8498 
 254      8B4D
 255 032b DD4AB21A 		.ascii	"\335J\262\032\317V#\223\014\353)P%Q\012i\227\240\025"
 255      CF562393 
 255      0CEB2950 
 255      25510A69 
 255      97A015
 256 033e 74A1C4D2 		.ascii	"t\241\304\322\304\002\033\333\003\024\014\376TR\033"
 256      C4021BDB 
 256      03140CFE 
 256      54521B
 257 034d AE03BA9C 		.ascii	"\256\003\272\234\242o [\303\034\272\316\303\266\014"
 257      A26F205B 
 257      C31CBACE 
 257      C3B60C
 258 035c 4BA6C628 		.ascii	"K\246\306(\341\217\024\365\217\332\3404\266n|\371\363"
 258      E18F14F5 
 258      8FDAE034 
 258      B66E7CF9 
 258      F3
 259 036d 092B7C92 		.ascii	"\011+|\2221\235'\023N)\031r\210\360\251\323\323QJ|\232"
 259      319D2713 
ARM GAS  /tmp/cc2CojNo.s 			page 20


 259      4E291972 
 259      88F0A9D3 
 259      D3514A7C 
 260 0382 0D4614B7 		.ascii	"\015F\024\267\305\013)\331K7:\342P\246\031>\307\006"
 260      C50B29D9 
 260      4B373AE2 
 260      50A6193E 
 260      C706
 261 0394 5F8F9C1E 		.ascii	"_\217\234\0365\303\305\214)\354K\274*,\330J\370\362"
 261      35C3C58C 
 261      29EC4BBC 
 261      2A2CD84A 
 261      F8F2
 262 03a6 8994310D 		.ascii	"\211\2241\015\256`\203;3\357\3543\307\267\030\3234\230"
 262      AE60833B 
 262      33EFEC33 
 262      C7B718D3 
 262      3498
 263 03b8 1EA561C8 		.ascii	"\036\245a\310\006\302Ot\304Vjp\033\033\274^5\320d\201"
 263      06C24F74 
 263      C4566A70 
 263      1B1BBC5E 
 263      35D06481 
 264 03cc 0718B3B7 		.ascii	"\007\030\263\267\242\240R\210\331*\302\207\017\345E"
 264      A2A05288 
 264      D92AC287 
 264      0FE545
 265 03db 633C2C2C 		.ascii	"c<,,(x\326V\360\354XCy\214%~\311\006\353\366\034L\344"
 265      2878D656 
 265      F0EC5843 
 265      798C257E 
 265      C906EBF6 
 266 03f2 F02C63B2 		.ascii	"\360,c\262\006S\342\204\005?&\256I\036M\325\340hL\307"
 266      0653E284 
 266      053F26AE 
 266      491E4DD5 
 266      E0684CC7 
 267 0406 4A327666 		.ascii	"J2vf[\340x\306\024\027\226T\012{\267\202dl}l\247\006"
 267      5BE078C6 
 267      14179654 
 267      0A7BB782 
 267      646C7D6C 
 268 041c 27B1B1B3 		.ascii	"'\261\261\263C\321zs\234\316\230\344\211\256\207\202"
 268      43D17A73 
 268      9CCE98E4 
 268      89AE8782 
 269 042c B10E4448 		.ascii	"\261\016DH\335\253\034\033\234\315\306\014\231e\313"
 269      DDAB1C1B 
 269      9CCDC60C 
 269      9965CB
 270 043b 32ABA4A3 		.ascii	"2\253\244\243@\213/\260\241\364\241\242C\013p\011cF"
 270      408B2FB0 
 270      A1F4A1A2 
 270      430B7009 
 270      6346
 271 044d A2EEF75A 		.ascii	"\242\356\367Z1\334b`\373\272\036\304\330\340\0126\266"
 271      31DC6260 
ARM GAS  /tmp/cc2CojNo.s 			page 21


 271      FBBA1EC4 
 271      D8E00A36 
 271      B6
 272 045e EB6A62A9 		.ascii	"\353jb\251%\276\305\030\3039h\313\316\301\353\275\335"
 272      25BEC518 
 272      C33968CB 
 272      CEC1EBBD 
 272      DD
 273 046f 08B7B2A1 		.ascii	"\010\267\262\241\3071\3726\016\3671&\273(\266O\205\037"
 273      C731FA36 
 273      0EF73126 
 273      BB28B64F 
 273      851F
 274 0481 3166A030 		.ascii	"1f\2400\352\205\022\2170\346\314tZ\203%\236`L\303\345"
 274      EA85128F 
 274      30E6CC74 
 274      5A83259E 
 274      604CC3E5 
 275 0495 DEFB36F8 		.ascii	"\336\3736\3705cr\352nt\012\036\336M\362>'\253k\320\\"
 275      356372EA 
 275      6E740A1E 
 275      DE4DF23E 
 275      27AB6BD0 
 276 04aa 085712BE 		.ascii	"\010W\022\276\231\227z\247\021\236\241\340\245YY\372"
 276      99977AA7 
 276      119EA1E0 
 276      A55959FA 
 277 04ba 2736C85E 		.ascii	"'6\310^\362\261\243\377\035\244\217\354O\362Q\221\220"
 277      F2B1A3FF 
 277      1DA48FEC 
 277      4FF25191 
 277      90
 278 04cb 697BF0DE 		.ascii	"i{\360\336\202\314\233\341|\346bt\015\002\365\022$\333"
 278      82CC9BE1 
 278      7CE66274 
 278      0D02F512 
 278      24DB
 279 04dd 2CB213D3 		.ascii	",\262\023\323\251\220F\255\023\374S\260\031Si\030\016"
 279      A99046AD 
 279      13FC53B0 
 279      19536918 
 279      0E
 280 04ee C5284CE1 		.ascii	"\305(L\341mrx+\205_D\"\276L\212\277'\307\017\030\341"
 280      6D72782B 
 280      855F4422 
 280      BE4C8ABF 
 280      27C70F18 
 281 0503 1FA54AF0 		.ascii	"\037\245J\360Cr\374\240\\\235\361\343\022x\275\034^"
 281      4372FCA0 
 281      5C9DF1E3 
 281      1278BD1C 
 281      5E
 282 0514 6724BE3F 		.ascii	"g$\276?K\202\0377m\255\001O\216\242\306,\034N\361\220"
 282      4B821F37 
 282      6DAD014F 
 282      8EA2C62C 
 282      1C4EF190 
ARM GAS  /tmp/cc2CojNo.s 			page 22


 283 0528 B8A842C0 		.ascii	"\270\250B\300\033\322\031\225\311\325\251\226j?,\027"
 283      1BD21995 
 283      C9D5A996 
 283      6A3F2C17 
 284 0538 5F2E8797 		.ascii	"_.\207\227I\341#r\270V\256|\265\324\330\273rx\223\221"
 284      49E12372 
 284      B856AE7C 
 284      B5D4D8BB 
 284      72789391 
 285 054c 74A9ADD5 		.ascii	"t\251\255\325rx\225\034\336.\225\336(\2077\210\360x"
 285      7278951C 
 285      DE2E95DE 
 285      28873788 
 285      F078
 286 055e E170FB44 		.ascii	"\341p\373D\251@c0>J\207\010\032N]\264\223s@\3739{\364"
 286      A9406330 
 286      3E4A8708 
 286      1A4E5DB4 
 286      937340FB 
 287 0575 1AD9A329 		.ascii	"\032\331\243)\240(\350\357\006\212\005z\001\374\001"
 287      A028E8EF 
 287      068A057A 
 287      01FC01
 288 0584 680F023D 		.ascii	"h\017\002=\207~8\264{\201x\240=@\273\200\"\201\236\301"
 288      877E38B4 
 288      7B8178A0 
 288      3D40BB80 
 288      22819EC1 
 289 0598 580CB4D3 		.ascii	"X\014\264\323\320FC;\003m\034\264\373\200^B?\036\332"
 289      D046433B 
 289      036D1CB4 
 289      FB805E42 
 289      3F1EDA
 290 05ab 37D04640 		.ascii	"7\320F@\373\012\332\011\240IdO/R\301\030i\330\365\310"
 290      FB0ADA09 
 290      A049644F 
 290      2F52C118 
 290      69D8F5C8 
 291 05bf 8DE936DA 		.ascii	"\215\3516\332\347\3524\311>\367\313\367\271\317h\237"
 291      E7EA34C9 
 291      3EF7CBF7 
 291      B9CF689F 
 292 05cf A5AEBD69 		.ascii	"\245\256\275i\332\265\322\235\033\227\252\323n:k$\342"
 292      DAB5D29D 
 292      1B97AAD3 
 292      6E3A6B24 
 292      E2
 293 05e0 1BA571F1 		.ascii	"\033\245q\361\304t\0301\361\354\302\034I\001<\277\220"
 293      C4741831 
 293      F1ECC21C 
 293      49013CBF 
 293      90
 294 05f1 C014C265 		.ascii	"\300\024\302e\311\\\001\327\256~$\015g\237\347\371="
 294      C95C01D7 
 294      AE7E240D 
 294      679FE7F9 
 294      3D
ARM GAS  /tmp/cc2CojNo.s 			page 23


 295 0602 66F42AEA 		.ascii	"f\364*\352\224K\3530R\266Q\032\010wL\207\231\024\337"
 295      944BEB30 
 295      52B6511A 
 295      08774C87 
 295      9914DF
 296 0615 2ED5F6B1 		.ascii	".\325\366\261\034\377Pn\\\277\324\027]\246\325q\022"
 296      1CFF506E 
 296      5CBFD417 
 296      5DA6D571 
 296      12
 297 0626 77A6ECB8 		.ascii	"w\246\354\270dgZ\344;\323l\344:\251\364^\323\033/\201"
 297      64675AE4 
 297      3BD36CE4 
 297      3AA9F45E 
 297      D31B2F81 
 298 063a 3F92DA7A 		.ascii	"?\222\332z\313\364\371!\325]j\352#\323\246\316\205\025"
 298      CBF4F921 
 298      D55D6AEA 
 298      23D3A6CE 
 298      8515
 299 064c F8BEDF20 		.ascii	"\370\276\337 \236\270\376\266\351\234\222\272r*E\"\377"
 299      9EB8FEB6 
 299      E99C92BA 
 299      722A4522 
 299      FF
 300 065d A9C903C1 		.ascii	"\251\311\003\301I\224>\236*\221\376\300\364Y)\015\362"
 300      49943E9E 
 300      2A91FEC0 
 300      F459290D 
 300      F2
 301 066e 29A92B6B 		.ascii	")\251+k\345\256\2541:\352\245\306\3367}tS8\334@\317"
 301      E5AEAC31 
 301      3AEAA5C6 
 301      DE377D74 
 301      5338DC40 
 302 0683 7372BAAC 		.ascii	"sr\272\254p\211\222\226}\371\361\305\361\326\310\301"
 302      70899296 
 302      7DF9F1C5 
 302      F1D6C8C1 
 303 0693 4E08CE2C 		.ascii	"N\010\316,\034\311\363\010%rv\350\0207W\314\221X5}\226"
 303      1CC9F308 
 303      257276E8 
 303      103757CC 
 303      9158357D 
 304 06a8 A0043842 		.ascii	"\240\0048B\376_\216\023RE\327t<C\232\230\271\032\226"
 304      FE5F8E13 
 304      5245D774 
 304      3C439A98 
 304      B91A96
 305 06bb 5A221680 		.ascii	"Z\"\026\200\2079\015-\340\241\005p\336lB\2575\256\242"
 305      87390D2D 
 305      E0A10570 
 305      DE6C42AF 
 305      35AEA2
 306 06ce 8E40FD11 		.ascii	"\216@\375\021\371U\326\270\2161\261\011eeJ\334\304\230"
 306      F955D6B8 
 306      8E31B109 
ARM GAS  /tmp/cc2CojNo.s 			page 24


 306      65654ADC 
 306      C498
 307 06e0 8CA4F868 		.ascii	"\214\244\370h\025neL\366\301\003yj\334\316\230\243?"
 307      156E654C 
 307      F6C10379 
 307      6ADCCE98 
 307      A33F
 308 06f2 B44C59E2 		.ascii	"\264LY\342N\306\234\232z=J.\376\345\244\246\307\222"
 308      4EC69C9A 
 308      7A3D4A2E 
 308      FEE5A4A6 
 308      C792
 309 0704 8A7E39AB 		.ascii	"\212~9\253\350\257\326\334\374^\203\373\231\333\017"
 309      E8AFD6DC 
 309      FC5E83FB 
 309      99DB0F
 310 0713 A49FD96B 		.ascii	"\244\237\331ki\250\266\2414V9(\346^\275P:\370q\271P"
 310      69A8B6A1 
 310      34563928 
 310      E65EBD50 
 310      3AF871B9 
 311 0728 17A7714B 		.ascii	"\027\247qKP*g\250\266[r\035\023\243I\265}\202S\243\343"
 311      502A67A8 
 311      B65B721D 
 311      13A349B5 
 311      7D8253A3 
 312 073d E2062D17 		.ascii	"\342\006-\027j\324+\361\035\203j<\314\326\230\216<\374"
 312      6AD42BF1 
 312      1D836A3C 
 312      CCD6988E 
 312      3CFC
 313 074f 547C6BB8 		.ascii	"T|k\270u\305\371:-\3243a\352Iq*H2\2746\310\365\3100"
 313      75C5F93A 
 313      2DD43361 
 313      EA49712A 
 313      4832BC36 
 314 0767 A107A960 		.ascii	"\241\007\251`'O\226X\340\027t\021\345\304\213}\355j"
 314      274F9658 
 314      E0177411 
 314      E5C48B7D 
 314      ED6A
 315 0779 04558BC3 		.ascii	"\004U\213\303\\xp\012\211\307\277\347Xld\203\254,\330"
 315      5C78700A 
 315      89C7BFE7 
 315      586C6483 
 315      AC2CD8
 316 078c B3D39CBD 		.ascii	"\263\323\234\275\344\274k9\216K3\342\366\361'\256!\252"
 316      E4BC6B39 
 316      8E4B33E2 
 316      F6F127AE 
 316      21AA
 317 079e 570AE845 		.ascii	"W\012\350Ef\314\251@\323(G\232\245\2778\012\357y\230"
 317      66CCA940 
 317      D328479A 
 317      A5BF380A 
 317      EF7998
 318 07b1 A24F9944 		.ascii	"\242O\231D;\211gmw\262\032\336\207\011Fz\324\202\326"
ARM GAS  /tmp/cc2CojNo.s 			page 25


 318      3B89676D 
 318      77B21ADE 
 318      8709467A 
 318      D482D6
 319 07c4 77BA470E 		.ascii	"w\272G\016\"d\277\310\301\236e\333"
 319      2264BFC8 
 319      C19E65DB 
 320 07d0 8B649B70 		.ascii	"\213d\233p*\226\210K\006\261g\270E\246r\371\240\360"
 320      2A96884B 
 320      06B167B8 
 320      45A672F9 
 320      A0F0
 321 07e2 62415240 		.ascii	"bAR@\264\221\200\211\2159`\343\217`\343\017\202\215"
 321      B4918089 
 321      8D3960E3 
 321      8F60E30F 
 321      828D
 322 07f4 4C89FAE4 		.ascii	"L\211\372\344\305\341$\247\000e|\3407'\333\036\212\344"
 322      C5E124A7 
 322      00657CE0 
 322      3727DB1E 
 322      8AE4
 323 0806 AB56D063 		.ascii	"\253V\320c\341\330\333\027\006\267\217\227\324\324r"
 323      E1D8DB17 
 323      06B78F97 
 323      D4D472
 324 0815 8B4083F0 		.ascii	"\213@\203\360\267j\240\230\267<\251\267\313\357\026"
 324      B76AA098 
 324      B73CA9B7 
 324      CBEF16
 325 0824 6870AE8A 		.ascii	"hp\256\212\006\340\375\232\334\010\013|\2011iugkT\270"
 325      06E0FD9A 
 325      DC080B7C 
 325      81316975 
 325      676B54B8 
 326 0838 9031C567 		.ascii	"\2201\305g\3166r\270\22419E\243{\021\256`\314Xtn\030"
 326      CE3672B8 
 326      94313945 
 326      A37B11AE 
 326      60CC5874 
 327 084e AE65FDFD 		.ascii	"\256e\375\375\015\307;,\204J\226|\2330\231~\357 \207"
 327      0DC73B2C 
 327      844A967C 
 327      9B30997E 
 327      EF2087
 328 0861 1BE9A066 		.ascii	"\033\351\240f&\247\306^,d\355\034\204\242\265\377=\361"
 328      26A7C65E 
 328      2C64ED1C 
 328      84A2B5FF 
 328      3DF1
 329 0873 58BA00E6 		.ascii	"X\272\000\346\351\271\177[4-\021\321G\344\350\001\371"
 329      E9B97F5B 
 329      342D11D1 
 329      47E4E801 
 329      F9
 330 0884 99D72841 		.ascii	"\231\327(A_4\215\236W\255JT9/\207\033\225{S\022t\236"
 330      5F348D9E 
ARM GAS  /tmp/cc2CojNo.s 			page 26


 330      57AD4A54 
 330      392F871B 
 330      957B5312 
 331 089a 1C6D744F 		.ascii	"\034mtO\266K\320\371&\315\224\326\301\022\3609\323\212"
 331      B64BD0F9 
 331      26CD94D6 
 331      C112F039 
 331      D38A
 332 08ac CCE90D51 		.ascii	"\314\351\015Q9\223\254f\370\263\260\311Ir\274Q\225]"
 332      3993AC66 
 332      F8B3B0C9 
 332      4972BC51 
 332      955D
 333 08be 69882822 		.ascii	"i\210(\">\327\264\346L\274\364</\200\364f\225\223^H"
 333      3ED7B4E6 
 333      4CBCF43C 
 333      2F80F466 
 333      95935E48 
 334 08d2 D86B10CC 		.ascii	"\330k\020\314%\020M\205@\227\201J\201\212\201\256\002"
 334      25104D85 
 334      4097814A 
 334      818A81AE 
 334      02
 335 08e3 5D012A03 		.ascii	"]\001*\003\272\004T4?\330\217\331\322`\327s\262\352"
 335      BA045434 
 335      3FD88FD9 
 335      D260D773 
 335      B2EA
 336 08f5 86AA9622 		.ascii	"\206\252\226\"Q\355\250iK\230j\344\373\222\272\311|"
 336      51EDA869 
 336      4B986AE4 
 336      FB92BAC9 
 336      7C
 337 0906 156EA1D1 		.ascii	"\025n\241\321\305MU\345W\251\346n\251\356\0243\222\326"
 337      C54D55E5 
 337      57A9E66E 
 337      A9EE1433 
 337      92D6
 338 0918 1530BB5C 		.ascii	"\0250\273\\<\310\310\222\246\215B\327\301\226\377\325"
 338      3CC8C892 
 338      A68D42D7 
 338      C196FFD5 
 339 0928 2E50E5D9 		.ascii	".P\345\331\355\236l+\351\245R1\357R\251\3444\006\035"
 339      ED9E6C2B 
 339      E9A55231 
 339      EF52A9E4 
 339      34061D
 340 093b 2AE9BDD2 		.ascii	"*\351\275\322\271gW\232\031\276\307\262\246\377rg8\207"
 340      B967579A 
 340      19BEC7B2 
 340      A6FF7267 
 340      3887
 341 094d 1F32E6E9 		.ascii	"\0372\346\351\241\212:\016\0173f\26052\311\014O0\346"
 341      A18A3A0E 
 341      0F3366B0 
 341      3532C90C 
 341      4F30E6
ARM GAS  /tmp/cc2CojNo.s 			page 27


 342 0960 C09B36DE 		.ascii	"\300\2336\336\014\277fL\354\323\311t%\2160\243\314\245"
 342      0CBF664C 
 342      ECD3C974 
 342      258E30A3 
 342      CCA5
 343 0972 D26167F6 		.ascii	"\322ag\366>\271\004\270\313]cz\341+\274^\362z\331\026"
 343      3EB904B8 
 343      CB5D637A 
 343      E12BBC5E 
 343      F27AD916 
 344 0986 F9B2D91A 		.ascii	"\371\262\331\032\357\246P\313]\271\227\3625\310\360"
 344      EFA650CB 
 344      5DB997F2 
 344      35C8F0
 345 0995 1EE9C08E 		.ascii	"\036\351\300\216\230\236\201w\213\304\232\362\0268\354"
 345      989E8177 
 345      8BC49AF2 
 345      1638EC
 346 09a4 EE5B0388 		.ascii	"\356[\003\210\340\253\0231y\305$\340Z9X^\325\364\213"
 346      E0AB1331 
 346      79C524E0 
 346      5A39585E 
 346      D5F48B
 347 09b7 D89B72EC 		.ascii	"\330\233r\354\374H&\350G\"\272J\216~(W\243]\004W\233"
 347      FC4826E8 
 347      4722BA4A 
 347      8E7E2857 
 347      A35D0457 
 348 09cc 166DF482 		.ascii	"\026m\364\202S\017\373]\307\221\241\273\302f\267\302"
 348      530FFB5D 
 348      C791A1BB 
 348      C266B7C2 
 349 09dc 66DF86CD 		.ascii	"f\337\206\315l\006\272\003\324\010\324\004\324\002\324"
 349      6C06BA03 
 349      D408D404 
 349      D402D4
 350 09eb 30EF266A 		.ascii	"0\357&j\024\227\2531i\265\324\220q\021|\303\264!\322"
 350      1497AB31 
 350      69B5D490 
 350      71117CC3 
 350      B421D2
 351 09fe 8ABF12D0 		.ascii	"\212\277\022\320\020\256w\345\267\020*/K\2321\307\261"
 351      10AE77E5 
 351      B7102A2F 
 351      4B9A31C7 
 351      B1
 352 0a0f 74EFB83D 		.ascii	"t\357\270=YC\223\030\3319\2302\010u\200\035\377\215"
 352      59439318 
 352      D9399832 
 352      0875801D 
 352      FF8D
 353 0a21 4DC2C21F 		.ascii	"M\302\302\037\222u\333a^\233\230&wi\232\2202p2\245Y"
 353      9275DB61 
 353      5E9B9826 
 353      77699A90 
 353      327032A5 
 354 0a36 63272CB7 		.ascii	"c',\267\373m\313)\376\343Z \252\346\351\215#\363\252"
ARM GAS  /tmp/cc2CojNo.s 			page 28


 354      FB6DCB29 
 354      FEE35A20 
 354      AAE6E98D 
 354      23F3AA
 355 0a49 AECE7909 		.ascii	"\256\316y\011\322%T]]4;\014\021l+Dp^I\324\260\360\355"
 355      D225545D 
 355      5D343B0C 
 355      116C2B44 
 355      705E49D4 
 356 0a60 8E9EF07B 		.ascii	"\216\236\360{w\356\337c\216\217\261\340\237\310:\237"
 356      77EEDF63 
 356      8E8FB1E0 
 356      9FC83A9F 
 357 0a70 66C106B3 		.ascii	"f\301\006\263\310\340\3037\225\217U8\235\0156\275l\210"
 357      C8E0C337 
 357      958F5538 
 357      9D0D36BD 
 357      6C88
 358 0a82 56E32CC6 		.ascii	"V\343,\306\304\024\034\312X\200s\031\023\267\377\302"
 358      C4141CCA 
 358      58807319 
 358      13B7FFC2 
 359 0a92 3935BEC8 		.ascii	"95\276\310\230\202\272K\335*\\\312\230\316\361\346h"
 359      9882BA4B 
 359      DD2A5CCA 
 359      98CEF1E6 
 359      68
 360 0aa3 2B7C9D31 		.ascii	"+|\2351\271\323\011\247\315p\015c\252;'\373\314\331"
 360      B9D309A7 
 360      CD700D63 
 360      AA3B27FB 
 360      CCD9
 361 0ab5 52D364A9 		.ascii	"R\323d\251G\261\263\235\032!\323\310\027\264\321u\317"
 361      47B1B39D 
 361      1A21D3C8 
 361      17B4D175 
 361      CF
 362 0ac6 4FC37547 		.ascii	"O\303uG\301VUiu1,\323\354\330\3275\254\216\250O\262"
 362      C1565569 
 362      75312CD3 
 362      ECD8D735 
 362      AC8EA84F 
 363 0adb 3DC49313 		.ascii	"=\304\223\023\2168\275\037\234>\012\355\234[\3738\331"
 363      8E38BD1F 
 363      9C3E0AED 
 363      9C5BFB38 
 363      D9
 364 0aec FB52FFCF 		.ascii	"\373R\377\317Y\215O\320\275rt\017'\177'h_,\302\357\311"
 364      598D4FD0 
 364      BD72740F 
 364      277F2768 
 364      5F2CC2EF 
 365 0b01 E1F3BE23 		.ascii	"\341\363\276#\240_\207\274Kb\224`\037\310\261\203o\271"
 365      A05F87BC 
 365      4B629460 
 365      1FC8B183 
 365      6FB9
ARM GAS  /tmp/cc2CojNo.s 			page 29


 366 0b13 051E01E0 		.ascii	"\005\036\001\340!]vT\010\266g\020\011c\260\331OI\331"
 366      215D7654 
 366      08B66710 
 366      0963B0D9 
 366      4F49D9
 367 0b26 4ECA78A0 		.ascii	"N\312x\240\021\240\011\240'@\303@\343b\"\221\027\227"
 367      11A009A0 
 367      2740C340 
 367      E3622291 
 367      1797
 368 0b38 770CCB0E 		.ascii	"w\014\313\016\311\227\325\3124\234\222\230\377X\016"
 368      C997D5CA 
 368      349C9298 
 368      FF580E
 369 0b47 EE963B6B 		.ascii	"\356\226;k\\b\375\200\034=j\374\236}\230f\335\250\374"
 369      5C62FD80 
 369      1C3D6AFC 
 369      9E7D9866 
 369      DDA8FC
 370 0b5a 22A26347 		.ascii	"\"\242cG\314EY\203rY\306\257\265\222\225\357\313\321"
 370      CC455983 
 370      7259C6AF 
 370      B59295EF 
 370      CBD1
 371 0b6c 4DF3AFAD 		.ascii	"M\363\257\255\312\246\2267J\334\306r\372E\\B\213Z\226"
 371      CAA69637 
 371      4ADCC672 
 371      FA455C42 
 371      8B5A96
 372 0b7f D3061FA3 		.ascii	"\323\006\037\243W\340\332\377\305\315\314\274\231c\364"
 372      57E0DAFF 
 372      C5CDCCBC 
 372      9963F4
 373 0b8e 0E9C0401 		.ascii	"\016\234\004\001/\305\344\0365$\367\361\346\276g\363"
 373      2FC5E41E 
 373      3524F7F1 
 373      E6BE67F3 
 374 0b9e 93DBD4BA 		.ascii	"\223\333\324\272\212\237\274(\271\256Z\262\267Hs|j^"
 374      8A9FBC28 
 374      B9AE5AB2 
 374      B748737C 
 374      6A5E
 375 0bb0 8EBF1672 		.ascii	"\216\277\026r\3745\315\361\363\365Y\211\226&\317\026"
 375      FC35CDF1 
 375      F3F55989 
 375      9626CF16 
 376 0bc0 C54F3F58 		.ascii	"\305O?X\3204g\007\262^\351{+8\374\200%\351\213\223\215"
 376      D0346707 
 376      B25EE97B 
 376      2B38FC80 
 376      25E98B93 
 377 0bd5 69964A8E 		.ascii	"i\226J\216\035&\344\307)\362]lJS\266\212>#7\361\014"
 377      1D26E4C7 
 377      29F25D6C 
 377      4A53B68A 
 377      3E2337F1 
 378 0bea 471FF6A5 		.ascii	"G\037\366\245\366\026+\337\372\333\026\217\311o[\263"
ARM GAS  /tmp/cc2CojNo.s 			page 30


 378      F6162BDF 
 378      FADB168F 
 378      C96F5BB3 
 379 0bfa 9CF0E356 		.ascii	"\234\360\343V~\\o\262J\370uk&\373\275\370H>\013\024"
 379      7E5C6FB2 
 379      4AF8756B 
 379      26FBBDF8 
 379      483E0B14 
 380 0c0e 5F4A60E8 		.ascii	"_J`\350\215\350]\350\316\377%)\034\223\337\201*R\303"
 380      8DE85DE8 
 380      CEFF2529 
 380      1C93DF81 
 380      2A52C3
 381 0c21 4BADF018 		.ascii	"K\255\360\030Sp2\263w\306\352\375\014\276A\317\353\007"
 381      537032B3 
 381      77C6EAFD 
 381      0CBE41CF 
 381      EB07
 382 0c33 9317C369 		.ascii	"\223\027\303i\300<\025\201\251\030I\212\221'\033\341"
 382      C03C1581 
 382      A918498A 
 382      91271BE1 
 383 0c43 5D2912BF 		.ascii	"])\022\277\017\363z&[\2725R\367\222\337\236D\367Fa\346"
 383      0FF37A26 
 383      5BBA3552 
 383      F792DF9E 
 383      44F74661 
 384 0c58 5ED22E08 		.ascii	"^\322.\010\015\333\272\322\331\373\353m\001\301\336"
 384      0DDBBAD2 
 384      D9FBEB6D 
 384      01C1DE
 385 0c67 01410161 		.ascii	"\001A\001a\026\353>\373|\251\213\223\223b\225\243\243"
 385      16EB3EFB 
 385      7CA98B93 
 385      936295A3 
 385      A3
 386 0c78 96FD0587 		.ascii	"\226\375\005\207j\267\370\004j\277\012\366\011\361\013"
 386      6AB7F804 
 386      6ABF0AF6 
 386      09F10B
 387 0c87 D57A6DF4 		.ascii	"\325zm\364\366\332\370\351J\347\265\253\274]=\274\\"
 387      F6DAF8E9 
 387      4AE7B5AB 
 387      BC5D3DBC 
 387      5C
 388 0c98 366C72D3 		.ascii	"6lr\323}\301\306\034}\025\032oo\177\237\220\300o\251"
 388      7DC1C61C 
 388      7D151A6F 
 388      6F7F9F90 
 388      C06FA9
 389 0cab 284BFAD4 		.ascii	"(K\372\324\003z\013\331\"\276\201\301\276\177\245C+"
 389      037A0BD9 
 389      22BE81C1 
 389      BE7FA543 
 389      2B
 390 0cbc E4C2B705 		.ascii	"\344\302\267\005\207\204\021\331 X+\210\337\261\203"
 390      878411D9 
ARM GAS  /tmp/cc2CojNo.s 			page 31


 390      20582B88 
 390      DFB183
 391 0ccb 8C780706 		.ascii	"\214x\007\006\3729nQ\250\274\274\\\326\351\324\336\336"
 391      FA396E51 
 391      A8BCBC5C 
 391      D6E9D4DE 
 391      DE
 392 0cdc DB0382C2 		.ascii	"\333\003\202\302@T\330o\264\333CC\264\001A\276\201\333"
 392      4054D86F 
 392      B4DB4343 
 392      B40141BE 
 392      81DB
 393 0cee FDFCB541 		.ascii	"\375\374\265A\376\177\017\014\370J\273\325\307wK@\220"
 393      FE7F0F0C 
 393      F84ABBD5 
 393      C7774B40 
 393      90
 394 0cff BFD6DBCF 		.ascii	"\277\326\333\317\177\263\317\366\3000\357\260o\267\371"
 394      7FB3CFF6 
 394      C030EFB0 
 394      6FB7F9
 395 0d0e 87C2740B 		.ascii	"\207\302t\013\303\264e\246\246\205~\033\252\365\016"
 395      C3B465A6 
 395      A6857E1B 
 395      AAF50E
 396 0d1d 0DF3030C 		.ascii	"\015\363\003\014`-un^n\272Mn\256\037b\027/\235r\215"
 396      602D756E 
 396      5E6EBA4D 
 396      6EAE1F62 
 396      172F9D72 
 397 0d32 AB8B6EEE 		.ascii	"\253\213n\356\321o-W{\256q^\357\351\366\231\216\364"
 397      D16F2D57 
 397      7BAE715E 
 397      EFE9F699 
 397      8EF4
 398 0d44 9C58CF30 		.ascii	"\234X\3170\272\312r\265\373\232\225\302\250\373\034"
 398      BACA72B5 
 398      FB9A95C2 
 398      A8FB1C
 399 0d53 CE5D8E5B 		.ascii	"\316]\216[iN\244\300\023\322:IG\234\315\211\004:\342"
 399      694EA4C0 
 399      13D23A49 
 399      479CCD89 
 399      043AE2
 400 0d66 2E20DCE7 		.ascii	". \334\347#\234,\310\\\235\327F\035\3518\221\316\334"
 400      239C2CC8 
 400      5C9DD746 
 400      1DE93891 
 400      CEDC
 401 0d78 D80A0B32 		.ascii	"\330\012\0132\233\215\271\033@\356\014\204]<tJ\227\265"
 401      9B8DB91B 
 401      40EE0C84 
 401      5D3C744A 
 401      97B5
 402 0d8a EB74E69E 		.ascii	"\353t\346\236\353\327\223\226s\321\251\241\353\341\354"
 402      EBD79396 
 402      73D1A9A1 
ARM GAS  /tmp/cc2CojNo.s 			page 32


 402      EBE1EC
 403 0d99 453867E9 		.ascii	"E8g\351\206\370\006o\335\032\034\244\365\337\021\006"
 403      86F8066F 
 403      DD1A1CA4 
 403      F5DF1106 
 404 0da9 7B21D90E 		.ascii	"{!\331\016\272\213\233W\255\370h\307\016\360\223\225"
 404      BA8B9B57 
 404      ADF868C7 
 404      0EF09395 
 405 0db9 CEC5C57B 		.ascii	"\316\305\305{#8\330\325\177\263r\365Z\335z\325\372\015"
 405      2338D8D5 
 405      7FB372F5 
 405      5ADD7AD5 
 405      FA0D
 406 0dcb 2E7F0687 		.ascii	".\177\006\207y\351t\350/\310]\345\033\010\261 l\231"
 406      79E974E8 
 406      2FC85DE5 
 406      1B08B120 
 406      6C99
 407 0ddd D387DE61 		.ascii	"\323\207\336a\026\206\016\016\365\0173\012/i\004\254"
 407      16860E0E 
 407      F50F330A 
 407      2F6904AC 
 408 0ded 5FEFAA5D 		.ascii	"_\357\252]\347\351\261\341\033g\255\030\236\260$\336"
 408      E7E9B1E1 
 408      1B67AD18 
 408      9EB024DE 
 409 0dfd E0AAC31E 		.ascii	"\340\252\303\036\256:\225\347\347\236\256:\363\015^"
 409      AE3A95E7 
 409      E79EAE3A 
 409      F30D5E
 410 0e0c 9E6E6EAE 		.ascii	"\236nn\256:\263\015\033\277\360t\323\251>\335\340\352"
 410      3AB30D1B 
 410      BFF074D3 
 410      A93EDDE0 
 410      EA
 411 0e1d A6239AB8 		.ascii	"\246#\232\270k$A\035\246\364\331\034\022\210\203\375"
 411      6B24411D 
 411      A6F4D91C 
 411      128883FD 
 412 0e2d 4254DBB6 		.ascii	"BT\333\266o\363\0131\017\016\335\346\357\357\027b\026"
 412      6FF30B31 
 412      0F0EDDE6 
 412      EFEF1762 
 412      16
 413 0e3e 4C822344 		.ascii	"L\202#D\2655\330\317?\204`\266h(\036t\333\276\315;\314"
 413      B535D8CF 
 413      3F8460B6 
 413      68281E74 
 413      DBBECD3B 
 414 0e53 CCD3DDD5 		.ascii	"\314\323\335\325'\314\307\314s\035k\326\262\306\215"
 414      27CCC7CC 
 414      731D6BD6 
 414      B2C68D
 415 0e62 35AEAC71 		.ascii	"5\256\254qa\315\032\326\254f\215\007i\254\251,\337\340"
 415      61CD1AD6 
 415      AC668D07 
ARM GAS  /tmp/cc2CojNo.s 			page 33


 415      69ACA92C 
 415      DFE0
 416 0e74 A0CD015F 		.ascii	"\240\315\001_{\207Y\316\245\227\035\355\031\302\223"
 416      7B8759CE 
 416      A5971DED 
 416      19C293
 417 0e83 8DFF0B24 		.ascii	"\215\377\013$\2618_"
 417      B1385F
 418              		.text
 419              		.section	.gnu.lto_.symtab.8c09daccb019d10f,"",%progbits
 420 0000 5F5F6561 		.ascii	"__early_init\000"
 420      726C795F 
 420      696E6974 
 420      00
 421 000d 00       		.ascii	"\000"
 422 000e 00       		.ascii	"\000"
 423 000f 00       		.ascii	"\000"
 424 0010 00000000 		.ascii	"\000\000\000\000\000\000\000\000"
 424      00000000 
 425 0018 B0000000 		.ascii	"\260\000\000\000"
 426 001c 626F6172 		.ascii	"boardInit\000"
 426      64496E69 
 426      7400
 427 0026 00       		.ascii	"\000"
 428 0027 00       		.ascii	"\000"
 429 0028 00       		.ascii	"\000"
 430 0029 00000000 		.ascii	"\000\000\000\000\000\000\000\000"
 430      00000000 
 431 0031 B2000000 		.ascii	"\262\000\000\000"
 432 0035 73746D33 		.ascii	"stm32_clock_init\000"
 432      325F636C 
 432      6F636B5F 
 432      696E6974 
 432      00
 433 0046 00       		.ascii	"\000"
 434 0047 02       		.ascii	"\002"
 435 0048 00       		.ascii	"\000"
 436 0049 00000000 		.ascii	"\000\000\000\000\000\000\000\000"
 436      00000000 
 437 0051 B4000000 		.ascii	"\264\000\000\000"
 438              		.text
 439              		.section	.gnu.lto_.opts,"",%progbits
 440 0000 272D666D 		.ascii	"'-fmath-errno' '-fsigned-zeros' '-ftrapping-math' '"
 440      6174682D 
 440      6572726E 
 440      6F272027 
 440      2D667369 
 441 0033 2D666E6F 		.ascii	"-fno-trapv' '-fno-openmp' '-fno-openacc' '-mcpu=cor"
 441      2D747261 
 441      70762720 
 441      272D666E 
 441      6F2D6F70 
 442 0066 7465782D 		.ascii	"tex-m4' '-mno-thumb-interwork' '-mthumb' '-ggdb' '-"
 442      6D342720 
 442      272D6D6E 
 442      6F2D7468 
 442      756D622D 
ARM GAS  /tmp/cc2CojNo.s 			page 34


 443 0099 4F322720 		.ascii	"O2' '-fomit-frame-pointer' '-falign-functions=16' '"
 443      272D666F 
 443      6D69742D 
 443      6672616D 
 443      652D706F 
 444 00cc 2D666675 		.ascii	"-ffunction-sections' '-fdata-sections' '-fno-common"
 444      6E637469 
 444      6F6E2D73 
 444      65637469 
 444      6F6E7327 
 445 00ff 2720272D 		.ascii	"' '-flto'\000"
 445      666C746F 
 445      2700
 446              		.text
 447              		.comm	__gnu_lto_v1,1,1
 448              		.comm	__gnu_lto_slim,1,1
 449              		.ident	"GCC: (15:6.3.1+svn253039-1build1) 6.3.1 20170620"
ARM GAS  /tmp/cc2CojNo.s 			page 35


DEFINED SYMBOLS
                            *ABS*:0000000000000000 board.c
                            *COM*:0000000000000001 __gnu_lto_v1
                            *COM*:0000000000000001 __gnu_lto_slim

NO UNDEFINED SYMBOLS
