ARM GAS  /tmp/cchFeJ43.s 			page 1


   1              		.cpu cortex-m4
   2              		.eabi_attribute 20, 1
   3              		.eabi_attribute 21, 1
   4              		.eabi_attribute 23, 3
   5              		.eabi_attribute 24, 1
   6              		.eabi_attribute 25, 1
   7              		.eabi_attribute 26, 1
   8              		.eabi_attribute 30, 2
   9              		.eabi_attribute 34, 1
  10              		.eabi_attribute 18, 4
  11              		.file	"chcore_v7m.c"
  12              		.text
  13              	.Ltext0:
  14              		.section	.gnu.lto_.profile.f2b8895043f090dc,"",%progbits
  15 0000 789C6365 		.ascii	"x\234ce`b`a```d\320\225\000\000\000\362\000R"
  15      60626061 
  15      60606064 
  15      D0950000 
  15      00F20052 
  16              		.text
  17              		.section	.gnu.lto_.icf.f2b8895043f090dc,"",%progbits
  18 0000 789C6365 		.ascii	"x\234ce`b\020a@\000f\206{\213\336/\341d^\374\272\341"
  18      60621061 
  18      40006686 
  18      7B8BDE2F 
  18      E1645EFC 
  19 0016 073BCBE7 		.ascii	"\007;\313\347\015+\026\2611\000\000d\344\011B"
  19      0D2B16B1 
  19      31000064 
  19      E40942
  20              		.text
  21              		.section	.gnu.lto_.jmpfuncs.f2b8895043f090dc,"",%progbits
  22 0000 789C6365 		.ascii	"x\234ce`b\340e@\000f(\301\002\242\001\002|\000\037"
  22      6062E065 
  22      40006628 
  22      C102A201 
  22      027C001F 
  23              		.text
  24              		.section	.gnu.lto_.inline.f2b8895043f090dc,"",%progbits
  25 0000 789C6365 		.ascii	"x\234ce`bpe@\000f\006\006^\021F\006&\201\015\271\014"
  25      60627065 
  25      40006606 
  25      065E1146 
  25      0626810D 
  26 0016 6C0BE499 		.ascii	"l\013\344\231@bL\334`\011v6\2408\307\001;\2708\013\003"
  26      40624CDC 
  26      60097636 
  26      A038C701 
  26      3BB8380B 
  27 002b 17375088 		.ascii	"\0277P\210gN$\\\210\221\013D\002\000\364h\006D"
  27      674E245C 
  27      88910B44 
  27      0200F468 
  27      0644
  28              		.text
  29              		.section	.gnu.lto_.pureconst.f2b8895043f090dc,"",%progbits
  30 0000 789C6365 		.ascii	"x\234ce`b\340b```f\330\305\310\274\213\221e\027#\000"
ARM GAS  /tmp/cchFeJ43.s 			page 2


  30      6062E062 
  30      60606066 
  30      D8C5C8BC 
  30      8B916517 
  31 0016 0C46024D 		.ascii	"\014F\002M"
  32              		.text
  33              		.section	.gnu.lto__port_irq_epilogue.part.0.f2b8895043f090dc,"",%progbits
  34 0000 789C9D54 		.ascii	"x\234\235T\337k\034U\024>g\356\235\331\315f\223@\360"
  34      DF6B1C55 
  34      143E67EE 
  34      9DD9CD66 
  34      9340F0
  35 0013 41A10F9B 		.ascii	"A\241\017\233\207P\0125S\360AP|\220\200PaQ\262\177@"
  35      87500A35 
  35      53F04150 
  35      7C908050 
  35      6151B27F 
  36 0028 91696AC5 		.ascii	"\221ij\305&\273\354n5o\231fw\223\260\321\264\250\331"
  36      26BBEC6E 
  36      356F9966 
  36      7793B0D1 
  36      B4A8D9
  37 003b 746B9689 		.ascii	"tk\226\211\325\032\253\306\264\251U\223\332f\233_m\021"
  37      D51AABC6 
  37      B4A95593 
  37      DA669B5F 
  37      6D11
  38 004d 0D351AC1 		.ascii	"\0155\032\301\366\241&\333\242\246\025\032B\221B\262"
  38      F6A126DB 
  38      A2A6151A 
  38      429142B2 
  39 005d 9E736762 		.ascii	"\236sgb\252F\020\207\335\231\271\347\236\357|\347~\337"
  39      AA461087 
  39      DD99B9E7 
  39      9EEF7CE7 
  39      7EDF
  40 006f BDA38306 		.ascii	"\275\243\203\006U:\300\373\000\360\014\375\321\007h"
  40      553AC0FB 
  40      00F00CFD 
  40      D10768
  41 007e 1CF9865E 		.ascii	"\034\371\206^\014\324\324S\323D\367v\260\003\222\357"
  41      0CD4D453 
  41      D344F776 
  41      B00392EF 
  42 008e 41813A47 		.ascii	"A\201:G\017\371\345\306\213\216\310/\266\037\241\335"
  42      0FF9E5C6 
  42      8B8EC82F 
  42      B61FA1DD 
  43 009e D084D4B1 		.ascii	"\320\204\324\261\035\017\213~\201\223]\267\306\264\035"
  43      1D0F8B7E 
  43      81935DB7 
  43      C6B41D
  44 00ad 43365DC5 		.ascii	"C6]\305\376U_\247\235y\330\021\000y\372\363\205C\270"
  44      FE555FA7 
  44      9D79D811 
  44      0079FAF3 
  44      8543B8
ARM GAS  /tmp/cchFeJ43.s 			page 3


  45 00c0 03286DF1 		.ascii	"\003(m\361\364z_\225!\3358~@\274\000\014\277\232>5 "
  45      F47A5F95 
  45      21DD387E 
  45      40BC000C 
  45      BF9A3E35 
  46 00d5 7A852310 		.ascii	"z\205#\020%\015\357~}l\251\232\207\032\206hx\253g\346"
  46      250DEF7E 
  46      7D6CA99A 
  46      871A8668 
  46      78AB67E6 
  47 00e9 824FEC42 		.ascii	"\202O\354B\256P<qv\001\353\337\265\355\016\273X\236"
  47      AE503C71 
  47      7601EBDF 
  47      B5ED0EBB 
  47      589E
  48 00fb 7D72FE44 		.ascii	"}r\376D\247}\344\242\337\021\002?BAe\361C\334\206'q"
  48      A77DE4A2 
  48      DF11023F 
  48      424165F1 
  48      43DC8627 
  49 0110 9B4BFB31 		.ascii	"\233K\3731\326\023\346\265\327\327Vk\030\363\206j.\227"
  49      D613E6B5 
  49      D7D7566B 
  49      18F3866A 
  49      2E97
  50 0122 CA5CB625 		.ascii	"\312\\\266%A\340\037\371\303*?{\245t\274F\304\025\337"
  50      41E01FF9 
  50      C32A3F7B 
  50      A574BC46 
  50      C415DF
  51 0135 6FEBD7B3 		.ascii	"o\353\327\263A\217\357\236S\373f\312VX\211\237lA7\202"
  51      418FEF9E 
  51      53FB66CA 
  51      5658899F 
  51      6C413782 
  52 0149 F523DFA2 		.ascii	"\365#\337\242m\257\227\273l\373\307\307j\203\250Z\320"
  52      6DAF97BB 
  52      6CFBC7C7 
  52      6A83A85A 
  52      D0
  53 015a D48C5077 		.ascii	"\324\214Pw\011\216\320u\272\031\000YR\201\345\314\322"
  53      098ED075 
  53      BA190059 
  53      5281E5CC 
  53      D2
  54 016b 809EA247 		.ascii	"\200\236\242Gh\352\371+\036Z\234H\225\203\233\2021R"
  54      68EAF92B 
  54      1E5A9C48 
  54      95839B82 
  54      3152
  55 017d E9059B2A 		.ascii	"\351\005\233*\246]\261\007\002\317\002\236B#/\360\001"
  55      A65DB107 
  55      02CF029E 
  55      42232FF0 
  55      01
  56 018e 859916F0 		.ascii	"\205\231\026\3604\003p\224\356\244\363\2534\233\353"
  56      34037094 
ARM GAS  /tmp/cchFeJ43.s 			page 4


  56      EEA4F3AB 
  56      349BEB
  57 019d CD39B22E 		.ascii	"\3159\262.\215\216}4\344\010\037\003\326\0263K\025R"
  57      8D8E7D34 
  57      E4081F03 
  57      D616334B 
  57      1552
  58 01af A3BC3358 		.ascii	"\243\2743X\247\312\317.\236\0317(\202\237\242,PU\300"
  58      A7CACF2E 
  58      9E193728 
  58      829FA22C 
  58      5055C0
  59 01c2 B328E126 		.ascii	"\263(\341&v\334\340\246\270\034W\347\031\216\365\364"
  59      76DCE0A6 
  59      B81C57E7 
  59      198EF5F4 
  60 01d2 CED432BF 		.ascii	"\316\3242\277b\204_\260c\245\353\244\340@Ah^NH\315\217"
  60      62845FB0 
  60      63A5EBA4 
  60      E0404168 
  60      5E4E48CD 
  61 01e7 3046A38C 		.ascii	"0F\243\214\324@\347\360\374^7EP\210(\347\177\232\316"
  61      D440E7F0 
  61      FC5E3745 
  61      508828E7 
  61      7F9ACE
  62 01fa E9AEFF37 		.ascii	"\351\256\3777\312\345r\015~F\222\376\025)\270\366\352"
  62      CAE5720D 
  62      7E4692FE 
  62      1529B8F6 
  62      EA
  63 020b CF854C80 		.ascii	"\317\205L\200c\204)\015\255\364U0F\272\030\012}7w\365"
  63      6384290D 
  63      ADF45530 
  63      46BA180A 
  63      7D3777F5 
  64 021f AB4A070B 		.ascii	"\253J\007\013\350\010?\025\306\317\331\030\212\337~"
  64      E8083F15 
  64      C6CFD918 
  64      8ADF7E
  65 022e 67F46DC3 		.ascii	"g\364m\303\034f\301\006\3679\242\002\277@\007\217\252"
  65      1C66C106 
  65      F739A202 
  65      BF40078F 
  65      AA
  66 023f BD896368 		.ascii	"\275\211ch\362\006\274y\177N\025\013\220}\264\275\307"
  66      F206BC79 
  66      7F4E150B 
  66      907DB4BD 
  66      C7
  67 0250 09A9D672 		.ascii	"\011\251\326r\376\373\207\334N%\267\260\321\022!.-\227"
  67      FEFB87DC 
  67      4E25B7B0 
  67      D112212E 
  67      2D97
  68 0262 0A7ED18D 		.ascii	"\012~\321\215J\365\345\322\335\251Jo\227,8\301\274]"
  68      4AF5E5D2 
ARM GAS  /tmp/cchFeJ43.s 			page 5


  68      DDA94A6F 
  68      972C38C1 
  68      BC5D
  69 0274 4C87784F 		.ascii	"L\207xO\236\333b\223|\311\253\221\240L\236\352\253\372"
  69      9EDB6293 
  69      7CC9AB91 
  69      A04C9EEA 
  69      ABFA
  70 0286 BB9F0B01 		.ascii	"\273\237\013\001\235S<O\265\007O\015\236W~^P\307\006"
  70      9D533C4F 
  70      B5074F0D 
  70      9E577E5E 
  70      50C706
  71 0299 FA91A68E 		.ascii	"\372\221\246\216;\243\277\007\352\336\363\014\255\344"
  71      3BA3BF07 
  71      EADEF30C 
  71      ADE4
  72 02a7 ECE1A573 		.ascii	"\354\341\245s\266_\031:\341\031z\375\330\370[\0016\264"
  72      B65F193A 
  72      E1197AFD 
  72      D8F85B01 
  72      36B4
  73 02b9 C8864A9A 		.ascii	"\310\206J\232\271\350\032\352\312\313l\260\214\251\301"
  73      B9E81AEA 
  73      CACB6CB0 
  73      8CA9C1
  74 02c8 89BE47DC 		.ascii	"\211\276G\334\265\352\004\032\033\273}\315\327\276f"
  74      B5EA041A 
  74      1BBB7DCD 
  74      D7BE66
  75 02d7 D3D90AE6 		.ascii	"\323\331\012\346i\351\200\223\330N\373\266\012J\230"
  75      69E98093 
  75      D84EFBB6 
  75      0A4A98
  76 02e6 BE36358D 		.ascii	"\27665\215\233\251\271\314\344\234\217\305\243\276p"
  76      9BA9B9CC 
  76      E49C8FC5 
  76      A3BE70
  77 02f5 CA5B670F 		.ascii	"\312[g\017a\272\267\013\022\361~W\341\207A\364d\373"
  77      61BAB70B 
  77      12F17E57 
  77      E18741F4 
  77      64FB
  78 0307 2F16B5B2 		.ascii	"/\026\265\262E\323\312\"^(\316(\2136\032\352\246\214"
  78      45D3CA22 
  78      5E28CE28 
  78      8B361AEA 
  78      A68C
  79 0319 158257E7 		.ascii	"\025\202W\347\325Rf\251+f\223\177\262\335\371\037l\227"
  79      D55266A9 
  79      2B66937F 
  79      B2DDF91F 
  79      6C97
  80 032b 36D92EFF 		.ascii	"6\331.\377\033\033}9\361\212\307\246\253\203z\0075\367"
  80      1B1B7D39 
  80      F18AC7A6 
  80      AB837A07 
ARM GAS  /tmp/cchFeJ43.s 			page 6


  80      35F7
  81 033d FB962528 		.ascii	"\373\226%(\005h\364hC\203\351\376\242\011\323\212\266"
  81      0568F468 
  81      4383E9FE 
  81      A209D38A 
  81      B6
  82 034e B4445BCD 		.ascii	"\264D[\315X4\236L\230O7\205\033\303m\246\265\337\212"
  82      58349E4C 
  82      984F3785 
  82      1BC36DA6 
  82      B5DF8A
  83 0361 C69BF7BC 		.ascii	"\306\233\367\274\362xK\203\005F\2749q\360@\362\211-"
  83      F2784B83 
  83      0546BC39 
  83      71F040F2 
  83      892D
  84 0373 40CD6D49 		.ascii	"@\315mI\206\230\215\341\310\356\210\331H\030sw\253u"
  84      86988DE1 
  84      C8EE88D9 
  84      48187377 
  84      AB75
  85 0385 E0E0DE66 		.ascii	"\340\340\336f\323jI\274\224\330\363\242e5\354\007i%"
  85      D36A49BC 
  85      94D8F3A2 
  85      6535EC07 
  85      6925
  86 0397 DB62C170 		.ascii	"\333b\301pS$T\277kg(\226\210\201x*\016\325\311h\354"
  86      532454BF 
  86      6B672896 
  86      8881782A 
  86      0ED5C968 
  87 03ac B97DCFC7 		.ascii	"\271}\317\307\243V$\371\202\365r0\034i\342\271\235\224"
  87      A35624F9 
  87      82F57230 
  87      1C69E2B9 
  87      9D94
  88 03be 045A1CFE 		.ascii	"\004Z\034\376\000\006B\320\271"
  88      000642D0 
  88      B9
  89              		.text
  90              		.section	.gnu.lto_SVC_Handler.f2b8895043f090dc,"",%progbits
  91 0000 789C9593 		.ascii	"x\234\225\223\373o\014Q\024\307\317\231;;\273\332\365"
  91      FB6F0C51 
  91      14C7CF99 
  91      3B3BBBDA 
  91      F5
  92 0011 88DF4423 		.ascii	"\210\337D#\333H\023\022:~\021B\374 \375\205\0376\244"
  92      DB481312 
  92      3A7E1142 
  92      FC20FD85 
  92      1F36A4
  93 0024 FB070863 		.ascii	"\373\007\010ci\303\332\315\354\226\372\311\330m\225"
  93      69C3DACD 
  93      EC96FAC9 
  93      D86D95
  94 0033 5610F419 		.ascii	"V\020\364\031\233\0214]\252\364\341YlW\253\255G\020"
  94      9B11345D 
ARM GAS  /tmp/cchFeJ43.s 			page 7


  94      AAF4E159 
  94      6C57ABAD 
  94      4710
  95 0045 CF9F10B6 		.ascii	"\317\237\020\266-Q\321\3043\022\264\356\2713\244\332"
  95      2D51D1C4 
  95      3312B4EE 
  95      B933A4DA 
  96 0055 2662B233 		.ascii	"&b\2623\263\367\236\357\371\236{>w\256\003$\330 \003"
  96      B3F79EEF 
  96      F99E7B3E 
  96      77AE0324 
  96      D82003
  97 0068 7C018099 		.ascii	"|\001\200\231\374F\006(\035\270\007\260\323%!\322\037"
  97      FC460628 
  97      1DB807B0 
  97      D32521D2 
  97      1F
  98 0079 C385B043 		.ascii	"\303\205\260C\302\035\270\237U3\354,{}Y\232\333`\360"
  98      C21DB89F 
  98      5533EC2C 
  98      7B7D599A 
  98      DB60F0
  99 008c 2B55FD63 		.ascii	"+U\375c\206\221H\241\311\000j\371M\0276\340\\\340\262"
  99      869148A1 
  99      C9006AF9 
  99      4D1736E0 
  99      5CE0B2
 100 009f 0725CD47 		.ascii	"\007%\315G\330>f2D\231\017?\334\255\353\233BC\011=|"
 100      D83E6632 
 100      44990F3F 
 100      DCADEB9B 
 100      4243093D 
 101 00b4 587EABFF 		.ascii	"X~\253\377\330T\266\000I94\374\254\334\235s\3340\242"
 101      D854B600 
 101      493934FC 
 101      ACDC9D73 
 101      DC30A2
 102 00c7 46AAA766 		.ascii	"F\252\247f\326\301\230q\323\220M\306\360\0242\356\212"
 102      D6C19871 
 102      D3904DC6 
 102      F01432EE 
 102      8A
 103 00d8 27310B13 		.ascii	"'1\013\023\230%\334\271<\3352\\9Y\221\261\021s\254\242"
 103      9825DCB9 
 103      3CDD325C 
 103      395991B1 
 103      1173ACA2 
 104 00ec 781A1504 		.ascii	"x\032\025\004\220h\206\307_Wt'\235l\241\260N\325\237"
 104      906886C7 
 104      5F577427 
 104      9D6CA1B0 
 104      4ED59F
 105 00ff 7F8AB6F5 		.ascii	"\177\212\266\365\233\336\245\217\352w\031\007\256\273"
 105      9BDEA58F 
 105      EA771907 
 105      AEBB
 106 010d 4C2663D3 		.ascii	"L&c\323xo<\2039g\037b\312\030\036)\343\255e\225\365"
ARM GAS  /tmp/cchFeJ43.s 			page 8


 106      786F3C83 
 106      39671F62 
 106      CA181E29 
 106      E3AD6595 
 107 0122 BEA8939C 		.ascii	"\276\250\223\234\022\220/\023O\031L\346p\010!@9\257"
 107      12902F13 
 107      4F194CE6 
 107      70082140 
 107      39AF
 108 0134 4D742A98 		.ascii	"Mt*\230Do6\210;\323\237b#\356?K,\261\0205++\304\022"
 108      446F3688 
 108      3BD39F62 
 108      23EE3F4B 
 108      2CB11035 
 109 014c 6B198E5E 		.ascii	"k\031\216^>y\340YTx\335f\376\344\015l\343\321\252}U"
 109      3E79E059 
 109      5478DD66 
 109      FEE40D6C 
 109      E3D1AA7D 
 110 0161 A69C5D82 		.ascii	"\246\234]\202\246Q\3431\231B\011?\323\245}\223d\211"
 110      A651E331 
 110      9942093F 
 110      D3A57D93 
 110      6489
 111 0173 EB5A305B 		.ascii	"\353Z0[\020\350I\267\265+|\006[Q\2163\007\217\264\241"
 111      10E849B7 
 111      B52B7C06 
 111      5B518E33 
 111      078FB4A1 
 112 0187 0C03187D 		.ascii	"\014\003\030}I\365\311\216\334)Bs\0255\261\351\002\221"
 112      49F5C98E 
 112      DC294273 
 112      1535B1E9 
 112      0291
 113 0199 58F55B8C 		.ascii	"X\365[\214~,\333\303h\"\316$[\343\021\361F\312\221\270"
 113      7E2CDBC3 
 113      6822CE24 
 113      5BE311F1 
 113      46CA91B8 
 114 01ad 227664D7 		.ascii	"\"vd\327\335\266,K\302\370\324\350\355C\364\3409\016"
 114      DDB62C4B 
 114      C2F8D4E8 
 114      ED43F4E0 
 114      390E
 115 01bf ECEF2C66 		.ascii	"\354\357,f\371\376ls[Y2M\375\226\360\364\336w\375q\027"
 115      F9FE6C73 
 115      5B59324D 
 115      FD96F0F4 
 115      DE77FD71 
 116 01d4 DB8D82C0 		.ascii	"\333\215\202\300\273\376\017]\231\366\246|\335Xk\244"
 116      BBFE0F5D 
 116      99F6A67C 
 116      DD586BA4 
 117 01e4 4A3CB423 		.ascii	"J<\264#\347'\330\221\013d.\203@\333U9y\014\332CI\205"
 117      E727D891 
 117      0B642E83 
 117      40DB5539 
ARM GAS  /tmp/cchFeJ43.s 			page 9


 117      790CDA43 
 118 01fa 14365D69 		.ascii	"\0246]i\024]\300\213\202\354%\361e@5\362\3201\263\365"
 118      145DC08B 
 118      82EC25F1 
 118      654035F2 
 118      D031B3F5 
 119 020e 5B46F609 		.ascii	"[F\366\011\033\255\223\324M}W\014\227@{\331F\373\254"
 119      1BAD93D4 
 119      4D7D570C 
 119      97407BD9 
 119      46FBAC
 120 0221 AEFD7006 		.ascii	"\256\375p\006\241m'\264\374T\340\025\013\255\325,U\343"
 120      A16D27B4 
 120      FC54E015 
 120      0BADD52C 
 120      55E3
 121 0233 2351AAFE 		.ascii	"#Q\252\376\366\303\216L\326`\365\364\271\246%1\311\356"
 121      F6C38E4C 
 121      D660F5F4 
 121      B9A62531 
 121      C9EE
 122 0245 69A4694E 		.ascii	"i\244iN<vg\257q4:\215\372\272:A_\327\304\227ZU\332y"
 122      3C7667AF 
 122      71343A8D 
 122      FABA3A41 
 122      5FD7C497 
 123 025d DF495065 		.ascii	"\337IPe\004L\362\330 F\323\237\216\177\037\327\347c"
 123      044CF2D8 
 123      2046D39F 
 123      8E7F1FD7 
 123      E763
 124 026f C5EE91C1 		.ascii	"\305\356\221\301\230\320\367\246\305\011n\336AAylp0"
 124      98D0F7A6 
 124      C5096EDE 
 124      4141796C 
 124      7030
 125 0281 CEA81260 		.ascii	"\316\250\022`\212\302\216\277\370\\\027|:\211\017\302"
 125      8AC28EBF 
 125      F85C177C 
 125      3A890FC2 
 126 0291 F37FF2E9 		.ascii	"\363\177\362\351\262\371\014\233\257\222\231\304\347"
 126      B2F90C9B 
 126      AF9299C4 
 126      E7
 127 029e 06CA62C9 		.ascii	"\006\312b\311\200\335\342|'\222]\003\356\354!;\333E"
 127      80DDE27C 
 127      27925D03 
 127      EEEC213B 
 127      DB45
 128 02b0 DA8F675A 		.ascii	"\332\217gZ\237d\212\354\036\312\306^\233\244h\037\340"
 128      9F648AEC 
 128      1ECAC65E 
 128      9BA4681F 
 128      E0
 129 02c1 3D7D9B8D 		.ascii	"=}\233\215\263\2511\001\245\234\237\017~\216\270~~n"
 129      B3A93101 
 129      A59C9F0F 
ARM GAS  /tmp/cchFeJ43.s 			page 10


 129      7E8EB87E 
 129      7E6E
 130 02d3 AE6AFD82 		.ascii	"\256j\375\202aU\013\006\002\301-j(\250G\302\352\362"
 130      61550B06 
 130      02C12D6A 
 130      28A847C2 
 130      EAF2
 131 02e5 7C6F9EB7 		.ascii	"|o\236\267X\325\012\264\240\356_\263uQ W\003Y\213\024"
 131      58D50AB4 
 131      A0EE5FB3 
 131      75512057 
 131      03598B14 
 132 02f9 8714DD1F 		.ascii	"\207\024\335\037.\332\034Y2A\246\2778Byj\236\327\267"
 132      2EDA1C59 
 132      3241A6BF 
 132      3842796A 
 132      9ED7B7
 133 030c D2A7E6F1 		.ascii	"\322\247\346\361Du\345\026ms\321z\277\252\005\302\205"
 133      4475E516 
 133      6D73D17A 
 133      BFAA05C2 
 133      85
 134 031d E1351B35 		.ascii	"\3415\0335-\267\000\334\336|\237'g\301<O(\034\002\266"
 134      2DB700DC 
 134      DE7C9F27 
 134      67C13C4F 
 134      281C02B6 
 135 0331 4C872991 		.ascii	"L\207)\221`h\325\206\325zP\363E\326j\233\334^_>\305"
 135      6068D586 
 135      D57A50F3 
 135      45D66A9B 
 135      DC5E5F3E 
 136 0346 E6711148 		.ascii	"\346q\021H:8\327\255\015\373W\353\205\377\263\330\002"
 136      3A38D7AD 
 136      0DFB57EB 
 136      85FFB3D8 
 136      02
 137 0357 98462E94 		.ascii	"\230F.\224\031\322\013\205\2233\340\017\004\365\355"
 137      19D20B85 
 137      9333E00F 
 137      04F5ED
 138 0366 F00B0011 		.ascii	"\360\013\000\021\251`"
 138      A960
 139              		.text
 140              		.section	.gnu.lto__port_irq_epilogue.f2b8895043f090dc,"",%progbits
 141 0000 789C9553 		.ascii	"x\234\225S[KTQ\024^\353\354sfFG\305'\251\360a$|0\312"
 141      5B4B5451 
 141      145EEBEC 
 141      73664647 
 141      C527A9F0 
 142 0019 E3432404 		.ascii	"\343C$\004\005\341\223\304@\350\017\220\232\206\024"
 142      05E193C4 
 142      40E80F90 
 142      9A8614
 143 0028 1A47662C 		.ascii	"\032Gf,\354\311=^\241\240\2422/%\207\224\360R^\323j"
 143      ECC93D5E 
 143      A1A0A232 
ARM GAS  /tmp/cchFeJ43.s 			page 11


 143      2F258794 
 143      F0525ED3 
 144 003d 74D4490B 		.ascii	"t\324I\013#\272\220\030H>\224\267\3022\250\350\241\300"
 144      23BA9018 
 144      483E94B7 
 144      C232A8E8 
 144      A1C0
 145 004f B4B5CE8C 		.ascii	"\264\265\316\214b\032E\233sf\237\275\326\267\366\267"
 145      621A459B 
 145      73669FBD 
 145      D6B7F6B7 
 146 005f 2EDF68A0 		.ascii	".\337h\240\300[\001\020\002\200\003\364\242\005P\271"
 146      C05B0110 
 146      028003F4 
 146      A20550B9 
 147 006f F81C2060 		.ascii	"\370\034 `S\0241\231\0042V\015e\202\214\023\250\261"
 147      53143199 
 147      0432560D 
 147      65828C13 
 147      A8B1
 148 0081 19D5C81E 		.ascii	"\031\325\310\036\260i\210\374!m\010\245\212P5,\305\013"
 148      B06988FC 
 148      216D08A5 
 148      8A50352C 
 148      C50B
 149 0093 A256E068 		.ascii	"\242V\340h\365\273\240\222\326\"i\205k\277Y\253d\345"
 149      F5BBA092 
 149      D6226985 
 149      6BBF59AB 
 149      64E5
 150 00a5 368308EA 		.ascii	"6\203\010\352\351\345\205-\230\006\004\233\355Y\251"
 150      E9E5852D 
 150      9806049B 
 150      ED59A9
 151 00b4 89B7A811 		.ascii	"\211\267\250\021;\266\242\005i\357\232\300\260\\Y\255"
 151      3BB6A205 
 151      69EF9AC0 
 151      B05C59AD 
 152 00c4 96E1E566 		.ascii	"\226\341\345fl<l\023`\010T\371\007\340,\001\231\360"
 152      6C3C6C13 
 152      600854F9 
 152      07E02C01 
 152      99F0
 153 00d6 9C507817 		.ascii	"\234Px\027\013\250\360=/+\272\257\213\363\302\020\012"
 153      0BA8F03D 
 153      2F2BBAAF 
 153      8BF3C210 
 153      0A
 154 00e7 AA74FCF2 		.ascii	"\252t\374\362\254a.\201\217\002\035t\274\371db\304."
 154      AC612E81 
 154      8F021D74 
 154      BCF96462 
 154      C42E
 155 00f9 329091DF 		.ascii	"2\220\221\337\352zZcR\233\245,\223\341\361\361]\365"
 155      EA7A5A63 
 155      529BA52C 
 155      93E1F1F1 
ARM GAS  /tmp/cchFeJ43.s 			page 12


 155      5DF5
 156 010b 53F3525E 		.ascii	"S\363R^\222h\010\025o\241\240<\260\035\223\261\015\223"
 156      92680815 
 156      6FA1A03C 
 156      B01D93B1 
 156      0D93
 157 011d 2379DEC6 		.ascii	"#y\336\306T\012\252^\224C*\337\247\242\003;\310\367"
 157      540AAA5E 
 157      94432ADF 
 157      A7A2033B 
 157      C8F7
 158 012f 01CB6607 		.ascii	"\001\313f\007\317\367\275\301\365\032*\314R/\177\267"
 158      CFF7BDC1 
 158      F51A2ACC 
 158      522F7FB7 
 159 013f 9A65D40B 		.ascii	"\232e\324\013\204M\256\261\367\007\267\003v\262O\331"
 159      844DAEB1 
 159      F707B703 
 159      76B24FD9 
 160 014f EC9BB826 		.ascii	"\354\233\270&\230\011\260\213\335bcg\260\233\206\001"
 160      9809B08B 
 160      DD626367 
 160      B09B8601 
 161 015f D8C3AD41 		.ascii	"\330\303\255A\270\301\204MF\357\367\330\224^4d\235\303"
 161      B8C1844D 
 161      46EFF7D8 
 161      945E3464 
 161      9DC3
 162 0171 101AA33B 		.ascii	"\020\032\243;\346\006\245MU\010\330\213)\300\226\317"
 162      E606A54D 
 162      5508D88B 
 162      29C096CF 
 163 0181 4B93D30A 		.ascii	"K\223\323\012Y\360\016\015\213S\006\3543{\323:<\266"
 163      59F00E0D 
 163      8B5306EC 
 163      337BD33A 
 163      3CB6
 164 0193 1097D21F 		.ascii	"\020\227\322\037\215\2660\366kg\357+\273\031\335\317"
 164      8DB630F6 
 164      6B67EF2B 
 164      BB19DDCF 
 165 01a3 D17897BA 		.ascii	"\321x\227\272\275\200e\016\263|\200E\034\035\370\321"
 165      BD80650E 
 165      B37C8045 
 165      1C1DF8D1 
 166 01b3 B43A855C 		.ascii	"\264:\205\\Y\243\340\361^\255\034}a\345\206X\315:\003"
 166      59A3E0F1 
 166      5EAD1C7D 
 166      61E58658 
 166      CD3A03
 167 01c6 C1D0152D 		.ascii	"\301\320\025-r\224\257\313e\002O\244\256l\306f`c\200"
 167      7294AFCB 
 167      65024FA4 
 167      AE6CC666 
 167      606380
 168 01d9 EA231E1B 		.ascii	"\352#\036\033\336\247\266\336\343<\310\271T\363\270"
 168      DEA7B6DE 
ARM GAS  /tmp/cchFeJ43.s 			page 13


 168      E33CC8B9 
 168      54F3B8
 169 01e8 3D56EF90 		.ascii	"=V\357\220\025\001\366\305`\020\015\2543\245\201\003"
 169      1501F6C5 
 169      60100DAC 
 169      33A58103 
 170 01f8 A81361F9 		.ascii	"\250\023a\371rU\233\026\241S#\214\237\236.4\231#@\224"
 170      72559B16 
 170      A153238C 
 170      9F9E2E34 
 170      99234094 
 171 020c 89384817 		.ascii	"\2118H\027\315c\305\364\330\336(\210\020]K\301\037\361"
 171      CD63C5F4 
 171      D8DE2888 
 171      105D4BC1 
 171      1FF1
 172 021e 11046028 		.ascii	"\021\004`(:\300s\324\315\311$\361\021\005\003\231;\030"
 172      3AC073D4 
 172      CDC924F1 
 172      11050399 
 172      3B18
 173 0230 5C9AB696 		.ascii	"\\\232\266\226\376\2246C\304\326\013\225(\207\260\224"
 173      FE943643 
 173      C4D60B95 
 173      2887B094 
 174 0240 C46537D1 		.ascii	"\304e7\321*\2042\327D\365\273T\366\375K*\303\246T\326"
 174      2A8432D7 
 174      44F5BB54 
 174      F6FD4B2A 
 174      C3A654D6 
 175 0254 3BA35216 		.ascii	";\243R\026#\177\223J\203=*\025m\213T\306w\356\000\014"
 175      237F934A 
 175      833D2A15 
 175      6D8B54C6 
 175      77EE000C 
 176 0268 B3CFB2D9 		.ascii	"\263\317\262\331\367\241Q0\023\340\203\255R\0315\245"
 176      F7A15130 
 176      13E083AD 
 176      521935A5 
 177 0278 32B6412A 		.ascii	"2\266A*+\306\314\260}M\005#\246\012\036\232*\330<\362"
 177      2BC6CCB0 
 177      7D4D0523 
 177      A60A1E9A 
 177      2AD83CF2 
 178 028c 47EB23E7 		.ascii	"G\353#\347\313\315Vh\346\037\354\023\365\302\\gI\322"
 178      CBCD5668 
 178      E61FEC13 
 178      F5C25C67 
 178      49D2
 179 029e 64A0D39E 		.ascii	"d\240\323\236\364t=\362x\375\272\313\353\361x\013\365"
 179      F4743DF2 
 179      78FDBACB 
 179      EBF1780B 
 179      F5
 180 02af 22AFAFD8 		.ascii	"\"\257\257\330\257\037\312qf9KtW\276\313\353s\347\235"
 180      AF1FCA71 
 180      66394B74 
ARM GAS  /tmp/cchFeJ43.s 			page 14


 180      57BECBEB 
 180      73E79D
 181 02c2 CEF4A4BB 		.ascii	"\316\364\244\273\300z\354\250\337}\304W\360?Q\371\260"
 181      C07AECA8 
 181      DF7DC457 
 181      F03F51F9 
 181      B0
 182 02d3 FF0F6877 		.ascii	"\377\017hwI1c\365,gnv\256\236E`=\273\320u\362\324q\267"
 182      493163F5 
 182      2C676E76 
 182      AE9E4560 
 182      3DBBD075 
 183 02eb EEF2F80B 		.ascii	"\356\362\370\013\374y'\\.\012Mt\346\3468\230\264\310"
 183      FC79275C 
 183      2E0A4D74 
 183      E6E63898 
 183      B4C8
 184 02fd 57B0DB91 		.ascii	"W\260\333\221\232\001\212\017\254\036\267\307\353;\003"
 184      9A018A0F 
 184      AC1EB7C7 
 184      EB3B03
 185 030c BF004125 		.ascii	"\277\000A%w5"
 185      7735
 186              		.text
 187              		.section	.gnu.lto_.symbol_nodes.f2b8895043f090dc,"",%progbits
 188 0000 789C6365 		.ascii	"x\234ce`b\250a\000\002\246\205L\365\014\014\023\316"
 188      6062A861 
 188      0002A685 
 188      4CF50C0C 
 188      13CE
 189 0012 3130D433 		.ascii	"10\32430\356l9\330\340\300\300\3008\233\251\236\021"
 189      30EE6C39 
 189      D8E0C0C0 
 189      C0389BA9 
 189      9E11
 190 0024 2CC6C0D0 		.ascii	",\306\300\320\260\000$0\207\251\236\011Y\200i\006S="
 190      B0002430 
 190      87A99E09 
 190      59806906 
 190      533D
 191 0036 335417C3 		.ascii	"3T\027\303\256\006G\240\310L\246z\026\024\021\306YL"
 191      AE0647A0 
 191      C84CA67A 
 191      161411C6 
 191      594C
 192 0048 F5AC304D 		.ascii	"\365\2540M c\231\031X\031\226\264\277\221gfa`x\264R"
 192      20639919 
 192      581996B4 
 192      BF916766 
 192      616078B4 
 193 005d 8D0100BB 		.ascii	"\215\001\000\273\252\036\241"
 193      AA1EA1
 194              		.text
 195              		.section	.gnu.lto_.refs.f2b8895043f090dc,"",%progbits
 196 0000 789C6365 		.ascii	"x\234ce`b\340d`\000\222L\214\374LL\002\014\000\001\230"
 196      6062E064 
 196      6000924C 
ARM GAS  /tmp/cchFeJ43.s 			page 15


 196      8CFC4C4C 
 196      020C0001 
 197 0015 0039     		.ascii	"\0009"
 198              		.text
 199              		.section	.gnu.lto_.decls.f2b8895043f090dc,"",%progbits
 200 0000 789CBD58 		.ascii	"x\234\275XYPTW\032\356sO\263t\323,\205\314\214\231\242"
 200      59505457 
 200      1AEE734F 
 200      B374D32C 
 200      85CC8C99 
 201 0015 2A96458D 		.ascii	"*\226E\215\344!\202Ij&3\225\231\022Q#\017N\254&Zy\231"
 201      E4218249 
 201      6A263395 
 201      99125123 
 201      0F4EAC26 
 202 002c E9214D47 		.ascii	"\351!MG\250\260\230\356v\242\017Ss\021T\342\212\210"
 202      A8B098EE 
 202      76A20F53 
 202      731154E2 
 202      8A88
 203 003e 0AC605C5 		.ascii	"\012\306\005\305\005d\021Y\335@D6Q\0261\210 \320H\000"
 203      05641159 
 203      DD404436 
 203      51163188 
 203      20D04800 
 204 0052 37546C54 		.ascii	"7TlT@A\346?\347\334\356{\373\332dy\231[\374\335\375"
 204      4041E63F 
 204      E7DCEE7B 
 204      FBDA6479 
 204      995BFCDD 
 205 0067 9FFB9DEF 		.ascii	"\237\373\235\357_\317\271\367\340\242\340\024\272\331"
 205      5FCFB9F7 
 205      E0A2E014 
 205      BAD9
 206 0075 0AC55FB1 		.ascii	"\012\305_\261B\221\204\024\212i\270\224\012\205\"_!"
 206      42918414 
 206      8A69B894 
 206      0A85225F 
 206      21
 207 0086 5EAE2005 		.ascii	"^\256 \005 g@\212AJA\312A.)\336\276\376\001\034\336"
 207      2067408A 
 207      414A41CA 
 207      412E29DE 
 207      BEFE011C 
 208 009b F0BD0AC4 		.ascii	"\360\275\012\304\027\304\017\244\001d\020d\036\310E"
 208      17C40FA4 
 208      01641064 
 208      1EC845
 209 00aa 902720FD 		.ascii	"\220' \375 M +AF@\236\201T\202XA8\220; }\022\333c \223"
 209      204D202B 
 209      4146409E 
 209      81548258 
 209      4138903B 
 210 00c5 824D9B1F 		.ascii	"\202M\233\037\362\353k\260\255\222\331\036\024\354\317"
 210      F2EB6BB0 
 210      AD92D91E 
 210      14ECCF
ARM GAS  /tmp/cchFeJ43.s 			page 16


 211 00d4 13EC125B 		.ascii	"\023\354\022[\010\211q\225J\2701\214\273\200\270\243"
 211      08897195 
 211      4AB8318C 
 211      BB80B8A3 
 212 00e4 B7B9E361 		.ascii	"\267\271\343aL#p\317\223\305f\343\374\027\310?A\002"
 212      4C2370CF 
 212      93C566E3 
 212      FC17C83F 
 212      4102
 213 00f6 402210CB 		.ascii	"@\"\020\313!\241\372\024>\334\204\234\351\341\267A\260"
 213      21A1FA14 
 213      3EDC849C 
 213      E9E1B741 
 213      B0
 214 0107 5120B129 		.ascii	"Q \261)\277\366aT\266\275\246\202\353E\335\010\362\201"
 214      BFF66154 
 214      B6BDA682 
 214      EB45DD08 
 214      F281
 215 0119 7CE828F3 		.ascii	"|\350(\363\034\301\027\021\252N\333.\204\3508\214r\364"
 215      1CC11711 
 215      AA4EDB2E 
 215      84E8388C 
 215      72F4
 216 012b 9301E910 		.ascii	"\223\001\351\020\262\315\020tNP9\201\222\376\011\223"
 216      B2CD1074 
 216      4E503981 
 216      92FE0993 
 217 013b 918491DD 		.ascii	"\221\204\221\335f\226l\027\213\011\0119\244\354l6\342"
 217      66966C17 
 217      8B090939 
 217      A4EC6C36 
 217      E2
 218 014c 44030849 		.ascii	"D\003\010I'H\010\231\333\302}\273\177\01218d\213\376"
 218      27480899 
 218      DBC27DBB 
 218      7F0A3138 
 218      648BFE
 219 015f 59C6F521 		.ascii	"Y\306\365!\265\005\365\220\321\314\205\210\216Mn\257"
 219      B505F590 
 219      D1CC8588 
 219      8E4D6EAF 
 220 016f 2CD3600E 		.ascii	",\323`\016\221\337\226\211\354\245\363\363xv\271\177"
 220      91DF9689 
 220      ECA5F3F3 
 220      7876B97F 
 221 017f 22A6AD76 		.ascii	"\"\246\255vz\254\312{\007F\276j\304\201\3326r\375\240"
 221      7AACCA7B 
 221      0746BE6A 
 221      C481DA36 
 221      72FDA0
 222 0192 07A87E6A 		.ascii	"\007\250~j\344\003\352xB\373e\365\354\275tV\"\357\303"
 222      E403EA78 
 222      42FB65F5 
 222      ECBD7456 
 222      22EFC3
 223 01a5 A155BF45 		.ascii	"\241U\277Ey\310\037\345\"\1770\236\217`)\240/\225\214"
ARM GAS  /tmp/cchFeJ43.s 			page 17


 223      79C81FE5 
 223      227F309E 
 223      8F6029A0 
 223      2F958C
 224 01b8 69E3D496 		.ascii	"i\343\324\226\315\236s3\371\252>\276\352i\315\337\356"
 224      CD9E7333 
 224      F9AA3EBE 
 224      EA69CDDF 
 224      EE
 225 01c9 1655F11B 		.ascii	"\026U\361\033a\232+\201\241\034\204\321)4\237\270\014"
 225      619A2B81 
 225      A11C84D1 
 225      29349FB8 
 225      0C
 226 01da 3FE1331B 		.ascii	"?\3413\033Y\020:\211z!\240\0024\027\246?n**\362\306"
 226      59103A89 
 226      7A21A002 
 226      3417A63F 
 226      6E2A2AF2 
 227 01ef E1D4DB9F 		.ascii	"\341\324\333\2376[\350`\266\356d\347M\025\230\355\343"
 227      365BE860 
 227      B6EE64E7 
 227      4D1598ED 
 227      E3
 228 0200 F9AA9683 		.ascii	"\371\252\226\203\037M\025\016\360\311j\012B\247E\243"
 228      1F4D150E 
 228      F0C96A0A 
 228      42A745A3 
 229 0210 A78951F2 		.ascii	"\247\211Q\362\343\0145v\267\357\270\325\003\357C\324"
 229      E30C3576 
 229      B7EFB8D5 
 229      03EF43D4 
 230 0220 DAEE43A3 		.ascii	"\332\356C\243\203X`\260\376'\203\257\346\350\354\"q"
 230      835860B0 
 230      FE2783AF 
 230      E6E8EC22 
 230      71
 231 0231 76916D76 		.ascii	"v\221mv1\235\235]\373\3748\306\271l\366\375\221-\357"
 231      319D9D5D 
 231      FBFC38C6 
 231      B96CF6FD 
 231      912DEF
 232 0244 C1E44C1A 		.ascii	"\301\344L\032\365\273{\023\371lpz\016e(\021\031J\344"
 232      F5BB7B13 
 232      F96C707A 
 232      0E652811 
 232      194AE4
 233 0257 41975226 		.ascii	"A\227R&\313\310h\275\007.gL\251UY\325\356\002U\333\273"
 233      CBC868BD 
 233      072E674C 
 233      A95559D5 
 233      EE0255DB 
 234 026c 197CD506 		.ascii	"\031|\325\006\236O`\276\224\211Ler\246r\312\224\231"
 234      9E4F60BE 
 234      94894C65 
 234      72A672CA 
 234      9499
ARM GAS  /tmp/cchFeJ43.s 			page 18


 235 027e FEF2812B 		.ascii	"\376\362\201+ndLM\2657\323\335\360\000U\224\367/Y9\310"
 235      6E644C4D 
 235      B537D3DD 
 235      F0005594 
 235      F72F5939 
 236 0293 1DF95305 		.ascii	"\035\371S\005\356\347\335\321E\244R\354\347\223y\336"
 236      EEE7DDD1 
 236      45A452EC 
 236      E79379DE 
 237 02a3 87FEDCCC 		.ascii	"\207\376\334\314\363\033\370\221\015)>\300\365\241?"
 237      F31BF891 
 237      0D293EC0 
 237      F5A13F
 238 02b2 0AF657A0 		.ascii	"\012\366W\240\012\024Ho)\320y\230v\001\262~\302\326"
 238      0A14486F 
 238      29D07998 
 238      7601B27E 
 238      C2D6
 239 02c4 3A0A7203 		.ascii	":\012r\003\235\023\022\302JP\223\323\234\252\221\226"
 239      9D1312C2 
 239      4A5093D3 
 239      9CAA9196 
 240 02d4 8B40C47A 		.ascii	"\213@\304zU:\324+}\244\265\207\023\262\335Q\361\311"
 240      553AD42B 
 240      7DA4B587 
 240      13B2DD51 
 240      F1C9
 241 02e6 2BA15E00 		.ascii	"+\241^\000Bg\305(\317\3322~\211F\327\323\220\223\213"
 241      4267C528 
 241      CFDA327E 
 241      8946D7D3 
 241      90938B
 242 02f9 A12DE7A9 		.ascii	"\241-\347\251\021Y\031\3360tz\370\334\204'\033\"\264"
 242      115919DE 
 242      30747AF8 
 242      DC84271B 
 242      22B4
 243 030b 6D3BADC7 		.ascii	"m;\255\307\334\360V\326\3557\222\012\017`\326\324J\262"
 243      DCF056D6 
 243      ED37920A 
 243      0F60D6D4 
 243      4AB2
 244 031d 389AF6FF 		.ascii	"8\232\366\377\350\305\232z\316>\314e4vT+Q\240\232\306"
 244      E8C59A7A 
 244      CE3ECC65 
 244      3476542B 
 244      51A09AC6 
 245 0331 5435D6F8 		.ascii	"T5\326\370\207t+\251X\035R\243j\321\203yj\370L&\271"
 245      87742BA9 
 245      581D52A3 
 245      6AD18379 
 245      6AF84C26 
 246 0346 4949E455 		.ascii	"II\344U\313\024\250\006\002\272\002\001\241Z\310\016"
 246      CB14A806 
 246      02BA0201 
 246      A15AC80E 
 247 0356 58253874 		.ascii	"X%8t\031\006\253`\020\254\344\034\333u\324\025\327P"
ARM GAS  /tmp/cchFeJ43.s 			page 19


 247      1906AB60 
 247      10ACE41C 
 247      DB75D415 
 247      D750
 248 0368 0FB8BACA 		.ascii	"\017\270\272\312;\267\225H\035\350\224\340\252\023\002"
 248      3BB79548 
 248      1DE894E0 
 248      AA1302
 249 0377 E6CCD3CE 		.ascii	"\346\314\323\316\271u\260h8\324\000\316\324\213\316"
 249      B975B068 
 249      38D400CE 
 249      D48BCE
 250 0386 806FE40B 		.ascii	"\200o\344\013F\301\320\223\244\301>\017\026\335lP\023"
 250      46C1D093 
 250      A4C13E0F 
 250      16DD6C50 
 250      13
 251 0397 4AB3766A 		.ascii	"J\263vj\360\010\213\374p\367\263|7\374\2029q\271\375"
 251      F0088BFC 
 251      70F7B37C 
 251      37FC8239 
 251      71B9FD
 252 03aa 488E27D2 		.ascii	"H\216'\322\004n\261;A\026\222\335\215fpc\245F0!$\303"
 252      046EB13B 
 252      411692DD 
 252      8D667063 
 252      A5463021 
 253 03c0 F2D1814A 		.ascii	"\362\321\201J\222\214&\244A\327E\373+5\254x{\367\235"
 253      928C26A4 
 253      41D745FB 
 253      2B35AC78 
 253      7BF79D
 254 03d3 BAADC2D9 		.ascii	"\272\255\302\331\230\245\\\330+|\331^\361\350@W\227"
 254      98A55CD8 
 254      2B7CD95E 
 254      F1E84057 
 254      97
 255 03e4 06E7B27B 		.ascii	"\006\347\262{\305\365\317\352U\270\210)\373/<ota@wP"
 255      C5F5CFEA 
 255      55B88829 
 255      FB2F3C6F 
 255      74614077 
 256 03f9 3B5B0BB7 		.ascii	";[\013\267z\3412voS\326\225\011O|\216)\331\017-\223"
 256      7AE13276 
 256      6F53D695 
 256      094F7C8E 
 256      29D90F2D 
 257 040e 185F64CA 		.ascii	"\030_d\312\353s\265\274;\276\304\224\223\365\235\365"
 257      EB73B5BC 
 257      3BBEC494 
 257      93F59DF5 
 258 041e DEB89A29 		.ascii	"\336\270\232)\266z\372\322z\242\202\373\227\016\250"
 258      B67AFAD2 
 258      7AA282FB 
 258      970EA8
 259 042d 597979D8 		.ascii	"Yyy\330\303\324\335-\367\336x\243\000z\005\316\012\010"
 259      C3D4DD2D 
ARM GAS  /tmp/cchFeJ43.s 			page 20


 259      F7DE78A3 
 259      007A05CE 
 259      0A08
 260 043f 384AC287 		.ascii	"8J\302\207\275!\360v\333\000\317\247jhp\327 \270~4K"
 260      BD21F076 
 260      DB00CFA7 
 260      6A6870D7 
 260      20B87E34 
 261 0454 CC4623ED 		.ascii	"\314F#\355\325\032\362\251`3\252\277\2005\230\204)\374"
 261      D51AF2A9 
 261      6033AABF 
 261      80359884 
 261      29FC
 262 0466 861CDEFA 		.ascii	"\206\034\336\372\026\374\341g\"\274]\016\277I\341\013"
 262      16FCE167 
 262      22BC5D0E 
 262      BF49E10B 
 263 0476 44749704 		.ascii	"Dt\227\004\335!G\007\311\300V\011\370\007\347\324RO"
 263      DD214707 
 263      C9C05609 
 263      F807E7D4 
 263      524F
 264 0488 1A258EB7 		.ascii	"\032%\216\2678\217\223\222\263\232\337j\361I\340yDP"
 264      388F9392 
 264      B39ADF6A 
 264      F149E079 
 264      4450
 265 049a 0AA1DEE4 		.ascii	"\012\241\336\344\332En\246\360\374B\245\002u\301\344"
 265      DA456EA6 
 265      F0FC42A5 
 265      0275C1E4 
 266 04aa 4E32F9B6 		.ascii	"N2\371\266\300\0060t\027\332\247\027\005\240\001\220"
 266      C0063074 
 266      17DAA717 
 266      05A00190 
 267 04ba 1E100BC8 		.ascii	"\036\020\013\310\217 \335 } wP\000%b>\275i\361MM\344"
 267      8F20DD20 
 267      7D207750 
 267      0025623E 
 267      BD69F14D 
 268 04d0 1B82A953 		.ascii	"\033\202\251Sm\316\263)\211\270_\022\361-\247\351a\001"
 268      6DCEB329 
 268      89B85F12 
 268      F12DA7E9 
 268      6101
 269 04e2 93BEDB67 		.ascii	"\223\276\333g\351\300\032I\217K\261\0124\2104t#\201"
 269      E9C01A49 
 269      8F4BB10A 
 269      34883474 
 269      2381
 270 04f4 6F00973F 		.ascii	"o\000\227?;\270\011\253\223il\024\014=$b\207\3102\003"
 270      3BB809AB 
 270      93696C14 
 270      0C3D2462 
 270      87C83203 
 271 0508 7ABA7101 		.ascii	"z\272q\001\272\332ZxR\303\032\015K\026\236\037[x\355"
 271      BADA5A78 
ARM GAS  /tmp/cchFeJ43.s 			page 21


 271      52C31A0D 
 271      4B169E1F 
 271      5B78ED
 272 051b E315AF34 		.ascii	"\343\025\2574\270\231\366\244\262/\313\372\310\025\005"
 272      B899F6A4 
 272      B22FCBFA 
 272      C81505
 273 052a C226AB06 		.ascii	"\302&\253\006\221l\227\303\260\222\037\210\333%\335"
 273      916C97C3 
 273      B0921F88 
 273      DB25DD
 274 0539 7847FE4B 		.ascii	"xG\376K\206\331\3562r\224\307\263\355;\357CH\3520\365"
 274      86D9EE32 
 274      7294C7B3 
 274      ED3BEF43 
 274      48EA30F5 
 275 054d E23178F5 		.ascii	"\3421x\365\010\334 ;6\031\001\203)\343\371\233\\}S\204"
 275      08DC203B 
 275      36190183 
 275      29E3F99B 
 275      5C7D5384 
 276 0561 C2CC4194 		.ascii	"\302\314A\224\373>\340\356Q\357\237 _[\014T\201\031"
 276      FB3EE0EE 
 276      51EF9F20 
 276      5F5B0C54 
 276      8119
 277 0573 5BCA6EF6 		.ascii	"[\312n\366*g\014\367\251-\334`\032\355\266\3077\322"
 277      2A670CF7 
 277      A92DDC60 
 277      1AEDB6C7 
 277      37D2
 278 0585 35727A71 		.ascii	"5rzq\033\037\241\364O\031\375\010\245\357\033\3379\355"
 278      1B1FA1F4 
 278      4F19FD08 
 278      A5EF1BDF 
 278      39ED
 279 0597 2D4D3DD9 		.ascii	"-M=\331\305E\376gB\352\237\321\324[\306;z5Rp\241\003"
 279      C545FE67 
 279      42EA9FD1 
 279      D45BC63B 
 279      7A355270 
 280 05ad D82A80AD 		.ascii	"\330*\200\255\024|\253\273-]\205o\262\365~*\377P\241"
 280      147CABBB 
 280      2D5D856F 
 280      B2F57E2A 
 280      FF50A1
 281 05c0 17EE61CA 		.ascii	"\027\356a\312\326\352+\007\\\225\360\322\366\234&\025"
 281      D6EA2B07 
 281      5C95F0D2 
 281      F69C2615 
 282 05d0 46CE9EBC 		.ascii	"F\316\236\274W\340)}\37448\370\375\322\341\3613\266"
 282      57E0297D 
 282      FC3438F8 
 282      FDD2E1F1 
 282      33B6
 283 05e2 3BB7DD5B 		.ascii	";\267\335[xK\261L\005WZ\007y\036|JB~\004\210Fm{\036"
 283      784BB14C 
ARM GAS  /tmp/cchFeJ43.s 			page 22


 283      05575A07 
 283      791E7C4A 
 283      427E0488 
 284 05fa 7A819444 		.ascii	"z\201\224Ds|\326\216\321\247\321\360\211\016\037|B9"
 284      737CD68E 
 284      D1A7D1F0 
 284      890E1F7C 
 284      4239
 285 060c 833BD513 		.ascii	"\203;\325\023\026\037%\307vkb\226< \013s\247\274f|\237"
 285      161F25C7 
 285      766B6296 
 285      3C200B73 
 285      A7BC667C 
 286 0621 794D1D7C 		.ascii	"yM\035|\205\004\017[\036\337(P\011\036\336j\374={\243"
 286      85040F5B 
 286      1EDF2850 
 286      091EDE6A 
 286      FC3D7BA3 
 287 0635 48398608 		.ascii	"H9\206\010\016\215\333\375\233\000\377\306\345\376M"
 287      0E8DDBFD 
 287      9B00FFC6 
 287      E5FE4D
 288 0644 52FF065E 		.ascii	"R\377\006^\347\237\027\366GW\022\362\351\314f\317\031"
 288      E79F17F6 
 288      475712F2 
 288      E9CC66CF 
 288      19
 289 0655 9BE08DAD 		.ascii	"\233\340\215\255\011\246X\317?\337\262qLxv\272\221-"
 289      09A658CF 
 289      3FDFB271 
 289      4C7876BA 
 289      912D
 290 0667 79E8C00E 		.ascii	"y\350\300\016\015\353\371\217A\275\323\232W\347)\357"
 290      0DEBF98F 
 290      41BDD39A 
 290      57E729EF 
 291 0677 119EF347 		.ascii	"\021\236\363G\323\224,\201\363\265QR\005f\\\035\310"
 291      D3942C81 
 291      F3B55152 
 291      05665C1D 
 291      C8
 292 0688 AFF6C285 		.ascii	"\257\366\302\205,[\031]\217\322m\261\265\034\014\316"
 292      2C5B195D 
 292      8FD26DB1 
 292      B51C0CCE 
 293 0698 4EBCB68D 		.ascii	"N\274\266\215\317L\340\027\262f\330\300\331\0378\360"
 293      CF4CE017 
 293      B266D8C0 
 293      D91F38F0 
 294 06a8 D331B244 		.ascii	"\3231\262D\216D\326w\370\336nO\\\313\310\256Uf\265\273"
 294      8E44D677 
 294      F8DE6E4F 
 294      5CCBC8AE 
 294      5566B5BB 
 295 06bc 08646D07 		.ascii	"\010dm\0071{a:\302^\230\222D\252$9\325FJ\3251T\035\211"
 295      317B613A 
 295      C25E9892 
ARM GAS  /tmp/cchFeJ43.s 			page 23


 295      44AA2439 
 295      D5464AD5 
 296 06d4 6FCC54C4 		.ascii	"o\314T\304\241\357\367\026z\330\333d\316T\227\330&\244"
 296      A1EFF716 
 296      7AD8DB64 
 296      CE5497D8 
 296      26A4
 297 06e6 0C9B6CF4 		.ascii	"\014\233l\364h3\247$\232\243\205dj!\257\251\276[\310"
 297      6833A724 
 297      9AA38564 
 297      6A21AFA9 
 297      BE5BC8
 298 06f9 6432027D 		.ascii	"d2\002}\372Ag\226\212\351#\36416y\260\\\320\375@\235"
 298      FA416796 
 298      8AE923F4 
 298      313679B0 
 298      5CD0FD40 
 299 070e B2A4A4B8 		.ascii	"\262\244\244\270\261Lg\022\370\335\236{[\274\260\205"
 299      B14C6712 
 299      F8DD9E7B 
 299      5BBCB085 
 300 071e 7938B9B5 		.ascii	"y8\271\265\"\303u\306\032\356\340\204\032^a5\234H*\357"
 300      22C375C6 
 300      1AEEE084 
 300      1A5E6135 
 300      9C482AEF 
 301 0732 43629594 		.ascii	"Cb\225\224\264\025\267A\225\266r\004\276\223V\211N\""
 301      B415B741 
 301      95B67204 
 301      BE935689 
 301      4E22
 302 0744 E80D173A 		.ascii	"\350\015\027:w\011G\200>\242\227\266u\274T\341\007\314"
 302      77094780 
 302      3EA297B6 
 302      75BC54E1 
 302      07CC
 303 0756 70E69B5D 		.ascii	"p\346\233]G=\210\341D0\234\374\263\25710\343\273\366"
 303      473D88E1 
 303      44309CFC 
 303      B3AF3130 
 303      E3BBF6
 304 0769 EE2207E3 		.ascii	"\356\"\007\343\251\334O\030\2779t$I\330b[\3511n\350"
 304      A9DC4F18 
 304      BF397424 
 304      49D8625B 
 304      E9316EE8 
 305 077d 6A9DED61 		.ascii	"j\235\355aN\262p\241\256\355*\302O\2303\311\031\326"
 305      4EB270A1 
 305      AEED2AC2 
 305      4F9833C9 
 305      19D6
 306 078f 56EF19B3 		.ascii	"V\357\031\263\260\317\226\205{\314\221\316\361\332."
 306      B0CF9685 
 306      7BCC91CE 
 306      F1DA2E
 307 079e 177916F6 		.ascii	"\027y\026\366\200#\354i\223N\035\331gs\244\2678c\310"
 307      8023EC69 
ARM GAS  /tmp/cchFeJ43.s 			page 24


 307      934E1DD9 
 307      6773A4B7 
 307      3863C8
 308 07b1 4DEEF68C 		.ascii	"M\356\366\214\350\255\265\245uBm\033h\277\274)nt\303"
 308      E8ADB5A5 
 308      75426D1B 
 308      68BFBC29 
 308      6E74C3
 309 07c4 A3CCCDDD 		.ascii	"\243\314\315\335\251\343\215\356x\214)\345"
 309      A9E38DEE 
 309      788C29E5 
 310 07d0 4F72CB3D 		.ascii	"Or\313=\031\262J\252\373\011\372h\356\310qW\374\232"
 310      19B24AAA 
 310      FB09FA68 
 310      EEC87157 
 310      FC9A
 311 07e2 81F754EC 		.ascii	"\201\367T\354)\365\222\273|\010\234`\017\371LN\334\202"
 311      29F592BB 
 311      7C089C60 
 311      0FF94C4E 
 311      DC82
 312 07f4 C98BCF8B 		.ascii	"\311\213\317\213\321\363j\271\3133\242m+\331\227\255"
 312      D1F36AB9 
 312      CB33A26D 
 312      2BD997AD 
 313 0804 E4F48923 		.ascii	"\344\364\211#\017=\361\264\220\330\274\035W\260\255"
 313      0F3DF1B4 
 313      90D8BC1D 
 313      57B0AD
 314 0813 CA3FFFB2 		.ascii	"\312?\377\262J\216kO&O{\341$\027:\375B\371\305:\341"
 314      4A8E6B4F 
 314      264F7BE1 
 314      24173AFD 
 314      42F9C53A 
 315 0828 052F18D4 		.ascii	"\005/\030\324\334\274\313\315\036\370;vo2\345p\261\012"
 315      DCBCCBCD 
 315      1EF83B76 
 315      6F32E570 
 315      B10A
 316 083a EF64CAF7 		.ascii	"\357d\312\367\243=\017\204\226\017$[e\326\241T\025N"
 316      A33D0F84 
 316      960F245B 
 316      65D6A154 
 316      154E
 317 084c 63F7A653 		.ascii	"c\367\246S\2223\334p\006S\322\232\323\262<\360!\246"
 317      9233DC70 
 317      0653D29A 
 317      D3B23CF0 
 317      21A6
 318 085e BCBE9FD6 		.ascii	"\274\276\237\326\211\330,\215\244_\375\204~-x\271c\237"
 318      89D82C8D 
 318      A45FFD84 
 318      7E2D78B9 
 318      639F
 319 0870 073EC6B0 		.ascii	"\007>\306\260\035\235I\347\004\254\007yd^\263|1c\303"
 319      1D9D49E7 
 319      04AC0779 
ARM GAS  /tmp/cchFeJ43.s 			page 25


 319      645EB37C 
 319      3163C3
 320 0883 9CB1354C 		.ascii	"\234\2615L!Gc:\275q \307\035\346\372\303)\003I\216\030"
 320      2147633A 
 320      BD7120C7 
 320      1DE6FAC3 
 320      2903498E 
 321 0898 FEEC8851 		.ascii	"\376\354\210QR5\232\257\304\331\324\016WV2\260_-9D\374"
 321      52359AAF 
 321      C4D9D40E 
 321      575632B0 
 321      5F2D3944 
 322 08ad 31713379 		.ascii	"1q3yo/\203\012\224\210{\217\277\375\020\341\370\230"
 322      6F2F830A 
 322      94887B8F 
 322      BFFD10E1 
 322      F898
 323 08bf 2FE50209 		.ascii	"/\345\002\011+Mj1\024\254\2109\220s8\273\306\023\027"
 323      2B4D6A31 
 323      14AC8839 
 323      907338BB 
 323      C61317
 324 08d2 310B197B 		.ascii	"1\013\031{.\227x\331-\300\311\240\230\236\014\316\201"
 324      2E9778D9 
 324      2DC0C9A0 
 324      989E0CCE 
 324      81
 325 08e3 8572D142 		.ascii	"\205r\321B\0317\203\211\263\316M46\\\337\256\224n\340"
 325      19378389 
 325      B3CE4D34 
 325      365CDFAE 
 325      946EE0
 326 08f6 84AF00EE 		.ascii	"\204\257\000\356\347\323\325y\236\366\314\031[\233g"
 326      E7D3D579 
 326      9EF6CC19 
 326      5B9B67
 327 0905 E6650CBB 		.ascii	"\346e\014\273\261\276\370E\354Y\031\211\257\\\244\354"
 327      B1BEF845 
 327      EC591989 
 327      AF5CA4EC 
 328 0915 177E8ABD 		.ascii	"\027~\212\275\242\255{!>\317\352\366\242\271\373.\302"
 328      A2AD7B21 
 328      3ECFEAF6 
 328      A2B9FB2E 
 328      C2
 329 0926 954C49BA 		.ascii	"\225LI\272v\365\244\033\256f\312pNS\203+n`\312\300\320"
 329      76F5A41B 
 329      AE66CA70 
 329      4E53832B 
 329      6E60CAC0 
 330 093b ABB31837 		.ascii	"\253\263\03071\345\304\360\321\355*\334&\314\031x\322"
 330      31E5C4F0 
 330      D1ED2ADC 
 330      26CC1978 
 330      D2
 331 094c 2C9C46B6 		.ascii	",\234F\266\221\342\275\036)\373\301\326%\344\324\361"
 331      91E2BD1E 
ARM GAS  /tmp/cchFeJ43.s 			page 26


 331      29FBC1D6 
 331      25E4D4F1 
 332 095c F0C5E0B4 		.ascii	"\360\305\340\264;\276M\301\277\033.\331u\\#\034\021"
 332      3BBE4DC1 
 332      BF1B2ED9 
 332      755C231C 
 332      11
 333 096d 02026605 		.ascii	"\002\002f\005\330\257\300\000r^HJ\200\222^\300\311-"
 333      D8AFC000 
 333      725E484A 
 333      80925EC0 
 333      C92D
 334 097f 8D3CDF57 		.ascii	"\215<\337W\205\320E\316\027\235\206\2347s\263\354\321"
 334      85D045CE 
 334      179D869C 
 334      3773B3EC 
 334      D1
 335 0990 485FA461 		.ascii	"H_\244aF\"\274\322\307\263w\326c\020\363e\001\355\354"
 335      4622BCD2 
 335      C7B377D6 
 335      6310F365 
 335      01EDEC
 336 09a3 9DF5289F 		.ascii	"\235\365(\237\006\374]\353\023(:\003\270\367\012h\333"
 336      06FC5DEB 
 336      13283A03 
 336      B8F70A68 
 336      DB
 337 09b4 7683D238 		.ascii	"v\203\3228\031w\343:\221;O\316\335\351p\002 \360~\011"
 337      1977E33A 
 337      913B4FCE 
 337      DDE97002 
 337      20F07E09 
 338 09c8 3C5B0E3F 		.ascii	"<[\016?!%O#\344\353\031\232l\037\007\344\350\375rW\332"
 338      21254F23 
 338      E4EB199A 
 338      6C1F07E4 
 338      E8FD7257 
 339 09dd 24DCB972 		.ascii	"$\334\271rt\216\034\335/IJ\225\034-9\025I\217\0335\220"
 339      748E1CDD 
 339      2F494A95 
 339      1C2D3915 
 339      498F1B35 
 340 09f2 862B9488 		.ascii	"\206+\224\210\240\311Y\243\023\332\255\205\013@\365"
 340      A0C959A3 
 340      13DAAD85 
 340      0B40F5
 341 0a01 204D20B7 		.ascii	" M \267@n\200\334\006\251\003\271\012r\035\244\035\244"
 341      406E80DC 
 341      06A903B9 
 341      0A721DA4 
 341      1DA4
 342 0a13 11A403A4 		.ascii	"\021\244\003\244\025\244\033\244\013\344\032\310\035"
 342      15A41BA4 
 342      0BE41AC8 
 342      1D
 343 0a20 9006909B 		.ascii	"\220\006\220\233 ?\200\264q\266\363\011\311A[\274\230"
 343      203F80B4 
ARM GAS  /tmp/cchFeJ43.s 			page 27


 343      71B6F309 
 343      C9415BBC 
 343      98
 344 0a31 836AA7C5 		.ascii	"\203j\247\305\223\004e\225\244\340\270\034|T\236\002"
 344      93046595 
 344      A4E0B81C 
 344      7C549E02 
 345 0a41 AB240595 		.ascii	"\253$\005\225rt\253\274\213\254\353Et\255\034\375\235"
 345      7274ABBC 
 345      8BACEB45 
 345      74AD1CFD 
 345      9D
 346 0a52 43E9A081 		.ascii	"C\351\240\201\372\205.\332\015]\264K@\333\236\265(E"
 346      FA852EDA 
 346      0D5DB44B 
 346      40DB9EB5 
 346      2845
 347 0a64 8A269BC8 		.ascii	"\212&\233\310C\001\015\317`\264]\216\336\302\311\273"
 347      43010DCF 
 347      60B45D8E 
 347      DEC2C9BB 
 348 0a74 A84B12E6 		.ascii	"\250K\022\346)\347\225\226\302\037J\342\274\344\274"
 348      29E79596 
 348      C21F4AE2 
 348      BCE4BC
 349 0a83 D40E7009 		.ascii	"\324\016p\011\373I\347=*\205\277\222\260W8\317\"\203"
 349      FB49E73D 
 349      2A85BF92 
 349      B05738CF 
 349      2283
 350 0a95 B3FDB2EE 		.ascii	"\263\375\262\356\251/=\325\002Lz\252eY\253\233\360K"
 350      A92F3DD5 
 350      024C7AAA 
 350      6559AB9B 
 350      F04B
 351 0aa7 E5C961F4 		.ascii	"\345\311a\364\010$\342\260@f{p\242\203\362\365\321&"
 351      0824E2B0 
 351      40667B70 
 351      A283F2F5 
 351      D126
 352 0ab9 591FDF3B 		.ascii	"Y\037\337;_\037\016\236J\002\313r\336\035\366\303k\263"
 352      5F1F0E9E 
 352      4A02CB72 
 352      DE1DF6C3 
 352      6BB3
 353 0acb 654FB312 		.ascii	"eO\263\022\247\273\322\035\277\274\243x\217\027\232"
 353      A7BBD21D 
 353      BFBCA378 
 353      8F179A
 354 0ada 15E86C2D 		.ascii	"\025\350l- \013,\201\377\307r`\351{3\341\012\247W\324"
 354      200B2C81 
 354      FFC77260 
 354      E97B33E1 
 354      0AA757D4 
 355 0aee 0B067BC4 		.ascii	"\013\006{\304\207\015I&\373?\320\365\356D7\351Y\256"
 355      870D4926 
 355      FB3FD0F5 
ARM GAS  /tmp/cchFeJ43.s 			page 28


 355      EE4437E9 
 355      59AE
 356 0b00 97939EB9 		.ascii	"\227\223\236\271\3738v\226\203og\007\277|\207\203\337"
 356      FB387696 
 356      836F6707 
 356      BF7C8783 
 356      DF
 357 0b11 5D017C97 		.ascii	"]\001|\227\202\257\274\274\225\357\206\217\270\262\177"
 357      82AFBCBC 
 357      95EF868F 
 357      B8B27F
 358 0b20 0EA5E5BC 		.ascii	"\016\245\345\274q\261\037\027\002\016;\036\027\372E"
 358      71B11F17 
 358      020E3B1E 
 358      17FA45
 359 0b2f C7FAE56F 		.ascii	"\307\372\345o\340?\3227\360\023c\343[\275p\011#\333"
 359      E03FD237 
 359      F01363E3 
 359      5BBD7009 
 359      23DB
 360 0b41 3865EDF3 		.ascii	"8e\355\363\262\035\027\366;\036\027\006D\252\0019\325"
 360      B21D17F6 
 360      3B1E1706 
 360      44AA0139 
 360      D5
 361 0b52 203757F1 		.ascii	" 7W\361\216nM\274\321\254\2136~\2433\254\211\216\211"
 361      8E6E4DBC 
 361      D1AC8B36 
 361      7EA333AC 
 361      898E89
 362 0b65 5FBDD630 		.ascii	"_\275\3260\177M\204\321<?\330\375\323\277\257\234\023"
 362      7F4D84D1 
 362      3C3FD8FD 
 362      D3BFAF9C 
 362      13
 363 0b76 BA6081E2 		.ascii	"\272`\201\342\375\371\363\203\330_\274)H\037\037\033"
 363      FDF9F383 
 363      D85FBC29 
 363      481F1F1B 
 364 0b86 1B1F1744 		.ascii	"\033\037\027D&\231\202B\264\313C\227\257\013\322G\351"
 364      26998242 
 364      B4CB4397 
 364      AF0BD247 
 364      E9
 365 0b97 E38D06DD 		.ascii	"\343\215\006\335\277\377\024;_\257\370\015#4}\033m\326"
 365      BFFF143B 
 365      5FAFF80D 
 365      23347D1B 
 365      6DD6
 366 0ba9 47E9BE32 		.ascii	"G\351\2762\306\307\352\242M\306_\303\021\245\230\305"
 366      C6C7EAA2 
 366      4DC65FC3 
 366      11A598C5 
 367 0bb9 380CEBA2 		.ascii	"8\014\353\242\315v\006\217\360U\241\272e\021q\2211\006"
 367      CD76068F 
 367      F055A1BA 
 367      65117191 
ARM GAS  /tmp/cchFeJ43.s 			page 29


 367      3106
 368 0bcb A3EFDB4E 		.ascii	"\243\357\333N\277\243\217\012\327G\205\231V\030\015"
 368      BFA38F0A 
 368      D7478599 
 368      56180D
 369 0bda 86D835E6 		.ascii	"\206\3305\346\350\3708\255\341\233\265\321FC\244\213"
 369      E8F838AD 
 369      E19BB5D1 
 369      4643A48B 
 370 0bea 6E517C7C 		.ascii	"nQ||\314\034\251\003FsPt\234>fm\244\001\354\232\364"
 370      CC1CA903 
 370      46735074 
 370      9C3E666D 
 370      A401EC9A 
 371 0bff 51916053 		.ascii	"Q\221`S\255\323\255\215\2163\177\370\201\316\374~\320"
 371      ADD3AD8D 
 371      8E337FF8 
 371      81CEFC7E 
 371      D0
 372 0c10 5A93D18E 		.ascii	"Z\223\321\216\2103|\033\023\375ePl\204>*:\316\020\244"
 372      88337C1B 
 372      13FD6550 
 372      6C843E2A 
 372      3ACE10A4 
 373 0c24 8B347C15 		.ascii	"\2134|\025\2616\306\2543\257_c0\301Dw\333\264\271\316"
 373      B136C6AC 
 373      33AF5F63 
 373      30C14477 
 373      DBB4B9CE 
 374 0c38 A699D69B 		.ascii	"\246\231\326\233\202t&s$`\000\253\\\267\306dt7\032V"
 374      82742673 
 374      246000AB 
 374      5CB7C664 
 374      74371A56 
 375 0c4c 47186375 		.ascii	"G\030cu\346\367~YR`\036\267F\357\032c\324\231\243\""
 375      E6F77E59 
 375      52601EB7 
 375      46EF1A63 
 375      D499A322 
 376 0c60 B171C107 		.ascii	"\261q\301\007\234\361C\316\010\237\0138c\260\207\220"
 376      9CF143CE 
 376      089F0B38 
 376      63B08790 
 377 0c70 29B3DEBC 		.ascii	")\263\336\274N\251\217\2120\252t\272\325\006\263nE\370"
 377      4EA98F8A 
 377      30AA74BA 
 377      D506B36E 
 377      45F8
 378 0c82 0ACF8898 		.ascii	"\012\317\210\230o#\326\233t\321q1\340\370_\234\030\203"
 378      6F23D69B 
 378      74D17131 
 378      E0F85F9C 
 378      1883
 379 0c94 69C45450 		.ascii	"i\304TP\350\362\360\260\360\240P\260\025\024f\313K\254"
 379      E8F2F0B0 
 379      F0A050B0 
 379      151466CB 
ARM GAS  /tmp/cchFeJ43.s 			page 30


 379      4BAC
 380 0ca6 29DAA45B 		.ascii	")\332\244[\255\327\203u\24041J?jmm\\L\274\376k\2612"
 380      ADD78375 
 380      A034314A 
 380      3F6A6D6D 
 380      5C4CBCFE 
 381 0cbd 92414F06 		.ascii	"\222AO\006]\024\022\276d\2056L\245]\022\276D\273j\311"
 381      5D1412BE 
 381      6485364C 
 381      A55D12BE 
 381      44BB6AC9 
 382 0cd1 E2606558 		.ascii	"\342`eXx\210V\271|\371R-\016Y\254\305\213\341{\305R"
 382      788856B9 
 382      7CF9522D 
 382      0E59ACC5 
 382      8BE17BC5 
 383 0ce6 AD326469 		.ascii	"\2552di\270V\271hi\210\326\005n\001`1\321\227\221\217"
 383      B856B968 
 383      6988D605 
 383      6E016031 
 383      D197918F 
 384 0cfa 50F87009 		.ascii	"P\370p\011_\026\032\256\305\341\313V\250Xq>\326\231"
 384      5F161AAE 
 384      C5E1CB56 
 384      A858713E 
 384      D699
 385 0d0c DD846F1C 		.ascii	"\335\204o\034\032\012wB\265.!a\332P\255r\325\347\237"
 385      1A0A7742 
 385      B52E2161 
 385      DA50AD72 
 385      D5E79F
 386 0d1f 69956180 		.ascii	"i\225a\200v\011]\2612l1|\206\204j\377\374+C&\015\250"
 386      76095DB1 
 386      326C317C 
 386      86846AFF 
 386      FC2B4326 
 387 0d35 8FFD88D4 		.ascii	"\217\375\210\3244<t\221\356s(\260/\215\315!\\\225}\350"
 387      343C7491 
 387      EE7328B0 
 387      2F8DCD21 
 387      5C957DE8 
 388 0d49 7F58E717 		.ascii	"\177X\347\027\305"
 388      C5
 389              		.text
 390              		.section	.gnu.lto_.symtab.f2b8895043f090dc,"",%progbits
 391 0000 5356435F 		.ascii	"SVC_Handler\000"
 391      48616E64 
 391      6C657200 
 392 000c 00       		.ascii	"\000"
 393 000d 00       		.ascii	"\000"
 394 000e 00       		.ascii	"\000"
 395 000f 00000000 		.ascii	"\000\000\000\000\000\000\000\000"
 395      00000000 
 396 0017 B5000000 		.ascii	"\265\000\000\000"
 397 001b 5F706F72 		.ascii	"_port_irq_epilogue\000"
 397      745F6972 
 397      715F6570 
ARM GAS  /tmp/cchFeJ43.s 			page 31


 397      696C6F67 
 397      756500
 398 002e 00       		.ascii	"\000"
 399 002f 00       		.ascii	"\000"
 400 0030 00       		.ascii	"\000"
 401 0031 00000000 		.ascii	"\000\000\000\000\000\000\000\000"
 401      00000000 
 402 0039 B7000000 		.ascii	"\267\000\000\000"
 403 003d 5F706F72 		.ascii	"_port_switch_from_isr\000"
 403      745F7377 
 403      69746368 
 403      5F66726F 
 403      6D5F6973 
 404 0053 00       		.ascii	"\000"
 405 0054 02       		.ascii	"\002"
 406 0055 00       		.ascii	"\000"
 407 0056 00000000 		.ascii	"\000\000\000\000\000\000\000\000"
 407      00000000 
 408 005e B1000000 		.ascii	"\261\000\000\000"
 409 0062 5F706F72 		.ascii	"_port_exit_from_isr\000"
 409      745F6578 
 409      69745F66 
 409      726F6D5F 
 409      69737200 
 410 0076 00       		.ascii	"\000"
 411 0077 02       		.ascii	"\002"
 412 0078 00       		.ascii	"\000"
 413 0079 00000000 		.ascii	"\000\000\000\000\000\000\000\000"
 413      00000000 
 414 0081 B3000000 		.ascii	"\263\000\000\000"
 415 0085 63685363 		.ascii	"chSchIsPreemptionRequired\000"
 415      68497350 
 415      7265656D 
 415      7074696F 
 415      6E526571 
 416 009f 00       		.ascii	"\000"
 417 00a0 02       		.ascii	"\002"
 418 00a1 00       		.ascii	"\000"
 419 00a2 00000000 		.ascii	"\000\000\000\000\000\000\000\000"
 419      00000000 
 420 00aa BF000000 		.ascii	"\277\000\000\000"
 421              		.text
 422              		.section	.gnu.lto_.opts,"",%progbits
 423 0000 272D666D 		.ascii	"'-fmath-errno' '-fsigned-zeros' '-ftrapping-math' '"
 423      6174682D 
 423      6572726E 
 423      6F272027 
 423      2D667369 
 424 0033 2D666E6F 		.ascii	"-fno-trapv' '-fno-openmp' '-fno-openacc' '-mcpu=cor"
 424      2D747261 
 424      70762720 
 424      272D666E 
 424      6F2D6F70 
 425 0066 7465782D 		.ascii	"tex-m4' '-mno-thumb-interwork' '-mthumb' '-ggdb' '-"
 425      6D342720 
 425      272D6D6E 
 425      6F2D7468 
ARM GAS  /tmp/cchFeJ43.s 			page 32


 425      756D622D 
 426 0099 4F322720 		.ascii	"O2' '-fomit-frame-pointer' '-falign-functions=16' '"
 426      272D666F 
 426      6D69742D 
 426      6672616D 
 426      652D706F 
 427 00cc 2D666675 		.ascii	"-ffunction-sections' '-fdata-sections' '-fno-common"
 427      6E637469 
 427      6F6E2D73 
 427      65637469 
 427      6F6E7327 
 428 00ff 2720272D 		.ascii	"' '-flto'\000"
 428      666C746F 
 428      2700
 429              		.text
 430              		.comm	__gnu_lto_v1,1,1
 431              		.comm	__gnu_lto_slim,1,1
 432              		.ident	"GCC: (15:6.3.1+svn253039-1build1) 6.3.1 20170620"
ARM GAS  /tmp/cchFeJ43.s 			page 33


DEFINED SYMBOLS
                            *ABS*:0000000000000000 chcore_v7m.c
                            *COM*:0000000000000001 __gnu_lto_v1
                            *COM*:0000000000000001 __gnu_lto_slim

NO UNDEFINED SYMBOLS
