ARM GAS  /tmp/ccWyhZqE.s 			page 1


   1              		.cpu cortex-m4
   2              		.eabi_attribute 20, 1
   3              		.eabi_attribute 21, 1
   4              		.eabi_attribute 23, 3
   5              		.eabi_attribute 24, 1
   6              		.eabi_attribute 25, 1
   7              		.eabi_attribute 26, 1
   8              		.eabi_attribute 30, 2
   9              		.eabi_attribute 34, 1
  10              		.eabi_attribute 18, 4
  11              		.file	"chdynamic.c"
  12              		.text
  13              	.Ltext0:
  14              		.section	.gnu.lto_.profile.47fe30635420d30c,"",%progbits
  15 0000 789C6365 		.ascii	"x\234ce`b`a```d\3100\000\000\001\200\000\245"
  15      60626061 
  15      60606064 
  15      C8300000 
  15      018000A5 
  16              		.text
  17              		.section	.gnu.lto_.icf.47fe30635420d30c,"",%progbits
  18 0000 789C6365 		.ascii	"x\234ce`b\340e@\000&\206\215\273;+\030\267L\\\367\225"
  18      6062E065 
  18      40002686 
  18      8DBB3B2B 
  18      18B74C5C 
  19 0016 89010026 		.ascii	"\211\001\000&l\005o"
  19      6C056F
  20              		.text
  21              		.section	.gnu.lto_.jmpfuncs.47fe30635420d30c,"",%progbits
  22 0000 789C6365 		.ascii	"x\234ce`bX\312\200\000L\014l\214``\317X\017\002,\014"
  22      606258CA 
  22      80004C0C 
  22      6C8C6060 
  22      CF580F02 
  23 0016 8C8C1D4C 		.ascii	"\214\214\035L\323\231\031\267\0349\336\306\321\307<"
  23      D39919B7 
  23      1C39DEC6 
  23      D1C73C
  24 0025 9F1928C0 		.ascii	"\237\031(\300\270\234Q\206\201\021(\270\376\315\316"
  24      B89C5186 
  24      811128B8 
  24      FECDCE
  25 0034 9FBC2041 		.ascii	"\237\274 AFF\006\306\025@A\240~\006F\026\0066\246J\006"
  25      464606C6 
  25      154041A0 
  25      7E064616 
  25      0636A64A 
  26 0049 4620A712 		.ascii	"F \247\022H\200\025\316\332\375\345\024+H!\023#\007"
  26      488015CE 
  26      DAFDE514 
  26      2B482113 
  26      2307
  27 005b E34A9042 		.ascii	"\343J\220BFV\2605\362\250\266\034\375\377\375\000?\304"
  27      4656B035 
  27      F2A8B61C 
  27      FDFFFD00 
ARM GAS  /tmp/ccWyhZqE.s 			page 2


  27      3FC4
  28 006d 1626C655 		.ascii	"\026&\306U [\220\215e\202\030\313\000\000\206S \273"
  28      205B908D 
  28      658218CB 
  28      00008653 
  28      20BB
  29              		.text
  30              		.section	.gnu.lto_.inline.47fe30635420d30c,"",%progbits
  31 0000 789C6365 		.ascii	"x\234ce`b\010g@\000&\006\011)#F\006&\211\025[\030\031"
  31      60620867 
  31      40002606 
  31      09292346 
  31      06268915 
  32 0017 D816C833 		.ascii	"\330\026\3103\201\004\231y\200\022\023\374\3004#\003"
  32      81049979 
  32      801213FC 
  32      C0342303 
  33 0027 2B1F5064 		.ascii	"+\037Pd\202\037\220\317\010Q+}\355\024#\003\373-5,j"
  33      821F90CF 
  33      08512B7D 
  33      ED142303 
  33      FB2D352C 
  34 003c C1249007 		.ascii	"\301$\220\007\000\374\215\012\357"
  34      00FC8D0A 
  34      EF
  35              		.text
  36              		.section	.gnu.lto_.pureconst.47fe30635420d30c,"",%progbits
  37 0000 789C6365 		.ascii	"x\234ce`b`g`\000\222\273\030\031w1\002\000\005\355\001"
  37      60626067 
  37      600092BB 
  37      18197731 
  37      020005ED 
  38 0015 88       		.ascii	"\210"
  39              		.text
  40              		.section	.gnu.lto_chThdCreateFromHeap.47fe30635420d30c,"",%progbits
  41 0000 789C8595 		.ascii	"x\234\205\225\177LSW\024\307\357y\367\265\357A\001\305"
  41      7F4C5357 
  41      14C7EF79 
  41      F7B5EF41 
  41      01C5
  42 0012 31E78871 		.ascii	"1\347\210q\260\214\210\211\362\226e\213\306?\226\030"
  42      B08C8889 
  42      F296658B 
  42      C63F9618 
  43 0022 B344FF20 		.ascii	"\263D\377 Yt\177.1\254vB\262\332\246\305\251\373\207"
  43      59747F2E 
  43      31AC7642 
  43      B2DAA6C5 
  43      A9FB87
  44 0035 47C15F63 		.ascii	"G\301_c\212\272\211\320\332\275Fc\3041D\231:\031\242"
  44      8ABA89D0 
  44      DABD4663 
  44      C4314499 
  44      3A19A2
  45 0048 9DA828F8 		.ascii	"\235\250(\370\003\231\270)\210h\301\015\0212Mu\233\233"
  45      0399B829 
  45      8868C10D 
ARM GAS  /tmp/ccWyhZqE.s 			page 3


  45      11324D75 
  45      9B9B
  46 005a BA73EE2B 		.ascii	"\272s\356+\006\012\331\032\010}\357~\277\347\234{\316"
  46      060AD91A 
  46      087DEF7E 
  46      BFE79C7B 
  46      CE
  47 006b E75E2C4C 		.ascii	"\347^,Lb\213U\306\242\214\261w\360\027,\014\244\255"
  47      628B55C6 
  47      A28CB177 
  47      F0172C0C 
  47      A4AD
  48 007d 97182B56 		.ascii	"\227\030+V%In\345LO\344g[\031\323\2238\310\346{\031"
  48      25496EE5 
  48      4C4FE467 
  48      5B19D393 
  48      38C8E67B 
  49 0092 80BEE82A 		.ascii	"\200\276\350*\260\"\211\313P\004\345|'\207+\245\007"
  49      B02289CB 
  49      5004E57C 
  49      27872BA5 
  49      07
  50 00a3 77F12DDC 		.ascii	"w\361-\334\340\014d||p\321\037I\241G\200\014|\014\350"
  50      E00C647C 
  50      7C70D11F 
  50      49A14780 
  50      0C7C0CE8 
  51 00b7 1D9B9459 		.ascii	"\035\233\224Y\373t\335\247\207w^\265\006\352\333\365"
  51      FB74DDA7 
  51      87775EB5 
  51      06EADBF5 
  52 00c7 04834BAC 		.ascii	"\004\203K\254\012\345\3250\035\366\301t\312\276\037"
  52      0AE5D530 
  52      1DF6C174 
  52      CABE1F
  53 00d6 66A1F8F0 		.ascii	"f\241\370\360p\345\303\004\376:0\374\356/\3577,3\367"
  53      70E5C304 
  53      FE3A30FC 
  53      EE2FEF37 
  53      2C33F7
  54 00e9 0A637407 		.ascii	"\012ct\007\327\33708\207o\200\2176\342+\00650\023\345"
  54      D7DF3038 
  54      876F808F 
  54      36E22B06 
  54      353013E5 
  55 00fd BB8B3BDB 		.ascii	"\273\213;\333\222y\266\260n\250m\032H\211Y\373v\012"
  55      9279B6B0 
  55      6EA86D1A 
  55      488959FB 
  55      760A
  56 010f AB0CDFC6 		.ascii	"\253\014\337\306[e\006\265\302\352\273s\364\032\360"
  56      5B6506B5 
  56      C2EABB73 
  56      F41AF0
  57 011e 39C21AEA 		.ascii	"9\302\032\352\014\255\2169{\374Sw\224\350\213\014n\201"
  57      0CAD8E39 
  57      7BFC5377 
ARM GAS  /tmp/ccWyhZqE.s 			page 4


  57      94E88B0C 
  57      6E81
  58 0130 03F15E6C 		.ascii	"\003\361^lV\235\360\326\370~\035\342\374-\341\335t\376"
  58      569DF0D6 
  58      F87E1DE2 
  58      FC2DE1DD 
  58      74FE
  59 0142 69448999 		.ascii	"iD\211\231/\230i\255p0\336jepHX/\334k<\242\362\271\302"
  59      2F9869AD 
  59      7030DE6A 
  59      65704858 
  59      2FDC6B3C 
  60 015a FAFCD8DE 		.ascii	"\372\374\330\336\307\266\230\365\256\177\306W\"\257"
  60      C7B698F5 
  60      AE7FC657 
  60      22AF
  61 0168 02F5F166 		.ascii	"\002\365\361f\205\301w\302<\250\2275\001\237/\314\235"
  61      85C177C2 
  61      3CA89735 
  61      019F2FCC 
  61      9D
  62 0179 D7F67F30 		.ascii	"\327\366\1770\222\266B\244U\341p\274Sep\004f\222|\270"
  62      92B642A4 
  62      55E170BC 
  62      53657004 
  62      66927CB8 
  63 018d B4BFD766 		.ascii	"\264\277\327f\316k\032>\036<^:\024\233W\030\360\371"
  63      CE6B1A3E 
  63      1E3C5E3A 
  63      149B5718 
  63      F0F9
  64 019f FAEDE3C3 		.ascii	"\372\355\343\303\211\374]\021\271\266\257{U\326\036"
  64      89FC5D11 
  64      B9B6AF7B 
  64      55D61E
  65 01ae 3DACEBE1 		.ascii	"=\254\353\341\341\300\214\355\272~N\227\015\236\000"
  65      E1C08CED 
  65      BA7E4E97 
  65      0D9E00
  66 01bd C7CCE8DF 		.ascii	"\307\314\350\337c\364\243b~\214\324\341\301H\215\314"
  66      63F4A362 
  66      7E8CD4E1 
  66      C1488DCC 
  67 01cd 17086764 		.ascii	"\027\010gd\363\231r\031\255T\324c\377\224m%\246U\205"
  67      F3997219 
  67      AD54D463 
  67      FF946D25 
  67      A65585
  68 01e0 1FC61616 		.ascii	"\037\306\026\026\263\236\356\377\247\303\306\337\023"
  68      B39EEEFF 
  68      A7C3C6DF 
  68      13
  69 01ed D6E29AC0 		.ascii	"\326\342\232\300\256\244\230u\330\237>b\225\340\370"
  69      AEA49875 
  69      D89F3E62 
  69      95E0F8
  70 01fc 84D63B87 		.ascii	"\204\326;\207\236\355H\266\312\320\004Y\320\210\277"
ARM GAS  /tmp/ccWyhZqE.s 			page 5


  70      9EED48B6 
  70      CAD00459 
  70      D088BF
  71 020b 0D904570 		.ascii	"\015\220Ep!S'\300\012\214\361\321+u\035\020\326\237"
  71      215327C0 
  71      0A8CF1D1 
  71      2B751D10 
  71      D69F
  72 021d 3DDF805D 		.ascii	"=\337\200]N\037\216>JM\007l\215\204`#D\026 \036\260"
  72      4E1F8E3E 
  72      4A4D076C 
  72      8D846023 
  72      4416201E 
  73 0232 C3A85581 		.ascii	"\303\250U\201\346k\303\305\304d\240yM\002j|*P\023\323"
  73      E66BC3C5 
  73      C464A079 
  73      4D026A7C 
  73      2A5013D3 
  74 0246 188564EC 		.ascii	"\030\205d\354s\314B\007\242\014q\306\277|\020\326\207"
  74      73CC4207 
  74      A20C71C6 
  74      BF7C10D6 
  74      87
  75 0257 229B15CA 		.ascii	"\"\233\025\312\033\344\012\226\326\320p\277K)z\252\253"
  75      1BE40A96 
  75      D6D070BF 
  75      4B297AAA 
  75      AB
  76 0268 06B75571 		.ascii	"\006\267Uq\254\005NB\021\013r9\310-Dxc\264\325B\235"
  76      AC054E42 
  76      110B7239 
  76      C82D4478 
  76      63B4D542 
  77 027d 4F02157B 		.ascii	"O\002\025{?\335\340\311\254\037|\031\242p,\002\203\260"
  77      3FDDE0C9 
  77      AC1F7C19 
  77      A2702C02 
  77      83B0
  78 028f 3E28BDD1 		.ascii	">(\275\321|)\220\024\013\0129\346\276\313\020|<\235"
  78      7C299014 
  78      0B0A39E6 
  78      BECB107C 
  78      3C9D
  79 02a1 7C007CFE 		.ascii	"|\000|\376\201\246\210\215\2261\342\326\212\257\313"
  79      81A6888D 
  79      9631E2D6 
  79      8AAFCB
  80 02b0 146D0E21 		.ascii	"\024m\016!\213\233\255\244.0\370\021\264 \216\037\245"
  80      8B9BADA4 
  80      2E30F811 
  80      B4208E1F 
  80      A5
  81 02c1 1509F1BA 		.ascii	"\025\011\361\272DS\007\244;E:\005u%\273\326onH33\332"
  81      445307A4 
  81      3B453A05 
  81      7525BBD6 
  81      6F6E4833 
ARM GAS  /tmp/ccWyhZqE.s 			page 6


  82 02d7 F015562B 		.ascii	"\360\025V+\334\023%\212\005\220(@3\005\260\221\324?"
  82      DC13258A 
  82      05902840 
  82      3305B091 
  82      D43F
  83 02e9 2E91D5D4 		.ascii	".\221\325\324\211\271\234&]\362\304:\305\324\311\244"
  83      89B99C26 
  83      5DF2C43A 
  83      C5D4C9A4 
  84 02f9 3B43BA49 		.ascii	";C\272Ict\321\352\007]@:\325\324YHw\226t\251\330:\211"
  84      6374D1EA 
  84      075D403A 
  84      D5D45948 
  84      779674A9 
  85 0310 78D8DBDA 		.ascii	"x\330\333\332q\322\306\027\011\224\242\225\207\252\023"
  85      71D2C617 
  85      0994A295 
  85      87AA13
  86 031f 6228B5F8 		.ascii	"b(\265\370\263\375%m_\350!\337d\203\247@\313x\230\340"
  86      B3FD256D 
  86      5FE821DF 
  86      6483A740 
  86      CB7898E0 
  87 0333 1C64D1ED 		.ascii	"\034d\321\3551\2407\3114\226\024\310\200\363\270v\017"
  87      31A037C9 
  87      349614C8 
  87      80F3B876 
  87      0F
  88 0344 6F88BFCB 		.ascii	"o\210\277\313\017\337\202\027\264\225\352\370\011\177"
  88      0FDF8217 
  88      B495EAF8 
  88      097F
  89 0352 794C1190 		.ascii	"yL\021\220Uq\211\305-\265\325\315\376\220A+\255\361"
  89      557189C5 
  89      2DB5D5CD 
  89      FE90412B 
  89      ADF1
  90 0364 F8B5667F 		.ascii	"\370\265f\177v\200S.\006m$\220GQ\314\340\002X\261\222"
  90      7680532E 
  90      066D2490 
  90      4751CCE0 
  90      0258B192 
  91 0378 8B842EB0 		.ascii	"\213\204.\260\353\224r\267Q\377gb\346=0\364\312\014"
  91      EB9472B7 
  91      51FF6762 
  91      E63D30F4 
  91      CA0C
  92 038a 03FB41E7 		.ascii	"\003\373A\3472\322\250\25326\035.A\2468\005\277\337"
  92      32D2A8AB 
  92      32361D2E 
  92      41A63805 
  92      BFDF
  93 039c BFDA25E1 		.ascii	"\277\332%\341\033\270\014\262(\232A\273\270\216\253"
  93      1BB80CB2 
  93      289A41BB 
  93      B88EAB
  94 03ab 4F34F727 		.ascii	"O4\367'e\016\305\334\223I\373\360@}\247M\270\257\220"
ARM GAS  /tmp/ccWyhZqE.s 			page 7


  94      650EC5DC 
  94      9349FBF0 
  94      407DA74D 
  94      B8AF90
  95 03be 1B3A4016 		.ascii	"\033:@\026\334\211\00606\010\245\275e7\233\301\004 "
  95      DC890630 
  95      3608A5BD 
  95      65379BC1 
  95      0420
  96 03d0 6D2CC7A9 		.ascii	"m,\307\251U\324s\370\0119\306\205\273\333\266m\342\270"
  96      55D473F8 
  96      0939C685 
  96      BBDBB66D 
  96      E2B8
  97 03e2 809FD013 		.ascii	"\200\237\320\0230\370\024\232\012\371\030\\\205\"\203"
  97      30F8149A 
  97      0AF9185C 
  97      852283
  98 03f1 BF447143 		.ascii	"\277DqC\351\002\350&\002:\215\246\031\375\255g\217\022"
  98      E902E826 
  98      023A8DA6 
  98      19FDAD67 
  98      8F12
  99 0403 1B68C5BA 		.ascii	"\033h\305\272S\227\025j\266$\006\366GK\353\306$\003"
  99      5397156A 
  99      B62406F6 
  99      474BEBC6 
  99      2403
 100 0415 82C51471 		.ascii	"\202\305\024q\252\301\323\320\002\235\264\035\232l\237"
 100      AAC1D3D0 
 100      029DB41D 
 100      9A6C9F
 101 0424 EF80A2D5 		.ascii	"\357\200\242\325R6\334\312\313p\015\014\250\304\373"
 101      5236DCCA 
 101      CB700D0C 
 101      A8C4FB
 102 0433 14EBF919 		.ascii	"\024\353\371\0314\372\367q\272e\275J\301\246\002\300"
 102      34FAF771 
 102      BA65BD4A 
 102      C1A602C0 
 103 0443 2FE81A84 		.ascii	"/\350\032\204u\241\347[\270\250h\354>^\251\"#\\\027"
 103      75A1E75B 
 103      B8A868EC 
 103      3E5EA922 
 103      235C17
 104 0456 E791F658 		.ascii	"\347\221\366Xw\277\341\257d\362N\303\306\337\240\303"
 104      77BFE1AF 
 104      64F24EC3 
 104      C6DFA0C3 
 105 0466 F8EA0851 		.ascii	"\370\352\010Qq\024\005\377\207\242.A\321\213\215\245"
 105      711405FF 
 105      87A22E41 
 105      D18B8DA5 
 106 0476 60BCEEFF 		.ascii	"`\274\356\377\242\250}\204\"e\014\0107\011\204qXe/c"
 106      A2A87D84 
 106      22650C08 
 106      37098471 
ARM GAS  /tmp/ccWyhZqE.s 			page 8


 106      58652F63 
 107 048a D0436275 		.ascii	"\320Cbu<Vo\0079%gpk<V\275\002\253\333\243\260zf\334"
 107      3C566F07 
 107      39256770 
 107      6B3C56BD 
 107      02ABDBA3 
 108 04a2 3E611B21 		.ascii	">a\033!\246[\020sG\020\023\217G\344\005\036\024\\\\"
 108      A65B1073 
 108      4710138F 
 108      47E4051E 
 108      145C5C
 109 04b5 3EB2B8EF 		.ascii	">\262\270\357\006\340T\267\240\204\246\216\306\252\336"
 109      06E054B7 
 109      A084A68E 
 109      C6AADE
 110 04c4 F076CBBC 		.ascii	"\360v\313\274\243\372F$!\201A\037\314cC\330\301\240"
 110      A3FA4624 
 110      2181411F 
 110      CC6343D8 
 110      C1A0
 111 04d6 B85E1EE1 		.ascii	"\270^\036\341Hp\220RO{`\036v\234\337x\322\016x\203\002"
 111      48709052 
 111      4F7B601E 
 111      769CDF78 
 111      D20E7883 
 112 04eb 45C25CAF 		.ascii	"E\302\\\257\345\344h\346\217\313\253y\0125\257\307\256"
 112      E5E468E6 
 112      8FCBAB79 
 112      0A35AFC7 
 112      AE
 113 04fc D9F397AF 		.ascii	"\331\363\227\257]\231\347,\260\347\330\231%\337\221"
 113      5D99E72C 
 113      B0E7D899 
 113      25DF91
 114 050b E776CBDE 		.ascii	"\347v\313\336\202\317\0342\276s\310nO\201Kr\177\314"
 114      82CF1C32 
 114      BE73C86E 
 114      4F814B72 
 114      7FCC
 115 051d F33C2BA4 		.ascii	"\363<+\244\302\345|\265\327-\025\272\225\217\362\274"
 115      C2E57CB5 
 115      D72D15BA 
 115      958FF2BC 
 116 052d 8EF73D05 		.ascii	"\216\367=\005sFG\263\273\234N\327J\315\355\362\024z"
 116      734647B3 
 116      BB9C4ED7 
 116      4ACDEDF2 
 116      147A
 117 053f B5054B72 		.ascii	"\265\005Kr\027\346\256\301\320v\227\307\261\354\323"
 117      17E6AEC1 
 117      D07697C7 
 117      B1ECD3
 118 054e B9CE9C7C 		.ascii	"\271\316\234|6\177\002\265cM!i\265\205\271K\027/\325"
 118      367F02B5 
 118      634D2169 
 118      B585B94B 
 118      172FD5
ARM GAS  /tmp/ccWyhZqE.s 			page 9


 119 0561 16A2585B 		.ascii	"\026\242X[\274\322\376\311\252\345\016\315\356\364\026"
 119      BCD2FEC9 
 119      AAE50ECD 
 119      EEF416
 120 0570 7897ADB0 		.ascii	"x\227\255\260\333\321\032_v\301\210&\337\273\326\213"
 120      DBD11A5F 
 120      76C18826 
 120      DFBBD68B 
 121 0580 EB937397 		.ascii	"\353\223s\227.\311\240\242\260\334\331\031Yo2\311\303"
 121      2EC9A0A2 
 121      B0DCD919 
 121      596F32C9 
 121      C3
 122 0591 14A7C3E9 		.ascii	"\024\247\303\351\362\254e\377\002u$\340("
 122      F2AC65FF 
 122      027524E0 
 122      28
 123              		.text
 124              		.section	.gnu.lto_chThdCreateFromMemoryPool.47fe30635420d30c,"",%progbits
 125 0000 789C8594 		.ascii	"x\234\205\224mL\223W\024\307\357y\356C\237\322\202\370"
 125      6D4C9357 
 125      14C7EF79 
 125      EE439FD2 
 125      82F8
 126 0012 C29C636C 		.ascii	"\302\234cl\303e\215/Q\236e\331\213[\262d\213_\346\007"
 126      C3658D2F 
 126      519E65D9 
 126      8B5BB264 
 126      8B5FE607 
 127 0026 9245FDB2 		.ascii	"\222E\375\262d\211q\225)\311jI\213S?q-8ul\363e\021)"
 127      64897195 
 127      29C96A49 
 127      8B533F71 
 127      2D38756C 
 128 003e D83D8D86 		.ascii	"\330=\215\206\210t\2422e \242\235\210/\370J'l\012\""
 128      8874A232 
 128      6520A29D 
 128      882FF84A 
 128      276C0A22 
 129 0052 50CA44D1 		.ascii	"P\312D\321\314\305\315\315L\3359\267-\201B\034\201\322"
 129      CCC5CDCD 
 129      4CDD39B7 
 129      2D81421C 
 129      81D2
 130 0064 E739FFFF 		.ascii	"\3479\377\377\271\347\236\363\2737\211)l\227\231\261"
 130      B9E79EF3 
 130      BB378929 
 130      6C9799B1 
 131 0074 21C6D81B 		.ascii	"!\306\330\033\370\007I\014\224-\027\031[gV\024\265\225"
 131      F807490C 
 131      942D1719 
 131      5B675614 
 131      B595
 132 0086 3361E1A7 		.ascii	"3a\341\247Z\031\023)\034\324\350{\025\200\276\0103\260"
 132      5A191329 
 132      1CD4E87B 
 132      1580BE08 
ARM GAS  /tmp/ccWyhZqE.s 			page 10


 132      33B0
 133 0098 4285AB50 		.ascii	"B\205\253P\010\233\371\016\016m\305\007v\362o\270\301"
 133      089BF90E 
 133      0E6DC507 
 133      76F26FB8 
 133      C1
 134 00a9 19A8F878 		.ascii	"\031\250\370x\357Byx\002=\002d\341c\205\010m\322f\355"
 134      EF427978 
 134      023D0264 
 134      E1638508 
 134      6DD266ED 
 135 00bd 11C22382 		.ascii	"\021\302#\202;B\226\212\332\313\"\331\340\012\363\242"
 135      3B42968A 
 135      DACB22D9 
 135      E00AF3A2 
 136 00cd BC0A3261 		.ascii	"\274\0122a\017d\322\352{a\026\212o\326\237\332h\346"
 136      0F64D2EA 
 136      7B61168A 
 136      6FD69FDA 
 136      68E6
 137 00df 2F03C3EF 		.ascii	"/\003\303\357\275=\367^\230Q)}\375\245\\\274bp\016\325"
 137      BD3DF75E 
 137      9851297D 
 137      FDA55CBC 
 137      62700ED5 
 138 00f3 C047FAF0 		.ascii	"\300G\372\360\025\203\000\314@\265\247\257\256\003\270"
 138      158300CC 
 138      40B5A7AF 
 138      AE03B8
 139 0102 4D3AFDED 		.ascii	"M:\375\355\376\325q\3474\257\010\252\006\026\373}\242"
 139      FED571E7 
 139      34AF08AA 
 139      0616FB7D 
 139      A2
 140 0113 5565B04F 		.ascii	"Ue\260OZ\003\236\337\356p>[Z7\235}\024\326b\336\216"
 140      5A039EDF 
 140      EE703E5B 
 140      5A379D7D 
 140      14D662DE 
 141 0128 EA8CED45 		.ascii	"\352\214\355E\342\003\203'AM\242\031\233\265_\232\317"
 141      E2038327 
 141      414DA219 
 141      9BB55F9A 
 141      CF
 142 0139 DF6A3C6C 		.ascii	"\337j<l\346\2724?\251\257\374\313\0323w\355\220%\233"
 142      E6BA343F 
 142      A9AFFCCB 
 142      1A3377ED 
 142      90259B
 143 014c E040A2D5 		.ascii	"\340@\242\325\304\340\240\264\336\026%M\300_\223\326"
 143      C4E0A0B4 
 143      DE16254D 
 143      C05F93D6 
 144 015c F68EBD8B 		.ascii	"\366\216\275\213c\316\241X\311\032\324&Z5\006?\300\014"
 144      63CEA158 
 144      C91AD426 
 144      5A35063F 
ARM GAS  /tmp/ccWyhZqE.s 			page 11


 144      C00C
 145 016e D2DF2D8E 		.ascii	"\322\337-\216\364X\243=\237\206\217\007\216\026\337"
 145      F458A33D 
 145      9F868F07 
 145      8E16DF
 146 017d 89F53C08 		.ascii	"\211\365<\010\370|\265\367\350]\013\177S\246\336\327"
 146      F87CB5F7 
 146      E85D0B7F 
 146      53A6DED7 
 147 018d DFB5CAB6 		.ascii	"\337\265\312\266[\004\205\010\336\015\274\270M\2103"
 147      5B048508 
 147      DE0DBCB8 
 147      4D8833
 148 019c 02B39BA1 		.ascii	"\002\263\233\241.\232\3750f?$g\300H\035\274\035\016"
 148      2E9AFD30 
 148      663F2467 
 148      C0481DBC 
 148      1D0E
 149 01ae A8FC6DE9 		.ascii	"\250\374m\351\014\177\335\262YE+U5P=ykQ\324\252A\375"
 149      0C7FDDB2 
 149      59452B55 
 149      35503D79 
 149      6B51D4AA 
 150 01c4 E8C262D6 		.ascii	"\350\302b\326\223\221\177CV\376\256\264\256\013T\354"
 150      93917F43 
 150      56FEAEB4 
 150      AE0B54EC 
 151 01d4 4C8959BB 		.ascii	"L\211Y\273\2533\342V\005\216\214k\355;\370x{\252I\205"
 151      AB33E256 
 151      058E8C6B 
 151      ED3BF878 
 151      7BAA4985 
 152 01e8 46B04103 		.ascii	"F\260A\003\330v\243\342G\260\021#\210\306Q0\001c<\036"
 152      D876A3E2 
 152      47B01123 
 152      88C65130 
 152      01633C1E 
 153 01fc A4C8FE10 		.ascii	"\244\310\376\020\004\305\343'\033pH\263\313\233\007"
 153      04C5E327 
 153      1B7048B3 
 153      CB9B07
 154 020b 6A94E701 		.ascii	"j\224\347\001\333\243 \240H\0036\030e\032\320x-\370"
 154      DBA320A0 
 154      48033618 
 154      651AD078 
 154      2DF8
 155 021d 3AD98A1F 		.ascii	":\331\212\037\226T\240\211\245\0015\177\022P\037\323"
 155      9654A089 
 155      A501357F 
 155      12501FD3 
 156 022d 19A564EC 		.ascii	"\031\245d\354K\\\205\270.A*\361?\277\015\305\376\360"
 156      4B5C85B8 
 156      2E412AF1 
 156      3FBF0DC5 
 156      FEF0
 157 023f 768DD6F5 		.ascii	"v\215\326\365q\023V\327\3200\324\251\025>\022f\203["
 157      711356D7 
ARM GAS  /tmp/ccWyhZqE.s 			page 12


 157      D030D4A9 
 157      153E1266 
 157      835B
 158 0251 BD1C6B81 		.ascii	"\275\034k\201&(d>\216\033Ja\021\360d\311\022qM\224\263"
 158      2628643E 
 158      8E1B4A61 
 158      11F064C9 
 158      12714D94 
 159 0266 7E28BED6 		.ascii	"~(\276\326|1\220\022\263Cvt\223%\210*\036'>\010\236"
 159      7C319012 
 159      B3437674 
 159      9325882A 
 159      1E273E08 
 160 027b F2C1A688 		.ascii	"\362\301\246\210\225\302\230zK\351w%\232>\227\000\305"
 160      95C2987A 
 160      4BE97725 
 160      9A3E9700 
 160      C5
 161 028c 6D95D17E 		.ascii	"m\225\321~\031\034\003\335\207\263Fiir\242\316\022\325"
 161      191C03DD 
 161      87B34669 
 161      6972A2CE 
 161      12D5
 162 029e 01E98E93 		.ascii	"\001\351\216\223\316D\272#\203g\"S\242+ZP]\272\376\304"
 162      CE44BA23 
 162      83672253 
 162      A22B5A50 
 162      5DBAFEC4 
 163 02b2 258D70E0 		.ascii	"%\215p\340r\030\017N\267nL1\300\267N\010\221e\360T\254"
 163      72180F4E 
 163      B76E4C31 
 163      C0B74E08 
 163      9165F054 
 164 02c7 1C31C994 		.ascii	"\0341\311\224\235\257\354\367\324h\372>\021\015M\200"
 164      9DAFECF7 
 164      D468FA3E 
 164      110D4D80 
 165 02d7 9FC08032 		.ascii	"\237\300\2002l\004\246?\001:\346.\332\371\305G\321\314"
 165      6C04A63F 
 165      013AE62E 
 165      DAF9C547 
 165      D1CC
 166 02e9 565C0CF3 		.ascii	"V\\\014\363\313\272\306\333B\25449\263f*\315J\322\362"
 166      CBBAC6DB 
 166      42AC3439 
 166      B3662ACD 
 166      4AD2F2
 167 02fc 315B488A 		.ascii	"1[H\212\352T\322\235$]\352\370:ST\227D\272\026\322\245"
 167      EA54D29D 
 167      245DEAF8 
 167      3A535497 
 167      44BA16D2 
 168 0311 8DD2DDAF 		.ascii	"\215\322\335\257\272\327\011\244\323\242:\023\351N\221"
 168      BAD709A4 
 168      D3A23A13 
 168      E94E91
 169 0320 6E120E45 		.ascii	"n\022\016E\221\233k\015\035\267\362\367d\023\356\227"
ARM GAS  /tmp/ccWyhZqE.s 			page 13


 169      919B6B0D 
 169      1DB7F2F7 
 169      6413EE97 
 170 0330 1DAC4A8E 		.ascii	"\035\254J\216\021y\332;\263\274\350\334W\302\357\231"
 170      1179DA3B 
 170      B3BCE8DC 
 170      57C2EF99 
 171 0340 68F03438 		.ascii	"h\36048=\226I8\00364m\030\024M*52\015\262\340,\306n"
 171      3D964938 
 171      0336346D 
 171      18144D2A 
 171      35320DB2 
 172 0358 E145D3B8 		.ascii	"\341E\323\270\371\320\015\030\206\266\230Z\027\374\266"
 172      F9D00D18 
 172      86B6985A 
 172      17FCB6
 173 0367 DE2A41F5 		.ascii	"\336*A\365r\205%\204\316\325\314\371\230A+\305xb\254"
 173      72852584 
 173      CED5CCF9 
 173      98412BC5 
 173      7862AC
 174 037a D93BB382 		.ascii	"\331;\263\202\323Z\014\316\221@\035q\030\030\234\007"
 174      D35A0CCE 
 174      91401D71 
 174      18189C07 
 175 038a DC135C20 		.ascii	"\334\023\\ \374\201\265\321\222\273\214\332\277-\323"
 175      FC81B5D1 
 175      92BB8CDA 
 175      BF2DD3
 176 0399 FBC01065 		.ascii	"\373\300\020e8\255\211\362x\207\033\205Y\305\201\301"
 176      38AD89F2 
 176      78871B85 
 176      59C581C1 
 177 03a9 45982E47 		.ascii	"E\230.G\372\373\320\225N\005\337\300%Pe\321\014.\313"
 177      FAFBD095 
 177      4E05DFC0 
 177      255065D1 
 177      0C2ECB
 178 03bc 9BB9EA58 		.ascii	"\233\271\352Xs$ez$\346\236D\332?jj\333\255\322\335F"
 178      7324657A 
 178      24E69E44 
 178      DA3F6A6A 
 178      DBADD2DD 
 179 03d1 6E08812A 		.ascii	"n\010\201*\211\226\015`\014\217BO\311\365\026\210\002"
 179      89960D60 
 179      0C8F424F 
 179      C9F51688 
 179      02
 180 03e2 903EFA2C 		.ascii	"\220>\372,L\366\322l\340g<\013\030\030\330\272u\023"
 180      4CF6D26C 
 180      E0673C0B 
 180      1818D8BA 
 180      7513
 181 03f4 C700FEF8 		.ascii	"\307\000\376\370\037\202\301\247\320T\310\307\340\012"
 181      1F82C1A7 
 181      D054C8C7 
 181      E00A
ARM GAS  /tmp/ccWyhZqE.s 			page 14


 182 0402 141A3C9D 		.ascii	"\024\032<\235\362\3723\344Qi\244\243\222N\323\274\177"
 182      F2FA33E4 
 182      5169A4A3 
 182      924ED3BC 
 182      7F
 183 0413 B3BB528B 		.ascii	"\263\273R\213\015t\230Ze\014\265\376\251\006\177\006"
 183      0D74985A 
 183      650CB5FE 
 183      A9067F06 
 184 0423 2DD03E2E 		.ascii	"-\320>.\266S\241Cb\253\321\344~\001\035\005-O\036\004"
 184      B653A143 
 184      62ABD1E4 
 184      7E011D05 
 184      2D4F1E04 
 185 0437 D328D9B3 		.ascii	"\323(\331\263\240\300\257\350\222\007\357\306\360bO"
 185      A0C0AFE8 
 185      9207EFC6 
 185      F0624F
 186 0446 CD7EBD29 		.ascii	"\315~\275)\\\307\207\263kpUf7S\366k\004\230\212\215"
 186      5CC787B3 
 186      6B705566 
 186      3753F66B 
 186      04988A8D 
 187 045a 59EFDF8D 		.ascii	"Y\357\337\215J\332\337\350\256L\363\022\211\320)o\010"
 187      4ADADFE8 
 187      AE4CF312 
 187      89D0296F 
 187      08
 188 046b EAD8FEA1 		.ascii	"\352\330\376\241\206\177R\251\222\347p\214]\220i\360"
 188      867F52A9 
 188      92E7708C 
 188      5D9069F0 
 189 047b 8C389F09 		.ascii	"\2148\237\011L\372\376\207\311\353\222\311\3416\245"
 189      4CFAFE87 
 189      C9EB92C9 
 189      E136A5
 190 048a 61BEEEA7 		.ascii	"a\276\356\2471\031\2123\251\215\302\352\006a5\006\322"
 190      31198A33 
 190      A98DC2EA 
 190      06613506 
 190      D2
 191 049b 994B18F4 		.ascii	"\231K\030\364\220\330<\026\322\327}\234\026g\320;\026"
 191      90D83C16 
 191      D2D77D9C 
 191      1667D03B 
 191      16
 192 04ac D23E0969 		.ascii	"\322>\011ix\004\244\217\215\336c\3268\177\335\222\277"
 192      7804A48F 
 192      8DDE63D6 
 192      387FDD92 
 192      BF
 193 04bd 7EC95F22 		.ascii	"~\311_\"l\221a\330(\271\274$Uy\003\017\302\211.\311"
 193      6C9161D8 
 193      28B9BC24 
 193      5579030F 
 193      C2892EC9 
 194 04d1 1C318446 		.ascii	"\0341\204FoOp[\322\274:\261\021\27123\030\200y\354\016"
ARM GAS  /tmp/ccWyhZqE.s 			page 15


 194      6F4F705B 
 194      D2BC3AB1 
 194      11B93233 
 194      188079EC 
 195 04e6 76D027AF 		.ascii	"v\320'\257\301?\001hpJ\367\345\300<\3548\177x\244\015"
 195      C13F0168 
 195      704AF7E5 
 195      C03CEC38 
 195      7F78A40D 
 196 04fa F04E07CA 		.ascii	"\360N\007\312\204k\275\224\235\255G\177\235n\335U\240"
 196      846BBD94 
 196      9DAD477F 
 196      9D6EDD55 
 196      A0
 197 050b BB5D76DD 		.ascii	"\273]v\335\276b\331\332\225K\035y\366l;S\034\371*~\317"
 197      BE62D9DA 
 197      954B1D79 
 197      F66C3B53 
 197      1CF92A7E 
 198 0520 55F35D79 		.ascii	"U\363]yN%\377S\276\324\265\\)X\306W\273\363\225\202"
 198      4E25FF53 
 198      BED4B55C 
 198      2958C657 
 198      BBF39582 
 199 0534 7CED93A5 		.ascii	"|\355\223\245\356\334\017]ysGf\261;\035\016\347J=\337"
 199      EEDC0F5D 
 199      79734766 
 199      B13B1D0E 
 199      E74A3DDF 
 200 0548 E92A70EB 		.ascii	"\351*p\353\357/\314\231\237\263\006S\332\235\256\334"
 200      EF2FCC99 
 200      9FB30653 
 200      DA9DAEDC 
 201 0558 259FBFE5 		.ascii	"%\237\277\345\310^\301\336\031G\235\273\246\200\264"
 201      C85EC1DE 
 201      19479DBB 
 201      A680B4
 202 0567 FAFC9C45 		.ascii	"\372\374\234E\013\026\351\363Q\254/Xi\377l\325\262\\"
 202      0B16E9F3 
 202      51AC2F58 
 202      69FF6CD5 
 202      B25C
 203 0579 DDEE70E7 		.ascii	"\335\356p\347\271\227,\267\333\321\232Xn^\\\263\302"
 203      B9972CB7 
 203      DBD19A58 
 203      6E5E5CB3 
 203      C2
 204 058a BDD68DF1 		.ascii	"\275\326\215\361\2119\213\026fQQX\356\234,\333\253L"
 204      89398B16 
 204      66515158 
 204      EE9C2CDB 
 204      AB4C
 205 059c 7131CD91 		.ascii	"q1\315\221\353p\272\326\262\377\000\034\255\374\324"
 205      EB70BAD6 
 205      B2FF001C 
 205      ADFCD4
 206              		.text
ARM GAS  /tmp/ccWyhZqE.s 			page 16


 207              		.section	.gnu.lto_.symbol_nodes.47fe30635420d30c,"",%progbits
 208 0000 789C55CE 		.ascii	"x\234U\316\261\021\2030\024\003P}\031\257\221Y`\262"
 208      B1118330 
 208      1403507D 
 208      19AF9159 
 208      60B2
 209 0012 EF8EBB54 		.ascii	"\357\216\273T\224\301p\251\230\"u\352\314@\3415\302"
 209      94C170A9 
 209      982275EA 
 209      CC40E135 
 209      C2
 210 0023 21A0C1BF 		.ascii	"!\240\301\277\221\356\251\371\021D\206\216/:0\374\000"
 210      91EEA9F9 
 210      1144868E 
 210      2F3A30FC 
 210      00
 211 0034 C5277592 		.ascii	"\305'u\222\221n\225\330L\347)@J\255`\242\207\0122\275"
 211      916E95D8 
 211      4CE72940 
 211      4AAD60A2 
 211      870A32BD 
 212 0048 A9E04D8F 		.ascii	"\251\340M\217w\010h\260\254\233\005\265o\377\177\004"
 212      770868B0 
 212      AC9B05B5 
 212      6FFF7F04 
 213 0058 3DB03C95 		.ascii	"=\260<\225\026/\327R\0167\242\310\261\003n('s"
 213      162FD752 
 213      0E37A2C8 
 213      B1036E28 
 213      2773
 214              		.text
 215              		.section	.gnu.lto_.refs.47fe30635420d30c,"",%progbits
 216 0000 789C6365 		.ascii	"x\234ce`b`d\000\002\000\000I\000\011"
 216      60626064 
 216      00020000 
 216      490009
 217              		.text
 218              		.section	.gnu.lto_.decls.47fe30635420d30c,"",%progbits
 219 0000 789CB53A 		.ascii	"x\234\265:iTT\351\225\365\275\357U\001E\025\030t2\246"
 219      695454E9 
 219      95F5BDEF 
 219      55014515 
 219      187432A6 
 220 0014 C399783A 		.ascii	"\303\231x:fBr\322\322\332\231NgNNN\367x&\351>\223\236"
 220      664272D2 
 220      D2DA994E 
 220      674E4E4E 
 220      F77826E9 
 221 002b CE89E999 		.ascii	"\316\211\351\231_3u\350\242ZH\263MU\321\266\363'\205"
 221      5F3375E8 
 221      A25A48B3 
 221      4D55D1B6 
 221      F32785
 222 003e E0C22688 		.ascii	"\340\302&\210\202\254\202(\312*n\270\201\212\210\200"
 222      82AC8228 
 222      CA2A6EB8 
 222      818A8880 
ARM GAS  /tmp/ccWyhZqE.s 			page 17


 223 004e ECAEA820 		.ascii	"\354\256\250 \253\202\"\002\002*\213\300\334o\251z\257"
 223      AB822202 
 223      022A8BC0 
 223      DC6FA97A 
 223      AF
 224 005f 8A2A353F 		.ascii	"\212*5?\206\303\255\367\356\367\356w\367{\277\357-J"
 224      86C3ADF7 
 224      EEF7EE77 
 224      F77BBFEF 
 224      2D4A
 225 0071 85A06878 		.ascii	"\205\240hx_\241HV)\024\217\220B\261\010\177X\241P\224"
 225      5FA14856 
 225      29148F90 
 225      42B1087F 
 225      58A15094 
 226 0085 0190A32F 		.ascii	"\001\220\243/\000\\R|\241`\177\344\374\"\320\365\000"
 226      005C527C 
 226      A1607FE4 
 226      FC22D0F5 
 226      00
 227 0096 3C009805 		.ascii	"<\000\230\005\000\026\012QP,\371\373+0x\007\216>\000"
 227      00160A51 
 227      502CF9FB 
 227      2B307807 
 227      8E3E00
 228 00a9 2B00CC40 		.ascii	"+\000\314@[\012\320\006\347W\001\252\001N\002|\0110"
 228      5B0AD006 
 228      E75701AA 
 228      014E027C 
 228      0930
 229 00bb 05E3BF01 		.ascii	"\005\343\277\001P\012L\326\"\234\237\207\243\033\340"
 229      500A4CD6 
 229      229C9F87 
 229      A31BE0
 230 00ca 1A002D80 		.ascii	"\032\000-\200\027\300\014\214G\002\374\0341\335\274"
 230      17C00C8C 
 230      4702FC1C 
 230      31DDBC
 231 00d9 05A6D300 		.ascii	"\005\246\323\000\340np\234\200\343\010\300\023\200\247"
 231      E06E709C 
 231      80E308C0 
 231      1380A7
 232 00e8 00E30063 		.ascii	"\000\343\000c\000\351\000\036\\w\242\257\017\300\012"
 232      00E9001E 
 232      5C77A2AF 
 232      0FC00A
 233 00f7 80770466 		.ascii	"\200w\004f\003\261\305\027\316\377\301\211\035\027\301"
 233      03B1C517 
 233      CEFFC189 
 233      1D17C1
 234 0106 8E1F3AD8 		.ascii	"\216\037:\330\321\205\234\333@t'v\374\010\370`\200{"
 234      D1859CDB 
 234      40742776 
 234      FC08F860 
 234      807B
 235 0118 DCDEBFD5 		.ascii	"\334\336\277\325\026\017\231-\035.\354\371\206\323\221"
 235      160F992D 
ARM GAS  /tmp/ccWyhZqE.s 			page 18


 235      1D2EECF9 
 235      86D391
 236 0127 58886FB0 		.ascii	"X\210o\260\211\230\355\347`\333^\214N%\326\236\027\272"
 236      8998EDE7 
 236      60DB5E8C 
 236      4E25D69E 
 236      17BA
 237 0139 51172224 		.ascii	"Q\027\"$\313\350(B\354\027Q\240\350\242\365\017!:\016"
 237      CBE82842 
 237      EC1751A0 
 237      E8A2F50F 
 237      213A0E
 238 014c A302FD65 		.ascii	"\243\002\375e\204t\010Ygp\\\340\250\300Y\322\177>\031"
 238      84740859 
 238      67705CE0 
 238      A8C059D2 
 238      7F3E19
 239 015f C938B2CB 		.ascii	"\3118\262\313L\222\365O\301\310\231&\012\312\235\315"
 239      4C92F54F 
 239      C1C89926 
 239      0ACA9DCD 
 240 016f 46822400 		.ascii	"F\202$\000!\371\004\031C\2466\277n\323O!\031\207\254"
 240      21F90419 
 240      43A636BF 
 240      6ED34F21 
 240      1987AC
 241 0182 D63FCB68 		.ascii	"\326?\313h\036T\367\240\373d4\357cD\307r_\026\316\271"
 241      1E54F7A0 
 241      FB6434EF 
 241      6344C772 
 241      5F16CEB9 
 242 0196 610191F3 		.ascii	"a\001\221\363\236\231\302\337\255)\265\260?\3675\222"
 242      9E99C2DF 
 242      AD29B5B0 
 242      3FF73592 
 243 01a6 DB8E94CE 		.ascii	"\333\216\224\316\035U\023\227\243/5\350+\221\014]\213"
 243      1D551397 
 243      A32F35E8 
 243      2B910C5D 
 243      8B
 244 01b7 399A8D77 		.ascii	"9\232\215wb\344\243F\"a\335\2229\340\005\350\0125Z\345"
 244      62E4A346 
 244      2261DD92 
 244      39E005E8 
 244      0A355AE5 
 245 01cb 7CC295C5 		.ascii	"|\302\225\305\227\325\336l\202\000\350\365\361\346\034"
 245      97D5DE6C 
 245      8200E8F5 
 245      F1E61C
 246 01da 4F366119 		.ascii	"O6a\031\240#'\232\013\360\3124*9\332\262L@\377\361}"
 246      A023279A 
 246      0BF0CA34 
 246      2A39DAB2 
 246      4C40FFF1 
 247 01ef 7414F9A2 		.ascii	"t\024\371\242r\004\231\202\216\241\225\360{\004\211"
 247      72049982 
 247      8EA195F0 
ARM GAS  /tmp/ccWyhZqE.s 			page 19


 247      7B0489
 248 01fe 4C9D93E5 		.ascii	"L\235\223\345\3159jM\234\305\262\305\222\034m\361\370"
 248      CD396A4D 
 248      9CC5B2C5 
 248      921C6DF1 
 248      F8
 249 020f 945C4765 		.ascii	"\224\\Ge@]J\251\217#\015*Fk\030my\315\301\021w\374#"
 249      405D4AA9 
 249      8F230D2A 
 249      466B186D 
 249      79CDC111 
 250 0226 629F70B9 		.ascii	"b\237p\271\275\261\315\023i\374\\\314D\025\310O6\371"
 250      BDB1CD13 
 250      69FC5CCC 
 250      4415C84F 
 250      36F9
 251 0238 10D1A57A 		.ascii	"\020\321\245z1\346\207\205\026\3132t\022\306O \314\257"
 251      31E68785 
 251      16CB3274 
 251      12C64F20 
 251      CCAF
 252 024a 1132CE7F 		.ascii	"\0212\316\1772gR\244\226\022\212\022Dm\275\337PTB\234"
 252      326752A4 
 252      96128A12 
 252      446DBDDF 
 252      5054429C 
 253 025e F3533522 		.ascii	"\363S5\"1\362&t#gg\264l\210P\\O\2328\350\206\377\215"
 253      31F22674 
 253      236767B4 
 253      6C88505C 
 253      4F9A38E8 
 254 0275 AA95D1D8 		.ascii	"\252\225\321\330Q#\"?5\023\3702\363\037\323',\226U\250"
 254      5123223F 
 254      3513F832 
 254      F31FD327 
 254      2C9655A8 
 255 0289 12A9D159 		.ascii	"\022\251\321YI\342O\325\360\273\303\246\271BR\373\034"
 255      49E24FD5 
 255      F0BBC3A6 
 255      B94252FB 
 255      1C
 256 029a A80D6C09 		.ascii	"\250\015l\011\035:\003\203\247a\020D\024\035\334\225"
 256      1D3A0383 
 256      A7611044 
 256      141DDC95 
 257 02aa AFC23188 		.ascii	"\257\3021\210\312\250\273\320yGDj?\247\014.8a\300\224"
 257      CAA8BBD0 
 257      7947446A 
 257      3FA70C2E 
 257      3861C094 
 258 02be 192B7AB7 		.ascii	"\031+z\267n\253\305\"\240\363\240L\225\244\014\350\306"
 258      6EABC522 
 258      A0F3A04C 
 258      95A40CE8 
 258      C6
 259 02cf CCB7EC99 		.ascii	"\314\267\354\231\313\325\342\243L\210\345\341\225\207"
 259      CBD5E2A3 
ARM GAS  /tmp/ccWyhZqE.s 			page 20


 259      4C88E5E1 
 259      9587
 260 02dd 822B2197 		.ascii	"\202+!\227\\\012\251/_\225>K,\256\006!\027%!\347\255"
 260      5C0AA92F 
 260      5F953E4B 
 260      2CAE0621 
 260      172521E7 
 261 02f2 42AA2FD6 		.ascii	"B\252/\326'h\250\217\011\305)\346\343[\323\347g5\370"
 261      2768A88F 
 261      09C529E6 
 261      E35BD3E7 
 261      6735F8
 262 0305 19952CF6 		.ascii	"\031\225,\366\036\230x\242B~\276\010\251\001\016YSX"
 262      1E9878A2 
 262      427EBE08 
 262      A9010E59 
 262      5358
 263 0317 81EA60C2 		.ascii	"\201\352`\302e\204\255- \323\002\272\215\377\225\014"
 263      6584AD2D 
 263      20D302BA 
 263      8DFF950C 
 264 0327 335F8EE7 		.ascii	"3_\216\347[\360J\005\372\300\027\275\017:\326\202\216"
 264      5BF04A05 
 264      FAC017BD 
 264      0F3AD682 
 264      8E
 265 0338 E49202D5 		.ascii	"\344\222\002\325\203\206W@\303L\213;\035\001\201\311"
 265      83865740 
 265      C34C8B3B 
 265      1D0181C9 
 266 0348 2DFBB33C 		.ascii	"-\373\263<\324|\326\216\327\316\002\352\361\311\256"
 266      D47CD68E 
 266      D7CE02EA 
 266      F1C9AE
 267 0357 9B823C47 		.ascii	"\233\202<G\033@\023)G\257\322\374!\204}q\375\217\225"
 267      1B401329 
 267      47AFD2FC 
 267      21847D71 
 267      FD8F95
 268 036a D4381843 		.ascii	"\3248\030C5\366\011\364\305\322\004\372\202%\320\301"
 268      35F609F4 
 268      C5D204FA 
 268      8225D0C1 
 269 037a 99B1D31A 		.ascii	"\231\261\323\032\374\2029\376\332\371\247}\356\266\014"
 269      FC8239FE 
 269      DAF9A77D 
 269      EEB60C
 270 0389 1ABBF86E 		.ascii	"\032\273\370ne7\361g\033\210l\221\374\371\205\313\014"
 270      6537F167 
 270      1B886C91 
 270      FCF985CB 
 270      0C
 271 039a 6A050BBE 		.ascii	"j\005\013\276\340\261i\206\301&fC\375\261\3506V\305"
 271      E0B16986 
 271      C1266643 
 271      FDB1E836 
 271      56C5
ARM GAS  /tmp/ccWyhZqE.s 			page 21


 272 03ac 84532353 		.ascii	"\204S#S-\263r\252Q\311\352\330]V\307>\254\216O\015^"
 272      2DB372AA 
 272      51C9EAD8 
 272      5D56C73E 
 272      AC8E4F0D 
 273 03c1 AD53B3B2 		.ascii	"\255S\263\262\266 \300O\217\226\234\3262\274\232\314"
 273      B620C04F 
 273      8F969CD6 
 273      32BC9ACC 
 274 03d1 3E3B6939 		.ascii	">;i9\011\371\302\372M\355T\317!\015>\315\220\211\356"
 274      09F9C2FA 
 274      4DED54CF 
 274      210D3ECD 
 274      9089EE
 275 03e4 C2620F5C 		.ascii	"\302b\017\\\305\220\344\256\231*O\\\303\220\202m\267"
 275      C590E4AE 
 275      992A4F5C 
 275      C390826D 
 275      B7
 276 03f5 86BC703D 		.ascii	"\206\274p=CJk2\032=\361\015\206\344G\335j\322\342;\274"
 276      434A6B32 
 276      1A3DF10D 
 276      86E447DD 
 276      6AD2E23B 
 277 040a 7BCD7557 		.ascii	"{\315uW`|\237!\305\013S\215\336\270\237!\235\373\352"
 277      607C9F21 
 277      C50B538D 
 277      DEB89F21 
 277      9DFBEA
 278 041d 1E6BF038 		.ascii	"\036k\3608C\366\325\214EilF\261\336\224v#j\007\246c"
 278      43F6D58C 
 278      45696C46 
 278      B1DE9476 
 278      236A07A6 
 279 0432 E0851E66 		.ascii	"\340\205\036fgo^\177\237`\243\353e\203gS\237wy\311\333"
 279      676F5E7F 
 279      9F60A3EB 
 279      65836753 
 279      9F7779C9 
 280 0447 14B437A9 		.ascii	"\024\2647\251M\365\3236\325gmS\205\017c\262\265\362"
 280      4DF5D336 
 280      D5676D53 
 280      850F63B2 
 280      B5F2
 281 0459 14E8B76B 		.ascii	"\024\350\267kS\003\3626ua\256\244E\3003TE\2410\2413"
 281      5303F236 
 281      7561AEA4 
 281      45C03354 
 281      45A130A1 
 282 046e 0D233F0D 		.ascii	"\015#?\015\357@\217Ve^'\341\034\204\011\017\244p\016"
 282      EF408F56 
 282      655E27E1 
 282      1C84090F 
 282      A4700E
 283 0481 D01472C1 		.ascii	"\320\024r\301\036=\204\220\332I\330\223v\247\330\033"
 283      1E3D8490 
 283      DA49D893 
ARM GAS  /tmp/ccWyhZqE.s 			page 22


 283      76A7D81B 
 284 0491 5760EA84 		.ascii	"W`\352\2043\347\237\256cA\363\005\354\334\375g\325\274"
 284      33E79FAE 
 284      6341F305 
 284      ECDCFD67 
 284      D5BC
 285 04a3 17F792A0 		.ascii	"\027\367\222\240\025\226\037\351\360\304\227\030i\311"
 285      15961FE9 
 285      F0C49718 
 285      69C9
 286 04b1 CB980A6F 		.ascii	"\313\230\012o|\205!\326p\372\360p\026\016f\357\3240"
 286      7C8521D6 
 286      70FAF070 
 286      160E66EF 
 286      D430
 287 04c3 FC23406F 		.ascii	"\374#@o\266w\027`\334\304h\273N$^v\3077\031Ry\272\252"
 287      B6771760 
 287      DCC468BB 
 287      4E245E76 
 287      C7371952 
 288 04da 8E67CDFB 		.ascii	"\216g\315\373\200F?\310\351\363\302]\354Z]RL\202\032"
 288      80463FC8 
 288      E9F3C25D 
 288      EC5A5D52 
 288      4C821A
 289 04ed 3FA48850 		.ascii	"?\244\210P\222\270c\304e\243\232zM\017\371\005\353!"
 289      92B863C4 
 289      65A39A7A 
 289      4D0FF905 
 289      EB21
 290 04ff 9310AC09 		.ascii	"\223\020\254\011'=$k\362\376c\017\246\200\037i\216\347"
 290      273D246B 
 290      F2FE630F 
 290      A6801F69 
 290      8EE7
 291 0511 260B54F8 		.ascii	"&\013T\370\031S\240v\340F\203\022\3172$\257\246\357"
 291      1953A076 
 291      E0468312 
 291      CF3224AF 
 291      A6EF
 292 0523 3D1C2FD2 		.ascii	"=\034/\322\363s\251UO\335q2C\372\027\027\376\202\363"
 292      F373A955 
 292      4FDD7132 
 292      43FA1717 
 292      FE82F3
 293 0536 D8796C69 		.ascii	"\330ylil\235\027.dH\376\305\312\0217|\206!\326\205\320"
 293      6C9D172E 
 293      6448FEC5 
 293      CA11377C 
 293      8621D685 
 294 054b 872D8485 		.ascii	"\207-\204\205\303=\2570\256g\327\372\272\352\217z\341"
 294      C33DAF30 
 294      AE67D7FA 
 294      BAEA8F7A 
 294      E1
 295 055c AB0CA97C 		.ascii	"\253\014\251|\231U\351\215\333\031\3222\2608\241\306"
 295      9955E98D 
ARM GAS  /tmp/ccWyhZqE.s 			page 23


 295      DB19D232 
 295      B038A1C6 
 296 056c 1D0C399D 		.ascii	"\035\0149\235\271P-\342n\206lM,\333K\012J\305:\201\033"
 296      B9502DE2 
 296      6E866C4D 
 296      2CDB4B0A 
 296      4AC53A81 
 297 0581 0C3D189F 		.ascii	"\014=\030\237=%\262!b\373w0\224\223\321u\314\013\367"
 297      3D25B221 
 297      62FB7730 
 297      9493D175 
 297      CC0BF7
 298 0594 D329C248 		.ascii	"\323)\302H_l\234\273l=\371\355\366\355\244\205o\027"
 298      5F6C9CBB 
 298      6C3DF9ED 
 298      F6EDA485 
 298      6F17
 299 05a6 D468AB60 		.ascii	"\324h\253`\363\214\212w\003\313\022/o\023\374\010o\352"
 299      F38C8A77 
 299      03CB122F 
 299      6F13FC08 
 299      6FEA
 300 05b8 E518C117 		.ascii	"\345\030\301\027E\013\264\033L\314\214\237\024\361\010"
 300      450BB41B 
 300      4CCC8C9F 
 300      14F108
 301 05c7 9311D737 		.ascii	"\223\021\32771\357\315\302\264\224A\234\023\006\326"
 301      31EFCDC2 
 301      B494419C 
 301      1306D6
 302 05d6 F5645D05 		.ascii	"\365d]\005]ObA\231\035\2222\240\033\357\206\226\271"
 302      5D4F6241 
 302      991D9232 
 302      A01BEF86 
 302      96B9
 303 05e8 0C0D9E62 		.ascii	"\014\015\236bB*\313\016\354P\333\014\251/\377%\013q"
 303      422ACB0E 
 303      EC50DB0C 
 303      A92FFF25 
 303      0B71
 304 05fa 22CC8D97 		.ascii	"\"\314\215\227\346\306\012.-Ipn\311\354\356\263\025"
 304      E6C60A2E 
 304      2D49706E 
 304      C9ECEEB3 
 304      15
 305 060b 9E789639 		.ascii	"\236x\22698>\365\351!/lQRd\356\321\236\273\210EO\003"
 305      383EF5E9 
 305      212F6C51 
 305      5264EED1 
 305      9EBB8845 
 306 0621 E896CABB 		.ascii	"\350\226\312\273\273\274ya\320U{v\307\202\210\023\031"
 306      BBBC7961 
 306      D0557B76 
 306      C7828813 
 306      19
 307 0632 6D47C28D 		.ascii	"mG\302\215N\025N\245\21003\334P\346iS\265q%,>(\025\364"
 307      4E154EA5 
ARM GAS  /tmp/ccWyhZqE.s 			page 24


 307      883033DC 
 307      50E66953 
 307      B571252C 
 308 064a DCFD567A 		.ascii	"\334\375Vz\356q\256g][\336\244;\316b\342\316\356J\201"
 308      EE71AE67 
 308      5D5BDEA4 
 308      3BCE62E2 
 308      CEEE4A81 
 309 065e 5CDCCF90 		.ascii	"\\\334\317\220\356\364\370JO|\222!\027\222&\316x\340"
 309      EEF4F84A 
 309      4F7C9221 
 309      179226CE 
 309      78E0
 310 0670 4A866C9F 		.ascii	"J\206l\237\356?\352\215k\0312\034]\335'\342&\206\224"
 310      EE3FEA8D 
 310      6B19321C 
 310      5DDD27E2 
 310      268694
 311 0683 6F7D50E4 		.ascii	"o}P\344\016\306\370B&!\331\202\342\313\026\224\223\325"
 311      0EC6F842 
 311      2621D982 
 311      E2CB1694 
 311      93D5
 312 0695 9365226E 		.ascii	"\223e\"ng\346\234:\371 S-K\241\017\243i\012\345\201"
 312      67E69C3A 
 312      F920532D 
 312      4BA10FA3 
 312      690AE581 
 313 06a9 45FB248B 		.ascii	"E\373$\213|m\013\212\3752\232\013\346\370rsr\300\234"
 313      7C6D0B8A 
 313      FD329A0B 
 313      E6F87273 
 313      72C09C
 314 06bc 6C664E51 		.ascii	"lfNQna\255\026\337c\0222R/\235\364\222\226\254\242w"
 314      6E61AD16 
 314      DF631232 
 314      522F9DF4 
 314      9296ACA2 
 315 06d1 4FD0BC38 		.ascii	"O\320\2748\000\022\366K\022\362\004\027\"\362\235\213"
 315      0012F64B 
 315      12F20417 
 315      22F29D8B 
 316 06e1 D8B2FB46 		.ascii	"\330\262\373F\251\007\356g\"\372\252/\247`Y\372|\324"
 316      A907EE67 
 316      22FAAA2F 
 316      A76059FA 
 316      7CD4
 317 06f3 418D3804 		.ascii	"A\2158\004\"\016J\"\016\270\022Q\340\\Dj\346\340J<\314"
 317      220E4A22 
 317      0EB81251 
 317      E05C446A 
 317      E6E04A3C 
 318 0708 5C1A9FB0 		.ascii	"\\\032\237\260P\216\3618\023\227sa6I\262\250\337\355"
 318      508EF138 
 318      13977361 
 318      3649B2A8 
 318      DFED
ARM GAS  /tmp/ccWyhZqE.s 			page 25


 319 071a 63540C92 		.ascii	"cT\014\222\012\337BR\221sI\367s\306&E<\315D\035\274"
 319      0ADF4252 
 319      917349F7 
 319      73C62645 
 319      3CCD441D 
 320 072f 5C7ECD0D 		.ascii	"\\~\315\015/0Q\003\217\217Okm\242\206A\324\021\020U"
 320      2F305103 
 320      8F8F4F6B 
 320      6DA28641 
 320      D4111055 
 321 0743 FA16A2CA 		.ascii	"\372\026\242\312\234\213\032\215y\330\313W\361\225\244"
 321      9C8B1A8D 
 321      79D8CB57 
 321      F195A4
 322 0752 40F6A47F 		.ascii	"@\366\244\177\200\267\253\250\340\247\005\255\307I\343"
 322      80B7ABA8 
 322      E0A705AD 
 322      C749E3
 323 0761 F453A3BF 		.ascii	"\364S\243\277\312\262\306\217eM\366\256\376\275\036"
 323      CAB2C68F 
 323      654DF6AE 
 323      FEBD1E
 324 0770 78272515 		.ascii	"x'%\025\366\215\334\211\326\312\262fM\026\335\310V\200"
 324      F68DDC89 
 324      D6CAB266 
 324      4D16DDC8 
 324      5680
 325 0782 6E2724DD 		.ascii	"n'$\335\374l\252\345E[\276\027\265V\201nB\035\\#up\022"
 325      FC6CAAE5 
 325      455BBE17 
 325      B556816E 
 325      421D5C23 
 326 0799 B4F3E3DA 		.ascii	"\264\363\343\332\035\007\355\2161\355\266\307\024&y"
 326      1D07ED8E 
 326      31EDB6C7 
 326      142679
 327 07a8 E20C26E4 		.ascii	"\342\014&\344J\347\266oey\263\256\236\346\315\031\220"
 327      4AE7B66F 
 327      6579B3AE 
 327      9EE6CD19 
 327      90
 328 07b9 714A9251 		.ascii	"qJ\222Q!\270\026r\332\271\220\356\362\316Z\021\3473"
 328      21B81672 
 328      DAB990EE 
 328      F2CE5A11 
 328      E733
 329 07cb 21D7F76E 		.ascii	"!\327\367n\033"
 329      1B
 330 07d0 534A525A 		.ascii	"SJRZ\360\375\313\260\320\212\250\022\304\234\225\304"
 330      F0FDCBB0 
 330      D08AA812 
 330      C49C95C4 
 331 07e0 9C798D98 		.ascii	"\234y\215\230s\316\305\024\216=\276\352%\337\024\020"
 331      73CEC514 
 331      8E3DBEEA 
 331      25DF1410 
 332 07f0 96D2A6A0 		.ascii	"\226\322\246\240J\260\356\013\267\364\237\272\215p\007"
ARM GAS  /tmp/ccWyhZqE.s 			page 26


 332      4AB0EE0B 
 332      B7F49FBA 
 332      8D7007
 333 07ff 0BC2A596 		.ascii	"\013\302\245\226\350\"O\334\305\220\376\371\375\017"
 333      E8224FDC 
 333      C590FEF9 
 333      FD0F
 334 080d DC703F43 		.ascii	"\334p?C\246\323\257\036\324\342G\014I)m\357P\341\021"
 334      A6D3AF1E 
 334      D4E2470C 
 334      49296DEF 
 334      50E111
 335 0820 86741F59 		.ascii	"\206t\037Y\250R\3411\206\344v=+s\303\023\314\272K\267"
 335      A852E131 
 335      86E4763D 
 335      2B73C313 
 335      CCBA4BB7 
 336 0834 F61769ED 		.ascii	"\366\027i\355\357\203\340v\313\326\215\256\200\346_"
 336      EF83E076 
 336      CBD68DAE 
 336      80E65F
 337 0843 DADF058D 		.ascii	"\332\337\005\215f\377C\224\305\202P\255\240A\227%\373"
 337      66FF4394 
 337      C58250AD 
 337      A0419725 
 337      FB
 338 0854 BFE43741 		.ascii	"\277\3447A\275[\352n\270\3439&\352\331\350\315WZ\274"
 338      BD5BEA6E 
 338      B8E33926 
 338      EAD9E8CD 
 338      575ABC
 339 0867 C810CBCC 		.ascii	"\310\020\313\314\205{*\034\355\306\366a\251\323\275"
 339      857B2A1C 
 339      EDC6F661 
 339      A9D3BD
 340 0876 1E781B43 		.ascii	"\036x\033C\032n\305_\024q,C\0167\365Z\2248\201!UqM\257"
 340      1A6EC55F 
 340      14712C43 
 340      0E37F55A 
 340      94388121 
 341 088e DC711243 		.ascii	"\334q\022C2\317m\337\242\306)\014)Y\234L\322\340T\206"
 341      32CF6DDF 
 341      A2C6290C 
 341      29599C4C 
 341      D2E05486 
 342 08a2 4C575DCB 		.ascii	"LW]\313\027X\316\256&;\276\352\370\006\314zu\036\334"
 342      1758CEAE 
 342      263BBEEA 
 342      F806CC7A 
 342      751EDC
 343 08b5 607AA6E6 		.ascii	"`z\246\346W\324z\241\325\354o\371j\277\325\371\304\332"
 343      57D47AA1 
 343      D5EC6FF9 
 343      6ABFD5F9 
 343      C4DA
 344 08c7 EAB611FC 		.ascii	"\352\266\021\374\270\2441\301\222W\303\254i\000k\356"
 344      B8A431C1 
ARM GAS  /tmp/ccWyhZqE.s 			page 27


 344      9257C3AC 
 344      69006BEE 
 345 08d7 08CB25EB 		.ascii	"\010\313%\353\257\3238\224\221_\005\233r\375\2773,\325"
 345      AFD33894 
 345      915F059B 
 345      72FDBF33 
 345      2CD5
 346 08e9 319892D7 		.ascii	"1\230\222\327;\222\227\013\204|\255D]#\243\276\352\234"
 346      3B92970B 
 346      847CAD44 
 346      5D23A3BE 
 346      EA9C
 347 08fb B98CBA5F 		.ascii	"\271\214\272_F]\343H=\277\204\372\277$\352\026Gj\177"
 347      465DE348 
 347      3DBF84FA 
 347      BF24EA16 
 347      476A7F
 348 090e 07E26119 		.ascii	"\007\342a\031q\263Sb\271\221\2632\352FG\352k2\237\354"
 348      71B35362 
 348      B991B332 
 348      EA4647EA 
 348      6B329FEC 
 349 0922 A20B98C5 		.ascii	"\242\013\230\305\362\261\250@\355\220\327m\002\271\201"
 349      F2B1A840 
 349      ED90D76D 
 349      02B981
 350 0931 E033202F 		.ascii	"\3403 /\320=H\237[\302jt\033\340.@\007\300\015\200k"
 350      D03D489F 
 350      5BC26A74 
 350      1BE02E40 
 350      07C00D80 
 351 0946 00D7013A 		.ascii	"\000\327\001:\001n\012\253\351\375\030\223=!\223\335"
 351      016E0AAB 
 351      E9FD1893 
 351      3D2193DD 
 352 0956 E45C36B5 		.ascii	"\344\\6\265\213\345bk\3472\232\213@\245\340\211(\261"
 352      8BE5626B 
 352      E7329A8B 
 352      40A5E089 
 352      28B1
 353 0968 EAEEF649 		.ascii	"\352\356\366I\211\2664\274Oy\3259\017\026\263\003Rf"
 353      89B634BC 
 353      4F79D539 
 353      0F16B303 
 353      5266
 354 097a 77E3EE9D 		.ascii	"w\343\356\235\242\274\026\345\304\012\324e\253\305\356"
 354      A2BC16E5 
 354      C40AD465 
 354      ABC5EE
 355 0989 AAFC975A 		.ascii	"\252\374\227Z\334F\363\016\267\215eWi\320\352\345~L"
 355      DC46F30E 
 355      B78D6557 
 355      69D0EAE5 
 355      7E4C
 356 099b 223487CC 		.ascii	"\"4\207\314\207M,\241`\006\272\004B{\234\307e\027_\373"
 356      874D2CA1 
 356      6006BA04 
ARM GAS  /tmp/ccWyhZqE.s 			page 28


 356      427B9CC7 
 356      65175FFB 
 357 09af 89EB6C97 		.ascii	"\211\353l\227\357sz\342\272^p]7w\0157\266\210\031\333"
 357      EF737AE2 
 357      BA5E705D 
 357      37770D37 
 357      B68819DB 
 358 09c3 636F2CA9 		.ascii	"co,\251\205-CO1\356b\265\360d\260\344\266\200\373\030"
 358      852D434F 
 358      31EE62B5 
 358      F064B0E4 
 358      B680FB18 
 359 09d7 92DD53D3 		.ascii	"\222\335S\323\315\267\272\265\004?\325\263'V\303+\203"
 359      CDB7BAB5 
 359      043FD5B3 
 359      2756C32B 
 359      83
 360 09e8 3CAB197A 		.ascii	"<\253\031z\361\342\266\012?a\304'\026\213\266a\374\214"
 360      F1E2B60A 
 360      3F61C427 
 360      168BB661 
 360      FC8C
 361 09fa 21AF0ADA 		.ascii	"!\257\012\332\356\270\343Y\206\\\232\277\233\255\306"
 361      EEB8E359 
 361      865C9ABF 
 361      9BADC6
 362 0a09 D1EE04F9 		.ascii	"\321\356\004\371M_\334\341L\025\030\015\265\244Y\316"
 362      4D5FDCE1 
 362      4C15180D 
 362      B5A459CE 
 363 0a19 FF0183BA 		.ascii	"\377\001\203\272\362#\007\370]\301.A\241\255\326h\340"
 363      F22307F8 
 363      5DC12E41 
 363      A1ADD668 
 363      E0
 364 0a2a 879CF03F 		.ascii	"\207\234\360?\270\352\307\275\325\023\253l\276\322\312"
 364      B8EAC7BD 
 364      D513AB6C 
 364      BED2CA
 365 0a39 BC05BD0E 		.ascii	"\274\005\275\016\035\005\353\207]\205H\236j\017 \325"
 365      1D05EB87 
 365      5D85489E 
 365      6A0F20D5 
 366 0a49 0648AAF5 		.ascii	"\006H\252\365\363\031\304_y\330\017\345\342\325h\037"
 366      F319C45F 
 366      79D80FE5 
 366      E2D5681F 
 367 0a59 400E4036 		.ascii	"@\016@6@\026@&\300cH\263\0148\246\003\354\005\210\001"
 367      40164026 
 367      C06348B3 
 367      0C38A603 
 367      EC058801 
 368 0a6d 5880B197 		.ascii	"X\200\261\227\000/\000\236\002\214\000<\261O\305?\260"
 368      002F009E 
 368      028C003C 
 368      B14FC53F 
 368      B0
ARM GAS  /tmp/ccWyhZqE.s 			page 29


 369 0a7e 5484FEF7 		.ascii	"T\204\376\367\320Q\265\021\307r\\h\362\331M\223\215"
 369      D051B511 
 369      C7725C68 
 369      F2D94D93 
 369      8D
 370 0a8f 3C961845 		.ascii	"<\226\030E\016\344O\2274\222\356\246\025\214~\024,\037"
 370      0EE44F97 
 370      3492EEA6 
 370      158C7E14 
 370      2C1F
 371 0aa1 734E4FD9 		.ascii	"sNO\331\313Rr\314.%GYJ\312\035s\003.\222\266\202\206"
 371      CB5272CC 
 371      2E254759 
 371      4ACA1D73 
 371      032E92B6 
 372 0ab7 40DF31EE 		.ascii	"@\3371\356\230\003\340\230|0x\022\014\034\2673p Q\271"
 372      9803E098 
 372      7C307812 
 372      0C1CB733 
 372      702051B9 
 373 0acb 70DC6289 		.ascii	"p\334b\211U\241g\240\304\035\204\355$\330U\272L\213"
 373      55A167A0 
 373      C41D84ED 
 373      24D855BA 
 373      4C8B
 374 0add 093B2D9E 		.ascii	"\011;-\236\275F\213\203 \371\315Z\364\357\305\226\203"
 374      BD468B83 
 374      20F9CD5A 
 374      F4EFC596 
 374      83
 375 0aee 2BD114A8 		.ascii	"+\321\024\250\360\304\271\012\216~xn\247\001\231\310"
 375      F0C4B90A 
 375      8E7E786E 
 375      A70199C8 
 376 0afe AAC1698E 		.ascii	"\252\301i\216\354\007\301\377\1779\0029\\Z\304s\230"
 376      EC07C1FF 
 376      7F390239 
 376      5C5AC473 
 376      98
 377 0b0f DC6E3E73 		.ascii	"\334n>s\214\344\270}\344\241\214'>\213\242i5\015d/8"
 377      8CE4B87D 
 377      E4A18C27 
 377      3E8BA269 
 377      350D642F 
 378 0b24 B96DA7F0 		.ascii	"\271m\247\360\334Ew\265\021\314C[\230\345\346\274\202"
 378      DC4577B5 
 378      11CC435B 
 378      98E5E6BC 
 378      82
 379 0b35 F3395069 		.ascii	"\3639Pi\306N\245\321B\236Y\3041\323 `\326E\263w\312"
 379      C64EA5D1 
 379      429E59C4 
 379      31D32060 
 379      D645B377 
 380 0b4a FF259FE0 		.ascii	"\377%\237\340\232\177\277\037+\213)\2363K\331\313\032"
 380      9A7FBF1F 
 380      2B8B299E 
ARM GAS  /tmp/ccWyhZqE.s 			page 30


 380      334BD9CB 
 380      1A
 381 0b5b 747721EB 		.ascii	"tw!\353Y\263\366=\213]\034\312P&\036H!{)\342\213\031"
 381      59B3F63D 
 381      8B5D1CCA 
 381      50261E48 
 381      217B29E2 
 382 0b71 E94E9D50 		.ascii	"\351N\235P[\335\005\036N\267zx\021\310f\035=\374\034"
 382      5BDD051E 
 382      4EB77A78 
 382      11C8661D 
 382      3DFC1C
 383 0b84 BDBEA946 		.ascii	"\275\276\251FC\320\2430\263h\013\234[\260\235\267re"
 383      43D0A330 
 383      B3680B9C 
 383      5BB09DB7 
 383      7265
 384 0b96 DE22E610 		.ascii	"\336\"\346\020\322\267\355\327s\234\336\22153o0\227"
 384      D2B7EDD7 
 384      739CDE91 
 384      35336F30 
 384      97
 385 0ba7 D90E144E 		.ascii	"\331\016\024Nm_H\216\202\0351\261\351\225d:!\226\231"
 385      6D5F488E 
 385      821D31B1 
 385      E995643A 
 385      219699
 386 0bba 1E6F357D 		.ascii	"\036o5}+^\201\026\034M\237\227eK\212\023\005\025t\032"
 386      2B5E8116 
 386      1C4D9F97 
 386      654B8A13 
 386      0515741A 
 387 0bce D12E0DB4 		.ascii	"\321.\015\264K\205\214\336\003\260\033 \011`'\300\016"
 387      4B858CDE 
 387      03B01B20 
 387      096027C0 
 387      0E
 388 0bdf 80ED00DB 		.ascii	"\200\355\000\333\354\234\322\370)\0131\311\350E\020"
 388      EC9CD2F8 
 388      290B31C9 
 388      E84510
 389 0bee 4AB8B8DC 		.ascii	"J\270\270\334[\264^\224u2\213\360\006\352\232\3372\326"
 389      5BB45E94 
 389      75328BF0 
 389      06EA9ADF 
 389      32D6
 390 0c00 B15883A2 		.ascii	"\261X\203\242\\\023\313\252=\016\313\253\035\3469\366"
 390      5C13CBAA 
 390      3D0ECBAB 
 390      1DE639F6 
 391 0c10 9B5D50EA 		.ascii	"\233]P\352\311\244\324\223\200_\034\017G\"\030\234\000"
 391      C9A4D493 
 391      805F1C0F 
 391      4722189C 
 391      00
 392 0c21 86C54B86 		.ascii	"\206\305K\206\201G\333\366)\307&\036X,)\032\372\344"
 392      8147DBF6 
ARM GAS  /tmp/ccWyhZqE.s 			page 31


 392      29C7261E 
 392      582C291A 
 392      FAE4
 393 0c33 600B9FE0 		.ascii	"`\013\237\340\254\337\260\011\303\337'\275\211\244\347"
 393      ACDFB009 
 393      C3DF27BD 
 393      89A4E7
 394 0c42 4E4E6BAB 		.ascii	"NNk\253\024\307T\037\334\246$w\372q\330q+\302\"\331"
 394      14C7541F 
 394      DCA62477 
 394      FA71D871 
 394      2BC222D9 
 395 0c56 76984792 		.ascii	"v\230G\222<\012Hy\223\233nWq\247&\203\237\322\336\312"
 395      3C0A4879 
 395      939B6E57 
 395      71A72683 
 395      9FD2DECA 
 396 0c6a 4FBB8052 		.ascii	"O\273\200R\362S2\363\223\213\256\211R\300=R\343\264"
 396      F25332F3 
 396      938BAE89 
 396      52C03D52 
 396      E3B4
 397 0c7c A5E4CC1D 		.ascii	"\245\344\314\035r\223F8\355\225v\366S\264\305\333\372"
 397      72934638 
 397      ED9576F6 
 397      53B4C5DB 
 397      FA
 398 0c8d 5D653D37 		.ascii	"]e=7\004\326\305\364\327\332A\234r\216/\213\304\352"
 398      04D6C5F4 
 398      D7DA419C 
 398      728E2F8B 
 398      C4EA
 399 0c9f 8C37510F 		.ascii	"\2147Q\017\377\232%\007!\316tM\314\324}qFE\374\0154"
 399      FF9A2507 
 399      21CE744D 
 399      CCD47D71 
 399      4645FC0D 
 400 0cb4 4BB77EB7 		.ascii	"K\267~\267\217\370Ln\261\244\277Oo\360\263\370\342\315"
 400      8FF84C6E 
 400      B1A4BF4F 
 400      6FF0B3F8 
 400      E2CD
 401 0cc6 6F7B59D1 		.ascii	"o{Y\321\034\225\255\305\303\357\355\265TGaz\217~\330"
 401      1C95ADC5 
 401      C3EFEDB5 
 401      5447617A 
 401      8F7ED8
 402 0cd9 19F10712 		.ascii	"\031\361\007\022m#\247%7\331%\316heA\354.\341A$O\363"
 402      6D23A725 
 402      37D925CE 
 402      686541EC 
 402      2EE14124 
 403 0cef CF3BDFDD 		.ascii	"\317;\337\335\310w\364?\227\032\353\005G\352\245\267"
 403      C877F43F 
 403      971AEB05 
 403      47EAA5B7 
 404 0cff 22F764E4 		.ascii	"\"\367d\344\027\235\223\313\\\333Z\314\003A\366\227"
ARM GAS  /tmp/ccWyhZqE.s 			page 32


 404      179D93CB 
 404      5CDB5ACC 
 404      0341F697 
 405 0d0f D58EE4D7 		.ascii	"\325\216\344\327\226p\257\341\334\311v\246\3179\271"
 405      9670AFE1 
 405      DCC976A6 
 405      CF39B9
 406 0d1e 8CFBECCF 		.ascii	"\214\373\354\317\2445m\247\340\260\246-\011\034\337"
 406      A4356DA7 
 406      E0B0A62D 
 406      091CDF
 407 0d2d C70EBB58 		.ascii	"\307\016\273X\023F\246H\022\222t\035\224\222pX\266$"
 407      1346A648 
 407      1292741D 
 407      94927058 
 407      B624
 408 0d3f 0C252A67 		.ascii	"\014%*g'bh\025[\005\216\275N`\353vL2e\314\231\274\301"
 408      27626815 
 408      5B058EBD 
 408      4E60EB76 
 408      4C3265CC 
 409 0d56 3437728D 		.ascii	"47r\215lj\036I\322\306\2504\330\370\266\027\347gi\360"
 409      6C6A1E49 
 409      D2C6A834 
 409      D8F8B617 
 409      E76769F0 
 410 0d6a 2E0FB2F1 		.ascii	".\017\262\361\375\373\275-}WU\310o\005\331\372j\310"
 410      FDFBBD2D 
 410      7D5755C8 
 410      6F05D9FA 
 410      6AC8
 411 0d7c 86979DD1 		.ascii	"\206\227\235\321-\255\037\177@_\242,\032\330I\226\264"
 411      2DAD1F7F 
 411      405FA22C 
 411      1AD84996 
 411      B4
 412 0d8d 6390BBF7 		.ascii	"c\220\273\367\245\276~\030\257\2605i\207%\367.P\035"
 412      A5BE7E18 
 412      AFB03569 
 412      8725F72E 
 412      501D
 413 0d9f E67DFA0C 		.ascii	"\346}\372\014\324\345qh[\205vm\353E\226\232\371\267"
 413      D4E57168 
 413      5B85766D 
 413      EB45969A 
 413      F9B7
 414 0db1 081AD03D 		.ascii	"\010\032\320=N\356\304\\g+\272\202N\"\274\253\200w\011"
 414      4EEEC45C 
 414      672BBA82 
 414      4E22BCAB 
 414      807709
 415 0dc4 F02EB65F 		.ascii	"\360.\266_\000\263xb\220W\033\235\210\311p}o8\230\305"
 415      00B37862 
 415      90571B9D 
 415      88C9707D 
 415      6F3898C5 
 416 0dd8 73BA149A 		.ascii	"s\272\024\232D\227Sr\307\306Tf\327\300K\2276\360\307"
ARM GAS  /tmp/ccWyhZqE.s 			page 33


 416      44975372 
 416      C7C65466 
 416      D7C04B97 
 416      36F0C7
 417 0deb 70F11199 		.ascii	"p\361\021\231^\011\032\226sm\317\301\371Y\320\366(\300"
 417      5E091A96 
 417      736DCFC1 
 417      F959D0F6 
 417      28C0
 418 0dfd 113B6FB4 		.ascii	"\021;o\264\346\370\354\266\020\025H\320\206A\0052\305"
 418      E6F8ECB6 
 418      101548D0 
 418      86410532 
 418      C5
 419 0e0e B6E97475 		.ascii	"\266\351tu\177j\0232\304g\274^\310\254/\3638\011\343"
 419      7F6A1332 
 419      C467BC5E 
 419      C8AC2FF3 
 419      3809E3
 420 0e21 2D3EC3DE 		.ascii	"->\303\336\343\362e\327!\242\207\200\355\353#z\333\032"
 420      E3F265D7 
 420      21A28780 
 420      EDEB237A 
 420      DB1A
 421 0e33 D113C0F7 		.ascii	"\321\023\300\367\366\337\032\321\023\\\375\323\300\273"
 421      F6DF1AD1 
 421      135CFDD3 
 421      C0BB
 422 0e41 02789FB4 		.ascii	"\002x\237\264\213h\253<\242\035\210\311p\035\321:kD"
 422      8B68AB3C 
 422      A21D88C9 
 422      701DD13A 
 422      6B44
 423 0e53 4F61B603 		.ascii	"Oa\266\003ZJ\356\030\321c\262\276\254 \363\244zZ\310"
 423      5A4AEE18 
 423      D163B2BE 
 423      AC20F3A4 
 423      7A5AC8
 424 0e66 A45DF984 		.ascii	"\244]\371\204\263=\317\213L/r\355\260\263\216=\232\315"
 424      B33DCF8B 
 424      4C2F72ED 
 424      B0B38E3D 
 424      9ACD
 425 0e78 95266FB6 		.ascii	"\225&o\266\272\271\303]\366\376\301l\326B\312\235\211"
 425      BAB9C35D 
 425      F6FEC16C 
 425      D642CA9D 
 425      89
 426 0e89 19CC5819 		.ascii	"\031\314X\031M.\222\274+\300\266\012,\247;+\276-\315"
 426      4D2E92BC 
 426      2BC0B60A 
 426      2CA73B2B 
 426      BE2DCD
 427 0e9c A25A1661 		.ascii	"\242Z\026a\307;\351\342\234\353\023\336\364M\037\311"
 427      C73BE9E2 
 427      9CEB13DE 
 427      F44D1FC9 
ARM GAS  /tmp/ccWyhZqE.s 			page 34


 428 0eac EF76F6A6 		.ascii	"\357v\366\246\257.!\255\335\356\203\004\322r\245W}\027"
 428      AF2E21AD 
 428      DDEE8304 
 428      D272A557 
 428      7D17
 429 0ebe 3079D577 		.ascii	"0y\325w\036\363W}\207\356L\367j\337\315\263\344\365"
 429      1EF3577D 
 429      87EE4CF7 
 429      6ADFCDB3 
 429      E4F5
 430 0ed0 5AAA3BCE 		.ascii	"Z\252;\316*\213\007\352`\271D\037\0232T$5\204\"\362"
 430      2A8B07EA 
 430      60B9441F 
 430      13325424 
 430      358422F2 
 431 0ee4 261A15A2 		.ascii	"&\032\025\242\036\204\016\203\301\012t\021\277\013\263"
 431      1E840E83 
 431      C10A7411 
 431      BF0BB3
 432 0ef3 AF0C169C 		.ascii	"\257\014\026\234V\341a\332p\234}:a\377\215\301%,.})"
 432      56E161DA 
 432      709C7D3A 
 432      61FF8DC1 
 432      252C2E7D 
 433 0f08 5EC306ED 		.ascii	"^\303\006\355_&_f\203\311s\363\275n8\206=\260}\222\231"
 433      5F265F66 
 433      83C973F3 
 433      BD6E3886 
 433      3DB07D92 
 434 0f1d 932EE238 		.ascii	"\223.\3428\206\244\247\224\236E8\215\"\342\231\366\223"
 434      86A4A794 
 434      9E45388D 
 434      22E299F6 
 434      93
 435 0f2e 57544803 		.ascii	"WTH\0037\363\262\2507\332\325q\003\213:\213^G\263r~"
 435      37F3B2A8 
 435      37DAD571 
 435      038B3A8B 
 435      5E47B372 
 436 0f43 8AEDAB1A 		.ascii	"\212\355\253\032x\0265\376\015\373\350z\314\350IN7A"
 436      781635FE 
 436      0DFBE87A 
 436      CCE8494E 
 436      3741
 437 0f55 4E5FB5DF 		.ascii	"N_\265\337G\263\366\335\270$X\222{\276\260\276\275}"
 437      47B3F6DD 
 437      B8245892 
 437      7BBEB0BE 
 437      BD7D
 438 0f67 309EFE44 		.ascii	"0\236\376Dk{S\333\314\214\276Yv\345\220\322\345\233"
 438      6B7B53DB 
 438      CC8CBE59 
 438      76E590D2 
 438      E59B
 439 0f79 DA561ABE 		.ascii	"\332V\032\276\026k\370*\232s\263\224\362\007Ap]fv\033"
 439      166BF82A 
 439      9A73B394 
ARM GAS  /tmp/ccWyhZqE.s 			page 35


 439      F2074170 
 439      5D66761B 
 440 0f8d 96BD473D 		.ascii	"\226\275G=\321\275\363\262\026_\243>\023b\037\365?D"
 440      D1BDF3B2 
 440      165FA33E 
 440      13621FF5 
 440      3F44
 441 0f9f F6       		.ascii	"\366"
 442 0fa0 4F52E553 		.ascii	"OR\345S\321u0L\232m}\237\373\213\014\372>\367\032\311"
 442      D175304C 
 442      9A6D7D9F 
 442      FB8B0CFA 
 442      3EF71AC9 
 443 0fb4 362957DB 		.ascii	"6)W\3330{\232\252:6|p\016!\372\004e\271\315\325\211"
 443      307B9AAA 
 443      3A367C70 
 443      0E21FA04 
 443      65B9CDD5 
 444 0fc9 97F90ECC 		.ascii	"\227\371\016\314\352\353;\316}\315\353;\203W\0268\351"
 444      EAEB3BCE 
 444      7DCDEB3B 
 444      83571638 
 444      E9
 445 0fda 0A7620B6 		.ascii	"\012v \266_\311\311\376\346\007l\335'\012u;\262\226"
 445      5FC9C9FE 
 445      E6076CDD 
 445      270A753B 
 445      B296
 446 0fec F7561E9B 		.ascii	"\367V\036\233t\037\366\000n\311\256\027x\275H\2275\242"
 446      741FF600 
 446      6EC9AE17 
 446      78BD4897 
 446      35A2
 447 0ffe 3A47     		.ascii	":G"
 448 1000 D12EEE44 		.ascii	"\321.\356D\255\215\\A\251IF\334\006\307\335\200.\327"
 448      AD8D5C41 
 448      A94946DC 
 448      06C7DD80 
 448      2ED7
 449 1012 017013E0 		.ascii	"\001p\023\340\026\317\016\362\022.\355J\211\033\356"
 449      16CF0EF2 
 449      122EED4A 
 449      891BEE
 450 1021 6601281B 		.ascii	"f\001(\0339\324\243F\313\375\234>\213\350\004&ob\310"
 450      39D4A346 
 450      CBFD9C3E 
 450      8BE80426 
 450      6F62C8
 451 1034 7B4306ED 		.ascii	"{C\006\355\015\367\200\370\256\024\221;\230\357\010"
 451      0DF780F8 
 451      AE14913B 
 451      98EF08
 452 1043 B6765DB2 		.ascii	"\266v]\262\177h\177\317\256,\272\260\365A\341\300tZ"
 452      7F687FCF 
 452      AE2CBAB0 
 452      F541E1C0 
 452      745A
ARM GAS  /tmp/ccWyhZqE.s 			page 36


 453 1055 3CFB9000 		.ascii	"<\373\220\000\306P-K\305\362\204\26417\327\255\244\233"
 453      C6502D4B 
 453      C5F284B4 
 453      3137D7AD 
 453      A49B
 454 1067 E6E27D6B 		.ascii	"\346\342}k.\216TduzI\255\244\350!o%@\206\252%\335\340"
 454      2E8E5464 
 454      757A49AD 
 454      A4E8216F 
 454      254086AA 
 455 107e D4BE95F4 		.ascii	"\324\276\225\364\320V\022_^:\250\306#\254\274G\236\354"
 455      D056125F 
 455      5E3AA8C6 
 455      23ACBC47 
 455      9EEC
 456 1090 7ACE6A85 		.ascii	"z\316j\205l\256Y\261\234\334r\253\2225;\242E\037\323"
 456      6CAE59B1 
 456      9CDC72AB 
 456      92353BA2 
 456      451FD3
 457 10a3 3035ABA2 		.ascii	"05\253\242\014\271\374\372j\200*\330oU05\255\251O\000"
 457      0CB9FCFA 
 457      6A802AD8 
 457      6F553035 
 457      ADA94F00 
 458 10b7 057BD93D 		.ascii	"\005{\331=NY\022(\270\037Q2\324+)\330\213\331W7\350"
 458      4E591228 
 458      B81F5132 
 458      D42B29D8 
 458      8BD95737 
 459 10cc 01552CA5 		.ascii	"\001U,\245\370v\253\210g\230b\365/\312r\275q\222'E\206"
 459      F876AB88 
 459      679862F5 
 459      2FCA72BD 
 459      71922745 
 460 10e1 B212F3D4 		.ascii	"\262\022\363\3248\225!%s\231\003\032\234\311\220\243"
 460      38952125 
 460      7399031A 
 460      9CC990A3 
 461 10f1 55314FF9 		.ascii	"U1O\371Ge\325\344\215\345\023K\374y\204\363\350E\367"
 461      4765D5E4 
 461      8DE5134B 
 461      FC7984F3 
 461      E845F7
 462 1104 EBD70F0D 		.ascii	"\353\327\017\015\252\020}\266o{\270\277x\360\307}\005"
 462      AA107DB6 
 462      6F7BB8BF 
 462      78F0C77D 
 462      05
 463 1115 DB2CC901 		.ascii	"\333,\311\001\364\331\342\020(3\372\372\304_\311\022"
 463      F4D9E210 
 463      2833FAFA 
 463      C45FC912 
 464 1125 9F503F72 		.ascii	"\237P?r\244^\262h\266f\274\223b{\334G\366\307N\230;"
 464      A45EB268 
 464      B666BC93 
 464      627BDC47 
ARM GAS  /tmp/ccWyhZqE.s 			page 37


 464      F6C74E98 
 465 113a D983605F 		.ascii	"\331\203`_\276\355\037\345\251\370\014Rq\002Rp\004\340"
 465      BEED1FE5 
 465      A9F80C52 
 465      71025270 
 465      04E0
 466 114c 09C05380 		.ascii	"\011\300S\200q\2001\373\025=\323\227I\203\3065\354\250"
 466      718031FB 
 466      153DD397 
 466      4983C635 
 466      ECA8
 467 115e DBD23B83 		.ascii	"\333\322;\203Q\253rd\211\030tN/\337\036\357\245\375"
 467      51AB7264 
 467      8918744E 
 467      2FDF1EEF 
 467      A5FD
 468 1170 75D45909 		.ascii	"u\324Y\011\217\016)\231[\254\2670K\335\262\226?A\257"
 468      8F0E2999 
 468      5BACB730 
 468      4BDDB296 
 468      3F41AF
 469 1183 E9193C87 		.ascii	"\351\031<\207\361A\032\021a{\322\314a\321\241\026\255"
 469      F1411A11 
 469      617BD2CC 
 469      61D1A116 
 469      AD
 470 1194 D6A3E760 		.ascii	"\326\243\347`\364\333:\200\251x\233\355*\246`\322\244"
 470      F4DB3A80 
 470      A9789BED 
 470      2AA660D2 
 470      A4
 471 11a5 9456A3D6 		.ascii	"\224V\243\326\232\234\213\213\262h\226sY;\\\311R\274"
 471      9A9C8B8B 
 471      B2689673 
 471      593B5CC9 
 471      52BC
 472 11b7 5610F9F6 		.ascii	"V\020\371\366c\250\275\303\356;\255\027v\245\375\322"
 472      63A8BDC3 
 472      EE3BAD17 
 472      76A5FDD2 
 473 11c7 56DA5D96 		.ascii	"V\332]\226\212G^\264p`\214\027Sa\345\201iO\327\225="
 473      8A475EB4 
 473      70608C17 
 473      5361E581 
 473      694FD795 
 474 11dc 430B67DA 		.ascii	"C\013g\332Z8\373F[\343\264\274p\272\253\336\331\025"
 474      5A38FB46 
 474      5BE3B4BC 
 474      70BAABDE 
 474      D915
 475 11ee 9DE74748 		.ascii	"\235\347GH\320C\311\272\207\326\242\231\245E\263x\240"
 475      D043C9BA 
 475      87D6A299 
 475      A545B378 
 475      A0
 476 11ff FBBC169F 		.ascii	"\373\274\026\237\361Do\265\362\275b\305\334\2773\351"
 476      F1446FB5 
ARM GAS  /tmp/ccWyhZqE.s 			page 38


 476      F2BD62C5 
 476      DCBF33E9 
 477 120f 7BB6DDCC 		.ascii	"{\266\335\314<\033\333Uq\374w.\027\303E\252\346\202"
 477      3C1BDB55 
 477      71FC772E 
 477      17C345AA 
 477      E682
 478 1221 55CDABCD 		.ascii	"U\315\253\315Y\267D\256&\334\332\304\027\360\372\006"
 478      59B744AE 
 478      26DCDAC4 
 478      17F0FA06 
 479 1231 323427A9 		.ascii	"24'\251:gU\325\"\022U/=\217MT\343&\246jjL\3413\225\255"
 479      3A6755D5 
 479      2212552F 
 479      3D8F4D54 
 479      E326A66A 
 480 124b 0D325DCF 		.ascii	"\0152]\317\3675\214k\\\352\020-\022\035\266\210\\\207"
 480      F7358C6B 
 480      5CEA102D 
 480      121DB688 
 480      5C87
 481 125d F99AE176 		.ascii	"\371\232\341v\015\327\341F\263\362B\301\266\352?R\""
 481      0DD7E146 
 481      B3F242C1 
 481      B6EA3F52 
 481      22
 482 126e 14254A8F 		.ascii	"\024%J\217\315D\256A\014\325 k\313\266\026\225<\222"
 482      CD44AE41 
 482      0CD5206B 
 482      CBB61695 
 482      3C92
 483 1280 8B768BF8 		.ascii	"\213v\213\370V\221F\222\034\2018\356\324\215nQ-}\214"
 483      56914692 
 483      1C8138EE 
 483      D48D6E51 
 483      2D7D8C
 484 1293 415E9648 		.ascii	"A^\226H\264\333D\3625\237?\275\305\007\342\204\247\327"
 484      B4DB44F2 
 484      359F3FBD 
 484      C507E284 
 484      A7D7
 485 12a5 D2353EC9 		.ascii	"\3225>\311<\255W!\372U\241\244\373v\321\307:\207\"$"
 485      3CAD5721 
 485      FA55A1A4 
 485      FB76D1C7 
 485      3A872224 
 486 12b9 307365E7 		.ascii	"0se\347\370W@*@_\226\347\265j]J\213\265J\333!RqSq[_"
 486      F857402A 
 486      405F96E7 
 486      B56A5D4A 
 486      8BB54ADB 
 487 12d4 F24F6BC9 		.ascii	"\362Ok\311\347>\326o\254V\260o\254:\333K\353\264\216"
 487      E73ED66F 
 487      AC56B06F 
 487      AC3ADB4B 
 487      EBB48E
 488 12e7 CAC48BBE 		.ascii	"\312\304\213\276(N$\314\022\2502\261L\231\004\252\314"
ARM GAS  /tmp/ccWyhZqE.s 			page 39


 488      284E24CC 
 488      12A832B1 
 488      4C9904AA 
 488      CC
 489 12f8 DC40DF7D 		.ascii	"\334@\337}w\271cf\354\034\223\310\035\223H\035\323\322"
 489      77B96366 
 489      EC1C93C8 
 489      1D93481D 
 489      D3D2
 490 130a 75BD18C9 		.ascii	"u\275\030\311\211\247\354\352a''\336I\211\237U\366\235"
 490      89A7ECEA 
 490      612727DE 
 490      49899F55 
 490      F69D
 491 131c B2FBC26D 		.ascii	"\262\373\302m\300\216s\022'N\242\304\011[\213\243\334"
 491      C08E7312 
 491      274EA2C4 
 491      095B8BA3 
 491      DC
 492 132d 7007CB90 		.ascii	"p\007\313\220\351\250[\227\324.W\234]4\033\276\262&"
 492      E9A85B97 
 492      D42E579C 
 492      5D341BBE 
 492      B226
 493 133f E49E437B 		.ascii	"\344\236C{H2T\303\212\330\366Jy5\236\274m\213\262|\374"
 493      483254C3 
 493      8AD8F64A 
 493      79359EBC 
 493      6D8BB27C 
 494 1354 29A143C9 		.ascii	")\241C\311RB$\213\016kb\012M\214C/\247\343\275p\224"
 494      5242248B 
 494      0E6B620A 
 494      4D8C432F 
 494      A7E3BD70 
 495 1369 867D4F35 		.ascii	"\206}O5?\321\353\305\2315\215\340\342\023\260\203\005"
 495      3FD1EBC5 
 495      99358DE0 
 495      E213B083 
 495      05
 496 137a 03629048 		.ascii	"\003b\220H\271\355\226\270\355v\344\266\207r\353\030"
 496      B9ED96B8 
 496      ED76E4B6 
 496      8772EB18 
 497 138a AC09C4F1 		.ascii	"\254\011\304\361\214Yq\331\276\243^8\203!\3615\227\263"
 497      8C5971D9 
 497      BEA35E38 
 497      8321F135 
 497      97B3
 498 139c 49D2A334 		.ascii	"I\322\2434\232\227\244;\316\364,\243Up\336\366\245a"
 498      9A97A43B 
 498      CEF42CA3 
 498      5570DEF6 
 498      A561
 499 13ae EDD19279 		.ascii	"\355\321\222y/\227vgP\273\323\255U0\230\225v\324\223"
 499      2F977667 
 499      50BBD3AD 
 499      55309895 
ARM GAS  /tmp/ccWyhZqE.s 			page 40


 499      76D493
 500 13c1 EBBA98E0 		.ascii	"\353\272\230\340v\247\274\223\031\336 \020J\224j\325"
 500      76A7BC93 
 500      19DE2010 
 500      4A946AD5 
 501 13d1 15ED1545 		.ascii	"\025\355\025E\202\331\253\233I\325m\037\255L\360\304"
 501      82D9AB9B 
 501      49D56D1F 
 501      AD4CF0C4 
 502 13e1 FD4CC5C2 		.ascii	"\375L\305\302\230\235\213*\311\223\367\355=\231%\331"
 502      989D8B2A 
 502      C993F7ED 
 502      3D9925D9 
 503 13f1 9EE5C82C 		.ascii	"\236\345\310,\2332\353\315\035\332\255\305\243\214Y"
 503      9B32EBCD 
 503      1DDAADC5 
 503      A38C59
 504 1400 D38503B7 		.ascii	"\323\205\003\267\224\222'\3579x2G\342\226\343\310m\037"
 504      949227EF 
 504      39783247 
 504      E296E3C8 
 504      6D1F
 505 1412 E5D6B0BF 		.ascii	"\345\326\260\2773\315nWE\352[\312\236\\\236=\2714{j"
 505      33CD6E57 
 505      45EA5BCA 
 505      9E5C9E3D 
 505      B9347B6A 
 506 1426 5FC68F7A 		.ascii	"_\306\217z\340Y&zhh\377\036\376\331\341;\344C\231\335"
 506      E059267A 
 506      6868FF1E 
 506      FED9E13B 
 506      E44399DD 
 507 143a 977254AC 		.ascii	"\227rT\254B\332\311>a\177\313d\232\032\357\320R\332"
 507      42DAC93E 
 507      617FCB64 
 507      9A1AEFD0 
 507      52DA
 508 144c A9BDCD77 		.ascii	"\251\275\315w\371w\347?\0004\177\376\3221\327\245X`"
 508      F977E73F 
 508      00347FFE 
 508      D231D7A5 
 508      5860
 509 145e 2DC583AC 		.ascii	"-\305\203\254\024o\316\307\365(\035\213-\037\212m?-"
 509      146FCEC7 
 509      F5281D8B 
 509      2D1F8A6D 
 509      3F2D
 510 1470 B643B4D8 		.ascii	"\266C\264\330\350$B\2353X\263`W\232\015\257\243\276"
 510      E824429D 
 510      3358B360 
 510      579A0DAF 
 510      A3BE
 511 1482 517EA140 		.ascii	"Q~\241@\371\223\003\226\366j\272\321;\3620\306\022\265"
 511      F9930396 
 511      F66ABAD1 
 511      3BF230C6 
 511      12B5
ARM GAS  /tmp/ccWyhZqE.s 			page 41


 512 1494 0DB6D587 		.ascii	"\015\266\325\207E\037t\000\234\007\033:\331\344<\030"
 512      451F7400 
 512      9C071B3A 
 512      D9E43C18 
 513 14a4 F9332457 		.ascii	"\3713$W\241\370\023\305r}\320\237\203\002\327\033\015"
 513      A1F813C5 
 513      727DD09F 
 513      8302D71B 
 513      0D
 514 14b5 0166C3EF 		.ascii	"\001f\303\357\214\341\241\237\032\002\"\334\177\377"
 514      8CE1A19F 
 514      1A0222DC 
 514      7FFF
 515 14c3 EF5FAE5A 		.ascii	"\357_\256Z\277v\255\302\315\374ud\230^g\376\361\232"
 515      BF76ADC2 
 515      CDFC7564 
 515      985E67FE 
 515      F19A
 516 14d5 35FEEC3F 		.ascii	"5\376\354?\334\344o4\373\007\207\351C\"\003\015\376"
 516      DCE46F34 
 516      FB0787E9 
 516      4322030D 
 516      FE
 517 14e6 FA207310 		.ascii	"\372 s\020\314\0144\255\011R\250u\272\310\3400\363\007"
 517      CC0C34AD 
 517      0952A875 
 517      BAC8E030 
 517      F307
 518 14f8 EB74E6F7 		.ascii	"\353t\346\367\374#MF\033Q\230aSH\360W\376\241\001\372"
 518      FC234D46 
 518      1B519861 
 518      5348F057 
 518      FEA101FA 
 519 150c A0E03083 		.ascii	"\240\3400\203\277.\320\360u@d\210Yg\336\034a \023\335"
 519      BF2ED0F0 
 519      75406488 
 519      5967DE1C 
 519      612013DD 
 520 1520 ADD3DE75 		.ascii	"\255\323\336u6\315\264\331\344\2573\231\003\201\006"
 520      36CDB4D9 
 520      E4AF3399 
 520      038106
 521 152f 68DDCC11 		.ascii	"h\335\314\021\306\340p\235\371#\271B\372\360\320\320"
 521      C6E0709D 
 521      F923B942 
 521      FAF0D0D0 
 522 153f F030FF88 		.ascii	"\3600\377\210p\243\331\344\377\311\237>_\377\371wd,"
 522      70A3D9E4 
 522      FFC99F3E 
 522      5FFFF977 
 522      642C
 523 1551 2238C460 		.ascii	"\"8\304`4\371\377~\375z\242'\027&\352\203\002\214*S"
 523      34F9FF7E 
 523      FD7AA227 
 523      1726EA83 
 523      028C2A53 
 524 1565 F0FF1A74 		.ascii	"\360\377\032t\346uT\036\021\262Q\257\367\0170\206\276"
ARM GAS  /tmp/ccWyhZqE.s 			page 42


 524      E675541E 
 524      11B251AF 
 524      F70F3086 
 524      BE
 525 1576 17161E66 		.ascii	"\027\026\036fx\317\020\360U\260\377\207k>X\263\326\246"
 525      78CF10F0 
 525      55B0FF87 
 525      6B3E58B3 
 525      D6A6
 526 1588 0BC807AD 		.ascii	"\013\310\007\255a\272*\010\2545\030\305\257\215\006"
 526      61BA2A08 
 526      AC3518C5 
 526      AF8D06
 527 1597 83322260 		.ascii	"\2032\"`\243\301$\206\031\2763{\302p\204\216_\2134\031"
 527      A3C12486 
 527      19BE337B 
 527      C270848E 
 527      5F8B3419 
 528 15ab 02452241 		.ascii	"\002E\"A$\243Z\331%\235\331=\302\030\376m0\234jC\015"
 528      24A35AD9 
 528      259DD93D 
 528      C218FE6D 
 528      309C6A43 
 529 15c0 A11B0DD4 		.ascii	"\241\033\015\324\275\304aN\314\0117\021\315$O\303\004"
 529      BDC4614E 
 529      CC093711 
 529      CD244FC3 
 529      04
 530 15d1 7DB8D100 		.ascii	"}\270\321\000Jx\302i\270q3a\032\201C\315\337)\3037\205"
 530      4A78C269 
 530      B8713361 
 530      1A8143CD 
 530      DF29C337 
 531 15e6 198CEE10 		.ascii	"\031\214\356\020\210\020\342\0357\030\012\0116\231\335"
 531      8810E21D 
 531      37180A09 
 531      3699DD
 532 15f5 0D118630 		.ascii	"\015\021\2060\360\333FO\303\267\2060sh\200\351\033P"
 532      F0DB464F 
 532      C3B78630 
 532      736880E9 
 532      1B50
 533 1607 20D4B4F1 		.ascii	" \324\264\361\177\"\015\221\206e\372 \035\017\236\216"
 533      7F220D91 
 533      8665FA20 
 533      1D0F9E8E 
 534 1617 0E881146 		.ascii	"\016\210\021F\303\267\336vC:\263\333\246\200`3\260\360"
 534      C3B7DE76 
 534      433AB3DB 
 534      A6806033 
 534      B0F0
 535 1629 965113DE 		.ascii	"\226Q\023\336^rDgF\221*\303&\"@\265\311\014\322#\340"
 535      5E724467 
 535      46912AC3 
 535      262240B5 
 535      C90CD223 
 536 163e 60328446 		.ascii	"`2\204F`}\230\331C\247\343\341u\343G%\214\302/\225\240"
ARM GAS  /tmp/ccWyhZqE.s 			page 43


 536      607D98D9 
 536      43A7E3E1 
 536      75E34725 
 536      8CC22F95 
 537 1653 01BE4019 		.ascii	"\001\276@\031\020\021\004\246\271\231\210\232\246\215"
 537      101104A6 
 537      B999889A 
 537      A68D
 538 1661 4A0020D8 		.ascii	"J\000 \330d6\033#|\230 \235\321\360\265\301h\010\323"
 538      64361B23 
 538      7C98209D 
 538      D1F0B5C1 
 538      6808D3
 539 1674 834EC03C 		.ascii	"\203N\300<\374\253\277D\270\033\276\0136\353\303\003"
 539      FCABBF44 
 539      B81BBE0B 
 539      36EBC303 
 540 1684 0D2A63E0 		.ascii	"\015*c\340f\230!\002\211\311\203%\341G \315z4\223q`"
 540      66982102 
 540      89C98325 
 540      E14720CD 
 540      7A349371 
 541 1699 F77548C0 		.ascii	"\367uH\300F\223\2339\024f\000f2C\276\273\233\351\201"
 541      46939B39 
 541      14660066 
 541      3243BEBB 
 541      9BE981
 542 16ac B00CF82A 		.ascii	"\260\014\370*\300d\340)\374\341/\301O\326\023\265\311"
 542      C064E029 
 542      FCE12FC1 
 542      4FD613B5 
 542      C9
 543 16bd FC4D4048 		.ascii	"\374M@H\360\3060\235\371goL\272 \036!1, \324\240\014"
 543      F0C6309D 
 543      F9676F4C 
 543      BA201E21 
 543      312C20D4 
 544 16d3 0F81402B 		.ascii	"\017\201@+!\217\015F\2547\177'\230\"\204\020\022\246"
 544      218F0D46 
 544      AC377F27 
 544      98228410 
 544      12A6
 545 16e5 8D906A3A 		.ascii	"\215\220j:36\256]\013\360\276`\374\265`\374H0\376J0"
 545      3336AE5D 
 545      0BF0BE60 
 545      FCB560FC 
 545      4830FE4A 
 546 16fa 7E2818FF 		.ascii	"~(\030\377I0\376\322\2230%^\203I\3162\303\211L\335\267"
 546      4930FED2 
 546      9330255E 
 546      8349CE32 
 546      C3894CDD 
 547 170f BF0A05B9 		.ascii	"\277\012\005\271\032:S\037\036f\206\244\024I2x\330\002"
 547      1A3A531F 
 547      1E6686A4 
 547      14493278 
 547      D802
ARM GAS  /tmp/ccWyhZqE.s 			page 44


 548 1721 A70C8D08 		.ascii	"\247\014\215\010\017\017q\347\3764\273\303\205\320H"
 548      0F0F71E7 
 548      FE34BBC3 
 548      85D048
 549 1730 A073A3BF 		.ascii	"\240s\243\277:\363*\2275n\322\007\005\002\363\037\271"
 549      3AF32A97 
 549      356ED207 
 549      0502F31F 
 549      B9
 550 1741 248090C3 		.ascii	"$\200\220\303\365\325\256\031l6Y\353\3175\023H\003\270"
 550      F5D5AE19 
 550      6C3659EB 
 550      CF351348 
 550      03B8
 551 1753 AE95E5B6 		.ascii	"\256\225\345\266\316\374\363\267\250\013B\351\204\261"
 551      CEFCF3B7 
 551      A80B42E9 
 551      84B1
 552 1761 C9A8878B 		.ascii	"\311\250\207\213\201\233!\022\301\3725z\305\017\034"
 552      819B2112 
 552      C1FA357A 
 552      C50F1C
 553 1770 FADCE754 		.ascii	"\372\334\347T\316\037\301%J\032^O\310)\203\336\254#"
 553      CE1FC125 
 553      4A1A5E4F 
 553      C82983DE 
 553      AC23
 554 1782 85EB493C 		.ascii	"\205\353I<\305kv\315\333\225&\231A\354\323Hu\2553[\215"
 554      C56B76CD 
 554      DB952699 
 554      41ECD348 
 554      75AD335B 
 555 1797 A1ECCC90 		.ascii	"\241\354\314\220\353\033\364A\377\031\360\215!2b\303"
 555      EB1BF441 
 555      FF19F08D 
 555      213262C3 
 556 17a7 DFC9D4D9 		.ascii	"\337\311\324\331\020i\"\225j\010\374LI\346E\210\233"
 556      10692295 
 556      6A08FC4C 
 556      49E64588 
 556      9B
 557 17b8 00536E22 		.ascii	"\000Sn\"\031\211\003\214\033\227\363\220\005\032Lzc"
 557      1989038C 
 557      1B97F390 
 557      051A4C7A 
 557      63
 558 17c9 7084391C 		.ascii	"p\2049\034\372\210\217"
 558      FA888F
 559 17d0 3E8834EA 		.ascii	">\2104\352OBB\302\365\237\020\365\015\201\236\372 b"
 559      4F4242C2 
 559      F59F10F5 
 559      0D819EFA 
 559      2062
 560 17e2 0D1D82A8 		.ascii	"\015\035\202\250o\330l\372C\270\376\233\327\370{3\321"
 560      6FD86CFA 
 560      43B8FE9B 
 560      D7F87B33 
ARM GAS  /tmp/ccWyhZqE.s 			page 45


 560      D1
 561 17f3 D783660C 		.ascii	"\327\203f\014L\371F\253\203J4\353\376\345\223\015\377"
 561      4CF946AB 
 561      834A34EB 
 561      FEE5930D 
 561      FF
 562 1804 FAC73F7D 		.ascii	"\372\307?}\246\015\010\331\024\260\331\004Y\030\002"
 562      A60D08D9 
 562      14B0D904 
 562      591802
 563 1813 4DFB9F9D 		.ascii	"M\373\237\2358\0012\214\344\240\377\372\3177|\266\301"
 563      3801328C 
 563      E4A0FFFA 
 563      CF377CB6 
 563      C1
 564 1824 7F3D24A1 		.ascii	"\177=$\241\377gV\346\241\246`\223\016\232*iVT\225/\303"
 564      FF6756E6 
 564      A1A66093 
 564      0E9A2A69 
 564      5654952F 
 565 1839 880896D8 		.ascii	"\210\010\226\330\221a\\\034u\222n\315\207\277^\267\316"
 565      91615C1C 
 565      75926ECD 
 565      87BF5EB7 
 565      CE
 566 184a DD8AFD1F 		.ascii	"\335\212\375\037\303\233\366\241"
 566      C39BF6A1 
 567              		.text
 568              		.section	.gnu.lto_.symtab.47fe30635420d30c,"",%progbits
 569 0000 63685468 		.ascii	"chThdCreateFromHeap\000"
 569      64437265 
 569      61746546 
 569      726F6D48 
 569      65617000 
 570 0014 00       		.ascii	"\000"
 571 0015 00       		.ascii	"\000"
 572 0016 00       		.ascii	"\000"
 573 0017 00000000 		.ascii	"\000\000\000\000\000\000\000\000"
 573      00000000 
 574 001f BF010000 		.ascii	"\277\001\000\000"
 575 0023 63685468 		.ascii	"chThdCreateFromMemoryPool\000"
 575      64437265 
 575      61746546 
 575      726F6D4D 
 575      656D6F72 
 576 003d 00       		.ascii	"\000"
 577 003e 00       		.ascii	"\000"
 578 003f 00       		.ascii	"\000"
 579 0040 00000000 		.ascii	"\000\000\000\000\000\000\000\000"
 579      00000000 
 580 0048 DF010000 		.ascii	"\337\001\000\000"
 581 004c 63685363 		.ascii	"chSchWakeupS\000"
 581      6857616B 
 581      65757053 
 581      00
 582 0059 00       		.ascii	"\000"
 583 005a 02       		.ascii	"\002"
ARM GAS  /tmp/ccWyhZqE.s 			page 46


 584 005b 00       		.ascii	"\000"
 585 005c 00000000 		.ascii	"\000\000\000\000\000\000\000\000"
 585      00000000 
 586 0064 E4010000 		.ascii	"\344\001\000\000"
 587 0068 63685468 		.ascii	"chThdCreateSuspendedI\000"
 587      64437265 
 587      61746553 
 587      75737065 
 587      6E646564 
 588 007e 00       		.ascii	"\000"
 589 007f 02       		.ascii	"\002"
 590 0080 00       		.ascii	"\000"
 591 0081 00000000 		.ascii	"\000\000\000\000\000\000\000\000"
 591      00000000 
 592 0089 FA010000 		.ascii	"\372\001\000\000"
 593 008d 63684865 		.ascii	"chHeapAllocAligned\000"
 593      6170416C 
 593      6C6F6341 
 593      6C69676E 
 593      656400
 594 00a0 00       		.ascii	"\000"
 595 00a1 02       		.ascii	"\002"
 596 00a2 00       		.ascii	"\000"
 597 00a3 00000000 		.ascii	"\000\000\000\000\000\000\000\000"
 597      00000000 
 598 00ab 00020000 		.ascii	"\000\002\000\000"
 599 00af 6368506F 		.ascii	"chPoolAlloc\000"
 599      6F6C416C 
 599      6C6F6300 
 600 00bb 00       		.ascii	"\000"
 601 00bc 02       		.ascii	"\002"
 602 00bd 00       		.ascii	"\000"
 603 00be 00000000 		.ascii	"\000\000\000\000\000\000\000\000"
 603      00000000 
 604 00c6 04020000 		.ascii	"\004\002\000\000"
 605              		.text
 606              		.section	.gnu.lto_.opts,"",%progbits
 607 0000 272D666D 		.ascii	"'-fmath-errno' '-fsigned-zeros' '-ftrapping-math' '"
 607      6174682D 
 607      6572726E 
 607      6F272027 
 607      2D667369 
 608 0033 2D666E6F 		.ascii	"-fno-trapv' '-fno-openmp' '-fno-openacc' '-mcpu=cor"
 608      2D747261 
 608      70762720 
 608      272D666E 
 608      6F2D6F70 
 609 0066 7465782D 		.ascii	"tex-m4' '-mno-thumb-interwork' '-mthumb' '-ggdb' '-"
 609      6D342720 
 609      272D6D6E 
 609      6F2D7468 
 609      756D622D 
 610 0099 4F322720 		.ascii	"O2' '-fomit-frame-pointer' '-falign-functions=16' '"
 610      272D666F 
 610      6D69742D 
 610      6672616D 
 610      652D706F 
ARM GAS  /tmp/ccWyhZqE.s 			page 47


 611 00cc 2D666675 		.ascii	"-ffunction-sections' '-fdata-sections' '-fno-common"
 611      6E637469 
 611      6F6E2D73 
 611      65637469 
 611      6F6E7327 
 612 00ff 2720272D 		.ascii	"' '-flto'\000"
 612      666C746F 
 612      2700
 613              		.text
 614              		.comm	__gnu_lto_v1,1,1
 615              		.comm	__gnu_lto_slim,1,1
 616              		.ident	"GCC: (15:6.3.1+svn253039-1build1) 6.3.1 20170620"
ARM GAS  /tmp/ccWyhZqE.s 			page 48


DEFINED SYMBOLS
                            *ABS*:0000000000000000 chdynamic.c
                            *COM*:0000000000000001 __gnu_lto_v1
                            *COM*:0000000000000001 __gnu_lto_slim

NO UNDEFINED SYMBOLS
