ARM GAS  /tmp/cco9JTQM.s 			page 1


   1              		.cpu cortex-m4
   2              		.eabi_attribute 20, 1
   3              		.eabi_attribute 21, 1
   4              		.eabi_attribute 23, 3
   5              		.eabi_attribute 24, 1
   6              		.eabi_attribute 25, 1
   7              		.eabi_attribute 26, 1
   8              		.eabi_attribute 30, 2
   9              		.eabi_attribute 34, 1
  10              		.eabi_attribute 18, 4
  11              		.file	"chmemcore.c"
  12              		.text
  13              	.Ltext0:
  14              		.section	.gnu.lto_.profile.5813666bd64a84f9,"",%progbits
  15 0000 789C6365 		.ascii	"x\234ce`b`a```d\320\327\006\000\001\011\000g"
  15      60626061 
  15      60606064 
  15      D0D70600 
  15      01090067 
  16              		.text
  17              		.section	.gnu.lto_.icf.5813666bd64a84f9,"",%progbits
  18 0000 789C6365 		.ascii	"x\234ce`bP`@\000V\2063\337V\335eb\354\377\373\3769/"
  18      60625060 
  18      40005686 
  18      33DF56DD 
  18      6562ECFF 
  19 0018 CBBFB327 		.ascii	"\313\277\263'n\260\263\316=1y\022\017\333\246{\347\333"
  19      6EB0B3CE 
  19      3D317912 
  19      0FDBA67B 
  19      E7DB
  20 002a D9180014 		.ascii	"\331\030\000\024\226\017\353"
  20      960FEB
  21              		.text
  22              		.section	.gnu.lto_.jmpfuncs.5813666bd64a84f9,"",%progbits
  23 0000 789C6365 		.ascii	"x\234ce`b\220b@\000\026\020ffddd\257\257\257g\2051\330"
  23      60629062 
  23      40001610 
  23      66666464 
  23      64AFAFAF 
  24 0018 80A20026 		.ascii	"\200\242\000&\353\003I"
  24      EB0349
  25              		.text
  26              		.section	.gnu.lto_.inline.5813666bd64a84f9,"",%progbits
  27 0000 789C6365 		.ascii	"x\234ce`b\250`@\000\026\006\006V\026F\006&\226\005\362"
  27      6062A860 
  27      40001606 
  27      06561646 
  27      06269605 
  28 0015 0C6C0BE4 		.ascii	"\014l\013\344\231 b\302B\214L\214\012\214@6\210`\221"
  28      992062C2 
  28      428C4C8C 
  28      0A8C4036 
  28      886091
  29 0028 D8B29511 		.ascii	"\330\262\225\021\"\313\366A\217\207\201\351\002?\013"
  29      22CBF641 
  29      8F8781E9 
ARM GAS  /tmp/cco9JTQM.s 			page 2


  29      023F0B
  30 0037 481D2B83 		.ascii	"H\035+\203\250\010#\023X\011X1\213\314\225+h\3528@\352"
  30      A8082313 
  30      58095831 
  30      8BCC952B 
  30      68EA3840 
  31 004c D818D858 		.ascii	"\330\030\330X\201V\000\305\340V0\000\0005%\016\007"
  31      815600C5 
  31      E0563000 
  31      0035250E 
  31      07
  32              		.text
  33              		.section	.gnu.lto_.pureconst.5813666bd64a84f9,"",%progbits
  34 0000 789C6365 		.ascii	"x\234ce`b\340b```a\220`\221`\335\305\310\306\002\000"
  34      6062E062 
  34      60606061 
  34      90609160 
  34      DDC5C8C6 
  35 0016 05C00114 		.ascii	"\005\300\001\024"
  36              		.text
  37              		.section	.gnu.lto__core_init.5813666bd64a84f9,"",%progbits
  38 0000 789C8591 		.ascii	"x\234\205\221\315K\033A\030\306\337g&\211\241\030J\301"
  38      CD4B1B41 
  38      18C6DF67 
  38      2689A118 
  38      4AC1
  39 0012 83580FBD 		.ascii	"\203X\017\275\344\020(\331\263\377@\377\215E\267\013"
  39      E41028D9 
  39      B3FF40FF 
  39      8D45B70B 
  40 0022 0A8D1103 		.ascii	"\012\215\021\003\275f\"h\332\224\246Eh\325B\331\205"
  40      BD662268 
  40      DA94A645 
  40      68D542D9 
  40      85
  41 0033 1CFC6835 		.ascii	"\034\374h5Fc\315\366\322\020z,\012\202\024,\224\"V\260"
  41      4663CDF6 
  41      D2107A2C 
  41      0A82142C 
  41      942256B0 
  42 0047 B4A7D243 		.ascii	"\264\247\322C\005?\336\231,~\025\3540\303\274;\363>"
  42      053FDE99 
  42      2C7E15EC 
  42      30C3BC3B 
  42      F33E
  43 0059 CFFEDE77 		.ascii	"\317\376\336w\242$\310\021D\367\210\3506/H\202x\276"
  43      A224C811 
  43      44F788E8 
  43      362F4882 
  43      78BE
  44 006b 4154880B 		.ascii	"AT\210\013@\007*\016\312\013\344\361LNI\264\212\373"
  44      40072A0E 
  44      CA0BE4F1 
  44      4C4E49B4 
  44      8AFB
  45 007d 8148CD2A 		.ascii	"\201H\315*\036\315\251\255\330\204\032\357\366$\321"
  45      1ECDA9AD 
ARM GAS  /tmp/cco9JTQM.s 			page 3


  45      D8841AEF 
  45      F624D1
  46 008c 0C2F3D30 		.ascii	"\014/=0\213\024q\332\237\322\357\357\011y\027:\366?"
  46      8B1471DA 
  46      9FD2EFEF 
  46      0979173A 
  46      F63F
  47 009e B4366F26 		.ascii	"\2646o&+\352\033K\366_uM*\177ZE<\011\314A\206:\035\222"
  47      2BEA1B4B 
  47      F65F754D 
  47      2A7F5A45 
  47      3C09CC41 
  48 00b6 CEFDBC57 		.ascii	"\316\375\274W\257A\366\031\335\327`\251\026\013u;=\005"
  48      AF41F619 
  48      DDD760A9 
  48      160B753B 
  48      3D05
  49 00c8 D52ADCD1 		.ascii	"\325*\334\321\252\205s\325B\250\332\255\035\277H\304"
  49      AA8573D5 
  49      42A8DAAD 
  49      1DBF48C4 
  50 00d8 22788324 		.ascii	"\"x\203$\346\221l\323\340-b\340\275\272\205\246:>)\252"
  50      E6916CD3 
  50      E02D62E0 
  50      BDBA85A6 
  50      3A3E29AA 
  51 00ec E6464FB5 		.ascii	"\346FO\265\276w+BT\342{]\332\023)\364.\0170vX<Zk@k\330"
  51      BE772B42 
  51      54E27B5D 
  51      DA1329F4 
  51      2E0F3076 
  52 0107 EFE5786B 		.ascii	"\357\345xk\263\243,=)\014H\020\374\374\322\221?Rq>\250"
  52      B3A32C3D 
  52      290C4810 
  52      FCFCD291 
  52      3F52713E 
  53 011c 686B3EFB 		.ascii	"hk>\373\361i\373\343\015\017\257\341I\211%\356\316\""
  53      F169FBE3 
  53      0D0FAFE1 
  53      498925EE 
  53      CE22
  54 012e 7ACD45B9 		.ascii	"z\315E\271\261\3748n-\352\006\371\017=\031A\025\036"
  54      B1FC386E 
  54      2DEA06F9 
  54      0F3D1941 
  54      151E
  55 0140 A60D3096 		.ascii	"\246\0150\226a]t\217^u\217V$\256\272\003+\354^\013\335"
  55      615D748F 
  55      5E758F56 
  55      24AEBA03 
  55      2BEC5E0B 
  56 0155 FDC3BFDB 		.ascii	"\375\303\277\333\235\234\374\210\335w\241-V\331\236"
  56      9D9CFC88 
  56      DD77A12D 
  56      56D99E
  57 0164 ADEBC893 		.ascii	"\255\353\310\223)\343\351\372Y\031\377\345^\273\216"
  57      29E3E9FA 
ARM GAS  /tmp/cco9JTQM.s 			page 4


  57      5919FFE5 
  57      5EBB8E
  58 0173 FB9DE1D6 		.ascii	"\373\235\341\326\035\304\272\341\276\014*\376\005m\\"
  58      1DC4BAE1 
  58      BE0C2AFE 
  58      056D5C
  59 0182 0B1AB441 		.ascii	"\013\032\264A\3373\350/\214\371\225\262\3014\017Y\342"
  59      DF33E82F 
  59      8CF995B2 
  59      C1340F59 
  59      E2
  60 0193 DFF03BB0 		.ascii	"\337\360;\260e*\235\266\3323\233\263\234l&\223\035\346"
  60      652A9DB6 
  60      DA339BB3 
  60      9C6C2693 
  60      1DE6
  61 01a5 E8C1D080 		.ascii	"\350\301\320\200\225\033u,g0\343f\234\354\250\233v\250"
  61      951B752C 
  61      6730E366 
  61      9CECA89B 
  61      76A8
  62 01b7 D3B607DD 		.ascii	"\323\266\007\335\376\021\333\035\276o\333\211\360c\240"
  62      FE11DB1D 
  62      BE6FDB89 
  62      F063A0
  63 01c6 3FE7DAF6 		.ascii	"?\347\332\366)\360R\346\311"
  63      29F052E6 
  63      C9
  64              		.text
  65              		.section	.gnu.lto_chCoreAllocAlignedWithOffsetI.5813666bd64a84f9,"",%progbits
  66 0000 789C8D54 		.ascii	"x\234\215TYkSA\024>\347\316\334\334\2204I\233\"\370"
  66      596B5341 
  66      143EE7CE 
  66      DCDC9034 
  66      499B22F8 
  67 0014 10A40F96 		.ascii	"\020\244\017\226R\220\004A\360M\037T\360/\370\246\206"
  67      52900441 
  67      F04D1F54 
  67      F02FF8A6 
  67      86
  68 0025 A805D388 		.ascii	"\250\005\323\210\021\021_zm\272\020\213Z\225\264*\246"
  68      11115F7A 
  68      6DBA108B 
  68      5A95B42A 
  68      A6
  69 0036 51A3B8C6 		.ascii	"Q\243\270\306\266\356uKq\243\340\332b\245\326\255hD"
  69      B6EE754B 
  69      71A3E0DA 
  69      62A5D6AD 
  69      6844
  70 0048 23155414 		.ascii	"#\025T\024qi\3539sSk\245\210\227d2\363\315\367\335\371"
  70      7169EB39 
  70      73536BA5 
  70      88976432 
  70      F3CDF7DD 
  71 005d CE3787E8 		.ascii	"\3167\207\350\240\301c\011\260\020\000\026\321\027m"
  71      A0C16309 
ARM GAS  /tmp/cco9JTQM.s 			page 5


  71      B0100016 
  71      D1176D
  72 006c 805AF33D 		.ascii	"\200Z\363=\200MvM\323\337\032`:\304\221[\000f\221(,"
  72      804D764D 
  72      D3DF1A60 
  72      3AC4915B 
  72      00669128 
  73 0081 A5B594A8 		.ascii	"\245\265\224\250[4\035\221'\246\035\241F\023R\307\032"
  73      5B341D91 
  73      27A61DA1 
  73      461352C7 
  73      1A
  74 0092 DC265A05 		.ascii	"\334&Z\005\366\326u\354\025[EJ\000JZ~\274\273\347\225"
  74      F6D675EC 
  74      155B454A 
  74      004A5A7E 
  74      BCBBE795 
  75 00a6 9B978865 		.ascii	"\233\227\210e\274\373\356M\235\263\362\260i\326\232"
  75      BCFBEE4D 
  75      9DB3F2B0 
  75      69D69A
  76 00b5 DDAD0F8C 		.ascii	"\335\255\017\214\326X\375\342\224\320`7\261\217\240"
  76      D658FDE2 
  76      94D06037 
  76      B18FA0
  77 00c4 0F0FA38F 		.ascii	"\017\017\243\217\315\034\305J\342\036\330\324\177\333"
  77      CD1CC54A 
  77      E21ED8D4 
  77      7FDB
  78 00d2 256621D0 		.ascii	"%f!\320\2741s%\357\2568\244t\271\2040g\246\204\300c"
  78      BC317325 
  78      EFAE38A4 
  78      74B98430 
  78      67A684C0 
  79 00e7 28FE1412 		.ascii	"(\376\024\022\004x\034+\210\336\374cd\310\020\263\225"
  79      04781C2B 
  79      88DEFC63 
  79      64C810B3 
  79      95
  80 00f8 34B67F30 		.ascii	"4\266\1770+\013\322{m\276D\314\244#%\236\370[,\0013"
  80      2B0BD27B 
  80      6DBE44CC 
  80      A423259E 
  80      F85B2C01 
  81 010d 4AFC79E7 		.ascii	"J\374y\347\340\013\267\230\253\304_\317\235\275\255"
  81      E00BB798 
  81      ABC45FCF 
  81      9DBDAD
  82 011c 17C48FDA 		.ascii	"\027\304\217\332\246[b\201'\2478\271\035+X\321\374\364"
  82      A65B6281 
  82      27A738B9 
  82      1D2B58D1 
  82      FCF4
  83 012e DB65A798 		.ascii	"\333e\247\230\247\324\271\237\211\006{yZ\251\237\267"
  83      A7D4B99F 
  83      89067B79 
  83      5AA99FB7 
ARM GAS  /tmp/cco9JTQM.s 			page 6


  84 013e 15EF8899 		.ascii	"\025\357\210\231=\246L\011\035;&\353\371!\372\235\356"
  84      3DA64C09 
  84      1D3B26EB 
  84      F921FA9D 
  84      EE
  85 014f 78BB432C 		.ascii	"x\273C,P\322\321\276\374\007\275 \315m\027\346ASc\341"
  85      50D2D1BE 
  85      FC07BD20 
  85      CD6D17E6 
  85      415363E1 
  86 0163 A929852F 		.ascii	"\251)\205/;G\023.\233\304\323X\216\235X\236\026\300"
  86      3B47132E 
  86      9BC4D358 
  86      8E9D589E 
  86      16C0
  87 0175 89529067 		.ascii	"\211R\220g\320\206\000\332\370F{\037v\233\243c\215T"
  87      D08600DA 
  87      F8467B1F 
  87      769BA363 
  87      8D54
  88 0187 CB8CE133 		.ascii	"\313\214\3413\267\274\323\220\254kt5T\270D\316N\347"
  88      B7BCD390 
  88      AC6B7435 
  88      54B844CE 
  88      4EE7
  89 0199 206C3C18 		.ascii	" l<\030<\330U\240\016\232\352N\344\012\213x\352\342"
  89      3CD855A0 
  89      0E9AEA4E 
  89      E40A8B78 
  89      EAE2
  90 01ab 2D370F1E 		.ascii	"-7\017\036\036\212y(\001>\304\013|L)\223\0006\223\005"
  90      1E8A7928 
  90      013EC40B 
  90      7C4C2993 
  90      00369305 
  91 01bf 6E9126BA 		.ascii	"n\221&\272`\372\025y\214\2654l\311\256bWI\241'\205H"
  91      60FA1579 
  91      8CB5346C 
  91      C9AE6257 
  91      49A12785 
  92 01d4 52E80A45 		.ascii	"R\350\012E\013c\230\312y\326s\364\270j!\211c\364x\360"
  92      0B6398CA 
  92      79D673F4 
  92      B86A2189 
  92      63F478F0 
  93 01e8 2C959AC7 		.ascii	",\225\232\307\332\201q\236AZ\026\376l\210\013\013\261"
  93      DA81719E 
  93      415A16FE 
  93      6C880B0B 
  93      B1
  94 01f9 2BB101AF 		.ascii	"+\261\001\257\261\266LUM\266\011e\325\305\374\267\353"
  94      B1B64C55 
  94      4DB60965 
  94      D5C5FCB7 
  94      EB
  95 020a 0E8BE5A0 		.ascii	"\016\213\345\240\227\267\324_\273o\360\313m*\347\256"
  95      97B7D45F 
ARM GAS  /tmp/cco9JTQM.s 			page 7


  95      BB6FF0CB 
  95      6D2AE7AE 
  96 021a AEE12746 		.ascii	"\256\341'F\315\210i' -P\305\371\356N\377\015G\012\223"
  96      CD886927 
  96      202D50C5 
  96      F9EE4EFF 
  96      0D470A93 
  97 022e 9812069E 		.ascii	"\230\022\006\236\247\306>\307Q\323\306\326\013\035q"
  97      A7C63EC7 
  97      51D3C6D6 
  97      0B1D71
  98 023d 7B2063D2 		.ascii	"{ c\322S\306\267q\001S\270\213\203\006\354\302\000;"
  98      53C6B771 
  98      0153B88B 
  98      8306ECC2 
  98      003B
  99 024f DA3B6EB1 		.ascii	"\332;n\261\210NK\012'\033\370\324X\300\\\004O\252\327"
  99      884E4B0A 
  99      271BF8D4 
  99      58C05C04 
  99      4FAAD7
 100 0262 AD32704D 		.ascii	"\2552pM\302<\004\027\012\246\372\012`\261\252\331c\275"
 100      C23C0417 
 100      0AA6FA0A 
 100      60B1AAD9 
 100      63BD
 101 0274 6D898595 		.ascii	"m\211\205\225\020<Q/\205O\220e!\223]jQ\274\212e\237"
 101      103C512F 
 101      854F9065 
 101      21935D6A 
 101      51BC8A65 
 102 0289 607532CB 		.ascii	"`u2\313k\2452\222v[\254\322\377\211\341\342?b\270\244"
 102      6BA53292 
 102      765BACD2 
 102      FF89E1E2 
 102      3F62B8A4 
 103 029d 62408EE1 		.ascii	"b@\216\3412\305\220\303\272\201\353s~;(U]\332D7F\377"
 103      32C590C3 
 103      BA81EB73 
 103      7E3B2855 
 103      5DDA4437 
 104 02b3 20426D3E 		.ascii	" Bm>\224\205\373`3\326\256\204\203\363\251Cj[\362\361"
 104      9485FB60 
 104      33D6AE84 
 104      83F3A943 
 104      6A5BF2F1 
 105 02c7 9B4EDEFD 		.ascii	"\233N\336\375\037SW\2466\265o=\273\272:q9Y\014X'5Q_"
 105      1F5357A6 
 105      36B56F3D 
 105      BBBA3A71 
 105      39590C58 
 106 02df 722BBE47 		.ascii	"r+\276G\015\222\312\361\027D\364\373\304\340\330\020"
 106      0D92CAF1 
 106      1744F4FB 
 106      C4E0D810 
 107 02ef 5258F2FB 		.ascii	"RX\362\373\201^^k\274\246\006Ffk\000\225~\177\300\372"
 107      815E5E6B 
ARM GAS  /tmp/cco9JTQM.s 			page 8


 107      BCA60646 
 107      666B0095 
 107      7E7FC0FA 
 108 0303 44A28160 		.ascii	"D\242\201`$\034\216T\323lu\325\362@tm0\020\\\025\016"
 108      241C8E54 
 108      D36C75D5 
 108      F240746D 
 108      30105C15 
 109 0318 858391B5 		.ascii	"\205\203\221\265!\177\020d\264jcH_\266\272je\265-\262"
 109      217F1064 
 109      B46A6348 
 109      5FB6BA6A 
 109      65B52DB2 
 110 032c 624534B4 		.ascii	"bE4\264NV\2076\254\3035\277\000\301\203\223~"
 110      4E568736 
 110      ACC335BF 
 110      00C18393 
 110      7E
 111              		.text
 112              		.section	.gnu.lto_chCoreAllocAlignedWithOffset.5813666bd64a84f9,"",%progbits
 113 0000 789C8D55 		.ascii	"x\234\215U]LTW\020>s\317\275\273\313.,\310C\2334&]\222"
 113      5D4C5457 
 113      103E73CF 
 113      BDBBCB2E 
 113      2CC8439B 
 114 0018 12A4A1DC 		.ascii	"\022\244\241\334611\351C\177bL\352\003I\243OM\232P\335"
 114      363131E9 
 114      437F624C 
 114      EA0349A3 
 114      4F4D9A50 
 115 002d AEB209B0 		.ascii	"\256\262\011\260d\227\032\355\013\327\005AJ\353O\015"
 115      64971AED 
 115      0BD70541 
 115      4AEB4F0D 
 116 003d 0856BA14 		.ascii	"\010V\272\0244\"\026\004\004\024\225\237\212X\020\324"
 116      34221604 
 116      0414959F 
 116      8A5810D4 
 117 004d 8A6229DA 		.ascii	"\212b)\332j\375\251.\330\252\324Zme\355\314\271\027"
 117      6AFDA92E 
 117      D8AAD45A 
 117      6D65EDCC 
 117      B917
 118 005f 646163BD 		.ascii	"dac\275\331={\317\314|sf\276\2313\2530\211\365[\030"
 118      D93D7BCF 
 118      CC7C7366 
 118      BE9933AB 
 118      3089F55B 
 119 0074 BBC7185B 		.ascii	"\273\307\030[\202_01\220\266\234fl\275E\222\224[f\246"
 119      825F3031 
 119      90B69C66 
 119      6CBD4592 
 119      945B66A6 
 120 0088 5979ED09 		.ascii	"Yy\355\011\306\264hnle}+\203\242\233)\000\364\242Y\200"
 120      C6B4686E 
 120      6C657D2B 
 120      83A29B29 
ARM GAS  /tmp/cco9JTQM.s 			page 9


 120      00F4A259 
 121 009d E5495C56 		.ascii	"\345I\\V \0176\363\355\034\316\0264\356\344\233x\200"
 121      200F36F3 
 121      ED1CCE16 
 121      34EEE49B 
 121      7880
 122 00af 3390717B 		.ascii	"3\220q{\357\324\216kv\332\0028H;v\263\300\226\274G\323"
 122      EFD48E6B 
 122      76DA0238 
 122      483B76B3 
 122      C096BC47 
 123 00c4 FC5AF7F6 		.ascii	"\374Z\367\366\021\353\366\374\015\357\005\270\304*\320"
 123      11EBF6FC 
 123      0DEF05B8 
 123      C42AD0
 124 00d3 BA16E6C3 		.ascii	"\272\026\346\303\036\230O\301\354\205d\264\255^?<\020"
 124      1E984FC1 
 124      EC8564B4 
 124      AD5E3F3C 
 124      10
 125 00e4 C35380E1 		.ascii	"\303S\200\341{Q}G\320\236\264[\340.\225r\355\225\000"
 125      7B517D47 
 125      D09EB45B 
 125      E02E9572 
 125      ED9500
 126 00f7 E750077C 		.ascii	"\347P\007|&\020E\014\366A\022\232o\371w\362\212\231"
 126      2610450C 
 126      F641129A 
 126      6FF977F2 
 126      8A99
 127 0109 BF21A0F9 		.ascii	"\277!\240\371\337\214v\311\006\364\217\272\227J\363"
 127      DF8C76C9 
 127      06F48FBA 
 127      974AF3
 128 0118 353C5286 		.ascii	"5<R\206og\203e\006\365\002|\177\333\350e;_$\300\177"
 128      6F678365 
 128      06F5027C 
 128      7FDBE865 
 128      3B5F24C0 
 129 012d B7B50E28 		.ascii	"\267\265\016(\006\370A\335\013:\230CC\204\223\367C\022"
 129      06F841DD 
 129      0B3A9843 
 129      438493F7 
 129      4312
 130 013f 2106BB8B 		.ascii	"!\006\273\213\367[\371[\002}ic\350\240\234X#\320\241"
 130      F75BF95B 
 130      027D6963 
 130      E8A09C58 
 130      23D0A1
 131 0152 BAF8ADF9 		.ascii	"\272\370\255\371Z\237&c\276\320\030\216\247\007\315"
 131      5A9F2663 
 131      BED0188E 
 131      A707CD
 132 0161 AF36854A 		.ascii	"\2576\205JcL24A\"1\202D4\203\011\030#Z\313n=\014\231"
 132      634C3234 
 132      41223182 
 132      44348309 
ARM GAS  /tmp/cco9JTQM.s 			page 10


 132      18235ACB 
 133 0179 0D57BFD5 		.ascii	"\015W\277\325\331+\264\356\002G\004\016\350\201\003"
 133      D92BB4EE 
 133      0247040E 
 133      E88103
 134 0188 90481C5C 		.ascii	"\220H\034\\zt\324\306\337\021\201\\\177\\Zh1\320\277"
 134      7A74D4C6 
 134      DF11815C 
 134      7F5C5A68 
 134      31D0BF
 135 019b 7C1DF7A5 		.ascii	"|\035\367\245\021\210\002-\021\340\255\002\036\032\012"
 135      1188022D 
 135      11E0AD02 
 135      1E1A0A
 136 01aa DE550CC8 		.ascii	"\336U\014\310\365\255\\\333\245I\004\210\0209\264A\342"
 136      F5AD5CDB 
 136      A5490488 
 136      1039B441 
 136      E2
 137 01bb FE21E8D6 		.ascii	"\376!\350\326BO\212\220\245W\307[.\307\277(\001\225"
 137      424F8A90 
 137      A557C75B 
 137      2EC7BF28 
 137      0195
 138 01cd 02AB8E9C 		.ascii	"\002\253\216\234\312@\344(\304\261\211\0263-\026\021"
 138      CA40E428 
 138      C4B18916 
 138      332D1611 
 139 01dd 6714BE2A 		.ascii	"g\024\276*VZl$\214\246%\206\026;-\261\302w\234\010i"
 139      565A6C24 
 139      8CA62586 
 139      163B2DB1 
 139      C2779C08 
 140 01f2 1E19C533 		.ascii	"\036\031\3053\352\026\366\031\222C\315W\202\033\374"
 140      EA16F619 
 140      9243CD57 
 140      821BFC
 141 0201 E53740A2 		.ascii	"\3457@\242,w\237\034\352\262\361%\"\343\373\345M\265"
 141      2C779F1C 
 141      EAB2F125 
 141      22E3FBE5 
 141      4DB5
 142 0213 5146F877 		.ascii	"QF\370w*\026\354\310\037\370\\\253\362\307\005\270\011"
 142      2A16ECC8 
 142      1FF85CAB 
 142      F2C705B8 
 142      09
 143 0224 0E4648E1 		.ascii	"\016FH\341\220\310\271(\250u\310\324\254&p@;\352\306"
 143      90C8B928 
 143      A875C8D4 
 143      AC267040 
 143      3BEAC6
 144 0237 C07FF5CE 		.ascii	"\300\177\365\316\346\226\3130]\235\002\015\237\356m"
 144      E696CB30 
 144      5D9D020D 
 144      9FEE6D
 145 0246 1356519C 		.ascii	"\023VQ\234\012\016l\226\352\317\206\224\017\031\034"
ARM GAS  /tmp/cco9JTQM.s 			page 11


 145      0A0E6C96 
 145      EACF8694 
 145      0F191C
 146 0255 269D345B 		.ascii	"&\2354[7^\261\340+Ng18B\006|F\325\031\034\305K\310\240"
 146      375EB1E0 
 146      2B4E6731 
 146      3842067C 
 146      46D5191C 
 147 026d 834A0EEC 		.ascii	"\203J\016\354\002\035Y\035h~hM\270\011\001\255\034\213"
 147      021D591D 
 147      687E684D 
 147      B80901AD 
 147      1C8B
 148 027f 6D26EBFA 		.ascii	"m&\353\372kG4\213\214\034@'$\210\256\271{\373\374E\011"
 148      6B47348B 
 148      8C1C4027 
 148      2488AEB9 
 148      7BFBFC45 
 149 0294 25D005B2 		.ascii	"%\320\005\262\010\232A\267\270z\265\235=7\242\023\306"
 149      089A41B7 
 149      B87AB59D 
 149      3D37A213 
 149      C6
 150 02a5 0CB4856C 		.ascii	"\014\264\205l'\032\232\207m\002\375\035\241\341\030"
 150      271A9A87 
 150      6D02FD1D 
 150      A1E118
 151 02b4 C8EC06F8 		.ascii	"\310\354\006\370\035\202\000F\257W\212\333\025\321v"
 151      1D820046 
 151      AF578ADB 
 151      15D176
 152 02c3 589C4ACC 		.ascii	"X\234J\314\200\264\264Gp\377\265c\343\322\234\026\234"
 152      80B4B447 
 152      70FFB563 
 152      E3D29C16 
 152      9C
 153 02d4 7393049F 		.ascii	"s\223\004\237=\204\346\204\256\272Y\312\015\007\367"
 153      3D84E684 
 153      AEBA59CA 
 153      0D07F7
 154 02e3 365E6D8A 		.ascii	"6^m\212\211\320\303\015\021\034\034'\0072\013B~Y\341"
 154      89D0C30D 
 154      111C1C27 
 154      07320B42 
 154      7E59E1
 155 02f6 175D19B3 		.ascii	"\027]\031\263\210\274\260\317J\026t\014\005j\324B\236"
 155      88BCB0CF 
 155      4A16740C 
 155      056AD442 
 155      9E
 156 0307 7989B071 		.ascii	"y\211\260q\250m\030\364\012ZO\200\251\222+\230\021\205"
 156      A86D18F4 
 156      0A5A4F80 
 156      A9922B98 
 156      1185
 157 0319 35E55597 		.ascii	"5\345U\227\222\002\201?\367\355\335'\006\227\014O\360"
 157      9202813F 
ARM GAS  /tmp/cco9JTQM.s 			page 12


 157      F7EDDD27 
 157      06970C4F 
 157      F0
 158 032a 8985EF31 		.ascii	"\211\205\3571\226 \370G\012A\2673\033\320\307\205\305"
 158      9620F847 
 158      0A41B733 
 158      1BD0C785 
 158      C5
 159 033b 5C975804 		.ascii	"\\\227X\004\330\254\223tb\2124\013\241\016\007\037\365"
 159      D8AC9374 
 159      628A340B 
 159      A10E071F 
 159      F5
 160 034c 5875AB28 		.ascii	"Xu\253(\272\276\033\216\2351\223\363(\3210\355\355\267"
 160      BABE1B8E 
 160      9D3193F3 
 160      28D130ED 
 160      EDB7
 161 035e 2F9AF326 		.ascii	"/\232\363&5\013\012j\270~\373\307\006\207\217[\003P"
 161      350B0A6A 
 161      B87EFBC7 
 161      06878F5B 
 161      0350
 162 0370 09016E85 		.ascii	"\011\001n\205~\034\247}\304\005*6\035j,\266\250\365"
 162      7E1CA77D 
 162      C4052A36 
 162      1D6A2CB6 
 162      A8F5
 163 0382 94B883AE 		.ascii	"\224\270\203\256\340I\010@9\202Df0\000*\005\265s*J+"
 163      E0490840 
 163      39824466 
 163      30002A05 
 163      B5732A4A 
 164 0397 1EA833E7 		.ascii	"\036\2503\347\237(2d6\024\353I\033\202hL\005\305a\262"
 164      9F283264 
 164      3614EB49 
 164      1B82684C 
 164      05C561B2 
 165 03ab 18141B39 		.ascii	"\030\024\0339c\212\206\320.\322\216\321\275}\240\313"
 165      638A86D0 
 165      2ED28ED1 
 165      BD7DA0CB 
 166 03bb 6251FC34 		.ascii	"bQ\3744\3456J9V\017\241\276\353#\335$NXY\236Z\265\222"
 166      E5364A39 
 166      560FA1BE 
 166      EB23DD24 
 166      4E58599E 
 167 03d2 559C4ECC 		.ascii	"U\234N\314d\215]\267\232\367<L\014>\203\211S\202\011"
 167      648D5DB7 
 167      9AF73C4C 
 167      0C3E8389 
 167      538209
 168 03e5 3098388D 		.ascii	"0\2308\215L\\\207\202\221\236\205\323A\314\023\315T"
 168      4C5C8782 
 168      919E85D3 
 168      41CC13CD 
 168      54
ARM GAS  /tmp/cco9JTQM.s 			page 13


 169 03f6 8275C37F 		.ascii	"\202u\303\177/.\224\347e\243*\024\217\256\225\331\256"
 169      2F2E94E7 
 169      65A32A14 
 169      8FAE95D9 
 169      AE
 170 0407 B7398656 		.ascii	"\2679\206V\026,\356\265\221\366y\342:\0239\256\2525"
 170      162CEEB5 
 170      91F679E2 
 170      3A1339AE 
 170      AA35
 171 0419 14D80F61 		.ascii	"\024\330\017a%:\013\252~X\011W\214y\345\257\032/\235"
 171      253A0BAA 
 171      7E580957 
 171      8C79E5AF 
 171      1A2F9D
 172 042c BE676CFA 		.ascii	"\276gl\372\226QC\317\330\035\017\333\265\206\355\332"
 172      965143CF 
 172      D81D0FDB 
 172      B586EDDA 
 173 043c C2764DFA 		.ascii	"\302vM\372N\2120\372*\377g\364\015\211\3217\335\240"
 173      4E8A30FA 
 173      2AFF67F4 
 173      0D89D137 
 173      DDA0
 174 044e 347DCE3D 		.ascii	"4}\316=k\364=\230\032}J\330\364:O\327l\316,\\\220\316"
 174      6BF43D98 
 174      1A7D4AD8 
 174      F43A4FD7 
 174      6CCE2C5C 
 175 0464 60988C4D 		.ascii	"`\230\214Msg\341\302JN\2073\2700w\026\376(.\355\310"
 175      7367E1C2 
 175      4A4E8733 
 175      B8307716 
 175      FE282EED 
 176 0479 8C59180A 		.ascii	"\214Y\030\012\374\332i\233\032s\347\304\230\373I\214"
 176      FCDA699B 
 176      1A73E7C4 
 176      98FB498C 
 177 0489 B9D9336D 		.ascii	"\271\3313mtz\246\221s\366;\316\264\222\216^\023\305"
 177      747AA691 
 177      73F63BCE 
 177      B4928E5E 
 177      13C5
 178 049b 5CC9E331 		.ascii	"\\\311\3431\343\277 \036R\347K\243O\256\000\376\322"
 178      E3BF201E 
 178      52E74BA3 
 178      4FAE00FE 
 178      D2
 179 04ac 448895FF 		.ascii	"D\210\225\377\251>\013\370\267\002T\036t\225\234\232"
 179      A93E0BF8 
 179      B702541E 
 179      74959C9A 
 180 04bc AAEA1F8F 		.ascii	"\252\352\037\217Ouz\262\262<\331\370\226\351^\251\372"
 180      4F757AB2 
 180      B23CD9F8 
 180      96E95EA9 
 180      FA
ARM GAS  /tmp/cco9JTQM.s 			page 14


 181 04cd BC4ED599 		.ascii	"\274N\325\231\221\345\312rz\274\256T'\223}\356O]\312"
 181      91E5CA72 
 181      7ABCAE54 
 181      27937DEE 
 181      4F5DCA
 182 04e0 8A4CF7EA 		.ascii	"\212L\367\352l\223g\325*\237+\027r\344l\327\332\\\363"
 182      6C9367D5 
 182      2A9F2B17 
 182      72E46CD7 
 182      DA5CF3
 183 04f3 CA153ED7 		.ascii	"\312\025>\327\373^\367k\021\\\345x\274\271>\365\335"
 183      FB5EF76B 
 183      115CE578 
 183      BCB93EF5 
 183      DD
 184 0504 65698BD3 		.ascii	"ei\213\323\326\2427r\225\276fQVj\006{3\2025:#[uq\332"
 184      D6A23772 
 184      95BE6651 
 184      566A067B 
 184      3382353A 
 185 051d F2A5CBD5 		.ascii	"\362\245\313\325\305h\254.\315vf~\362\261Kuf\371\334"
 185      C568AC2E 
 185      CD76667E 
 185      F2B14B75 
 185      66F9DC
 186 0530 BEF4D54E 		.ascii	"\276\364\325N'B_\236\011\365\346\252\356)\233\014\337"
 186      27425F9E 
 186      09F5E6AA 
 186      EE299B0C 
 186      DF
 187 0541 3A1FEAE3 		.ascii	":\037\352\343\322\226/sPP9^w\212#\361u&y\231\031\023"
 187      D2962F73 
 187      5050395E 
 187      778A23F1 
 187      75267999 
 188 0557 F178D7B1 		.ascii	"\361x\327\261\377\000\355]\005\323"
 188      FF00ED5D 
 188      05D3
 189              		.text
 190              		.section	.gnu.lto_chCoreGetStatusX.5813666bd64a84f9,"",%progbits
 191 0000 789C8D90 		.ascii	"x\234\215\220\273N\002Q\020\206g\366\354\015\215\372"
 191      BB4E0251 
 191      108667F6 
 191      EC0D8DFA 
 192 0010 0052D012 		.ascii	"\000R\320\022\023\366A|\0137$\222\270n\002\017\300\021"
 192      13F6417C 
 192      0B372492 
 192      B86E020F 
 192      C011
 193 0022 2F044CD0 		.ascii	"/\004L\320F\301\013nA\014\240\"`%T\304\330\230x\203"
 193      46C10B6E 
 193      410CA022 
 193      602554C4 
 193      D8987883 
 194 0036 C442EDB4 		.ascii	"\304B\355\264\302h\241\265\2423\256\225\205q\263{\316"
 194      C268A1B5 
 194      A233AE95 
ARM GAS  /tmp/cco9JTQM.s 			page 15


 194      8571B37B 
 194      CE
 195 0047 CC7FE6CC 		.ascii	"\314\177\346\314\367\357h\240@\027\001&\000`\234>\024"
 195      F7EF68A0 
 195      40170126 
 195      00609C3E 
 195      14
 196 0058 80CAEA25 		.ascii	"\200\312\352%\300\234\251 r M\204\244\202I\\\021y\201"
 196      C09CA920 
 196      72204D84 
 196      A482495C 
 196      117981
 197 006b DD85C6B6 		.ascii	"\335\205\306\266\310\011\217\312TJ_/6\037G9E\014Q\272"
 197      C8098FCA 
 197      544A5F2F 
 197      361F4739 
 197      450C51BA 
 198 007f 257B1923 		.ascii	"%{\031#\\\2262%;\371\235\341\302\321\265\014xB\201\015"
 198      5C963225 
 198      3BF99DE1 
 198      C2D1B50C 
 198      7842810D 
 199 0093 2AAF6010 		.ascii	"*\257`\020\313\030dF\025\303@\325\017\315\301\332\210"
 199      CB186446 
 199      15C340D5 
 199      0FCDC1DA 
 199      88
 200 00a4 AEF22989 		.ascii	"\256\362)\211{\250\223\017\250\367\260#\007\237i\331"
 200      7BA8930F 
 200      A8F7B023 
 200      079F69D9 
 201 00b4 792F616B 		.ascii	"y/ak\322T\300\023B\320\242\252\034i\034\351\274\030"
 201      D254C013 
 201      42D0A2AA 
 201      1C691CE9 
 201      BC18
 202 00c6 C09D214B 		.ascii	"\300\235!K\227\331\3462%\264\213>\246\332\375\273\335"
 202      97D9E632 
 202      25B48B3E 
 202      A6DAFDBB 
 202      DD
 203 00d7 31EE5714 		.ascii	"1\356W\024\012a\326\027O\256\014\366\250!S[\255\347"
 203      0A61D617 
 203      4FAE0CF6 
 203      A821535B 
 203      ADE7
 204 00e9 7B23F921 		.ascii	"{#\371!M\022JL&\355\351\374\346t\310\303\"zB\307\003"
 204      4D124A4C 
 204      26EDE9FC 
 204      E674C8C3 
 204      227A42C7 
 205 00fe FAD77D36 		.ascii	"\372\327}6J\007\271\343F\306\264j\222\236\020\321\261"
 205      4A07B9E3 
 205      46C6B46A 
 205      929E10D1 
 205      B1
 206 010f 861E16F8 		.ascii	"\206\036\026\370\022\340!Z@\260\267\364m\300g\011\302"
ARM GAS  /tmp/cco9JTQM.s 			page 16


 206      12E0215A 
 206      40B0B7F4 
 206      6DC06709 
 206      C2
 207 0120 B1D23E8B 		.ascii	"\261\322>\213\371\202\372\037Z\375\017Z\343\233\306"
 207      F982FA1F 
 207      5AFD0F5A 
 207      E39BC6
 208 012f 53C1E66F 		.ascii	"S\301\346o\232F\375I\231/,\241/\370\0164\277\252*|\321"
 208      9A46FD49 
 208      992F2CA1 
 208      2FF80E34 
 208      BFAA2A7C 
 209 0144 201D5E30 		.ascii	" \035^0\025\372I\331y\226:\322\244hv\341H\304\362_7"
 209      15FA49D9 
 209      79963AD2 
 209      A46876E1 
 209      48C4F25F 
 210 0159 61D9AEE3 		.ascii	"a\331\256\343\270\263\024\315\304\246\254D\334\266\354"
 210      B8B314CD 
 210      C4A6AC44 
 210      DCB6EC
 211 0168 6927EAD8 		.ascii	"i'\352\330n<\032\261\341\013H)\235\202"
 211      6E3C1AB1 
 211      E10B4829 
 211      9D82
 212              		.text
 213              		.section	.gnu.lto_.symbol_nodes.5813666bd64a84f9,"",%progbits
 214 0000 789C6365 		.ascii	"x\234ce`bHf\000\002\246\231L\365\014\014\023\31610\000"
 214      60624866 
 214      0002A699 
 214      4CF50C0C 
 214      13CE3130 
 215 0015 A95D0D8E 		.ascii	"\251]\015\216\014\014\2543\230\030\032\225\200R\254"
 215      0C0CAC33 
 215      98181A95 
 215      8052AC
 216 0024 73991815 		.ascii	"s\231\030\025@\364<&&\020\3154\213\251\236\021E)\323"
 216      40F43C26 
 216      2610CD34 
 216      8BA99E11 
 216      4529D3
 217 0037 6CA67A26 		.ascii	"l\246z&T\2219L\365\314(\"\014\000\004\311\025\025"
 217      5491394C 
 217      F5CC2822 
 217      0C0004C9 
 217      1515
 218              		.text
 219              		.section	.gnu.lto_.refs.5813666bd64a84f9,"",%progbits
 220 0000 789C1DC8 		.ascii	"x\234\035\310A\012\300 \024\304\320d\276\272\352\242"
 220      410AC020 
 220      14C4D064 
 220      BEBAEAA2 
 221 0010 20081EA2 		.ascii	" \010\036\242\367\277^\305M\340\245\023>\240\241&7\225"
 221      F7BF5EC5 
 221      4DE0A513 
 221      3EA0A126 
ARM GAS  /tmp/cco9JTQM.s 			page 17


 221      3795
 222 0022 3A1CF8EA 		.ascii	":\034\370\352\254\216\017.\3359K,~\026\224\000\325"
 222      AC8E0F2E 
 222      DD394B2C 
 222      7E169400 
 222      D5
 223              		.text
 224              		.section	.gnu.lto_.decls.5813666bd64a84f9,"",%progbits
 225 0000 789C7D56 		.ascii	"x\234}VkPTG\026\276\347\3660\3000C(\264\266\254]\314"
 225      6B505447 
 225      16BEE7F6 
 225      30C03043 
 225      28B4B6AC 
 226 0016 521459D9 		.ascii	"R\024Y\331T\311\204\2302\331\374\322\265v\023\253\326"
 226      54C98498 
 226      32D9FCD2 
 226      B57613AB 
 226      D6
 227 0027 3515D6EC 		.ascii	"5\025\326\354\376In\3410\206\251\300`1\303\032w\177"
 227      FE496EE1 
 227      3086A9C0 
 227      6031C31A 
 227      777F
 228 0039 EC1D5EC1 		.ascii	"\354\035^\301\307\0321\212\012DG\260\024\005\004\024"
 228      C71A318A 
 228      0A4447B0 
 228      14050414 
 229 0049 21CA2303 		.ascii	"!\312#\003*Q\224\010\262(\006y\210\370\330\370\340\245"
 229      2A519408 
 229      B2280679 
 229      88F8D8F8 
 229      E0A5
 230 005b 02A2B2A7 		.ascii	"\002\242\262\247\273\357p\307\331\201[\234\241\273\357"
 230      BBEF70C7 
 230      D9815B9C 
 230      A1BBEF
 231 006a 39DFF7F5 		.ascii	"9\337\367\365\351\323\335\327O\020\205>\275 \344\212"
 231      E9D3DDD7 
 231      4F10853E 
 231      BD20E48A 
 232 007a 82701004 		.ascii	"\202p\020\004a\032\037?A\020\312\004\365\321\240\035"
 232      611A1F3F 
 232      4110CA04 
 232      F5D1A01D 
 233 008a 43AB45AB 		.ascii	"C\253E\253Gs\241\021\264\253h\327\321\272\205W\237O"
 233      4773A111 
 233      B4AB68D7 
 233      D1BA8557 
 233      9F4F
 234 009c 11478BFF 		.ascii	"\021G\213\377?A\353B\273\201\326\211\326\212\326\203"
 234      3F41EB42 
 234      BB81D689 
 234      D68AD683 
 235 00ac 8654423B 		.ascii	"\206TB;\332e4P\260\347\302\333\200N\001\370?\024m>\332"
 235      DA653450 
 235      B0E7C2DB 
 235      804E01F8 
ARM GAS  /tmp/cco9JTQM.s 			page 18


 235      3F146D3E 
 236 00c1 1AB46AB4 		.ascii	"\032\264j\264\325\012\246\033\337\033\267V\031{\240"
 236      D50AA61B 
 236      DF1BB756 
 236      197BA0
 237 00d0 607B3EFF 		.ascii	"`{>\377D\207\24090\307\320\236\242M\315\202\357\257"
 237      4487A039 
 237      30C7D09E 
 237      A24DCD82 
 237      EFAF
 238 00e2 E4E205DA 		.ascii	"\344\342\005\3324\232\037p>\177\374\037\010\234\337"
 238      349A1F70 
 238      3E7FFC1F 
 238      089CDF
 239 00f1 9BD3013C 		.ascii	"\233\323\001<\316\315Y\255p}\344\305qY\341\001%\327"
 239      CECD59AD 
 239      707DE4C5 
 239      7159E101 
 239      25D7
 240 0103 BEB07613 		.ascii	"\276\260v\023\250\376\367\331z\261\027n\000\306@\010"
 240      A8FEF7D9 
 240      7AB1176E 
 240      00C64008 
 241 0113 1B05E0BF 		.ascii	"\033\005\340\277\300\214u\247\335\017\000\033\307QQ"
 241      C08C75A7 
 241      DD0F001B 
 241      C75151
 242 0122 5004BA87 		.ascii	"P\004\272\207\300\035\241\364E\245+*\220\354O\011\006"
 242      C01DA1F4 
 242      45A52B2A 
 242      90EC4F09 
 242      06
 243 0133 0F44FE9A 		.ascii	"\017D\376\2323\271\037\256\2277X\230;\032D\225\000\300"
 243      33B91FAE 
 243      97375898 
 243      3B1A4495 
 243      00C0
 244 0145 33C00390 		.ascii	"3\300\003\220\313V\336\317\350\023\324\311\201{\366"
 244      CB56DECF 
 244      E813D4C9 
 244      817BF6
 245 0154 237B2FDD 		.ascii	"#{/\335\321\365A\017\035u.\0036\366s\345\215\003\301"
 245      D1F5410F 
 245      1D752E03 
 245      36F673E5 
 245      8D03C1
 246 0167 4404DAEE 		.ascii	"D\004\332\356\233,\376ct\251\314\237\200\205j\332\316"
 246      9B2CFE63 
 246      74A9CC9F 
 246      80856ADA 
 246      CE
 247 0178 4D8FBB5E 		.ascii	"M\217\273^\333F T\007\"v\257\014_\3726\010\273\363u"
 247      DB462054 
 247      072276AF 
 247      0C5FFA36 
 247      08BBF375 
 248 018c 1082DD09 		.ascii	"\020\202\335\011Gg\243nA.\213J\227CD\370\344\027P\012"
ARM GAS  /tmp/cco9JTQM.s 			page 19


 248      4767A36E 
 248      412E8B4A 
 248      974344F8 
 248      E417500A 
 249 01a0 61500261 		.ascii	"aP\002aH^\006\013\360w\255\206#\3658\017\237\320F8e"
 249      485E060B 
 249      F077AD86 
 249      23F5380F 
 249      9FD04638 
 250 01b5 67BFEC1A 		.ascii	"g\277\354\032/|\363\346qY\316\3040\015u\203#@\340(D"
 250      2F7CF3E6 
 250      7159CEC4 
 250      300D7583 
 250      2340E028 
 251 01ca 53C9D8C4 		.ascii	"S\311\330\304\337b\350\0038\014\2758\241c\020\201\341"
 251      DF62E803 
 251      380CBD38 
 251      A1631081 
 251      E1
 252 01db 992D5D76 		.ascii	"\231-]v\262\214\211\3559\177\244\204\240\210\325:\240"
 252      B28C89ED 
 252      397FA484 
 252      A088D53A 
 252      A0
 253 01ec 79780D87 		.ascii	"yx\015\207\312\037\234\2324\360!\352qpr\250FO>c\355"
 253      CA1F9C9A 
 253      34F021EA 
 253      717072A8 
 253      464F3E63 
 254 0201 F68C8A02 		.ascii	"\366\214\212\002\302g\240\241\231h\315\273\025\314g"
 254      C267A0A1 
 254      9968CDBB 
 254      15CC67
 255 0210 10BE9B88 		.ascii	"\020\276\233\210\355\365\017o\006@\224\356\020\235\202"
 255      EDF50F6F 
 255      064094EE 
 255      109D82
 256 021f 6BA820A2 		.ascii	"k\250 \242\266W\226\303\241\032tp\\\325\264Z\207\277"
 256      B65796C3 
 256      A11A7470 
 256      5CD5B45A 
 256      87BF
 257 0231 D9B29C26 		.ascii	"\331\262\234&oO\227\003?\024\240\012'y\002'\011'!\212"
 257      6F4F9703 
 257      3F14A00A 
 257      27790227 
 257      0927218A 
 258 0245 92523FA8 		.ascii	"\222R?\250\304\301\012\034D\226}MC\016\275\206\226\032"
 258      C4C10A1C 
 258      44967D4D 
 258      430EBD86 
 258      961A
 259 0257 45C214E0 		.ascii	"E\302\024\340Xn\207#\233\2601\014\250\0016\326\357\034"
 259      586E8723 
 259      9BB0310C 
 259      A80136D6 
 259      EF1C
ARM GAS  /tmp/cco9JTQM.s 			page 20


 260 0269 B829CEF8 		.ascii	"\270)\316\370}\307\007O\355zr#\3303\253k\364\036Y=\315"
 260      7DC7074F 
 260      ED7A7223 
 260      D833AB6B 
 260      F41E593D 
 261 027e B27A0A94 		.ascii	"\262z\012\224\264\236\257+8F0\255\3754\255i\357\217"
 261      B49EAF2B 
 261      384630AD 
 261      FD34AD69 
 261      EF8F
 262 0290 F0B4A669 		.ascii	"\360\264\246i\250\037\224\253S(\367Nk-K\353\325\373"
 262      A81F94AB 
 262      5328F74E 
 262      6B2D4BEB 
 262      D5FB
 263 02a2 358781EC 		.ascii	"5\207\201\354\001\226\252\223\307\362\217\030\024\254"
 263      0196AA93 
 263      C7F28F18 
 263      14AC
 264 02b0 8137F7CA 		.ascii	"\2017\367\312\2564T 2\244:\025\251\316\033\251\236!"
 264      AE345420 
 264      32A43A15 
 264      A9CE1BA9 
 264      9E21
 265 02c2 958F54E4 		.ascii	"\225\217T\344\373\223\223\034iWc\271\303\337s\012tz"
 265      FB93931C 
 265      695763B9 
 265      C3DF730A 
 265      747A
 266 02d4 EA1CBE7F 		.ascii	"\352\034\276\177\2452\276n\352t\022\2452^\226\206\344"
 266      A532BE6E 
 266      EA7412A5 
 266      325E9686 
 266      E4
 267 02e5 A4CBC518 		.ascii	"\244\313\305\030\346\024\251\0334\250\304\015\336\304"
 267      E614A91B 
 267      34A8C40D 
 267      DEC4
 268 02f3 2E46BCE7 		.ascii	".F\274\347\336m\227\2164s\342\274\332\307-~|\265\003"
 268      DE6D978E 
 268      3473E2BC 
 268      DAC72D7E 
 268      7CB503
 269 0306 B05BF3A8 		.ascii	"\260[\363\250\244\306\300W\333\305j~\313\223\023\"i"
 269      A4C6C057 
 269      DBC56A7E 
 269      CB931322 
 269      69
 270 0317 E7BEE599 		.ascii	"\347\276\345\231\203G\002\360e\030\326\021x\024Q\030"
 270      834702F0 
 270      6518D611 
 270      78145118 
 271 0327 2FA22AD7 		.ascii	"/\242*\327X\231\206\\g\276bu\325`\236n\246N\372\352"
 271      5899865C 
 271      67BE6275 
 271      D5609E6E 
 271      A64EFAEA 
ARM GAS  /tmp/cco9JTQM.s 			page 21


 272 033b 96A67F45 		.ascii	"\226\246\177ESs\001\247\365\203\2520l\246N\206\013e"
 272      537301A7 
 272      F583AA30 
 272      6CA64E86 
 272      0B65
 273 034d B2408025 		.ascii	"\262@\200%a\360\026V\311y\254\2220\245J\2321\013\347"
 273      61F01656 
 273      C979AC92 
 273      30A54A9A 
 273      310BE7
 274 0360 78951CD9 		.ascii	"x\225\034\331_|\326@r\330\026\024\367\356j\254\012\236"
 274      5F7CD640 
 274      72D81614 
 274      F7EE6AAC 
 274      0A9E
 275 0372 61B87C31 		.ascii	"a\270|1\342D&e\270\204\014-*\003\022\372\246\270\350"
 275      E2442665 
 275      B8840C2D 
 275      2A0312FA 
 275      A6B8E8
 276 0385 9BA2636A 		.ascii	"\233\242cj\307\210\250\337<S\272\014\317]\275\002\264"
 276      C788A8DF 
 276      3C53BA0C 
 276      CF5DBD02 
 276      B4
 277 0396 82DE7D42 		.ascii	"\202\336}B\354\272\376\015!uL\213\2468\2432\313\037"
 277      ECBAFE0D 
 277      21754C8B 
 277      A638A332 
 277      CB1F
 278 03a8 22E74546 		.ascii	"\"\347EF\025\322HW_\327;\371\337\015\312\362\016=\215"
 278      15D24857 
 278      5FD73BF9 
 278      DF0DCAF2 
 278      0E3D8D
 279 03bb 801F514F 		.ascii	"\200\037QO\033\314Sw\201\221bUQD!\207\312\337.\313\313"
 279      1BCC5377 
 279      81916255 
 279      51442187 
 279      CADF2ECB 
 280 03d0 34029CC1 		.ascii	"4\002\234\301\367M\214\207z\2434\270\202*\333!\022."
 280      F74D8C87 
 280      7AA334B8 
 280      822ADB21 
 280      122E
 281 03e2 43243B61 		.ascii	"C$;a8|\313\257\260\3262\010\303>\353\023;\206B\363\314"
 281      387CCBAF 
 281      B0D63208 
 281      C33EEB13 
 281      3B8642F3 
 282 03f7 3CCA0B75 		.ascii	"<\312\013u\3102P'A\311\2122\205\2663?e\0232\302\323"
 282      C8325027 
 282      41C98A32 
 282      85B6333F 
 282      651332C2 
 283 040c 59D9B0BB 		.ascii	"Y\331\260\273K\003Q\363x\320\323|-\236k\320\211\300"
 283      4B0351F3 
ARM GAS  /tmp/cco9JTQM.s 			page 22


 283      78D0D37C 
 283      2D9E6BD0 
 283      89C0
 284 041e 1D6A3229 		.ascii	"\035j2)\204o\305\360\037\024:\233h\244\312\036\356\236"
 284      846FC5F0 
 284      1F143A9B 
 284      68A4CA1E 
 284      EE9E
 285 0430 14DF2892 		.ascii	"\024\337(\222\235.\334uM\257\347\343F\011d\350\215\034"
 285      9D2EDC75 
 285      4DAFE7E3 
 285      460964E8 
 285      8D1C
 286 0442 DD63EA8D 		.ascii	"\335c\352\215\254j\257\302\033\030vm\260\252\022\310"
 286      AC6AAFC2 
 286      1B18766D 
 286      B0AA12C8 
 287 0452 143F73F7 		.ascii	"\024?s\367\237\353\314\014\014\335\256\260\207\003]"
 287      9FEBCC0C 
 287      0CDDAEB0 
 287      87035D
 288 0461 1A767277 		.ascii	"\032vrwA\350\314\234\272\257\026^\017B\242~\234Do\336"
 288      41E8CC9C 
 288      BAAF165E 
 288      0F42A27E 
 288      9C446FDE 
 289 0475 FC1DB273 		.ascii	"\374\035\262s\001}\017\327(*uf\015\270\316\340\237l"
 289      017D0FD7 
 289      282A7566 
 289      0DB8CEE0 
 289      9F6C
 290 0487 1EBB6D20 		.ascii	"\036\273m \233\010\203\037\313\252\250\367S\"\007~\351"
 290      9B08831F 
 290      CBAAA8F7 
 290      5322077E 
 290      E9
 291 0498 909B8005 		.ascii	"\220\233\200\005\376\344\016d\015\350f\201\003\337\217"
 291      FEE40E64 
 291      0DE86681 
 291      03DF8F
 292 04a7 DC0AF4AC 		.ascii	"\334\012\364\254\222N\217\025\020\360\322dUB\377\243"
 292      924E8F15 
 292      10F0D264 
 292      5542FFA3 
 293 04b7 73D195DB 		.ascii	"s\321\225\3332x:SX\325\271Gq\356a\316\027\012\236\017"
 293      32783A53 
 293      58D5B947 
 293      71EE61CE 
 293      170A9E0F 
 294 04cb 69482E97 		.ascii	"iH.\227t:\275\244\302\3007\347\353\330\315\312\031("
 294      743ABDA4 
 294      C2C037E7 
 294      EBD8CDCA 
 294      1928
 295 04dd 528EE261 		.ascii	"R\216\342a\272\377\016\264\216\345\352\310A\356[x\257"
 295      BAFF0EB4 
 295      8EE5EAC8 
ARM GAS  /tmp/cco9JTQM.s 			page 23


 295      41EE5B78 
 295      AF
 296 04ee F582B291 		.ascii	"\365\202\262\221\027b\267\305\221\345\362\323e\263d"
 296      1762B7C5 
 296      91E5F2D3 
 296      65B364
 297 04fd 31D250CF 		.ascii	"1\322P\3172\276E3\207\225\002\003\274\352;'\352\237"
 297      32BE4533 
 297      87950203 
 297      BCEA3B27 
 297      EA9F
 298 050f E9491943 		.ascii	"\351I\031C\322\364\027\215\336\327BT\030\200\016\355"
 298      D2F4178D 
 298      DED74254 
 298      18800EED 
 299 051f 90FB9213 		.ascii	"\220\373\222\023\340.n\205A%\035\370\344\311\010?\374"
 299      E02E6E85 
 299      41251DF8 
 299      E4C9083F 
 299      FC
 300 0530 2F3AEC6B 		.ascii	"/:\354k\203\335\306*\270\313x\356!\357\035$\312\303"
 300      83DDC62A 
 300      B8CB78EE 
 300      21EF1D24 
 300      CAC3
 301 0542 8AA22348 		.ascii	"\212\242#HXZ\267\251C\353\271\226\024\273\037\375\372"
 301      585AB7A9 
 301      43EBB996 
 301      14BB1FFD 
 301      FA
 302 0553 98BEFFD2 		.ascii	"\230\276\377\322\025\345*\251\367\366\326\003\371\201"
 302      15E52AA9 
 302      F7F6D603 
 302      F981
 303 0561 3A85237B 		.ascii	":\205#{N\016\364n\3359\320\247\361\304\376y.\354\211"
 303      4E0EF46E 
 303      DD39D0A7 
 303      F1C4FE79 
 303      2EEC89
 304 0574 9BAD57E9 		.ascii	"\233\255W\351\262\267ae>\335\247u8]\216p\270\217+t\023"
 304      B2B76165 
 304      3EDDA775 
 304      385D8E70 
 304      B88F2B74 
 305 0589 2B13CF7C 		.ascii	"+\023\317|\217\310^\034\371\013~\336<`5\340\276U\027"
 305      8FC85E1C 
 305      F90B7EDE 
 305      3C6035E0 
 305      BE5517
 306 059c FDFFADBA 		.ascii	"\375\377\255\272\210\037\210W\276\036=\350O\216\023"
 306      881F8857 
 306      BE1E3DE8 
 306      4F8E13
 307 05ab 7E5CB55C 		.ascii	"~\\\265\\k\322x\034\210\277\3313J\305\215\240\266!u"
 307      6BD2781C 
 307      88BFD933 
 307      4AC58DA0 
ARM GAS  /tmp/cco9JTQM.s 			page 24


 307      B62175
 308 05be 872D9AF5 		.ascii	"\207-\232\365\342\034\306\251.R\316\253G8\370P9\022"
 308      E21CC6A9 
 308      2E52CEAB 
 308      4738F850 
 308      3912
 309 05d0 0FE6146A 		.ascii	"\017\346\024jI=\347hn\350\306=\254\213\362\011\360\330"
 309      493DE768 
 309      6EE8C63D 
 309      AC8BF209 
 309      F0D8
 310 05e2 07C0CCD9 		.ascii	"\007\300\314\331\331\314\316\3161\0243\252\212\031a"
 310      D9CCCECE 
 310      311433AA 
 310      8A1961
 311 05f1 39A2A348 		.ascii	"9\242\243H\264\271\272\243W3kA=q\027\324[L\325\326\207"
 311      B4B9BAA3 
 311      57336B41 
 311      3D7117D4 
 311      5B4CD5D6 
 312 0606 ED7BF4DE 		.ascii	"\355{\364\336\313\253^gO\331\022<\341\360\330\301\210"
 312      CBAB5E67 
 312      4FD9123C 
 312      E1F0D8C1 
 312      88
 313 0617 C1A9B2D3 		.ascii	"\301\251\262\323\301\274|\265\330\035/w\376h\230\225"
 313      C1BC7CB5 
 313      D81D2F77 
 313      FE689895 
 314 0627 6DC2CD36 		.ascii	"m\302\3156\316\223\360xs\346\270\362\311\342\217\335"
 314      CE93F078 
 314      73E6B8F2 
 314      C9E28FDD 
 315 0637 E23B05DB 		.ascii	"\342;\005\333\364|\237\274G\217\204\266\322f\203\267"
 315      F47C9FBC 
 315      478F84B6 
 315      D26683B7 
 316 0647 98670836 		.ascii	"\230g\0106\311\300\246\230\230\011.f\212\211\331\232"
 316      C9C0A698 
 316      98092E66 
 316      8A89D99A 
 317 0657 79D4E14F 		.ascii	"y\324\341O\232\371\306\272\260\363\320N=\336\266.\274"
 317      9AF9C6BA 
 317      B0F3D04E 
 317      3DDEB62E 
 317      BC
 318 0668 6DCF3C8B 		.ascii	"m\317<\213\274\301?\030\232\370w\330s5[\317\275o\333"
 318      BCC13F18 
 318      9AF877D8 
 318      73355BCF 
 318      BD6FDB
 319 067b 17ECB63D 		.ascii	"\027\354\266=4>\261%\230\014s\254\314\027\243\375\301"
 319      343EB125 
 319      980C73AC 
 319      CC17A3FD 
 319      C1
 320 068c 0A56C774 		.ascii	"\012V\307tT^Q\226\334\2067\367\207\354\333\017^\252"
ARM GAS  /tmp/cco9JTQM.s 			page 25


 320      545E5196 
 320      DC8637F7 
 320      87ECDB0F 
 320      5EAA
 321 069e 602FBDC1 		.ascii	"`/\275\301\246\031\330\265;M\361\244X\303\260\216\226"
 321      A619D8B5 
 321      3B4DF1A4 
 321      58C3B08E 
 321      96
 322 06af EDAB0826 		.ascii	"\355\253\010&\325\274\263\245\351L\201\026\277\213\300"
 322      D5BCB3A5 
 322      E94C8116 
 322      BF8BC0
 323 06be 21125ED7 		.ascii	"!\022^\327M\223}!\354Cil\346\203\352lE\311\213\340Y"
 323      4D937D21 
 323      EC43696C 
 323      E683EA6C 
 323      45C98BE0 
 324 06d3 BF3E3344 		.ascii	"\277>3D\372\215\221.*\037\031w\362s+\202\024\251w\367"
 324      FA8D912E 
 324      2A1F1977 
 324      F2732B82 
 324      14A977F7 
 325 06e7 90AEF2EE 		.ascii	"\220\256\362\356\255\262\323!/;/RO\220EE+\244\211\032"
 325      ADB2D321 
 325      2F3B2F52 
 325      4F904545 
 325      2BA4891A 
 326 06fb DA7B556E 		.ascii	"\332{Un\246H\345\266=\252\335\032D\246\271\304\342\214"
 326      A648E5B6 
 326      3DAADD1A 
 326      44A6B9C4 
 326      E28C
 327 070d 6DD35A05 		.ascii	"m\323Z\005\360\207g\357\364t\341\375\210\207b\006\360"
 327      F08767EF 
 327      F474E1FD 
 327      88876206 
 327      F0
 328 071e 4C668933 		.ascii	"Lf\2113\223\317\362F\373\212\241\365\357\277\373\215"
 328      93CFF246 
 328      FB8AA1F5 
 328      EFBFFB8D 
 329 072e 816CF163 		.ascii	"\201l\361ch\027\033\212:\375\324L~\373j&\263U\260lo"
 329      68171B8A 
 329      3AFDD44C 
 329      7EFB6A26 
 329      B355B06C 
 330 0743 B04D6284 		.ascii	"\260Mb\204\240\223L\311)f\311b\265\330\003>\370\363"
 330      A0934CC9 
 330      2966C962 
 330      B5D8033E 
 330      F8F3
 331 0755 9AF01531 		.ascii	"\232\360\02511\302o\243\243\215\374/\331f4%'%%[\261"
 331      31C26FA3 
 331      A38DFC2F 
 331      D9663425 
 331      2725255B 
ARM GAS  /tmp/cco9JTQM.s 			page 26


 332 076a 9568596B 		.ascii	"\225hYk\264\245\230\214\246\204$s\022\015\2126\011\013"
 332      B4A5988C 
 332      A6842473 
 332      120D8A36 
 332      090B
 333 077c 4D092BB0 		.ascii	"M\011+\260\265<11\331\264<\321\362\271\325\034\377W"
 333      B53C3131 
 333      D9B43CD1 
 333      F2B9D51C 
 333      FF57
 334 078e 8B3D61F5 		.ascii	"\213=a\365\272u6\263}\245\326f\371\207Y\262\277mL\265"
 334      BA7536B3 
 334      7DA5D666 
 334      F98759B2 
 334      BF6D4CB5 
 335 07a2 A51869F8 		.ascii	"\245\030i\370\347&\2231.%i\2615\331j^l\216[k1.\215^"
 335      E7269331 
 335      2E2569B1 
 335      35D96A5E 
 335      6C8E5B6B 
 336 07ba 121D63B4 		.ascii	"\022\035c\264XM\211\251\361f\243\315\036\037o^\027\235"
 336      584D89A9 
 336      F166A3CD 
 336      1E1F6F5E 
 336      179D
 337 07cc 2084CD85 		.ascii	" \204\315\205"
 338 07d0 1BC25F7E 		.ascii	"\033\302_~`\266\307\332\343\354\251\266\277\351L\011"
 338      60B6C7DA 
 338      E3ECA9B6 
 338      BFE94C09 
 339 07e0 92A2C9DF 		.ascii	"\222\242\311\337j\376\322\216\355@IJ\265X\355\357I\366"
 339      6AFED28E 
 339      ED40494A 
 339      B558EDEF 
 339      49F6
 340 07f2 C58CDDCD 		.ascii	"\305\214\335\315`5o\240B\222\342L\011\026\253\331(!"
 340      60356FA0 
 340      4292E24C 
 340      0916ABD9 
 340      2821
 341 0804 5D5C6AA2 		.ascii	"]\\j\242]\262o\\o\266!\261\277\022\025\341+\312\266"
 341      5DB26F5C 
 341      6FB621B1 
 341      BF1215E1 
 341      2BCAB6
 342 0817 D1669450 		.ascii	"\321f\224P#\272\240\253\326l\215G\246\305\263&\313\035"
 342      23BAA0AB 
 342      D66C8D47 
 342      A6C5B326 
 342      CB1D
 343 0829 AD262C41 		.ascii	"\255&,A\010T\232\222\335 I\011\346\270\365\322\3328"
 343      08549A92 
 343      DD204909 
 343      E6B8F5D2 
 343      DA38
 344 083b 9B5992F4 		.ascii	"\233Y\222\364J\0171%\011_\255K\265\232$)z\351\357b\336"
 344      4A0F3125 
ARM GAS  /tmp/cco9JTQM.s 			page 27


 344      095FAD4B 
 344      B59A2429 
 344      7AE9EF62 
 345 0850 0D70F734 		.ascii	"\015p\3674\246\204\270\024\035\237\330\222\267%{\200"
 345      A684B814 
 345      1D9FD892 
 345      B7257B80 
 346 0860 BB11684A 		.ascii	"\273\021hJ\210\335h\373S\262\351\213_{\212I\261{H@\355"
 346      88DD68FB 
 346      53B2E98B 
 346      5F7B8A49 
 346      B17B4840 
 347 0875 947E7D72 		.ascii	"\224~}r\212]\302\244~\341K6}i3.\377x\325\212U_b\010"
 347      8A5DC2A4 
 347      7EE14B36 
 347      7D69332E 
 347      FF78D58A 
 348 088d D3F9F777 		.ascii	"\323\371\367w\2230\016\025a\342\245\337/\217\375\303"
 348      93300E15 
 348      61E2A5DF 
 348      2F8FFDC3 
 349 089d 471FAF34 		.ascii	"G\037\2574\304%n\210\333h\303\242I\304$\276\357\003"
 349      C4256E88 
 349      DB68C3A2 
 349      49C424BE 
 349      EF03
 350 08af 091781E2 		.ascii	"\011\027\201\342\030W\254\212]\031k\244\253e\\\351\226"
 350      1857AC8A 
 350      5D196BA4 
 350      AB655CE9 
 350      96
 351 08c0 9264B3D8 		.ascii	"\222d\263\330$\254\004\204\015b\302\327X\251\240 &-"
 351      24AC0484 
 351      0D62C2D7 
 351      58A9A020 
 351      262D
 352 08d2 95B5FF07 		.ascii	"\225\265\377\007q\003\300v"
 352      7103C076 
 353              		.text
 354              		.section	.gnu.lto_.symtab.5813666bd64a84f9,"",%progbits
 355 0000 5F636F72 		.ascii	"_core_init\000"
 355      655F696E 
 355      697400
 356 000b 00       		.ascii	"\000"
 357 000c 00       		.ascii	"\000"
 358 000d 00       		.ascii	"\000"
 359 000e 00000000 		.ascii	"\000\000\000\000\000\000\000\000"
 359      00000000 
 360 0016 AE000000 		.ascii	"\256\000\000\000"
 361 001a 63685F6D 		.ascii	"ch_memcore\000"
 361      656D636F 
 361      726500
 362 0025 00       		.ascii	"\000"
 363 0026 00       		.ascii	"\000"
 364 0027 00       		.ascii	"\000"
 365 0028 00000000 		.ascii	"\000\000\000\000\000\000\000\000"
 365      00000000 
ARM GAS  /tmp/cco9JTQM.s 			page 28


 366 0030 D6000000 		.ascii	"\326\000\000\000"
 367 0034 6368436F 		.ascii	"chCoreAllocAlignedWithOffsetI\000"
 367      7265416C 
 367      6C6F6341 
 367      6C69676E 
 367      65645769 
 368 0052 00       		.ascii	"\000"
 369 0053 00       		.ascii	"\000"
 370 0054 00       		.ascii	"\000"
 371 0055 00000000 		.ascii	"\000\000\000\000\000\000\000\000"
 371      00000000 
 372 005d BB000000 		.ascii	"\273\000\000\000"
 373 0061 6368436F 		.ascii	"chCoreAllocAlignedWithOffset\000"
 373      7265416C 
 373      6C6F6341 
 373      6C69676E 
 373      65645769 
 374 007e 00       		.ascii	"\000"
 375 007f 00       		.ascii	"\000"
 376 0080 00       		.ascii	"\000"
 377 0081 00000000 		.ascii	"\000\000\000\000\000\000\000\000"
 377      00000000 
 378 0089 BD000000 		.ascii	"\275\000\000\000"
 379 008d 6368436F 		.ascii	"chCoreGetStatusX\000"
 379      72654765 
 379      74537461 
 379      74757358 
 379      00
 380 009e 00       		.ascii	"\000"
 381 009f 00       		.ascii	"\000"
 382 00a0 00       		.ascii	"\000"
 383 00a1 00000000 		.ascii	"\000\000\000\000\000\000\000\000"
 383      00000000 
 384 00a9 C0000000 		.ascii	"\300\000\000\000"
 385 00ad 5F5F6865 		.ascii	"__heap_base__\000"
 385      61705F62 
 385      6173655F 
 385      5F00
 386 00bb 00       		.ascii	"\000"
 387 00bc 02       		.ascii	"\002"
 388 00bd 00       		.ascii	"\000"
 389 00be 00000000 		.ascii	"\000\000\000\000\000\000\000\000"
 389      00000000 
 390 00c6 D9000000 		.ascii	"\331\000\000\000"
 391 00ca 5F5F6865 		.ascii	"__heap_end__\000"
 391      61705F65 
 391      6E645F5F 
 391      00
 392 00d7 00       		.ascii	"\000"
 393 00d8 02       		.ascii	"\002"
 394 00d9 00       		.ascii	"\000"
 395 00da 00000000 		.ascii	"\000\000\000\000\000\000\000\000"
 395      00000000 
 396 00e2 DB000000 		.ascii	"\333\000\000\000"
 397              		.text
 398              		.section	.gnu.lto_.opts,"",%progbits
 399 0000 272D666D 		.ascii	"'-fmath-errno' '-fsigned-zeros' '-ftrapping-math' '"
ARM GAS  /tmp/cco9JTQM.s 			page 29


 399      6174682D 
 399      6572726E 
 399      6F272027 
 399      2D667369 
 400 0033 2D666E6F 		.ascii	"-fno-trapv' '-fno-openmp' '-fno-openacc' '-mcpu=cor"
 400      2D747261 
 400      70762720 
 400      272D666E 
 400      6F2D6F70 
 401 0066 7465782D 		.ascii	"tex-m4' '-mno-thumb-interwork' '-mthumb' '-ggdb' '-"
 401      6D342720 
 401      272D6D6E 
 401      6F2D7468 
 401      756D622D 
 402 0099 4F322720 		.ascii	"O2' '-fomit-frame-pointer' '-falign-functions=16' '"
 402      272D666F 
 402      6D69742D 
 402      6672616D 
 402      652D706F 
 403 00cc 2D666675 		.ascii	"-ffunction-sections' '-fdata-sections' '-fno-common"
 403      6E637469 
 403      6F6E2D73 
 403      65637469 
 403      6F6E7327 
 404 00ff 2720272D 		.ascii	"' '-flto'\000"
 404      666C746F 
 404      2700
 405              		.text
 406              		.comm	__gnu_lto_v1,1,1
 407              		.comm	__gnu_lto_slim,1,1
 408              		.ident	"GCC: (15:6.3.1+svn253039-1build1) 6.3.1 20170620"
ARM GAS  /tmp/cco9JTQM.s 			page 30


DEFINED SYMBOLS
                            *ABS*:0000000000000000 chmemcore.c
                            *COM*:0000000000000001 __gnu_lto_v1
                            *COM*:0000000000000001 __gnu_lto_slim

NO UNDEFINED SYMBOLS
