ARM GAS  /tmp/ccfbKB4D.s 			page 1


   1              		.cpu cortex-m4
   2              		.eabi_attribute 20, 1
   3              		.eabi_attribute 21, 1
   4              		.eabi_attribute 23, 3
   5              		.eabi_attribute 24, 1
   6              		.eabi_attribute 25, 1
   7              		.eabi_attribute 26, 1
   8              		.eabi_attribute 30, 2
   9              		.eabi_attribute 34, 1
  10              		.eabi_attribute 18, 4
  11              		.file	"chmsg.c"
  12              		.text
  13              	.Ltext0:
  14              		.section	.gnu.lto_.profile.794072fcdb2f07d1,"",%progbits
  15 0000 789C6365 		.ascii	"x\234ce`b`a```d\360S\007\000\001C\000\202"
  15      60626061 
  15      60606064 
  15      F0530700 
  15      01430082 
  16              		.text
  17              		.section	.gnu.lto_.icf.794072fcdb2f07d1,"",%progbits
  18 0000 789C6365 		.ascii	"x\234ce`b\020a@\000f\206S\357\267\374\340f:8\265\343"
  18      60621061 
  18      40006686 
  18      53EFB7FC 
  18      E0663A38 
  19 0016 1037F393 		.ascii	"\0207\363\223S\023O01\000\000fS\011H"
  19      53134F30 
  19      31000066 
  19      530948
  20              		.text
  21              		.section	.gnu.lto_.jmpfuncs.794072fcdb2f07d1,"",%progbits
  22 0000 789C6365 		.ascii	"x\234ce`b\010e@\000f\006&FF\346\372z&\306\351\314\214"
  22      60620865 
  22      40006606 
  22      264646E6 
  22      FA7A26C6 
  23 0017 BF5F4CB9 		.ascii	"\277_L\271\311\330\307<\237\231\201\221\207q9\243\014"
  23      C9D8C73C 
  23      9F998191 
  23      877139A3 
  23      0C
  24 0028 03031353 		.ascii	"\003\003\023S%H\025\023\020\201\024\374\275\323\370"
  24      25481513 
  24      108114FC 
  24      BDD3F8
  25 0037 8F09A280 		.ascii	"\217\011\242\200\217q\005H\0013H;##\013T]%#\210\002"
  25      8F710548 
  25      0133483B 
  25      23230B54 
  25      5D252388 
  26 004c 0004C00E 		.ascii	"\000\004\300\016\337"
  26      DF
  27              		.text
  28              		.section	.gnu.lto_.inline.794072fcdb2f07d1,"",%progbits
  29 0000 789C6365 		.ascii	"x\234ce`b\210c@\000f\006\006\021\031FF\006\005F\006"
  29      60628863 
ARM GAS  /tmp/ccfbKB4D.s 			page 2


  29      40006606 
  29      06111946 
  29      46060546 
  30 0015 0626F11B 		.ascii	"\006&\361\033\233\031\0318o\2301\201d\230\270\031\030"
  30      9B191938 
  30      6F983181 
  30      6498B819 
  30      18
  31 0026 1821E404 		.ascii	"\030!\344\004?&\006A~ G\342\300nF\006\266\005\362H\012"
  31      3F260641 
  31      7E2047E2 
  31      C06E4606 
  31      B605F248 
  32 003b 98193804 		.ascii	"\230\0318\004\2002,\013\344\341\022\314<@\311\011~\023"
  32      80322C0B 
  32      E4E112CC 
  32      3C40C909 
  32      7E13
  33 004d FC1800EF 		.ascii	"\374\030\000\357\356\012w"
  33      EE0A77
  34              		.text
  35              		.section	.gnu.lto_.pureconst.794072fcdb2f07d1,"",%progbits
  36 0000 789C6365 		.ascii	"x\234ce`b\340b```f\330\305\310\264\213\221y\027#\000"
  36      6062E062 
  36      60606066 
  36      D8C5C8B4 
  36      8B917917 
  37 0016 0C3D024B 		.ascii	"\014=\002K"
  38              		.text
  39              		.section	.gnu.lto_chMsgSend.794072fcdb2f07d1,"",%progbits
  40 0000 789C9555 		.ascii	"x\234\225U]L\024W\024\276g\356\260\263\313\256\2405"
  40      5D4C1457 
  40      14BE67EE 
  40      B0B3CBAE 
  40      A035
  41 0012 69A23576 		.ascii	"i\2425vIJ\254\215e\372`j\322\007\223\306\227\372@\322"
  41      494AAC8D 
  41      65FA606A 
  41      D20793C6 
  41      97FA40D2 
  42 0026 C86B13D3 		.ascii	"\310k\023\323\256TH\272Bw\251\321\244)\303\212\245\225"
  42      AE5448BA 
  42      4277A9D1 
  42      A429C38A 
  42      A595
  43 0038 4A6DA5B2 		.ascii	"Jm\245\262\013\222!.*-?\202\332*X\021EQ\001AQ\024\201"
  43      0B92212E 
  43      2A2D3F82 
  43      DA2A5811 
  43      45510141 
  44 004f 2AF223F2 		.ascii	"*\362#\362\227\376\304\244V\355\332s\356\014\270,\240"
  44      97FEC4A4 
  44      56EDDA73 
  44      EE0CB82C 
  44      A0
  45 0060 76C3B233 		.ascii	"v\303\2623\367\236s\276s\276\357\334{\242\230\304t\033"
  45      F79E73BE 
ARM GAS  /tmp/ccfbKB4D.s 			page 3


  45      73BEEFDC 
  45      7BA298C4 
  45      741B
  46 0072 630F1963 		.ascii	"c\017\031c+\361\013Q\014\244]m\214eY%\2117\3052-Zn^"
  46      2BF10B51 
  46      0CA45D6D 
  46      8C655925 
  46      8937C532 
  47 008a CD340707 		.ascii	"\3154\007\007\331X\226\001\350A\263\002\313\224\270"
  47      D9589601 
  47      E841B302 
  47      CB94B8
  48 0099 0C99F02D 		.ascii	"\014\231\360-/\340p%\273z/\317\343:g \343\353\237\227"
  48      2FE07025 
  48      BB7A2FCF 
  48      E33A6720 
  48      E3EB9F97 
  49 00ad 0A0762E8 		.ascii	"\012\007b\350\025\300\211\257\203\265_N\310\313\017"
  49      15C089AF 
  49      83B55F4E 
  49      C8CB0F
  50 00bc 6AF86928 		.ascii	"j\370i(\270e)\330\266\375=\235K,\200\326e\260\004\016"
  50      B86529D8 
  50      B6FD3D9D 
  50      4B2C80D6 
  50      65B0040E 
  51 00d0 C212C2FE 		.ascii	"\302\022\302\376\021\226\243\355\331\241\307\035v\276"
  51      1196A3ED 
  51      D9A1C71D 
  51      76BE
  52 00de 14183EEF 		.ascii	"\024\030>\357=\330Wj[\266_\323|ZC\357n\256\275\246s"
  52      3DD8576A 
  52      5BB65FD3 
  52      7C5A43EF 
  52      6EAEBDA6 
  53 00f3 0E3F010F 		.ascii	"\016?\001\017w\304%\006\345\260\014\315[\253ko\310<"
  53      77C42506 
  53      E5B00CCD 
  53      5BAB6B6F 
  53      C83C
  54 0105 4EB8E68F 		.ascii	"N\270\346\217\015w\305\222+B\216\347\013W\011*\"]%\006"
  54      0D77C592 
  54      2B428EE7 
  54      0B57092A 
  54      225D2506 
  55 0119 95B08CEC 		.ascii	"\225\260\214\354[CG\333\243y\274\360\255\2308\367\330"
  55      5B4347DB 
  55      A379BCF0 
  55      AD9838F7 
  55      D8
  56 012a 121F14B0 		.ascii	"\022\037\024\260ME\213\277\333\246]\320d\202\256\232"
  56      4D458BBF 
  56      DBA65DD0 
  56      6482AE9A 
  57 013a EE4F1F34 		.ascii	"\356O\0374\357\257\011\3750\317\"\303!\210\017rFUa1"
  57      EFAF09FD 
  57      30CF22C3 
ARM GAS  /tmp/ccfbKB4D.s 			page 4


  57      21880F72 
  57      46556131 
  58 014e D56001FC 		.ascii	"\325`\001\374\241\305C\035\320\240\205\236\344h\015"
  58      A1C5431D 
  58      D0A0859E 
  58      E4680D
  59 015d A1C5DDF7 		.ascii	"\241\305\335\367\207\027,\304\020\270\214L\"\266\005"
  59      87172CC4 
  59      10B88C4C 
  59      22B605
  60 016c 28790573 		.ascii	"(y\005s\221\255\370/\312.2r\210\262\330\016\374\022"
  60      91ADF82F 
  60      CA2E3272 
  60      88B2D80E 
  60      FC12
  61 017e DBB99828 		.ascii	"\333\271\230(\376\362\021\360\325\215\034\017*\024\275"
  61      FEF211F0 
  61      D58D1C0F 
  61      2A14BD
  62 018d 9813EF7B 		.ascii	"\230\023\357{\266\237iW\210h\213\310\274\266v\274G\311"
  62      B69F6957 
  62      88688BC8 
  62      BCB676BC 
  62      47C9
  63 019f FC57B3E2 		.ascii	"\374W\263\342B\220\203Ho\264\265\363l\264\016\305\240"
  63      42908348 
  63      6FB4B5F3 
  63      6CB40EC5 
  63      A0
  64 01b0 73050EA3 		.ascii	"s\005\016\243`5\224:n\344\035\257\376\332\252V\022E"
  64      6035943A 
  64      6EE41DAF 
  64      FEDAAA56 
  64      1245
  65 01c2 2555B86B 		.ascii	"%U\270k\205#\240\203\237\233e\235\373\346J\251\271\355"
  65      8523A083 
  65      9F9B659D 
  65      FBE64AA9 
  65      B9ED
  66 01d4 A4E28F82 		.ascii	"\244\342\217\202\352\247\220\014~\006\225\015\201\257"
  66      EAA7900C 
  66      7E06950D 
  66      81AF
  67 01e2 64B3A812 		.ascii	"d\263\250\022K\301\\pA\"\257\375\315\035\247\354|\271"
  67      4BC15C70 
  67      4122AFFD 
  67      CD1DA7EC 
  67      7CB9
  68 01f4 C8E6BEBF 		.ascii	"\310\346\276\277\246\314f\362\330\336\364F\240kP\323"
  68      A6CC66F2 
  68      D8DEF446 
  68      A06B50D3 
  69 0204 BED710C9 		.ascii	"\276\327\020\311\006\277\314d\022\216A<:\345\214h'e"
  69      06BFCC64 
  69      128E413C 
  69      3AE58C68 
  69      2765
ARM GAS  /tmp/ccfbKB4D.s 			page 5


  70 0216 AAC8064E 		.ascii	"\252\310\006N8\216{\243\340\353\177\262\363\350m\230"
  70      388E7BA3 
  70      E0EB7FB2 
  70      F3E86D98 
  71 0226 A23A5BA8 		.ascii	"\242:[\250\272\373\201E\320\034\340\300\"\266\256\226"
  71      BAFB8145 
  71      D01CE0C0 
  71      22B6AE96 
  72 0236 AFF88041 		.ascii	"\257\370\200A-\355I\221{-M\011\213\010\212A\035\355"
  72      2DED4991 
  72      7B2D4D09 
  72      8B088A41 
  72      1DED
  73 0248 F3300519 		.ascii	"\3630\005\031\234\000\013&\362+i\007\254\216\020\367"
  73      9C000B26 
  73      F22B6907 
  73      AC8E10F7 
  74 0258 E9871F44 		.ascii	"\351\207\037D\307\265\200\256\371\221\205h\262\256\034"
  74      C7B580AE 
  74      F9918568 
  74      B2AE1C
  75 0267 38A15965 		.ascii	"8\241Ye\011\015OB\234\240\352\217\361k=\022\256@=\310"
  75      090D4F42 
  75      9CA0EA8F 
  75      F16B3D12 
  75      AE403DC8 
  76 027b 226706A7 		.ascii	"\"g\006\247\3049(\253o\034r\304\265\231\336v\262\375"
  76      C43928AB 
  76      6F1C72C4 
  76      B599DE76 
  76      B2FD
  77 028d ABEA70A7 		.ascii	"\253\352p\247]x7\2207\234\006\231\310t\212\372\031C"
  77      5D783790 
  77      379C0699 
  77      C8748AFA 
  77      1943
  78 029f 890BFFD9 		.ascii	"\211\013\377\331\367\373e\211J\013\027\330\250\362\357"
  78      F7FB6589 
  78      4A0B17D8 
  78      A8F2EF
  79 02ae F3CD5F39 		.ascii	"\363\315_9P\314,\022m\261\316\035H=\2341\005\335?\350"
  79      50CC2C12 
  79      6DB1CE1D 
  79      483D9C31 
  79      05DD3FE8 
  80 02c2 AB52A614 		.ascii	"\253R\246\024\233\007\215BN\311\220\363\352.\315\017"
  80      9B078D42 
  80      4EC990F3 
  80      EA2ECD0F 
  81 02d2 A6DA1FD3 		.ascii	"\246\332\037\323a8Kz\212^=\007j1\227\011\372a\316\304"
  81      61384B7A 
  81      8A5E3D07 
  81      6A319709 
  81      FA61CEC4 
  82 02e6 3187D15D 		.ascii	"1\207\321]J\004\232S\200Y\346\000\213\201&\001&\033"
  82      4A049A53 
  82      8059E600 
ARM GAS  /tmp/ccfbKB4D.s 			page 6


  82      8B812601 
  82      261B
  83 02f8 603DA5A7 		.ascii	"`=\245\247K\355\330\207\306\246\014\347\261c\030\\\200"
  83      4BEDD887 
  83      C6A60CE7 
  83      B163185C 
  83      80
  84 0309 4C51AA59 		.ascii	"LQ\252YZVy\321^\207\331\036\241\302\230\200\326\220"
  84      5A5679D1 
  84      5E87D91E 
  84      A1C29880 
  84      D690
  85 031b ED9CE580 		.ascii	"\355\234\345\200\213\336\2708\331d\276\222G;\271\031"
  85      8BDEB838 
  85      D964BE92 
  85      473BB919 
  86 032b A0B7E856 		.ascii	"\240\267\350V\310\306\257\203`\246q\373i\2372#\232\014"
  86      C8C6AF83 
  86      60A671FB 
  86      699F3223 
  86      9A0C
  87 033d CDB3446B 		.ascii	"\315\263Dk\241h\212\301u]No\340\363\210\036)xl\341d"
  87      A1688AC1 
  87      755D4E6F 
  87      E0F3881E 
  87      29786CE1 
  88 0352 44B0668F 		.ascii	"D\260f\217\311\323\372\244U\364\311%\221\305$I0\267"
  88      C9D3FAA4 
  88      55F4C925 
  88      91C52449 
  88      30B7
  89 0364 1A7D63C5 		.ascii	"\032}c\305\363\213\202@4\265\011\232\242\214\020\021"
  89      F38B8240 
  89      34B5099A 
  89      A28C1011 
  90 0374 B278A8FA 		.ascii	"\262x\250\372v\222\305b\354\303eRF$Z7R{\244B\"\310b"
  90      7692C562 
  90      ECC36552 
  90      46245A37 
  90      527BA442 
  91 038b EE40BFBB 		.ascii	"\356@\277\273\371YO\200\372B\206\025\370\332\331~\311"
  91      F9594F80 
  91      FA428615 
  91      F8DAD97E 
  91      C9
  92 039c 6F379288 		.ascii	"o7\222\210!\225\256\230I\014_\310\277\307\303\016q\207"
  92      2195AE98 
  92      490C5FC8 
  92      BFC7C30E 
  92      7187
  93 03ae 8057CCF0 		.ascii	"\200W\314\360WQ\026\214\275\347\342\352\027\257\245"
  93      5751168C 
  93      BDE7E2EA 
  93      17AFA5
  94 03bd E4652AE3 		.ascii	"\344e*\343\332\363\312\350\2442&q\256S\031\016\301\367"
  94      DAF3CAE8 
  94      A4322671 
ARM GAS  /tmp/ccfbKB4D.s 			page 7


  94      AE53190E 
  94      C1F7
  95 03cf 48DD9107 		.ascii	"H\335\221\0070+\232cV\264\003\202\265\033\317\200\353"
  95      302B9A63 
  95      56B40382 
  95      B51BCF80 
  95      EB
  96 03e0 07C2EB0A 		.ascii	"\007\302\353\012\247\355&\341q\003\357\304S\274\027"
  96      A7ED26E1 
  96      7103EFC4 
  96      53BC17
  97 03ef 2089CE14 		.ascii	" \211\316\024\207\356i,\365\030\321\260\367\372r\353"
  97      87EE692C 
  97      F518D1B0 
  97      F7FA72EB 
  98 03ff 5DE2CEA3 		.ascii	"]\342\316\243\276\230je\352\024fht*h1N\217\365\177\235"
  98      BE986A65 
  98      EA146668 
  98      742A6831 
  98      4E8FF57F 
  99 0414 9E58E815 		.ascii	"\236X\350\025\210Vj\316\337P\224A\310\356n\\\3714\324"
  99      88566ACE 
  99      DF509441 
  99      C8EE6E5C 
  99      F934D4
 100 0427 C4F5F20A 		.ascii	"\304\365\362\0121^c!\006n\231m\234\213I5\305\3621\310"
 100      315E6321 
 100      066E996D 
 100      9C8B4935 
 100      C5F231C8 
 101 043b 2E09E645 		.ascii	".\011\346E\221q\304\010\230\037@\312\030\334\306c\207"
 101      9171C408 
 101      981F40CA 
 101      18DCC663 
 101      87
 102 044c D83A5F20 		.ascii	"\330:_ \234d1J\310\253<\217\317\342\365R\200Ss\367\241"
 102      9C64314A 
 102      C8AB3C8F 
 102      CFE2F552 
 102      805373F7 
 103 0461 176E3CBA 		.ascii	"\027n<\272\227\177S\364Y\0248\340\016,\321\371B\243"
 103      977F53F4 
 103      591438E0 
 103      0E2CD1F9 
 103      42A3
 104 0473 D4960130 		.ascii	"\324\226\0010\362\263G^K\036\366\234{\251\177\256{\351"
 104      F2B3475E 
 104      4B1EF69C 
 104      7BA97FAE 
 104      7BE9
 105 0485 0BBA9706 		.ascii	"\013\272\227\006HI\03311h\316\231\245\202e\034\213\010"
 105      48491B31 
 105      3168CE99 
 105      A582651C 
 105      8B08
 106 0497 363967A6 		.ascii	"69g\246\317\226\267\2377[\206\304l\231\272Lmx\277\337"
 106      CF96B79F 
ARM GAS  /tmp/ccfbKB4D.s 			page 8


 106      375B86C4 
 106      6C99BA4C 
 106      6D78BFDF 
 107 04ab 7DD66CF1 		.ascii	"}\326l\361+\346\271W\246\235\373a:\3673\206\315\353"
 107      2BE6B957 
 107      A69DFB61 
 107      3AF73386 
 107      CDEB
 108 04bd EB19DC23 		.ascii	"\353\031\334#c\353\214as`\325\"\302f02s\330\214\212"
 108      63EB8C61 
 108      7360D522 
 108      C2663032 
 108      73D88C8A 
 109 04d1 4B642C6C 		.ascii	"Kd,l\330\204\364;\365\366\3119rW\314\221q1G\"\207\306"
 109      D884F43B 
 109      F5F6C939 
 109      7257CC91 
 109      71314722 
 110 04e7 C4D4D0A0 		.ascii	"\304\324\320\240\340l\202Z\263\255\321\354=;U\274\003"
 110      E06C825A 
 110      B3ADD1EC 
 110      3D3B55BC 
 110      03
 111 04f8 E705EA8C 		.ascii	"\347\005\352\214.\257$$\250\306_\232W\365d\250^\217"
 111      2EAF2424 
 111      A8C65F9A 
 111      57F564A8 
 111      5E8F
 112 050a 4B75A5B8 		.ascii	"Ku\245\270\275\033\023\\L\312H\347\370\304]\031\351"
 112      BD1B135C 
 112      4CCA48E7 
 112      F8C45D19 
 112      E9
 113 051b CA471F7A 		.ascii	"\312G\037z\223\337\367\244\276\031n\356Js\273\3236\251"
 113      93DFF7A4 
 113      BE196EEE 
 113      4A73BBD3 
 113      36A9
 114 052d E9699E0C 		.ascii	"\351i\236\014\257\372\356\272\3045\211[\320\327\225"
 114      AFFAEEBA 
 114      C435895B 
 114      D0D795
 115 053c E6495EBF 		.ascii	"\346I^\277y\225;!\205\2753\213u\362\226\014\262U\327"
 115      79953B21 
 115      85BD338B 
 115      75F2960C 
 115      B255D7
 116 054f 2426AD4D 		.ascii	"$&\255MR\327\240\261\272v\223\353\223\3176$\253.\267"
 116      52D7A0B1 
 116      BA7693EB 
 116      93CF3624 
 116      AB2EB7
 117 0562 37D5BB7E 		.ascii	"7\325\273~\243\313\205\256\257F\344\225:i\223\342\335"
 117      A3CB85AE 
 117      AF46E495 
 117      3A6993E2 
 117      DD
ARM GAS  /tmp/ccfbKB4D.s 			page 9


 118 0573 EAC5FDF9 		.ascii	"\352\305\375\371\211I\353\234\224T\272'u\2053\376-&"
 118      8949EB9C 
 118      9454BA27 
 118      758533FE 
 118      2D26
 119 0585 7998E24E 		.ascii	"y\230\342Nv\247y\2662\236\361i\272sn\177W\312\006\014"
 119      76A779B6 
 119      329EF169 
 119      BA736E7F 
 119      57CA060C 
 120 0599 F01F3918 		.ascii	"\360\0379\030cB"
 120      6342
 121              		.text
 122              		.section	.gnu.lto_chMsgWait.794072fcdb2f07d1,"",%progbits
 123 0000 789C8D55 		.ascii	"x\234\215U[L\024W\030>\377\234ag/@I\037lc\215]\0376"
 123      5B4C1457 
 123      183EFF9C 
 123      61672F40 
 123      491F6C63 
 124 0018 D184327D 		.ascii	"\321\2042}\260i\332\247\266>\371@\322H\322\207\246\211"
 124      B069DAA7 
 124      B63EF940 
 124      D248D287 
 124      A689
 125 002a A92B1192 		.ascii	"\251+\021\222\256\320]j\364\211a\301X\300\200M\255\262"
 125      AED05D6A 
 125      F48961C1 
 125      58C0804D 
 125      ADB2
 126 003c 200E118D 		.ascii	" \016\021\215\267\202\210\326\212W\024\274\200\242\002"
 126      B78288D6 
 126      8A5714BC 
 126      80A202
 127 004b 525BB18A 		.ascii	"R[\261\212\300\312E\233\264\026\355M\227\376\3779\003"
 127      C0CA459B 
 127      B416ED4D 
 127      97FEFF39 
 127      03
 128 005c 8561A112 		.ascii	"\205a\241\02220s\376\313\367}\347;\347O`\012+t1\366"
 128      323073FE 
 128      CBF77DE7 
 128      3BE74F60 
 128      0A2B7431 
 129 0071 3230F616 		.ascii	"20\366\026c\014\022\030([\2561V\340T\024\376Dc\206["
 129      630C1218 
 129      285BAE31 
 129      56E05414 
 129      FE446386 
 130 0086 ADBAC898 		.ascii	"\255\272\310\230\221\310A\225\337U\000\372\307p\002"
 130      91C84195 
 130      DF5500FA 
 130      C77002
 131 0095 CB57B80A 		.ascii	"\313W\270\012\371P\316\267s\350,j\330\301\313\270\311"
 131      F950CEB7 
 131      73E82C6A 
 131      D8C1CBB8 
 131      C9
ARM GAS  /tmp/ccfbKB4D.s 			page 10


 132 00a6 19A8F8FA 		.ascii	"\031\250\370\372[G\345@2\275\002x\361\265\312\350*\326"
 132      5B47E540 
 132      32BD0278 
 132      F1B5CAE8 
 132      2AD6
 133 00b8 96EC358C 		.ascii	"\226\3545\214\260\321\274\375\256V\325x\303p\231\\a"
 133      B0D1BCFD 
 133      AE56D578 
 133      C370995C 
 133      61
 134 00c9 110CDF07 		.ascii	"\021\014\337\007\013`/,\240\356\373a\011\303\350\326"
 134      0B602F2C 
 134      A0EEFB61 
 134      09C3E8D6 
 135 00d9 E8B32E0F 		.ascii	"\350\263.\017_\010\364\177\301\301\252\035\211\276Z"
 135      5F08F47F 
 135      C1C1AA1D 
 135      89BE5A
 136 00e8 9179D19C 		.ascii	"\221y\321\234\377U\241q\331P1\025\016\000\237\236\315"
 136      FF55A171 
 136      D9503115 
 136      0E009F9E 
 136      CD
 137 00f9 28BCFF70 		.ascii	"(\274\377p\354\233$\207\012\007\301G\305\261\346\267"
 137      EC9B2487 
 137      0A07C147 
 137      C5B1E6B7 
 138 0109 E0407260 		.ascii	"\340@r`+ueP\2174\032F\361{\263\224\202:\360\035\352"
 138      2B756550 
 138      8F341A46 
 138      F17BB394 
 138      823AF01D 
 139 011e 82662336 		.ascii	"\202f#6\276\011!/\334\371t\270\324\227\302\031\206\253"
 139      BE09212F 
 139      DCF974B8 
 139      D497C219 
 139      86AB
 140 0130 F470D043 		.ascii	"\364p\320C\303\007w\321\303-\022<\364\221\261\022\354"
 140      C30777D1 
 140      C32D123C 
 140      F491B112 
 140      EC
 141 0141 4B1295E2 		.ascii	"K\022\225\342\013\376\345QP\010\332\236\366\256\263"
 141      0BFEE551 
 141      5008DA9E 
 141      F6AEB3
 142 0150 1EFE8160 		.ascii	"\036\376\201`5Vqx\237\313\202r+\262\270\262\360\312"
 142      35567178 
 142      9FCB8272 
 142      2BB2B8B2 
 142      F0CA
 143 0162 66A3269C 		.ascii	"f\243&\234b\242\236\365q\300\034\002\037&m\0321N\253"
 143      62A29EF5 
 143      71C01C02 
 143      1F266D1A 
 143      314EAB
 144 0175 A4A90A5E 		.ascii	"\244\251\012^h\300\265Q\010\367\017\224\037\275\007"
ARM GAS  /tmp/ccfbKB4D.s 			page 11


 144      68C0B551 
 144      08F70F94 
 144      1FBD07
 145 0184 93C48B0C 		.ascii	"\223\304\213\014\374i\376zL\023\274#\034\230m\251\267"
 145      FC69FE7A 
 145      4C13BC23 
 145      1C986DA9 
 145      B7
 146 0195 3EF51306 		.ascii	">\365\023\006\207iM\261\257uG\026Wq\352\305\240\221"
 146      87694DB1 
 146      AF754716 
 146      5771EAC5 
 146      A091
 147 01a7 02F81441 		.ascii	"\002\370\024A\031\034\001\007\"9Jj\002\353\246\226\273"
 147      191C0107 
 147      22394A6A 
 147      02EBA696 
 147      BB
 148 01b8 CCC63FDD 		.ascii	"\314\306?\335\213\006\3014*\274&O\240\350\272\201\223"
 148      8B06C134 
 148      2ABC264F 
 148      A0E8BA81 
 148      93
 149 01c9 8653450D 		.ascii	"\206SE\015\340;X$6\344\327G7{\025\374\002\307@\025\240"
 149      E03B5824 
 149      36E4D747 
 149      377B15FC 
 149      02C74015 
 150 01de 197C2F1C 		.ascii	"\031|/\034\262\357LK4q\321\220\225\355\240\330\307\365"
 150      B2EF4C4B 
 150      3471D190 
 150      95EDA0D8 
 150      C7F5
 151 01f0 8D3D1E91 		.ascii	"\215=\036\221}\234\262\241\011T\026\205\260W\010\300"
 151      7D9CB2A1 
 151      09541685 
 151      B05708C0 
 152 0200 D808844F 		.ascii	"\330\010\204O\374\325\037k\006\342V\315\311u\3336\236"
 152      FCD51F6B 
 152      06E256CD 
 152      C975DB36 
 152      9E
 153 0211 BFAE9124 		.ascii	"\277\256\221$\232`\332\324\364\250W\313\177n8\361C-"
 153      9A60DAD4 
 153      F4A857CB 
 153      7F6E38F1 
 153      432D
 154 0223 978E18BD 		.ascii	"\227\216\030\275\332\323\3526\241\032L\356\204\223h"
 154      DAD3EA36 
 154      A11A4CEE 
 154      849368
 155 0232 D7130402 		.ascii	"\327\023\004\002\027\312\2167\024;\365:\242^\323\217"
 155      17CA8E37 
 155      143BF53A 
 155      A25ED38F 
 156 0242 AB2E3805 		.ascii	"\253.8\005&Tp\313I\0276w\356\236X^E.9\015z\005\012\212"
 156      265470CB 
ARM GAS  /tmp/ccfbKB4D.s 			page 12


 156      49173677 
 156      EE9E585E 
 156      452E390D 
 157 025a B8CE802E 		.ascii	"\270\316\200.p\021\016\233\257b;\347\315iQ8\013>\204"
 157      70110E9B 
 157      AF623BE7 
 157      CD695138 
 157      0B3E84
 158 026d 2EB9DCBB 		.ascii	".\271\334\273\324\323\251\3316a\373S\355U\012\2626P"
 158      D4D3A9D9 
 158      3661FB53 
 158      ED550AB2 
 158      3650
 159 027f 9DB607CD 		.ascii	"\235\266\007\315b\017\316\021{u*{E\260\377\343R\373"
 159      620FCE11 
 159      7B752A7B 
 159      45B0FFE3 
 159      52FB
 160 0291 978992A9 		.ascii	"\227\211\222\251\033{\300y\213\350\236\301p\275&\231"
 160      1B7BC079 
 160      8BE89EC1 
 160      70BD2699 
 161 02a1 F48DEF9C 		.ascii	"\364\215\357\234W\371\221\311=\320\"\270*\262&\006u"
 161      57F991C9 
 161      3DD022B8 
 161      2AB22606 
 161      75
 162 02b2 6F312AC0 		.ascii	"o1*\300\242\373\024\250d+\361\3452\000. e\304\374\367"
 162      A2FB14A8 
 162      642BF1E5 
 162      32002E20 
 162      65C4FCF7 
 163 02c6 A6FD49B2 		.ascii	"\246\375I\262\277\353\305\032\326\034\343\324\355\242"
 163      BFEBC51A 
 163      D61CE3D4 
 163      EDA2
 164 02d4 AD5BEFEE 		.ascii	"\255[\357\356s\273=\270Q\024q\000#8\\\002]v\272\014"
 164      73BB3DB8 
 164      51147100 
 164      23385C02 
 164      5D76BA0C 
 165 02e8 F9246E5F 		.ascii	"\371$n_\351?\205\016qxI\0146\010E\267[\226\312\215W"
 165      E93F850E 
 165      7178490C 
 165      360845B7 
 165      5B96CA8D 
 166 02fd B1BB10B3 		.ascii	"\261\273\020\263\024\341=\321\370C(\252\371\275<\201"
 166      14E13DD1 
 166      F84328AA 
 166      F9BD3C81 
 167 030d 166D2648 		.ascii	"\026m&H\214\240-\031\264aI\\x~\247 \246\220\\I\220\014"
 167      8CA02D19 
 167      B461495C 
 167      787EA720 
 167      A6905C49 
 168 0323 EDB0C0E4 		.ascii	"\355\260\300\344\311\242\210*N)\355\310Hl Y\366p\274"
 168      C9A2882A 
ARM GAS  /tmp/ccfbKB4D.s 			page 13


 168      4E29EDC8 
 168      486C2059 
 168      F670BC
 169 0336 889BAEC4 		.ascii	"\210\233\256\304w\223\227\274tu\026/yI\332\216I+]\233"
 169      779397BC 
 169      7475162F 
 169      7949DA8E 
 169      492B5D9B 
 170 034a D0B598CB 		.ascii	"\320\265\230\313\306\332\024]\013H\236]\012\023\362"
 170      C6DA145D 
 170      0B489E5D 
 170      0A13F2
 171 0359 3AE2C9EB 		.ascii	":\342\311\353%q\257[\3422\273\262\253H\330\033\330\201"
 171      2571AF5B 
 171      E232BBB2 
 171      AB48D81B 
 171      D881
 172 036b 41A75475 		.ascii	"A\247Tu\302\262w\252\356\306\\\274\\\372\246e\343\271"
 172      C2B277AA 
 172      EEC65CBC 
 172      5CFAA665 
 172      E3B9
 173 037d B036D3BF 		.ascii	"\2606\323\277\034\272\342\370\267\233\374\253I\377\266"
 173      1CBAE2F8 
 173      B79BFCAB 
 173      49FFB6
 174 038c 3DEBE8E4 		.ascii	"=\353\350\344v\377>\323\034\024d\371\3271\365R\256\243"
 174      76FF3ED3 
 174      1C1464F9 
 174      D731F552 
 174      AEA3
 175 039e CF378587 		.ascii	"\3177\205\207{\210\253\033\327\036l-\030\2072a\201T"
 175      7B88AB1B 
 175      D71E6C2D 
 175      18873261 
 175      8154
 176 03b0 7CEDB9DE 		.ascii	"|\355\271\336Q\341\221\372z\210\363\017\026\347\241"
 176      51E191FA 
 176      7A88F30F 
 176      16E7A1
 177 03bf CB5B87B9 		.ascii	"\313[\207\271\345\341\275\217_\211|L2\336\022\304\271"
 177      E5E1BD8F 
 177      5F897C4C 
 177      32DE12C4 
 177      B9
 178 03d0 AC093FCA 		.ascii	"\254\011?\312SY\263\216\212S/l p\216\264\035iPdG\317"
 178      5359B38E 
 178      8A532F6C 
 178      20708EB4 
 178      1D695064 
 179 03e6 0CD7BAE3 		.ascii	"\014\327\272\343\272\226N\200\007~\022\365UY\337vF\032"
 179      BA964E80 
 179      077E12F5 
 179      5559DF76 
 179      461A
 180 03f8 154270DB 		.ascii	"\025Bp\333:#\002@\257\334\313mm\357P\263\027#S3\237"
 180      3A230240 
ARM GAS  /tmp/ccfbKB4D.s 			page 14


 180      AFDCCB6D 
 180      6DEF50B3 
 180      17235333 
 181 040d CADC9946 		.ascii	"\312\334\231F\344g\320\021)\225\252\034i?2\010V\265"
 181      E467D011 
 181      2995AA1C 
 181      693F3208 
 181      56B5
 182 041f E9B83D71 		.ascii	"\351\270=qq\007\011\366\3359`\327\213\243}\217`'X\355"
 182      710709F6 
 182      DD3960D7 
 182      8BA37D8F 
 182      602758ED 
 183 0433 FAA89D26 		.ascii	"\372\250\235&\317\\\254E\\\256b\003'\375\"\366\355\277"
 183      CF5CAC45 
 183      5CAE6203 
 183      27FD22F6 
 183      EDBF
 184 0445 B783D65D 		.ascii	"\267\203\326]<6<^\253Y~\232\346\330y\263\013\213~}\011"
 184      3C363C5E 
 184      AB597E9A 
 184      E6D879B3 
 184      0B8B7E7D 
 185 045a EE0B7C0E 		.ascii	"\356\013|\016rS?\350\030P;\332\324\222 \017f\022\014"
 185      72533FE8 
 185      18503BDA 
 185      D492200F 
 185      66120C
 186 046d 60963531 		.ascii	"`\22651mS\262\372\177\246\344\240\230\222\223\227\242"
 186      6D53B2FA 
 186      7FA6E4A0 
 186      98929397 
 186      A2
 187 047e 8A832A3A 		.ascii	"\212\203*:\327\224\334\342\266L\252M\273d\037\220Ag"
 187      D794DCE2 
 187      B64CAA4D 
 187      BB641F90 
 187      4167
 188 0490 8CCDC52B 		.ascii	"\214\315\305+\031\014Q\260s\346\330\\Z\315\2519\203"
 188      190C51B0 
 188      73E6D85C 
 188      5ACDA939 
 188      83
 189 04a1 E1996373 		.ascii	"\341\231csD\330}t\312\330\214\231\367\317x&&bTL\304"
 189      44D87D74 
 189      CAD88C99 
 189      F7CF7826 
 189      2662544C 
 190 04b6 876222DA 		.ascii	"\207b\"\332\307\337\243\311\361G\305\331/\264A%\027"
 190      C7DFA3C9 
 190      F147C5D9 
 190      2FB44125 
 190      17
 191 04c7 1CF29E70 		.ascii	"\034\362\236p\023\345\022\274D\360\356\302\224\327\322"
 191      13E512BC 
 191      44F0EEC2 
 191      94D7D2
ARM GAS  /tmp/ccfbKB4D.s 			page 15


 192 04d6 D274F99B 		.ascii	"\322t\371\233\023\322\203yz(\350\327\375Y\201\320\232"
 192      13D28379 
 192      7A28E8D7 
 192      FD5981D0 
 192      9A
 193 04e7 343F53F2 		.ascii	"4?S\362r\275\266\345\354\265\376\317\276X\235\211!!"
 193      72BDB6E5 
 193      ECB5FECF 
 193      BE589D89 
 193      2121
 194 04f9 7FD6EAB4 		.ascii	"\177\326\352\264,\246\255\3724\224\371a0\373\215\251"
 194      2CA6ADFA 
 194      3494F961 
 194      30FB8DA9 
 195 0509 81FE9C40 		.ascii	"\201\376\234@ g\255\236\233\023\314\013\351\357\257"
 195      2067AD9E 
 195      9B13CC0B 
 195      E9EFAF
 196 0518 485F96BE 		.ascii	"H_\226\276\0363\3749\301\314\225\353\336\016`\326\273"
 196      1E33FC39 
 196      C1CC95EB 
 196      DE0E60D6 
 196      BB
 197 0529 71A233D7 		.ascii	"q\2423\327\347Q\254\276,=cy\206\276\014\203\365\345"
 197      E751ACBE 
 197      2C3D6379 
 197      86BE0C83 
 197      F5E5
 198 053b 13DD02A1 		.ascii	"\023\335\002\241\354\320\3125~?\246\276>;\242\015!\\"
 198      ECD0CA35 
 198      7E3FA6BE 
 198      3E3BA20D 
 198      215C
 199 054d 4F49CF58 		.ascii	"OI\317X\341%P\271\301\354T\257\357M\246\004\231\026"
 199      E12550B9 
 199      C1EC54AF 
 199      EF4DA604 
 199      9916
 200 055f C80CE404 		.ascii	"\310\014\344\0047\314\221K\204\263\030\317\373<\367"
 200      37CC914B 
 200      84B318CF 
 200      FB3CF7
 201 056e 5F57FA65 		.ascii	"_W\372eN"
 201      4E
 202              		.text
 203              		.section	.gnu.lto_chMsgRelease.794072fcdb2f07d1,"",%progbits
 204 0000 789C8553 		.ascii	"x\234\205S]H\024Q\024>g\356\270\273\272\366\363X\024"
 204      5D481451 
 204      143E67EE 
 204      B8BBBAF6 
 204      F35814
 205 0013 B5428B15 		.ascii	"\265B\213\025\265\323SAo\341\223\201\020\372\032HMK"
 205      B5D35341 
 205      6FE19381 
 205      10FA1A48 
 205      4D4B
 206 0025 0A6D2B3B 		.ascii	"\012m+;\026\372\344U4\251\350\207\312j\313\230\376D"
ARM GAS  /tmp/ccfbKB4D.s 			page 16


 206      16FAE455 
 206      34A9E887 
 206      CA6ACB98 
 206      FE44
 207 0037 CD2CB5DF 		.ascii	"\315,\265\337\315\322\3152C\372!\251\224|\310,\213\322"
 207      CDD2CD32 
 207      43FA21A9 
 207      947CC82C 
 207      8BD2
 208 0049 28AB8788 		.ascii	"(\253\207\210\262\316\271\256\242\273Q\303\016s\357"
 208      B2CEB9AE 
 208      A2BB51C3 
 208      0E73EF
 209 0058 9CEF3BF7 		.ascii	"\234\357;\367\373\316|\233\004\032H\035`\024\000\346"
 209      FBCE7C9B 
 209      041A481D 
 209      601400E6 
 210 0068 D18D0250 		.ascii	"\321\215\002P\333\377\010\240\324\245!\362B\272\020"
 210      DBFF08A0 
 210      D4A521F2 
 210      42BA10
 211 0077 4A342CC1 		.ascii	"J4,\301}\342\210\300\216\312\267\021mI\255\244+z\244"
 211      7DE288C0 
 211      8ECAB711 
 211      6D49ADA4 
 211      2B7AA4
 212 008a 2D6587AC 		.ascii	"-e\207\254\230c\013\2000\335|a-.!\324\223\362\246j\261"
 212      98630B80 
 212      30DD7C61 
 212      2D2E21D4 
 212      93F2A66A 
 213 009f 57D80251 		.ascii	"W\330\002Q\247\355\350\303c\257g\362VC\017m\357\016"
 213      A7EDE8C3 
 213      63AF67F2 
 213      56430F6D 
 213      EF0E
 214 00b1 FDEC718B 		.ascii	"\375\354q\213\005\010\264\256\256\0358\233\234^#e\231"
 214      0508B4AE 
 214      AE1D389B 
 214      9C5E2365 
 214      99
 215 00c2 8C8E1C14 		.ascii	"\214\216\034\024r\221-\004\236CA\015\261\036\347c\035"
 215      72912D04 
 215      9E43410D 
 215      B11EE763 
 215      1D
 216 00d3 CE077A05 		.ascii	"\316\007z\005\330\200\351\004\177\320\024\351\325E\232"
 216      D880E904 
 216      7FD014E9 
 216      D5459A
 217 00e2 A21E1A7E 		.ascii	"\242\036\032~\3277\213\251$\345\347!E\325\361|<U\007"
 217      D7378BA9 
 217      24E5E721 
 217      45D5F17C 
 217      3C5507
 218 00f5 6CC474C6 		.ascii	"l\304t\306\0176\217U\315p\350g&\344\342\005t =/\366"
 218      0F368F55 
ARM GAS  /tmp/ccfbKB4D.s 			page 17


 218      CD70E867 
 218      26E4E205 
 218      74203D2F 
 219 010a 60548EFD 		.ascii	"`T\216\375\256\224\32175\330\277\326I\276\3510\222\316"
 219      AE94D137 
 219      35D8BFD6 
 219      49BEE930 
 219      92CE
 220 011c 3CD84550 		.ascii	"<\330EP\036\303n\241\361S\014\241\306\315j\272{\332"
 220      1EC36EA1 
 220      F1530CA1 
 220      C6CD6ABA 
 220      7BDA
 221 012e DDC2AB84 		.ascii	"\335\302\253\204|;\332\\\227\354=\243<|\352\\\032\356"
 221      7C3BDA5C 
 221      97EC3DA3 
 221      3C7CEA5C 
 221      1AEE
 222 0140 7B23E501 		.ascii	"{#\345\001\211\266H\302\213\323\345\250\0215\241\227"
 222      89B648C2 
 222      8BD3E5A8 
 222      1135A197 
 223 0150 4895EFE5 		.ascii	"H\225\357\345-\235g\222\204\036l\246\332\007,\033\374"
 223      2D9D6792 
 223      841E6CA6 
 223      DA072C1B 
 223      FC
 224 0161 B4E7F24B 		.ascii	"\264\347\362K\234\224Z\256\254\035\354IQR\303\002!\256"
 224      9C945AAE 
 224      AC1DEC49 
 224      5152C302 
 224      21AE
 225 0173 F4F5DCB2 		.ascii	"\364\365\334\262\365\200-\\\323\342k\303\235\276\271"
 225      F5802D5C 
 225      D3E26BC3 
 225      9DBEB9
 226 0182 7C14E025 		.ascii	"|\024\340%\256\213)\023\000\274\214\016\022r\205\375"
 226      AE8B2913 
 226      00BC8C0E 
 226      127285FD 
 227 0192 235CE513 		.ascii	"#\\\345\023O\333-\337S\322\272\320\226G=\266p0\272\361"
 227      4FDB2DDF 
 227      53D2BAD0 
 227      96473DB6 
 227      7030BAF1 
 228 01a6 75AB74E9 		.ascii	"u\253t\351\032\001\257b\032\360\233\317#O\3735z\203"
 228      1A01AF62 
 228      1AF09BCF 
 228      234FFB35 
 228      7A83
 229 01b8 D750579A 		.ascii	"\327PW\232\001\257\253\017\\\327vg(5\255;\306v2\366"
 229      01AFAB0F 
 229      5CD77667 
 229      2835AD3B 
 229      C67632F6 
 230 01cc CB859667 		.ascii	"\313\205\226gn\305\2160\033o\240\016CX\346Q\376\201"
 230      6EC58E30 
ARM GAS  /tmp/ccfbKB4D.s 			page 18


 230      1B6FA00E 
 230      4358E651 
 230      FE81
 231 01de 97033BEB 		.ascii	"\227\003;\353\223\330\030\201K\033\216W\247\306&8V\237"
 231      93D81881 
 231      4B1B8E57 
 231      A7C62638 
 231      569F
 232 01f0 1A96D172 		.ascii	"\032\226\321r\317_\202\240\306\327\212\336\023d\227"
 232      CF5F82A0 
 232      C6D78ADE 
 232      136497
 233 01ff 1A9CACAD 		.ascii	"\032\234\254\255\022\261\006U?zO\271\271\201\234\332"
 233      12B10655 
 233      3F7A4FB9 
 233      B9819CDA 
 234 020f 20210EAA 		.ascii	" !\016\252\301Mn `\030+\006\032N\274\350J\230\367\363"
 234      C14D6E20 
 234      60182B06 
 234      1A4EBCE8 
 234      4A98F7F3 
 235 0223 1486F039 		.ascii	"\024\206\3609\261\271\353\323fwK\315\256\015\325\214"
 235      B1B9EBD3 
 235      66774BCD 
 235      AE0DD58C 
 236 0233 2291917E 		.ascii	"\"\221\221~g\311/\351\262\205+L\237\222\213\330\216"
 236      67C92FE9 
 236      B2852B4C 
 236      9F928BD8 
 236      8E
 237 0244 254012E9 		.ascii	"%@\022\351\020[$+\323*j\2551\337\343\273\233\343;-1"
 237      105B242B 
 237      D32A6AAD 
 237      31DFE3BB 
 237      9BE33B2D 
 238 0259 402BFF17 		.ascii	"@+\377\027\240\250\012\320\341\212\216\307\316\361\000"
 238      A0A80AD0 
 238      E18A8EC7 
 238      CEF100
 239 0268 01DEFE57 		.ascii	"\001\336\376W\200\372&\002\344\230f\244\203\215$$jq"
 239      80FA2602 
 239      E49866A4 
 239      838D2424 
 239      6A71
 240 027a 2EE01D06 		.ascii	".\340\035\006;\023\022U\263j.\237\015x71Q\235j*\367"
 240      3B131255 
 240      B36A2E9F 
 240      0D783731 
 240      519D6A2A 
 241 028f A6246ACC 		.ascii	"\246$j\314~\325\346\236\010\313m\025\226.\025\226\370"
 241      7ED5E69E 
 241      08CB6D15 
 241      962E1596 
 241      F8
 242 02a0 64DC9F4C 		.ascii	"d\334\237L\0067\207\217\224\214\335\215^V\254\354\356"
 242      0637878F 
 242      948CDD8D 
ARM GAS  /tmp/ccfbKB4D.s 			page 19


 242      5E56ACEC 
 242      EE
 243 02b1 A2DCD31F 		.ascii	"\242\334\323\037\217\360\363|>c\374\027\264\214P\241"
 243      8FF0F37C 
 243      3E63FC17 
 243      B48C50A1 
 244 02c1 61854CC3 		.ascii	"a\205L\303\314\013X\233}&h\205\005\202V\316\215\033"
 244      CC0B589B 
 244      7D266885 
 244      058256CE 
 244      8D1B
 245 02d3 2CFFBA50 		.ascii	",\377\272P\376\362\251P3\030\010\004\267\032\005\301"
 245      FEF2A950 
 245      33180804 
 245      B71A05C1 
 246 02e3 50A165AC 		.ascii	"P\241e\254\311\316\312\310*\"\236\031\014\371s\267\257"
 246      C9CECAC8 
 246      2A229E19 
 246      0CF973B7 
 246      AF
 247 02f4 0AF8F260 		.ascii	"\012\370\362`\365_\320\376\242B\306\032\031Y9\2319F"
 247      F55FD0FE 
 247      A242C61A 
 247      19593999 
 247      3946
 248 0306 06818DCC 		.ascii	"\006\201\215\314\255\346\226m\233\374\206\031\260\362"
 248      ADE6966D 
 248      9BFC8619 
 248      B0F2
 249 0314 ADDCCDA6 		.ascii	"\255\334\315\246I\324\205q\232\362'0yV\261E\365\331"
 249      49D48571 
 249      9AF22730 
 249      7956B145 
 249      F5D9
 250 0326 5939D91E 		.ascii	"Y9\331\036\026U\020\312_\346\361\256\000-\004\316\200"
 250      165510CA 
 250      5FE6F1AE 
 250      002D04CE 
 250      80
 251 0337 3F100C15 		.ascii	"?\020\014\025\377\203\313\236\362\340\017r4\264\""
 251      FF83CB9E 
 251      F2E00F72 
 251      34B422
 252              		.text
 253              		.section	.gnu.lto_.symbol_nodes.794072fcdb2f07d1,"",%progbits
 254 0000 789C55C9 		.ascii	"x\234U\311\275\015\3020\024E\341\343\373l\326\200Q`"
 254      BD0DC230 
 254      1445E1E3 
 254      FB6CD680 
 254      5160
 255 0012 B2E7828E 		.ascii	"\262\347\202\216&R\032~\013\326Hm%\022\005; !*f@1T\370"
 255      26521A7E 
 255      0BD6486D 
 255      2512053B 
 255      20212A66 
 256 002a 3657FA4E 		.ascii	"6W\372NB\364\324i/\207\356\016\365\206\274\201t\022"
 256      42F4D469 
ARM GAS  /tmp/ccfbKB4D.s 			page 20


 256      2F87EE0E 
 256      F586BC81 
 256      7412
 257 003c AB6F39C8 		.ascii	"\253o9\310CSt\224\253\221p\221\333O \347u\205\263<6"
 257      43537494 
 257      AB917091 
 257      DB4F20E7 
 257      7585B33C 
 258 0051 7095A77F 		.ascii	"p\225\247\1770\022\317\333dFd\273{/M\2212\276\202\331"
 258      3012CFDB 
 258      644664BB 
 258      7B2F4D91 
 258      32BE82D9 
 259 0065 82F2F804 		.ascii	"\202\362\370\004f\360\303#\315"
 259      66F0C323 
 259      CD
 260              		.text
 261              		.section	.gnu.lto_.refs.794072fcdb2f07d1,"",%progbits
 262 0000 789C6365 		.ascii	"x\234ce`b\340c```\004\"F&&\006F\026\006Fn\006\000\002"
 262      6062E063 
 262      60606004 
 262      22462626 
 262      06461606 
 263 0019 20002E   		.ascii	" \000."
 264              		.text
 265              		.section	.gnu.lto_.decls.794072fcdb2f07d1,"",%progbits
 266 0000 789CB53A 		.ascii	"x\234\265:iP\024Y\232\365\362%WQ\200\243N\257\261\353"
 266      69501459 
 266      9AF5F225 
 266      575180A3 
 266      4EAFB1EB 
 267 0014 CE1A1D74 		.ascii	"\316\032\035t\0143\261-m\367lw\317\306\306F\317t\354"
 267      0C33B12D 
 267      6DF76C77 
 267      CFC6C646 
 267      CF74EC
 268 0027 CE1831BD 		.ascii	"\316\0301\275\323\321N\367\304F\354n-b)LsmUy\315\237"
 268      D3D14EF7 
 268      C446EC6E 
 268      2D62294C 
 268      736D5579 
 269 003d 490E1101 		.ascii	"I\016\021\001E.A\204\026\305\003\004\204\026\025\025"
 269      452E4184 
 269      16C50304 
 269      84161515 
 270 004d 54E49243 		.ascii	"T\344\222C\016E\274@.\021\005\025\025\224K\201\375\336"
 270      0E45BC40 
 270      2E110515 
 270      15944B81 
 270      FDDE
 271 005f 91955945 		.ascii	"\221\225YE\226\366\376\330\012>\252\276|\337\373\356"
 271      96F6FED8 
 271      0A3EAABE 
 271      7CDFFBEE 
 272 006f EFCBF75E 		.ascii	"\357\313\367^\246\213N\320\215~\250\323I\256:\3352A"
 272      A68B4ED0 
 272      8D7EA8D3 
ARM GAS  /tmp/ccfbKB4D.s 			page 21


 272      49AE3ADD 
 272      3241
 273 0081 A79B878F 		.ascii	"\247\233\207\217\250\323\351\212\001\020\300r\035\373"
 273      A8D3E98A 
 273      0110C072 
 273      1DFB
 274 008f C0B02E1A 		.ascii	"\300\260.\032.\304\002$\000$\001\244\002\244#F\367\002"
 274      2EC40224 
 274      002401A4 
 274      02A42346 
 274      F702
 275 00a1 E9EC3E6E 		.ascii	"\351\354>nX\247[\012\337\213u\354\273\034\340\367@\363"
 275      58A75B0A 
 275      DF8B75EC 
 275      BB1CE0F7 
 275      40F3
 276 00b3 12319E13 		.ascii	"\0221\236\023\360=\006\320\015P\015\370\024|\317\002"
 276      F03D06D0 
 276      0D500DF8 
 276      147CCF02 
 277 00c3 7C09F0DF 		.ascii	"|\011\360\337\000k\000D\2009\200\024\200y\200]\000z"
 277      006B0044 
 277      80398014 
 277      8079805D 
 277      007A
 278 00d5 A07D0ADF 		.ascii	"\240}\012\337\327\001\214\000\301\000_\001\374\031\340"
 278      D7018C00 
 278      C1005F01 
 278      FC19E0
 279 00e4 1B803F00 		.ascii	"\033\200?\000X\001\"\000<\270\316\002\330%\002\350\001"
 279      58012200 
 279      3CB8CE02 
 279      D82502E8 
 279      01
 280 00f5 7C04A637 		.ascii	"|\004\2467\321\377G\360{\011\200@\354\024\026\332\340"
 280      D1FF47F0 
 280      7B098040 
 280      EC1416DA 
 280      E0
 281 0106 05362C52 		.ascii	"\0056,R\331 \353\257\326Wm\307\227\\\357yn\343.n\203"
 281      D920EBAF 
 281      D6576DC7 
 281      975CEF79 
 281      6EE32E6E 
 282 011b 9B4AE7AF 		.ascii	"\233J\347\257\270\236\177V\351J\364\214u\320\363=\201"
 282      B89E7F56 
 282      E94AF48C 
 282      75D0F33D 
 282      81
 283 012c E9F83341 		.ascii	"\351\3703A\321S\313\317\177\205\231O\276q\320\223\370"
 283      D153CBCF 
 283      7F85994F 
 283      BE71D093 
 283      F8
 284 013d 5BADE7CF 		.ascii	"[\255\347\317a~<\237\353\256c1T\313\373{\201\305R-\353"
 284      617E3C9F 
 284      EBAE6331 
ARM GAS  /tmp/ccfbKB4D.s 			page 22


 284      54CBFB7B 
 284      81C5522D 
 285 0152 23C15E56 		.ascii	"#\301^V\006F\247w\326\236\027zP7\"$\213\350U\204\330"
 285      0646A777 
 285      D69E177A 
 285      50372224 
 285      8BE85584 
 286 0167 7F4481A2 		.ascii	"\177D\201\242\363\362\007!z\035\256\012:\236(\362%$"
 286      F3F20721 
 286      7A1DAE0A 
 286      3A9E28F2 
 286      2524
 287 0179 CFE0B8C0 		.ascii	"\317\340\270\300Q\201\263\244\177|2Rqd\303L\222\374"
 287      5181B3A4 
 287      7F7C3252 
 287      7164C34C 
 287      92FC
 288 018b 61B9CA7E 		.ascii	"a\271\312~\320i\362l$(\002\020ROP1dj\363q\233~:\305"
 288      D069F26C 
 288      24280210 
 288      524F5031 
 288      646AF371 
 289 01a3 38245BFF 		.ascii	"8$[\377|\357\225!}/\272K\256\346~\206\350\265\376\362"
 289      7CEF9521 
 289      7D2FBA4B 
 289      AEE67E86 
 289      E8B5FEF2 
 290 01b7 7B67DDB0 		.ascii	"{g\335\260\200\310\357\336\351\374\177]Y$\261\217\373"
 290      80C8EFDE 
 290      E9FC7F5D 
 290      5924B18F 
 290      FB
 291 01c8 72C56DDB 		.ascii	"r\305m\333v\026g\350wa\344\252GD\246\033\\\032|6sZd"
 291      761667E8 
 291      7761E4AA 
 291      4744A61B 
 291      5C1A7C36 
 292 01df 9708F516 		.ascii	"\227\010\365\026\270\224\263\267\373{o\374c\312\352"
 292      B894B3B7 
 292      FB7B6FFC 
 292      63CAEA
 293 01ee 6A4C6936 		.ascii	"jLi6\206\341\305z$\022\311-Y\367\274\001]\252G+2\260"
 293      86E1C57A 
 293      2412C92D 
 293      59F7BC01 
 293      5DAA472B 
 294 0204 F0B87F47 		.ascii	"\360\270\177G\274;\362\323\037!S\253\346\307\377\356"
 294      BC3BF2D3 
 294      1F2153AB 
 294      E6C7FFEE 
 295 0214 8C242D42 		.ascii	"\214$-B\337#=*F\030\035C+\211\326\256$/\342\010\305"
 295      DF233D2A 
 295      46181D43 
 295      2B89D6AE 
 295      242FE208 
 296 0229 EE68C9E3 		.ascii	"\356h\311\343\267:T\202\226\243\343h\271\016\225\"?"
 296      B73A5482 
ARM GAS  /tmp/ccfbKB4D.s 			page 23


 296      96A3E368 
 296      B90E9522 
 296      3F
 297 023a 2297D0A1 		.ascii	"\"\227\320\241\"\270X\010\027A\310\330\364\263\223\""
 297      22B85808 
 297      1741C8D8 
 297      F4B39322 
 298 024a FE82C817 		.ascii	"\376\202\310\027\342\373\307f}\220\336Os\376I\215\371"
 298      E2FBC766 
 298      7D90DE4F 
 298      73FE498D 
 298      F9
 299 025b 4C95A759 		.ascii	"L\225\247Y\037\236\332&I\002*\003]N(\272\200j\314\023"
 299      1F9EDA26 
 299      49022A03 
 299      5D4E28BA 
 299      806ACC13 
 300 026f 37133BBA 		.ascii	"7\023;\272\\\361\026*cz\244\241\330\323f\305\344~\337"
 300      5CF1162A 
 300      637AA4A1 
 300      D8D366C5 
 300      E47EDF
 301 0282 CC19495A 		.ascii	"\314\031IZ\201\312a\352)ej\031rj\307im;\036?J~\251'"
 301      81CA61EA 
 301      29656A19 
 301      726AC769 
 301      6D3B1E3F 
 302 029a 894D59AD 		.ascii	"\211MY\255\025\311\265\362\321\302r/\346\317*\202\347"
 302      15C9B5F2 
 302      D1C2722F 
 302      E6CF2A82 
 302      E7
 303 02ab 0F65EF32 		.ascii	"\017e\35720\374S@\257\267\367\034\306\270\034Q\337\337"
 303      30FC5340 
 303      AFB7F71C 
 303      C6B81C51 
 303      DFDF
 304 02bd 6D282824 		.ascii	"m(($\276\377)\213\226\017\\*y|v\332\213]\"\024\327\222"
 304      BEFF298B 
 304      960F5C2A 
 304      797C76DA 
 304      8B5D2214 
 305 02d3 C60EB9E1 		.ascii	"\306\016\271\341*J.\354m\272Y-\332\314\230-\363\206"
 305      2A4A2EEC 
 305      6DBA592D 
 305      DACC982D 
 305      F386
 306 02e5 D8A32A90 		.ascii	"\330\243*\220|A1\342\247\334\206\250\0056\\\004\033"
 306      7C4131E2 
 306      A7DC86A8 
 306      05365C04 
 306      1B
 307 02f6 7ECA6D38 		.ascii	"~\312m8\017\027+\231\015\005\207\222\017\272\342f&\241"
 307      0F172B99 
 307      0D058792 
 307      0FBAE266 
 307      26A1
ARM GAS  /tmp/ccfbKB4D.s 			page 24


 308 0308 FE42D72D 		.ascii	"\376B\327-\221\005c!\203\032\015\006r0\336\255\247\301"
 308      91056321 
 308      831A0D06 
 308      7230DEAD 
 308      A7C1
 309 031a A806652E 		.ascii	"\250\006e.)\312T\311\301\220\322^\355\367\302\327\231"
 309      29CA54C9 
 309      C190D25E 
 309      EDF7C2D7 
 309      99
 310 032b 10E97EDD 		.ascii	"\020\351~\335}\301\231\220z\247B&\367\257`a\253\003"
 310      7DC19990 
 310      7AA74226 
 310      F7AF6061 
 310      AB03
 311 033d 21B58A90 		.ascii	"!\265\212\220jYHw\331\316\032w\334\315\\\233U\361\242"
 311      6A594877 
 311      D9CE1A77 
 311      DCCD5C9B 
 311      55F1A2
 312 0350 C985B9DD 		.ascii	"\311\205\271\335\035\320\335\335\323\225\236x\220\215"
 312      1DD0DDDD 
 312      D3959E78 
 312      908D
 313 035e 154EC69C 		.ascii	"\025N\306\234\362\301\303\014\221\343\265\224\307k&"
 313      F2C1C30C 
 313      91E3B594 
 313      C76B26
 314 036d F5EC294F 		.ascii	"\365\354)O\374\224\015\326\336\353hp\301/\031\222[\335"
 314      FC940DD6 
 314      DEEB6870 
 314      C12F1992 
 314      5BDD
 315 037f FF3E8E65 		.ascii	"\377>\216e\005x.\275\362\211;N`\310\245\331\333\331"
 315      05782EBD 
 315      F2893B4E 
 315      60C8A5D9 
 315      DBD9
 316 0391 7ABC8F21 		.ascii	"z\274\217!\327\236]\311\361d\202\027\221>6\324X\257"
 316      D79E5DC9 
 316      F1648217 
 316      913E36D4 
 316      58AF
 317 03a3 67EC2504 		.ascii	"g\354%\004\370\353\303m\267\334q\036\243\255(\257\254"
 317      F8EBC36D 
 317      B7DC711E 
 317      A3AD28AF 
 317      AC
 318 03b4 E74A7E00 		.ascii	"\347J~\000h\364`N\2777.bc\365I1\211z|\212\"B\341\316"
 318      68F4604E 
 318      BF372E62 
 318      63F54931 
 318      897A7C8A 
 319 03cc B8C74EE3 		.ascii	"\270\307N\343r\313\251\313\356,#\031r\023\374uC\303"
 319      72CBA9CB 
 319      EE2C2319 
 319      7213FC75 
ARM GAS  /tmp/ccfbKB4D.s 			page 25


 319      43C3
 320 03de 5FFBC6EF 		.ascii	"_\373\306\357\016{0\351~$\021\316\215\037v\305\227\230"
 320      0E7B30E9 
 320      7E2411CE 
 320      8D1F76C5 
 320      9798
 321 03f0 F481F9B9 		.ascii	"\364\201\371\271?\341&\366{G\321\216zo|\215!\007/V<"
 321      3FE126F6 
 321      7B47D18E 
 321      7A6F7C8D 
 321      21072F56 
 322 0405 76C3030C 		.ascii	"v\303\003\014\221\233\305b\332,P\376H\357k\214\237\263"
 322      919BC562 
 322      DA2C50FE 
 322      48EF6B8C 
 322      9FB3
 323 0417 B1FEEECB 		.ascii	"\261\376\356\313\245\336x\234\033:\271\257\302\007\317"
 323      A5DE789C 
 323      1B3AB9AF 
 323      C207CF
 324 0426 30A4E5DE 		.ascii	"0\244\345\336\374\230\036Gb\346\376\254\271*\021\307"
 324      FC981E47 
 324      62E6FEAC 
 324      B92A11C7 
 325 0436 31A45F7A 		.ascii	"1\244_z\265\327\200\023)\"T\024\347\305\351m\331>BM"
 325      B5D78013 
 325      29225414 
 325      E7C5E96D 
 325      D93E424D 
 326 044a 19025306 		.ascii	"\031\002S\006\177P\305\336\327\256\330\204\364'G\274"
 326      7F50C5DE 
 326      D7AED884 
 326      F42747BC 
 327 045a 710A13F7 		.ascii	"q\012\023\367\352a\332m\304\3247\000\032Uq;\331\207"
 327      EA61DA6D 
 327      C4D43700 
 327      1A55713B 
 327      D987
 328 046c 85AA8F46 		.ascii	"\205\252\217Fr&nN\304\373\031m}[\356\270;>\312\220\263"
 328      72266E4E 
 328      C4FB196D 
 328      7D5BEEB8 
 328      3B3ECA90 
 329 0481 C92910FD 		.ascii	"\311)\020\375b\206\364d&Tx\342*\206\\H\032;\343\201"
 329      6286F464 
 329      265478E2 
 329      2A865C48 
 329      1A3BE381 
 330 0495 2F3364FB 		.ascii	"/3d\373\324@\251\017n\307vy\261\224\345\305HtU\277\210"
 330      D440A90F 
 330      6EC77679 
 330      B194E5C5 
 330      487455BF 
 331 04aa 6FB2B192 		.ascii	"o\262\261\222m\203\005\3560\266\034\372\000R5\201\345"
 331      6D8305EE 
 331      30B61CFA 
 331      00523581 
ARM GAS  /tmp/ccfbKB4D.s 			page 26


 331      E5
 332 04bb AC099CAC 		.ascii	"\254\011\234\254\032/\026q7s\313\351\223\203Y\212[\346"
 332      1A2F1671 
 332      3773CBE9 
 332      9383598A 
 332      5BE6
 333 04cd CB7C6847 		.ascii	"\313|hG\236\000\307\274P\034\263\334\326\005\236\035"
 333      9E00C7BC 
 333      501CB3DC 
 333      D6059E1D 
 334 04dd 94F0321D 		.ascii	"\224\3602\035\372h9\372\000\274\362\022\274\262\234"
 334      FA6839FA 
 334      00BCF212 
 334      BCB29C
 335 04ec 7B651CBC 		.ascii	"{e\034\2742\306{\300\376\374Z/<\304\004\354M\277t\322"
 335      32C67BC0 
 335      FEFC5A2F 
 335      3CC404EC 
 335      4DBF74D2 
 336 0500 DB26004A 		.ascii	"\333&\000J\273\214\226\3664H\230T$L '\"\246\264ED\245"
 336      BB8C96F6 
 336      34489854 
 336      244C2027 
 336      22A6B445 
 337 0516 761479E0 		.ascii	"v\024y\340Q&\242\277\252\006B\240\364\343Oon'\"^\203"
 337      5126A2BF 
 337      AA0642A0 
 337      F4E34F6F 
 337      6E27225E 
 338 052b 881945C4 		.ascii	"\210\031E\304\2643\021\257\264E\244g\015-\303\023\314"
 338      B43311AF 
 338      B445A467 
 338      0D2DC313 
 338      CC
 339 053c A3098973 		.ascii	"\243\011\211s%\030\277f\342r.\314$)\026\015\270}\206"
 339      2518BF66 
 339      E2722ECC 
 339      2429160D 
 339      B87D86
 340 054f 24418FE6 		.ascii	"$A\217\346~\200\244ymIws\236\216\2138F\244\242\016\325"
 340      7E80A479 
 340      6D497773 
 340      9E8E8B38 
 340      46A4A20E 
 341 0564 945C75C3 		.ascii	"\224\\u\303\361\024\021\356\015\237\230\362R\222\026"
 341      F11411EE 
 341      0D9F98F2 
 341      529216
 342 0573 44C580A8 		.ascii	"D\305\200\250(\341\355\242\242\005MQ\2431\367\373x;"
 342      28E1EDA2 
 342      A2054D51 
 342      A331F7FB 
 342      783B
 343 0585 5946BA53 		.ascii	"YF\272SZ\346G8\225\011~r\270\365\004\251_?=\372\213"
 343      5AE64738 
 343      95097E72 
 343      B8F504A9 
ARM GAS  /tmp/ccfbKB4D.s 			page 27


 343      5F3F3DFA 
 344 059a 2A69FC58 		.ascii	"*i\374X\322d'\017dx\340,\246\326w\217oE{\251n\343+\223"
 344      D264270F 
 344      6478E02C 
 344      A6D6778F 
 344      6F457BA9 
 345 05b2 A9C31340 		.ascii	"\251\303\023@\267\035\212n~6\325r\243\245\037E\256\322"
 345      B71D8A6E 
 345      7E36D572 
 345      A3A51F45 
 345      AED2
 346 05c4 A16650A4 		.ascii	"\241fP\244\201\224S<h\347\307\265\213\023\226\243\355"
 346      8194533C 
 346      68E7C7B5 
 346      8B1396A3 
 346      ED
 347 05d5 02D56E7B 		.ascii	"\002\325n{L~\222'>\314\204\324u\305nR\345\315\207\227"
 347      4C7E9227 
 347      3ECC84D4 
 347      75C56E52 
 347      E5CD8797 
 348 05e9 69DEEC02 		.ascii	"i\336\354\002\031\211\212\014\020\351T\310Nm!=%]\265"
 348      19898A0C 
 348      10E954C8 
 348      4E6D213D 
 348      255DB5
 349 05fc 223ECE84 		.ascii	"\">\316\204\\\313\210}\352b\223\322\226\204\357\326"
 349      5CCB887D 
 349      EA6293D2 
 349      9684EFD6 
 350 060c C44B9288 		.ascii	"\304K\222\210\222AL\222\"f\327\033\304\354\326\026\223"
 350      92414C92 
 350      2266D71B 
 350      C4ECD616 
 350      93
 351 061d FF74B8D1 		.ascii	"\377t\270\321\333\020o\353\260\224\245\334Ot(E0\360"
 351      DB106FEB 
 351      B094A5DC 
 351      4F742845 
 351      30F0
 352 062f 3556D4C0 		.ascii	"5V\324\300ih\247\367X\020:\247\316\317\030\360C\212"
 352      6968A7F7 
 352      58103AA7 
 352      CECF18F0 
 352      438A
 353 0641 887D7963 		.ascii	"\210}yc\217\\\221\337r\204\364\000G\344\365\231\016"
 353      8F5C91DF 
 353      7284F400 
 353      47E4F599 
 353      0E
 354 0652 6500AB34 		.ascii	"e\000\2534\001\313\353\333,\0114{\366\027rY+\025\322"
 354      01CBEBDB 
 354      2C09347B 
 354      F6177259 
 354      2B15D2
 355 0665 414132A4 		.ascii	"AA2\244C\231\240\336\036P/\013z\037\271B\356d-\007\366"
 355      4399A0DE 
ARM GAS  /tmp/ccfbKB4D.s 			page 28


 355      1E502F0B 
 355      7A1FB942 
 355      EE642D07 
 356 067a 79E8F9AC 		.ascii	"y\350\371\254\2707\316\002\352g\343\335\327\005\265"
 356      B837CE02 
 356      EA67E3DD 
 356      D705B5
 357 0689 517BED8C 		.ascii	"Q{\355\214\312\262\031u\251%\272\300\023?aF\015\314"
 357      CAB21975 
 357      A925BAC0 
 357      133F6146 
 357      0DCC
 358 069b 1E1874C3 		.ascii	"\036\030t\303\343\014\231\312l<\344\205\247\031\222"
 358      E30C99CA 
 358      6C3CE485 
 358      A71992
 359 06aa 52D47ED3 		.ascii	"R\324~\323\025\3172\244\347\370\\\245+\226\\(\262\277"
 359      15CF32A4 
 359      E7F85CA5 
 359      2B965C28 
 359      B2BF
 360 06bc FB79B11B 		.ascii	"\373y\261\033\216\246\210p\251\363@\201\0272\370\251"
 360      8EA68870 
 360      A9F34081 
 360      1732F8A9 
 361 06cc 047FF38E 		.ascii	"\004\177\363\216\322\234\017\202\252_\033x\254X$G\263"
 361      D29C0F82 
 361      AA5F1B78 
 361      AC582447 
 361      B3
 362 06dd 7F122949 		.ascii	"\177\022)I\010\035\020\014(W\211\343\327\006\246^_T"
 362      081D100C 
 362      285789E3 
 362      D706A65E 
 362      5F54
 363 06ef 7D873B4E 		.ascii	"}\207;Nd\242\236\217^\177\355\205w3D\232\276p\307\025"
 363      64A29E8F 
 363      5E7FED85 
 363      7733449A 
 363      BE70C715 
 364 0703 A731A42B 		.ascii	"\2471\244+}\252\317\003g0\244\2413\341\242\210\263\030"
 364      7DAACF03 
 364      6730A4A1 
 364      33E1A288 
 364      B318
 365 0715 72B4B94F 		.ascii	"r\264\271Or\3019\014\251\214o~\355\216s\031\222un{\224"
 365      72C1390C 
 365      A98C6F7E 
 365      ED8E7319 
 365      92756E7B 
 366 072a 1EE731A4 		.ascii	"\036\3471\244p~<\311\200\2170d\252\362\352A\201\325"
 366      707E3CC9 
 366      808F3064 
 366      AAF2EA41 
 366      81D5
 367 073c 9E2FA0C7 		.ascii	"\236/\240\307\252\022\0320\353\340\271B\006\366L?x\252"
 367      AA121A30 
ARM GAS  /tmp/ccfbKB4D.s 			page 29


 367      EBE0B942 
 367      06F64C3F 
 367      78AA
 368 074e D61BF9B2 		.ascii	"\326\033\371\262\317\022_?\337\203\304\332\252\233\307"
 368      CF125F3F 
 368      DF83C4DA 
 368      AA9BC7
 369 075d F1706153 		.ascii	"\361paS\242\224[\315\2549\014\326\234\022\226(\326_"
 369      A2945BCD 
 369      AC390CD6 
 369      9C129628 
 369      D65F
 370 076f A5AE2F21 		.ascii	"\245\256/!\377ul\312\265\377\332+U\305`J~\310\221|\233"
 370      FF756CCA 
 370      B5FFDA2B 
 370      55C5604A 
 370      7EC8917C 
 371 0784 40C85729 		.ascii	"@\310W)\324\325*\352#\332\314U\324\003*\352\375\216"
 371      D4D52AEA 
 371      23DACC55 
 371      D4032AEA 
 371      FD8E
 372 0796 D43D0BA8 		.ascii	"\324=\013\250\377S\241>\346H\355\357@<\242\".\320$V"
 372      FF53A13E 
 372      E648EDEF 
 372      403CA222 
 372      2ED02456 
 373 07aa 1B39A3A2 		.ascii	"\0339\243\242>\352H\335\240\362I2\275\237K\322g\242"
 373      3EEA48DD 
 373      A0F24932 
 373      BD9F4BD2 
 373      67A2
 374 07bc 0E15432A 		.ascii	"\016\025C*\027\201\003P!\237\001y\201\312!}N\010\276"
 374      17810350 
 374      219F0179 
 374      81CA217D 
 374      4E08BE
 375 07cf A8       		.ascii	"\250"
 376 07d0 0CE034C0 		.ascii	"\014\3404\300I\200R\200\343\000%\000g\000\276\027|i"
 376      49805280 
 376      E3002500 
 376      6700BE17 
 376      7C69
 377 07e2 A931D963 		.ascii	"\2511\331c*\331\371\332\262\251],\027[\273\026\321\\"
 377      2AD9F9DA 
 377      B2A95D2C 
 377      175BBB16 
 377      D15C
 378 07f4 042A1D4F 		.ascii	"\004*\035OD\205UO\317\342\224h\251\341\003\312+O;X\314"
 378      4485554F 
 378      CFE29468 
 378      A9E103CA 
 378      2B4F3B58 
 379 0809 0E4899D4 		.ascii	"\016H\231\324\246\324]\242\272\374\324\304:t\326V~="
 379      A6D45DA2 
 379      BAFCD4C4 
 379      3A74D656 
ARM GAS  /tmp/ccfbKB4D.s 			page 30


 379      7E3D
 380 081b 950727BD 		.ascii	"\225\007'\275p\037\315;\334\3664\273\322\200|\227\370"
 380      701FCD3B 
 380      DCF634BB 
 380      D2807C97 
 380      F8
 381 082c 3189D0E4 		.ascii	"1\211\320\344\262\3567\263\204\202\031\350;\020Z\251"
 381      B2EE37B3 
 381      848219E8 
 381      3B105AA9 
 382 083c 1D9764BE 		.ascii	"\035\227d\276\024\"\256\263\015\237\343\364\304u\347"
 382      1422AEB3 
 382      0D9FE3F4 
 382      C475E7
 383 084b C17515DC 		.ascii	"\301u\025\3345\334\330\002fl\245\275\261\244\026\242"
 383      35DCD802 
 383      666CA5BD 
 383      B1A416A2 
 384 085b 1E3CC1F8 		.ascii	"\036<\301\370\011\253\205GC\2057\004<\306\220\354\336"
 384      09AB8547 
 384      43853704 
 384      3CC690EC 
 384      DE
 385 086c EA1EBE72 		.ascii	"\352\036\276r\254\245\233\365\336\264\035\006^\031d"
 385      ACA59BF5 
 385      DEB41D06 
 385      5E1964
 386 087b 13F96062 		.ascii	"\023\371`b\342\206+~\315\210\313\346\013b1\216r%\310"
 386      E2862B7E 
 386      CD88CBE6 
 386      0B62318E 
 386      7225C8
 387 088e 3FF5C71F 		.ascii	"?\365\307\037\315r\005\323\240b\014K\370\037`P=~\344"
 387      CD7205D3 
 387      A0620C4B 
 387      F81F6050 
 387      3D7EE4
 388 08a1 0BFE2F65 		.ascii	"\013\376/eCPN\276\006\003\374#?\370\007F\375\270Oz\033"
 388      43504EBE 
 388      0603FC23 
 388      3FF80746 
 388      FDB84F7A 
 389 08b6 F195BA56 		.ascii	"\361\225\272V\346\023\350\314(\026l\254s\026\010uB]"
 389      E613E8CC 
 389      28166CAC 
 389      73160875 
 389      425D
 390 08c8 8284AA22 		.ascii	"\202\204\252\"\011u\221\317 ^y\005^\231\201\244\231"
 390      097591CF 
 390      205E7905 
 390      5E9981A4 
 390      99
 391 08d9 06980298 		.ascii	"\006\230\002\230\004\230\000x\011P\013\360\002`\034"
 391      04980078 
 391      09500BF0 
 391      02601C
 392 08e8 600CA017 		.ascii	"`\014\240\027\3406\3005\200\253\000\015\000\227\001"
ARM GAS  /tmp/ccfbKB4D.s 			page 31


 392      E036C035 
 392      80AB000D 
 392      009701
 393 08f7 EAED13EE 		.ascii	"\352\355\023\356w,\341\240\313U;\252v\326\261\350\346"
 393      772CE1A0 
 393      CB553BAA 
 393      76D6B1E8 
 393      E6
 394 0908 9A17A7D2 		.ascii	"\232\027\247\322\224\";\233\012\344@~nA\273\350i^\312"
 394      94223B9B 
 394      0AE4407E 
 394      6E41BBE8 
 394      695ECA
 395 091b E81BC1F2 		.ascii	"\350\033\301\362\313\332\364\224\275*\361\232\354\022"
 395      CBDAF494 
 395      BD2AF19A 
 395      EC12
 396 0929 AF91259E 		.ascii	"\257\221%\236\3321\327`\2204\017\324\001\014\233\270"
 396      DA31D760 
 396      90340FD4 
 396      010C9BB8 
 397 0939 63E6C031 		.ascii	"c\346\3001\263`\\+@\263\235\201\367Z\360\334\011I\332"
 397      B3605C2B 
 397      40B39D81 
 397      F75AF0DC 
 397      0949DA
 398 094c E18AAE80 		.ascii	"\341\212\256\200\022\215|\216f=\253\264h\261\323\342"
 398      128D7C8E 
 398      663DABB4 
 398      68B1D3E2 
 399 095c CA1BB498 		.ascii	"\312\033\264\230\007\311o\327b \003K\207\226\2416P\241"
 399      07C96FD7 
 399      6220034B 
 399      8796A136 
 399      50A1
 400 096e 495B0547 		.ascii	"I[\005G?\264\333i@&\262\234\327\314\221\327 \370\377"
 400      3FB4DB69 
 400      4026B29C 
 400      D7CC91D7 
 400      20F8FF
 401 0981 2F472087 		.ascii	"/G \207\213\012x\016\223=Z\247c$\257\333G\036\212ul"
 401      8B0A780E 
 401      933D5AA7 
 401      6324AFDB 
 401      471E8A75 
 402 0996 75244DAB 		.ascii	"u$M\253\016 \273\303\311m\353\232\333Nz\250\215\340"
 402      0E20BBC3 
 402      C96DEB9A 
 402      DB4E7AA8 
 402      8DE0
 403 09a8 1698D0C9 		.ascii	"\026\230\320\311\315\271\011\277o\200J\327\355T\032"
 403      CDB909BF 
 403      6F804AD7 
 403      ED541A
 404 09b7 CDE79945 		.ascii	"\315\347\231E\034\323\012\002:\235\264tM\376-|\202s"
 404      1CD30A02 
 404      3A9DB474 
ARM GAS  /tmp/ccfbKB4D.s 			page 32


 404      4DFE2D7C 
 404      8273
 405 09c9 FE037EAC 		.ascii	"\376\003~\254,\332x\316,d\257j\303=\371\2543u\332w&"
 405      2CDA78CE 
 405      2C64AF6A 
 405      C33DF9AC 
 405      3375DA77 
 406 09de 36F8E036 		.ascii	"6\370\3406\336\231\227BV~\304\027m\312Z\236P\313\356"
 406      DE999742 
 406      567EC417 
 406      6DCA5A9E 
 406      50CBEE
 407 09f1 020F67CA 		.ascii	"\002\017g\312\036\276\003d]\216\036\276\215\336\334"
 407      1EBE0364 
 407      5D8E1EBE 
 407      8DDEDC
 408 0a00 3A7BC08A 		.ascii	":{\300\212nn\321]\370\335e\357\255\375*o\021s\272\377"
 408      6E6ED15D 
 408      F8DD65EF 
 408      ADFD2A6F 
 408      1173BAFF 
 409 0a14 0F5DB99B 		.ascii	"\017]\271\233\323;\262f\346\015\355g\266w;\261}nw\244"
 409      D33BB266 
 409      E60DED67 
 409      B6773BB1 
 409      7D6E77A4 
 410 0a28 B482DA74 		.ascii	"\264\202\332tW1\275\333\336\364\004\331\364>a)\352u"
 410      5731BDDB 
 410      DEF404D9 
 410      F43E6129 
 410      EA75
 411 0a3a 34BD4795 		.ascii	"4\275G\225-)\032\012\352\3504\242\335s\320\356\031\204"
 411      2D291A0A 
 411      EAE834A2 
 411      DD73D0EE 
 411      1984
 412 0a4c F229C028 		.ascii	"\362)\300(\300\010\3000\300=\200\001\200~;\2474\375"
 412      C008C030 
 412      C03D8001 
 412      807E3BA7 
 412      34FD
 413 0a5e 96859864 		.ascii	"\226\205\230dt\037\010%\\\234\256 Z/\252:Y\377\333\250"
 413      741F0825 
 413      5C9CAE20 
 413      5A2FAA3A 
 413      59FFDBA8 
 414 0a72 ABFF99B1 		.ascii	"\253\377\231\261\036\004\342\001\347\304\252j\277oW"
 414      1E04E201 
 414      E7C4AA6A 
 414      BF6F57
 415 0a81 ED830BFB 		.ascii	"\355\203\013\373\3150\014>$\323\037\000\277\373<\034"
 415      CD300C3E 
 415      24D31F00 
 415      BFFB3C1C 
 416 0a91 0FC1E007 		.ascii	"\017\301\340\007`\330\220b\030\331k\364\340\247c\203"
 416      60D89062 
 416      18D96BF4 
ARM GAS  /tmp/ccfbKB4D.s 			page 33


 416      E0A76383 
 417 0aa1 929462A0 		.ascii	"\222\224b\240\307\020\367\370\004\255~\303&\214\274"
 417      C710F7F8 
 417      04AD7EC3 
 417      268CBC
 418 0ab0 437A1349 		.ascii	"Cz\023I\317+\234\326V)\216\251>\024\353B\2167\356/X"
 418      CF2B9CD6 
 418      56298EA9 
 418      3E14EB42 
 418      8E37EE2F 
 419 0ac5 70B048B6 		.ascii	"p\260H\266\035\345\221$\307\214#os\323\215J\356\324"
 419      1DE59124 
 419      C78C236F 
 419      73D38D4A 
 419      EED4
 420 0ad7 47E0A747 		.ascii	"G\340\247G?\310O\217\201R\361\323#\346'']\023=\001\367"
 420      3FC84F8F 
 420      8152F1D3 
 420      23E62727 
 420      5D133D01 
 421 0aec 288DD396 		.ascii	"(\215\323\226\222\323\267\310\341\034\341\364XI\311"
 421      92D3B7C8 
 421      E11CE1F4 
 421      5849C9
 422 0afb 36CACAD6 		.ascii	"6\312\312\326\357*.sC\340\276\370\344\215v\020\247\234"
 422      EF2A2E73 
 422      43E0BEF8 
 422      E48D7610 
 422      A79C
 423 0b0d E3B74562 		.ascii	"\343\267Eb\365\350\333\250G~\311\222\203\020?uN\314"
 423      F5E8DBA8 
 423      477EC992 
 423      83103F75 
 423      4ECC
 424 0b1f D49D38E3 		.ascii	"\324\2358\343J\374\0154\013\027x7\216/\036\217\2222"
 424      4AFC0D34 
 424      0B177837 
 424      8E2F1E8F 
 424      9232
 425 0b31 3FA0C711 		.ascii	"?\240\307\021\317y\331\360=\026+\232g\252{\361\310\373"
 425      CF79D9F0 
 425      3D162B9A 
 425      67AA7BF1 
 425      C8FB
 426 0b43 19525524 		.ascii	"\031RU$\246'\012\263Z\304\037)\264M\234\226\034\011"
 426      A6270AB3 
 426      5AC41F29 
 426      B44D9C96 
 426      1C09
 427 0b55 440A1AB4 		.ascii	"D\012\032\264\252 \366\024\362 \302\026\015\245j\257"
 427      AA20F614 
 427      F220C216 
 427      0DA56AAF 
 428 0b65 6ED4EBF6 		.ascii	"n\324\353\366\237+\215u\237#\365\302\015\307\035\025"
 428      9F2B8D75 
 428      9F23F5C2 
 428      0DC71D15 
ARM GAS  /tmp/ccfbKB4D.s 			page 34


 429 0b75 79B636B9 		.ascii	"y\2666\271\312\265\255\307x \310*2\307\221\274a\001"
 429      CAB5ADC7 
 429      7820C82A 
 429      32C791BC 
 429      6101
 430 0b87 F76ACE9D 		.ascii	"\367j\316\235,g.h\223\253\270\317\374L\271\247]q\274"
 430      2C672E68 
 430      93ABB8CF 
 430      FC4CB9A7 
 430      5D71BC
 431 0b9a A72D081C 		.ascii	"\247-\010\034_\255\3269\351\213\217_\220$$\351Z\243"
 431      5FADD639 
 431      E98B8F5F 
 431      902424E9 
 431      5AA3
 432 0bac 6C22EB54 		.ascii	"l\"\353T}\361A\013\236\031\213\241U,\013lz\223\300\326"
 432      7DF1410B 
 432      9E198BA1 
 432      552C0B6C 
 432      7A93C0D6 
 433 0bc0 ED98644A 		.ascii	"\355\230dJ\223\226\274\241=nd\214,j\332\225\224o\242"
 433      9396BCA1 
 433      3D6E648C 
 433      2C6ADA95 
 433      946FA2
 434 0bd3 D2C8B15D 		.ascii	"\322\310\261]Tg\205\017}:@\334|\006\321\307\003u\363"
 434      5467850F 
 434      7D3A40DC 
 434      7C06D1C7 
 434      0375F3
 435 0be6 93553E6C 		.ascii	"\223U>l\351\014{H\264g\252\275\016-\333C\317\011\242"
 435      E90C7B48 
 435      B467AABD 
 435      0E2DDB43 
 435      CF09A2
 436 0bf9 A545024D 		.ascii	"\245E\002M_\310/\024\211\211\"Q\260\277\327!\011\213"
 436      5FC82F14 
 436      89892251 
 436      B0BFD721 
 436      098B
 437 0c0b 8C637DCD 		.ascii	"\214c}\315\336$\303\273\271Rn\037\264\243\021\\r\357"
 437      DE24C3BB 
 437      B9526E1F 
 437      B4A3115C 
 437      72EF
 438 0c1d BE24E945 		.ascii	"\276$\351EB\205\012\024\005\340'\374\317\207\226\217"
 438      42850A14 
 438      05E027FC 
 438      CF87968F 
 439 0c2d 8E4262E9 		.ascii	"\216Bb\351P4~\027&\307\0277\354p\305\305ntQ>w6\241\314"
 439      50347E17 
 439      26C71737 
 439      EC70C5C5 
 439      6E74513E 
 440 0c45 A0964B54 		.ascii	"\240\226KTT\344n\243r\327r\261G\266%]w\345b\347\276"
 440      54E46EA3 
 440      72D772B1 
ARM GAS  /tmp/ccfbKB4D.s 			page 35


 440      47B6255D 
 440      77E562E7 
 441 0c5a 7B27395A 		.ascii	"{'9Z\312\227\210\233\201\012\305`\233\\\370i/7\226\312"
 441      CA97889B 
 441      810AC560 
 441      9B5CF869 
 441      2F3796CA 
 442 0c6e 2D2BB9F6 		.ascii	"-+\271\366B\300\345L\256\326\023\023{?\305az1}\337\251"
 442      42C0E54C 
 442      AED61313 
 442      7B3FC561 
 442      7A317DDF 
 443 0c83 623BC77C 		.ascii	"b;\307|\363\216J\277x\252\337\016\331/=#\221\267\365"
 443      F38E4ABF 
 443      78AADF0E 
 443      D92F3D23 
 443      91B7F5
 444 0c96 B2820506 		.ascii	"\262\202\005\006\310\276(\211\234=\001\031\332\256("
 444      C8BE2889 
 444      9C3D0119 
 444      DAAE28
 445 0ca5 B8DD51C1 		.ascii	"\270\335Q\301\004\252\340\325'\347+=q-S\260\254+m\011"
 445      04AAE0D5 
 445      27E72B3D 
 445      712D53B0 
 445      AC2B6D09 
 446 0cb9 D5851429 		.ascii	"\325\205\024)\323\357\372\265<O\247\232\354\242\232"
 446      D3EFFAB5 
 446      3C4FA79A 
 446      ECA29A
 447 0cc8 EC9435E9 		.ascii	"\354\2245\351\272x=\303\0334\351c\215\2730\251>Q:\200"
 447      BA783DC3 
 447      1B34E963 
 447      8DBB30A9 
 447      3E513A80 
 448 0cdc 28194A54 		.ascii	"(\031JT4I\304\354,\010%1\015\244\252y\214\2571\015\232"
 448      3449C4EC 
 448      2C082531 
 448      0DA4AA79 
 448      8CAF310D 
 449 0cf1 FBF76628 		.ascii	"\373\367f(\356`*\2147\266\266\210\316\303\225B\225H"
 449      EE602A8C 
 449      37B6B688 
 449      CEC39542 
 449      9548
 450 0d03 9695486E 		.ascii	"\226\225Hn\224\372}\270\022\2553\177\235\034\235\353"
 450      94FA7DB8 
 450      12AD337F 
 450      9D1C9DEB 
 451 0d13 4748D06E 		.ascii	"GH\320nE\201\335\262\002\251T\201\204\222\242!=\356"
 451      4581DDB2 
 451      02A95481 
 451      8492A221 
 451      3DEE
 452 0d25 610AA4EF 		.ascii	"a\012\244\357i\356\027\370\364\321\231Et:\361d\2322"
 452      69EE17F8 
 452      F4D19945 
ARM GAS  /tmp/ccfbKB4D.s 			page 36


 452      743AF164 
 452      9A32
 453 0d37 3D4D9E9E 		.ascii	"=M\236\236N\247\337|1Y\255\307\217\330\364\270\376\355"
 453      4EA7DF7C 
 453      3159ADC7 
 453      8FD8F4B8 
 453      FEED
 454 0d49 1D7A96E1 		.ascii	"\035z\226\341St\033\231\367j\322\205?`!\317#\347\207"
 454      53741B99 
 454      F76AD285 
 454      3F6021CF 
 454      23E787
 455 0d5c 6FE7F1CD 		.ascii	"o\347\361\315\34332\276g\250e\314\003\217\262\311O\373"
 455      E33332BE 
 455      67A865CC 
 455      038FB2C9 
 455      4FFB
 456 0d6e A30FF9E0 		.ascii	"\243\017\371\340i\206\3446\307\265z\340Y\206\224\356"
 456      6986E436 
 456      C7B57AE0 
 456      598694EE 
 457 0d7e 8E8CC478 		.ascii	"\216\214\304x\247;E\032_\354\030\245\307Z\321o>\326"
 457      A73B451A 
 457      5FEC18A5 
 457      C75AD16F 
 457      3ED6
 458 0d90 C2E9E545 		.ascii	"\302\351\345EP\241\260\275\324\\\203e\203E\3731\273"
 458      50A1B0BD 
 458      D45C8365 
 458      8345FB31 
 458      BB
 459 0da1 E91FC07E 		.ascii	"\351\037\300~(\027\3137\374\230h\251\252\276wY\032m"
 459      2817CB37 
 459      FC9868A9 
 459      AABE7759 
 459      1A6D
 460 0db3 7BDF6103 		.ascii	"{\337a\003\312\341\244No)\365=\2543\001\221\303>\272"
 460      CAE1A44E 
 460      6F29F53D 
 460      AC330191 
 460      C33EBA
 461 0dc6 7FC7CB12 		.ascii	"\177\307\313\022\021gP\315\205G#\003m\336\310o\211\255"
 461      116750CD 
 461      85472303 
 461      6DDEC86F 
 461      89AD
 462 0dd8 633544D3 		.ascii	"c5D\323U\354!\340}Pq0\341\342d\341\230\007\212j)\015"
 462      55EC21E0 
 462      7D507130 
 462      E1E264E1 
 462      98078A6A 
 463 0dee 92A63387 		.ascii	"\222\2463\207wx\341#\314G\017\033&\356\273\343b\206"
 463      7778E123 
 463      CC470F1B 
 463      26EEBBE3 
 463      6286
 464 0e00 4C346614 		.ascii	"L4f\024z\3412\246C\313\334\2711\017\345\0145\323\345"
ARM GAS  /tmp/ccfbKB4D.s 			page 37


 464      7AE132A6 
 464      43CBDCB9 
 464      310FE50C 
 464      35D3E5
 465 0e13 4C1D3D43 		.ascii	"L\035=C-\300zt\024;<(\322|\344\224\2175\237%\366\027"
 465      2DC07A74 
 465      143B3C28 
 465      D27CE494 
 465      8F359F25 
 466 0e29 55438B19 		.ascii	"UC\213\031`\"\217\027\275*e\245\376\265\234\306\217"
 466      60228F17 
 466      BD2A65A5 
 466      FEB59CC6 
 466      8F
 467 0e3a CBAE1CC6 		.ascii	"\313\256\034\306NK\251\210fq\241\234\305'K\256\344\350"
 467      4E4BA988 
 467      6671A19C 
 467      C5274BAE 
 467      E4E8
 468 0e4c D5672730 		.ascii	"\325g'0\256\212q1\226W \344\354\266<\255\320\023?`\346"
 468      AE8A7131 
 468      965720E4 
 468      ECB63CAD 
 468      D0133F60 
 469 0e61 F55EAE18 		.ascii	"\365^\256\030\360\264?|TOE\245\240\2742\333\026\210"
 469      F0B43F7C 
 469      544F45A5 
 469      A0BC32DB 
 469      1688
 470 0e73 8268EA84 		.ascii	"\202h\352\204\022\0309\2568\001\010\231\210\252\223"
 470      121839AE 
 470      38010899 
 470      88AA93
 471 0e82 E7CA0CF8 		.ascii	"\347\312\014\370\031\263\355\371\353\234r\236\303K\001"
 471      19B3EDF9 
 471      EB9C729E 
 471      C34B01
 472 0e91 9DEDDDBD 		.ascii	"\235\355\335\275\333\215\237\177\220\3477\305\271\343"
 472      DB8D9F7F 
 472      90E737C5 
 472      B9E3
 473 0e9f 902F911E 		.ascii	"\220/\221\036\224\266\352\325\231.\003\336F\021}NsV"
 473      94B6EAD5 
 473      992E03DE 
 473      46117D4E 
 473      7356
 474 0eb1 0C424BE8 		.ascii	"\014BK\350\301\206\257\337\022_\365Z\264\014/G'\300"
 474      C186AFDF 
 474      125FF55A 
 474      B40C2F47 
 474      27C0
 475 0ec3 13E80C28 		.ascii	"\023\350\014(x\201G\370<\374>\213}Q%\300E\200s\000\025"
 475      788147F8 
 475      3CFC3E8B 
 475      7D5125C0 
 475      45807300 
 476 0ed8 3CE22A03 		.ascii	"<\342*\003Oc\365B\267\234*-\3372\263\026\307\220\304"
ARM GAS  /tmp/ccfbKB4D.s 			page 38


 476      4F63F542 
 476      B79C2A2D 
 476      DF32B316 
 476      C790C4
 477 0eeb 2424A714 		.ascii	"$$\247\024\303.\340%\352\225\331L\243\274\304\304l/"
 477      C32EE025 
 477      EA95D94C 
 477      A3BCC4C4 
 477      6C2F
 478 0efd 73413BD9 		.ascii	"sA;\331\371\316\247\215\257\010\210\267\216a\007\352"
 478      F9CEA78D 
 478      AF0888B7 
 478      8E6107EA 
 479 0f0d 852B82B9 		.ascii	"\205+\202\2716\276\232\201T8\351H\276\340\310\362\316"
 479      36BE9A81 
 479      5438E948 
 479      BEE0C8F2 
 479      CE
 480 0f1e EFF9520E 		.ascii	"\357\371R\016\263M\350BU\030o~\207nc\205w\301\276\360"
 480      B34DE842 
 480      55186F7E 
 480      876E6385 
 480      77C1BEF0 
 481 0f32 343DFB3D 		.ascii	"4=\373=\227\3756\3172=\206d+Ia\034\321\266r\025?\351"
 481      97FD36CF 
 481      323D8664 
 481      2B49611C 
 481      D1B67215 
 482 0f48 3B7C69A2 		.ascii	";|i\242J\217\323Y\310_\237(~\355\212\213\030\222t\252"
 482      4A8FD359 
 482      C85F9F28 
 482      7EED8A8B 
 482      189274AA 
 483 0f5c EBB50F3E 		.ascii	"\353\265\017>E\021!\253\344\3008v\366 \267V\243\252"
 483      451121AB 
 483      E4C03876 
 483      F620B756 
 483      A3AA
 484 0f6e 6C359ACD 		.ascii	"l5\232\315j\264\006T\251v\254\321\014\354Z\225Q\236"
 484      6AB40654 
 484      A976ACD1 
 484      0CEC5A95 
 484      519E
 485 0f80 8F48A383 		.ascii	"\217H\243\203\274\322<P\251\202Iu\334\364\313 \250\036"
 485      BCD23C50 
 485      A9824975 
 485      DCF4CB20 
 485      A81E
 486 0f92 CC6D0068 		.ascii	"\314m\000h\002h\304\016\347\022Y\315\016\331"
 486      0268C40E 
 486      E71259CD 
 486      0ED9
 487 0fa0 50F7A6D6 		.ascii	"P\367\246\326\327z\233/\312\260\306y\351\320m\036z9"
 487      D77A9B2F 
 487      CAB0C679 
 487      E9D06D1E 
 487      7A39
ARM GAS  /tmp/ccfbKB4D.s 			page 39


 488 0fb2 9A0B59A9 		.ascii	"\232\013Y\2513e\342\016\36791\364\022v _\230Yc\377\316"
 488      3365E20E 
 488      F73931F4 
 488      1276205F 
 488      985963FF 
 489 0fc7 72450E91 		.ascii	"rE\016\221\006\271\034\242\324\246\023#n\370\"\013\304"
 489      06B91CA2 
 489      D4A61323 
 489      6EF8220B 
 489      C4
 490 0fd8 D59C1371 		.ascii	"\325\234\023q\336h\211\237\246\257Z\300?o\363\225\255"
 490      DE68899F 
 490      A6AF5AC0 
 490      3F6FF395 
 490      AD
 491 0fe9 6F5444EF 		.ascii	"oTD\357!\201\271\002\364\315J`\3520_\005\2369\377\344"
 491      2181B902 
 491      F4CD4A60 
 491      EA305F05 
 491      9E39FFE4 
 492 0ffd 43D629   		.ascii	"C\326)"
 493 1000 9693F706 		.ascii	"\226\223\367\006\356>\257\342O\201\373H\247(m\335\225"
 493      EE3EAFE2 
 493      4F81FB48 
 493      A7286DDD 
 493      95
 494 1011 ED853B59 		.ascii	"\355\205;Y\246\024'G\302J\277\213!\267\267\277hr\301"
 494      A6142747 
 494      C24ABF8B 
 494      21B7B7BF 
 494      6872C1
 495 1024 C31471BF 		.ascii	"\303\024q\277T\026\031\207\371\243\006\277%\26605\024"
 495      54161987 
 495      F9A306BF 
 495      25B63035 
 495      14
 496 1035 F230C92B 		.ascii	"\3620\311+\355;N\254\347\273\355\273\252\363\212k\330"
 496      ED3B4EAC 
 496      E7BBEDBB 
 496      AAF38A6B 
 496      D8
 497 1046 81DC7E4F 		.ascii	"\201\334~O\001\266\335\350vX\366kpW\207b\264[\305>\333"
 497      01B6DDE8 
 497      7658F66B 
 497      70578762 
 497      B45BC53E 
 498 105b 917EC1AE 		.ascii	"\221~\301\256b\256kq\252D\310\345u8!\327X\207\363\274"
 498      62AE6B71 
 498      AA44C8E5 
 498      753821D7 
 498      5887F3BC 
 499 106f 5033DFA7 		.ascii	"P3\337\247\315\\\335\025&\370\031\376\035\347]\241\015"
 499      CD5CDD15 
 499      26F819FE 
 499      1DE75DA1 
 499      0D
 500 1080 BA422BE9 		.ascii	"\272B+\351\012W\271+H\270oC\270oB\230;\000:\001n\000"
ARM GAS  /tmp/ccfbKB4D.s 			page 40


 500      0A57B92B 
 500      48B86F43 
 500      B86F4298 
 500      3B003A01 
 501 1096 DC02B8AE 		.ascii	"\334\002\270\256\334e\007\237\356\031\026\361s\226G"
 501      DC65079F 
 501      EE1916F1 
 501      739647
 502 10a5 BD9D1DB5 		.ascii	"\275\235\035\265^\016ydc|\027\230\375P\306\266|\312"
 502      5E0E7964 
 502      637C1798 
 502      FD50C6B6 
 502      7CCA
 503 10b7 AE4922F9 		.ascii	"\256I\"\371\324\015\363\272\224|\272#\347S\373\213<"
 503      D40DF3BA 
 503      947CBA23 
 503      E753FB8B 
 503      3C
 504 10c8 B8C7CEB1 		.ascii	"\270\307\316\261$\251\316=\367\2678\216=\360}\221z\247"
 504      24A9CE3D 
 504      F7B7388E 
 504      3DF07D91 
 504      7AA7
 505 10da D71B2730 		.ascii	"\327\033'0d\270\270\243\003\343\024={{d[\373YA\375\372"
 505      64B8B8A3 
 505      03E3143D 
 505      7B7B645B 
 505      FB5941FD 
 506 10ef 137BDC7E 		.ascii	"\023{\334~\017J\246\377\007\335\356\0074o\367\270(\263"
 506      0F4AA6FF 
 506      07DDEE07 
 506      346FF7B8 
 506      28B3
 507 1101 6335F2F3 		.ascii	"c5\362\363\345k\231\233\315.S'\310\266`H\263\015d\270"
 507      E56B999B 
 507      CD2E5327 
 507      C8B66048 
 507      B30D64B8 
 508 1115 B1422552 		.ascii	"\261B%R\373@\352\220vG\321Z\362\350(1q\342 (r_\211\304"
 508      FB40EA90 
 508      7647D15A 
 508      F2E82831 
 508      71E22028 
 509 112d F3BC879D 		.ascii	"\363\274\207\235\256\370,\263\362a\331\345\004%\022"
 509      AEF82CB3 
 509      F261D9E5 
 509      042512
 510 113c 0E8BA661 		.ascii	"\016\213\246a\230\250\305\204?|\374\204\354\343\036"
 510      98A8C584 
 510      3F7CFC84 
 510      ECE31E
 511 114b C2F803C5 		.ascii	"\302\370\003\305\037C\334\343n\265\347\343k\004\372"
 511      1F43DCE3 
 511      6EB5E7E3 
 511      6B04FA
 512 115a CC029AAB 		.ascii	"\314\002\232\253\355L\246\245\230\327\036\231\326\013"
 512      ED4CA6A5 
ARM GAS  /tmp/ccfbKB4D.s 			page 41


 512      98D71E99 
 512      D60B
 513 1168 D31EA90D 		.ascii	"\323\036\251\015\332\213\265\317J3!52Hj\364\360\031"
 513      DA8BB5CF 
 513      4A332135 
 513      32486AF4 
 513      F019
 514 117a 44A15150 		.ascii	"D\241QP\350)\244\302\023\200g\000\217\001F\260\372\354"
 514      E829A4C2 
 514      13806700 
 514      8F0146B0 
 514      FAEC
 515 118c A93A84ED 		.ascii	"\251:\204\355\221\311\3066\213\317\264\235R_w\254\254"
 515      91C9C636 
 515      8BCFB49D 
 515      525F77AC 
 515      AC
 516 119d EA6F1935 		.ascii	"\352o\0315iI\2079\265\255\267\251\037\214\360\225\353"
 516      69498739 
 516      B5ADB7A9 
 516      1F8CF095 
 516      EB
 517 11ae 082B9547 		.ascii	"\010+\225G\013\342F\366\270#\274JI>\266sf\266\004w<"
 517      0BE246F6 
 517      B823BC4A 
 517      493EB673 
 517      66B60477 
 518 11c3 8419F896 		.ascii	"\204\031\370\226\005\231\254f\3679\372D}>\015\301;\277"
 518      0599AC66 
 518      F739FA44 
 518      7D3E0DC1 
 518      3BBF
 519 11d5 2D66C20B 		.ascii	"-f\302\0137\261\340\325^L\310\320;\224\221\315W\343"
 519      37B1E0D5 
 519      5E4CC8D0 
 519      3B9491CD 
 519      57E3
 520 11e7 E09F1FE2 		.ascii	"\340\237\037\342+[\011\265\324\354\"%4\006s\236+\001"
 520      2B5B09B5 
 520      D4EC2225 
 520      3406739E 
 520      2B01
 521 11f9 7D249750 		.ascii	"}$\227P\351\345\206^\257\367\362\344MZRR\263$\035\020"
 521      E9E5865E 
 521      AFF7F2E4 
 521      4D5A5252 
 521      B3241D10 
 522 120d 28F91E46 		.ascii	"(\371\036Fn\223\255#W\340\377\013\374\036\351\311S\363"
 522      6E93AD23 
 522      57E0FF0B 
 522      FC1EE9C9 
 522      53F3
 523 121f FFA15E91 		.ascii	"\377\241^\221v\330\035/\276d\253.\362\015\264\265\327"
 523      76D81D2F 
 523      BE64AB2E 
 523      F20DB4B5 
 523      D7
ARM GAS  /tmp/ccfbKB4D.s 			page 42


 524 1230 AACEDA2D 		.ascii	"\252\316\332-_\307\354\226h\023\234x\202\022\307\237"
 524      5FC7EC96 
 524      68139C78 
 524      8212C79F 
 525 1240 EEE811F5 		.ascii	"\356\350\021\365\312\213L\344v\241\320Nb\362T\337\237"
 525      CA8B4CE4 
 525      76A1D04E 
 525      62F254DF 
 525      9F
 526 1251 9E140171 		.ascii	"\236\024\001q\342\223\253\231\206\305\273\271\247V "
 526      E293AB99 
 526      86C5BBB9 
 526      A75620
 527 1260 FA7681B2 		.ascii	"\372v\201\262\214\236\302\213\3459\024!\035\353U\361"
 527      8C9EC28B 
 527      E5391421 
 527      1DEB55F1 
 528 1270 39FE9E96 		.ascii	"9\376\236\226+\240\223%\271\255^N\245\315\310\322\246"
 528      2BA09325 
 528      B9AD5E4E 
 528      A5CDC8D2 
 528      A6
 529 1281 3115F722 		.ascii	"1\025\367\"~\333$\177A\224l\337\344\367\031\227\262"
 529      7EDB247F 
 529      41946CDF 
 529      E4F71997 
 529      B2
 530 1292 F719BBDA 		.ascii	"\367\031\273\332\213\352\275\034\225y\015\336{E\225"
 530      8BEABD1C 
 530      95790DDE 
 530      7B4595
 531 12a1 99A5CACC 		.ascii	"\231\245\312\3140ef\2512\011\337\277\310\362P;&\305"
 531      306566A9 
 531      3209DFBF 
 531      C8F2503B 
 531      26C5
 532 12b3 6E5D3FC7 		.ascii	"n]?\307\0353G\035\223[v\343\221\217\232x\227\035\361"
 532      1D33471D 
 532      935B76E3 
 532      918F9A78 
 532      971DF1
 533 12c6 3C279EA7 		.ascii	"<'\236\247\304\211\333\216E\272\341\033\254\003NEv^"
 533      C489DB8E 
 533      45BAE11B 
 533      AC034E45 
 533      765E
 534 12d8 D23BDD6B 		.ascii	"\322;\335kD\212\352\003\216\306\264#i\344\\\245\252"
 534      448AEA03 
 534      8EC6B423 
 534      69E45CA5 
 534      AA
 535 12e9 4FAAAAE9 		.ascii	"O\252\252\351vi,\214\225\332%)\367\267\224\016I\242"
 535      76692C8C 
 535      95DA2529 
 535      F7B7940E 
 535      49A2
 536 12fb 2D85E0A7 		.ascii	"-\205\340\247\375\011B\224H\366\277G&\247\022\274\261"
ARM GAS  /tmp/ccfbKB4D.s 			page 43


 536      FD094294 
 536      48F6BF47 
 536      26A712BC 
 536      B1
 537 130c E449056F 		.ascii	"\344I\005o\233\035\353\363\346\314:\216\343ce\203\222"
 537      9B1DEBF3 
 537      E6CC3A8E 
 537      E3636583 
 537      92
 538 131d 0406C420 		.ascii	"\004\006\304 \221r\213V\270E;r\213\241\334n\016U\257"
 538      91728B56 
 538      B8453B72 
 538      8BA1DC6E 
 538      0E55AF
 539 1330 C3F18CD9 		.ascii	"\303\361\214\331\261\342\357J\275q&C\022\252k\262]a"
 539      B1E2EF4A 
 539      BD712643 
 539      12AA6BB2 
 539      5D61
 540 1342 478562C9 		.ascii	"G\205b\311D\332\377\247{\027\321-V\265\3554\245\266"
 540      44DAFFA7 
 540      7B17D12D 
 540      56B5ED34 
 540      A5B6
 541 1354 B470D6DB 		.ascii	"\264p\326\333\251\335;\250\335q\"7|h\337\236RO\256\353"
 541      A9DD3BA8 
 541      DD712237 
 541      7C68DF9E 
 541      524FAEEB 
 542 1368 E463975B 		.ascii	"\344c\227[%]\320\323\"\245\317\032\004B\211\266\311"
 542      255DD0D3 
 542      22A5CF1A 
 542      044289B6 
 542      C9
 543 1379 BAA2EDA2 		.ascii	"\272\242\355\242H0{u\343\251\272\265M\343G\334q?S1\363"
 543      48307B75 
 543      E3A9BAB5 
 543      4DE347DC 
 543      713F5331 
 544 138e 504A253B 		.ascii	"PJ%;\274\200*\340\032\335\275\326\326+\332\0164\022"
 544      BC802AE0 
 544      1ADDBDD6 
 544      D62BDA0E 
 544      3412
 545 13a0 4576E833 		.ascii	"Ev\3503q\272\314\313\371\251\012Us\247\254\346LA\315"
 545      71BACCCB 
 545      F9A90A55 
 545      73A7ACE6 
 545      4C41CD
 546 13b3 2991AB09 		.ascii	")\221\253\011\005{\274\254\2641RZ\032\343A\350P\202"
 546      057BBCAC 
 546      B431525A 
 546      1AE341E8 
 546      5082
 547 13c5 E2D00447 		.ascii	"\342\320\004G\015\223\250\206\355\243\025\211\236x\224"
 547      0D93A886 
 547      EDA31589 
ARM GAS  /tmp/ccfbKB4D.s 			page 44


 547      9E7894
 548 13d4 69981FB3 		.ascii	"i\230\037\263k\336U\211\365]\373X\357V\230\355vd\226"
 548      6BDE5589 
 548      F55DFB58 
 548      EF5698ED 
 548      766496
 549 13e7 4C99F5ED 		.ascii	"L\231\365\355\177\220\352\205g\030\263\346\013y\235"
 549      7F90EA85 
 549      6718B3E6 
 549      0B799D
 550 13f6 2E4AACEF 		.ascii	".J\254\3578\304:E\341\226\342\310-\225r\213\274\224"
 550      38C43A45 
 550      E196E2C8 
 550      2D95728B 
 550      BC94
 551 1408 7CC307C7 		.ascii	"|\303\007\307\032(\267\331g\355\263\374Ua=\240\035C"
 551      1A28B7D9 
 551      67EDB3FC 
 551      55613DA0 
 551      1D43
 552 141a 076278A5 		.ascii	"\007bx\245\265\223\341\003-\343{\3648\215\321\026\236"
 552      B593E103 
 552      2DE37BF4 
 552      388DD116 
 552      9E
 553 142b 3E7C8EBF 		.ascii	">|\216\277\273\350\001\350\253\323\235\311>NKz\257\310"
 553      BBE801E8 
 553      ABD39DC9 
 553      3E4E4B7A 
 553      AFC8
 554 143d 4B3A53A4 		.ascii	"K:S\244%}2k\376\221\213c\321\356\021\227\243t\221\036"
 554      257D326B 
 554      FE918B63 
 554      D1EE1197 
 554      A374911E 
 555 1451 9F888BE5 		.ascii	"\237\210\213\345I\204\372Vdu\244\267\232z\357\233\250"
 555      4984FA56 
 555      6475A4B7 
 555      9A7AEF9B 
 555      A8
 556 1462 1B07526F 		.ascii	"\033\007Ro\221\346\332^E\317(\317\335\213\221\"c\341"
 556      91E6DA5E 
 556      45CF28CF 
 556      DD8B9122 
 556      63E1
 557 1474 EEB24F5C 		.ascii	"\356\262O\\\2142\300\037\321\370]\325\3444\270\362\007"
 557      8C32C01F 
 557      D1F85DD5 
 557      E434B8F2 
 557      07
 558 1485 C8E86C91 		.ascii	"\310\350l\221\364\327\313W\356\354\320\343\034\203\323"
 558      F4D7CB57 
 558      EEECD0E3 
 558      1C83D3
 559 1494 73B096BA 		.ascii	"s\260\226\272\216L7\\L\011\304\207\027\307\0040\221"
 559      8E4C375C 
 559      4C09C487 
ARM GAS  /tmp/ccfbKB4D.s 			page 45


 559      17C70430 
 559      91
 560 14a5 FC79F891 		.ascii	"\374y\370\2217\244\016\212\036\354\325\252E\364\347"
 560      37A40E8A 
 560      1EECD5AA 
 560      45F4E7
 561 14b4 76FA8E54 		.ascii	"v\372\216T\324\356E\310\366\216T\236\350G\207t(\027"
 561      D4EE45C8 
 561      F68E549E 
 561      E8478774 
 561      2817
 562 14c6 543820F2 		.ascii	"T8 \362\375\225D_\322\202\001\264_\264\275\244\005\342"
 562      FD95445F 
 562      D28201B4 
 562      5FB4BDA4 
 562      05E2
 563 14d8 6E74ED3D 		.ascii	"nt\355=iWK\204D\311\322C4K\277\223\263t\347\334t\207"
 563      69574B84 
 563      44C9D243 
 563      344BBF93 
 563      B374E7DC 
 564 14ee 5C4CBDBB 		.ascii	"\\L\275\273\334\366G7\363b\022\011%\312Q\222!\3071\031"
 564      DCF64737 
 564      F3621209 
 564      25CA5192 
 564      21C73119 
 565 1502 0EB364A8 		.ascii	"\016\263d\250?\032\355\206;\014N+i\240\343\302v\037"
 565      3F1AED86 
 565      3B0C4E2B 
 565      69A0E3C2 
 565      761F
 566 1514 E7C780F9 		.ascii	"\347\307\200\371T\237\243\262>9\375\015\243\252\252"
 566      549FA3B2 
 566      3E39FD0D 
 566      A3AAAA
 567 1523 B95036C8 		.ascii	"\271P6\310\253\006\350\320\021E\233#\216\332\024Pm\236"
 567      AB06E8D0 
 567      11459B23 
 567      8EDA1450 
 567      6D9E
 568 1535 57F49FF6 		.ascii	"W\364\237\366R\267\336x\273\326{Ld\255\027\276\201\270"
 568      52B7DE78 
 568      BBD67B4C 
 568      64AD17BE 
 568      81B8
 569 1547 BBFC6EB4 		.ascii	"\273\374n\264\017\276\317T\277\321\027=\351\2468bXv"
 569      0FBECF54 
 569      BFD1173D 
 569      E9A63862 
 569      5876
 570 1559 046351A8 		.ascii	"\004cQ\250H.t\224\\D%\3379\031\333\345\212\307\031\263"
 570      482E7494 
 570      5C4425DF 
 570      3919DBE5 
 570      8AC719B3 
 571 156d BC91B335 		.ascii	"\274\221\2635\374\035i/\"\350`\332a\221\025\305C2\\"
 571      FC1D692F 
ARM GAS  /tmp/ccfbKB4D.s 			page 46


 571      22E860DA 
 571      619115C5 
 571      43325C
 572 1580 F3F8E4A4 		.ascii	"\363\370\344\244\363\304/\225\023\377!;\240:\323~v\237"
 572      F3C42F95 
 572      13FF213B 
 572      A03AD37E 
 572      769F
 573 1592 A763E297 		.ascii	"\247c\342\227@*\034\247\331\370=M\345R9\225\313n\307"
 573      402A1CA7 
 573      D9F83D4D 
 573      E5523995 
 573      CB6EC7
 574 15a5 667A3826 		.ascii	"fz8&\276S\352\254\307E\327\\\224\304?v\237'\376\011"
 574      BE53EAAC 
 574      C745D75C 
 574      94C43F76 
 574      9F27FE09 
 575 15b9 9EF80990 		.ascii	"\236\370\011\220\370\312\344b\236\370e\342{:\217\300"
 575      F8CAE462 
 575      9EF865E2 
 575      7B3A8FC0 
 576 15c9 A02F2C1B 		.ascii	"\240/,\033\326\230\302\326\271\377\346\337\276^\361"
 576      D698C2D6 
 576      B9FFE6DF 
 576      BE5EF1
 577 15d8 F9AA553A 		.ascii	"\371\252U:\017\24318\314\372\321\207F\353\373\376\033"
 577      0FA33138 
 577      CCFAD187 
 577      46EBFBFE 
 577      1B
 578 15e9 2D66FFE0 		.ascii	"-f\377\340\260\300\220\215\353L\376a\246\315!\301k\375"
 578      B0C0908D 
 578      EB4CFE61 
 578      A6CD21C1 
 578      6BFD
 579 15fb 43030283 		.ascii	"C\003\002\203\202\303L\376\306u\246\365\001\033C\254"
 579      82C34CFE 
 579      C675A6F5 
 579      011B43AC 
 580 160b 46EBD608 		.ascii	"F\353\326\010\223ee\220\316\215\317zWk\226e\253\305"
 580      93656590 
 580      CE8DCF7A 
 580      576B9665 
 580      ABC5
 581 161d DF68B1AE 		.ascii	"\337h\261\256\003\032 u\011\265l0Z?]\271\322\237\375"
 581      031A2075 
 581      09B56C30 
 581      5A3F5DB9 
 581      D29FFD
 582 1630 855BFC03 		.ascii	"\205[\374\003\303CC\303\303\374#\302\315V\213\377\257"
 582      C34343C3 
 582      C3FC23C2 
 582      CD568BFF 
 582      AF
 583 1641 BEFAE2F3 		.ascii	"\276\372\342\363/\266\220k\021\301!&\263\305\3777\237"
 583      2FB6906B 
ARM GAS  /tmp/ccfbKB4D.s 			page 47


 583      11C12126 
 583      B3C5FF37 
 583      9F
 584 1652 7FEE1F18 		.ascii	"\177\356\037\030$Kr7\233\002B\"\314\301\341z\243q#\227"
 584      244B7237 
 584      9B024222 
 584      CCC1E17A 
 584      A3712397 
 585 1666 EA2EFF70 		.ascii	"\352.\377p\263\222\021\370\016\265n\011\011\266X\305"
 585      B39211F8 
 585      0EB56E09 
 585      09B658C5 
 586 1676 30D316AB 		.ascii	"0\323\026\253K\370\3460\223\331\345\1776\2326\232\026"
 586      4BF8E630 
 586      93D9E57F 
 586      369A369A 
 586      16
 587 1687 050619AD 		.ascii	"\005\006\031\255A\300b\235\305H/\210\021f\323&\037\273"
 587      41C0629D 
 587      C5482F88 
 587      1166D326 
 587      1FBB
 588 1699 4B64FA46 		.ascii	"Kd\372F\253i\013\360\005j\372\323\335\024\001^\012\016"
 588      AB690BF0 
 588      056AFAD3 
 588      DD14015E 
 588      0A0E
 589 16ab DBE069DA 		.ascii	"\333\340i\332d\012\263\206\006X\276\205Q0\204Np\333"
 589      640AB386 
 589      0658BE85 
 589      5130844E 
 589      70DB
 590 16bd 1C106C85 		.ascii	"\034\020l\205A\037\025s\"\335[\215\030\255h\243\253"
 590      411F1573 
 590      22DD5B8D 
 590      18AD68A3 
 590      AB
 591 16ce 693399EA 		.ascii	"i3\231\352\272\331\012\372E\300\227\305\024\032\201"
 591      BAD90AFA 
 591      45C097C5 
 591      141A81
 592 16dd 03C3AC2E 		.ascii	"\003\303\254.\000F\253\001\346\303\225\200\210\240p"
 592      0046AB01 
 592      E6C39580 
 592      88A070
 593 16ec B3C9CD42 		.ascii	"\263\311\315B\004Y6\270l\266Z\315\021\213\031+\243\331"
 593      045936B8 
 593      6CB65ACD 
 593      118B192B 
 593      A3D9
 594 16fe B4DE6436 		.ascii	"\264\336d6\205\005\202\2220=|\355\237\"\334M[\202\255"
 594      85058292 
 594      303D7CED 
 594      9F22DC4D 
 594      5B82AD
 595 1711 81E1EB4C 		.ascii	"\201\341\353L\256\346u[\201^\004\022\213\007\363\315"
 595      AEE6755B 
ARM GAS  /tmp/ccfbKB4D.s 			page 48


 595      815E0412 
 595      8B07F3CD 
 596 1721 A7608AFC 		.ascii	"\247`\212\374m%\327\215V\227\365!\001\033,n\326P\230"
 596      6D25D78D 
 596      5697F521 
 596      011B2C6E 
 596      D65098
 597 1734 0198C51A 		.ascii	"\001\230\305\032`5\271[\351\027a\031\2606\300b\342\236"
 597      6035B95B 
 597      E9176119 
 597      B036C062 
 597      E29E
 598 1746 FDF817DC 		.ascii	"\375\370\027\334\263\344\207\336b\3756 $xC\230\321\372"
 598      B3E487DE 
 598      62FD3620 
 598      24784398 
 598      D1FA
 599 1758 B3B7862E 		.ascii	"\263\267\206.(\020\014\200X\211a\001\241&10(\300\354"
 599      28100C80 
 599      58896101 
 599      A1263130 
 599      28C0EC
 600 176b 121EB20E 		.ascii	"\022\036\262\016b\000\011a2\343@\353\026\301\022!\204"
 600      62000961 
 600      32E340EB 
 600      16C11221 
 600      84
 601 177c 9821961B 		.ascii	"\230!\226\033\002\314\241F+6\257Z\005\360\201`\376\245"
 601      02CCA146 
 601      2B36AF5A 
 601      05F08160 
 601      FEA5
 602 178e 60FE5430 		.ascii	"`\376T0\177\"\230?\026\314\377 \230\177\341I8\223\234"
 602      7F22983F 
 602      16CCFF20 
 602      987FE149 
 602      38939C
 603 17a1 8449EFFF 		.ascii	"\204I\357\3770\301\306M\237\204\202p\003\235\031\030"
 603      30C1C64D 
 603      9F848270 
 603      039D1918 
 604 17b1 1E06F1B3 		.ascii	"\036\006\361\263\212$/<l\361q\011\215\010\017\017q\347"
 604      8A242F3C 
 604      6CF17109 
 604      8D080F0F 
 604      71E7
 605 17c3 4EB5AE50 		.ascii	"N\265\256P36[m\371\033\030d\011"
 605      33365B6D 
 605      F91B1864 
 605      09
 606 17d0 0C5A07BC 		.ascii	"\014Z\007\274\376\316)\001\004\022\306}\2353\330j\221"
 606      FECE2901 
 606      0412C67D 
 606      9D33D86A 
 606      91
 607 17e1 33D73913 		.ascii	"3\3279\023\010:\214\377\215\303\270\305\034H\004X6\254"
 607      083A8CFF 
ARM GAS  /tmp/ccfbKB4D.s 			page 49


 607      8DC3B8C5 
 607      1C480458 
 607      36AC
 608 17f3 0CE4A5FA 		.ascii	"\014\344\245\372G\3103\003\375\365\225)\304\004\221"
 608      47C83303 
 608      FDF59529 
 608      C40491
 609 1802 F20A0C5A 		.ascii	"\362\012\014Z\023\030\364\233\3605!&S\304\032O\212}"
 609      1318F49B 
 609      F0352126 
 609      53C41A4F 
 609      8A7D
 610 1814 05266D5D 		.ascii	"\005&m]m\240\277\377\030\360\255ic\304\032!0H\037\032"
 610      6DA0BFFF 
 610      18F0AD69 
 610      63C41A21 
 610      30481F1A 
 611 1828 004EA4F6 		.ascii	"\000N\244\366\342uki\252\022\325L\241P\312k7n\360\210"
 611      E2756B69 
 611      AA12D54C 
 611      A150CA6B 
 611      376EF088 
 612 183c 08080B0E 		.ascii	"\010\010\013\0164\2020o\365eH\211MV\222\275.\353L!\326"
 612      3482306F 
 612      F5654889 
 612      4D5692BD 
 612      2EEB4C21 
 613 1851 002F1803 		.ascii	"\000/\030\003.&\363\246\200\2207y\315\032\034J\303\277"
 613      2E26F3A6 
 613      80903779 
 613      CD1A1C4A 
 613      C3BF
 614 1863 7E6358A0 		.ascii	"~cX\240\373&+\3712ZI\351m\0126[7\222\271@`\306\021\001"
 614      FB262BF9 
 614      325A49E9 
 614      6D0A365B 
 614      3792B940 
 615 187b 661FBB2B 		.ascii	"f\037\273+F\353;\216D\254x\334C\002,V\202{\020\355\340"
 615      46EB3B8E 
 615      44AC78DC 
 615      43022C56 
 615      827B10ED 
 616 1890 DB68FDB1 		.ascii	"\333h\375\261\006\031$\264\231|\203[\214\304\322\255"
 616      061924B4 
 616      997C835B 
 616      8CC4D2AD 
 617 18a0 F4AA5BE0 		.ascii	"\364\252[\340F3\324\214\325\240\\2Z=l\016\020\254\241"
 617      4633D48C 
 617      D5A05C32 
 617      5A3D6C0E 
 617      10ACA1
 618 18b3 AEE1EBD7 		.ascii	"\256\341\353\327[LV7\263\225\326\341O\234\033F\342\264"
 618      5B4C5637 
 618      B395D6E1 
 618      4F9C1B46 
 618      E2B4
 619 18c5 C81A6A0C 		.ascii	"\310\032j\014\204ZXk\016\260\006\207CAx*\316$|\327l"
ARM GAS  /tmp/ccfbKB4D.s 			page 50


 619      845A586B 
 619      0EB00687 
 619      4341782A 
 619      CE247CD7 
 620 18da B5FC2E3C 		.ascii	"\265\374.<\360\3337\204{+I\007\017\232\237!@\351e\204"
 620      F0DB3784 
 620      7B2B4907 
 620      0F9A9F21 
 620      40E96584 
 621 18ee B2B71A7F 		.ascii	"\262\267\032\177\375\2535\377\362\345W\253\275\002B"
 621      FDAB35FF 
 621      F2E557AB 
 621      BD0242
 622 18fd 36076CB5 		.ascii	"6\007l\265@\316\207@\253\375G\215\234\207|&\031\357"
 622      40CE8740 
 622      ABFD478D 
 622      9C877C26 
 622      19EF
 623 190f FFF9176B 		.ascii	"\377\371\027kV\257\361\377\034R\336\177\265\314<\324"
 623      56AFF1FF 
 623      1C52DE7F 
 623      B5CC3CD4 
 624 191f 126C316E 		.ascii	"\022l1n\010\014$\005\300\272Yp\230\305d&:\202^_\207"
 624      080C2405 
 624      C0BA5970 
 624      98C56426 
 624      3A825E5F 
 625 1934 1179ACA6 		.ascii	"\021y\254\2466\206q\3314<\306\225\037\377\362\203O\334"
 625      368671D9 
 625      343CC695 
 625      1FFFF283 
 625      4FDC
 626 1946 65CC8766 		.ascii	"e\314\207f\331j\313\227\254\355\255v1\376\032\012\346"
 626      D96ACB97 
 626      ACEDAD76 
 626      31FE1A0A 
 626      E6
 627 1957 0D650059 		.ascii	"\015e\000Y\032\244\373\021\223\270>x}8\370?4|\023IP"
 627      1AA4FB11 
 627      93B83E78 
 627      7D38F83F 
 627      347C1349 
 628 196c 255BD7A8 		.ascii	"%[\327\250\205\255\372\370\177\001\260\237\263\264"
 628      85ADFAF8 
 628      7F01B09F 
 628      B3B4
 629              		.text
 630              		.section	.gnu.lto_.symtab.794072fcdb2f07d1,"",%progbits
 631 0000 63684D73 		.ascii	"chMsgSend\000"
 631      6753656E 
 631      6400
 632 000a 00       		.ascii	"\000"
 633 000b 00       		.ascii	"\000"
 634 000c 00       		.ascii	"\000"
 635 000d 00000000 		.ascii	"\000\000\000\000\000\000\000\000"
 635      00000000 
 636 0015 83010000 		.ascii	"\203\001\000\000"
ARM GAS  /tmp/ccfbKB4D.s 			page 51


 637 0019 63684D73 		.ascii	"chMsgWait\000"
 637      67576169 
 637      7400
 638 0023 00       		.ascii	"\000"
 639 0024 00       		.ascii	"\000"
 640 0025 00       		.ascii	"\000"
 641 0026 00000000 		.ascii	"\000\000\000\000\000\000\000\000"
 641      00000000 
 642 002e 86010000 		.ascii	"\206\001\000\000"
 643 0032 63684D73 		.ascii	"chMsgRelease\000"
 643      6752656C 
 643      65617365 
 643      00
 644 003f 00       		.ascii	"\000"
 645 0040 00       		.ascii	"\000"
 646 0041 00       		.ascii	"\000"
 647 0042 00000000 		.ascii	"\000\000\000\000\000\000\000\000"
 647      00000000 
 648 004a 8B010000 		.ascii	"\213\001\000\000"
 649 004e 636800   		.ascii	"ch\000"
 650 0051 00       		.ascii	"\000"
 651 0052 02       		.ascii	"\002"
 652 0053 00       		.ascii	"\000"
 653 0054 00000000 		.ascii	"\000\000\000\000\000\000\000\000"
 653      00000000 
 654 005c F4010000 		.ascii	"\364\001\000\000"
 655 0060 63685363 		.ascii	"chSchGoSleepS\000"
 655      68476F53 
 655      6C656570 
 655      5300
 656 006e 00       		.ascii	"\000"
 657 006f 02       		.ascii	"\002"
 658 0070 00       		.ascii	"\000"
 659 0071 00000000 		.ascii	"\000\000\000\000\000\000\000\000"
 659      00000000 
 660 0079 8F010000 		.ascii	"\217\001\000\000"
 661 007d 63685363 		.ascii	"chSchReadyI\000"
 661      68526561 
 661      64794900 
 662 0089 00       		.ascii	"\000"
 663 008a 02       		.ascii	"\002"
 664 008b 00       		.ascii	"\000"
 665 008c 00000000 		.ascii	"\000\000\000\000\000\000\000\000"
 665      00000000 
 666 0094 93010000 		.ascii	"\223\001\000\000"
 667 0098 63685363 		.ascii	"chSchWakeupS\000"
 667      6857616B 
 667      65757053 
 667      00
 668 00a5 00       		.ascii	"\000"
 669 00a6 02       		.ascii	"\002"
 670 00a7 00       		.ascii	"\000"
 671 00a8 00000000 		.ascii	"\000\000\000\000\000\000\000\000"
 671      00000000 
 672 00b0 95010000 		.ascii	"\225\001\000\000"
 673              		.text
 674              		.section	.gnu.lto_.opts,"",%progbits
ARM GAS  /tmp/ccfbKB4D.s 			page 52


 675 0000 272D666D 		.ascii	"'-fmath-errno' '-fsigned-zeros' '-ftrapping-math' '"
 675      6174682D 
 675      6572726E 
 675      6F272027 
 675      2D667369 
 676 0033 2D666E6F 		.ascii	"-fno-trapv' '-fno-openmp' '-fno-openacc' '-mcpu=cor"
 676      2D747261 
 676      70762720 
 676      272D666E 
 676      6F2D6F70 
 677 0066 7465782D 		.ascii	"tex-m4' '-mno-thumb-interwork' '-mthumb' '-ggdb' '-"
 677      6D342720 
 677      272D6D6E 
 677      6F2D7468 
 677      756D622D 
 678 0099 4F322720 		.ascii	"O2' '-fomit-frame-pointer' '-falign-functions=16' '"
 678      272D666F 
 678      6D69742D 
 678      6672616D 
 678      652D706F 
 679 00cc 2D666675 		.ascii	"-ffunction-sections' '-fdata-sections' '-fno-common"
 679      6E637469 
 679      6F6E2D73 
 679      65637469 
 679      6F6E7327 
 680 00ff 2720272D 		.ascii	"' '-flto'\000"
 680      666C746F 
 680      2700
 681              		.text
 682              		.comm	__gnu_lto_v1,1,1
 683              		.comm	__gnu_lto_slim,1,1
 684              		.ident	"GCC: (15:6.3.1+svn253039-1build1) 6.3.1 20170620"
ARM GAS  /tmp/ccfbKB4D.s 			page 53


DEFINED SYMBOLS
                            *ABS*:0000000000000000 chmsg.c
                            *COM*:0000000000000001 __gnu_lto_v1
                            *COM*:0000000000000001 __gnu_lto_slim

NO UNDEFINED SYMBOLS
