ARM GAS  /tmp/ccsMn8BW.s 			page 1


   1              		.cpu cortex-m4
   2              		.eabi_attribute 20, 1
   3              		.eabi_attribute 21, 1
   4              		.eabi_attribute 23, 3
   5              		.eabi_attribute 24, 1
   6              		.eabi_attribute 25, 1
   7              		.eabi_attribute 26, 1
   8              		.eabi_attribute 30, 2
   9              		.eabi_attribute 34, 1
  10              		.eabi_attribute 18, 4
  11              		.file	"crt1.c"
  12              		.text
  13              	.Ltext0:
  14              		.section	.gnu.lto_.profile.e31fb7d9c0e1938c,"",%progbits
  15 0000 789C6365 		.ascii	"x\234ce`b`a```d\220\024\005\000\000\307\000;"
  15      60626061 
  15      60606064 
  15      90140500 
  15      00C7003B 
  16              		.text
  17              		.section	.gnu.lto_.icf.e31fb7d9c0e1938c,"",%progbits
  18 0000 789C6365 		.ascii	"x\234ce`bPc@\0006\206\336\326'\267\271\030\301$\023"
  18      60625063 
  18      40003686 
  18      DED627B7 
  18      B918C124 
  19 0015 98645EDF 		.ascii	"\230d^\337\262\367;\013\313\234I\377>\263\263^\374\266"
  19      B2F73B0B 
  19      CB9C49FF 
  19      3EB3B35E 
  19      FCB6
  20 0027 B1878F01 		.ascii	"\261\207\217\001\000Z\350\021\367"
  20      005AE811 
  20      F7
  21              		.text
  22              		.section	.gnu.lto_.jmpfuncs.e31fb7d9c0e1938c,"",%progbits
  23 0000 789C6365 		.ascii	"x\234ce`b\020d@\000V fd\000\0122030\260\0009\000\003"
  23      60621064 
  23      40005620 
  23      6664000A 
  23      32303330 
  24 0019 8C0028   		.ascii	"\214\000("
  25              		.text
  26              		.section	.gnu.lto_.inline.e31fb7d9c0e1938c,"",%progbits
  27 0000 789C6365 		.ascii	"x\234ce`b\210g@\000V\006\006f&F\240 \003\003\333\002"
  27      60628867 
  27      40005606 
  27      06662646 
  27      A0200303 
  28 0016 7910C5C0 		.ascii	"y\020\305\300\210!\302\204!\302\014\344ADX\300$\220"
  28      8821C284 
  28      21C20CE4 
  28      414458C0 
  28      2490
  29 0028 1259C901 		.ascii	"\022Y\311\001\024Q\332\364\274\221\021\256\214\001\000"
  29      1451DAF4 
  29      BC9111AE 
ARM GAS  /tmp/ccsMn8BW.s 			page 2


  29      8C0100
  30 0037 015E06BA 		.ascii	"\001^\006\272"
  31              		.text
  32              		.section	.gnu.lto_.pureconst.e31fb7d9c0e1938c,"",%progbits
  33 0000 789C6365 		.ascii	"x\234ce`b\340f```e\220`\224`\222`6a\221\002\000\004"
  33      6062E066 
  33      60606065 
  33      90609460 
  33      92603661 
  34 0018 4600B8   		.ascii	"F\000\270"
  35              		.text
  36              		.section	.gnu.lto___core_init.e31fb7d9c0e1938c,"",%progbits
  37 0000 789C6365 		.ascii	"x\234ce`b\250d``\260\004bi fdf`d\232p\216\201\241\221"
  37      6062A864 
  37      6060B004 
  37      62692066 
  37      64666064 
  38 001a 83899111 		.ascii	"\203\211\221\021\304h\340`d\250gb\254g\354g\236\316"
  38      C468E060 
  38      64A86762 
  38      AC67EC67 
  38      9ECE
  39 002c CC78A8FD 		.ascii	"\314x\250\375\331N&\315\345\015@p`\372&\256\266\206"
  39      D94E26CD 
  39      E50D4070 
  39      60FA26AE 
  39      B686
  40 003e 5689F9CC 		.ascii	"V\211\371\314\014\0143\201\030\004\030\2273j2\000\225"
  40      0C0C3381 
  40      18041897 
  40      336A3200 
  40      95
  41 004f 3DDAF86F 		.ascii	"=\332\370o*/\033\013D\234q\005#\033#\220^\177\211\361"
  41      2A2F1B0B 
  41      449C7105 
  41      231B2390 
  41      5E7F89F1 
  42 0063 40C3BFFF 		.ascii	"@\303\277\377\355\015\007\216,f\334\357\305\304\300"
  42      ED0D078E 
  42      2C66DCEF 
  42      C5C4C0
  43 0072 D0059406 		.ascii	"\320\005\224\006\331\321\315\314\004\242\231\33726)"
  43      D9D1CDCC 
  43      04A299DF 
  43      323629
  44 0081 805483CD 		.ascii	"\200T\203\315\352bf\004\011\002\225\231\353\351\351"
  44      EA626604 
  44      09029599 
  44      EBE9E9
  45 0090 43507EB1 		.ascii	"CP~\261~r~nn~\236~qIbQIi\201\276c\220\257\263o\005H"
  45      7E727E6E 
  45      6E7E9E7E 
  45      71496251 
  45      496981BE 
  46 00ab B4203327 		.ascii	"\264 3'\265\250X\337\335\331Y?\271\250\304P/\231\001"
  46      B5A858DF 
  46      DDD9593F 
ARM GAS  /tmp/ccsMn8BW.s 			page 3


  46      B9A8C450 
  46      2F9901
  47 00be 002D613A 		.ascii	"\000-a:\203"
  47      83
  48              		.text
  49              		.section	.gnu.lto___early_init.e31fb7d9c0e1938c,"",%progbits
  50 0000 789C6365 		.ascii	"x\234ce`b(g``\260\004bi fdf`d\232p\216\201\241\221\203"
  50      60622867 
  50      6060B004 
  50      62692066 
  50      64666064 
  51 001b 899111C4 		.ascii	"\211\221\021\304h\340`d\250gb\254g\354g\236\316\314"
  51      68E06064 
  51      A86762AC 
  51      67EC679E 
  51      CECC
  52 002d 78A8FDD9 		.ascii	"x\250\375\331N&\315\345\015@p`\372\017\256\266\206V"
  52      4E26CDE5 
  52      0D407060 
  52      FA0FAEB6 
  52      8656
  53 003f 89F9CC0C 		.ascii	"\211\371\314\014\0143\201\030\004\030\2273j2\000\225"
  53      0C338118 
  53      04189733 
  53      6A320095 
  54 004f 3DDAF86F 		.ascii	"=\332\370o*/\033\013D\234q\005#\033#\220^\177\211\361"
  54      2A2F1B0B 
  54      449C7105 
  54      231B2390 
  54      5E7F89F1 
  55 0063 40C3BFFF 		.ascii	"@\303\277\377\355\015\007\316(3310t\001%A6t\0039@\232"
  55      ED0D07CE 
  55      28333331 
  55      30740125 
  55      41367403 
  56 007a F92D6393 		.ascii	"\371-c\223\002H-\330\244.fF\220 P\231\271\236\236>\004"
  56      02482DD8 
  56      A42E6646 
  56      90205099 
  56      B99E9E3E 
  57 008f E517EB27 		.ascii	"\345\027\353'\347\347\346\346\347\351\027\227$\026\225"
  57      E7E7E6E6 
  57      E7E91797 
  57      241695
  58 009e 9416E83B 		.ascii	"\224\026\350;\006\371:\373V\200D\0132sR\213\212\365"
  58      06F93AFB 
  58      5680440B 
  58      3273528B 
  58      8AF5
  59 00b0 DD9D9DF5 		.ascii	"\335\235\235\365\223\213J\014\365\222\031\000\202\254"
  59      938B4A0C 
  59      F5921900 
  59      82AC
  60 00be 3948     		.ascii	"9H"
  61              		.text
  62              		.section	.gnu.lto___late_init.e31fb7d9c0e1938c,"",%progbits
  63 0000 789C6365 		.ascii	"x\234ce`b(g``\260\004bi fdf`d\232p\216\201\241\221\203"
ARM GAS  /tmp/ccsMn8BW.s 			page 4


  63      60622867 
  63      6060B004 
  63      62692066 
  63      64666064 
  64 001b 899111C4 		.ascii	"\211\221\021\304h\340`d\250gb\254g\354g\236\316\314"
  64      68E06064 
  64      A86762AC 
  64      67EC679E 
  64      CECC
  65 002d 78A8FDD9 		.ascii	"x\250\375\331N&\315\345\015@p`\372\026\356\266\206V"
  65      4E26CDE5 
  65      0D407060 
  65      FA16EEB6 
  65      8656
  66 003f 89F9CC0C 		.ascii	"\211\371\314\014\0143\201\030\004\030\2273j2\000\225"
  66      0C338118 
  66      04189733 
  66      6A320095 
  67 004f 3DDAF86F 		.ascii	"=\332\370o*/\033\013D\234q\005#\033#\220^\177\211\361"
  67      2A2F1B0B 
  67      449C7105 
  67      231B2390 
  67      5E7F89F1 
  68 0063 40C3BFFF 		.ascii	"@\303\277\377\355\015\007\216(3310t\001%A6t\0039@\232"
  68      ED0D078E 
  68      28333331 
  68      30740125 
  68      41367403 
  69 007a F92D6393 		.ascii	"\371-c\223\002H-\330\244.fF\220 P\231\271\236\236>\004"
  69      02482DD8 
  69      A42E6646 
  69      90205099 
  69      B99E9E3E 
  70 008f E517EB27 		.ascii	"\345\027\353'\347\347\346\346\347\351\027\227$\026\225"
  70      E7E7E6E6 
  70      E7E91797 
  70      241695
  71 009e 9416E83B 		.ascii	"\224\026\350;\006\371:\373V\200D\0132sR\213\212\365"
  71      06F93AFB 
  71      5680440B 
  71      3273528B 
  71      8AF5
  72 00b0 DD9D9DF5 		.ascii	"\335\235\235\365\223\213J\014\365\222\031\000V)8\375"
  72      938B4A0C 
  72      F5921900 
  72      562938FD 
  73              		.text
  74              		.section	.gnu.lto___default_exit.e31fb7d9c0e1938c,"",%progbits
  75 0000 789C6365 		.ascii	"x\234ce`b(c``\260\004bS fde`d\232p\216\201\241\221\203"
  75      60622863 
  75      6060B004 
  75      62532066 
  75      64656064 
  76 001b 899119C4 		.ascii	"\211\221\031\304`dfd\201\010\260@\004\034\031\031\352"
  76      60646664 
  76      8108B040 
  76      041C1919 
ARM GAS  /tmp/ccsMn8BW.s 			page 5


  76      EA
  77 002c 99985918 		.ascii	"\231\230Y\030\201\004\003\004\3643Ogf<\324\376l'\223"
  77      81040304 
  77      F4334F67 
  77      663CD4FE 
  77      6C2793
  78 003f E6F20620 		.ascii	"\346\362\006 80\375\036w[C\253\304|\240\202\231PE\214"
  78      3830FD1E 
  78      775B43AB 
  78      C47CA082 
  78      9950458C 
  79 0053 CB193519 		.ascii	"\313\0315\031\200\312\036m\3747\225\227\215\005\"\316"
  79      80CA1E6D 
  79      FC379597 
  79      8D0522CE 
  80 0063 B882918D 		.ascii	"\270\202\221\215\021H\257\277\304x\240\341\337\377\366"
  80      1148AFBF 
  80      C478A0E1 
  80      DFFFF6
  81 0072 86037716 		.ascii	"\206\003w\0263\376\364\006\012u\001\245\031\201$\023"
  81      33FEF406 
  81      0A7501A5 
  81      19812413 
  82 0082 D0FE2E66 		.ascii	"\320\376.ff\006\240\305\214]\314,P\232\021l\244\271"
  82      6606A0C5 
  82      8C5DCC2C 
  82      509A116C 
  82      A4B9
  83 0094 9E9E3E04 		.ascii	"\236\236>\004\345\027\353'\347\347\346\346\347\351\027"
  83      E517EB27 
  83      E7E7E6E6 
  83      E7E917
  84 00a3 97241695 		.ascii	"\227$\026\225\224\026\350;\006\371:\373V\200D\0132s"
  84      9416E83B 
  84      06F93AFB 
  84      5680440B 
  84      3273
  85 00b5 528B8AF5 		.ascii	"R\213\212\365\335\235\235\365\223\213J\014\365\222\031"
  85      DD9D9DF5 
  85      938B4A0C 
  85      F59219
  86 00c4 0033463B 		.ascii	"\0003F;\273"
  86      BB
  87              		.text
  88              		.section	.gnu.lto___init_ram_areas.e31fb7d9c0e1938c,"",%progbits
  89 0000 789C9554 		.ascii	"x\234\225TKo[U\020\236\271\347\276\354\353\330\256b"
  89      4B6F5B55 
  89      109EB9E7 
  89      BEECEBD8 
  89      AE62
  90 0012 2484AA2A 		.ascii	"$\204\252*\233,\272\211\225\025U\027H!\013\330t\303"
  90      9B2CBA89 
  90      95155517 
  90      48210BD8 
  90      74C3
  91 0024 2FA00A2C 		.ascii	"/\240\012,\020\224XI*\261\3027\211\333B\202\372\240"
  91      10945849 
ARM GAS  /tmp/ccsMn8BW.s 			page 6


  91      2AB1C237 
  91      89DB4282 
  91      FAA0
  92 0036 D0A6AE8D 		.ascii	"\320\246\256\215#*\324\246\241qZ^\251KZ'\015\244\211"
  92      232AD4A6 
  92      A1715A5E 
  92      A94B5A27 
  92      0DA489
  93 0049 DA402DB1 		.ascii	"\332@-\261A\205EK1I\205\024\344\004T\013Rf\3468\252"
  93      4185454B 
  93      31498514 
  93      E404540B 
  93      5266E638 
  94 005e 9BF0BCB2 		.ascii	"\233\360\274\262\357=\217\231o\276\371\346\234\261\300"
  94      EF3D8F99 
  94      6FBEF9E6 
  94      9CB1C0
  95 006d 80776C80 		.ascii	"\200wl\200\247\001\340\003\372c\010\3208\274\000\320"
  95      A701E003 
  95      FA6308D0 
  95      38BC00D0 
  96 007d EB1AA8F4 		.ascii	"\353\032\250\364@\241\245\007\246\036L\271\226a\276"
  96      40A1A507 
  96      A61E4CB9 
  96      9661BE
  97 008c 350BE007 		.ascii	"5\013\340\007\355\224\003~\310F\227\327\321\321\337"
  97      ED94037E 
  97      C84697D7 
  97      D1D1DF
  98 009b 29D7351C 		.ascii	")\3275\034\275\037\220\375\200\341\215\315\3604x;@S"
  98      BD1F90FD 
  98      80E18DCD 
  98      F034783B 
  98      4053
  99 00ad 4F03B705 		.ascii	"O\003\267\005\021\371\353\273\010IC\231\226\355\270"
  99      11F9EBBB 
  99      08494399 
  99      96EDB8
 100 00bc 012F8849 		.ascii	"\001/\210IS\001\026MB\343\027q\002\013\364\343\326\276"
 100      5301164D 
 100      42E31771 
 100      020BF4E3 
 100      D6BE
 101 00ce 87D47185 		.ascii	"\207\324q\205\323\007~\274hl?\355\323S<\376vx\277\277"
 101      D3077EBC 
 101      686C3FED 
 101      D3533CFE 
 101      7678BFBF 
 102 00e2 EFF19C02 		.ascii	"\357\361\234\0028\241\264\015\236\306\355@f7S\343\031"
 102      38A1B40D 
 102      9EC6ED40 
 102      663753E3 
 102      19
 103 00f3 7550E514 		.ascii	"uP\345\024\242I\323_n\244\357\204yj`\023MS\2713yS\355"
 103      A249D35F 
 103      6EA4EF84 
 103      796A6013 
ARM GAS  /tmp/ccsMn8BW.s 			page 7


 103      4D53B933 
 104 010a 44B63C7B 		.ascii	"D\266<{\377\346\200j>\345\373}~\361\373\211\330\321"
 104      FFE6806A 
 104      3EE5FB7D 
 104      7EF1FB89 
 104      D8D1
 105 011c 7EFF9A6F 		.ascii	"~\377\232o\346\024m\240\"T\034\301\255x\006\267\012"
 105      E6146DA0 
 105      22541CC1 
 105      AD7806B7 
 105      0A
 106 012d 3A99DF3E 		.ascii	":\231\337>\277\366n\203m\342(6\353\240\370!\332\010"
 106      BFF66E83 
 106      6DE22836 
 106      EBA0F821 
 106      DA08
 107 013f A07885F6 		.ascii	"\240x\205\366g\356\376^\362\324S\002\335;z2\023\252"
 107      67EEFE5E 
 107      F2D45302 
 107      DD3B7A32 
 107      13AA
 108 0151 41FF3AB1 		.ascii	"A\377:\261\355H\015\332\304s\233\241qL\334\257\027\337"
 108      ED480DDA 
 108      C4739BA1 
 108      714CDCAF 
 108      17DF
 109 0163 CC07559B 		.ascii	"\314\007U\233\270\257\225\026\227\255\232{u\307\011"
 109      B8AF9516 
 109      97AD9A7B 
 109      75C709
 110 0172 BF986A62 		.ascii	"\277\230jb\347\374_8\217cs\276\204E\177\355\301\001"
 110      E7FC5F38 
 110      8F6373BE 
 110      84457FED 
 110      C101
 111 0184 BFB8B063 		.ascii	"\277\270\260cr\345V\343c\010L\311\020d%&\246\274]y\007"
 111      72E556E3 
 111      63084CC9 
 111      10642526 
 111      A6BC5D79 
 112 0199 65DD9371 		.ascii	"e\335\223q\010\010\267\201^VD\346Q\331\333\302\253\215"
 112      0808B781 
 112      5E5644E6 
 112      51D9DBC2 
 112      AB8D
 113 01ab B2101328 		.ascii	"\262\020\023(\200\001Jx\031`P\031\364Qw\261o8\237\331"
 113      80014A78 
 113      19605019 
 113      F45177B1 
 113      6F389FD9 
 114 01bf 2902E8E4 		.ascii	")\002\350\344\217\355\233\376\312a\231mI\240\277z\245"
 114      8FED9BFE 
 114      CA61996D 
 114      49A0BF7A 
 114      A5
 115 01d0 124EFEE1 		.ascii	"\022N\376\341S\205\354SJ\3537\227\036}9\207\331\336"
 115      5385EC53 
ARM GAS  /tmp/ccsMn8BW.s 			page 8


 115      4AEB3797 
 115      1E7D3987 
 115      D9DE
 116 01e2 684E3978 		.ascii	"hN9x\001\223x\236s\240\215\007K\027\306\002d<\344\373"
 116      0193789E 
 116      73A08D07 
 116      4B17C602 
 116      643CE4FB 
 117 01f6 C3EF1B0C 		.ascii	"\303\357\033\014\361\021\346HX\374\030\223\3001\025"
 117      F111E648 
 117      58FC1893 
 117      C03115
 118 0205 A41C8A69 		.ascii	"\244\034\212i\010\227\254BX\304\276\302\342\301\262"
 118      0897AC42 
 118      58C4BEC2 
 118      E2C1B2
 119 0214 535715A2 		.ascii	"SW\025\242\315|\245(\344\372\011\332Y\025\254'\246\204"
 119      CD7CA528 
 119      E4FA09DA 
 119      5915AC27 
 119      A684
 120 0226 D86FB3F3 		.ascii	"\330o\263\363o\204\230\005\235\242\341\313H\211\272"
 120      6F849805 
 120      9DA2E1CB 
 120      4889BA
 121 0235 04889FD6 		.ascii	"\004\210\237\326\250\27474Q\011\307\317\371\207}\237"
 121      A8BC3734 
 121      5109C7CF 
 121      F9877D9F 
 122 0245 140FE067 		.ascii	"\024\017\340gDdH\016\030N`\0348\357\327\031\233\303"
 122      4464480E 
 122      184E601C 
 122      38EFD719 
 122      9BC3
 123 0257 11BE1019 		.ascii	"\021\276\020\0319\344\350p\336F\374\302\277\342_\024"
 123      39E4E870 
 123      DE46FCC2 
 123      BFE25F14 
 124 0267 7C64FCC2 		.ascii	"|d\374\302#\370\343\214\357\001\254\"\326\311\311\012"
 124      23F8E38C 
 124      EF01AC22 
 124      D6C9C90A 
 125 0277 E533CFAE 		.ascii	"\3453\317\256\213\212\2270i\224\302Y\025\363\012\367"
 125      8B8A9730 
 125      6994C259 
 125      15F30AF7 
 126 0287 A6909432 		.ascii	"\246\220\2242\201\256\241\"V\325\201\311JB\323j\250"
 126      81AEA122 
 126      56D581C9 
 126      4A42D36A 
 126      A8
 127 0298 57C1DCA4 		.ascii	"W\301\334\244\002\361\010f\351v|\316\024q\222\225'\377"
 127      02F10866 
 127      E9767CCE 
 127      14719295 
 127      27FF
 128 02aa 63734FB0 		.ascii	"csO\260\367\306\214\266\211\261\252\031_&c\302'\373"
ARM GAS  /tmp/ccsMn8BW.s 			page 9


 128      F7C68CB6 
 128      89B1AA19 
 128      5F2663C2 
 128      27FB
 129 02bc FECCFE1B 		.ascii	"\376\314\376\033\225\347u\274\010\033\360\371\244l\232"
 129      95E775BC 
 129      081BF0F9 
 129      A46C9A
 130 02cb 1E2613D1 		.ascii	"\036&\023\321f\337U^\320fQ\016\372\210\231h\032\225"
 130      66DF555E 
 130      D066510E 
 130      FA889968 
 130      1A95
 131 02dd 8A5B408D 		.ascii	"\212[@\215B\227\\\234\025\310X,\014]\376t9\250\201B"
 131      42975C9C 
 131      15C8582C 
 131      0C5DFE74 
 131      39A88142 
 132 02f1 9B13FA47 		.ascii	"\233\023\372G\315\257\210\346\006\353W$\315\177\300"
 132      CDAF88E6 
 132      06EB5724 
 132      CD7FC0
 133 0300 D4C2D55B 		.ascii	"\324\302\325[\250\261\024\301q\265W\321\240\362\252"
 133      A8B114C1 
 133      71B557D1 
 133      A0F2AA
 134 030f 6FEFDCA7 		.ascii	"o\357\334\247\004\243f\241<\207\253H\233\236\252\312"
 134      04A366A1 
 134      3C87AB48 
 134      9B9EAACA 
 135 031f 52C44C97 		.ascii	"R\304L\227Ep\233\217&\231SD\"M\013\316z\005V~:;k\377"
 135      45709B8F 
 135      26995344 
 135      224D0BCE 
 135      7A05567E 
 136 0337 BD86664D 		.ascii	"\275\206fM\303)bS_\240 ]\336i\332\021\261&Wk\2326\262"
 136      C3296253 
 136      5FA0205D 
 136      DE69DA11 
 136      B126576B 
 137 034e C3664D1B 		.ascii	"\303fM\033E,\227\305\302\207b\231Z\240\221u\201\266"
 137      452C97C5 
 137      C2876299 
 137      5AA09175 
 137      81B6
 138 0360 FC4F81AE 		.ascii	"\374O\201\256\212@r\300f6\012d\022\234\026\210F\256"
 138      8A4072C0 
 138      66360A64 
 138      129C1688 
 138      46AE
 139 0372 0DC4C1A9 		.ascii	"\015\304\301\251.\211\024\001\226Bh\177\263W\033\307"
 139      2E891401 
 139      9642687F 
 139      B3571BC7 
 140 0382 280AE197 		.ascii	"(\012\341\227\226\257g=\335\221\243\370E}\022r\235c"
 140      96AF673D 
 140      DD91A3F8 
ARM GAS  /tmp/ccsMn8BW.s 			page 10


 140      457D1272 
 140      9D63
 141 0394 3AC25AC1 		.ascii	":\302Z\301\346\273KsrI_Z\231\267\330\305C\367\277\264"
 141      E6BB4B73 
 141      72495F5A 
 141      99B7D8C5 
 141      43F7BFB4 
 142 03a8 93D9BA76 		.ascii	"\223\331\272vrd\376\344\222\325\232\347t\206\227\220"
 142      7264FEE4 
 142      92D59AE7 
 142      74869790 
 143 03b8 72C56B94 		.ascii	"r\305k\224\020~\251;&\031\014\336[\374:\262\336o\220"
 143      107EA93B 
 143      26190CDE 
 143      5BFC3AB2 
 143      DE6F90
 144 03cb 3BC31CB6 		.ascii	";\303\034\266R\262\363\322n\270\327yp\324\306A\272\337"
 144      52B2F3D2 
 144      6EB8D779 
 144      70D4C641 
 144      BADF
 145 03dd D4EB7EA6 		.ascii	"\324\353~\246;Y\316\242\356+\262\213\264L\307\347\311"
 145      3B59CEA2 
 145      EE2BB28B 
 145      B44CC7E7 
 145      C9
 146 03ee 9696B8FE 		.ascii	"\226\226\270\376uv\307;:\367\354\351|5\336\335\263\273"
 146      7576C73B 
 146      3AF7ECE9 
 146      7C35DEDD 
 146      B3BB
 147 0400 AB676F22 		.ascii	"\253go\"\336\366\334\256\366]\257\361j\342\245W^\354"
 147      DEF6DCAE 
 147      F65DAFF1 
 147      6AE2A557 
 147      5EEC
 148 0412 EA8E3FD3 		.ascii	"\352\216?\323\336\036\357\350\352im\351\000\325\265"
 148      DE1EEFE8 
 148      EA696DE9 
 148      00D5B5
 149 0421 3B61F424 		.ascii	";a\364$0\361'\177c.\321"
 149      30F1277F 
 149      632ED1
 150              		.text
 151              		.section	.gnu.lto_ram_areas.e31fb7d9c0e1938c,"",%progbits
 152 0000 789C75D1 		.ascii	"x\234u\321\313K\033Q\024\006\360{\346\032c\353\263\321"
 152      CB4B1B51 
 152      1406F07B 
 152      E61A63EB 
 152      B3D1
 153 0012 D657AAFF 		.ascii	"\326W\252\377A\006\335\230\356*YH\027n\372\037\224\340"
 153      4106DD98 
 153      EE2A5948 
 153      176EFA1F 
 153      94E0
 154 0024 42502349 		.ascii	"BP#I\204\342&\263\210 \212n\025\024\"XH\3533}Y\023\337"
 154      84E226B3 
ARM GAS  /tmp/ccsMn8BW.s 			page 11


 154      88208A6E 
 154      15142258 
 154      48EB337D 
 155 003b 8F68ADDA 		.ascii	"\217h\255\332V\255+7.\304\202\270\262\025A-\366&\337"
 155      56AD2B37 
 155      2EC482B8 
 155      B215412D 
 155      F626DF
 156 004e 2C64C219 		.ascii	",d\302\031\206\371\340\234\313\307\217;6\241\211\027"
 156      86F9E09C 
 156      CBC78F3B 
 156      36A18917 
 157 005e 36219E09 		.ascii	"6!\236\011<\003\222\342\361\363#{\350\237\321m\030\307"
 157      3C0392E2 
 157      F1F3237B 
 157      E89FD16D 
 157      18C7
 158 0070 BD67B233 		.ascii	"\275g\2623\"\305\250\314X\215\234j\351\005e.(\275\320"
 158      22C5A8CC 
 158      588D9C6A 
 158      E905652E 
 158      28BDD0
 159 0083 32168EF4 		.ascii	"2\026\216\364\\\246\347\227\247'K9\356\031\243{\304"
 159      5CA6E797 
 159      A7274B39 
 159      EE19A37B 
 159      C4
 160 0094 781E9134 		.ascii	"x\036\2214(\005\215QhP\022\275K\205FoS!)J\241\324\361"
 160      28058D51 
 160      685012BD 
 160      4B85466F 
 160      5321294A 
 161 00ab BF3D5D57 		.ascii	"\277=]W\262_F\324\302ni\275\353\2070\213\023\3328a6"
 161      B25F46D4 
 161      C26E69BD 
 161      EB87308B 
 161      13DA3861 
 162 00c0 23B473C2 		.ascii	"#\264s\302\030\204\323\020NA8\011\341\311\315d\242\000"
 162      1884D310 
 162      4E413809 
 162      E1C9CD64 
 162      A200
 163 00d2 C26C4BEB 		.ascii	"\302lK\353\037S\230\303\011\037p\302\207\2140\227\023"
 163      1F5398C3 
 163      091F70C2 
 163      878C3097 
 163      13
 164 00e3 CE40F819 		.ascii	"\316@\370\031\302O\020~\204p\353M\3426\017B\233\245"
 164      C24F107E 
 164      8470EB4D 
 164      E2360F42 
 164      9BA5
 165 00f5 F5B729CC 		.ascii	"\365\267)\314\343\204\371\234\260\200\021\026r\302y"
 165      E384F99C 
 165      B0801116 
 165      72C279
 166 0104 08E7204C 		.ascii	"\010\347 L@\030\207p/\034\0336\377r\226\245u\316\024"
ARM GAS  /tmp/ccsMn8BW.s 			page 12


 166      40188770 
 166      2F1C1B36 
 166      FF7296A5 
 166      75CE14
 167 0117 1671C247 		.ascii	"\026q\302G\234\320\301\010\2139\341*\204+\020.C\270"
 167      9CD0C108 
 167      8B39E12A 
 167      842B102E 
 167      43B8
 168 0129 04E1EA45 		.ascii	"\004\341\352E,j\336\241\264\264N\233\302\022N\370\230"
 168      2C6ADEA1 
 168      B4B44E9B 
 168      C2124EF8 
 168      98
 169 013a 133E6184 		.ascii	"\023>a\204\245\234\360+\204\233\020n@\230\2040yw\265"
 169      A59CF02B 
 169      849B106E 
 169      40988430 
 169      7977B5
 170 014d 5C08A166 		.ascii	"\\\010\241fi\0355\205e\234\260\234\023V0\302JN\370\035"
 170      691D3585 
 170      659CB09C 
 170      135630C2 
 170      4A4EF81D 
 171 0161 C25D0877 		.ascii	"\302]\010w \334\206\360~\315M\037HN\216\364\224#U1\244"
 171      20DC86F0 
 171      7ECD4D1F 
 171      484E8EF4 
 171      94235531 
 172 0176 6A8E7400 		.ascii	"j\216t\000\322>H{ \375\004)<\224\274\266\343\270\241"
 172      D23E487B 
 172      20FD0429 
 172      3C94BCB6 
 172      E3B8A1
 173 0189 AE4E528D 		.ascii	"\256NR\215\223~\221\233j\235\364C\3057r\322\226\312"
 173      937E919B 
 173      6A9DF443 
 173      C53772D2 
 173      96CA
 174 019b 75956B2A 		.ascii	"u\225k*\027U.\250\234U\371E\345\007\225\357UN\250\034"
 174      17552EA8 
 174      9C55F945 
 174      E50795EF 
 174      554EA81C 
 175 01af 27B7A043 		.ascii	"'\267\240C\365\251s\271t\274\276\200\356\365\265\266"
 175      F5A973B9 
 175      74BCBE80 
 175      EEF5B5B6 
 176 01bf FADAF440 		.ascii	"\372\332\364@\360\225?\330\321\256\327\277l\3644\276"
 176      F0953FD8 
 176      D1AED7BF 
 176      6CF434BE 
 177 01cf 4E4DDB9B 		.ascii	"NM\333\233[\232\374\001\275\301\343\321\275\376`\215"
 177      5B9AFC01 
 177      BDC1E3D1 
 177      BDFE608D 
 178 01df CB2BFE03 		.ascii	"\313+\376\003\206\210\014\016"
ARM GAS  /tmp/ccsMn8BW.s 			page 13


 178      86880C0E 
 179              		.text
 180              		.section	.gnu.lto_.symbol_nodes.e31fb7d9c0e1938c,"",%progbits
 181 0000 789C55CD 		.ascii	"x\234U\315YR\302P\030D\341\377$\2718\2038 \010hp'.\206"
 181      5952C250 
 181      1844E1FF 
 181      24B93883 
 181      38200868 
 182 0018 75DC9403 		.ascii	"u\334\224\003\010\016D\005'T\024\034\366\340\"\\\223"
 182      080E4405 
 182      2754141C 
 182      F6E0225C 
 182      93
 183 0029 A15FAC3C 		.ascii	"\241_\254<}U\247\272\252\235\005\326\306\314\202c\274"
 183      7D55A7BA 
 183      AA9D05D6 
 183      C6CC8263 
 183      BC
 184 003a 59FA6B96 		.ascii	"Y\372k\226\361\223\034f\345\004O\276\234\342\203|\351"
 184      F1931C66 
 184      E5044FBE 
 184      9CE2837C 
 184      E9
 185 004b E0C3FFD2 		.ascii	"\340\303\377\322\312J\027\037\3456\356\010K\016\314"
 185      CA4A171F 
 185      E536EE08 
 185      4B0ECC
 186 005a 42770671 		.ascii	"Bw\006qv\345z\004\262O(\317\211\344\005N^R\220W,\310"
 186      76E57A04 
 186      B24F28CF 
 186      89E4054E 
 186      5E529057 
 187 0070 018B3265 		.ascii	"\001\2132eI^\263,oX\221\267\254\312!krDQ\336Q\222\367"
 187      495EB32C 
 187      6F5891B7 
 187      ACCA216B 
 187      724451DE 
 188 0087 ACCB07CA 		.ascii	"\254\313\007\312\362\221\015\371\304\246\034\263%\237"
 188      F2910DF9 
 188      C4A61CB3 
 188      259F
 189 0095 D9962F54 		.ascii	"\331\226/T\344+;rBU\276Q\223\357\354\312)u9\243!?h\312"
 189      E42B3B72 
 189      4255BE51 
 189      93EFECCA 
 189      297539A3 
 190 00ad 4FF6E417 		.ascii	"O\366\344\027\373\362\233x\256\375\001\343\2141 "
 190      FBF29B78 
 190      AEFD01E3 
 190      8C3120
 191              		.text
 192              		.section	.gnu.lto_.refs.e31fb7d9c0e1938c,"",%progbits
 193 0000 789C05C1 		.ascii	"x\234\005\301\007\022\202@\020\000\260\235\014\207 "
 193      07128240 
 193      1000B09D 
 193      0C8720
 194 000f 168A8A58 		.ascii	"\026\212\212XNl\257\341\377\377!I!\226\210PH\244<'\245"
ARM GAS  /tmp/ccsMn8BW.s 			page 14


 194      4E6CAFE1 
 194      FFFF2149 
 194      21968850 
 194      48A43C27 
 195 0024 8D4A6DAB 		.ascii	"\215Jm\253\261\263wp\324\352\364\006'g\027\243\253\311"
 195      B1B37770 
 195      D4EAF406 
 195      276717A3 
 195      ABC9
 196 0036 CDDDC353 		.ascii	"\315\335\303S\3662{\373\370\372\371\307\012}f\003\234"
 196      F6327BFB 
 196      F8FAF9C7 
 196      0A7D6603 
 196      9C
 197              		.text
 198              		.section	.gnu.lto_.decls.e31fb7d9c0e1938c,"",%progbits
 199 0000 789C8596 		.ascii	"x\234\205\226iPT\331\025\307\337\355\3334\320\264`\320"
 199      695054D9 
 199      15C7DFED 
 199      DB34D0B4 
 199      60D0
 200 0012 C998526B 		.ascii	"\311\230Rk\034\303\214TM\015\035\334\310\307IY\311\314"
 200      1CC38C54 
 200      4D0D1DDC 
 200      C8C74959 
 200      C9CC
 201 0024 97495253 		.ascii	"\227IRS\223\371\332\305 \311Pa\261\240-\265\222T=Y\005"
 201      93F9DAC5 
 201      20C95061 
 201      B1A02DB5 
 201      92543D59 
 202 0039 45511168 		.ascii	"EQ\021hd\224\305\005pe\224V@\260\025m\025WPAD\026A@"
 202      6494C505 
 202      70659456 
 202      40B0156D 
 202      15575041 
 203 0051 65534416 		.ascii	"eSD\026Q\310\271\347\276^o\223\274\352\177\367\273\367"
 203      51C8B9E7 
 203      BE5E6F93 
 203      BCEA7FF7 
 203      BBF7
 204 0063 9DF33BE7 		.ascii	"\235\363;\347\236{\336\255\366\222T\322\177\346K\322"
 204      9E7BDEAD 
 204      F69254D2 
 204      7FE64BD2 
 205 0073 1FA92425 		.ascii	"\037\251$%\253$i\026.oI\222NH\216\313\013t\032t\006"
 205      AB246916 
 205      2E6F4992 
 205      4E488ECB 
 205      0B741A74 
 206 0088 6406D580 		.ascii	"d\006\325\200jA\237\202\236\202z@\275\240~\320\013\320"
 206      6A419F82 
 206      9E827A40 
 206      BDA07ED0 
 206      0BD0
 207 009a 00680834 		.ascii	"\000h\0104\002z\015z\003z\013\232\000M\201\246A\037"
 207      027A0D7A 
ARM GAS  /tmp/ccsMn8BW.s 			page 15


 207      037A0B9A 
 207      004D81A6 
 207      411F
 208 00ac 40B32042 		.ascii	"@\263 B$\211\202\274@\336 _\220\037h\036(\000\364+\320"
 208      248982BC 
 208      40DE205F 
 208      901F681E 
 208      2800F42B 
 209 00c1 02D047A0 		.ascii	"\002\320G\240\217A\277\001-\006-\005}\002\372\224H."
 209      8F41BF01 
 209      2D062D05 
 209      7D02FA94 
 209      482E
 210 00d3 57388CD9 		.ascii	"W8\214\331\324\017\312\230(\271\273_\377\360`w\306\203"
 210      D40FCA98 
 210      28B9BB5F 
 210      FFF06077 
 210      C683
 211 00e5 5D8C073B 		.ascii	"]\214\007;\263\007\273M\036\354j<\330\375\013\036\350"
 211      B307BB4D 
 211      1EEC6A3C 
 211      D8FD0B1E 
 211      E8
 212 00f6 14BB40D0 		.ascii	"\024\273@\320B\320r\230\273\013\277+@\277\205\373.\370"
 212      42D07298 
 212      BB0BBF2B 
 212      40BF85FB 
 212      2EF8
 213 0108 ED0405C1 		.ascii	"\355\004\005\301\375m\370\375+H\015j\005=\0045\203Z"
 213      FD6DF8FD 
 213      2B480D6A 
 213      053D0435 
 213      835A
 214 011a 9418B5CA 		.ascii	"\224\030\265\312\357S\2678\365\204\373\334UX,N\327\034"
 214      EF53B738 
 214      F584FBDC 
 214      55582C4E 
 214      D71C
 215 012c 1C762D93 		.ascii	"\034v-\223x-?Qj\273X\251\365\307J\355\027({\021\240"
 215      782D3F51 
 215      6ABB58A9 
 215      F5C74AED 
 215      17287B11 
 216 0141 EC8D9FB2 		.ascii	"\354\215\237\262W\336\312\336\261=d{\311\366\224\355"
 216      57DECADE 
 216      B13D647B 
 216      C9F694ED 
 217 0151 2DDB63B6 		.ascii	"-\333c\266\327l\317\331\336\263\036`\275\300z\202\365"
 217      D76CCFD9 
 217      DEB31E60 
 217      BDC07A82 
 217      F5
 218 0162 06EB11D6 		.ascii	"\006\353\021\326+\254gX\357\364\270\345\237K\2119\363"
 218      2BAC6758 
 218      EFF4B8E5 
 218      9F4B8939 
 218      F3
ARM GAS  /tmp/ccsMn8BW.s 			page 16


 219 0173 4AADAA83 		.ascii	"J\255\252\203<!\320\226d>\257*\341\337\004\305\003\332"
 219      3C21D096 
 219      643EAF2A 
 219      E1DF04C5 
 219      03DA
 220 0185 2E42701E 		.ascii	".Bp\036fU\222\262\031\266)b\363P\306*e\250R\220\370"
 220      665592B2 
 220      19B62962 
 220      F350C62A 
 220      65A85290 
 221 019a 519C8913 		.ascii	"Q\234\211\023\221?\346\221l\027\2577\277A7\2337Q9\002"
 221      913FE691 
 221      6C17AF37 
 221      BF41379B 
 221      37513902 
 222 01ae 10E2ECE0 		.ascii	"\020\342\354\340\004\344i+\317\355\371I\216\305\021"
 222      04E4692B 
 222      CFEDF949 
 222      8EC511
 223 01bd DBEA5F9B 		.ascii	"\333\352_\233n\365i;I;\233-\374\212\340\334\271\307"
 223      6EF5693B 
 223      493B9B2D 
 223      FC8AE0DC 
 223      B9C7
 224 01cf BBAE69A8 		.ascii	"\273\256i\250\212\260\373\333O\206\216{Q\177\274?]\360"
 224      8AB0FBDB 
 224      4F868E7B 
 224      517FBC3F 
 224      5DF0
 225 01e1 BED1470D 		.ascii	"\276\321G\015\313.'\224{wN\225\376)\344\270\314/\237"
 225      CB2E2794 
 225      7B774E95 
 225      FE29E4B8 
 225      CC2F9F
 226 01f4 2F1C45BD 		.ascii	"/\034E\275:;a\011\330II\240\226\250`\330\364\352\326"
 226      3A3B6109 
 226      D84949A0 
 226      96A860D8 
 226      F4EAD6
 227 0207 CF7E305C 		.ascii	"\317~0\\\250%\363a8\271\365\341%\355\242\034\364J\222"
 227      A825F361 
 227      38B9F5E1 
 227      25EDA21C 
 227      F44A92
 228 021a E7ABC80F 		.ascii	"\347\253\310\017\277&'\311\022r\202,\201\324N\221E\360"
 228      BF2627C9 
 228      1272822C 
 228      81D44E91 
 228      45F0
 229 022c FDA39A93 		.ascii	"\375\243\232\223\256\245\233*\311\362B\271\320\"[\372"
 229      AEA59B2A 
 229      C9F242B9 
 229      D0225BFA 
 230 023c 4B3EEFFE 		.ascii	"K>\357\376E\226S\022eY\315\314H\031\241\3448\011\001"
 230      45965312 
 230      6559CDCC 
 230      4819A1E4 
ARM GAS  /tmp/ccsMn8BW.s 			page 17


 230      380901
 231 024f F36344CD 		.ascii	"\363cD\315FpWJ:\0119J:`\305\247\311r\266\304\241]w\002"
 231      4670574A 
 231      3A09394A 
 231      3A60C5A7 
 231      C972B6C4 
 232 0267 E8F7732C 		.ascii	"\350\367s,\241\246\316R\355\247\360\273\2770\311\226"
 232      A1A6CE52 
 232      EDA7F0BB 
 232      BF30C996 
 233 0277 C4ADB2AC 		.ascii	"\304\255\262\254Bz\205\235\376\013\320+\334\351g\220"
 233      427A859D 
 233      FE0BD02B 
 233      DCE96790 
 234 0287 3EF2E055 		.ascii	">\362\340U\007\245\341s\320\207\006\357\247{)\364\246"
 234      07A5E173 
 234      D08706EF 
 234      A77B29F4 
 234      A6
 235 0298 2F5DE867 		.ascii	"/]\350g\355\364J\240\237u\247\233\221^\326\372\366\262"
 235      EDF44AA0 
 235      9F75A79B 
 235      915ED6FA 
 235      F6B2
 236 02aa 1F8D41FA 		.ascii	"\037\215A\372\301\033\335E:\372o\274\177\361\374A[\000"
 236      C11BDD45 
 236      3AFA6FBC 
 236      7FF1FC41 
 236      5B00
 237 02bc 8B74DE16 		.ascii	"\213t\336\026\251'\275\361\202\257-6\251\"j6Y\374>)"
 237      A927BDF1 
 237      82AF2D36 
 237      A9226A36 
 237      59FC3E29 
 238 02d0 47C3C25F 		.ascii	"G\303\302_\222-\357B\\\302\237\263\207\257\206\360\347"
 238      922DEF42 
 238      5CC29FB3 
 238      87AF86F0 
 238      E7
 239 02e1 DCC3D760 		.ascii	"\334\303\327`\370{y\333S\011M!\0303\245\362j\251?\203"
 239      F87B79DB 
 239      53094D21 
 239      1833A5F2 
 239      6AA93F83 
 240 02f5 75C99686 		.ascii	"u\311\226\206\3373\230l\203]\260\301$v\353J\252ER\325"
 240      DF33986C 
 240      835DB0C1 
 240      2476EB4A 
 240      AA4552D5 
 241 0309 9DBDF5FE 		.ascii	"\235\275\365\3764\207\223\314}7\254Z\336\0352\201\361"
 241      348793CC 
 241      7D37AC5A 
 241      DE1D3281 
 241      F1
 242 031a 87E6812B 		.ascii	"\207\346\201+\204\267\207\354\003\343\261\214\224\011"
 242      84B787EC 
 242      03E3B18C 
ARM GAS  /tmp/ccsMn8BW.s 			page 18


 242      9409
 243 0328 CA9F7BC3 		.ascii	"\312\237{\303\2601\371t\2012T\263\375\274\235\337\343"
 243      B031F974 
 243      813254B3 
 243      FDBC9DDF 
 243      E3
 244 0339 CFAD97C1 		.ascii	"\317\255\227\301\260\245\250wR\253\335\306z)+I\366\375"
 244      B0A5A877 
 244      52ABDDC6 
 244      7A292B49 
 244      F6FD
 245 034b 8699D543 		.ascii	"\206\231\325C3]\306f\272B\264\360\255_B.\301\020\254"
 245      335DC666 
 245      BA42B4F0 
 245      AD5F422E 
 245      C110AC
 246 035e F36BC61A 		.ascii	"\363k\306\032\2748\213EJ{s%QM\013yZ\355\327\313\216"
 246      BC388B45 
 246      4A7B7325 
 246      514D0B79 
 246      5AEDD7CB 
 247 0373 B1382BB4 		.ascii	"\2618+\264\204\275F\0010uj\260jj\036\237b\026M\273F"
 247      84BD4601 
 247      30756AB0 
 247      6A6A1E9F 
 247      62164DBB 
 248 0388 0F79D363 		.ascii	"\017y\323ch\25625\264\\V\223`\355\021\026\3322q\362"
 248      68AE3235 
 248      B45C5693 
 248      60ED1116 
 248      DA3271F2 
 249 039c F3BC5159 		.ascii	"\363\274QY^Fn\022-\271\341\250\307\012\210/Av\211<;"
 249      5E466E12 
 249      2DB9E1A8 
 249      C70A882F 
 249      4176893C 
 250 03b1 C99E1B69 		.ascii	"\311\236\033i \301\214\313\354\310u\230\274\3063,;\264"
 250      20C18CCB 
 250      ECC87598 
 250      BCC6332C 
 250      3BB4
 251 03c3 BB58439F 		.ascii	"\273XC\237\361\030\326\272\266Gj\242\015\366\010\270"
 251      F118D6BA 
 251      B6476AA2 
 251      0DF608B8 
 252 03d3 E301C093 		.ascii	"\343\001\300\223\031\251]nMa\233s\033\222\271\345H\346"
 252      19A95D6E 
 252      4D619B73 
 252      1B92B9E5 
 252      48E6
 253 03e5 26AB060B 		.ascii	"&\253\006\013\222\366\244\367\274\227.\303NECG\325\356"
 253      92F6A4F7 
 253      BC972EC3 
 253      4E454347 
 253      D5EE
 254 03f7 129DF222 		.ascii	"\022\235\362\"\337\274\225Y\347M\263\370a\2205\\P\353"
 254      DFBC9559 
ARM GAS  /tmp/ccsMn8BW.s 			page 19


 254      E74DB3F8 
 254      6190355C 
 254      50EB
 255 0409 47F3F9C0 		.ascii	"G\363\371\300\366N\007\362w\332\266\247\013\225=\275"
 255      F64E07F2 
 255      77DAB6A7 
 255      0B953DBD 
 256 0419 3B38715E 		.ascii	";8q^K\313\320V\363\360d\3578%AAA\301A\013\212YPK\177"
 256      4BCBD056 
 256      F3F064EF 
 256      38254141 
 256      41C1410B 
 257 0432 CFE26A78 		.ascii	"\317\342jx\225\3235,\026\271\007)>&\013\034K\323\263"
 257      95D3352C 
 257      16B90729 
 257      3E260B1C 
 257      4BD3B3
 258 0445 2CEA592E 		.ascii	",\352Y.\022\267\277\234K\345C\213\320\330\352n|\025"
 258      12B7BF9C 
 258      4BE5438B 
 258      D0D8EA6E 
 258      7C15
 259 0457 730E7518 		.ascii	"s\016u\03078\214\037x6\346h^\254\341\034\012\207\027"
 259      37388C1F 
 259      7836E668 
 259      5EACE11C 
 259      0A8717
 260 046a B392943A 		.ascii	"\263\222\224:Iv\322\370\021oh\364d\212\254F\217Yb\334"
 260      4976D2F8 
 260      116F68F4 
 260      648AAC46 
 260      8F5962DC 
 261 047e DDD87EB2 		.ascii	"\335\330~\262\374\225Z\"\367\341q\023Fa\306@$\217`\243"
 261      FC955A22 
 261      F7E17113 
 261      4661C640 
 261      248F60A3 
 262 0492 5A491079 		.ascii	"ZI\020y\010j\006\265\220 \333A\331\374\250\321\352K"
 262      086A06B5 
 262      9020DB41 
 262      D9FCA8D1 
 262      EA4B
 263 04a4 CD582655 		.ascii	"\315X&U\323\275\206\026\015Y\020\354\211\006Gt\360\377"
 263      D3BD8616 
 263      0D5910EC 
 263      89064774 
 263      F0FF
 264 04b6 05F20535 		.ascii	"\005\362\0055\207\261\365<\001\3336\307\326\263\345"
 264      87B1F53C 
 264      01DB36C7 
 264      D6B3E5
 265 04c5 61C4E2F1 		.ascii	"a\304\342\361\252\335\232\300,%\30425\032Z \312E\314"
 265      AADD9AC0 
 265      2C25C432 
 265      351A5A20 
 265      CA45CC
 266 04d8 B98304DA 		.ascii	"\271\203\004\332^\033f\375\274\366\301>\377\005JB\333"
ARM GAS  /tmp/ccsMn8BW.s 			page 20


 266      5E1B66FD 
 266      BCF6C13E 
 266      FF054A42 
 266      DB
 267 04e9 E64A489A 		.ascii	"\346JH\232kygMW\033\275\234\203u\376\257`\035\251\355"
 267      6B79674D 
 267      571BBD9C 
 267      8375FEAF 
 267      601DA9ED 
 268 04fd A9BACF4A 		.ascii	"\251\272\317J\344{pZ\016\357_\262W\226\277!]$\220\324"
 268      E47B705A 
 268      0EEF5FB2 
 268      5796BF21 
 268      5D2490D4 
 269 0511 F1653839 		.ascii	"\361e89\262\231\357\341\260{J>\003\277\321\261\314\263"
 269      B299EFE1 
 269      B07B4A3E 
 269      03BFD1B1 
 269      CCB3
 270 0523 01D4CAFB 		.ascii	"\001\324\312\373rdz\346/\300\350\202\335\273\223\027"
 270      72647AE6 
 270      2FC0E882 
 270      DDBB9317 
 271 0533 B827A990 		.ascii	"\270'\251\2207w\267\302p4y7\236T=Hx\231\371p6\200\266"
 271      3777B7C2 
 271      70347937 
 271      9E543D48 
 271      7899F970 
 272 054a 7282E55A 		.ascii	"r\202\345Z\266\354\243 \006\263iV\020\002\236\011\200"
 272      B6ECA320 
 272      06B36956 
 272      10029E09 
 272      80
 273 055b 6708E845 		.ascii	"g\010\350E\300\221\231\007f\015\355\347\200\306\221"
 273      C0919907 
 273      660DEDE7 
 273      80C691
 274 056a 36AB9702 		.ascii	"6\253\227\002x\226c\003\364\011\200>\004\364#\300T>"
 274      78966303 
 274      F409803E 
 274      04F423C0 
 274      543E
 275 057c 64D2D271 		.ascii	"d\322\322q\016\330\361\342CN\200\015\260\310$\3039\303"
 275      0ED8F1E2 
 275      434E800D 
 275      B0C824C3 
 275      39C3
 276 058e 08CF05C2 		.ascii	"\010\317\005\302s$\274@Bo\375\365\247>4\225\"\241\242"
 276      7324BC40 
 276      426FFDF5 
 276      A73E3495 
 276      22A1A2
 277 05a1 F859B74E 		.ascii	"\370Y\267N!\3649\225\341\245\200x\211\210\001D$\276"
 277      21F43995 
 277      E1A58078 
 277      89880144 
 277      24BE
ARM GAS  /tmp/ccsMn8BW.s 			page 21


 278 05b3 CAADF0A3 		.ascii	"\312\255\360\243&\216x\264\273f\247\257P\206A\0010\210"
 278      268E78B4 
 278      BB66A7AF 
 278      50864101 
 278      3088
 279 05c5 80210434 		.ascii	"\200!\0044Z*\313\275\351Q\016h\227\267\337\323\012e"
 279      5A2ACBBD 
 279      E9510E68 
 279      97B7DFD3 
 279      0A65
 280 05d7 181600C3 		.ascii	"\030\026\000\303\010\030A@_\317\216\012\0155s\300X\343"
 280      08184140 
 280      5FCF8E0A 
 280      0D3573C0 
 280      58E3
 281 05e9 480615CB 		.ascii	"H\006\025\313\360J \274B\302k$<9xtJG\255\234p \255\342"
 281      F04A20BC 
 281      42C26B24 
 281      3C397874 
 281      4A47AD9C 
 282 0601 230530E3 		.ascii	"#\0050\343T\205Q\2010\212\2047H\310\255\276u\316\233"
 282      54855181 
 282      308A8437 
 282      48C8ADBE 
 282      75CE9B
 283 0614 B672C264 		.ascii	"\266r\302d\271y\337<\241\012c\002`\014\001o\0210{\347"
 283      B979DF3C 
 283      A10A6302 
 283      600C016F 
 283      11307BE7 
 284 0628 E06D15ED 		.ascii	"\340m\025\355\347\000K\301\363\036\177\241\012\343\002"
 284      E7004BC1 
 284      F31E7FA1 
 284      0AE302
 285 0637 601C0113 		.ascii	"`\034\001\023\010h\270\260\247\006\232\201\003Rw\336"
 285      0868B8B0 
 285      A7069A81 
 285      035277DE 
 286 0647 EBD28955 		.ascii	"\353\322\211U\230\024\010\223H\230BB\336\216\364\245"
 286      98140893 
 286      48984242 
 286      DE8EF4A5 
 287 0657 34558D80 		.ascii	"4U\215\200\201\376\242\022\333F6\233\034Ux'\020\336"
 287      81FEA212 
 287      DB46369B 
 287      1C557827 
 287      10DE
 288 0669 21619ABF 		.ascii	"!a\232\277\022'\253*}\251\211#\252Z\307O\370\011Ux/"
 288      1227AB2A 
 288      7DA98923 
 288      AA5AC74F 
 288      F8095578 
 289 067e 00DE23E0 		.ascii	"\000\336#\340\003\002\246\213\246\312\325\364(\007\334"
 289      0302A68B 
 289      A6CAD5F4 
 289      2807DC
 290 068d 4DA97B20 		.ascii	"M\251{ \276\0223\002`\006\001\263\010\330_p\240FG\315"
ARM GAS  /tmp/ccsMn8BW.s 			page 22


 290      BE123302 
 290      600601B3 
 290      08D85F70 
 290      A04647CD 
 291 06a1 1C90D874 		.ascii	"\034\220\330t\261L-VAV\271\023`\006\276\267\252\030"
 291      B14C2D56 
 291      4156B913 
 291      6006BEB7 
 291      AA18
 292 06b3 E1645D7B 		.ascii	"\341d]{\265/\265rBimF\261-\205a\2472$\012\210DD$!\""
 292      B52FB572 
 292      42696D46 
 292      B12D8561 
 292      A732240A 
 293 06cd 653275BF 		.ascii	"e2u\277\017m\345\210\255u\243\245\342\311\220,\000\222"
 293      0F6DE588 
 293      AD75A3A5 
 293      E2C9902C 
 293      0092
 294 06df 11908200 		.ascii	"\021\220\202\000kn\346Y?\332\317\001\275y\003\307\304"
 294      6B6EE659 
 294      3FDACF01 
 294      BD7903C7 
 294      C4
 295 06f0 32A40A80 		.ascii	"2\244\012\200T\004\244!\340\360X\326\0155\035\347\200"
 295      5404A421 
 295      E0F058D6 
 295      0D351DE7 
 295      80
 296 0701 E99B4DC1 		.ascii	"\351\233M\301b\025\266\011\200m\010HG@\372\245#eZ\232"
 296      6215B609 
 296      806D0848 
 296      4740FAA5 
 296      23655A9A 
 297 0715 EA8580B4 		.ascii	"\352\205\200\264\364\213/5\012\301\232\357\250B\206"
 297      F48B2F35 
 297      0AC19AEF 
 297      A84286
 298 0724 80C840C4 		.ascii	"\200\310@\304vDT\227\236\032\205\203\201#\362\253\336"
 298      76445497 
 298      9E1A8583 
 298      8123F2AB 
 298      DE
 299 0735 8D8807C3 		.ascii	"\215\210\007\303\016\001\260\003\001\231\0108?\364x"
 299      0E01B003 
 299      01990838 
 299      3FF478
 300 0744 52438F72 		.ascii	"RC\217r@[{\233,\276\022;\005\300N\004\354B\300\233\233"
 300      405B7B9B 
 300      2CBE123B 
 300      05C04E04 
 300      EC42C09B 
 301 0759 59F04A98 		.ascii	"Y\360J\2309\340m\322\300C\037\261\014Y\002!\013\011"
 301      39E06DD2 
 301      C0431FB1 
 301      0C590221 
 301      0B09
ARM GAS  /tmp/ccsMn8BW.s 			page 23


 302 076b BB915073 		.ascii	"\273\221Psaz)\265r\300\255\354\372\237m\375\334\341"
 302      617A29B5 
 302      72C0ADEC 
 302      FA9F6DFD 
 302      DCE1
 303 077d 54853D02 		.ascii	"T\205=\002a\017\022\366\"!\353T\321{\350\005\216(\250"
 303      610F12F6 
 303      2221EB54 
 303      D17BE805 
 303      8E28A8
 304 0790 AD4AD409 		.ascii	"\255J\324\011U\310\026\000\331\010\330\307\027q\377"
 304      55C81600 
 304      D908D8C7 
 304      1771FF
 305 079f 78CB3CDA 		.ascii	"x\313<\332\317\001\217\217\317\246\212\275\220#\000"
 305      CF018F8F 
 305      CFA68ABD 
 305      902300
 306 07ae 7210908B 		.ascii	"r\020\220\213\200\256J\363)\177:\256\224qgy\246\267"
 306      80AE4AF3 
 306      297F3AAE 
 306      94716779 
 306      A6B7
 307 07c0 58853C81 		.ascii	"X\205<\201\220\207\004\023\022Nd\365\344z\323T"
 307      90870413 
 307      124E64F5 
 307      E47AD354 
 308 07d0 0DEFA67D 		.ascii	"\015\357\246}\247[mu\034w*C\276\200\310G\304~D\344\337"
 308      A75B6D75 
 308      1C772A43 
 308      BE80C847 
 308      C47E44E4 
 309 07e5 CFAE21D4 		.ascii	"\317\256!\324\304\021G\222\313\362\3042\024\010\200"
 309      C4114792 
 309      CBF2C432 
 309      140880
 310 07f4 0204FC8C 		.ascii	"\002\004\374\214\200\301\264\316\016h\006\0160\017n"
 310      80C1B4CE 
 310      0E68060E 
 310      300F6E
 311 0803 2D119BE1 		.ascii	"-\021\233\341\200\0008\200\200\203\010\310}\363.\011"
 311      80003880 
 311      808308C8 
 311      7DF32E09 
 312 0813 9A810366 		.ascii	"\232\201\003f\362_\274\361\320\014\205\002\241\020\011"
 312      F25FBCF1 
 312      D00C8502 
 312      A11009
 313 0822 453C8513 		.ascii	"E<\205\023\207Gt\316\177\200;\235\376\330I\244X\205"
 313      874774CE 
 313      7F803B9D 
 313      FED849A4 
 313      5885
 314 0834 7F80D92F 		.ascii	"\177\200\331/\030O\0356\017\3718\033\263?%\016\343\022"
 314      184F1D36 
 314      0FF9381B 
 314      B33F250E 
ARM GAS  /tmp/ccsMn8BW.s 			page 24


 314      E312
 315 0846 C5B8048D 		.ascii	"\305\270\004\215\233\356\227V\252m\306\333\346\372k"
 315      9BEE9756 
 315      AA6DC6DB 
 315      E6FA6B
 316 0855 4D0E8193 		.ascii	"M\016\201\223\237\301\020\021\027\037i\210\212\2152"
 316      9FC11011 
 316      171F6988 
 316      8A8D32
 317 0864 AA374586 		.ascii	"\2527E\206\377\323\347\353?\377m\331\272\320P),$D\317"
 317      FFD3E7EB 
 317      3FFF6DD9 
 317      BAD05029 
 317      2C2444CF 
 318 0878 3F7109FA 		.ascii	"?q\011\372\210\270\230\230\270X}\2021<\336\270q\203"
 318      88B89898 
 318      B8587D82 
 318      313CDEB8 
 318      7183
 319 088a FE0FDF7D 		.ascii	"\376\017\337}\273\356\333\315lvCTtd|\202\376\353u\353"
 319      BBEEDBCD 
 319      6C764354 
 319      74647C82 
 319      FEEB75EB 
 320 089e F411F1C6 		.ascii	"\364\021\361\306\320\220\010Ig0D\206\307GoA$\340\243"
 320      D0900849 
 320      67304486 
 320      C7476F41 
 320      24E0A3
 321 08b1 C38D1CEF 		.ascii	"\303\215\034\357o0\254\217\374{\370\306h\243!rs\224"
 321      6F30AC8F 
 321      FC7BF8C6 
 321      68A32172 
 321      7394
 322 08c3 D12716E2 		.ascii	"\321'\026\342\0327\306\307\3167\340cC|x\214!<>2<\301"
 322      1A37C6C7 
 322      CE37E063 
 322      437C788C 
 322      213C3E32 
 323 08d9 D77EA78D 		.ascii	"\327~\247\215\210\006\026\336k\015\206\215Q\261\306"
 323      880616DE 
 323      6B0D868D 
 323      51B1C6
 324 08e8 552B0DC6 		.ascii	"U+\015\306/\365\033\023\342\365Q\261\021\321\033\327"
 324      2FF51B13 
 324      E2F551B1 
 324      11D11BD7 
 325 08f8 47EA6323 		.ascii	"G\352c#7EG\375\250\217\011\217\370)*6Ro\217a\334\262"
 325      374547FD 
 325      A88F098F 
 325      F8292A36 
 325      526F8F61 
 326 090e 213221E4 		.ascii	"!2!\344'\311\307\346\266\334\223[\302\226\004\275!\301"
 326      27C9C7E6 
 326      B6DC935B 
 326      C29604BD 
 326      21C1
ARM GAS  /tmp/ccsMn8BW.s 			page 25


 327 0920 B81E6CC0 		.ascii	"\270\036l\300\326\027\023a\341\374\361\316\030\271\231"
 327      D6171361 
 327      E1FCF1CE 
 327      18B999
 328 092f 0F75B171 		.ascii	"\017u\261q\006\373\263\000\226\237}d0\006\032X\356\277"
 328      06FBB300 
 328      969F7D64 
 328      30061A58 
 328      EEBF
 329 0941 33385C0C 		.ascii	"38\\\014\363\234\247\014\376\312\210\257\306\020\240"
 329      F39CA70C 
 329      FECA88AF 
 329      C610A0
 330 0950 0C63E3F8 		.ascii	"\014c\343\370c\356\037*\372\207\272\370\207\272\372"
 330      63EE1F2A 
 330      FA87BAF8 
 330      87BAFA
 331 095f 87BAF9AF 		.ascii	"\207\272\371\257\024\375W\272\370\257t\365_\351\346"
 331      14FD57BA 
 331      F8AF74F5 
 331      5FE9E6
 332 096e BF4AF45F 		.ascii	"\277J\364_\345\342\277\312\325\177\225\233\377j\321"
 332      E5E2BFCA 
 332      D57F959B 
 332      FF6AD1
 333 097d 7FB58BFF 		.ascii	"\177\265\213\377jW\377\325n\376kD\3775.\376k\\\375\327"
 333      6A57FFD5 
 333      6EFE6B44 
 333      FF352EFE 
 333      6B5CFDD7 
 334 0991 B8F9AF15 		.ascii	"\270\371\257\025\375\327\272\370\257u\365_\353\346\037"
 334      FDD7BAF8 
 334      AF75F55F 
 334      EBE61F
 335 09a0 26FA87B9 		.ascii	"&\372\207\271\370\207\271\372\207\331\375\377\013\020"
 335      F887B9FA 
 335      87D9FDFF 
 335      0B10
 336 09ae 573E23   		.ascii	"W>#"
 337              		.text
 338              		.section	.gnu.lto_.symtab.e31fb7d9c0e1938c,"",%progbits
 339 0000 5F5F636F 		.ascii	"__core_init\000"
 339      72655F69 
 339      6E697400 
 340 000c 00       		.ascii	"\000"
 341 000d 01       		.ascii	"\001"
 342 000e 00       		.ascii	"\000"
 343 000f 00000000 		.ascii	"\000\000\000\000\000\000\000\000"
 343      00000000 
 344 0017 B0000000 		.ascii	"\260\000\000\000"
 345 001b 5F5F6561 		.ascii	"__early_init\000"
 345      726C795F 
 345      696E6974 
 345      00
 346 0028 00       		.ascii	"\000"
 347 0029 01       		.ascii	"\001"
 348 002a 00       		.ascii	"\000"
ARM GAS  /tmp/ccsMn8BW.s 			page 26


 349 002b 00000000 		.ascii	"\000\000\000\000\000\000\000\000"
 349      00000000 
 350 0033 B3000000 		.ascii	"\263\000\000\000"
 351 0037 5F5F6C61 		.ascii	"__late_init\000"
 351      74655F69 
 351      6E697400 
 352 0043 00       		.ascii	"\000"
 353 0044 01       		.ascii	"\001"
 354 0045 00       		.ascii	"\000"
 355 0046 00000000 		.ascii	"\000\000\000\000\000\000\000\000"
 355      00000000 
 356 004e B6000000 		.ascii	"\266\000\000\000"
 357 0052 5F5F6465 		.ascii	"__default_exit\000"
 357      6661756C 
 357      745F6578 
 357      697400
 358 0061 00       		.ascii	"\000"
 359 0062 01       		.ascii	"\001"
 360 0063 00       		.ascii	"\000"
 361 0064 00000000 		.ascii	"\000\000\000\000\000\000\000\000"
 361      00000000 
 362 006c BB000000 		.ascii	"\273\000\000\000"
 363 0070 5F5F696E 		.ascii	"__init_ram_areas\000"
 363      69745F72 
 363      616D5F61 
 363      72656173 
 363      00
 364 0081 00       		.ascii	"\000"
 365 0082 00       		.ascii	"\000"
 366 0083 00       		.ascii	"\000"
 367 0084 00000000 		.ascii	"\000\000\000\000\000\000\000\000"
 367      00000000 
 368 008c BD000000 		.ascii	"\275\000\000\000"
 369 0090 5F5F7261 		.ascii	"__ram0_init_text__\000"
 369      6D305F69 
 369      6E69745F 
 369      74657874 
 369      5F5F00
 370 00a3 00       		.ascii	"\000"
 371 00a4 02       		.ascii	"\002"
 372 00a5 00       		.ascii	"\000"
 373 00a6 00000000 		.ascii	"\000\000\000\000\000\000\000\000"
 373      00000000 
 374 00ae E3000000 		.ascii	"\343\000\000\000"
 375 00b2 5F5F7261 		.ascii	"__ram0_init__\000"
 375      6D305F69 
 375      6E69745F 
 375      5F00
 376 00c0 00       		.ascii	"\000"
 377 00c1 02       		.ascii	"\002"
 378 00c2 00       		.ascii	"\000"
 379 00c3 00000000 		.ascii	"\000\000\000\000\000\000\000\000"
 379      00000000 
 380 00cb E5000000 		.ascii	"\345\000\000\000"
 381 00cf 5F5F7261 		.ascii	"__ram0_clear__\000"
 381      6D305F63 
 381      6C656172 
ARM GAS  /tmp/ccsMn8BW.s 			page 27


 381      5F5F00
 382 00de 00       		.ascii	"\000"
 383 00df 02       		.ascii	"\002"
 384 00e0 00       		.ascii	"\000"
 385 00e1 00000000 		.ascii	"\000\000\000\000\000\000\000\000"
 385      00000000 
 386 00e9 E7000000 		.ascii	"\347\000\000\000"
 387 00ed 5F5F7261 		.ascii	"__ram0_noinit__\000"
 387      6D305F6E 
 387      6F696E69 
 387      745F5F00 
 388 00fd 00       		.ascii	"\000"
 389 00fe 02       		.ascii	"\002"
 390 00ff 00       		.ascii	"\000"
 391 0100 00000000 		.ascii	"\000\000\000\000\000\000\000\000"
 391      00000000 
 392 0108 E9000000 		.ascii	"\351\000\000\000"
 393 010c 5F5F7261 		.ascii	"__ram1_init_text__\000"
 393      6D315F69 
 393      6E69745F 
 393      74657874 
 393      5F5F00
 394 011f 00       		.ascii	"\000"
 395 0120 02       		.ascii	"\002"
 396 0121 00       		.ascii	"\000"
 397 0122 00000000 		.ascii	"\000\000\000\000\000\000\000\000"
 397      00000000 
 398 012a EB000000 		.ascii	"\353\000\000\000"
 399 012e 5F5F7261 		.ascii	"__ram1_init__\000"
 399      6D315F69 
 399      6E69745F 
 399      5F00
 400 013c 00       		.ascii	"\000"
 401 013d 02       		.ascii	"\002"
 402 013e 00       		.ascii	"\000"
 403 013f 00000000 		.ascii	"\000\000\000\000\000\000\000\000"
 403      00000000 
 404 0147 ED000000 		.ascii	"\355\000\000\000"
 405 014b 5F5F7261 		.ascii	"__ram1_clear__\000"
 405      6D315F63 
 405      6C656172 
 405      5F5F00
 406 015a 00       		.ascii	"\000"
 407 015b 02       		.ascii	"\002"
 408 015c 00       		.ascii	"\000"
 409 015d 00000000 		.ascii	"\000\000\000\000\000\000\000\000"
 409      00000000 
 410 0165 EF000000 		.ascii	"\357\000\000\000"
 411 0169 5F5F7261 		.ascii	"__ram1_noinit__\000"
 411      6D315F6E 
 411      6F696E69 
 411      745F5F00 
 412 0179 00       		.ascii	"\000"
 413 017a 02       		.ascii	"\002"
 414 017b 00       		.ascii	"\000"
 415 017c 00000000 		.ascii	"\000\000\000\000\000\000\000\000"
 415      00000000 
ARM GAS  /tmp/ccsMn8BW.s 			page 28


 416 0184 F1000000 		.ascii	"\361\000\000\000"
 417 0188 5F5F7261 		.ascii	"__ram2_init_text__\000"
 417      6D325F69 
 417      6E69745F 
 417      74657874 
 417      5F5F00
 418 019b 00       		.ascii	"\000"
 419 019c 02       		.ascii	"\002"
 420 019d 00       		.ascii	"\000"
 421 019e 00000000 		.ascii	"\000\000\000\000\000\000\000\000"
 421      00000000 
 422 01a6 F3000000 		.ascii	"\363\000\000\000"
 423 01aa 5F5F7261 		.ascii	"__ram2_init__\000"
 423      6D325F69 
 423      6E69745F 
 423      5F00
 424 01b8 00       		.ascii	"\000"
 425 01b9 02       		.ascii	"\002"
 426 01ba 00       		.ascii	"\000"
 427 01bb 00000000 		.ascii	"\000\000\000\000\000\000\000\000"
 427      00000000 
 428 01c3 F5000000 		.ascii	"\365\000\000\000"
 429 01c7 5F5F7261 		.ascii	"__ram2_clear__\000"
 429      6D325F63 
 429      6C656172 
 429      5F5F00
 430 01d6 00       		.ascii	"\000"
 431 01d7 02       		.ascii	"\002"
 432 01d8 00       		.ascii	"\000"
 433 01d9 00000000 		.ascii	"\000\000\000\000\000\000\000\000"
 433      00000000 
 434 01e1 F7000000 		.ascii	"\367\000\000\000"
 435 01e5 5F5F7261 		.ascii	"__ram2_noinit__\000"
 435      6D325F6E 
 435      6F696E69 
 435      745F5F00 
 436 01f5 00       		.ascii	"\000"
 437 01f6 02       		.ascii	"\002"
 438 01f7 00       		.ascii	"\000"
 439 01f8 00000000 		.ascii	"\000\000\000\000\000\000\000\000"
 439      00000000 
 440 0200 F9000000 		.ascii	"\371\000\000\000"
 441 0204 5F5F7261 		.ascii	"__ram3_init_text__\000"
 441      6D335F69 
 441      6E69745F 
 441      74657874 
 441      5F5F00
 442 0217 00       		.ascii	"\000"
 443 0218 02       		.ascii	"\002"
 444 0219 00       		.ascii	"\000"
 445 021a 00000000 		.ascii	"\000\000\000\000\000\000\000\000"
 445      00000000 
 446 0222 FB000000 		.ascii	"\373\000\000\000"
 447 0226 5F5F7261 		.ascii	"__ram3_init__\000"
 447      6D335F69 
 447      6E69745F 
 447      5F00
ARM GAS  /tmp/ccsMn8BW.s 			page 29


 448 0234 00       		.ascii	"\000"
 449 0235 02       		.ascii	"\002"
 450 0236 00       		.ascii	"\000"
 451 0237 00000000 		.ascii	"\000\000\000\000\000\000\000\000"
 451      00000000 
 452 023f FD000000 		.ascii	"\375\000\000\000"
 453 0243 5F5F7261 		.ascii	"__ram3_clear__\000"
 453      6D335F63 
 453      6C656172 
 453      5F5F00
 454 0252 00       		.ascii	"\000"
 455 0253 02       		.ascii	"\002"
 456 0254 00       		.ascii	"\000"
 457 0255 00000000 		.ascii	"\000\000\000\000\000\000\000\000"
 457      00000000 
 458 025d FF000000 		.ascii	"\377\000\000\000"
 459 0261 5F5F7261 		.ascii	"__ram3_noinit__\000"
 459      6D335F6E 
 459      6F696E69 
 459      745F5F00 
 460 0271 00       		.ascii	"\000"
 461 0272 02       		.ascii	"\002"
 462 0273 00       		.ascii	"\000"
 463 0274 00000000 		.ascii	"\000\000\000\000\000\000\000\000"
 463      00000000 
 464 027c 01010000 		.ascii	"\001\001\000\000"
 465 0280 5F5F7261 		.ascii	"__ram4_init_text__\000"
 465      6D345F69 
 465      6E69745F 
 465      74657874 
 465      5F5F00
 466 0293 00       		.ascii	"\000"
 467 0294 02       		.ascii	"\002"
 468 0295 00       		.ascii	"\000"
 469 0296 00000000 		.ascii	"\000\000\000\000\000\000\000\000"
 469      00000000 
 470 029e 03010000 		.ascii	"\003\001\000\000"
 471 02a2 5F5F7261 		.ascii	"__ram4_init__\000"
 471      6D345F69 
 471      6E69745F 
 471      5F00
 472 02b0 00       		.ascii	"\000"
 473 02b1 02       		.ascii	"\002"
 474 02b2 00       		.ascii	"\000"
 475 02b3 00000000 		.ascii	"\000\000\000\000\000\000\000\000"
 475      00000000 
 476 02bb 05010000 		.ascii	"\005\001\000\000"
 477 02bf 5F5F7261 		.ascii	"__ram4_clear__\000"
 477      6D345F63 
 477      6C656172 
 477      5F5F00
 478 02ce 00       		.ascii	"\000"
 479 02cf 02       		.ascii	"\002"
 480 02d0 00       		.ascii	"\000"
 481 02d1 00000000 		.ascii	"\000\000\000\000\000\000\000\000"
 481      00000000 
 482 02d9 07010000 		.ascii	"\007\001\000\000"
ARM GAS  /tmp/ccsMn8BW.s 			page 30


 483 02dd 5F5F7261 		.ascii	"__ram4_noinit__\000"
 483      6D345F6E 
 483      6F696E69 
 483      745F5F00 
 484 02ed 00       		.ascii	"\000"
 485 02ee 02       		.ascii	"\002"
 486 02ef 00       		.ascii	"\000"
 487 02f0 00000000 		.ascii	"\000\000\000\000\000\000\000\000"
 487      00000000 
 488 02f8 09010000 		.ascii	"\011\001\000\000"
 489 02fc 5F5F7261 		.ascii	"__ram5_init_text__\000"
 489      6D355F69 
 489      6E69745F 
 489      74657874 
 489      5F5F00
 490 030f 00       		.ascii	"\000"
 491 0310 02       		.ascii	"\002"
 492 0311 00       		.ascii	"\000"
 493 0312 00000000 		.ascii	"\000\000\000\000\000\000\000\000"
 493      00000000 
 494 031a 0B010000 		.ascii	"\013\001\000\000"
 495 031e 5F5F7261 		.ascii	"__ram5_init__\000"
 495      6D355F69 
 495      6E69745F 
 495      5F00
 496 032c 00       		.ascii	"\000"
 497 032d 02       		.ascii	"\002"
 498 032e 00       		.ascii	"\000"
 499 032f 00000000 		.ascii	"\000\000\000\000\000\000\000\000"
 499      00000000 
 500 0337 0D010000 		.ascii	"\015\001\000\000"
 501 033b 5F5F7261 		.ascii	"__ram5_clear__\000"
 501      6D355F63 
 501      6C656172 
 501      5F5F00
 502 034a 00       		.ascii	"\000"
 503 034b 02       		.ascii	"\002"
 504 034c 00       		.ascii	"\000"
 505 034d 00000000 		.ascii	"\000\000\000\000\000\000\000\000"
 505      00000000 
 506 0355 0F010000 		.ascii	"\017\001\000\000"
 507 0359 5F5F7261 		.ascii	"__ram5_noinit__\000"
 507      6D355F6E 
 507      6F696E69 
 507      745F5F00 
 508 0369 00       		.ascii	"\000"
 509 036a 02       		.ascii	"\002"
 510 036b 00       		.ascii	"\000"
 511 036c 00000000 		.ascii	"\000\000\000\000\000\000\000\000"
 511      00000000 
 512 0374 11010000 		.ascii	"\021\001\000\000"
 513 0378 5F5F7261 		.ascii	"__ram6_init_text__\000"
 513      6D365F69 
 513      6E69745F 
 513      74657874 
 513      5F5F00
 514 038b 00       		.ascii	"\000"
ARM GAS  /tmp/ccsMn8BW.s 			page 31


 515 038c 02       		.ascii	"\002"
 516 038d 00       		.ascii	"\000"
 517 038e 00000000 		.ascii	"\000\000\000\000\000\000\000\000"
 517      00000000 
 518 0396 13010000 		.ascii	"\023\001\000\000"
 519 039a 5F5F7261 		.ascii	"__ram6_init__\000"
 519      6D365F69 
 519      6E69745F 
 519      5F00
 520 03a8 00       		.ascii	"\000"
 521 03a9 02       		.ascii	"\002"
 522 03aa 00       		.ascii	"\000"
 523 03ab 00000000 		.ascii	"\000\000\000\000\000\000\000\000"
 523      00000000 
 524 03b3 15010000 		.ascii	"\025\001\000\000"
 525 03b7 5F5F7261 		.ascii	"__ram6_clear__\000"
 525      6D365F63 
 525      6C656172 
 525      5F5F00
 526 03c6 00       		.ascii	"\000"
 527 03c7 02       		.ascii	"\002"
 528 03c8 00       		.ascii	"\000"
 529 03c9 00000000 		.ascii	"\000\000\000\000\000\000\000\000"
 529      00000000 
 530 03d1 17010000 		.ascii	"\027\001\000\000"
 531 03d5 5F5F7261 		.ascii	"__ram6_noinit__\000"
 531      6D365F6E 
 531      6F696E69 
 531      745F5F00 
 532 03e5 00       		.ascii	"\000"
 533 03e6 02       		.ascii	"\002"
 534 03e7 00       		.ascii	"\000"
 535 03e8 00000000 		.ascii	"\000\000\000\000\000\000\000\000"
 535      00000000 
 536 03f0 19010000 		.ascii	"\031\001\000\000"
 537 03f4 5F5F7261 		.ascii	"__ram7_init_text__\000"
 537      6D375F69 
 537      6E69745F 
 537      74657874 
 537      5F5F00
 538 0407 00       		.ascii	"\000"
 539 0408 02       		.ascii	"\002"
 540 0409 00       		.ascii	"\000"
 541 040a 00000000 		.ascii	"\000\000\000\000\000\000\000\000"
 541      00000000 
 542 0412 1B010000 		.ascii	"\033\001\000\000"
 543 0416 5F5F7261 		.ascii	"__ram7_init__\000"
 543      6D375F69 
 543      6E69745F 
 543      5F00
 544 0424 00       		.ascii	"\000"
 545 0425 02       		.ascii	"\002"
 546 0426 00       		.ascii	"\000"
 547 0427 00000000 		.ascii	"\000\000\000\000\000\000\000\000"
 547      00000000 
 548 042f 1D010000 		.ascii	"\035\001\000\000"
 549 0433 5F5F7261 		.ascii	"__ram7_clear__\000"
ARM GAS  /tmp/ccsMn8BW.s 			page 32


 549      6D375F63 
 549      6C656172 
 549      5F5F00
 550 0442 00       		.ascii	"\000"
 551 0443 02       		.ascii	"\002"
 552 0444 00       		.ascii	"\000"
 553 0445 00000000 		.ascii	"\000\000\000\000\000\000\000\000"
 553      00000000 
 554 044d 1F010000 		.ascii	"\037\001\000\000"
 555 0451 5F5F7261 		.ascii	"__ram7_noinit__\000"
 555      6D375F6E 
 555      6F696E69 
 555      745F5F00 
 556 0461 00       		.ascii	"\000"
 557 0462 02       		.ascii	"\002"
 558 0463 00       		.ascii	"\000"
 559 0464 00000000 		.ascii	"\000\000\000\000\000\000\000\000"
 559      00000000 
 560 046c 21010000 		.ascii	"!\001\000\000"
 561              		.text
 562              		.section	.gnu.lto_.opts,"",%progbits
 563 0000 272D666D 		.ascii	"'-fmath-errno' '-fsigned-zeros' '-ftrapping-math' '"
 563      6174682D 
 563      6572726E 
 563      6F272027 
 563      2D667369 
 564 0033 2D666E6F 		.ascii	"-fno-trapv' '-fno-openmp' '-fno-openacc' '-mcpu=cor"
 564      2D747261 
 564      70762720 
 564      272D666E 
 564      6F2D6F70 
 565 0066 7465782D 		.ascii	"tex-m4' '-mno-thumb-interwork' '-mthumb' '-ggdb' '-"
 565      6D342720 
 565      272D6D6E 
 565      6F2D7468 
 565      756D622D 
 566 0099 4F322720 		.ascii	"O2' '-fomit-frame-pointer' '-falign-functions=16' '"
 566      272D666F 
 566      6D69742D 
 566      6672616D 
 566      652D706F 
 567 00cc 2D666675 		.ascii	"-ffunction-sections' '-fdata-sections' '-fno-common"
 567      6E637469 
 567      6F6E2D73 
 567      65637469 
 567      6F6E7327 
 568 00ff 2720272D 		.ascii	"' '-flto'\000"
 568      666C746F 
 568      2700
 569              		.text
 570              		.comm	__gnu_lto_v1,1,1
 571              		.comm	__gnu_lto_slim,1,1
 572              		.ident	"GCC: (15:6.3.1+svn253039-1build1) 6.3.1 20170620"
ARM GAS  /tmp/ccsMn8BW.s 			page 33


DEFINED SYMBOLS
                            *ABS*:0000000000000000 crt1.c
                            *COM*:0000000000000001 __gnu_lto_v1
                            *COM*:0000000000000001 __gnu_lto_slim

NO UNDEFINED SYMBOLS
