ARM GAS  /tmp/ccSJ84f2.s 			page 1


   1              		.cpu cortex-m4
   2              		.eabi_attribute 20, 1
   3              		.eabi_attribute 21, 1
   4              		.eabi_attribute 23, 3
   5              		.eabi_attribute 24, 1
   6              		.eabi_attribute 25, 1
   7              		.eabi_attribute 26, 1
   8              		.eabi_attribute 30, 2
   9              		.eabi_attribute 34, 1
  10              		.eabi_attribute 18, 4
  11              		.file	"hal.c"
  12              		.text
  13              	.Ltext0:
  14              		.section	.gnu.lto_.profile.e773a1222a4d591a,"",%progbits
  15 0000 789C6365 		.ascii	"x\234ce`b`a```d0a\003\000\000\356\000G"
  15      60626061 
  15      60606064 
  15      30610300 
  15      00EE0047 
  16              		.text
  17              		.section	.gnu.lto_.icf.e773a1222a4d591a,"",%progbits
  18 0000 789C6365 		.ascii	"x\234ce`b\340`@\000F\206sk\267521\000\000\015\370\002"
  18      6062E060 
  18      40004686 
  18      736BB735 
  18      32310000 
  19 0017 C5       		.ascii	"\305"
  20              		.text
  21              		.section	.gnu.lto_.jmpfuncs.e773a1222a4d591a,"",%progbits
  22 0000 789C6365 		.ascii	"x\234ce`b\340b@\000F8\013\000\001\262\000\023"
  22      6062E062 
  22      40004638 
  22      0B0001B2 
  22      0013
  23              		.text
  24              		.section	.gnu.lto_.inline.e773a1222a4d591a,"",%progbits
  25 0000 789C6365 		.ascii	"x\234ce`b\320e@\000F\006\006\016\023F\240 \003\003\333"
  25      6062D065 
  25      40004606 
  25      060E1346 
  25      A0200303 
  26 0015 027926B0 		.ascii	"\002y&\260\020\027\016\202\001\0002\366\001s"
  26      10170E82 
  26      010032F6 
  26      0173
  27              		.text
  28              		.section	.gnu.lto_.pureconst.e773a1222a4d591a,"",%progbits
  29 0000 789C6365 		.ascii	"x\234ce`b`f```d\220\000\000\000\204\000$"
  29      60626066 
  29      60606064 
  29      90000000 
  29      840024
  30              		.text
  31              		.section	.gnu.lto_halInit.e773a1222a4d591a,"",%progbits
  32 0000 789C6DCF 		.ascii	"x\234m\317\275N\002A\020\007\360\377\177\227\217+\304"
  32      BD4E0241 
  32      1007F0FF 
ARM GAS  /tmp/ccSJ84f2.s 			page 2


  32      7F978F2B 
  32      C4
  33 0011 4A0BC517 		.ascii	"J\013\305\027\240\271{\011*\336\202\320X\230\230\310"
  33      A0B97B09 
  33      2ADE82D0 
  33      589898C8 
  34 0021 03DCAA05 		.ascii	"\003\334\252\005\011\026\320\020Bu\204\206\0175\306"
  34      0916D010 
  34      42758486 
  34      0F35C6
  35 0030 F2BA8B0F 		.ascii	"\362\272\213\017`ak\247\206\006H\2446\2403Bq\305Mv3"
  35      60616BA7 
  35      860648A4 
  35      36A03342 
  35      71C54D76 
  36 0045 9BDD5F66 		.ascii	"\233\335_ff\3630\250\0228\003P\226M\013\232\356+p\355"
  36      66F330A8 
  36      12380350 
  36      964D0B9A 
  36      EE2B70ED 
  37 0059 19520FCE 		.ascii	"\031R\017\316#B\303\220\035\333\267|i\315cS\031;\211"
  37      2342C390 
  37      1DDBB77C 
  37      69CD6353 
  37      193B89
  38 006c A4FF7DE2 		.ascii	"\244\377}\342&\011#\013\014dkp\314\012\204}<o{\245B"
  38      2609230B 
  38      0C646B70 
  38      CC0A847D 
  38      3C6F7BA5 
  39 0081 6E77CF09 		.ascii	"nw\317\011\013\322\002OoL\334\366\267\345\222\257\021"
  39      0BD2024F 
  39      6F4CDCF6 
  39      B7E592AF 
  39      11
  40 0092 D7B522D0 		.ascii	"\327\265\"\320\226g\355qg\215f\273\340\355\360\247\254"
  40      9667ED71 
  40      678D66BB 
  40      E0EDF0A7 
  40      AC
  41 00a3 5E8BC4F1 		.ascii	"^\213\304\361\362\275\030n\234\027Y\016\254T\340\224"
  41      F2BD186E 
  41      9C17590E 
  41      AC54E094 
  42 00b3 2122B1EA 		.ascii	"!\"\261\352\246\007\331\316\210\233\245\334\3720\333"
  42      A607D9CE 
  42      889BA5DC 
  42      FA30DB
  43 00c2 496BDEA7 		.ascii	"Ik\336\247\334\346(\333\345\304=\244\\|\234\355\362"
  43      DCE628DB 
  43      E5C43DA4 
  43      5C7C9CED 
  43      F2
  44 00d3 E21EF76E 		.ascii	"\342\036\367n\305\233\341g\217\377P\243-\323\313\377"
  44      C59BE167 
  44      8FFF50A3 
  44      2DD3CBFF 
ARM GAS  /tmp/ccSJ84f2.s 			page 3


  45 00e3 64B453DF 		.ascii	"d\264S\337\017v\353\262\031\234\327/\202\346UC\263\337"
  45      0F76EBB2 
  45      199CD72F 
  45      82E65543 
  45      B3DF
  46 00f5 C01F9461 		.ascii	"\300\037\224aq\234"
  46      719C
  47              		.text
  48              		.section	.gnu.lto_.symbol_nodes.e773a1222a4d591a,"",%progbits
  49 0000 789C55C8 		.ascii	"x\234U\310\273\015\2000\024\305P\347\206\354\005\223"
  49      BB0D8030 
  49      14C550E7 
  49      86EC0593 
  50 0010 BD140C00 		.ascii	"\275\024\014\000;\260\004\337\212\232\031@b\016DHE\334"
  50      3BB004DF 
  50      8A9A1940 
  50      620E4448 
  50      45DC
  51 0022 583A01D1 		.ascii	"X:\001\321\223\322(\203\356\200\264)6\3406\231\313\002"
  51      93D22883 
  51      EE80B429 
  51      36E03699 
  51      CB02
  52 0034 31D60956 		.ascii	"1\326\011V\231\012Xd\276\200YV\0250\311\302\037<\201"
  52      990A5864 
  52      BE805956 
  52      1530C9C2 
  52      1F3C81
  53 0047 E17C9CA7 		.ascii	"\341|\234\247b\317\367\334\371\242\275\276;\206t^8\231"
  53      62CFF7DC 
  53      F9A2BDBE 
  53      3B86745E 
  53      3899
  54 0059 2577     		.ascii	"%w"
  55              		.text
  56              		.section	.gnu.lto_.refs.e773a1222a4d591a,"",%progbits
  57 0000 789C6365 		.ascii	"x\234ce`b`d\000\002\000\000I\000\011"
  57      60626064 
  57      00020000 
  57      490009
  58              		.text
  59              		.section	.gnu.lto_.decls.e773a1222a4d591a,"",%progbits
  60 0000 789C7D92 		.ascii	"x\234}\222kHTA\024\307\347\334\353k\267\265$\"D$6!\020"
  60      6B485441 
  60      14C7E7DC 
  60      EB6BB7B5 
  60      24224424 
  61 0017 827BD3EC 		.ascii	"\202{\323\354{\240i\206\245\244\031}\210EWa\027\026"
  61      7BA06986 
  61      A5A4197D 
  61      88455761 
  61      1716
  62 0029 95DD2D84 		.ascii	"\225\335-\204\276\214\017\022\002\355\001m(\026\202"
  62      BE8C0F12 
  62      02ED016D 
  62      281682
  63 0038 84E6735D 		.ascii	"\204\346s]\237i\301J\331\007\335\322\202\210 wEi\011"
ARM GAS  /tmp/ccSJ84f2.s 			page 4


  63      9F69C14A 
  63      D907DDD2 
  63      82882077 
  63      456909
  64 004b 82B44F59 		.ascii	"\202\264OY\010vf\346\336\275\213\205\207{f\346\314\234"
  64      087666E6 
  64      DEBD8B85 
  64      877B66E6 
  64      CC9C
  65 005d DFFF9CD9 		.ascii	"\337\377\234\331\331D\"\221\0132!\005@\010%\204\354"
  65      D9442291 
  65      0B322105 
  65      40082584 
  65      EC
  66 006e A249380F 		.ascii	"\242I8\017\023\303\222\320G\320\375\350\001\364\011"
  66      13C392D0 
  66      47D0FDE8 
  66      01F409
  67 007d F429F419 		.ascii	"\364)\364\031\362\257]G\035\224#\225\350sq:\272\306"
  67      F2AF5D47 
  67      1D942395 
  67      E873713A 
  67      BAC6
  68 008f 8CC64E68 		.ascii	"\214\306NhZ\376\377h<\222a\252\375\365K)\014_\000{\201"
  68      5AFEFF68 
  68      3C9261AA 
  68      FDF54B29 
  68      0C5F007B 
  69 00a4 34BE0B20 		.ascii	"4\276\013 F\340\316\303]\335\000\370>\356J|\024\211"
  69      46E0CEC3 
  69      5DDD00F8 
  69      3EEE4A7C 
  69      1489
  70 00b6 7C0B7442 		.ascii	"|\013tB\213%-\2244I\376i0\304)\212cQI7\"\322E'\204\253"
  70      8B252D94 
  70      3449FE69 
  70      30C4298A 
  70      63514937 
  71 00d0 0B1A24A3 		.ascii	"\013\032$\243\000@<\020'(\332\326\316c\375\021\343r"
  71      00403C10 
  71      2728DAD6 
  71      CE63FD11 
  71      E372
  72 00e2 A0DFFE67 		.ascii	"\240\337\376gg(j\216\300*\333\3559\013|ok\234\256\233"
  72      67286A8E 
  72      C02ADBED 
  72      390B7C6F 
  72      6B9CAE9B 
  73 00f6 6509D83A 		.ascii	"e\011\330:\362\273\277P\031\242\302R2\214\237ma\367"
  73      F2BBBF50 
  73      19A2C252 
  73      328C9F6D 
  73      61F7
  74 0108 57F05087 		.ascii	"W\360P\207\014\207\315 a\370a+\364\370\000\206G\314"
  74      0C87CD20 
  74      61F8612B 
  74      F4F80086 
ARM GAS  /tmp/ccSJ84f2.s 			page 5


  74      47CC
  75 011a 9086E176 		.ascii	"\220\206\341v\323\307ys\272\217S-4M\202\312\2430\004"
  75      D3C77973 
  75      BA8F532D 
  75      344D82CA 
  75      A33004
  76 012d 99300899 		.ascii	"\2310\010\231X|\030\322q\254N\020J\363+\355s\346\254"
  76      587C18D2 
  76      71AC4E10 
  76      4AF32BED 
  76      73E6AC
  77 0140 1EDAB346 		.ascii	"\036\332\263F\203\221\346c\276\026\332\217\224\225e"
  77      8391E663 
  77      BE16DA8F 
  77      949565
  78 014f C1339061 		.ascii	"\3013\220a\000\024\3261.q\354\207\010@\037\204\361>"
  78      0014D631 
  78      2E71EC87 
  78      08401F84 
  78      F13E
  79 0161 23908574 		.ascii	"#\220\205t[\340G$QVx\263\367\003+\3532*\255Q\032\334"
  79      5BE04724 
  79      515678B3 
  79      F7032BEB 
  79      322AAD51 
  80 0177 7C73B2A9 		.ascii	"|s\262\251\367v\260\214W\203QCg\224\351\260\205\237"
  80      F776B08C 
  80      57835143 
  80      6794E9B0 
  80      859F
  81 0189 F3A1E8EA 		.ascii	"\363\241\350\352-\371*\307G\036.o&k\370R\267\365\363"
  81      2DF92AC7 
  81      471E2E6F 
  81      266BF852 
  81      B7F5F3
  82 019c D3183E66 		.ascii	"\323\030>f\340c:\036\340\370\362b\357N\252\354\003."
  82      E0633A1E 
  82      E0F8F262 
  82      EF4EAAEC 
  82      032E
  83 01ae E07B31BF 		.ascii	"\340{1\277d\322\004\276\017f\207\002\2645\221\363\343"
  83      64D204BE 
  83      0F668702 
  83      B43591F3 
  83      E3
  84 01bf 063FAEF3 		.ascii	"\006?\256\363\023\234\037\030\352\374j\222_\011~!\372"
  84      139C1F18 
  84      EAFC6A92 
  84      5F097E21 
  84      FA
  85 01d0 AD43E797 		.ascii	"\255C\347\227f\255;1~\322\340'u~\212\363\235O\356\372"
  85      66AD3B31 
  85      7ED2E027 
  85      757E8AF3 
  85      9D4FEEFA 
  86 01e4 65B94D3C 		.ascii	"e\271M<\326\203\256\235w\222\306o,f\377\351\213]`\332"
  86      D683AE9D 
ARM GAS  /tmp/ccSJ84f2.s 			page 6


  86      7792C66F 
  86      2C66FFE9 
  86      8B5D60DA 
  87 01f8 1098D605 		.ascii	"\020\230\326\005f\270\300\373V\177\267,\3361\201\375"
  87      66B8C0FB 
  87      567FB72C 
  87      DE3181FD 
  88 0208 1FDE766D 		.ascii	"\037\336vm\034\024\357he\317\277\375)l\261\334\241\264"
  88      1C14EF68 
  88      65CFBFFD 
  88      296CB1DC 
  88      A1B4
  89 021a 99DE6BA1 		.ascii	"\231\336k\241\246\363\\l\026\037\3629\177\3109\260p"
  89      A6F35C6C 
  89      161FF239 
  89      7FC839B0 
  89      70
  90 022b 2936273B 		.ascii	")6';\252\\\305uNoJ\321\245+\326\374\234\034\222\241"
  90      AA5CC575 
  90      4E6F4AD1 
  90      A52BD6FC 
  90      9C1C92A1 
  91 023f 28AAF8EA 		.ascii	"(\252\370\352=*\036\252\036\267\235\315\212\235$y\274"
  91      3D2A1EAA 
  91      1EB79DCD 
  91      8A9D2479 
  91      BC
  92 0250 2CF5F8DE 		.ascii	",\365\370\336\014g\235\335u\243\246\226\255m\036\257"
  92      0C679DDD 
  92      75A3A696 
  92      AD6D1EAF 
  93 0260 E220A6EA 		.ascii	"\342 \246\352\372*w\015\313\315\333\233\313O<jy\205"
  93      FA2A770D 
  93      CBCDDB9B 
  93      CB4F3C6A 
  93      7985
  94 0272 ADBCE2E2 		.ascii	"\255\274\342\342\351\334\302<[Aqy~i\345\271\313\327"
  94      E9DCC23C 
  94      5B417179 
  94      7E69E5B9 
  94      CBD7
  95 0284 C419E249 		.ascii	"\304\031\342I\036\316\236\330\267N\255\333\211M9H\252"
  95      1ECE9ED8 
  95      B74EADDB 
  95      894D3948 
  95      AA
  96 0295 AD014397 		.ascii	"\255\001C\227\253\306\346D\346\314^\246\241\336\355"
  96      ABC6E644 
  96      E6CC5EA6 
  96      A1DEED
  97 02a4 65E5B096 		.ascii	"e\345\260\226ZRR\240\026\225\025\227\336\314\345\022"
  97      5A5252A0 
  97      16951597 
  97      DECCE512 
  98 02b4 1A871A16 		.ascii	"\032\207\032\026G\234\304\251\375$\264\246\033\033U"
  98      479CC4A9 
  98      FD24B4A6 
ARM GAS  /tmp/ccSJ84f2.s 			page 7


  98      1B1B55
  99 02c3 478CFE0B 		.ascii	"G\214\376\013\343\237Hz"
  99      E39F487A 
 100              		.text
 101              		.section	.gnu.lto_.symtab.e773a1222a4d591a,"",%progbits
 102 0000 68616C49 		.ascii	"halInit\000"
 102      6E697400 
 103 0008 00       		.ascii	"\000"
 104 0009 00       		.ascii	"\000"
 105 000a 00       		.ascii	"\000"
 106 000b 00000000 		.ascii	"\000\000\000\000\000\000\000\000"
 106      00000000 
 107 0013 AE000000 		.ascii	"\256\000\000\000"
 108 0017 7374496E 		.ascii	"stInit\000"
 108      697400
 109 001e 00       		.ascii	"\000"
 110 001f 02       		.ascii	"\002"
 111 0020 00       		.ascii	"\000"
 112 0021 00000000 		.ascii	"\000\000\000\000\000\000\000\000"
 112      00000000 
 113 0029 B0000000 		.ascii	"\260\000\000\000"
 114 002d 626F6172 		.ascii	"boardInit\000"
 114      64496E69 
 114      7400
 115 0037 00       		.ascii	"\000"
 116 0038 02       		.ascii	"\002"
 117 0039 00       		.ascii	"\000"
 118 003a 00000000 		.ascii	"\000\000\000\000\000\000\000\000"
 118      00000000 
 119 0042 B2000000 		.ascii	"\262\000\000\000"
 120 0046 7364496E 		.ascii	"sdInit\000"
 120      697400
 121 004d 00       		.ascii	"\000"
 122 004e 02       		.ascii	"\002"
 123 004f 00       		.ascii	"\000"
 124 0050 00000000 		.ascii	"\000\000\000\000\000\000\000\000"
 124      00000000 
 125 0058 B4000000 		.ascii	"\264\000\000\000"
 126 005c 5F70616C 		.ascii	"_pal_lld_init\000"
 126      5F6C6C64 
 126      5F696E69 
 126      7400
 127 006a 00       		.ascii	"\000"
 128 006b 02       		.ascii	"\002"
 129 006c 00       		.ascii	"\000"
 130 006d 00000000 		.ascii	"\000\000\000\000\000\000\000\000"
 130      00000000 
 131 0075 B6000000 		.ascii	"\266\000\000\000"
 132 0079 68616C5F 		.ascii	"hal_lld_init\000"
 132      6C6C645F 
 132      696E6974 
 132      00
 133 0086 00       		.ascii	"\000"
 134 0087 02       		.ascii	"\002"
 135 0088 00       		.ascii	"\000"
 136 0089 00000000 		.ascii	"\000\000\000\000\000\000\000\000"
 136      00000000 
ARM GAS  /tmp/ccSJ84f2.s 			page 8


 137 0091 B8000000 		.ascii	"\270\000\000\000"
 138              		.text
 139              		.section	.gnu.lto_.opts,"",%progbits
 140 0000 272D666D 		.ascii	"'-fmath-errno' '-fsigned-zeros' '-ftrapping-math' '"
 140      6174682D 
 140      6572726E 
 140      6F272027 
 140      2D667369 
 141 0033 2D666E6F 		.ascii	"-fno-trapv' '-fno-openmp' '-fno-openacc' '-mcpu=cor"
 141      2D747261 
 141      70762720 
 141      272D666E 
 141      6F2D6F70 
 142 0066 7465782D 		.ascii	"tex-m4' '-mno-thumb-interwork' '-mthumb' '-ggdb' '-"
 142      6D342720 
 142      272D6D6E 
 142      6F2D7468 
 142      756D622D 
 143 0099 4F322720 		.ascii	"O2' '-fomit-frame-pointer' '-falign-functions=16' '"
 143      272D666F 
 143      6D69742D 
 143      6672616D 
 143      652D706F 
 144 00cc 2D666675 		.ascii	"-ffunction-sections' '-fdata-sections' '-fno-common"
 144      6E637469 
 144      6F6E2D73 
 144      65637469 
 144      6F6E7327 
 145 00ff 2720272D 		.ascii	"' '-flto'\000"
 145      666C746F 
 145      2700
 146              		.text
 147              		.comm	__gnu_lto_v1,1,1
 148              		.comm	__gnu_lto_slim,1,1
 149              		.ident	"GCC: (15:6.3.1+svn253039-1build1) 6.3.1 20170620"
ARM GAS  /tmp/ccSJ84f2.s 			page 9


DEFINED SYMBOLS
                            *ABS*:0000000000000000 hal.c
                            *COM*:0000000000000001 __gnu_lto_v1
                            *COM*:0000000000000001 __gnu_lto_slim

NO UNDEFINED SYMBOLS
