ARM GAS  /tmp/ccNp95ub.s 			page 1


   1              		.cpu cortex-m4
   2              		.eabi_attribute 20, 1
   3              		.eabi_attribute 21, 1
   4              		.eabi_attribute 23, 3
   5              		.eabi_attribute 24, 1
   6              		.eabi_attribute 25, 1
   7              		.eabi_attribute 26, 1
   8              		.eabi_attribute 30, 2
   9              		.eabi_attribute 34, 1
  10              		.eabi_attribute 18, 4
  11              		.file	"hal_st.c"
  12              		.text
  13              	.Ltext0:
  14              		.section	.gnu.lto_.profile.d0152bc7df680fcf,"",%progbits
  15 0000 789C6365 		.ascii	"x\234ce`b`a```d\220\342\001\000\000\300\0003"
  15      60626061 
  15      60606064 
  15      90E20100 
  15      00C00033 
  16              		.text
  17              		.section	.gnu.lto_.icf.d0152bc7df680fcf,"",%progbits
  18 0000 789C6365 		.ascii	"x\234ce`bP`@\000V\206\205??\354\345a\274\366\357\375"
  18      60625060 
  18      40005686 
  18      853F3FEC 
  18      E561BCF6 
  19 0016 136EA67D 		.ascii	"\023n\246}\027\036\254ga\276\263\265\373\0203\313\261"
  19      171EAC67 
  19      61BEB3B5 
  19      FB1033CB 
  19      B1
  20 0027 BFE7B7B3 		.ascii	"\277\347\267\2631\000\000\032\271\020\215"
  20      3100001A 
  20      B9108D
  21              		.text
  22              		.section	.gnu.lto_.jmpfuncs.d0152bc7df680fcf,"",%progbits
  23 0000 789C6365 		.ascii	"x\234ce`b\020c@\000V\020\301\010\004\365L\014\014\314"
  23      60621063 
  23      40005610 
  23      C10804F5 
  23      4C0C0CCC 
  24 0014 209A0528 		.ascii	" \232\005(\000\000\016\012\0011"
  24      00000E0A 
  24      0131
  25              		.text
  26              		.section	.gnu.lto_.inline.d0152bc7df680fcf,"",%progbits
  27 0000 789C6365 		.ascii	"x\234ce`bHe@\000V\006\006\026\036F\240 \003\003\333"
  27      60624865 
  27      40005606 
  27      06161E46 
  27      A0200303 
  28 0015 027910C5 		.ascii	"\002y\020\305\300\310\005\"\030\330X\201\302l\037\364"
  28      C0C80522 
  28      18D85881 
  28      C26C1FF4 
  29 0025 E0E24C0C 		.ascii	"\340\342L\014,\314@!\246\013\374p!fL!\026L!\006\000"
  29      2CCC4021 
ARM GAS  /tmp/ccNp95ub.s 			page 2


  29      A60BFC70 
  29      21664C21 
  29      164C2106 
  30 003a 9CEB0870 		.ascii	"\234\353\010p"
  31              		.text
  32              		.section	.gnu.lto_.pureconst.d0152bc7df680fcf,"",%progbits
  33 0000 789C6365 		.ascii	"x\234ce`b\340f```e\220`\224b\222b\226b\221\002\000\004"
  33      6062E066 
  33      60606065 
  33      90609462 
  33      92629662 
  34 0018 1000A2   		.ascii	"\020\000\242"
  35              		.text
  36              		.section	.gnu.lto_stInit.d0152bc7df680fcf,"",%progbits
  37 0000 789C254D 		.ascii	"x\234%M\273\012\302@\020\334\271\363\021\020?@D\254"
  37      BB0AC240 
  37      10DCB9F3 
  37      11103F40 
  37      44AC
  38 0012 D3249F24 		.ascii	"\323$\237$\222\306B\020\214}N-\002Zh#b\025\321\"\261"
  38      92C64210 
  38      8C7D4E2D 
  38      025A6823 
  38      6215D122 
  39 0027 12CB74C1 		.ascii	"\022\313t\301\017\260\260\325\312\302F\355\0051q\317"
  39      0FB0B0D5 
  39      CAC246ED 
  39      053171CF 
  40 0037 0C3BCCB2 		.ascii	"\014;\314\262;;[$A[\"j2\353LH\202\230\237\210\206\206"
  40      3B3B5B24 
  40      415B226A 
  40      32EB4C48 
  40      82989F88 
  41 004d 0074A30C 		.ascii	"\000t\243\014\220'\340a&\227\022G\377\036\0133T\214"
  41      9027E061 
  41      26971247 
  41      FF1E0B33 
  41      548C
  42 005f 64F9AEA9 		.ascii	"d\371\256\251(A \211VL\015\2040\211m\267C\272\250\226"
  42      28412089 
  42      564C0D84 
  42      30896DB7 
  42      43BAA896 
  43 0073 0AF91C11 		.ascii	"\012\371\034\021J`\335\237\221\2504\363Ur\335 +\362"
  43      4A60DD9F 
  43      91A834F3 
  43      5572DD20 
  43      2BF2
  44 0085 6AC2D43F 		.ascii	"j\302\324?\246Rh\225\017\214\327\237\272\366\353\220"
  44      A6526895 
  44      0F8CD79F 
  44      BAF6EB90 
  45 0095 387E5ECA 		.ascii	"8~^\312\336W\031\201\304Jr\002v\360(`\357\013\243uV"
  45      DE571981 
  45      C44A7202 
  45      76F02860 
  45      EF0BA375 
ARM GAS  /tmp/ccNp95ub.s 			page 3


  46 00aa F9FB3426 		.ascii	"\371\3734&\274\344sA\324\260,;\257\236kw\332]\333\355"
  46      BCE47341 
  46      D4B02C3B 
  46      AF9E6B77 
  46      DA5DDBED 
  47 00be 3B5A5BEE 		.ascii	";Z[\356\300r\350\007S\311@E"
  47      C072E807 
  47      53C94045 
  48              		.text
  49              		.section	.gnu.lto_stStartAlarm.d0152bc7df680fcf,"",%progbits
  50 0000 789C9D52 		.ascii	"x\234\235RKkSA\024\236o&\275\011A\353R\301\010YXj]\344"
  50      4B6B5341 
  50      149E6F26 
  50      BD0941EB 
  50      52C10859 
  51 0018 12BBF107 		.ascii	"\022\273\361\007\210 \264+\273\2575\012\025\"\225&\270"
  51      8820B42B 
  51      BBAF350A 
  51      15229526 
  51      B8
  52 0029 B4D39058 		.ascii	"\264\323\220XL}\241\2645\305r\003Q\322F\323<\324\332"
  52      4C7DA1B4 
  52      35C57203 
  52      51D246D3 
  52      3CD4DA
  53 003c 68C54B10 		.ascii	"h\305K\020\\\265\276\266\026\202\322R!\202\217`\021"
  53      5CB5BEB6 
  53      1682D252 
  53      21828F60 
  53      11
  54 004d A1F5CCE4 		.ascii	"\241\365\314\344*\325\2258\334\2713\347\314w\276\363"
  54      2AD59538 
  54      DCB933E7 
  54      CC77BEF3 
  55 005d 9D33D3C2 		.ascii	"\2353\323\3028\253p\306\2161\306v\323\204`\340W\227"
  55      38AB70C6 
  55      8E31C676 
  55      D38460E0 
  55      5797
  56 006f 181BF670 		.ascii	"\030\033\366p@m\244\007l\210c\010W\304\204@ud\265\302"
  56      406DA407 
  56      6C886308 
  56      57C48440 
  56      7564B5C2 
  57 0083 3BB29286 		.ascii	";\262\222\206=1o\234\227\211]\226`,ES\015d\321A\250"
  57      3D316F9C 
  57      97895D96 
  57      602C4553 
  57      0D64D141 
  58 0098 57F1E24D 		.ascii	"W\361\342MqYX\002p\221\371yq\362}\25329\374d\376\310"
  58      71595802 
  58      7091F979 
  58      71F27DAB 
  58      3239FC64 
  59 00ae 15DFEE10 		.ascii	"\025\337\356\020~0\332\257=\255]C\373m)c\322\256_\027"
  59      7E30DAAF 
  59      3DAD5D43 
ARM GAS  /tmp/ccNp95ub.s 			page 4


  59      FB6D2963 
  59      D2AE5F17 
  60 00c2 72AF2504 		.ascii	"r\257%\004r\020D\210\031\3700\015\037#\027\303\035\264"
  60      72104488 
  60      19F8300D 
  60      1F2317C3 
  60      1DB4
  61 00d4 2BFCBBD2 		.ascii	"+\374\273\322\306\330v\303\225\371\225\023wa\200\326"
  61      C6D876C3 
  61      95F99513 
  61      776180D6 
  62 00e4 C26BD872 		.ascii	"\302k\330rcsD\332\215[xs\330 \361*\202%\011\244\252"
  62      637344DA 
  62      8D5B7873 
  62      D820F12A 
  62      822509A4 
  63 00f9 18155CAD 		.ascii	"\030\025\\\255b\005\\\321\\\260\223\317\274b\237\226"
  63      62055CD1 
  63      5CB093CF 
  63      BC629F96 
  64 0109 60E5E6EA 		.ascii	"`\345\346\352h\313h\011\253\251m)i\307\375JE\376O\025"
  64      68CB6809 
  64      ABA96D29 
  64      69C7FD4A 
  64      45FE4F15 
  65 011d BABC59B4 		.ascii	"\272\274Y\264M\021\323\007T'\277/\327\307\016\376V\024"
  65      4D11D307 
  65      5427BF2F 
  65      D7C70EFE 
  65      5614
  66 012f 6F76E4A5 		.ascii	"ov\344\245!\024F\313J\011lQ\314P\200A\014E\030\344\034"
  66      211446CB 
  66      4A096C51 
  66      CC508041 
  66      0C4518E4 
  67 0144 4F545FB8 		.ascii	"OT_\270UG\\\032\263\224_\377\344m\232\212G\365,3\373"
  67      55475C1A 
  67      B3945FFF 
  67      E46D9A8A 
  67      47F52C33 
  68 0159 EDB9C7C2 		.ascii	"\355\271\307\302\024,\321\2022i()\015t\220[l|u\233y"
  68      142CD182 
  68      32692829 
  68      0D74905B 
  68      6C7C759B 
  69 016e 191F96B5 		.ascii	"\031\037\226\265\365\362\316/\024e\340\036,\334\240"
  69      F5F2CE2F 
  69      1465E01E 
  69      2CDCA0
  70 017d 52751202 		.ascii	"Ru\022\002m\216\227\226\215`A\201\322e\242p\343>L\354"
  70      6D8E9796 
  70      8D604181 
  70      D265A270 
  70      E33E4CEC 
  71 0191 F739083C 		.ascii	"\3679\010<@\320\251\243\261\266\220huT\375K\316\364"
  71      40D0A9A3 
  71      B1B69068 
ARM GAS  /tmp/ccNp95ub.s 			page 5


  71      7554FD4B 
  71      CEF4
  72 01a3 39C536A7 		.ascii	"9\3056\247\363\301a{\010skMn\362\317S\244f\177\362\037"
  72      F3C1617B 
  72      08736B4D 
  72      6EF2CF53 
  72      A4667FF2 
  73 01b8 EC15CDCE 		.ascii	"\354\025\315\316\035\366G\232}\301\2728\343m\262s<\246"
  73      1DF6479A 
  73      7DC1BA38 
  73      E36DB273 
  73      3CA6
  74 01ca C815C46A 		.ascii	"\310\025\304j\243\323!\375\000T\313\331G\304\322\331"
  74      A3D321FD 
  74      0054CBD9 
  74      47C4D2D9 
  75 01da 4B500E7D 		.ascii	"KP\016}YI\322GWN\217{O `6\277\201\210\331\337\0276#"
  75      5949D247 
  75      574E8F7B 
  75      4F206036 
  75      BF8188D9 
  76 01f2 8321B5F6 		.ascii	"\203!\265\366F\242\201\020s\367\035\217DO\235>\351R"
  76      46A28110 
  76      73F71D8F 
  76      444F9D3E 
  76      E952
  77 0204 BFCEBFA1 		.ascii	"\277\316\277\241g\006\006\243\021\363hOw\347\001\263"
  77      670606A3 
  77      11F3684F 
  77      77E701B3 
  78 0214 ABEB90D9 		.ascii	"\253\353\220\331s\244\373l\320\011\356\015\207O\004"
  78      73A4FB6C 
  78      D009EE0D 
  78      874F04
  79 0223 FAD94F3E 		.ascii	"\372\331O>\300\376\231"
  79      C0FE99
  80              		.text
  81              		.section	.gnu.lto_stStopAlarm.d0152bc7df680fcf,"",%progbits
  82 0000 789C5D50 		.ascii	"x\234]PAK\002Q\020\236\357=[%\350^d\247N^v)\377B\004"
  82      414B0251 
  82      109EEF3D 
  82      5B25E85E 
  82      64A74E5E 
  83 0019 819EF42E 		.ascii	"\201\236\364.a\007\017\202\341JW\327\320\004\205\352"
  83      61070F82 
  83      E14A57D7 
  83      D00485EA 
  84 0029 92E621F6 		.ascii	"\222\346!\366\340\301\262T:\006\005\"A]2\350\027H\207"
  84      E0C1B254 
  84      3A060522 
  84      415D32E8 
  84      174887
  85 003c A0431026 		.ascii	"\240C\020&%\004\326\274\335\210hx\303\314\233\371\346"
  85      2504D6BC 
  85      DD886878 
  85      C3CC9BF9 
  85      E6
ARM GAS  /tmp/ccNp95ub.s 			page 6


  86 004d FBE6BD29 		.ascii	"\373\346\275)\022\244\203(BD\363\354\220\004\261\337"
  86      12A48328 
  86      4244F3EC 
  86      9004B1DF 
  87 005d 27CAF904 		.ascii	"'\312\371\004\240\022\313\007\312\012d\261'\253\022"
  87      A012CB07 
  87      CA0A64B1 
  87      27AB12
  88 006c BDE2D385 		.ascii	"\275\342\323\205\0104,\266nu\244\355X\205Y[\022\325"
  88      08342CB6 
  88      6E75A4ED 
  88      5885595B 
  88      12D5
  89 007e D895A181 		.ascii	"\330\225\241\201\0001\354\361|r0\243y\334:\216\241\261"
  89      0031ECF1 
  89      7C7230A3 
  89      79DC3A8E 
  89      A1B1
  90 0090 04751ED0 		.ascii	"\004u\036\320\265&_E\253{]\307\347*\267J\354J\243,\205"
  90      B5265F45 
  90      AB7B5DC7 
  90      E72AB74A 
  90      EC4AA32C 
  91 00a5 8AF219BD 		.ascii	"\212\362\031\275\321\370\366\262\242\377R\344]\245\261"
  91      D1F8F6B2 
  91      A2FF52E4 
  91      5DA5B1
  92 00b4 261D9A9A 		.ascii	"&\035\232\232\304_z\234@c\376&4.V\012\275{\357\256\264"
  92      C45F7A9C 
  92      4063FE26 
  92      342E560A 
  92      BD7BEFAE 
  93 00c9 251C4CBF 		.ascii	"%\034L\277\365\361:\355^\025\207\207K\365\366\373\215"
  93      F5F13AED 
  93      5E158787 
  93      4BF5F6FB 
  93      8D
  94 00da CFC6116C 		.ascii	"\317\306\021l)p\006?N\341'\205m\336\215\336\274F\313"
  94      2970063F 
  94      4EE12785 
  94      6DDE8DDE 
  94      BC46CB
  95 00ed CAE7AC41 		.ascii	"\312\347\254A}87\344)\211\026l\034\362\202\216\010\332"
  95      7D3837E4 
  95      2989166C 
  95      1CF2828E 
  95      08DA
  96 00ff 30FE6AF0 		.ascii	"0\376j\360\036\350\360\364\013\266\007\345\253E\265"
  96      1EE8F0F4 
  96      0BB607E5 
  96      AB45B5
  97 010e 9BF30125 		.ascii	"\233\363\001%n\360K\004\321\202\256\033\356I\231Fb="
  97      6EF04B04 
  97      D182AE1B 
  97      EE499946 
  97      623D
  98 0120 6998E9B8 		.ascii	"i\230\351\270\21213\243\307)\370\277\273\231JgL#\022"
ARM GAS  /tmp/ccNp95ub.s 			page 7


  98      8A3133A3 
  98      C729F8BF 
  98      BB994A67 
  98      4C2312
  99 0133 0D07978D 		.ascii	"\015\007\227\215Ph\305\210\256\205\267\226~\360\261"
  99      5068C588 
  99      AE85B796 
  99      7EF0B1
 100 0142 6472434F 		.ascii	"drCO\3207\374G\1772"
 100      D037FC47 
 100      7F32
 101              		.text
 102              		.section	.gnu.lto_stSetAlarm.d0152bc7df680fcf,"",%progbits
 103 0000 789C5D90 		.ascii	"x\234]\220\313k\023Q\024\306\3177w:\023\212\217\255"
 103      CB6B1351 
 103      14C6CF37 
 103      773A138A 
 103      8FAD
 104 0012 D014B2B0 		.ascii	"\320\024\262\260\324\272\310\020\273\361\017\020DhW"
 104      D4BAC810 
 104      BBF10F10 
 104      446857
 105 0021 765F6B14 		.ascii	"v_k\024*D*\235\340\266\267!\265\230B+\212\215)\206)"
 105      2A442A9D 
 105      E0B6B721 
 105      B598422B 
 105      8A8D2986 
 106 0036 44A9C6A6 		.ascii	"D\251\306\246y\370@q\341\020DW\255\350:\205\240V\024"
 106      79F84071 
 106      E1104457 
 106      ADE83A85 
 106      A05614
 107 0049 147C6110 		.ascii	"\024|a\020\261\365\234I\025\3652w\356=\347~\367\273"
 107      B1F59C49 
 107      15F53277 
 107      EE3DE77E 
 107      F7BB
 108 005b BF733AC8 		.ascii	"\277s:\310\240\237 :FD]<\241\010\306\2055\242\311\220"
 108      A09F203A 
 108      46445D3C 
 108      A108C685 
 108      35A2C990 
 109 006f 01C84687 		.ascii	"\001\310F\207@\023\006&0\247\262\012\365\3517\017\214"
 109      40130626 
 109      30A7B20A 
 109      F5E9370F 
 109      8C
 110 0080 BE25CDC3 		.ascii	"\276%\315\303\317V\354szj\217\247\210r<e`\011}\254z"
 110      CF56EC73 
 110      7A6A8FA7 
 110      88723C65 
 110      60097DAC 
 111 0095 9EAE5C55 		.ascii	"\236\256\\U\263\312S\200\311\341\247\325\205W\273$4"
 111      B3CA5380 
 111      C9E1A7D5 
 111      8557BB24 
 111      34
ARM GAS  /tmp/ccNp95ub.s 			page 8


 112 00a6 10E1F047 		.ascii	"\020\341\360G\261\322\330\255\" \336\277}\324\274\210"
 112      B1D2D8AD 
 112      2220DEBF 
 112      7DD4BC88 
 113 00b6 DEEB5AA7 		.ascii	"\336\353Z\247\264\337\270\244\364^O)\024\241\330\020"
 113      B4DFB8A4 
 113      F45E4F29 
 113      14A1D810 
 114 00c6 3711C60D 		.ascii	"7\021\306\015\204\211S\204[\350\025\375\313\352\346"
 114      84895384 
 114      5BE815FD 
 114      CBEAE6
 115 00d5 E59D9659 		.ascii	"\345\235\226Y\370\375&\226a1>\225_\300\327\233[\323"
 115      F8FD2696 
 115      61313E95 
 115      5FC0D79B 
 115      5BD3
 116 00e7 DA7F7D0D 		.ascii	"\332\177}\015\017\017\233\014/7(\303\"\251bF\031\262"
 116      0F0F9B0C 
 116      2F3728C3 
 116      22A96246 
 116      19B2
 117 00f9 AA0D1862 		.ascii	"\252\015\030bs\336\317<\356T\373\002\004\257x\357=z"
 117      73DECF3C 
 117      EE54FB02 
 117      04AF78EF 
 117      3D7A
 118 010b 0A01C293 		.ascii	"\012\001\302\223\374\216\234\366\323\021\241(\375K\021"
 118      FC8E9CF6 
 118      D311A128 
 118      FD4B11
 119 011a 94B7829E 		.ascii	"\224\267\202\236<;\275C}\341\373\372r\366\340\037\242"
 119      3C3BBD43 
 119      7DE1FBFA 
 119      72F6E01F 
 119      A2
 120 012b 74BB23F7 		.ascii	"t\273#\367m%\232\000+\247\360\0271\241\014\213\035*"
 120      6D259A00 
 120      2BA7F017 
 120      31A10C8B 
 120      1D2A
 121 013d B038393F 		.ascii	"\26089?U\177fKG\314@\263Vj}\354l\207\342#=+\254|{\032"
 121      557F664B 
 121      47CC40B3 
 121      566A7DEC 
 121      6C87E223 
 122 0157 F29087A7 		.ascii	"\362\220\207\247:Pc\206\2520\360Aq\365\353\027\333)"
 122      3A506386 
 122      AA30F041 
 122      71F5EB17 
 122      DB29
 123 0169 E9F4A46E 		.ascii	"\351\364\244n\266j\335\237\371\226\205\333\360p\205"
 123      B66ADD9F 
 123      F99685DB 
 123      F07085
 124 0178 4B0D1E61 		.ascii	"K\015\036a\321\326|u\335\212\225E\264Xc\013\033w\340"
 124      D1D67C75 
ARM GAS  /tmp/ccNp95ub.s 			page 9


 124      DD8A9545 
 124      B458630B 
 124      1B77E0
 125 018b 607F785B 		.ascii	"`\177x[\201\273\210I\035\033H5g\032\361\240\211\202"
 125      81BB8849 
 125      1D1B4835 
 125      671AF1A0 
 125      8982
 126 019d 4D1F905A 		.ascii	"M\037\220Zl\315B\022A\301\031\256\201\333f\020uG\243"
 126      6CCD4212 
 126      41C119AE 
 126      81DB6610 
 126      7547A3
 127 01b0 4EFB1B73 		.ascii	"N\373\033s\235\321\221\204\343\216\307e\035v\223\321"
 127      9DD19184 
 127      E38EC765 
 127      1D7693D1 
 128 01c0 38D923C7 		.ascii	"8\331#\307\335\344\251\323'M\371\365\377/=36\236t\235"
 128      DDE4A9D3 
 128      274DF9F5 
 128      FF2F3D33 
 128      369E749D 
 129 01d4 A34383FD 		.ascii	"\243C\203\375\007\234\201\201C\316\320\221\301\263\261"
 129      079C8181 
 129      43CED091 
 129      C1B3B1
 130 01e3 EDCBC389 		.ascii	"\355\313\303\211\304\211\350(\375\002\266\252\302\006"
 130      C489E828 
 130      FD02B6AA 
 130      C206
 131              		.text
 132              		.section	.gnu.lto_stGetAlarm.d0152bc7df680fcf,"",%progbits
 133 0000 789C5D8F 		.ascii	"x\234]\217\313/CA\024\306\317w\247\356-\011\177\000"
 133      CB2F4341 
 133      14C6CF77 
 133      A7EE2D09 
 133      7F00
 134 0012 15B6B5E8 		.ascii	"\025\266\265\350M\371\027$\"a\325\356EXt\321\244\322"
 134      4DF91724 
 134      2261D5EE 
 134      455874D1 
 134      A4D2
 135 0024 36B69D4A 		.ascii	"6\266\235JE\220 \204*\232+\351\002\245/K\013ij\301\306"
 135      45902084 
 135      2A9A2BE9 
 135      02A52F4B 
 135      0B696AC1 
 136 0039 AB7B8960 		.ascii	"\253{\211`c!\361\212G48\323\212\210\311Lf\3169\2779"
 136      6321F18A 
 136      473438D3 
 136      8A88C94C 
 136      66CE39BF 
 137 004e E7FBEA48 		.ascii	"\347\373\352H\243\000\210<D\324\302\007\202\240\315"
 137      A300883C 
 137      44D4C207 
 137      82A0CD
 138 005d 9D1045ED 		.ascii	"\235\020E\355\032\240\036\322\016\212h\210`V\304\005"
ARM GAS  /tmp/ccNp95ub.s 			page 10


 138      1AA01ED2 
 138      0E8A6888 
 138      6056C405 
 139 006d CE63F935 		.ascii	"\316c\37151#,\306l\034>\034\257\\7\251\020h\347pU\226"
 139      31232CC6 
 139      6C1C3E1C 
 139      AF5C37A9 
 139      1068E770 
 140 0083 270DE786 		.ascii	"'\015\347\206\224c\262\030\2777Vw\317d\275%4J0\276\011"
 140      9463B218 
 140      BF375677 
 140      CF64BD25 
 140      344A30BE 
 141 0098 0736E050 		.ascii	"\0076\340P3\266\340$\246\257\012\237\213\215\272-%H"
 141      33B6E024 
 141      A6AF0A9F 
 141      8B8DBA2D 
 141      2548
 142 00aa 019C4F43 		.ascii	"\001\234OCg)\224+\243(?\277&d\361&\205\217\036\376o"
 142      6729942B 
 142      A3283FBF 
 142      2664F126 
 142      858F1EFE 
 143 00bf 09AE4FF1 		.ascii	"\011\256O\361Q\202\2469\301\267\270Ei\377\375\250\022"
 143      5182A639 
 143      C1B7B845 
 143      69FFFDA8 
 143      12
 144 00d0 6FFE6D15 		.ascii	"o\376m\025\223\274\212\013oF\265UB\340\317\024\3026"
 144      93BC8A0B 
 144      6F46B555 
 144      42E0CF14 
 144      C236
 145 00e2 749EB103 		.ascii	"t\236\261\003=)4\316/\215\227N\015%\335V\305N2\257\367"
 145      3D2934CE 
 145      2F8D974E 
 145      0D25DD56 
 145      C54E32AF 
 146 00f7 0DB55075 		.ascii	"\015\265PuQ\346R\331\227C\273\205$,Q\207,\313\317(\371"
 146      51E652D9 
 146      9743BB85 
 146      242C5187 
 146      2CCBCF28 
 147 010c 5C481F3F 		.ascii	"\\H\037??\031fF\306\242\3622\365\3306\317\036u\344`"
 147      3F196646 
 147      C6A2F232 
 147      F5D836CF 
 147      1E75E460 
 148 0120 61992556 		.ascii	"a\231%V\3470\364\265T\270\320\3359\005\255\357i\226"
 148      E730F4B5 
 148      54B8D0DD 
 148      3905ADEF 
 148      6996
 149 0132 30908789 		.ascii	"0\220\207\211\016\307\017\201\002\334t\207\261\313\351"
 149      0EC70F81 
 149      02DC7487 
 149      B1CBE9
ARM GAS  /tmp/ccNp95ub.s 			page 11


 150 0141 CA81AEE4 		.ascii	"\312\201\256\344\262*\366\316.\241\334\361\273\325\345"
 150      B22AF6CE 
 150      2EA1DCF1 
 150      BBD5E5
 151 0150 326B3B10 		.ascii	"2k;\0202}\203~3\024\034R\367@(\354\032\242\256\377\325"
 151      327D837E 
 151      33141C52 
 151      F74028EC 
 151      1AA2AEFF 
 152 0165 9140301C 		.ascii	"\221@0\0342=\336\376\256N\263\257\257\333\364\366\366"
 152      323DDEFE 
 152      AE4EB3AF 
 152      AFDBF4F6 
 152      F6
 153 0176 8FBA7FF8 		.ascii	"\217\272\177\370\001\277\177\330\345\243o4\014\223\326"
 153      01BF7FD8 
 153      E5A36F34 
 153      0C93D6
 154              		.text
 155              		.section	.gnu.lto_.symbol_nodes.d0152bc7df680fcf,"",%progbits
 156 0000 789C55C8 		.ascii	"x\234U\310K\015\200@\014\006\341\351\277\254/\020\305"
 156      4B0D8040 
 156      0C06E1E9 
 156      BFAC2F10 
 156      C5
 157 0011 B9958008 		.ascii	"\271\225\200\010L\260<$\240\001%\204\015\267\316e\222"
 157      4CB03C24 
 157      A0012584 
 157      0DB7CE65 
 157      92
 158 0022 AF22667A 		.ascii	"\257\"fz\332\344\260\334\320\327b\352\322\344\226e\227"
 158      DAE4B0DC 
 158      D0D762EA 
 158      D2E49665 
 158      97
 159 0033 2BCB212F 		.ascii	"+\313!/YN\371\220\304.y\375\005\"F(T\326\3475>\004\350"
 159      594EF990 
 159      C42E79FD 
 159      05224628 
 159      54D6E735 
 160 004a 1DE3     		.ascii	"\035\343"
 161              		.text
 162              		.section	.gnu.lto_.refs.d0152bc7df680fcf,"",%progbits
 163 0000 789C6365 		.ascii	"x\234ce`b`d\000\002\000\000I\000\011"
 163      60626064 
 163      00020000 
 163      490009
 164              		.text
 165              		.section	.gnu.lto_.decls.d0152bc7df680fcf,"",%progbits
 166 0000 789CB557 		.ascii	"x\234\265WkPT\311\025\276\347\366\2000\274\\\264,Sq"
 166      6B5054C9 
 166      15BEE7F6 
 166      8030BC5C 
 166      B42C5371 
 167 0014 13CBC240 		.ascii	"\023\313\302@\2456\214\210\211\371\223-]t\215U\353n"
 167      A5368C88 
 167      89F9932D 
ARM GAS  /tmp/ccNp95ub.s 			page 12


 167      5D748D55 
 167      EB6E
 168 0026 6A345BF9 		.ascii	"j4[\371\2635\305\"\033\251B\264\230qS\373'^\001\025"
 168      B335C522 
 168      1BA942B4 
 168      987153FB 
 168      275E0115 
 169 003a 58455141 		.ascii	"XEQA\301uy\211\342\202\242\250(\002\202 #\"(\342\003"
 169      C1757989 
 169      E282A2A8 
 169      28028220 
 169      232228E2 
 170 004f 415E2A3E 		.ascii	"A^*>P\343\003\037 \276r\372q\271\227\353`\374\223[\323"
 170      50E3031F 
 170      20BE72FA 
 170      71B997EB 
 170      60FC935B 
 171 0064 B7FB747F 		.ascii	"\267\373t\177\347\353\363\350\356\333\343&\311R\325"
 171      E7EBF3E8 
 171      EEDBE326 
 171      C952D5
 172 0073 4792F4B9 		.ascii	"G\222\364\271,I;A\222\336\342\343.I\322^I{\250\274\017"
 172      2C493B41 
 172      92DEE2E3 
 172      2E49D25E 
 172      497BA8BC 
 173 0088 4B159613 		.ascii	"K\025\226\023Xj\2618\261\324K\357>\337 \007\301\372"
 173      586AB138 
 173      B1D44BEF 
 173      3EDF2007 
 173      C1FA
 174 009a 6B2CA775 		.ascii	"k,\247u<\262\340p\245\263\022u<\204\216?\226\361X\312"
 174      3CB2E070 
 174      A5B31275 
 174      3C848E3F 
 174      96F158CA 
 175 00ae B1F860BF 		.ascii	"\261\370`\2777\226Nl\237\2238\257'\312CX\277\026\234"
 175      37964E6C 
 175      9F9338AF 
 175      27CA4358 
 175      BF169C
 176 00c1 D4263FEC 		.ascii	"\324&?\354\303\237\364\033\030\311\033\217\262I\360"
 176      C39FF41B 
 176      18C91B8F 
 176      B249F0
 177 00d0 AA5C9407 		.ascii	"\252\\\224\007t\372\324\237\311\006=\372\254\375@\233"
 177      74FAD49F 
 177      C9063DFA 
 177      ACFD409B 
 178 00e0 40D8248B 		.ascii	"@\330$\213\270L\021\266\374\336\300\271^\360\351\271"
 178      B84C11B6 
 178      FCDEC0B9 
 178      5EF0E9B9 
 179 00f0 02FF071F 		.ascii	"\002\377\007\037\215\361'\202/\330\300\267\225@\351"
 179      8DF12782 
 179      2FD8C0B7 
 179      9540E9
ARM GAS  /tmp/ccNp95ub.s 			page 13


 180 00ff FA939572 		.ascii	"\372\223\225r\027t\000ba,\353\005\340o`\205\211o\325"
 180      17740062 
 180      612CEB05 
 180      E06F6085 
 180      896FD5
 181 0112 0780F563 		.ascii	"\007\200\365c\257,\011R\265\013T\015!\313B\224\005%"
 181      AF2C0952 
 181      B50B540D 
 181      21CB4294 
 181      0525
 182 0124 FB0965D0 		.ascii	"\373\011e\3201\362a>\223\372p\037x\203\251\251\332 "
 182      31F2613E 
 182      93FA701F 
 182      7883A9A9 
 182      DA20
 183 0136 6B1300E8 		.ascii	"k\023\000\350\025t\204\334l1>l\237\2449\007\252\367"
 183      157484DC 
 183      6C313E6C 
 183      9FA43907 
 183      AAF7
 184 0148 8F331A6F 		.ascii	"\2173\032o\231\273\241\223\366f\317\002\326\267\266"
 184      99BBA193 
 184      F666CF02 
 184      D6B7B6
 185 0157 E441B71B 		.ascii	"\344A\267\033\221\201\266\273_\024|\036\\\244\360\307"
 185      9181B6BB 
 185      5F147C1E 
 185      5CA4F0C7 
 186 0167 E3575AD8 		.ascii	"\343WZ\330\352\336\016T\373\245\020\3607\203\214b\313"
 186      EADE0E54 
 186      FBA510F0 
 186      37838C62 
 186      CB
 187 0178 A3C61D5E 		.ascii	"\243\306\035^(\2167\303X\024\007W]:a\236\230\316\264"
 187      288E37C3 
 187      58140757 
 187      5D3A619E 
 187      98CEB4
 188 018b E295B132 		.ascii	"\342\225\2612|=\001\212`\022\024\302$\234|/L\304\367"
 188      7C3D018A 
 188      601214C2 
 188      249C7C2F 
 188      4CC4F7
 189 019e B726CE54 		.ascii	"\267&\316T\035\267y\357\230)\331Jv\217R\335\032\367"
 189      1DB779EF 
 189      9829D94A 
 189      768F52DD 
 189      1AF7
 190 01b0 DBF478A5 		.ascii	"\333\364x\245\000\265&S\024\354\001\002\277@0\265\030"
 190      00B52653 
 190      14EC0102 
 190      BF4030B5 
 190      18
 191 01c1 9BF82E80 		.ascii	"\233\370.\200n\200\335\320\205\376\354\203)\250\035"
 191      6E80DDD0 
 191      85FEEC83 
 191      29A81D
ARM GAS  /tmp/ccNp95ub.s 			page 14


 192 01d0 5FD49EEC 		.ascii	"_\324\236\354F\2461c;\353\367\024\0224\"\320\0144\016"
 192      46A63163 
 192      3BEBF714 
 192      123422D0 
 192      0C340E
 193 01e3 7ED8557C 		.ascii	"~\330U|\277\354\205\017\357\242\210\226\015\375;\307"
 193      BFEC850F 
 193      EFA28896 
 193      0DFD3BC7 
 194 01f3 90BFB0F6 		.ascii	"\220\277\260\366\371\204\375?\021\356\201\211F\242)"
 194      F984FD3F 
 194      11EE8189 
 194      46A229
 195 0202 F3862FF7 		.ascii	"\363\206/\367`\362V\"g4\264\326\230 \310\274\213\272"
 195      60F25622 
 195      6734B4D6 
 195      9820C8BC 
 195      8BBA
 196 0214 507D2AE3 		.ascii	"P}*\343w\333\372\251Q\245`\206\022\315\250@3\276\023"
 196      77DBFAA9 
 196      51A56086 
 196      12CDA840 
 196      33BE13
 197 0227 15254ED9 		.ascii	"\025%N\331\030\257x\376U\202C\350\344At\022\016C\020"
 197      18AF78FE 
 197      558243E8 
 197      E4417412 
 197      0E4310
 198 023a 9D94E2E0 		.ascii	"\235\224\342\340\000v\356\307N\234e\317\316\324\\w\362"
 198      0076EEC7 
 198      4E9C65CF 
 198      CED45C77 
 198      F2
 199 024b 3D354076 		.ascii	"=5@v\036\277z\305\004\346 \227\372e.\364\271-o\263\246"
 199      1EBF7AC5 
 199      04E62097 
 199      FA652EF4 
 199      B92D6FB3 
 200 0260 38572B8A 		.ascii	"8W+\212\014G\321\226#\232-h\032\017\350\206\303W_\371"
 200      0C47D196 
 200      239A2D68 
 200      1A0FE886 
 200      C3575FF9 
 201 0274 915C6093 		.ascii	"\221\\`\223d\026\347<!\243MR1\352$\267\367N\333s\221"
 201      6416E73C 
 201      21A34D52 
 201      31EA24B7 
 201      F74EDB73 
 202 0289 3A5C8E93 		.ascii	":\\\216\223\034\323&9\252Nr<k\360\220l\242{\206\"0\227"
 202      1CD32639 
 202      AA4E723C 
 202      6BF0906C 
 202      A27B8622 
 203 029f D8575F36 		.ascii	"\330W_6\324KF\315\372q\226\365J\020i\337\230S\242\310"
 203      D44B46CD 
 203      FA7196F5 
 203      4A1069DF 
ARM GAS  /tmp/ccNp95ub.s 			page 15


 203      9853A2C8 
 204 02b3 98F61E96 		.ascii	"\230\366\036\226\366\300k%\212\202^)&\212\203bm\306"
 204      F6C06B25 
 204      8A825E29 
 204      268A8362 
 204      6DC6
 205 02c5 6263DEAB 		.ascii	"bc\336\253X\336O\277,\361%M\314G\250,<\367\215`j\371"
 205      58DE4FBF 
 205      2CF1254D 
 205      CC47A82C 
 205      3CF78D60 
 206 02db 7586521D 		.ascii	"u\206R\035\247\320\360\320\365S\255\361T\033yN0\236"
 206      A7D0F0D0 
 206      F553ADF1 
 206      541B794E 
 206      309E
 207 02ed 4D0707B2 		.ascii	"M\007\007\262\334H\033'j<r\247\325]0\325|<\314D-\252"
 207      DC481B27 
 207      6A3C72A7 
 207      D55D30D5 
 207      7C3CCC44 
 208 0303 D1986A8C 		.ascii	"\321\230j\214L\265\214\251\350is\211\017\351\345L7\366"
 208      4CB58CA9 
 208      E8697389 
 208      0FE9E54C 
 208      37F6
 209 0315 9FBD2DEB 		.ascii	"\237\275-\353CA\243\244\305\242n\304\016(>\220?S\314"
 209      4341A3A4 
 209      C5A26EC4 
 209      0E283E90 
 209      3F53CC
 210 0328 EACC9A90 		.ascii	"\352\314\232\220\252n\000\004\301Im\332\223\306i\235"
 210      AA6E0004 
 210      C1496DDA 
 210      93C6699D 
 211 0338 6CDAC7EB 		.ascii	"l\332\307\353\036f\373\221\207|\332\254\203)\033|(\025"
 211      1E66FB91 
 211      877CDAAC 
 211      83291B7C 
 211      2815
 212 034a A6B0BBEA 		.ascii	"\246\260\273\352\223\254\375\275J\242\231m88\2451\235"
 212      93ACFDBD 
 212      4AA2996D 
 212      3838A531 
 212      9D
 213 035b A24CB451 		.ascii	"\242L\264Q\317\030\272\007[\273\274\275\223\207\027"
 213      CF18BA07 
 213      5BBBBCBD 
 213      938717
 214 036a 0883AB6B 		.ascii	"\010\203\253kD\202\323\340\315\300X#\370\310\265\264"
 214      4482D3E0 
 214      CDC05823 
 214      F8C8B5B4 
 215 037a 2A4FBE6B 		.ascii	"*O\276k\256\320\0313\313\2376\270q\331\203\016?(<\342"
 215      AED01933 
 215      CB9F36B8 
 215      71D9830E 
ARM GAS  /tmp/ccNp95ub.s 			page 16


 215      3F283CE2 
 216 038e C3775135 		.ascii	"\303wQ5\035\276p+'\301\233\0177S\271\366\362\251G&R"
 216      1DBE702B 
 216      27C19B0F 
 216      3753B9F6 
 216      F2A94726 
 217 03a3 CC0F97C4 		.ascii	"\314\017\227\304\242\224ZbN\244\021\372\220\345O\023"
 217      A2945A62 
 217      4EA411FA 
 217      90E54F13 
 218 03b3 D4F8B2C9 		.ascii	"\324\370\262\311\215\034\346\352?\326\035v\212\015\\"
 218      8D1CE6EA 
 218      3FD61D76 
 218      8A0D5C
 219 03c2 4FE52DC7 		.ascii	"O\345-\307j\313\275\310Q>x#\371z\255;\251\344\202j\225"
 219      6ACBBDC8 
 219      513E7823 
 219      F97AAD3B 
 219      A9E4826A 
 220 03d7 BFB02AEB 		.ascii	"\277\260*\353\352\263\006 '\370`\371\221\012\247\360"
 220      EAB30620 
 220      27F860F9 
 220      910AA7F0 
 221 03e7 609AEE24 		.ascii	"`\232\356$\363\347'Y\351\255\323N3wH\001\272\326Z:f"
 221      F3E72759 
 221      E9ADD34E 
 221      33774801 
 221      BAD65A3A 
 222 03fc 1127D7AC 		.ascii	"\021'\327\254\351\337\277[8G\250;\031\375\315~\324\035"
 222      E9DFBF5B 
 222      3847A83B 
 222      19FDCD7E 
 222      D41D
 223 040e 45C411FB 		.ascii	"E\304\021\373\2650^\245;\007,\223\240\235\273\3226X"
 223      B5305EA5 
 223      3B072C93 
 223      A09DBBD2 
 223      3658
 224 0420 D7EEE6BF 		.ascii	"\327\356\346\277\221\2411\333&\266\235\257 \274\225"
 224      91A131DB 
 224      26B69DAF 
 224      20BC95
 225 042f C13BC05F 		.ascii	"\301;\300_Ub\307m\332\003_=\370\334\373\300\373\362"
 225      5562C76D 
 225      DA035F3D 
 225      F8DCFBC0 
 225      FBF2
 226 0441 F2B79A49 		.ascii	"\362\267\232I\0037r\373\223\316>\221\260 \024w=/\217"
 226      033772FB 
 226      93CE3E91 
 226      B0201477 
 226      3D2F8F
 227 0454 F72067F9 		.ascii	"\367 g\371\330\346\343;\232\306\220\026.\250\007\240"
 227      D8E6E33B 
 227      9AC69016 
 227      2EA807A0 
 228 0464 3F3B0021 		.ascii	"?;\000!\256\3653r\231\217T\245n\352\004\322\316\205"
ARM GAS  /tmp/ccNp95ub.s 			page 17


 228      AEF53372 
 228      998F54A5 
 228      6EEA04D2 
 228      CE85
 229 0476 0709377B 		.ascii	"\007\0117{D|&\242\230v\346^ \351\346Co\352k\003\311"
 229      447C26A2 
 229      9876E65E 
 229      20E9E643 
 229      6FEA6B03 
 230 048b 4DDE7696 		.ascii	"M\336v\226\026\354\006r\217\013\375\231\316{f\362\220"
 230      16EC0672 
 230      8F0BFD99 
 230      CE7B66F2 
 230      90
 231 049c 0BD92D3F 		.ascii	"\013\331-?\035\365 \375\\\3305\230\276\313\233\014p"
 231      1DF520FD 
 231      5CD83598 
 231      BECB9B0C 
 231      70
 232 04ad E162D9A5 		.ascii	"\341b\331\245D/\362J,\216\003\007\266y\021\2050!\256"
 232      442FF24A 
 232      2C8E0307 
 232      B6791185 
 232      3021AE
 233 04c0 BC2D557C 		.ascii	"\274-U|mz\250\334\233\337\233\355)\262\342\216rrK\343"
 233      6D7AA8DC 
 233      9BDF9BED 
 233      29B2E28E 
 233      72724BE3 
 234 04d4 0090040E 		.ascii	"\000\220\004\016N.\275\320e\0325\017\217\325<LciH\253"
 234      4E2EBDD0 
 234      651A350F 
 234      8FD53C4C 
 234      636948AB 
 235 04e8 4C3BEC6B 		.ascii	"L;\354kLC#\242\3170t?\213\354c5\262\3157\363\362M\306"
 235      4C4323A2 
 235      CF30743F 
 235      8BEC6335 
 235      B2CD37F3 
 236 04ff 3C8C869E 		.ascii	"<\214\206\236\3600\371\3043\037\010\010\010\030\027"
 236      F030F9C4 
 236      331F0808 
 236      081817
 237 050e A07B82D8 		.ascii	"\240{\202\330;WI\210W\252\317\365MK\314;\273N\311\256"
 237      3B574988 
 237      57AACFF5 
 237      4D4BCC3B 
 237      BB4EC9AE 
 238 0522 01467509 		.ascii	"\001Fu\0117\351\000\214\323\366\301E\306{\210\276%\256"
 238      37E9008C 
 238      D3F6C145 
 238      C67B88BE 
 238      25AE
 239 0534 529344F0 		.ascii	"R\223D\360`BW)\376\254\021\337\364\016\376n\242\016"
 239      60425729 
 239      FEAC11DF 
 239      F40EFE6E 
ARM GAS  /tmp/ccNp95ub.s 			page 18


 239      A20E
 240 0546 7FC1883F 		.ascii	"\177\301\210?\317\360!\024\236*\274\232e\222\340!\216"
 240      CFF02114 
 240      9E2ABC9A 
 240      6592E021 
 240      8E
 241 0557 3F604314 		.ascii	"?`C\024\215\273\020\022\344 x\001\0010\210E\221\003"
 241      8DBB1012 
 241      E4207801 
 241      01308845 
 241      9103
 242 0569 E035D643 		.ascii	"\3405\326CX\022\261\375\012\353x\254\337`\275\012\353"
 242      5812B1FD 
 242      0AEB78AC 
 242      DF60BD0A 
 242      EB
 243 057a D558D660 		.ascii	"\325X\326`y\213r\022\326O\261~\216%\016\333/\261~\206"
 243      798B7212 
 243      D64FB17E 
 243      8E250EDB 
 243      2FB17E86 
 244 058e 65AD1CC0 		.ascii	"e\255\034\300\316 n\344\320\2775\033\357\033m\264\030"
 244      CE206EE4 
 244      D0BF351B 
 244      EF1B6DB4 
 244      18
 245 059f 5DEAD7A1 		.ascii	"]\352\327\241\377\343\022\035\242\201[Vj\340>#\270\025"
 245      FFE3121D 
 245      A2815B56 
 245      6AE03E23 
 245      B815
 246 05b1 0CE8217D 		.ascii	"\014\350!}\264\232]GW\007\277\256#\277mD\3374\242\033"
 246      B49A5D47 
 246      5707BFAE 
 246      23BF6D44 
 246      DF34A21B 
 247 05c5 74E8BB46 		.ascii	"t\350\273F\364\231w2\327\257\203\367\032\341\327\215"
 247      F4997732 
 247      D7AF83F7 
 247      1AE1D78D 
 248 05d5 E42D7ACB 		.ascii	"\344-z\313\273\214\360\313Fx\215\216\374\236k[\364a"
 248      BB8CF0CB 
 248      46788D8E 
 248      FC9E6B5B 
 248      F461
 249 05e7 D1A16FB8 		.ascii	"\321\241o\2706e\204\345z[Z\\\257\271\021kTG\177\313"
 249      366584E5 
 249      7A5B5A5C 
 249      AFB9116B 
 249      54477FCB 
 250 05fb 7518399C 		.ascii	"u\0309\234_N\036\274\361_\245(@a\222\370\246iK\311\231"
 250      5F4E1EBC 
 250      F15FA528 
 250      406192F8 
 250      A6694BC9 
 251 0610 48CAF02E 		.ascii	"H\312\360.\221\344\316\330\256\031\331\272\337I\212"
 251      91E4CED8 
ARM GAS  /tmp/ccNp95ub.s 			page 19


 251      AE19D9BA 
 251      DF498A
 252 061f DED61ED7 		.ascii	"\336\326\036\327\360a[W!>\211\254b\370'\340\017\217"
 252      F0615B57 
 252      213E89AC 
 252      62F827E0 
 252      0F8F
 253 0631 045E3D02 		.ascii	"\004^=\002\240\301H\337\256s\355\216\353\345\247goO"
 253      A0C148DF 
 253      AE73ED8E 
 253      EBE5A767 
 253      6F4F
 254 0643 14EC9DC8 		.ascii	"\024\354\235\310\336&\360\352A/\262\310\361\364\276"
 254      DE26F0EA 
 254      412FB2C8 
 254      F1F4BE
 255 0652 DB78B9C0 		.ascii	"\333x\271\300\227T\260SO\256\371\271\"\003/\254\343"
 255      9754B053 
 255      4FAEF9B9 
 255      22032FAC 
 255      E3
 256 0663 78882E27 		.ascii	"x\210.'\221x\032\242u\3628H\226\207\277\3744b\256w:"
 256      91781AA2 
 256      75F23848 
 256      9687BFFC 
 256      3462AE77 
 257 0678 FC881BFC 		.ascii	"\374\210\033\374\377\275\331\3517\242o\3035Y\177\331"
 257      FFBDD9E9 
 257      37A26FC3 
 257      35597FD9 
 258 0688 A0166AA7 		.ascii	"\240\026j\247\363z\231_6\260Fp\316\301\247\231>\244"
 258      F37A995F 
 258      36B04670 
 258      CEC1A799 
 258      3EA4
 259 069a 9E1FEB25 		.ascii	"\236\037\353%\347O\245\370\342\335\246\272\207\336m"
 259      E74FA5F8 
 259      E2DDA6BA 
 259      87DE6D
 260 06a9 020AAFF4 		.ascii	"\002\012\257\364*\012\362$\000\2772\246h^bs\344Mi\203"
 260      2A0AF224 
 260      00BF32A6 
 260      685E6273 
 260      E44D6983 
 261 06bd 4CEF3975 		.ascii	"L\3579u\265g\316y\223\253\234-\357nY\255\370\352\373"
 261      B567CE79 
 261      93AB9C2D 
 261      EF6E59AD 
 261      F8EAFB
 262 06d0 A0D891BB 		.ascii	"\240\330\221\273%\337\304?(w\350pN\323\223t3\351\343"
 262      25DFC43F 
 262      2877E870 
 262      4ED39374 
 262      33E9E3
 263 06e3 D89777B6 		.ascii	"\330\227w\266\264\001\307R\253j\357\037\032\030\375"
 263      B401C752 
 263      AB6AEF1F 
ARM GAS  /tmp/ccNp95ub.s 			page 20


 263      1A18FD
 264 06f2 3B9F268B 		.ascii	";\237&\213\357\313\026\231}`.\015V\016y\223~\306d\352"
 264      EFCB1699 
 264      7D602E0D 
 264      560E7993 
 264      7EC664EA 
 265 0706 C9EBBFE7 		.ascii	"\311\353\277\347\016A\223\000\314Xv\251\377\253$\310"
 265      0E419300 
 265      CC5876A9 
 265      FFAB24C8 
 266 0716 90CD902E 		.ascii	"\220\315\220.\023\365\177i\246\202\364\217V\322n\376"
 266      13F57F69 
 266      A682F48F 
 266      56D26EFE 
 267 0726 F7E251AE 		.ascii	"\367\342Q\256B&J\020\312>[\260\025\363\223\301\346\311"
 267      42264A10 
 267      CA3E5BB0 
 267      15F393C1 
 267      E6C9
 268 0738 9427C136 		.ascii	"\224'\3016\234(S\361`=8\341\321\346\262\355^\3327\012"
 268      9C2853F1 
 268      603D38E1 
 268      D1E6B2ED 
 268      5EDA370A 
 269 074c 18F726C4 		.ascii	"\030\367&\304\245\312\324\276\355\262\277j%\273\206"
 269      A5CAD4BE 
 269      EDB2BF6A 
 269      25BB86
 270 075b 37E56CF7 		.ascii	"7\345l\3674\2139\022\337;\007\242\017\266\255\331\346"
 270      348B3912 
 270      DF3B07A2 
 270      0FB6ADD9 
 270      E6
 271 076c A9E7FEE9 		.ascii	"\251\347\376\351}\334)\333\273V\303\324<\245\271\032"
 271      7DDC29DB 
 271      BB56C3D4 
 271      3CA5B91A 
 272 077c AFF83581 		.ascii	"\257\3705\201\007\342\252\225\370Y\260C\366\207\315"
 272      07E2AA95 
 272      F859B043 
 272      F687CD
 273 078b 982CBCC7 		.ascii	"\230,\274\307\353T7b\317\"\374K\375\263<\0255\257\276"
 273      EB543762 
 273      CF22FC4B 
 273      FDB33C15 
 273      35AFBE
 274 079e 2DCBF621 		.ascii	"-\313\366!\003<\374k\222\343\016\270\017'~F\221.\361"
 274      033CFC6B 
 274      92E30EB8 
 274      0F277E46 
 274      912EF1
 275 07b1 F4A69AA5 		.ascii	"\364\246\232\245%>\313\230\370l\226\370\252\276\235"
 275      253ECB98 
 275      F86C96F8 
 275      AABE9D
 276 07c0 99269264 		.ascii	"\231&\222dblC\035\353\222\374\004[C0\277"
 276      626C431D 
ARM GAS  /tmp/ccNp95ub.s 			page 21


 276      EB92FC04 
 276      5B4330BF 
 277 07d0 E3E7F03B 		.ascii	"\343\347\360;~\216\306\224cd\312eL\025\235\257\333\010"
 277      7E8EC694 
 277      6364CA65 
 277      4C159DAF 
 277      DB08
 278 07e2 C9E44CAD 		.ascii	"\311\344L\255m\011ebYx\351n\306\343\305\315\370\365"
 278      6D096562 
 278      5978E96E 
 278      C6E3C5CD 
 278      F8F5
 279 07f4 A3E6D7E2 		.ascii	"\243\346\327\342vhF\361X\334\376n\267QW\315nu\325\354"
 279      766846F1 
 279      58DCFE6E 
 279      B75157CD 
 279      6E75D5EC 
 280 0808 E2816E4B 		.ascii	"\342\201nKy\336a2&1\037\243\265\223E\253\200\005z\267"
 280      79DE6132 
 280      26311FA3 
 280      B59345AB 
 280      80057AB7 
 281 081c 1AE8DAB6 		.ascii	"\032\350\332\266\247\025>\306\264\214\212>s\370V\360"
 281      A7153EC6 
 281      B48C8A3E 
 281      73F856F0 
 282 082c 7056FE24 		.ascii	"pV\376$\262\262Gd\005\377\313\3504\363DV~aY)\335\232"
 282      B2B24764 
 282      05FFCBE8 
 282      34F34456 
 282      7E615929 
 283 0842 F62929E0 		.ascii	"\366))\340\316o\274\235\232\356\241%\245\270_K\012\375"
 283      CE6FBC9D 
 283      9AEEA125 
 283      A5B85F4B 
 283      0AFD
 284 0854 DF52A885 		.ascii	"\337R\250\205\262\320\030\312\"\026\312\263\227\332"
 284      B2D018CA 
 284      2216CAB3 
 284      97DA
 285 0862 EB6452C6 		.ascii	"\353dR\306\331\326\036k\316\362\032\266\351S\203M\316"
 285      D9D61E6B 
 285      CEF21AB6 
 285      E953834D 
 285      CE
 286 0873 1136ED15 		.ascii	"\0216\355\0256\355\223\247J\356v\307\374\230(\207\307"
 286      36ED93A7 
 286      4AEE76C7 
 286      FC982887 
 286      C7
 287 0884 BC2FFF3E 		.ascii	"\274/\377>9,$D\37288\330\302\177\313\354\226%\341\321"
 287      392C2444 
 287      FA3838D8 
 287      C27FCBEC 
 287      9625E1D1 
 288 0898 167B6C04 		.ascii	"\026{l\004\255mvGp\204\344mw,t\204\307:fG\207\307.5"
 288      AD6D7647 
ARM GAS  /tmp/ccNp95ub.s 			page 22


 288      7084E46D 
 288      772C7484 
 288      C73A6647 
 289 08b0 DB6C2BA2 		.ascii	"\333l+\242b\034\241\323m\216?XV\330c-Q1\021\321+\026"
 289      621CA1D3 
 289      6D8E3F58 
 289      56D8632D 
 289      513111D1 
 290 08c6 475A6222 		.ascii	"GZb\"\377\025\035\365\255eix\304\222\250\230H\213mq"
 290      FF151DF5 
 290      AD656978 
 290      C492A898 
 290      488B6D71 
 291 08da E477E12B 		.ascii	"\344w\341+\242\0356\307\017\313#\355\301K$\017Um\212"
 291      A21D36C7 
 291      0FCB23ED 
 291      C14B240F 
 291      556D8A
 292 08ed 2B35FB0F 		.ascii	"+5\373\017v\013\316\266\0301\210\365D\321\021\2654\322"
 292      760BCEB6 
 292      183188F5 
 292      44D111B5 
 292      34D2
 293 08ff E698ACB7 		.ascii	"\346\230\254\267,\3261\254\026\261\204\216#\324\213"
 293      2CD631AC 
 293      16B1848E 
 293      23D48B
 294 090e 1AB76C39 		.ascii	"\032\267l9\267\015\333\221\016\2659O4\021a\213\216^"
 294      B70DDB91 
 294      0EB5394F 
 294      3411618B 
 294      8E5E
 295 0920 6C8B428F 		.ascii	"l\213B\217C\215\216._\026\353\260[\026.Z\020:\335\362"
 295      438D8E2E 
 295      5F16EBB0 
 295      5B162E5A 
 295      103ADDF2 
 296 0934 C517732C 		.ascii	"\305\027s,\213\346/\370>D\270N\265p\006\267\260\260"
 296      8BE62FF8 
 296      3E44B84E 
 296      B57006B7 
 296      B0B0
 297 0946 05D650F9 		.ascii	"\005\326P\371+\253i\316\202\331V2'\314j\372l\316\"+"
 297      2BAB69CE 
 297      82D95632 
 297      27CC6AFA 
 297      6CCE222B 
 298 095a 090BB312 		.ascii	"\011\013\263\022+\226\331V+\371\333\3020\022\366\345"
 298      2B96D956 
 298      2BF9DBC2 
 298      3012F6E5 
 299 096a 225358D8 		.ascii	"\"SX\330\\+\303Og\357\0202w\236U^\210\232\363\347ZM"
 299      5C2BC34F 
 299      67EF1032 
 299      779E555E 
 299      889AF3E7 
 300 0980 0B17203A 		.ascii	"\013\027 :\314:\035K\010\"\377a\235\376a\326\330\035"
ARM GAS  /tmp/ccNp95ub.s 			page 23


 300      CC3A1D4B 
 300      0822FF61 
 300      9DFE61D6 
 300      D81D
 301 0992 4B69DCA2 		.ascii	"Ki\334\242\226rw\205`s\370\013\307\35449\266p\352\253"
 301      96727785 
 301      6073F80B 
 301      C7EC3439 
 301      B670EAAB 
 302 09a6 8FCDF6DD 		.ascii	"\217\315\366\335\212\230\010\233-x\346\037Cgz\250\222"
 302      8A98089B 
 302      2D78E61F 
 302      43677AA8 
 302      92
 303 09b7 29624978 		.ascii	")bIx\354G\303\360e\3139z\254\332\023\351B}\306\014u"
 303      EC47C3F0 
 303      65CB397A 
 303      ACDA13E9 
 303      427DC60C 
 304 09cc F89F2E87 		.ascii	"\370\237.\207\377\374_e#\326\301"
 304      FFFC5F65 
 304      23D6C1
 305              		.text
 306              		.section	.gnu.lto_.symtab.d0152bc7df680fcf,"",%progbits
 307 0000 7374496E 		.ascii	"stInit\000"
 307      697400
 308 0007 00       		.ascii	"\000"
 309 0008 00       		.ascii	"\000"
 310 0009 00       		.ascii	"\000"
 311 000a 00000000 		.ascii	"\000\000\000\000\000\000\000\000"
 311      00000000 
 312 0012 AE000000 		.ascii	"\256\000\000\000"
 313 0016 73745374 		.ascii	"stStartAlarm\000"
 313      61727441 
 313      6C61726D 
 313      00
 314 0023 00       		.ascii	"\000"
 315 0024 00       		.ascii	"\000"
 316 0025 00       		.ascii	"\000"
 317 0026 00000000 		.ascii	"\000\000\000\000\000\000\000\000"
 317      00000000 
 318 002e BF000000 		.ascii	"\277\000\000\000"
 319 0032 73745374 		.ascii	"stStopAlarm\000"
 319      6F70416C 
 319      61726D00 
 320 003e 00       		.ascii	"\000"
 321 003f 00       		.ascii	"\000"
 322 0040 00       		.ascii	"\000"
 323 0041 00000000 		.ascii	"\000\000\000\000\000\000\000\000"
 323      00000000 
 324 0049 C1000000 		.ascii	"\301\000\000\000"
 325 004d 73745365 		.ascii	"stSetAlarm\000"
 325      74416C61 
 325      726D00
 326 0058 00       		.ascii	"\000"
 327 0059 00       		.ascii	"\000"
 328 005a 00       		.ascii	"\000"
ARM GAS  /tmp/ccNp95ub.s 			page 24


 329 005b 00000000 		.ascii	"\000\000\000\000\000\000\000\000"
 329      00000000 
 330 0063 C3000000 		.ascii	"\303\000\000\000"
 331 0067 73744765 		.ascii	"stGetAlarm\000"
 331      74416C61 
 331      726D00
 332 0072 00       		.ascii	"\000"
 333 0073 00       		.ascii	"\000"
 334 0074 00       		.ascii	"\000"
 335 0075 00000000 		.ascii	"\000\000\000\000\000\000\000\000"
 335      00000000 
 336 007d C6000000 		.ascii	"\306\000\000\000"
 337 0081 73745F6C 		.ascii	"st_lld_init\000"
 337      6C645F69 
 337      6E697400 
 338 008d 00       		.ascii	"\000"
 339 008e 02       		.ascii	"\002"
 340 008f 00       		.ascii	"\000"
 341 0090 00000000 		.ascii	"\000\000\000\000\000\000\000\000"
 341      00000000 
 342 0098 C8000000 		.ascii	"\310\000\000\000"
 343              		.text
 344              		.section	.gnu.lto_.opts,"",%progbits
 345 0000 272D666D 		.ascii	"'-fmath-errno' '-fsigned-zeros' '-ftrapping-math' '"
 345      6174682D 
 345      6572726E 
 345      6F272027 
 345      2D667369 
 346 0033 2D666E6F 		.ascii	"-fno-trapv' '-fno-openmp' '-fno-openacc' '-mcpu=cor"
 346      2D747261 
 346      70762720 
 346      272D666E 
 346      6F2D6F70 
 347 0066 7465782D 		.ascii	"tex-m4' '-mno-thumb-interwork' '-mthumb' '-ggdb' '-"
 347      6D342720 
 347      272D6D6E 
 347      6F2D7468 
 347      756D622D 
 348 0099 4F322720 		.ascii	"O2' '-fomit-frame-pointer' '-falign-functions=16' '"
 348      272D666F 
 348      6D69742D 
 348      6672616D 
 348      652D706F 
 349 00cc 2D666675 		.ascii	"-ffunction-sections' '-fdata-sections' '-fno-common"
 349      6E637469 
 349      6F6E2D73 
 349      65637469 
 349      6F6E7327 
 350 00ff 2720272D 		.ascii	"' '-flto'\000"
 350      666C746F 
 350      2700
 351              		.text
 352              		.comm	__gnu_lto_v1,1,1
 353              		.comm	__gnu_lto_slim,1,1
 354              		.ident	"GCC: (15:6.3.1+svn253039-1build1) 6.3.1 20170620"
ARM GAS  /tmp/ccNp95ub.s 			page 25


DEFINED SYMBOLS
                            *ABS*:0000000000000000 hal_st.c
                            *COM*:0000000000000001 __gnu_lto_v1
                            *COM*:0000000000000001 __gnu_lto_slim

NO UNDEFINED SYMBOLS
