ARM GAS  /tmp/ccwpIcNB.s 			page 1


   1              		.cpu cortex-m4
   2              		.eabi_attribute 20, 1
   3              		.eabi_attribute 21, 1
   4              		.eabi_attribute 23, 3
   5              		.eabi_attribute 24, 1
   6              		.eabi_attribute 25, 1
   7              		.eabi_attribute 26, 1
   8              		.eabi_attribute 30, 2
   9              		.eabi_attribute 34, 1
  10              		.eabi_attribute 18, 4
  11              		.file	"hal_pal.c"
  12              		.text
  13              	.Ltext0:
  14              		.section	.gnu.lto_.profile.581ee952386373a1,"",%progbits
  15 0000 789C6365 		.ascii	"x\234ce`b`a```d\320\220\001\000\000\354\000Q"
  15      60626061 
  15      60606064 
  15      D0900100 
  15      00EC0051 
  16              		.text
  17              		.section	.gnu.lto_.icf.581ee952386373a1,"",%progbits
  18 0000 789C6365 		.ascii	"x\234ce`b\020a@\000f\206\343\227n\235fc\334\276\377"
  18      60621061 
  18      40006686 
  18      E3976E9D 
  18      6663DCBE 
  19 0015 D00F76A6 		.ascii	"\320\017v\246u;\036\256\342e\000\000hQ\011\233"
  19      753B1EAE 
  19      E2650000 
  19      6851099B 
  20              		.text
  21              		.section	.gnu.lto_.jmpfuncs.581ee952386373a1,"",%progbits
  22 0000 789C6365 		.ascii	"x\234ce`bPb@\000f\006FF\306zF&FF\346\372z&0\305\310"
  22      60625062 
  22      40006606 
  22      4646C67A 
  22      46264646 
  23 001b 069162AA 		.ascii	"\006\221b\252d\004Q\0009\324\002\300"
  23      64045100 
  23      39D402C0 
  24              		.text
  25              		.section	.gnu.lto_.inline.581ee952386373a1,"",%progbits
  26 0000 789C6365 		.ascii	"x\234ce`b\370\316\200\000\314\014\014\234\034\214\314"
  26      6062F8CE 
  26      8000CC0C 
  26      0C9C1C8C 
  26      CC
  27 0011 0C0A8C20 		.ascii	"\014\012\214 &\210t\000\223\012\034l\037\364\030\330"
  27      26887400 
  27      930A1C6C 
  27      1FF418D8 
  28 0021 16C83331 		.ascii	"\026\310310\276`g\201\220 \202\003\314\344\000\021\002"
  28      30BE6067 
  28      81902082 
  28      03CCE400 
  28      1102
  29 0033 60A600C8 		.ascii	"`\246\000\310\030F\006>^F\026\210)\214@\022b\224\002"
ARM GAS  /tmp/ccwpIcNB.s 			page 2


  29      1846063E 
  29      5E461688 
  29      298C4012 
  29      629402
  30 0046 C4406EA6 		.ascii	"\304@n\246\013\374\030F\001\305P\014aY /\001b)010\357"
  30      0BFC1846 
  30      01C5500C 
  30      6159202F 
  30      01622930 
  31 005d 10576000 		.ascii	"\020W`\000Zo\0012\231\211\201[\030\305}PC9\201r\304"
  31      5A6F0132 
  31      9989815B 
  31      18C57D50 
  31      43398172 
  32 0072 390F6893 		.ascii	"9\017h\223\004\310$\026^\240w'\370\201 \003\000\006"
  32      04C82416 
  32      5EA07727 
  32      F8812003 
  32      0006
  33 0084 0820CB   		.ascii	"\010 \313"
  34              		.text
  35              		.section	.gnu.lto_.pureconst.581ee952386373a1,"",%progbits
  36 0000 789C6365 		.ascii	"x\234ce`b`g```f\220b\224b\222\004\000\001\307\000b"
  36      60626067 
  36      60606066 
  36      90629462 
  36      92040001 
  37              		.text
  38              		.section	.gnu.lto_palReadBus.581ee952386373a1,"",%progbits
  39 0000 789C9591 		.ascii	"x\234\225\221KK[Q\020\307\347\177\347\346\336\033\215"
  39      4B4B5B51 
  39      10C7E77F 
  39      E7E6DE1B 
  39      8D
  40 0011 7E810649 		.ascii	"~\201\006IA\0207\271\337\302\257Q\254\233.\204\212\301"
  40      411037B9 
  40      DFC2AF51 
  40      AC9B2E84 
  40      8AC1
  41 0023 B5275153 		.ascii	"\265'QS\265\370@\252\261\266\361.\212h|\324G\037\210"
  41      B5F840AA 
  41      B1B6F12E 
  41      8A687CD4 
  41      471F88
  42 0036 AB601682 		.ascii	"\253`\026\202P_\0337\226\226v\225\205\213\246B7E\235"
  42      505F1B37 
  42      96967695 
  42      858BA642 
  42      37459D
  43 0049 3951C8C2 		.ascii	"9Q\310\302\215p\317\314\23133\2773\377{b\344P\306!j"
  43      8D70CFCC 
  43      993333BF 
  43      33FF7B62 
  43      E450C621 
  44 005e 27A227B2 		.ascii	"'\242'\262\300\004g\372\210(\0338\200nL\000\032t0\210"
  44      C00467FA 
  44      88281B38 
ARM GAS  /tmp/ccwpIcNB.s 			page 3


  44      806E4C00 
  44      1A743088 
  45 0072 292E304E 		.ascii	").0N\207\267\336\363$GR\346J\370\347\333\302\357V\015"
  45      87B7DEF3 
  45      244752E6 
  45      4AF8E7DB 
  45      C2EF560D 
  46 0086 819484EF 		.ascii	"\201\224\204\357\314\331\230\337\271lL\316\224\0133"
  46      CCD998DF 
  46      B96C4CCE 
  46      940B33
  47 0095 DEE2CE89 		.ascii	"\336\342\316\211\211G\354\320[)_A\022\313H\352\035%"
  47      8947ECD0 
  47      5B295F41 
  47      12CB48EA 
  47      1D25
  48 00a7 744AF1C8 		.ascii	"tJ\361\310i!\317\374\024$\373\357?~\226\202\216%\333"
  48      6921CFFC 
  48      1424FBEF 
  48      3F7E9682 
  48      8E25DB
  49 00ba 78F5864D 		.ascii	"x\365\206M{\304\214Upc\243\034\021\326\320\241\365\277"
  49      7BC48C55 
  49      7063A31C 
  49      11D6D0A1 
  49      F5BF
  50 00cc B6AF675B 		.ascii	"\266\257g[<\367\003\223\262\005\271\016\017\3427\317"
  50      3CF70393 
  50      B205B90E 
  50      0FE237CF 
  51 00dc 5036D737 		.ascii	"P6\3277\257L\371b\011\305\256\270h\220\016\226^\327"
  51      AF4CF962 
  51      09C5AEB8 
  51      68900E96 
  51      5ED7
  52 00ee 15138B89 		.ascii	"\025\023\213\211\361<\335\371j\002\322\351h\\\020*\365"
  52      F13CDDF9 
  52      6A02D2E9 
  52      685C102A 
  52      F5
  53 00ff B504E2B9 		.ascii	"\265\004\342\271\212\334^u\242\342)\265\310*{nd\377"
  53      8ADC5E75 
  53      A2E229B5 
  53      C82A7B6E 
  53      64FF
  54 0111 D8579D6C 		.ascii	"\330W\235l\307\375wp8\232\210P\314\032cR\021\373Ev\260"
  54      C7FD7770 
  54      389A8850 
  54      CC1A6352 
  54      11FB4576 
  55 0126 A1DA24B7 		.ascii	"\241\332$\2678\277\373\2675\3340\3236\025\340#\"\314"
  55      38BFFBB7 
  55      35DC30D3 
  55      3615E023 
  55      22CC
  56 0138 EB8C844D 		.ascii	"\353\214\204M\204T\305\376^\274\016v\033\301\361\207"
  56      8454C5FE 
ARM GAS  /tmp/ccwpIcNB.s 			page 4


  56      5EBC0E76 
  56      1BC1F187 
  57 0148 C04D723B 		.ascii	"\300Mr;\266\356\300\347\265Z%!\340\341\254\246\232\261"
  57      B6EEC0E7 
  57      B55A2521 
  57      E0E1ACA6 
  57      9AB1
  58 015a 6DC1AA1A 		.ascii	"m\301\252\032;\026\234\273\007\307\0365b\002\237,\311"
  58      3B169CBB 
  58      07C71E35 
  58      62029F2C 
  58      C9
  59 016b 51D2674B 		.ascii	"Q\322gK\032\252\345QG\351\230\002l\244\373\217\242\267"
  59      1AAAE551 
  59      47E99802 
  59      6CA4FB8F 
  59      A2B7
  60 017d E08BA5DB 		.ascii	"\340\213\245\333W\372Z\247\377\277\247\007\366\002\237"
  60      57FA5AA7 
  60      FFBFA707 
  60      F6029F
  61 018c 2E914BDD 		.ascii	".\221K\335\235\350\217\032\027U\362\0162P[:\035\326"
  61      9DE88F1A 
  61      1755F20E 
  61      32505B3A 
  61      1DD6
  62 019e BF9799F0 		.ascii	"\277\227\231\360Ewo\230\351\357Q\377\254\257\2737\335"
  62      45776F98 
  62      E9EF51FF 
  62      ACAFBB37 
  62      DD
  63 01af 43FC7C20 		.ascii	"C\374| s\013m\261\310\341"
  63      730B6DB1 
  63      C8E1
  64              		.text
  65              		.section	.gnu.lto_palWriteBus.581ee952386373a1,"",%progbits
  66 0000 789C9553 		.ascii	"x\234\225SMk\023Q\024}g\356d2I&\251K\301\"\025\224\220"
  66      4D6B1351 
  66      147D67EE 
  66      64324926 
  66      A94BC122 
  67 0017 4DE65FB8 		.ascii	"M\346_\270\364/H\233\215BA1\272\356$6\251\264\250\005"
  67      F42F489B 
  67      8D424131 
  67      BAEE2436 
  67      A9B4A805 
  68 002b 3189D2E9 		.ascii	"1\211\322\351\210\2425jm\353g\323\205\204\270(HU\332"
  68      88A2356A 
  68      6DEB67D3 
  68      8584B828 
  68      4855DA
  69 003e 85AE44F1 		.ascii	"\205\256D\361\013\272\020j\025tQ\222\336\373\246\261"
  69      0BBA106A 
  69      15745192 
  69      DEFBA6B1 
  70 004e 55DC74C8 		.ascii	"U\334t\310\334\367\356\3079\357\336\363&\021e\250#\244"
  70      DCF7EEC7 
ARM GAS  /tmp/ccwpIcNB.s 			page 5


  70      39EFDEF3 
  70      261165A8 
  70      23A4
  71 0060 544629B5 		.ascii	"TF)\265\217_\220\2021\376J\251\202m\000\262\361l\250"
  71      8F5F9082 
  71      31FE4AA9 
  71      826D00B2 
  71      F16CA8
  72 0073 210343B8 		.ascii	"!\003C\270HUBk\344k\303\310Ly\3744\253?\255\262W\332"
  72      4855426B 
  72      E46BC3C8 
  72      4C79FC34 
  72      AB3FADB2 
  73 0089 1B30FC0A 		.ascii	"\0330\374\012\277\362`\012\031\256Z\036\236\235\240"
  73      BFF2600A 
  73      19AE5A1E 
  73      9E9DA0
  74 0098 0B141060 		.ascii	"\013\024\020`\262\373\375\345\325O)q\015\364\261[Z\256"
  74      B2FBFDE5 
  74      D54F2971 
  74      0DF4B15B 
  74      5AAE
  75 00aa 96890E40 		.ascii	"\226\211\016@\361\376\335\373\017u;}\323\363\212^s\343"
  75      F1FEDDFB 
  75      0F753B7D 
  75      D3F38A5E 
  75      73E3
  76 00bc 12790703 		.ascii	"\022y\007\003\"\334\0011!\352\350\305m\364*\016)\334"
  76      22DC0131 
  76      21EAE8C5 
  76      6DF42A0E 
  76      29DC
  77 00ce 459ACBFD 		.ascii	"E\232\313\375\366\365\305\004\035\322\320F0Q\267\266"
  77      F6F5C504 
  77      1DD2D046 
  77      3051B7B6 
  78 00de A04B150D 		.ascii	"\240K\025\0155q\357_\250\2510\215\264\324\177\234k_"
  78      3571EF5F 
  78      A8A9308D 
  78      B4D47F9C 
  78      6B5F
  79 00f0 4E5AE68D 		.ascii	"NZ\346\215n\273\270\017\013\274\316\254\240\351\265"
  79      6EBBB80F 
  79      0BBCCEAC 
  79      A0E9B5
  80 00ff 3B23DCC0 		.ascii	";#\334\300-t\016\367\360\334|\03016bB\300\021\336Z\226"
  80      2D740EF7 
  80      F0DC7C18 
  80      31366242 
  80      C011DE5A 
  81 0114 98A8189B 		.ascii	"\230\250\030\233M4&&.nB\214#&)F\251Q&\027\341\306\310"
  81      4D342626 
  81      2E6E428C 
  81      23262946 
  81      A9512617 
  82 012b 90955651 		.ascii	"\220\225VQ\\X}\226\223\343|\022\015+\245\326\353\250"
  82      5C587D96 
ARM GAS  /tmp/ccwpIcNB.s 			page 6


  82      93E37C12 
  82      0D2BA5D6 
  82      EBA8
  83 013d C8417A8E 		.ascii	"\310Az\216_\213/\3169\001\374\002k\332\027\220\355\263"
  83      5F8B2FCE 
  83      3901FC02 
  83      6BDA1790 
  83      EDB3
  84 014f 4C33DCBB 		.ascii	"L3\334\273\344&k\363?R\356\2647\256S1\314\"@Mk\2159"
  84      E4266BF3 
  84      3F52EEB4 
  84      37AE5331 
  84      CC22404D 
  85 0166 B88AA9DB 		.ascii	"\270\212\251\333e\204\314\021\237g\225\263b\241o\355"
  85      6584CC11 
  85      9F6795B3 
  85      62A16FED 
  86 0176 8A3A8E07 		.ascii	"\212:\216\007\232Z\004\301CM}v\243K\035\325\354\326"
  86      9A5A04C1 
  86      434D7D76 
  86      A34B1DD5 
  86      ECD6
  87 0188 4E767B57 		.ascii	"Nv{W\354\011<\322\354\206\260?\016\331+]\366X\310\266"
  87      EC093CD2 
  87      EC86B03F 
  87      0ED92B5D 
  87      F658C8B6 
  88 019c B2B6E427 		.ascii	"\262\266\344'D\225(\366\340\011\323p\315Z\267&\256\233"
  88      449528F6 
  88      E009D370 
  88      CD5AB726 
  88      AE9B
  89 01ae 88FDD555 		.ascii	"\210\375\325U\202\007\016\273\332\256st\330\226\330"
  89      82070EBB 
  89      DAAE7374 
  89      D896D8
  90 01bd EF6E2CA9 		.ascii	"\357n,\251\341\016\307Z\025\335\375\316+p\376w\005\214"
  90      E10EC75A 
  90      15DDFDCE 
  90      2B70FE77 
  90      058C
  91 01cf 203CDD9A 		.ascii	" <\335\232\344\355\372\372s\207'\031.H*\205y=\211\334"
  91      E4EDFAFA 
  91      73872719 
  91      2E482A85 
  91      793D89DC 
  92 01e3 0127C73E 		.ascii	"\001'\307>\177y\023\371\223\354A\003n\215\257\201\247"
  92      7F7913F9 
  92      93EC4103 
  92      6E8DAF81 
  92      A7
  93 01f4 5C80CB47 		.ascii	"\\\200\313G\253o(^\353\234\327\235\350?\310(+\314\037"
  93      AB6F285E 
  93      EB9CD79D 
  93      E83FC828 
  93      2BCC1F
  94 0207 050BB13F 		.ascii	"\005\013\261?\233u\303\337\211\274{\254\177\320\315"
ARM GAS  /tmp/ccwpIcNB.s 			page 7


  94      9B75C3DF 
  94      89BC7BAC 
  94      7FD0CD
  95 0216 9FCAC97A 		.ascii	"\237\312\311z\364d\377`6\247h\340L\336\0348~:\277\011"
  95      F464FF60 
  95      36A768E0 
  95      4CDE1C38 
  95      7E3ABF09 
  96 022a 5AAC0950 		.ascii	"Z\254\011P"
  97              		.text
  98              		.section	.gnu.lto_palSetBusMode.581ee952386373a1,"",%progbits
  99 0000 789C9592 		.ascii	"x\234\225\222\333KTQ\024\306\327\267\327\2319g\362\362"
  99      DB4B5451 
  99      14C6D7B7 
  99      D7993967 
  99      F2F2
 100 0012 1C243141 		.ascii	"\034$1A1\314\313\234?\303\177\301\267\3201\360\3010"
 100      31CCCB9C 
 100      3FC37FC1 
 100      B7D031F0 
 100      C130
 101 0024 1C7A9EED 		.ascii	"\034z\236\355\324\214b\240\202\331h4\235@\274U\3362"
 101      D48C62A0 
 101      82D96834 
 101      9D40BC55 
 101      DE32
 102 0036 A52982C1 		.ascii	"\245)\202\301\227\240\213\242\257\"EA *\024>\364b\326"
 102      97A08BA2 
 102      AF224541 
 102      202A143E 
 102      F462D6
 103 0049 5A7BF4A1 		.ascii	"Z{\364\241\336\334\234}_\337o\257\365qbd\250\323\020"
 103      DEDC9C7D 
 103      5FDF6FAF 
 103      F5716264 
 103      A8D310
 104 005c A589E892 		.ascii	"\245\211\350\222t0\301\214l\020\365\005\006\320\205"
 104      7430C18C 
 104      6C10F505 
 104      06D085
 105 006b 0D407983 		.ascii	"\015@y\203<\206\271\314X\357\377^5\351\031+\255V\336"
 105      3C86B9CC 
 105      58EFFF5E 
 105      35E9192B 
 105      AD56DE
 106 007e F64BB678 		.ascii	"\366K\266x1b\242\011\351\3320\203\264Dm\335]z\304C\034"
 106      3162A209 
 106      E9DA3083 
 106      B4446DDD 
 106      5D7AC443 
 107 0093 31E0C9F6 		.ascii	"1\340\311\366\347\247\207\337\232uk\220\224mq\253\\"
 107      E7A787DF 
 107      9A756B90 
 107      946D71AB 
 107      5C
 108 00a4 62BE0292 		.ascii	"b\276\002\222\365\356\347/sAj\312\332\202\255}\274\317"
 108      F5EEE72F 
ARM GAS  /tmp/ccwpIcNB.s 			page 8


 108      73416ACA 
 108      DA82AD7D 
 108      BCCF
 109 00b6 F66AC48C 		.ascii	"\366j\304\214\247`\001b\016-\230E\013\311\021\341\031"
 109      A7600162 
 109      0E2D9845 
 109      0BC911E1 
 109      19
 110 00c7 52127EB4 		.ascii	"R\022~\26425\332\300\327\234\364\303\320\333\266S\345"
 110      3235DAC0 
 110      D79CF4C3 
 110      D0DBB653 
 110      E5
 111 00d8 F198537A 		.ascii	"\361\230Szx\376\277\322#\314#\245\341_\227O\306\232"
 111      78FEBFD2 
 111      23CC23A5 
 111      E15F974F 
 111      C69A
 112 00ea E2DEE459 		.ascii	"\342\336\344Y\266X@\0342/n\243fO\376\364\333\332\301"
 112      B658401C 
 112      322F6EA3 
 112      664FFEF4 
 112      DBDAC1
 113 00fd 34765B13 		.ascii	"4v[\023R\266\274\305\242\215y2\304c2\370q]\371p,\032"
 113      52B6BCC5 
 113      A28D7932 
 113      C46332F8 
 113      715DF970 
 114 0113 14B93A73 		.ascii	"\024\271:s\217\215\316\274\207\302\353\275\303\254\002"
 114      8F8DCEBC 
 114      87C2EBBD 
 114      C3AC02
 115 0122 2BAC263D 		.ascii	"+\254&=(\256o\372Z/\273D\177\275{?\320\030\241\322'"
 115      28AE6FFA 
 115      5A2FBB44 
 115      7FBD7B3F 
 115      D018A1D2 
 116 0137 A625230E 		.ascii	"\246%#\016*\342\303\242d\247w\217\307_\0355\207\363"
 116      2AE2C3A2 
 116      64A7778F 
 116      C75F1D35 
 116      87F3
 117 0149 76C45D25 		.ascii	"v\304]%\260\204\010\343\316L,#$E'\352`\357\\\244\013"
 117      B08408E3 
 117      CE4C2C23 
 117      244527EA 
 117      60EF5CA4 
 118 015e 78E1485A 		.ascii	"x\341HZ!V\376%\305\316Ej\300KG2JZu\244;?J\250\2434/"
 118      2156FE25 
 118      C5CE456A 
 118      C04B4732 
 118      4A5A75A4 
 119 0179 01D23E4A 		.ascii	"\001\322>JI=Qy\265z\260\343\347\177\333 \342\306\011"
 119      493D5179 
 119      B57AB0E3 
 119      E77FDB20 
 119      E2C609
ARM GAS  /tmp/ccwpIcNB.s 			page 9


 120 018c 4D006BC8 		.ascii	"M\000k\310\2238\343\302\375\210\233\350\020\205'o\206"
 120      9338E3C2 
 120      FD889BE8 
 120      1085276F 
 120      86
 121 019d 1DC3FD36 		.ascii	"\035\303\3756\203\022&N\312\023\2273\231\260\376\365"
 121      8312264E 
 121      CA139733 
 121      99B0FEF5 
 122 01ad E4C2AEF6 		.ascii	"\344\302\256\366\3560\327\233\325\371\372\255\366\356"
 122      EE30D79B 
 122      D5F9FAAD 
 122      F6EE
 123 01bb 4C96B8E3 		.ascii	"L\226\270\343v\316\273\331\323y\343/K\315\306s"
 123      76CEBBD9 
 123      D379E32F 
 123      4BCDC673 
 124              		.text
 125              		.section	.gnu.lto_.symbol_nodes.581ee952386373a1,"",%progbits
 126 0000 789C6365 		.ascii	"x\234ce`b\010d\000\002\246\235L\365\014\014\023\316"
 126      60620864 
 126      0002A69D 
 126      4CF50C0C 
 126      13CE
 127 0012 313000A9 		.ascii	"10\000\251]\015\216@\221]L\365\214\250\"\273\231\352"
 127      5D0D8E40 
 127      915D4CF5 
 127      8CA822BB 
 127      99EA
 128 0024 99504418 		.ascii	"\231PD\030\3671\3253\203E\030\030\032\032\034\030\030"
 128      F731D533 
 128      83451818 
 128      1A1A1C18 
 128      18
 129 0035 98999819 		.ascii	"\230\231\230\031\226<\374\307\310\000\000X\243\024\210"
 129      963CFCC7 
 129      C8000058 
 129      A31488
 130              		.text
 131              		.section	.gnu.lto_.refs.581ee952386373a1,"",%progbits
 132 0000 789C6365 		.ascii	"x\234ce`b`d\000\002\000\000I\000\011"
 132      60626064 
 132      00020000 
 132      490009
 133              		.text
 134              		.section	.gnu.lto_.decls.581ee952386373a1,"",%progbits
 135 0000 789C9D58 		.ascii	"x\234\235XkP\024W\026\356\323w\006\207f\006]p-k\305"
 135      6B501457 
 135      16EED377 
 135      06876606 
 135      5D702D6B 
 136 0015 C4B2D050 		.ascii	"\304\262\320P\265\211\023_\373\250\332\255r\023Mb\305"
 136      B589135F 
 136      FBA8DAAD 
 136      72134D62 
 136      C5
 137 0026 2C169A64 		.ascii	",\026\232d\267\366\307\024\001\214\324\242X\314\260"
ARM GAS  /tmp/ccwpIcNB.s 			page 10


 137      B7F6C714 
 137      018CD4A2 
 137      58CCB0
 138 0035 5BF9B5CD 		.ascii	"[\371\265\315\303\210\032\005\304(\202\032\004EQD4\242"
 138      C3881A05 
 138      C428821A 
 138      04455144 
 138      34A2
 139 0047 22186705 		.ascii	"\"\030g\005\025A\014\342\003Ay\250\2101\276\020\010"
 139      15410CE2 
 139      034179A8 
 139      8831BE10 
 139      08
 140 0058 02F2D873 		.ascii	"\002\362\330s\357\355\236n\306\031\223\332.\316t\337"
 140      EFED9E6E 
 140      C61993DA 
 140      2ECE74DF 
 141 0068 7BBF73CE 		.ascii	"{\277s\316w\316=\367\336n\214\202(8\003\005\341\037"
 141      77CE3DF7 
 141      DE6E8C82 
 141      28380305 
 141      E11F
 142 007a A220A481 		.ascii	"\242 \244\201 \214\340e\020\004\341\240\240]\264\355"
 142      208CE065 
 142      1004E1A0 
 142      A05DB4ED 
 143 008a 8B63FE28 		.ascii	"\213c\376(\023P\202@x\351\012D}\177\274\007\240\214"
 143      13508240 
 143      78E90A44 
 143      7D7FBC07 
 143      A08C
 144 009c 472945F1 		.ascii	"G)E\361A\3343\274\277\201\022\212b\304\366d\224\327"
 144      41DC33BC 
 144      BF81128A 
 144      62C4F664 
 144      94D7
 145 00ae 503AB17D 		.ascii	"P:\261}\012\345u|\236\002\334\3070J\007\312\020\312"
 145      0AE5757C 
 145      9E02DCC7 
 145      304A07CA 
 145      10CA
 146 00c0 080A287E 		.ascii	"\010\012(~\351\335\352\346s2\372\033\207\367Ot>\251"
 146      E9DDEAE6 
 146      7332FA1B 
 146      87F74F74 
 146      3EA9
 147 00d2 3FEAD793 		.ascii	"?\352\327\223O\352\343u\235\357\006\305\277Q\361;\242"
 147      4FEAE375 
 147      9DEF06C5 
 147      BF51F13B 
 147      A2
 148 00e3 F87D8072 		.ascii	"\370}\200r]\361\355\257\370\236\343\346\373-%Vw\337"
 148      5DF1EDAF 
 148      F89EE3E6 
 148      FB2D2556 
 148      77DF
 149 00f5 BFF212AF 		.ascii	"\277\362\022\257\352{.\312$\024\342\346\023\315\271"
ARM GAS  /tmp/ccwpIcNB.s 			page 11


 149      EA7B2ECA 
 149      2414E2E6 
 149      13CDB9
 150 0104 F24A5DFD 		.ascii	"\362J]\375\331\315\337V\002\3076T\236\022[\340\026 "
 150      D9CDDF56 
 150      02C73654 
 150      9E125BE0 
 150      1620
 151 0116 16C6B15E 		.ascii	"\026\306\261^\000\376\013LXsD\275\000X?\366\212\202"
 151      00FE0B4C 
 151      587344BD 
 151      00583FF6 
 151      8A82
 152 0128 6254ED02 		.ascii	"bT\355\002UCi\213JSTL\262?E\031t\026\3710\367\244^<"
 152      5543698B 
 152      4A53544C 
 152      B23F4519 
 152      7416F930 
 153 0140 4FFC81A9 		.ascii	"O\374\201\251\251\332 j\016\000\364\012:\203\234\266"
 153      A9DA206A 
 153      0E00F40A 
 153      3A839CB6 
 154 0150 32EEE227 		.ascii	"2\356\342'h\301\201\032\375\263m\027;\244Vh\246\275"
 154      68C1811A 
 154      FDB36D17 
 154      3BA45668 
 154      A6BD
 155 0162 39F380F5 		.ascii	"9\363\200\365\335\256/\0372\021\021\350sk\377\276\367"
 155      DDAE2F1F 
 155      321111E8 
 155      736BFFBE 
 155      F7
 156 0173 6614CAFC 		.ascii	"f\024\312\3742M\326\322v9\271x;\331H @\002\003\265S"
 156      324DD6D2 
 156      7639B978 
 156      3BD94820 
 156      400203B5 
 157 0188 9B75D71F 		.ascii	"\233u\327\037\233\343%\230\202\315\254\262\236j#\037"
 157      9BE32598 
 157      82CDACB2 
 157      9E6A231F 
 158 0198 35617324 		.ascii	"5as$\277x\255\211L`\026\233\253\012\016P\3057$\240d"
 158      BF78AD89 
 158      4C60169B 
 158      AB0A0E50 
 158      C53724A0 
 159 01ad C762D7A1 		.ascii	"\307b\327\241G\245\375\026\336E\021\365\251]\273\307"
 159      47A5FD16 
 159      DE4511F5 
 159      A95DBBC7 
 160 01bd 9049F459 		.ascii	"\220I\364Y\334V\335p\306\000!R>\365\357|~tj\372\032"
 160      DC56DD70 
 160      C6002152 
 160      3EF5EF7C 
 160      7E746AFA 
 161 01d2 5916E15B 		.ascii	"Y\026\341[\220\3400\020\330\0173h4oH\370\233\"\313\211"
 161      90E03010 
ARM GAS  /tmp/ccwpIcNB.s 			page 12


 161      D80F3368 
 161      346F48F8 
 161      9B22CB89 
 162 01e6 725A92EC 		.ascii	"rZ\222\354\373\201\000\205\020\004\007 H\200#\020B\315"
 162      FB810085 
 162      10040720 
 162      48802310 
 162      42CD
 163 01f8 521C1463 		.ascii	"R\034\024c\347!\354D\027\005\273\323s}\310R\346\342"
 163      E721EC44 
 163      1705BBD3 
 163      737DC852 
 163      E6E2
 164 020a DC77376F 		.ascii	"\334w7o\030@\012\361\250\177\314\203>\347\3624{\352"
 164      18400AF1 
 164      A87FCC83 
 164      3EE7F234 
 164      7BEA
 165 021c B9D5944B 		.ascii	"\271\325\224K\011r9\252qAj<C\311\225\275\351\026\"\003"
 165      097239AA 
 165      71416A3C 
 165      43C995BD 
 165      E9162203 
 166 0230 73B2F1EC 		.ascii	"s\262\361\354\371~\243+\216\247\005!'\256\312\362\024"
 166      F97EA32B 
 166      8EA70521 
 166      27AECAF2 
 166      14
 167 0241 2845DDE3 		.ascii	"(E\335\343\232n\011x\015\344\204\347@\256=\353\332\342"
 167      9A6E0978 
 167      0DE484E7 
 167      40AE3DEB 
 167      DAE2
 168 0253 4F2A9813 		.ascii	"O*\230\023\327$\004\360I(\036\331\334f!\325|,\245pc"
 168      D72404F0 
 168      49281ED9 
 168      DC6621D5 
 168      7C2CA570 
 169 0268 0591D074 		.ascii	"\005\221\320t\322/\212\0215\236$\337k\363\343\326&b"
 169      D22F8A11 
 169      359E24DF 
 169      6BF3E3D6 
 169      2662
 170 027a F34EE2D1 		.ascii	"\363N\342\321*\013\371\236[\333\260\371\314\031\003"
 170      2A0BF99E 
 170      5BDBB0F9 
 170      CC1903
 171 0289 B9C61B79 		.ascii	"\271\306\033y\333\322\327\030I\023o\024lJ+\226\310-"
 171      DBD2D718 
 171      49136F14 
 171      6C4A2B96 
 171      C82D
 172 029b DEA8EFBC 		.ascii	"\336\250\357\274\270\303\217W\3058l\236\035y\356\034"
 172      B8C38F57 
 172      C5386C9E 
 172      1D79EE1C 
 173 02ab CB2D8AD8 		.ascii	"\313-\212\330\314\334\3370\340KZ8t\317\300\213NZ\026"
ARM GAS  /tmp/ccwpIcNB.s 			page 13


 173      CCDCDF30 
 173      E04B5A38 
 173      74CFC08B 
 173      4E5A16
 174 02be D3695910 		.ascii	"\323iY\020]QL\347Eq\272\346B\276\231\264\363l\246\355"
 174      5D514CE7 
 174      4571BAE6 
 174      42BE99B4 
 174      F36CA6ED 
 175 02d2 3AB0DE57 		.ascii	":\260\336W\2352\214\310\030\"@\0052\257\244\341Tc8\323"
 175      9D328CC8 
 175      18224005 
 175      32AFA4E1 
 175      546338D3 
 176 02e6 9570CE63 		.ascii	"\225p\316c\3479\327\224=\357\231P*\313\343\340\002f"
 176      E739D794 
 176      3DEF9950 
 176      2ACBE3E0 
 176      0266
 177 02f8 BD4ACBFA 		.ascii	"\275J\313\372te\302\276K\277\331!\221\247\334\305`\322"
 177      7465C2BE 
 177      4BBFD921 
 177      91A7DCC5 
 177      60D2
 178 030a 96A75AE1 		.ascii	"\226\247Z\341=\315\236U\311&\273\026Uk4\325\013\332"
 178      3DCD9E55 
 178      C926BB16 
 178      556B34D5 
 178      0BDA
 179 031c 84B9D3B8 		.ascii	"\204\271\323\270\350\201\006:I\354\313-7\221>\346\304"
 179      E881063A 
 179      49ECCB2D 
 179      37913EE6 
 179      C4
 180 032d D0DDFB55 		.ascii	"\320\335\373U\223\004\201\301\301!\351\324M\232,\317"
 180      930481C1 
 180      C121E9D4 
 180      4D9A2CCF 
 181 033d 13B58911 		.ascii	"\023\265\211\021\340{\010\244\006\240\036m]\206`\250"
 181      E07B08A4 
 181      06A01E6D 
 181      5D8660A8 
 182 034d 8360B6FE 		.ascii	"\203`\266\376r\251C\347\375\323s\262\273\332dy\235\231"
 182      72A943E7 
 182      FDD373B2 
 182      BBDA6479 
 182      9D99
 183 035f D13A8BB4 		.ascii	"\321:\213\264\250\202\213\201\225\232\250\240\206\024"
 183      A8828B81 
 183      959AA8A0 
 183      8614
 184 036d 853B9332 		.ascii	"\205;\2232eg\"a\350K\036\3213)\230\207\334\222-\341"
 184      65672261 
 184      E84B1ED1 
 184      33299887 
 184      DC922DE1 
 185 0381 8AA71841 		.ascii	"\212\247\030A\211\226\257|\303\325\226'\233\000\202"
ARM GAS  /tmp/ccwpIcNB.s 			page 14


 185      8996AF7C 
 185      C3D59627 
 185      9B0082
 186 0390 C78704E7 		.ascii	"\307\207\004\3472`o\266\177\0023K\315\235A\263Wa\274"
 186      32606FB6 
 186      7F02334B 
 186      CD9D41B3 
 186      5761BC
 187 03a3 565C9AD9 		.ascii	"V\\\232\331M,\304$y\236A\037\"\005\323\020\257a\210"
 187      4D2CC424 
 187      799E411F 
 187      2205D310 
 187      AF6188
 188 03b6 D731C42B 		.ascii	"\3271\304+J\210\234\304\245\354\211\0112.!D\351Y\360"
 188      4A889CC4 
 188      A5EC8909 
 188      322E2144 
 188      E959F0
 189 03c9 70AE6707 		.ascii	"p\256g\007d$\311Uo\263\025\370_\357\2161\353]\3455\027"
 189      6424C955 
 189      6FB315F8 
 189      5FEF8E31 
 189      EB5DE535 
 190 03de C5F1C820 		.ascii	"\305\361\310 \301+\003a\224{]\361\006\360\342M\256\270"
 190      C12B0361 
 190      947B5DF1 
 190      06F0E24D 
 190      AEB8
 191 03f0 56622687 		.ascii	"Vb&\207\371\266x\257\346P\242\211\224\360\306\316\332"
 191      F9B678AF 
 191      E650A289 
 191      94F0C6CE 
 191      DA
 192 0401 A21A2329 		.ascii	"\242\032#)\345\215\262\003E\365\"9\315\033\205\245\235"
 192      E58DB203 
 192      45F52239 
 192      CD1B85A5 
 192      9D
 193 0412 EB819CE7 		.ascii	"\353\201\234\347\215gk\0169\310%\376\234\335\335\374"
 193      8D676B0E 
 193      39C825FE 
 193      9CDDDDFC 
 194 0422 C097DB0E 		.ascii	"\300\227\333\016\301fj\33577M|\2358\351\312\350\333"
 194      C1666ADD 
 194      37374D7C 
 194      9D38E9CA 
 194      E8DB
 195 0434 D5BE4924 		.ascii	"\325\276I$W\031\326<\\X\023\014\301\352\025H\323\236"
 195      5719D63C 
 195      5C58130C 
 195      C1EA1548 
 195      D39E
 196 0446 9C8493F9 		.ascii	"\234\204\223\371\233m\2623\231\300)\014\276\031\203"
 196      9B6DB233 
 196      99C0290C 
 196      BE1983
 197 0455 7F88D91F 		.ascii	"\177\210\331\037\035|\2412\365\024]\035\244\241\313"
ARM GAS  /tmp/ccwpIcNB.s 			page 15


 197      1D7CA132 
 197      F5145D1D 
 197      A4A1CB
 198 0464 DDD165E0 		.ascii	"\335\321e\340\312\025G\327\353\320\267=\243\365\306"
 198      CA1547D7 
 198      EBD0B73D 
 198      A3F5C6
 199 0473 7FD451B9 		.ascii	"\177\324Q\271\345\016?\350n|@\207nrG\337pG7\351\320"
 199      E50E3FE8 
 199      6E7C4087 
 199      6E7247DF 
 199      704737E9 
 200 0488 2D1EC3D4 		.ascii	"-\036\303\324\201\273t\340\233\236\211\270xc\315\016"
 200      81BB74E0 
 200      9B9E89B8 
 200      7863CD0E 
 201 0498 674B1CDF 		.ascii	"gK\034\337\200%\340t\307\177\347N\345\234Zo\324|\243"
 201      8025E074 
 201      C77FE74E 
 201      E59C5A6F 
 201      D47CA3
 202 04ab 67E6DCBC 		.ascii	"g\346\334\274k5c\241\265!\240\225\215=TV\363#,\365\373"
 202      6B3563A1 
 202      B521A095 
 202      8D3D5456 
 202      F3232CF5 
 203 04c0 586B7750 		.ascii	"XkwP\356\241\374\200\322\201\362#\312\003\224\307(w"
 203      EEA1FC80 
 203      D281F223 
 203      CA0394C7 
 203      2877
 204 04d2 51DA472F 		.ascii	"Q\332G/\205\254\000\266\024\036\216^\220\012\265\355"
 204      85AC00B6 
 204      141E8E5E 
 204      900AB5ED 
 205 04e2 3A6AA73D 		.ascii	":j\247=G\302\251au9k\373\216\032I#\253.q\240\352h\025"
 205      47C2A961 
 205      75396BFB 
 205      8E1A4923 
 205      AB2E71A0 
 206 04f9 1E4C81CA 		.ascii	"\036L\201\312\242\337\356C\027}'j?\321v9\352\322sP\360"
 206      A2DFEE43 
 206      177D276A 
 206      3FD17639 
 206      EAD27350 
 207 050e 1463F97F 		.ascii	"\024c\371\177\343B*=\227[\013\374\314\353\\\007\036"
 207      E3422A3D 
 207      975B0BFC 
 207      CCEB5C07 
 207      1E
 208 051f F3AC2DCD 		.ascii	"\363\254-\315g`V8 \366\370\332\314\373\026\322\301i"
 208      67605638 
 208      20F6F8DA 
 208      CCFB16D2 
 208      C169
 209 0531 77EE2D38 		.ascii	"w\356-8\346\007\346\020/\252\320\203\\4m\365\324\015"
 209      E607E610 
ARM GAS  /tmp/ccwpIcNB.s 			page 16


 209      2FAAD083 
 209      5C346DF5 
 209      D40D
 210 0543 2EEBA4A7 		.ascii	".\353\244\247n7\016ti\341!\216{x\361\303\346F\340\253"
 210      6E370E74 
 210      69E1218E 
 210      7B78F1C3 
 210      E646E0AB 
 211 0557 D24CB7EA 		.ascii	"\322L\267\352\262\306\364\261|U\2661\262\031M\255\376"
 211      B2C6F4B1 
 211      7C55B631 
 211      B2194DAD 
 211      FE
 212 0568 E49938EA 		.ascii	"\344\2318\3525&\364\345\327\230P~b=\252\373\376\012"
 212      3526F4E5 
 212      D798507E 
 212      623DAAFB 
 212      FE0A
 213 057a 903ECEB7 		.ascii	"\220>\316\267r\347\335#>\336^2\006\221l\250rT\364cg"
 213      72E7DD23 
 213      3EDE5E32 
 213      06916CA8 
 213      7254F463 
 214 058f 9FF692F1 		.ascii	"\237\366\222\361\303\254^\366\302\363\002\347u@\243"
 214      C3AC5EF6 
 214      C2F302E7 
 214      7540A3
 215 059e 1CCA8F2C 		.ascii	"\034\312\217,cu\313\340^_`\333\002\337\023[\037\275"
 215      6375CBE0 
 215      5E5F60DB 
 215      02DF135B 
 215      1FBD
 216 05b0 79A2AB5D 		.ascii	"y\242\253]\2267\231\231\312sT\221Eo\253\221*T[\371\022"
 216      96379999 
 216      CA735491 
 216      456FAB91 
 216      2A545BF9 
 217 05c5 A03939E9 		.ascii	"\24099\351\216\266\272\201\007\0240}m)\362\010~\271"
 217      8EB6BA81 
 217      0714307D 
 217      6D29F208 
 217      7EB9
 218 05d7 FE7B71FC 		.ascii	"\376{q\374'\346\225\242i\235$\210!0\214u0\20224\252"
 218      27E695A2 
 218      699D2488 
 218      21308C75 
 218      30823234 
 219 05ec C69F14F1 		.ascii	"\306\237\024\361\032G\344\350C\007\372\013\272{\010"
 219      1A47E4E8 
 219      4307FA0B 
 219      BA7B08
 220 05fb 39475832 		.ascii	"9GX2\207\233R+\315\020\030\342\311\015$\243\365\237"
 220      879B522B 
 220      CD1018E2 
 220      C90D24A3 
 220      F59F
 221 060d F7D47182 		.ascii	"\367\324q\202\025z\022\002\023EWZ\251_\346.q\303\355"
ARM GAS  /tmp/ccwpIcNB.s 			page 17


 221      157A1202 
 221      1345575A 
 221      A95FE62E 
 221      71C3ED
 222 0620 1443A062 		.ascii	"\024C\240b?\305\233}\341%\343\250ZTy\357\254\217\276"
 222      3FC59B7D 
 222      E125E3A8 
 222      5A5479EF 
 222      AC8FBE
 223 0633 A4578BFA 		.ascii	"\244W\213\372\222\376R4+\300\364\375\007\272\015\006"
 223      92FE5234 
 223      2BC0F4FD 
 223      07BA0D06 
 224 0643 91F7C167 		.ascii	"\221\367\301g\006vF\234\377\346[\313\304-\354m;I\036"
 224      0676469C 
 224      FFE65BCB 
 224      C42DEC6D 
 224      3B491E
 225 0656 27B24CAB 		.ascii	"'\262L\253G\264\000)\342D\374]#\032\270\205\203{\352"
 225      47B40029 
 225      E244FC5D 
 225      231AB885 
 225      837BEA
 226 0669 DBA5A939 		.ascii	"\333\245\2519rN\033\276\014\364\007g\226\343\304K\006"
 226      724E1BBE 
 226      0CF40767 
 226      96E3C44B 
 226      06
 227 067a 8A8202AD 		.ascii	"\212\202\002\255V\360\021\177\367\341z\205\275\270\205"
 227      56F0117F 
 227      F7E17A85 
 227      BDB885
 228 0689 0AB0569C 		.ascii	"\012\260V\234\212\312{3\223j\374\310C\226Q\310j\276"
 228      8ACA7B33 
 228      936AFCC8 
 228      439651C8 
 228      6ABE
 229 069b D52E312E 		.ascii	"\325.1.\324!\347r\263\271\243\335\342\342\267^d\235"
 229      D421E772 
 229      B3B9A3DD 
 229      E2E2B75E 
 229      649D
 230 06ad 25B929D7 		.ascii	"%\271)\327|\364\004?\231\240\343\267\201\361\373J\345"
 230      7CF4043F 
 230      99A0E3B7 
 230      81F1FB4A 
 230      E5
 231 06be D77AB668 		.ascii	"\327z\266h;Q\370]\3176c\355\340k\022\0263\302`\235\226"
 231      3B51F85D 
 231      CF3663ED 
 231      E06B1216 
 231      33C2609D 
 232 06d3 757C1C4D 		.ascii	"u|\034Mp##8\324r\267K$\3179\301\375\265\005\203\006"
 232      70232338 
 232      D472B74B 
 232      24CF39C1 
 232      FDB50583 
ARM GAS  /tmp/ccwpIcNB.s 			page 18


 233 06e8 B2DAC0E6 		.ascii	"\262\332\300\346\177\303\231\355\217\314\336\026\323"
 233      7FC399ED 
 233      8FCCDE16 
 233      D3
 234 06f5 26D1EB1B 		.ascii	"&\321\353\033{\301\237\370[w\272(A\232\350\366\326\215"
 234      7BC19FF8 
 234      5B77BA28 
 234      419AE8F6 
 234      D68D
 235 0707 4E4EA6EE 		.ascii	"NN\246\356\351#,b\212\340Y8}~p\257\217+\013\031<\013"
 235      E9232C62 
 235      8AE05938 
 235      7D7E70AF 
 235      8F2B0B19 
 236 071d EB1EF77F 		.ascii	"\353\036\367\177\345\3475\013_\263,lV\263\220!\037\311"
 236      E5E7350B 
 236      5FB32C6C 
 236      56B39021 
 236      1FC9
 237 072f 15B559DA 		.ascii	"\025\265Y\332Y\370\245\\\207z\363\030\020R5\036\251"
 237      59F8A55C 
 237      877AF318 
 237      1052351E 
 237      A9
 238 0740 EE79D8C2 		.ascii	"\356y\330\302\362\360xOR\306X\262\221\205\356\221\342"
 238      F2F0784F 
 238      52C658B2 
 238      9185EE91 
 238      E2
 239 0751 4F6BEE5D 		.ascii	"Ok\356]\002\327\344er\212u/\362\317\033Y']\331\333x"
 239      02D7E465 
 239      728A752F 
 239      F2CF1B59 
 239      275DD9DB 
 240 0766 E79DDB8D 		.ascii	"\347\235\333\215\345\304+\357l\306;K\345}-+\257\302"
 240      E5C42BEF 
 240      6CC63B4B 
 240      E57D2D2B 
 240      AFC2
 241 0778 1779B7F1 		.ascii	"\027y\267\361\255s\260\270]N\221\030\012\266j\244\267"
 241      AD73B0B8 
 241      5D4E9118 
 241      0AB66AA4 
 241      B7
 242 0789 52D2F461 		.ascii	"R\322\364a;#;\350,\311qm\350)\257\330\320a\207H\367"
 242      3B233BE8 
 242      2CC9716D 
 242      E829AFD8 
 242      D0618748 
 243 079e D8EB192D 		.ascii	"\330\353\031-E\340\015\357\266\213\303N\246R\261\247"
 243      45E00DEF 
 243      B68BC34E 
 243      A652B1A7 
 244 07ae EAD81829 		.ascii	"\352\330\030)\305\245\3623\033)|#J\250u\252\350\302"
 244      C5A5F233 
 244      1B297C23 
 244      4AA875AA 
ARM GAS  /tmp/ccwpIcNB.s 			page 19


 244      E8C2
 245 07c0 2E7FCF5A 		.ascii	".\177\317Z\236>\255 \207i\025\345\366\342w\316"
 245      9E3EAD20 
 245      876915E5 
 245      F6E277CE 
 246 07d0 6E9EFB86 		.ascii	"n\236\373\206\306\344R\345x\360\243\347\321\355\257"
 246      C6E452E5 
 246      78F0A3E7 
 246      D1EDAF
 247 07df 4FFBF2E3 		.ascii	"O\373\362\343\341\006\035\336U\333\275E\"G8v\250\263"
 247      E1061DDE 
 247      55DBBD45 
 247      22473876 
 247      A8B3
 248 07f1 6EC8CCB1 		.ascii	"n\310\314\261\324\316\311\304\342V#\365.+\233\002\366"
 248      D4CEC9C4 
 248      E25623F5 
 248      2E2B9B02 
 248      F6
 249 0802 6B59C917 		.ascii	"kY\311\027\261\000q\377\204=\"\377\250\353;5`&e\314"
 249      B10071FF 
 249      843D22FF 
 249      A8EB3B35 
 249      602665CC 
 250 0816 92A12DAF 		.ascii	"\222\241-\257\353\241\017\204\004\001H(\371\352\247"
 250      EBA10F84 
 250      04014828 
 250      F9EAA7
 251 0825 38EE8F58 		.ascii	"8\356\217X\000{\225\354\343\225%\243\371\316\377\320"
 251      007B95EC 
 251      E39525A3 
 251      F9CEFFD0 
 252 0835 6EFE41D2 		.ascii	"n\376A\322\231+\223\211\002\314\016\202\2671\236}\270"
 252      992B9389 
 252      02CC0E82 
 252      B7319E7D 
 252      B8
 253 0846 2CF6333F 		.ascii	",\3663?\007\304 (@GY\270\377\321\036t\330\270\261\367"
 253      07C42028 
 253      404759B8 
 253      FFD11E74 
 253      D8B8B1F7 
 254 085a 9621204D 		.ascii	"\226! M\331N\247\000\263\235\207\270\\\221m\352b\200"
 254      D94EA700 
 254      B39D87B8 
 254      5C916DEA 
 254      6280
 255 086c CA92A2D3 		.ascii	"\312\222\242\323jwe\373J\212\217\224W\372\240\323\325"
 255      6A7765FB 
 255      4A8A8F94 
 255      57FAA0D3 
 255      D5
 256 087d D8536ED1 		.ascii	"\330Sn\321\333>\370*\333=\307\217\244\030\247\345\311"
 256      DB3EF82A 
 256      DB3DC78F 
 256      A418A7E5 
 256      C9
ARM GAS  /tmp/ccwpIcNB.s 			page 20


 257 088e 754EBA58 		.ascii	"uN\272X\336\314\314\227S\212\221g\221\030\000\273\261"
 257      DECCCC97 
 257      538A9167 
 257      911800BB 
 257      B1
 258 089f E870EBD2 		.ascii	"\350p\353\322\351\356\302\236\245\370\301tH\234F\277"
 258      E9EEC29E 
 258      A5F8C174 
 258      489C46BF 
 259 08af 7013760C 		.ascii	"p\023v\014\370\020'\317\177ZM\353\337\274\346\373\260"
 259      F81027CF 
 259      7F5A4DEB 
 259      DFBCE6FB 
 259      B0
 260 08c0 9AEF5C4E 		.ascii	"\232\357\\N1\241;\357\241\305=|\355\334:\302(\036V)"
 260      31A13BEF 
 260      A1C53D7C 
 260      EDDC3AC2 
 260      281E5629 
 261 08d4 36E4DCAF 		.ascii	"6\344\334\2574\273\007\344\025}\254&c\237I\011\350\316"
 261      34BB07E4 
 261      157DAC26 
 261      639F4909 
 261      E8CE
 262 08e6 A4841C67 		.ascii	"\244\204\034g\302\024\370V\211\006\3679\235b\261\022"
 262      C214F856 
 262      8906F739 
 262      9D62B112 
 263 08f6 CD51164D 		.ascii	"\315Q\026Ma\373\245\337\352O\021\272\354\264\010J\370"
 263      61FBA5DF 
 263      EA4F11BA 
 263      ECB4084A 
 263      F8
 264 0907 2942EF88 		.ascii	")B\357\210-o\036j$\344\222Ry\267\022\206E^y\376\364"
 264      2D6F1E6A 
 264      24E49252 
 264      79B71286 
 264      455E79FE 
 265 091c 5F2F0F1A 		.ascii	"_/\017\032\363\224*\355d\037\353?\226V(\377\231\261"
 265      F3942AED 
 265      641FEB3F 
 265      965628FF 
 265      99B1
 266 092e 6073B8B2 		.ascii	"`s\270\262\263\301\3425Q'\325D\225\362D\24564'\372\272"
 266      B3C1E235 
 266      5127D544 
 266      95F244A5 
 266      363427FA 
 267 0943 27EA04CE 		.ascii	"'\352\004\316\307q6\037e,\364\223j\350\225W\223o\022"
 267      C771361F 
 267      652CF493 
 267      6AE89557 
 267      936F12
 268 0956 F7447945 		.ascii	"\367DyE\037o,\275\342\257$\252\3515\236\250r%Q\270\021"
 268      1F6F2CBD 
 268      E2AF24AA 
 268      E9359EA8 
ARM GAS  /tmp/ccwpIcNB.s 			page 21


 268      722551B8 
 269 096b EA148F29 		.ascii	"\352\024\217)\211:%N\023\244U\3411aQ\341\221\357\304"
 269      893A254E 
 269      13A455E1 
 269      316151E1 
 269      91EFC4
 270 097e DB4DEFFF 		.ascii	"\333M\357\377\365\343)\357\316\234)\030V\204\333\377"
 270      F5E329EF 
 270      CE9C2918 
 270      5684DBFF 
 271 098e 29D96CF1 		.ascii	")\331l\361\321+\035\263g\331\034oY\343\355q\326\350"
 271      D12B1DB3 
 271      67D91C6F 
 271      59E3ED71 
 271      D6E8
 272 09a0 951131F1 		.ascii	"\225\0211\361\221Q\326\225Q\377\216\211\376\314\272"
 272      9151D695 
 272      51FF8E89 
 272      FECCBA
 273 09af 223C6279 		.ascii	"\"<by\364\312(\253-2jYx|\214\303\346\370bU\224}\306"
 273      F4CA28AB 
 273      2D326A59 
 273      787C8CC3 
 273      E6F86255 
 274 09c6 72C1A4AA 		.ascii	"r\301\244\252M\365\244f\377\302n\265\331\035\221\210"
 274      4DF5A466 
 274      FFC26EB5 
 274      D91D9188 
 275 09d6 41AC393A 		.ascii	"A\2549:vUl\234\203\372\2639\346\316\230a\345\177\261"
 275      76556C9C 
 275      83FAB339 
 275      E6CE9861 
 275      E57FB1
 276 09e9 76EBF2F0 		.ascii	"v\353\362\360\030+\035\262[\227,\375h\366,\353\242E"
 276      182B1DB2 
 276      5B972CFD 
 276      68F62CEB 
 276      A245
 277 09fb F3ADEF2F 		.ascii	"\363\255\357/^\030\372\257Yt\310\206\254m11\221h\302"
 277      5E18FAAF 
 277      5974C886 
 277      AC6D3131 
 277      9168C2
 278 0a0e 87A2A223 		.ascii	"\207\242\242#\015\177y/l\221qQ\350\273\037\206\031\336"
 278      0D7F792F 
 278      6C917151 
 278      E8BB1F86 
 278      19DE
 279 0a20 59121606 		.ascii	"Y\022\026\006\237\302\007\306\210\230\250\3608%\220"
 279      9FC207C6 
 279      8898A8F0 
 279      382590
 280 0a2f 99BFB339 		.ascii	"\231\277\2639L\352\003\261G9\346\374Bwv\307\012\214"
 280      4CEA03B1 
 280      4739E6FC 
 280      427776C7 
 280      0A8C
ARM GAS  /tmp/ccwpIcNB.s 			page 22


 281 0a41 E6F355D1 		.ascii	"\346\363U\321\261\350\215\204\316\017#\013\347\207\031"
 281      B1E88D84 
 281      CE0F230B 
 281      E78719
 282 0a50 177FBC78 		.ascii	"\027\177\274x~\330\230\320%\213\027,\230\037\346\023"
 282      7ED898D0 
 282      258B172C 
 282      981FE613 
 283 0a60 BAF4EF8B 		.ascii	"\272\364\357\213\027\204\031?\012\235\277 \2142\371"
 283      1784193F 
 283      0A9DBF20 
 283      8C32F9
 284 0a6f C0AC69D9 		.ascii	"\300\254i\331\034\022\2172:\322\346\360\211]\266\014"
 284      1C128F32 
 284      3AD2E6F0 
 284      895DB60C 
 285 0a7f 7D9B2911 		.ascii	"}\233)\021\333\262p\273\343\0176\307d\217yRS4\325\235"
 285      DBB270BB 
 285      E30F36C7 
 285      648F7952 
 285      5334D59D 
 286 0a93 A60A54D2 		.ascii	"\246\012T\322\200\020\343\302P\234\276\327\334\201\366"
 286      8010E3C2 
 286      509CBED7 
 286      DC81F6
 287 0aa2 B8081728 		.ascii	"\270\010\027(B\360\303\333\247q\321\216(\204Z\360yI"
 287      42F0C3DB 
 287      A771D18E 
 287      28845AF0 
 287      7949
 288 0ab4 94039F3E 		.ascii	"\224\003\237>\212\215\2142E\307\256\300\233\315\361"
 288      8A8D8C32 
 288      45C7AEC0 
 288      9BCDF1
 289 0ac3 6B35AD36 		.ascii	"k5\2556\244\370y\\l\374*\332o\261\331\226\305\257\214"
 289      A4F8795C 
 289      6CFC2ADA 
 289      6FB1D996 
 289      C5AF8C
 290 0ad6 B0D966FC 		.ascii	"\260\331f\374~\356\3549&\265e\210X\036\0367j\354\217"
 290      7EEEEC39 
 290      26B56588 
 290      581E1E37 
 290      6AEC8F
 291 0ae9 FAD69C39 		.ascii	"\372\326\2349\377\003\026\006Qf"
 291      FF031606 
 291      5166
 292              		.text
 293              		.section	.gnu.lto_.symtab.581ee952386373a1,"",%progbits
 294 0000 70616C52 		.ascii	"palReadBus\000"
 294      65616442 
 294      757300
 295 000b 00       		.ascii	"\000"
 296 000c 00       		.ascii	"\000"
 297 000d 00       		.ascii	"\000"
 298 000e 00000000 		.ascii	"\000\000\000\000\000\000\000\000"
 298      00000000 
ARM GAS  /tmp/ccwpIcNB.s 			page 23


 299 0016 09010000 		.ascii	"\011\001\000\000"
 300 001a 70616C57 		.ascii	"palWriteBus\000"
 300      72697465 
 300      42757300 
 301 0026 00       		.ascii	"\000"
 302 0027 00       		.ascii	"\000"
 303 0028 00       		.ascii	"\000"
 304 0029 00000000 		.ascii	"\000\000\000\000\000\000\000\000"
 304      00000000 
 305 0031 0E010000 		.ascii	"\016\001\000\000"
 306 0035 70616C53 		.ascii	"palSetBusMode\000"
 306      65744275 
 306      734D6F64 
 306      6500
 307 0043 00       		.ascii	"\000"
 308 0044 00       		.ascii	"\000"
 309 0045 00       		.ascii	"\000"
 310 0046 00000000 		.ascii	"\000\000\000\000\000\000\000\000"
 310      00000000 
 311 004e 16010000 		.ascii	"\026\001\000\000"
 312 0052 5F70616C 		.ascii	"_pal_lld_setgroupmode\000"
 312      5F6C6C64 
 312      5F736574 
 312      67726F75 
 312      706D6F64 
 313 0068 00       		.ascii	"\000"
 314 0069 02       		.ascii	"\002"
 315 006a 00       		.ascii	"\000"
 316 006b 00000000 		.ascii	"\000\000\000\000\000\000\000\000"
 316      00000000 
 317 0073 1C010000 		.ascii	"\034\001\000\000"
 318              		.text
 319              		.section	.gnu.lto_.opts,"",%progbits
 320 0000 272D666D 		.ascii	"'-fmath-errno' '-fsigned-zeros' '-ftrapping-math' '"
 320      6174682D 
 320      6572726E 
 320      6F272027 
 320      2D667369 
 321 0033 2D666E6F 		.ascii	"-fno-trapv' '-fno-openmp' '-fno-openacc' '-mcpu=cor"
 321      2D747261 
 321      70762720 
 321      272D666E 
 321      6F2D6F70 
 322 0066 7465782D 		.ascii	"tex-m4' '-mno-thumb-interwork' '-mthumb' '-ggdb' '-"
 322      6D342720 
 322      272D6D6E 
 322      6F2D7468 
 322      756D622D 
 323 0099 4F322720 		.ascii	"O2' '-fomit-frame-pointer' '-falign-functions=16' '"
 323      272D666F 
 323      6D69742D 
 323      6672616D 
 323      652D706F 
 324 00cc 2D666675 		.ascii	"-ffunction-sections' '-fdata-sections' '-fno-common"
 324      6E637469 
 324      6F6E2D73 
 324      65637469 
ARM GAS  /tmp/ccwpIcNB.s 			page 24


 324      6F6E7327 
 325 00ff 2720272D 		.ascii	"' '-flto'\000"
 325      666C746F 
 325      2700
 326              		.text
 327              		.comm	__gnu_lto_v1,1,1
 328              		.comm	__gnu_lto_slim,1,1
 329              		.ident	"GCC: (15:6.3.1+svn253039-1build1) 6.3.1 20170620"
ARM GAS  /tmp/ccwpIcNB.s 			page 25


DEFINED SYMBOLS
                            *ABS*:0000000000000000 hal_pal.c
                            *COM*:0000000000000001 __gnu_lto_v1
                            *COM*:0000000000000001 __gnu_lto_slim

NO UNDEFINED SYMBOLS
