ARM GAS  /tmp/ccMQuug4.s 			page 1


   1              		.cpu cortex-m4
   2              		.eabi_attribute 20, 1
   3              		.eabi_attribute 21, 1
   4              		.eabi_attribute 23, 3
   5              		.eabi_attribute 24, 1
   6              		.eabi_attribute 25, 1
   7              		.eabi_attribute 26, 1
   8              		.eabi_attribute 30, 2
   9              		.eabi_attribute 34, 1
  10              		.eabi_attribute 18, 4
  11              		.file	"hal_pal_lld.c"
  12              		.text
  13              	.Ltext0:
  14              		.section	.gnu.lto_.profile.272ccf5bb35bcec1,"",%progbits
  15 0000 789C6365 		.ascii	"x\234ce`b`a```d\360\367\005\000\001k\000\251"
  15      60626061 
  15      60606064 
  15      F0F70500 
  15      016B00A9 
  16              		.text
  17              		.section	.gnu.lto_.icf.272ccf5bb35bcec1,"",%progbits
  18 0000 789C6365 		.ascii	"x\234ce`b\020a@\000f\206\336\326'\267\271\030\257?^"
  18      60621061 
  18      40006686 
  18      DED627B7 
  18      B918AF3F 
  19 0015 FB9095E9 		.ascii	"\373\220\225\351\367\213\255\313\231\030\000d2\011\213"
  19      F78BADCB 
  19      99180064 
  19      32098B
  20              		.text
  21              		.section	.gnu.lto_.jmpfuncs.272ccf5bb35bcec1,"",%progbits
  22 0000 789C6365 		.ascii	"x\234ce`b\340c@\000& fdfddd\257\257\257g\000\000\007"
  22      6062E063 
  22      40002620 
  22      66646664 
  22      6464AFAF 
  23 0019 4801A3   		.ascii	"H\001\243"
  24              		.text
  25              		.section	.gnu.lto_.inline.272ccf5bb35bcec1,"",%progbits
  26 0000 789C6365 		.ascii	"x\234ce`b0c@\000&\006\006f&F\020\305\300\266@\036D1"
  26      60623063 
  26      40002606 
  26      06662646 
  26      10C5C0B6 
  27 0018 30329C63 		.ascii	"02\234c\330\313\304\310\310\244\300\010\224\314k9\257"
  27      D8CBC4C8 
  27      C8A4C008 
  27      94CC6B39 
  27      AF
  28 0029 C02031E7 		.ascii	"\300 1\347\"3\023\203\330\234]L,`]\000\260\005\007\242"
  28      22331383 
  28      D89C5D4C 
  28      2C605D00 
  28      B00507A2 
  29              		.text
  30              		.section	.gnu.lto_.pureconst.272ccf5bb35bcec1,"",%progbits
ARM GAS  /tmp/ccMQuug4.s 			page 2


  31 0000 789C6365 		.ascii	"x\234ce`b`e`\000\222\014\214R\000\000\267\000*"
  31      60626065 
  31      6000920C 
  31      8C520000 
  31      B7002A
  32              		.text
  33              		.section	.gnu.lto__pal_lld_init.272ccf5bb35bcec1,"",%progbits
  34 0000 789C6365 		.ascii	"x\234ce`b\250d``0\007bi fdf`d\232p\216\201\241\221\203"
  34      6062A864 
  34      60603007 
  34      62692066 
  34      64666064 
  35 001b 899111C4 		.ascii	"\211\221\021\304h\340`d\250gb\254g\354g\236\316\314"
  35      68E06064 
  35      A86762AC 
  35      67EC679E 
  35      CECC
  36 002d 78A8FDD9 		.ascii	"x\250\375\331N&\315\345\015@p`\372?\311\206\025\007"
  36      4E26CDE5 
  36      0D407060 
  36      FA3FC986 
  36      1507
  37 003f 18E73333 		.ascii	"\030\347330\314\004b\020`\\\316\250\311\000T\366h\343"
  37      30CC0462 
  37      10605CCE 
  37      A8C90054 
  37      F668E3
  38 0052 BFA9BC6C 		.ascii	"\277\251\274l,\020q\306\025\214l\214@z\375%\306\003"
  38      2C1071C6 
  38      158C6C8C 
  38      407AFD25 
  38      C603
  39 0064 0DFFFEB7 		.ascii	"\015\377\376\2677\034\270\262\230q\243\033\023\003C"
  39      371CB8B2 
  39      9871A31B 
  39      130343
  40 0073 17501A64 		.ascii	"\027P\032dG73\023\210f~\313\330\244\000R\0156\253\213"
  40      47373313 
  40      88667ECB 
  40      D8A40052 
  40      0D36AB8B 
  41 0087 99112408 		.ascii	"\231\021$\010Tf\252\247\247\017A\371\305\372\031\211"
  41      5466AAA7 
  41      A70F41F9 
  41      C5FA1989 
  42 0097 39FA05F9 		.ascii	"9\372\005\371E%\305\372\301!\276\306F\372>>.\372\356"
  42      4525C5FA 
  42      C121BEC6 
  42      46FA3E3E 
  42      2EFAEE
  43 00aa 019EFE65 		.ascii	"\001\236\376eF \251\370\002 \316\311I\321Kf\000\000"
  43      4620A9F8 
  43      0220CEC9 
  43      49D14B66 
  43      0000
  44 00bc F191396A 		.ascii	"\361\2219j"
  45              		.text
ARM GAS  /tmp/ccMQuug4.s 			page 3


  46              		.section	.gnu.lto__pal_lld_setgroupmode.272ccf5bb35bcec1,"",%progbits
  47 0000 789CA557 		.ascii	"x\234\245W{P\224\327\025\277\347\273\337>Xv\027\305"
  47      7B5094D7 
  47      15BFE7BB 
  47      DF3E5876 
  47      17C5
  48 0012 3421420C 		.ascii	"4!B\014I\244D\243\240\030#c\254:F\307GA\240\355t\372"
  48      49A444A3 
  48      A0182363 
  48      AC3A46C7 
  48      4741A0ED 
  49 0028 575B5B99 		.ascii	"W[[\231I&P\030\244\351c\234v\025\\\337\306\304W%\356"
  49      49265018 
  49      A4E9639C 
  49      76155CDF 
  49      C6C45725 
  50 003d 4034096A 		.ascii	"@4\011j\252B\305\"F\033\004\0241\202\022\223&`4>\211"
  50      AA42C522 
  50      461B0414 
  50      31821293 
  50      2660343E 
  51 0052 688806B5 		.ascii	"h\210\006\265\"\345\321s\316\375\226\335\305\3558\014"
  51      22E5D173 
  51      CEFD96DD 
  51      C5ED380C 
  52 0062 8CDFF17E 		.ascii	"\214\337\361~\347\376~\347\236\337\275\347\336\357\256"
  52      E7FE7EE7 
  52      9EDFBDE7 
  52      DEEFAE
  53 0071 4968E2B5 		.ascii	"Ih\342\265p!\026\013!\016\340\003a\002\264\365\015B"
  53      7021160B 
  53      210EE003 
  53      6102B4F5 
  53      0D42
  54 0083 2CB16A20 		.ascii	",\261j UCj\372\212X\341\262\331\311\332u\315t\373\007"
  54      55436AFA 
  54      8A58E1B2 
  54      D9C9DA75 
  54      CD74FB07 
  55 0097 F8165294 		.ascii	"\370\026R\224\210o&\315\314}\026\3563\203UQ,\336\206"
  55      886F26CD 
  55      CC7D16EE 
  55      33835551 
  55      2CDE86
  56 00aa 15ECAA11 		.ascii	"\025\354\252\021\242\331\030\030\312@\233\327\035\352"
  56      A2D91818 
  56      CA409BD7 
  56      1DEA
  57 00b8 6DD83567 		.ascii	"m\3305g\276\005\373\035kj\005\002\034j\360\243V'\000"
  57      BE05FB1D 
  57      6B6A0502 
  57      1C6AF0A3 
  57      562700
  58 00cb 355C5610 		.ascii	"5\\V\020\177\325\244n2[\254!\266P\273\303\011\370*\324"
  58      7FD5A46E 
  58      325BAC21 
  58      B650BBC3 
ARM GAS  /tmp/ccMQuug4.s 			page 4


  58      09F82AD4 
  59 00df DF9B728B 		.ascii	"\337\233r\213\204\252\345-\025\332\250b\027\376Un\271"
  59      84AAE52D 
  59      15DAA862 
  59      17FE556E 
  59      B9
  60 00f0 6076BB96 		.ascii	"`v\273\226E\024\"`\253\001\202b\030\205\250\306\374"
  60      45142260 
  60      AB018262 
  60      1885A8C6 
  60      FC
  61 0101 926D729D 		.ascii	"\222mr\235,\224\000:\276~__p\305I\257\032D\343kuC\357"
  61      2C94003A 
  61      BE7E5F5F 
  61      70C549AF 
  61      1A44E36B 
  62 0118 419B4C04 		.ascii	"A\233L\004\201\355\245\333\267\3268b\337w\271\226\272"
  62      81EDA5DB 
  62      B7D63862 
  62      DF77B996 
  62      BA
  63 0129 2ABB364A 		.ascii	"*\2736J\327\310B)a7H\014\010\273 \012vB\224@\227\200"
  63      D7C84229 
  63      6137480C 
  63      08BB200A 
  63      76429440 
  64 013f 0F2116E1 		.ascii	"\017!\026\341\275\037\224\254\264\312\0371\365\301\246"
  64      BD1F94AC 
  64      B4CA1F31 
  64      F5C1A6
  65 014e 131E30A8 		.ascii	"\023\0360\250\307\337\011\337\224\347\232S(u\370{\177"
  65      C7DF09DF 
  65      94E79A53 
  65      2875F87B 
  65      7F
  66 015f B22E600F 		.ascii	"\262.`\017\223\357\354\177\177C\250\234\301\344O\326"
  66      93EFEC7F 
  66      7F43A89C 
  66      C1E44FD6 
  67 016f 1DF985C1 		.ascii	"\035\371\205\301mxg\370F\346\232`o\177\256I\300>\210"
  67      6D7867F8 
  67      46E69A60 
  67      6F7FAE49 
  67      C03E88
  68 0182 25C29A25 		.ascii	"%\302\232%\273.J9\233\311\327\316^\271\0161;\324\310"
  68      BB2E4A39 
  68      9BC9D7CE 
  68      5EB90E31 
  68      3BD4C8
  69 0195 DB22DECA 		.ascii	"\333\"\336\312s\235p\351\205\322\014%\201|\372C\370"
  69      739D70E9 
  69      85D20C25 
  69      817CFA43 
  69      F8
  70 01a6 AEDED36F 		.ascii	"\256\336\323o[\345\217\231\372\3373]n\253A\355\214\334"
  70      5BE58F99 
  70      FADF335D 
ARM GAS  /tmp/ccMQuug4.s 			page 5


  70      6EAB41ED 
  70      8CDC
  71 01b8 EAAACC8F 		.ascii	"\352\252\314\217&\342?\202\022om8V\257\311T&\256+\254"
  71      26E23F82 
  71      126F6D38 
  71      56AFC954 
  71      26AE2BAC 
  72 01cc BFE43488 		.ascii	"\277\3444\210\355>bYPb\313\227y[\315\362\347L\274\261"
  72      ED3E6259 
  72      5062CB97 
  72      795BCDF2 
  72      E74CBCB1 
  73 01e0 AEECACCD 		.ascii	"\256\354\254\315 \336\360\021\377\031\224\270\276\273"
  73      20DEF011 
  73      FF1994B8 
  73      BEBB
  74 01ee C96596BF 		.ascii	"\311e\226\277db\343\235\375\273u\203x\331G<\030\224"
  74      6462E39D 
  74      FDBB7583 
  74      78D9473C 
  74      1894
  75 0200 B8F656C7 		.ascii	"\270\366V\307\273\272Lgb\355W\215\327\275\2516\373\210"
  75      BBBA4C67 
  75      62ED578D 
  75      D7BDA936 
  75      FB88
  76 0212 8782122F 		.ascii	"\207\202\022/\227\366lr\230u\370\010b\240\002\237r|"
  76      97F66C72 
  76      9875F808 
  76      62A0029F 
  76      727C
  77 0224 0EE0B31F 		.ascii	"\016\340\263\037\237R\210Q\225\005\207\301\014B\330"
  77      9F528851 
  77      950587C1 
  77      0C42D8
  78 0233 FE1F0AE3 		.ascii	"\376\037\012\343t\267\226~h\223\257s\002\037\034\356"
  78      74B7967E 
  78      6893AF73 
  78      021F1CEE 
  79 0243 5EEB4DE0 		.ascii	"^\353M\340\302\266!o\367\255\317\221\207S\200\1771}"
  79      C2B6216F 
  79      F7ADCF91 
  79      8753807F 
  79      317D
  80 0255 536B4BA9 		.ascii	"SkK\251.s\231\336\336s\374k\357\362~\266A\272\336si"
  80      2E7399DE 
  80      DE73FC6B 
  80      EFF27EB6 
  80      41BADE73 
  81 026a 44FE3808 		.ascii	"D\3768\010\271\222\311ko\276\271\032\344\037\230\374"
  81      B992C96B 
  81      6FBEB91A 
  81      E41F98FC 
  82 027a 8DFB669E 		.ascii	"\215\373f\236\335 \337\365\221\217\006!W1y\315\245\242"
  82      DD20DFF5 
  82      918F0621 
  82      573179CD 
ARM GAS  /tmp/ccMQuug4.s 			page 6


  82      A5A2
  83 028c E210F967 		.ascii	"\342\020\371g&\257:x\365\207\336\2017\366q\253\203p"
  83      26AF3A78 
  83      F587DE81 
  83      37F671AB 
  83      8370
  84 029e 6B2066DF 		.ascii	"k f\337\247P\351\352\351]\216\025\034y\256\354T\370"
  84      A750E9EA 
  84      E95D8E15 
  84      1C79AEEC 
  84      54F8
  85 02b0 4F800B5D 		.ascii	"O\200\013]\0234K\210\307y\302\322\307\231\302\"\306"
  85      13344B88 
  85      C779C2D2 
  85      C799C222 
  85      C6
  86 02c1 B9320B9A 		.ascii	"\2712\013\232)\033PA\2072\306\216\005nq0\320I\3150F"
  86      291B5041 
  86      8732C68E 
  86      056E7130 
  86      D049CD30 
  87 02d6 0FA1E650 		.ascii	"\017\241\346P\246\204Ss\230\240Y~\014(\366\343\344x"
  87      A6845373 
  87      98A0597E 
  87      0C28F6E3 
  87      E478
  88 02e8 824C0499 		.ascii	"\202L\004\231'y\366\206c\323\032\311sA[\306\362\024"
  88      2779F686 
  88      63D31AC9 
  88      73415BC6 
  88      F214
  89 02fa BD8F6079 		.ascii	"\275\217`yOS3\232\263}\006h\013?K\200\347\310\214$\023"
  89      4F53339A 
  89      B37D0668 
  89      0B3F4B80 
  89      E7C88C24 
  90 030f 432696CC 		.ascii	"C&\226\314\363dF\221\031Mf\014\231\261d\342\310\214"
  90      F3644691 
  90      194D660C 
  90      99B164E2 
  90      C88C
  91 0321 23339E4C 		.ascii	"#3\236L\002\231\011d&\222y\211\314$2\211d&\223y\231"
  91      02990964 
  91      26927989 
  91      CC243289 
  91      64269379 
  92 0336 CC143253 		.ascii	"\314\0242S\311L#3\235\314\0142\257\220\231If\026\231"
  92      C94C2333 
  92      9DCC0C32 
  92      AF909949 
  92      661699
  93 0349 D964E690 		.ascii	"\331d\346\220\231Kf\036\231$\236\307d\236\230\371<'"
  93      994B661E 
  93      99249EC7 
  93      649E98F9 
  93      3C27
  94 035b 293C1DA9 		.ascii	")<\035\251<ki<\217B\254\302\302\304\263t\265\324\360"
ARM GAS  /tmp/ccMQuug4.s 			page 7


  94      3C6B693C 
  94      8F42ACC2 
  94      C2C4B374 
  94      B5D4F0
  95 036e 3FD90A79 		.ascii	"?\331\012y]\356#\345\331T\251\036\031\352\2216:,\333"
  95      5DEE23E5 
  95      D954A91E 
  95      19EA9136 
  95      3A2CDB
  96 0381 4B8AED74 		.ascii	"K\212\355t\356Y@\3021\\\272k\2604\232k\031\343 J \253"
  96      EE5940C2 
  96      315CBA6B 
  96      B0349A6B 
  96      19E3204A 
  97 0397 DD5D5F5E 		.ascii	"\335]_^\"\025\315\256h\307z\357W\206\021\315\012\032"
  97      2215CDAE 
  97      68C77AEF 
  97      578611CD 
  97      0A1A
  98 03a9 1C471A07 		.ascii	"\034G\032\007\2573@\016\304!\250\254\246\326mU\261\001"
  98      AF33400E 
  98      C421A8AC 
  98      A6D66D55 
  98      B101
  99 03bb 6AFD6357 		.ascii	"j\375cWPl\207\212}\276\274\314\240916\214\351\027+\014"
  99      506C878A 
  99      7DBEBCCC 
  99      A0393136 
  99      8CE9172B 
 100 03d0 FD818995 		.ascii	"\375\201\211\225\0239L\221\333\372\022\033\242\022\253"
 100      13394C91 
 100      DBFA121B 
 100      A212AB
 101 03df 7BEF5097 		.ascii	"{\357P\227]%f\202\023\375\023\033\212\270\300`\007("
 101      5D256682 
 101      13FD131B 
 101      8AB8C060 
 101      0728
 102 03f1 D85015AC 		.ascii	"\330P\025\254\273\374\242\201\013W\301\356\256Zv_\252"
 102      BBFCA281 
 102      0B57C1EE 
 102      AE5A765F 
 102      AA
 103 0402 6016A8EB 		.ascii	"`\026\250\353\037l\030\342\020\264\267\375\356^\263"
 103      1F6C18E2 
 103      10B4B7FD 
 103      EE5EB3
 104 0411 52190627 		.ascii	"R\031\006'\375c\357\247\330\303\350\275\350]'{\3249"
 104      FD63EFA7 
 104      D8C3E8BD 
 104      E85D277B 
 104      D439
 105 0423 B07959D5 		.ascii	"\260yY\325i\0131\360\300\200Ox\273\254\306\357\007~"
 105      690B31F0 
 105      C0804F78 
 105      BBACC6EF 
 105      077E
ARM GAS  /tmp/ccMQuug4.s 			page 8


 106 0435 DDE435D0 		.ascii	"\335\3445\320x\355<\322,\270\315\371\231T\233\205\353"
 106      78ED3CD2 
 106      2CB8CDF9 
 106      99549B85 
 106      EB
 107 0446 AACD3328 		.ascii	"\252\3153(U\233WJSm\254\012\217\004\225\350\236\212"
 107      559B574A 
 107      536DAC0A 
 107      8F0495E8 
 107      9E8A
 108 0458 C52AD3C7 		.ascii	"\305*\323\307\321\305\013p\025\362\317U\327\200\341"
 108      D1C50B70 
 108      15F2CF55 
 108      D780E1
 109 0467 C554F67D 		.ascii	"\305T\366}[\361\300\241\222\027pJ\355\334{\000\036\371"
 109      5BF1C0A1 
 109      9217704A 
 109      EDDC7B00 
 109      1EF9
 110 0479 98263C32 		.ascii	"\230&<2\311\321\331{\006\356\201\206\205\240u~w\021"
 110      C9D1D97B 
 110      06EE8186 
 110      85A0757E 
 110      7711
 111 048b FDA98E43 		.ascii	"\375\251\216C;\232\320%q\375\264\202[\344Jv\234\334"
 111      3B9AD025 
 111      71FDB482 
 111      5BE44A76 
 111      9CDC
 112 049d 8E1E1D17 		.ascii	"\216\036\035\027E\333\235\345\221\363\035\235\333[\321"
 112      45DB9DE5 
 112      91F31D9D 
 112      DB5BD1
 113 04ac 61C289D5 		.ascii	"a\302\211\325\232\031\222\342(`\226\231\344j\005\355"
 113      9A1992E2 
 113      28609699 
 113      E46A05ED 
 114 04bc E44B7334 		.ascii	"\344Ks4\3578\012\250\\\027+bUq\236\257(\322\374\316"
 114      EF380AA8 
 114      5C172B62 
 114      55719EAF 
 114      28D2FCCE 
 115 04d0 5BDCB8B4 		.ascii	"[\334\270\264ci\227\322\366\344#\026\317\225zJ\376\011"
 115      636997D2 
 115      F6E42316 
 115      CF957A4A 
 115      FE09
 116 04e2 9C21FF15 		.ascii	"\234!\377\025\262\340\0125\250\025*p7\205(P\004\342"
 116      B2E00A35 
 116      A8152A70 
 116      37852850 
 116      04E2
 117 04f4 FC3FF516 		.ascii	"\374?\365\026\320\341\264\002\335v\2574)\320\223\274"
 117      D0E1B402 
 117      DD76AF34 
 117      29D093BC 
 118 0504 92116AD9 		.ascii	"\222\021j\331\320C\303\242W\201\332*\376\250P\303\341"
ARM GAS  /tmp/ccMQuug4.s 			page 9


 118      D043C3A2 
 118      5781DA2A 
 118      FEA850C3 
 118      E1
 119 0515 85285A94 		.ascii	"\205(Z\224VX\332\276|\227T\316H\364\373x\225\304\213"
 119      5658DABE 
 119      7C9754CE 
 119      48F4FB78 
 119      95C48B
 120 0528 54197457 		.ascii	"T\031tW\034\004\205\211R\211\366m\030\013n\2303\336"
 120      1C048589 
 120      5289F66D 
 120      180B6E98 
 120      33DE
 121 053a 1C5A8D40 		.ascii	"\034Z\215@Oa\331#40\372\010\364\373\242WQ\364\021\212"
 121      4F61D923 
 121      3430FA08 
 121      F4FBA257 
 121      51F4118A 
 122 054e B6F6A3C5 		.ascii	"\266\366\243\305\012\362\264\177\375Y\261\376\032!\212"
 122      0AF2B47F 
 122      FD59B1FE 
 122      1A218A
 123 055d B404C489 		.ascii	"\264\004\304\211F\234/N\015\305\211FD\325\241\326\246"
 123      469C2F4E 
 123      0DC58946 
 123      44D5A1D6 
 123      A6
 124 056e BC300579 		.ascii	"\2740\005y\326\277*%\237\363\367kO\256\260\027\202g"
 124      D6BF2A25 
 124      9FF3F76B 
 124      4FAEB017 
 124      8267
 125 0580 095EA3F0 		.ascii	"\011^\243\360\333\030\342\221\317\300\247T \330\367"
 125      DB18E291 
 125      CFC0A754 
 125      20D8F7
 126 058f 457B7BB5 		.ascii	"E{{\265=~\217+\177\011u\331\340,\024\302\337\370z\005"
 126      3D7E8F2B 
 126      7F0975D9 
 126      E02C14C2 
 126      DFF87A05 
 127 05a3 9F413C8D 		.ascii	"\237A<\215\336\343~`\254\301s\306\234t\365\255\312H"
 127      DEE37E60 
 127      ACC173C6 
 127      9C74F5AD 
 127      CA48
 128 05b5 1C0FFDE4 		.ascii	"\034\017\375\344\354p\327\205*'U3vQ^\233\353\306\222"
 128      EC70D785 
 128      2A275533 
 128      76515E9B 
 128      EBC692
 129 05c8 AF5F0E45 		.ascii	"\257_\016E\277\023\217\310\342s_\026\377\206x\014\251"
 129      BF138FC8 
 129      E2735F16 
 129      FF86780C 
 129      A9
ARM GAS  /tmp/ccMQuug4.s 			page 10


 130 05d9 44367B45 		.ascii	"D6{E\306\016P\325\027\034\017(\336\227^U+\215t\2377"
 130      C60E50D5 
 130      171C0F28 
 130      DE975E55 
 130      2B8D749F 
 131 05ee D6A2CBDD 		.ascii	"\326\242\313\335j\250\032\205\003\240_\251j2`\243q\277"
 131      6AA81A85 
 131      03A05FA9 
 131      6A3260A3 
 131      71BF
 132 0600 62D76054 		.ascii	"b\327`T5\371\262h&U\243\225\252s^Uc\006\250\352\034"
 132      35F9B268 
 132      2655A395 
 132      AA735E55 
 132      6306A8EA 
 133 0615 C7D328DE 		.ascii	"\307\323(\336W\254\212N4C\303X\0266Fi\25004\304\341"
 133      57AC8A4E 
 133      3443C358 
 133      16364669 
 133      A83034C4 
 134 062a F9835D83 		.ascii	"\371\203]\203\321p\3367\346\005\322\020G\007Qsu\213"
 134      D170DE37 
 134      E605D210 
 134      47075173 
 134      758B
 135 063c E7453544 		.ascii	"\347E5D(\357\010\301\347\240It\330$v\237\256\356\361"
 135      28EF08C1 
 135      E7A04974 
 135      D824769F 
 135      AEEEF1
 136 064f 24AA6E1A 		.ascii	"$\252n\032\260\356\344\226\235vufZ\340\353>\264Y\034"
 136      B0EEE496 
 136      9D767566 
 136      5AE0EB3E 
 136      B4591C
 137 0662 36499E90 		.ascii	"6I\236\220\353;\214\011\0317\300\011\271\310\311\361"
 137      EB3B8C09 
 137      1937C009 
 137      B9C8C9F1 
 138 0672 15EE9277 		.ascii	"\025\356\222w\231\275\213:^m\025\277)J\300\001\320\037"
 138      99BD8B3A 
 138      5E6D15BF 
 138      294AC001 
 138      D01F
 139 0684 384513F8 		.ascii	"8E\023\370\024IPS\024\027l\212\376\362\250)\272\354"
 139      14495053 
 139      14176C8A 
 139      FEF2A829 
 139      BAEC
 140 0696 CBE20A4D 		.ascii	"\313\342\012M\321\004\226g\351\223w\303+o\342\000\345"
 140      D1049667 
 140      E99377C3 
 140      2B6FE200 
 140      E5
 141 06a7 5DE5C03A 		.ascii	"]\345\300:\005\276\326_\336K\017\311\233\204\003\240"
 141      05BED65F 
 141      DE4B0FC9 
ARM GAS  /tmp/ccMQuug4.s 			page 11


 141      9B8403A0 
 142 06b7 3F505E22 		.ascii	"?P^\"\313\2334\030y-\276,\276!y\211,\317Jk\315\362n"
 142      CB9B3418 
 142      792DBE2C 
 142      BE217989 
 142      2CCF4A6B 
 143 06ce 561BF226 		.ascii	"V\033\362&\017P\336u\016l\242\300\255\336r\366\312{"
 143      0F50DE75 
 143      0E6CA2C0 
 143      ADDE72F6 
 143      CA7B
 144 06e0 99CB7972 		.ascii	"\231\313yr\340\226\234\202\237J\354Rb\342\203\211y\343"
 144      E0969C82 
 144      9F4AEC52 
 144      62E28389 
 144      79E3
 145 06f2 51626EF8 		.ascii	"Qbn\370\306\274Ib\246\260\230\020\261>J\211\351\360"
 145      C6BC4962 
 145      A6B09810 
 145      B13E4A89 
 145      E9F0
 146 0704 8A993A40 		.ascii	"\212\231:@1\337\372\002\267\365\0273\215\305L\015\024"
 146      31DFFA02 
 146      B7F51733 
 146      8DC54C0D 
 146      14
 147 0715 339DC54C 		.ascii	"3\235\305L\033\214\230\357|c\336\"1\323\005o\276\206"
 147      1B8C98EF 
 147      7C63DE22 
 147      31D3056F 
 147      BE86
 148 0727 42EFE6F3 		.ascii	"B\357\346\363\333m6\261\302\251$vz\313q\306\000%\336"
 148      DB6D36B1 
 148      C2A92476 
 148      7ACB71C6 
 148      0025DE
 149 073a F6D5F9F7 		.ascii	"\366\325\371\367\375\313\361\225\207\312q&\016\200\376"
 149      FDCBF195 
 149      87CA7126 
 149      0E80FE
 150 0749 C0729CC5 		.ascii	"\300r\234\305\3458s0\345\330\356\313\342\016\211\236"
 150      E5387330 
 150      E5D8EECB 
 150      E20E899E 
 151 0759 C5F242FB 		.ascii	"\305\362B\373\344uy\345\315\036\240\274\273\276:\277"
 151      E47579E5 
 151      CD1EA0BC 
 151      BBBE3ABF 
 152 0769 D75FDE9C 		.ascii	"\327_\336\234\207\344\315\305\001\320\037(o\036\313"
 152      87E4CDC5 
 152      01D01F28 
 152      6F1ECB
 153 0778 9B3B1879 		.ascii	"\233;\030y\377\361eq\237\344\315cyv\276a\252\233\356"
 153      FFF16571 
 153      9FE4CD63 
 153      7976BE61 
 153      AA9BEE
ARM GAS  /tmp/ccMQuug4.s 			page 12


 154 078b C7AFAA3B 		.ascii	"\307\257\252;`\022\335\014_\360\273\263\362\3751I\235"
 154      6012DD0C 
 154      5FF0BBB3 
 154      F2FD3149 
 154      9D
 155 079c CFC7778E 		.ascii	"\317\307w\2163P\376\327\003\035o\212\035}%\341\020k"
 155      3350FED7 
 155      031D6F8A 
 155      1D7D25E1 
 155      106B
 156 07ae 6A39E86D 		.ascii	"j9\350m\367\236F\343\247E2~\313\003\202\362e5Y\335]"
 156      F79E46E3 
 156      A745327E 
 156      CB0382F2 
 156      653559DD 
 157 07c3 8E34E62A 		.ascii	"\2164\346*\324|\3746\362O\207\300\213"
 157      D47CFC36 
 157      F24F87C0 
 157      8B
 158 07d0 FD7C05AB 		.ascii	"\375|\005\253o\314P\260\024\374\374\004\302\370J\234"
 158      6FCC50B0 
 158      14FCFC04 
 158      C2F84A9C 
 159 07e0 A2609FA7 		.ascii	"\242`\237\247)T*n\204@\024_\212S\011\265\331\335\326"
 159      29542A6E 
 159      8440145F 
 159      8A5309B5 
 159      D9DDD6
 160 07f3 F86B054B 		.ascii	"\370k\005KS\037\223\003\313O\225\332\324\307\004\340"
 160      531F9303 
 160      CB4F95DA 
 160      D4C704E0 
 161 0803 813F8BAF 		.ascii	"\201?\213\257\336i\254\314I\277\231\332\360\356^\274"
 161      DE69ACCC 
 161      49BF99DA 
 161      F0EE5EBC 
 162 0813 D1A26E9E 		.ascii	"\321\242n\236\202~Q\001\272\361K61..^\375\313Z\024\377"
 162      827E5101 
 162      BAF14B36 
 162      312E2E5E 
 162      FDCB5A14 
 163 0828 EA828CF8 		.ascii	"\352\202\214\370\354\254\234\334E\361?\375Y\362\204"
 163      ECAC9CDC 
 163      45F13FFD 
 163      59F284
 164 0837 84F8A4A4 		.ascii	"\204\370\244\244\231\361\263S\347\246\274\221@]\277"
 164      99F1B353 
 164      E7A6BC91 
 164      405DBF
 165 0846 CAC62723 		.ascii	"\312\306'#ca\334o\205N(=s\301\242\327\365\314\254\205"
 165      6361DC6F 
 165      854E283D 
 165      73C1A2D7 
 165      F5CCAC85 
 166 085a E9F237AF 		.ascii	"\351\3627\257\345\352\0132rsL\331\277\317^\230c\311"
 166      E5EA0B32 
 166      72734CD9 
ARM GAS  /tmp/ccMQuug4.s 			page 13


 166      BFCF5E98 
 166      63C9
 167 086c 5A949D9E 		.ascii	"Z\224\235\236\2760\307\234\225\373\247\354\364\034\023"
 167      BE30C79C 
 167      95FBA7EC 
 167      F41C13
 168 087b 4172ACD4 		.ascii	"Ar\254\324O\014-s\274\226\231\240e\276\370?\331\345"
 168      4F0C2D73 
 168      BC9699A0 
 168      65BEF83F 
 168      D9E5
 169 088d F8A4     		.ascii	"\370\244"
 170              		.text
 171              		.section	.gnu.lto_.symbol_nodes.272ccf5bb35bcec1,"",%progbits
 172 0000 789C6365 		.ascii	"x\234ce`b\320g\000\002\246]L\365\014\014\023\31610\000"
 172      6062D067 
 172      0002A65D 
 172      4CF50C0C 
 172      13CE3130 
 173 0015 A95D0D8E 		.ascii	"\251]\015\216@\221\335L\365\214(\"\254;\231\030\032"
 173      4091DD4C 
 173      F58C2822 
 173      AC3B9918 
 173      1A
 174 0026 9540AA01 		.ascii	"\225@\252\001\037\360\012\306"
 174      1FF00AC6 
 175              		.text
 176              		.section	.gnu.lto_.refs.272ccf5bb35bcec1,"",%progbits
 177 0000 789C6365 		.ascii	"x\234ce`b`d\000\002\000\000I\000\011"
 177      60626064 
 177      00020000 
 177      490009
 178              		.text
 179              		.section	.gnu.lto_.decls.272ccf5bb35bcec1,"",%progbits
 180 0000 789C9D56 		.ascii	"x\234\235VkP\024W\026\356\323w\006\207fF-`SVb\325Z\324"
 180      6B501457 
 180      16EED377 
 180      06876646 
 180      2D605356 
 181 0018 04A76A6B 		.ascii	"\004\247jk\231\325<*?\362\303l01\265f\241\306<*?RSD"
 181      99D53C2A 
 181      3FF2C36C 
 181      3031B566 
 181      A1C63C2A 
 182 0030 66E3D422 		.ascii	"f\343\324\"PN\223T\3765\014.&F\005u\2150\254\213F\015"
 182      504E9354 
 182      FE350C2E 
 182      26460575 
 182      8D30AC8B 
 183 0046 C808AC4B 		.ascii	"\310\010\254K\214\012\232\011\240 \210\017\342#jx\210"
 183      8C0A9A09 
 183      A020880F 
 183      E2236A78 
 183      88
 184 0057 62A2F101 		.ascii	"b\242\361\001H\010\240\310\236{o\367t3;T\245\322\305"
 184      4808A0C8 
 184      9E7B6FF7 
ARM GAS  /tmp/ccMQuug4.s 			page 14


 184      74333B54 
 184      A5D2C5
 185 006a 19FADCFE 		.ascii	"\031\372\334\376\3169\3379\367\334\207Y\020\2053VA\030"
 185      CE39DF39 
 185      F7DC8759 
 185      10853356 
 185      4118
 186 007c 05410809 		.ascii	"\005A\010\011\2020\205\017\301\377\373\005\375\021Q"
 186      8230850F 
 186      C1FFFB05 
 186      FD1151
 187 008b 6A502651 		.ascii	"jP&Q\020&\314\002a\332\363.\360\361\267T\035T|\344\363"
 187      1026CC02 
 187      61DAF32E 
 187      F0F1B754 
 187      1D547CE4 
 188 00a0 103FC4A9 		.ascii	"\020?\304\251\270x\224D\224q\201\307m@9\204\262\020"
 188      B8789444 
 188      947181C7 
 188      6D403984 
 188      B210
 189 00b2 251D6514 		.ascii	"%\035e\024\245\005%\006\345G\224\237P\356\241\334B\271"
 189      A5052506 
 189      E547949F 
 189      50EEA1DC 
 189      42B9
 190 00c4 8D72578D 		.ascii	"\215rW\2153\031%\316g\004\016nh9*\366\300\367\200\334"
 190      331925CE 
 190      67040E6E 
 190      68392AF6 
 190      C0F780DC 
 191 00d8 612E6705 		.ascii	"a.g\005\374\027\2300uJ{\000\3308\216\212\202\232\214"
 191      FC179830 
 191      754A7B00 
 191      D8388E8A 
 191      829A8C
 192 00eb 36049A85 		.ascii	"6\004\232\205\252\213\252*\252.\331\237j\014\006\217"
 192      AA8BAA2A 
 192      AA2ED99F 
 192      6A0C068F 
 193 00fb FC338FA4 		.ascii	"\3743\217\244=\2343\177af\2325\210z\000\000\243\201"
 193      3D9C337F 
 193      61669A35 
 193      887A0000 
 193      A381
 194 010d C121A7AD 		.ascii	"\301!\247\255~\017\363\023\364\344@\313~\250\364\324"
 194      7E0FF313 
 194      F4E440CB 
 194      7EA8F4D4 
 195 011d 4DA917BA 		.ascii	"M\251\027\272\351h\305\022`c\373\202\245\003\261D\004"
 195      E968C512 
 195      6063FB82 
 195      A503B144 
 195      04
 196 012e FADE3B5E 		.ascii	"\372\336;^\371JJP\341\217\305\241\227\355\370\324/\241"
 196      F94A4A50 
 196      E18FC5A1 
ARM GAS  /tmp/ccMQuug4.s 			page 15


 196      97EDF8D4 
 196      2FA1
 197 0140 391B09C4 		.ascii	"9\033\011\304K \242\3325x\352_q\250&J0\027\325\261\374"
 197      4B20A2DA 
 197      3578EA5F 
 197      71A8264A 
 197      3017D5B1 
 198 0155 0BDF48F3 		.ascii	"\013\337H\363\2661+\2772W\204\267\236\200 \314\207j"
 198      B6312BBF 
 198      325784B7 
 198      9E8020CC 
 198      876A
 199 0167 988FC1F7 		.ascii	"\230\217\301\367\303<\374}\317\304=5\357\256X\027\227"
 199      C33CFC7D 
 199      CFC43D35 
 199      EFAE5817 
 199      97
 200 0178 54A1D4F5 		.ascii	"T\241\324\365)\2413\327\177\277\315\257T\242\325\002"
 200      29A133D7 
 200      7FBFCDAF 
 200      54A2D502 
 201 0188 8A822A40 		.ascii	"\212\202*@:\220B\031\343+\376VB/\300\027\320\203\371"
 201      3A904219 
 201      E32BFE56 
 201      422FC017 
 201      D083F9
 202 019b D440125A 		.ascii	"\324@\022Z\337\335\343\3372\207\2441\262\335mU\325\004"
 202      DFDDE3DF 
 202      3287A431 
 202      B2DD6D55 
 202      D504
 203 01ad 492C9480 		.ascii	"I,\224\200\326a\016\016\325\3369<n\343C\024\321\265"
 203      D6610E0E 
 203      D5DE393C 
 203      6EE34314 
 203      D1B5
 204 01bf 6978F72C 		.ascii	"ix\367,\342a\357\347\012\353\312\011\317\300D+\321Y"
 204      E261EFE7 
 204      0AEBCA09 
 204      CFC0442B 
 204      D159
 205 01d1 767D36CF 		.ascii	"v}6\317`\301gD,m\277\324d\002\207\264\227\246\020j\335"
 205      60C16744 
 205      2C6DBFD4 
 205      640287B4 
 205      97A6106A 
 206 01e6 91BC7D98 		.ascii	"\221\274}\230\222:\010\022\034\320I-\224\360w\235\242"
 206      923A0812 
 206      1CD0492D 
 206      94F0779D 
 206      A2
 207 01f7 1428C57E 		.ascii	"\024(\305~%v\231\000\365\230\344\1771I\370\022\0344"
 207      25769900 
 207      F598E47F 
 207      3149F812 
 207      1C34
 208 0209 28C5C17F 		.ascii	"(\305\301\177p\260\016\0071J\325\356\222]1d\007P\006"
ARM GAS  /tmp/ccMQuug4.s 			page 16


 208      70B00E07 
 208      314AD5EE 
 208      925D3164 
 208      075006
 209 021c E2896357 		.ascii	"\342\211cW\2773\201\344\210\352\340p\024\007\234\314"
 209      BF3381E4 
 209      88EAE070 
 209      14079CCC 
 210 022c 5430E9C4 		.ascii	"T0\351\304ZE\021\341\020\222\371J'\203\334xE\367uV="
 210      5A4511E1 
 210      1092F94A 
 210      2783DC78 
 210      45F77556 
 211 0241 3291761E 		.ascii	"2\221v\036dCS\371\035\353LA\032g\014\322{\344\305C\347"
 211      644353F9 
 211      1DEB4C41 
 211      1A670CD2 
 211      7BE4C543 
 212 0256 69C60D18 		.ascii	"i\306\015\030\344\210\036\344\220\026\344\310\246=c"
 212      E4881EE4 
 212      9016E4C8 
 212      A63D63
 213 0265 C444170D 		.ascii	"\304D\027\015E\340d\342Xa\313h\211\215|\314ZG\334x\274"
 213      45E064E2 
 213      5861CB68 
 213      898D7CCC 
 213      5A47DC78 
 214 027a 75DC1CAE 		.ascii	"u\334\034\256`\327\013\330?\020B\350\261HgQ\231}\035"
 214      60D70BD8 
 214      3F1042E8 
 214      B1486751 
 214      997D1D
 215 028d BD7E3F17 		.ascii	"\275~?\027\015\234\006\026\225\272:\012,\2546u\361l"
 215      0D9C0616 
 215      95BA3A0A 
 215      2CAC3675 
 215      F16C
 216 029f EAA06E6A 		.ascii	"\352\240njk\237\215l\343\015\274.\270\261\231H\353h"
 216      6B9F8D6C 
 216      E30DBC2E 
 216      B8B19948 
 216      EB68
 217 02b1 1BFE9A0A 		.ascii	"\033\376\232\012\243\305\275\302\201\2768\356m\036\252"
 217      A3C5BDC2 
 217      81BE38EE 
 217      6D1EAA
 218 02c0 FD05F56D 		.ascii	"\375\005\365m6\022\340\3366lmj2\221\235\\\371\274\264"
 218      3612E0DE 
 218      366C6D6A 
 218      32919D5C 
 218      F9BCB4
 219 02d3 A4C84CF6 		.ascii	"\244\310L\366r\245jsq\235D*\271\262}\337\245\211X\262"
 219      72A56A73 
 219      719D442A 
 219      B9B27DDF 
 219      A58958B2 
 220 02e7 8F2B7B26 		.ascii	"\217+{&\036\016\322>K\246]I\014=\231\314{\362\353\216"
ARM GAS  /tmp/ccMQuug4.s 			page 17


 220      1E0ED23E 
 220      4BA65D49 
 220      0C3D99CC 
 220      7BF2EB8E 
 221 02fb 937BADA4 		.ascii	"\223{\255\244\216\027\255xg\365\372Xm\266\220\263\331"
 221      8E17AD78 
 221      67F5FA58 
 221      6DB690B3 
 221      D9
 222 030c 2184170E 		.ascii	"!\204\027\016\234A\302\311*\341S8\330\021\236\255\326"
 222      9C41C2C9 
 222      2AE15338 
 222      D8119EAD 
 222      D6
 223 031d 1D29FF2C 		.ascii	"\035)\377,\242-q\032\253\322\251\0278Y\235\254c%WoJ"
 223      A22D711A 
 223      ABD2A917 
 223      38599DAC 
 223      6325576F 
 224 0332 A481C778 		.ascii	"\244\201\307x\344\337v_o\355\251\340\342\026\326M]h"
 224      E4DF765F 
 224      6FEDA9E0 
 224      E216D64D 
 224      5D68
 225 0344 7A56373D 		.ascii	"zV7=\255\317M$\217sQx`\220\202\261]\215\026\322\302"
 225      ADCF4D24 
 225      8F735178 
 225      609082B1 
 225      5D8D16D2 
 226 0359 82981E8C 		.ascii	"\202\230\036\214~zE\202\004\273\335QB\303\024+\312\022"
 226      7E7A4582 
 226      04BBDD51 
 226      42C3142B 
 226      CA12
 227 036b 51AFBD00 		.ascii	"Q\257\275\000\347!\201:\200K\350\353\"\330\341\002\330"
 227      E721813A 
 227      804BE8EB 
 227      22D8E102 
 227      D8
 228 037c D9D6B28B 		.ascii	"\331\326\262\213\006\014\265^~60\334\247(\237X\031\255"
 228      060CB55E 
 228      7E3630DC 
 228      A7289F58 
 228      19AD
 229 038e 76A4450D 		.ascii	"v\244E\015\302\014\234\324E\220:R\015\372\237\332\256"
 229      C20C9CD4 
 229      45903A52 
 229      0DFA9FDA 
 229      AE
 230 039f 840A0843 		.ascii	"\204\012\010C\177\033\025\275\210\202y\312=\001\211"
 230      7F1B15BD 
 230      888279CA 
 230      3D0189
 231 03ae 36236204 		.ascii	"6#b\0045[\276\251\231\316\367\334\333\014`Ot\330w1\340"
 231      355BBEA9 
 231      99CEF7DC 
 231      DB0C604F 
ARM GAS  /tmp/ccMQuug4.s 			page 18


 231      74D87731 
 232 03c3 6860763E 		.ascii	"h`v>sK\335\235D\267\227!Q\357\037\335\355f\226\242_"
 232      734BDD9D 
 232      44B79721 
 232      51EF1FDD 
 232      ED6696A2 
 233 03d8 596232A6 		.ascii	"Yb2\246H\3014\305+\230\342UL\361;5EN\342t`^\276\242"
 233      48C134C5 
 233      2B98E255 
 233      4CF13B35 
 233      454EE274 
 234 03f0 00451959 		.ascii	"\000E\031Y\360t.\006\342\267\370\225\266?\261%\3366"
 234      F0742E06 
 234      E2B7F895 
 234      B63FB125 
 234      DE36
 235 0402 7360ACFA 		.ascii	"s`\254\372pc\307)1\021\031\344\317\310@\230\026\336"
 235      7063C729 
 235      311119E4 
 235      CFC84098 
 235      16DE
 236 0414 B05BC7F3 		.ascii	"\260[\307\363\335\272\260\371\302\227V2\311\333u\240"
 236      DDBAB0F9 
 236      C2975632 
 236      C9DB75A0 
 237 0424 A3B6C042 		.ascii	"\243\266\300B\362\011S\312\032F\332\315\034hAuGgM\207"
 237      F20953CA 
 237      1A46DACD 
 237      1C684175 
 237      47674D87 
 238 0438 99ACE5DF 		.ascii	"\231\254\345\337\032\252k\272D\262\236+\301\303\203"
 238      1AAA6BBA 
 238      44B29E2B 
 238      C1C383
 239 0447 EB816CE1 		.ascii	"\353\201l\341\312PQ\255L\312\370{\340A\367\255X\356"
 239      CA5051AD 
 239      4CCAF87B 
 239      E041F7AD 
 239      58EE
 240 0459 C181EAA6 		.ascii	"\301\201\352\246\263\377\276j\341\273l\210\236\033c"
 240      B3FFBE6A 
 240      E1BB6C88 
 240      9E1B63
 241 0468 3B6F6C16 		.ascii	";ol\026I\005\303Z\037\007;\354`\327\236\004:\013\205"
 241      4905C35A 
 241      1F073BEC 
 241      60D79E04 
 241      3A0B85
 242 047b 7E9CDB27 		.ascii	"~\234\333'K\225P!\201\026\254\305u\254\305\020N\306"
 242      4B955021 
 242      8116ACC5 
 242      75ACC510 
 242      4EC6
 243 048d F45AD4AB 		.ascii	"\364Z\324\253\235@\321\355\363uts$\272\011\302\245\343"
 243      9D40D1ED 
 243      F3757473 
 243      24BA09C2 
ARM GAS  /tmp/ccMQuug4.s 			page 19


 243      A5E3
 244 049f E82E03FA 		.ascii	"\350.\003\372\207\350h\243\363\333\006*\375\221\360"
 244      87E868A3 
 244      F3DB062A 
 244      FD91F0
 245 04ae BE48E713 		.ascii	"\276H\347\023\006to$\272;\022}\305\200\276\0215M\003"
 245      06746F24 
 245      BA3B127D 
 245      C580BE11 
 245      354D03
 246 04c1 78D800BE 		.ascii	"x\330\000\276\026\235H\2307\266\360\343\200\304\361"
 246      169D4898 
 246      37B6F0E3 
 246      80C4F1
 247 04d0 DF6347B4 		.ascii	"\337cG\264F\342\217GR9\241\265\037u\337\023\2359w\037"
 247      46E28F47 
 247      5239A1B5 
 247      1F75DF13 
 247      9D39771F 
 248 04e4 5EDCD877 		.ascii	"^\334\330w7\0210\300\276\015\251\213{\030;\377.\266"
 248      371130C0 
 248      BE0DA98B 
 248      7B183BFF 
 248      2EB6
 249 04f6 DE8F283F 		.ascii	"\336\217(?\241\334C\271\2032\210r\037\345\001\312-\224"
 249      A1DC43B9 
 249      83328872 
 249      1FE501CA 
 249      2D94
 250 0508 DBD35746 		.ascii	"\333\323WFY<[\031C\323\327\247J\255\334@\355D\364L8"
 250      593C5B19 
 250      43D3D7A7 
 250      4AADDC40 
 250      ED44F44C 
 251 051d 35ECAE50 		.ascii	"5\354\256P\347X\275\231\354a\335%N\264\325\267\341y"
 251      E758BD99 
 251      EC61DD25 
 251      4EB4D5B7 
 251      E179
 252 052f 94A0EE01 		.ascii	"\224\240\356\001\3451t\017\030E\353\021}\323\243!\243"
 252      E531740F 
 252      1845EB11 
 252      7DD3A321 
 252      A3
 253 0540 27053F63 		.ascii	"'\005?c.\2775/\2442r\256\267*\316\372I\370\250c\221"
 253      2EBF352F 
 253      A43272AE 
 253      B72ACEFA 
 253      49F8A863 
 254 0555 F595FA0B 		.ascii	"\365\225\372\013XU\016\210\375\352\343\355?\330\310"
 254      58550E88 
 254      FDEAE3ED 
 254      3FD8C8
 255 0564 014E7BF0 		.ascii	"\001N{\360\213\252\203q`u\314`\012\023\310E\267\326"
 255      8BAA8371 
 255      6075CC60 
 255      0A13C845 
ARM GAS  /tmp/ccMQuug4.s 			page 20


 255      B7D6
 256 0576 0E6F7BC3 		.ascii	"\016o{\303 =\274\307\361\303\230\236\036\342x\204\263"
 256      203DBCC7 
 256      F1C3989E 
 256      1EE27884 
 256      B3
 257 0587 0FF7B69A 		.ascii	"\017\367\266\232\3311J\021\337\360c\264\377\332\345"
 257      D9314A11 
 257      DFF063B4 
 257      FFDAE5
 258 0596 4632E3A5 		.ascii	"F2\343\245\355\021\273\264=\004\365\3266y=\320a\303"
 258      ED11BBB4 
 258      3D04F5D6 
 258      36793DD0 
 258      61C3
 259 05a8 5B5B05BB 		.ascii	"[[\005\273\265\375\341\332\001E\301SD1Q\034\324\352"
 259      B5FDE1DA 
 259      0145C153 
 259      4431511C 
 259      D4EA
 260 05ba 216B23AF 		.ascii	"!k#\257m\223\354\332Vq\241\373\206\225\034\345{D\315"
 260      6D93ECDA 
 260      5671A1FB 
 260      86951CE5 
 260      7B44CD
 261 05cd F0484D0C 		.ascii	"\360HM\014\337#\350\235m\374A\250\316B\217lE\315\027"
 261      DF23E89D 
 261      6DFC41A8 
 261      CE428F6C 
 261      45CD17
 262 05e0 C7F54A29 		.ascii	"\307\365J)\"\236K\270\036`\212\235:\342\321\312\241"
 262      229E4BB8 
 262      1E608A9D 
 262      3AE2D1CA 
 262      A1
 263 05f1 611B24E8 		.ascii	"a\033$\350\307\014\320V\346\013&_\344\363U :\014\375"
 263      C70CD056 
 263      E60B265F 
 263      E4F35520 
 263      3A0CFD
 264 0604 7566DC5E 		.ascii	"uf\334^}\200V\007?O?\000\240qk\177Q\034\271\303+\337"
 264      7D805607 
 264      3F4F3F00 
 264      A0716B7F 
 264      511CB9C3 
 265 061a 3872B2D7 		.ascii	"8r\262\327\026n\230\213\373Y\303\254E\227~1\234\036"
 265      166E988B 
 265      FB59C3AC 
 265      45977E31 
 265      9C1E
 266 062c 75616898 		.ascii	"uah\230pl(\024\035\377\027\236\356\177G\312\306f\307"
 266      706C2814 
 266      1DFF179E 
 266      EE7F47CA 
 266      C666C7
 267 063f 17ABF805 		.ascii	"\027\253\370\005\300\374it\377!\306k\011\262\273\367"
 267      C0FC6974 
ARM GAS  /tmp/ccMQuug4.s 			page 21


 267      FF21C66B 
 267      09B2BBF7 
 268 064f FDFBCDE2 		.ascii	"\375\373\315\342\323\237+\025!\344\354\177\242\034\017"
 268      D39F2B15 
 268      21E4EC7F 
 268      A21C0F
 269 065e E2588A81 		.ascii	"\342X\212\201\307\274\274a\273\307\254\306E\342\323"
 269      C7BCBC61 
 269      BBC7ACC6 
 269      45E2D3
 270 066d 82CD9D9B 		.ascii	"\202\315\235\233\221\345\316\312\312t{\263\275\262\345"
 270      91E5CECA 
 270      CA747BB3 
 270      BDB2E5
 271 067c D5BFBEB9 		.ascii	"\325\277\276\271\340\345E\213\204\347RR\234\374/\307"
 271      E0E5458B 
 271      84E75252 
 271      9CFC2FC7 
 272 068c E75C9591 		.ascii	"\347\\\225\221\345\314\315Y#\373\234+\336x\375\231\305"
 272      E5CCCD59 
 272      23FB9C2B 
 272      DE78FD99 
 272      C5
 273 069d CEE5CB53 		.ascii	"\316\345\313S\235\257\246\277\226\366\301b\372Is\220"
 273      9DAFA6BF 
 273      96F6C162 
 273      FA497390 
 274 06ad B252F85D 		.ascii	"\262R\370]\330\231\317#\277\277&'/wuN\246Gr\273\363"
 274      D899CF23 
 274      BFBF2627 
 274      2F77754E 
 274      A64772BB 
 275 06c2 BCD9F233 		.ascii	"\274\331\3623\213\335\362\037\235y\2765No\366\312\254"
 275      8BDDF21F 
 275      9D79BE35 
 275      4E6FF6CA 
 275      AC
 276 06d3 BC4C8F33 		.ascii	"\274L\2173\333\363a\226\367=\347\352\214\225\253\274"
 276      DBF36196 
 276      F73DE7EA 
 276      8C95ABBC 
 277 06e3 D91EA73B 		.ascii	"\331\036\247;\323\363\267\214\274,\331-\177\224\353"
 277      D3F3B78C 
 277      BC2CD92D 
 277      7F94EB
 278 06f2 F1A5AC12 		.ascii	"\361\245\254\022,\232YR43\337G>\247\333'g\"\206b\275"
 278      2C9A5952 
 278      3433DF47 
 278      3EA7DB27 
 278      67228662 
 279 0707 3934965B 		.ascii	"94\226[\376-\314W\011Vo\016\305\255\316\360\375\335"
 279      FE2DCC57 
 279      09566F0E 
 279      C5ADCEF0 
 279      FDDD
 280 0719 2D9B5E7A 		.ascii	"-\233^z\305\265\334\274<\355\345\277\270L\177^\341r"
 280      C5B5DCBC 
ARM GAS  /tmp/ccMQuug4.s 			page 22


 280      3CEDE5BF 
 280      B84C7F5E 
 280      E172
 281 072b C1DBB0CC 		.ascii	"\301\333\260\314\2742\313\223\261FMe\321\363n\331\242"
 281      BC32CB93 
 281      B1464D65 
 281      D1F36ED9 
 281      A2
 282 073c BD10CCF5 		.ascii	"\275\020\314\365\331_\031\324'\257\306|\336\317\365"
 282      D95F19D4 
 282      27AFC67C 
 282      DECFF5
 283 074b E6604C92 		.ascii	"\346`L\222\226\352\"\257\245\272\314\351o\246\247\272"
 283      96EA22AF 
 283      A5BACCE9 
 283      6FA6A7BA 
 284 075b 66A5AD48 		.ascii	"f\245\255H_\2724\325\025\223\366\306;\351K]\346\327"
 284      5FBA34D5 
 284      1593F6C6 
 284      3BE94B5D 
 284      E6D7
 285 076d D35297BA 		.ascii	"\323R\227\272(\223eV\335\312-K\234\2507\323-\3071\376"
 285      28936556 
 285      DDCA2D4B 
 285      9CA837D3 
 285      2DC731FE 
 286 0781 9E0F3CD9 		.ascii	"\236\017<\331\262/)\222\200V,5M\014'\341?\006v\313\377"
 286      B22F2992 
 286      80562C35 
 286      4D0C27E1 
 286      3F0676CB 
 287 0796 03420F33 		.ascii	"\003B\0173\312"
 287      CA
 288              		.text
 289              		.section	.gnu.lto_.symtab.272ccf5bb35bcec1,"",%progbits
 290 0000 5F70616C 		.ascii	"_pal_lld_init\000"
 290      5F6C6C64 
 290      5F696E69 
 290      7400
 291 000e 00       		.ascii	"\000"
 292 000f 00       		.ascii	"\000"
 293 0010 00       		.ascii	"\000"
 294 0011 00000000 		.ascii	"\000\000\000\000\000\000\000\000"
 294      00000000 
 295 0019 AE000000 		.ascii	"\256\000\000\000"
 296 001d 5F70616C 		.ascii	"_pal_lld_setgroupmode\000"
 296      5F6C6C64 
 296      5F736574 
 296      67726F75 
 296      706D6F64 
 297 0033 00       		.ascii	"\000"
 298 0034 00       		.ascii	"\000"
 299 0035 00       		.ascii	"\000"
 300 0036 00000000 		.ascii	"\000\000\000\000\000\000\000\000"
 300      00000000 
 301 003e FD000000 		.ascii	"\375\000\000\000"
 302 0042 5F70616C 		.ascii	"_pal_events\000"
ARM GAS  /tmp/ccMQuug4.s 			page 23


 302      5F657665 
 302      6E747300 
 303 004e 00       		.ascii	"\000"
 304 004f 00       		.ascii	"\000"
 305 0050 00       		.ascii	"\000"
 306 0051 00000000 		.ascii	"\000\000\000\000\000\000\000\000"
 306      00000000 
 307 0059 07010000 		.ascii	"\007\001\000\000"
 308              		.text
 309              		.section	.gnu.lto_.opts,"",%progbits
 310 0000 272D666D 		.ascii	"'-fmath-errno' '-fsigned-zeros' '-ftrapping-math' '"
 310      6174682D 
 310      6572726E 
 310      6F272027 
 310      2D667369 
 311 0033 2D666E6F 		.ascii	"-fno-trapv' '-fno-openmp' '-fno-openacc' '-mcpu=cor"
 311      2D747261 
 311      70762720 
 311      272D666E 
 311      6F2D6F70 
 312 0066 7465782D 		.ascii	"tex-m4' '-mno-thumb-interwork' '-mthumb' '-ggdb' '-"
 312      6D342720 
 312      272D6D6E 
 312      6F2D7468 
 312      756D622D 
 313 0099 4F322720 		.ascii	"O2' '-fomit-frame-pointer' '-falign-functions=16' '"
 313      272D666F 
 313      6D69742D 
 313      6672616D 
 313      652D706F 
 314 00cc 2D666675 		.ascii	"-ffunction-sections' '-fdata-sections' '-fno-common"
 314      6E637469 
 314      6F6E2D73 
 314      65637469 
 314      6F6E7327 
 315 00ff 2720272D 		.ascii	"' '-flto'\000"
 315      666C746F 
 315      2700
 316              		.text
 317              		.comm	__gnu_lto_v1,1,1
 318              		.comm	__gnu_lto_slim,1,1
 319              		.ident	"GCC: (15:6.3.1+svn253039-1build1) 6.3.1 20170620"
ARM GAS  /tmp/ccMQuug4.s 			page 24


DEFINED SYMBOLS
                            *ABS*:0000000000000000 hal_pal_lld.c
                            *COM*:0000000000000001 __gnu_lto_v1
                            *COM*:0000000000000001 __gnu_lto_slim

NO UNDEFINED SYMBOLS
