ARM GAS  /tmp/ccMyiND9.s 			page 1


   1              		.cpu cortex-m4
   2              		.eabi_attribute 20, 1
   3              		.eabi_attribute 21, 1
   4              		.eabi_attribute 23, 3
   5              		.eabi_attribute 24, 1
   6              		.eabi_attribute 25, 1
   7              		.eabi_attribute 26, 1
   8              		.eabi_attribute 30, 2
   9              		.eabi_attribute 34, 1
  10              		.eabi_attribute 18, 4
  11              		.file	"hal_st_lld.c"
  12              		.text
  13              	.Ltext0:
  14              		.section	.gnu.lto_.profile.ecaef3ba85c21081,"",%progbits
  15 0000 789C6365 		.ascii	"x\234ce`b`a```d\260\221\007\000\001\027\000h"
  15      60626061 
  15      60606064 
  15      B0910700 
  15      01170068 
  16              		.text
  17              		.section	.gnu.lto_.icf.ecaef3ba85c21081,"",%progbits
  18 0000 789C6365 		.ascii	"x\234ce`b\340c@\000&\206\216[\033z\331\0307\355kZ\301"
  18      6062E063 
  18      40002686 
  18      8E5B1B7A 
  18      D91837ED 
  19 0017 CE00002A 		.ascii	"\316\000\000*.\005_"
  19      2E055F
  20              		.text
  21              		.section	.gnu.lto_.jmpfuncs.ecaef3ba85c21081,"",%progbits
  22 0000 789C6365 		.ascii	"x\234ce`b0g@\000&0\311\310\300\300\3028\235\231\361"
  22      60623067 
  22      40002630 
  22      C9C8C0C0 
  22      C2389D99 
  23 0015 E9C9C96D 		.ascii	"\351\311\311m<}\314\363\231\031\030e\030\2273\312\000"
  23      3C7DCCF3 
  23      99191865 
  23      189733CA 
  23      00
  24 0026 6580A25D 		.ascii	"e\200\242]\277\256\367q@D9\030W\200D\031\0004\214\013"
  24      BFAEF771 
  24      40443918 
  24      57804419 
  24      00348C0B 
  25 003a 59       		.ascii	"Y"
  26              		.text
  27              		.section	.gnu.lto_.inline.ecaef3ba85c21081,"",%progbits
  28 0000 789C6365 		.ascii	"x\234ce`b\260b@\000&\006\006\036QF\006&\276{\001\014"
  28      6062B062 
  28      40002606 
  28      061E5146 
  28      0626BE7B 
  29 0016 6C0BE499 		.ascii	"l\013\344\231@b\214\\p\202A\\\036(\251t\241\223\011"
  29      40628C5C 
  29      7082415C 
  29      1E28A974 
ARM GAS  /tmp/ccMyiND9.s 			page 2


  29      A19309
  30 0029 2ECBCC03 		.ascii	".\313\314\003\326\305\000\000\253`\005\020"
  30      D6C50000 
  30      AB600510 
  31              		.text
  32              		.section	.gnu.lto_.pureconst.ecaef3ba85c21081,"",%progbits
  33 0000 789C6365 		.ascii	"x\234ce`b`c`\000\222\273\030\031\245\000\003\273\000"
  33      60626063 
  33      600092BB 
  33      1819A500 
  33      03BB00
  34 0013 E6       		.ascii	"\346"
  35              		.text
  36              		.section	.gnu.lto_VectorB0.ecaef3ba85c21081,"",%progbits
  37 0000 789C8554 		.ascii	"x\234\205T]l\024U\024>g\356\354\316v\267X\303\223\032"
  37      5D6C1455 
  37      143E67EE 
  37      ECCE76B7 
  37      58C3931A 
  38 0014 82DB681F 		.ascii	"\202\333h\0370\320\001i0\361\301\304\324\227&lbZ\336"
  38      30D00169 
  38      30F1C1C4 
  38      D497266C 
  38      625ADE
  39 0027 1B1C56BB 		.ascii	"\033\034V\273\311.Kv\012\201\247\336\226bCE0&BW\251"
  39      C92E4B76 
  39      0A81A7DE 
  39      96624345 
  39      30264257 
  40 003c 43AC4A45 		.ascii	"C\254JE\372+*\333\332\262\264B\371k\011\215\032\223"
  40      FA2B2ADB 
  40      DAB2B442 
  40      F96B098D 
  40      1A93
  41 004e 3E8040C5 		.ascii	">\200@\305bM\3206\024\005[\317\271\273]\313\254\221"
  41      624DD036 
  41      14055BCF 
  41      B9BB5DCB 
  41      AC91
  42 0060 C9EECCDE 		.ascii	"\311\356\314\336\363}\347\236\357\234\357\316z@\203"
  42      F37DE79E 
  42      EF9CEFCE 
  42      7A4083
  43 006f 220F8086 		.ascii	"\"\017\200\206\000e\000\200\036@\355\2351\200z\237\246"
  43      00650080 
  43      1E40ED9D 
  43      31807A9F 
  43      A6
  44 0080 89BE9520 		.ascii	"\211\276\225 \375\372\017&\310B\201z&\254#\362\017\351"
  44      FDFA0F26 
  44      C842817A 
  44      26AC23F2 
  44      0FE9
  45 0092 43A8D384 		.ascii	"C\250\323\204\216ux@\034\0228\324\364sJ[uT\322\225>"
  45      8E757840 
  45      1C1238D4 
  45      F4734A5B 
ARM GAS  /tmp/ccMyiND9.s 			page 3


  45      7554D295 
  46 00a7 F45751BD 		.ascii	"\364WQ\275\334\363\204#\000\222\364\345\013\217\342"
  46      DCF38423 
  46      0092F4E5 
  46      0B8FE2
  47 00b6 2A20DAF5 		.ascii	"* \332\365\236\371\367\226y\365L\034\333\321Ku\241k"
  47      9EF9F796 
  47      79F54C1C 
  47      DBD14B75 
  47      A16B
  48 00c8 1CD3727E 		.ascii	"\034\323r~\241I\246g\333\260\277\322/\300\241r|\003"
  48      A149A667 
  48      DBB0BFD2 
  48      2FC0A172 
  48      7C03
  49 00da 682622D7 		.ascii	"h&\"\327{Kh\374\024S8\3247\265oo\200s[\005W>\270g\350"
  49      7B4B68FC 
  49      145338D4 
  49      37B56F6F 
  49      80735B05 
  50 00f3 B2B15F38 		.ascii	"\262\261_8\202z\240\345X\307\334\035\177f\311bt\012"
  50      827AA0E5 
  50      58C7DC1D 
  50      7F66C962 
  50      740A
  51 0105 B575DE1D 		.ascii	"\265u\336\035\3619\330ZO\353\240#\004\036\303\025\370"
  51      F139D85A 
  51      4FEBA023 
  51      041EC315 
  51      F8
  52 0116 19AE00E6 		.ascii	"\031\256\000\346\037\033\235\2351\314\016\331X\317\230"
  52      1F1B9D9D 
  52      31CC0ED9 
  52      58CF98
  53 0125 8E9FA383 		.ascii	"\216\237\243\203-J5\036G\023\246p\367\2037\223F\246"
  53      2D4A351E 
  53      4713A670 
  53      F7833793 
  53      46A6
  54 0137 9C9EA978 		.ascii	"\234\236\251xfa.]\304%\0205\354\240}nb\343\304pY\226"
  54      66612E5D 
  54      C4251035 
  54      ECA07D6E 
  54      62E3C470 
  55 014d 4384AEE9 		.ascii	"C\204\256\351\324\237\3132\004\300N.\004\334\201\200"
  55      D49FCB32 
  55      04C04E2E 
  55      04DC8180 
  56 015d BE95DCC0 		.ascii	"\276\225\334\300\354/o\237W\015\270\264\035\371\024"
  56      EC2F6F9F 
  56      570DB8B4 
  56      1DF914
  57 016c E151F2BA 		.ascii	"\341Q\362\272\376\225\327\215\346\322\366u\252\325C"
  57      FE95D78D 
  57      E6D2F675 
  57      AAD543
  58 017b 5993A871 		.ascii	"Y\223\250q\342\225\306\356\303\202\343\036dI\277\217"
ARM GAS  /tmp/ccMyiND9.s 			page 4


  58      E295C6EE 
  58      C382E31E 
  58      6449BF8F 
  59 018b BE7FE331 		.ascii	"\276\177\3431^z1H\313O.\214\237\012\210\015jb\263-="
  59      5E7A3148 
  59      CB4F2E8C 
  59      9F0A880D 
  59      6A62B32D 
  60 01a0 ED05256D 		.ascii	"\355\005%mR6\310\364\334\310s\311\037oJ\371\256DG\030"
  60      5236C8F4 
  60      DCC873C9 
  60      1F6F4AF9 
  60      AE444718 
  61 01b4 78020539 		.ascii	"x\002\0059\205_\220\240\336l\033\370%\226PR\323\224"
  61      855F90A0 
  61      DE6C1BF8 
  61      25965052 
  61      D394
  62 01c6 1CD0793F 		.ascii	"\034\320y?\003\203\370\025a\267\261\341\372\314\376"
  62      0383F815 
  62      61B7B1E1 
  62      FACCFE
  63 01d5 135731E7 		.ascii	"\023W1\347rc\3460|\270\334\243\234N\012\004\027\266"
  63      7263E630 
  63      7CB8DCA3 
  63      9C4E0A04 
  63      17B6
  64 01e7 70BCACD9 		.ascii	"p\274\254\331\002\374\232A\315\015\336?\271:\002x\222"
  64      02FC9A41 
  64      CD0DDE3F 
  64      B93A0278 
  64      92
  65 01f8 31E1C666 		.ascii	"1\341\306fn\275\364$`\2121\335\215\215\177 X#`\037\303"
  65      6EBDF424 
  65      608A31DD 
  65      8D8D7F20 
  65      5823601F 
  66 020d 9EA5A70E 		.ascii	"\236\245\247\016\373\321K\035|\303\307\016\341\026K"
  66      FBD14B1D 
  66      7CC3C70E 
  66      E1164B
  67 021c FDC8E9BD 		.ascii	"\375\310\351\275\347/\276\207\216l\241\371\372\230\335"
  67      E72FBE87 
  67      8E6CA1F9 
  67      FA98DD
  68 022b 71A35FFA 		.ascii	"q\243_\372t\215\210\003X\254L\2703\375\335\204F\021"
  68      748D8803 
  68      58AC4CB8 
  68      33FDDD84 
  68      4611
  69 023d 1C445D35 		.ascii	"\034D]5\013xJM\265}px\262\260\370~6\273\200\271\177"
  69      0B784A4D 
  69      B57D7078 
  69      B2B0F87E 
  69      36BB80B9 
  70 0252 74F67E1F 		.ascii	"t\366~\037P\331i\316\306\323t\222'\261!\250\006\007"
  70      50D969CE 
ARM GAS  /tmp/ccMyiND9.s 			page 5


  70      C6D37492 
  70      27B121A8 
  70      0607
  71 0264 F02BEEBE 		.ascii	"\360+\356\2766p\360\356\353\356)u\347\246\344}H\361"
  71      3670F0EE 
  71      EBEE2975 
  71      E7A6E47D 
  71      48F1
  72 0276 90523C8C 		.ascii	"\220R<\214*\232JMO\030u\177K\237#\374I\232<\203\370"
  72      2A9A4A4D 
  72      4F18757F 
  72      4B9F23FC 
  72      499A3C83 
  73 028b 2DD6D1A9 		.ascii	"-\326\321\251\011,\372\376\260\233\033\036\345\346\031"
  73      092CFAFE 
  73      B09B1B1E 
  73      E5E619
  74 029a E566EE10 		.ascii	"\345f\356\020\0314\230\263\377\347foN\247/\337\315\340"
  74      193498B3 
  74      FFE7666F 
  74      4EA72FDF 
  74      CDE0
  75 02ac 3E727384 		.ascii	">rs\204\301\202|7\237\215\002\236c\314\237\347\346\310"
  75      C1827C37 
  75      9F8D029E 
  75      63CC9FE7 
  75      E6C8
  76 02be 334F019E 		.ascii	"3O\001\236g,\340\306n\267\012\326\010x!\337\315\213"
  76      672CE0C6 
  76      6EB70AD6 
  76      087821DF 
  76      CD8B
  77 02d0 6A369796 		.ascii	"j6\227\226\2709\357\3744\030X4\352\2542jT\031\345ve"
  77      B839EFFC 
  77      34185834 
  77      EAAC326A 
  77      5419E576 
  78 02e5 2CE70A6F 		.ascii	",\347\012o\256\336N]\375\277\260?{\017\027p\213\371"
  78      AEDE4E5D 
  78      FDBFB03F 
  78      7B0F1770 
  78      8BF9
  79 02f7 132FA4CC 		.ascii	"\023/\244\314\313\331q\377\206\015G\346>FE\344\253\231"
  79      CBD971FF 
  79      860D47E6 
  79      3E4645E4 
  79      AB99
  80 0309 8E376D40 		.ascii	"\2167m@%\326\227\226\232\231O\3346k6G\315m\361D\255"
  80      25D69796 
  80      9A994FDC 
  80      366B3647 
  80      CD6DF144 
  81 031e 6D566D0A 		.ascii	"mVm\012\255\177\336\334\270\361\025sSEh\307:F\252\355"
  81      AD7FDEDC 
  81      B8F11573 
  81      534568C7 
  81      3A46AAED 
ARM GAS  /tmp/ccMyiND9.s 			page 6


  82 0332 DAEA6874 		.ascii	"\332\352htK\251\005\306k\233\355\360\253\211\310\232"
  82      4BA905C6 
  82      6B9BEDF0 
  82      AB89C89A 
  83 0342 A5B9563C 		.ascii	"\245\271V<\026\213o\315\246\277\\\031*\017\3554\255"
  83      168B6FCD 
  83      A6BF5C19 
  83      2A0FED34 
  83      AD
  84 0353 1A2B9E08 		.ascii	"\032+\236\010W\357x!VZ\003/\376\007;\274\263\226\271"
  84      57EF7821 
  84      565A032F 
  84      FE073BBC 
  84      B396B9
  85 0366 6679A8AA 		.ascii	"fy\250\252\242\312,'\262Y\261\325\212n\337\0226\255"
  85      A2CA2C27 
  85      B259B1D5 
  85      8A6EDF12 
  85      36AD
  86 0378 981DB1AB 		.ascii	"\230\035\261\253\337\260,J}\332-2n\323-Q\253\236n\234"
  86      DFB02C4A 
  86      7DDA2D32 
  86      6ED32D51 
  86      AB9E6E9C 
  87 038c C291C53D 		.ascii	"\302\221\305=j\354]6\341\217\207\252*\203,z[\"\262:"
  87      6AEC5D36 
  87      E18F87AA 
  87      2A832C7A 
  87      5B22B23A 
  88 03a0 58B216B4 		.ascii	"X\262\026\264\004\030\261p,\236\330\005\377\000\316"
  88      0418B170 
  88      2C9ED805 
  88      FF00CE
  89 03af 63F994   		.ascii	"c\371\224"
  90              		.text
  91              		.section	.gnu.lto_st_lld_init.ecaef3ba85c21081,"",%progbits
  92 0000 789CA595 		.ascii	"x\234\245\225ML\023A\024\200\347\355\354nw+bb<\230\330"
  92      4D4C1341 
  92      1480E7ED 
  92      EC6E772B 
  92      62623C98 
  93 0015 83573CB0 		.ascii	"\203W<\260A\342\335\203\027\0238\301\235\030=hB\202"
  93      41E2DD83 
  93      171338C1 
  93      9D183D68 
  93      4282
  94 0027 11E2D12E 		.ascii	"\021\342\321.\002E1\001\022c\221C\263MHD\320R\212\200"
  94      02453101 
  94      12639143 
  94      B34D4844 
  94      D0528A80 
  95 003b 14514A05 		.ascii	"\024QJ\005\021\204\0261Q\024\377b\"\241\242\011\001"
  95      11841631 
  95      5114FF62 
  95      22A1A209 
  95      01
  96 004c A24602F5 		.ascii	"\242F\002\365\275\331\322\022<\265N\272\263\335\231"
ARM GAS  /tmp/ccMyiND9.s 			page 7


  96      BDD9D212 
  96      3CB54EBA 
  96      B3DD99
  97 005b D9EF7B6F 		.ascii	"\331\357{ovfWa\022;\2512v\2021v\004\017\340\014\244"
  97      76665761 
  97      123BA932 
  97      76823176 
  97      040FE00C 
  98 0070 D61863B5 		.ascii	"\326\030c\265\232\004@\177L\015\230[\0027\264\3606\016"
  98      9A04407F 
  98      4C0D985B 
  98      0237B4F0 
  98      360E
  99 0082 D1C6A5B0 		.ascii	"\321\306\245\260T\320ib\211\264\255\035\364\230\015"
  99      54D06962 
  99      89B4AD1D 
  99      F4980D
 100 0091 872DCE58 		.ascii	"\207-\316X;\036T\240\023\012\030\016\373\022\332\276"
 100      3B1E54A0 
 100      130A180E 
 100      FB12DABE 
 101 00a1 B55F95ED 		.ascii	"\265_\225\355v\270\013*\34098\017\021s;\331hF\306;`"
 101      76B80B2A 
 101      E039380F 
 101      11733BD9 
 101      6846C63B 
 102 00b6 ABEC90C4 		.ascii	"\253\354\220\304,\216>\254\024\252T\2524\252t\252\030"
 102      2C8E3EAC 
 102      14AA54AA 
 102      34AA74AA 
 102      18
 103 00c7 6BC29B29 		.ascii	"k\302\233)\202\033\\\2423O@t81z\201p>.\241\305\333\020"
 103      821B5CA2 
 103      334F4074 
 103      38317A81 
 103      703E2EA1 
 104 00de 8D3B9AB9 		.ascii	"\215;\232\271\305% i\275obI\267/\315\325k\246\214M+"
 104      C5252069 
 104      BD6F6249 
 104      B72FCDD5 
 104      6BA68C4D 
 105 00f3 9F36C38A 		.ascii	"\2376\303\212\005\276Z\214\367\250\3059t\203\013\272"
 105      05BE5A8C 
 105      F7A8C539 
 105      74830BBA 
 106 0103 C0C568FC 		.ascii	"\300\305h\374\232w\356s\236\0210\353\301\3422\334\003"
 106      9A77EE73 
 106      9E1130EB 
 106      C1E232DC 
 106      03
 107 0114 0B6E8B34 		.ascii	"\013n\2134\340>\030,\001u\277=`\273\270\255\353\037"
 107      E03E182C 
 107      0175BF3D 
 107      60BBB8AD 
 107      EB1F
 108 0126 9FF468C4 		.ascii	"\237\364h\304\007,\001\204`@^\235\206dg\352\311\230"
 108      072C0184 
ARM GAS  /tmp/ccMyiND9.s 			page 8


 108      60405E9D 
 108      866467EA 
 108      C998
 109 0138 8260209E 		.ascii	"\202` \236@\303\272\355R\262c\365\012\026\315.\204\366"
 109      40C3BAED 
 109      52B263F5 
 109      0A16CD2E 
 109      84F6
 110 014a 444DB0FF 		.ascii	"DM\260\377\011\263/\203~@a\252\"\314\256\351T\240\332"
 110      09B32F83 
 110      7E4061AA 
 110      22CCAEE9 
 110      54A0DA
 111 015d EE07A088 		.ascii	"\356\007\240\210\007\320T7\326\247\331\227f\244\325"
 111      07D05437 
 111      D6A7D997 
 111      66A4D5
 112 016c CCC7A6B9 		.ascii	"\314\307\246\271\217C\257\235\031\237\012\003\350\353"
 112      8F43AF9D 
 112      199F0A03 
 112      E8EB
 113 017a 4FF906D7 		.ascii	"O\371\006\327\327Z2\276A\341\223\310\367pO*:\352\376"
 113      D75A32BE 
 113      41E193C8 
 113      F7704F2A 
 113      3AEAFE
 114 018d 49250BF4 		.ascii	"I%\013\364P\006\035\246Tt\002m,\317^\317O\261\322\211"
 114      50061DA6 
 114      5474026D 
 114      2CCF5ECF 
 114      4FB1D289 
 115 01a1 384422B1 		.ascii	"8D\"\261\300\257U\247}I+\235VRG\317\317I-e\363_\301"
 115      C0AF55A7 
 115      7D492B9D 
 115      565247CF 
 115      CF492D65 
 116 01b8 05AAC123 		.ascii	"\005\252\301#\364\015\247|\335\263\033\353\016\362\325"
 116      F40DA77C 
 116      DDB31BEB 
 116      0EF2D5
 117 01c7 522C328C 		.ascii	"R,2\214\010\243X\375\217\301\300\001\337b\011\237\230"
 117      08A358FD 
 117      8FC1C001 
 117      DF62099F 
 117      98
 118 01d8 1B19E263 		.ascii	"\033\031\342c\014\236\330\311l,\307\3221di\030\025\006"
 118      0C9ED8C9 
 118      6C2CC7D2 
 118      31646918 
 118      1506
 119 01ea 990C1161 		.ascii	"\231\014\021aX\031\351]PlC\022\313\001\030\333q\304"
 119      5819E95D 
 119      506C4312 
 119      CB0118DB 
 119      71C4
 120 01fc 73754485 		.ascii	"suD\205C!\307S\341H\317\223\014\014\306w\370\013\271"
 120      4321C753 
ARM GAS  /tmp/ccMyiND9.s 			page 9


 120      E148CF93 
 120      0C0CC677 
 120      F80BB9
 121 020f F1759810 		.ascii	"\361u\230\020||\375Pg\322\033\372\240\026\005\251\323"
 121      7C7CFD50 
 121      67D21BFA 
 121      A01605A9 
 121      D3
 122 0220 DF271EDB 		.ascii	"\337'\036\33330\340\230Kl\224I(\312\370\336\346\232"
 122      3330E098 
 122      4B6C9449 
 122      28CAF8DE 
 122      E69A
 123 0232 CF73E173 		.ascii	"\317s\341s\020p\012\331i\340\273\\\201\323\002\250\021"
 123      10700AD9 
 123      69E0BB5C 
 123      81D302A8 
 123      11
 124 0243 F0C56EE0 		.ascii	"\360\305n\340b\256\300\031\001\324\0118+f|\240q&\344"
 124      62AEC019 
 124      01D40938 
 124      2B667CA0 
 124      7126E4
 125 0256 B4671C20 		.ascii	"\264g\034 \266\303\177\237+?.\370N\342\317a\300\004"
 125      B6C37F9F 
 125      2B3F2EF8 
 125      4EE2CF61 
 125      C004
 126 0268 5C81067F 		.ascii	"\\\201\006\177\362\016'\036\335\021\016\177_t\270\267"
 126      F20E271E 
 126      DD110E7F 
 126      5F74B8B7 
 127 0278 4CCDE2CE 		.ascii	"L\315\342\316v\332\376\360\022\334\324\361u\352\246"
 127      76DAFEF0 
 127      12DCD4F1 
 127      75EAA6
 128 0287 278F22D9 		.ascii	"'\217\"\331\207\374yp\321\206\377\363\246Y\263\2334"
 128      87FC7970 
 128      D186FFF3 
 128      A659B39B 
 128      34
 129 0298 78052E8B 		.ascii	"x\005.\213\347\261\037p\325\277\331)6\256\370$4!\003"
 129      E7B11F70 
 129      D5BFD929 
 129      36AEF824 
 129      342103
 130 02ab DFDEB8F9 		.ascii	"\337\336\270\371\212\013\013\015\373WUm\234?Si\\\254"
 130      8A0B0B0D 
 130      FB57556D 
 130      9C3F5369 
 130      5CAC
 131 02bd BA54536D 		.ascii	"\272TSm\224\225\227\026\0377JJN\031\345\247K/\027QO"
 131      94959716 
 131      1F374A4A 
 131      4E19E5A7 
 131      4B2F1751 
 132 02d2 45754D45 		.ascii	"EuMEe\345\271\302\263\354/#\203\032\202"
ARM GAS  /tmp/ccMyiND9.s 			page 10


 132      65E5B9C2 
 132      B3EC2F23 
 132      831A82
 133              		.text
 134              		.section	.gnu.lto_.symbol_nodes.ecaef3ba85c21081,"",%progbits
 135 0000 789C6365 		.ascii	"x\234ce`b(d\000\002\246\235L\365\014\014\023\31610\000"
 135      60622864 
 135      0002A69D 
 135      4CF50C0C 
 135      13CE3130 
 136 0015 A95D0D8E 		.ascii	"\251]\015\216@\221]L\365\214(\"\214\273\231\352\231"
 136      40915D4C 
 136      F58C2822 
 136      8CBB99EA 
 136      99
 137 0026 C0220C0C 		.ascii	"\300\"\014\014\015\015\016@\201=L\365\314(\002{\231"
 137      0D0D0E40 
 137      813D4CF5 
 137      CC28027B 
 137      99
 138 0037 EA599005 		.ascii	"\352Y\220\005\230\201\260\345\33016f\240=-\355o\344"
 138      9881B0E5 
 138      D8313666 
 138      A03D2DED 
 138      6FE4
 139 0049 99195918 		.ascii	"\231\031Y\030\216t\275\221g\000\000E\240\033\330"
 139      8E74BD91 
 139      67000045 
 139      A01BD8
 140              		.text
 141              		.section	.gnu.lto_.refs.ecaef3ba85c21081,"",%progbits
 142 0000 789C6365 		.ascii	"x\234ce`b`d\000\002\000\000I\000\011"
 142      60626064 
 142      00020000 
 142      490009
 143              		.text
 144              		.section	.gnu.lto_.decls.ecaef3ba85c21081,"",%progbits
 145 0000 789CCD58 		.ascii	"x\234\315XkPT\311\025\236\276=\274\006\030\255\301l"
 145      6B5054C9 
 145      159EBE3D 
 145      BC0618AD 
 145      C16C
 146 0012 4CC5AA6C 		.ascii	"L\305\252l\014)I\245\342\010\232G\245\362C\035P\250"
 146      0C2949A5 
 146      E2089A47 
 146      A5F2431D 
 146      50A8
 147 0024 925D6B70 		.ascii	"\222]kp\267\262\3713\305\"\033I\020v\0017\232\037\311"
 147      B7B2F933 
 147      C5221B49 
 147      10760137 
 147      9A1FC9
 148 0037 054179A8 		.ascii	"\005Ay\250\273\254\242\242\242\010\210\243\202\242\273"
 148      BBACA2A2 
 148      A20888A3 
 148      82A2BB
 149 0046 8A8808CE 		.ascii	"\212\210\010\316(\362\322EP\021\220\207\250\370@\021"
ARM GAS  /tmp/ccMyiND9.s 			page 11


 149      28F2D245 
 149      50119087 
 149      A8F84011 
 150 0056 071504D4 		.ascii	"\007\025\004\324\234\356\2763\267\347\316\230\344O\252"
 150      9CEEBE33 
 150      B7E7CE98 
 150      E44FAA
 151 0065 728B337D 		.ascii	"r\2133}O\367\327\337=\217\276}O\343\241\022T\355\263"
 151      4FF7D7DF 
 151      3D8FBE7D 
 151      4FE3A112 
 151      54EDB3
 152 0078 54AABFAB 		.ascii	"T\252\277\253U\252eH\245z\013\027V\251T\345 \240\252"
 152      55AA6548 
 152      A57A0B17 
 152      56A954E5 
 152      20A0AA
 153 008b 2A54ECF2 		.ascii	"*T\354\362\0009\015r\006\344,\3109\020\253\312\365\372"
 153      00390D72 
 153      06E42CC8 
 153      3910ABCA 
 153      F5FA
 154 009d 0226F941 		.ascii	"\002&\371A\3731\310\034\020/\320=A\032\341^\0072C\342"
 154      FB31C81C 
 154      102FD03D 
 154      411AE15E 
 154      073243E2 
 155 00b1 F4873E1D 		.ascii	"\364\207>\035H\000H\245\364\254\347\244_z\316\017\240"
 155      480048A5 
 155      F4ACE7A4 
 155      5F7ACE0F 
 155      A0
 156 00c2 E387203F 		.ascii	"\343\207 ?\002\3711\310OA~\206\330s\177\016\355\034"
 156      02F931C8 
 156      4F417E86 
 156      D8737F0E 
 156      ED1C
 157 00d4 905F80FC 		.ascii	"\220_\200\374\0221{\224\327\032\304\270\354v\244\200"
 157      12317B94 
 157      D71AC4B8 
 157      EC76A480 
 158 00e4 9E2CD991 		.ascii	"\236,\331\221\012\255\210d\333:\240/\0151\273, \276"
 158      0AAD8864 
 158      DB3AA02F 
 158      0D31BB2C 
 158      20BE
 159 00f6 20D1A0FF 		.ascii	" \321\240\377\005d\035\211\211\212\031\370\022\032\014"
 159      05641D89 
 159      898A19F8 
 159      121A0C
 160 0105 ED18B436 		.ascii	"\355\030\2646\020\001\356GI+\305\305]<v`\324\323p\350"
 160      1001EE47 
 160      492BC5C5 
 160      5D3C7660 
 160      D4D370E8 
 161 0119 08DE82D1 		.ascii	"\010\336\202\321\034\015\"\321\235\006]\307\036W\275"
 161      1C0D22D1 
ARM GAS  /tmp/ccMyiND9.s 			page 12


 161      9D065DC7 
 161      1E57BD
 162 0128 F2675D04 		.ascii	"\362g]\004\321\367\312\274dn\231\310.oA\236\332\366"
 162      D1F7CABC 
 162      646E99C8 
 162      2E6F419E 
 162      DAF6
 163 013a 95ADC40B 		.ascii	"\225\255\304\013\373R\320\325\364\212=\204F\247AjP\237"
 163      FB52D0D5 
 163      F48A3D84 
 163      46A7416A 
 163      509F
 164 014c 5DDE7547 		.ascii	"]\336uG\013\352\014\015z\177\007\026\362\233:,j\024"
 164      0BEA0C0D 
 164      7A7F0716 
 164      F29B3A2C 
 164      6A14
 165 015e A4292514 		.ascii	"\244)%\024uc'f\347n\024E\001\035E\032t\030at\010\315"
 165      75632766 
 165      E76E1445 
 165      011D451A 
 165      74186174 
 166 0174 253ECCD1 		.ascii	"%>\314\321\300o\246(\246\211_\257\027}\302U\250\014"
 166      C06FA628 
 166      A6895FAF 
 166      177DC255 
 166      A80C
 167 0186 CD4247D0 		.ascii	"\315BG\320,\025*GA\304\032\202Cf\350<\010\235\360\224"
 167      2C152A47 
 167      41C41A82 
 167      4366E83C 
 167      089DF094 
 168 019a 4325B945 		.ascii	"C%\271E\2368\224\030 \324\237\353\276\251F\232 \267"
 168      9E389418 
 168      20D49FEB 
 168      BEA9469A 
 168      20B7
 169 01ac F38FBB99 		.ascii	"\363\217\273\231\317ly\232?\273>\203\330R\001\266\034"
 169      CF6C799A 
 169      3FBB3E83 
 169      D85201B6 
 169      1C
 170 01bd 936D01D3 		.ascii	"\223m\001\323H\003\275\360\234S\233/\324\010\275\350"
 170      4803BDF0 
 170      9C539B2F 
 170      D408BDE8 
 171 01cd 1602E7D1 		.ascii	"\026\002\347\321t\352>B\354\027Q\241\352[\373\205\020"
 171      74EA3E42 
 171      EC1751A1 
 171      EA5BFB85 
 171      10
 172 01de ED875E81 		.ascii	"\355\207^\201\3762 \355B\366\031\222.H\252 Q\322?i2"
 172      FE3220ED 
 172      42F61992 
 172      2E48AA20 
 172      51D23F69 
 173 01f3 E218D930 		.ascii	"\342\030\3310{\222\375big7t\232}6\022\344\007 \304O"
ARM GAS  /tmp/ccMyiND9.s 			page 13


 173      7B92FD62 
 173      69673774 
 173      9A7D3612 
 173      E40720C4 
 174 0208 E00899D9 		.ascii	"\340\010\231\331\322\270\303>\225\354\034\262\247\371"
 174      D2B8C33E 
 174      95EC1CB2 
 174      A7F9
 175 0216 597ECBA0 		.ascii	"Y~\313\240\246\017\365\220\336\302\205\210\366=y\372"
 175      A60FF590 
 175      DEC28588 
 175      F63D79FA 
 176 0226 F8A0167F 		.ascii	"\370\240\026\177NS\177\361\355X\3354\226z\201\254\212"
 176      4E537FF1 
 176      ED58DD34 
 176      967A81AC 
 176      8A
 177 0237 9196025F 		.ascii	"\221\226\002_\226\372\351\240\216\247^?\257\231\271"
 177      96FAE9A0 
 177      8EA75E3F 
 177      AF99B9
 178 0246 9D2E9EF5 		.ascii	"\235.\236\365\342t\001}\374\036:\005)8\011)P\241J4\023"
 178      E274017D 
 178      FC1E3A05 
 178      29380929 
 178      50A14A34 
 179 025b 7E3F55B3 		.ascii	"~?U\263'\345M\232\213|g\027\212\205\375b\335\367\373"
 179      27E54D9A 
 179      8B7C6717 
 179      8A85FD62 
 179      DDF7FB
 180 026e 16D4166D 		.ascii	"\026\324\026m\020[a\332B\212C\337\311\331\201[\370\375"
 180      105B61DA 
 180      428A43DF 
 180      C9D9815B 
 180      F8FD
 181 0280 16F52174 		.ascii	"\026\365!t\002\365\202\341\247\321lb\351\246\247\205"
 181      02F582E1 
 181      A7D16C62 
 181      E9A6A785 
 182 0290 D37039A2 		.ascii	"\323p9\242f]\330Z0\340)\221]i\366\313\027\353\322D\222"
 182      665DD85A 
 182      30E02991 
 182      5D69F6CB 
 182      17EBD244 
 183 02a5 68425525 		.ascii	"hBU%SU)\251\316P\252\276\221\321K\276\270\212Qm=\330"
 183      535529A9 
 183      CE50AABE 
 183      91D14BBE 
 183      B88A516D 
 184 02bb B55100AA 		.ascii	"\265Q\000\252~X0\367\253\202^W\334\02535\314\250j\231"
 184      7E5830F7 
 184      AB825E57 
 184      DC153335 
 184      CCA86A99 
 185 02cf A99A3091 		.ascii	"\251\2320\221\233\263\224!\253\322\272\031\343\011\306"
 185      9BB39421 
ARM GAS  /tmp/ccMyiND9.s 			page 14


 185      ABD2BA19 
 185      E309C6
 186 02de 307A6932 		.ascii	"0zi2\303[b\030j\374C\363\0111\335\203\316\257\221\347"
 186      C35B6218 
 186      6AFC43F3 
 186      0931DD83 
 186      CEAF91E7 
 187 02f2 D7D8E79F 		.ascii	"\327\330\347\237\243\363w_\033(\026p\271@\347[^\365"
 187      A3F3775F 
 187      1B281670 
 187      B940E75B 
 187      5EF5
 188 0304 4D570B6C 		.ascii	"MW\013lA\222pAW\366\201\306\011\354\350\253C\264\263"
 188      41927041 
 188      57F681C6 
 188      09ECE8AB 
 188      43B4B3
 189 0317 F9AAADC3 		.ascii	"\371\252\255\303\357\235\321\266\320h\237GR\270\313"
 189      EF9DD1B6 
 189      D0689F47 
 189      52B8CB
 190 0326 2A1B6E68 		.ascii	"*\033nh%\243F\277\377]>5\0120\250V6\252\326n\224\225"
 190      25A346BF 
 190      FF5D3E35 
 190      0A30A856 
 190      36AAD66E 
 191 033c 1A55793B 		.ascii	"\032Uy;\257\326\207\345\372&\241\330U\375\274\311\203"
 191      AFD687E5 
 191      FA26A1D8 
 191      55FDBCC9 
 191      83
 192 034d E9DE6478 		.ascii	"\351\336dx\370H\245?\313}\035\031n\037\334\237\356\307"
 192      F848A53F 
 192      CB7D1D19 
 192      6E1FDC9F 
 192      EEC7
 193 035f 865B896E 		.ascii	"\206[\211n\275qiD\215\0371\2372\313\266X\261&\223\030"
 193      BD716944 
 193      8D1F319F 
 193      32CBB658 
 193      B1269318 
 194 0373 FADFBCAF 		.ascii	"\372\337\274\2570\243\245e\362\262\007\036a\323s.\236"
 194      30A3A565 
 194      F2B2071E 
 194      61D3732E 
 194      9E
 195 0384 AC97769C 		.ascii	"\254\227v\234\006\242o;c\255\366\305\243l\360N\366\200"
 195      06A26F3B 
 195      63ADF6C5 
 195      A36CF04E 
 195      F680
 196 0396 D5138F33 		.ascii	"\325\023\2173\305n\225N\262j_\367\213&\204\247\330`"
 196      C56E954E 
 196      B26A5FF7 
 196      8B2684A7 
 196      D860
 197 03a8 75E5D97A 		.ascii	"u\345\331z\311\203y\334\352\325\261\325{j\260\261^\303"
ARM GAS  /tmp/ccMyiND9.s 			page 15


 197      C98379DC 
 197      EAD5B1D5 
 197      7B6AB0B1 
 197      5EC3
 198 03ba 1C1211E8 		.ascii	"\034\022\021\3505m\267\026\342T\314rb\2538(9\207\211"
 198      356DB716 
 198      E254CC72 
 198      62AB3828 
 198      398789
 199 03cd 3BF9B6D6 		.ascii	";\371\266\326i\304\035\221\271C\372\355\016\251\320"
 199      69C41D91 
 199      B943FAED 
 199      0EA9D0
 200 03dc 75B29F20 		.ascii	"u\262\237 \375,t\215\271\3229~\261\313C\3675E\213\342"
 200      FD2C748D 
 200      B9D2397E 
 200      B1CB43F7 
 200      35458BE2 
 201 03f0 FB6A9AC4 		.ascii	"\373j\232\3046\200_\245\360\033Hg\237D_\261\274a-\017"
 201      36805FA5 
 201      F01B4867 
 201      9F445FB1 
 201      BC612D0F 
 202 0404 6EFC77E0 		.ascii	"n\374w\340\243\305\007vhp\0063r\367h\317C)aA\240\226"
 202      A3C50776 
 202      68700633 
 202      72F768CF 
 202      43296141 
 203 041a BEAC5EEF 		.ascii	"\276\254^\357\215\263\330\330\326s\005\227\275\360f"
 203      8DB3D8D8 
 203      D6730597 
 203      BDF066
 204 0429 A6D8776C 		.ascii	"\246\330wl\035\335\261QZ\307b\234\313Fjs\277\351A8\217"
 204      1DDDB151 
 204      5AC7629C 
 204      CB466A73 
 204      BFE94138 
 205 043e 29C3E9F7 		.ascii	")\303\351\367\372\245\370\314$ol\363\320\034\274\213"
 205      FAA5F8CC 
 205      246F6CF3 
 205      D01CBC8B 
 206 044e 0DBD69B0 		.ascii	"\015\275i\260\316\301\205\354\276\376\224\371 \302\245"
 206      CEC185EC 
 206      BEFE94F9 
 206      20C2A5
 207 045d 4CB1EDAA 		.ascii	"L\261\355\252\037\322\340\303L)l\333s\332\033\2273\245"
 207      1FD2E0C3 
 207      4C296CDB 
 207      73DA1B97 
 207      33A5
 208 046f 747C7BA9 		.ascii	"t|{\251\037>\301\224kU\3273}q%S2\217\037\337\351\213"
 208      1F3EC194 
 208      6B55D733 
 208      7D712553 
 208      328F1FDF 
 209 0485 AB999256 		.ascii	"\253\231\222V\335\231+\3550\375D\277{\340n\241\217\224"
 209      DD992BED 
ARM GAS  /tmp/ccMyiND9.s 			page 16


 209      30FD44BF 
 209      7BE06EA1 
 209      8F94
 210 0497 154FF22A 		.ascii	"\025O\362*\264\265\214!\\\313\300\331\247\332{\325\357"
 210      B4B58C21 
 210      5CCBC0D9 
 210      A7DA7BD5 
 210      EF
 211 04a8 CCC3903D 		.ascii	"\314\303\220=\017\363h\032\362j\362Nj\225i\250\007\364"
 211      0FF3681A 
 211      F26AF24E 
 211      6A9569A8 
 211      07F4
 212 04ba 458A7E4C 		.ascii	"E\212~L#;d\217l\353\275\342\003je\036\336\205~\357i"
 212      233B648F 
 212      6CEBBDE2 
 212      036A651E 
 212      DE857EEF 
 213 04cf F6F917FE 		.ascii	"\366\371\027\376(000 \220\273\202\350o\221\230\276\036"
 213      28303030 
 213      2090BB82 
 213      E86F9198 
 213      BE1E
 214 04e1 F692F179 		.ascii	"\366\222\361y\231\305W6\211\205\026D\251\276\207\367"
 214      99C55736 
 214      89851644 
 214      A9BE87F7 
 215 04f1 EE190A90 		.ascii	"\356\031\012\220\337\203+\224\267\214\374\252\330\024"
 215      DF832B94 
 215      B78CFCAA 
 215      D814
 216 04ff 4B16869D 		.ascii	"K\026\206\235,\035S|\203\022\177\311\005\377(\223\303"
 216      2C1D537C 
 216      83127FC9 
 216      05FF2893 
 216      C3
 217 0510 5F56E29B 		.ascii	"_V\342\233)>\230\300s%\257\026\252U\350!\214?\240C\004"
 217      293E98C0 
 217      7325AF16 
 217      AA55E821 
 217      8C3FA043 
 218 0525 0D6F217A 		.ascii	"\015o!z\003/\344(\012D6\220\011\2201\220\347 iB z\011"
 218      032FE428 
 218      0A443690 
 218      09903190 
 218      E7206942 
 219 053c ED6B9071 		.ascii	"\355k\220q\220I\220\267 \"\364\277\202v=\264\303\320"
 219      904990B7 
 219      2022F4BF 
 219      82763DB4 
 219      C3D0
 220 054e 8E804C81 		.ascii	"\216\200L\201\274\000y\012\222*\004\322m\205\0319\361"
 220      BC00790A 
 220      922A04D2 
 220      6D851939 
 220      F1
 221 055f 0FD9C641 		.ascii	"\017\331\306A\245\215z\245K6\016}\337-:X\006\267\375"
ARM GAS  /tmp/ccMyiND9.s 			page 17


 221      A58D7AA5 
 221      4B360E7D 
 221      DF2D3A58 
 221      06B7FD
 222 0572 5306DF51 		.ascii	"S\006\337Q\202\257\"\005z\202\217V\223\373\350r\360"
 222      82AF2205 
 222      7A828F56 
 222      93FBE872 
 222      F0
 223 0583 018EFCB6 		.ascii	"\001\216\374\266\022\335\247D7q\350\273J\364E\227\314"
 223      12DDA744 
 223      3771E8BB 
 223      4AF44597 
 223      CC
 224 0594 D93878AF 		.ascii	"\3318x\257\022~KI\336\306[~S\011oU\302-\034\371=\367"
 224      127E4B49 
 224      DEC65B7E 
 224      53096F55 
 224      C22D1CF9 
 225 05aa B6F061E1 		.ascii	"\266\360a\341\320=\356Mq\262\234\267\245\305\375\232"
 225      D03DEE4D 
 225      71B29CB7 
 225      A5C5FD9A 
 226 05ba 735AA31C 		.ascii	"sZ\243\034}\277\373028+\331\206\337\350RE\021\021\230"
 226      7DBFFB30 
 226      32382BD9 
 226      86DFE852 
 226      45111198 
 227 05ce 4AFA4CC9 		.ascii	"J\372L\311K\251>\023W\235\020\305,O\312\326\255d\353"
 227      4BA93E13 
 227      579D10C5 
 227      2C4FCAD6 
 227      AD64EB
 228 05e1 74490A6F 		.ascii	"tI\012ok\227{\270\303\326T\300g\341T\212\177\202t\350"
 228      6B977BB8 
 228      C3D654C0 
 228      67E1548A 
 228      7F8274E8 
 229 05f5 9184B76F 		.ascii	"\221\204\267o\001\350\202\222\276\213sm\300\375\362"
 229      01E88292 
 229      BE8B736D 
 229      C0FDF2
 230 0604 E3D9BB32 		.ascii	"\343\331\2732%\366\016`o\227\360\366\215^\312\"\303"
 230      25F60E60 
 230      6F97F0F6 
 230      8D5ECA22 
 230      C3
 231 0615 93CABDE5 		.ascii	"\223\312\275\345\206Y\213\307\350\256'X\366\236\315"
 231      86598BC7 
 231      E8AE2758 
 231      F69ECD
 232 0624 870A3B80 		.ascii	"\207\012;\200\205\350F\026^OB\264A\010@\351\202\343"
 232      85E84616 
 232      5E4F42B4 
 232      410840E9 
 232      82E3
 233 0636 634E22E6 		.ascii	"cN\"\346\376MG\031B\320\377\374e'\337\210\207_\335\026"
ARM GAS  /tmp/ccMyiND9.s 			page 18


 233      FE4D4719 
 233      42D0FFFC 
 233      6527DF88 
 233      875FDD16 
 234 064a FCB21D35 		.ascii	"\374\262\0355:\265P\336\2357\012~\264\330\200\026\300"
 234      3AB550DE 
 234      9D370A7E 
 234      B4D88016 
 234      C0
 235 065b D7C76B26 		.ascii	"\327\307k&\374\360z5qP\335_l\033\362DA\263\020\322\200"
 235      FCF07A35 
 235      7150DD5F 
 235      6C1BF244 
 235      41B310D2 
 236 0670 94DA8F23 		.ascii	"\224\332\217#*\224#hP\246\200\355G\232]\"l\375#\377"
 236      2A942368 
 236      50A680ED 
 236      479A5D22 
 236      6CFD23FF 
 237 0684 24DDEC2C 		.ascii	"$\335\354,1R$\342\231*4\237n\371(\013\374$C*\264I\230"
 237      315224E2 
 237      992A349F 
 237      6EF9280B 
 237      FC24432A 
 238 069b 85B28559 		.ascii	"\205\262\205Y0\301\233\366\300\0037=\271\272\323O\336"
 238      30C19BF6 
 238      C003373D 
 238      B9BAD34F 
 238      DE
 239 06ac DF11E596 		.ascii	"\337\021\345\226\313\247\315\202\274\277\023\205|\211"
 239      CBA7CD82 
 239      BCBF1385 
 239      7C89
 240 06ba 26CBCF48 		.ascii	"&\313\317H_M\362!\032;Vx\305\377\235\337\236\257\004"
 240      5F4DF221 
 240      1A3B5678 
 240      C5FF9DDF 
 240      9EAF04
 241 06cd E9DBB345 		.ascii	"\351\333\263E\240\037\237\347\331\031cR\005\343\005"
 241      A01F9FE7 
 241      D9196352 
 241      05E305
 242 06dc AA7970CF 		.ascii	"\252yp\317\026?\366U\373\035\250\335\255e\365\376Jc"
 242      163FF655 
 242      FB1DA8DD 
 242      AD65F5FE 
 242      4A63
 243 06ee 72C1E8AF 		.ascii	"r\301\350\257\005B\366\0155\206RR\205\324\254\343\035"
 243      0542F60D 
 243      35865252 
 243      85D4ACE3 
 243      1D
 244 06ff BD7E7C70 		.ascii	"\275~|pI\201)?~\253\024\334\2554\270\367\017\212cZ\234"
 244      4981293F 
 244      7EAB14DC 
 244      AD34B8F7 
 244      0F8A635A 
ARM GAS  /tmp/ccMyiND9.s 			page 19


 245 0714 49838BB2 		.ascii	"I\203\213\262\216\267\323\302\273\016j\345\276\034|"
 245      8EB7D3C2 
 245      BB0E6AE5 
 245      BE1C7C
 246 0723 E4784563 		.ascii	"\344xEc\2528#\335\2072l\223\027\3206AQ,\347\011\244"
 246      AA3823DD 
 246      87326C93 
 246      17D03641 
 246      512CE709 
 247 0738 2A1C79D9 		.ascii	"*\034y\331\234\213q5\343\332\337t\370\016\226\270\206"
 247      9C8B7135 
 247      E3DADF74 
 247      F80E96B8 
 247      86
 248 0749 1A031FC2 		.ascii	"\032\003\037\302\333\010\007,8\376\021\256\3552\327"
 248      DB08072C 
 248      38FE11AE 
 248      ED32D7
 249 0758 7625D70E 		.ascii	"v%\327\016\312e}y\243\334\013\2670\256\015\333\016\275"
 249      CA657D79 
 249      A3DC0BB7 
 249      30AE0DDB 
 249      0EBD
 250 076a F190B8EE 		.ascii	"\361\220\270\356T\005\356+\246\007\202\302pV{\357\224"
 250      5405EE2B 
 250      A60782C2 
 250      70567BEF 
 250      94
 251 077b C9762AC9 		.ascii	"\311v*\311\362)Y\351\330x\216\026\3671\262\214\327\266"
 251      F22959E9 
 251      D8788E16 
 251      F731B28C 
 251      D7B6
 252 078d 7EAD44D6 		.ascii	"~\255D\326\266\013\263\003\301~v \330%S\355RR\355\246"
 252      B60BB303 
 252      C17E7620 
 252      D82553ED 
 252      5252EDA6 
 253 07a1 541D8396 		.ascii	"T\035\203\226\225\370!c:\\\276\267\002\336<\246\344"
 253      95F82163 
 253      3A5CBEB7 
 253      02DE3CA6 
 253      E4
 254 07b2 58AC7B3C 		.ascii	"X\254{<\241\016G\005t\021\272/\326/T\034y\255}g]^(\220"
 254      A10E4705 
 254      7411BA2F 
 254      D62F541C 
 254      79AD7D67 
 255 07ca BA7C9F20 		.ascii	"\272|\237 \325\345"
 255      D5E5
 256 07d0 83BBB757 		.ascii	"\203\273\267W\330\263\361\324\214o\036\353\206\022!"
 256      D8B3F1D4 
 256      8C6F1EEB 
 256      861221
 257 07df 555CD820 		.ascii	"U\\\330 \020$\332c\267\025\355\025\324Ds6w?5w\374\305"
 257      1024DA63 
 257      B715ED15 
ARM GAS  /tmp/ccMyiND9.s 			page 20


 257      D4447336 
 257      773F3577 
 258 07f5 F9F3DEB8 		.ascii	"\371\363\336\270\316\203\232Xs\352I;\222\323[\365-\237"
 258      CE839A58 
 258      73EA493B 
 258      92D35BF5 
 258      2D9F
 259 0807 DE22D9F5 		.ascii	"\336\"\331\365\"%W1\345*\272\331y\302\023_c\\-\273s"
 259      22255731 
 259      E52ABAD9 
 259      79C2135F 
 259      635C2DBB 
 260 081c 467D242E 		.ascii	"F}$.[\216s\024Kd\252\022%\325\001J\265\355\300\245,"
 260      5B8E7314 
 260      4B64AA12 
 260      25D5014A 
 260      B5EDC0A5 
 261 0831 357EC8A8 		.ascii	"5~\310\250\032k'\216z8V\312\202!\247\225R*s\225*\271"
 261      1A6B278E 
 261      7A3856CA 
 261      8221A795 
 261      522A7395 
 262 0847 0E52AEC6 		.ascii	"\016R\256\306\273\345\026-\236b\\\371]C;}\034+e\236"
 262      BBE5162D 
 262      9E625CF9 
 262      5D433B7D 
 262      1C2B659E 
 263 085b D979A598 		.ascii	"\331y\245\230e2\263\222\354\020%\353\337w\177\253?\316"
 263      6532B392 
 263      EC1025EB 
 263      DF777FAB 
 263      3FCE
 264 086d F5A464CD 		.ascii	"\365\244d\315\347\212\257\333\015k+p\366\361\260LuX"
 264      E78AAFDB 
 264      0D6B2B70 
 264      F6F1B04C 
 264      7558
 265 087f 49758452 		.ascii	"Iu\204R\331\317\014:\351\314PW\277\351\011\302\005\214"
 265      D9CF0C3A 
 265      E9CC5057 
 265      BFE909C2 
 265      058C
 266 0891 3AF3F6C6 		.ascii	":\363\366\306vip\234\350o-c7\375q1\033|\373\260\263"
 266      7669709C 
 266      E86F2D63 
 266      37FD7131 
 266      1B7CFBB0 
 267 08a6 582AD647 		.ascii	"X*\326G\210\276\243j`D\213\313\331`\256\365\305\250"
 267      88BEA36A 
 267      60448BCB 
 267      D960AEF5 
 267      C5A8
 268 08b8 2F3ECE94 		.ascii	"/>\316\224[E\333\016\250\031\362\001\321\013\246\246"
 268      5B45DB0E 
 268      A819F201 
 268      D10BA6A6 
 269 08c8 D2D5F814 		.ascii	"\322\325\370\024\033lK\333Z\342\211\353\23029|p\304"
ARM GAS  /tmp/ccMyiND9.s 			page 21


 269      1B6C4BDB 
 269      5AE289EB 
 269      9832397C 
 269      70C4
 270 08da 133731C5 		.ascii	"\02371\305:\272\347\231\037\276\306\224\214\222k\233"
 270      3ABAE799 
 270      1FBEC694 
 270      8C926B9B 
 271 08ea BC702F53 		.ascii	"\274p/SF\2737\327\373\341\007L\271\320p\247\335\033"
 271      46BB37D7 
 271      FBE1074C 
 271      B9D070A7 
 271      DD1B
 272 08fc DB9892FA 		.ascii	"\333\230\222\372\240b#\306SLy\326j\315\366\301\033\274"
 272      A06223C6 
 272      534C79D6 
 272      6ACDF6C1 
 272      1BBC
 273 090e A87239EB 		.ascii	"\250r9\353\233<\001oa\212}\367\322\261\335\353\355\356"
 273      9B3C016F 
 273      618A7DF7 
 273      D2B1DDEB 
 273      EDEE
 274 0920 91023FBC 		.ascii	"\221\002?\274\235\215\235-\3168\344\215\013\231\222"
 274      9D8D9D2D 
 274      CE38E48D 
 274      0B9992
 275 092f 7E65F32D 		.ascii	"~e\363-?lf\312\321\007\033\353\274p\205\004\273\374"
 275      3F6C66CA 
 275      D1071BEB 
 275      BC708504 
 275      BBFC
 276 0941 AA4C8B4F 		.ascii	"\252L\213OKJ\367I=\266\260\373\375\017\252\266N\303"
 276      4B4AF749 
 276      3DB6B0FB 
 276      FD0FAAB6 
 276      4EC3
 277 0953 CD4CB9DD 		.ascii	"\315L\271\335s?[\213\2571eCm^\215\017\356e\312\205~"
 277      733F5B8B 
 277      AF316543 
 277      6D5E8D0F 
 277      EE65CA85 
 278 0968 A893EEB3 		.ascii	"\250\223\356\263\373\241\354\272N\001\2170\345P\325"
 278      FBA1ECBA 
 278      4E018F30 
 278      E550D5
 279 0977 E6DB1EF8 		.ascii	"\346\333\036\370\025S\356T\246\277T\343\327L92\265\267"
 279      1553EE54 
 279      A6BF54E3 
 279      D74C3932 
 279      B5B7
 280 0989 D507A779 		.ascii	"\325\007\247yS\245\365L\377=-\316fJ\331\345K\267\244"
 280      53A5F54C 
 280      FF3D2DCE 
 280      664AD9E5 
 280      4BB7A4
 281 099c CD399364 		.ascii	"\3159\223d\261\314\3343\350%\035m\311Q\267\344t\377"
ARM GAS  /tmp/ccMyiND9.s 			page 22


 281      B1CCDC33 
 281      E8251D6D 
 281      C951B7E4 
 281      74FF
 282 09ae 14C29B29 		.ascii	"\024\302\233)\370}\263\271\356\261\026\361e~\000W\354"
 282      F87DB3B9 
 282      EEB116F1 
 282      657E0057 
 282      EC
 283 09bf DB2F5612 		.ascii	"\333/V\022\\\312\361\3109Y\002/`\311LZ\026\224\303\202"
 283      5CCAF1C8 
 283      3959022F 
 283      60C94C5A 
 283      1694C382 
 284 09d3 EAE1BE82 		.ascii	"\352\341\276\202\250LP\226_{\271\032\345\254\022\356"
 284      A84C5096 
 284      5F7BB91A 
 284      E5AC12EE 
 285 09e3 E68CC0E3 		.ascii	"\346\214\300\343/(\361\256\365\332\243\002\016\177I"
 285      2F28F1AE 
 285      F5DAA302 
 285      0E7F49
 286 09f2 8977A963 		.ascii	"\211w\251cm\3738\370I%\374\201\013\375\200\231\303\267"
 286      6DFB38F8 
 286      4925FC81 
 286      0BFD8099 
 286      C3B7
 287 0a04 BAF7D68E 		.ascii	"\272\367\326\216'\305K\233Y*\202\340<\205\216IxG\211"
 287      27C54B9B 
 287      592A82E0 
 287      3C858E49 
 287      784789
 288 0a17 7554199D 		.ascii	"uT\031\235&\336\372f%\275K-k\341\341-J\270\313a\243"
 288      26DEFA66 
 288      25BD4B2D 
 288      6BE1E12D 
 288      4AB8CB61 
 289 0a2c 8977F68C 		.ascii	"\211w\366\214\022\356r\"\260\360\276\236P\302+\224\266"
 289      12EE7222 
 289      B0F0BE9E 
 289      50C22B94 
 289      B6
 290 0a3d 77F1ECA7 		.ascii	"w\361\354\247\225p\256\232\344k\266\357\241\006\270"
 290      9570AE9A 
 290      E46BB6EF 
 290      A106B8
 291 0a4c 4299089A 		.ascii	"B\231\010\232\024lw\240\250y\002\305W'\310M\220\001"
 291      146C77A0 
 291      A87902C5 
 291      5727C84D 
 291      9001
 292 0a5e 90419021 		.ascii	"\220A\220!\220k\244(\003\031\001i\007\351\003y\010\322"
 292      906BA428 
 292      03190169 
 292      07E90379 
 292      08D2
 293 0a70 0B721FE4 		.ascii	"\013r\037\344.\310m\2206\220\007 ] \367@n\201<\006y"
ARM GAS  /tmp/ccMyiND9.s 			page 23


 293      2EC86D90 
 293      36900720 
 293      5D20F740 
 293      6E813C06 
 294 0a85 04721DE4 		.ascii	"\004r\035\344)H7H?H\007\310U\220\033N\247\270.~\331"
 294      29483748 
 294      3F4807C8 
 294      55901B4E 
 294      A7B82E7E 
 295 0a9a 9D573AD3 		.ascii	"\235W:\323\212\224yn\332\313\345\331\252\314\263k\245"
 295      8A94796E 
 295      DACBE5D9 
 295      AACCB36B 
 295      A5
 296 0aab CE87F6B8 		.ascii	"\316\207\366\270\373\320:\235Bxsj\334\2775\374\001\212"
 296      FBD03A9D 
 296      4278736A 
 296      DCBF35FC 
 296      018A
 297 0abd 5F174DEE 		.ascii	"_\027M\356\227\221\323)d\017\340\305\351\004\346|\012"
 297      9791D329 
 297      640FE0C5 
 297      E904E67C 
 297      0A
 298 0ace 81EAAB6E 		.ascii	"\201\352\253nx/>\304N!\244\004\250U\262\235s1\266\215"
 298      782F3EC4 
 298      4E21A404 
 298      A855B29D 
 298      7331B68D 
 299 0ae2 5F0855EE 		.ascii	"_\010U\356\227\031\217\357\342\255mT\342]\316\265\003"
 299      97198FEF 
 299      E2AD6D54 
 299      E25DCEB5 
 299      03
 300 0af3 7C2CEADC 		.ascii	"|,\352\334\233\023,g\306\262\217\313L\26523\315.\241"
 300      9B132C67 
 300      C6B28FCB 
 300      4CB53233 
 300      CD2EA1
 301 0b06 E3D92DEE 		.ascii	"\343\331-\356\023\317\301\037\361\276\236r\277\177\360"
 301      13CFC11F 
 301      F1BE9E72 
 301      BF7FF0
 302 0b15 B6F3AE36 		.ascii	"\266\363\2566\270w\325\261\254 \366\003vz\022\372J\367"
 302      B877D5B1 
 302      AC20F603 
 302      767A12FA 
 302      4AF7
 303 0b27 EF141FCA 		.ascii	"\357\024\037\312\211=\374\177H\334n\010\3012\273\255"
 303      893DFC7F 
 303      48DC6E08 
 303      C132BBAD 
 304 0b37 8063AF77 		.ascii	"\200c\257w\277W\362\213|\202\017\345w\312P~\353\262"
 304      BF57F28B 
 304      7C820FE5 
 304      77CA507E 
 304      EBB2
ARM GAS  /tmp/ccMyiND9.s 			page 24


 305 0b49 D5F3CE5E 		.ascii	"\325\363\316^t\277u\007K\347\277\027ee=\276\270\231"
 305      74BF7507 
 305      4BE7BF17 
 305      65653DBE 
 305      B899
 306 0b5b 7E8184EF 		.ascii	"~\201\204\357r\253s\375\035\347\277a3;\377\215\302\354"
 306      72AB73FD 
 306      1DE7BF61 
 306      333BFF8D 
 306      C2EC
 307 0b6d 6772C142 		.ascii	"gr\301B\326\252\373\275\004\331`\013\371\177\331N\300"
 307      D6AAFBBD 
 307      04D9600B 
 307      F97FD94E 
 307      C0
 308 0b7e B763CDDD 		.ascii	"\267c\315\335\317\021\177\224\031u:'>\227\2162\317\351"
 308      CF117F94 
 308      19753A27 
 308      3E978E32 
 308      CFE9
 309 0b90 51E655DB 		.ascii	"Q\346U\333\226\014\017\334\301\276\333\326\236\212\012"
 309      960C0FDC 
 309      C1BEDBD6 
 309      9E8A0A
 310 0b9f 6FDCCB94 		.ascii	"o\334\313\224\327wk\373}\360=\252xZ\017\264U\221\217"
 310      D7776BFB 
 310      7DF03DAA 
 310      785A0FB4 
 310      55918F
 311 0bb2 745080FD 		.ascii	"tP\200\375S\\\337\245\373f\275\3300\217F{\014\3424\371"
 311      535CDFA5 
 311      FB66BDD8 
 311      308F467B 
 311      0CE234F9 
 312 0bc6 AE775ECA 		.ascii	"\256w^\312\316'rr^\270\207\007\313;Do'\373?\305\244"
 312      CE277272 
 312      5EB88707 
 312      CB3B446F 
 312      27FB3FC5 
 313 0bdb F30EC187 		.ascii	"\363\016\301\207_\376\037\356\244\024\373\011\210\375"
 313      5FFE1FEE 
 313      A414FB09 
 313      88FD
 314 0be9 14C4E235 		.ascii	"\024\304\34259S\203\214;m\261\303\235\234\301/\225\026"
 314      3953838C 
 314      3B6DB1C3 
 314      9D9CC12F 
 314      9516
 315 0bfb 28FFF765 		.ascii	"(\377\367e\373\304ya\273\202\035\377K\330y\367u?\302"
 315      FBC47961 
 315      BB821DFF 
 315      4BD879F7 
 315      753FC2
 316 0c0e 8FD95ACA 		.ascii	"\217\331Z\312\267\236?*8\326\322\225.5\234\263\221\210"
 316      B79E3F2A 
 316      38D6D295 
 316      2E359CB3 
ARM GAS  /tmp/ccMyiND9.s 			page 25


 316      9188
 317 0c20 03D01B79 		.ascii	"\003\320\033y)M\272,%\307\277)\336\202\013\377\311\035"
 317      294DBA2C 
 317      25C7BF29 
 317      DE820BFF 
 317      C91D
 318 0c32 786443E9 		.ascii	"xdC\351W\243\230O1y\202\234\342T\314R\014-\200\037\337"
 318      57A3984F 
 318      3179829C 
 318      E254CC52 
 318      0C2D801F 
 319 0c47 3AD1A8E6 		.ascii	":\321\250\346\301\026\247\243m\232\004&\255\367\322"
 319      C116A7A3 
 319      6D9A0426 
 319      ADF7D2
 320 0c56 0F3E7ADF 		.ascii	"\017>z\337\020\034\254\322\230Lk\342\022R\346\207\230"
 320      101CACD2 
 320      984C6BE2 
 320      1252E687 
 320      98
 321 0c67 527EA55F 		.ascii	"R~\245_\223\234\244\217K\210\211_\2632V\237\020\373"
 321      939CA48F 
 321      4B88895F 
 321      B332569F 
 321      10FB
 322 0c79 B7F8B84F 		.ascii	"\267\370\270O\365\253\243cV\305%\304\352M+c?\213^\023"
 322      F5ABA363 
 322      56C525C4 
 322      EA4D2B63 
 322      3F8B5E13 
 323 0c8d 9F624A59 		.ascii	"\237bJY\367yl\362\334U*o\373\264\331\356\246%\257K\326"
 323      F7796CF2 
 323      DC552A6F 
 323      FBB4D9EE 
 323      A625AF4B 
 324 0ca2 9B925356 		.ascii	"\233\222SV\002\206`?\216\215IILZ<o\376\334\271z\366"
 324      0286603F 
 324      8E8D4949 
 324      4C5A3C6F 
 324      FEDCB97A 
 325 0cb7 9798AC5F 		.ascii	"\227\230\254_\025\035\257\377<1)%Y\037\265\"r~\210~"
 325      151DAFFF 
 325      3C312925 
 325      591FB522 
 325      727E887E 
 326 0ccb D9B250FD 		.ascii	"\331\262P\375\212\210\310/\203\311\010L6\305\307\257"
 326      8A88C82F 
 326      83C9084C 
 326      36C5C7AF 
 327 0cdb 9C1BA3F2 		.ascii	"\234\033\243\362ew\246\270\204\270\024\235\211L0\305"
 327      6577A6B8 
 327      84B8149D 
 327      894C30C5 
 328 0ceb 257D618A 		.ascii	"%}a\212\375<.>\361\317kb\177\305S\306$\256^\235\230"
 328      FD3C2E3E 
 328      F1CF6B62 
 328      7FC553C6 
ARM GAS  /tmp/ccMyiND9.s 			page 26


 328      24AE5E9D 
 329 0d00 20B12E32 		.ascii	" \261.2F\032\"\327\352cV\305$&\305\232\276\374\355j"
 329      461A22D7 
 329      EA6356C5 
 329      2426C59A 
 329      BEFCED6A 
 330 0d14 B04417B3 		.ascii	"\260D\027\263*j]\362\212\270\325\261I\341\321\011+\343"
 330      2A6A5DF2 
 330      8AB8D5B1 
 330      49E1D109 
 330      2BE3
 331 0d26 6393227E 		.ascii	"c\223\"~\302\023$\2458<\211Y\005N\300\224\351\011_\306"
 331      C21324A5 
 331      383C8959 
 331      054EC094 
 331      E9095FC6 
 332 0d3a C5842544 		.ascii	"\305\204%D\177\032\037\313\334\370\245{'\244gKO%\223"
 332      7F1A1FCB 
 332      DCF8A57B 
 332      27A4674B 
 332      4F2593
 333 0d4d 60B287C1 		.ascii	"`\262\207\301\020i\234/|hT\207F.2\342P\203Q\2758t\205"
 333      10699C2F 
 333      7C685487 
 333      462E32E2 
 333      508351BD 
 334 0d64 111B0C46 		.ascii	"\021\033\014Fl\004Yd4\342\345Q\006l\370`\205\332`\010"
 334      6C045964 
 334      34E2E551 
 334      066CF860 
 334      85DA6008 
 335 0d78 33527C08 		.ascii	"3R|\010\375\015\306aK\215B\024\314\214\0103\252\243"
 335      FD0DC661 
 335      4B8D4214 
 335      CC8C0833 
 335      AAA3
 336 0d8a 22016D30 		.ascii	"\"\001m0\206\200\004\003\362\217\306\220\377.\224\311"
 336      86800403 
 336      F28FC690 
 336      FF2E94C9 
 337 0d9a 29AB4992 		.ascii	")\253I\222\342\210\363\276\016\305\224\242\216Y\025"
 337      E288F3BE 
 337      0EC594A2 
 337      8E5915
 338 0da9 9DA44B4C 		.ascii	"\235\244KL\216\216\207x,K\214\371\353\222\244\304\325"
 338      8E8E8778 
 338      2C4B8CF9 
 338      EB92A4C4 
 338      D5
 339 0dba 1151C69F 		.ascii	"\021Q\306\237(i\011\204\204\205\264$\0324\200\334\004"
 339      28690984 
 339      8485B424 
 339      1A3480DC 
 339      04
 340 0dcb 1DCD483C 		.ascii	"\035\315H<t\230>\203\036S\\r\222\217\243\313\337dJ\216"
 340      74983E83 
 340      1E535C72 
ARM GAS  /tmp/ccMyiND9.s 			page 27


 340      928FA3CB 
 340      DF644A8E 
 341 0ddf 4D312D5E 		.ascii	"M1-^\024\025\266\334\030\341\037\035\377\267\350u\311"
 341      1415B6DC 
 341      18E11F1D 
 341      FFB7E875 
 341      C9
 342 0df0 90C97858 		.ascii	"\220\311xXR\277w\223\270\330\265)$\200zCdTD\224\336"
 342      52BF7793 
 342      B8D8B529 
 342      24807A43 
 342      64544494 
 343 0e05 0079D347 		.ascii	"\000y\323G\330\323\261:9.\331\364\347\030\022\325\000"
 343      D8D3B13A 
 343      392ED9F4 
 343      E71812D5 
 343      00
 344 0e16 62CC87CE 		.ascii	"b\314\207\316i\234!\371\362QB<g\034\265\326\251k\006"
 344      699C21F9 
 344      F251423C 
 344      671CB5D6 
 344      A96B06
 345 0e29 356E4D82 		.ascii	"5nM\202\223\305\276\\\247GT\224a\251\321\307\030\026"
 345      93C5BE5C 
 345      A7475494 
 345      61A9D1C7 
 345      1816
 346 0e3b 1566FC38 		.ascii	"\025f\3748,\3647\330\020E\222f\220\273~\355\263h\371"
 346      2CF437D8 
 346      10459266 
 346      90BB7EED 
 346      B368F9
 347 0e4e E29065CB 		.ascii	"\342\220e\313\303>0\222\273`vg\037]\340\263(|\361|i"
 347      C33E3092 
 347      BB607667 
 347      1F5DE0B3 
 347      287CF17C 
 348 0e63 34DC810B 		.ascii	"4\334\201\013W\342\346{\021\026\350!m0?\022\342E\030"
 348      57E2E67B 
 348      1116E821 
 348      6D303F12 
 348      E24518
 349 0e76 E848B884 		.ascii	"\350H\270\204\010wF\004{\223\271\306\250\025Fr\023L"
 349      08774604 
 349      7B93B9C6 
 349      A8154672 
 349      134C
 350 0e88 6E1C63F3 		.ascii	"n\034c\363\274\311l6\026n\007\2053\0206D\030\325\206"
 350      BCC96C36 
 350      166E0785 
 350      33103644 
 350      18D586
 351 0e9b 254B8D5E 		.ascii	"%K\215^\313\227-#\255`0j\3406\"$\212h!\357HI\324\012"
 351      CB972D23 
 351      AD60306A 
 351      E0362224 
 351      8A6821EF 
ARM GAS  /tmp/ccMyiND9.s 			page 28


 352 0eb3 B6AE962C 		.ascii	"\266\256\226,X\273\226\255\250\317\026\314\373\355\332"
 352      58BB96AD 
 352      A8CF16CC 
 352      FBEDDA
 353 0ec2 B5644D19 		.ascii	"\265dM\031\015\006\323\012\330\023Bc?\363$\266,\371"
 353      0D06D30A 
 353      D8134263 
 353      3FF324B6 
 353      2CF9
 354 0ed4 936744A8 		.ascii	"\223gD\250\341\303\3200\242\205,\371\2236t\361\322H"
 354      E1C3D030 
 354      A2852CF9 
 354      933674F1 
 354      D248
 355 0ee6 C34776CC 		.ascii	"\303Gv\314\277\000>\214\2511"
 355      BF003E8C 
 355      A931
 356              		.text
 357              		.section	.gnu.lto_.symtab.ecaef3ba85c21081,"",%progbits
 358 0000 56656374 		.ascii	"VectorB0\000"
 358      6F724230 
 358      00
 359 0009 00       		.ascii	"\000"
 360 000a 00       		.ascii	"\000"
 361 000b 00       		.ascii	"\000"
 362 000c 00000000 		.ascii	"\000\000\000\000\000\000\000\000"
 362      00000000 
 363 0014 B8000000 		.ascii	"\270\000\000\000"
 364 0018 73745F6C 		.ascii	"st_lld_init\000"
 364      6C645F69 
 364      6E697400 
 365 0024 00       		.ascii	"\000"
 366 0025 00       		.ascii	"\000"
 367 0026 00       		.ascii	"\000"
 368 0027 00000000 		.ascii	"\000\000\000\000\000\000\000\000"
 368      00000000 
 369 002f BA000000 		.ascii	"\272\000\000\000"
 370 0033 5F706F72 		.ascii	"_port_irq_epilogue\000"
 370      745F6972 
 370      715F6570 
 370      696C6F67 
 370      756500
 371 0046 00       		.ascii	"\000"
 372 0047 02       		.ascii	"\002"
 373 0048 00       		.ascii	"\000"
 374 0049 00000000 		.ascii	"\000\000\000\000\000\000\000\000"
 374      00000000 
 375 0051 BC000000 		.ascii	"\274\000\000\000"
 376 0055 63685379 		.ascii	"chSysTimerHandlerI\000"
 376      7354696D 
 376      65724861 
 376      6E646C65 
 376      724900
 377 0068 00       		.ascii	"\000"
 378 0069 02       		.ascii	"\002"
 379 006a 00       		.ascii	"\000"
 380 006b 00000000 		.ascii	"\000\000\000\000\000\000\000\000"
ARM GAS  /tmp/ccMyiND9.s 			page 29


 380      00000000 
 381 0073 BE000000 		.ascii	"\276\000\000\000"
 382 0077 6E766963 		.ascii	"nvicEnableVector\000"
 382      456E6162 
 382      6C655665 
 382      63746F72 
 382      00
 383 0088 00       		.ascii	"\000"
 384 0089 02       		.ascii	"\002"
 385 008a 00       		.ascii	"\000"
 386 008b 00000000 		.ascii	"\000\000\000\000\000\000\000\000"
 386      00000000 
 387 0093 C3000000 		.ascii	"\303\000\000\000"
 388              		.text
 389              		.section	.gnu.lto_.opts,"",%progbits
 390 0000 272D666D 		.ascii	"'-fmath-errno' '-fsigned-zeros' '-ftrapping-math' '"
 390      6174682D 
 390      6572726E 
 390      6F272027 
 390      2D667369 
 391 0033 2D666E6F 		.ascii	"-fno-trapv' '-fno-openmp' '-fno-openacc' '-mcpu=cor"
 391      2D747261 
 391      70762720 
 391      272D666E 
 391      6F2D6F70 
 392 0066 7465782D 		.ascii	"tex-m4' '-mno-thumb-interwork' '-mthumb' '-ggdb' '-"
 392      6D342720 
 392      272D6D6E 
 392      6F2D7468 
 392      756D622D 
 393 0099 4F322720 		.ascii	"O2' '-fomit-frame-pointer' '-falign-functions=16' '"
 393      272D666F 
 393      6D69742D 
 393      6672616D 
 393      652D706F 
 394 00cc 2D666675 		.ascii	"-ffunction-sections' '-fdata-sections' '-fno-common"
 394      6E637469 
 394      6F6E2D73 
 394      65637469 
 394      6F6E7327 
 395 00ff 2720272D 		.ascii	"' '-flto'\000"
 395      666C746F 
 395      2700
 396              		.text
 397              		.comm	__gnu_lto_v1,1,1
 398              		.comm	__gnu_lto_slim,1,1
 399              		.ident	"GCC: (15:6.3.1+svn253039-1build1) 6.3.1 20170620"
ARM GAS  /tmp/ccMyiND9.s 			page 30


DEFINED SYMBOLS
                            *ABS*:0000000000000000 hal_st_lld.c
                            *COM*:0000000000000001 __gnu_lto_v1
                            *COM*:0000000000000001 __gnu_lto_slim

NO UNDEFINED SYMBOLS
