ARM GAS  /tmp/ccpO38pZ.s 			page 1


   1              		.cpu cortex-m4
   2              		.eabi_attribute 20, 1
   3              		.eabi_attribute 21, 1
   4              		.eabi_attribute 23, 3
   5              		.eabi_attribute 24, 1
   6              		.eabi_attribute 25, 1
   7              		.eabi_attribute 26, 1
   8              		.eabi_attribute 30, 2
   9              		.eabi_attribute 34, 1
  10              		.eabi_attribute 18, 4
  11              		.file	"hal_lld.c"
  12              		.text
  13              	.Ltext0:
  14              		.section	.gnu.lto_.profile.ecf68dda5213816b,"",%progbits
  15 0000 789C6365 		.ascii	"x\234ce`b`a```d(J\007\000\001\313\000\346"
  15      60626061 
  15      60606064 
  15      284A0700 
  15      01CB00E6 
  16              		.text
  17              		.section	.gnu.lto_.icf.ecf68dda5213816b,"",%progbits
  18 0000 789C6365 		.ascii	"x\234ce`b\020a@\000f\206\251\355\027\03602.?\262\343"
  18      60621061 
  18      40006686 
  18      A9ED171E 
  18      30322E3F 
  19 0016 1327D393 		.ascii	"\023'\323\223\246\235?\270\031\000_\220\011/"
  19      A69D3FB8 
  19      19005F90 
  19      092F
  20              		.text
  21              		.section	.gnu.lto_.jmpfuncs.ecf68dda5213816b,"",%progbits
  22 0000 789C6365 		.ascii	"x\234ce`b\340d@\000&\020\301\010\304\000\001\227\000"
  22      6062E064 
  22      40002610 
  22      C108C400 
  22      019700
  23 0013 14       		.ascii	"\024"
  24              		.text
  25              		.section	.gnu.lto_.inline.ecf68dda5213816b,"",%progbits
  26 0000 789C6365 		.ascii	"x\234ce`b0b@\000&\006\006\025\035F\006&\207\007o\231"
  26      60623062 
  26      40002606 
  26      06151D46 
  26      06268707 
  27 0016 19D816C8 		.ascii	"\031\330\026\3103\201\004\031\271@\004\303q\206{L@\251"
  27      33810419 
  27      B94004C3 
  27      71867B4C 
  27      40A9
  28 0028 0EC66B7B 		.ascii	"\016\306k{\264\340r\014\000\325\003\010("
  28      B4E0720C 
  28      00D50308 
  28      28
  29              		.text
  30              		.section	.gnu.lto_.pureconst.ecf68dda5213816b,"",%progbits
  31 0000 789C6365 		.ascii	"x\234ce`b`e`\000\222R\214R\000\001\005\000D"
ARM GAS  /tmp/ccpO38pZ.s 			page 2


  31      60626065 
  31      60009252 
  31      8C520001 
  31      050044
  32              		.text
  33              		.section	.gnu.lto_hal_lld_init.ecf68dda5213816b,"",%progbits
  34 0000 789CA596 		.ascii	"x\234\245\226KL\023Q\024\206\357\231;}\006\004\002\011"
  34      4B4C1351 
  34      1486EF99 
  34      3B7D0604 
  34      0209
  35 0012 AF2E8C3B 		.ascii	"\257.\214;6\214A\342\222\245\013\023W\2727\212\013\027"
  35      368C41E2 
  35      92A50B13 
  35      57BA378A 
  35      0B17
  36 0024 241871C1 		.ascii	"$\030q\301\302\204A\312#\030\305\205\200$\342`\214A"
  36      C28441CA 
  36      2318C585 
  36      8024E260 
  36      8C41
  37 0036 54401495 		.ascii	"T@\024\225\026\225\367\243\212 (\276x\212\2004h4B\""
  37      1695F7A3 
  37      8A2028BE 
  37      788A8034 
  37      68344222 
  38 004a EF7ACFBD 		.ascii	"\357z\317\275#S\330\310\224I{\332No\277\377?\347>N-"
  38      2353D8C8 
  38      94497BDA 
  38      4E6FBFFF 
  38      3FE73E4E 
  39 005f 44226E07 		.ascii	"D\"n\007!)\204\220T\366\004\013\001\351J?!\271vI\242"
  39      21298490 
  39      54F6040B 
  39      01E94A3F 
  39      21B97649 
  40 0074 BE34A23A 		.ascii	"\2764\242:\345\236\010\242\206Q\220\305m\031\000\337"
  40      E59E08A2 
  40      865190C5 
  40      6D1900DF 
  41 0084 A8762039 		.ascii	"\250v 9\022\225!\007Jh9\205\366\302Y\217\224T\255\262"
  41      12952107 
  41      4A683985 
  41      F6C2598F 
  41      9454ADB2 
  42 0098 ABB5FC9D 		.ascii	"\253\265\374\235\255@\315\217\323(!\025\354\211\027"
  42      AD40CD8F 
  42      D3282115 
  42      EC8917
  43 00a7 54431261 		.ascii	"TC\022a\303\246\0326J\303\255\262\270\017w\300\012\354"
  43      C3A61A36 
  43      4AC3ADB2 
  43      B80F77C0 
  43      0AEC
  44 00b9 B57E085A 		.ascii	"\265~\010Z\325\215@\241\332\332w\013\336\036\336'\021"
  44      D58D40A1 
  44      DADA770B 
ARM GAS  /tmp/ccpO38pZ.s 			page 3


  44      DE1EDE27 
  44      11
  45 00ca 8D02C560 		.ascii	"\215\002\305`\305\340\300\340\304\020\216!\022C\024"
  45      C5E0C0E0 
  45      C4108E21 
  45      124314
  46 00d9 86680C31 		.ascii	"\206h\0141\030b1\304a\210\307\220\200!\021\203\013\003"
  46      186231C4 
  46      6188C790 
  46      80211183 
  46      0B03
  47 00eb 21C54C0E 		.ascii	"!\305L\016]_\244\022\276R?\264{\375K\351h\240\222J\314"
  47      5D5FA412 
  47      BE523FB4 
  47      7BFD4BE9 
  47      68A0924A 
  48 0100 57597EFB 		.ascii	"WY~\373\200\3552\325\250\004h\323]\3315\353\020\037"
  48      80ED32D5 
  48      A80468D3 
  48      5DD935EB 
  48      101F
  49 0112 D55F45AA 		.ascii	"\325_E\252\314n\315O\254z,\032T\346\262\014\367j\224"
  49      CC6ECD4F 
  49      AC7A2C1A 
  49      54E6B20C 
  49      F76A94
  50 0125 C25D7041 		.ascii	"\302]pA\015\023\300\361\277\313\336L\206)\265\252\033"
  50      0D13C0F1 
  50      BFCBDE4C 
  50      8629B5AA 
  50      1B
  51 0136 3456927B 		.ascii	"4V\222{\240\3015\2368\334\007\205\370!o\251\000\204"
  51      A0C1359E 
  51      38DC0785 
  51      F8216FA9 
  51      0084
  52 0148 16157233 		.ascii	"\026\025r3\336\341\246p\344\003\250k\201@\004\3242\020"
  52      DEE1A670 
  52      E403A86B 
  52      814004D4 
  52      3210
  53 015a 3355E6C0 		.ascii	"3U\346\300a\346\324\352\014\265zP\230\004\202\026\355"
  53      61E6D4EA 
  53      0CB57A50 
  53      98048216 
  53      ED
  54 016b A640B9F8 		.ascii	"\246@\271\370\235\014\017\014T\003(\301e\221\201\300"
  54      9D0C0F0C 
  54      540328C1 
  54      659181C0 
  55 017b 43E1D15B 		.ascii	"C\341\321[\263BE2&\215>\342t\234ph\344e1\353\222S\036"
  55      B3424532 
  55      268D3EE2 
  55      749C7068 
  55      E46531EB 
  56 0192 1B9427DC 		.ascii	"\033\224'\334\343Xo\315=*j\031\010`-\237\012\237\241"
  56      E3586FCD 
ARM GAS  /tmp/ccpO38pZ.s 			page 4


  56      3D2A6A19 
  56      08602D9F 
  56      0A9FA1
  57 01a5 95A0C9C0 		.ascii	"\225\240\311\300{@1r^\323sv\230s\353\3458\011q\315\333"
  57      7B403172 
  57      5ED37376 
  57      9873EBE5 
  57      380971CD 
  58 01ba 968253C0 		.ascii	"\226\202S\300.\255O\264\005\331\337\003\317B_\012\317"
  58      2EAD4FB4 
  58      05D9DF03 
  58      CF425F0A 
  58      CF
  59 01cb 0DB517B8 		.ascii	"\015\265\027\270\024\234\241\327\241\305@\265\006\327"
  59      149CA1D7 
  59      A1C540B5 
  59      06D7
  60 01d9 615DAF43 		.ascii	"a]\257C\2709gm\034\3077}{\350s\337aP:\231\251]Mt\227"
  60      B839676D 
  60      1CC7377D 
  60      7BE873DF 
  60      61503A99 
  61 01f2 C1EA0E4E 		.ascii	"\301\352\016N\260\310\"\022\2144g\255\207\343d\304\365"
  61      B0C82212 
  61      8C3467AD 
  61      87E364C4 
  61      F5
  62 0203 6E9BE828 		.ascii	"n\233\350(\001\353\366\256,\204\351{\236]\000\276\320"
  62      01EBF6AE 
  62      2C84E97B 
  62      9E5D00BE 
  62      D0
  63 0214 27FAA5A1 		.ascii	"'\372\245\241\366\012':\212{w\010\275hs\254>\316\262"
  63      F60A273A 
  63      8A7B7708 
  63      BD6873AC 
  63      3ECEB2
  64 0227 20EBF536 		.ascii	" \353\3656\3471\014\266\033\233\375\006z\000m\306p\233"
  64      E7310CB6 
  64      1B9BFD06 
  64      7A006DC6 
  64      709B
  65 0239 FEE5839B 		.ascii	"\376\345\203\233\235\300\315\033\306\370\035+o\006\025"
  65      9DC0CD1B 
  65      C6F81D2B 
  65      6F0615
  66 0248 14829B04 		.ascii	"\024\202\233\004\274a\015\200\300 Z\211\015>\215,|\330"
  66      BC610D80 
  66      C0205A89 
  66      0D3E8D2C 
  66      7CD8
  67 025a CD75779D 		.ascii	"\315uw\235C|T's\371!}\243o\264\323\311\2741u+\274e\276"
  67      437C5427 
  67      73F9217D 
  67      A36FB4D3 
  67      C9BC3175 
  68 0272 86745FFD 		.ascii	"\206t_\375\003\305\213\266M_\357\270/\253\020\200\341"
ARM GAS  /tmp/ccpO38pZ.s 			page 5


  68      03C58BB6 
  68      4D5FEFB8 
  68      2FAB1080 
  68      E1
  69 0283 7F5957FE 		.ascii	"\177YW\376\264\012\2618\241W7\327r\335\251\317\230\004"
  69      B40AB138 
  69      A15737D7 
  69      72DDA9CF 
  69      9804
  70 0295 EF37EB30 		.ascii	"\3577\3530\310\353\260C\255\017[\264>b\031\342\304J"
  70      C8EBB043 
  70      AD0F5BB4 
  70      3E6219E2 
  70      C44A
  71 02a7 3B2FC4E2 		.ascii	";/\304\342\203j\012\377[\265\2378\315\246\323>\013\347"
  71      836A0AFF 
  71      5BB59F38 
  71      CDA6D33E 
  71      0BE7
  72 02b9 6B053516 		.ascii	"k\0055\026\301J\020\270\351\333\323U\016\335\270\025"
  72      C14A10B8 
  72      E9DBD355 
  72      0EDDB815 
  73 02c9 46186B1A 		.ascii	"F\030k\032\334#\035\251\372 6\242\374\307r\202>@\206"
  73      DC231DA9 
  73      FA2036A2 
  73      FCC77282 
  73      3E4086
  74 02dc 511423D8 		.ascii	"Q\024#\330\035)\361\245as\\\234\333H\323\323\334\211"
  74      1D29F1A5 
  74      61735C9C 
  74      DB48D3D3 
  74      DC89
  75 02ee B5AA93E8 		.ascii	"\265\252\223\350ml\213\267q~8\337\375\243-\310\242\201"
  75      6D6C8BB7 
  75      717E38DF 
  75      FDA32DC8 
  75      A281
  76 0300 A84C6942 		.ascii	"\250LiB\337\261s\001\363\370\311-\370/\372\236E\327"
  76      DFB17301 
  76      F3F8C92D 
  76      F82FFA9E 
  76      45D7
  77 0312 B2D1D37D 		.ascii	"\262\321\323}y6\221d\342\316gh\212\203\355:\370\353"
  77      79369164 
  77      E2CE6768 
  77      8A83ED3A 
  77      F8EB
  78 0324 BF9A8200 		.ascii	"\277\232\202\000\271\004\253\261\244yX\357\330\201U"
  78      B904ABB1 
  78      A47958EF 
  78      D88155
  79 0333 EC32D3A1 		.ascii	"\3542\323\241-\207\231-b\263\270\034\\d\036\362\252"
  79      2D87992D 
  79      62B3B81C 
  79      5C641EF2 
  79      AA
ARM GAS  /tmp/ccpO38pZ.s 			page 6


  80 0344 7E5EE527 		.ascii	"~^\345'+\376\302\343\371>b\313YW\355\032\265U\340\031"
  80      2BFEC2E3 
  80      F93E62CB 
  80      5957ED1A 
  80      B555E019 
  81 0358 0CDF2087 		.ascii	"\014\337 \207\375\221\261\223\037p\241\252\272\224\357"
  81      FD91B193 
  81      1F70A1AA 
  81      BA94EF
  82 0367 4E3E63C5 		.ascii	"N>c\305l\303\260\334\331\220\375\311\311\212xdf)\247"
  82      6CC3B0DC 
  82      D990FDC9 
  82      C98A7864 
  82      6629A7
  83 037a 4F642867 		.ascii	"Od(g2\317\236\313R\216\036;r E\304C\251\331\331\370"
  83      32CF9ECB 
  83      528E1E3B 
  83      722045C4 
  83      43A9D9D9 
  84 038f CDF18C8C 		.ascii	"\315\361\214\214S\311\351\344/T \032\236"
  84      53C9E9E4 
  84      2F54201A 
  84      9E
  85              		.text
  86              		.section	.gnu.lto_stm32_clock_init.ecf68dda5213816b,"",%progbits
  87 0000 789CA557 		.ascii	"x\234\245W[l\024U\030>\377\314^f\366\336\3735\334\003"
  87      5B6C1455 
  87      183EFFCC 
  87      5E66F6DE 
  87      FB35DC03 
  88 0014 0142B769 		.ascii	"\001B\267i11\276\365E\237|\322\370f\214\321\007\243"
  88      3131BEF5 
  88      459F7CD2 
  88      F8668CD1 
  88      07A3
  89 0026 24183106 		.ascii	"$\0301\006\237\230\245\333\013]\004Lj)(-j\224\213\205"
  89      9F98A5DB 
  89      0B5D044C 
  89      6A29282D 
  89      6A948B85 
  90 003a 52AE2DD7 		.ascii	"R\256-\327mi]Z\240\245\010\310\265\\\244\264\205\002"
  90      6D695D5A 
  90      A0A508C8 
  90      B55CA4B4 
  90      8502
  91 004c 152A97B6 		.ascii	"\025*\227\266P\317\177\316\231\235u\210\321Y6\3157;"
  91      50CF7FCE 
  91      999D7588 
  91      D15936CD 
  91      373B
  92 005e E7CC7EFF 		.ascii	"\347\314~\377\367\177\347?\377\234\332\211D\336\010"
  92      F77FE73F 
  92      FF9CDA89 
  92      44DE08
  93 006d 10524408 		.ascii	"\020RD\010\371\022\010\201|\002\322\232nBB\212\0042"
  93      F9120881 
  93      7C02D29A 
ARM GAS  /tmp/ccpO38pZ.s 			page 7


  93      6E42428A 
  93      0432
  94 007f FF224B79 		.ascii	"\377\"Ky+c\204h.[\330I4O\036\037/\261\201\235\317\333"
  94      2B638468 
  94      2E5BD849 
  94      344F1E1F 
  94      2FB1819D 
  95 0095 A55C3EEF 		.ascii	"\245\\>\357`\363\271|\274\304\001N>\357\224r\370\274"
  95      60F3B97C 
  95      BCC4014E 
  95      3EEF9472 
  95      F8BC
  96 00a7 C2E673F8 		.ascii	"\302\346s\370x\211\002*\237W\245l>\357b\363\331|\274"
  96      7889022A 
  96      9F57A56C 
  96      3EEF62F3 
  96      D97CBC
  97 00ba C4056E3E 		.ascii	"\304\005n>\357\226\262\370\274\207\315g\361\361\022"
  97      EF96B2F8 
  97      BC87CD67 
  97      F1F112
  98 00c9 0FA4E315 		.ascii	"\017\244\343\025\322\245L>\355e\323\231|\270\304+\371"
  98      D2A54C3E 
  98      ED65D399 
  98      7CB8C42B 
  98      F9
  99 00da 4632E868 		.ascii	"F2\350h`\343\253t\324'\371\023\356\374\220\302\251\003"
  99      60E3AB74 
  99      D427F913 
  99      EEFC90C2 
  99      A903
 100 00ec FA971448 		.ascii	"\372\227\024H\345_R\245\014\316\226\306\3302\370xI\032"
 100      E55F52A5 
 100      0CCE96C6 
 100      D832F878 
 100      491A
 101 00fe 005E3505 		.ascii	"\000^5\005\3102I\316\263\331s\035\316\034E\315v\271"
 101      C83249CE 
 101      B3D9731D 
 101      CE1C45CD 
 101      76B9
 102 0110 B33CE999 		.ascii	"\263<\351\231^\237?\220\222\232\221\006\313\024\231"
 102      5E9F3F90 
 102      929A9106 
 102      CB1499
 103 011f F08F5D5C 		.ascii	"\360\217]\\\235\342\252\212\253[\\\323\3055U\\W\313"
 103      9DE2AA8A 
 103      AB5B5CD3 
 103      C535555C 
 103      57CB
 104 0131 6B6568AB 		.ascii	"keh\253\270\325\"\315\335\244\321Ot\355\250\253\\+\313"
 104      B8D522CD 
 104      DDA4D14F 
 104      74EDA8AB 
 104      5C2BCB
 105 0144 AEA784EB 		.ascii	"\256\247\204\353\004)l\202\271\204>v\243\351\3717^\207"
 105      04296C82 
ARM GAS  /tmp/ccpO38pZ.s 			page 8


 105      B9843E76 
 105      A3E9F937 
 105      5E87
 106 0156 8D8FC366 		.ascii	"\215\217\303fp\320\205#\215\247!\252=\237\254\320\242"
 106      70D08523 
 106      8DA721AA 
 106      3D9FACD0 
 106      A2
 107 0167 C33FC2BA 		.ascii	"\303?\302\272w^\261\223z\031\034\010\012\202\212\340"
 107      775EB193 
 107      7A191C08 
 107      0A828AE0 
 108 0177 42702378 		.ascii	"Bp#x\021|\010~\204\000B\032B:B&B\026B6B\016B\036B>\302"
 108      117C087E 
 108      8400421A 
 108      423A4226 
 108      42164236 
 109 0192 1484A908 		.ascii	"\024\204\251\010\323\021f \314D\230\2050\033a\016\302"
 109      D3116620 
 109      CC449885 
 109      301B610E 
 109      C2
 110 01a3 3C84F908 		.ascii	"<\204\371\010\013\020\012\020\202\010\205\010E\010\305"
 110      0B100A10 
 110      82088508 
 110      4508C5
 111 01b2 088454D1 		.ascii	"\010\204T\321D\250\335\021Y\242\027y\010\332F\007;\313"
 111      44A8DD11 
 111      59A21779 
 111      08DA4607 
 111      3BCB
 112 01c4 5C9819CD 		.ascii	"\\\230\031\315\266\246\254\255\307\271J\256\227%\300"
 112      B6A6ACAD 
 112      C7B94AAE 
 112      9725C0
 113 01d3 E4C31B3A 		.ascii	"\344\303\033:n\251\374V\033\251\324lt\350\316\325\361"
 113      6EA9FC56 
 113      1BA9D46C 
 113      74E8CED5 
 113      F1
 114 01e4 167B3D6C 		.ascii	"\026{=l\010Q\3376\346\326\3132l\205|\330B\325\342\017"
 114      0851DF36 
 114      E6D6CB32 
 114      6C857CD8 
 114      42D5E20F 
 115 01f8 1ED49CBA 		.ascii	"\036\324\234\272\346\011n\323\302!mZ\275l\203_\240\036"
 115      E6096ED3 
 115      C2216D5A 
 115      BD6C835F 
 115      A01E
 116 020a 6A99A3D0 		.ascii	"j\231\243\320\000A\372\300\276\263\353\273\354\310h"
 116      0041FAC0 
 116      BEB3EBBB 
 116      ECC868
 117 0219 03741E60 		.ascii	"\003t\036`\033\375%\023\321\335\3570\213\2603\021\337"
 117      1BFD2513 
 117      D1DDEF30 
ARM GAS  /tmp/ccpO38pZ.s 			page 9


 117      8BB03311 
 117      DF
 118 022a 3F0B6F57 		.ascii	"?\013oW\371\255v-\304D\324\235\270\334\356J\020\341"
 118      F9AD762D 
 118      C444D49D 
 118      B8DCEE4A 
 118      10E1
 119 023c 80462A62 		.ascii	"\200F*b\273\020\321\335S5\352L\020\261\203\211\300u"
 119      BB10D1DD 
 119      5335EA4C 
 119      10B18389 
 119      C075
 120 024e 832626A2 		.ascii	"\203&&\242c\373\330\015U\027!\303N.a\377\320\025.a\203"
 120      63FBD80D 
 120      551721C3 
 120      4E2E61FF 
 120      D0152E61 
 121 0263 6C37253A 		.ascii	"l7%:\355_\363\004$\331\305\002H\030`7u}\010J\237\224"
 121      ED5FF304 
 121      24D9C502 
 121      48186037 
 121      757D084A 
 122 0279 03671264 		.ascii	"\003g\022d\273\333c\345\012F\004\372\331\303\343\325"
 122      BBDB63E5 
 122      0A4604FA 
 122      D9C3E3D5 
 123 0289 A8225F0B 		.ascii	"\250\"_\013\221\366\032\221\366A\220\322\323o\021Y&"
 123      91F61A91 
 123      F64190D2 
 123      D36F1159 
 123      26
 124 029a 74BFC82C 		.ascii	"t\277\310,\205\276~'\017\254\374ob\341R\263A\335\302"
 124      85BE7E27 
 124      0FACFC6F 
 124      62E152B3 
 124      41DDC2
 125 02ad 939828EF 		.ascii	"\223\230(\357\264s2\225\363uL>\216\372y\026\022\354"
 125      B4733295 
 125      F3754C3E 
 125      8EFA7916 
 125      12EC
 126 02bf A73C3721 		.ascii	"\247<7!|\361\350\011\221\252J\237h\034ny\352\345O\020"
 126      7CF1E809 
 126      91AA4A9F 
 126      681C6E79 
 126      EAE54F10 
 127 02d3 38809108 		.ascii	"8\200\221\010V\\\036\241\373\034\"\262M\224\334\376"
 127      565C1EA1 
 127      FB1C22B2 
 127      4D94DCFE 
 128 02e3 A1E19F84 		.ascii	"\241\341\237\204N\2275\003\0162\225l/\036\322U\212\370"
 128      4E973503 
 128      0E32956C 
 128      2F1ED255 
 128      8AF8
 129 02f5 6E4E76F8 		.ascii	"nNv\370Q\331\027\\\301\304\344\344\244\037\016'\357"
 129      51D9175C 
ARM GAS  /tmp/ccpO38pZ.s 			page 10


 129      C1C4E4E4 
 129      A41F0E27 
 129      EF
 130 0306 F6112358 		.ascii	"\366\021#X\024\335v3\267\355\206\333w;D\026^\253n\267"
 130      14DD7633 
 130      B7ED86DB 
 130      773B4416 
 130      5EAB6EB7 
 131 031a 1AD46D7A 		.ascii	"\032\324mz\036\027\204\333>\3167>X}\001x&\0368\312\335"
 131      1E1784DB 
 131      3ECE373E 
 131      587D0178 
 131      261E38CA 
 132 032f BE1477DB 		.ascii	"\276\024w\333\227`o\256\260\327\021\267\367\251^\311"
 132      97606FAE 
 132      B0D711B7 
 132      F7A95EC9 
 133 033f 7E6B19B7 		.ascii	"~k\031\267\033E\320a\2627\300\311\032;\313bB\325S\200"
 133      1B45D061 
 133      B237C0C9 
 133      1A3BCB62 
 133      42D55380 
 134 0353 5F933737 		.ascii	"_\22377f\204:\206\346\006x\033\030\343\205a\271\323"
 134      66843A86 
 134      E606781B 
 134      18E38561 
 134      B9D3
 135 0365 741A8676 		.ascii	"t\032\206v\261M\036\357\"6Z\212\307\365-\036\031\020"
 135      B14D1EEF 
 135      22365A8A 
 135      C7F52D1E 
 135      1910
 136 0377 C6A45953 		.ascii	"\306\244YS{\302P{\322\264\305\3239\331\300\275\206\225"
 136      7BC2507B 
 136      D2B4C5D3 
 136      39D9C0BD 
 136      8695
 137 0389 4E6E8CA6 		.ascii	"Nn\214\246\331\240;ygz\214X\247\320\231tVvN\243\354"
 137      D9A03B79 
 137      677A8C58 
 137      A7D09974 
 137      56764EA3 
 138 039e BE8A89B2 		.ascii	"\276\212\211\262\313\264Zv\275\006\365i}}[D\331eq\276"
 138      CBB45A76 
 138      BD06F569 
 138      7D7D5B44 
 138      D96571BE 
 139 03b2 A3757561 		.ascii	"\243uuaI\317C\201\337\314\333<+\241\360rD\341)\361\302"
 139      49CF4381 
 139      DFCCDB3C 
 139      2BA1F072 
 139      44E129F1 
 140 03c7 FBB64248 		.ascii	"\373\266BH\313\266\226\363\031&\314\206\302\316\232"
 140      CBB696F3 
 140      1926CC86 
 140      C2CE9A
 141 03d6 FCCDA164 		.ascii	"\374\315\241d/\3233\317\031\324\277\243\2359\314N\325"
ARM GAS  /tmp/ccpO38pZ.s 			page 11


 141      2FD333CF 
 141      19D4BFA3 
 141      9D39CC4E 
 141      D5
 142 03e7 B0F33BDD 		.ascii	"\260\363;\335\316<\253v\2367\250/\230{f>\345{\261I\346"
 142      CE3CAB76 
 142      9E37A82F 
 142      987B663E 
 142      E57BB149 
 143 03fc 27B8972D 		.ascii	"'\270\227-\334s\305_\304[+\\I\025\377E\246\003\217A"
 143      DC73C55F 
 143      C45B2B5C 
 143      4915FF45 
 143      A6038F41 
 144 0410 7089157F 		.ascii	"p\211\025\177t\354\376M\361\206\253\334\034z\015.\353"
 144      74ECFE4D 
 144      F186ABDC 
 144      1C7A0D2E 
 144      EB
 145 0421 F5DFA0D7 		.ascii	"\365\337\240\327\377\024k&^1\012\247\317\264>S9Yo\377"
 145      FF146B26 
 145      5E310AA7 
 145      CFB43E53 
 145      39596FFF 
 146 0435 588FAAD7 		.ascii	"X\217\252\327\015-\234\253\311\257\3305#\330u\\\261"
 146      0D2D9CAB 
 146      C9AFD835 
 146      23D8755C 
 146      B1
 147 0446 A96CC5DC 		.ascii	"\251l\305\334\306\2125\353+6\335t\030\230\366_g\201"
 147      C68A35EB 
 147      2B36DD74 
 147      1898F65F 
 147      6781
 148 0458 1B8C1A5F 		.ascii	"\033\214\032_\233\360\207y\305fp\276K]\315g\342\033"
 148      9BF08779 
 148      C56670BE 
 148      4B5DCD67 
 148      E21B
 149 046a 19E0A679 		.ascii	"\031\340\246y\011g$,a\026[\302*\331\203K\030\241;\225"
 149      0967242C 
 149      61165BC2 
 149      2AD9834B 
 149      18A13B95 
 150 047e 4A0426F1 		.ascii	"J\004&\361\374\200\2208\323jQ\365\033\331\3372K\234"
 150      FC809038 
 150      D36A51F5 
 150      1BD9DF32 
 150      4B9C
 151 0490 C5F98E4F 		.ascii	"\305\371\216O\256\274o\217{\035\200\001\263\306Y\011"
 151      AEBC6F8F 
 151      7B1D8001 
 151      B3C65909 
 152 04a0 1A334599 		.ascii	"\0323E\231y\343e\026\331\222\\\217\0354z\354\020+\263"
 152      79E36516 
 152      D9925C8F 
 152      1D347AEC 
ARM GAS  /tmp/ccpO38pZ.s 			page 12


 152      102BB3
 153 04b3 D6BEDA72 		.ascii	"\326\276\332r\375 \265\371\207v\031n\353uv\265S\244"
 153      FD20B5F9 
 153      8776196E 
 153      EB7576B5 
 153      53A4
 154 04c5 3F3BB115 		.ascii	"?;\261\025;\331\201\256\252\264u\247\302o\265\350\032"
 154      3BD981AE 
 154      AAB475A7 
 154      C26FB5E8 
 154      1A
 155 04d6 CD47874E 		.ascii	"\315G\207N\3655\237KXC\005\206\251\214;B\306\336\207"
 155      F5359F4B 
 155      58430586 
 155      A98C3B42 
 155      C6DE87
 156 04e9 0F5627CA 		.ascii	"\017V'\312\270\313d\340a\037\356Q\203X\342\013\215h"
 156      B8CB64E0 
 156      611FEE51 
 156      8358E20B 
 156      8D68
 157 04fb BDAB8E9D 		.ascii	"\275\253\216\235\364rQ_\037\013i\022\334\027VDd\037"
 157      F472515F 
 157      1F0B6912 
 157      DC175644 
 157      641F
 158 050d 99005641 		.ascii	"\231\000VA\235\357\362\347\347$\252S\231\272P\313\301"
 158      9DEFF2E7 
 158      E724AA53 
 158      99BA50CB 
 158      C1
 159 051e 6A3BBFD5 		.ascii	"j;\277\325.\2262u\275\265\313\257+\206:\027\374I\325"
 159      2E963275 
 159      BDB5CBAF 
 159      2B863A17 
 159      FC49D5
 160 0531 8D0875B7 		.ascii	"\215\010u\267\273\177>\342\246\352\252\231:7<`\352\024"
 160      BB7F3EE2 
 160      A6EAAA99 
 160      3A373C60 
 160      EA14
 161 0543 54F75057 		.ascii	"T\367PW7j3\302E\237\325\355\361!\277\033Z\303G*m0\032"
 161      376A33C2 
 161      459FD5ED 
 161      F121BF1B 
 161      5AC3472A 
 162 055a 97E72731 		.ascii	"\227\347'1\302Whp\305\013'r\017S7\270#6\346\345\267"
 162      C2576870 
 162      C50B2772 
 162      0F5337B8 
 162      2336E6E5 
 163 056f DA137E22 		.ascii	"\332\023~\"\217\325jM\361\303\360\307\364\220\357\205"
 163      8FD56A4D 
 163      F1C3F0C7 
 163      F490EF85 
 164 057f 4754DF5F 		.ascii	"GT\337_B_\370Q\254\332\221\340\336c\246\017\377E\202"
 164      425FF851 
ARM GAS  /tmp/ccpO38pZ.s 			page 13


 164      ACDA91E0 
 164      DE63A60F 
 164      FF4582
 165 0592 276C111F 		.ascii	"'l\021\037wT\324\370\270_e\022}\251\3473-\001r\310\301"
 165      7754D4F8 
 165      B85F6512 
 165      7DA9E733 
 165      2D0172C8 
 166 05a7 B5DC8E6B 		.ascii	"\265\334\216k\261\030i\314\2104\316\"\2154]^,\002\371"
 166      B11869CC 
 166      8834CE22 
 166      8D345D5E 
 166      2C02F9
 167 05ba 6042044A 		.ascii	"`B\004J\211\277;\306\267\210\232\231g\255]<3\312\362"
 167      89BF3BC6 
 167      B7889A99 
 167      67AD5D3C 
 167      33CAF2
 168 05cd B9A937CD 		.ascii	"\271\2517\315\247d\254\011'\331\211&\015jM\242\235h"
 168      A764AC09 
 168      27D98926 
 168      0D6A4DA2 
 168      9D68
 169 05df 3E939C6A 		.ascii	">\223\234jt\242\011\275\316\027X\335\346!)N\275\\2\235"
 169      74A209BD 
 169      CE1758DD 
 169      E621294E 
 169      BD5C329D 
 170 05f3 000B28DF 		.ascii	"\000\013(\337\213G\276\002\312\262\376\300h\227\330"
 170      8B47BE02 
 170      CAB2FEC0 
 170      6897D8
 171 0602 F90A944A 		.ascii	"\371\012\224J\372\036\317\020{<-nf\344\023\376\243\240"
 171      FA1ECF10 
 171      7B3C2D6E 
 171      66E413FE 
 171      A3A0
 172 0614 B584C34C 		.ascii	"\265\204\303L\225\013U\225I\377\364\262\220\222\261"
 172      950B5595 
 172      49FFF4B2 
 172      9092B1
 173 0623 6E98A497 		.ascii	"n\230\244\227\345\006u\005zY\310:\205\312\311\213\254"
 173      E5067505 
 173      7A59C83A 
 173      85CAC98B 
 173      AC
 174 0634 7155322E 		.ascii	"qU2.<\217\303\012\223\314bJ\36622\253\014\352\010\312"
 174      3C8FC30A 
 174      93CC624A 
 174      F63232AB 
 174      0CEA08CA 
 175 0648 2C267761 		.ascii	",&wa\371\306]\015\214^\330\015\324f\332\240\013\013"
 175      F9C65D0D 
 175      8C5ED80D 
 175      D466DAA0 
 175      0B0B
 176 065a 0A82FC6F 		.ascii	"\012\202\374o\361\222\340G\357/\012~\272\370\263\317"
ARM GAS  /tmp/ccpO38pZ.s 			page 14


 176      F192E047 
 176      EF2F0A7E 
 176      BAF8B3CF 
 177 066a 9704DF7A 		.ascii	"\227\004\337z\373\315\342\"\216\257/\\\272\024g\336"
 177      FBCDE222 
 177      8EAF2F5C 
 177      BA1467DE 
 178 067a 5BB4E8C3 		.ascii	"[\264\350\303\202\017\310\337\331\267f\355"
 178      820FC8DF 
 178      D9B766ED 
 179              		.text
 180              		.section	.gnu.lto_.symbol_nodes.ecf68dda5213816b,"",%progbits
 181 0000 789C6365 		.ascii	"x\234ce`b\360`\000\002\246\335L\365\014\014\023\316"
 181      6062F060 
 181      0002A6DD 
 181      4CF50C0C 
 181      13CE
 182 0012 313000A9 		.ascii	"10\000\251]\015\216@\221=L\365\214(\"\254;\231\030\032"
 182      5D0D8E40 
 182      913D4CF5 
 182      8C2822AC 
 182      3B99181A 
 183 0026 95808A19 		.ascii	"\225\200\212\031\3672\3253\201\245\030\030\032\032\034"
 183      F732D533 
 183      81A51818 
 183      1A1A1C
 184 0035 18189881 		.ascii	"\030\030\230\201\260e\322\033y\006\000\206\247\020\347"
 184      B065D21B 
 184      79060086 
 184      A710E7
 185              		.text
 186              		.section	.gnu.lto_.refs.ecf68dda5213816b,"",%progbits
 187 0000 789C6365 		.ascii	"x\234ce`b`d\000\002\000\000I\000\011"
 187      60626064 
 187      00020000 
 187      490009
 188              		.text
 189              		.section	.gnu.lto_.decls.ecf68dda5213816b,"",%progbits
 190 0000 789CCD59 		.ascii	"x\234\315Y{P\024G\032\337\236^XvA\264\320J\274\013\225"
 190      7B501447 
 190      1ADF9E5E 
 190      587641B4 
 190      D04ABC0B 
 191 0015 789EB950 		.ascii	"x\236\271P\225:W\324\313\345\356\257\340\"B\235&\326"
 191      953A57D4 
 191      CBE5EEAF 
 191      E022429D 
 191      26D6
 192 0027 62BC4BAA 		.ascii	"b\274K\252\256(\203\244\302E%'X\247\225\373c\004T|\200"
 192      AE2883A4 
 192      C2452527 
 192      58A795FB 
 192      6304547C 
 193 003c A0120505 		.ascii	"\240\022\005\005\021QAP\360\201<\024]\001\021Q\011\342"
 193      11514150 
 193      F0813C14 
 193      5D011151 
ARM GAS  /tmp/ccpO38pZ.s 			page 15


 193      09E2
 194 004e 0B90B788 		.ascii	"\013\220\267\210\210\212<|\360R\356\353\356\231\235"
 194      888A3C7C 
 194      F052EEEB 
 194      EE999D
 195 005d DED925C9 		.ascii	"\336\331%\311\375su[|\323\363M\377\372\353\357\325="
 195      FD73755B 
 195      7CD3F34D 
 195      FFFAEBEF 
 195      D53D
 196 006f FD0D4E1A 		.ascii	"\375\015N\032A\323\367\256F\263\006k4s\221F3\006?\270"
 196      41D3F7AE 
 196      46B3066B 
 196      34739146 
 196      33063FB8 
 197 0083 D51CD328 		.ascii	"\325\034\323(?\302\037\007\312\003:\011\0040\315\005"
 197      3FC21F07 
 197      CA033A09 
 197      0430CD05 
 198 0093 8DEDEFEF 		.ascii	"\215\355\357\357\360P\017\355R\240\017\200\336\006\376"
 198      F0500FED 
 198      52A00F80 
 198      DE06FE
 199 00a2 2DA052B8 		.ascii	"-\240R\270\177\017\332w\201\246!&\227\340\364p\357\016"
 199      7F0FDA77 
 199      81A62126 
 199      97E0F470 
 199      EF0E
 200 00b4 3419E825 		.ascii	"4\031\350%\360Zh'\000\275\003\364\006\370_!e\336\351"
 200      F05A6827 
 200      00BD03F4 
 200      06F85F21 
 200      65DEE9
 201 00c7 88CDABFE 		.ascii	"\210\315\253\376-#2~f\316Y@F\240\357\201\326\001}\004"
 201      2D23327E 
 201      66CE5940 
 201      46A0EF81 
 201      D6017D04 
 202 00db 140F1407 		.ascii	"\024\017\024\007\344&\315K\346\234\0044Bl\205vT\232"
 202      E426CD4B 
 202      E69C0434 
 202      426C8576 
 202      549A
 203 00ed FF43A07F 		.ascii	"\377C\240\177\000m\005z\001\317\006%\333\363\034\350"
 203      006D057A 
 203      01CF0625 
 203      DBF31CE8 
 204 00fd B21BA333 		.ascii	"\262\033\2433\261\345%B3jD\002\300&\321\247\010\261"
 204      B1E52542 
 204      336A4402 
 204      C026D1A7 
 204      08B1
 205 010f 2BA244D9 		.ascii	"+\242D\3311\371\207\020}\016O\005ze@\372\010\311#$^"
 205      31F98710 
 205      7D0E4F05 
 205      7A6540FA 
 205      08C92324 
ARM GAS  /tmp/ccpO38pZ.s 			page 16


 206 0124 90584112 		.ascii	"\220XA\022I\377\244\301\210\223\310\272\331L\362\217"
 206      49FFA4C1 
 206      8893C8BA 
 206      D94CF28F 
 207 0134 E9CC6EE8 		.ascii	"\351\314n\3500y4\022\224\011\020\342\007p\002\231\332"
 207      30793412 
 207      940910E2 
 207      07700299 
 207      DA
 208 0145 52BF553F 		.ascii	"R\277U?\215b\034\222\255\357K\272\326ihAM\344i\332'"
 208      8D621C92 
 208      ADEF4BBA 
 208      D6696841 
 208      4DE469DA 
 209 015a 883E4B4A 		.ascii	"\210>KJ\335\236\207\261\200\310}\313P\246\337\314\034"
 209      DD9E87B1 
 209      80C87DCB 
 209      50A6DFCC 
 209      1C
 210 016b 91FD5CDE 		.ascii	"\221\375\\\336S\334vi\354\225eb\034F\036\006$\000[\333"
 210      53DC7669 
 210      EC956562 
 210      1C461E06 
 210      24005BDB 
 211 017f 7B2DC515 		.ascii	"{-\305\025\330)\0064\011\330\301\365\267/\032\246\376"
 211      D8290634 
 211      09D8C1F5 
 211      B72F1AA6 
 211      FE
 212 0190 40474589 		.ascii	"@GE\211\223\004\264\364-\224\203<Q6\362\204\311\217"
 212      9304B4F4 
 212      2D94833C 
 212      5136F284 
 212      C98F
 213 01a2 A1A970FD 		.ascii	"\241\251p\375J\313$\255\257?\224\254\235\236&\246\265"
 213      4ACB24AD 
 213      AF3F94AC 
 213      9D9E26A6 
 213      B5
 214 01b3 8A96CB65 		.ascii	"\212\226\313e\177n;)\212\033`\230\226\300P\026\302\350"
 214      7F6E3B29 
 214      8A1B6098 
 214      96C05016 
 214      C2E8
 215 01c5 289A4954 		.ascii	"(\232IT\206[\270f\242\026\204\216\240f0\3508\232\016"
 215      865BB866 
 215      A216848E 
 215      A06630E8 
 215      389A0E
 216 01d8 C3C5AEB3 		.ascii	"\303\305\256\263\215\023q\000\325v\323\261\326L7IT\355"
 216      8D137100 
 216      D576D3B1 
 216      D64C3749 
 216      54ED
 217 01ea 8749A225 		.ascii	"\207I\242%\022\004\011TP\256\"(W-(\217\012\332\372x"
 217      12040954 
 217      50AE2228 
ARM GAS  /tmp/ccpO38pZ.s 			page 17


 217      572D288F 
 217      0ADAFA78 
 218 01fe 783BC25F 		.ascii	"x;\302_RA[\363\363z\\AP\253(Z\356\356\233U\231\327!"
 218      52415BF3 
 218      F37A5C41 
 218      50AB285A 
 218      EEEE9B55 
 219 0215 C618A8E2 		.ascii	"\306\030\250\342\350\204\"\350\004\021DnNR\001M\225"
 219      E88422E8 
 219      0411446E 
 219      4E52014D 
 219      95
 220 0226 59D9187C 		.ascii	"Y\331\030|\360\201\001\2210L\204G\271O\212\206&\260"
 220      F0810191 
 220      304C8447 
 220      B94F8A86 
 220      26B0
 221 0238 47446CED 		.ascii	"GDl\355\366\376\014\035ND\224\271\021\235\267\0173\017"
 221      F6FE0C1D 
 221      4E4494B9 
 221      119DB70F 
 221      330F
 222 024a 6A4924AE 		.ascii	"jI$\256'\337wg\036\234\266\033\013IUwK\265\310\313p"
 222      27DF7767 
 222      1E9CB61B 
 222      0B495577 
 222      4BB5C8CB 
 223 025f 98B8D072 		.ascii	"\230\270\320r9\347w{\372Eq\032*B\006\224\257h\360\201"
 223      39E7777B 
 223      FA45711A 
 223      2A420694 
 223      AF68F081 
 224 0273 01AE31A2 		.ascii	"\001\2561\242\030)\306G\211z\177\015*\000'\237\001'"
 224      1829C647 
 224      897A7F0D 
 224      2A00279F 
 224      0127
 225 0285 A342E445 		.ascii	"\243B\344Ef%8t\032\036\236\202\2070KVFB\2723\256\246"
 225      66253874 
 225      1A1E9E82 
 225      87304B56 
 225      4642BA33 
 226 029b 1A0815E7 		.ascii	"\032\010\025\347\357\325i\221\301\313\241\200s\016\004"
 226      EFD56991 
 226      C1CBA180 
 226      730E04
 227 02aa 3065C68A 		.ascii	"0e\306\212\247Wl ~=\013\312\024+\312\200n,\242'\322"
 227      A7576C20 
 227      7E3D0BCA 
 227      142BCA80 
 227      6E2CA227 
 228 02bf D37ADDC0 		.ascii	"\323z\335\300\024\322/>\217\255!\317\3622\036\374\026"
 228      14D22F3E 
 228      8FAD21CF 
 228      F2321EFC 
 228      16
 229 02d0 0F33CB9F 		.ascii	"\0173\313\237\217\035Ht}\377\240\230V\012\226\335\237"
ARM GAS  /tmp/ccpO38pZ.s 			page 18


 229      8F1D4874 
 229      7DFFA098 
 229      560A96DD 
 229      9F
 230 02e1 9C0C11D7 		.ascii	"\234\014\021\327S\360y&\314\252\204\206>)!\352\\@\357"
 230      53F07926 
 230      CCAA8486 
 230      3E2921EA 
 230      5C40EF
 231 02f4 93C5DA79 		.ascii	"\223\305\332y\245\302\300|&\"\340-\025\333\236\"\274"
 231      A5C2C07C 
 231      2622E02D 
 231      15DB9E22 
 231      BC
 232 0305 85E56A4C 		.ascii	"\205\345jLN\\\0316\304\220\214\373%\306\220\021m\233"
 232      4E5C1936 
 232      C4908CFB 
 232      25C69011 
 232      6D9B
 233 0317 6E4AE206 		.ascii	"nJ\342\006\011\237|\366y\225\023\343]\200-\350\311."
 233      099F7CF6 
 233      799513E3 
 233      5D802DE8 
 233      C92E
 234 0329 98C04262 		.ascii	"\230\300Bb!\335c\245\257\352&\340x6\333\22637\233\265"
 234      21DD63A5 
 234      AFEA26E0 
 234      7836DB96 
 234      33379BB5 
 235 033d 643691CD 		.ascii	"d6\221\315F\006)z_&\276@FO4\213N\224X\222\230\357\356"
 235      4606297A 
 235      5F26BE40 
 235      464F348B 
 235      4E945892 
 236 0354 114FC110 		.ascii	"\021O\301\020F-\265\366\022\240\313)\272\022y\310c\350"
 236      462DB5F6 
 236      12A0CB29 
 236      BA1279C8 
 236      63E8
 237 0366 3C8FEA0F 		.ascii	"<\217\352\017\352\231\032\275\204\337]\324\336\353\216"
 237      EA991ABD 
 237      84DF5DD4 
 237      DEEB8E
 238 0375 93D9BC09 		.ascii	"\223\331\274\011e/\006\\q*c\032\323w\035\3222d\027\341"
 238      652F065C 
 238      712A631A 
 238      D3771DD2 
 238      326417E1 
 239 0389 534647A3 		.ascii	"SFG\243\265\370 \353\214<[\237 -\321V\232}\221;3\234"
 239      B5F820EB 
 239      8C3C5B9F 
 239      202DD156 
 239      9A7D913B 
 240 039f F131D639 		.ascii	"\3611\3269\322s\244\327\031\0270\246\240-\361\2024a"
 240      D273A4D7 
 240      191730A6 
 240      A02DF182 
ARM GAS  /tmp/ccpO38pZ.s 			page 19


 240      3461
 241 03b1 1DE1CB06 		.ascii	"\035\341\313\006\366\365\271\341\213\254sC\306\255m"
 241      F6F5B9E1 
 241      8BAC7343 
 241      C6AD6D
 242 03c0 3A7C9531 		.ascii	":|\22517;\017D\2731$\015\353\300\275\330\0127|\233u"
 242      373B0F44 
 242      BB31240D 
 242      EBC0BDD8 
 242      0A377C9B 
 243 03d5 9657DEBF 		.ascii	"\226W\336\277\351\202[\030\263\365R~\205\224\336\225"
 243      E9825B18 
 243      B3F5527E 
 243      8594DE95 
 244 03e5 749977E5 		.ascii	"t\231w\345m\302\370\2214\241\344Y\017\311\263}5e[\364"
 244      6DC2F891 
 244      34A1E459 
 244      0FC9B37D 
 244      35655BF4 
 245 03f9 7880755E 		.ascii	"x\200u^\337\274#Q\300#\214\311\354\334\027'M\3701q\315"
 245      DFBC2351 
 245      C0238CC9 
 245      ECDC1727 
 245      4DF83171 
 246 040e DEDE1437 		.ascii	"\336\336\0247\034\205i\337\271\203\033\262\\p,c\316"
 246      1C8569DF 
 246      B9831BB2 
 246      5C702C63 
 246      CE
 247 041f 169CAB90 		.ascii	"\026\234\253\220b7\013\330\350\352\330F7\234\310\372"
 247      62370BD8 
 247      E8EAD846 
 247      379CC8FA 
 248 042f 8E776DB2 		.ascii	"\216wm\262\350p\012c\366\0164=\222\214\365\"B\256\017"
 248      E8700A63 
 248      F60E343D 
 248      928CF522 
 248      42AE0F
 249 0442 E5B8E343 		.ascii	"\345\270\343C\254O^\204\036t\021\242s\367\362\2158\227"
 249      AC4F5E84 
 249      1E7411A2 
 249      73F7F28D 
 249      3897
 250 0454 751DE82A 		.ascii	"u\035\350*\3329\021\0272\246'\372A\253+\303M\005\266"
 250      DA391117 
 250      32A627FA 
 250      41AB2BC3 
 250      4D05B6
 251 0467 ADE9E116 		.ascii	"\255\351\341\026w|\221\365m\274\220X\242\307W\031#\357"
 251      777C91F5 
 251      6DBC9058 
 251      A2C75719 
 251      23EF
 252 0479 8B1E6C5F 		.ascii	"\213\036l_,omF\370\026\353z\274\305R/\340&\306d\025"
 252      2C6F6D46 
 252      F816EB7A 
 252      BCC5522F 
ARM GAS  /tmp/ccpO38pZ.s 			page 20


 252      E026C664 
 253 048e C5B639E1 		.ascii	"\305\2669\341N\306\334/\210~\251\305\335\214\311\036"
 253      4EC6DC2F 
 253      887EA9C5 
 253      DD8CC91E 
 254 049e 4DADD1E3 		.ascii	"M\255\321\343g\214\251)n}\340\216_1&\347\372\345F\311"
 254      678CA929 
 254      6E7DE08E 
 254      5F3126E7 
 254      FAE546C9 
 255 04b2 C3316431 		.ascii	"\3031d1\344d6u\352\244t%\351\233Q\330:\212\3600\005"
 255      E4643675 
 255      EAA47425 
 255      E99B51D8 
 255      3A8AF030 
 256 04c7 4FCBCCB4 		.ascii	"O\313\314\264<qG3\270\337dz\365\342\037\315H\027\243"
 256      3C714733 
 256      B8DF647A 
 256      F5E21FCD 
 256      4817A3
 257 04da A344CBB3 		.ascii	"\243D\313\263\030\2745?\343\312z1c**\205D\275\010\213"
 257      18BC353F 
 257      E3CA7A31 
 257      632A2A85 
 257      44BD088B 
 258 04ee 5014262B 		.ascii	"P\024&+\313\311B\263\326\033.\0326b8\025\303n\033\215"
 258      CBC942B3 
 258      D61B2E1A 
 258      36623815 
 258      C36E1B8D 
 259 0502 29BC410D 		.ascii	")\274A\015\257\247\360\002\244\340Ky\374\0035\276\303"
 259      AFA7F002 
 259      A4E04B79 
 259      FC0335BE 
 259      C3
 260 0513 0EDF9DC2 		.ascii	"\016\337\235\302\341\037\251\361\017\325\352\364\357"
 260      E11FA9F1 
 260      0FD5EAF4 
 260      EF
 261 0520 E7E03FAA 		.ascii	"\347\340?\252\341\325v\342\33339\374\200cke<\331\001"
 261      E1D576E2 
 261      DB3339FC 
 261      80636B65 
 261      3CD901
 262 0533 6B33F17A 		.ascii	"k3\361z\212\207\205\213*$\274\274\234Q\231Z\235*^\373"
 262      8A87858B 
 262      2A24BCBC 
 262      9C51995A 
 262      9D2A5EFB 
 263 0547 1EB5F872 		.ascii	"\036\265\370r5\274\224\207?S\303\215j\345\253xc\357"
 263      35BC9487 
 263      3F53C38D 
 263      6AE5AB78 
 263      63EF
 264 0559 A8E1B7EC 		.ascii	"\250\341\267\354\244\363\266^U\303\257\250\341\015\274"
 264      A4F3B65E 
 264      55C3AFA8 
ARM GAS  /tmp/ccpO38pZ.s 			page 21


 264      E10DBC
 265 0568 F49B6AF8 		.ascii	"\364\233j\370\015\005\236 mn\237h5\250\037\372\373h"
 265      0D059E20 
 265      6D6E9F68 
 265      35A81FFA 
 265      FB68
 266 057a 1741931D 		.ascii	"\027A\223\035}\243\340\205\342\205\031h\024\315@#@\033"
 266      7DA3E085 
 266      E2851968 
 266      14CD4023 
 266      401B
 267 058c E07E3350 		.ascii	"\340~3P\034\320+\340\023\240\335\011\364\022\356#\241"
 267      1CD02BE0 
 267      13A0DD09 
 267      F412EE23 
 267      A1
 268 059d DD06B41E 		.ascii	"\335\006\264\036h\013\320&\240h\240\027\320\267\025"
 268      680BD026 
 268      A068A017 
 268      D0B715
 269 05ac DAD7D0C6 		.ascii	"\332\327\320\306@;\006\355vhc\201\006\341~\007\264o"
 269      403B06ED 
 269      76686381 
 269      06E17E07 
 269      B46F
 270 05be A08D8276 		.ascii	"\240\215\202v\030\332\347@Ch\006}EK\306\360i\327\252"
 270      18DAE740 
 270      4368067D 
 270      454BC6F0 
 270      69D7AA
 271 05d1 36A6C52E 		.ascii	"6\246\305.\316U\251\\\234\357\253\343\334n\027g\336"
 271      CE55A95C 
 271      9CEFABE3 
 271      DC6E1767 
 271      DE
 272 05e2 B5558E5D 		.ascii	"\265U\216]\313G\256\237W\347\236\343U\303\211\257\345"
 272      CB47AE9F 
 272      57E79EE3 
 272      55C389AF 
 272      E5
 273 05f3 F3E2A9E3 		.ascii	"\363\342\251\3434b\342\331{\272g\037\340\305I\004\246"
 273      3462E2D9 
 273      7BBA671F 
 273      E0C54904 
 273      A6
 274 0604 91DED1CC 		.ascii	"\221\336\321\314\025\360\266\267\364\244\342,x\357n"
 274      15F0B6B7 
 274      F4A4E22C 
 274      78EF6E
 275 0613 76A6AFA2 		.ascii	"v\246\257\242&\265\264F;ek\371D\270\3558\315x|\003\257"
 275      26B5B446 
 275      3B656BF9 
 275      44B8ED38 
 275      CD787C03 
 276 0628 ED1335BE 		.ascii	"\355\0235\276[m\\;\357\213f\307\352x+\221)\335\317E"
 276      5B6D5C3B 
 276      EF8B66C7 
ARM GAS  /tmp/ccpO38pZ.s 			page 22


 276      EA782B91 
 276      29DDCF45 
 277 063c A64E1D99 		.ascii	"\246N\035\231\273v\256\343\245\2679\016<\007\357\346"
 277      BB76AEE3 
 277      A5B7390E 
 277      3C07EFE6 
 278 064c 6DAD71BC 		.ascii	"m\255q\274\177\360\272\363\246>vl\2525\255\300\367\355"
 278      7FF0BAF3 
 278      A63E766C 
 278      AA35ADC0 
 278      F7ED
 279 065e B278E2FA 		.ascii	"\262x\342\372Z\307k\212w\345\360>N~\257\303\015\301"
 279      5AC76B8A 
 279      77E5F03E 
 279      4E7EAFC3 
 279      0DC1
 280 0670 5B91DE9F 		.ascii	"[\221\336\237\302I\357r\274W\362I>\314\273\362\272\332"
 280      C249EF72 
 280      BC57F249 
 280      3ECCBBF2 
 280      BADA
 281 0682 95D7ECB6 		.ascii	"\225\327\354\266z\336\330N\307[7\205\303\033\350ENN"
 281      7ADED84E 
 281      C75B3785 
 281      C31BE845 
 281      4E4E
 282 0694 932B2ED4 		.ascii	"\223+.\324\322\323\346\351\204\263\011\023\220\327d"
 282      D2D3E6E9 
 282      84B30913 
 282      90D764
 283 06a3 29393371 		.ascii	")93q\224(\"\364\003\214\336%X\317\220$W\035\357%(\021"
 283      942822F4 
 283      038CDE25 
 283      58CF9024 
 283      571DEF25 
 284 06b9 B690FF97 		.ascii	"\266\220\377\227\355\204\034\355\257\336{\216\334\266"
 284      ED841CED 
 284      AFDE7B8E 
 284      DCB6
 285 06c7 588FCED4 		.ascii	"X\217\316\324\022\345\000\270[p\243\245\001\264\273"
 285      12E500B8 
 285      5B70A3A5 
 285      01B4BB
 286 06d6 B1F65E64 		.ascii	"\261\366^dj\226\026M\206\267-o\232r\000\334#\331\225"
 286      6A96164D 
 286      86B72D6F 
 286      9A7200DC 
 286      23D995
 287 06e9 0C76ED85 		.ascii	"\014v\355\205\371\222\004~\333z\271W^\253\362\306\262"
 287      F992047E 
 287      DB7AB957 
 287      5EABF2C6 
 287      B2
 288 06fa 679C3702 		.ascii	"g\2347\002\363m\363^\266\360\367\250\027>\021\326c#"
 288      F36DF35E 
 288      B6F0F7A8 
 288      173E11D6 
ARM GAS  /tmp/ccpO38pZ.s 			page 23


 288      6323
 289 070c ACD7A130 		.ascii	"\254\327\24109~\311'\313/\350p9\213_VIc\272\326\032"
 289      397EC927 
 289      CB2FE870 
 289      398B5F56 
 289      4963BAD6 
 290 0721 BF377B59 		.ascii	"\2777{Y\374Ra\360>%~{\354\342g\315\244\024\260m<;a\256"
 290      FC5261F0 
 290      3E257E7B 
 290      ECE267CD 
 290      A414B06D 
 291 0739 2B59C383 		.ascii	"+Y\303\2036\376L\265\361\347~\311\237\373\211?Q\313"
 291      36FE4CB5 
 291      F1E77EC9 
 291      9FFB893F 
 291      51CB
 292 074b E0DD6637 		.ascii	"\340\335f7\036L*3\005\234&\201\323(8\245.\375\274\200"
 292      1E4C2A33 
 292      059C2681 
 292      D32838A5 
 292      2EFDBC80 
 293 075f 6BA815E8 		.ascii	"k\250\025\350\344p\374o\240\260\263\320b\363\235\024"
 293      E470FC6F 
 293      A0B0B3D0 
 293      62F39D14 
 294 076f 566C46B2 		.ascii	"VlF\262b\363\200b\007\334\332\326\210\351\002)\361\206"
 294      62F38062 
 294      07DCDAD6 
 294      88E90229 
 294      F186
 295 0781 6AE33638 		.ascii	"j\34368\341\307LTYS^\236\013\356g\214\\\231L\221*\223"
 295      E1C74C54 
 295      59535E9E 
 295      0BEE678C 
 295      5C994C91 
 296 0797 D71D175A 		.ascii	"\327\035\027Z\365x\210v:\227\035\252-\"\207/\257\311"
 296      F5788876 
 296      3A971DAA 
 296      2D22872F 
 296      AFC9
 297 07a9 DC112B33 		.ascii	"\334\021+3\273j\033\224@\210\306\3410\231z\274\355\\"
 297      BB6A1B94 
 297      4088C6E1 
 297      30997ABC 
 297      ED5C
 298 07bb 5A785F28 		.ascii	"Zx_(\353\356\240c\2707\227\003\365\036\353I|\216\332"
 298      EBEEA063 
 298      B8379703 
 298      F51EEB49 
 298      7C8EDA
 299 07ce E600     		.ascii	"\346\000"
 300 07d0 1F994382 		.ascii	"\037\231C\202\247\2649\035\225\302\222\005a\311\206"
 300      A7B4391D 
 300      95C29205 
 300      61C986
 301 07df B0E40065 		.ascii	"\260\344\000e\002\035\261I\303\236z\217\035Qb\345,\252"
 301      021DB149 
ARM GAS  /tmp/ccpO38pZ.s 			page 24


 301      C39E7A8F 
 301      1D5162E5 
 301      2CAA
 302 07f1 41865A03 		.ascii	"A\206Z\003\243j\237\350\377\302v\317\262\0073\343\300"
 302      A36A9FE8 
 302      FFC276CF 
 302      B20733E3 
 302      C0
 303 0802 577B3A5E 		.ascii	"W{:^\303\313Xt\242i\226Tv\361\270`M\263\352\006\255"
 303      C3CB5874 
 303      A2699654 
 303      76F1B860 
 303      4DB3EA06 
 304 0817 28BAA05C 		.ascii	"(\272\240\\\030|L\211\316Q\273,\223mA\307\301\204\237"
 304      187C4C89 
 304      CE51BB2C 
 304      936D41C7 
 304      C1849F
 305 082a 3307A6AC 		.ascii	"3\007\246\254<\274}\000\363\011\224k\223myR\002\345"
 305      3CBC7D00 
 305      F309946B 
 305      936D7952 
 305      02E5
 306 083c D104EA1B 		.ascii	"\321\004\352\033M)\220*\206)$\264-\361\361\3229;\215"
 306      4D29902A 
 306      862924B4 
 306      2DF1F1D2 
 306      393B8D
 307 084f 847A746B 		.ascii	"\204ztkI\222\363\270\225\340)A\252\004\317\260\232s"
 307      4992F3B8 
 307      95E02941 
 307      AA04CFB0 
 307      9A73
 308 0861 28BAA015 		.ascii	"(\272\240\025\251K\301\223\240\376\011\201\300O\013"
 308      A94BC193 
 308      A0FE0981 
 308      C04F0B
 309 0870 1EF22082 		.ascii	"\036\362 \202\316\257\275\373R\217\267S\327\240\264"
 309      CEAFBDFB 
 309      528FB753 
 309      D7A0B4
 310 087f 3709E9AE 		.ascii	"7\011\351\256r\201\033\363K\012\334\315\267\033O\332"
 310      72811BF3 
 310      4B0ADCCD 
 310      B71B4FDA 
 311 088f 4C7646F8 		.ascii	"LvF\370\211\311\316V\324^Ax\027\233\254\264?\357\210"
 311      89C9CE56 
 311      D45E4178 
 311      179BACB4 
 311      3FEF88
 312 08a2 54786152 		.ascii	"TxaR*'\365\327L\034\327\310b\331\310\"\201\316[?x\251"
 312      2A27F5D7 
 312      4C1CD7C8 
 312      62D9C822 
 312      81CE5B3F 
 313 08b8 C1496DA4 		.ascii	"\301Im\244\222og\351\274\305\362\274\315\247\222:uj"
 313      926F67E9 
ARM GAS  /tmp/ccpO38pZ.s 			page 25


 313      BCC5F2BC 
 313      CDA7923A 
 313      756A
 314 08ca 2DC74577 		.ascii	"-\307Ew\2769U\245\303IL\313\235;\006\253\\p\012c\006"
 314      BE3955A5 
 314      C3494CCB 
 314      9D3B06AB 
 314      5C700A63 
 315 08df B27B0F39 		.ascii	"\262{\0179\343\003\2149\376b\240\330\240\026:n\311\275"
 315      E3038C39 
 315      FE62A0D8 
 315      A0163A6E 
 315      C9BD
 316 08f1 67E840F7 		.ascii	"g\350@\367\004|\210\015}\3323\232\353\216\2172&;\347"
 316      047C880D 
 316      7DDA339A 
 316      EB8E8F32 
 316      263BE7
 317 0904 62B52BCE 		.ascii	"b\265+\316e\314h\374\376Sz\234/y\350`\352\016=.f\314"
 317      65CC68FC 
 317      FE537A9C 
 317      2F79E860 
 317      EA0E3D2E 
 318 091a 587C4C92 		.ascii	"X|L\222\016_`\314\256\352]\007]q9cF\272v\325#\346H7"
 318      0E5F60CC 
 318      AEEA5D07 
 318      5D713963 
 318      46BA76D5 
 319 0932 AE2A9F22 		.ascii	"\256*\237\"U\345\307_\306\355v\305U\014{\267>\272H\302"
 319      55E5C75F 
 319      C6ED76C5 
 319      550C7BB7 
 319      3EBA48C2 
 320 0946 BA021B7F 		.ascii	"\272\002\033\177\265\345o\343\372\374\232\354\363\253"
 320      B5E56FE3 
 320      FAFC9AEC 
 320      F3AB
 321 0954 CCE7B91B 		.ascii	"\314\347\271\033:\262\\`\254\247\001^e\334\267'O\366"
 321      3AB25C60 
 321      ACA7015E 
 321      65DCB727 
 321      4FF6
 322 0966 EDE9B465 		.ascii	"\355\351\264e\340\230\026W\263Ev\346tG\262\201\373\272"
 322      E0981657 
 322      B34576E6 
 322      7447B281 
 322      FBBA
 323 0978 F451D426 		.ascii	"\364Q\324&\362A\347\006\270\350Ge\231yZ\277.\365\246"
 323      F241E706 
 323      B8E84765 
 323      99795ABF 
 323      2EF5A6
 324 098b 8B78AA06 		.ascii	"\213x\252\006\315\241\3373P\015\254+O)\331\252!L\327"
 324      CDA1DF33 
 324      500DAC2B 
 324      4F29D9AA 
 324      214CD7
ARM GAS  /tmp/ccpO38pZ.s 			page 26


 325 099e 990259FB 		.ascii	"\231\002Y\3733\313'\340:i\031'^<\355n\235a\254x\372"
 325      33CB27E0 
 325      3A691927 
 325      5E3CED6E 
 325      9D61AC78 
 326 09b3 29FAC9E8 		.ascii	")\372\311\350\026\314P\253\314pC\030g\212\233\216\247"
 326      16CC50AB 
 326      CC704318 
 326      678A9B8E 
 326      A7
 327 09c4 A8AABC16 		.ascii	"\250\252\274\026\253U\202\212\250\274+\320_I\363\371"
 327      AB55828A 
 327      A8BC2BD0 
 327      5F49F3F9 
 328 09d4 36CD946B 		.ascii	"6\315\224kr\246\244\345$=\321\261\365\362\213\244\037"
 328      72A6A4E5 
 328      243DD1B1 
 328      F5F28BA4 
 328      1F
 329 09e5 4C8A1A76 		.ascii	"L\212\032v\342\245\337\371)\351%\265\215\237\340V\026"
 329      E2A5DFF9 
 329      29E925B5 
 329      8D9FE056 
 329      16
 330 09f6 B717D58D 		.ascii	"\267\027\325\215p\252\354`L\364\325+Gt\270\2131O\262"
 330      70AAEC60 
 330      4CF4D52B 
 330      4774B88B 
 330      314FB2
 331 0a09 AE573AE3 		.ascii	"\256W:\343\036\306tt\016\027b<\300\230\303O\322c\365"
 331      1EC67474 
 331      0E17623C 
 331      C098C34F 
 331      D263F5
 332 0a1c 78501AD3 		.ascii	"xP\032\323\321S-}'\330F\2027\322{\346\226\234%\244\226"
 332      D1532D7D 
 332      27D84682 
 332      37D27BE6 
 332      969C25A4 
 333 0a31 EF7EF160 		.ascii	"\357~\361`\314\005\277\241\340\267\237\234N8\344\206"
 333      CC05BFA1 
 333      E0B79F9C 
 333      4E38E486 
 334 0a41 6CEB786B 		.ascii	"l\353xk1\017\273/\034\347\036V\342\230\037\253D\261"
 334      310FBB2F 
 334      1CE71E56 
 334      E2981FAB 
 334      44B1
 335 0a53 D582D05D 		.ascii	"\325\202\320]\301\003U\201\317\037\301\026'[c_37\204"
 335      C1035581 
 335      CF1FC116 
 335      275B635F 
 335      333784
 336 0a66 29FB75A3 		.ascii	")\373u\243\204v\\t\356\002\371\015\353\330\231\361\034"
 336      84765C74 
 336      EE02F90D 
 336      EBD899F1 
ARM GAS  /tmp/ccpO38pZ.s 			page 27


 336      1C
 337 0a77 C82E94D0 		.ascii	"\310.\224\320\326=\330\256\346\254Z\253\310\276\254"
 337      D63DD8AE 
 337      E6AC5AAB 
 337      C8BEAC
 338 0a86 966D5FED 		.ascii	"\226m_\355\267s\360r5\334\346\260\276\213\010_\307\320"
 338      B773F072 
 338      35DCE6B0 
 338      BE8B085F 
 338      C7D0
 339 0a98 647D9F57 		.ascii	"d}\237W\243\355+\001Nv\205\032mW\321\265sN\271\247F"
 339      A3ED2B01 
 339      4E76851A 
 339      6D57D1B5 
 339      734EB9A7 
 340 0aad 73EF5CFE 		.ascii	"s\357\\\376U\324\002nh\246\011\363Hz\017=\207t\353\206"
 340      55D4026E 
 340      68A609F3 
 340      487A0F3D 
 340      8774EB86 
 341 0ac1 F74F3B50 		.ascii	"\367O;P\027P\037\320\023\240\001\2406\240\016\240\207"
 341      17501FD0 
 341      13A001A0 
 341      36A00EA0 
 341      87
 342 0ad2 40BD400F 		.ascii	"@\275@\017\200\372\201\036\223\223,9\245\002u\222\223"
 342      80FA811E 
 342      93932C39 
 342      A5027592 
 342      93
 343 0ae3 2CD07DA0 		.ascii	",\320}\240\036\240g@O\255\257f\342\203\3320\305\007"
 343      1EA06740 
 343      4FADAF66 
 343      E283DA30 
 343      C507
 344 0af5 4D0E83C7 		.ascii	"M\016\203\307\277\2319\027\224\252\301\215j\027\364"
 344      BF993917 
 344      94AAC18D 
 344      6A17F4
 345 0b04 732EA857 		.ascii	"s.\250W\243\355\312\270\376u\\\201\255F\367\331\204"
 345      A3EDCAB8 
 345      FE755C81 
 345      AD46F7D9 
 345      84
 346 0b15 0E12A85D 		.ascii	"\016\022\250]\312\242\002\310\242|\011-\277\235l\313"
 346      CAA202C8 
 346      A27C092D 
 346      BF9D6CCB 
 347 0b25 2CB28974 		.ascii	",\262\211tKhxk\321\272\306\006m_]7pf^r\034i\233OL\234"
 347      4B68786B 
 347      D1BAC606 
 347      6D5F5D37 
 347      70665E72 
 348 0b3f 9D0D8E43 		.ascii	"\235\015\216Cm\003\347\244\2279\316Q\233\303\033'\275"
 348      6D03E7A4 
 348      9739CE51 
 348      9BC31B27 
ARM GAS  /tmp/ccpO38pZ.s 			page 28


 348      BD
 349 0b50 CEB117F9 		.ascii	"\316\261\027\371\023|\3053vz{\244>\301\023\257U\014"
 349      137CC533 
 349      767A7BA4 
 349      3EC113AF 
 349      550C
 350 0b62 4DD92192 		.ascii	"M\331!\222s\230\005\034qA\022f=f\327\253\327G-\267>"
 350      7398051C 
 350      71411266 
 350      3D66D7AB 
 350      D7472DB7 
 351 0b77 4A1CAF0F 		.ascii	"J\034\257\017\033M9\303.:\316\016\353\301\255\272%\261"
 351      1B4D39C3 
 351      2E3ACE0E 
 351      EBC1ADBA 
 351      25B1
 352 0b89 5A8BCF3B 		.ascii	"Z\213\317;\323\035\277\340\356\251Dw4\331\313\321Z@"
 352      D31DBFE0 
 352      EEA94477 
 352      34D9CBD1 
 352      5A40
 353 0b9b C3B004FE 		.ascii	"\303\260\004\376\027\313A*N\206\234\311\251q\010&\034"
 353      17CB412A 
 353      4E869CC9 
 353      A9710826 
 353      1C
 354 0bac 545E368F 		.ascii	"T^6\217\350\251\021\324\376\341Zc\224\216?\374\015\331"
 354      E8A911D4 
 354      FEE15A63 
 354      948E3FFC 
 354      0DD9
 355 0bbe 1CFE46A4 		.ascii	"\034\376F\244\303\337\010=\374\335y\232\262\303\011"
 355      C3DF083D 
 355      FCDD799A 
 355      B2C309
 356 0bcd 5FA636A2 		.ascii	"_\2466\242\376\344\212\307\006|\2351{\217\037\215\306"
 356      FEE48AC7 
 356      067C9D31 
 356      7B8F1F8D 
 356      C6
 357 0bde B886318D 		.ascii	"\270\2061\215\347\326\227\273\343:\306\264\355\217\354"
 357      E7D697BB 
 357      E33AC6B4 
 357      ED8FEC
 358 0bed 70C24D8C 		.ascii	"p\302M\214),y:\233\355\354\236\300\0257\365Y\244\177"
 358      292C793A 
 358      9BEDEC9E 
 358      C01537F5 
 358      59A47F
 359 0c00 94B5928D 		.ascii	"\224\265\222\215~\377\343\256VW\334F\241\372\327\205"
 359      7EFFE3AE 
 359      5657DC46 
 359      A1FAD785 
 360 0c10 E5079C11 		.ascii	"\345\007\234\021\333\321\275\270R\341\\.W*\214\201E"
 360      DBD1BDB8 
 360      52E15C2E 
 360      572A8C81 
ARM GAS  /tmp/ccpO38pZ.s 			page 29


 360      45
 361 0c21 1BB0E3CD 		.ascii	"\033\260\343\315\231\367}$\366D\3531\351#h\342\370-"
 361      99F77D24 
 361      F644EB31 
 361      E92368E2 
 361      F82D
 362 0c33 D80B6DC5 		.ascii	"\330\013m\305P\375\002m\002\332\006\024\003\264\031"
 362      50FD026D 
 362      02DA0614 
 362      03B419
 363 0c42 6823E68F 		.ascii	"h#\346\217\372U\377V\222 \012\253\346\263{ut\177\257"
 363      FA55FF56 
 363      92200AAB 
 363      E6B37B75 
 363      747FAF
 364 0c55 A0DFA8B5 		.ascii	"\240\337\250\265\263\373\2749\374\275ma`\203\266\333"
 364      B3FBBC39 
 364      FCBD6D61 
 364      6083B6DB 
 365 0c65 504A394D 		.ascii	"PJ9MF\325\262\355\027N\365\010[8\000\263/}\233G\270"
 365      46D5B2ED 
 365      174EF508 
 365      5B3800B3 
 365      2F7D9B47 
 366 0c7a 0246549B 		.ascii	"\002FT\233e\267Mrz\276vl\225u!l\254\027\353\\q\027["
 366      65B74D72 
 366      7ABE766C 
 366      9575216C 
 366      AC17EB5C 
 367 0c91 08955D5D 		.ascii	"\010\225]]\331\256\252\205 \007\003m\207\030\3747\361"
 367      D9AEAA85 
 367      2007036D 
 367      8718FC37 
 367      F1
 368 0ca2 6066DD19 		.ascii	"`f\335\031\245\011\035\007\003c\2615\241\211\221t\372"
 368      A5091D07 
 368      0363B135 
 368      A1899174 
 368      FA
 369 0cb3 9A7B59D9 		.ascii	"\232{Y\331\356|B\307a>\241\3431Kh\322\272}\263lE\320"
 369      EE7C42C7 
 369      613EA1E3 
 369      314B68D2 
 369      BA7DB36C 
 370 0cc9 8A15CB83 		.ascii	"\212\025\313\203BW\205F\270,\370\364\363i&oo\315\254"
 370      42578546 
 370      B82CF8F4 
 370      F369266F 
 370      6FCDAC
 371 0cdc 99338DEC 		.ascii	"\2313\215\354/,\334\010\010\343wa\253#\302\215\201K"
 371      2F2CDC08 
 371      08E37761 
 371      AB23C28D 
 371      814B
 372 0cee 16CD99CD 		.ascii	"\026\315\231\315\256~s\327\2565Jcg\006k&\205G\254\234"
 372      AE7E73D7 
 372      AE354A63 
ARM GAS  /tmp/ccpO38pZ.s 			page 30


 372      67066B26 
 372      8547AC9C 
 373 0d02 333B2878 		.ascii	"3;(xEX\360\267T\224.t\365?\003\240\235\375\313$\261"
 373      4558F0B7 
 373      54942E74 
 373      F53F03A0 
 373      9DFDCB24 
 374 0d17 E1A1E1AB 		.ascii	"\341\241\341\253g~\2431\004\005\255\011]\025\001|\304"
 374      677EA331 
 374      0405AD09 
 374      5D15017C 
 374      C4
 375 0d28 EF8D6BC2 		.ascii	"\357\215k\302W\033CW\005\257X\263<\304\270*\344_+B\277"
 375      571B4357 
 375      05AF58B3 
 375      3CC4B82A 
 375      E45F2B42 
 376 0d3d 32AE5C16 		.ascii	"2\256\\\026\374M\350\252\020c\320\362\220\257\227\255"
 376      FC4DE8AA 
 376      1063D0F2 
 376      90AF97AD 
 377 0d4d 59111114 		.ascii	"Y\021\021\024\261\356\273\220p\030\350\"\017\233\356"
 377      B1EEBB90 
 377      7018E822 
 377      0F9BEE
 378 0d5c 6858F8BA 		.ascii	"hX\370\272pcPx\304r\300\000vb\340\272\360\210\220\225"
 378      70635078 
 378      C472C000 
 378      7662E0BA 
 378      F0889095 
 379 0d70 A6B0D521 		.ascii	"\246\260\325!&\242\264S`\240i\201Yo\236\0378\337\274"
 379      26A2B453 
 379      60A06981 
 379      596F9E1F 
 379      38DFBC
 380 0d83 74BEEF47 		.ascii	"t\276\357G\330\024h\326\316\3635)\217\376\240\367Y<"
 380      D81468D6 
 380      CEF33529 
 380      8FFEA0F7 
 380      593C
 381 0d95 6FF6C2C5 		.ascii	"o\366\302\305\363?5\223;ov'\367\316\325\373\370\317"
 381      F33F3593 
 381      3B6F7627 
 381      F7CED5FB 
 381      F8CF
 382 0da7 9B23F5FA 		.ascii	"\233#\365\372[q\376j\334\034\035\221\002OH\353\315\367"
 382      5B71FE6A 
 382      DC1C1D91 
 382      024F48EB 
 382      CDF7
 383 0db9 CCD61109 		.ascii	"\314\326\021\011\264\307_B\370\333\"\274]\310Xs\340"
 383      B4C75F42 
 383      F8DB22BC 
 383      5DC85873 
 383      E0
 384 0dca 1233B9F1 		.ascii	"\0223\271\361&7\326\276Y.d4\353\363\227A\376\014\204"
 384      2637D6BE 
ARM GAS  /tmp/ccpO38pZ.s 			page 31


 384      592E6434 
 384      EBF39741 
 384      FE0C84
 385 0ddd 4D0166AD 		.ascii	"M\001f\255\311o\201Y\267x\341B\322\012&\263\001n\003"
 385      C96F8159 
 385      B778E142 
 385      D20A26B3 
 385      016E03
 386 0df0 660712CE 		.ascii	"f\007\022\316&D\301a+W\206\2552\206\254\215\200\350"
 386      2644C161 
 386      2B5786AD 
 386      3286AC8D 
 386      80E8
 387 0e02 A803F4F5 		.ascii	"\250\003\364\365\334Y\177\\\273\026\274\347j6\231\202"
 387      DC597F5C 
 387      BB16BCE7 
 387      6A369982 
 388 0e12 9680DB7D 		.ascii	"\226\200\333}C\276v]\374W\263|\377k9\233\276Z\026\374"
 388      43BE765D 
 388      FC57B37C 
 388      FF6B399B 
 388      BE5A16FC 
 389 0e26 ED9AEF82 		.ascii	"\355\232\357\202\226\207\255\\\026\272\212&\2043Q\331"
 389      9687AD5C 
 389      16BA8A26 
 389      843351D9 
 390 0e36 EF4BE700 		.ascii	"\357K\347\000_\323g\276\363\0117\333\357Kw\337y\013"
 390      5FD367BE 
 390      F30937DB 
 390      EF4B77DF 
 390      790B
 391 0e48 16993E97 		.ascii	"\026\231>\227\207k\003\002}\314\332E\213\374\314\330"
 391      876B0302 
 391      7DCCDA45 
 391      8BFCCCD8 
 392 0e58 C7D78C7D 		.ascii	"\307\327\214}\241]\354g\326\372\370\221X\370\371\230"
 392      A15DEC67 
 392      D6FAF891 
 392      58F8F998 
 393 0e68 9DA00B00 		.ascii	"\235\240\013\000\276\204\367'\027\023\\\234\002\375"
 393      BE84F727 
 393      17135C9C 
 393      02FD
 394 0e76 215638D0 		.ascii	"!V8\320\177\261\236%\316\307A\021:\251\305&\023\364"
 394      7FB19E25 
 394      CEC74111 
 394      3AA9C526 
 394      13F4
 395 0e88 98CC4E3E 		.ascii	"\230\314N>\001f\223Y\273t\311gfm\000\240\235L\213?\017"
 395      01669359 
 395      BB74C967 
 395      666D00A0 
 395      9D4C8B3F 
 396 0e9d F085AB8F 		.ascii	"\360\205\253\217\311\374\247q\314\3671/2\232\026\005"
 396      C9FCA771 
 396      CCF7312F 
 396      329A1605 
ARM GAS  /tmp/ccpO38pZ.s 			page 32


 397 0ead 06041A49 		.ascii	"\006\004\032I\222\030\003\244l\012\006&(x\345\\\222"
 397      921803A4 
 397      6C0A0626 
 397      2878E55C 
 397      92
 398 0ebe 6F81A679 		.ascii	"o\201\246yTu\247\317\026/1\231\205@\263\016n\3762\377"
 398      5475A7CF 
 398      162F3199 
 398      8540B30E 
 398      6EFE32FF 
 399 0ed2 0BB3965C 		.ascii	"\013\263\226\\0\010w\246=\336\023\374\026\372\004\372"
 399      300877A6 
 399      3DDE13FC 
 399      16FA04FA 
 400 0ee2 CB66FE07 		.ascii	"\313f\376\007\177Y\243z"
 400      7F59A37A 
 401              		.text
 402              		.section	.gnu.lto_.symtab.ecf68dda5213816b,"",%progbits
 403 0000 68616C5F 		.ascii	"hal_lld_init\000"
 403      6C6C645F 
 403      696E6974 
 403      00
 404 000d 00       		.ascii	"\000"
 405 000e 00       		.ascii	"\000"
 406 000f 00       		.ascii	"\000"
 407 0010 00000000 		.ascii	"\000\000\000\000\000\000\000\000"
 407      00000000 
 408 0018 AE000000 		.ascii	"\256\000\000\000"
 409 001c 73746D33 		.ascii	"stm32_clock_init\000"
 409      325F636C 
 409      6F636B5F 
 409      696E6974 
 409      00
 410 002d 00       		.ascii	"\000"
 411 002e 00       		.ascii	"\000"
 412 002f 00       		.ascii	"\000"
 413 0030 00000000 		.ascii	"\000\000\000\000\000\000\000\000"
 413      00000000 
 414 0038 B0000000 		.ascii	"\260\000\000\000"
 415 003c 53797374 		.ascii	"SystemCoreClock\000"
 415      656D436F 
 415      7265436C 
 415      6F636B00 
 416 004c 00       		.ascii	"\000"
 417 004d 00       		.ascii	"\000"
 418 004e 00       		.ascii	"\000"
 419 004f 00000000 		.ascii	"\000\000\000\000\000\000\000\000"
 419      00000000 
 420 0057 BF000000 		.ascii	"\277\000\000\000"
 421 005b 69727149 		.ascii	"irqInit\000"
 421      6E697400 
 422 0063 00       		.ascii	"\000"
 423 0064 02       		.ascii	"\002"
 424 0065 00       		.ascii	"\000"
 425 0066 00000000 		.ascii	"\000\000\000\000\000\000\000\000"
 425      00000000 
 426 006e B2000000 		.ascii	"\262\000\000\000"
ARM GAS  /tmp/ccpO38pZ.s 			page 33


 427              		.text
 428              		.section	.gnu.lto_.opts,"",%progbits
 429 0000 272D666D 		.ascii	"'-fmath-errno' '-fsigned-zeros' '-ftrapping-math' '"
 429      6174682D 
 429      6572726E 
 429      6F272027 
 429      2D667369 
 430 0033 2D666E6F 		.ascii	"-fno-trapv' '-fno-openmp' '-fno-openacc' '-mcpu=cor"
 430      2D747261 
 430      70762720 
 430      272D666E 
 430      6F2D6F70 
 431 0066 7465782D 		.ascii	"tex-m4' '-mno-thumb-interwork' '-mthumb' '-ggdb' '-"
 431      6D342720 
 431      272D6D6E 
 431      6F2D7468 
 431      756D622D 
 432 0099 4F322720 		.ascii	"O2' '-fomit-frame-pointer' '-falign-functions=16' '"
 432      272D666F 
 432      6D69742D 
 432      6672616D 
 432      652D706F 
 433 00cc 2D666675 		.ascii	"-ffunction-sections' '-fdata-sections' '-fno-common"
 433      6E637469 
 433      6F6E2D73 
 433      65637469 
 433      6F6E7327 
 434 00ff 2720272D 		.ascii	"' '-flto'\000"
 434      666C746F 
 434      2700
 435              		.text
 436              		.comm	__gnu_lto_v1,1,1
 437              		.comm	__gnu_lto_slim,1,1
 438              		.ident	"GCC: (15:6.3.1+svn253039-1build1) 6.3.1 20170620"
ARM GAS  /tmp/ccpO38pZ.s 			page 34


DEFINED SYMBOLS
                            *ABS*:0000000000000000 hal_lld.c
                            *COM*:0000000000000001 __gnu_lto_v1
                            *COM*:0000000000000001 __gnu_lto_slim

NO UNDEFINED SYMBOLS
