ARM GAS  /tmp/ccXtILPQ.s 			page 1


   1              		.cpu cortex-m4
   2              		.eabi_attribute 20, 1
   3              		.eabi_attribute 21, 1
   4              		.eabi_attribute 23, 3
   5              		.eabi_attribute 24, 1
   6              		.eabi_attribute 25, 1
   7              		.eabi_attribute 26, 1
   8              		.eabi_attribute 30, 2
   9              		.eabi_attribute 34, 1
  10              		.eabi_attribute 18, 4
  11              		.file	"nvic.c"
  12              		.text
  13              	.Ltext0:
  14              		.section	.gnu.lto_.profile.740d2232d4c76bd,"",%progbits
  15 0000 789C6365 		.ascii	"x\234ce`b`a```d\220\022\003\000\000\312\000="
  15      60626061 
  15      60606064 
  15      90120300 
  15      00CA003D 
  16              		.text
  17              		.section	.gnu.lto_.icf.740d2232d4c76bd,"",%progbits
  18 0000 789C6365 		.ascii	"x\234ce`b\220b@\000\026\206\027\337\372'q3~\336ur'\033"
  18      60629062 
  18      40001686 
  18      17DFFA27 
  18      71337EDE 
  19 0018 D385E635 		.ascii	"\323\205\3465\217\270\231;\356\375hab\000\000\253P\014"
  19      8FB8993B 
  19      EEFD6861 
  19      620000AB 
  19      500C
  20 002a 3B       		.ascii	";"
  21              		.text
  22              		.section	.gnu.lto_.jmpfuncs.740d2232d4c76bd,"",%progbits
  23 0000 789C6365 		.ascii	"x\234ce`b\220b@\000\026\006&FF\346\372zF \250g\202\260"
  23      60629062 
  23      40001606 
  23      264646E6 
  23      FA7A4620 
  24 0018 99416C06 		.ascii	"\231Al\006\000)\250\003:"
  24      0029A803 
  24      3A
  25              		.text
  26              		.section	.gnu.lto_.inline.740d2232d4c76bd,"",%progbits
  27 0000 789C4D8C 		.ascii	"x\234M\214\321\021\2000\014B!M\323\350\217#\324\011"
  27      D1118030 
  27      0C42214D 
  27      D3E88F23 
  27      D409
  28 0012 5CD2453A 		.ascii	"\\\322E:\222\2438\202\261\236U>\270\343\036\220!\330"
  28      92A33882 
  28      B19E553E 
  28      B8E31E90 
  28      21D8
  29 0024 F1498179 		.ascii	"\361I\201y\242pe\204\333\324\316\015\326\252@\216E\021"
  29      A2706584 
  29      DBD4CE0D 
ARM GAS  /tmp/ccXtILPQ.s 			page 2


  29      D6AA408E 
  29      4511
  30 0036 C9833808 		.ascii	"\311\2038\010/d\257$m\365\251\004\325~\"\310J\366\227"
  30      2F64AF24 
  30      6DF5A904 
  30      D57E22C8 
  30      4AF697
  31 0049 14BBDF41 		.ascii	"\024\273\337A(\241\330;\035pLq\001\226\277\015\245"
  31      28A1D83B 
  31      1D704C71 
  31      0196BF0D 
  31      A5
  32              		.text
  33              		.section	.gnu.lto_.pureconst.740d2232d4c76bd,"",%progbits
  34 0000 789C6365 		.ascii	"x\234ce`b\340d```a\220b\224b\222b\226\002\000\002\321"
  34      6062E064 
  34      60606061 
  34      90629462 
  34      92629602 
  35 0017 0083     		.ascii	"\000\203"
  36              		.text
  37              		.section	.gnu.lto_nvicEnableVector.740d2232d4c76bd,"",%progbits
  38 0000 789C9D53 		.ascii	"x\234\235S\317k\023Q\020~\337N\222M\332$\236\305`{\020"
  38      CF6B1351 
  38      107EDF4E 
  38      924DDA24 
  38      9EC5607B 
  39 0015 4211B216 		.ascii	"B\021\262\026\374\007T\360\326\213\377\201\344b\301"
  39      FC0754F0 
  39      D68BFF81 
  39      E462C1
  40 0024 26A595E2 		.ascii	"&\245\225\342\255/IM0\026-\332$V\014\033\241\332\264"
  40      AD2F494D 
  40      30162DDA 
  40      24560C1B 
  40      A1DAB4
  41 0037 B54D53AB 		.ascii	"\265MS\2536U!\204\202\344PE\361&x0\242\344\020\251\301"
  41      36552184 
  41      82E45045 
  41      F1267830 
  41      A2E410A9 
  42 004c 8387A63A 		.ascii	"\203\207\246:o7\240\240\036\364\261\373~\314|\337\314"
  42      6F37A0A0 
  42      1EF4B1FB 
  42      7ECC7CDF 
  42      CC
  43 005d 7CF3769D 		.ascii	"|\363v\235B\023'I\210\343B\210C\374\202\004\264\231"
  43      42132749 
  43      88E34288 
  43      43FC8204 
  43      B499
  44 006f 1742C4DC 		.ascii	"\027B\304\334\032\2406\322\0151\251a\022\327(G\250\245"
  44      1AA036D2 
  44      0D31A961 
  44      12D72847 
  44      A8A5
  45 0081 3E56B481 		.ascii	">V\264\201\005\311\243\232k\037\224\305*L\246\317\361"
ARM GAS  /tmp/ccXtILPQ.s 			page 3


  45      05C9A39A 
  45      6B1F94C5 
  45      2A4CA6CF 
  45      F1
  46 0092 AB061630 		.ascii	"\253\006\0260\300\250WSk\267\351*\231\0048\370\370e"
  46      C0A85753 
  46      6BB7E92A 
  46      990438F8 
  46      F865
  47 00a4 E756C3AF 		.ascii	"\347V\303\257\216\032\372\371\330\221\263Y?\205 x?W"
  47      8E1AFAF9 
  47      D891B359 
  47      3F852078 
  47      3F57
  48 00b6 CBBCF505 		.ascii	"\313\274\365\005\357J\031\227\325\355Y\222GL\",\201"
  48      EF4A1997 
  48      D5ED5992 
  48      474C222C 
  48      81
  49 00c7 38201611 		.ascii	"8 \026\021@\021\001\301&\201e\004\031\276\034\377\324"
  49      401101C1 
  49      26816504 
  49      19BE1CFF 
  49      D4
  50 00d8 223A6651 		.ascii	"\":fQ/\327;\015\275K\375\220\351R\357\377\201\272\202"
  50      2FD73B0D 
  50      BD4BFD90 
  50      E952EFFF 
  50      81BA82
  51 00eb A0C2BF2F 		.ascii	"\240\302\277/\357g|.\207]+V\341\002\257\245\327\250"
  51      EF677C2E 
  51      875D2B56 
  51      E102AFA5 
  51      D7A8
  52 00fd CAFDEF29 		.ascii	"\312\375\357)Y}s\017\271\323^@\3015&:HMN\250\314:o\235"
  52      597D730F 
  52      B9D35E40 
  52      C135263A 
  52      484D4EA8 
  53 0115 6E357978 		.ascii	"n5yxr\011\221\346\030\2529WHS+5\021o\247:\245\036\025"
  53      720991E6 
  53      18AA3957 
  53      48532B35 
  53      116FA73A 
  54 012c 364F5A9E 		.ascii	"6OZ\236 \232H\354&a\033\210m\277\266\305\005\007J\\"
  54      209A48EC 
  54      26611B88 
  54      6DBFB6C5 
  54      05074A5C 
  55 0140 5E13B56C 		.ascii	"^\023\265l\275Oa\330\233\275T{\251+\257n\311\333\270"
  55      BD4F61D8 
  55      9BBD547B 
  55      A92BAF6E 
  55      C9DBB8
  56 0153 F3F99BD7 		.ascii	"\363\371\233\327>\312ZB\372\331t\275\325\336\364\233"
  56      3ECA5A42 
  56      FAD974BD 
ARM GAS  /tmp/ccXtILPQ.s 			page 4


  56      D5DEF49B 
  57 0163 C8C7B8FB 		.ascii	"\310\307\270\373\205\303&\271Qf\235k\034H\021v\336\255"
  57      85C326B9 
  57      51669D6B 
  57      1C481176 
  57      DEAD
  58 0175 CF1C3056 		.ascii	"\317\0340V\344TL\366\233\344\301:L\334\264\356EE[\372"
  58      E4544CF6 
  58      9BE4C13A 
  58      4CDCB4EE 
  58      45455BFA 
  59 0189 5AA4C192 		.ascii	"Z\244\301\222r\026\"&\365\340\001\214<9\255;\333\300"
  59      72162226 
  59      F5E0018C 
  59      3C39AD3B 
  59      DBC0
  60 019b 2097A80A 		.ascii	" \227\250\012n'\363\345B\267f\235\335L\254\317o\355"
  60      6E27F3E5 
  60      42B7669D 
  60      DD4CACCF 
  60      6FED
  61 01ad 79ED9A9D 		.ascii	"y\355\232\235xh\325\234\330K.zl\220\333\006\335\230"
  61      7868D59C 
  61      D84B2E7A 
  61      6C90DB06 
  61      DD98
  62 01bf 5FADF814 		.ascii	"_\255\370\024\310\211><\262A\273\311\272n\203<*\377"
  62      C8893E3C 
  62      B241BBC9 
  62      BA6E833C 
  62      2AFF
  63 01d1 F6F3A4DB 		.ascii	"\366\363\244\333\016\003<F\200\251\266z\243\253\376"
  63      0E033C46 
  63      80A9B67A 
  63      A3ABFE
  64 01e0 5FB4F562 		.ascii	"_\264\365b\323\322\206\337\265M\230\344EEi\323-m[J\233"
  64      D3D286DF 
  64      B54D98E4 
  64      454569D3 
  64      2D6D5B4A 
  65 01f5 C74AD54C 		.ascii	"\307J\325L7z\377+\331\023+\231\366\227dO\177&{f'k!^"
  65      377AFF2B 
  65      D9132B99 
  65      F697644F 
  65      7F267B66 
  66 020d 284D5B6D 		.ascii	"(M[m\264~\2124\027\312\037\011\0078\032\012\031\366"
  66      B47E8A34 
  66      17CA1F09 
  66      07381A0A 
  66      19F6
  67 021f 131D37CE 		.ascii	"\023\0357\316\235=o\214F\307.\214\033\341\350\310H4"
  67      9D3D6F8C 
  67      46C72E8C 
  67      1BE1E8C8 
  67      4834
  68 0231 629C3833 		.ascii	"b\23483tj\350\242\021\231\030\016\207\302\002\021\307"
  68      746AE8A2 
ARM GAS  /tmp/ccXtILPQ.s 			page 5


  68      1199180E 
  68      87C20211 
  68      C7
  69 0242 E8D870F4 		.ascii	"\350\330p\364\007D\001\025\374"
  69      07440115 
  69      FC
  70              		.text
  71              		.section	.gnu.lto_nvicDisableVector.740d2232d4c76bd,"",%progbits
  72 0000 789C9592 		.ascii	"x\234\225\222\317k\023A\024\307\337w\336&\331\332&^"
  72      CF6B1341 
  72      14C7DF77 
  72      DE26D9DA 
  72      265E
  73 0012 0583F620 		.ascii	"\005\203\366 \224\"d\310\237 \202\267^\374\017$\010"
  73      942264C8 
  73      9F2082B7 
  73      5EFC0F24 
  73      08
  74 0023 0A36112B 		.ascii	"\0126\021+\305['\375\261\205\212Z\264M\255\0306B\244"
  74      C55B27FD 
  74      B1858A5A 
  74      B44DAD18 
  74      3642A4
  75 0036 696B9BFE 		.ascii	"ik\233\376\210\332z\012\213 \001\243(x\022<X\021=T\264"
  75      88DA7A0A 
  75      8B2001A3 
  75      2878123C 
  75      58113D54 
  76 004b F4E0A1AD 		.ascii	"\364\340\241\255\276\331\365 xr\330\235\2317\373y\357"
  76      BED9F520 
  76      7872D89D 
  76      9937FB79 
  76      EF
  77 005c FBDE9B8D 		.ascii	"\373\336\233\215\221\242\363\212H\023\321Qy\301\004"
  77      91A2F38A 
  77      4813D151 
  77      79C104
  78 006b 35F98AA8 		.ascii	"5\371\212\250\350*\300n\214\013\032R\030\302-\236a\004"
  78      E82AC06E 
  78      8C0B1A52 
  78      18C22D9E 
  78      6104
  79 007d E39F3755 		.ascii	"\343\2377U\357\234\221\321\234i\304=3v\304g\242Yy\355"
  79      EF9C91D1 
  79      9C69C43D 
  79      3376C467 
  79      A25979ED 
  80 0091 C01C7A85 		.ascii	"\300\034z\205z3\272r\237o\262\317\200#\346\217\366\275"
  80      7A33BA72 
  80      9F6FB2CF 
  80      8023E68F 
  80      F6BD
  81 00a3 AD943515 		.ascii	"\255\2245\025\272\305\3347S\245\024g@\262\237\015\246"
  81      BAC5DC37 
  81      53A51467 
  81      40B29F0D 
  81      A6
ARM GAS  /tmp/ccXtILPQ.s 			page 6


  82 00b4 DF277B1E 		.ascii	"\337'{\036\0323l\232/\247\330\234\360\231\261\000\226"
  82      1A336C9A 
  82      2FA7D89C 
  82      F099B100 
  82      96
  83 00c5 8098471A 		.ascii	"\200\230G\0325\244I\216\010\213\350\261\374\307\325"
  83      35A4498E 
  83      088BE8B1 
  83      FCC7D5
  84 00d4 83E964DC 		.ascii	"\203\351d\334\211\004\361\010q\310Z\177\213\2469\370"
  84      8904F108 
  84      71C85A7F 
  84      8BA639F8 
  85 00e4 356E9A9F 		.ascii	"5n\232\237\252xw\306\005,\256\304\321a;92\305\210&\304"
  85      AA7877C6 
  85      052CAEC4 
  85      D1613B39 
  85      32C58826 
  86 00f9 C756749D 		.ascii	"\307Vt\235\225]\371+Fv\274\366z\0056N\231U\231!\012"
  86      955DF92B 
  86      4676BCF6 
  86      7A05364E 
  86      99559921 
  87 010e ADEAB3BD 		.ascii	"\255\352\263\275.\233l\0141,\211\274`{\336|G\004q\004"
  87      2E9B6C0C 
  87      312C89BC 
  87      607BDE7C 
  87      47047104 
  88 0122 DDA92E6F 		.ascii	"\335\251.o&-\344\3408\226#\350\273\327JD\220\255\271"
  88      262DE4E0 
  88      389623E8 
  88      BBD74A44 
  88      90ADB9
  89 0135 F1FC85E7 		.ascii	"\361\374\205\347Fa\200:\322\342*PPji\313\010P\032\013"
  89      4661803A 
  89      D2E22A50 
  89      506A69CB 
  89      08501A0B 
  90 0149 5E272C10 		.ascii	"^',\020\017\033\321x\360\355gWd\232`\304\244\344\350"
  90      0F1BD178 
  90      F0ED6757 
  90      649A60C4 
  90      A4E4E8
  91 015c F6F6CE46 		.ascii	"\366\366\316F\312G\271(\315\256\034\3639\201U\351\310"
  91      CA47B928 
  91      CDAE1CF3 
  91      398155E9 
  91      C8
  92 016d 8AA85987 		.ascii	"\212\250Y\207\366\207\265\311\303z\311\214\026M\267"
  92      F687B5C9 
  92      C37AC98C 
  92      164DB7
  93 017c CF2ED6E0 		.ascii	"\317.\326\340\343nx\0156\332\302n\215\263u\373\2612"
  93      E36E780D 
  93      36DAC26E 
  93      8DB375FB 
  93      B132
ARM GAS  /tmp/ccXtILPQ.s 			page 7


  94 018e E87307D6 		.ascii	"\350s\007\326\241\245\302\360\212\032\310J\2126\231"
  94      A1A5C2F0 
  94      8A1AC84A 
  94      8A3699
  95 019d DD2FB5AD 		.ascii	"\335/\265\255\304\237t\376G\354\020\036\207b\370W,\357"
  95      C49F74FE 
  95      47EC101E 
  95      8762F857 
  95      2CEF
  96 01af 73279E58 		.ascii	"s'\236X1\204bO\221\375\273\326N\0206$\3466\206+\213"
  96      3184624F 
  96      91FDBBD6 
  96      4E103624 
  96      E636862B 
  97 01c4 37C2C687 		.ascii	"7\302\306\207\377\315\204\340r%\222\340\311LFGOa@_8"
  97      FFCD84E0 
  97      722592E0 
  97      C94C4647 
  97      4F61405F 
  98 01d9 77495F2E 		.ascii	"wI_.\\\271:\240s\205\376\376B^\237:\333w\272\357\232"
  98      5CB93AA0 
  98      7385FEFE 
  98      425E9F3A 
  98      DB77BAEF 
  99 01ee CE0F5ECC 		.ascii	"\316\017^\314er\204\374o\002\365\321\032"
  99      657284FC 
  99      6F02F5D1 
  99      1A
 100              		.text
 101              		.section	.gnu.lto_nvicSetSystemHandlerPriority.740d2232d4c76bd,"",%progbits
 102 0000 789C6D51 		.ascii	"x\234mQ\317KTQ\024>\337=\357WA\256\245\\\270\010\006"
 102      CF4B5451 
 102      143EDF3D 
 102      EF5741AE 
 102      A55CB808 
 103 0015 89E6E1A6 		.ascii	"\211\346\341\246E\273p\355\246\377@\306@A\347\311\030"
 103      45BB70ED 
 103      A6FF40C6 
 103      4041E7C9 
 103      18
 104 0026 D1CEFBDE 		.ascii	"\321\316\373\336\250C\006\026\3258\032=\336\200\204"
 104      A8430616 
 104      D5381A3D 
 104      DE8084
 105 0035 A5D968B5 		.ascii	"\245\331h\265\031\032b\230U\263\260\250\245\2732\212"
 105      191A6298 
 105      55B3B0A8 
 105      A5BB328A 
 106 0045 8106FAE1 		.ascii	"\201\006\372\3416\353\334\347\004-\272\334\373\336="
 106      36EBDCE7 
 106      042DBADC 
 106      FBDE3D
 107 0054 3FBE73BF 		.ascii	"?\276s\277\357\034\233\024uAt\221\210\316\310\001\023"
 107      EF1C9B14 
 107      75417491 
 107      88CEC801 
 107      13
ARM GAS  /tmp/ccXtILPQ.s 			page 8


 108 0065 D4ED3744 		.ascii	"\324\3557D\241\247\000s\321\036hNa\016\267\270\302h"
 108      A1A70073 
 108      D11E684E 
 108      610EB7B8 
 108      C268
 109 0077 953ED7D5 		.ascii	"\225>\327\325\320\206\226\325\254\034:\213z\241?a\242"
 109      D08696D5 
 109      AC1C3A8B 
 109      7AA13F61 
 109      A2
 110 0088 35396661 		.ascii	"59fa\003C\222\365n~\347\001/s\302\200%\346\367\275\373"
 110      034392F5 
 110      6E7EE701 
 110      2F73C280 
 110      25E6F7BD 
 111 009d 077DC654 		.ascii	"\007}\306T\030\024\263x\367U\303\343,H\356]\335\016"
 111      1814B378 
 111      F755C3E3 
 111      2C48EE5D 
 111      DD0E
 112 00af 9DCC43AD 		.ascii	"\235\314C\255#\335\374Tf}6a\306&X\012\3421\006\360\010"
 112      23DDFC54 
 112      667D3661 
 112      C626580A 
 112      E23106F0 
 113 00c4 03242EC2 		.ascii	"\003$.\302\0262\222\276\025}\3512_H\2417\332\277\016"
 113      163292BE 
 113      157DE932 
 113      5F48A137 
 113      DABF0E
 114 00d7 DC1EF4B0 		.ascii	"\334\036\364\260\322\203>\371\017t\033\031\223\377q"
 114      D2833EF9 
 114      0F741B19 
 114      93FF71
 115 00e6 F7A87CCA 		.ascii	"\367\250|\312\261\326\377\322\305S8\242\234j\357\321"
 115      B1D6FFD2 
 115      C55338A2 
 115      9C6AEFD1 
 116 00f6 D447BF4B 		.ascii	"\324G\277KB\240\177\377\247\347\002\006\241\004k\261"
 116      42A07FFF 
 116      A7E70206 
 116      A1046BB1 
 117 0106 F9D8308F 		.ascii	"\371\3300\217\023-\011\3104\344&+\363\347\016\242\037"
 117      132D09C8 
 117      34E4262B 
 117      F3E70EA2 
 117      1F
 118 0117 A5BD7A03 		.ascii	"\245\275z\003\246P\314*fP\007\305o\213=\007\213\357"
 118      A650CC2A 
 118      665007C5 
 118      6F8B3D07 
 118      8BEF
 119 0129 DF5ED8B0 		.ascii	"\337^\330\260P\023N\035\264V\332\347M\216DW\026Zo]\023"
 119      50134E1D 
 119      B456DAE7 
 119      4D8E4457 
 119      165A6F5D 
ARM GAS  /tmp/ccXtILPQ.s 			page 9


 120 013e 75524D61 		.ascii	"uRMa\275q\317>6\365~Q\367\031\374j\364\301K\020\207"
 120      BD71CF3E 
 120      36F57E51 
 120      F719FC6A 
 120      F4C14B10 
 121 0153 D2F2EAE9 		.ascii	"\322\362\352\351\204]\354\212\270\035)d\000_\313\257"
 121      845DEC8A 
 121      B81D2964 
 121      005FCBAF 
 122 0163 374FFADB 		.ascii	"7O\372\333z>\324\203\011{x\206\004\253\3510$\270~'\036"
 122      7A3ED483 
 122      097B7886 
 122      04ABE930 
 122      24B87E27 
 123 0178 19AE9958 		.ascii	"\031\256\231X5\237\360\011<\207\037\263\235\316\351"
 123      359FF009 
 123      3C871FB3 
 123      9DCEE9
 124 0187 058685A1 		.ascii	"\005\206\205\241\214>\252\276\\N\011\247\363[\022\015"
 124      8C3EAABE 
 124      5C4E09A7 
 124      F35B120D 
 125 0197 A24D119D 		.ascii	"\242M\021\235\313f\375\343\035\314\372\023cS\376LP\270"
 125      CB66FDE3 
 125      1DCCFA13 
 125      6353FE4C 
 125      50B8
 126 01a9 3AEBE782 		.ascii	":\353\347\202\351\351 \357_\272<:2z\335\317_\233\314"
 126      E9E920EF 
 126      5FBA3C3A 
 126      327ADDCF 
 126      5F9BCC
 127 01bc 6573E44E 		.ascii	"es\344N\214\345\307\247\256\024\254\231\302d\360\007"
 127      8CE5C7A7 
 127      AE14AC99 
 127      C264F007 
 128 01cc EEC2ACC0 		.ascii	"\356\302\254\300"
 129              		.text
 130              		.section	.gnu.lto_nvicClearPending.740d2232d4c76bd,"",%progbits
 131 0000 789C2D51 		.ascii	"x\234-Q\317O\023Q\020\236\357\315n[\022Z\257&6\312\301"
 131      CF4F1351 
 131      109EEFCD 
 131      6E5B125A 
 131      AF2636CA 
 132 0015 8410927D 		.ascii	"\204\020\222}\341O0\036<q\361?0\275h\"\255\021C\274"
 132      E14F301E 
 132      3C71F13F 
 132      30BD6822 
 132      AD1143BC 
 133 0029 F15AA08D 		.ascii	"\361Z\240\215\230\010Q(bl\266\306\032~(\024\320\203"
 133      98085128 
 133      626CB6C6 
 133      1A7E2814 
 133      D083
 134 003b E0A5D978 		.ascii	"\340\245\331x\341\200\006\257\032\017\232\230x\200h"
 134      E18006AF 
 134      1A0F9A98 
ARM GAS  /tmp/ccXtILPQ.s 			page 10


 134      788068
 135 004a E3C103A0 		.ascii	"\343\301\003\2403\273\274\354{;\363\275o\276\2317\343"
 135      33BBBCEC 
 135      7B3BF3BD 
 135      6FBE9937 
 135      E3
 136 005b 93A14310 		.ascii	"\223\241C\020Y\":'\033L0\263\037\210\312\031\003\250"
 136      59223A27 
 136      1B4C30B3 
 136      1F88CA19 
 136      03A8
 137 006d E132A071 		.ascii	"\3412\240q\203q\314\360\002#\252\375\3306\003KNVga'"
 137      8371CCF0 
 137      0223AAFD 
 137      D836034B 
 137      4E566761 
 138 0082 5D755367 		.ascii	"]uSgC&Z\224\255\013K\030\020\326\376\344\306S~\300!"
 138      43265A94 
 138      AD0B4B18 
 138      10D6FEE4 
 138      C6537EC0 
 139 0097 039EB8BF 		.ascii	"\003\236\270\277\367\236|\317\251k\320'\356\261\233"
 139      F79E7CCF 
 139      A96BD027 
 139      EEB19B
 140 00a6 ABE73800 		.ascii	"\253\3478\000\211\275\030\315\177\316\366\277p\256\342"
 140      89BD18CD 
 140      7FCEF6BF 
 140      70AEE2
 141 00b5 3AEFE7D8 		.ascii	":\357\347\330]\014\231\261\012\026A\254 \217e\344I "
 141      5D0C99B1 
 141      0A1641AC 
 141      208F65E4 
 141      4920
 142 00c7 C24BF42B 		.ascii	"\302K\364+\377\333\346\311|6\345%\011\361\012)\251\235"
 142      FFDBE6C9 
 142      7C36E525 
 142      09F10A29 
 142      A99D
 143 00d9 DA9FD071 		.ascii	"\332\237\320q'\377j\256\363\245\205\375+\031@\351F\002"
 143      27FF6AAE 
 143      F3A585FD 
 143      2B1940E9 
 143      4602
 144 00eb 3DD6C393 		.ascii	"=\326\303\223\303\367\325\"\232\226@}\326}6\372\347"
 144      C3F7D522 
 144      9A96407D 
 144      D67D36FA 
 144      E7
 145 00fc 9F98E856 		.ascii	"\237\230\350V\217\3375\241b\0156\015\206\244\331m\355"
 145      8FDF35A1 
 145      620D360D 
 145      86A4D96D 
 145      ED
 146 010d 1CF56AC5 		.ascii	"\034\365j\305>|\254I\015B;\252\336\353IH\234\220\036"
 146      3E7CAC49 
 146      0D423BAA 
ARM GAS  /tmp/ccXtILPQ.s 			page 11


 146      DEEB4948 
 146      9C901E
 147 0120 B5D6B7B3 		.ascii	"\265\326\267\263J\362p\001\353\011\351Wu%\235\220<\014"
 147      4AF27001 
 147      EB09E957 
 147      75259D90 
 147      3C0C
 148 0132 E6852A60 		.ascii	"\346\205*`\245[;U\367\005\026 \252\357\006\012\210F"
 148      A55B3B55 
 148      F7051620 
 148      AAEF060A 
 148      8846
 149 0144 7D2AFA98 		.ascii	"}*\372\230V\215T\334\2167\317\016\377\366&\256\213&"
 149      568D54DC 
 149      8E37CF0E 
 149      FFF626AE 
 149      8B26
 150 0156 5C4EA087 		.ascii	"\\N\240\207\007\335\267\271\020\215\262\264\274y>\344"
 150      07DDB7B9 
 150      108DB2B4 
 150      BC793EE4 
 151 0166 3436A42F 		.ascii	"46\244/mI\247\001{_\267f\317\33057Yv}!g\260\211\020"
 151      6D49A701 
 151      7B5FB766 
 151      CFD83537 
 151      59767D21 
 152 017e 8FE361A8 		.ascii	"\217\343a\250\332\352\237e\036j\353es,\344\036l\301"
 152      DAEA9F65 
 152      1E6AEB65 
 152      732CE41E 
 152      6CC1
 153 0190 CA13E341 		.ascii	"\312\023\343A\275\306\220\324C\007\2504\237\317\304"
 153      BDC690D4 
 153      4307A834 
 153      9FCFC4
 154 019f E5C5039C 		.ascii	"\345\305\003\234fh[\2043\030\0046\371J\243\366\372\265"
 154      66685B84 
 154      33180436 
 154      F94AA3F6 
 154      FAB5
 155 01b1 9BF656E9 		.ascii	"\233\366V\351\366\235Q[(\215\214\224\212\366\322\325"
 155      F69D515B 
 155      288D8C94 
 155      8AF6D2D5 
 156 01c1 E1CBC377 		.ascii	"\341\313\303wmq\354F!(\020\212\377\00145\250\304"
 156      6D71EC46 
 156      2128108A 
 156      FF013435 
 156      A8C4
 157              		.text
 158              		.section	.gnu.lto_.symbol_nodes.740d2232d4c76bd,"",%progbits
 159 0000 789C6365 		.ascii	"x\234ce`b\360b\000\002\246\235L\365\014\014\023\316"
 159      6062F062 
 159      0002A69D 
 159      4CF50C0C 
 159      13CE
 160 0012 313000A9 		.ascii	"10\000\251]\015\216@\221]L\365\214\250\"\273\231\352"
ARM GAS  /tmp/ccXtILPQ.s 			page 12


 160      5D0D8E40 
 160      915D4CF5 
 160      8CA822BB 
 160      99EA
 161 0024 995045F6 		.ascii	"\231PE\3660\3253\243\2100\000\000\323 \022\256"
 161      30D533A3 
 161      88300000 
 161      D32012AE 
 162              		.text
 163              		.section	.gnu.lto_.refs.740d2232d4c76bd,"",%progbits
 164 0000 789C6365 		.ascii	"x\234ce`b`d\000\002\000\000I\000\011"
 164      60626064 
 164      00020000 
 164      490009
 165              		.text
 166              		.section	.gnu.lto_.decls.740d2232d4c76bd,"",%progbits
 167 0000 789CBD59 		.ascii	"x\234\275Y}PT\327\025\177\367\335\005\226\005\321\""
 167      7D5054D7 
 167      157FF7DD 
 167      059605D1 
 167      22
 168 0011 D3989674 		.ascii	"\323\230\226t2\216i\230I\353\242I&\351\037\235JV\255"
 168      328E6998 
 168      49EBA249 
 168      26E91F9D 
 168      4A56AD
 169 0024 4CC78459 		.ascii	"L\307\204Y\214\323\377\030\203\233J\213\220\001l\303"
 169      8CD3FF18 
 169      839B4A8B 
 169      90016CC3 
 170 0034 1F9D3E65 		.ascii	"\037\235>e\211\210J@A\005T\020\304/DD\020TD\027T\344"
 170      89884A40 
 170      41055410 
 170      C42F4444 
 170      10544417 
 171 004a 43104144 		.ascii	"C\020AD\276?\004DD\345CE\220@\317\375x\354\343\271\353"
 171      BE3F0444 
 171      44E54345 
 171      9040CFFD 
 171      78ECE3B9 
 172 005f E48F4EDF 		.ascii	"\344\217N\337xv\367\334\373\273\347\376\3569\367\236"
 172      7876F7DC 
 172      FBBBE7FE 
 172      EE39F79E 
 173 006f 7B1E3A08 		.ascii	"{\036:\010\242\360\307w\005\341\267\242 \034@\2020\003"
 173      A2F0C777 
 173      05E1B7A2 
 173      201C4082 
 173      3003
 174 0081 8F832008 		.ascii	"\217\203 \0109\202\365\321\200\\\002\271\002b\001)\023"
 174      3982F5D1 
 174      805C02B9 
 174      02620129 
 174      13
 175 0092 DE7CB6C0 		.ascii	"\336|\266\300\330y\360\275\036\304\035\304\003$\037"
 175      D879F0BD 
 175      1EC41DC4 
ARM GAS  /tmp/ccXtILPQ.s 			page 13


 175      03241F
 176 00a1 C413E443 		.ascii	"\304\023\344C\220\257H\033`\026\202\264\302\357\026"
 176      90AF481B 
 176      601682B4 
 176      C2EF16
 177 00b0 90C72083 		.ascii	"\220\307 \203 \030D\204vg\020'\020\304\347S?\377\206"
 177      20184484 
 177      76671027 
 177      10C4E753 
 177      3FFF86
 178 00c3 0E571B73 		.ascii	"\016W\033s\250\355\313v\345y`i\202\026\2619\020_\207"
 178      A8EDCB76 
 178      E5796069 
 178      8216B139 
 178      105F87
 179 00d6 FAD90A1D 		.ascii	"\372\331\012\035:;\374\211m\023\364\007\202\370 f\223"
 179      3A3BFC89 
 179      6D13F407 
 179      82F82066 
 179      93
 180 00e7 D8F90BB7 		.ascii	"\330\371\013\267g\341z\004\232k3\332\216M\302\327\317"
 180      67E17A04 
 180      9A6B33DA 
 180      8E4DC2D7 
 180      CF
 181 00f8 065F32DC 		.ascii	"\006_2\334\231\333\264\345\343\375\030\025\356\276^"
 181      99DBB4E5 
 181      E3FD1815 
 181      EEBE5E
 182 0107 2276A036 		.ascii	"\"v\2406\004kB\013h+B\354\023Q\241\352\214\374 D\333"
 182      046B420B 
 182      682B42EC 
 182      1351A1EA 
 182      8CFC2044 
 183 011c A15514B8 		.ascii	"\241U\024\270a\271\011\311#\270.rU\344&\351?>\030),"
 183      61B909C9 
 183      23B82E72 
 183      55E426E9 
 183      3F3E1829 
 184 0131 B26E3693 		.ascii	"\262n6\223\3740\356\354\007\035&\217F\242u\002\204\224"
 184      FC30EEEC 
 184      071D268F 
 184      46A27502 
 184      8494
 185 0143 03140619 		.ascii	"\003\024\006\031m\336?\313O\260.\016\311\253\037I\276"
 185      6DDE3FCB 
 185      4FB02E0E 
 185      C9AB1F49 
 185      BE
 186 0154 D5AFEB44 		.ascii	"\325\257\353D\355\2445}\005\242m\251w{2E\014\241\205"
 186      EDA4357D 
 186      05A26DA9 
 186      777B3245 
 186      0CA185
 187 0167 DF9D1327 		.ascii	"\337\235\023'V/=-\261G\373\221\325m\355\025'\263q\034"
 187      562F3D2D 
 187      B147FB91 
ARM GAS  /tmp/ccXtILPQ.s 			page 14


 187      D56DED15 
 187      27B3711C 
 188 017b 461FEA10 		.ascii	"F\037\352\020\231s>4\345\016]\234\230\307\232\010\242"
 188      99733E34 
 188      E50E5D9C 
 188      98C79A08 
 188      A2
 189 018c FEC7D1A3 		.ascii	"\376\307\321\243N\330\223\376\276c>{\220\240\335uHC"
 189      4ED893FE 
 189      BE633E7B 
 189      90A0DD75 
 189      4843
 190 019e 66AD4979 		.ascii	"f\255Iy\340\006\252\207\016\275\277\037\213\311UMe\032"
 190      E006AA87 
 190      0EBDBF1F 
 190      8BC9554D 
 190      651A
 191 01b0 E4A53B46 		.ascii	"\344\245;F&\261\314\024,N\330.I\"\312C:\224\2030:\205"
 191      26B1CC14 
 191      2C4ED82E 
 191      4922CA43 
 191      3A948330 
 192 01c6 9612CA1F 		.ascii	"\226\022\312\037\222\300\307H\3226)>Jr^#\240\\\344\211"
 192      92C0C748 
 192      D236293E 
 192      4A725E23 
 192      A05CE489 
 193 01da CE204F01 		.ascii	"\316 O\001\235E^dR\202C\247\2411\033\032a\226\223G\023"
 193      9D455E64 
 193      528243A7 
 193      A1311B1A 
 193      61969347 
 194 01ef 321CF1D7 		.ascii	"2\034\361\327\204\200X~\245\365\276\006\351\274l\216"
 194      8480587E 
 194      A5F5BE06 
 194      E9BC6C8E 
 195 01ff 2FB0319E 		.ascii	"/\2601\236q\031O]\\\036M\270\344\003\227sV.@\215\271"
 195      71194F5D 
 195      5C1E4DB8 
 195      E4039773 
 195      562E408D 
 196 0214 A16CA273 		.ascii	"\241l\242s\201\206\354\034\002\370FC\232b\263*'\361"
 196      8186EC1C 
 196      02F84643 
 196      9A62B32A 
 196      27F1
 197 0226 6CDB7944 		.ascii	"l\333yD\033o\314\214[\3463\007\210\3047\303\267\016"
 197      1B6FCC8C 
 197      5BE63307 
 197      88C437C3 
 197      B70E
 198 0238 B930072C 		.ascii	"\2710\007,\000\265\372\316h\223\353\242}\324\311Q\322"
 198      00B5FACE 
 198      6893EBA2 
 198      7DD4C951 
 198      D2
 199 0249 0211ADFF 		.ascii	"\002\021\255\377%\272\000D\212\200\210\200.\242E\360"
ARM GAS  /tmp/ccXtILPQ.s 			page 15


 199      25BA0044 
 199      8A808880 
 199      2EA245F0 
 200 0259 5988346C 		.ascii	"Y\2104l\312\251\373[\207\034\027\247K\351]\222\345\366"
 200      CAA9FB5B 
 200      871C17A7 
 200      4BE95D92 
 200      E5F6
 201 026b 89250FCF 		.ascii	"\211%\017\317I\022P\2244\004\207NZ9\302O\370<\201:\021"
 201      49125094 
 201      3404874E 
 201      5A39C24F 
 201      F83C813A 
 202 0280 3A8E3A60 		.ascii	":\216:`\003\\B\213axcG\3110\3069\010\331\241\177\375"
 202      035C428B 
 202      61786347 
 202      C930C639 
 202      08D9A17F 
 203 0295 6CF64F6E 		.ascii	"l\366Onv\271\224P.\227e.\373\316\345N\213\234K\375\273"
 203      76B99450 
 203      2E97652E 
 203      FBCEE54E 
 203      8B9C4BFD 
 204 02aa C992659B 		.ascii	"\311\222e\233D\274\005(TleR\254fr\2052\311{\3658\012"
 204      44BC0528 
 204      546C6552 
 204      AC667285 
 204      32C97BF5 
 205 02c0 E3AB8CC9 		.ascii	"\343\253\214\311\261\307\223\027]eK\277\236\265D\326"
 205      B1C79317 
 205      5D654BBF 
 205      9EB544D6 
 206 02d0 74D56AE9 		.ascii	"t\325j\351\252\332\222\205Z*9\276\337\027\2671C\305"
 206      AADA9285 
 206      5A2A39BE 
 206      DF17B731 
 206      43C5
 207 02e2 175AC6B5 		.ascii	"\027Z\306\265\334\320\340{s(\225Z\015\225\252\015\225"
 207      DCD0E07B 
 207      7328955A 
 207      0D95AA0D 
 207      95
 208 02f3 5143A71B 		.ascii	"QC\247\033\323\212]Y\230$O\262QK\267\027p}\330\011\364"
 208      D38A5D59 
 208      98244FB2 
 208      514BB717 
 208      707DD809 
 209 0308 C49C0745 		.ascii	"\304\234\007E\210\351\361\036\240\0174\036O\231\307"
 209      88E9F11E 
 209      A00F341E 
 209      4F99C7
 210 0317 E2281D41 		.ascii	"\342(\035A\320phj\312\254\301O\030\225\356{\323\325"
 210      D070686A 
 210      CAACC14F 
 210      1895EE7B 
 210      D3D5
 211 0329 7CD74739 		.ascii	"|\327G9\220SP\370h\217\213.\206x\226nA\322!oB\001U\222"
ARM GAS  /tmp/ccXtILPQ.s 			page 16


 211      905350F8 
 211      688F8B2E 
 211      8678966E 
 211      41D2216F 
 212 0341 3D85F49E 		.ascii	"=\205\364\236\250\202m\337\261\326\322t\235{<EK\322"
 212      A8826DDF 
 212      B1D6D274 
 212      9D7B3C45 
 212      4BD2
 213 0353 FB1A1AA3 		.ascii	"\373\032\032\243r\200\337\240\360*\344.\017\"\350\336"
 213      7280DFA0 
 213      F02AE42E 
 213      0F22E8DE 
 214 0363 ACDE7467 		.ascii	"\254\336tg\316\334\021\364\037\022z2\3358sB\254.a\327"
 214      CEDC11F4 
 214      1F127A32 
 214      DD387342 
 214      AC2E61D7 
 215 0377 5E0D674A 		.ascii	"^\015gJ\016k\\S\302\237\3608\343y?o\357Y\007\206}F\260"
 215      0E6B5C53 
 215      C29FF038 
 215      E3793F6F 
 215      EF590786 
 216 038e 23D35949 		.ascii	"#\323YI\216vy\326\311<o3\236\271\321\275'\2650\332\023"
 216      8E7679D6 
 216      C93C6F33 
 216      9EB9D1BD 
 216      27B530DA 
 217 03a3 320152A4 		.ascii	"2\001R\244\001O\226\006\012,c9\032<Ig\022\013\013zS"
 217      014F9606 
 217      0A2C6339 
 217      1A3C4967 
 217      120B0B7A 
 218 03b8 748A933E 		.ascii	"t\212\223>\377\202$-@\215\260\260\006kl<g\017\372p\206"
 218      FF82242D 
 218      408DB0B0 
 218      066B6C3C 
 218      670FFA70 
 219 03cd 841709E8 		.ascii	"\204\027\011\350cO\344\015\307\364.\034SO~L\353\201"
 219      634FE40D 
 219      C7F42E1C 
 219      534F7E4C 
 219      EB81
 220 03df CE1D7ECC 		.ascii	"\316\035~\314\323N\\\237\207\3154_\211\311I\245\005"
 220      D34E5C9F 
 220      87CD345F 
 220      89C949A5 
 220      05
 221 03f0 6EB313C0 		.ascii	"n\263\023\300\361\315\247\307\367>\314p\317:C#\2623"
 221      F1CDA7C7 
 221      F73ECC70 
 221      CF3A4323 
 221      B233
 222 0402 4593ED29 		.ascii	"E\223\355)\306\372.\0279ZC\201\250\275\032\350\277E"
 222      C6FA2E17 
 222      395A4381 
 222      A8BD1AE8 
ARM GAS  /tmp/ccXtILPQ.s 			page 17


 222      BF45
 223 0414 3DD24C43 		.ascii	"=\322LCQ'\207\"\375t\362\220\023q_\324\317\263\336)"
 223      51278722 
 223      FD74F290 
 223      13715FD4 
 223      CFB3DE29 
 224 0428 450F3A29 		.ascii	"E\017:)\255\267\274\315zag\342\016\276%\323I.\275\324"
 224      ADB7BCCD 
 224      7A6167E2 
 224      0EBE25D3 
 224      492EBDD4 
 225 043c 3E627161 		.ascii	">bqaz\027q\377\304\320\201F-\017\264\033\350\327\306"
 225      7A1771FF 
 225      C4D08146 
 225      2D0FB41B 
 225      E8D7C6
 226 044f 0E8EB8E2 		.ascii	"\016\216\270\342],\235\227\265\226\304\360H\177\006"
 226      5D2C9D97 
 226      B596C4F0 
 226      487F06
 227 045e EAB6C1BC 		.ascii	"\352\266\301\274Tg\273\201\356\226\003\335\305xF\367"
 227      5467BB81 
 227      EE9603DD 
 227      C57846F7 
 228 046e 1F6A13D5 		.ascii	"\037j\023\325\033\262\003\340\355\024\336Cyv\313<\367"
 228      1BB203E0 
 228      ED14DE43 
 228      7976CB3C 
 228      F7
 229 047f 3F99F815 		.ascii	"?\231\370\025\337\217\312\224\357NS>:3p\365\240\216"
 229      DF8FCA94 
 229      EF4E533E 
 229      3A3370F5 
 229      A08E
 230 0491 B32409F1 		.ascii	"\263$\011\361ZCj\266\023\336\307X>\217\215\036\347\347"
 230      5A436AB6 
 230      13DEC758 
 230      3E8F8D1E 
 230      E7E7
 231 04a3 861CBAA6 		.ascii	"\206\034\272\246#}\257tvY\016\310,\0372\226\261\007"
 231      237DAF74 
 231      76590EC8 
 231      2C1F3296 
 231      B107
 232 04b5 330E39AA 		.ascii	"3\0169\252Y\366\001\274\227\302\037Q\226\0032\313\230"
 232      59F601BC 
 232      97C21F51 
 232      960332CB 
 232      98
 233 04c6 D371D730 		.ascii	"\323q\3270\213\325\317\271\025`Deza\362\234c9\3706\373"
 233      8BD5CFB9 
 233      15604465 
 233      7A61F29C 
 233      6339F836 
 234 04db E385AF5B 		.ascii	"\343\205\257[\371\262\3231\361xqs\002\277\007\272\224"
 234      F9B2D331 
 234      F1787173 
ARM GAS  /tmp/ccXtILPQ.s 			page 18


 234      02BF07BA 
 234      94
 235 04ec C7D6831F 		.ascii	"\307\326\203\037\333\255\003g\267c\234\312\3740\266"
 235      DBAD0367 
 235      B7639CCA 
 235      FC30B6
 236 04fb 3F7A8796 		.ascii	"?z\207\226\201\337\001\265\"\365\340o\354\272aDv\303"
 236      81DF01B5 
 236      22F5E06F 
 236      ECBA6144 
 236      76C3
 237 050d 30A379A5 		.ascii	"0\243y\245\266\365\202\263\332\015O\001\376\204\302"
 237      B6F582B3 
 237      DA0D4F01 
 237      FE84C2
 238 051c 4729CD11 		.ascii	"G)\315\021\231fA\311H\226\234=\010\315\276\354\236L"
 238      996641C9 
 238      48969C3D 
 238      08CDBEEC 
 238      9E4C
 239 052e 1DCE6234 		.ascii	"\035\316b4NYvV\360p\244\223X\315\244\016\037r\305\247"
 239      4E597656 
 239      F070A493 
 239      58CDA40E 
 239      1F72C5A7 
 240 0542 58A71C48 		.ascii	"X\247\034Hw\036\310\333\217\012\363D\\\300:\177\352"
 240      771EC8DB 
 240      8F0AF344 
 240      5CC03A7F 
 240      EA
 241 0553 8C8F77E2 		.ascii	"\214\217w\342#\311\336\354ln\314s\305\027Yga\177e\271"
 241      23C9DEEC 
 241      6C6ECC73 
 241      C5175967 
 241      617F65B9 
 242 0567 3C9274EE 		.ascii	"<\222t\356\310\355\331\351\200\313Xgw\373\303X7|\223"
 242      C8EDD9E9 
 242      80CB5867 
 242      77FBC358 
 242      377C93
 243 057a 2937CBB7 		.ascii	")7\313\267\375\035\337a\277\253\037\230\177\307\006"
 243      FD1DDF61 
 243      BFAB1F98 
 243      7FC706
 244 0589 994982BE 		.ascii	"\231I\202\276q4/\0153\377\245\323\355\237_\032\0335"
 244      71342F0D 
 244      33FFA5D3 
 244      ED9F5F1A 
 244      1B35
 245 059b 1FDFA3E0 		.ascii	"\037\337\243\340\371\327\272\217\247j\321\022\376,$"
 245      F9D7BA8F 
 245      A76AD112 
 245      FE2C24
 246 05aa 1F5E4B32 		.ascii	"\037^K2$\363V\311\322\331\3525t\327,I?\270\242V\344"
 246      24F356C9 
 246      D2D9EA35 
 246      74D72C49 
ARM GAS  /tmp/ccXtILPQ.s 			page 19


 246      3FB8A256 
 247 05bf 8E6A2139 		.ascii	"\216j!9\304\212\013g\217\035\252\246nZF\212U6\240\347"
 247      C48A0B67 
 247      8F1DAAA6 
 247      6E5A468A 
 247      5536A0E7 
 248 05d3 1FF061C6 		.ascii	"\037\360a\306\3501\240_q\264\034v4>\007\035\005\350"
 248      E831A05F 
 248      71B41C76 
 248      343E071D 
 248      05E8
 249 05e5 E0648A26 		.ascii	"\340d\212&\233c\253\310\320\263;\353\232\022M\362T\025"
 249      9B63ABC8 
 249      D0B33BEB 
 249      9A124DF2 
 249      5415
 250 05f7 B70D5141 		.ascii	"\267\015QA?q\333r\254\370\276R\240\007\025\350\227j"
 250      3F71DB72 
 250      ACF8BE52 
 250      A00715E8 
 250      976A
 251 0609 F40B35EF 		.ascii	"\364\0135\3572\005\357i5o\275\012\\\257\000O\251\301"
 251      3205EF69 
 251      356FBD0A 
 251      5CAF004F 
 251      A9C1
 252 061b AFD5A647 		.ascii	"\257\325\246G\025\350\347j\364\230\025\235\300w\341"
 252      15E8E76A 
 252      F498159D 
 252      C077E1
 253 062a 0A8D009B 		.ascii	"\012\215\000\233\304\023\256\011\322E\320p\270\320\217"
 253      C413AE09 
 253      D245D070 
 253      B8D08F
 254 0639 A217DA2E 		.ascii	"\242\027\332..A\321 1 q Q ?\200\354\000\331\011\262"
 254      2E41D120 
 254      31207120 
 254      51203F80 
 254      EC00D909 
 255 064e 1B241E64 		.ascii	"\033$\036d\033\310.\020\263\270\204\026\242\314!\223"
 255      1BC82E10 
 255      B3B88416 
 255      A2CC2193 
 256 065e 0A873C53 		.ascii	"\012\207<S;dH\355\276\226`\206\206\013\024\335\344h"
 256      3B6448ED 
 256      BE966086 
 256      860B14DD 
 256      E468
 257 0670 F95A45D7 		.ascii	"\371ZE\327\337p_\260u\215\375\3525>x\303\266\202\311"
 257      DF705FB0 
 257      758DFDEA 
 257      353E78C3 
 257      B682C9
 258 0683 A49AC984 		.ascii	"\244\232\311\204\025\315\256\247\227\203\356[%\011\021"
 258      15CDAEA7 
 258      9783EE5B 
 258      250911
ARM GAS  /tmp/ccXtILPQ.s 			page 20


 259 0692 94C0AF26 		.ascii	"\224\300\257&\353\242j\207<\366HR\2057\311\253P\246"
 259      EBA26A87 
 259      3CF64852 
 259      8537C9AB 
 259      50A6
 260 06a4 305B72B6 		.ascii	"0[r\266\205\327\225Y[\260\351\247\357u^G8\011\323+p"
 260      85D79559 
 260      5BB0E9A7 
 260      EF755E47 
 260      3809D32B 
 261 06b9 EBE5B45A 		.ascii	"\353\345\264Z\027\344\265\220\315\361tH\013\205;\332"
 261      17E4B590 
 261      CDF17448 
 261      0B853BDA 
 262 06c9 0B8313C4 		.ascii	"\013\203\023\304\331\013\220\314h;.h\017\204\343\177"
 262      D90B90CC 
 262      683B2E68 
 262      0F84E37F 
 263 06d9 111A7256 		.ascii	"\021\032rV\343\362F\335\\cgKn\312\302\232\262\022EW"
 263      E3F246DD 
 263      5C63674B 
 263      6ECAC29A 
 263      B2124557 
 264 06ed FA4202DF 		.ascii	"\372B\002\337\244\364\252\271\331\306\263L\0149\310"
 264      A4F4AAB9 
 264      D9C6B34C 
 264      0C39C8
 265 06fc 338F9A33 		.ascii	"3\217\2323yJ\032\246o*S\207\212\270\356\241H-\036<\265"
 265      794A1AA6 
 265      6F2A5387 
 265      8AB8EEA1 
 265      482D1E3C 
 266 0711 4CED2C49 		.ascii	"L\355,I\266_\263$\213<;\236a\331q\302\\\324\205\324"
 266      B65FB324 
 266      8B3C3B9E 
 266      61D971C2 
 266      5CD485D4 
 267 0725 D9F100B8 		.ascii	"\331\361\000\270`\277H\340)\242\273<\210\240\317\327"
 267      60BF48E0 
 267      29A2BB3C 
 267      88A0CFD7 
 268 0735 37BD74C6 		.ascii	"7\275t\306i\324\275(}:!\303E\2761b~\316\215\261\243"
 268      69D4BD28 
 268      7D3A21C3 
 268      45BE3162 
 268      7ECE8DB1 
 269 074a B1EDDC9C 		.ascii	"\261\355\334\234\311\016\212o\231\254\241\377\210\231"
 269      C90E8A6F 
 269      99ACA1FF 
 269      8899
 270 0758 DFEF7582 		.ascii	"\337\357u\202\342U\301\235\275*\310Y\323\203g\315\342"
 270      E255C19D 
 270      BD2AC859 
 270      D38367CD 
 270      E2
 271 0769 F2FA4A84 		.ascii	"\362\372J\204\2172ne\243g\217\363\261$\213\307$\217"
 271      8F326E65 
ARM GAS  /tmp/ccXtILPQ.s 			page 21


 271      A3678FF3 
 271      B1248BC7 
 271      248F
 272 077b D6CDB7EB 		.ascii	"\326\315\267\353\223L\331'\031\"\245\331\374\352F\213"
 272      934CD927 
 272      1922A5D9 
 272      FCEA468B 
 273 078b 83DA27E9 		.ascii	"\203\332'\351@3\215\322<Jif\3124;\362\223\373\235\324"
 273      40338DD2 
 273      3C4A6966 
 273      CA343BF2 
 273      93FB9DD4 
 274 079f 8BB28BDE 		.ascii	"\213\262\213\336y\343|9\017n\005\321\373\247\363\253"
 274      79E37C39 
 274      0F6E05D1 
 274      FBA7F3AB 
 275 07af 9CF049C6 		.ascii	"\234\360I\306z\357\236WUZ\234\303\224\242\247\331E\363"
 275      7AEF9E57 
 275      555A9CC3 
 275      94A2A7D9 
 275      45F3
 276 07c1 18D242F4 		.ascii	"\030\322B\364\224\342\347U\274b\321*\272=x"
 276      94E2E755 
 276      BC62D12A 
 276      BA3D78
 277 07d0 F758F670 		.ascii	"\367X\366p\226#\316ccc\013\033:4v\327\233#\257\327\233"
 277      9623CE63 
 277      63630B1B 
 277      3A3476D7 
 277      9B23AFD7 
 278 07e5 2E37A924 		.ascii	".7\251$\351\274\233z\271\331\260\200St\001g\350\002"
 278      E9BC9B7A 
 278      B9D9B080 
 278      53740167 
 278      E802
 279 07f7 72E4059C 		.ascii	"r\344\005\234y1vI\247^\256]\364\211\376\203q<\016\237"
 279      79317649 
 279      A75EAE5D 
 279      F489FE83 
 279      713C0E9F 
 280 080b 837A60E2 		.ascii	"\203z`\342\310\340<|\236\221|\362t*\327\015_bJq\321"
 280      C8E03C7C 
 280      9E917CF2 
 280      742AD70D 
 280      5F624A71 
 281 0820 E572BE3A 		.ascii	"\345r\276:oP\263O\227\326\272\340\253\254o*>-\337\031"
 281      6F50B34F 
 281      97D6BAE0 
 281      ABAC6F2A 
 281      3E2DDF19 
 282 0834 DF604AEA 		.ascii	"\337`J\352X\373#\276\373\275H\2403\017\357q\306U\254"
 282      58FB23BE 
 282      FBBD48A0 
 282      330FEF71 
 282      C655AC
 283 0847 6F263E26 		.ascii	"o&>&\331\011\337fJbmb\246\013\276\313\224\247\346\276"
 283      D909DF66 
ARM GAS  /tmp/ccXtILPQ.s 			page 22


 283      4A626D62 
 283      A60BBECB 
 283      94A7E6BE 
 284 085b 2EBE7716 		.ascii	".\276w\026\201\372z \261\231\277\275\270*j\021\017^"
 284      81FA7A20 
 284      B199BFBD 
 284      B82A6A11 
 284      0F5E
 285 086d 8B9C7919 		.ascii	"\213\234y\031\267\337\005\267\260\241M\315\346\213\034"
 285      B7DF05B7 
 285      B0A14DCD 
 285      E68B1C
 286 087c EB026A7C 		.ascii	"\353\002j|u\347_\355z\366\252\354\331+l'UU\334\332\255"
 286      75E75FED 
 286      7AF6AAEC 
 286      D92B6C27 
 286      5555DCDA 
 287 0891 5197CB97 		.ascii	"Q\227\313\227\301Y\305\324Y\026\352\254\253\262\263"
 287      C159C5D4 
 287      5916EAAC 
 287      ABB2B3
 288 08a0 3293A326 		.ascii	"2\223\243&\035\324\345\257]tI}\333\012\334\3018\276"
 288      1DD4E5AF 
 288      5D74497D 
 288      DB0ADCC1 
 288      38BE
 289 08b2 A86DEB46 		.ascii	"\250m\353F\270\207)\346\352\312\343N\270\237)C'k*\034"
 289      B88729E6 
 289      EACAE34E 
 289      B89F2943 
 289      276B2A1C 
 290 08c6 F110537A 		.ascii	"\361\020Sz\373'/`<\302\224cC\031\273\235\361K>\246\367"
 290      FB272F60 
 290      3CC29463 
 290      4319BB9D 
 290      F14B3EA6 
 291 08db 692DF7CF 		.ascii	"i-\367\317.r\230^\017\027\336\225=Bv\333\340\213\276"
 291      2E72985E 
 291      0F17DE95 
 291      3D4276DB 
 291      E08BBE
 292 08ee 192D9EA2 		.ascii	"\031-\236\242\340w\206\012\022\262\\\347\026\023\354"
 292      E077860A 
 292      12B25CE7 
 292      1613EC
 293 08fd F1026197 		.ascii	"\361\002a\227E\371+\222\263\017x\243R\321\035\225@\272"
 293      45F92B92 
 293      B30F78A3 
 293      52D11D95 
 293      40BA
 294 090f 6D808427 		.ascii	"m\200\204'/\005]\022UEBK\250\265H(\347\350\331dB\257"
 294      2F055D12 
 294      5545424B 
 294      A8B54828 
 294      E7E8D964 
 295 0925 E65CC4D0 		.ascii	"\346\\\304\320\211`\274%\222\335-Y`\373\010G\313\007"
 295      8960BC25 
ARM GAS  /tmp/ccXtILPQ.s 			page 23


 295      92DD2D59 
 295      60FB0847 
 295      CB07
 296 0937 0E1D56DB 		.ascii	"\016\035V\333\256\372\336j\373\242\3326+)d\343\264^"
 296      AEFADE6A 
 296      FBA2DA36 
 296      2B2964E3 
 296      B45E
 297 0949 51C0CFAB 		.ascii	"Q\300\317\253\341\371J\343\211\304x$C\223CpB\215>\246"
 297      E1F94AE3 
 297      89C47824 
 297      43934370 
 297      428D3EA6 
 298 095d A652AFB0 		.ascii	"\246R\257\260}A\215.T\243{\024N\271\241F\237\262\242"
 298      7D418D2E 
 298      54A37B14 
 298      4EB9A146 
 298      9FB2A2
 299 0970 95975725 		.ascii	"\225\227W%\270\241\202v5\360\233\253\003n\256\273p\033"
 299      B8A18276 
 299      35F09BAB 
 299      036EAEBB 
 299      701B
 300 0982 DD02A907 		.ascii	"\335\002\251\007i\005\271\007\322\016R\015R\013r\007"
 300      6905B907 
 300      D20E520D 
 300      520B7207 
 301 0992 A405E436 		.ascii	"\244\005\3446H\033H#H7H'H\035H\027H\015\310}\220f\220"
 301      481B4823 
 301      48374827 
 301      481D4817 
 301      480DC87D 
 302 09a9 A6D9A283 		.ascii	"\246\331\242\203\370\240>\324\352\203\2336\203\247X"
 302      F8A03ED4 
 302      EA839B36 
 302      83A758
 303 09b8 D4A8C205 		.ascii	"\324\250\302\005\347\324\340\263j\027\214*\\pM\215N"
 303      E7D4E0B3 
 303      6A178C2A 
 303      5C704D8D 
 303      4E
 304 09c9 7B031D69 		.ascii	"{\003\035iEW\251\321IsBG\312X\276\213\016\301.J\345"
 304      4557A9D1 
 304      49734247 
 304      CA58BE8B 
 304      0EC12E4A 
 305 09de 68F92EE2 		.ascii	"h\371.\342\357\006\312R\223\243\341\216\242\205\351"
 305      EF06CA52 
 305      93A3E18E 
 305      A285E9
 306 09ed 1CF43E51 		.ascii	"\034\364>Q\275\213Z\024\313,\262\035i%|P\261\316\353"
 306      BD8B5A14 
 306      CB2CB21D 
 306      69257C50 
 306      B1CEEB
 307 0a00 B6433D07 		.ascii	"\266C=\007\256\260^`{\217*\341\223\012\353e\266\275"
 307      AEB05E60 
ARM GAS  /tmp/ccXtILPQ.s 			page 24


 307      7B8F2AE1 
 307      930AEB65 
 307      B6BD
 308 0a12 C8E0AC50 		.ascii	"\310\340\254P*\177\306\212\261\006u1F\274V>\301\213"
 308      2A7FC68A 
 308      B1067531 
 308      46BC563E 
 308      C18B
 309 0a24 B15C70C4 		.ascii	"\261\\p\304inLN\377\350\244\372|\324+\316\307q\333\347"
 309      696E4C4E 
 309      FFE8A4FA 
 309      7CD42BCE 
 309      C771DBE7 
 310 0a38 630E53C5 		.ascii	"c\016S\305\302\362l\357\016\006\207\224T\333\231T\253"
 310      C2F26CEF 
 310      0E068794 
 310      54DB9954 
 310      AB
 311 0a49 C1DB34B4 		.ascii	"\301\3334\264\324+j\312OrC\013\275l\235\005\324\013"
 311      D42B6ACA 
 311      4F72430B 
 311      BD6C9D05 
 311      D40B
 312 0a5b 47E0FF71 		.ascii	"G\340\377q\034\230\373\246'\034I\235\371\000&\354\261"
 312      1C98FBA6 
 312      271C499D 
 312      F90026EC 
 312      B1
 313 0a6c D6990DB4 		.ascii	"\326\231\015\264\316$\177(\274\325\026\345\244,\005"
 313      CE247F28 
 313      BCD516E5 
 313      A42C05
 314 0a7b 1FCC2905 		.ascii	"\037\314)\005\373x)\330GK\301\221\330\211\207\032\274"
 314      FB7829D8 
 314      474BC191 
 314      D889871A 
 314      BC
 315 0a8c 93AE1165 		.ascii	"\223\256\021e\014\324T\362+\362=\362\347\313\275Cq\210"
 315      0CD454F2 
 315      2BF23DF2 
 315      E7CBBD43 
 315      7188
 316 0a9e A5E80192 		.ascii	"\245\350\001\222\262\217\324\214\355\323\341d\206\275"
 316      B28FD48C 
 316      EDD3E164 
 316      86BD
 317 0aac 50F26439 		.ascii	"P\362d9\203\222w\303;\207Sz\220\335K\353\261|i\015\262"
 317      839277C3 
 317      3B87537A 
 317      90DD4BEB 
 317      B17C690D 
 318 0ac1 4BABF155 		.ascii	"K\253\361U\311\244+\316\240\2064]\231\243\217\035\221"
 318      C9A42BCE 
 318      A086345D 
 318      99A38F1D 
 318      91
 319 0ad2 9727423A 		.ascii	"\227'B:\220c\362\337\277\005\364\014\":$b\371\377\017"
ARM GAS  /tmp/ccXtILPQ.s 			page 25


 319      9063F2DF 
 319      BF05F40C 
 319      223A2462 
 319      F9FF0F
 320 0ae5 5224303F 		.ascii	"R$0?\374\037\322l\353\317IO\300\355\317\350<\303\020"
 320      FC1FD26C 
 320      EBCF494F 
 320      C0EDCFE8 
 320      3CC310
 321 0af8 95A73051 		.ascii	"\225\2470Q\012\370\210\264\220\327\352\361cYZ\345\275"
 321      0AF888B4 
 321      90D7EAF1 
 321      63595AE5 
 321      BD
 322 0b09 476C0F00 		.ascii	"Gl\017\000\356!\215\370\010\275\367\036\313\367^|\315"
 322      EE218DF8 
 322      08BDF71E 
 322      CBF75E7C 
 322      CD
 323 0b1a 11F6A71A 		.ascii	"\021\366\247\0322G\314[\347 \356\356Li\327)m\217\276"
 323      3247CC5B 
 323      E720EEEE 
 323      4C69D729 
 323      6D8FBE
 324 0b2d CDB679C7 		.ascii	"\315\266y\307\251{N\037dJu\026\311R}\302;u\233E\212"
 324      A97B4E1F 
 324      644A7516 
 324      C9527DC2 
 324      3B759B45 
 325 0b42 5A81C660 		.ascii	"Z\201\306`\253?\202PZ\320b\305\320~hY'\012\350\271\370"
 325      AB3F8250 
 325      5AD062C5 
 325      D07E6859 
 325      270AE8B9 
 326 0b57 81B020E4 		.ascii	"\201\260 \344\237A\201\253B6|\023lZo\012\214\010\015"
 326      9F4181AB 
 326      42367C13 
 326      6C5A6F0A 
 326      8C080D
 327 0b6a D3FEF9CB 		.ascii	"\323\376\371\313\257\3377,[&\350\002\002\266\004\205"
 327      AFDF372C 
 327      5B26E802 
 327      02B60485 
 328 0b7a 447CBC3C 		.ascii	"D|\274< \342\367\372-\341a\372\240\220\300\340-\033"
 328      20E2F7FA 
 328      2DE161FA 
 328      A090C0E0 
 328      2D1B
 329 0b8c 4DFA10D3 		.ascii	"M\372\020\323\277\202\203\276\321o\336\020\270)(\304"
 329      BF8283BE 
 329      D16FDE10 
 329      B82928C4 
 330 0b9c A40FD868 		.ascii	"\244\017\330h\372v\303\226\340\210\200\210\310\357L"
 330      FA76C396 
 330      E0888088 
 330      C8EF4C
 331 0bab E14B3709 		.ascii	"\341K7\011Zy\330b[\303\302#\303\365\001\341\021\033"
ARM GAS  /tmp/ccXtILPQ.s 			page 26


 331      5A79D862 
 331      5BC3C223 
 331      C3F501E1 
 331      111B
 332 0bbd 0103D88F 		.ascii	"\001\003\330\217\226.\325\263\177\241\341\372M\033\202"
 332      962ED5B3 
 332      7FA1E1FA 
 332      4D1B82
 333 0bcc F5DF8586 		.ascii	"\365\337\205\206E\204\353\003C7o\016\015\321\373\030"
 333      4584EB03 
 333      43376F0E 
 333      0DD1FB18 
 334 0bdc D71AD67E 		.ascii	"\327\032\326~\257'\024\227\006\012\277 \337+\203\302"
 334      AF271497 
 334      060ABF20 
 334      DF2B83C2 
 335 0bec AD5C3D49 		.ascii	"\255\\=I\213\277)\302?2<\302\264y\315\206\220\215\301"
 335      8BBF29C2 
 335      3F323CC2 
 335      B479CD86 
 335      908DC1
 336 0bff A630BFB0 		.ascii	"\2460\277\260\240\320\260\240\210H\2722C\260iC\230\237"
 336      A0D0B0A0 
 336      8848BA32 
 336      43B06943 
 336      989F
 337 0c11 2904A6FB 		.ascii	")\004\246\373\233\263q\225\377*\343\372U+?\025}\375"
 337      9BB37195 
 337      FF2AE3FA 
 337      552B3F15 
 337      7DFD
 338 0c23 9CD9EA3E 		.ascii	"\234\331\352>\017\210p\342\337\263\335\237h|}\2760\316"
 338      0F8870E2 
 338      DFB3DD9F 
 338      687C7DBE 
 338      30CE
 339 0c35 AA1F6B7C 		.ascii	"\252\037k|\015~Vu\271\306\327\337\317\25052m\031t\256"
 339      0D7E5675 
 339      B9C6D7DF 
 339      CFA83532 
 339      6D1974AE 
 340 0c49 B2767A43 		.ascii	"\262vzC\347*\243\306\177\235\257\361\017\312\225\361"
 340      E72AA3C6 
 340      7F9DAFF1 
 340      0FCA95F1 
 341 0c59 F598BE8F 		.ascii	"\365\230\276\217 k\322\033\326\372\373\372\353\015\241"
 341      206BD21B 
 341      D6FAFBFA 
 341      EB0DA1
 342 0c68 6126BD2F 		.ascii	"a&\275/\367N (\001\201\233?\001\2378\177\271\336\327"
 342      F74E2028 
 342      01819B3F 
 342      019F387F 
 342      B9DED7
 343 0c7b 10B00EBC 		.ascii	"\020\260\016\274\011\326|\214\232\265kW\033\261\317"
 343      09D67C8C 
 343      9AB56B57 
ARM GAS  /tmp/ccXtILPQ.s 			page 27


 343      1BB1CF
 344 0c8a 4A235E09 		.ascii	"J#^\011\337~\253\215\032\237\325\376F\315\027\253}\214"
 344      DF7EAB8D 
 344      1A9FD5FE 
 344      46CD17AB 
 344      7D8C
 345 0c9c 0ED00580 		.ascii	"\016\320\005\200\225D_C>\014\360\341\340\277\306\340"
 345      95445F43 
 345      3E0CF0E1 
 345      E0BFC6E0 
 346 0cac 6FC4FE6B 		.ascii	"o\304\376k\374\260\301\000\337\006\243\203\217\257\321"
 346      FCB0C100 
 346      DF06A383 
 346      8FAFD1
 347 0cbb 60D4AC5F 		.ascii	"`\324\254_\367\225\021\350\002\302\340\367\265\357J"
 347      F79511E8 
 347      02C2E0F7 
 347      B5EF4A
 348 0cca F8F43118 		.ascii	"\370\3641\030\265\376\206/\350\\\363\002\002\276\335"
 348      B5FE862F 
 348      E85CF302 
 348      02BEDD
 349 0cd9 12121810 		.ascii	"\022\022\030\020\260\364\263O?Y\256\2255M\340\246\015"
 349      B0F4B34F 
 349      3F59AE95 
 349      354DE0A6 
 349      0D
 350 0cea 61FF0540 		.ascii	"a\377\005@\341\277/"
 350      E1BF2F
 351              		.text
 352              		.section	.gnu.lto_.symtab.740d2232d4c76bd,"",%progbits
 353 0000 6E766963 		.ascii	"nvicEnableVector\000"
 353      456E6162 
 353      6C655665 
 353      63746F72 
 353      00
 354 0011 00       		.ascii	"\000"
 355 0012 00       		.ascii	"\000"
 356 0013 00       		.ascii	"\000"
 357 0014 00000000 		.ascii	"\000\000\000\000\000\000\000\000"
 357      00000000 
 358 001c BA000000 		.ascii	"\272\000\000\000"
 359 0020 6E766963 		.ascii	"nvicDisableVector\000"
 359      44697361 
 359      626C6556 
 359      6563746F 
 359      7200
 360 0032 00       		.ascii	"\000"
 361 0033 00       		.ascii	"\000"
 362 0034 00       		.ascii	"\000"
 363 0035 00000000 		.ascii	"\000\000\000\000\000\000\000\000"
 363      00000000 
 364 003d BE000000 		.ascii	"\276\000\000\000"
 365 0041 6E766963 		.ascii	"nvicSetSystemHandlerPriority\000"
 365      53657453 
 365      79737465 
 365      6D48616E 
ARM GAS  /tmp/ccXtILPQ.s 			page 28


 365      646C6572 
 366 005e 00       		.ascii	"\000"
 367 005f 00       		.ascii	"\000"
 368 0060 00       		.ascii	"\000"
 369 0061 00000000 		.ascii	"\000\000\000\000\000\000\000\000"
 369      00000000 
 370 0069 C0000000 		.ascii	"\300\000\000\000"
 371 006d 6E766963 		.ascii	"nvicClearPending\000"
 371      436C6561 
 371      7250656E 
 371      64696E67 
 371      00
 372 007e 00       		.ascii	"\000"
 373 007f 00       		.ascii	"\000"
 374 0080 00       		.ascii	"\000"
 375 0081 00000000 		.ascii	"\000\000\000\000\000\000\000\000"
 375      00000000 
 376 0089 C2000000 		.ascii	"\302\000\000\000"
 377              		.text
 378              		.section	.gnu.lto_.opts,"",%progbits
 379 0000 272D666D 		.ascii	"'-fmath-errno' '-fsigned-zeros' '-ftrapping-math' '"
 379      6174682D 
 379      6572726E 
 379      6F272027 
 379      2D667369 
 380 0033 2D666E6F 		.ascii	"-fno-trapv' '-fno-openmp' '-fno-openacc' '-mcpu=cor"
 380      2D747261 
 380      70762720 
 380      272D666E 
 380      6F2D6F70 
 381 0066 7465782D 		.ascii	"tex-m4' '-mno-thumb-interwork' '-mthumb' '-ggdb' '-"
 381      6D342720 
 381      272D6D6E 
 381      6F2D7468 
 381      756D622D 
 382 0099 4F322720 		.ascii	"O2' '-fomit-frame-pointer' '-falign-functions=16' '"
 382      272D666F 
 382      6D69742D 
 382      6672616D 
 382      652D706F 
 383 00cc 2D666675 		.ascii	"-ffunction-sections' '-fdata-sections' '-fno-common"
 383      6E637469 
 383      6F6E2D73 
 383      65637469 
 383      6F6E7327 
 384 00ff 2720272D 		.ascii	"' '-flto'\000"
 384      666C746F 
 384      2700
 385              		.text
 386              		.comm	__gnu_lto_v1,1,1
 387              		.comm	__gnu_lto_slim,1,1
 388              		.ident	"GCC: (15:6.3.1+svn253039-1build1) 6.3.1 20170620"
ARM GAS  /tmp/ccXtILPQ.s 			page 29


DEFINED SYMBOLS
                            *ABS*:0000000000000000 nvic.c
                            *COM*:0000000000000001 __gnu_lto_v1
                            *COM*:0000000000000001 __gnu_lto_slim

NO UNDEFINED SYMBOLS
