ARM GAS  /tmp/cc4EyJeW.s 			page 1


   1              		.cpu cortex-m4
   2              		.eabi_attribute 20, 1
   3              		.eabi_attribute 21, 1
   4              		.eabi_attribute 23, 3
   5              		.eabi_attribute 24, 1
   6              		.eabi_attribute 25, 1
   7              		.eabi_attribute 26, 1
   8              		.eabi_attribute 30, 2
   9              		.eabi_attribute 34, 1
  10              		.eabi_attribute 18, 4
  11              		.file	"stm32_isr.c"
  12              		.text
  13              	.Ltext0:
  14              		.section	.gnu.lto_.profile.c24742b4a689c07c,"",%progbits
  15 0000 789C6365 		.ascii	"x\234ce`b`e```dX\312\250\012\000\002\254\000\331"
  15      60626065 
  15      60606064 
  15      58CAA80A 
  15      0002AC00 
  16              		.text
  17              		.section	.gnu.lto_.icf.c24742b4a689c07c,"",%progbits
  18 0000 789C6365 		.ascii	"x\234ce`b\340c@\000&\206\375\307\0174r0~?\276u\021\037"
  18      6062E063 
  18      40002686 
  18      FDC70F34 
  18      72307E3F 
  19 0018 03002EC8 		.ascii	"\003\000.\310\006\013"
  19      060B
  20              		.text
  21              		.section	.gnu.lto_.jmpfuncs.c24742b4a689c07c,"",%progbits
  22 0000 789C6365 		.ascii	"x\234ce`b\020bd\200\003& fa\234\316\314\270\365\364"
  22      60621062 
  22      64800326 
  22      2066619C 
  22      CECCB8F5 
  23 0015 815BEC7D 		.ascii	"\201[\354}\314\363\231\031\0305\030\2273\31200\200D"
  23      CCF39919 
  23      18351897 
  23      33CA3030 
  23      8044
  24 0027 9FAE38FC 		.ascii	"\237\2568\374\230\013\"\312\306\270\002$\012V\374x\346"
  24      980B22CA 
  24      C6B80224 
  24      0A56FC78 
  24      E6
  25 0038 D35DDC10 		.ascii	"\323]\334\020aq\306\225`\305H\262g\027\2569\307\006"
  25      6171C695 
  25      60C548B2 
  25      6717AE39 
  25      C706
  26 004a 91E5625C 		.ascii	"\221\345b\\\205.;\355\354\304]PYN\306\325\350\262]\277"
  26      852E3BED 
  26      ECC45D50 
  26      594EC6D5 
  26      E8B25DBF 
  27 005e AEF77140 		.ascii	"\256\367q@d9\030\327\240\313\236<5}\005\017D\226\235"
  27      643918D7 
ARM GAS  /tmp/cc4EyJeW.s 			page 2


  27      A0CB9E3C 
  27      357D050F 
  27      44969D
  28 0071 712D8A2C 		.ascii	"q-\212,\204\206Q@\2171B|\001\244WB\351UPz5\224^\003"
  28      84865140 
  28      8F31427C 
  28      01A45742 
  28      E955507A 
  29 0089 A5D74269 		.ascii	"\245\327Bi\260V\006\000\342_2\274"
  29      B0560600 
  29      E25F32BC 
  30              		.text
  31              		.section	.gnu.lto_.inline.c24742b4a689c07c,"",%progbits
  32 0000 789C6365 		.ascii	"x\234ce`bhf@\000&\006\006\211k\014\214 \232\201m\201"
  32      60626866 
  32      40002606 
  32      06896B0C 
  32      8C209A81 
  33 0016 3C886260 		.ascii	"<\210b`\346\001\213\023O12\010\236G3\203\211\033$L\014"
  33      E6018B13 
  33      4F313208 
  33      9E473383 
  33      891B244C 
  34 002b C90000AF 		.ascii	"\311\000\000\257\332\004\311"
  34      DA04C9
  35              		.text
  36              		.section	.gnu.lto_.pureconst.c24742b4a689c07c,"",%progbits
  37 0000 789C6365 		.ascii	"x\234ce`b`e`\000\222\022\214\022\000\000\375\000@"
  37      60626065 
  37      60009212 
  37      8C120000 
  37      FD0040
  38              		.text
  39              		.section	.gnu.lto_irqInit.c24742b4a689c07c,"",%progbits
  40 0000 789C7DD2 		.ascii	"x\234}\322\261KBA\030\000\360\357\273+\337\323\212\306"
  40      B14B4241 
  40      1800F0EF 
  40      BB2BDFD3 
  40      8AC6
  41 0012 82A23917 		.ascii	"\202\2429\027\037\250\364'\264E\203\355\021-\005\205"
  41      1FA8F427 
  41      B44583ED 
  41      112D0585 
  42 0022 E173707B 		.ascii	"\341sp{\257\300\004\003\263\241\304\305g-ZYfe\361\204"
  42      AFC00403 
  42      B3A1C4C5 
  42      672D5A59 
  42      6665F184 
  43 0036 E0515385 		.ascii	"\340QS\205\016-AMe\266T\264\007Yw]\020o\350}\334ww\334"
  43      0E2D414D 
  43      65B654B4 
  43      0759775D 
  43      106FE87D 
  44 004e DDEFBBE1 		.ascii	"\335\357\273\341\256\023\010\214\020\200 \000\014\260"
  44      AE13088C 
  44      10802000 
  44      0CB0
ARM GAS  /tmp/cc4EyJeW.s 			page 3


  45 005c 440A48D2 		.ascii	"D\012H\322\015\200E\231 \362\211.#h\0045\\\245\031\212"
  45      0D804599 
  45      20F2892E 
  45      23680435 
  45      5CA5198A 
  46 0070 E7896793 		.ascii	"\347\211g\223x\013:\013+\223\356]\326\343\375\006\005"
  46      780B3A0B 
  46      2B93EE5D 
  46      D6E3FD06 
  46      05
  47 0081 C8B2E481 		.ascii	"\310\262\344\201\005\364\002;\366Xi\257\367\270:\304"
  47      05F4023B 
  47      F65869AF 
  47      F7B83AC4 
  48 0091 3A16D185 		.ascii	":\026\321\205l,\337\240\245\267\277\022\272\365\264"
  48      6C2CDFA0 
  48      A5B7BF12 
  48      BAF5B4
  49 00a0 85A7E36E 		.ascii	"\205\247\343n\200$\333\346w\254P\302G\372\202\361|9"
  49      8024DBE6 
  49      77AC50C2 
  49      47FA82F1 
  49      7C39
  50 00b2 4739E055 		.ascii	"G9\340UL\363\365^\322>u\331\240\230\245\254\004n\243"
  50      4CF3F55E 
  50      D23E75D9 
  50      A098A5AC 
  50      046EA3
  51 00c5 C6375AC5 		.ascii	"\3067Z\305\213\246'E\015JX\345\035\034\344iP\012\334"
  51      8BA62745 
  51      0D4A58E5 
  51      1D1CE469 
  51      500ADC
  52 00d8 5786FEE7 		.ascii	"W\206\376\347\273\202_^e\212\335\202KX\262\363\252\003"
  52      BB825F5E 
  52      658ADD82 
  52      4B58B2F3 
  52      AA03
  53 00ea DF133CF9 		.ascii	"\337\023<\371q\233\222\005\227q\337\316M\007^\026|\243"
  53      719B9205 
  53      9771DFCE 
  53      4D075E16 
  53      7CA3
  54 00fc BE567309 		.ascii	"\276Vs\011\356\306\003;?s\340\025\301\353\233\245\306"
  54      EEC6033B 
  54      3F73E015 
  54      C1EB9BA5 
  54      C6
  55 010d 2FF7E0A1 		.ascii	"/\367\340\241\235?8\360#\301\233\331V\255K\360><\266"
  55      9D3F38F0 
  55      23C19BD9 
  55      56AD4BF0 
  55      3E3CB6
  56 0120 F39603AF 		.ascii	"\363\226\003\257\012^\275\266\356$\301\207\361\344\217"
  56      0A5EBDB6 
  56      EE24C187 
  56      F1E48F
ARM GAS  /tmp/cc4EyJeW.s 			page 4


  57 012f BFE152FE 		.ascii	"\277\341R\376=\207?\236G\222!\366\242\354g\371}>E\264"
  57      3D873F9E 
  57      479221F6 
  57      A2EC67F9 
  57      7D3E45B4 
  58 0143 B0AACC4C 		.ascii	"\260\252\314L\315)\013\341HTUB\023c\001\277\350G\203"
  58      CD290BE1 
  58      48545542 
  58      136301BF 
  58      E84783
  59 0156 B198A246 		.ascii	"\261\230\242F\347\003\376\311Y5\342\233\206o\010\207"
  59      E703FEC9 
  59      5935E29B 
  59      866F0887 
  60 0166 BF39     		.ascii	"\2779"
  61              		.text
  62              		.section	.gnu.lto_irqDeinit.c24742b4a689c07c,"",%progbits
  63 0000 789C7DD2 		.ascii	"x\234}\322\315K\002A\024\000\360\367vJW+:\026\025t\315"
  63      CD4B0241 
  63      1400F0F7 
  63      764A572B 
  63      3A161574 
  64 0015 8B0BEADF 		.ascii	"\213\013\352\337\320-:\324=\242KAa\270\036\274\355\026"
  64      D02D3AD4 
  64      3DA24B41 
  64      61B81EBC 
  64      ED16
  65 0027 95606075 		.ascii	"\225``u(\361\264\326E+\313\254,V\010\226:U\350!\202"
  65      28F1B4D6 
  65      452BCBAC 
  65      2C560896 
  65      3A55E821 
  66 003c A04E2506 		.ascii	"\240N%\006Q\336\202\240\350c\246\027\354\251}\314\027"
  66      51DE82A0 
  66      E863A617 
  66      ECA97DCC 
  66      17
  67 004d F3E6F7E6 		.ascii	"\363\346\367\3460\323\014\022tI\000!\000\350\346\035"
  67      30D30C12 
  67      74490021 
  67      00E8E61D 
  68 005d 19A0B45C 		.ascii	"\031\240\264\\\005\230\221%D\261\320e\004MB\015\227"
  68      05989125 
  68      44B1D065 
  68      044D420D 
  68      97
  69 006e 588AE169 		.ascii	"X\212\341i\374\321\224|Y\235\207\225\272n_\320\347;"
  69      FCD1947C 
  69      599D8795 
  69      BA6E5FD0 
  69      E73B
  70 0080 0D0690E6 		.ascii	"\015\006\220\346]\004f\321\007\374\330C\361k\265\315"
  70      5D0466D1 
  70      07FCD843 
  70      F16BB5CD 
  71 0090 D544FB98 		.ascii	"\325D\373\230C\027\362\271p\205\226\376\365\035\327"
  71      4317F2B9 
ARM GAS  /tmp/cc4EyJeW.s 			page 5


  71      708596FE 
  71      F51DD7
  72 009f ADD70DFC 		.ascii	"\255\327\015\374\030\364\000$xZ\334\261\310$1\263g\234"
  72      18F40024 
  72      785ADCB1 
  72      C82431B3 
  72      679C
  73 00b1 CB1C1B4C 		.ascii	"\313\034\033L\000Q\3054_\356\334\332\247.\363\2554\343"
  73      0051C534 
  73      5FEEDCDA 
  73      A72EF3AD 
  73      34E3
  74 00c3 25701335 		.ascii	"%p\0235\221\250\347\316j\336$3\230\304+oa\217\301\030"
  74      91A8E7CE 
  74      6ADE2433 
  74      98C42B6F 
  74      618FC118 
  75 00d7 086BF6FE 		.ascii	"\010k\366\376O\267\211\236_\244r\255D\335\230\267\351"
  75      4FB7899E 
  75      5FA472AD 
  75      44DD98B7 
  75      E9
  76 00e8 8903DD21 		.ascii	"\211\003\335!\232x\277I\312De\334\265\351\275\003-\020"
  76      9A78BF49 
  76      CA4465DC 
  76      B5E9BD03 
  76      2D10
  77 00fa 5DABAC94 		.ascii	"]\253\254\224]D=\270g\323\272\003-\022\255\254\347\253"
  77      5D443DB8 
  77      67D3BA03 
  77      2D12ADAC 
  77      E7AB
  78 010c 7FD48BFB 		.ascii	"\177\324\213\3736}r\240\007Dk\351z\271\205h\007\036"
  78      367D72A0 
  78      07446BE9 
  78      7AB98568 
  78      071E
  79 011e DAB4E140 		.ascii	"\332\264\341@KDK\227\326\255\233h\037\036\021m\340l"
  79      4B444B97 
  79      D6AD9B68 
  79      1F1E116D 
  79      E06C
  80 0130 E6CDC05F 		.ascii	"\346\315\300_+\"\301\001\1775\376{\002~\277B-\254*\343"
  80      2B22C101 
  80      7F35FE7B 
  80      027EBF42 
  80      2DAC2AE3 
  81 0144 A393CA74 		.ascii	"\243\223\312t8\022U\225\241\341\201`\200\306\376P,\246"
  81      38125595 
  81      A1E18160 
  81      80C6FE50 
  81      2CA6
  82 0156 A8D1A960 		.ascii	"\250\321\251``dB\215\370\307\340\007\330\327\272\276"
  82      6064428D 
  82      F8C7E007 
  82      D8D7BABE 
  83              		.text
ARM GAS  /tmp/cc4EyJeW.s 			page 6


  84              		.section	.gnu.lto_.symbol_nodes.c24742b4a689c07c,"",%progbits
  85 0000 789C55CC 		.ascii	"x\234U\314\315\015\200 \014\206\341\217\022\367\322"
  85      CD0D8020 
  85      0C86E18F 
  85      12F7D2
  86 000f C9CA8101 		.ascii	"\311\312\201\001\034\202!\374;rv\006M\230\303X\3603"
  86      1C8221FC 
  86      3B727606 
  86      4D98C358 
  86      F033
  87 0021 D15E1EF2 		.ascii	"\321^\036\362\222\266\203`\202\215\314\242\300\270\003"
  87      92B68360 
  87      828DCCA2 
  87      C0B803
  88 0030 C612062B 		.ascii	"\306\022\006+\213\250\373\025\267\212J+@\010\275\205"
  88      8BA8FB15 
  88      B78A4A2B 
  88      4008BD85 
  89 0040 4DD47F83 		.ascii	"M\324\177\203\267s\351\270\\5\323B\343\371\230h\246"
  89      B773E9B8 
  89      5C35D342 
  89      E3F99868 
  89      A6
  90 0051 A56AAFB6 		.ascii	"\245j\257\266gfZh|\377i\246u\0177wD6l"
  90      67665A68 
  90      7CFF69A6 
  90      750F3777 
  90      44366C
  91              		.text
  92              		.section	.gnu.lto_.refs.c24742b4a689c07c,"",%progbits
  93 0000 789C6365 		.ascii	"x\234ce`b`d\000\002\000\000I\000\011"
  93      60626064 
  93      00020000 
  93      490009
  94              		.text
  95              		.section	.gnu.lto_.decls.c24742b4a689c07c,"",%progbits
  96 0000 789C7553 		.ascii	"x\234uS[L\023A\024\235\273[\024\227\207\325\030\203"
  96      5B4C1341 
  96      149DBB5B 
  96      149787D5 
  96      1883
  97 0012 891FA43F 		.ascii	"\211\037\244?\220\030\273\021\375\360\313h\304\327\007"
  97      9018BB11 
  97      FDF0CB68 
  97      C4D707
  98 0021 7EF8E0B7 		.ascii	"~\370\340\267\201R\303&\245\305\356V\361o\025_\321\370"
  98      8152C326 
  98      A5C5EE56 
  98      F16F155F 
  98      D1F8
  99 0033 C00F4D15 		.ascii	"\300\017M\025\225hU\020\320\212\312S\240\326\202\370"
  99      95685510 
  99      D08ACA53 
  99      A0D682F8 
 100 0043 4AD4A898 		.ascii	"J\324\250\230(`\224\250\211&\012\032\025\022\203wfv"
 100      286094A8 
 100      89260A1A 
ARM GAS  /tmp/cc4EyJeW.s 			page 7


 100      15128377 
 100      6676
 101 0055 D9AA65B2 		.ascii	"\331\252e\2623\263s\366\234{\317\354\235I!\002\251\264"
 101      33B373F6 
 101      9C7BCFEC 
 101      9D492102 
 101      A9B4
 102 0067 11220221 		.ascii	"\021\"\002!\265\204\220\011l\"\316\215\330\021\"\021"
 102      B5849009 
 102      6C22CE8D 
 102      D8112211 
 103 0077 C21B5248 		.ascii	"\302\033RH+\366v\354\335\330\357\220\377\333V\340\274"
 103      2BF676EC 
 103      DDD8EF90 
 103      FFDB56E0 
 103      BC
 104 0088 42EC7143 		.ascii	"B\354qC\333e|\023\014}w\022]0A\327c\350b\011\272\366"
 104      DB657C13 
 104      0C7D7712 
 104      5D3041D7 
 104      63E86209 
 105 009e 29F29D10 		.ascii	")\362\235\020a\240\257\256^<,B\216\004\324\371L\204"
 105      61A0AFAE 
 105      5E3C2C42 
 105      8E04D4F9 
 105      4C84
 106 00b0 AE7E6E1B 		.ascii	"\256~n\033\313\340\020e\014\215\325\256v6\350\274\245"
 106      CBE01065 
 106      0C8DD5AE 
 106      7636E8BC 
 106      A5
 107 00c1 0A96F4E9 		.ascii	"\012\226\364\351\221\321\360t1\215\221\236\354\216T"
 107      91D1F074 
 107      318D919E 
 107      EC8E54
 108 00d0 D330B325 		.ascii	"\3230\263%\260\341r\344\321\311w\231\270\234#A\366\011"
 108      B0E172E4 
 108      D1C97799 
 108      B89C2341 
 108      F609
 109 00e2 5108DDEF 		.ascii	"Q\010\335\357\217\331 W\272HCD\17769\252\366\351\272"
 109      8FD92057 
 109      BA484344 
 109      7F3639AA 
 109      F6E9BA
 110 00f5 00574082 		.ascii	"\000W@\202\313 B\0358\351\317\312\221p\334\257\353\273"
 110      CB20421D 
 110      38E9CFCA 
 110      9170DCAF 
 110      EBBB
 111 0107 F4A395FA 		.ascii	"\364\243\225\372\214\265\004\032`>\324\303|\002\215"
 111      8CB5041A 
 111      603ED4C3 
 111      7C028D
 112 0116 904BDD50 		.ascii	"\220K\335P\036\324\"x\011A\314R\027\256:7M\314\247\006"
 112      1ED42278 
 112      0941CC52 
ARM GAS  /tmp/cc4EyJeW.s 			page 8


 112      17AE3A37 
 112      4DCCA706 
 113 012a 84DEAE57 		.ascii	"\204\336\256W/m \345&\325_K\242\347^\276\204\034\275"
 113      2F6D20E5 
 113      26D55F4B 
 113      A2E75EBE 
 113      841CBD
 114 013d 7BA89708 		.ascii	"{\250\227\010z\271jyAktB\024\3634\037\212w\012\203\360"
 114      7AB96A79 
 114      416B7442 
 114      14F3341F 
 114      8A770A83 
 115 0152 1A70F360 		.ascii	"\032p\363`g\333\007\340#\260\316\226\023f\003`8\242"
 115      67DB07E0 
 115      23B0CE96 
 115      13660360 
 115      38A2
 116 0164 021B3991 		.ascii	"\002\0339\221A`*\214\265`,\005#${\0141$D\344\237y&\263"
 116      41602A8C 
 116      B5602C05 
 116      23247B0C 
 116      312444E4 
 117 017c F1F3C55F 		.ascii	"\361\363\305_\230\314T\203`%\000H\024$\004\344\266\215"
 117      98CC5483 
 117      60250048 
 117      142404E4 
 117      B68D
 118 018e EF93FE88 		.ascii	"\357\223\376\210\26590\313<\022z\370^\032\202\001\212"
 118      B53930CB 
 118      3C127AF8 
 118      5E1A8201 
 118      8A
 119 019f D62C0786 		.ascii	"\326,\007\206\035\3744~\004\304rV\372\236\211\237\321"
 119      1DFC347E 
 119      04C47256 
 119      FA9E899F 
 119      D1
 120 01b0 99BCF402 		.ascii	"\231\274\364\002=\025_\037\236N\343\245\267\343\362"
 120      3D155F1F 
 120      9E4EE3A5 
 120      B7E3F2
 121 01bf D7CEE7B7 		.ascii	"\327\316\347\267\245\254\343\354\360T\352v\001\012\347"
 121      A5ACE3EC 
 121      F054EA76 
 121      010AE7
 122 01ce 423396E0 		.ascii	"B3\226\340&\226\200@\013d\341Xl\343\231>\365\267\353"
 122      26968040 
 122      0B64E158 
 122      6CE3993E 
 122      F5B7EB
 123 01e1 298E1ABD 		.ascii	")\216\032\275\346\215\036\275{6\373V\303^\3751\312\226"
 123      E68D1EBD 
 123      7B36FB56 
 123      C35EFD31 
 123      CA96
 124 01f3 331EDCB0 		.ascii	"3\036\334\260\252\203\2578^\207!\200&\030D\343\255\340"
 124      AA83AF38 
ARM GAS  /tmp/cc4EyJeW.s 			page 9


 124      5E872180 
 124      261844E3 
 124      ADE0
 125 0205 40FDC7E1 		.ascii	"@\375\307\341\037\337%\261\036\230\255\301\201\326B"
 125      1FDF25B1 
 125      1E98ADC1 
 125      81D642
 126 0214 23D6D365 		.ascii	"#\326\323e!=\272K\247e\246\201\332\254@m\377\006jg\201"
 126      213DBA4B 
 126      A765A681 
 126      DAAC406D 
 126      FF066A67 
 127 0229 4E3D7B7B 		.ascii	"N={{^\020o\362@\261\261!\273M\340\207\201ZE\350\300"
 127      5E106FF2 
 127      40B1B121 
 127      BB4DE087 
 127      815A45E8 
 128 023e 857BE3E2 		.ascii	"\205{\343\342$v\013\030\370\340\311h\177\372\224;\355"
 128      24760B18 
 128      F8E0C968 
 128      7FFA943B 
 128      ED
 129 024f 623BED04 		.ascii	"b;\355\004c\253\015-}/2\321\336\033z\037Z\227\206\""
 129      63AB0D2D 
 129      7D2F32D1 
 129      DE1B7A1F 
 129      5A978622 
 130 0263 C3FA7E89 		.ascii	"\303\372~\211\261\240\303\262\327A\355\321\227nf\353"
 130      B1A0C3B2 
 130      D741EDD1 
 130      976E66EB 
 131 0273 F960E757 		.ascii	"\371`\347WQ\034\235\322V<R\377;sJ\0071\346\340\266\351"
 131      511C9DD2 
 131      563C52FF 
 131      3B734A07 
 131      31E6E0B6 
 132 0288 E05BF843 		.ascii	"\340[\370C\265h8\030\237\027\322c\002e@\324\312\036"
 132      B5683818 
 132      9F17D263 
 132      026540D4 
 132      CA1E
 133 029a 35B3DF61 		.ascii	"5\263\337a\331?\277n\272gK?0y\277\230Y\363\212\021\210"
 133      D93FBF6E 
 133      BA674B3F 
 133      3079BF98 
 133      59F38A11 
 134 02af 433A23E3 		.ascii	"C:#\343\214\3443\307\302\031\211\334\330_\334\036\203"
 134      8CE433C7 
 134      C21989DC 
 134      D85FDC1E 
 134      83
 135 02c0 4BE7D435 		.ascii	"K\347\3245\3537g\257\\\264\210H.WP\361i\213\363\\\332"
 135      EB3767AF 
 135      5CB48848 
 135      2E5750F1 
 135      698BF35C 
 136 02d5 4239A806 		.ascii	"B9\250\006d\305\347\366\006K<\262\317\263\335\253\024"
ARM GAS  /tmp/cc4EyJeW.s 			page 10


 136      64C5E7F6 
 136      064B3CB2 
 136      CFB3DDAB 
 136      14
 137 02e6 CB6545EE 		.ascii	"\313eE\356R\305\347\221]%\236-EA\257\346\322v\224{T"
 137      52C5E791 
 137      5D259E2D 
 137      4541AFE6 
 137      D276947B 
 138 02fb 67294935 		.ascii	"g)I5e\216d2u\207*\273T\255\0049\310\235\256\004\266"
 138      658E6432 
 138      75872ABB 
 138      54AD0439 
 138      C89DAE04 
 139 0310 AEF3295A 		.ascii	"\256\363)Z\236\323)\363\307\257\312\245E^\271\334\037"
 139      9ED329F3 
 139      C7AFCAA5 
 139      455EB9DC 
 139      1F
 140 0321 D05479E3 		.ascii	"\320Ty\343\246\202\305y|\\\275\244\242BV\2652\014\254"
 140      A682C579 
 140      7C5CBDA4 
 140      A24256B5 
 140      320CAC
 141 0334 A801A79B 		.ascii	"\250\001\247\233\314@i\276GA\261\335\267Mq\257\362\025"
 141      CC4069BE 
 141      4741B1DD 
 141      B74D71AF 
 141      F215
 142 0346 157B3D85 		.ascii	"\025{=\205\036\267\346\017,H\036\315\355/+\363\373\344"
 142      1EB7E60F 
 142      2C481ECD 
 142      ED2F2BF3 
 142      FBE4
 143 0358 151B0A56 		.ascii	"\025\033\012V\026T\310T\204\016f\3219_Q-\365\037\331"
 143      1654C854 
 143      840E66D1 
 143      395F512D 
 143      F51FD9
 144 036b 239160   		.ascii	"#\221`"
 145              		.text
 146              		.section	.gnu.lto_.symtab.c24742b4a689c07c,"",%progbits
 147 0000 69727149 		.ascii	"irqInit\000"
 147      6E697400 
 148 0008 00       		.ascii	"\000"
 149 0009 00       		.ascii	"\000"
 150 000a 00       		.ascii	"\000"
 151 000b 00000000 		.ascii	"\000\000\000\000\000\000\000\000"
 151      00000000 
 152 0013 B8000000 		.ascii	"\270\000\000\000"
 153 0017 69727144 		.ascii	"irqDeinit\000"
 153      65696E69 
 153      7400
 154 0021 00       		.ascii	"\000"
 155 0022 00       		.ascii	"\000"
 156 0023 00       		.ascii	"\000"
 157 0024 00000000 		.ascii	"\000\000\000\000\000\000\000\000"
ARM GAS  /tmp/cc4EyJeW.s 			page 11


 157      00000000 
 158 002c BA000000 		.ascii	"\272\000\000\000"
 159 0030 6E766963 		.ascii	"nvicEnableVector\000"
 159      456E6162 
 159      6C655665 
 159      63746F72 
 159      00
 160 0041 00       		.ascii	"\000"
 161 0042 02       		.ascii	"\002"
 162 0043 00       		.ascii	"\000"
 163 0044 00000000 		.ascii	"\000\000\000\000\000\000\000\000"
 163      00000000 
 164 004c BF000000 		.ascii	"\277\000\000\000"
 165 0050 6E766963 		.ascii	"nvicDisableVector\000"
 165      44697361 
 165      626C6556 
 165      6563746F 
 165      7200
 166 0062 00       		.ascii	"\000"
 167 0063 02       		.ascii	"\002"
 168 0064 00       		.ascii	"\000"
 169 0065 00000000 		.ascii	"\000\000\000\000\000\000\000\000"
 169      00000000 
 170 006d C3000000 		.ascii	"\303\000\000\000"
 171              		.text
 172              		.section	.gnu.lto_.opts,"",%progbits
 173 0000 272D666D 		.ascii	"'-fmath-errno' '-fsigned-zeros' '-ftrapping-math' '"
 173      6174682D 
 173      6572726E 
 173      6F272027 
 173      2D667369 
 174 0033 2D666E6F 		.ascii	"-fno-trapv' '-fno-openmp' '-fno-openacc' '-mcpu=cor"
 174      2D747261 
 174      70762720 
 174      272D666E 
 174      6F2D6F70 
 175 0066 7465782D 		.ascii	"tex-m4' '-mno-thumb-interwork' '-mthumb' '-ggdb' '-"
 175      6D342720 
 175      272D6D6E 
 175      6F2D7468 
 175      756D622D 
 176 0099 4F322720 		.ascii	"O2' '-fomit-frame-pointer' '-falign-functions=16' '"
 176      272D666F 
 176      6D69742D 
 176      6672616D 
 176      652D706F 
 177 00cc 2D666675 		.ascii	"-ffunction-sections' '-fdata-sections' '-fno-common"
 177      6E637469 
 177      6F6E2D73 
 177      65637469 
 177      6F6E7327 
 178 00ff 2720272D 		.ascii	"' '-flto'\000"
 178      666C746F 
 178      2700
 179              		.text
 180              		.comm	__gnu_lto_v1,1,1
 181              		.comm	__gnu_lto_slim,1,1
ARM GAS  /tmp/cc4EyJeW.s 			page 12


 182              		.ident	"GCC: (15:6.3.1+svn253039-1build1) 6.3.1 20170620"
ARM GAS  /tmp/cc4EyJeW.s 			page 13


DEFINED SYMBOLS
                            *ABS*:0000000000000000 stm32_isr.c
                            *COM*:0000000000000001 __gnu_lto_v1
                            *COM*:0000000000000001 __gnu_lto_slim

NO UNDEFINED SYMBOLS
