ARM GAS  C:\Users\mvshv\AppData\Local\Temp\ccGbrytB.s 			page 1


   1              		.cpu cortex-m4
   2              		.eabi_attribute 20, 1
   3              		.eabi_attribute 21, 1
   4              		.eabi_attribute 23, 3
   5              		.eabi_attribute 24, 1
   6              		.eabi_attribute 25, 1
   7              		.eabi_attribute 26, 1
   8              		.eabi_attribute 30, 2
   9              		.eabi_attribute 34, 1
  10              		.eabi_attribute 18, 4
  11              		.file	"board.c"
  12              		.section	.gnu.lto_.profile.fb69db1b,"",%progbits
  13 0000 789C6363 		.ascii	"x\234cc```\001bF\006o3\000\001D\000\215"
  13      60606001 
  13      6246066F 
  13      33000144 
  13      008D
  14              		.text
  15              		.section	.gnu.lto_.icf.fb69db1b,"",%progbits
  16 0000 789C6363 		.ascii	"x\234cc``\020a@\000f\206\325\313\0265\2620v\257\332"
  16      60601061 
  16      40006686 
  16      D5CB1635 
  16      B23076AF 
  17 0015 718989A9 		.ascii	"q\211\211\251\251\241u\023\037\003\000S\014\007\241"
  17      A9A17513 
  17      1F030053 
  17      0C07A1
  18              		.text
  19              		.section	.gnu.lto_.jmpfuncs.fb69db1b,"",%progbits
  20 0000 789C6363 		.ascii	"x\234cc``\340e@\000f f\0041\230\200\030\000\002H\000"
  20      6060E065 
  20      40006620 
  20      66043198 
  20      80180002 
  21 0016 1A       		.ascii	"\032"
  22              		.text
  23              		.section	.gnu.lto_.inline.fb69db1b,"",%progbits
  24 0000 789C6363 		.ascii	"x\234cc``pa@\000f\006\006\023cF\006\246\244\013\177"
  24      60607061 
  24      40006606 
  24      06136346 
  24      06A6A40B 
  25 0015 5919D816 		.ascii	"Y\031\330\026\3103\201\004\031\031X\305\200b@\026\\"
  25      C8338104 
  25      191958C5 
  25      80624016 
  25      5C
  26 0026 840B4630 		.ascii	"\204\013F0103\241\3121\000\000\010l\005\200"
  26      313033A1 
  26      CA310000 
  26      086C0580 
  27              		.text
  28              		.section	.gnu.lto_.pureconst.fb69db1b,"",%progbits
  29 0000 789C6363 		.ascii	"x\234cc```\007bf\006)F\011&\006\000\001\235\000F"
  29      60606007 
  29      62660629 
ARM GAS  C:\Users\mvshv\AppData\Local\Temp\ccGbrytB.s 			page 2


  29      46092606 
  29      00019D00 
  30              		.text
  31              		.section	.gnu.lto_stm32_gpio_init.fb69db1b,"",%progbits
  32 0000 789CA598 		.ascii	"x\234\245\230\333SSW\024\306\317\332'\011\021\020\372"
  32      DB535357 
  32      14C6CFDA 
  32      27091110 
  32      FA
  33 0011 D007DBFA 		.ascii	"\320\007\333\372\340\213\017\366\301\314\324\207\316"
  33      E08B0FF6 
  33      C1CCD487 
  33      CE
  34 001e B42F9D69 		.ascii	"\264/\235i\353L\037\332N\253\323i\037:\216\332\326v"
  34      EB4C1FDA 
  34      4EABD369 
  34      1F3A8EDA 
  34      D676
  35 0030 A6536DFD 		.ascii	"\246Sm\375\0038\\DD\255\021\015X\014\022/\310E!R\221"
  35      03385C44 
  35      44AD110D 
  35      580C122F 
  35      C8452152 
  36 0045 9B5CC2C5 		.ascii	"\233\\\302\305\033\312=D\021\274#\020\025\360\212\340"
  36      1BCA3D44 
  36      11BC2310 
  36      15F08AE0 
  37 0055 8574EF75 		.ascii	"\205t\357u\366\2169\206X6dHHN\316\371\276\265\327Z\277"
  37      F68E3986 
  37      58366448 
  37      484ECEF9 
  37      BEB5D75A 
  38 006a B5935814 		.ascii	"\265\223X\024EI{GQ\226\323\377\357\321;\250\012\020"
  38      45497B47 
  38      5196D3FF 
  38      EFD13BA8 
  38      0A10
  39 007c 7B9BA224 		.ascii	"{\233\242$Z\011\000{\242YAI \220\000\333\324\335*4n"
  39      5A09007B 
  39      A2594149 
  39      209000DB 
  39      D4DD2A34 
  40 0091 1EAC224B 		.ascii	"\036\254\"K\3625z\363d=\216\316\321:4\325\251*J&\275"
  40      F2357AF3 
  40      643D8ECE 
  40      D13A34D5 
  40      A92A4A26 
  41 00a6 B31B1C87 		.ascii	"\263\033\034\207%\012=\357f\351\224c\276\305\244\037"
  41      250A3DEF 
  41      66E99463 
  41      BEC5A41F 
  42 00b6 8732B028 		.ascii	"\2072\260(@\237\270\273\314\036m*\260Y\363\364\037\202"
  42      409FB8BB 
  42      CC1E6D2A 
  42      B059F3F4 
  42      1F82
  43 00c8 ACAF9681 		.ascii	"\254\257\226\201\342T\201\260\007\225=\230\330\003\215"
ARM GAS  C:\Users\mvshv\AppData\Local\Temp\ccGbrytB.s 			page 3


  43      E25481B0 
  43      07953D98 
  43      D8038D
  44 00d7 875E439D 		.ascii	"\207^C\2355\217\262E%\354Y\262G\271\003\215\325\376"
  44      358FB245 
  44      25EC59B2 
  44      47B9038D 
  44      D5FE
  45 00e9 BA9F9952 		.ascii	"\272\237\231R\266\012\324 sSc{\324V\352M\200\371\365"
  45      B60AD420 
  45      7353637B 
  45      D456EA4D 
  45      80F9F5
  46 00fc B95BEF5A 		.ascii	"\271[\357Z\365\227\232+M3\321C\207\334\245{\301\005"
  46      F5979A2B 
  46      4D33D143 
  46      87DCA57B 
  46      C105
  47 010e FB1269AC 		.ascii	"\373\022i\254\213\234\252\012\345\260\020N\300B\205"
  47      8B9CAA0A 
  47      E5B0104E 
  47      C04285
  48 011d 9D9F71DC 		.ascii	"\235\237q\334\373\243\255XK\001\247j\202\012z\232\003"
  48      FBA3AD58 
  48      4B01A76A 
  48      820A7A9A 
  48      03
  49 012e 17009560 		.ascii	"\027\000\225`\243^\311\023\251\240[\021\335\255\317"
  49      A35EC913 
  49      A9A05B11 
  49      DDADCF
  50 013d 5F5416C7 		.ascii	"_T\026\307\344\0014mB\205**CC\362\246\343iRf\325\257"
  50      E401346D 
  50      42852A2A 
  50      4343F2A6 
  50      E3695266 
  51 0153 CC4E828D 		.ascii	"\314N\202\215:0\241\307V\031\235D\366\226\011j^)\325"
  51      3A30A1C7 
  51      56199D44 
  51      F696096A 
  51      5E29D5
  52 0166 822D3427 		.ascii	"\202-4'&P\240N\017\261\272\260\336\254/E\225\012\263"
  52      2650A04E 
  52      0FB1BAB0 
  52      DEAC2F45 
  52      950AB3
  53 0179 1EC559D1 		.ascii	"\036\305Y\321\300\363ZNLTk.\031hx%\335\3102`R\006!i"
  53      C0F35A4E 
  53      4C546B2E 
  53      19687825 
  53      DDC83260 
  54 0191 1197E94C 		.ascii	"\021\227\351L9\346T\331\032\314\300\212\370\2405\373"
  54      39E654D9 
  54      1ACCC08A 
  54      F8A035FB 
  55 01a1 1626DE02 		.ascii	"\026&\336\002\213\350\313\255\267\013\022\211\372\021"
  55      8BE8CBAD 
ARM GAS  C:\Users\mvshv\AppData\Local\Temp\ccGbrytB.s 			page 4


  55      B70B1289 
  55      FA11
  56 01af 96BCFC41 		.ascii	"\226\274\374AV1,>\250iI\232\307w\344\335\375\311\332"
  56      56312C3E 
  56      A869499A 
  56      C777E4DD 
  56      FDC9DA
  57 01c2 59CDE454 		.ascii	"Y\315\344T\243\340\024\250\264\355\240\231\37271\177"
  57      A3E014A8 
  57      B4EDA099 
  57      FA37317F 
  58 01d2 66741A16 		.ascii	"ft\032\026\263\256Lr\350\011\212\002\326\300&8C\337"
  58      B3AE4C72 
  58      E8098A02 
  58      D6C02638 
  58      43DF
  59 01e4 A7E6AE00 		.ascii	"\247\346\256\000\215G\367\367O\271\207L\352'\350\020"
  59      8D47F7F7 
  59      4FB9874C 
  59      EA27E810 
  60 01f4 A8CB7D62 		.ascii	"\250\313}b\012w\260\302\331i\034\316\241C\260\004\363"
  60      0A77B0C2 
  60      D9691CCE 
  60      A143B004 
  60      F3
  61 0205 5021F959 		.ascii	"P!\371Y\375\243\270\204\227\332\002z\300\305JE\217M"
  61      FDA3B884 
  61      97DA027A 
  61      C0C54A45 
  61      8F4D
  62 0217 768EA4C5 		.ascii	"v\216\244\305\260D\275\345T\243\341<%\253\205g\251)"
  62      B044BDE5 
  62      54A3E13C 
  62      25AB8567 
  62      A929
  63 0229 3B703F96 		.ascii	";p?\226\246\311\256i.w\346\367N5\006.`\256\210~\345"
  63      A6C9AE69 
  63      2E77E6F7 
  63      4E35062E 
  63      60AE887E 
  64 023e F3BC8C72 		.ascii	"\363\274\214r+U\333C\337\217cq\264\202Mg\253\015\022"
  64      2B55DB43 
  64      DF8F6371 
  64      B4824D67 
  64      AB0D12
  65 0251 F46AE4F4 		.ascii	"\364j\344\364\024@\020\277\024\304\364\352Q\013\013"
  65      144010BF 
  65      14C4F4EA 
  65      510B0B
  66 0260 8EA50049 		.ascii	"\216\245\000I\314T!\224Ph\007\013t0\221\016L@p\005Q"
  66      CC542194 
  66      5068070B 
  66      7430910E 
  66      4C407005 
  67 0275 785A89AF 		.ascii	"xZ\211\257u(\216FK+\027\313\322\005\235<\330\201\266"
  67      75288E46 
  67      4B2B17CB 
ARM GAS  C:\Users\mvshv\AppData\Local\Temp\ccGbrytB.s 			page 5


  67      D2059D3C 
  67      D881B6
  68 0288 BDA7E3F4 		.ascii	"\275\247\343\364nt\345;\026\260\302va\260*J*\320\215"
  68      6E74E53B 
  68      16B0C276 
  68      61B02A4A 
  68      2AD08D
  69 029b 3DE9BE57 		.ascii	"=\351\276W59_'G\001\257h\232b\032&\367\233\221\301\032"
  69      35395F27 
  69      4701AF68 
  69      9A621A26 
  69      F79B91C1 
  70 02b0 26DF83F2 		.ascii	"&\337\203\362&.\357C\371\364\201\324\323Q\034\314\211"
  70      262EEF43 
  70      F9F481D4 
  70      D3511CCC 
  70      89
  71 02c1 E441152E 		.ascii	"\344A\025.\012\213\332\331X\\B\0133\267\350E\213=9\275"
  71      0A8BDAD9 
  71      585C420B 
  71      33B7E845 
  71      8B3D39BD 
  72 02d5 4566DDC2 		.ascii	"Ef\335\302{\300\353\262\300ea\321:\033\213>\264\260"
  72      7BC0EBB2 
  72      C06561D1 
  72      3A1B8B3E 
  72      B4B0
  73 02e7 708B7EB4 		.ascii	"p\213~\264\310{\366\374\276\252[\004\002*\\\021\006"
  73      C87BF6FC 
  73      BEAA5B04 
  73      022A5C11 
  73      06
  74 02f8 57666370 		.ascii	"Wfcp\025\015\242\270\30154\230\030;\270\327$\346\227"
  74      150DA2B8 
  74      C1353498 
  74      183BB8D7 
  74      24E697
  75 030b A7C80CD7 		.ascii	"\247\310\014\327\205\305\310l,n\240\205\225[\334D\213"
  75      85C5C86C 
  75      2C6EA085 
  75      955BDC44 
  75      8B
  76 031c DD9B7BBD 		.ascii	"\335\233{\275\361\334\302\3631\334\022\006/gc0\200\006"
  76      F1DCC2F3 
  76      31DC1206 
  76      2F676330 
  76      8006
  77 032e F3B8C16D 		.ascii	"\363\270\301m4\030\315\255\034\213\345\006\035I^\002"
  77      3418CDAD 
  77      1C8BE506 
  77      1D495E02 
  78 033e 831C5E77 		.ascii	"\203\034^w&\302\213\015\036\034%\254\345\225\320\301"
  78      26C28B0D 
  78      1E1C25AC 
  78      E595D0C1 
  79 034e 22352E86 		.ascii	"\"5.\206\020fWE\305\220\225\217\21346.\206\215\216\262"
  79      10665745 
ARM GAS  C:\Users\mvshv\AppData\Local\Temp\ccGbrytB.s 			page 6


  79      C590958F 
  79      8B34362E 
  79      868D8EB2 
  80 0362 23C28FAA 		.ascii	"#\302\217\252\377?\023\356D\230\011'\365\231p\027\223"
  80      FF3F13EE 
  80      44980927 
  80      F5997017 
  80      93
  81 0373 131D6126 		.ascii	"\023\035a&\334\0233a\344\0153a\234\316\004\032\015["
  81      DC133361 
  81      E40D3361 
  81      9CCE041A 
  81      0D5B
  82 0385 E7B43361 		.ascii	"\347\2643a\224&p\214\211\214\341*kw\331\273A\024n8\244"
  82      9426708C 
  82      898CE12A 
  82      6B77D9BB 
  82      41146E38 
  83 039a 7099D9BE 		.ascii	"p\231\331\276\013f\343\020\270/\206\300(\273\376\001"
  83      0B66E310 
  83      B82F86C0 
  83      28BBFE01 
  84 03aa 96EE584D 		.ascii	"\226\356XM\312\010\337>=\000\017\015S@\302\001[\343"
  84      CA08DF3E 
  84      3D000F0D 
  84      5340C201 
  84      5BE3
  85 03bc 919802A8 		.ascii	"\221\230\002\250\377\030\365\313\262\253\232y\357yn"
  85      FF18F5CB 
  85      B2AB9A79 
  85      EF796E
  86 03cb A8F0C430 		.ascii	"\250\360\3040\003d\015\306\305\014@\203\247hP\230\271"
  86      03640DC6 
  86      C50C4083 
  86      A7685098 
  86      B9
  87 03dc 2583CF00 		.ascii	"%\203\317\000G\272\227\3623a\230\001\262\026\223b\006"
  87      47BA97F2 
  87      33619801 
  87      B2169362 
  87      06
  88 03ed A0C5335A 		.ascii	"\240\3053Z1#\362\262z\317\005\362\250\367\002Cn\330"
  88      3123F2B2 
  88      7ACF05F2 
  88      A8F70243 
  88      6ED8
  89 03ff 73C51D23 		.ascii	"s\305\035#\220\327\\&xi@^\326bJ \217\026\001\032\262"
  89      90D75C26 
  89      7869405E 
  89      D6624A20 
  89      8F16011A 
  90 0414 D740B8AC 		.ascii	"\327@\270\254\236F8\341\250\227HX\310\347G\317\332\371"
  90      9E4638E1 
  90      A8974858 
  90      C8E747CF 
  90      DAF9
  91 0426 5EA13510 		.ascii	"^\2415\020H\":m'9\337C\006\276\375s\341;\2310\022\353"
ARM GAS  C:\Users\mvshv\AppData\Local\Temp\ccGbrytB.s 			page 7


  91      48223A6D 
  91      2739DF43 
  91      06BEFD73 
  91      E13B9930 
  92 043c 865DBE78 		.ascii	"\206]\276x\316\267\235\361\235bt\224\345{\023\231\031"
  92      CEB79DF1 
  92      9D627494 
  92      E57B1399 
  92      19
  93 044d DFA9647A 		.ascii	"\337\251dz\276\207t\2767cjb\"\360\235F8\337[Hd\276\333"
  93      BE8774BE 
  93      37636A62 
  93      22F09D46 
  93      38DF5B48 
  94 0464 8A2D2C1A 		.ascii	"\212-,\032\266\316i\371N'\026\330J\250\010}\240\307"
  94      B6CE69F9 
  94      4E2716D8 
  94      4AA8087D 
  94      A0C7
  95 0476 EDE34FEB 		.ascii	"\355\343O\353\243D\331h\022\202ekO\015|c\304{\033\341"
  95      A344D968 
  95      1282656B 
  95      4F0D7C63 
  95      C47B1BE1 
  96 048a 78A7B3CB 		.ascii	"x\247\263\313\267\023\333k\233\372\314\005\261\015\376"
  96      B713DB6B 
  96      9BFACC05 
  96      B10DFE
  97 0499 269C6694 		.ascii	"&\234f\224\333\201m\320\274s\362\317`\343j\361`'\241"
  97      DB816DD0 
  97      BC73F2CF 
  97      60E36AF1 
  97      6027A1
  98 04ac 384B1AEC 		.ascii	"8K\032\354$\234f4\310@\203\334\264\234*\320\035z\212"
  98      249C6634 
  98      C84083DC 
  98      B49C2AD0 
  98      1D7A8A
  99 04bf 7ADE875D 		.ascii	"z\336\207]$\024fI\203\335\204\263\214\006\016\362:\313"
  99      24146649 
  99      83DD84B3 
  99      8C060EF2 
  99      3ACB
 100 04d1 92729984 		.ascii	"\222r\231\204\243\214rY\030\357\303\247\303\017\305"
 100      A38C7259 
 100      18EFC3A7 
 100      C30FC5
 101 04e0 D6AAF5D3 		.ascii	"\326\252\365\323O$$\224dI\203\177\010\007\031\015\262"
 101      4F242494 
 101      6449837F 
 101      0807190D 
 101      B2
 102 04f1 C9EB204B 		.ascii	"\311\353 K\312\355\025\034\243\234\023\343u4&\026\210"
 102      CAED151C 
 102      A39C13E3 
 102      75342616 
 102      88
ARM GAS  C:\Users\mvshv\AppData\Local\Temp\ccGbrytB.s 			page 8


 103 0502 78DF861C 		.ascii	"x\337\206\034\016\325\020\307\230\365\344+\2147\221"
 103      0ED510C7 
 103      98F5E42B 
 103      8C3791
 104 0511 3960BC0F 		.ascii	"9`\274\017\201\273^\177\375\262\231c\274\207a\234kt"
 104      81BB5E7F 
 104      FDB29963 
 104      BC87619C 
 104      6B74
 105 0523 94C5D835 		.ascii	"\224\305\3305C\214\367G\300\370\221\216\361\001\314"
 105      438CF747 
 105      C0F8918E 
 105      F101CC
 106 0532 4C6C048C 		.ascii	"Ll\004\214\017\012\214\017\275\001\343A\2121\215\206"
 106      0F0A8C0F 
 106      BD01E341 
 106      8A318D86 
 107 0542 AD735A8C 		.ascii	"\255sZ\214\363(\306\207Y\336\017c\321\266\266'_\015"
 107      F328C687 
 107      59DE0F63 
 107      D1B6B627 
 107      5F0D
 108 0554 4EDFDC90 		.ascii	"N\337\334\220\242e\244\224\366Y\215\034\347\013\216"
 108      A265A494 
 108      F6598D1C 
 108      E70B8E
 109 0563 F3D8F505 		.ascii	"\363\330\365\005a\034K(b\037\024\012\220Q\257(T\257"
 109      611C4B28 
 109      621F140A 
 109      9051AF28 
 109      54AF
 110 0575 76367A47 		.ascii	"v6zG\004\267\250w\024\373\252\253$/\315\024\344\226"
 110      04B7A877 
 110      14FBAAAB 
 110      242FCD14 
 110      E496
 111 0587 EEC2C506 		.ascii	"\356\302\305\006pe-J\004\271h\341\016#WV\357\230@\027"
 111      70652D4A 
 111      04B968E1 
 111      0E235756 
 111      EF984017 
 112 059b F54A4353 		.ascii	"\365JCS02\033\275\177\005\251\250w<\214TY\2752\201*"
 112      30321BBD 
 112      7F05A9A8 
 112      773C8C54 
 112      59BD3281 
 113 05b0 EA9DE07A 		.ascii	"\352\235\340z\014\224G\034\315}\0064]sA\263\034!\362"
 113      0C94471C 
 113      CD7D0634 
 113      5D7341B3 
 113      1C21F2
 114 05c3 3F2F9B8C 		.ascii	"?/\233\214\341h\272\030\232\025\304\340(\213f\345\014"
 114      E168BA18 
 114      9A15C4E0 
 114      288B66E5 
 114      0C
 115 05d4 D1AC8A80 		.ascii	"\321\254\212\200f@G\263\03231?\002\232'\005\2325o@s"
ARM GAS  C:\Users\mvshv\AppData\Local\Temp\ccGbrytB.s 			page 9


 115      664047B3 
 115      1A33313F 
 115      029A2705 
 115      9A356F40 
 116 05e9 8AA249A3 		.ascii	"\212\242I\243a\353\234\026\315Z\212f\035\313s\035V\351"
 116      61EB9C16 
 116      CD5A8A66 
 116      1DCB731D 
 116      56E9
 117 05fb 40FEF64A 		.ascii	"@\376\366J\"\252T\021R\245\211\226\212\206x#\232\365"
 117      22AA5411 
 117      52A58996 
 117      8A867823 
 117      9AF5
 118 060d 02CD5A76 		.ascii	"\002\315Zv\275'\014M\011E\254{\203@\023\365\032\021"
 118      BD270C4D 
 118      0945AC7B 
 118      834013F5 
 118      1A11
 119 061f A52DE3C7 		.ascii	"\245-\343\307\316\020\376\2119\361E \036\232\014\233"
 119      CE10FE89 
 119      39F14520 
 119      1E9A0C9B 
 120 062f ACAC45B3 		.ascii	"\254\254E\263\240\025-N\241\305\216\026\037\3770\347"
 120      A0152D4E 
 120      A1C58E16 
 120      1FFF30E7 
 121 063f 28EAB1C2 		.ascii	"(\352\261\302i\003\253\262\006g\004\253hp\026\015\334"
 121      6903ABB2 
 121      066704AB 
 121      6870160D 
 121      DC
 122 0650 9B060AAD 		.ascii	"\233\006\012\255\374[3\3009\022\312\256\254~\213`\027"
 122      FC5B33C0 
 122      3912CAAE 
 122      AC7E8B60 
 122      17
 123 0661 F5CF87B1 		.ascii	"\365\317\207\261+\253wA\260\213z\255a\354\312\352\265"
 123      2BAB7741 
 123      B08B7AAD 
 123      61ECCAEA 
 123      B5
 124 0672 097651AF 		.ascii	"\011vQ\257\035\327\357kt_\346\031\366h\354KI\007\207"
 124      1DD7EF6B 
 124      745FE619 
 124      F668EC4B 
 124      490787
 125 0685 2BC0712E 		.ascii	"+\300q.7\340\\9\027\234;\021\274\"\377Mw4\307\271\200"
 125      37E05C39 
 125      179C3B11 
 125      BC22FF4D 
 125      7734C7B9 
 126 069a E1DC6574 		.ascii	"\341\334et\224\305\271{\2068{#\340|$\013q\356\301\344"
 126      94C5B97B 
 126      86387B23 
 126      E07C240B 
 126      71EEC1E4 
ARM GAS  C:\Users\mvshv\AppData\Local\Temp\ccGbrytB.s 			page 10


 127 06ae C445C0D9 		.ascii	"\304E\300\331'p\276\370\006\234}%\026\026\015[\347\264"
 127      2770BEF8 
 127      069C7D25 
 127      16160D5B 
 127      E7B4
 128 06c0 385FA238 		.ascii	"8_\2428\367\262\324\367b\3412\236\3264E\213\302u\205"
 128      F7B2D4F7 
 128      62E1329E 
 128      D634458B 
 128      C27585
 129 06d3 142EB7C4 		.ascii	"\024.\267\304s\"\326\210\363e\201\363%v}_\030\316\022"
 129      7322D688 
 129      F36581F3 
 129      25767D5F 
 129      18CE12
 130 06e6 8AD80AFD 		.ascii	"\212\330\012\375\002g\324\273\202\255P\362\360q\211"
 130      0267D4BB 
 130      82AD50F2 
 130      F07189
 131 06f5 456F8578 		.ascii	"Eo\205x\270j@YV\376\232@\031\345\257\243\374\366\256"
 131      B86A4059 
 131      56FE9A40 
 131      19E5AFA3 
 131      FCF6AE
 132 0708 B11EFEF5 		.ascii	"\261\036\376\365\267\0037\336\033\006\230e-n\012\230"
 132      B70337DE 
 132      1B069865 
 132      2D6E0A98 
 133 0718 D1E256D8 		.ascii	"\321\342V\330\306+\2537 \340E\275\333a\360\312\352\015"
 133      C62BAB37 
 133      20E045BD 
 133      DB61F0CA 
 133      EA0D
 134 072a 0A78516F 		.ascii	"\012xQo(\014^Y\275a\001/\352\371C6\336#Y:\251\235\006"
 134      280C5E59 
 134      BD61012F 
 134      EAF94336 
 134      DE23593A 
 135 0741 52BBD9AB 		.ascii	"R\273\331\253Q\366;\223\023\177]GX\322hG\332\333\024"
 135      51F63B93 
 135      137F5D47 
 135      58D26847 
 135      DADB14
 136 0754 A2281F2E 		.ascii	"\242(\037.]j\013\376\255\337h\373u\365\357\2665\353"
 136      5D6A0BFE 
 136      ADDF68FB 
 136      75F5EFB6 
 136      35EB
 137 0766 57FFF5D3 		.ascii	"W\377\365\323F\333\212\225\253V\254\374r\331\007\313"
 137      46DB8A95 
 137      AB56ACFC 
 137      72D907CB 
 138 0776 97ADFAEC 		.ascii	"\227\255\372\354\213\025\237~\375\335\347\337\376\240"
 138      8B159F7E 
 138      FDDDE7DF 
 138      FEA0
 139 0784 BFB774AD 		.ascii	"\277\267t\255b^\267\341\267\365\033,k\327\377\361\313"
ARM GAS  C:\Users\mvshv\AppData\Local\Temp\ccGbrytB.s 			page 11


 139      625EB7E1 
 139      B7F51B2C 
 139      6BD7FFF1 
 139      CB
 140 0795 6FEBFE03 		.ascii	"o\353\376\003\3756z\207"
 140      FD367A87 
 141              		.text
 142              		.section	.gnu.lto___early_init.fb69db1b,"",%progbits
 143 0000 789C6363 		.ascii	"x\234cc``\270\004\304\226@,\015\304\214\314\014\214"
 143      6060B804 
 143      C496402C 
 143      0DC48CCC 
 143      0C8C
 144 0012 4C13CE31 		.ascii	"L\023\316104r012\202\030\015\034\214\014\365L\214\365"
 144      30347230 
 144      31328218 
 144      0D1C8C0C 
 144      F54C8CF5 
 145 0026 8C3DCC53 		.ascii	"\214=\314S\230\031\017\265?\333\311\244\271\274\001"
 145      98190FB5 
 145      3FDBC9A4 
 145      B9BC01
 146 0035 080E4CBF 		.ascii	"\010\016L\277\302\327\326\320*1\207\231\201a\032\020"
 146      C2D7D6D0 
 146      2A318799 
 146      81611A10 
 147 0045 8300E366 		.ascii	"\203\000\343fFM\006\240\262G\033\377M\345ec\201\210"
 147      464D06A0 
 147      B2471BFF 
 147      4DE56563 
 147      8188
 148 0057 336E6164 		.ascii	"3nadc`\0042\326_b=\320\360\357\177{\303\2013\213\031"
 148      63600432 
 148      D65F623D 
 148      D0F0EF7F 
 148      7BC38133 
 149 006d EFFAB130 		.ascii	"\357\372\26100t\000\345\201\2264\034`\350df\002\261"
 149      307400E5 
 149      8196341C 
 149      60E86466 
 149      02B1
 150 007f 9A0F30BC 		.ascii	"\232\0170\274al^\260y.3X\027\320\250\235;\337\334f\257"
 150      616C5EB0 
 150      792E3358 
 150      17D0A89D 
 150      3BDFDC66 
 151 0094 FFDBC031 		.ascii	"\377\333\3001\207\231q\0323\320\030\306\255\214\365"
 151      8799711A 
 151      33D018C6 
 151      AD8CF5
 152 00a3 0C7380CA 		.ascii	"\014s\200\312A\012\267\312bW\307\004T\267\015\252\356"
 152      410AB7CA 
 152      6257C704 
 152      54B70DAA 
 152      EE
 153 00b4 1D63D382 		.ascii	"\035c\323\202\335s\031\301\012A\240\003h\012\320*\240"
 153      DD7319C1 
ARM GAS  C:\Users\mvshv\AppData\Local\Temp\ccGbrytB.s 			page 12


 153      0A41A003 
 153      680AD02A 
 153      A0
 154 00c5 12733D3D 		.ascii	"\022s==}8\312/\326\317H\314\321O\312O,J)\326\017\016"
 154      7D38CA2F 
 154      D6CF48CC 
 154      D14FCA4F 
 154      2C4A29D6 
 155 00db 890F0EF1 		.ascii	"\211\017\016\36156r3\216w\361\014v\366\017s\015\212"
 155      35367233 
 155      8E77F10C 
 155      76F60F73 
 155      0D8A
 156 00ed 84C8E925 		.ascii	"\204\310\351%3\000\000#YWk"
 156      33000023 
 156      59576B
 157              		.text
 158              		.section	.gnu.lto_boardInit.fb69db1b,"",%progbits
 159 0000 789C6363 		.ascii	"x\234cc``\250\003bK \226\006bFf\006F\246\011\347\030"
 159      6060A803 
 159      624B2096 
 159      06624666 
 159      0646A609 
 160 0016 181A3998 		.ascii	"\030\0329\230\030\031A\214\006\016F\206z&\306z\306\036"
 160      1819418C 
 160      060E4686 
 160      7A26C67A 
 160      C61E
 161 0028 E629CC8C 		.ascii	"\346)\314\214\207\332\237\355d\322\\\336\000\004\007"
 161      87DA9FED 
 161      64D25CDE 
 161      000407
 162 0037 A66F106A 		.ascii	"\246o\020jkh\225\230\303\314\3000\015\210A\200q3\243"
 162      6B689598 
 162      C3CCC030 
 162      0D884180 
 162      7133A3
 163 004a 260350D9 		.ascii	"&\003P\331\243\215\377\246\362\262\261@\304\031\267"
 163      A38DFFA6 
 163      F2B2B140 
 163      C419B7
 164 0059 30B23130 		.ascii	"0\26210\002\031\353/\261\036h\370\367\277\275\341\300"
 164      0219EB2F 
 164      B11E68F8 
 164      F7BFBDE1 
 164      C0
 165 006a 97458C5B 		.ascii	"\227E\214[\203\230\030\030:\200\362@K\032\0160t23\201"
 165      83981818 
 165      3A80F240 
 165      4B1A0E30 
 165      74323381 
 166 007e 58CD0718 		.ascii	"X\315\007\030\33616)\200\265\200@\0073#H\030\250\324"
 166      DE313629 
 166      80B58040 
 166      07332348 
 166      18A8D4
 167 0091 5C4F4F1F 		.ascii	"\\OO\037\216\362\213\3653\022s\364\223\362\023\213R"
ARM GAS  C:\Users\mvshv\AppData\Local\Temp\ccGbrytB.s 			page 13


 167      8EF28BF5 
 167      331273F4 
 167      93F2138B 
 167      52
 168 00a2 8AF58343 		.ascii	"\212\365\203C\342\203C|\215\215\334\214\343]<\203\235"
 168      E283437C 
 168      8D8DDC8C 
 168      E35D3C83 
 168      9D
 169 00b3 FDC35C83 		.ascii	"\375\303\\\203\"!rz\311\014\000\215\377;\206"
 169      2221727A 
 169      C90C008D 
 169      FF3B86
 170              		.text
 171              		.section	.gnu.lto_.symbol_nodes.fb69db1b,"",%progbits
 172 0000 789C55C8 		.ascii	"x\234U\310\313\011\200@\014\000\321I\002[\227\326a1"
 172      CB098040 
 172      0C00D149 
 172      025B97D6 
 172      6131
 173 0012 4909D6B0 		.ascii	"I\011\326\260]\370\005\301\2635X\211l\020<x\030\006"
 173      5DF805C1 
 173      B3355889 
 173      6C103C78 
 173      1806
 174 0024 5E01860C 		.ascii	"^\001\206\014]\324a\274 7\305\021%mU\227\317\346\350"
 174      5DD461BC 
 174      2037C511 
 174      256D5597 
 174      CFE6E8
 175 0037 533675FD 		.ascii	"S6u\375\211\354\352\366\012Dt`\002\365~\304\3048\363"
 175      89ECEAF6 
 175      0A447460 
 175      02F57EC4 
 175      C438F3
 176 004a 3461D318 		.ascii	"4a\323\030?"
 176      3F
 177              		.text
 178              		.section	.gnu.lto_.refs.fb69db1b,"",%progbits
 179 0000 789C6363 		.ascii	"x\234cc```\004b\006\000\000D\000\010"
 179      60606004 
 179      62060000 
 179      440008
 180              		.text
 181              		.section	.gnu.lto_.decls.fb69db1b,"",%progbits
 182 0000 789CAD58 		.ascii	"x\234\255X{TT\307\031\277sgwa\227\005<`-'\261-'%\206"
 182      7B5454C7 
 182      19BF7367 
 182      77619705 
 182      3C602D27 
 183 0019 7F020A69 		.ascii	"\177\002\012i\322\323\366\364\034\005\2146&p\026\323"
 183      D2D3F6F4 
 183      1C058C36 
 183      267016D3 
 184 0029 9EB4B41B 		.ascii	"\236\264\264\033\2045r\012,\205\2455'\177\364\362P\004"
 184      8435720A 
 184      2C85A535 
ARM GAS  C:\Users\mvshv\AppData\Local\Temp\ccGbrytB.s 			page 14


 184      277FF4F2 
 184      5004
 185 003b 1F88E203 		.ascii	"\037\210\342\003P\003\342\213H\020\0230\362^ \370\000"
 185      5003E28B 
 185      48101330 
 185      F25E20F8 
 185      00
 186 004c 51400591 		.ascii	"Q@\005\221\207\010\001\215\022ET\304'\375f\346\356\356"
 186      8708018D 
 186      124554C4 
 186      27FD66E6 
 186      EEEE
 187 005e E5B2B469 		.ascii	"\345\262\264iN\366\360q\3577\363\233\337\367\3157\363"
 187      4EF6F071 
 187      EF37F39B 
 187      DFF7CD37 
 187      F3
 188 006f CD37BB2A 		.ascii	"\3157\273*\216\343\232\346q\334'\230\343\026\"\216\233"
 188      8EE39AE6 
 188      71DC2798 
 188      E316228E 
 188      9B
 189 0080 828F02DA 		.ascii	"\202\217\002\332\3529\333\207\350U 5 u\262>\313\347"
 189      EA39DB87 
 189      E8552035 
 189      2075B23E 
 189      CBE7
 190 0092 5F30D619 		.ascii	"_0\326\031\236\037\202\274\006\362\000d\034\344\002"
 190      9E1F82BC 
 190      06F20064 
 190      1CE402
 191 00a1 881BC85C 		.ascii	"\210\033\310\\\020/\300\374\026d%H(\310\373 \277\004"
 191      102FC0FC 
 191      16642548 
 191      28C8FB20 
 191      BF04
 192 00b3 7185BEBB 		.ascii	"q\205\276\273 C \357\202\376\023\220_\200x\200\314\003"
 192      204320EF 
 192      82FE1390 
 192      5F807880 
 192      CC03
 193 00c5 7919E4E7 		.ascii	"y\031\344\347 ?\003Y\016\362\016H0\3102\220\025 \274"
 193      203F0359 
 193      0EF20E48 
 193      30C83290 
 193      1520BC
 194 00d8 E8DF9FE1 		.ascii	"\350\337\237\341\035\376\27004\335\267O@\307\242o\177"
 194      1DFEB830 
 194      34DDB74F 
 194      40C7A26F 
 194      7F
 195 00e9 85F74AB1 		.ascii	"\205\367J\261\035\213s\252\232eN\377\026\371>\024u$"
 195      1D8B73AA 
 195      9A654EFF 
 195      16F93E14 
 195      7524
 196 00fb CE5FFEC9 		.ascii	"\316_\376\311\306\250\262\276\246\316\351\032\352C\340"
ARM GAS  C:\Users\mvshv\AppData\Local\Temp\ccGbrytB.s 			page 15


 196      C6A8B2BE 
 196      A6CEE91A 
 196      EA43E0
 197 010a 0B9AC3D0 		.ascii	"\013\232\303\320\210\375\207'\021\252OY>\210\265C+\317"
 197      88FD8727 
 197      11AA4F59 
 197      3E88B543 
 197      2BCF
 198 011c 1E229428 		.ascii	"\036\"\224(\226!\310\332\302\213\034\274\205\227\376"
 198      9621C8DA 
 198      C28B1CBC 
 198      8597FE
 199 012b 890448CA 		.ascii	"\211\004H\312\312\372\2319\313\207y\316^$\343X\023o"
 199      CAFA9939 
 199      CB8779CE 
 199      5E24E358 
 199      136F
 200 013d 33261932 		.ascii	"3&\0312\303W\316\332mu\3126I$\006\341\362\350\246\022"
 200      C357CEDA 
 200      6D75CA36 
 200      492406E1 
 200      F2E8A612 
 201 0151 ED00EA87 		.ascii	"\355\000\352\207\336\0178n\253c\014\"\255w\237u\235"
 201      DE0F386E 
 201      AB630C22 
 201      AD779F75 
 201      9D
 202 0162 C498A7EF 		.ascii	"\304\230\247\357{6W\346\251\261\033}\257\351\030z\250"
 202      7B3657E6 
 202      A9B11B7D 
 202      AFE9187A 
 202      A8
 203 0173 F52916D8 		.ascii	"\365)\026\330\3071\007s\350\004\302\226\2006M=2\273"
 203      C7310773 
 203      E804C296 
 203      80364D3D 
 203      32BB
 204 0185 6EC4C84D 		.ascii	"n\304\310M\203xP;\306\316\355u\002u\256\006\315\001"
 204      8378503B 
 204      C6CEED75 
 204      0275AE06 
 204      CD01
 205 0197 B578D354 		.ascii	"\265x\323T\266\322c'\031\2705E\230\303\243\017\347\241"
 205      B6D26327 
 205      19B83545 
 205      98C3A30F 
 205      E7A1
 206 01a9 0A341F9D 		.ascii	"\0124\037\235D\363\301\235J\344\001\377c\025\214\351"
 206      44F3C19D 
 206      4AE401FF 
 206      63158CE9 
 207 01b9 4A72E7A8 		.ascii	"Jr\347\250\363+\371\202y@0w\345z\037\255\274)\010\032"
 207      F32BF982 
 207      79403077 
 207      E57A1FAD 
 207      BC29081A 
 208 01cd 0501A172 		.ascii	"\005\001\241r\204\321W\310\207L\241\234\230Feh\000\241"
ARM GAS  C:\Users\mvshv\AppData\Local\Temp\ccGbrytB.s 			page 16


 208      84D157C8 
 208      874CA19C 
 208      98466568 
 208      00A1
 209 01df 2FD13598 		.ascii	"/\3215\230A\025z\005\006\337\373.\363\274+\316@\324"
 209      41157A05 
 209      06DFFB2E 
 209      F3BC2BCE 
 209      40D4
 210 01f1 E3E61B53 		.ascii	"\343\346\033Sf\007`\312\007\246\316Jm\256`N\006\007"
 210      660760CA 
 210      07A6CE4A 
 210      6DAE604E 
 210      0607
 211 0203 784A556D 		.ascii	"xJUm\243\252\226S\325P\252s#}\237\340]\214\251\376\346"
 211      A3AA9653 
 211      D550AA73 
 211      237D9FE0 
 211      5D8CA9FE 
 212 0218 C65A1530 		.ascii	"\306Z\0250\225\002S\303\362iD\2656\242Z9Q\035%\022n"
 212      950253C3 
 212      F26944B5 
 212      36A25A39 
 212      511D2512 
 213 022d 56F5BAE2 		.ascii	"V\365\272\342\002\306\224\371YF\255\032\230\006\004"
 213      02C694F9 
 213      5946AD1A 
 213      980604
 214 023c 985DC91B 		.ascii	"\230]\311\033\305\353\326o\026\012\020\215\0012\333"
 214      C5EBD66F 
 214      160A108D 
 214      0132DB
 215 024b A8CC6264 		.ascii	"\250\314bdQ=\245hO-\335\203Yt\025d\226\255\271C.,\272"
 215      513DA568 
 215      4F2DDD83 
 215      59741564 
 215      96ADB943 
 216 0262 9EA0567D 		.ascii	"\236\240V}U}J\311z\027\202\232w\277\357[5S\275Am\351"
 216      557D4AC9 
 216      7A17829A 
 216      77BFEF5B 
 216      3553BD41 
 217 0278 2C2851E2 		.ascii	",(Q\342\021f\276\357L\321QB\364\232\006\221\255\342"
 217      1166BEEF 
 217      4CD15142 
 217      F49A0691 
 217      ADE2
 218 028a 0A4DC746 		.ascii	"\012M\307F+\036;\263&\202\350\310\034?\340\200G)\234"
 218      2B1E3BB3 
 218      2682E8C8 
 218      1C3FE080 
 218      47299C
 219 029d BFD6FDB4 		.ascii	"\277\326\375\264\327\005i\2747\010B\262\220\237\"\250"
 219      D70569BC 
 219      370842B2 
 219      909F22A8 
 220 02ad 9771A811 		.ascii	"\227q\250\021\326\255\001\326\015\265 o2\210x\214\316"
ARM GAS  C:\Users\mvshv\AppData\Local\Temp\ccGbrytB.s 			page 17


 220      D6AD01D6 
 220      0DB5206F 
 220      3288788C 
 220      CE
 221 02be 40E36968 		.ascii	"@\343ih<D\226\330<U\373\373\234qA\360D\315H\203\316"
 221      3C4496D8 
 221      3C55FBFB 
 221      9C7141F0 
 221      44CD4883 
 222 02d3 DA66F59A 		.ascii	"\332f\365\232\206-q\321\201\254\375*\334O\367\030_\225"
 222      862D71D1 
 222      81ACFD2A 
 222      DC4FF718 
 222      5F95
 223 02e5 37DCC4CF 		.ascii	"7\334\304\317f\343\374\3546z_9\265\216,B+\3308g\263"
 223      66E3FCEC 
 223      367A5F39 
 223      B58E2C42 
 223      2BD83867 
 224 02fa 01269991 		.ascii	"\001&\231\221\335\035\307\2034@\232\362\275Ha@\353\215"
 224      DD1DC783 
 224      34409AF2 
 224      BD486140 
 224      EB8D
 225 030c E31D0EB8 		.ascii	"\343\035\016\270\021\3230XB\354\306B\274\253bp\314\005"
 225      11D33058 
 225      42ECC642 
 225      BCAB6270 
 225      CC05
 226 031e B7B0BEAC 		.ascii	"\267\260\276\254\306\207\367\235\360\005\246\334I\035"
 226      C687F79D 
 226      F005A6DC 
 226      491D
 227 032c 1E706240 		.ascii	"\036pb@\017B\222\276m\007\217/\211$m\215\031j\334\313"
 227      0F4292BE 
 227      6D078F2F 
 227      89246D8D 
 227      196ADCCB 
 228 0340 144B4AB8 		.ascii	"\024KJ\270\261\224\310\250\357^\257\306\337\260\276"
 228      B194C8A8 
 228      EF5EAFC6 
 228      DFB0BE
 229 034f 829B15DB 		.ascii	"\202\233\025\333]\361m\246\344V=h\026\227\323\021\324"
 229      5DF16DA6 
 229      E4563D68 
 229      1697D311 
 229      D4
 230 0360 EA9E725F 		.ascii	"\352\236r_\374\200u\025Ul\276\256\304\317\2312\364U"
 230      FC807515 
 230      556CBEAE 
 230      C4CF9932 
 230      F455
 231 0372 EA840227 		.ascii	"\352\204\002')\250\322V90\354\202\3273\245\253mp\031"
 231      29A8D256 
 231      3930EC82 
 231      D733A5AB 
 231      6D7019
ARM GAS  C:\Users\mvshv\AppData\Local\Temp\ccGbrytB.s 			page 18


 232 0385 237803B4 		.ascii	"#x\003\264G'\236\366\210\273%\037\203>\271{\335a\204"
 232      47279EF6 
 232      88BB251F 
 232      833EB97B 
 232      DD6184
 233 0398 D329D455 		.ascii	"\323)\324Uh\333\002;\323\313\366q\367\366\362\332/\244"
 233      68DB023B 
 233      D3CBF671 
 233      F7F6F2DA 
 233      2FA4
 234 03aa A64084D3 		.ascii	"\246@\204\323q\346\361\003\355I\302\001\017t\001\202"
 234      71E6F103 
 234      ED49C201 
 234      0F740182 
 235 03ba 7C1982FC 		.ascii	"|\031\202\374\035r\267\305\361\022\315\336F\362\237"
 235      1D72B7C5 
 235      F112CDDE 
 235      46F29F
 236 03c9 63436E6D 		.ascii	"cCnm\300\220\034\251\230\342\257\310\361]3\360\203\351"
 236      C0901CA9 
 236      98E2AFC8 
 236      F15D33F0 
 236      83E9
 237 03db 12FC7539 		.ascii	"\022\374u9\376k\212_d\203_\225\302O\311\341M3\350\233"
 237      FE6B8A5F 
 237      64835F95 
 237      C24FC9E1 
 237      4D33E89B 
 238 03ef A5EEF4C9 		.ascii	"\245\356\364\311\361\276rx\203\024\336o\027.uF\212\356"
 238      F1BE7278 
 238      8314DE6F 
 238      172E7546 
 238      8AEE
 239 0401 91A3AFCE 		.ascii	"\221\243\257\316pf\\\212\357\264\037K\011}\203t\256"
 239      70665C8A 
 239      EFB41F4B 
 239      097D8374 
 239      AE
 240 0412 17E5F076 		.ascii	"\027\345\360v9|P\312\336m?\362\022x\263\224\275\303"
 240      397C50CA 
 240      DE6D3FF2 
 240      1278B394 
 240      BDC3
 241 0424 3E3B733E 		.ascii	">;s>\213\036\332 H\301\301\3116\037\0166\322I\360\220"
 241      8B1EDA20 
 241      48C1C1C9 
 241      361F0E36 
 241      D249F090 
 242 0438 40E80EE4 		.ascii	"@\350\016\344\322\015\344\205F@\306@n\202\334\006\031"
 242      D20DE485 
 242      4640C640 
 242      6E82DC06 
 242      19
 243 0449 02F91664 		.ascii	"\002\371\026d\020\344\026\310(\310]\220a\220o\220\027"
 243      10E416C8 
 243      28C85D90 
 243      61906F90 
ARM GAS  C:\Users\mvshv\AppData\Local\Temp\ccGbrytB.s 			page 19


 243      17
 244 045a 3DDC5822 		.ascii	"=\334X\"OL\271%\001;a\344\304$\346\254~v\246\343\242"
 244      4F4CB925 
 244      013B61E4 
 244      C424E6AC 
 244      7E76A6E3 
 245 046f 32414857 		.ascii	"2AHWQG\333\354/\271d^\035\3220\364\332_\024\012\207"
 245      5147DBEC 
 245      2FB9645E 
 245      1DD230F4 
 245      DA5F140A 
 246 0484 3C78585C 		.ascii	"<xX\\\334\347\204\233h\036\360EU\225\327\035\221\273"
 246      DCE7849B 
 246      681EF045 
 246      5595D71D 
 246      91BB
 247 0496 B7DDE9A2 		.ascii	"\267\335\351\242\3730\313\037o\306w\322q\012\231\361"
 247      FB30CB1F 
 247      6FC677D2 
 247      710A99F1 
 248 04a6 3830DEB3 		.ascii	"80\336\263\235\\$\000\324\261\266\221\303O\325\332\014"
 248      9D5C2400 
 248      D4B1B691 
 248      C34FD5DA 
 248      0C
 249 04b7 EB794881 		.ascii	"\353yH\201\226Ip\350\001\322\322\322\000O\000\227Ne"
 249      964970E8 
 249      01D2D2D2 
 249      004F0097 
 249      4E65
 250 04c9 0F38E376 		.ascii	"\0178\343v\226\370\203\311eg\234q'S6g74(p/S\012s\262"
 250      96F883C9 
 250      65679C71 
 250      27533667 
 250      37342870 
 251 04e2 D294F83A 		.ascii	"\322\224\370:S\212\266m-\325\340!\246\354\376\254\353"
 251      538AB66D 
 251      2DD5E021 
 251      A6ECFEAC 
 251      EB
 252 04f3 891A0F33 		.ascii	"\211\032\0173\345\340\223\247c\244>, \365\001K\252\303"
 252      E5E093A7 
 252      63A43E2C 
 252      20F5014B 
 252      AAC3
 253 0505 02561DEA 		.ascii	"\002V\035\352Z\316\036\322\342\333,f%\271\317\236\271"
 253      5ACE1ED2 
 253      E2DB2C66 
 253      25B9CF9E 
 253      B9
 254 0516 5A4E6EA8 		.ascii	"ZNn\250\353Jo\316Z\325\321\024\204i\201x\310>\203\306"
 254      EB4A6FCE 
 254      5AD5D114 
 254      84698178 
 254      C83E83C6 
 255 052a A792EAB0 		.ascii	"\247\222\352\260`W\0329\271_\300\032=\267\315\177\201"
 255      60571A39 
ARM GAS  C:\Users\mvshv\AppData\Local\Temp\ccGbrytB.s 			page 20


 255      B95FC01A 
 255      3DB7CD7F 
 255      81
 256 053b 7870D766 		.ascii	"xp\327f\365\214h\360\004\263\221\334\266\343\376\254"
 256      F58C68F0 
 256      04B391DC 
 256      B6E3FEAC 
 257 054b 3692F959 		.ascii	"6\222\371Ym\364\372}M\253C\022\257A\002o\265\361\302"
 257      6DF4FA7D 
 257      4DAB4312 
 257      AF41026F 
 257      B5F1C2
 258 055e 521D9227 		.ascii	"R\035\222'\367W;\342)jD1q\244\274\323\005\271{yI\226"
 258      F7573BE2 
 258      296A4431 
 258      71A4BCD3 
 258      05B97B79 
 259 0574 9FE72421 		.ascii	"\237\347$!O\345\331\332\247\201\301u\274\027Z\317{\211"
 259      4FE5D9DA 
 259      A781C175 
 259      BC175ACF 
 259      7B89
 260 0586 9B14BC32 		.ascii	"\233\024\2742_;\202\253\013\317o\022\362\353\021\265"
 260      5F3B82AB 
 260      0BCF6F12 
 260      F2EB11B5 
 261 0596 9702F6C8 		.ascii	"\227\002\366\310\010\253\237\322\243\203\014\270\365"
 261      08AB9FD2 
 261      A3830CB8 
 261      F5
 262 05a3 720E5C21 		.ascii	"r\016\\!0\005?A\366\300\0254\367\330\\\372\3634p\337"
 262      30053F41 
 262      F6C01534 
 262      F7D85CFA 
 262      F33470DF 
 263 05b7 2220697E 		.ascii	"\" i~\200\333\247\033n\227i\340\354\236\353\315h;\363"
 263      80DBA71B 
 263      6E9769E0 
 263      EC9EEBCD 
 263      683BF3
 264 05ca DC0A5384 		.ascii	"\334\012S\2043\013iI\234\004\336\014~\256\375\363\213"
 264      330B6949 
 264      9C04DE0C 
 264      7EAEFDF3 
 264      8B
 265 05db E65D9E4B 		.ascii	"\346]\236K\022\365\202X\177<;z\033A\347\247\260\214"
 265      12F58258 
 265      7F3C3B7A 
 265      1B41E7A7 
 265      B08C
 266 05ed B08584A0 		.ascii	"\260\205\204\240IH6BH6@H\322y\351\026?\237\347A\223"
 266      49483642 
 266      48364048 
 266      D279E916 
 266      3F9FE741 
 267 0602 1A50D39D 		.ascii	"\032P\323\235F\255\225\333\312\324s\2014ivRn\032#\014"
 267      46AD95DB 
ARM GAS  C:\Users\mvshv\AppData\Local\Temp\ccGbrytB.s 			page 21


 267      CAD47381 
 267      34697652 
 267      6E1A230C 
 268 0616 4A6DBC5C 		.ascii	"Jm\274\\\256\305UJ\272\007\207[\216%;\342:\246\354k"
 268      AEC5554A 
 268      BA07875B 
 268      8E253BE2 
 268      3AA6EC6B 
 269 062a 2D6951E2 		.ascii	"-iQ\342F\246T\035-\351\340\361Y\246\024W\214mD\270\235"
 269      46A6541D 
 269      2DE9E0F1 
 269      59A61457 
 269      8C6D44B8 
 270 063f 29F7D28E 		.ascii	")\367\322\216\231\360\025\366\236\331\366i\217#\253"
 270      99F015F6 
 270      9ED9F669 
 270      8F23AB
 271 064e 87667257 		.ascii	"\207frW\235,\370f\033\217\373i\247vS[\312\005%\253\207"
 271      9D2CF866 
 271      1B8FFB69 
 271      A776535B 
 271      CA0525AB 
 272 0663 EE5EDEE4 		.ascii	"\356^\336\344\301\016\226\221\\1\266\344`\311\202\005"
 272      C10E9691 
 272      5C31B6E4 
 272      60C98205 
 273 0673 CEE5FF6B 		.ascii	"\316\345\377k)y\331v\014m\226\243g\326\301'/\331\340"
 273      2979D976 
 273      0C6D96A3 
 273      67D6C127 
 273      2FD9E0
 274 0686 5BECC325 		.ascii	"[\354\303%\207\334\270\004\235)G\317,<\015\363m\360"
 274      87DCB804 
 274      9D2947CF 
 274      2C3C0DF3 
 274      6DF0
 275 0698 0924835F 		.ascii	"\011$\203_\232\355\250\337\316\317\027\217\327\\q\363"
 275      9AEDA8DF 
 275      CECF178F 
 275      D75C71F3 
 276 06a8 EF8195DE 		.ascii	"\357\201\225\336\013\353\262\003\344S\220\335 \273@"
 276      0BEBB203 
 276      E45390DD 
 276      20BB40
 277 06b7 7682E483 		.ascii	"v\202\344\203\344\200\344\201\354\263&\007\2554\022"
 277      E480E481 
 277      ECB32607 
 277      AD3412
 278 06c6 EB0FE5D6 		.ascii	"\353\017\345\326%eL\3347\271\254\030\344\362v\212A\277"
 278      25654CDC 
 278      37B9AC18 
 278      E4F2768A 
 278      41BF
 279 06d8 740DB6D9 		.ascii	"t\015\266\331]\003i)\220\030\316\226\203\333gD\351\226"
 279      5D036929 
 279      9018CE96 
 279      83DB6744 
ARM GAS  C:\Users\mvshv\AppData\Local\Temp\ccGbrytB.s 			page 22


 279      E996
 280 06ea 24A85BED 		.ascii	"$\250[\355\007\325B\016i\363\"O\303\340\233`\307>\262"
 280      07D5420E 
 280      69F3224F 
 280      C3E09B60 
 280      C73EB2
 281 06fd 1F544B9D 		.ascii	"\037TK\2351\267N\226)\361\020\335_|\355\211\2035\016"
 281      31B74E96 
 281      29F110DD 
 281      5F7CED89 
 281      83350E
 282 0710 C8DB5D4C 		.ascii	"\310\333]L\355=*\222\332\2050\270\300vH\221\311\317"
 282      ED3D2A92 
 282      DA8530B8 
 282      C0764891 
 282      C9CF
 283 0722 B21A683F 		.ascii	"\262\032h?,\302\017]\020\360eoI\311=,--\205\274\264"
 283      2CC20F5D 
 283      10F0656F 
 283      49C93D2C 
 283      2D2D85BC 
 284 0737 B41CE0B5 		.ascii	"\264\034\340\265\026'\340\025\360\275\351\353\367\251"
 284      1627E015 
 284      F0BDE9EB 
 284      F7A9
 285 0745 F0184B9C 		.ascii	"\360\030K\234\301\312\336$\036?d\312\335\355M\255<~"
 285      C1CADE24 
 285      1E3F64CA 
 285      DDED4DAD 
 285      3C7E
 286 0757 CC94912B 		.ascii	"\314\224\221+)9*<\305\224\255\317\273\005\025NS\261"
 286      29392A3C 
 286      C594ADCF 
 286      BB05154E 
 286      53B1
 287 0769 227477B2 		.ascii	"\"tw\262@\201\2670\345d\315w~\354^:\237|\007\357\273"
 287      4081B730 
 287      E564CD77 
 287      7EEC5E3A 
 287      9F7C07EF 
 288 077e 6716BF23 		.ascii	"g\026\277#\016 \320\273S\036u:\343l\012U'_\231h$y\010"
 288      0E20D0BB 
 288      531E753A 
 288      E36C0A55 
 288      275F9968 
 289 0795 87B217BD 		.ascii	"\207\262\027\275\221\222\003\256+\367w;N\257\027\266"
 289      919203AE 
 289      2BF7773B 
 289      4EAF17B6 
 290 07a5 86D313EE 		.ascii	"\206\323\023\356s\210X\351,a\027\317\331\203\230\\^"
 290      738858E9 
 290      2C6117CF 
 290      D983985C 
 290      5E
 291 07b6 09F8901C 		.ascii	"\011\370\220\034,\311\252i\221.\206H\037\345I_\251\030"
 291      2CC9AA69 
 291      912E8648 
ARM GAS  C:\Users\mvshv\AppData\Local\Temp\ccGbrytB.s 			page 23


 291      1FE5495F 
 291      A918
 292 07c8 E63208F3 		.ascii	"\3462\010\363\027\020\306\023"
 292      1710C613 
 293 07d0 20C741BE 		.ascii	" \307A\276\0049\006R\016R2\255\020\\\265\331;\"\267"
 293      04390652 
 293      0E5232AD 
 293      105CB5D9 
 293      3B22B7
 294 07e3 7755EE5C 		.ascii	"wU\356\\\263\015\374\231\034,/\030\2036\354a\373\304"
 294      B30DFC99 
 294      1C2C2F18 
 294      8336EC61 
 294      FBC4
 295 07f5 8D928271 		.ascii	"\215\222\202qj\007&\273\252T\236C\204ib\207\003\333"
 295      6A0726BB 
 295      AA549E43 
 295      84696287 
 295      03DB
 296 0807 B884EBA0 		.ascii	"\270\204\353\240\375\240X\322\202\340;l\226\213\354"
 296      FDA058D2 
 296      82E03B6C 
 296      968BEC
 297 0816 7AC9C0B0 		.ascii	"z\311\300\260|\215\0159/\034p\016]>\276xo\315\244F~"
 297      7C8D0D39 
 297      2F1C700E 
 297      5D3EBE78 
 297      6FCDA446 
 298 082b 9DB28416 		.ascii	"\235\262\204\026U@D\377\237\350\212\323z\223\314\352"
 298      554044FF 
 298      9FE88AD3 
 298      7A93CCEA 
 299 083b 241967CB 		.ascii	"$\031g\313\225R^\2744\365m;:\352\342.\332\3330\253="
 299      95525EBC 
 299      34F56D3B 
 299      3AEAE22E 
 299      DADB30AB 
 300 0850 EE7F1A23 		.ascii	"\356\177\032#;1\353T\311\264\013X\345\264,\251\342\331"
 300      3B31EB54 
 300      C9B40B58 
 300      E5B42CA9 
 300      E2D9
 301 0862 05AC8AA6 		.ascii	"\005\254\212\246Hq\353\351^\361\273\371\006\262\215"
 301      4871EBE9 
 301      5EF1BBF9 
 301      06B28D
 302 0871 A7BEED2E 		.ascii	"\247\276\355.\024\277~\217\021\262\214\362\355\205\256"
 302      14BF7E8F 
 302      11B28CF2 
 302      ED85AE
 303 0880 F810CB80 		.ascii	"\370\020\313\200\213#\005\251Z\326\331F\364-\231_\036"
 303      8B2305A9 
 303      5AD6D946 
 303      F42D995F 
 303      1E
 304 0891 D7E0CF59 		.ascii	"\327\340\317Y\347\221\221=[\304\316_\203Z\336z\262_"
 304      E791913D 
ARM GAS  C:\Users\mvshv\AppData\Local\Temp\ccGbrytB.s 			page 24


 304      5BC4CE5F 
 304      835ADE7A 
 304      B25F
 305 08a3 89CB585F 		.ascii	"\211\313X_\357xg\232\023\256b\312\261g\331\207U\270"
 305      EF78679A 
 305      13AE62CA 
 305      B167D987 
 305      55B8
 306 08b5 8129F78F 		.ascii	"\201)\367\217|\261\317\221\215:B\354\357M3\227\211i"
 306      7CB1CF91 
 306      8D3A42EC 
 306      EF4D3397 
 306      8969
 307 08c7 65D61093 		.ascii	"e\326\020\223\217\332\3224\370,\005;\366%\3379\354l"
 307      8FDAD234 
 307      F82C053B 
 307      F625DF39 
 307      EC6C
 308 08d9 4D2B7611 		.ascii	"M+v\021\350\337\355\266] \307*\011m-\204\266\031\236"
 308      E8DFEDB6 
 308      5D20C72A 
 308      096D2D84 
 308      B6199E
 309 08ec D6D8D5F0 		.ascii	"\326\330\325\360\262{C\307O\311\206 \330F9v\326br\212"
 309      B27B43C7 
 309      4FC98620 
 309      D8463976 
 309      D662728A 
 310 0900 1C5F94A8 		.ascii	"\034_\224\250Y\\\366\363\260$\255\020\365\263 - \027"
 310      595CF6F3 
 310      B024AD10 
 310      F5B3202D 
 310      2017
 311 0912 40CE809C 		.ascii	"@\316\200\234\263%\024\330\272e\265\325 \267U/\367k"
 311      B32514D8 
 311      BA65B5D5 
 311      20B7552F 
 311      F76B
 312 0924 1C6E1C64 		.ascii	"\034n\034dc\023\364i9\272\232\237\266\261\001\376d\236"
 312      6313F469 
 312      39BA9A9F 
 312      B6B101FE 
 312      649E
 313 0936 85FA6B39 		.ascii	"\205\372k9\330\226}\342}}'\315\247\346\031\371D6\245"
 313      D8967DE2 
 313      7D7D27CD 
 313      A7E619F9 
 313      4436A5
 314 0949 34786639 		.ascii	"4xf9S\035?-EN]\354z\256\300m,En\324\177nv\262V\202\027"
 314      531D3F2D 
 314      454E5DEC 
 314      7AAEC06D 
 314      2C456ED4 
 315 0964 B9B41274 		.ascii	"\271\264\022t\300\3506\333\356n\236Y\011,\241D\355\020"
 315      C0E836DB 
 315      EE6E9E59 
 315      092CA144 
ARM GAS  C:\Users\mvshv\AppData\Local\Temp\ccGbrytB.s 			page 25


 315      ED10
 316 0976 C1EF1B4D 		.ascii	"\301\357\033M\260\375d\270\350\201\363\364\374\260G"
 316      B0FD64B8 
 316      E881F3F4 
 316      FCB047
 317 0985 C5FD2F9E 		.ascii	"\305\375/\236\323;\353\206\264\322\334\2708-7.\211\271"
 317      D33BEB86 
 317      B4D2DCB8 
 317      382D372E 
 317      89B9
 318 0997 7189E6C6 		.ascii	"q\211\346\306\245\033\311g\325\366\223\222\373\376\031"
 318      A51BC967 
 318      D5F69392 
 318      FBFE19
 319 09a6 892EF3EE 		.ascii	"\211.\363\356@\366\330<\320\004\3674\266\353\353{N7"
 319      40F6D83C 
 319      D004F734 
 319      B6EBEB7B 
 319      4E37
 320 09b8 68153CCB 		.ascii	"h\025<\313B\362\333!\264u\246\255\273\252\246m\244\216"
 320      42F2DB21 
 320      B475A6AD 
 320      BBAAA66D 
 320      A48E
 321 09ca 75F1B4F1 		.ascii	"u\361\264\361F\326\250~\326_\036\273y\362\313\343\025"
 321      46D6A87E 
 321      D65F1EBB 
 321      79F2CBE3 
 321      15
 322 09db 5EFCE9B1 		.ascii	"^\374\351\261\340\332\256\016'\361\247\307\027E/\025"
 322      E0DAAE0E 
 322      27F1A7C7 
 322      17452F15 
 323 09eb A4084760 		.ascii	"\244\010G`\230'\201\241N\333\252\300\353\364\337\371"
 323      982781A1 
 323      4EDBAAC0 
 323      EBF4DFF9 
 324 09fb AEF2E447 		.ascii	"\256\362\344G\272\246\275I5N\370&\363\257\253\241\356"
 324      BAA6BD49 
 324      354EF826 
 324      F3AFABA1 
 324      EE
 325 0a0c 0FAF160A 		.ascii	"\017\257\026\012mf\270:\346y\300\026a\201\352a,\222"
 325      6D66B83A 
 325      E679C016 
 325      6181EA61 
 325      2C92
 326 0a1e 84202D7F 		.ascii	"\204 -\177\203/\033\275\374\2530\354\323gOs\\\246\235"
 326      832F1BBD 
 326      FCAB30EC 
 326      D3674F73 
 326      5CA69D
 327 0a31 3CC84312 		.ascii	"<\310C\022\335>1\272\344\351\232`\212\361\367\323\177"
 327      DD3E31BA 
 327      E4E99A60 
 327      8AF1F7D3 
 327      7F
ARM GAS  C:\Users\mvshv\AppData\Local\Temp\ccGbrytB.s 			page 26


 328 0a42 141765D4 		.ascii	"\024\027e\324G\305F\231\336\364\361\361\265\376\031"
 328      47C54699 
 328      DEF4F1F1 
 328      B5FE19
 329 0a51 137CD784 		.ascii	"\023|\327\204G\373\2562\206\307G&\370\206\256\324\207"
 329      47FBAE32 
 329      86C74726 
 329      F886AED4 
 329      87
 330 0a62 AE7CD7DF 		.ascii	"\256|\327\337o\251\277>pyh@\360\037\203t\037\260>\237"
 330      6FA9BF3E 
 330      70796840 
 330      F01F8374 
 330      1FB03E9F 
 331 0a76 08C7B7DF 		.ascii	"\010\307\267\337{\3373`\321\"\356\255\0376\236\323\352"
 331      7BDF3360 
 331      D122EEAD 
 331      1F369ED3 
 331      EA
 332 0a87 F586F0F8 		.ascii	"\365\206\360\370\350\217\251\023j\332\272\034\336\346"
 332      E88FA913 
 332      6ADABA1C 
 332      DEE6
 333 0a95 30F722A2 		.ascii	"0\367\"\242\215\021\177\247]\376v\370\343\214\361&B"
 333      8D117FA7 
 333      5DFE76F8 
 333      E38CF126 
 333      42
 334 0aa6 0FDCBEA2 		.ascii	"\017\334\276\242\205\265kI\217>::\322g\015\247\014X"
 334      85B56B49 
 334      8F3E3A3A 
 334      D2670DA7 
 334      0C58
 335 0ab8 FAB6CE4F 		.ascii	"\372\266\316O\243\327'F\305\232\200\315\264:\3427a\021"
 335      A3D72746 
 335      C59A80CD 
 335      B43AE237 
 335      6111
 336 0aca 6BA25645 		.ascii	"k\242VE%\230\022#\243\214a&\2431:!\354\243\330DO\372"
 336      25981223 
 336      A38C6126 
 336      A3313A21 
 336      ECA3D844 
 337 0ae0 E6191E1F 		.ascii	"\346\031\036\037\343i\210Ye\210\2144D\206\275\345\263"
 337      E3698859 
 337      65888C34 
 337      4486BDE5 
 337      B3
 338 0af1 D0D36FE1 		.ascii	"\320\323o\341\242\267\376\361F\030\264\277\036k\214"
 338      A2B7FEF1 
 338      4618B4BF 
 338      1E6B8C
 339 0b00 35BC6E08 		.ascii	"5\274n\010_\025\025\026\025\033\021\235\030i\010\213"
 339      5F151516 
 339      151B119D 
 339      1869088B 
 340 0b10 0907AE58 		.ascii	"\011\007\256XC\230>\322\260:<1\332\2447}\034gH\000\273"
ARM GAS  C:\Users\mvshv\AppData\Local\Temp\ccGbrytB.s 			page 27


 340      43983ED2 
 340      B03A3C31 
 340      DAA4377D 
 340      1C674800 
 341 0b25 8E167B7F 		.ascii	"\216\026{\177\371Q\355%|\234\020\246O0E\0029\030qX\274"
 341      F951ED25 
 341      7C9C10A6 
 341      4F304502 
 341      39187158 
 342 0b3a 6C892E74 		.ascii	"l\211.t\245\016\007\204\352\024K\002\003t\016\213C\226"
 342      A50E0784 
 342      EA144B02 
 342      03740E8B 
 342      4396
 343 0b4c 2C0A7A8F 		.ascii	",\012z\217>\375\340\251\002\000<\034I3\001\222\027?"
 343      3EFDE0A9 
 343      02003C1C 
 343      49330192 
 343      173F
 344 0b5e 3662B94E 		.ascii	"6b\271NAB\303\007\350h\210\374\177%\013n\2041&\306\030"
 344      4142C307 
 344      E86888FC 
 344      7F250B6E 
 344      843126C6 
 345 0b73 EB6B586B 		.ascii	"\353kXk\202\270JBK\027e\265\377B\377\265\021\340\201"
 345      82B84A42 
 345      4B1765B5 
 345      FF42FFB5 
 345      11E081
 346 0b86 932E2040 		.ascii	"\223. @\277\022\346\034hX\255X\274T\267B\271\"8\340"
 346      BF12E61C 
 346      6858AD58 
 346      BC54B742 
 346      B92238E0 
 347 0b9a 1D702654 		.ascii	"\035p&T\247C\177B\313\224\021\321\260\264b\370\027\275"
 347      A7437F42 
 347      CB9411D1 
 347      B0B462F8 
 347      17BD
 348 0bac A937395A 		.ascii	"\25179Z^p\202\301do\303H\027t\305\212@\337\267C\226"
 348      5E7082C1 
 348      646FC348 
 348      1774C58A 
 348      40DFB743 
 349 0bc1 07FFD3CF 		.ascii	"\007\377\323\317\327\266U\301*\016\016\324\341\345\201"
 349      D7B655C1 
 349      2A0E0ED4 
 349      E1E581
 350 0bd0 3A65C8FB 		.ascii	":e\310\373!\201:\207\340\320\220\240\240@\235*x\345"
 350      21813A87 
 350      E0D090A0 
 350      A0409D2A 
 350      78E5
 351 0be2 0721413A 		.ascii	"\007!A:\345\273\301\201A:\342\3142\255d\203\233\024"
 351      E5BBC181 
 351      413AE2CC 
 351      32AD6483 
ARM GAS  C:\Users\mvshv\AppData\Local\Temp\ccGbrytB.s 			page 28


 351      9B14
 352 0bf4 E1ABE3A3 		.ascii	"\341\253\343\243\26112^\031\227\030\027\031\357`L\210"
 352      B131325E 
 352      19971817 
 352      19EF604C 
 352      88
 353 0c05 331822E3 		.ascii	"3\030\"\343UF\262d\361\312\030c\244!\236`\326h)\036"
 353      5546B264 
 353      F1CA1863 
 353      A4219E60 
 353      D668291E 
 354 0c19 DC4B8CD3 		.ascii	"\334K\214\323\233T!A\201\341\246pUH {\004\260\307\022"
 354      9B542141 
 354      81E1A670 
 354      5548207B 
 354      04B0C712 
 355 0c2d F658CC1E 		.ascii	"\366X\314\036K\311\303\231\016\2130\306\256\216\372"
 355      4BC9C399 
 355      0E8B30C6 
 355      AE8EFA
 356 0c3c 486F525B 		.ascii	"HoR[\263\312\235\276Y\366\007\353\377\017\336tr\223"
 356      B3CA9DBE 
 356      59F607EB 
 356      FF0FDE74 
 356      7293
 357              		.text
 358              		.section	.gnu.lto_.symtab.fb69db1b,"",%progbits
 359 0000 5F5F6561 		.ascii	"__early_init\000"
 359      726C795F 
 359      696E6974 
 359      00
 360 000d 00       		.ascii	"\000"
 361 000e 00       		.ascii	"\000"
 362 000f 00       		.ascii	"\000"
 363 0010 00000000 		.ascii	"\000\000\000\000\000\000\000\000"
 363      00000000 
 364 0018 BD000000 		.ascii	"\275\000\000\000"
 365 001c 626F6172 		.ascii	"boardInit\000"
 365      64496E69 
 365      7400
 366 0026 00       		.ascii	"\000"
 367 0027 00       		.ascii	"\000"
 368 0028 00       		.ascii	"\000"
 369 0029 00000000 		.ascii	"\000\000\000\000\000\000\000\000"
 369      00000000 
 370 0031 BF000000 		.ascii	"\277\000\000\000"
 371 0035 73746D33 		.ascii	"stm32_clock_init\000"
 371      325F636C 
 371      6F636B5F 
 371      696E6974 
 371      00
 372 0046 00       		.ascii	"\000"
 373 0047 02       		.ascii	"\002"
 374 0048 00       		.ascii	"\000"
 375 0049 00000000 		.ascii	"\000\000\000\000\000\000\000\000"
 375      00000000 
 376 0051 C1000000 		.ascii	"\301\000\000\000"
ARM GAS  C:\Users\mvshv\AppData\Local\Temp\ccGbrytB.s 			page 29


 377              		.text
 378              		.section	.gnu.lto_.opts,"",%progbits
 379 0000 272D666D 		.ascii	"'-fmath-errno' '-fsigned-zeros' '-ftrapping-math' '"
 379      6174682D 
 379      6572726E 
 379      6F272027 
 379      2D667369 
 380 0033 2D666E6F 		.ascii	"-fno-trapv' '-fno-openmp' '-fno-openacc' '-mcpu=cor"
 380      2D747261 
 380      70762720 
 380      272D666E 
 380      6F2D6F70 
 381 0066 7465782D 		.ascii	"tex-m4' '-mno-thumb-interwork' '-mthumb' '-O2' '-fo"
 381      6D342720 
 381      272D6D6E 
 381      6F2D7468 
 381      756D622D 
 382 0099 6D69742D 		.ascii	"mit-frame-pointer' '-falign-functions=16' '-ffuncti"
 382      6672616D 
 382      652D706F 
 382      696E7465 
 382      72272027 
 383 00cc 6F6E2D73 		.ascii	"on-sections' '-fdata-sections' '-fno-common' '-flto"
 383      65637469 
 383      6F6E7327 
 383      20272D66 
 383      64617461 
 384 00ff 2700     		.ascii	"'\000"
 385              		.text
 386              		.comm	__gnu_lto_v1,1,1
 387              		.comm	__gnu_lto_slim,1,1
 388              		.ident	"GCC: (GNU Tools for Arm Embedded Processors 7-2017-q4-major) 7.2.1 20170904 (release) [ARM
ARM GAS  C:\Users\mvshv\AppData\Local\Temp\ccGbrytB.s 			page 30


DEFINED SYMBOLS
                            *ABS*:00000000 board.c
                            *COM*:00000001 __gnu_lto_v1
                            *COM*:00000001 __gnu_lto_slim

NO UNDEFINED SYMBOLS
