ARM GAS  C:\Users\mvshv\AppData\Local\Temp\ccoIGale.s 			page 1


   1              		.cpu cortex-m4
   2              		.eabi_attribute 20, 1
   3              		.eabi_attribute 21, 1
   4              		.eabi_attribute 23, 3
   5              		.eabi_attribute 24, 1
   6              		.eabi_attribute 25, 1
   7              		.eabi_attribute 26, 1
   8              		.eabi_attribute 30, 2
   9              		.eabi_attribute 34, 1
  10              		.eabi_attribute 18, 4
  11              		.file	"crt1.c"
  12              		.section	.gnu.lto_.profile.fb69d861,"",%progbits
  13 0000 789C6363 		.ascii	"x\234cc```\001bF\006IQ\000\000\277\000:"
  13      60606001 
  13      62460649 
  13      510000BF 
  13      003A
  14              		.text
  15              		.section	.gnu.lto_.icf.fb69d861,"",%progbits
  16 0000 789C6363 		.ascii	"x\234cc``Pc@\0006\206\246\206\326M|\214`\222\011L2\357"
  16      60605063 
  16      40003686 
  16      A686D64D 
  16      7C8C6092 
  17 0018 7CF26527 		.ascii	"|\362e'/\313\376}+\217\260\263^\374\266\261\207\217"
  17      2FCBFE7D 
  17      2B8FB0B3 
  17      5EFCB6B1 
  17      878F
  18 002a 01003027 		.ascii	"\001\0000'\020q"
  18      1071
  19              		.text
  20              		.section	.gnu.lto_.jmpfuncs.fb69d861,"",%progbits
  21 0000 789C6363 		.ascii	"x\234cc``\020d@\000V fd``b``f``\001r\000\003o\000'"
  21      60601064 
  21      40005620 
  21      66646060 
  21      62606066 
  22              		.text
  23              		.section	.gnu.lto_.inline.fb69d861,"",%progbits
  24 0000 789C6363 		.ascii	"x\234cc``\210c@\000V\006\006f&F\006& \223m\201<\210"
  24      60608863 
  24      40005606 
  24      06662646 
  24      06262093 
  25 0018 6260C410 		.ascii	"b`\304\020a\302\020a\006\362 \",`\022H\211\374`\001"
  25      61C21061 
  25      06F22022 
  25      2C601248 
  25      89FC6001 
  26 002c 8A289DF8 		.ascii	"\212(\235\370\341\303\300\326\001Q\305\000\000\376\366"
  26      E1C3C0D6 
  26      0151C500 
  26      00FEF6
  27 003b 06DC     		.ascii	"\006\334"
  28              		.text
  29              		.section	.gnu.lto_.pureconst.fb69d861,"",%progbits
ARM GAS  C:\Users\mvshv\AppData\Local\Temp\ccoIGale.s 			page 2


  30 0000 789C6363 		.ascii	"x\234cc``\340\006bV\006\011F\011&\011f\023\026)\000"
  30      6060E006 
  30      62560609 
  30      46092609 
  30      66131629 
  31 0015 043700B7 		.ascii	"\0047\000\267"
  32              		.text
  33              		.section	.gnu.lto___core_init.fb69d861,"",%progbits
  34 0000 789C6363 		.ascii	"x\234cc``\250\003b\033 \226\006bFf\006F\246\011\347"
  34      6060A803 
  34      621B2096 
  34      06624666 
  34      0646A609 
  35 0015 18181A39 		.ascii	"\030\030\0329\230\030\031A\214\006\016F\206z&\306z\306"
  35      98181941 
  35      8C060E46 
  35      867A26C6 
  35      7AC6
  36 0027 1EE629CC 		.ascii	"\036\346)\314\214\207\332\237\355d\322\\\336\000\004"
  36      8C87DA9F 
  36      ED64D25C 
  36      DE0004
  37 0036 07A66FE2 		.ascii	"\007\246o\342jkh\225\230\303\314\3000\015\210A\200q"
  37      6A6B6895 
  37      98C3CCC0 
  37      300D8841 
  37      8071
  38 0048 33A32603 		.ascii	"3\243&\003P\331\243\215\377\246\362\262\261@\304\031"
  38      50D9A38D 
  38      FFA6F2B2 
  38      B140C419 
  39 0058 B730B231 		.ascii	"\2670\26210\002\031\353/\261\036h\370\367\277\275\341"
  39      300219EB 
  39      2FB11E68 
  39      F8F7BFBD 
  39      E1
  40 0069 C091C58C 		.ascii	"\300\221\305\214\373\275\230\030\030:\200\362@K\032"
  40      FBBD9818 
  40      183A80F2 
  40      404B1A
  41 0078 0E307432 		.ascii	"\0160t23\201X\315\007\030\33616)\200\265\200@\0073#"
  41      338158CD 
  41      0718DE31 
  41      362980B5 
  41      80400733 
  42 008d 4818A8D4 		.ascii	"H\030\250\324JOO\037\216\362\213\365\223\363ss\363\363"
  42      4A4F4F1F 
  42      8EF28BF5 
  42      93F37373 
  42      F3F3
  43 009f F48B4B12 		.ascii	"\364\213K\022\213JJ\013\364\035\203|\235}+@\242\005"
  43      8B4A4A0B 
  43      F41D837C 
  43      9D7D2B40 
  43      A205
  44 00b1 9939A945 		.ascii	"\2319\251E\305\372\356\316\316\372\311E%\206z\311\014"
  44      C5FAEECE 
ARM GAS  C:\Users\mvshv\AppData\Local\Temp\ccoIGale.s 			page 3


  44      CEFAC945 
  44      25867AC9 
  44      0C
  45 00c2 0057453D 		.ascii	"\000WE=\251"
  45      A9
  46              		.text
  47              		.section	.gnu.lto___early_init.fb69d861,"",%progbits
  48 0000 789C6363 		.ascii	"x\234cc``\250\001b\033 \226\006bFf\006F\246\011\347"
  48      6060A801 
  48      621B2096 
  48      06624666 
  48      0646A609 
  49 0015 18181A39 		.ascii	"\030\030\0329\230\030\031A\214\006\016F\206z&\306z\306"
  49      98181941 
  49      8C060E46 
  49      867A26C6 
  49      7AC6
  50 0027 1EE629CC 		.ascii	"\036\346)\314\214\207\332\237\355d\322\\\336\000\004"
  50      8C87DA9F 
  50      ED64D25C 
  50      DE0004
  51 0036 07A6FFE0 		.ascii	"\007\246\377\340jkh\225\230\303\314\3000\015\210A\200"
  51      6A6B6895 
  51      98C3CCC0 
  51      300D8841 
  51      80
  52 0047 7133A326 		.ascii	"q3\243&\003P\331\243\215\377\246\362\262\261@\304\031"
  52      0350D9A3 
  52      8DFFA6F2 
  52      B2B140C4 
  52      19
  53 0058 B730B231 		.ascii	"\2670\26210\002\031\353/\261\036h\370\367\277\275\341"
  53      300219EB 
  53      2FB11E68 
  53      F8F7BFBD 
  53      E1
  54 0069 C0196566 		.ascii	"\300\031ef&\006\206\016\240,\320\212\206\003\014\235"
  54      2606860E 
  54      A02CD08A 
  54      86030C9D 
  55 0079 402E90D5 		.ascii	"@.\220\325|\200\341\035c\223\002X\003\010t03\202\204"
  55      7C80E11D 
  55      63930258 
  55      03087430 
  55      338284
  56 008c 814AADF4 		.ascii	"\201J\255\364\364\364\341(\277X?9?77?O\277\270$\261"
  56      F4F4E128 
  56      BF583F39 
  56      3F37373F 
  56      4FBFB824 
  57 00a1 A8A4B440 		.ascii	"\250\244\264@\3371\310\327\331\267\002$Z\220\231\223"
  57      DF31C8D7 
  57      D9B70224 
  57      5A909993 
  58 00b1 5A54ACEF 		.ascii	"ZT\254\357\356\354\254\237\\Tb\250\227\314\000\000\244"
  58      EEECAC9F 
  58      5C5462A8 
ARM GAS  C:\Users\mvshv\AppData\Local\Temp\ccoIGale.s 			page 4


  58      97CC0000 
  58      A4
  59 00c2 153C6E   		.ascii	"\025<n"
  60              		.text
  61              		.section	.gnu.lto___late_init.fb69d861,"",%progbits
  62 0000 789C6363 		.ascii	"x\234cc``\250\001b\033 \226\006bFf\006F\246\011\347"
  62      6060A801 
  62      621B2096 
  62      06624666 
  62      0646A609 
  63 0015 18181A39 		.ascii	"\030\030\0329\230\030\031A\214\006\016F\206z&\306z\306"
  63      98181941 
  63      8C060E46 
  63      867A26C6 
  63      7AC6
  64 0027 1EE629CC 		.ascii	"\036\346)\314\214\207\332\237\355d\322\\\336\000\004"
  64      8C87DA9F 
  64      ED64D25C 
  64      DE0004
  65 0036 07A66FE1 		.ascii	"\007\246o\341nkh\225\230\303\314\3000\015\210A\200q"
  65      6E6B6895 
  65      98C3CCC0 
  65      300D8841 
  65      8071
  66 0048 33A32603 		.ascii	"3\243&\003P\331\243\215\377\246\362\262\261@\304\031"
  66      50D9A38D 
  66      FFA6F2B2 
  66      B140C419 
  67 0058 B730B231 		.ascii	"\2670\26210\002\031\353/\261\036h\370\367\277\275\341"
  67      300219EB 
  67      2FB11E68 
  67      F8F7BFBD 
  67      E1
  68 0069 C0116566 		.ascii	"\300\021ef&\006\206\016\240,\320\212\206\003\014\235"
  68      2606860E 
  68      A02CD08A 
  68      86030C9D 
  69 0079 402E90D5 		.ascii	"@.\220\325|\200\341\035c\223\002X\003\010t03\202\204"
  69      7C80E11D 
  69      63930258 
  69      03087430 
  69      338284
  70 008c 814AADF4 		.ascii	"\201J\255\364\364\364\341(\277X?9?77?O\277\270$\261"
  70      F4F4E128 
  70      BF583F39 
  70      3F37373F 
  70      4FBFB824 
  71 00a1 A8A4B440 		.ascii	"\250\244\264@\3371\310\327\331\267\002$Z\220\231\223"
  71      DF31C8D7 
  71      D9B70224 
  71      5A909993 
  72 00b1 5A54ACEF 		.ascii	"ZT\254\357\356\354\254\237\\Tb\250\227\314\000\000u"
  72      EEECAC9F 
  72      5C5462A8 
  72      97CC0000 
  72      75
  73 00c2 423C23   		.ascii	"B<#"
ARM GAS  C:\Users\mvshv\AppData\Local\Temp\ccoIGale.s 			page 5


  74              		.text
  75              		.section	.gnu.lto___default_exit.fb69d861,"",%progbits
  76 0000 789C6363 		.ascii	"x\234cc``\250\005b\033 6\007bFV\006F\246\011\347\030"
  76      6060A805 
  76      621B2036 
  76      07624656 
  76      0646A609 
  77 0016 181A3998 		.ascii	"\030\0329\230\030\231!\014fF\026\010\203\005\"\342\310"
  77      1899210C 
  77      66461608 
  77      830522E2 
  77      C8
  78 0027 C850CFC4 		.ascii	"\310P\317\304\314\302\010$\030\240\240\207y\0123\343"
  78      CCC20824 
  78      18A0A087 
  78      790A33E3 
  79 0037 A1F6673B 		.ascii	"\241\366g;\2314\2277\000\301\201\351\367\270\333\032"
  79      99349737 
  79      00C181E9 
  79      F7B8DB1A 
  80 0047 5A25E600 		.ascii	"Z%\346\000UL\203\252b\334\314\250\311\000T\366h\343"
  80      554C83AA 
  80      62DCCCA8 
  80      C90054F6 
  80      68E3
  81 0059 BFA9BC6C 		.ascii	"\277\251\274l,\020q\306-\214l\014\214@\306\372K\254"
  81      2C1071C6 
  81      2D8C6C0C 
  81      8C40C6FA 
  81      4BAC
  82 006b 071AFEFD 		.ascii	"\007\032\376\375oo8pg1\343Oo\240P\007P\236\261\341\000"
  82      6F6F3870 
  82      6731E34F 
  82      6FA05007 
  82      509EB1E1 
  83 0080 90666260 		.ascii	"\220fb`l\004\321\314\014@\353\233A,\026\020\213\261"
  83      6C04D1CC 
  83      0C40EB9B 
  83      412C1610 
  83      8BB1
  84 0092 8399116C 		.ascii	"\203\231\021l\262\225\236\236>\034\345\027\353'\347"
  84      B2959E9E 
  84      3E1CE517 
  84      EB27E7
  85 00a1 E7E6E6E7 		.ascii	"\347\346\346\347\351\027\227$\026\225\224\026\350;\006"
  85      E9179724 
  85      16959416 
  85      E83B06
  86 00b0 F93AFB56 		.ascii	"\371:\373V\200D\0132sR\213\212\365\335\235\235\365\223"
  86      80440B32 
  86      73528B8A 
  86      F5DD9D9D 
  86      F593
  87 00c2 8B4A0CF5 		.ascii	"\213J\014\365\222\031\000\241\204@\234"
  87      921900A1 
  87      84409C
  88              		.text
ARM GAS  C:\Users\mvshv\AppData\Local\Temp\ccoIGale.s 			page 6


  89              		.section	.gnu.lto___init_ram_areas.fb69d861,"",%progbits
  90 0000 789C9555 		.ascii	"x\234\225U\315oTU\024\277\347\335\3675o\246\223I\207"
  90      CD6F5455 
  90      14BFE7DD 
  90      F7356FA6 
  90      934987
  91 0013 850B42BA 		.ascii	"\205\013B\272\351\202M'\335\021\022\027MCt\303\306\277"
  91      E9824D27 
  91      DD111217 
  91      4D4374C3 
  91      C6BF
  92 0025 40525D98 		.ascii	"@R]\230\210\235\264%q\345\\\372\001S0H\210|d2\305QL"
  92      889DB425 
  92      71E55CFA 
  92      01533048 
  92      887C6432 
  93 003c B0461D0D 		.ascii	"\260F\035\015\250\355\364\353uZ\241`\247\320\021\010"
  93      A8EDF4EB 
  93      755AA160 
  93      A7D01108 
  94 004c 21D50558 		.ascii	"!\325\005XF\213_\330JB\305\3529\347\276\201\241U\324"
  94      468B5FD8 
  94      4A42C5EA 
  94      39E7BE81 
  94      A155D4
  95 005f C9CC7BF7 		.ascii	"\311\314{\367\276\373;\347\374\316\357\234w\306\026"
  95      BEFB3BE7 
  95      FCCEEF9C 
  95      77C616
  96 006e 429CB485 		.ascii	"B\234\264\205\330\201\367\017\360\007u\002\214\303s"
  96      D881F70F 
  96      F0077502 
  96      8CC373
  97 007d 42EC750D 		.ascii	"B\354u\015\220z!\301\322\013S/&]\3130\317\026\205P^"
  97      907A21C1 
  97      D20B532F 
  97      265DCB30 
  97      CF168550 
  98 0092 78212C54 		.ascii	"x!,T$\014.=\007G\337']\327p\364y\210\317CF\344\243i"
  98      240C2E3D 
  98      0747DF27 
  98      5DD770F4 
  98      7988CF43 
  99 00aa DA7A3743 		.ascii	"\332z7C\270\215h\307-\036\000\335\225\013\"eH\323\012"
  99      B88D68C7 
  99      2D1E00DD 
  99      950B2265 
  99      48D30A
 100 00bd 3B6E28E2 		.ascii	";n(\342A\312\224\002|\023\275=\274 1a\211\340\343V\027"
 100      41CA9402 
 100      7C13BD3D 
 100      BC203161 
 100      89E0E356 
 101 00d2 AFCB3725 		.ascii	"\257\3137%\024\367\337\0366\266\236V\370\361\217\037"
 101      14F7DF1E 
 101      36B69E56 
 101      F8F18F1F 
ARM GAS  C:\Users\mvshv\AppData\Local\Temp\ccoIGale.s 			page 7


 102 00e2 89EE537D 		.ascii	"\211\356S}Oe\245\020\307\244\306\300\031\330*\0206\337"
 102      4F65A510 
 102      C7A4C6C0 
 102      19D82A10 
 102      36DF
 103 00f4 FB71561E 		.ascii	"\373qV\036\224Y\011`\342\366n)s+J[\003\032p\333\373"
 103      94590960 
 103      E2F66E29 
 103      732B4A5B 
 103      031A70DB 
 104 0109 D67B7953 		.ascii	"\326{yS>\015\204\3749\275\370m\264\361\224R\335\312"
 104      3E0D84FC 
 104      39BDF86D 
 104      B4F19452 
 104      DDCA
 105 011b FF6668D3 		.ascii	"\377fh\323\251\0365\243\314\254\224\360\031H\364\012"
 105      A91E35A3 
 105      CCAC94F0 
 105      1948F40A 
 106 012b 9FC26638 		.ascii	"\237\302f8\013\233\331;\302o~\262v\264\3166\341sh\324"
 106      0B9BD93B 
 106      C26F7EB2 
 106      76B4CE36 
 106      E17368D4 
 107 013f 4161086C 		.ascii	"Aa\010l\300\203Y\277?\357\311\026\366\371\373\361\341"
 107      C08359BF 
 107      3FEFC916 
 107      F6F9FBF1 
 107      E1
 108 0150 4533F0B9 		.ascii	"E3\360\2716\264\345\355\300\247\011\303\177\353sz\361"
 108      36B4E5ED 
 108      C0A709C3 
 108      7FEB737A 
 108      F1
 109 0161 41392C5B 		.ascii	"A9,[\331\364Nz\346\264\033\230\376\272-\243\374\336"
 109      D9F44E7A 
 109      E6B41B98 
 109      FEBA2DA3 
 109      FCDE
 110 0173 06321C79 		.ascii	"\0062\034y\"\231Qh\204\002\022\".\310h\014\031\011!"
 110      22995168 
 110      84021222 
 110      2EC8680C 
 110      190921
 111 0186 8963F528 		.ascii	"\211c\365(_\266|\265\366\347~\345\317m\033[Y\210o\002"
 111      5FB67CB5 
 111      F6E77EE5 
 111      CF6D1B5B 
 111      59886F02 
 112 019a 91959681 		.ascii	"\221\225\226\201\027T\037/\246 \264%\010o\013\262p\370"
 112      17541F2F 
 112      A620B425 
 112      086F0BB2 
 112      70F8
 113 01ac 1AE12775 		.ascii	"\032\341'u\274\2162&\306\353z\276\306\371T\2104\012"
 113      BC8E3226 
 113      C6EB7ABE 
ARM GAS  C:\Users\mvshv\AppData\Local\Temp\ccoIGale.s 			page 8


 113      C6F95488 
 113      340A
 114 01be 310ACA17 		.ascii	"1\012\312\027\375\322\300E\217/nCw.\237\335\316\342"
 114      FDD2C045 
 114      8F2F6E43 
 114      772E9FDD 
 114      CEE2
 115 01d0 A011723D 		.ascii	"\240\021r=\326W\274\344P\011l\316\263gub9\232\372Ca"
 115      D657BCE4 
 115      50096CCE 
 115      B3677562 
 115      399AFA43 
 116 01e5 F5EC9CD4 		.ascii	"\365\354\234\324\351\334\237\3771\035\316\301\311\275"
 116      E9DC9FFF 
 116      311DCEC1 
 116      C9BD
 117 01f3 B1AC7460 		.ascii	"\261\254t`\002R0N\271\022\372\3353}\200\350\023J\345"
 117      0252304E 
 117      B912FADD 
 117      337D80E8 
 117      134AE5
 118 0206 DE31C887 		.ascii	"\3361\310\207\0179\314\021&!\205\266\375R\212\2050\207"
 118      0F39CC11 
 118      262185B6 
 118      FD528A85 
 118      3087
 119 0218 35986446 		.ascii	"5\230dF\232b\011\272\013\337\037\2528$GFFj)H\2460Z,"
 119      9A6209BA 
 119      0BDF1FAA 
 119      38244746 
 119      466A2948 
 120 0230 9DB3291C 		.ascii	"\235\263)\034\366Rn\234\004q\321\016\212A\314\273\007"
 120      F6526E9C 
 120      0471D10E 
 120      8A41CCBB 
 120      07
 121 0241 8F5C87C4 		.ascii	"\217\\\207\304\207\352\260RX\202\020La\304\243\334f"
 121      87EAB052 
 121      5882104C 
 121      61C4A3DC 
 121      66
 122 0252 300D09CE 		.ascii	"0\015\011\316\3605\226z\224\342E8\336\340\033A\270\272"
 122      F035967A 
 122      94E24538 
 122      DEE01B41 
 122      B8BA
 123 0264 F5FE0BFF 		.ascii	"\365\376\013\377\352\377\013\366\017\344\377\334c\376"
 123      EAFF0BF6 
 123      0FE4FFDC 
 123      63FE
 124 0272 0BE4BF4E 		.ascii	"\013\344\277N\210{\334\312U\341H\212|\366\331\252|p"
 124      887BDCCA 
 124      55E1488A 
 124      7CF6D9AA 
 124      7C70
 125 0284 1E524639 		.ascii	"\036RF9\232\221\321H\341\316$\240$\246\300w\0225A^\017"
 125      9A91D148 
ARM GAS  C:\Users\mvshv\AppData\Local\Temp\ccoIGale.s 			page 9


 125      E1CE24A0 
 125      24A6C077 
 125      1235415E 
 126 0299 0E8C2D27 		.ascii	"\016\214-'51\250\325\301\334\240\0032\3612\322\202\031"
 126      3531A8D5 
 126      C1DCA003 
 126      32F132D2 
 126      8219
 127 02ab 22091748 		.ascii	"\"\011\027Hd\264\277r`P\222\371\372\244\2660\332\016"
 127      64B4BF72 
 127      605092F9 
 127      FAA4B630 
 127      DA0E
 128 02bd D017118D 		.ascii	"\320\027\021\215\001\320\240'\273\257\264\374\274\016"
 128      01D0A027 
 128      BBAFB4FC 
 128      BC0E
 129 02cb 584F00EA 		.ascii	"XO\000\352YL\250\341Q>\365\032\366\365\362\013\032\026"
 129      594CA8E1 
 129      513EF51A 
 129      F6F5F20B 
 129      1A16
 130 02dd A7A88FC1 		.ascii	"\247\250\217\301X\3268W\327\02288\252\345es[\257\031"
 130      58D63857 
 130      D7123838 
 130      AAE56573 
 130      5BAF19
 131 02f0 63E95267 		.ascii	"c\351Rg*\236vel\314\351\211\302\177\311\302\033$\342"
 131      2A9E7665 
 131      6CCCE989 
 131      C27FC9C2 
 131      1B24E2
 132 0303 2C0ABF08 		.ascii	",\012\277\010\275\327\247\026 \360E\241\004ioa\215\345"
 132      BDD7A716 
 132      20F045A1 
 132      04696F61 
 132      8DE5
 133 0315 8D5BF731 		.ascii	"\215[\3671\305\270Y\250\\\200{\\g\271\312\217\352\315"
 133      C5B859A8 
 133      5C807B5C 
 133      67B9CA8F 
 133      EACD
 134 0327 4C05554F 		.ascii	"L\005UO\31306\"\364K\347\221\370+\337\275\177\336\376"
 134      CB303622 
 134      F44BE791 
 134      F82BDFBD 
 134      7FDEFE
 135 033a 67F59C40 		.ascii	"g\365\234@\275\022\262\250\255\215\007\002\346\360\204"
 135      BD12B2A8 
 135      AD8D0702 
 135      E6F084
 136 0349 651AFB2D 		.ascii	"e\032\373-P3F\006\033\325\214\261L\356\006\231\034-"
 136      50334606 
 136      1BD58CB1 
 136      4CEE0699 
 136      1C2D
 137 035b CD60551A 		.ascii	"\315`U\032\371?\245\271\304\322p\177]^/\215$\367,\215"
ARM GAS  C:\Users\mvshv\AppData\Local\Temp\ccoIGale.s 			page 10


 137      F93FA5B9 
 137      C4D2707F 
 137      5D5E2F8D 
 137      24F72C8D 
 138 036f 83228505 		.ascii	"\203\"\205\005\262pV\227\270\365B\372md\352W\367h8\266"
 138      B2705697 
 138      B8F542FA 
 138      6D64EA57 
 138      F76838B6 
 139 0383 26B56FF9 		.ascii	"&\265o\371\227\331\201\260\036\3141\230\257M\204_\333"
 139      97D981B0 
 139      1ECC3198 
 139      AF4D845F 
 139      DB
 140 0394 28C5989B 		.ascii	"(\305\230\233Z+\3304:p\217&\231\221\225\213\026\231"
 140      5A2BD834 
 140      3A708F26 
 140      9991958B 
 140      1699
 141 03a6 E0FFCE7F 		.ascii	"\340\377\316\177\232\034_\325L\216\211\033\343'\314"
 141      9A1C5FD5 
 141      4C8E891B 
 141      E327CC
 142 03b5 E63C6594 		.ascii	"\346<e\224[\002L\027\256`NP\326C\024\001\245\201\037"
 142      5B024C17 
 142      AE604E50 
 142      D6431401 
 142      A5811F
 143 03c8 AED9D5D1 		.ascii	"\256\331\325\321\0024\033\256B3\346{\215'\013\315\266"
 143      02341BAE 
 143      4233E67B 
 143      8D270BCD 
 143      B6
 144 03d9 88C87958 		.ascii	"\210\310yXRO\214\320d\373\011\337\313\312\000\350Q\313"
 144      524F8CD0 
 144      64FB09DF 
 144      CBCA00E8 
 144      51CB
 145 03eb E78007D8 		.ascii	"\347\200\007\330=\333\233\232\022\017\277\355\235\211"
 145      3DDB9B9A 
 145      120FBFED 
 145      9D89
 146 03f9 B6F6DDBB 		.ascii	"\266\366\335\273\333_Itv\355\352\350\332\223L\264<\267"
 146      DB5F4974 
 146      76EDEAE8 
 146      DA934CB4 
 146      3CB7
 147 040b B375E7AB 		.ascii	"\263u\347\253\3644\371\322\313/vt&\236imM\264ut57\265"
 147      F434F9D2 
 147      CB2F7674 
 147      269E696D 
 147      4DB47574 
 148 0422 09D9B12B 		.ascii	"\011\331\261+\011I\243+\371\027\201`?\230"
 148      0949A32B 
 148      F9178160 
 148      3F98
 149              		.text
ARM GAS  C:\Users\mvshv\AppData\Local\Temp\ccoIGale.s 			page 11


 150              		.section	.gnu.lto_ram_areas.fb69d861,"",%progbits
 151 0000 789C75D1 		.ascii	"x\234u\321\313K\033Q\024\006\360{rM\342\333\372\266"
 151      CB4B1B51 
 151      1406F07B 
 151      724DE2DB 
 151      FAB6
 152 0012 36B5FF41 		.ascii	"6\265\377A\006\273\012\322E%\013q\341\306\377@\202\213"
 152      06BB0AD2 
 152      45250B71 
 152      E1C6FF40 
 152      828B
 153 0024 821A4922 		.ascii	"\202\032I\"H7\231E\012R\321\225\256\232E@\241\253R\241"
 153      48379945 
 153      0A52D195 
 153      AE9A4540 
 153      A1AB52A1 
 154 0038 1A4DB4F5 		.ascii	"\032M\264\365\031[\037m}\324\367\033DA\\\331\026\241"
 154      195B1F6D 
 154      7DD4F71B 
 154      44415CD9 
 154      16A1
 155 004a 2AF626DF 		.ascii	"*\366&\337P\312\2043\014\363\3019\227\217\037wlB\210"
 155      50CA8433 
 155      0CF3C139 
 155      978F1F77 
 155      6C4288
 156 005d 7AAB10CF 		.ascii	"z\253\020\317\004\236>I\261\330\345\236=x\247w\351\372"
 156      049E3E49 
 156      B1D8E59E 
 156      3D78A777 
 156      E9FA
 157 006f 71F7857C 		.ascii	"q\367\205|\031\226\"\"\323V\2213KjA\351\013J-,i\213"
 157      19962222 
 157      D3569133 
 157      4B6A41E9 
 157      0B4A2D2C 
 158 0085 A2D45CA6 		.ascii	"\242\324\\\246\346\277\317N'3]Q\275+\242?\017K\352\227"
 158      E6BFCF4E 
 158      27335D51 
 158      BD2BA23F 
 158      0F4BEA97 
 159 0099 82A214EC 		.ascii	"\202\242\024\354\227D#\311\260\320p2$}\240`\362\370"
 159      974423C9 
 159      B0D07032 
 159      247DA060 
 159      F2F8
 160 00ab AFD7AFAE 		.ascii	"\257\327\257\256e\267\014\253\205\335\324z\337\013a"
 160      65B70CAB 
 160      85DDD47A 
 160      DF0B61
 161 00ba 0627B472 		.ascii	"\006'\264rB\033#\264s\302\011\010\307!\214C\030\203"
 161      421B23B4 
 161      73C20908 
 161      C7218C43 
 161      1883
 162 00cc F0F4E65D 		.ascii	"\360\364\346]<\037B\233\251\365\247!\314\344\204Y\234"
 162      3C1F429B 
ARM GAS  C:\Users\mvshv\AppData\Local\Temp\ccoIGale.s 			page 12


 162      A9F5A721 
 162      CCE48459 
 162      9C
 163 00dd 309B11E6 		.ascii	"0\233\021\346p\302\031\010\247!\234\202p\022\302\205"
 163      70C21908 
 163      A7219C82 
 163      7012C285 
 164 00ed C1F86D2E 		.ascii	"\301\370m.\204VS\353\271!\314\345\204y\2340\237\021"
 164      845653EB 
 164      B921CCE5 
 164      84799C30 
 164      9F11
 165 00ff 1670C22F 		.ascii	"\026p\302/\020~\206p\036\302\004\204\253\241\241\260"
 165      107E8670 
 165      1EC20484 
 165      ABA1A1B0 
 166 010f F197334C 		.ascii	"\361\2273L\255\343\206\360\001',\344\204E\214\260\230"
 166      ADE386F0 
 166      01272CE4 
 166      84458CB0 
 166      98
 167 0120 137E83F0 		.ascii	"\023~\203\360+\204\313\020.A8s5\364\326\270Cij}o\010"
 167      2B84CB10 
 167      2E413873 
 167      35F4D6B8 
 167      43696A7D 
 168 0136 4B386129 		.ascii	"K8a)',c\204\345\234\360\007\204\353\020\256A\270\012"
 168      272C6384 
 168      E59CF007 
 168      84EB10AE 
 168      41B80A
 169 0149 61E2FE7A 		.ascii	"a\342\376z\252\000B\213\251u\300\020Vp\302\207\234\260"
 169      AA00428B 
 169      A975C010 
 169      5670C287 
 169      9CB0
 170 015b 92113EE2 		.ascii	"\222\021>\342\204\273\020\356@\270\015\341\026\204\377"
 170      84BB10EE 
 170      40B80DE1 
 170      1684FF
 171 016a D7DCF480 		.ascii	"\327\334\364\200\344\340H\2179R\025Cz\302\221\216@:"
 171      E4E0488F 
 171      39521543 
 171      7AC2918E 
 171      403A
 172 017c 04E900A4 		.ascii	"\004\351\000\244}\220Bo\022\177\3548\256\253\253\223"
 172      7D90426F 
 172      127FEC38 
 172      AEABAB93 
 173 018c 54EDA063 		.ascii	"T\355\240cr\321S\007\355\251\330$\007m\250\\Q\371]\345"
 173      72D15307 
 173      EDA9D824 
 173      076DA85C 
 173      51F95DE5 
 174 01a0 A2CA0595 		.ascii	"\242\312\005\225s*gU~R\371Q\345\230\312Qr\011:Q\237"
 174      732A6755 
 174      7E52F951 
ARM GAS  C:\Users\mvshv\AppData\Local\Temp\ccoIGale.s 			page 13


 174      E598CA51 
 174      72093A51 
 175 01b5 1AA753FB 		.ascii	"\032\247S\373\367z\375\232\307\333\332\352m\323\374"
 175      F77AFD9A 
 175      C7DBDAEA 
 175      6DD3FC
 176 01c4 81265FA0 		.ascii	"\201&_\240\243]\253mlp7t&\247\355/Z\232}~\255\316\355"
 176      A35DAB6D 
 176      6C703774 
 176      26A7ED2F 
 176      5A9A7D7E 
 177 01db D63CBE40 		.ascii	"\326<\276@\265\323#\376\002A\"\014\346"
 177      B5D323FE 
 177      0241220C 
 177      E6
 178              		.text
 179              		.section	.gnu.lto_.symbol_nodes.fb69d861,"",%progbits
 180 0000 789C55CD 		.ascii	"x\234U\315YN\002Q\024E\321\273\253(P\001\305\006\245"
 180      594E0251 
 180      1445D1BB 
 180      AB285001 
 180      C506A5
 181 0013 53D09930 		.ascii	"S\320\2310\030\306\361\210\0356\2404\012\2664\0128\007"
 181      18C6F188 
 181      1D36A034 
 181      0AB6340A 
 181      3807
 182 0025 07E19878 		.ascii	"\007\341\230x\234\037S?w%;'\271I3k\340Op\2013\353\376"
 182      9C1F533F 
 182      77253B27 
 182      B949336B 
 182      E04F7081 
 183 003c 99797E9B 		.ascii	"\231y~\233u_.q\304\313\025.\210\227k\\\370_N}i\341\022"
 183      755F2E71 
 183      C4CB152E 
 183      88976B5C 
 183      F85F4E7D 
 184 0053 B14D748E 		.ascii	"\261Mt\2165\317\314\302\350\006j\376UtK \357\010\345"
 184      35CFCCC2 
 184      E8066AFE 
 184      55744B20 
 184      EF08E5
 185 0066 3D09D926 		.ascii	"=\011\331&\222\035\222\362\201\224|dCv\331\224=\266"
 185      921D92F2 
 185      81947C64 
 185      4376D994 
 185      3DB6
 186 0078 649FB41C 		.ascii	"d\237\264\034\220\221Od\3453\333r\310\216\034\221\223"
 186      90914F64 
 186      E533DB72 
 186      C88E1C91 
 186      93
 187 0089 2FECCA57 		.ascii	"/\354\312W\366\344\033\373\362\235\003\371A^~r(\307"
 187      F6E41BFB 
 187      F29D03F9 
 187      415E7E72 
 187      28C7
ARM GAS  C:\Users\mvshv\AppData\Local\Temp\ccoIGale.s 			page 14


 188 009b 1CC90905 		.ascii	"\034\311\011\0059\245(g\224\344\027e\371ME\3169\226"
 188      39A52867 
 188      94E41765 
 188      F94D45CE 
 188      3996
 189 00ad 0B4EE492 		.ascii	"\013N\344\222\252\374\241\266\326V\342#1\037"
 189      AAFCA1B6 
 189      D656E223 
 189      311F
 190              		.text
 191              		.section	.gnu.lto_.refs.fb69d861,"",%progbits
 192 0000 789C0DC3 		.ascii	"x\234\015\303\007\016\202@\000\000\260K\3031\004\007"
 192      070E8240 
 192      0000B04B 
 192      C3310407 
 193 0010 20C301A2 		.ascii	" \303\001\242\340k\374\377\177\244I\323\020\302o/\021"
 193      E06BFCFF 
 193      7FA449D3 
 193      10C26F2F 
 193      11
 194 0021 89D312A5 		.ascii	"\211\323\022\2452\271\302A\251rtrvQk\264\256:\275\301"
 194      32B9C241 
 194      A9727472 
 194      76516BB4 
 194      AE3ABDC1 
 195 0035 E8E6EEE1 		.ascii	"\350\346\356\341i2{Y\274}\2546\337\360\007|\323\003"
 195      69327B59 
 195      BC7DAC36 
 195      DFF0077C 
 195      D303
 196 0047 9A       		.ascii	"\232"
 197              		.text
 198              		.section	.gnu.lto_.decls.fb69d861,"",%progbits
 199 0000 789CAD97 		.ascii	"x\234\255\227iPT\331\025\307\337\355\333@\3234K\241"
 199      695054D9 
 199      15C7DFED 
 199      DB40D334 
 199      4BA1
 200 0012 3565A598 		.ascii	"5e\245\230\204XL\264\222\021\304\215d>\244&\345\207"
 200      84584CB4 
 200      9211C48D 
 200      643EA426 
 200      E587
 201 0024 992F930F 		.ascii	"\231/\223\017\251\312\207L\250\364 \364d\250@c\240I"
 201      A9CA874C 
 201      A8F420F4 
 201      64A84063 
 201      A049
 202 0036 B4F2E529 		.ascii	"\264\362\345)\"\25006\242\354\010\210\240 .8\242\002"
 202      22A83036 
 202      A2EC0888 
 202      A0202E38 
 202      A202
 203 0048 2A9BAC22 		.ascii	"*\233\254\"\212\013n (\202\313\000\"\213\210\250\344"
 203      8A0B6E20 
 203      2882CB00 
 203      228B88A8 
ARM GAS  C:\Users\mvshv\AppData\Local\Temp\ccoIGale.s 			page 15


 203      E4
 204 0059 DC735FAF 		.ascii	"\334s_\257\027\222\252T^\361\177\357\335\373\316\371"
 204      1792AA54 
 204      5EF17FEF 
 204      DDFBCEF9 
 205 0069 9D73CF5D 		.ascii	"\235s\317]\252q\225$)\337G\222\246\250$\355PI\322<\\"
 205      AA719524 
 205      29DF4792 
 205      A6A824ED 
 205      5049D23C 
 206 007e 6ED0D720 		.ascii	"n\320\327 \331.\027\320EP=\250\011\324\006\352\000\375"
 206      D92E17D0 
 206      45503DA8 
 206      09D406EA 
 206      00FD
 207 0090 1C34061A 		.ascii	"\0344\006\032\007M\200\246@\257Ao@oA\357@\037\030\200"
 207      074D80A6 
 207      40AF416F 
 207      406F41EF 
 207      401F1880 
 208 00a4 48920AA4 		.ascii	"H\222\012\244\006\271\2024 -H\007\362\002\371\200|A"
 208      06B98234 
 208      202D4807 
 208      F202F980 
 208      7C41
 209 00b6 4B411F81 		.ascii	"KA\037\201\226\201~\002\362\003\375\024\344\017Z\016"
 209      96817E02 
 209      F203FD14 
 209      E40F5A0E 
 210 00c6 0A00FD02 		.ascii	"\012\000\375\002\264\022\364K\320\247\240@\"9\\\377"
 210      B412F44B 
 210      D0A7A040 
 210      22395CFF 
 211 00d6 22184EFA 		.ascii	"\"\030N\372Fi\023%w\347k\333\002v\365\013\330%-`\327"
 211      46691325 
 211      77E76BDB 
 211      0276F50B 
 211      D8252D60 
 212 00eb B4805DDA 		.ascii	"\264\200]\332\002vm\013\330\035`\343V\354|AKAA\320\327"
 212      02766D0B 
 212      D81D60E3 
 212      56EC7C41 
 212      4B4141D0 
 213 0100 0BCF15A0 		.ascii	"\013\317\025\240\325\360>\012\317\021P0\274\337\207"
 213      D5F03E0A 
 213      CF115030 
 213      BCDF87
 214 010f E7D72035 		.ascii	"\347\327 5h\0104\010z\014z\242\304\350P\236cNq\372\010"
 214      68083408 
 214      7A0C7AA2 
 214      C4E8509E 
 214      634E71FA 
 215 0124 F7E95558 		.ascii	"\367\351UX,\316\350\"\034v\371K\274\226\237*\265]\251"
 215      2CCEE822 
 215      1C76F94B 
 215      BC969F2A 
 215      B55DA9
ARM GAS  C:\Users\mvshv\AppData\Local\Temp\ccoIGale.s 			page 16


 216 0137 D43A40A9 		.ascii	"\324:@\251\275\2772\027~\312\334,S\346j\2512w>\312\\"
 216      BDBF3217 
 216      7ECADC2C 
 216      53E66AA9 
 216      32773ECA 
 217 014c EA94B9D5 		.ascii	"\352\224\271\325(s\255V\346\236%\311\326\002[\023lm"
 217      2873AD56 
 217      E69E25C9 
 217      D6025B13 
 217      6C6D
 218 015e B035C2D6 		.ascii	"\2605\302\326\012[3l\355\214;\345\277\237\222\232\206"
 218      0A5B336C 
 218      ED8C3BE5 
 218      BF9F929A 
 218      86
 219 016f 8B751EFD 		.ascii	"\213u\036\375\244\217\300\262$>\274\252\204\337\341"
 219      A48FC0B2 
 219      243EBCAA 
 219      84DFE1
 220 017e C984ED79 		.ascii	"\311\204\355y\313Ex?\364\252\370C1e\015\213\013\261"
 220      CB45783F 
 220      F4AAF843 
 220      31650D8B 
 220      0BB1
 221 0190 F6A81486 		.ascii	"\366\250\024\206\312\302\305?\005@\354\251\374;\017"
 221      CAC2C53F 
 221      0540ECA9 
 221      FC3B0F
 222 019f 67B9F880 		.ascii	"g\271\370\200\370\213\235\037\357R\331\202\331\271\010"
 222      F88B9D1F 
 222      EF52D982 
 222      D9B908
 223 01ae B94AD6CF 		.ascii	"\271J\326\317\326\244l\203$J\021n\217\244\234\320\015"
 223      D6A46C83 
 223      244A116E 
 223      8FA49CD0 
 223      0D
 224 01bf 9087F0F5 		.ascii	"\220\207\360\365O\222d\326D\023\326{\356\376\336VW\252"
 224      4F9264D6 
 224      4413D67B 
 224      EEFEDE56 
 224      57AA
 225 01d1 C2F7ABBD 		.ascii	"\302\367\253\275\243\025.\324\013\337O\345\275\353\326"
 225      A3152ED4 
 225      0BDF4FE5 
 225      BDEBD6
 226 01e0 A8551239 		.ascii	"\250U\0229K(\367O/\177\320\255\242K\360k\307\273\302"
 226      4B28F74F 
 226      2F7FD0AD 
 226      A24BF06B 
 226      C7BBC2
 227 01f3 766D6085 		.ascii	"vm`\205\314/M>\225\310y\264C\313\346\371\231z\357=\224"
 227      CC2F4D3E 
 227      95C879B4 
 227      43CBE6F9 
 227      997AEF3D 
 228 0208 F86A890A 		.ascii	"\370j\211\012\2327\306;\363=\240\271TK|\240Y\2212\277"
ARM GAS  C:\Users\mvshv\AppData\Local\Temp\ccoIGale.s 			page 17


 228      9A37C63B 
 228      F33DA0B9 
 228      544B7CA0 
 228      599132BF 
 229 021c DF655906 		.ascii	"\337eY\006s4'\310>*\362\315G\244\226\370\221\032\342"
 229      733427C8 
 229      3E2AF2CD 
 229      47A496F8 
 229      911AE2
 230 022f 07C95E20 		.ascii	"\007\311^ \313\340nTs\322\363\242\247\257\\\227\027"
 230      CBE06E54 
 230      73D2F3A2 
 230      A7AF5C97 
 230      17
 231 0240 CA85F572 		.ascii	"\312\205\365r\375LN@Y\347N\371z\241,\177\216v\244\212"
 231      FD4C4E40 
 231      59E74EF9 
 231      7AA12C7F 
 231      8E76A48A 
 232 0254 50524D02 		.ascii	"PRM\002\301\376\034Q\263\026\274\235!\003\204\374@\372"
 232      C1FE1C51 
 232      B316BC9D 
 232      210384FC 
 232      40FA
 233 0266 619417C9 		.ascii	"a\224\027\311r@\274\032\335\333\345M\323\310\"\243\252"
 233      7240BC1A 
 233      DDDBE54D 
 233      D3C822A3 
 233      AA
 234 0277 A97D3947 		.ascii	"\251}9G\224\010\217\177\225#\327o\337&\313*\304_\262"
 234      94088F7F 
 234      9523D76F 
 234      DF26CB2A 
 234      C45FB2
 235 028a E2EB007F 		.ascii	"\342\353\000\177\311\031_\217\370\227\267\306\037Rz"
 235      C9195F8F 
 235      F897B7C6 
 235      1F527A
 236 0299 7031FCE4 		.ascii	"p1\374\344ps\237N\301\337X\345\200o\260\342\033\001"
 236      70739F4E 
 236      C1DF58E5 
 236      806FB0E2 
 236      1B01
 237 02ab DFE08C6F 		.ascii	"\337\340\214oB|\331\275\351F\017Z\316\361\005\355\217"
 237      427CD9BD 
 237      E9460F5A 
 237      CEF105ED 
 237      8F
 238 02bc 8B74B49A 		.ascii	"\213t\264\2327\236?\273\365\300\233\305j\266\304\032"
 238      379E3FBB 
 238      F5C09BC5 
 238      6AB6C41A 
 239 02cc DCD57DC1 		.ascii	"\334\325}\301\335\022\235\264\0205\353L<t\244[\313\022"
 239      DD129DB4 
 239      1035EB4C 
 239      3C74A45B 
 239      CB12
ARM GAS  C:\Users\mvshv\AppData\Local\Temp\ccoIGale.s 			page 18


 240 02de 6890EBDF 		.ascii	"h\220\353\337\006:$p\331\232@+$p\3319\2016L\340z\326"
 240      063A2470 
 240      D99A402B 
 240      2470D939 
 240      81364CE0 
 241 02f4 9E9D8436 		.ascii	"\236\235\2046\362\230\225I\363\0118\232\001\271\276"
 241      F2989549 
 241      F309389A 
 241      01B9BE
 242 0303 E3D70C26 		.ascii	"\343\327\014&[`\355\026\230\304^\035I\035H\252\356J"
 242      5B60ED16 
 242      98C45E1D 
 242      491D48AA 
 242      EE4A
 243 0315 6FF2A237 		.ascii	"o\362\24279\351\354p{\213\226/\021\231@\373}\317\217"
 243      39E9EC70 
 243      7B8B962F 
 243      119940FB 
 243      7DCF8F
 244 0328 97095F23 		.ascii	"\227\011_#\262\006\332S\273\023g(\377\356\006\315\356"
 244      B206DA53 
 244      BB136728 
 244      FFEE06CD 
 244      EE
 245 0339 1DA7F294 		.ascii	"\035\247\362\224\246\232\315\351\325\234A/n\355\017"
 245      A69ACDE9 
 245      D59C412F 
 245      6EED0F
 246 0348 CD271D13 		.ascii	"\315'\035\023\247\275\264\311lE\025&\310\356_2\263\353"
 246      A7BDB4C9 
 246      6C451526 
 246      C8EE5F32 
 246      B3EB
 247 035a B0A2AEE1 		.ascii	"\260\242\256\341\212\352&Z\270\007\371\221.h\202uN\355"
 247      8AEA265A 
 247      B807F991 
 247      2E688275 
 247      4EED
 248 036c 54870B67 		.ascii	"T\207\013g\261HI\223\227\267\253i\037O\253\257\255\354"
 248      B1484993 
 248      97B7AB69 
 248      1F4FABAF 
 248      ADEC
 249 037e 188BB342 		.ascii	"\030\213\263BK\330\336\362\206\256\223#\325\263\236"
 249      4BD8DEF2 
 249      86AE9323 
 249      D5B39E
 250 038d BC8B59DC 		.ascii	"\274\213Y\334\330;q\330\215>CsU\377\275\271^/\242]\011"
 250      D83B71D8 
 250      8D3E4373 
 250      55FFBDB9 
 250      5E2FA25D 
 251 03a2 A1B7F3D0 		.ascii	"\241\267\363\320\22250\271KV2'V\024r\033:oAg)\313\261"
 251      923530B9 
 251      4B563227 
 251      5614721B 
 251      3A6F4167 
ARM GAS  C:\Users\mvshv\AppData\Local\Temp\ccoIGale.s 			page 19


 252 03b9 BEFFD26F 		.ascii	"\276\377\322o\263'd\331\237\334!Z\322c+\334\012-\237"
 252      B32764D9 
 252      9FDC215A 
 252      D2632BDC 
 252      0A2D9F
 253 03cc C8B2C369 		.ascii	"\310\262\303i\207\\\351}\334\224\252\332\334\241f\325"
 253      875CE97D 
 253      DC94AADA 
 253      DCA166D5 
 254 03dc 62311E2C 		.ascii	"b1\036,\036\243wyK\"\233\234\373\020\343\236-\306\035"
 254      1EA37779 
 254      4B229B9C 
 254      FB10E39E 
 254      2DC61D
 255 03ef A20499EF 		.ascii	"\242\004\231\357\273\331\356\252\333m\245\242\241\255"
 255      BBD9EEAA 
 255      DB6DA5A2 
 255      A1AD
 256 03fd 6ABD44A7 		.ascii	"j\275D\247\354\346+\235\251\227\334h\035\305\341\233"
 256      ECE62B9D 
 256      A997DC68 
 256      1DC5E19B 
 257 040d C7F22E7A 		.ascii	"\307\362.z\320v\336\260ll_\276\261-s\272T\231\323k#"
 257      D076DEB0 
 257      6C6C5FBE 
 257      B12D73BA 
 257      5499D36B 
 258 0422 33E7B5F4 		.ascii	"3\347\265\364.\332\272^i\315\373\336\223\004\300\265"
 258      2EDABA5E 
 258      69CDFBDE 
 258      9304C0B5 
 259 0432 72C92116 		.ascii	"r\311!\026\024\366\263\377\221\326\235\2629\214\305"
 259      14F6B3FF 
 259      91D69DB2 
 259      398CC5
 260 0441 223721C5 		.ascii	"\"7!\305\247d\211mh70\215`\270I\334\376m)\225\017/C"
 260      A764896D 
 260      6837308D 
 260      60B849DC 
 260      FE6D2995 
 261 0458 E33E67E3 		.ascii	"\343>g\343 f{\235\330\214;\216X\215\037-L\266\267\236"
 261      20667B9D 
 261      D88C3B8E 
 261      588D1F2D 
 261      4CB6B79E 
 262 046c B0A11F2E 		.ascii	"\260\241\037.\210\3064xa\3072(\234x\314FRj\312\2564"
 262      88C63478 
 262      61C73228 
 262      9C78CC46 
 262      526ACAAE 
 263 0481 3CCE40B0 		.ascii	"<\316@\260\353`\341\373\301\272g~\214\004Fd\030\346"
 263      EB60E1FB 
 263      C1BA677E 
 263      8C044664 
 263      18E6
 264 0493 69880490 		.ascii	"i\210\004\220A\320c\320\023\022`9,{\356v\267\270\323"
 264      41D063D0 
ARM GAS  C:\Users\mvshv\AppData\Local\Temp\ccoIGale.s 			page 20


 264      13126039 
 264      2C7BEE76 
 264      B7B8D3
 265 04a6 21AC92EA 		.ascii	"!\254\222\352\350\335\323MZ\262d\345\2028\362\002(\377"
 265      E8DDD34D 
 265      5AB264E5 
 265      8238F202 
 265      28FF
 266 04b8 8DC893EC 		.ascii	"\215\310\223\354\011a9>\007\333g\266\251g)c\310\253"
 266      0961393E 
 266      07DB67B6 
 266      A9672963 
 266      C8AB
 267 04ca 2903E52A 		.ascii	")\003\345*_\263\022\343s5\032^\205(\235\230\364\217"
 267      5FB312E3 
 267      73351A5E 
 267      85289D98 
 267      F48F
 268 04dc C4D7B26D 		.ascii	"\304\327\262m\360X\0318\237\341\265D\311(y\321\214\244"
 268      F0581938 
 268      9FE1B544 
 268      C92879D1 
 268      8CA4
 269 04ee C506F843 		.ascii	"\305\006\370C\313\323\001\235}\264\221\377\024\355\350"
 269      CBD3019D 
 269      7DB491FF 
 269      14EDE8
 270 04fd 87CA0AF2 		.ascii	"\207\312\012\362I\261|\035\016\314\261\\\277tY\376\222"
 270      49B17C1D 
 270      0ECCB15C 
 270      BF7459FE 
 270      92
 271 050e 8C125F72 		.ascii	"\214\022_r\205\217\303\316\221\365\374\005N\2731\362"
 271      858FC3CE 
 271      91F5FC05 
 271      4EBB31F2 
 272 051e 09F84D4C 		.ascii	"\011\370ML\245\236\361\246\323|av=No\361\006\310\000"
 272      A59EF1A6 
 272      D37C6176 
 272      3D4E6FF1 
 272      06C800
 273 0531 CC6D5796 		.ascii	"\314mW\226\357\241\204B\276\274_*\020\3332\177\211g"
 273      EFA18442 
 273      BEBC5F2A 
 273      10DB327F 
 273      8967
 274 0543 D538225E 		.ascii	"\3258\"^\244\336\236\367\246\311jD\344\337\231k\326"
 274      A4DE9EF7 
 274      A6C96A44 
 274      E4DF996B 
 274      D6
 275 0554 288891C3 		.ascii	"(\210\221\303\324\034\200\200W\002\340\025\002&\020"
 275      D41C8080 
 275      5702E015 
 275      022610
 276 0563 50FAE1D6 		.ascii	"P\372\341\326YW\232\301\001\017\266\235\233\323*\200"
 276      59579AC1 
ARM GAS  C:\Users\mvshv\AppData\Local\Temp\ccoIGale.s 			page 21


 276      010FB69D 
 276      9BD32A80 
 277 0573 27A516C0 		.ascii	"'\245\026\300\244\000\230D\300\024\002\262\313G\263"
 277      A4009844 
 277      C01402B2 
 277      CB47B3
 278 0582 B5B48403 		.ascii	"\265\264\204\003\256\335)\256\361\264\000\226\345\310"
 278      AEDD29AE 
 278      F1B40096 
 278      E5C8
 279 0590 8D6A244C 		.ascii	"\215j$L\013\204i$\274F\302PS\333#\015\255\342\204\376"
 279      0B846924 
 279      BC46C250 
 279      53DB230D 
 279      ADE284FE 
 280 05a4 81CE720F 		.ascii	"\201\316r\017\2050lW\206\031\0011\203\2107\210\330>"
 280      85306C57 
 280      86190131 
 280      83883788 
 280      D83E
 281 05b6 9E59E941 		.ascii	"\236Y\351A\3338\342`]J\033\025\3120+\000f\021\360\026"
 281      DB38E260 
 281      5D4A1B15 
 281      CA302B00 
 281      6611F016 
 282 05ca 01DDF555 		.ascii	"\001\335\365U\345n\264\207\003\256\244\266\276s\021"
 282      E56EB487 
 282      03AEA4B6 
 282      BE7311
 283 05d9 CA302700 		.ascii	"\3120'\000\346\020\360\016\001\303\203)\225\256t\210"
 283      E610F00E 
 283      01C38329 
 283      95AE7488 
 284 05e9 03F6D5A6 		.ascii	"\003\366\325\246d,P\206\367\002\341=\022> \241\267\340"
 284      642C5086 
 284      F702E13D 
 284      123E20A1 
 284      B7E0
 285 05fb C8AC8E4E 		.ascii	"\310\254\216N+3\221u\256\3302\023\037\354\3120/ \346"
 285      2B339175 
 285      AED83213 
 285      1FECCA30 
 285      2F20E6
 286 060e 1121AB18 		.ascii	"\021!\253\030\"\263\246\363\234\033MvA\304\334\361J"
 286      22B3A6F3 
 286      9C1B4D76 
 286      41C4DCF1 
 286      4A
 287 061f B550856D 		.ascii	"\265P\205m*g\177\350\201\373v\364\237\357*\270\252\242"
 287      2A677FE8 
 287      81FB76F4 
 287      9FEF2AB8 
 287      AAA2
 288 0631 19DC7FBC 		.ascii	"\031\334\177\274\341\341\220N\250B\202\000H@\300\016"
 288      E1E1904E 
 288      A8428200 
 288      4840C00E 
ARM GAS  C:\Users\mvshv\AppData\Local\Temp\ccoIGale.s 			page 22


 289 0641 04745CD8 		.ascii	"\004t\\\330W\013\213\201\003N\226l\333\241\023\253\220"
 289      570B8B81 
 289      034E966C 
 289      DBA113AB 
 289      90
 290 0652 28101291 		.ascii	"(\020\022\221\260\023\011Y)\273>\246U\034p\247=s\334"
 290      B0130959 
 290      29BB3EA6 
 290      551C70A7 
 290      3D73DC
 291 0665 52849E6C 		.ascii	"R\204\236l[\021\222\004B\022\022\222\221\360\342Du\225"
 291      5B119204 
 291      42121292 
 291      91F0E244 
 291      7595
 292 0677 3B6DE388 		.ascii	";m\343\210\206\264\312k\256B\025v\011\200]\010\330\215"
 292      86B4CA6B 
 292      AE421576 
 292      09805D08 
 292      D88D
 293 0689 80B9A2D9 		.ascii	"\200\271\242\331r5\355\341\200cO\356\355\026\267\304"
 293      7235EDE1 
 293      80634FEE 
 293      ED16B7C4 
 294 0699 1E01B007 		.ascii	"\036\001\260\007\001)\010\310\315;X\253\243C\034P\274"
 294      012908C8 
 294      CD3B58AB 
 294      A3431C50 
 294      BC
 295 06aa AFFAA046 		.ascii	"\257\372\240F\254B\252@HE\302\367H8q\251\257\306\235"
 295      AC42AA40 
 295      4845C2F7 
 295      483871A9 
 295      AFC69D
 296 06bd 4E7342D7 		.ascii	"NsB\327\351\351\036\313\3110fW\206\275\002b/\"\314\210"
 296      E9E91ECB 
 296      C9306657 
 296      86BD0262 
 296      2F22CC88 
 297 06d1 487CB333 		.ascii	"H|\2633WC\223]\021q\340\3513\263\233P\2064\001\220\206"
 297      5743935D 
 297      1171E0E9 
 297      33B39B50 
 297      86340190 
 298 06e6 807D0868 		.ascii	"\200}\010h\311L=\343A38\240\274\371\336\317\204*\244"
 298      C94C3DE3 
 298      413338A0 
 298      BCF9DECF 
 298      842AA4
 299 06f9 0BFEE9E8 		.ascii	"\013\376\351\350\277\037\375K\246\314\355jZ\302\375"
 299      BF1FFD4B 
 299      A6CCED6A 
 299      5AC2FD
 300 0708 77150C56 		.ascii	"w\025\014V\022\261\012\007\004\302\001$d aWCi\231\226"
 300      12B10A07 
 300      04C20124 
 300      64206157 
ARM GAS  C:\Users\mvshv\AppData\Local\Temp\ccoIGale.s 			page 23


 300      43699996 
 301 071c 5671C2CD 		.ascii	"Vq\302\315\212\271\034\313\020ZrlU\310\024\020\231\210"
 301      8AB91CCB 
 301      105A726C 
 301      55C81410 
 301      9988
 302 072e C84244CD 		.ascii	"\310BD\315\321\223\023p0pD\343\305\247\305\336B\025"
 302      D1931370 
 302      307044E3 
 302      C5A7C5DE 
 302      4215
 303 0740 B2054036 		.ascii	"\262\005@6\002r\020p~\364\376\033W\332\303\001\263\023"
 303      02721070 
 303      7EF4FE1B 
 303      57DAC301 
 303      B313
 304 0752 A3D96E42 		.ascii	"\243\331nB\031r\005@.\002\362\0200y\305\014[b\210\003"
 304      19720540 
 304      2E02F210 
 304      3079C50C 
 304      5B628803 
 305 0766 F6D695CE 		.ascii	"\366\326\225\316\252\3042\344\013\204|$\034DB\355\205"
 305      AAC432E4 
 305      0B847C24 
 305      1C4442ED 
 305      85
 306 0777 B98FE934 		.ascii	"\271\217\3514\007\26476[\367\324C\273*\024\010\204\002"
 306      07B43736 
 306      5BF7D443 
 306      BB2A1408 
 306      8402
 307 0789 241422C1 		.ascii	"$\024\"\301|\262\350\035\254\0057~F\327\236=K\204*\024"
 307      7CB2E81D 
 307      AC05377E 
 307      46D79E3D 
 307      4B842A14 
 308 079d 09802204 		.ascii	"\011\200\"\004\034\342\203\270Yq\307\223fp@]\325\211"
 308      1CE283B8 
 308      5971C793 
 308      6670405D 
 308      D589
 309 07af D7E2F158 		.ascii	"\327\342\361X,\000\212\021p\030\001\003UgOz\321\022"
 309      2C008A11 
 309      70180103 
 309      55674F7A 
 309      D112
 310 07c1 0E981BDF 		.ascii	"\016\230\033\337\227\270@\025J\004B\011\022J\221"
 310      97B84015 
 310      4A044209 
 310      124A91
 311 07d0 70DC3C98 		.ascii	"p\334<\230\351F\2538!\253&\275\337r\270\275\266+\303"
 311      E946AB38 
 311      21AB26BD 
 311      DF72B8BD 
 311      B62BC3
 312 07e3 11017104 		.ascii	"\021\001q\004\021G\021\221ss\177-\241m\034\361\254\354"
 312      11471191 
ARM GAS  C:\Users\mvshv\AppData\Local\Temp\ccoIGale.s 			page 24


 312      73737F2D 
 312      A16D1CF1 
 312      ACEC
 313 07f5 6AA9A750 		.ascii	"j\251\247P\2062\001P\206\200r\004\214$\365?\204\305"
 313      86320150 
 313      86807204 
 313      8C24F53F 
 313      84C5
 314 0807 C0012DCF 		.ascii	"\300\001-\317[\032\335\2052\034\023\000\307\020P\301"
 314      5B1ADD85 
 314      321C1300 
 314      C71050C1 
 315 0817 0FE8C9B7 		.ascii	"\017\350\311\267\011\260\0308\240\252 \355\037b\025"
 315      09B01838 
 315      A0AA20ED 
 315      1F6215
 316 0826 8E0B80E3 		.ascii	"\216\013\200\343\0108\201\200\303#OZU\366\277\200G\354"
 316      08388180 
 316      C3234F5A 
 316      55F6BF80 
 316      47EC
 317 0838 7EF749E4 		.ascii	"~\367I\344\244\012\177\001\263'\373\327g\270\352\221"
 317      A40A7F01 
 317      B327FBD7 
 317      67B8EA91 
 318 0848 BBBD31FB 		.ascii	"\273\2751\373Qb3>\245\030\237B\343\316\017=Sn\026\343"
 318      5162333E 
 318      A5189F42 
 318      E3CE0F3D 
 318      536E16E3 
 319 085c E4C57E5B 		.ascii	"\344\305~[\223Jp\362\320\353\303cb\015\372Hc\244I\375"
 319      934A70F2 
 319      D0EBC363 
 319      620DFA48 
 319      63A449FD 
 320 0870 4F43D8DF 		.ascii	"OC\330\337~\023\030\030d\375\213\211\013\012\217\211"
 320      7E131818 
 320      64FD8B89 
 320      0B0A8F89 
 321 0880 8E8E3106 		.ascii	"\216\2161\006\305\231\302bM\361\233\203~\367\207\257"
 321      C599C262 
 321      4DF19B83 
 321      7EF787AF 
 322 0890 367EB585 		.ascii	"6~\265\205\365n\216\2142\304\306\005}\261qcPx\254)8"
 322      F56E8E8C 
 322      32C4C605 
 322      7DB17163 
 322      5078AC29 
 323 08a5 305CF3C5 		.ascii	"0\\\363\305\357\377\350\27718X\372\354\177FH:\275\336"
 323      EFFFE8BF 
 323      313858FA 
 323      EC7F4648 
 323      3ABDDE
 324 08b8 10161BB5 		.ascii	"\020\026\033\265\025\363\201\334\242\302L<7/\275>\302"
 324      15F381DC 
 324      A2C24C3C 
 324      372FBD3E 
ARM GAS  C:\Users\mvshv\AppData\Local\Temp\ccoIGale.s 			page 25


 324      C2
 325 08c9 F06D587C 		.ascii	"\360mX|\224Io\330\022i\322\030!iS|\254\321G\217\237"
 325      94496FD8 
 325      1269D218 
 325      2169537C 
 325      ACD1478F 
 326 08de F5B161D1 		.ascii	"\365\261a\321\372\260XCX\234\273\365M\033\036\005,|"
 326      FAB05843 
 326      589CBBF5 
 326      4D1B1E05 
 326      2C7C
 327 08f0 D7EAF5F1 		.ascii	"\327\352\365\361\221F\323\3325z\323\267\341\237\205"
 327      9146D3DA 
 327      357AD3B7 
 327      E19F85
 328 08ff 867F17B9 		.ascii	"\206\177\027\271)2\316\024\037\021\031\023j\212\211"
 328      2932CE14 
 328      1F111913 
 328      6A8A89
 329 090e 898A0BFD 		.ascii	"\211\212\013\375\2531\336\037\337\374\303b\243\375\015"
 329      AB31DE1F 
 329      DFFCC362 
 329      A3FD0D
 330 091d D19B0C11 		.ascii	"\321\233\014\021\021\206\210\320\220\300\325\376kV\007"
 330      118688D0 
 330      90C0D5FE 
 330      6B5607
 331 092c 87FC7D5D 		.ascii	"\207\374}](\364\2572\306\030\015\253\014a\233\"C#\215"
 331      28F4AF32 
 331      C6180DAB 
 331      0C619B22 
 331      43238D
 332 093f E151F111 		.ascii	"\341Q\361\021\206\320\3500`\031\015\241\326\344L[7\033"
 332      86D0E830 
 332      60190DA1 
 332      D6E44C5B 
 332      371B
 333 0951 E202BF93 		.ascii	"\342\002\277\2234\226x\177\376\277\306\213\333\032\027"
 333      3496787F 
 333      FEBFC68B 
 333      DB1A17
 334 0960 AA8F3345 		.ascii	"\252\2173E\000\034\202\270\343\320\331\000\275\360\315"
 334      001C82B8 
 334      E3D0D900 
 334      BDF0CD
 335 096f 64D8C29B 		.ascii	"d\330\302\233:c\214\336\372\315\233U\304\332\322\233"
 335      3A638CDE 
 335      FACD9B55 
 335      C4DAD29B 
 336 097f 7CF5AC5A 		.ascii	"|\365\254Z\253\3656\027\275\247}\227\336Ki\361\372\351"
 336      ABF53617 
 336      BDA77D97 
 336      DE4B69F1 
 336      FAE9
 337 0991 BD95A631 		.ascii	"\275\225\2461\206\177\346\376\301\242\177\260\203\177"
 337      867FE6FE 
 337      C1A27FB0 
ARM GAS  C:\Users\mvshv\AppData\Local\Temp\ccoIGale.s 			page 26


 337      837F
 338 099f B0A37FB0 		.ascii	"\260\243\177\260\223\377\032\321\177\215\203\377\032"
 338      93FF1AD1 
 338      7F8D83FF 
 338      1A
 339 09ac 47FF354E 		.ascii	"G\3775N\376kE\377\265\016\376k\035\375\327:\371\257"
 339      FE6B45FF 
 339      B50EFE6B 
 339      1DFDD73A 
 339      F9AF
 340 09be 13FDD739 		.ascii	"\023\375\3279\370\257s\364_\347\344\277^\364_\357\340"
 340      F8AF73F4 
 340      5FE7E4BF 
 340      5EF45FEF 
 340      E0
 341 09cf BFDED17F 		.ascii	"\277\336\321\177\275\223\377\006\321\177\203\203\377"
 341      BD93FF06 
 341      D17F8383 
 341      FF
 342 09dc 0647FF0D 		.ascii	"\006G\377\015N\376!\242\177\210\203\177\210\243\177"
 342      4EFE21A2 
 342      7F88837F 
 342      88A37F
 343 09eb 88D5FFDF 		.ascii	"\210\325\377\337\204\226\212\316"
 343      84968ACE 
 344              		.text
 345              		.section	.gnu.lto_.symtab.fb69d861,"",%progbits
 346 0000 5F5F636F 		.ascii	"__core_init\000"
 346      72655F69 
 346      6E697400 
 347 000c 00       		.ascii	"\000"
 348 000d 01       		.ascii	"\001"
 349 000e 00       		.ascii	"\000"
 350 000f 00000000 		.ascii	"\000\000\000\000\000\000\000\000"
 350      00000000 
 351 0017 BD000000 		.ascii	"\275\000\000\000"
 352 001b 5F5F6561 		.ascii	"__early_init\000"
 352      726C795F 
 352      696E6974 
 352      00
 353 0028 00       		.ascii	"\000"
 354 0029 01       		.ascii	"\001"
 355 002a 00       		.ascii	"\000"
 356 002b 00000000 		.ascii	"\000\000\000\000\000\000\000\000"
 356      00000000 
 357 0033 C0000000 		.ascii	"\300\000\000\000"
 358 0037 5F5F6C61 		.ascii	"__late_init\000"
 358      74655F69 
 358      6E697400 
 359 0043 00       		.ascii	"\000"
 360 0044 01       		.ascii	"\001"
 361 0045 00       		.ascii	"\000"
 362 0046 00000000 		.ascii	"\000\000\000\000\000\000\000\000"
 362      00000000 
 363 004e C3000000 		.ascii	"\303\000\000\000"
 364 0052 5F5F6465 		.ascii	"__default_exit\000"
 364      6661756C 
ARM GAS  C:\Users\mvshv\AppData\Local\Temp\ccoIGale.s 			page 27


 364      745F6578 
 364      697400
 365 0061 00       		.ascii	"\000"
 366 0062 01       		.ascii	"\001"
 367 0063 00       		.ascii	"\000"
 368 0064 00000000 		.ascii	"\000\000\000\000\000\000\000\000"
 368      00000000 
 369 006c C8000000 		.ascii	"\310\000\000\000"
 370 0070 5F5F696E 		.ascii	"__init_ram_areas\000"
 370      69745F72 
 370      616D5F61 
 370      72656173 
 370      00
 371 0081 00       		.ascii	"\000"
 372 0082 00       		.ascii	"\000"
 373 0083 00       		.ascii	"\000"
 374 0084 00000000 		.ascii	"\000\000\000\000\000\000\000\000"
 374      00000000 
 375 008c CA000000 		.ascii	"\312\000\000\000"
 376 0090 5F5F7261 		.ascii	"__ram0_init_text__\000"
 376      6D305F69 
 376      6E69745F 
 376      74657874 
 376      5F5F00
 377 00a3 00       		.ascii	"\000"
 378 00a4 02       		.ascii	"\002"
 379 00a5 00       		.ascii	"\000"
 380 00a6 00000000 		.ascii	"\000\000\000\000\000\000\000\000"
 380      00000000 
 381 00ae F0000000 		.ascii	"\360\000\000\000"
 382 00b2 5F5F7261 		.ascii	"__ram0_init__\000"
 382      6D305F69 
 382      6E69745F 
 382      5F00
 383 00c0 00       		.ascii	"\000"
 384 00c1 02       		.ascii	"\002"
 385 00c2 00       		.ascii	"\000"
 386 00c3 00000000 		.ascii	"\000\000\000\000\000\000\000\000"
 386      00000000 
 387 00cb F2000000 		.ascii	"\362\000\000\000"
 388 00cf 5F5F7261 		.ascii	"__ram0_clear__\000"
 388      6D305F63 
 388      6C656172 
 388      5F5F00
 389 00de 00       		.ascii	"\000"
 390 00df 02       		.ascii	"\002"
 391 00e0 00       		.ascii	"\000"
 392 00e1 00000000 		.ascii	"\000\000\000\000\000\000\000\000"
 392      00000000 
 393 00e9 F4000000 		.ascii	"\364\000\000\000"
 394 00ed 5F5F7261 		.ascii	"__ram0_noinit__\000"
 394      6D305F6E 
 394      6F696E69 
 394      745F5F00 
 395 00fd 00       		.ascii	"\000"
 396 00fe 02       		.ascii	"\002"
 397 00ff 00       		.ascii	"\000"
ARM GAS  C:\Users\mvshv\AppData\Local\Temp\ccoIGale.s 			page 28


 398 0100 00000000 		.ascii	"\000\000\000\000\000\000\000\000"
 398      00000000 
 399 0108 F6000000 		.ascii	"\366\000\000\000"
 400 010c 5F5F7261 		.ascii	"__ram1_init_text__\000"
 400      6D315F69 
 400      6E69745F 
 400      74657874 
 400      5F5F00
 401 011f 00       		.ascii	"\000"
 402 0120 02       		.ascii	"\002"
 403 0121 00       		.ascii	"\000"
 404 0122 00000000 		.ascii	"\000\000\000\000\000\000\000\000"
 404      00000000 
 405 012a F8000000 		.ascii	"\370\000\000\000"
 406 012e 5F5F7261 		.ascii	"__ram1_init__\000"
 406      6D315F69 
 406      6E69745F 
 406      5F00
 407 013c 00       		.ascii	"\000"
 408 013d 02       		.ascii	"\002"
 409 013e 00       		.ascii	"\000"
 410 013f 00000000 		.ascii	"\000\000\000\000\000\000\000\000"
 410      00000000 
 411 0147 FA000000 		.ascii	"\372\000\000\000"
 412 014b 5F5F7261 		.ascii	"__ram1_clear__\000"
 412      6D315F63 
 412      6C656172 
 412      5F5F00
 413 015a 00       		.ascii	"\000"
 414 015b 02       		.ascii	"\002"
 415 015c 00       		.ascii	"\000"
 416 015d 00000000 		.ascii	"\000\000\000\000\000\000\000\000"
 416      00000000 
 417 0165 FC000000 		.ascii	"\374\000\000\000"
 418 0169 5F5F7261 		.ascii	"__ram1_noinit__\000"
 418      6D315F6E 
 418      6F696E69 
 418      745F5F00 
 419 0179 00       		.ascii	"\000"
 420 017a 02       		.ascii	"\002"
 421 017b 00       		.ascii	"\000"
 422 017c 00000000 		.ascii	"\000\000\000\000\000\000\000\000"
 422      00000000 
 423 0184 FE000000 		.ascii	"\376\000\000\000"
 424 0188 5F5F7261 		.ascii	"__ram2_init_text__\000"
 424      6D325F69 
 424      6E69745F 
 424      74657874 
 424      5F5F00
 425 019b 00       		.ascii	"\000"
 426 019c 02       		.ascii	"\002"
 427 019d 00       		.ascii	"\000"
 428 019e 00000000 		.ascii	"\000\000\000\000\000\000\000\000"
 428      00000000 
 429 01a6 00010000 		.ascii	"\000\001\000\000"
 430 01aa 5F5F7261 		.ascii	"__ram2_init__\000"
 430      6D325F69 
ARM GAS  C:\Users\mvshv\AppData\Local\Temp\ccoIGale.s 			page 29


 430      6E69745F 
 430      5F00
 431 01b8 00       		.ascii	"\000"
 432 01b9 02       		.ascii	"\002"
 433 01ba 00       		.ascii	"\000"
 434 01bb 00000000 		.ascii	"\000\000\000\000\000\000\000\000"
 434      00000000 
 435 01c3 02010000 		.ascii	"\002\001\000\000"
 436 01c7 5F5F7261 		.ascii	"__ram2_clear__\000"
 436      6D325F63 
 436      6C656172 
 436      5F5F00
 437 01d6 00       		.ascii	"\000"
 438 01d7 02       		.ascii	"\002"
 439 01d8 00       		.ascii	"\000"
 440 01d9 00000000 		.ascii	"\000\000\000\000\000\000\000\000"
 440      00000000 
 441 01e1 04010000 		.ascii	"\004\001\000\000"
 442 01e5 5F5F7261 		.ascii	"__ram2_noinit__\000"
 442      6D325F6E 
 442      6F696E69 
 442      745F5F00 
 443 01f5 00       		.ascii	"\000"
 444 01f6 02       		.ascii	"\002"
 445 01f7 00       		.ascii	"\000"
 446 01f8 00000000 		.ascii	"\000\000\000\000\000\000\000\000"
 446      00000000 
 447 0200 06010000 		.ascii	"\006\001\000\000"
 448 0204 5F5F7261 		.ascii	"__ram3_init_text__\000"
 448      6D335F69 
 448      6E69745F 
 448      74657874 
 448      5F5F00
 449 0217 00       		.ascii	"\000"
 450 0218 02       		.ascii	"\002"
 451 0219 00       		.ascii	"\000"
 452 021a 00000000 		.ascii	"\000\000\000\000\000\000\000\000"
 452      00000000 
 453 0222 08010000 		.ascii	"\010\001\000\000"
 454 0226 5F5F7261 		.ascii	"__ram3_init__\000"
 454      6D335F69 
 454      6E69745F 
 454      5F00
 455 0234 00       		.ascii	"\000"
 456 0235 02       		.ascii	"\002"
 457 0236 00       		.ascii	"\000"
 458 0237 00000000 		.ascii	"\000\000\000\000\000\000\000\000"
 458      00000000 
 459 023f 0A010000 		.ascii	"\012\001\000\000"
 460 0243 5F5F7261 		.ascii	"__ram3_clear__\000"
 460      6D335F63 
 460      6C656172 
 460      5F5F00
 461 0252 00       		.ascii	"\000"
 462 0253 02       		.ascii	"\002"
 463 0254 00       		.ascii	"\000"
 464 0255 00000000 		.ascii	"\000\000\000\000\000\000\000\000"
ARM GAS  C:\Users\mvshv\AppData\Local\Temp\ccoIGale.s 			page 30


 464      00000000 
 465 025d 0C010000 		.ascii	"\014\001\000\000"
 466 0261 5F5F7261 		.ascii	"__ram3_noinit__\000"
 466      6D335F6E 
 466      6F696E69 
 466      745F5F00 
 467 0271 00       		.ascii	"\000"
 468 0272 02       		.ascii	"\002"
 469 0273 00       		.ascii	"\000"
 470 0274 00000000 		.ascii	"\000\000\000\000\000\000\000\000"
 470      00000000 
 471 027c 0E010000 		.ascii	"\016\001\000\000"
 472 0280 5F5F7261 		.ascii	"__ram4_init_text__\000"
 472      6D345F69 
 472      6E69745F 
 472      74657874 
 472      5F5F00
 473 0293 00       		.ascii	"\000"
 474 0294 02       		.ascii	"\002"
 475 0295 00       		.ascii	"\000"
 476 0296 00000000 		.ascii	"\000\000\000\000\000\000\000\000"
 476      00000000 
 477 029e 10010000 		.ascii	"\020\001\000\000"
 478 02a2 5F5F7261 		.ascii	"__ram4_init__\000"
 478      6D345F69 
 478      6E69745F 
 478      5F00
 479 02b0 00       		.ascii	"\000"
 480 02b1 02       		.ascii	"\002"
 481 02b2 00       		.ascii	"\000"
 482 02b3 00000000 		.ascii	"\000\000\000\000\000\000\000\000"
 482      00000000 
 483 02bb 12010000 		.ascii	"\022\001\000\000"
 484 02bf 5F5F7261 		.ascii	"__ram4_clear__\000"
 484      6D345F63 
 484      6C656172 
 484      5F5F00
 485 02ce 00       		.ascii	"\000"
 486 02cf 02       		.ascii	"\002"
 487 02d0 00       		.ascii	"\000"
 488 02d1 00000000 		.ascii	"\000\000\000\000\000\000\000\000"
 488      00000000 
 489 02d9 14010000 		.ascii	"\024\001\000\000"
 490 02dd 5F5F7261 		.ascii	"__ram4_noinit__\000"
 490      6D345F6E 
 490      6F696E69 
 490      745F5F00 
 491 02ed 00       		.ascii	"\000"
 492 02ee 02       		.ascii	"\002"
 493 02ef 00       		.ascii	"\000"
 494 02f0 00000000 		.ascii	"\000\000\000\000\000\000\000\000"
 494      00000000 
 495 02f8 16010000 		.ascii	"\026\001\000\000"
 496 02fc 5F5F7261 		.ascii	"__ram5_init_text__\000"
 496      6D355F69 
 496      6E69745F 
 496      74657874 
ARM GAS  C:\Users\mvshv\AppData\Local\Temp\ccoIGale.s 			page 31


 496      5F5F00
 497 030f 00       		.ascii	"\000"
 498 0310 02       		.ascii	"\002"
 499 0311 00       		.ascii	"\000"
 500 0312 00000000 		.ascii	"\000\000\000\000\000\000\000\000"
 500      00000000 
 501 031a 18010000 		.ascii	"\030\001\000\000"
 502 031e 5F5F7261 		.ascii	"__ram5_init__\000"
 502      6D355F69 
 502      6E69745F 
 502      5F00
 503 032c 00       		.ascii	"\000"
 504 032d 02       		.ascii	"\002"
 505 032e 00       		.ascii	"\000"
 506 032f 00000000 		.ascii	"\000\000\000\000\000\000\000\000"
 506      00000000 
 507 0337 1A010000 		.ascii	"\032\001\000\000"
 508 033b 5F5F7261 		.ascii	"__ram5_clear__\000"
 508      6D355F63 
 508      6C656172 
 508      5F5F00
 509 034a 00       		.ascii	"\000"
 510 034b 02       		.ascii	"\002"
 511 034c 00       		.ascii	"\000"
 512 034d 00000000 		.ascii	"\000\000\000\000\000\000\000\000"
 512      00000000 
 513 0355 1C010000 		.ascii	"\034\001\000\000"
 514 0359 5F5F7261 		.ascii	"__ram5_noinit__\000"
 514      6D355F6E 
 514      6F696E69 
 514      745F5F00 
 515 0369 00       		.ascii	"\000"
 516 036a 02       		.ascii	"\002"
 517 036b 00       		.ascii	"\000"
 518 036c 00000000 		.ascii	"\000\000\000\000\000\000\000\000"
 518      00000000 
 519 0374 1E010000 		.ascii	"\036\001\000\000"
 520 0378 5F5F7261 		.ascii	"__ram6_init_text__\000"
 520      6D365F69 
 520      6E69745F 
 520      74657874 
 520      5F5F00
 521 038b 00       		.ascii	"\000"
 522 038c 02       		.ascii	"\002"
 523 038d 00       		.ascii	"\000"
 524 038e 00000000 		.ascii	"\000\000\000\000\000\000\000\000"
 524      00000000 
 525 0396 20010000 		.ascii	" \001\000\000"
 526 039a 5F5F7261 		.ascii	"__ram6_init__\000"
 526      6D365F69 
 526      6E69745F 
 526      5F00
 527 03a8 00       		.ascii	"\000"
 528 03a9 02       		.ascii	"\002"
 529 03aa 00       		.ascii	"\000"
 530 03ab 00000000 		.ascii	"\000\000\000\000\000\000\000\000"
 530      00000000 
ARM GAS  C:\Users\mvshv\AppData\Local\Temp\ccoIGale.s 			page 32


 531 03b3 22010000 		.ascii	"\"\001\000\000"
 532 03b7 5F5F7261 		.ascii	"__ram6_clear__\000"
 532      6D365F63 
 532      6C656172 
 532      5F5F00
 533 03c6 00       		.ascii	"\000"
 534 03c7 02       		.ascii	"\002"
 535 03c8 00       		.ascii	"\000"
 536 03c9 00000000 		.ascii	"\000\000\000\000\000\000\000\000"
 536      00000000 
 537 03d1 24010000 		.ascii	"$\001\000\000"
 538 03d5 5F5F7261 		.ascii	"__ram6_noinit__\000"
 538      6D365F6E 
 538      6F696E69 
 538      745F5F00 
 539 03e5 00       		.ascii	"\000"
 540 03e6 02       		.ascii	"\002"
 541 03e7 00       		.ascii	"\000"
 542 03e8 00000000 		.ascii	"\000\000\000\000\000\000\000\000"
 542      00000000 
 543 03f0 26010000 		.ascii	"&\001\000\000"
 544 03f4 5F5F7261 		.ascii	"__ram7_init_text__\000"
 544      6D375F69 
 544      6E69745F 
 544      74657874 
 544      5F5F00
 545 0407 00       		.ascii	"\000"
 546 0408 02       		.ascii	"\002"
 547 0409 00       		.ascii	"\000"
 548 040a 00000000 		.ascii	"\000\000\000\000\000\000\000\000"
 548      00000000 
 549 0412 28010000 		.ascii	"(\001\000\000"
 550 0416 5F5F7261 		.ascii	"__ram7_init__\000"
 550      6D375F69 
 550      6E69745F 
 550      5F00
 551 0424 00       		.ascii	"\000"
 552 0425 02       		.ascii	"\002"
 553 0426 00       		.ascii	"\000"
 554 0427 00000000 		.ascii	"\000\000\000\000\000\000\000\000"
 554      00000000 
 555 042f 2A010000 		.ascii	"*\001\000\000"
 556 0433 5F5F7261 		.ascii	"__ram7_clear__\000"
 556      6D375F63 
 556      6C656172 
 556      5F5F00
 557 0442 00       		.ascii	"\000"
 558 0443 02       		.ascii	"\002"
 559 0444 00       		.ascii	"\000"
 560 0445 00000000 		.ascii	"\000\000\000\000\000\000\000\000"
 560      00000000 
 561 044d 2C010000 		.ascii	",\001\000\000"
 562 0451 5F5F7261 		.ascii	"__ram7_noinit__\000"
 562      6D375F6E 
 562      6F696E69 
 562      745F5F00 
 563 0461 00       		.ascii	"\000"
ARM GAS  C:\Users\mvshv\AppData\Local\Temp\ccoIGale.s 			page 33


 564 0462 02       		.ascii	"\002"
 565 0463 00       		.ascii	"\000"
 566 0464 00000000 		.ascii	"\000\000\000\000\000\000\000\000"
 566      00000000 
 567 046c 2E010000 		.ascii	".\001\000\000"
 568              		.text
 569              		.section	.gnu.lto_.opts,"",%progbits
 570 0000 272D666D 		.ascii	"'-fmath-errno' '-fsigned-zeros' '-ftrapping-math' '"
 570      6174682D 
 570      6572726E 
 570      6F272027 
 570      2D667369 
 571 0033 2D666E6F 		.ascii	"-fno-trapv' '-fno-openmp' '-fno-openacc' '-mcpu=cor"
 571      2D747261 
 571      70762720 
 571      272D666E 
 571      6F2D6F70 
 572 0066 7465782D 		.ascii	"tex-m4' '-mno-thumb-interwork' '-mthumb' '-O2' '-fo"
 572      6D342720 
 572      272D6D6E 
 572      6F2D7468 
 572      756D622D 
 573 0099 6D69742D 		.ascii	"mit-frame-pointer' '-falign-functions=16' '-ffuncti"
 573      6672616D 
 573      652D706F 
 573      696E7465 
 573      72272027 
 574 00cc 6F6E2D73 		.ascii	"on-sections' '-fdata-sections' '-fno-common' '-flto"
 574      65637469 
 574      6F6E7327 
 574      20272D66 
 574      64617461 
 575 00ff 2700     		.ascii	"'\000"
 576              		.text
 577              		.comm	__gnu_lto_v1,1,1
 578              		.comm	__gnu_lto_slim,1,1
 579              		.ident	"GCC: (GNU Tools for Arm Embedded Processors 7-2017-q4-major) 7.2.1 20170904 (release) [ARM
ARM GAS  C:\Users\mvshv\AppData\Local\Temp\ccoIGale.s 			page 34


DEFINED SYMBOLS
                            *ABS*:00000000 crt1.c
                            *COM*:00000001 __gnu_lto_v1
                            *COM*:00000001 __gnu_lto_slim

NO UNDEFINED SYMBOLS
