ARM GAS  C:\Users\mvshv\AppData\Local\Temp\ccO9C8Cg.s 			page 1


   1              		.cpu cortex-m4
   2              		.eabi_attribute 20, 1
   3              		.eabi_attribute 21, 1
   4              		.eabi_attribute 23, 3
   5              		.eabi_attribute 24, 1
   6              		.eabi_attribute 25, 1
   7              		.eabi_attribute 26, 1
   8              		.eabi_attribute 30, 2
   9              		.eabi_attribute 34, 1
  10              		.eabi_attribute 18, 4
  11              		.file	"hal.c"
  12              		.section	.gnu.lto_.profile.fb69cc47,"",%progbits
  13 0000 789C6363 		.ascii	"x\234cc```\001bF\006;v\000\000\373\000Q"
  13      60606001 
  13      6246063B 
  13      760000FB 
  13      0051
  14              		.text
  15              		.section	.gnu.lto_.icf.fb69cc47,"",%progbits
  16 0000 789C6363 		.ascii	"x\234cc``\340`@\000F\206e7\033>\3611\000\000\016c\003"
  16      6060E060 
  16      40004686 
  16      65371B3E 
  16      F1310000 
  17 0017 0F       		.ascii	"\017"
  18              		.text
  19              		.section	.gnu.lto_.jmpfuncs.fb69cc47,"",%progbits
  20 0000 789C6363 		.ascii	"x\234cc``\340f@\000F\004\023\000\001\305\000\023"
  20      6060E066 
  20      40004604 
  20      130001C5 
  20      0013
  21              		.text
  22              		.section	.gnu.lto_.inline.fb69cc47,"",%progbits
  23 0000 789C6363 		.ascii	"x\234cc``0b@\000F\006\006N;F\006& \223m\201<\023X\210"
  23      60603062 
  23      40004606 
  23      064E3B46 
  23      06262093 
  24 001a 0B1FC100 		.ascii	"\013\037\301\000\000=`\001\215"
  24      003D6001 
  24      8D
  25              		.text
  26              		.section	.gnu.lto_.pureconst.fb69cc47,"",%progbits
  27 0000 789C6363 		.ascii	"x\234cc```\006bF\006\011\000\000}\000#"
  27      60606006 
  27      62460609 
  27      00007D00 
  27      23
  28              		.text
  29              		.section	.gnu.lto_halInit.fb69cc47,"",%progbits
  30 0000 789C75D0 		.ascii	"x\234u\320\277JC1\024\006\360\357K\332\333;(.:H)\316"
  30      BF4A4331 
  30      1406F0EF 
  30      4BDADB3B 
  30      282E3A48 
  31 0016 5DEE7D0F 		.ascii	"]\356}\017\337B\2728\010\242}\200\033\333\241\025\034"
ARM GAS  C:\Users\mvshv\AppData\Local\Temp\ccO9C8Cg.s 			page 2


  31      DF42BA38 
  31      08A27D80 
  31      1BDBA115 
  31      1C
  32 0027 1C6C5DEE 		.ascii	"\034l]\356P\\\324I\304\266\032\247\340\0038\270:\371"
  32      505CD449 
  32      C4B61AA7 
  32      E00338B8 
  32      3AF9
  33 0039 874E4574 		.ascii	"\207NEt\024i\365\244\025\271\303\365\220\220C\362K\016"
  33      1469F5A4 
  33      15B9C3F5 
  33      909043F2 
  33      4B0E
  34 004b 2701801D 		.ascii	"'\001\200\035\002k\262\226eR\203\352\360\036\330\013"
  34      026BB296 
  34      655283EA 
  34      F01ED80B 
  35 005b 15E91313 		.ascii	"\025\351\023\023\022\211b\302\003}\244y\327\032YU=5"
  35      128962C2 
  35      037DA479 
  35      D71A5955 
  35      3D35
  36 006d 12EEF87D 		.ascii	"\022\356\370}\325\2349\246\032\350\312\364\301+V!\354"
  36      D59C39A6 
  36      1AE8CAF4 
  36      C12B5621 
  36      EC
  37 007e F972DA59 		.ascii	"\371r\332Y\014\012\363}\366\031@j\340\342\241\350\314"
  37      0C0AF37D 
  37      F619406A 
  37      E0E2A1E8 
  37      CC
  38 008f F4BB65DC 		.ascii	"\364\273e\334\353\011?\326C\240-\347R\3048\354k\345"
  38      EB093FD6 
  38      43A02DE7 
  38      52C438EC 
  38      6BE5
  39 00a1 B3A6C398 		.ascii	"\263\246\303\230\315\336WyvI^\262v\374XJ&&L5\273Z^\341"
  39      CDDE5779 
  39      76495EB2 
  39      76FC584A 
  39      26264C35 
  40 00b9 800952D1 		.ascii	"\200\011R\321\336\235/\344;%n\230qOK\371N\312\363:\343"
  40      DE9D2FE4 
  40      3B256E98 
  40      714F4BF9 
  40      4ECAF33A 
  41 00ce 3EFF7105 		.ascii	">\377q\005q7\0317Y\316wEq6\343\354J\276\013\304\335"
  41      71371937 
  41      59CE7745 
  41      7136E3EC 
  41      4ABE0BC4 
  42 00e3 FEBA3736 		.ascii	"\376\27276z/\035\316\240\217\266t)?!-T\242(\376\033"
  42      7A2F1DCE 
  42      A08FB674 
  42      293F212D 
ARM GAS  C:\Users\mvshv\AppData\Local\Temp\ccO9C8Cg.s 			page 3


  42      54A228FE 
  43 00f8 DBF57873 		.ascii	"\333\365xsc+\256\357\326\374\032\325\360\003\255\244"
  43      632BAEEF 
  43      D6FC1AD5 
  43      F003ADA4 
  44 0108 81E8     		.ascii	"\201\350"
  45              		.text
  46              		.section	.gnu.lto_.symbol_nodes.fb69cc47,"",%progbits
  47 0000 789C55C8 		.ascii	"x\234U\310\273\015\2030\030E\341\343\353\307\\a\262"
  47      BB0D8330 
  47      1845E1E3 
  47      EBC75C61 
  47      B2
  48 0011 DF450660 		.ascii	"\337E\006`\010\252l\000\341\321P3C\"e\016\204\343\012"
  48      08AA6C00 
  48      E1D15033 
  48      4322650E 
  48      84E30A
  49 0024 174747FA 		.ascii	"\027GG\372\022\360*\241Q\006\375\001eS\356\300m2W\005"
  49      12F02AA1 
  49      5106FD01 
  49      6553EEC0 
  49      6D325705 
  50 0038 727E1458 		.ascii	"r~\024Xej`\221\371\006fYh\340-\213\015L\262t\007Ob\370"
  50      656A6091 
  50      F9066659 
  50      68E02D8B 
  50      0D4CB274 
  51 0050 9CCE13D9 		.ascii	"\234\316\023\331\353\003\277z\317\363\373\277\030\352"
  51      EB03BF7A 
  51      CFF3FBBF 
  51      18EA
  52 005e 1D7B3917 		.ascii	"\035{9\027\007\245,!"
  52      07A52C21 
  53              		.text
  54              		.section	.gnu.lto_.refs.fb69cc47,"",%progbits
  55 0000 789C6363 		.ascii	"x\234cc```\004b\006\000\000D\000\010"
  55      60606004 
  55      62060000 
  55      440008
  56              		.text
  57              		.section	.gnu.lto_.decls.fb69cc47,"",%progbits
  58 0000 789C8592 		.ascii	"x\234\205\222]HSQ\034\300\317\377^\327t.\225\250\360"
  58      5D485351 
  58      1CC0CFFF 
  58      5ED7742E 
  58      95A8F0
  59 0013 C16248BD 		.ascii	"\301bH\275\305\346G\220\357Z&\230JZ\340\323\374\204"
  59      C5E64790 
  59      EF5A2698 
  59      4A5AE0D3 
  59      FC84
  60 0025 0D96CA36 		.ascii	"\015\226\3126K\352\345\232b\242R>X\240\263\364!Dj\210"
  60      4BEAE59A 
  60      62A2523E 
  60      58A0B3F4 
  60      21446A88 
ARM GAS  C:\Users\mvshv\AppData\Local\Temp\ccO9C8Cg.s 			page 4


  61 0039 34971F53 		.ascii	"4\227\037S7\235se\372P\324S\250#K*\303\017|\220\310"
  61      379D7365 
  61      FA50D453 
  61      A8234B2A 
  61      C30F7C90 
  62 004e 58FF7BCE 		.ascii	"X\377{\316\275\273\242\222\207\235{\276\376\277\337"
  62      BDBBA292 
  62      879D7BBE 
  62      FEBFDF
  63 005d F99FB373 		.ascii	"\371\237\263s\214\020\362\234'\244\017\010i\306~\030"
  63      8C10F29C 
  63      27A40F08 
  63      69C67E18 
  64 006d 0B87ED14 		.ascii	"\013\207\355\024Q\212\032\253\007\353\004V\257\264\346"
  64      518A1AAB 
  64      07EB0456 
  64      AFB4E6
  65 007c C71AC01A 		.ascii	"\307\032\300\032$\007\313\035t\241\222\224`\235\303"
  65      2407CB1D 
  65      74A19294 
  65      609DC3
  66 008b 3AB6CF13 		.ascii	":\266\317\023\224X\277\344\362J\356\375\245\203\207"
  66      9458BFE4 
  66      F24AEEFD 
  66      A58387
  67 009a B1A9096F 		.ascii	"\261\251\011o\3542,\002\346\004\011t\026\200}\261\025"
  67      EC322C02 
  67      E6040974 
  67      16807DB1 
  67      15
  68 00ab 2B1D87E5 		.ascii	"+\035\207\345\002l\036g9\326H\241\342@F 2\303I\016N"
  68      026C1E67 
  68      39D648A1 
  68      E2404620 
  68      32C3490E 
  69 00c0 F6D29F24 		.ascii	"\366\322\237$\200\275V\266\316\266\223\013a\361,\037"
  69      80BD56B6 
  69      CEB6930B 
  69      61F12C1F 
  70 00d0 8563539C 		.ascii	"\205cS\234\262\331\036\344@\256$\262\034IJ9$H\227\360"
  70      B2D91EE4 
  70      40AE24B2 
  70      1C494A39 
  70      244897F0 
  71 00e4 E957DB80 		.ascii	"\351W\333\2006\004K\270ZLH{\364-\020g7]\302\027\015"
  71      36044BB8 
  71      5A4C487B 
  71      F42D1067 
  71      375DC217 
  72 00f9 CFD1FECF 		.ascii	"\317\321\376\317\221\271\015\015\257\241\375\307\333"
  72      91B90D0D 
  72      AFA1FDC7 
  72      DB
  73 0106 8B2E95DE 		.ascii	"\213.\225\336)\260\022\235O\3405\360\362}\006\302;\276"
  73      29B0129D 
  73      4FE035F0 
  73      F27D06C2 
ARM GAS  C:\Users\mvshv\AppData\Local\Temp\ccO9C8Cg.s 			page 5


  73      3BBE
  74 0118 F8561E4E 		.ascii	"\370V\036Nh\200\303\341\207\315\371\247\2618<\251\201"
  74      6880C3E1 
  74      87CDF9A7 
  74      B1383CA9 
  74      81
  75 0129 041C3ADB 		.ascii	"\004\034:\333\302\035\252\304'\"\327\336 $pPr\032F!"
  75      C21DAAC4 
  75      2722D7DE 
  75      20247050 
  75      721A4621 
  76 013d 09462009 		.ascii	"\011F \011\263\031\203D\374VE1\323\312\314\372_.\271"
  76      B3198344 
  76      FC564531 
  76      D3CACCFA 
  76      5F2EB9
  77 0150 57E80D09 		.ascii	"W\350\015\011\276`\323\331\276\006\241\0371\235\030"
  77      BE60D3D9 
  77      BE06A11F 
  77      319D18
  78 015f 056EE061 		.ascii	"\005n\340a\030\364\342\021\334\342\3360\004!\000\027"
  78      18F4E211 
  78      DCE2DE30 
  78      04210017 
  79 016f 2CE3093C 		.ascii	",\343\011<\220\214\364\203W\353\313*>\217&\334\366\325"
  79      908CF483 
  79      57EBCB2A 
  79      3E8F26DC 
  79      F6D5
  80 0181 E38E4753 		.ascii	"\343\216GSH\020|\033]\031]\203\337\205f\015\335\016"
  80      48107C1B 
  80      5D195D83 
  80      DF85660D 
  80      DD0E
  81 0193 C615D1B8 		.ascii	"\306\025\321\270t\010\230\240\202\371\325\305{\374]"
  81      740898A0 
  81      82F9D5C5 
  81      7BFC5D
  82 01a2 CABF0CB4 		.ascii	"\312\277\014\264\324GI\374J\177\312h\240\311W\300\360"
  82      D44749FC 
  82      4A7FCA68 
  82      A0C957C0 
  82      F0
  83 01b3 49059F94 		.ascii	"I\005\237\224q/\305\273w\034n\216\037\007*\350k\335"
  83      712FC5BB 
  83      771C6E8E 
  83      1F072AE8 
  83      6BDD
  84 01c5 71F0B260 		.ascii	"q\360\262`D70$4\252(\357Sx\237\314OQ\336\365\273\331"
  84      44373024 
  84      34AA28EF 
  84      53789FCC 
  84      4F51DEF5 
  85 01db 01FC16E3 		.ascii	"\001\374\026\343=K\303kj\211\177\347\275\350\360G\022"
  85      3D4BC36B 
  85      6A897FE7 
  85      BDE8F047 
ARM GAS  C:\Users\mvshv\AppData\Local\Temp\ccO9C8Cg.s 			page 6


  85      12
  86 01ec 985604D3 		.ascii	"\230V\004\323\262\300O\005/\234\235\337b\370\036\366"
  86      B2C04F05 
  86      2F9C9DDF 
  86      62F81EF6 
  87 01fc F77DAC7F 		.ascii	"\367}\254\177xJ\342\327\026t\273\221\375g\024|F\306"
  87      784AE2D7 
  87      1674BB91 
  87      FD67147C 
  87      46C6
  88 020e 0314EF7C 		.ascii	"\003\024\357|\366h\220\347W\031\276\356\335\376!_\300"
  88      F66890E7 
  88      5719BEEE 
  88      DDFE215F 
  88      C0
  89 021f E7A514A7 		.ascii	"\347\245\024\247r\001\263\212`V\026\004\251\340}\343"
  89      7201B38A 
  89      60561604 
  89      A9E07DE3 
  90 022f 6037CF1E 		.ascii	"`7\317\036B\024\016\267\026\272V\342\330C\320\341\260"
  90      42140EB7 
  90      16BA56E2 
  90      D843D0E1 
  90      B0
  91 0240 67F74F67 		.ascii	"g\367Og\234\266E\020\356\013\275\015B\314U*{\213/\341"
  91      9CB64510 
  91      EE0BBD0D 
  91      42CC552A 
  91      7B8B2FE1 
  92 0254 0D7D0973 		.ascii	"\015}\011s\240\245*\261U\233J-9Uf{\222^o\210\374\252"
  92      A0A52AB1 
  92      559B4A2D 
  92      3955667B 
  92      925E6F88 
  93 026a 6D069C36 		.ascii	"m\006\2346\330\254\345b\253/\217\316\316\273\241\313"
  93      D8ACE562 
  93      AB2F8FCE 
  93      CEBBA1CB 
  94 027a 4C4D2567 		.ascii	"LM%g\376\027E\216\331\354\242\352\334!A\346\252rKmE"
  94      FE17458E 
  94      D9ECA2EA 
  94      DC2141E6 
  94      AA724B6D 
  95 028f A5D837DA 		.ascii	"\245\3307\332\354z\023\211)\253.\265V\210\341\227\016"
  95      EC7A1389 
  95      29AB2EB5 
  95      5688E197 
  95      0E
  96 02a0 09A78B36 		.ascii	"\011\247\2136Ca\221\261\260\350Zz\332\225tcVNaf\376"
  96      436191B1 
  96      B0E85A7A 
  96      DA957463 
  96      564E6166 
  97 02b5 CDCBD78B 		.ascii	"\315\313\327\213\331\032\032\324\266\212Z\221\277p\324"
  97      D91A1AD4 
  97      B68A5A91 
  97      BF70D4
ARM GAS  C:\Users\mvshv\AppData\Local\Temp\ccO9C8Cg.s 			page 7


  98 02c4 76955633 		.ascii	"v\225V36\265\2662\021\302F\204\316\037\001\261\350\343"
  98      36B5B632 
  98      11C24684 
  98      CE1F01B1 
  98      E8E3
  99 02d6 C61AEC5B 		.ascii	"\306\032\354[,\025F32\031\20705\325V\273\230'&i\310"
  99      2C154633 
  99      32198730 
  99      35D556BB 
  99      98272669 
 100 02eb CDCD3264 		.ascii	"\315\3152d\027\344\344\337N\243\012\011E\215\326\264"
 100      17E4E4DF 
 100      4EA30A09 
 100      458DD6B4 
 101 02fb C7927E84 		.ascii	"\307\222~\204E:p]\235\301\024\021\374\003\337T\203\316"
 101      453A705D 
 101      9DC11411 
 101      FC03DF54 
 101      83CE
 102              		.text
 103              		.section	.gnu.lto_.symtab.fb69cc47,"",%progbits
 104 0000 68616C49 		.ascii	"halInit\000"
 104      6E697400 
 105 0008 00       		.ascii	"\000"
 106 0009 00       		.ascii	"\000"
 107 000a 00       		.ascii	"\000"
 108 000b 00000000 		.ascii	"\000\000\000\000\000\000\000\000"
 108      00000000 
 109 0013 BB000000 		.ascii	"\273\000\000\000"
 110 0017 7374496E 		.ascii	"stInit\000"
 110      697400
 111 001e 00       		.ascii	"\000"
 112 001f 02       		.ascii	"\002"
 113 0020 00       		.ascii	"\000"
 114 0021 00000000 		.ascii	"\000\000\000\000\000\000\000\000"
 114      00000000 
 115 0029 BD000000 		.ascii	"\275\000\000\000"
 116 002d 626F6172 		.ascii	"boardInit\000"
 116      64496E69 
 116      7400
 117 0037 00       		.ascii	"\000"
 118 0038 02       		.ascii	"\002"
 119 0039 00       		.ascii	"\000"
 120 003a 00000000 		.ascii	"\000\000\000\000\000\000\000\000"
 120      00000000 
 121 0042 BF000000 		.ascii	"\277\000\000\000"
 122 0046 73647549 		.ascii	"sduInit\000"
 122      6E697400 
 123 004e 00       		.ascii	"\000"
 124 004f 02       		.ascii	"\002"
 125 0050 00       		.ascii	"\000"
 126 0051 00000000 		.ascii	"\000\000\000\000\000\000\000\000"
 126      00000000 
 127 0059 C1000000 		.ascii	"\301\000\000\000"
 128 005d 75736249 		.ascii	"usbInit\000"
 128      6E697400 
 129 0065 00       		.ascii	"\000"
ARM GAS  C:\Users\mvshv\AppData\Local\Temp\ccO9C8Cg.s 			page 8


 130 0066 02       		.ascii	"\002"
 131 0067 00       		.ascii	"\000"
 132 0068 00000000 		.ascii	"\000\000\000\000\000\000\000\000"
 132      00000000 
 133 0070 C3000000 		.ascii	"\303\000\000\000"
 134 0074 5F70616C 		.ascii	"_pal_lld_init\000"
 134      5F6C6C64 
 134      5F696E69 
 134      7400
 135 0082 00       		.ascii	"\000"
 136 0083 02       		.ascii	"\002"
 137 0084 00       		.ascii	"\000"
 138 0085 00000000 		.ascii	"\000\000\000\000\000\000\000\000"
 138      00000000 
 139 008d C5000000 		.ascii	"\305\000\000\000"
 140 0091 68616C5F 		.ascii	"hal_lld_init\000"
 140      6C6C645F 
 140      696E6974 
 140      00
 141 009e 00       		.ascii	"\000"
 142 009f 02       		.ascii	"\002"
 143 00a0 00       		.ascii	"\000"
 144 00a1 00000000 		.ascii	"\000\000\000\000\000\000\000\000"
 144      00000000 
 145 00a9 C7000000 		.ascii	"\307\000\000\000"
 146              		.text
 147              		.section	.gnu.lto_.opts,"",%progbits
 148 0000 272D666D 		.ascii	"'-fmath-errno' '-fsigned-zeros' '-ftrapping-math' '"
 148      6174682D 
 148      6572726E 
 148      6F272027 
 148      2D667369 
 149 0033 2D666E6F 		.ascii	"-fno-trapv' '-fno-openmp' '-fno-openacc' '-mcpu=cor"
 149      2D747261 
 149      70762720 
 149      272D666E 
 149      6F2D6F70 
 150 0066 7465782D 		.ascii	"tex-m4' '-mno-thumb-interwork' '-mthumb' '-O2' '-fo"
 150      6D342720 
 150      272D6D6E 
 150      6F2D7468 
 150      756D622D 
 151 0099 6D69742D 		.ascii	"mit-frame-pointer' '-falign-functions=16' '-ffuncti"
 151      6672616D 
 151      652D706F 
 151      696E7465 
 151      72272027 
 152 00cc 6F6E2D73 		.ascii	"on-sections' '-fdata-sections' '-fno-common' '-flto"
 152      65637469 
 152      6F6E7327 
 152      20272D66 
 152      64617461 
 153 00ff 2700     		.ascii	"'\000"
 154              		.text
 155              		.comm	__gnu_lto_v1,1,1
 156              		.comm	__gnu_lto_slim,1,1
 157              		.ident	"GCC: (GNU Tools for Arm Embedded Processors 7-2017-q4-major) 7.2.1 20170904 (release) [ARM
ARM GAS  C:\Users\mvshv\AppData\Local\Temp\ccO9C8Cg.s 			page 9


ARM GAS  C:\Users\mvshv\AppData\Local\Temp\ccO9C8Cg.s 			page 10


DEFINED SYMBOLS
                            *ABS*:00000000 hal.c
                            *COM*:00000001 __gnu_lto_v1
                            *COM*:00000001 __gnu_lto_slim

NO UNDEFINED SYMBOLS
