ARM GAS  C:\Users\mvshv\AppData\Local\Temp\ccyB64Ot.s 			page 1


   1              		.cpu cortex-m4
   2              		.eabi_attribute 20, 1
   3              		.eabi_attribute 21, 1
   4              		.eabi_attribute 23, 3
   5              		.eabi_attribute 24, 1
   6              		.eabi_attribute 25, 1
   7              		.eabi_attribute 26, 1
   8              		.eabi_attribute 30, 2
   9              		.eabi_attribute 34, 1
  10              		.eabi_attribute 18, 4
  11              		.file	"hal_st_lld.c"
  12              		.section	.gnu.lto_.profile.fb69ecc4,"",%progbits
  13 0000 789C6363 		.ascii	"x\234cc```\001bF\206r\025\000\001\212\000\247"
  13      60606001 
  13      62468672 
  13      1500018A 
  13      00A7
  14              		.text
  15              		.section	.gnu.lto_.icf.fb69ecc4,"",%progbits
  16 0000 789C6363 		.ascii	"x\234cc``\020a@\000f\206m\317v>af\234\360\360\373k^"
  16      60601061 
  16      40006686 
  16      6DCF763E 
  16      61669CF0 
  17 0018 A6965787 		.ascii	"\246\226W\207f02\000\000h3\011\206"
  17      66303200 
  17      00683309 
  17      86
  18              		.text
  19              		.section	.gnu.lto_.jmpfuncs.fb69ecc4,"",%progbits
  20 0000 789C6363 		.ascii	"x\234cc``8\300\200\000L`\202q\0123c\363\257\375\237"
  20      606038C0 
  20      80004C60 
  20      82710A33 
  20      63F3AFFD 
  21 0015 F9EAFF36 		.ascii	"\371\352\3776H\314afX\300\014\024e\334\314X\317\300"
  21      48CC6166 
  21      58C00C14 
  21      65DCCC58 
  21      CFC0
  22 0027 78808591 		.ascii	"x\200\205\221\001\210\377\374\377\377\237\237\221\011"
  22      0188FFFC 
  22      FFFF9F9F 
  22      9109
  23 0035 A86E5AEB 		.ascii	"\250nZ\353\241\363\354\335\314@U\214\014\214[\030e@"
  23      A1F3ECDD 
  23      CC40558C 
  23      0C8C5B18 
  23      6540
  24 0047 98018F29 		.ascii	"\230\001\217)[1M\201i\003Z\316\002\322\364\364\344\344"
  24      5B314D81 
  24      69035ACE 
  24      02D2F4F4 
  24      E4E4
  25 0059 361E9091 		.ascii	"6\036\220\221\214@\361m@\343@\352e@z\030@\322]\277\256"
  25      8C40F16D 
  25      40E340EA 
ARM GAS  C:\Users\mvshv\AppData\Local\Temp\ccyB64Ot.s 			page 2


  25      65407A18 
  25      40D25DBF 
  26 006e F77140A4 		.ascii	"\367q@\2449\030\267C\2459\300\322\014\000\265\3562\335"
  26      3918B743 
  26      A539C0D2 
  26      0C00B5EE 
  26      32DD
  27              		.text
  28              		.section	.gnu.lto_.inline.fb69ecc4,"",%progbits
  29 0000 789C6363 		.ascii	"x\234cc``\210f@\000&\006\006\221c\014\214\014L|W\374"
  29      60608866 
  29      40002606 
  29      0691630C 
  29      8C0C4C7C 
  30 0016 19D816C8 		.ascii	"\031\330\026\3103\201\004\031\271@2\334@\006\204\211"
  30      33810419 
  30      B94032DC 
  30      40068489 
  31 0026 8D804833 		.ascii	"\215\200H31\210\310\000I\231\007\267\030\341\272\231"
  31      3188C800 
  31      499907B7 
  31      18E1BA99 
  32 0036 79C0C632 		.ascii	"y\300\3062\000\000WW\006{"
  32      00005757 
  32      067B
  33              		.text
  34              		.section	.gnu.lto_.pureconst.fb69ecc4,"",%progbits
  35 0000 789C6363 		.ascii	"x\234cc```\003b&\206]\214LR\000\003\263\000\346"
  35      60606003 
  35      6226865D 
  35      8C4C5200 
  35      03B300E6 
  36              		.text
  37              		.section	.gnu.lto_VectorB0.fb69ecc4,"",%progbits
  38 0000 789C9554 		.ascii	"x\234\225T[L\034e\024>g\376a\027Xn\355\223iH\\\214<"
  38      5B4C1C65 
  38      143E67FE 
  38      6117586E 
  38      ED936948 
  39 0017 1009D3D6 		.ascii	"\020\011\323\326F}1\321\340\013I71\245\357\244n\261"
  39      467D31D1 
  39      E00B4937 
  39      31A5EFA4 
  39      6EB1
  40 0029 90B0DD66 		.ascii	"\220\260\335f\027\233\366\211\001\026\001-\321\007\273"
  40      179BF689 
  40      0116012D 
  40      D107BB
  41 0038 205DDC55 		.ascii	" ]\334U\253\255\211\264\010h\205\266\260\202h/\226\233"
  41      ABAD89B4 
  41      086885B6 
  41      B082682F 
  41      969B
  42 004a 2D6A51B9 		.ascii	"-jQ\271\011\205\212Mk\033\261\265]<\347\337ae/i\343"
  42      09858A4D 
  42      6B1BB1B5 
  42      5D3CE7DF 
ARM GAS  C:\Users\mvshv\AppData\Local\Temp\ccyB64Ot.s 			page 3


  42      61652F69 
  43 005f 046667FE 		.ascii	"\004fg\376\363\235\313\367\375\3777&\000X5\001l@\200"
  43      F39DCBF7 
  43      FDFF3726 
  43      00583501 
  43      6C4080
  44 0072 6DF48C49 		.ascii	"m\364\214I\200\312\333\303\000\325\311\212\"F\263AO"
  44      80CADBC3 
  44      00D5C98A 
  44      2246B341 
  44      4F
  45 0083 55835B40 		.ascii	"U\203[@O\023\250\206\227UD~\320\223\021\252\024\241"
  45      4F13A886 
  45      9755447E 
  45      D09311AA 
  45      14A1
  46 0095 62151E12 		.ascii	"b\025\036\022\357\010\034\250_\350Q\362\216\351t\005"
  46      EF081CA8 
  46      5FE851F2 
  46      8EE97405 
  47 00a5 9BEF6556 		.ascii	"\233\357eV\353u\217\371\004\200\227\376\371\302.\314"
  47      EB758FF9 
  47      048097FE 
  47      F9C22ECC 
  48 00b5 0382CD7E 		.ascii	"\003\202\315~\026:\234nR\003k!\354F\223\022Y\367\310"
  48      163A9C6E 
  48      52036B21 
  48      EC469312 
  48      59F7C8
  49 00c8 F4D0B954 		.ascii	"\364\320\271T\271\356\025\0101\241\221cO\265\230\000"
  49      B9EE1508 
  49      31A19163 
  49      4FB59800 
  50 00d8 3FE7A0B2 		.ascii	"?\347\240\262\256\036\340\027h\302Sh\212M\230;\222_"
  50      AE1EE017 
  50      68C25368 
  50      8A4D983B 
  50      925F
  51 00ea 0E1CF00A 		.ascii	"\016\034\360\012\021\033\373\307\237\357\027\200_rP"
  51      111BFBC7 
  51      9FEF1780 
  51      5F7250
  52 00f9 E5E098A7 		.ascii	"\345\340\230\247\303'\336\024>\201\250\322\353\255K"
  52      C327DE14 
  52      3E81A8D2 
  52      EBAD4B
  53 0108 AD7319FC 		.ascii	"\255s\031\374\252\240\225^?\2720\336o\021\035(\207\372"
  53      AAA0955E 
  53      3FBA30DE 
  53      6F111D28 
  53      87FA
  54 011a E4C4FB2D 		.ascii	"\344\304\373-i\271\037\352z\215\036\234h\025\237v\353"
  54      69B91FEA 
  54      7A8D1E9C 
  54      68159F76 
  54      EB
  55 012b 7AE30B3E 		.ascii	"z\343\013>!\360\014\012\"\206\2471\033{1[r\217i;q\204"
ARM GAS  C:\Users\mvshv\AppData\Local\Temp\ccyB64Ot.s 			page 4


  55      21F00C0A 
  55      2286A731 
  55      1B7B315B 
  55      728F693B 
  56 0141 60673117 		.ascii	"`g1\027\260\207;'E\321\350#\032\375D\203o1y\315\235"
  56      B0873B27 
  56      45D1E823 
  56      1AFD4483 
  56      6F3179CD 
  57 0156 1B930C5D 		.ascii	"\033\223\014]\342h\216\324oe]\202\0344G\025\374\212"
  57      E2688ED4 
  57      6F655D82 
  57      1C344715 
  57      FC8A
  58 0168 0A0E24D2 		.ascii	"\012\016$\322\345\311\012\340\200W$\307\353\362\334"
  58      E5C90AE0 
  58      805724C7 
  58      EBF2DC
  59 0177 71A230C8 		.ascii	"q\2420\310\301\2248\262m\377\213\354\2156\202\0151\331"
  59      C19438B2 
  59      6DFF8BEC 
  59      8D36820D 
  59      31D9
  60 0189 AFE3C97E 		.ascii	"\257\343\311~C\263}\313d\351F\347\017\351T\234\034O"
  60      43B37DCB 
  60      64E946E7 
  60      0FE9549C 
  60      1C4F
  61 019b 0AEAA1D5 		.ascii	"\012\352\241\325z\242\273\251\377\376b[^\026\202O\250"
  61      7AA2BBA9 
  61      FFFE625B 
  61      5E16824F 
  61      A8
  62 01ac 0ADF001A 		.ascii	"\012\337\000\032\350\310\320\341\323\203\320H\333OO"
  62      E8C8D0E1 
  62      D383D048 
  62      DB4F4F
  63 01bb B5415846 		.ascii	"\265AXFO`\325/X\030.\336\323\263<i\256z\240'\373D\222"
  63      4F60D52F 
  63      58182EDE 
  63      D3B33C69 
  63      AE7AA027 
  64 01d2 57A452D5 		.ascii	"W\244R\325sX\305\001o\335\300\210\231w\323$7\260\366"
  64      7358C501 
  64      6FDDC088 
  64      9977D324 
  64      37B0F6
  65 01e5 5EFFED0C 		.ascii	"^\377\355\014\302\321)5\361i\344\265\273c\1774X\002"
  65      C2D12935 
  65      F169E4B5 
  65      BB637F34 
  65      5802
  66 01f7 F85E7596 		.ascii	"\370^u\226O\230\361\002\035\355\363\314\212\321G\273"
  66      4F98F102 
  66      1DEDF3CC 
  66      8AD147BB 
  67 0207 EA90D02D 		.ascii	"\352\220\320-\272n\345\012\0271\200\262#~\207U>\222"
ARM GAS  C:\Users\mvshv\AppData\Local\Temp\ccyB64Ot.s 			page 5


  67      BA6EE50A 
  67      173180B2 
  67      237E8755 
  67      3E92
  68 0219 70196BAD 		.ascii	"p\031k\255\011FH\361\012\013\215p\211F\360\3210\327"
  68      094648F1 
  68      0A0B8D70 
  68      8946F0D1 
  68      30D7
  69 022b 71A077E9 		.ascii	"q\240w\351P\243\205\221\255\002\327Oe\221S\015\267\257"
  69      50A38591 
  69      AD02D74F 
  69      6591530D 
  69      B7AF
  70 023d DC4C0DBF 		.ascii	"\334L\015\277\262||\012\003m\327Rx&]\266N\303\021\022"
  70      B27C7C0A 
  70      036DD752 
  70      78265DB6 
  70      4EC31112 
  71 0251 7BD818AB 		.ascii	"{\330\030\253~\341\342h\206\326\256{\2529\226\216\243"
  71      7EE1E268 
  71      86D6AE7B 
  71      AA39968E 
  71      A3
  72 0262 34D661E9 		.ascii	"4\326a\3518\034C\215\332\325\336\177\375]s\270\233\022"
  72      381C438D 
  72      DAD5DE7F 
  72      FD5D73B8 
  72      9B12
  73 0274 6E38B4BA 		.ascii	"n8\264\272\022\314\344\016**8Nu\346\32139\270\315\300"
  73      12CCE40E 
  73      2A2A384E 
  73      75E6D133 
  73      39B8CDC0 
  74 0288 10E0E472 		.ascii	"\020\340\344r\317\335\3640\000\360{cW\033\311=\243\331"
  74      CFDDF430 
  74      00F07B63 
  74      571BC93D 
  74      A3D9
  75 029a A43631B8 		.ascii	"\24461\270\263\330t^2\210\036.\3601\357\324\303\347"
  75      B3D8745E 
  75      32881E2E 
  75      F031EFD4 
  75      C3E7
  76 02ac BBFCDF7C 		.ascii	"\273\374\337|WP[O?\235\232MP\326\002*\300\346\340\344"
  76      57505B4F 
  76      3F9D9A4D 
  76      50D6022A 
  76      C0E6E0E4 
  77 02c0 25FDACCA 		.ascii	"%\375\254\3121\201V\374\201b\277c\315\354\\s\367\024"
  77      318156FC 
  77      8162BF63 
  77      CDEC5C73 
  77      F714
  78 02d2 B239080F 		.ascii	"\2629\010\017\1771\241\017\374\235\177\247\346\324+"
  78      7F31A10F 
  78      FC9D7FA7 
ARM GAS  C:\Users\mvshv\AppData\Local\Temp\ccyB64Ot.s 			page 6


  78      E6D42B
  79 02e1 7EBD857A 		.ascii	"~\275\205zdp\333\366\271\323z2\235\031\300\0371G\016"
  79      6470DBF6 
  79      B9D37A32 
  79      9D19C01F 
  79      31470E
  80 02f4 7273F9F2 		.ascii	"rs\371\362\244B+\370\023\252\262\026\340U\351\361\343"
  80      A4422BF8 
  80      13AAB216 
  80      E055E9F1 
  80      E3
  81 0305 7D83F369 		.ascii	"}\203\363i9o\030\331\231\214\375\363D\347\025\213\314"
  81      396F18D9 
  81      998CFDF3 
  81      44E7158B 
  81      CC
  82 0316 9EE46CFC 		.ascii	"\236\344l\374\031U\032\253f\372\301[w^\225\263\001\357"
  82      19551AAB 
  82      66FAC15B 
  82      775E95B3 
  82      01EF
  83 0328 F6F4ADA6 		.ascii	"\366\364\255\246\336Mk_\234\350\035O\343\217\021\340"
  83      DE4D6B5F 
  83      9CE81D4F 
  83      E38F11E0 
  84 0338 2FC6A633 		.ascii	"/\306\2463x\276\353T\234\235;\"vN\217r\305\257Dn\212"
  84      78BEEB54 
  84      9C9D3B22 
  84      764E8F72 
  84      C5AF446E 
  85 034d 0B4C252A 		.ascii	"\013L%*\236\301q\300\351u\305o7\205\256\342\232\311"
  85      9EC171C0 
  85      E975C56F 
  85      3785AEE2 
  85      9AC9
  86 035f A3D199EC 		.ascii	"\243\321\231\354\177\300\031\003-\325\035\222\352F\224"
  86      7FC01903 
  86      2DD51D92 
  86      EA4694
  87 036e A78F2CCE 		.ascii	"\247\217,\316\032\352\3164w?\0366\243!n\310?\323gY\323"
  87      1AEACE34 
  87      773F1E36 
  87      A3216EC8 
  87      3FD36759 
  88 0383 6D56EA36 		.ascii	"mV\3526'u\213\025\351\267\210H\275{d\213\360\251Q#&"
  88      27758B15 
  88      E9B78848 
  88      BD7B648B 
  88      F0A95123 
  89 0398 AD9D6EF4 		.ascii	"\255\235n\364\245$vH\026\345\317G\370x\022\371\210\254"
  89      A5247648 
  89      16E5CF47 
  89      F87812F9 
  89      88AC
  90 03aa BC81500B 		.ascii	"\274\201P\013a+?\332\273\327\036\342\335\305\210w\227"
  90      612B3FDA 
  90      BBD71EE2 
ARM GAS  C:\Users\mvshv\AppData\Local\Temp\ccyB64Ot.s 			page 7


  90      DDC58877 
  90      97
  91 03bb 1EE5DD8D 		.ascii	"\036\345\335\215\324\363\2721\331\015\254\011\254\034"
  91      D4F3BA31 
  91      D90DAC09 
  91      AC1C
  92 03c9 0D67F2D5 		.ascii	"\015g\362\325@\302\0219\222\340\231\202\002-\362\347"
  92      40C21139 
  92      92E09982 
  92      022DF2E7 
  93 03d9 746B65BB 		.ascii	"tke\273*\264}NW\245[+\336i{z\253\266}\373K\332\316\""
  93      2AB47D4E 
  93      57A55B2B 
  93      DE697B7A 
  93      ABB67DFB 
  94 03f1 DBFE2D1C 		.ascii	"\333\376-\034)qW\226TT\354.\260\303\023\011\322\234"
  94      29715796 
  94      5454EC2E 
  94      B0C31309 
  94      D29C
  95 0403 6EBAB92A 		.ascii	"n\272\271*\345oAY\034\204\"\345{\355\025\257\355.\325"
  95      E56F4159 
  95      1C8422E5 
  95      7BED15AF 
  95      ED2ED5
  96 0416 EC65EE83 		.ascii	"\354e\356\203n\202l\216\201\330\235\016\207s\257\321"
  96      6E826C8E 
  96      81D89D0E 
  96      8773AFD1 
  97 0426 FFC51DB6 		.ascii	"\377\305\035\266B\333\001\302\332\235\256\322\222\375"
  97      42DB01C2 
  97      DA9DAED2 
  97      92FD
  98 0434 CF3A28C1 		.ascii	"\317:(\301\374\312.w\351\313\256\362\347\023'\226\036"
  98      FCCA2E77 
  98      E9CBAEF2 
  98      E7132796 
  98      1E
  99 0445 A8E434AD 		.ascii	"\250\3444\255\320V\\T\254\025R\236V\264\326\322\341"
  99      D0565C54 
  99      AC15529E 
  99      56B4D6D2 
  99      E1
 100 0456 2E7797EC 		.ascii	".w\227\354\261\333\251J\226\255x\207\225+\355s\225\347"
 100      B1DBA94A 
 100      96AD7887 
 100      952BED73 
 100      95E7
 101 0468 5B733783 		.ascii	"[s7\203\342\002\263\243\324\341t\035\204\177\001\276"
 101      E202B3A3 
 101      D4E1741D 
 101      847F01BE 
 102 0478 999FD5   		.ascii	"\231\237\325"
 103              		.text
 104              		.section	.gnu.lto_st_lld_init.fb69ecc4,"",%progbits
 105 0000 789C9D94 		.ascii	"x\234\235\224KL\023A\030\307\347\277\263m\267\200\030"
 105      4B4C1341 
ARM GAS  C:\Users\mvshv\AppData\Local\Temp\ccyB64Ot.s 			page 8


 105      18C7E7BF 
 105      B36DB780 
 105      18
 106 0011 3D99D883 		.ascii	"=\231\330\203W<\260A\023c<{1\201\023\\\0151z\320\204"
 106      573CB041 
 106      13633C7B 
 106      3181135C 
 106      0D317AD0 
 107 0026 0423C4A3 		.ascii	"\004#\304\243]^- 1D\005\023\255\332D#\341@jy\210E\224"
 107      5D5E2D20 
 107      31440513 
 107      ADDA4423 
 107      E1406A79 
 108 003d 5251DE05 		.ascii	"RQ\336\005\021\345QO&\"\012\032cH0\032\300\357\233-"
 108      11E5514F 
 108      26220A1A 
 108      6348301A 
 108      C0EF9B2D 
 109 0051 2DD1139D 		.ascii	"-\321\023\235t\247\2633\263\277\337|\363r\012!\032\035"
 109      74A7B333 
 109      B3BFDF7C 
 109      F3720A21 
 109      1A1D
 110 0063 421CA7FF 		.ascii	"B\034\247\377\203\364@\012h\315q!\252\014\015\340\202"
 110      83F4400A 
 110      68CD7121 
 110      AA0C0DE0 
 110      82
 111 0074 65407835 		.ascii	"e@x5x\321$oJ\304\374K\021-\257\315\242\024\275\365s"
 111      78D1246F 
 111      4AC4FC4B 
 111      112DAFCD 
 111      A214BDF5 
 112 0089 BFCFAA3B 		.ascii	"\277\317\252;\020\220B\264\322\303\011]\310\023\324"
 112      109042B4 
 112      D2C3095D 
 112      C813D4
 113 0098 ED6378B3 		.ascii	"\355cx\263e\217S\267\353\321\015\247\000\025B3\216\250"
 113      658F53B7 
 113      EBD10DA7 
 113      00154233 
 113      8EA8
 114 00aa B5B9E5B7 		.ascii	"\265\271\345\267\242C\017\260Q\274\017\" \241q&9\323"
 114      A2430FB0 
 114      51BC0F22 
 114      20A17126 
 114      39D3
 115 00bc 3913A29E 		.ascii	"9\023\242\236\276!\261\025\025\015R\343RMT|E\254\357"
 115      BE21B115 
 115      150D52E3 
 115      524D547C 
 115      45ACEF
 116 00cf CBC00526 		.ascii	"\313\300\005&\335\226 Ak]l\312uU\006\244\006\366%B\223"
 116      DD962041 
 116      6B5D6CCA 
 116      755506A4 
 116      06F62542 
ARM GAS  C:\Users\mvshv\AppData\Local\Temp\ccyB64Ot.s 			page 9


 117 00e4 2B86FD6A 		.ascii	"+\206\375j\005\353-\235\252\036\206\302w\020\304\275"
 117      05EB2D9D 
 117      AA1E86C2 
 117      7710C4BD 
 118 00f4 2A1AEAA1 		.ascii	"*\032\352\241\200\224x\002\017z\340\021\334\377z\327"
 118      80947802 
 118      0F7AE011 
 118      DCFF7AD7 
 119 0104 EC69B3C3 		.ascii	"\354i\263\303\252E@\352\350\245n-*\000<\205I\256\232"
 119      AA4540EA 
 119      E8A56E2D 
 119      2A003C85 
 119      49AE9A
 120 0117 5F3ED82A 		.ascii	"_>\330*\315\266u\017\015\373\024\036\224\"\304\240\361"
 120      CDB6750F 
 120      0DFB141E 
 120      9422C4A0 
 120      F1
 121 0128 CC36AA3E 		.ascii	"\3146\252>\2732\365\245M\317`\022^\005\326>\346\266"
 121      BB32F5A5 
 121      4DCF6012 
 121      5E05D63E 
 121      E6B6
 122 013a 6D726760 		.ascii	"mrg`\016\025Xc\315`\247a\277Z\321f+\227\252\026\276"
 122      0E155863 
 122      CD60A761 
 122      BF5AD166 
 122      2B97AA16 
 123 014f D586B3D3 		.ascii	"\325\206\263\323:'\236\223\256?\251\353[m\357u\246|"
 123      3A279E93 
 123      AE3FA9EB 
 123      5B6DEF75 
 123      A67C
 124 0161 2F948FA7 		.ascii	"/\224\217\247\036\003\377D\246\223\356\377Pv\301\216"
 124      1E03FF44 
 124      A693EEFF 
 124      5076C18E 
 125 0171 A6D9831C 		.ascii	"\246\331\203\034\213\316\244\265\345\311\206\334$+\025"
 125      8BCEA4B5 
 125      E5C986DC 
 125      242B15
 126 0180 894B4512 		.ascii	"\211KE\022\357X\377\221e\277\362\356\341%\012\336\375"
 126      EF58FF91 
 126      65BFF2EE 
 126      E1250ADE 
 126      FD
 127 0191 EC4ECA82 		.ascii	"\354N\312\202Wh\361\015\274$],\251\363/\215O\347\262"
 127      5768F10D 
 127      BC245D2C 
 127      A9F32F8D 
 127      4FE7B2
 128 01a4 AE8A87A2 		.ascii	"\256\212\207\242cH\0115\026\276\202I\035\326c#'\030"
 128      63480935 
 128      16BE8249 
 128      1DD66323 
 128      2718
 129 01b6 A8E3FE71 		.ascii	"\250\343\376q\274\266CY[\216\247\006\260;\374\260\302"
ARM GAS  C:\Users\mvshv\AppData\Local\Temp\ccyB64Ot.s 			page 10


 129      BCB64359 
 129      5B8EA706 
 129      B03BFCB0 
 129      C2
 130 01c7 ABFD3AA2 		.ascii	"\253\375:\242\360+\375\217\347\0356\177\213\322^\214"
 130      F02BFD8F 
 130      E71D367F 
 130      8BD25E8C 
 131 01d7 6E2BA632 		.ascii	"n+\2462T\214)\205\316\212q\245HM\221\016\201\211m\374"
 131      548C2985 
 131      CE8A71A5 
 131      484D910E 
 131      81896DFC 
 132 01eb 7C467837 		.ascii	"|Fx7&\025\236\01637F\233\252\333]\005!n\014v\252\005"
 132      26159E0E 
 132      3337469B 
 132      AADB5D05 
 132      216E0C76 
 133 0201 8BC3C461 		.ascii	"\213\303\304a\217\332|S(H\353\0262\214fZ\351\234\314"
 133      8FDA7C53 
 133      2848EB16 
 133      328C665A 
 133      E99CCC
 134 0214 7B43E814 		.ascii	"{C\350\024o1C\336\214\342\271\230\367v'/\221!oV\361"
 134      6F3143DE 
 134      8CE2B998 
 134      F776272F 
 134      91216F56 
 135 0229 0CE6BD53 		.ascii	"\014\346\275S\263\335\343\237\010g\331\263\015\274\337"
 135      B3DDE39F 
 135      0867D9B3 
 135      0DBCDF
 136 0238 C67FC810 		.ascii	"\306\177\310\020?\247\360n\306\317\323p\231\267\212"
 136      3FA7F06E 
 136      C6CFD370 
 136      99B78A
 137 0247 BAE0D623 		.ascii	"\272\340\326#\251\356;\372\"\022YM\270\274\033\226\021"
 137      A9EE3BFA 
 137      2212594D 
 137      B8BC1B96 
 137      11
 138 0258 9059AD7C 		.ascii	"\220Y\255|R\260\000/7|\032\275\341\313\341\201d\023"
 138      52B0002F 
 138      377C1ABD 
 138      E1CBE181 
 138      6413
 139 026a 7F111E3E 		.ascii	"\177\021\036>\347\277\347\256\031v\225\201\004<\001"
 139      E7BFE7AE 
 139      19769581 
 139      043C01
 140 0279 9923BEA3 		.ascii	"\231#\276\243:\370\247M\035Mu\271\326\023\203\256C:"
 140      3AF8A74D 
 140      1D4D75B9 
 140      D61383AE 
 140      433A
 141 028b 01C7F2F3 		.ascii	"\001\307\362\363\315\324\257\274\302<\177\246\314\274"
 141      CDD4AFBC 
ARM GAS  C:\Users\mvshv\AppData\Local\Temp\ccyB64Ot.s 			page 11


 141      C23C7FA6 
 141      CCBC
 142 0299 587EA9B2 		.ascii	"X~\251\262\302,.):z\304,,<i\226\234*\272\\\300-\245"
 142      C22C2E29 
 142      3A7AC42C 
 142      2C3C6996 
 142      9C2ABA5C 
 143 02b0 1595A565 		.ascii	"\025\225\245ee\347\362\317\212\277q\227\334\324"
 143      65E7F2CF 
 143      8ABF7197 
 143      DCD4
 144              		.text
 145              		.section	.gnu.lto_.symbol_nodes.fb69ecc4,"",%progbits
 146 0000 789C55C9 		.ascii	"x\234U\311\273\015\3020\024\205\341\343\3438/\0326\210"
 146      BB0DC230 
 146      1485E1E3 
 146      E3382F1A 
 146      3688
 147 0012 C42430D9 		.ascii	"\304$0\331u\021\021\211\212!\262\004\341\015\256\231"
 147      75111189 
 147      8A21B204 
 147      E10DAE99 
 148 0022 81226524 		.ascii	"\201\"e$6@8\256\270\315\371\245\357\344\000\226&\016"
 148      364038AE 
 148      B8CDF9A5 
 148      EFE40096 
 148      260E
 149 0034 0F1460FF 		.ascii	"\017\024`\377\002b\006\277\001\334\211\360+\300r\240"
 149      026206BF 
 149      01DC89F0 
 149      2BC072A0 
 150 0044 1875991B 		.ascii	"\030u\231\033\205I\000\357\327\021\256\024\253\340B"
 150      854900EF 
 150      D711AE14 
 150      ABE042
 151 0053 C9143C29 		.ascii	"\311\024<)N\301\203\222+\270S\012\005gJ\251\340H\251"
 151      4EC18392 
 151      2BB8530A 
 151      05674AA9 
 151      E048A9
 152 0066 14044AFD 		.ascii	"\024\004J\375\017\0265\372\367\327XT\010\251%\302\366"
 152      0F1635FA 
 152      F7D75854 
 152      08A925C2 
 152      F6
 153 0077 E32C0A8C 		.ascii	"\343,\012\214\2519\332n\256C\273\233\032\213\014}\252"
 153      A939DA6E 
 153      AE43BB9B 
 153      1A8B0C7D 
 153      AA
 154 0088 4598CB05 		.ascii	"E\230\313\005\306nj\360\003\036\035B\375"
 154      C66E6AF0 
 154      031E1D42 
 154      FD
 155              		.text
 156              		.section	.gnu.lto_.refs.fb69ecc4,"",%progbits
 157 0000 789C6363 		.ascii	"x\234cc``\340\004b&\006&FF&FA\006\000\001D\000*"
ARM GAS  C:\Users\mvshv\AppData\Local\Temp\ccyB64Ot.s 			page 12


 157      6060E004 
 157      62260626 
 157      46462646 
 157      41060001 
 158              		.text
 159              		.section	.gnu.lto_.decls.fb69ecc4,"",%progbits
 160 0000 789CB558 		.ascii	"x\234\265X\011P\024Y\232\256\227\257\012\212\333(\214"
 160      09501459 
 160      9AAE97AF 
 160      0A8ADB28 
 160      8C
 161 0011 0963D68D 		.ascii	"\011c\326\215\245;\234\220\210\335\341\322\351\236\330"
 161      A53B9C90 
 161      88DDE1D2 
 161      E99ED8
 162 0020 99D96D2D 		.ascii	"\231\331m-\265%\266\351\356-\354\215\231i\"j\020J%\206"
 162      B525B6E9 
 162      EE2DEC8D 
 162      9969226A 
 162      104A2586 
 163 0034 A387A3D7 		.ascii	"\243\207\243\327\216\230\335I,\260A[\205\366\002D\005"
 163      8E98DD49 
 163      2CB0415B 
 163      85F60244 
 163      05
 164 0045 156F145A 		.ascii	"\025o\024Z\021\001\225\243\024\221C\021\025DD\212\333"
 164      110195A3 
 164      14914311 
 164      1544448A 
 164      DB
 165 0056 6E95B339 		.ascii	"n\225\2639\224\026\366\177\357e\222YI\341\0341\233\301"
 165      9416F67F 
 165      EF659259 
 165      49E11C31 
 165      9BC1
 166 0068 5F99FFCB 		.ascii	"_\231\377\313\377\377\336\367\376\377\035\177\342\240"
 166      FFFFDEF7 
 166      FEFF1D7F 
 166      E2A0
 167 0076 52A9B6FF 		.ascii	"R\251\266\377\203J\365G\215J\265\007\251T3pah\253\004"
 167      834AF547 
 167      8D4AB507 
 167      A9543370 
 167      6168AB04 
 168 008a E1847BAD 		.ascii	"\341\204{\255\212]. M \367A\232A\332@\332A:@:A\272A"
 168      8A5D2E20 
 168      4D20F741 
 168      9A41DA40 
 168      DA413A40 
 169 00a2 7A41FA41 		.ascii	"zA\372A\236\203\000\234jHe{\345A\343\002\270\377\016"
 169      9E83009C 
 169      6A48657B 
 169      E541E302 
 169      B8FF0E
 170 00b5 4407B250 		.ascii	"D\007\262P\300_\0122,\364W\001\362\010d\004\344.\310"
 170      C05F0A32 
 170      2CF45701 
ARM GAS  C:\Users\mvshv\AppData\Local\Temp\ccyB64Ot.s 			page 13


 170      F2086404 
 170      E42EC8
 171 00c8 CFC06739 		.ascii	"\317\300g9\310\004<\277\003\367_ \206\375\026\374x\012"
 171      C8043CBF 
 171      03F75F20 
 171      86FD16FC 
 171      780A
 172 00da 9C7E05CF 		.ascii	"\234~\005\317\377\016\262\002D\017\022\010\362\037 "
 172      FF0EB202 
 172      440F1208 
 172      F21F20
 173 00e9 41201F81 		.ascii	"A \037\201\374'b\274z\005\236\301\210q\356\020\306\320"
 173      FC2762BC 
 173      7A059EC1 
 173      8871EE10 
 173      C6D0
 174 00fb 268CC91E 		.ascii	"&\214\311\036\347S\320\350&p&<\023@\217\023\370l\201"
 174      E753D0E8 
 174      2670263C 
 174      13408F13 
 174      F86C81
 175 010e 3B8F248E 		.ascii	";\217$\216\032\0203bcz\006\342\014\022\006\372\037A"
 175      1A103362 
 175      637A06E2 
 175      0C1206FA 
 175      1F41
 176 0120 FC411683 		.ascii	"\374A\026\203\374#\310?\201x\201,\001\361\005Y\212X"
 176      FC23C83F 
 176      8178812C 
 176      01F10559 
 176      8A58
 177 0132 BCEF0BB1 		.ascii	"\274\357\013\261S^{0\272\233T\220\215\267c\244sFjP\207"
 177      535E7B30 
 177      BA9B5490 
 177      8DB763A4 
 177      73466A50 
 178 0147 1BB2BADD 		.ascii	"\033\262\272\335A]\350\214\274@\315*\373\276V\303\336"
 178      415DE88C 
 178      BC40CD2A 
 178      FBBE56C3 
 178      DE
 179 0158 6A41AD9B 		.ascii	"jA\255\233L\377\3009\205\207+\307\314;\255%\315\027"
 179      4CFFC039 
 179      85872BC7 
 179      CC3BAD25 
 179      CD17
 180 016a D1627401 		.ascii	"\321bt\001-\2061^B@\013\371.FE\240\202\361\231Ky\245"
 180      2D86315E 
 180      42400BF9 
 180      2E4645A0 
 180      82F1994B 
 181 0180 88F93A81 		.ascii	"\210\371:\201\272\375FQ5f\3105\344\365\203\311\253\257"
 181      BAFD4651 
 181      3566C835 
 181      E4F583C9 
 181      ABAF
 182 0192 5C3187E0 		.ascii	"\\1\207\340Y}\326|zH\215\274\027#\000C\316\307yviU\350"
ARM GAS  C:\Users\mvshv\AppData\Local\Temp\ccyB64Ot.s 			page 14


 182      597DD67C 
 182      7A488DBC 
 182      17230043 
 182      CEC77976 
 183 01a9 2A724625 		.ascii	"*rF%\010\213|\263x\350|\350O\244\031\236\265\364\016"
 183      088B7CB3 
 183      78E87CE8 
 183      4FA4199E 
 183      B5F40E
 184 01bc 2D5B78FE 		.ascii	"-[x\376(\217\027\251\320\262\305\310o\261\012\225\""
 184      288F17A9 
 184      D0B2C5C8 
 184      6FB10A95 
 184      22
 185 01cd 6FFA4A85 		.ascii	"o\372J\205\256\000`\031\243S\364\"?\303A\227F\200\341"
 185      AE006019 
 185      A353F422 
 185      3FC34197 
 185      4680E1
 186 01e0 E73D44B1 		.ascii	"\347=D\261/\303\373b\312\376\032\322\211c \326\205\331"
 186      2FC3FB62 
 186      CAFE1AD2 
 186      896320D6 
 186      85D9
 187 01f2 352F9D9C 		.ascii	"5/\235\234\005\354\224?\207\315[K\317j\345\330\345o"
 187      05EC943F 
 187      87CD5B4B 
 187      CF6AE5D8 
 187      E56F
 188 0204 C2CED86D 		.ascii	"\302\316\330m\256ws\335F\260Y\030+\220N\026\307J\344"
 188      AE7773DD 
 188      46B05918 
 188      2B904E16 
 188      C74AE4
 189 0217 4AC64AEE 		.ascii	"J\306J\356`\334^s\352\014\011\333RgDV\221\0074\235\177"
 189      60DC5E73 
 189      EA0C09DB 
 189      52674456 
 189      9107349D 
 190 022c 5EF2D28D 		.ascii	"^\362\322\2155\021\270\376\304\264\333\256\330\221>"
 190      3511B8FE 
 190      C4B4DBAE 
 190      D8913E
 191 023b A7A65EDF 		.ascii	"\247\246^\337\251\3659+\006\360\177T\350\272\020=x\331"
 191      A9F5392B 
 191      06F07F54 
 191      E8BA103D 
 191      78D9
 192 024d B46BE498 		.ascii	"\264k\344\230#^C\014\271\216\326\251\307\356\310\331"
 192      235E430C 
 192      B98ED6A9 
 192      C7EEC8D9 
 193 025d 3B659685 		.ascii	";e\226\205j\226\002\252\2011\002\370\015\344\243B\026"
 193      6A9602AA 
 193      813102F8 
 193      0DE4A342 
 193      16
ARM GAS  C:\Users\mvshv\AppData\Local\Temp\ccyB64Ot.s 			page 15


 194 026e 68AC8246 		.ascii	"h\254\202F\232\224\212;Y\377\2269\302\363^\350&\014"
 194      9A948A3B 
 194      59FF9639 
 194      C2F35EE8 
 194      260C
 195 0280 B01A616A 		.ascii	"\260\032aj\003\\\227\012C;u,\375\210\003\276\214h\037"
 195      035C970A 
 195      433B752C 
 195      FD8803BE 
 195      8C681F
 196 0293 65077A6F 		.ascii	"e\007zop\363\365Q7\177\037\227\337\256N\346y\016\325"
 196      70F3F551 
 196      377F1F97 
 196      DFAE4EE6 
 196      790ED5
 197 02a6 421FB7A4 		.ascii	"B\037\267\244>n\322\370\221V\350\250\264\362j\271K\007"
 197      3E6ED2F8 
 197      9156E8A8 
 197      B4F26AB9 
 197      4B07
 198 02b8 6A4730BD 		.ascii	"jG0\275\321\002:B\204\330/\334\211P}F\274\020k\207V"
 198      D1023A42 
 198      84D82FDC 
 198      89507D46 
 198      BC106B87 
 199 02cd 8EDD0453 		.ascii	"\216\335\004S\242\210.h\266\205\02308\021\227\376\011"
 199      A2882E68 
 199      B6851330 
 199      381197FE 
 199      09
 200 02de 00488ECA 		.ascii	"\000H\216\312\336\263\356\304\213-x\366 \363cM\234\324"
 200      DEB3EEC4 
 200      8B2D78F6 
 200      20F3634D 
 200      9CD4
 201 02f0 99CC650E 		.ascii	"\231\314e\016W\325\354\353YR\322 \221\220\320\007\317"
 201      57D5ECEB 
 201      5952D220 
 201      9190D007 
 201      CF
 202 0301 BF3AE76A 		.ascii	"\277:\347jEO\340\355oT\2524m\024\235\003/\006\237\237"
 202      454FE0ED 
 202      6F54AA34 
 202      6D149D03 
 202      2F069F9F 
 203 0315 70C707E9 		.ascii	"p\307\007\351\312B7f&*<\330\"\344\310\024\030\252?\350"
 203      CA423766 
 203      262A3CD8 
 203      22E4C814 
 203      18AA3FE8 
 204 0329 C216E102 		.ascii	"\302\026\341\002P\317~5\263G\263h\037\235\267f~\001"
 204      50CF7E35 
 204      B347B368 
 204      1F9DB766 
 204      7E01
 205 033b 877EF723 		.ascii	"\207~\367#\324\010\311\270C'\342]\264\010~\243\325\254"
 205      D408C9B8 
ARM GAS  C:\Users\mvshv\AppData\Local\Temp\ccyB64Ot.s 			page 16


 205      4327E25D 
 205      B4087EA3 
 205      D5AC
 206 034d B32F075F 		.ascii	"\263/\007_\246;\274\235\303\347X\371\212\211\372\345"
 206      A63BBC9D 
 206      C3E758F9 
 206      8A89FAE5 
 207 035d E5555BF9 		.ascii	"\345U[\371F\360{\217\332\241\333R\236n\223\031\207\032"
 207      46F07B8F 
 207      DAA1DB52 
 207      9E6E9319 
 207      871A
 208 036f 9015A17A 		.ascii	"\220\025\241z\324\001\334\232\320\333dg\371j0\307\003"
 208      D401DC9A 
 208      D0DB6467 
 208      F96A30C7 
 208      03
 209 0380 B7335AF7 		.ascii	"\2673Z\367j\037Lj\004\260\333u\256Y|\005\2543H9\201"
 209      6A1F4C6A 
 209      04B0DB75 
 209      AE597C05 
 209      AC334839 
 210 0395 BA2741DD 		.ascii	"\272'A\335SB\335\247P\035C\2437]\360\267\014\252\351"
 210      5342DDA7 
 210      501D43A3 
 210      375DF0B7 
 210      0CAAE9
 211 03a8 4A55B71B 		.ascii	"JU\267\033@Ya\352\364wx\277.x\312\24783R\017$\244\007"
 211      405961EA 
 211      F47778BF 
 211      2E78CAA7 
 211      3833520F 
 212 03bf C23240CD 		.ascii	"\3022@\315\024\301rd{\017\302\371\230\"tN\316\\w\225"
 212      14C17264 
 212      7B0FC2F9 
 212      9822744E 
 212      CE5C7795 
 213 03d3 AF47B27A 		.ascii	"\257G\262z\245\365\370\220\255G0\274S\267w\237\207\232"
 213      A5F5F890 
 213      AD4730BC 
 213      53B7779F 
 213      879A
 214 03e5 636D2430 		.ascii	"cm$0\3206c\316\034\237?\204\217h\010[\221\020\303\276"
 214      D03663CE 
 214      1C9F3F84 
 214      8F68085B 
 214      9110C3BE 
 215 03f9 B6FBFB38 		.ascii	"\266\373\3738\201\353\350\340\362\253\027\371$\015\261"
 215      81EBE8E0 
 215      F2AB17F9 
 215      240DB1
 216 0408 412D12D3 		.ascii	"A-\022\323\026\221i\033e\332\274\353\305\260\006w3\246"
 216      1691691B 
 216      65DABCEB 
 216      C5B00677 
 216      33A6
 217 041a A3A3B7EE 		.ascii	"\243\243\267\356h\004\177\313\314\277\234\241\376d\244"
ARM GAS  C:\Users\mvshv\AppData\Local\Temp\ccyB64Ot.s 			page 17


 217      68047FCB 
 217      CCBF9CA1 
 217      FE64A4
 218 0429 8F25FFC7 		.ascii	"\217%\377\307\242\177;\365\357\0343\267:\342\203j\352"
 218      A27F3BF5 
 218      EF1C33B7 
 218      3AE2836A 
 218      EA
 219 043a DF523D56 		.ascii	"\337R=V+\372\327\376s\026_\305\"\376D\362~\"zwP\357"
 219      2BFAD7FE 
 219      73165FC5 
 219      22FE44F2 
 219      7E227A77 
 220 0450 D462CB0E 		.ascii	"\324b\313\016\214/3\357\332\242\321z$x\267e\342\362"
 220      8C2F33EF 
 220      DAA2D17A 
 220      2478B765 
 220      E2F2
 221 0462 5B5B2B3E 		.ascii	"[[+>f\201\266J\000V\021\240\223\002\264_8\364\322\001"
 221      6681B64A 
 221      005611A0 
 221      9302B45F 
 221      38F4D201 
 222 0476 0F308086 		.ascii	"\0170\200\206\255\207z\235g\351{I\364\273$\377.\321"
 222      AD877A9D 
 222      67E97B49 
 222      F4BB24FF 
 222      2ED1
 223 0488 BF9BFA1F 		.ascii	"\277\233\372\037\265\214\217\271\342/5\324?\277\256"
 223      B58C8FB9 
 223      E22F35D4 
 223      3FBFAE
 224 0497 204D24D0 		.ascii	" M$\320$\321\357\221\274{D\357^\352\335[\360\370\006"
 224      24D1EF91 
 224      BC7B44EF 
 224      5EEADD5B 
 224      F0F806
 225 04aa 87B39977 		.ascii	"\207\263\231w\343\001s\215\307l\360\375\244\340\367"
 225      E301738D 
 225      C76CF0FD 
 225      A4E0F7
 226 04b9 49FE7DA2 		.ascii	"I\376}\242\177?\365?p\277\353(\207\363\231\377\315\223"
 226      7F3FF53F 
 226      70BFEB28 
 226      87F399FF 
 226      CD93
 227 04cb 45958866 		.ascii	"E\225\210f\237lL,\373u\023'\312\325\263m\337\"\3328"
 227      9F6C4C2C 
 227      FB751327 
 227      CAD5B36D 
 227      DF22DA38 
 228 04df 7CEDC93E 		.ascii	"|\355\311>n\336)\361\214N\211\357\304)q\354\233\354"
 228      6EDE29F1 
 228      8C4E89EF 
 228      C42971EC 
 228      9BEC
 229 04f1 33AE22AB 		.ascii	"3\256\"\253\363\370\220\205\006\025\214\320S\211\326"
ARM GAS  C:\Users\mvshv\AppData\Local\Temp\ccyB64Ot.s 			page 18


 229      F3F89085 
 229      06158CD0 
 229      5389D6
 230 0500 5391D673 		.ascii	"S\221\326sJ\353\372\276\316N\356\255\027\232\303p\004"
 230      4AEBFABE 
 230      CE4EEEAD 
 230      179AC370 
 230      04
 231 0511 C2D94137 		.ascii	"\302\331A7\376Ky\211\216x\2021\315m\030\335\347\214"
 231      FE4B7989 
 231      8E788231 
 231      CD6D18DD 
 231      E78C
 232 0523 931DA852 		.ascii	"\223\035\250Ry\374B\232\366'G\371\306\012\262n\177Y"
 232      79FC429A 
 232      F62747F9 
 232      C60AB26E 
 232      7F59
 233 0535 7E9C4F49 		.ascii	"~\234OIK\244~h\020z\200\305);\251\006\240\345\005zK"
 233      4BA47E68 
 233      107A80C5 
 233      293BA906 
 233      A0E5057A 
 234 054a 8586D04F 		.ascii	"\205\206\320O\300wKUc\206V\2762H\270\244\2251,\234T"
 234      C0774B55 
 234      638656BE 
 234      3248B8A4 
 234      95312C9C 
 235 055f C3F4A43A 		.ascii	"\303\364\244:\374\303T\246\273\334\370\256\215\361\210"
 235      FCC354A6 
 235      BBDCF8AE 
 235      8DF188
 236 056e 603C428D 		.ascii	"`<B\215\213;\367\226;\261}\351!aY<p\246\330\215mL\025"
 236      8B3BF796 
 236      3BB17DE9 
 236      2161593C 
 236      70A6D88D 
 237 0585 7483E8CB 		.ascii	"t\203\350\313Mre\357\033\211ni\2769\244\306;\331\220"
 237      4D7265EF 
 237      1B896E69 
 237      BE39A4C6 
 237      3BD990
 238 0598 329A0A57 		.ascii	"2\232\012W\223\263\331\374\027\235*\340P_?\325\240\301"
 238      93B3D9FC 
 238      179D2AE0 
 238      505F3FD5 
 238      A0C1
 239 05aa 7B98B758 		.ascii	"{\230\267X\210\350\204BdO\251\245\314\005\357g/\273"
 239      88E88442 
 239      644FA9A5 
 239      CC05EF67 
 239      2FBB
 240 05bc B775591C 		.ascii	"\267uY\034p6SDR:\201\324\341\266\261Z\204s\330\313\262"
 240      70365344 
 240      523A81D4 
 240      E1B6B15A 
 240      8473D8CB 
ARM GAS  C:\Users\mvshv\AppData\Local\Temp\ccyB64Ot.s 			page 19


 241 05d1 E22BD542 		.ascii	"\342+\325Bi\344'\333Yulg\275\324w\253\332\231\215\207"
 241      69E427DB 
 241      59756C67 
 241      BDD477AB 
 241      DA998D87 
 242 05e5 47A05F6D 		.ascii	"G\240_mz\374\036\316c\236U#\005'\204\261aP\255i\226"
 242      7AFC1ECE 
 242      639E5523 
 242      052784B1 
 242      6150AD69 
 243 05fa 198F79AB 		.ascii	"\031\217y\253*3'TU[8:\224\261\264\2025R\245\241\246"
 243      2A332754 
 243      555B383A 
 243      94B1B482 
 243      3552A5A1 
 244 060f F38EE716 		.ascii	"\363\216\347\026\243\031j\235\304\351D\037b\234\330"
 244      A3196A9D 
 244      C4E9441F 
 244      629CD8
 245 061e 99F7C45D 		.ascii	"\231\367\304]n=\361&\353sG\363\366;\343S\214\344\201"
 245      6E3DF126 
 245      EB7347F3 
 245      F63BE353 
 245      8CE481
 246 0631 D1F66F85 		.ascii	"\321\366o\205\004y\203z|\274\314\254\305\371\354\335"
 246      0479837A 
 246      7CBCCCAC 
 246      C5F9ECDD 
 247 0641 EE6B071B 		.ascii	"\356k\007\033\034q!S\304\212Q\307*\306--+q\021{S\236"
 247      1C712153 
 247      C48A51C7 
 247      2AC62D2D 
 247      2B71117B 
 248 0657 FE753BC2 		.ascii	"\376u;\302%L\031H\352\265\012\361Y\004\352\336\272g"
 248      254C1948 
 248      EAB50AF1 
 248      5904EADE 
 248      BA67
 249 0669 4BF135F6 		.ascii	"K\3615\366j\272\306\262\024_g\317\325\227N\236@\270"
 249      6ABAC6B2 
 249      145F67CF 
 249      D5974E9E 
 249      40B8
 250 067b 96292359 		.ascii	"\226)#Y\325\317\234\361m\246\3444e_\326\342\273L9>\271"
 250      D5CF9CF1 
 250      6DA6E434 
 250      655FD6E2 
 250      BB4C393E 
 251 0690 EFB82B6E 		.ascii	"\357\270+nf\312\375\222\007).\270\215))\205\205\031"
 251      66CAFD92 
 251      07292EB8 
 251      8D292985 
 251      8519
 252 06a2 2EB88329 		.ascii	".\270\203)[\312Z\323\205\323\317J\364\236\274\236\034"
 252      5BCA5AD3 
 252      85D3CF4A 
 252      F49EBC9E 
ARM GAS  C:\Users\mvshv\AppData\Local\Temp\ccyB64Ot.s 			page 20


 252      1C
 253 06b3 27212B0E 		.ascii	"'!+\016\240ok\252\237@\270\233\031\247\017\215\354v"
 253      A06F6BAA 
 253      9F40B89B 
 253      19A70F8D 
 253      EC76
 254 06c5 98370F99 		.ascii	"\2307\017\231b\036\374h\032\212\213\216\016j\225y\370"
 254      621EFC68 
 254      1A8A8B8E 
 254      0E6A9579 
 254      F8
 255 06d6 1EB1E257 		.ascii	"\036\261\342W\205\262hd3\305\310^\277~\3655R\346a>\353"
 255      85B26864 
 255      33C5C85E 
 255      BF7EF535 
 255      52E6613E 
 256 06eb 1F557C99 		.ascii	"\037U|\231\223\354\202\226\260\313s\211xy\223\237#|"
 256      93EC8296 
 256      B0CB7389 
 256      7879939F 
 256      237C
 257 06fd 9299AFB8 		.ascii	"\222\231\257\270\331\216S\013{\356&\362\307\026Q\250"
 257      D98E530B 
 257      7BEE26F2 
 257      C71651A8 
 258 070d 140E764A 		.ascii	"\024\016vJ\316SZ\007_r\004\367\"AW1\227\256?\301!\233"
 258      CE535A07 
 258      5F7204F7 
 258      22415731 
 258      97AE3FC1 
 259 0723 84A9F92E 		.ascii	"\204\251\371.\245\371\016j\356/YW\311\254w+\255\031"
 259      A5F90E6A 
 259      EE2F5957 
 259      C9AC772B 
 259      AD19
 260 0735 69D13A91 		.ascii	"i\321:\221\257x\224\202\023\251y2\247C\211\202\2718"
 260      AF789482 
 260      13A97932 
 260      A7438982 
 260      B938
 261 0747 CDD03452 		.ascii	"\315\3204Rr\251\225\241\177m\037]n\336$3OW\232\317 "
 261      72A995A1 
 261      7F6D1F5D 
 261      6EDE2433 
 261      4F579ACF 
 262 075c 05F59114 		.ascii	"\005\365\221\024,\231\277B\012\363\2272\364t!\037<\354"
 262      2C99BF42 
 262      0AF39732 
 262      F474211F 
 262      3CEC
 263 076e C5683FD0 		.ascii	"\305h?\320\335G\303@\354a\003A\371\2347:\301-A\307@"
 263      DD47C340 
 263      EC610341 
 263      F99C373A 
 263      C12D41C7 
 264 0783 0E81E480 		.ascii	"\016\201\344\200\344\202\234\0079\010\222\007r\012\344"
 264      E4829C07 
ARM GAS  C:\Users\mvshv\AppData\Local\Temp\ccyB64Ot.s 			page 21


 264      39089207 
 264      720AE4
 265 0792 24482148 		.ascii	"$H!H6H\001\310a\2203 \307A\216\200\234\0039\015r\226"
 265      364801C8 
 265      61903320 
 265      C7418E80 
 265      9C03390D 
 266 07a8 5B423771 		.ascii	"[B7qF\363\325\377J,\367(\007\345\253\014\301w\262\020"
 266      46F3D5FF 
 266      4A2CF728 
 266      07E5AB0C 
 266      C177B210 
 267 07bc ECB49F3D 		.ascii	"\354\264\237=\033sy\014\246\354\307@\0362\031\227\275"
 267      1B73790C 
 267      A6ECC740 
 267      1E321997 
 267      BD
 268 07cd 76B9C8   		.ascii	"v\271\310"
 269 07d0 8C5FC9A8 		.ascii	"\214_\311\250lW\032o\233CeDf\376\225}s\371\274K\225"
 269      6C571A6F 
 269      9B436544 
 269      66FE957D 
 269      73F9BC4B 
 270 07e5 111F5712 		.ascii	"\021\037W\022\037\23335\272\344\003}\255\264\377\301"
 270      1F9B3335 
 270      BAE4037D 
 270      ADB4FFC1 
 271 07f5 D61EE668 		.ascii	"\326\036\346hm\2520S\017\300L\315\020\350\210\013\021"
 271      6DAA3053 
 271      0FC04CCD 
 271      10E8880B 
 271      11
 272 0806 8D4A8161 		.ascii	"\215J\201a\237\"\003\323\272D\230\036\304J%\234\305"
 272      9F2203D3 
 272      BA44981E 
 272      C44A259C 
 272      C5
 273 0817 5206A753 		.ascii	"R\006\247Sp\311E\236Ou\240\235O\332'+\033\333#Y$\322"
 273      70C9459E 
 273      4F75A09D 
 273      4FDA272B 
 273      1BDB2359 
 274 082d EC4F639B 		.ascii	"\354Oc\233Y/\037\332V\245\375\264\022\275Jn\236j\177"
 274      592F1FDA 
 274      56A5FDB4 
 274      12BD4A6E 
 274      9E6A7F
 275 0840 3FA0E6A4 		.ascii	"?\240\346\244(\253o>\351\216\017\321OF\256(\245\365"
 275      28AB6F3E 
 275      E98E0FD1 
 275      4F46AE28 
 275      A5F5
 276 0852 AC07F2F6 		.ascii	"\254\007\362\366d#nN\305f2\342\213\340\375\0157[\200"
 276      64236E4E 
 276      C56632E2 
 276      8BE0FD0D 
 276      375B80
ARM GAS  C:\Users\mvshv\AppData\Local\Temp\ccyB64Ot.s 			page 22


 277 0865 9000CCB3 		.ascii	"\220\000\314\263`\320\005X'\377\337k\206|\361\225\347"
 277      60D00558 
 277      27FFDF6B 
 277      867CF195 
 277      E7
 278 0876 16ABE5E5 		.ascii	"\026\253\345\345\305E\331\000a\333\340Xy\001w\272\361"
 278      C545D900 
 278      61DBE058 
 278      790177BA 
 278      F1
 279 0887 0F4CA995 		.ascii	"\017L\251\225\037\373R\015vI\266\341\022\205\034\015"
 279      1FFB520D 
 279      7649B6E1 
 279      12851C0D 
 280 0897 53F9A5C2 		.ascii	"S\371\245\3021FN\206\362\372\244+.\363\036\006\227\305"
 280      31464E86 
 280      F2FAA42B 
 280      2EF31E06 
 280      97C5
 281 08a9 C3A0981D 		.ascii	"\303\240\230\035\312\337oK\236\020J\012GPO\366e\357"
 281      CADF6F4B 
 281      9E104A0A 
 281      47504FF6 
 281      65EF
 282 08bb 7465C7CC 		.ascii	"te\307\314\317\311?B\272\366\324!%\231R\010_\011\315"
 282      CFC93F42 
 282      BAF6D421 
 282      25995208 
 282      5F09CD
 283 08ce 4A192573 		.ascii	"J\031%s\231\221)\243d\372O\360\023\356\3704\373\246"
 283      999129A3 
 283      64FA4FF0 
 283      13EEF834 
 283      FBA6
 284 08e0 3F3F6935 		.ascii	"??i5\223\252\271\002\276\225\006\007\361\231\302\002"
 284      93AAB902 
 284      BE950607 
 284      F199C202 
 285 08f0 D8F81726 		.ascii	"\330\370\027&9\321\372\352\212\224#x\264\375X\272\312"
 285      39D1FAEA 
 285      8A942378 
 285      B4FD58BA 
 285      CA
 286 0901 91627168 		.ascii	"\221bqh\274.\035c+\303\352\353<w^-`A\011\237\331@?\342"
 286      BC2E1D63 
 286      2BC3EAEB 
 286      3C775E2D 
 286      6041099F 
 287 0919 72D6B232 		.ascii	"r\326\2622\376\232\004vM\011VN\301,\343\315\371\216"
 287      FE9A0476 
 287      4D09564E 
 287      C12CE3CD 
 287      F98E
 288 092b 789881B5 		.ascii	"x\230\201\2656\224i\004\254\356\216%\207-6X\025\022"
 288      36946904 
 288      ACEE8E25 
 288      872D3658 
ARM GAS  C:\Users\mvshv\AppData\Local\Temp\ccyB64Ot.s 			page 23


 288      1512
 289 093d 568512AB 		.ascii	"V\205\022\253\222b\035\237\230\334\356\216\223\264\254"
 289      92621D9F 
 289      98DCEE8E 
 289      93B4AC
 290 094c 8A98F8C6 		.ascii	"\212\230\370\306I\300j\312\302\354{0\227\225\367U\022"
 290      49C06ACA 
 290      C2EC7B30 
 290      9795F755 
 290      12
 291 095d 529512C9 		.ascii	"R\225\022\311B\221Z\372\252\302\361N\006t:\377P\201"
 291      42915AFA 
 291      AAC2F14E 
 291      06743AFF 
 291      5081
 292 096f 3BCE66CA 		.ascii	";\316f\312\366*K\266\003\224\347\350\006q\234\257\210"
 292      F62A4BB6 
 292      0394E7E8 
 292      06719CAF 
 292      88
 293 0980 DF7FEF48 		.ascii	"\337\177\357H\251\333\274\365z\015G\352\365\233\234"
 293      A9DBBCF5 
 293      7A0D47EA 
 293      F59B9C
 294 098f 50AF1F18 		.ascii	"P\257\037\030.\317\024\231\266\354\320<<\177`\007\237"
 294      2ECF1499 
 294      B6ECD03C 
 294      3C7F6007 
 294      9F
 295 09a0 93C8BF57 		.ascii	"\223\310\277W\303\021Kt]$\213\25295\321l\371\336\242"
 295      C3114B74 
 295      5D248BAA 
 295      3935D16C 
 295      F9DEA2
 296 09b3 7C8F3C6C 		.ascii	"|\217<l\375\306\001?e\034\207r\237\015:I\351\275f\223"
 296      FDC6013F 
 296      651C8772 
 296      9F0D3A49 
 296      E9BD6693 
 297 09c7 DE5A69EC 		.ascii	"\336Zi\354\265J\254:\212\265'\357f\252\032\277fX\326"
 297      B54AAC3A 
 297      8AB527EF 
 297      66AA1ABF 
 297      6658D6
 298 09da 0B830F5C 		.ascii	"\013\203\017\\\245\364^\265Mo\275\004V\257\004k\240"
 298      A5F45EB5 
 298      4D6FBD04 
 298      56AF046B 
 298      A0
 299 09eb 60B77AF2 		.ascii	"`\267z\362\253\334q\232\023\005;\327\265wD\312\257\337"
 299      ABDC719A 
 299      13053BD7 
 299      B57744CA 
 299      AFDF
 300 09fd 49DBFCDE 		.ascii	"I\333\374\336\226\300n+\301\356P0\353\341\376\335n8"
 300      96C06E2B 
 300      C1EE5030 
ARM GAS  C:\Users\mvshv\AppData\Local\Temp\ccyB64Ot.s 			page 24


 300      EBE1FEDD 
 300      6E38
 301 0a0f 8F8165DE 		.ascii	"\217\201e\336\372\256P\234\304M\007m\023\334(A5*\241"
 301      FAAE509C 
 301      C44D076D 
 301      13DC2841 
 301      352AA1
 302 0a22 EE52A8C9 		.ascii	"\356R\250\311\261\312J-.dPW\212\036\356\022\003\366"
 302      B1CA4A2D 
 302      2E645057 
 302      8A1EEE12 
 302      03F6
 303 0a34 6C10975C 		.ascii	"l\020\227\\x\312\363\260-$!5Ek\222\320\232\224h\367"
 303      78CAF3B0 
 303      2D242135 
 303      456B92D0 
 303      9A9468F7 
 304 0a48 285A5D73 		.ascii	"(Z]s\3569\015\276\301\320\032\372\013\233\034q\035S"
 304      EE390DBE 
 304      C1D01AFA 
 304      0B9B1C71 
 304      1D53
 305 0a5a F697740D 		.ascii	"\366\227t\015\271\343{LI\267\214\215\272\340\026\301"
 305      B9E37B4C 
 305      49B78C8D 
 305      BAE016C1 
 306 0a6a 2CF56B38 		.ascii	",\365k8\031\0373e\270\321\262\315\011\3670e[e\353V'"
 306      191F3365 
 306      B8D1B2CD 
 306      09F73065 
 306      5B65EB56 
 307 0a7f FC9C29B9 		.ascii	"\374\234)\271OKv{\340Q\201h[\221/\376\201=\237*\331"
 307      4F4B767B 
 307      E0518168 
 307      5B912FFE 
 307      813D9F2A 
 308 0a94 D1A9C1C9 		.ascii	"\321\251\301\311\354?v\335\305I\343j\234\312\224\306"
 308      EC3F76DD 
 308      C549E36A 
 308      9CCA94C6 
 309 0aa4 526BAF3B 		.ascii	"Rk\257;\336\311\224\226\306\256\265l\037Y\016\332\304"
 309      DEC99496 
 309      C6AEB56C 
 309      1F590EDA 
 309      C4
 310 0ab5 A5A936E1 		.ascii	"\245\2516\341\237\2619\344Ka2#\031\212\343tj\352\301"
 310      9FB139E4 
 310      4B613223 
 310      198AE374 
 310      6AEAC1
 311 0ac8 37EECC45 		.ascii	"7\356\314Eh\211tyz\213\345\341L\255fW\3411\251<|\010"
 311      68897479 
 311      7A8BE5E1 
 311      4CAD6657 
 311      E131A93C 
 312 0ade 2119F82B 		.ascii	"!\031\370+*\206GJ\373\271\247S\227\374\240\356R\332"
 312      2A86474A 
ARM GAS  C:\Users\mvshv\AppData\Local\Temp\ccyB64Ot.s 			page 25


 312      FBB9A753 
 312      97FCA0EE 
 312      52DA
 313 0af0 CF399D1E 		.ascii	"\3179\235\036\311\315\357+\315\347V\253\265r:O\224\366"
 313      C9CDEF2B 
 313      CDE756AB 
 313      B5723A4F 
 313      94F6
 314 0b02 73CA239B 		.ascii	"s\312#\233\303\257\303\256\271\234\214\334\372\261\322"
 314      C3AFC3AE 
 314      B99C8CDC 
 314      FAB1D2
 315 0b11 7A6EFD69 		.ascii	"zn\375iSQ\266\332\217\345|5L\213\322|N\311cS\302\264"
 315      5351B6DA 
 315      8FE57C35 
 315      4C8BD27C 
 315      4EC96353 
 316 0b27 D98FBCCC 		.ascii	"\331\217\274\314\274V\216\336l\037\335Ny\333\011\307"
 316      BC568EDE 
 316      6C1FDD4E 
 316      79DB09C7 
 317 0b37 8D95BE1C 		.ascii	"\215\225\276\034\020\216\352A8\252\237\302\021\333\017"
 317      108EEA41 
 317      38AA9FC2 
 317      11DB0F
 318 0b46 320CF22D 		.ascii	"2\014\362-\310s\220\036\220\357@\272A\236\201\274\000"
 318      C873901E 
 318      90EF40BA 
 318      419E81BC 
 318      00
 319 0b57 1902E903 		.ascii	"\031\002\351\003\351\025\216cV+\214\317\260\352h\300"
 319      E9158E63 
 319      562B8CCF 
 319      B0EA68C0 
 320 0b67 5E750485 		.ascii	"^u\004\205\304)\251:z`?\345\262q\331\224;\355\366\223"
 320      C429A93A 
 320      7A603FE5 
 320      B271D994 
 320      3BEDF693 
 321 0b7b 22D62F63 		.ascii	"\"\326/cg\317\266\273\340\006\272\016\270Se\245\235"
 321      67CFB6BB 
 321      E006BA0E 
 321      B85365A5 
 321      9D
 322 0b8c 5AE4E96D 		.ascii	"Z\344\351mw\270\350{\030\345\337o\304\003Bu4\012\210"
 322      77B8E87B 
 322      18E5DF6F 
 322      C4034275 
 322      340A88
 323 0b9f 23D23E33 		.ascii	"#\322>3@\253#\262\226\373NL9\311k\224Q\233\032eL\250"
 323      40AB23B2 
 323      96FB4E4C 
 323      39C96B94 
 323      519B1A65 
 324 0bb5 51C6688D 		.ascii	"Q\306h\215\362\262ig\262\006\267\262\205oi/(\320b+S"
 324      F2B26967 
 324      B206B7B2 
ARM GAS  C:\Users\mvshv\AppData\Local\Temp\ccyB64Ot.s 			page 26


 324      856F692F 
 324      28D0622B 
 325 0bca 5EF7945B 		.ascii	"^\367\224[\235p?U\034\222F\2766;\322u\356\355\311B\365"
 325      9D703F55 
 325      1C9246BE 
 325      363BD275 
 325      EEEDC942 
 326 0bdf A44D77C4 		.ascii	"\244Mw\304\314\327\370\321PM\000\215\3517\315\366\221"
 326      CCD7F8D1 
 326      504D008D 
 326      E937CDF6 
 326      91
 327 0bf0 4FA5B84E 		.ascii	"O\245\270N*\215\347N\366\256OmW\322\\l\233mCf=n\037"
 327      2A8DE74E 
 327      F6AE4F6D 
 327      57D25C6C 
 327      9B6D4366 
 328 0c07 5C564EDF 		.ascii	"\\VN\337nc\023f\332v\302\330dN\372\357\304\264\220\266"
 328      6E631366 
 328      DA76C2D8 
 328      644EFAEF 
 328      C4B490B6 
 329 0c1b D790B697 		.ascii	"\327\220\266\227\220\212)\220\037@^I5aF\317k+\302\003"
 329      908A2990 
 329      1F405E49 
 329      356146CF 
 329      6B2BC203 
 330 0c2f 6C229CCB 		.ascii	"l\"\234\313\2509\355\242\234\010\263_\241\211\330\373"
 330      A839EDA2 
 330      9C08B35F 
 330      A189D8FB 
 331 0c3f CF223296 		.ascii	"\317\"2\226\323mj\236\327\"\036{\242\031)\307\323b\216"
 331      D36D6A9E 
 331      D7221E7B 
 331      A21929C7 
 331      D3628E
 332 0c52 AF1C9C49 		.ascii	"\257\034\234I\266\31111\224r\274\005\263\034\303\035"
 332      B6C93131 
 332      9472BC05 
 332      B31CC31D 
 333 0c62 8CB3B614 		.ascii	"\214\263\266\024t9\310\215\237\331\374O\314,\030\223"
 333      7439C88D 
 333      9FD9FC4F 
 333      CC2C1893 
 334 0c72 BB3A6C53 		.ascii	"\273:lSh\354\317|||g\377b\342|7\205F\372~\026\023\033"
 334      68ECCF7C 
 334      7C7C67FF 
 334      62E27C37 
 334      8546FA7E 
 335 0c89 1FE71BBC 		.ascii	"\037\347\033\274.hY\200\357\007\037\254\362]\027\030"
 335      2E685980 
 335      EF071FAC 
 335      F25D1718 
 336 0c99 F4B93F79 		.ascii	"\364\271?yc\214\2137FF\206\373\204i\337\377\360\023"
 336      638C8B37 
 336      464686FB 
 336      8469DFFF 
ARM GAS  C:\Users\mvshv\AppData\Local\Temp\ccyB64Ot.s 			page 27


 336      F013
 337 0cab 2FBDBFBF 		.ascii	"/\275\277\277\312\331hL\210\210\216_\026`\214\337\020"
 337      CAD9684C 
 337      88888E5F 
 337      16608CDF 
 337      10
 338 0cbc F6AF2161 		.ascii	"\366\257!a\233\"\326G\304\305'\204G\304\204\304\307"
 338      9B22D647 
 338      C4C52784 
 338      47C484C4 
 338      C7
 339 0ccd C444C685 		.ascii	"\304D\306\205l\214N\360\242O^\241\261Q^\246\250\365"
 339      6C8C4EF0 
 339      A24F5EA1 
 339      B1515EA6 
 339      A8F5
 340 0cdf A6F07053 		.ascii	"\246\360pSx\310\273>~^\001~\376\357\376ay\010\264\377"
 340      78C8BB3E 
 340      7E5E017E 
 340      FEEFFE61 
 340      7908B4FF 
 341 0cf3 343A26DA 		.ascii	"4:&\332\364SS\350\372\210\220\210\350\260\310\204pS"
 341      F45353E8 
 341      FA889088 
 341      E8B0C884 
 341      7053
 342 0d05 48542860 		.ascii	"HT(`E\233B\214\341\246\015\241\011\221\361\306\370/"
 342      459B428C 
 342      E1A60DA1 
 342      0991F1C6 
 342      F82F
 343 0d17 3E33C5F9 		.ascii	">3\305\371lRi\305\376>\375\273\366\027\367E\\\010\014"
 343      6C5269C5 
 343      FE3EFDBB 
 343      F617F745 
 343      5C080C
 344 0d2a 2F1CC049 		.ascii	"/\034\300I'\377e\012\213\217\211]\351\367\316\337\024"
 344      27FF650A 
 344      8B8F895D 
 344      E9F7CEDF 
 344      14
 345 0d3b 1E950B7B 		.ascii	"\036\225\013{2FDG\304\353\214\304\301\030\021\373\007"
 345      32464447 
 345      C4EB8CC4 
 345      C11811FB 
 345      07
 346 0d4c A3E9B388 		.ascii	"\243\351\263\210\310\230\215\011&?\005jXLTTL\264\000"
 346      C8988D09 
 346      263F056A 
 346      584C5454 
 346      4CB400
 347 0d5f BCC210A4 		.ascii	"\274\302\020\244\017\332\354\033\266),&\326d\374\374"
 347      0FDAEC1B 
 347      B6292C26 
 347      D664FCFC 
 348 0d6f DD28E0B3 		.ascii	"\335(\340\263\300\030\037\033\032f2F\304\305\032#M\241"
 348      C0181F1B 
ARM GAS  C:\Users\mvshv\AppData\Local\Temp\ccyB64Ot.s 			page 28


 348      1A663246 
 348      C4C51A23 
 348      4DA1
 349 0d81 9F9B9628 		.ascii	"\237\233\226(\020b\343}\205\221\200#\265\005\257\205"
 349      1062E37D 
 349      85918023 
 349      B505AF85 
 350 0d91 C6F0F51B 		.ascii	"\306\360\365\033\215a\233La\277g^\304\377\215\236\341"
 350      8D619B4C 
 350      61BF675E 
 350      C4FF8D9E 
 350      E1
 351 0da2 A6F5091B 		.ascii	"\246\365\011\033\301\363\3072\317\204\350\310\030\270"
 351      C1F3C732 
 351      CF84E8C8 
 351      18B8
 352 0db0 6D888D89 		.ascii	"m\210\215\211\"\376\272\260M\301_\304\255\213\2102\305"
 352      22FEBAB0 
 352      4DC15FC4 
 352      AD8B8832 
 352      C5
 353 0dc1 AE0D8D0E 		.ascii	"\256\015\215\016\2174\305\006\276\375&H\010,\000.\222"
 353      8F34C506 
 353      BEFD2648 
 353      082C002E 
 353      92
 354 0dd2 5391C3C9 		.ascii	"S\221\303\3119\232\242\343M\261\244Q>\\\332\270 \372"
 354      399AA2E3 
 354      4DB1A451 
 354      3E5CDAB8 
 354      20FA
 355 0de4 F388B0D5 		.ascii	"\363\210\260\325\321\241\353#M,3>\363\346E\210\245\020"
 355      D1A1EB23 
 355      4D2C333E 
 355      F3E64588 
 355      A510
 356 0df6 45E207DD 		.ascii	"E\342\007\335;\211\371T\271\031\215\033\022\242\303"
 356      3B89F954 
 356      B9198D1B 
 356      12A2C3
 357 0e05 8C469F77 		.ascii	"\214F\237w\337\371\271\237V\3244z}\220a\031\367\221"
 357      DFF9B99F 
 357      56D4347A 
 357      7D906119 
 357      F791
 358 0e17 41BD2A68 		.ascii	"A\275*h\205\001\257\322\033\324+W\2553`\275\336\200"
 358      8501AFD2 
 358      1BD42B57 
 358      AD3360BD 
 358      DE80
 359 0e29 0D202B0C 		.ascii	"\015 +\014\006\374q\260\036\353?\\\247\326\353W\033"
 359      06FC71B0 
 359      1EEB3F5C 
 359      A7D6EB57 
 359      1B
 360 0e3a A87D00FD 		.ascii	"\250}\000\375\365\307\253\3377p\301\340\031\270\332"
 360      F5C7ABDF 
ARM GAS  C:\Users\mvshv\AppData\Local\Temp\ccyB64Ot.s 			page 29


 360      3770C1E0 
 360      19B8DA
 361 0e49 A00E0E02 		.ascii	"\240\016\016\002k\275!\000\304\037,\177m\370\313\027"
 361      6BBD2100 
 361      C41F2C7F 
 361      6DF8CB17 
 362 0e59 585C7C14 		.ascii	"X\\|\024\231\327\021$\341.\263\2121^\027\023\027\032"
 362      99D71124 
 362      E12EB38A 
 362      315E1713 
 362      171A
 363 0e6b 0931FF00 		.ascii	"\0111\377\000\342\266\006\302\026\030lPF\234\200\022"
 363      E2B606C2 
 363      16186C50 
 363      469C8012 
 364 0e7b 2B127A72 		.ascii	"+\022zr'S\206\346I\346\243\243\323\320&\370N\263M\020"
 364      275386E6 
 364      49E6A3A3 
 364      D3D026F8 
 364      4EB34D10 
 365 0e8f 963853BC 		.ascii	"\2268S\274q\345\212\340\325\037\033\002\335B#\377;\364"
 365      71E58AE0 
 365      D51F1B02 
 365      DD4223FF 
 365      3BF4
 366 0ea1 8B3898BE 		.ascii	"\2138\230\276\221\260\006\177e\177\266\2326\307\223"
 366      91B0067F 
 366      657FB69A 
 366      36C793
 367 0eb0 28FBEA83 		.ascii	"(\373\352\203\202\003\203}\3650Y}\003\305\254G\305E"
 367      8203837D 
 367      F530597D 
 367      03C5AC47 
 367      C545
 368 0ec2 C4193786 		.ascii	"\304\0317\206\221\320/\024\330\177B\247\221\310\205"
 368      91D02F14 
 368      D87F42A7 
 368      91C885
 369 0ed1 92B3695A 		.ascii	"\222\263iZH\271(&\233\213\254\321\223\000}d;\3634\372"
 369      48B92826 
 369      9B8BACD1 
 369      93007D64 
 369      3BF334FA 
 370 0ee5 35EF1B02 		.ascii	"5\357\033\002\034W\254]i\010&\331\012&i\323\033\034"
 370      1C57AC5D 
 370      690826D9 
 370      0A2669D3 
 370      1B1C
 371 0ef7 577CBCD2 		.ascii	"W|\274\322\177\365\207\364\036\000w\0070\200\233\226"
 371      7FF587F4 
 371      1E007707 
 371      30809B96 
 372 0f07 341343F2 		.ascii	"4\023C\362\020\300<\002\015j\202\301\351\015\024k\231"
 372      10C03C02 
 372      0D6A82C1 
 372      E90D146B 
 372      99
ARM GAS  C:\Users\mvshv\AppData\Local\Temp\ccyB64Ot.s 			page 30


 373 0f18 325DB2C1 		.ascii	"2]\262\301\006\257c)[\263l\363f\226\254\015\313\374"
 373      06AF6329 
 373      5BB36CF3 
 373      6696AC0D 
 373      CBFC
 374 0f2a 966D2683 		.ascii	"\226m&\203t1\350\365\306u\260C\2552mp \275\254\371\255"
 374      7431E8F5 
 374      C675B043 
 374      AD326D70 
 374      20BDACF9 
 375 0f3f 43E02AFD 		.ascii	"C\340*\375G\253V\023-`\315o\335W\255|?H\377\211h\363"
 375      47AB5613 
 375      2D60CD6F 
 375      DD57AD7C 
 375      3F48FF89 
 376 0f55 7F77DED8 		.ascii	"\177w\336\330\221"
 376      91
 377              		.text
 378              		.section	.gnu.lto_.symtab.fb69ecc4,"",%progbits
 379 0000 56656374 		.ascii	"VectorB0\000"
 379      6F724230 
 379      00
 380 0009 00       		.ascii	"\000"
 381 000a 00       		.ascii	"\000"
 382 000b 00       		.ascii	"\000"
 383 000c 00000000 		.ascii	"\000\000\000\000\000\000\000\000"
 383      00000000 
 384 0014 D2000000 		.ascii	"\322\000\000\000"
 385 0018 73745F6C 		.ascii	"st_lld_init\000"
 385      6C645F69 
 385      6E697400 
 386 0024 00       		.ascii	"\000"
 387 0025 00       		.ascii	"\000"
 388 0026 00       		.ascii	"\000"
 389 0027 00000000 		.ascii	"\000\000\000\000\000\000\000\000"
 389      00000000 
 390 002f D4000000 		.ascii	"\324\000\000\000"
 391 0033 5F706F72 		.ascii	"_port_irq_epilogue\000"
 391      745F6972 
 391      715F6570 
 391      696C6F67 
 391      756500
 392 0046 00       		.ascii	"\000"
 393 0047 02       		.ascii	"\002"
 394 0048 00       		.ascii	"\000"
 395 0049 00000000 		.ascii	"\000\000\000\000\000\000\000\000"
 395      00000000 
 396 0051 D6000000 		.ascii	"\326\000\000\000"
 397 0055 5F747261 		.ascii	"_trace_isr_leave\000"
 397      63655F69 
 397      73725F6C 
 397      65617665 
 397      00
 398 0066 00       		.ascii	"\000"
 399 0067 02       		.ascii	"\002"
 400 0068 00       		.ascii	"\000"
 401 0069 00000000 		.ascii	"\000\000\000\000\000\000\000\000"
ARM GAS  C:\Users\mvshv\AppData\Local\Temp\ccyB64Ot.s 			page 31


 401      00000000 
 402 0071 DB000000 		.ascii	"\333\000\000\000"
 403 0075 5F646267 		.ascii	"_dbg_check_leave_isr\000"
 403      5F636865 
 403      636B5F6C 
 403      65617665 
 403      5F697372 
 404 008a 00       		.ascii	"\000"
 405 008b 02       		.ascii	"\002"
 406 008c 00       		.ascii	"\000"
 407 008d 00000000 		.ascii	"\000\000\000\000\000\000\000\000"
 407      00000000 
 408 0095 DD000000 		.ascii	"\335\000\000\000"
 409 0099 5F646267 		.ascii	"_dbg_check_unlock_from_isr\000"
 409      5F636865 
 409      636B5F75 
 409      6E6C6F63 
 409      6B5F6672 
 410 00b4 00       		.ascii	"\000"
 411 00b5 02       		.ascii	"\002"
 412 00b6 00       		.ascii	"\000"
 413 00b7 00000000 		.ascii	"\000\000\000\000\000\000\000\000"
 413      00000000 
 414 00bf DF000000 		.ascii	"\337\000\000\000"
 415 00c3 63685379 		.ascii	"chSysTimerHandlerI\000"
 415      7354696D 
 415      65724861 
 415      6E646C65 
 415      724900
 416 00d6 00       		.ascii	"\000"
 417 00d7 02       		.ascii	"\002"
 418 00d8 00       		.ascii	"\000"
 419 00d9 00000000 		.ascii	"\000\000\000\000\000\000\000\000"
 419      00000000 
 420 00e1 E1000000 		.ascii	"\341\000\000\000"
 421 00e5 5F646267 		.ascii	"_dbg_check_lock_from_isr\000"
 421      5F636865 
 421      636B5F6C 
 421      6F636B5F 
 421      66726F6D 
 422 00fe 00       		.ascii	"\000"
 423 00ff 02       		.ascii	"\002"
 424 0100 00       		.ascii	"\000"
 425 0101 00000000 		.ascii	"\000\000\000\000\000\000\000\000"
 425      00000000 
 426 0109 E3000000 		.ascii	"\343\000\000\000"
 427 010d 5F646267 		.ascii	"_dbg_check_enter_isr\000"
 427      5F636865 
 427      636B5F65 
 427      6E746572 
 427      5F697372 
 428 0122 00       		.ascii	"\000"
 429 0123 02       		.ascii	"\002"
 430 0124 00       		.ascii	"\000"
 431 0125 00000000 		.ascii	"\000\000\000\000\000\000\000\000"
 431      00000000 
 432 012d E5000000 		.ascii	"\345\000\000\000"
ARM GAS  C:\Users\mvshv\AppData\Local\Temp\ccyB64Ot.s 			page 32


 433 0131 5F747261 		.ascii	"_trace_isr_enter\000"
 433      63655F69 
 433      73725F65 
 433      6E746572 
 433      00
 434 0142 00       		.ascii	"\000"
 435 0143 02       		.ascii	"\002"
 436 0144 00       		.ascii	"\000"
 437 0145 00000000 		.ascii	"\000\000\000\000\000\000\000\000"
 437      00000000 
 438 014d E7000000 		.ascii	"\347\000\000\000"
 439 0151 6E766963 		.ascii	"nvicEnableVector\000"
 439      456E6162 
 439      6C655665 
 439      63746F72 
 439      00
 440 0162 00       		.ascii	"\000"
 441 0163 02       		.ascii	"\002"
 442 0164 00       		.ascii	"\000"
 443 0165 00000000 		.ascii	"\000\000\000\000\000\000\000\000"
 443      00000000 
 444 016d EC000000 		.ascii	"\354\000\000\000"
 445              		.text
 446              		.section	.gnu.lto_.opts,"",%progbits
 447 0000 272D666D 		.ascii	"'-fmath-errno' '-fsigned-zeros' '-ftrapping-math' '"
 447      6174682D 
 447      6572726E 
 447      6F272027 
 447      2D667369 
 448 0033 2D666E6F 		.ascii	"-fno-trapv' '-fno-openmp' '-fno-openacc' '-mcpu=cor"
 448      2D747261 
 448      70762720 
 448      272D666E 
 448      6F2D6F70 
 449 0066 7465782D 		.ascii	"tex-m4' '-mno-thumb-interwork' '-mthumb' '-O2' '-fo"
 449      6D342720 
 449      272D6D6E 
 449      6F2D7468 
 449      756D622D 
 450 0099 6D69742D 		.ascii	"mit-frame-pointer' '-falign-functions=16' '-ffuncti"
 450      6672616D 
 450      652D706F 
 450      696E7465 
 450      72272027 
 451 00cc 6F6E2D73 		.ascii	"on-sections' '-fdata-sections' '-fno-common' '-flto"
 451      65637469 
 451      6F6E7327 
 451      20272D66 
 451      64617461 
 452 00ff 2700     		.ascii	"'\000"
 453              		.text
 454              		.comm	__gnu_lto_v1,1,1
 455              		.comm	__gnu_lto_slim,1,1
 456              		.ident	"GCC: (GNU Tools for Arm Embedded Processors 7-2017-q4-major) 7.2.1 20170904 (release) [ARM
ARM GAS  C:\Users\mvshv\AppData\Local\Temp\ccyB64Ot.s 			page 33


DEFINED SYMBOLS
                            *ABS*:00000000 hal_st_lld.c
                            *COM*:00000001 __gnu_lto_v1
                            *COM*:00000001 __gnu_lto_slim

NO UNDEFINED SYMBOLS
