ARM GAS  C:\Users\mvshv\AppData\Local\Temp\cc8rDnOj.s 			page 1


   1              		.cpu cortex-m4
   2              		.eabi_attribute 20, 1
   3              		.eabi_attribute 21, 1
   4              		.eabi_attribute 23, 3
   5              		.eabi_attribute 24, 1
   6              		.eabi_attribute 25, 1
   7              		.eabi_attribute 26, 1
   8              		.eabi_attribute 30, 2
   9              		.eabi_attribute 34, 1
  10              		.eabi_attribute 18, 4
  11              		.file	"hal_pal.c"
  12              		.section	.gnu.lto_.profile.fb69cd1c,"",%progbits
  13 0000 789C6363 		.ascii	"x\234cc```\001bF\206\010C\000\001Y\000\225"
  13      60606001 
  13      62468608 
  13      43000159 
  13      0095
  14              		.text
  15              		.section	.gnu.lto_.icf.fb69cd1c,"",%progbits
  16 0000 789C6363 		.ascii	"x\234cc``Pc@\0006\206im\247\332\270\030g?Zq\215\207"
  16      60605063 
  16      40003686 
  16      696DA7DA 
  16      B818673F 
  17 0018 E9D29773 		.ascii	"\351\322\227sS\230\230\317O\371\320\316\310r\350Gc\027"
  17      539898CF 
  17      4FF9D0CE 
  17      C872E847 
  17      6317
  18 002a 17EBD183 		.ascii	"\027\353\321\203\223\257\2623\000\000W\221\021\210"
  18      93AFB233 
  18      00005791 
  18      1188
  19              		.text
  20              		.section	.gnu.lto_.jmpfuncs.fb69cd1c,"",%progbits
  21 0000 789C7D8E 		.ascii	"x\234}\216=\012\002A\014\205\363\222\331\265\323\326"
  21      3D0A0241 
  21      0C85F392 
  21      D9B5D3D6 
  22 0010 62CFE39D 		.ascii	"b\317\343\235\254V\020+[\261\332b\216 \370\277\010\212"
  22      AC56102B 
  22      5BB1DA62 
  22      8E20F8BF 
  22      088A
  23 0022 17B0F50E 		.ascii	"\027\260\365\016\226v\242\214oX\\d\212\015\274\"\311"
  23      9676A28C 
  23      6F585C64 
  23      8A0DBC22 
  23      C9
  24 0033 CB97978B 		.ascii	"\313\227\227\213\310\010\322\226\011\200\2622Q,\014"
  24      C808D296 
  24      0980B232 
  24      512C0C
  25 0042 D3D7F9D9 		.ascii	"\323\327\371\331/?\223ae\360\3065\326(\005\027\007\241"
  25      2F3F9361 
  25      65F0C635 
  25      D6280517 
ARM GAS  C:\Users\mvshv\AppData\Local\Temp\cc8rDnOj.s 			page 2


  25      07A1
  26 0054 DE218401 		.ascii	"\336!\204\001\224\276\345\354z\353\315\215.\0106(\242"
  26      94BEE5EC 
  26      7AEBCD8D 
  26      2E083628 
  26      A2
  27 0065 54018B24 		.ascii	"T\001\213$JS\232y\343Sl\273i\364`G\032\345~4T\346ri"
  27      4A539A79 
  27      E3536CBB 
  27      69F46047 
  27      1AE57E34 
  28 007d AF42BC92 		.ascii	"\257B\274\222\244\007\376)J\312\036\005G\217\323\352"
  28      A407FE29 
  28      4ACA1E05 
  28      478FD3EA 
  29 008d 9E35A3C6 		.ascii	"\2365\243\306w`\3141RZ\0326\363\246\364\034\273\303"
  29      7760CC31 
  29      525A1A36 
  29      F3A6F41C 
  29      BBC3
  30 009f 667C5333 		.ascii	"f|S3,%_=\004be"
  30      2C255F3D 
  30      046265
  31              		.text
  32              		.section	.gnu.lto_.inline.fb69cd1c,"",%progbits
  33 0000 789C6363 		.ascii	"x\234cc``\360`d\200\003f\006\006\001aF6\006\205\254"
  33      6060F060 
  33      64800366 
  33      06060161 
  33      46360685 
  34 0015 29CC8CD3 		.ascii	")\314\214\323Z\017\235g\357f\236\303\314\300\310\300"
  34      5A0F9D67 
  34      EF669EC3 
  34      CCC0C8C0 
  35 0025 B8995186 		.ascii	"\270\231Q\206\201A!\033Jg\000\245\327,\373x\200\037"
  35      8141211B 
  35      4A6700A5 
  35      D72CFB78 
  35      801F
  36 0037 24CDC6C8 		.ascii	"$\315\306\310\317\270\205Q\206\331\201A!\035\306\000"
  36      CFB88551 
  36      86D98141 
  36      211DC600 
  37 0047 99092498 		.ascii	"\231\011$\230\035X9W\2701p\3360cb`Y \357\300\300\270"
  37      1D583957 
  37      B83170DE 
  37      30636260 
  37      5920EFC0 
  38 005d 93AD8191 		.ascii	"\223\255\201\221\203\211\201u\256\002\220\006Y\311\304"
  38      83898175 
  38      AE029006 
  38      59C9C4
  39 006c CD2002B4 		.ascii	"\315 \002\264\200\211AT\202\221\035h1\272M\270\215f"
  39      80894154 
  39      82911D68 
  39      31BA4DB8 
  39      8D66
ARM GAS  C:\Users\mvshv\AppData\Local\Temp\cc8rDnOj.s 			page 3


  40 007e 0431D904 		.ascii	"\0041\331\004_\2640\342\266\200\351\002\177\003\023"
  40      5FB430E2 
  40      B680E902 
  40      7F0313
  41 008d 92352C0C 		.ascii	"\2225,\014Br`\377\021o\015+k\207:^\037\260\360\002\003"
  41      427260FF 
  41      116F0D2B 
  41      6B873A5E 
  41      1FB0F002 
  42 00a2 6E821F08 		.ascii	"n\202\037\010Bma\000\000\276\2573\234"
  42      426D6100 
  42      00BEAF33 
  42      9C
  43              		.text
  44              		.section	.gnu.lto_.pureconst.fb69cd1c,"",%progbits
  45 0000 789C6363 		.ascii	"x\234cc```\007bf\006)&)\026I\000\001\304\000d"
  45      60606007 
  45      62660629 
  45      26291649 
  45      0001C400 
  46              		.text
  47              		.section	.gnu.lto_palReadBus.fb69cd1c,"",%progbits
  48 0000 789C9552 		.ascii	"x\234\225RMO\024A\020\255753\014\354\007x\363\300a\215"
  48      4D4F1441 
  48      10AD3735 
  48      330CEC07 
  48      78F3C061 
  49 0015 24040FAC 		.ascii	"$\004\017\254\377A\343\3370\310\305\003\211F\342y\033"
  49      FF41E3DF 
  49      30C8C503 
  49      8946E279 
  49      1B
  50 0026 76410C9A 		.ascii	"vA\014\232\020\"\037!#\341\000j\214F\015(\262\242\014"
  50      10221F21 
  50      23E1006A 
  50      8C460D28 
  50      B2A20C
  51 0039 8BE24782 		.ascii	"\213\342G\202\210\007\203J<h<H\220\210zP\243hU\357\002"
  51      8807834A 
  51      3C683C48 
  51      90887A50 
  51      A36855EF 
  52 004e 1B6F2433 		.ascii	"\033o$3\335]5\257^\275z=>\021]a\242z\331\017\313\013"
  52      DD5D35AF 
  52      5EBD7A3D 
  52      3E115D61 
  52      A27AD90F 
  53 0064 9FE0F43C 		.ascii	"\237\340\364<'j\013\034\307]L\220\251\342\331\210\310"
  53      276A0B1C 
  53      C75D4C90 
  53      A9E2D988 
  53      C8
  54 0075 C4D97107 		.ascii	"\304\331q\007\017H\350\375\330/\221\013\257\210\362"
  54      0F48E8FD 
  54      D82F910B 
  54      AF88F2
  55 0084 003D9800 		.ascii	"\000=\230\000\224q\330\365\220\3019\276\300X\312\335"
ARM GAS  C:\Users\mvshv\AppData\Local\Temp\cc8rDnOj.s 			page 4


  55      9471D8F5 
  55      90C139BE 
  55      C058CADD 
  56 0094 0CB99B43 		.ascii	"\014\271\233C&\270\022n,\014}Hj\010\244$\\[\237\237"
  56      26B8126E 
  56      2C0C7D48 
  56      6A08A424 
  56      5C5B9F9F 
  57 00a8 88375C36 		.ascii	"\2107\\6\246\335D\003\275\376\360\304\013S\031\262C"
  57      A6DD4403 
  57      BDFEF0C4 
  57      0B5319B2 
  57      43
  58 00b9 FD029F40 		.ascii	"\375\002\237@-\306Q\253bn\243A\300\035K\003\235\314"
  58      2DC651AB 
  58      626EA341 
  58      C01D4B03 
  58      9DCC
  59 00cb 752039BF 		.ascii	"u 9\277\376ru%Y?f\013\277\217\262\251\013\231q\007\\"
  59      FE727525 
  59      593F660B 
  59      BF8FB2A9 
  59      0B997107 
  60 00e0 5E2829C2 		.ascii	"^()\302$\352\025\377\376\326f_\302wGdD\201\010\345]"
  60      24EA15FF 
  60      FED6665F 
  60      C2774764 
  60      448108E5 
  61 00f5 9D5076C9 		.ascii	"\235Pv\311\334x\351Ef\363\357\031\023\255\214\341\342"
  61      DC78E945 
  61      66F3EF19 
  61      13AD8CE1 
  61      E2
  62 0106 9138A4D2 		.ascii	"\2218\244\322ud\361X\026\337\325\320\323\223\257K\000"
  62      7564F158 
  62      16DFD5D0 
  62      D393AF4B 
  62      00
  63 0117 E58C91CA 		.ascii	"\345\214\221\312\244.\341\222\261MDg%\224S6\242\217"
  63      A42EE192 
  63      B14D4467 
  63      25945336 
  63      A28F
  64 0129 C8BD997B 		.ascii	"\310\275\231{7\350k\213!\016\244y\177Ga\261B\207f\020"
  64      37E86B8B 
  64      210EA479 
  64      7F4761B1 
  64      42876610 
  65 013d A6EC4824 		.ascii	"\246\354H$\005L\342\250\024\254\242=_YDC\320\323\205"
  65      054CE2A8 
  65      14ACA23D 
  65      5F594443 
  65      D0D385
  66 0150 85797F04 		.ascii	"\205y\177\004\303m\306\230T\310\025\302Q,R\373\272{"
  66      C36DC698 
  66      54C815C2 
  66      512C52FB 
ARM GAS  C:\Users\mvshv\AppData\Local\Temp\cc8rDnOj.s 			page 5


  66      BA7B
  67 0162 9791BE6E 		.ascii	"\227\221\276nz\354\247\000y\214\240O\347!\334CZ[/\037"
  67      7AECA700 
  67      798CA04F 
  67      E721DC43 
  67      5A5B2F1F 
  68 0176 DA61BA76 		.ascii	"\332a\272vi#\252\326\276\001\2521\275\335\327\245\374"
  68      6923AAD6 
  68      BE01AA31 
  68      BDDDD7A5 
  68      FC
  69 0187 4169BB86 		.ascii	"Ai\273\206\\\312\332 \310\251\251\265\267\025\231?&"
  69      5CCADA20 
  69      C8A9A9B5 
  69      B715993F 
  69      26
  70 0198 08B9B29F 		.ascii	"\010\271\262\237\325\227\373\310P\271\364*k{\366\327"
  70      D597FBC8 
  70      50B9F42A 
  70      6B7BF6D7 
  71 01a8 CCB7A4E0 		.ascii	"\314\267\244\340\366JB\275\324\334\317\245\317]1\325"
  71      F64A42BD 
  71      D4DCCFA5 
  71      CF5D31D5 
  72 01b8 5B13720C 		.ascii	"[\023r\0143r\361\017Jj\263\243\343\035\020\364\240U"
  72      3372F10F 
  72      4A6AB3A3 
  72      E31D10F4 
  72      A055
  73 01ca 5B8548D4 		.ascii	"[\205H\324\026\215\237E&\344\270U\343\225lS\027>\235"
  73      168D9F45 
  73      26E4B855 
  73      E3956C53 
  73      173E9D
  74 01dd 9F2BD9E6 		.ascii	"\237+\331\346\354\312\210\004\012\326\010\250\021sb"
  74      ECCA8804 
  74      0AD608A8 
  74      117362
  75 01ec C42A0A5B 		.ascii	"\304*\012[\226r\371\024I;\305\177\304\325\322\016\017"
  75      9672F914 
  75      493BC57F 
  75      C4D5D20E 
  75      0F
  76 01fd 4BC4AF26 		.ascii	"K\304\257&\363\223\011!\316\265\351\247\032<\262\304"
  76      F3930921 
  76      CEB5E9A7 
  76      1A3CB2C4 
  77 020d 8E12CF5B 		.ascii	"\216\022\317[\342\355\273rwyW\217w\356\352\211e\312"
  77      E2EDBB72 
  77      7779578F 
  77      77EEEA89 
  77      65CA
  78 021f 7EED4491 		.ascii	"~\355D\221\312\023\231BX\316\356\357\212}\017\236Zv"
  78      CA139942 
  78      58CEEEEF 
  78      8A7D0F9E 
  78      5A76
ARM GAS  C:\Users\mvshv\AppData\Local\Temp\cc8rDnOj.s 			page 6


  79 0231 FB6B3F2B 		.ascii	"\373k?+\262\377\336b\217\331\006>\255\243=U\312\250"
  79      B2FFDE62 
  79      8FD9063E 
  79      ADA33D55 
  79      CAA8
  80 0243 8A2EB14B 		.ascii	"\212.\261K\254\227\321\36656\246\267\237\023\255\351"
  80      AC97D1F6 
  80      3536A6B7 
  80      9F13ADE9 
  81 0253 E34D2DE9 		.ascii	"\343M-\351\326S\315\272\037=\331\324\322\330L|\354t"
  81      D653CDBA 
  81      1F3DD9D4 
  81      D2D84C7C 
  81      EC74
  82 0265 EB3FADB8 		.ascii	"\353?\255\2702X"
  82      3258
  83              		.text
  84              		.section	.gnu.lto_palWriteBus.fb69cd1c,"",%progbits
  85 0000 789C9552 		.ascii	"x\234\225RKO\023Q\024\276\337\334\231\351ch\251\270"
  85      4B4F1351 
  85      14BEDFDC 
  85      99E96368 
  85      A9B8
  86 0012 71C10223 		.ascii	"q\301\002#\011bL\353\316\037\240\361o\030`\243\011\211"
  86      09624CEB 
  86      CE1FA0F1 
  86      6F1860A3 
  86      0989
  87 0024 C6EABA43 		.ascii	"\306\352\272C_\200hB\214\024\202\003iP\2531\0325\250"
  87      5F806842 
  87      8C148203 
  87      6950AB31 
  87      1A35A8
  88 0037 D8823014 		.ascii	"\330\2020\024\005\037<\0021\006\037+\015,\010\032\210"
  88      051F3C02 
  88      31061F2B 
  88      0D2C081A 
  88      88
  89 0048 2ED060F1 		.ascii	".\320`\361\334;-Tv\334\314\234\271\367\334s\316\367"
  89      DC3B2D54 
  89      76DCCC9C 
  89      B9F7DC73 
  89      CEF7
  90 005a CD778ECE 		.ascii	"\315w\216\316\030\213\252\214\035\245\357Iz\2413(\235"
  90      188BAA8C 
  90      1DA5EF49 
  90      7AA13328 
  90      9D
  91 006b B38CB5B8 		.ascii	"\263\214\265\270\025E\235\3631\323\313\307m\306\314"
  91      15459DF3 
  91      31D3CBC7 
  91      6DC6CC
  92 007a 0AAEA83D 		.ascii	"\012\256\250=G\350\250m\034\242\223\012\315\211\322"
  92      47E8A86D 
  92      1CA2930A 
  92      CD89D2
  93 0089 00B131DD 		.ascii	"\000\2611\335`\021\205\253\032\"\270\302\257s\344[\227"
ARM GAS  C:\Users\mvshv\AppData\Local\Temp\cc8rDnOj.s 			page 7


  93      601185AB 
  93      1A22B8C2 
  93      AF73E45B 
  93      97
  94 009a B34AFD1D 		.ascii	"\263J\375\035\223\226\335\375KO\232\211\003\026g,E\257"
  94      9396DDFD 
  94      4B4F9A89 
  94      0316672C 
  94      45AF
  95 00ac 5818443D 		.ascii	"X\030D=E\315\307\037Y\274\203[\034P\351\270>\323\373"
  95      45CDC71F 
  95      59BC835B 
  95      1C50E9B8 
  95      3ED3FB
  96 00bf CD2F8E0A 		.ascii	"\315/\216\012j\350\230\230\357Nr^\013F\373\217k\367"
  96      6AE89898 
  96      EF4E725E 
  96      0B46FB8F 
  96      6BF7
  97 00d1 BEF8EB6E 		.ascii	"\276\370\353n\233f\324\2647or\263\326\342\034\317\300"
  97      9B66D4B4 
  97      376F72B3 
  97      D6E21CCF 
  97      C0
  98 00e2 A9209EA2 		.ascii	"\251 \236\242\032OP\315\310\3050\204:\012\357+\014L"
  98      1A4F50CD 
  98      C8C53084 
  98      3A0AEF2B 
  98      0C4C
  99 00f4 19FCB04C 		.ascii	"\031\374\260L\315\214ZM\305\314\351\214\314T\361|w\246"
  99      CD8C5A4D 
  99      C5CCE98C 
  99      CC54F17C 
  99      77A6
 100 0106 CA90459D 		.ascii	"\312\220E\235\010\377\372\270\320\345\323\325t\211-"
 100      08FFFAB8 
 100      D0E5D3D5 
 100      74892D
 101 0115 724214FA 		.ascii	"rB\024\372\222\347\341\202f\233\205\255V\342\220\301"
 101      92E7E182 
 101      669B85AD 
 101      56E290C1 
 102 0125 D6A92A50 		.ascii	"\326\251*P\246\246\220\321\2710\2520\232\360\351\302"
 102      A6A690D1 
 102      B930AA30 
 102      9AF0E9C2 
 103 0135 B8C4D12D 		.ascii	"\270\304\321-\214G\030/\031\227!v>\010\232\001HH\326"
 103      8C47182F 
 103      19972176 
 103      3E089A01 
 103      4848D6
 104 0148 4628A4A1 		.ascii	"F(\244\241i\263v\256\210]\314fK\210\177\232X\276\241"
 104      69B376AE 
 104      885DCC66 
 104      4B887F9A 
 104      58BEA1
 105 015b 0BF05EEE 		.ascii	"\013\360^\356#Z\251D~\316%\264\341`\030&\316b\265\323"
ARM GAS  C:\Users\mvshv\AppData\Local\Temp\cc8rDnOj.s 			page 8


 105      235AA944 
 105      7ECE25B4 
 105      E1601826 
 105      CE62B5D3 
 106 016f 1F537B28 		.ascii	"\037S{(a\005\321\234\307\211\006E\217\344g&\3654\372"
 106      6105D19C 
 106      C7890645 
 106      8FE46726 
 106      F534FA
 107 0182 5B48FF1A 		.ascii	"[H\377\032\213\273\251\206\223$T\356\270\266\210\320"
 107      8BBBA986 
 107      932454EE 
 107      B8B688D0 
 108 0192 03B3535E 		.ascii	"\003\263S^y0\2024\272d_\360\002!\001\275xb\247\322\375"
 108      79308234 
 108      BA645FF0 
 108      022101BD 
 108      7862A7D2 
 109 01a7 CCBA5D29 		.ascii	"\314\272])p=\250\304\3506\256\312r\307\010v\025\361"
 109      703DA8C4 
 109      E836AECA 
 109      72C70876 
 109      15F1
 110 01b9 1A291045 		.ascii	"\032)\020Ef\263\253\237]\221\277\246\333\342\336\024"
 110      66B3AB9F 
 110      5D91BFA6 
 110      DBE2DE14 
 111 01c9 178A8D21 		.ascii	"\027\212\215!\302\312\251\033\262\037\261?c?\375\024"
 111      C2CAA91B 
 111      B21FB13F 
 111      633FFD14 
 112 01d9 47036108 		.ascii	"G\003a\010\225\205\357\367\374\3676C\360\015X\274\002"
 112      9585EFF7 
 112      FCF73643 
 112      F00D58BC 
 112      02
 113 01ea E3344576 		.ascii	"\3434Ev\221m\354\326`\002\024\335#\331\032\310\023["
 113      916DECD6 
 113      600214DD 
 113      23D91AC8 
 113      135B
 114 01fc A7251388 		.ascii	"\247%\023\210X\334'\331hE\331H\205Br\351\270\303^\351"
 114      58DC27D9 
 114      6845D948 
 114      854272E9 
 114      B8C35EE9 
 115 0210 E581725D 		.ascii	"\345\201r]\370\236t\361\343\245\324\005B\227W\244\313"
 115      F89E74F1 
 115      E3A5D405 
 115      429757A4 
 115      CB
 116 0221 0A629B49 		.ascii	"\012b\233I8\245TY\235\227W\327\366\250\372\344\216\352"
 116      38A55459 
 116      9D9757D7 
 116      F6A8FAE4 
 116      8EEA
 117 0233 534EF554 		.ascii	"SN\365T\251z\261\332\302\332t\237!d\323\020\300k*C1"
ARM GAS  C:\Users\mvshv\AppData\Local\Temp\cc8rDnOj.s 			page 9


 117      A97AB1DA 
 117      C2DA749F 
 117      2164D310 
 117      C06B2A43 
 118 0248 6BA51897 		.ascii	"k\245\030\227$\241\377\307\212\360\270\363\317;q\036"
 118      24A1FFC7 
 118      8AF0B8F3 
 118      CF3B711E 
 119 0258 E9D6CA99 		.ascii	"\351\326\312\231z\367\304\264\022o$SE0}\3530\335(U7"
 119      7AF7C4B4 
 119      126F2453 
 119      45307DEB 
 119      30DD2855 
 120 026d 24110FF9 		.ascii	"$\021\017\371\362\357/K_y\273\003\262\335\273\240\366"
 120      F2EF2F4B 
 120      5F79BB03 
 120      B2DDBBA0 
 120      F6
 121 027e 1101BC2B 		.ascii	"\021\001\274+B}\030\312\015\371\010*\336\"\256\2520"
 121      427D18CA 
 121      0DF9082A 
 121      DE22AEAA 
 121      30
 122 028f 2DA18A33 		.ascii	"-\241\21231\334?p\027\333\227\3731\203P\027\315\035"
 122      31DC3F70 
 122      17DB97FB 
 122      31835017 
 122      CD1D
 123 02a1 D1984588 		.ascii	"\321\230E\210\260\331\017D\323[W\235i\020\253\215\232"
 123      B0D90F44 
 123      D35B579D 
 123      6910AB8D 
 123      9A
 124 02b2 4573404C 		.ascii	"Es@L\017\006\203\241\355\347\\8t\246\2419\024\276\320"
 124      0F0683A1 
 124      EDE75C38 
 124      74A6A139 
 124      14BED0
 125 02c5 24BEA7CF 		.ascii	"$\276\247\31774\007\233\030o\274\024V\033\317^\014\377"
 125      3734079B 
 125      186FBC14 
 125      561BCF5E 
 125      0CFF
 126 02d7 038D6E71 		.ascii	"\003\215nqj"
 126      6A
 127              		.text
 128              		.section	.gnu.lto_palSetBusMode.fb69cd1c,"",%progbits
 129 0000 789C9552 		.ascii	"x\234\225RMO\023Q\024}g\356L[Z(\270s\301\002#I\305\030"
 129      4D4F1351 
 129      147D67EE 
 129      4C5B5A28 
 129      B873C102 
 130 0018 EA7FD0C4 		.ascii	"\352\177\320\304\237a\020M\\`06\256\373hi\201`\"Q)\004"
 130      9F61104D 
 130      5C603036 
 130      AEFB6869 
 130      81602251 
ARM GAS  C:\Users\mvshv\AppData\Local\Temp\cc8rDnOj.s 			page 10


 131 002e 27A40B8A 		.ascii	"'\244\013\212\321h\324\200\037\005\224\241(~D$\260\302"
 131      D168D480 
 131      1F0594A1 
 131      287E4424 
 131      B0C2
 132 0040 2F161A5D 		.ascii	"/\026\032]\020 \0206j\024\275\367\015\002\0327\274\314"
 132      10201036 
 132      6A14BDF7 
 132      0D021A37 
 132      BCCC
 133 0052 BCF7EE9B 		.ascii	"\274\367\356\233s\317=\357\334\011(\245\372H\251C\274"
 133      73CF3DEF 
 133      DC0928A5 
 133      FA48A943 
 133      BC
 134 0063 1EE51701 		.ascii	"\036\345\027\001\005\253\353\265R-!\313\262g*\224\016"
 134      05ABEBB5 
 134      522D21CB 
 134      B2672A94 
 134      0E
 135 0074 D384A794 		.ascii	"\323\204\247\224.'\313\356=\310\241\363u?G6\034\037"
 135      2E27CBEE 
 135      3DC8A1F3 
 135      753F4736 
 135      1C1F
 136 0086 E500B2D1 		.ascii	"\345\000\262\321!\250\244E\266\203$.\320\025B\251\355"
 136      21A8A445 
 136      B683242E 
 136      D01542A9 
 136      ED
 137 0097 4BD1AABB 		.ascii	"K\321\252\273\246yx=s\301\254\316\354u\271N\216_\031"
 137      A679783D 
 137      73C1ACCE 
 137      EC75B94E 
 137      8E5F19
 138 00aa 18421DA3 		.ascii	"\030B\035\243f[\357\270\324I.\0016\207k\323}\237\242"
 138      665BEFB8 
 138      D4492E01 
 138      36876BD3 
 138      7D9FA2
 139 00bd 125AA8E1 		.ascii	"\022Z\250\34103\333\223%\252\205\342\375\233\325\033"
 139      3033DB93 
 139      25AA85E2 
 139      FD9BD51B 
 140 00cd EFA3B182 		.ascii	"\357\243\261\202\326)\355\275\032 ]\353\022\341>\210"
 140      D629EDBD 
 140      1A205DEB 
 140      12E13E88 
 141 00dd 09710FD5 		.ascii	"\011q\017\325\030F\265\342#\205\007\2101|}\250p9B\007"
 141      1846B5E2 
 141      23850788 
 141      317C7DA8 
 141      70394207 
 142 00f1 4CEAC2CA 		.ascii	"L\352\302\312\360\325\360f\352\217\202I\265\361\360"
 142      F0D5F066 
 142      EA8F8249 
 142      B5F1F0
ARM GAS  C:\Users\mvshv\AppData\Local\Temp\cc8rDnOj.s 			page 11


 143 0100 DF545BA1 		.ascii	"\337T[\241\210\230\340?\336\335\350\256\010\330\371"
 143      8898E03F 
 143      DEDDE8AE 
 143      08D8F9
 144 010f 3F723122 		.ascii	"?r1\"\256\360\312'\267\347\034Oo\374j\323\336\322 >"
 144      AEF0CA27 
 144      B7E71C4F 
 144      6FFC6AD3 
 144      DED2203E 
 145 0123 1C2B0767 		.ascii	"\034+\007g:\026O\001\342)hK\350\310.\010Q\022\206!U"
 145      3A164F01 
 145      E229684B 
 145      E8C82E08 
 145      51128621 
 146 0138 EDCCC336 		.ascii	"\355\314\3036iOu\220%\273\264\247>\243\365\355\344B"
 146      694F7590 
 146      25BBB4A7 
 146      3EA3F5ED 
 146      E442
 147 014a 7F40E8FB 		.ascii	"\177@\350\373(\310\205s\231\322LP\256OP\030eU2:\370"
 147      28C88573 
 147      99D24C50 
 147      AE4F5018 
 147      6555323A 
 148 015f 52DC014E 		.ascii	"R\334\001NXDj\244\314G\203\321c\245\351\251@\036\375"
 148      58446AA4 
 148      CC4783D1 
 148      63A5E9A9 
 148      401EFD
 149 0172 2D6C718D 		.ascii	"-lq\215K!\346\360\223\304\310\316K\363\210\337\322]"
 149      4B21E6F0 
 149      93C4C8CE 
 149      4BF388DF 
 149      D25D
 150 0184 E65319C6 		.ascii	"\346S\031\306\220G\267\261\036\217\020\227\322\363G"
 150      9047B7B1 
 150      1E8F1097 
 150      D2F347
 151 0193 B6996E0E 		.ascii	"\266\231n\016\256y\225R\267\014\225x\274U\327V#\207"
 151      AE799552 
 151      B70C9578 
 151      BC55D756 
 151      2387
 152 01a5 B9EC125A 		.ascii	"\271\354\022Zk\214\005\214,\026\227\336\005\223?u\310"
 152      6B8C058C 
 152      2C1697DE 
 152      05933F75 
 152      C8
 153 01b6 A5708EC4 		.ascii	"\245p\216\304\223q$\325N\351\021cy\372\373\370z\224"
 153      937124D5 
 153      4EE91163 
 153      79FAFBF8 
 153      7A94
 154 01c8 71DCF388 		.ascii	"q\334\363\210\370(g\337f\227\333#\242\267\312\245rL"
 154      F82867DF 
 154      6697DB23 
 154      A2B7CAA5 
ARM GAS  C:\Users\mvshv\AppData\Local\Temp\cc8rDnOj.s 			page 12


 154      724C
 155 01da F08FE26D 		.ascii	"\360\217\342m\252M\017\014e\300\350^\2436\202\022\253"
 155      AA4D0F0C 
 155      65C0E85E 
 155      A3368212 
 155      AB
 156 01eb F54D9F44 		.ascii	"\365M\237D\322\245\012\243\306\331\264M\\\270\276L\276"
 156      D2A50AA3 
 156      C6D9B44D 
 156      5CB8BE4C 
 156      BE
 157 01fc 7A6B573E 		.ascii	"zkW>D\361\304\370\000\361\341)\373\260\303Q\332\025"
 157      44F1C4F8 
 157      00F1E129 
 157      FBB0C351 
 157      DA15
 158 020e 5325A60C 		.ascii	"S%\246\014\223%L\317\376f\262w\331\233\347\333\275y"
 158      93254CCF 
 158      FE66B277 
 158      D99BE7DB 
 158      BD79
 159 0220 6198D2AB 		.ascii	"a\230\322\253Y\370T\016\353bBnA\366\177-\250\312\211"
 159      59F8540E 
 159      EB62426E 
 159      41F67F2D 
 159      A8CA89
 160 0233 00BCE416 		.ascii	"\000\274\344\026\260\025\006\036vi\217ZA*?z\321\267"
 160      B015061E 
 160      76698F5A 
 160      412A3F7A 
 160      D1B7
 161 0245 50463BDF 		.ascii	"PF;\337\230\315c\354\276\372\372\370\326\323\234\210"
 161      98CD63EC 
 161      BEFAFAF8 
 161      D6D39C88 
 162 0255 9F6E688A 		.ascii	"\237nh\212'\3165\312z\374lCS}\243\242\023\347\023\366"
 162      27CE35CA 
 162      7AFC6C43 
 162      537DA3A2 
 162      13E713F6 
 163 0269 99E693A7 		.ascii	"\231\346\223\247~\003\026\211/\320"
 163      7E031689 
 163      2FD0
 164              		.text
 165              		.section	.gnu.lto_.symbol_nodes.fb69cd1c,"",%progbits
 166 0000 789C55C9 		.ascii	"x\234U\311\315\015\202@\024E\341\363\356\014c\031$V"
 166      CD0D8240 
 166      1445E1F3 
 166      EE0C6319 
 166      2456
 167 0012 8295BD59 		.ascii	"\202\225\275Y\030\326n\350\200&@\374\251`*qc\007\222"
 167      18D66EE8 
 167      802640FC 
 167      A9602A71 
 167      630792
 168 0025 111359DC 		.ascii	"\021\023Y\334\234\344~\011\030\326\241I\016\227\002"
 168      9CE47E09 
ARM GAS  C:\Users\mvshv\AppData\Local\Temp\cc8rDnOj.s 			page 13


 168      18D6A149 
 168      0E9702
 169 0034 6BE67C82 		.ascii	"k\346|\202\346&\362\021\202f\271\355\351.\373\322U\256"
 169      E626F211 
 169      8266B9ED 
 169      E92EFBD2 
 169      55AE
 170 0046 3D3DA44A 		.ascii	"==\244J\266\310C%\310\271\003{\312\343\377\021H\234"
 170      B6C84325 
 170      C8B9037B 
 170      CAE3FF11 
 170      489C
 171 0058 DFC582B6 		.ascii	"\337\305\202\266\306_\017\214\375\253\345\003=\356#"
 171      C65F0F8C 
 171      FDABE503 
 171      3DEE23
 172 0067 92       		.ascii	"\222"
 173              		.text
 174              		.section	.gnu.lto_.refs.fb69cd1c,"",%progbits
 175 0000 789C6363 		.ascii	"x\234cc``\020\000bF\006&F\026F&&f\026F\026&V\026\006"
 175      60601000 
 175      62460626 
 175      46164626 
 175      26661646 
 176 0019 0002EF00 		.ascii	"\000\002\357\000;"
 176      3B
 177              		.text
 178              		.section	.gnu.lto_.decls.fb69cd1c,"",%progbits
 179 0000 789CAD58 		.ascii	"x\234\255XkPTG\026\276}{\006\206a\000\013\314\226\265"
 179      6B505447 
 179      16BE7D7B 
 179      06866100 
 179      0BCC96B5 
 180 0014 61B39810 		.ascii	"a\263\230\020\245v7<\314n\314n\345G\036\2721\025\023"
 180      A576373C 
 180      CC6ECC6E 
 180      E5471EBA 
 180      311513
 181 0027 5C8CC95A 		.ascii	"\\\214\311ZK\325\204\300\030\250\345\3412\303\326\372"
 181      4BD584C0 
 181      18A8E5E1 
 181      32C3D6FA 
 182 0037 6B2F0C22 		.ascii	"k/\014\"\276\005\225\010\250 (\011 h\022\344!\362\020"
 182      BE059508 
 182      A8202809 
 182      206812E4 
 182      21F210
 183 004a 10100411 		.ascii	"\020\020\004\021\004\005\025Q#\370\212\0014\310K\331"
 183      04051551 
 183      23F88A01 
 183      34C84BD9 
 184 005a D3DDF7CE 		.ascii	"\323\335\367\316\275321\265\225[\234\271\267\373\236"
 184      BD333231 
 184      B5955B9C 
 184      B9B7FB9E 
 185 006a 3EE7EBEF 		.ascii	">\347\353\357\234\323\335\027\007\216\343\326?\007\202"
 185      9CD3DD17 
ARM GAS  C:\Users\mvshv\AppData\Local\Temp\cc8rDnOj.s 			page 14


 185      078EE3D6 
 185      3F0782
 186 0079 396E1C71 		.ascii	"9n\034q\334\014\\*\350;\011\342\0102\007\372~\003R\007"
 186      DC0C5C2A 
 186      E83B09E2 
 186      083207FA 
 186      7E035207 
 187 008d CFF3E1FE 		.ascii	"\317\363\341\376\022\310\357A\376\000B.5\310\"x^\014"
 187      12C8EF41 
 187      FE00422E 
 187      35C82278 
 187      5E0C
 188 009f F206C85B 		.ascii	"\362\006\310[ \357\202\2009\356}\270\177\010\3627QW"
 188      20EF8280 
 188      39EE7DB8 
 188      7F08F237 
 188      5157
 189 00b1 BA0C3CC7 		.ascii	"\272\014<\307\271sL\346r\3146\361\263\032\356S \013"
 189      B9734CE6 
 189      72CC36F1 
 189      B31AEE53 
 189      200B
 190 00c3 41DC441F 		.ascii	"A\334D\037A\242\177O\2207AV\202|\0042\011:M \253\340"
 190      41A27F4F 
 190      90374156 
 190      827C0432 
 190      093A4D20 
 191 00d9 99E0D5C2 		.ascii	"\231\340\325\302\335\021\344><;\303\235\027q\021<H\304"
 191      DD11E43E 
 191      3C3BC39D 
 191      1771113C 
 191      48C4
 192 00eb A2BC6278 		.ascii	"\242\274bx\346\373S\005\2169\342<W\213\030\246lp\220"
 192      E6FB5305 
 192      8E39E23C 
 192      578B18A6 
 192      6C7090
 193 00fe F97B8938 		.ascii	"\371{\2118V\331`\271&\342Q\213X\234E<\217\240}\205c"
 193      56D960B9 
 193      26E2518B 
 193      589C453C 
 193      8FA07D85 
 194 0113 78162BF0 		.ascii	"x\026+\360|h\203g\235\310\211-\236\227~\202\027\022"
 194      7C688367 
 194      9DC8892D 
 194      9E977E82 
 194      1712
 195 0125 87DF2978 		.ascii	"\207\337)x!\230>\006\371\253\310\277\304\211\263\330"
 195      21983E06 
 195      F9ABC8BF 
 195      C489B3D8 
 196 0135 56C687B8 		.ascii	"V\306\207\270\267\215\313.\214\316%\036\335\2137c\344"
 196      B78DCB2E 
 196      8CCE251E 
 196      DD8B3763 
 196      E4
 197 0146 AE452A68 		.ascii	"\256E*h\216\264e\334p\205\346\\-\362\202fF\345\303\026"
ARM GAS  C:\Users\mvshv\AppData\Local\Temp\cc8rDnOj.s 			page 15


 197      8EB465DC 
 197      7085E65C 
 197      2DF28266 
 197      46E5C316 
 198 015a 357BAB81 		.ascii	"5{\253\201\346L\336\321\215\032\314#2\360Js~!\031\270"
 198      E64CDED1 
 198      8D1ACC23 
 198      32F04A73 
 198      7E2119B8 
 199 016e 508B480A 		.ascii	"P\213H\012\271A\327\221{\025\023.\254\213h\364\026\324"
 199      B941D791 
 199      7B15132E 
 199      AC8B68F4 
 199      16D4
 200 0180 776BB123 		.ascii	"wk\261#}\376\246\240f\306\331\367\260\300.\315\3379"
 200      7DFEA6A0 
 200      66C6D9F7 
 200      B0C02ECD 
 200      DF39
 201 0192 5481B084 		.ascii	"T\201\260\204\241s\373\350AG\034@\024\371\253\275S\227"
 201      A173FBE8 
 201      41471C40 
 201      14F9ABBD 
 201      5397
 202 01a4 5D91D627 		.ascii	"]\221\326'Y\020\022\204l\263\340\264\214C%\310\023}"
 202      59101284 
 202      6CB3E0B4 
 202      8C4325C8 
 202      137D
 203 01b6 8B3C3954 		.ascii	"\213<9T\205|\210\361\343\310\227C\345\320Y\006\235y"
 203      857C88F1 
 203      E3C89743 
 203      E5D05906 
 203      9D79
 204 01c8 C460EDD0 		.ascii	"\304`\355\320\243\205)\033\004\201G'\220\026U\"Lu`\322"
 204      A385291B 
 204      04814727 
 204      90165522 
 204      4C7560D2 
 205 01dc 0BB5CC45 		.ascii	"\013\265\314E\376\301\224\034\007\234\213\250\217\312"
 205      FEC1941C 
 205      079C8BA8 
 205      8FCA
 206 01ea CC9BA778 		.ascii	"\314\233\247x{>j\355\373(z\261q=\361Q\003>\252e\037"
 206      7B3E6AED 
 206      FB287AB1 
 206      713DF151 
 206      033EAA65 
 207 01ff E0923949 		.ascii	"\340\2229Il\030Kq\301\311\224\037~p\"\261\304\331\236"
 207      6C184B71 
 207      C1C9941F 
 207      7E7022B1 
 207      C4D99E
 208 0212 937ABB4E 		.ascii	"\223z\273N~h\361)?/\010^\250\016\234\234\224\235\324"
 208      7E68F129 
 208      3F2F085E 
 208      A80E9C9C 
ARM GAS  C:\Users\mvshv\AppData\Local\Temp\cc8rDnOj.s 			page 16


 208      949DD4
 209 0225 484EBA47 		.ascii	"HN\272GF\323\\q;\013\202\024.w\026\256\2433\273\006"
 209      46D35C71 
 209      3B0B8214 
 209      2E7716AE 
 209      A333BB06 
 210 0239 5C70377B 		.ascii	"\\p7{\267\247\363\353\245Z\360n\376YS\204\001\367\023"
 210      B7A7F3EB 
 210      A55AF06E 
 210      FE595384 
 210      01F713
 211 024c 6F0E3833 		.ascii	"o\01683c\363\240y=\241\244\331\005\3671c[w\325\325\251"
 211      63F3A079 
 211      3DA1A4D9 
 211      05F73163 
 211      5B77D5D5 
 212 0261 F0006BE4 		.ascii	"\360\000k\344\246\247lP\343\233\254\221\237\272\343"
 212      A6A76C50 
 212      E39BAC91 
 212      9FBAE3
 213 0270 A8160FB1 		.ascii	"\250\026\017\261F\347\360\231}\316,}\346@\363\324\314"
 213      46E7F099 
 213      7DCE2C7D 
 213      E640F3D4 
 213      CC
 214 0281 A35A3766 		.ascii	"\243Z7f\221'\210\012.L:\341\333L\365\320\344\3240\311"
 214      9127880A 
 214      2E4C3AE1 
 214      DB4CF5D0 
 214      E4D430C9 
 215 0295 9F05247F 		.ascii	"\237\005$\177\260\"{\026\260\354\251i=\235\247\303?"
 215      B0227B16 
 215      B0ECA969 
 215      3D9DA7C3 
 215      3F
 216 02a6 30328B33 		.ascii	"02\2133\246\247\335$2w\230\005\265\017\207\332\000y"
 216      A6A7DD24 
 216      32779805 
 216      B50F87DA 
 216      0079
 217 02b8 3B99CE79 		.ascii	";\231\316y\230\316\002q:\347\240\263C\216X\331\013\025"
 217      98CE0271 
 217      3AE7A0B3 
 217      438E58D9 
 217      0B15
 218 02ca 82300775 		.ascii	"\2020\007u\001\227\2352\227\013D*\253S.\015j\361$s\221"
 218      01979D32 
 218      970B442A 
 218      AB532E0D 
 218      6AF12473 
 219 02df D0B1FB81 		.ascii	"\320\261\373\201]\027\027\354\273(Z\324@\223\242\007"
 219      5D1717EC 
 219      BB285AD4 
 219      4093A207 
 220 02ef 7C74CB3E 		.ascii	"|t\313>\272\244x%\214\347\234\320`3&NTc_\035\353qE\036"
 220      BAA47825 
 220      8CE79CD0 
ARM GAS  C:\Users\mvshv\AppData\Local\Temp\cc8rDnOj.s 			page 17


 220      6033264E 
 220      54635F1D 
 221 0307 DEDE3E29 		.ascii	"\336\336>)d\364\016\020\304\313\221\341P/\362 \026\320"
 221      64F40E10 
 221      C4CB91E1 
 221      502FF220 
 221      16D0
 222 0319 6570D887 		.ascii	"ep\330\207\274\321%\344M\253$\207\240\252\235\271\345"
 222      BCD125E4 
 222      4DAB2487 
 222      A0AA9DB9 
 222      E5
 223 032a 9F39FA9D 		.ascii	"\2379\372\235 l\322Qw\027\301\035\031`\201\351GL\004"
 223      206CD251 
 223      7717C11D 
 223      196081E9 
 223      474C04
 224 033d 785AF4EF 		.ascii	"xZ\364\357<\237.\324&`\252|vV\3456\342U\234J\177\246"
 224      3C9F2ED4 
 224      2660AA7C 
 224      7656E536 
 224      E2559C4A 
 225 0353 164A9328 		.ascii	"\026J\223(q\342,X}\252\232\352\356\226h\221\267\367"
 225      71E22C58 
 225      7DAA9AEA 
 225      EE966891 
 225      B7F7
 226 0365 5C1F66B6 		.ascii	"\\\037f\266'\323=\327,4\373\323Bh\005\273W\321\\9\273"
 226      27D33DD7 
 226      2C34FBD3 
 226      426805BB 
 226      57D15C39 
 227 037a AC4080D9 		.ascii	"\254@\200\331\261L\327x\212\202x?c_;\225hC\252\012H"
 227      B14CD778 
 227      8A82783F 
 227      635F3B95 
 227      6843AA0A 
 228 038f A5648468 		.ascii	"\245d\204h\023F\006\200\221+\300H\277\310\010\303\334"
 228      13460680 
 228      912BC048 
 228      BFC808C3 
 228      DC
 229 03a0 9E392F1E 		.ascii	"\2369/\036F\020-k\320\250\355xj\211\323\\0\032o\337"
 229      46102D6B 
 229      D0A8ED78 
 229      6A89D35C 
 229      301A6FDF 
 230 03b4 28676551 		.ascii	"(geQ\221\277\356,\177\023\353\273\217\351p\015\215\035"
 230      91BFEE2C 
 230      7F13EBBB 
 230      8FE9700D 
 230      8D1D
 231 03c6 BAD97A24 		.ascii	"\272\331z$A\203\353Yc\177[q\253\0327\261Feaq'\217\333"
 231      4183EB59 
 231      637F5B71 
 231      AB1A37B1 
 231      46656171 
ARM GAS  C:\Users\mvshv\AppData\Local\Temp\cc8rDnOj.s 			page 18


 232 03dd 58E370C5 		.ascii	"X\343p\305\360f\204\273Ycd\303\021\023\276\314\2363"
 232      F06684BB 
 232      596364C3 
 232      1113BECC 
 232      9E33
 233 03ef 1F5CB9ED 		.ascii	"\037\\\271\355\304l\373@s{G\326%\015+\225ZR\034\343"
 233      C46CFB40 
 233      737B47D6 
 233      250D2B95 
 233      5A521CE3 
 234 0403 07BE4BE5 		.ascii	"\007\276K\345\361u\252\253\333\322a>\253\006\306\341"
 234      F175AAAB 
 234      DBD2613E 
 234      AB06C6E1 
 235 0413 F2F0F621 		.ascii	"\362\360\366!\267\034!\321,\324\016f\210\3147\001\363"
 235      B71C21D1 
 235      2CD40E66 
 235      88CC3701 
 235      F3
 236 0424 43C0E508 		.ascii	"C\300\345\010pj\315e\011b\324\023\365\272\3473\204\332"
 236      706ACD65 
 236      0962D413 
 236      F5BAE733 
 236      84DA
 237 0436 444CB56F 		.ascii	"DL\265o\330j_G\266\352\223\277\226\325\277\233]=@\326"
 237      D86A5F47 
 237      B6EA93BF 
 237      96D5BF9B 
 237      5D3D40D6 
 238 044a 1E5568DF 		.ascii	"\036Uh\337\264\325>\366\224\361:OY\375\264\255z\263"
 238      B4D53EF6 
 238      94F13A4F 
 238      59FDB4AD 
 238      7AB3
 239 045c 425DAE0C 		.ascii	"B]\256\014\010\331\035\320\270M_\216\210\225\361\000"
 239      08D91DD0 
 239      B84D5F8E 
 239      8895F100 
 240 046c F2E02144 		.ascii	"\362\340!D\355\036\310\030\310\017 \367A\276\007y\004"
 240      ED1EC818 
 240      C80F20F7 
 240      41BE0779 
 240      04
 241 047d 320C320A 		.ascii	"2\0142\012\362\243\245r\210\367\026\205\367F[\357\247"
 241      F2A3A572 
 241      88F71685 
 241      F7465BEF 
 241      A7
 242 048e E4A98959 		.ascii	"\344\251\211Y\225\341N\263j\304\272\024\230\251~e\014"
 242      95E14EB3 
 242      6AC4BA14 
 242      98A97E65 
 242      0C
 243 049f 6ECD1A03 		.ascii	"n\315\032\003\005K\235\012\307wgw\254d\351\216\202\324"
 243      054B9D0A 
 243      C7776777 
 243      AC64E98E 
ARM GAS  C:\Users\mvshv\AppData\Local\Temp\cc8rDnOj.s 			page 19


 243      82D4
 244 04b1 C1D94995 		.ascii	"\301\331I\225\214CQ=\311\3242\365k\220\317-\263\223"
 244      8C43513D 
 244      C9D432F5 
 244      6B90CF2D 
 244      B393
 245 04c3 4AD521BF 		.ascii	"J\325!\277j\333\306K\324x\210\346\027_]z\250\312\021"
 245      6ADBC64B 
 245      D47888E6 
 245      175F5D7A 
 245      A8CA11
 246 04d6 F9788885 		.ascii	"\371x\210\205\277\327\201\024\376$\014\036\227W02y;"
 246      BFD78114 
 246      FE240C1E 
 246      97573032 
 246      793B
 247 04e8 D1401310 		.ascii	"\321@\023\020\204\3777 \200e_q\361\010\326m\262\354"
 247      84FF3720 
 247      80655F71 
 247      F108D66D 
 247      B2EC
 248 04fa 8CD4B55C 		.ascii	"\214\324\265\\\235SH'\202\000\335\262\215{\206\\\360"
 248      9D534827 
 248      8200DDB2 
 248      8D7B865C 
 248      F0
 249 050b 4386FBE2 		.ascii	"C\206\373\342\255\352\357\035\221\316\307\316P\364\004"
 249      ADEAEF1D 
 249      91CEC7CE 
 249      50F404
 250 051a B0C8A3A5 		.ascii	"\260\310\243\245\035\325\273r\230\354\250\217\341\305"
 250      1DD5BB72 
 250      98ECA88F 
 250      E1C5
 251 0528 B43C3FD0 		.ascii	"\264<?\320c\036\246n\355\352E\2540ud\301\256\354Mqc"
 251      631EA66E 
 251      EDEA45AC 
 251      307564C1 
 251      AEEC4D71 
 252 053d 8539405E 		.ascii	"\2059@^?\334\331w\325\025\317`\253S\317\352\247O=\253"
 252      3FDCD977 
 252      D515CF60 
 252      AB53CFEA 
 252      A74F3DAB 
 253 0551 D9BE75AF 		.ascii	"\331\276u\257\343l\027\302I*\212\267o\364\034\266w\006"
 253      E36C17C2 
 253      492A8AB7 
 253      6FF41CB6 
 253      7706
 254 0563 48E27DC8 		.ascii	"H\342}\310\030\272\014\231yO\224\300K{\312\325M/\335"
 254      18BA0C99 
 254      794F94C0 
 254      4B7BCAD5 
 254      4D2FDD
 255 0576 7B4210AF 		.ascii	"{B\020\257\347\265(\221\267 ^\315\266\024uQVK\022\254"
 255      E7B52891 
 255      B7205ECD 
ARM GAS  C:\Users\mvshv\AppData\Local\Temp\cc8rDnOj.s 			page 20


 255      B6147551 
 255      564B12AC 
 256 058a 0E1E3E64 		.ascii	"\016\036>dY \013\362\205}x\342\320\266\255Bv\035\242"
 256      59200BF2 
 256      857D78E2 
 256      D0B6AD42 
 256      761DA2
 257 059d B36C8059 		.ascii	"\263l\200Y&\363\263f\245U<\005p;C)'\332$\230\033\001"
 257      26F3B366 
 257      A5553C05 
 257      703B4329 
 257      27DA2498 
 258 05b3 D406DE1B 		.ascii	"\324\006\336\033m\006\331\304+W\332\373\305\254&@\323"
 258      6D06D9C4 
 258      2B57DAFB 
 258      C5AC2640 
 258      D3
 259 05c4 BA260880 		.ascii	"\272&\010\200\376r\261&\010\342x\336\306\273U\336\022"
 259      FE72B126 
 259      08E278DE 
 259      C6BB55DE 
 259      12
 260 05d5 F5493F96 		.ascii	"\365I?\226\266\344\214S:+VV\023@\347D\376\203\207\030"
 260      B6E48C53 
 260      3A2B5656 
 260      1340E744 
 260      FE838718 
 261 05e9 EF50533A 		.ascii	"\357PS:\233\222\247s\264\310\303g\326I\240m\200\375"
 261      9B92A773 
 261      B4C8C367 
 261      D649A06D 
 261      80FD
 262 05fb D9F3182C 		.ascii	"\331\363\030,\247\311\276\025\024\267\310\324\222YQ"
 262      A7C9BE15 
 262      14B7C8D4 
 262      925951
 263 060a 7F3353A7 		.ascii	"\1773S\247\313y\017\321A\262]\007\334S\326al\371\255"
 263      CB790FD1 
 263      41B25D07 
 263      DC53D661 
 263      6CF9AD
 264 061d DC618D32 		.ascii	"\334a\2152\255\267\363\312\264\336\301\223\204\243w"
 264      ADB7F3CA 
 264      B4DEC193 
 264      84A377
 265 062c 507E3CDC 		.ascii	"P~<\334\361X\307\262NK\222\2609)\013\221\343\232 \216"
 265      F158C7B2 
 265      4E4B92B0 
 265      39290B91 
 265      E39A208E 
 266 0640 857E7968 		.ascii	"\205~yh*\017\241\007fP\012O\217j\027z\023+\304\224u"
 266      2A0FA107 
 266      66500A4F 
 266      8F6A177A 
 266      132BC494 
 267 0655 2635726D 		.ascii	"&5rmw\215\023K\331\213\364\2148^5\251\303i\2244\325"
 267      778D134B 
ARM GAS  C:\Users\mvshv\AppData\Local\Temp\cc8rDnOj.s 			page 21


 267      D98BF48C 
 267      385E35A9 
 267      C3699434 
 268 066a 6173C1B0 		.ascii	"as\301\260\012\371x\"\260\206\264y\322\021\234C\351"
 268      0AF97822 
 268      B086B479 
 268      D2119C43 
 268      E9
 269 067b 10ABDD3C 		.ascii	"\020\253\335<\226>\0062`\272\302\360\177I7<k\350\235"
 269      963E0632 
 269      60BAC2F0 
 269      7F49373C 
 269      6BE89D
 270 068e 26AE902B 		.ascii	"&\256\220+\340y\034z\325\023\371\003\011i@B:\205\263"
 270      E0791C7A 
 270      D513F903 
 270      09694042 
 270      3A85B3
 271 06a1 0778F982 		.ascii	"\007x\371\202\341\251n\355\354uu\337!\206\345MDm\357"
 271      E1A96EED 
 271      EC7575DF 
 271      2186E54D 
 271      446DEF
 272 06b4 82F73B79 		.ascii	"\202\367;y\002?\203w\227&A\264\277\336\333<\341\244"
 272      023F8377 
 272      972641B4 
 272      BFDEDB3C 
 272      E1A4
 273 06c6 156D273F 		.ascii	"\025m'?\313\366\371\376-\357(Mg\376\224\351}\247\277"
 273      CBF6F9FE 
 273      2DEF284D 
 273      67FE94E9 
 273      7DA7BF
 274 06d9 0A564660 		.ascii	"\012VF`/\357\256\240q\237\030\201}4\002\346\303\325"
 274      2FEFAEA0 
 274      719F1881 
 274      7D3402E6 
 274      C3D5
 275 06eb A56ABB94 		.ascii	"\245j\273\224\357\227(\337\311`\334\277\227W\250\266"
 275      EF9728DF 
 275      C960DCBF 
 275      9757A8B6 
 276 06fb 9DA25C40 		.ascii	"\235\242\\@Y\024\307~\011Gic\372\217Z[\324\366\265\263"
 276      5914C77E 
 276      09476963 
 276      FA8F5A5B 
 276      D4F6B5B3 
 277 070f 4BB62125 		.ascii	"K\266!%\354l+\330\007D\330\007(\354\202\266\374i\025"
 277      EC6C2BD8 
 277      0744D807 
 277      28EC82B6 
 277      FC6915
 278 0722 CE641531 		.ascii	"\316d\0251\3260\224\253\261\267\302\034\344\355\177"
 278      D63094AB 
 278      B1B7C21C 
 278      E4ED7F
 279 0731 65BCC1BE 		.ascii	"e\274\301\2762r\001V\016o\363\225Az\3111\377NE\275\370"
ARM GAS  C:\Users\mvshv\AppData\Local\Temp\cc8rDnOj.s 			page 22


 279      32720156 
 279      0E6FF395 
 279      417AC931 
 279      FF4E45BD 
 280 0746 F1E7423E 		.ascii	"\361\347B>\341\352\016\336w\262KW\236D\327!F\327\343"
 280      E1EA0EDE 
 280      77B24B57 
 280      9E44D721 
 280      46D7E3
 281 0759 CBF14F78 		.ascii	"\313\361Ox6\330\225\224\325\355\336\\1C\207\311k\301"
 281      36D89594 
 281      D5EDDE5C 
 281      314387C9 
 281      6BC1
 282 076b FC685067 		.ascii	"\374hPg\313\346W\300\317\2274\252\371\224\237<\211\237"
 282      CBE657C0 
 282      CF9734AA 
 282      F9949F3C 
 282      899F
 283 077d 2FEB122B 		.ascii	"/\353\022+\237b\323\256vCG\345\024\257d\263\300\212"
 283      9F62D3AE 
 283      764347E5 
 283      14AF64B3 
 283      C08A
 284 078f CD4291CD 		.ascii	"\315B\221\315B\312f\322\372\312'X+\322\227\374\314\005"
 284      42CA66D2 
 284      FACA2758 
 284      2BD297FC 
 284      CC05
 285 07a1 1A1DA6D4 		.ascii	"\032\035\246\324\034?YU\343|\025N\217\360\021\217\346"
 285      1C3F5955 
 285      E37C154E 
 285      8FF0118F 
 285      E6
 286 07b2 D0F24188 		.ascii	"\320\362A\210\375\302\235\010m\317H\027b\375\320\313"
 286      FDC29D08 
 286      6DCF4817 
 286      62FDD0CB 
 287 07c2 B39BA84A 		.ascii	"\263\233\250J\032\322\020d\351\341E\033\274d"
 287      1AD21064 
 287      E9E1451B 
 287      BC64
 288 07d0 97FE8906 		.ascii	"\227\376\211\006\220\322*{\317\334I\027\307\364\031"
 288      90D22A7B 
 288      CFDC4917 
 288      C7F419
 289 07df 1E791CEB 		.ascii	"\036y\034\353\342eg\212!Oa\345,\257-\240\344I\"q\271"
 289      E265678A 
 289      214F61E5 
 289      2CAF2DA0 
 289      E4492271 
 290 07f4 EBBEB7A5 		.ascii	"\353\276\267\245X7\000\307g\330\2318n\207&\212\356\177"
 290      583700C7 
 290      67D89938 
 290      6E87268A 
 290      EE7F
 291 0806 D73A4F3C 		.ascii	"\327:O<\326\340\2034=Q\373PV\017R\361l\321C\321*Z\242"
ARM GAS  C:\Users\mvshv\AppData\Local\Temp\cc8rDnOj.s 			page 23


 291      D6E08334 
 291      3D51FB50 
 291      560F52F1 
 291      6CD143D1 
 292 081d E7F27B34 		.ascii	"\347\362{4\363\322h0\315\302\034\236\356\002\322W\011"
 292      F3D26830 
 292      CDC21C9E 
 292      EE02D257 
 292      09
 293 082e 87BEE6E7 		.ascii	"\207\276\346\347\301\357Q^\305\234\354:\334S\252~1["
 293      C1EF515E 
 293      C59CEC3A 
 293      DC53AA7E 
 293      315B
 294 0840 C81E80CF 		.ascii	"\310\036\200\317\237\"\274\261~\003ls\350M\242\206\216"
 294      9F22BCB1 
 294      7E036C73 
 294      E84DA286 
 294      8E
 295 0851 C8897B84 		.ascii	"\310\211{\204\254c\250\230\037@\250\210\277\012\210"
 295      AC63A898 
 295      1F40A888 
 295      BF0A88
 296 0860 BEE15F24 		.ascii	"\276\341_$\211\263\307\334\352\214\31710IM]u\216\024"
 296      89B3C7DC 
 296      EA8CCF31 
 296      30494D5D 
 296      758E14
 297 0873 0CF1C8C0 		.ascii	"\014\361\310\300\014\365];\345`\001X\302\323\316\351"
 297      0CF55D3B 
 297      E5600158 
 297      C2D3CEE9 
 298 0883 C2B1F32A 		.ascii	"\302\261\363*%\302O\177\245\000XJ\001\036\223\000^\271"
 298      25C24F7F 
 298      A500584A 
 298      011E9300 
 298      5EB9
 299 0895 399EA515 		.ascii	"9\236\245\025\001\366d\352`c\203U\015\276\007A\015}"
 299      01F664EA 
 299      60638355 
 299      0DBE0741 
 299      0D7D
 300 08a7 2B03FCD6 		.ascii	"+\003\374\326\026`\031\005\370\270\377\306(\217\257"
 300      16601905 
 300      F8B8FFC6 
 300      288FAF
 301 08b6 308065CD 		.ascii	"0\200e\3155\311Z\012\206\224%\003\370EQv\236\316\002"
 301      35C95A0A 
 301      86942503 
 301      F8455176 
 301      9ECE02
 302 08c9 B082011C 		.ascii	"\260\202\001\034]_5\252\263\013\260\222\002<.\001\234"
 302      5D5F35AA 
 302      B30BB092 
 302      023C2E01 
 302      9C
 303 08da 79D8FF1F 		.ascii	"y\330\377\037\021_\313\013\026x\240\204\312ex\345\266"
ARM GAS  C:\Users\mvshv\AppData\Local\Temp\cc8rDnOj.s 			page 24


 303      115FCB0B 
 303      1678A084 
 303      CA6578E5 
 303      B6
 304 08eb F04E5078 		.ascii	"\360NPx\265\303\007\367`|\227\301\2736>\323\240S\326"
 304      B5C307F7 
 304      607C97C1 
 304      BB363ED3 
 304      A053D6
 305 08fe 15A942B9 		.ascii	"\025\251B\271\256\252Y]\201\342\331\326\335in\024s\265"
 305      AEAA595D 
 305      81E2D9D6 
 305      DD696E14 
 305      73B5
 306 0910 25EA33E6 		.ascii	"%\3523\346\3641\265]\310\265\024r\215\0049\276\253\347"
 306      F431B55D 
 306      C8B51472 
 306      8D0439BE 
 306      ABE7
 307 0922 3402CC03 		.ascii	"4\002\314\003d\251\252\306\255\346\244\255\302\001D"
 307      64A9AAC6 
 307      ADE6A4AD 
 307      C20144
 308 0931 D550950C 		.ascii	"\325P\225\014\272J\334\274\320I\012\366\373C\346\235"
 308      BA4ADCBC 
 308      D0490AF6 
 308      FB43E69D 
 309 0941 6E78B783 		.ascii	"nx\267\203].g\322\267\345:X\022\240\236qy\246\257\261"
 309      5D2E67D2 
 309      B7E53A58 
 309      12A09E71 
 309      79A6AFB1 
 310 0955 8829D293 		.ascii	"\210)\322\223\023\353\214\2775y\327\301.\332F\212\366"
 310      13EB8CBF 
 310      3579D7C1 
 310      2EDA468A 
 310      F6
 311 0966 9484F68B 		.ascii	"\224\204\366\213\335\023Ej\021\355\335\026\357\351\022"
 311      DD13456A 
 311      11EDDD16 
 311      EFE912
 312 0975 21514D74 		.ascii	"!QMtP\235\014\265N\202\332D\241\016fUO8\315/t\310\202"
 312      509D0CB5 
 312      4E82DA44 
 312      A10E6655 
 312      4F38CD2F 
 313 098c 7D16B628 		.ascii	"}\026\266(bec\351\241xG\\\306\320\037h{\220\246\305"
 313      626563E9 
 313      A178475C 
 313      C6D01F68 
 313      7B90A6C5 
 314 09a0 A7586338 		.ascii	"\247Xc8\2471\325\365\345\\\241\243\226\226\300\346\033"
 314      A731D5F5 
 314      E55CA1A3 
 314      9696C0E6 
 314      1B
 315 09b1 89427C2A 		.ascii	"\211B|*\234\304\310\336\326\002. \325\025\033\342i\350"
ARM GAS  C:\Users\mvshv\AppData\Local\Temp\cc8rDnOj.s 			page 25


 315      9CC4C8DE 
 315      D6022E20 
 315      D5151BE2 
 315      69E8
 316 09c3 69E6E773 		.ascii	"i\346\347s\250\225\177\231|\250n\337\377\215v~;\365"
 316      A8957F99 
 316      7CA86EDF 
 316      FF8D767E 
 316      3BF5
 317 09d5 94CD3C6D 		.ascii	"\224\315<m\313\335\331\340\214/1\343\355\346\2062\215"
 317      CBDDD9E0 
 317      8C2F31E3 
 317      EDE68632 
 317      8D
 318 09e6 68FCFAF3 		.ascii	"h\374\372\363\361\331\265\211^t\367!\206!E\025{V\033"
 318      F1D9B589 
 318      5E74F721 
 318      86214515 
 318      7B561B
 319 09f9 F49C2186 		.ascii	"\364\234!\206\333\251\341\313;\323[\334\346\337\246"
 319      DBA9E1CB 
 319      3BD35BDC 
 319      E6DFA6
 320 0a08 860B98E1 		.ascii	"\206\013\230\341\214\332\341\001\027<\316\014_L\334"
 320      8CDAE101 
 320      173CCE0C 
 320      5F4CDC
 321 0a17 542E19EE 		.ascii	"T.\031\356{\201\031.\020\015Cr)\226\357\016\3509K\014"
 321      7B81192E 
 321      100D4372 
 321      2996EF0E 
 321      E8394B0C 
 322 0a2b 9FA38613 		.ascii	"\237\243\206\023\352:\366X\235\242H\324\3454\353\024"
 322      EA3AF658 
 322      9DA248D4 
 322      E534EB14 
 323 0a3b 97EF4EBA 		.ascii	"\227\357N\272|\237\310\233~\342&)'\377\304\227\004\352"
 323      7C9FC89B 
 323      7EE22629 
 323      27FFC497 
 323      04EA
 324 0a4d A2FAC706 		.ascii	"\242\372\307\006\223\353U\366\364m>\037\320y:$\276b"
 324      93EB55F6 
 324      F46D3E1F 
 324      D0793A24 
 324      BE62
 325 0a5f 6F9A7AF6 		.ascii	"o\232z\366\035b\266\177\343\241n\266y~Y\332e\265\011"
 325      1D62B67F 
 325      E3A16EB6 
 325      797E59DA 
 325      65B509
 326 0a72 355ACDA2 		.ascii	"5Z\315\242G\234\005\271\253\242B\214\377\364\362\365"
 326      479C05B9 
 326      ABA2428C 
 326      FFF4F2F5 
 327 0a82 F5B3FCC5 		.ascii	"\365\263\374\305\030\375\302C\"\375\214\261\241\344"
 327      18FDC243 
ARM GAS  C:\Users\mvshv\AppData\Local\Temp\cc8rDnOj.s 			page 26


 327      22FD8CB1 
 327      A1E4
 328 0a90 AE5F1B12 		.ascii	"\256_\033\022\351\033\252y\367\303U^\357\004\004pZ\275"
 328      E91BAA79 
 328      F7C3555E 
 328      EF040470 
 328      5ABD
 329 0aa2 3E2E22DA 		.ascii	">.\"\332\364\352\"\275iM\350_\202C\303#>\2130\232\342"
 329      F4EA22BD 
 329      694DE85F 
 329      8243C323 
 329      3E8B309A 
 330 0ab7 C2226282 		.ascii	"\302\"b\202M11\221\306\340\317\243\343\274\350\223W"
 330      4D313191 
 330      C6E0CFA3 
 330      E3BCE893 
 330      57
 331 0ac8 486C9497 		.ascii	"Hl\224\227!\3523CX\230!,x\261\257\277\327\"\377\200"
 331      21EA3343 
 331      5898212C 
 331      78B1AFBF 
 331      D722FF80 
 332 0adc C5FFFA63 		.ascii	"\305\377\372c0\364\277\022\035\023mx\305\020\362YDp"
 332      30F4BF12 
 332      1D136D78 
 332      C510F259 
 332      4470
 333 0aee 44746864 		.ascii	"Dthd\\\230!8*\004lE\033\202\365a\2065!q\221&\275i\335"
 333      5C982138 
 333      2A046C45 
 333      1B82F561 
 333      86352171 
 334 0b07 5A83D137 		.ascii	"Z\203\3217\234\323H\376\376\361\213\3723\2563\006\353"
 334      9CD348FE 
 334      FEF18BFA 
 334      33AE3306 
 334      EB
 335 0b18 8DA63030 		.ascii	"\215\24600\016Nt\0211kcbM\204\013\275\351\365Y\330 "
 335      0E4E7411 
 335      316B6362 
 335      4D840BBD 
 335      E9F559D8 
 336 0b2d 6F8D7E2B 		.ascii	"o\215~+?\372\340\325E~\313\227/\361{w\305{\201\377^"
 336      3FFAE0D5 
 336      457ECB97 
 336      2FF17B77 
 336      C57B81FF 
 337 0b42 2411A48F 		.ascii	"$\021\244\217\214\014\003+\016D+\"L\365\326_\203\226"
 337      8C0C032B 
 337      0E442B22 
 337      4CF5D65F 
 337      8396
 338 0b54 AB9707BE 		.ascii	"\253\227\007\276\363~\220\352\355\225AA\350\023\264"
 338      F37E90EA 
 338      ED954141 
 338      E813B4
 339 0b63 4C1D1A69 		.ascii	"L\035\032i\010\211\025\331\013xMo\322H\017\330h0-\376"
ARM GAS  C:\Users\mvshv\AppData\Local\Temp\cc8rDnOj.s 			page 27


 339      088915D9 
 339      0B784D6F 
 339      D2480FD8 
 339      68302DFE 
 340 0b77 F91E8DA6 		.ascii	"\371\036\215\246( \343\363\265\0211\340\020\007.\011"
 340      2820E3F3 
 340      B51131E0 
 340      10072E09 
 341 0b87 C2EF2D09 		.ascii	"\302\357-\011R\257X\265bI\220c\340\312\025K\227.\011"
 341      52AF58B5 
 341      62499063 
 341      E0CA154B 
 341      972E09
 342 0b9a 7208FC68 		.ascii	"r\010\374h\365\212\245A\352\017\002\227,\015\"`\226"
 342      F58AA541 
 342      EA0F0297 
 342      2C0D2260 
 342      96
 343 0bab E9E4517A 		.ascii	"\351\344Qz\223\226\3155\"Lor\210Y\263\006\334\353\010"
 343      9396CD35 
 343      224C6F72 
 343      8859B306 
 343      DCEB08
 344 0bbe 16FD9A10 		.ascii	"\026\375\232\020\243\351u\275\351\343_\226f\211\341"
 344      A3E975BD 
 344      E9E35F96 
 344      6689E1
 345 0bcd 976799A2 		.ascii	"\227g\231\242\250dI\263pN\375^\340\333qFUhxH\254&\""
 345      A86449B3 
 345      704EFD5E 
 345      E0DB7146 
 345      55687848 
 346 0be4 262A26CC 		.ascii	"&*&\314\000x\341U\220!$\014^\314\177V\236r\316p\373"
 346      0078E155 
 346      9021240C 
 346      5ECC7F56 
 346      9E72CE70 
 347 0bf9 2436C264 		.ascii	"$6\302d\000m\027x^i0\301\323\007`\310)4|\345:\343\262"
 347      006D1778 
 347      5E6930C1 
 347      D30760C8 
 347      29347CE5 
 348 0c10 9048D36F 		.ascii	"\220H\323om\254\304\232,HB\303\001\304sRH\365\300\315"
 348      6DACC49A 
 348      2C4842C3 
 348      01C47352 
 348      48F5C0CD 
 349 0c24 E7B13171 		.ascii	"\347\2611qk\011\020g\031\006\347\242\327\257\211\213"
 349      6B091067 
 349      1906E7A2 
 349      D7AF898B 
 350 0c34 0ED5EB7D 		.ascii	"\016\325\353}\027\277\366\272\277Fj\351\024\316\255"
 350      17BFF6BA 
 350      BF466AE9 
 350      14CEAD
 351 0c43 75FEE46A 		.ascii	"u\376\344j\205\305\352\345\237\375\377\007\230\347;"
 351      85C5EAE5 
ARM GAS  C:\Users\mvshv\AppData\Local\Temp\cc8rDnOj.s 			page 28


 351      9FFDFF07 
 351      98E73B
 352 0c52 B6       		.ascii	"\266"
 353              		.text
 354              		.section	.gnu.lto_.symtab.fb69cd1c,"",%progbits
 355 0000 70616C52 		.ascii	"palReadBus\000"
 355      65616442 
 355      757300
 356 000b 00       		.ascii	"\000"
 357 000c 00       		.ascii	"\000"
 358 000d 00       		.ascii	"\000"
 359 000e 00000000 		.ascii	"\000\000\000\000\000\000\000\000"
 359      00000000 
 360 0016 32010000 		.ascii	"2\001\000\000"
 361 001a 70616C57 		.ascii	"palWriteBus\000"
 361      72697465 
 361      42757300 
 362 0026 00       		.ascii	"\000"
 363 0027 00       		.ascii	"\000"
 364 0028 00       		.ascii	"\000"
 365 0029 00000000 		.ascii	"\000\000\000\000\000\000\000\000"
 365      00000000 
 366 0031 37010000 		.ascii	"7\001\000\000"
 367 0035 70616C53 		.ascii	"palSetBusMode\000"
 367      65744275 
 367      734D6F64 
 367      6500
 368 0043 00       		.ascii	"\000"
 369 0044 00       		.ascii	"\000"
 370 0045 00       		.ascii	"\000"
 371 0046 00000000 		.ascii	"\000\000\000\000\000\000\000\000"
 371      00000000 
 372 004e 3C010000 		.ascii	"<\001\000\000"
 373 0052 63685379 		.ascii	"chSysHalt\000"
 373      7348616C 
 373      7400
 374 005c 00       		.ascii	"\000"
 375 005d 02       		.ascii	"\002"
 376 005e 00       		.ascii	"\000"
 377 005f 00000000 		.ascii	"\000\000\000\000\000\000\000\000"
 377      00000000 
 378 0067 41010000 		.ascii	"A\001\000\000"
 379 006b 5F70616C 		.ascii	"_pal_lld_setgroupmode\000"
 379      5F6C6C64 
 379      5F736574 
 379      67726F75 
 379      706D6F64 
 380 0081 00       		.ascii	"\000"
 381 0082 02       		.ascii	"\002"
 382 0083 00       		.ascii	"\000"
 383 0084 00000000 		.ascii	"\000\000\000\000\000\000\000\000"
 383      00000000 
 384 008c 47010000 		.ascii	"G\001\000\000"
 385              		.text
 386              		.section	.gnu.lto_.opts,"",%progbits
 387 0000 272D666D 		.ascii	"'-fmath-errno' '-fsigned-zeros' '-ftrapping-math' '"
 387      6174682D 
ARM GAS  C:\Users\mvshv\AppData\Local\Temp\cc8rDnOj.s 			page 29


 387      6572726E 
 387      6F272027 
 387      2D667369 
 388 0033 2D666E6F 		.ascii	"-fno-trapv' '-fno-openmp' '-fno-openacc' '-mcpu=cor"
 388      2D747261 
 388      70762720 
 388      272D666E 
 388      6F2D6F70 
 389 0066 7465782D 		.ascii	"tex-m4' '-mno-thumb-interwork' '-mthumb' '-O2' '-fo"
 389      6D342720 
 389      272D6D6E 
 389      6F2D7468 
 389      756D622D 
 390 0099 6D69742D 		.ascii	"mit-frame-pointer' '-falign-functions=16' '-ffuncti"
 390      6672616D 
 390      652D706F 
 390      696E7465 
 390      72272027 
 391 00cc 6F6E2D73 		.ascii	"on-sections' '-fdata-sections' '-fno-common' '-flto"
 391      65637469 
 391      6F6E7327 
 391      20272D66 
 391      64617461 
 392 00ff 2700     		.ascii	"'\000"
 393              		.text
 394              		.comm	__gnu_lto_v1,1,1
 395              		.comm	__gnu_lto_slim,1,1
 396              		.ident	"GCC: (GNU Tools for Arm Embedded Processors 7-2017-q4-major) 7.2.1 20170904 (release) [ARM
ARM GAS  C:\Users\mvshv\AppData\Local\Temp\cc8rDnOj.s 			page 30


DEFINED SYMBOLS
                            *ABS*:00000000 hal_pal.c
                            *COM*:00000001 __gnu_lto_v1
                            *COM*:00000001 __gnu_lto_slim

NO UNDEFINED SYMBOLS
