ARM GAS  C:\Users\mvshv\AppData\Local\Temp\ccgA7Ars.s 			page 1


   1              		.cpu cortex-m4
   2              		.eabi_attribute 20, 1
   3              		.eabi_attribute 21, 1
   4              		.eabi_attribute 23, 3
   5              		.eabi_attribute 24, 1
   6              		.eabi_attribute 25, 1
   7              		.eabi_attribute 26, 1
   8              		.eabi_attribute 30, 2
   9              		.eabi_attribute 34, 1
  10              		.eabi_attribute 18, 4
  11              		.file	"hal_lld.c"
  12              		.section	.gnu.lto_.profile.fb69c29c,"",%progbits
  13 0000 789C6363 		.ascii	"x\234cc```\001bF\206\222x\000\001\277\000\337"
  13      60606001 
  13      62468692 
  13      780001BF 
  13      00DF
  14              		.text
  15              		.section	.gnu.lto_.icf.fb69c29c,"",%progbits
  16 0000 789C6363 		.ascii	"x\234cc``\220d@\000\026\206\333O\357\\\347g\234\264"
  16      60609064 
  16      40001686 
  16      DB4FEF5C 
  16      E7679CB4 
  17 0014 7CC55B46 		.ascii	"|\305[F\246\373\263o\366s0\267-\235Y\314\000\000\237"
  17      A6FBB36F 
  17      F67330B7 
  17      2D9D59CC 
  17      00009F
  18 0027 800B9C   		.ascii	"\200\013\234"
  19              		.text
  20              		.section	.gnu.lto_.jmpfuncs.fb69c29c,"",%progbits
  21 0000 789C6363 		.ascii	"x\234cc``\340e@\000f f\0041\230\200\030\000\002H\000"
  21      6060E065 
  21      40006620 
  21      66043198 
  21      80180002 
  22 0016 1A       		.ascii	"\032"
  23              		.text
  24              		.section	.gnu.lto_.inline.fb69c29c,"",%progbits
  25 0000 789C6363 		.ascii	"x\234cc``\360d@\000f\006\0061!F\006&\265\011\237\031"
  25      6060F064 
  25      40006606 
  25      06312146 
  25      0626B509 
  26 0016 19D816C8 		.ascii	"\031\330\026\3103\201\004\031\031$4Ab\037V0!\304\270"
  26      33810419 
  26      19243441 
  26      621F5630 
  26      21C4B8
  27 0029 60041383 		.ascii	"`\004\023\203\371>F\240t\306\202\237bpi\006\000lu\011"
  27      F93E46A0 
  27      74C6829F 
  27      62706906 
  27      006C7509 
  28 003d AA       		.ascii	"\252"
  29              		.text
ARM GAS  C:\Users\mvshv\AppData\Local\Temp\ccgA7Ars.s 			page 2


  30              		.section	.gnu.lto_.pureconst.fb69c29c,"",%progbits
  31 0000 789C6363 		.ascii	"x\234cc```\007bf\006)F)&)\000\001\275\000b"
  31      60606007 
  31      62660629 
  31      46292629 
  31      0001BD00 
  32              		.text
  33              		.section	.gnu.lto_hal_lld_backup_domain_init.fb69c29c,"",%progbits
  34 0000 789C9D52 		.ascii	"x\234\235RKL\024A\020\255\232\356\231\375DN^\224p0\361"
  34      4B4C1441 
  34      10AD9AEE 
  34      99FD444E 
  34      5E947030 
  35 0015 04072671 		.ascii	"\004\007&q\305\243Gn\234\364j\214\237\203\007\022\214"
  35      C5A3476E 
  35      9CF46A8C 
  35      9F830712 
  35      8C
  36 0026 78E06042 		.ascii	"x\340`B\257\374\375$\306\310'\272\3211\221(D\331\020"
  36      AFFCFD24 
  36      C6C827BA 
  36      D1319128 
  36      44D910
  37 0039 F0038A2C 		.ascii	"\360\003\212,\213\237\365\003(r\002\017F\320\240\250"
  37      8B9FF503 
  37      2872020F 
  37      46D0A0A8 
  38 0049 17D70889 		.ascii	"\027\327\010\211\200U\335\003\263r\021\350\314\324\364"
  38      8055DD03 
  38      B37211E8 
  38      CCD4F4
  39 0058 5457DE7B 		.ascii	"TW\336{\365\272\034\000\330n\003\224\320\267\214^\014"
  39      F5BA1C00 
  39      D86E0394 
  39      D0B78C5E 
  39      0C
  40 0069 015A1746 		.ascii	"\001Z\027F\001\342a\313\022\231\030\250\250\314\344"
  40      01E261CB 
  40      129918A8 
  40      A8CCE4
  41 0078 83DA2250 		.ascii	"\203\332\"P\232\264\264\354\266\"J;\363;)m\243c\322"
  41      9AB4B4EC 
  41      B6224A3B 
  41      F33B296D 
  41      A363D2
  42 008b 0E226F54 		.ascii	"\016\"oT\030\241\332\022\322v\260\032\317\211K\002\323"
  42      18A1DA12 
  42      D276B01A 
  42      CF894B02 
  42      D3
  43 009c 0D9FFBAC 		.ascii	"\015\237\373\254\302\233\212V\252\365}I\\\325mK\010"
  43      C29B8A56 
  43      AAF57D49 
  43      5CD56D4B 
  43      08
  44 00ad 80167A79 		.ascii	"\200\026zya\017\026\002\225}\354^j\316s\244\311c/:\200"
  44      610F1602 
ARM GAS  C:\Users\mvshv\AppData\Local\Temp\ccgA7Ars.s 			page 3


  44      957DEC5E 
  44      6ACE73A4 
  44      C9632F3A 
  45 00c2 B4498EDB 		.ascii	"\264I\216\333)\265\264\334\240R\331v\374U\272\025!!"
  45      29B5B4DC 
  45      A052D976 
  45      FC55BA15 
  45      2121
  46 00d4 D0E22038 		.ascii	"\320\342 8H\0166\007\207C\210C\230C\204C\224\003@#!"
  46      480E3607 
  46      87438843 
  46      98438443 
  46      94034023 
  47 00e9 92349582 		.ascii	"\2224\225\202&a\361\256&\005_1\335\377ea\017\363\\\026"
  47      2661F1AE 
  47      26055F31 
  47      DDFF6561 
  47      0FF35C16 
  48 00fd 48F42D75 		.ascii	"H\364-u\351\261\320Y\221\020\026\262\232\353\213\265"
  48      E9B1D059 
  48      911016B2 
  48      9AEB8BB5 
  49 010d 5D11F3AB 		.ascii	"]\021\363\253>\304\225\244\324\255\241~\025\361\360"
  49      3EC495A4 
  49      D4ADA17E 
  49      15F1F0
  50 011c 6A9C1AD9 		.ascii	"j\234\032\331\221\020\002\357a\001\336\305\002\340\372"
  50      911002EF 
  50      6101DEC5 
  50      02E0FA
  51 012b 81D6DE06 		.ascii	"\201\326\336\006t\357\250ZL\010\211\367\321\303f\335"
  51      74EFA85A 
  51      4C0889F7 
  51      D1C366DD 
  52 013b 1F3E4097 		.ascii	"\037>@\227\310j\346\353\321pY\206\256kv0\021e|Dea\037"
  52      C86AE6EB 
  52      D1705986 
  52      AE6B7630 
  52      11657C44 
  53 0152 A190A289 		.ascii	"\241\220\242\2113\272hc\\\375\001\327Ct\211@\367\326"
  53      33BA6863 
  53      5CFD01D7 
  53      43748940 
  53      F7D6
  54 0164 71CAD089 		.ascii	"q\312\320\211\334\326l\335\332Trd.l~\225\327\250[\273"
  54      DCD66CDD 
  54      DA547264 
  54      2E6C7E95 
  54      D7A85BBB 
  55 0178 91ECBE82 		.ascii	"\221\354\276\202\001\235\203\003D\367\310\247\273\330"
  55      019D8303 
  55      44F7C8A7 
  55      BBD8
  56 0186 337180D9 		.ascii	"3q\200\331\342|$\361\261\346\343\273\301A\323\333\237"
  56      E27C24F1 
  56      B1E6E3BB 
  56      C141D3DB 
ARM GAS  C:\Users\mvshv\AppData\Local\Temp\ccgA7Ars.s 			page 4


  56      9F
  57 0197 FA0EDBB0 		.ascii	"\372\016\333\260IC8\323>\343E\374\346\034L\021\316'"
  57      494338D3 
  57      3EE345FC 
  57      E61C4C11 
  57      CE27
  58 01a9 AC9D1ADE 		.ascii	"\254\235\032\336\355\027QE\353\367\205|\277@\342\020"
  58      ED175145 
  58      EBF7857C 
  58      BF40E210 
  59 01b9 13D16A12 		.ascii	"\023\321j\022\00221s9\331\331\245\275\276\027\271\342"
  59      02323173 
  59      39D9D9A5 
  59      BDBE17B9 
  59      E2
  60 01ca BCC3F01F 		.ascii	"\274\303\360\037y\351@\3360\272t\336\371\373\332O\311"
  60      79E940DE 
  60      30BA74DE 
  60      F9FBDA4F 
  60      C9
  61 01db 5C121591 		.ascii	"\\\022\025\221=1Vgg\2277\207\3774\300\177\246\361W\335"
  61      3D315667 
  61      67973787 
  61      FF34C07F 
  61      A6F157DD 
  62 01ef 9508F85C 		.ascii	"\225\010\370\\\267\322$d\356\230uN;\246s{\203Vg\002"
  62      B7D22464 
  62      EE98754E 
  62      3BA6737B 
  62      83566702 
  63 0203 AE176BAD 		.ascii	"\256\027k\255\366\341\026\275\311E\333w\222\006\351"
  63      F6E116BD 
  63      C945DB77 
  63      9206E9
  64 0212 A5F17A72 		.ascii	"\245\361zr\305k\356/\371\255o!\317\224\000\276Z\365"
  64      C56BEE2F 
  64      F9AD6F21 
  64      CF9400BE 
  64      5AF5
  65 0224 DA86B6A2 		.ascii	"\332\206\266\242\025\205\267\247C\246>\264^\205z\364"
  65      1585B7A7 
  65      43A63EB4 
  65      5E857AF4 
  66 0234 5E07FA46 		.ascii	"^\007\372F\326\214y\230\260\364\305\3763\326\353\207"
  66      D68C7998 
  66      B0F4C5FE 
  66      33D6EB87 
  67 0244 1E0DA0C7 		.ascii	"\036\015\240\307x\252\303f\252\223\302\300G6\004\366"
  67      78AAC366 
  67      AA93C2C0 
  67      473604F6 
  68 0254 26007BBB 		.ascii	"&\000{\273Fg\224\260\264k\233\3249\036@\277c\235Q\355"
  68      466794B0 
  68      B46B9BD4 
  68      391E40BF 
  68      639D51ED 
  69 0268 ADE35FFF 		.ascii	"\255\343_\377\017<\355\315\235\327\250\332\365F\252"
ARM GAS  C:\Users\mvshv\AppData\Local\Temp\ccgA7Ars.s 			page 5


  69      0F3CEDCD 
  69      9DD7A8DA 
  69      F546AA
  70 0277 A4130B20 		.ascii	"\244\023\013 V\\\354\256>\025\225\356\261C\345\356\361"
  70      565CECAE 
  70      3E1595EE 
  70      B143E5EE 
  70      F1
  71 0288 8A13272B 		.ascii	"\212\023'+\335}\373\313b\273L,\215UU\361\311\301\362"
  71      DD7DFBCB 
  71      62BB4C2C 
  71      8D5555F1 
  71      C9C1F2
  72 029b F2A3C547 		.ascii	"\362\243\305G\340/o\353\252\350"
  72      E02F6FEB 
  72      AAE8
  73              		.text
  74              		.section	.gnu.lto_hal_lld_init.fb69c29c,"",%progbits
  75 0000 789CA555 		.ascii	"x\234\245U\333K\024Q\030?\27793;CX\373X\220\017\276"
  75      DB4B1451 
  75      183FBF39 
  75      333B4358 
  75      FB58900F 
  76 0015 FAB20349 		.ascii	"\372\262\003I\377B\017AO\005=E\204=\364 \030\331\203"
  76      FF420F41 
  76      4F053D45 
  76      843DF420 
  76      18D983
  77 0028 6F3BE6BA 		.ascii	"o;\346\272\273]\240\010]A\227X\273\"R\233i\345\256]"
  77      BB5DA008 
  77      5D419758 
  77      BB22529B 
  77      69E5AE5D 
  78 003c B6CDD4CC 		.ascii	"\266\315\324\314K\331\226\325\246BAdJ\020\005\331E\267"
  78      4BD996D5 
  78      A6424164 
  78      4A1005D9 
  78      45B7
  79 004e F39DB339 		.ascii	"\363\235\2639\262\320\303l\303\3147gf>~\227\357;\347"
  79      B2D0C36C 
  79      C3CC3767 
  79      663E7E97 
  79      EF3BE7
  80 0061 8C8F31B6 		.ascii	"\214\2171\266\327\307\330vq\337*.p\006\355\314$cM\226"
  80      D7C7D876 
  80      71DF2A2E 
  80      7006EDCC 
  80      24634D96 
  81 0075 06D0C0B1 		.ascii	"\006\320\300\261\300\202\032\2028\305[9\262\221\017"
  81      C0821A82 
  81      38C55B39 
  81      B2910F
  82 0084 29ADFA8A 		.ascii	")\255\372\212#\216L\373\0153\354\264l\211s\306b\342"
  82      238E4CFB 
  82      0D33ECB4 
  82      6C8973C6 
  82      62E2
ARM GAS  C:\Users\mvshv\AppData\Local\Temp\ccgA7Ars.s 			page 6


  83 0096 A2037DA8 		.ascii	"\242\003}\250f\"\355]\357j\333F\237\256\336\243\037"
  83      6622ED5D 
  83      EF6ADB46 
  83      9FAEDEA3 
  83      1F
  84 00a7 3E063148 		.ascii	">\0061HN\033\031g\265\020q2\343\0270\270s3X\234C\243"
  84      4E1B1967 
  84      B5107132 
  84      E31730B8 
  84      7333589C 
  85 00bd C029E814 		.ascii	"\300)\350\024\014\012>\012&\005\213B\005\005?\005\306"
  85      0C0A3E0A 
  85      26058B42 
  85      05053F05 
  85      C6
  86 00ce A20251C8 		.ascii	"\242\002Q\310r2\3548\327h\324\234a\237\220M/\314\325"
  86      7232EC38 
  86      D768D49C 
  86      619F904D 
  86      2FCCD5
  87 00e1 124F0787 		.ascii	"\022O\007\207\240\217\265d\247\314\223<\3165\220\232"
  87      A08FB564 
  87      A7CC933C 
  87      CE35909A 
  88 00f1 7C7262D1 		.ascii	"|rb\321R\217N\"\352\350\342\325\305do'\0228\327$\214"
  88      528F4E22 
  88      EAE8E2D5 
  88      C5646F27 
  88      1238D724 
  89 0106 54C539C7 		.ascii	"T\3059\307-T\342&*\031\345\237\355\313\355\263\257:"
  89      2D54E226 
  89      2A19E59F 
  89      EDCBEDB3 
  89      AF3A
  90 0118 21C4B98E 		.ascii	"!\304\271\216\333\"\255M\332\303\000l\301\325\274\034"
  90      DB22AD4D 
  90      DAC3006C 
  90      C1D5BC1C 
  91 0128 86A2D214 		.ascii	"\206\242\322\024[\327\345\371\220d\003\012\205\310o"
  91      5BD7E5F9 
  91      9064030A 
  91      85C86F
  92 0137 3F520247 		.ascii	"?R\002Gh\312\235\220y\236\330\322.\333 lAA@\337,/8M"
  92      68CA9D90 
  92      799ED8D2 
  92      2EDB206C 
  92      414140DF 
  93 014f F449C71D 		.ascii	"\364I\307\035\027\351.\354\365E\321\301pOILw\317s\345"
  93      17E92EEC 
  93      F545D1C1 
  93      704F494C 
  93      77CF73E5 
  94 0163 A5C293CC 		.ascii	"\245\302\223\314\373\022\234z\212\214,\212G\215\022"
  94      FB129C7A 
  94      8A8C2C8A 
  94      478D12
  95 0172 E4810B92 		.ascii	"\344\201\013\222\225\012gG\273{\370\337B\026\012~<T"
ARM GAS  C:\Users\mvshv\AppData\Local\Temp\ccgA7Ars.s 			page 7


  95      950A6747 
  95      BB7BF8DF 
  95      42160A7E 
  95      3C54
  96 0184 2ACBF23F 		.ascii	"*\313\362?\344\242?\202\355\032\376X4\354\367\244uX"
  96      E4A23F82 
  96      ED1AFE58 
  96      34ECF7A4 
  96      7558
  97 0196 A2698436 		.ascii	"\242i\2046R\266\341Q\027\344\261\220\364?\356\306\\"
  97      52B6E151 
  97      17E4B190 
  97      F43FEEC6 
  97      5C
  98 01a7 A827EBDD 		.ascii	"\250'\353\335-\026\335qO\302\306%\232\\\253\023%s\\"
  98      2D16DD71 
  98      4FC2C625 
  98      9A5CAB13 
  98      25735C
  99 01ba 5758C3E9 		.ascii	"WX\303\351\237_+Tkh\355\003\223\345\317\361)\227\355"
  99      9F5F2B54 
  99      6B68ED03 
  99      93E5CFF1 
  99      2997ED
 100 01cd 29CD719D 		.ascii	")\315q\235-\2419\221\362\313}B$\247RKy3\270\342Xqn\304"
 100      2DA13991 
 100      F2CB7D42 
 100      24A7524B 
 100      7933B8E2 
 101 01e5 A8837886 		.ascii	"\250\203x\206\240X\375>\231\367\343\037y\242\026\230"
 101      A058FD3E 
 101      99F7E31F 
 101      79A21698 
 102 01f5 2EE6C952 		.ascii	".\346\311R\2346\224\003\303\223\270\347R\234N\342r%"
 102      9C369403 
 102      C393B8E7 
 102      529C4EE2 
 102      7225
 103 0207 A52862F5 		.ascii	"\245(b\365\017\215\204-U\012\340E\371ex\3512\315P\031"
 103      0F8D842D 
 103      550AE045 
 103      F96578E9 
 103      32CD5019 
 104 021b 94EC85CE 		.ascii	"\224\354\205\316K\033\024\235\271~\315\232r#;\337\365"
 104      4B1B149D 
 104      B97ECD9A 
 104      72233BDF 
 104      F5
 105 022c 6BC6508F 		.ascii	"k\306P\217\216\023\222\033\331\365\236k+\334\345\263"
 105      8E13921B 
 105      D9F59E6B 
 105      2BDCE5B3 
 106 023c F05AF0BD 		.ascii	"\360Z\360\275*\362-\217\015\014jk\204o$\241A\204\371"
 106      2AF22D8F 
 106      0D0C6A6B 
 106      846F24A1 
 106      4184F9
ARM GAS  C:\Users\mvshv\AppData\Local\Temp\ccgA7Ars.s 			page 8


 107 024f 126B96A2 		.ascii	"\022k\226\242\3732\321\361~\223\262V\205\267\245\326"
 107      FB32D1F1 
 107      7E93B256 
 107      85B7A5D6 
 108 025f 3C50CDBA 		.ascii	"<P\315\272Ts\344\315b\237q,\361\275UB\311?ET4V\354\336"
 108      5473E4CD 
 108      629F712C 
 108      F1BD5542 
 108      C93F4554 
 109 0277 A26B3581 		.ascii	"\242k5\201\200\275v\3267\330\207\016\324\331\207\353"
 109      80BD76D6 
 109      37D8870E 
 109      D4D987EB 
 110 0287 8F1C6DB0 		.ascii	"\217\034m\260w\357\331U\263M\305\0355\215\215\364e\177"
 110      77EFD955 
 110      B34DC51D 
 110      358D8DF4 
 110      657F
 111 0299 5DDDC140 		.ascii	"]\335\301@-\373\003%\341\005;"
 111      2DFB0325 
 111      E1053B
 112              		.text
 113              		.section	.gnu.lto_stm32_clock_init.fb69c29c,"",%progbits
 114 0000 789CA556 		.ascii	"x\234\245VKS\034U\024\276\247\273g\246\347\375\204\020"
 114      4B531C55 
 114      14BEA7BB 
 114      67A6E7FD 
 114      8410
 115 0012 C8C22A57 		.ascii	"\310\302*Wq\301XR\376\0006\356t\243[\313\362\261pAU"
 115      71C15852 
 115      FE0036EE 
 115      74A35BCB 
 115      F2B17041 
 116 0027 2C6359D9 		.ascii	",cY\331\245\2230$\204,,+\240\022D\252\242\025\027R\230"
 116      A5933024 
 116      842C2C2B 
 116      A01244AA 
 116      A2151752 
 117 003c 0A3E8010 		.ascii	"\012>\200\020G\310H\200\020\222\210\012\201\004E'\201"
 117      47C84880 
 117      1092880A 
 117      81044527 
 117      81
 118 004d 80892693 		.ascii	"\200\211&\223\360\014\343=\367\334\236\356\352,\264"
 118      F00CE33D 
 118      F7DC9EEE 
 118      EA2CB4
 119 005c C729EA9B 		.ascii	"\307)\352\233;\367t}\347\234\357|\267\271^\306X[\210"
 119      3BF7747D 
 119      E79CEF7C 
 119      B7B95EC6 
 119      585B88
 120 006f B167F9F7 		.ascii	"\261g\371\367\223\300\030T0P\336\273\304\330\001]\001"
 120      93C01854 
 120      3050DEBB 
 120      C4D8015D 
 120      01
ARM GAS  C:\Users\mvshv\AppData\Local\Temp\ccgA7Ars.s 			page 9


 121 0080 9516AA92 		.ascii	"\225\026\252\222\352\035b\314\010hsAf\204R\264_\257"
 121      EA1D62CC 
 121      08687341 
 121      668452B4 
 121      5FAF
 122 0092 8187E21E 		.ascii	"\201\207\342\036%Iq\257\210'i\277\336\013>\212\373\224"
 122      254971AF 
 122      882769BF 
 122      DE0B3E8A 
 122      FB94
 123 00a4 04C57511 		.ascii	"\004\305u\021O\320~\275\016~\212\373\2258\305\003\""
 123      4FD07EBD 
 123      0E7E8AFB 
 123      9538C503 
 123      22
 124 00b5 1EA7FDFA 		.ascii	"\036\247\375\372\000\004)\036Tb\024\017\211x\214\366"
 124      0004291E 
 124      5462140F 
 124      89788CF6 
 125 00c5 EB4310A6 		.ascii	"\353C\020\246xX\211R<\"\342Q\332\257\217\000\340\267"
 125      78588952 
 125      3C22E251 
 125      DAAF8F00 
 125      E0B7
 126 00d7 A103DBAF 		.ascii	"\241\003\333\257\250)\315\223\364\372\022\272?\036\010"
 126      A829CD93 
 126      F4FA12BA 
 126      3F1E08
 127 00e6 C642E168 		.ascii	"\306B\341h\004\366\373T&?\036s\3413\027~s\0214\027a"
 127      04F6FB54 
 127      263F1E73 
 127      E133177E 
 127      73113417 
 128 00fb 73714C3D 		.ascii	"sqL=\256\302\320\341\233}\312\356S\006\377d?\230\013"
 128      AEC2D0E1 
 128      9B7DCAEE 
 128      5306FF64 
 128      3F980B
 129 010e 341999AA 		.ascii	"4\031\231\252\016N\327&)\341\014\354f\374\261\205\323"
 129      0E4ED726 
 129      29E10CEC 
 129      66FCB185 
 129      D3
 130 011f DBAD61AF 		.ascii	"\333\255a\257F\373\320\013^\3065f=W=Yc\273x\330\310"
 130      46FBD00B 
 130      5EC63566 
 130      3D573D59 
 130      63BB78D8 
 131 0134 AE9C84CD 		.ascii	"\256\234\204\315\027\236\002\326\241\202\202\240\"h"
 131      179E02D6 
 131      A18282A0 
 131      2268
 132 0142 081E042F 		.ascii	"\010\036\004/\202\017AG\360#\004\020\202\010!\2040B"
 132      820F4147 
 132      F0230410 
 132      82082184 
 132      3042
ARM GAS  C:\Users\mvshv\AppData\Local\Temp\ccgA7Ars.s 			page 10


 133 0154 04218A10 		.ascii	"\004!\212\020C\210#$\020\222\010)\204\012\204J\204\035"
 133      43882324 
 133      10920829 
 133      840A844A 
 133      841D
 134 0166 0855083B 		.ascii	"\010U\010;\021\252\021j\020\030;\302\313\234\013\032"
 134      11AA116A 
 134      10183BC2 
 134      CB9C0B1A 
 135 0176 59D6AC2A 		.ascii	"Y\326\254*|q(\313n\303P\377\322@\336\213\265\267\253"
 135      7C7128CB 
 135      6EC350FF 
 135      D240DE8B 
 135      B5B7AB
 136 0189 C05B6ACB 		.ascii	"\300[j\313\014M\372Z\324\016U\001\354p\266gbY\247\237"
 136      0C4DFA5A 
 136      D40E5501 
 136      EC70B667 
 136      6259A79F 
 137 019d 46D71143 		.ascii	"F\327\021C\343[\237\366\234>\001]\320y\200\213\363D"
 137      E35B9FF6 
 137      9C3E015D 
 137      D079808B 
 137      F344
 138 01af 87AAC2D7 		.ascii	"\207\252\302\327\260\013\276\202]\014\237\177\377\314"
 138      B00BBE82 
 138      5D0C9F7F 
 138      FFCC
 139 01bd D4CBE96E 		.ascii	"\324\313\351n\243\021:T\015\276\341\217\265\012\311"
 139      A3113A54 
 139      0DBEE18F 
 139      B50AC9
 140 01cc E05B48F3 		.ascii	"\340[H\363d\207\326\232\200R)\224\255\367\374H\223\240"
 140      6487D69A 
 140      80522994 
 140      ADF7FC48 
 140      93A0
 141 01de 07FEE9E3 		.ascii	"\007\376\351\343\034\274\240\251\243\342\031W\231\372"
 141      1CBCA0A9 
 141      A3E21957 
 141      99FA
 142 01ec AD4C0390 		.ascii	"\255L\003\220\346\364|\325\254\252\214;\304\354\362"
 142      E6F47CD5 
 142      ACAA8C3B 
 142      C4ECF2
 143 01fb 6CDE47A9 		.ascii	"l\336G\251\325\377\312|\000C\032\234\265\270\007\251"
 143      D5FFCA7C 
 143      00431A9C 
 143      B5B807A9 
 144 020b 8BADA651 		.ascii	"\213\255\246Q\017qiD\227+\256f\243\324\206\002\3478"
 144      0F716944 
 144      972BAE66 
 144      A3D48602 
 144      E738
 145 021d 4D1E1AAF 		.ascii	"M\036\032\257\015_\224\275\242h=+}\353az\202\301w\230"
 145      0D5F94BD 
 145      A2683D2B 
ARM GAS  C:\Users\mvshv\AppData\Local\Temp\ccgA7Ars.s 			page 11


 145      7DEB617A 
 145      82C17798 
 146 0231 88E13C52 		.ascii	"\210\341<R\214[\033\232U\3156\216\261\317d\241\036W"
 146      8C5B1B9A 
 146      55CD368E 
 146      B1CF64A1 
 146      1E57
 147 0243 12644599 		.ascii	"\022dE\231\350?\370\336,S\026 \271\316=\314\274K%l\025"
 147      E83FF8DE 
 147      2C531620 
 147      B9CE3DCC 
 147      BC4B256C 
 148 0258 8BC5280C 		.ascii	"\213\305(\014\225\257\367\260\225\354<\352\355\025z"
 148      95AFF7B0 
 148      95EC3CEA 
 148      ED157A
 149 0267 7BEC7A8F 		.ascii	"{\354z\217\347d\033>\227z\347,\356\037\314Ff\244\336"
 149      E7641B3E 
 149      977AE72C 
 149      EE1FCC46 
 149      66A4DE
 150 027a 3AD16D2E 		.ascii	":\321m.\036\237\001j%\004#\244\367lIo\335&pR\012\354"
 150      1E9F016A 
 150      250423A4 
 150      F76C496F 
 150      DD267052 
 151 0290 B5093C69 		.ascii	"\265\011<i\372\335\357\252\347\013\226\017F\035\002"
 151      FADDEFAA 
 151      E70B960F 
 151      461D02
 152 029f 0788AB67 		.ascii	"\007\210\253g43\"\313Z\007\030+_\336q+\325E\2247\200"
 152      343322CB 
 152      5A07182B 
 152      5FDE712B 
 152      D5459437 
 153 02b4 4485C569 		.ascii	"D\205\305ir\206\203\252\253\372_\004\235\260\004\275"
 153      728683AA 
 153      ABFA5F04 
 153      9DB004BD 
 154 02c4 0469FB19 		.ascii	"\004i\373\031\327\270\031'\251\314\376\245\033\246,"
 154      D7B81927 
 154      A9CCFEA5 
 154      1BA62C
 155 02d3 4157B55E 		.ascii	"AW\265^\266j\275\3428\344!\342\2727?\1770B\262\030F"
 155      B66ABDE2 
 155      38E421E2 
 155      BA373F7F 
 155      3042B218 
 156 02e8 0AAE96AF 		.ascii	"\012\256\226\257\313\217V\256)\324%$l\347\263\333n\331"
 156      CB8F56AE 
 156      29D42524 
 156      6CE7B3DB 
 156      6ED9
 157 02fa 3CE66197 		.ascii	"<\346a\227\266\373\311\342\376\331y\314#D7\334\331\331"
 157      B6FBC9E2 
 157      FED979CC 
 157      234437DC 
ARM GAS  C:\Users\mvshv\AppData\Local\Temp\ccgA7Ars.s 			page 12


 157      D9D9
 158 030c A8988DE8 		.ascii	"\250\230\215\350\360\213\363\240Gl\306KH\343\3516\343"
 158      F08BF3A0 
 158      476CC64B 
 158      48E3E936 
 158      E3
 159 031d AD67646D 		.ascii	"\255gdmQW]O\213\312\360\225\0063\016\205c\234\353\377"
 159      51575D4F 
 159      8BCAF095 
 159      06330E85 
 159      639CEBFF 
 160 0331 BC37AF59 		.ascii	"\2747\257Y\324\263(hL\010\352\267\013\272a\236\343\270"
 160      D4B32868 
 160      4C08EAB7 
 160      0BBA619E 
 160      E3B8
 161 0343 4B41E72C 		.ascii	"KA\347,\356\353NA\023\234\356\361\027e\302\246_\\\352"
 161      EEEB4E41 
 161      139CEEF1 
 161      1765C2A6 
 161      5F5CEA
 162 0356 1728E957 		.ascii	"\027(\351WX,\346\312\362\377\015\313\377\363\302\377"
 162      582CE6CA 
 162      F2FF0DCB 
 162      FFF3C2FF 
 163 0366 0F1AD7EE 		.ascii	"\017\032\327\356G\310\377\306\205\002\203_I\300\302"
 163      47C8FFC6 
 163      8502835F 
 163      49C0C2
 164 0375 E2D191B2 		.ascii	"\342\321\221\262\022\374&\022\210;\300\202H\260\360"
 164      12FC2612 
 164      883BC082 
 164      48B0F0
 165 0384 61662D20 		.ascii	"af- \023\360.~7\371[\312\343\377C\360k\310\237\027\374"
 165      13F02E7E 
 165      37F95BCA 
 165      E3FF43F0 
 165      6BC89F17 
 166 0399 27BFFCBC 		.ascii	"'\277\374\274I%\376\247\341\246y\200?:%'\225t\345\201"
 166      4925FEA7 
 166      E1A67980 
 166      3F3A2527 
 166      9574E581 
 167 03ad 5B96F117 		.ascii	"[\226\361\027\035\366J\021\327\225\374\306\244\337\364"
 167      1DF64A11 
 167      D795FCC6 
 167      A4DFF4
 168 03bc 3D37FE52 		.ascii	"=7\376R\371\206\273m%[F\303\245\204\341\202v\303\265"
 168      F986BB6D 
 168      255B46C3 
 168      A584E182 
 168      76C3B5
 169 03cf DF926D54 		.ascii	"\337\222mT\2704\334\212\305\375\247\323p\225D7^<v\327"
 169      B834DC8A 
 169      C5FDA7D3 
 169      70954437 
 169      5E3C76D7 
ARM GAS  C:\Users\mvshv\AppData\Local\Temp\ccgA7Ars.s 			page 13


 170 03e3 53EA2406 		.ascii	"S\352$\006w\234\026\254\264Y0&-\030\262Y\360\223\322"
 170      779C16AC 
 170      B4593026 
 170      2D18B259 
 170      F093D2
 171 03f6 044B2F51 		.ascii	"\004K/Q\217\270(m\344s-:\3754\262tQZ>\321}\335o\316"
 171      8FB8286D 
 171      E4732D3A 
 171      FD34B274 
 171      515A3ED1 
 172 040e F8357E05 		.ascii	"\3705~\005\363\302_\274\372\273\262\372\276G\271\301"
 172      F3C25FBC 
 172      FABBB2FA 
 172      BE47B9C1 
 173 041e A8ADFCBF 		.ascii	"\250\255\374\277E\371xW\205{b\312\255\023\203\323r\312"
 173      45F97857 
 173      857B62CA 
 173      AD1383D3 
 173      72CA
 174 0430 09B86F4E 		.ascii	"\011\270oN\371\013s\312;\\\011_\260\016\301\003\307"
 174      F90B73CA 
 174      3B5C095F 
 174      B00EC103 
 174      C7
 175 0441 94AB3897 		.ascii	"\224\2538\2278\214e\316\364\241E\275\2123\255\0223\015"
 175      388C65CE 
 175      F4A145BD 
 175      8A33AD12 
 175      330D
 176 0453 DB67DA3D 		.ascii	"\333g\332=\"\213\336\351r\246k\026\367\272\3632P\315"
 176      228BDEE9 
 176      72A66B16 
 176      F7BAF332 
 176      50CD
 177 0465 E91EFFEF 		.ascii	"\351\036\377\357_\315I\332\007\012cr\314:l\224\006\032"
 177      5FCD49DA 
 177      070A6372 
 177      CC3A6C94 
 177      061A
 178 0477 95038DD8 		.ascii	"\225\003\215\330/\277fe5\256z\336\264\216\344\226\250"
 178      2FBF6665 
 178      35AE7ADE 
 178      B48EE496 
 178      A8
 179 0488 AB2CE51E 		.ascii	"\253,\345\036Y,\333\250\\\015\273\003\007\273V?\026"
 179      592CDBA8 
 179      5C0DBB03 
 179      07BB563F 
 179      16
 180 0499 4CB268E0 		.ascii	"L\262h\340\305\362\227h]mm\272\364\267go\372\315W\033"
 180      C5F29768 
 180      5D6D6DBA 
 180      F4B7676F 
 180      FACD571B 
 181 04ad D26FED79 		.ascii	"\322o\355y\373\235\275\351\027_z\276\356\031\302\347"
 181      FB9DBDE9 
 181      175F7ABE 
ARM GAS  C:\Users\mvshv\AppData\Local\Temp\ccgA7Ars.s 			page 14


 181      EE19C2E7 
 182 04bd EAF6EDC3 		.ascii	"\352\366\355\303\310+\015\015o\324\276\316\376\001\244"
 182      C82B0D0D 
 182      6FD4BECE 
 182      FE01A4
 183 04cc A41E93   		.ascii	"\244\036\223"
 184              		.text
 185              		.section	.gnu.lto_.symbol_nodes.fb69c29c,"",%progbits
 186 0000 789C6363 		.ascii	"x\234cc``H\001b\006\246]L\365\014\014\023\31610\000"
 186      60604801 
 186      6206A65D 
 186      4CF50C0C 
 186      13CE3130 
 187 0015 A99D0D07 		.ascii	"\251\235\015\007\033\330\200b\273\231\352\031ab\273"
 187      1BD88062 
 187      BB99EA19 
 187      6162BB
 188 0024 1A1C8122 		.ascii	"\032\034\201\"{\230\352\231PDXw214*\001\015`\334\313"
 188      7B98EA99 
 188      50445877 
 188      3231342A 
 188      010D60DC 
 189 0039 54CF0C96 		.ascii	"T\317\014\226b`hhp```fd`8\324\376F\236\231\221\205\341"
 189      62606868 
 189      70606060 
 189      66646038 
 189      D4FE469E 
 190 0051 09906600 		.ascii	"\011\220f\000\000\"}\031N"
 190      00227D19 
 190      4E
 191              		.text
 192              		.section	.gnu.lto_.refs.fb69c29c,"",%progbits
 193 0000 789C6363 		.ascii	"x\234cc```\004b\006\000\000D\000\010"
 193      60606004 
 193      62060000 
 193      440008
 194              		.text
 195              		.section	.gnu.lto_.decls.fb69c29c,"",%progbits
 196 0000 789CAD57 		.ascii	"x\234\255W{PT\327\031\277\347\236e\201]\004\007\322"
 196      7B5054D7 
 196      19BFE79E 
 196      65815D04 
 196      07D2
 197 0012 8ED3B133 		.ascii	"\216\323\2613\214%#\355\214 `'\235N\246\243\256\030"
 197      8C2523ED 
 197      8C206027 
 197      9D4EA6A3 
 197      AE18
 198 0024 9DB689B3 		.ascii	"\235\266\211\263\330\246N\231\331 \254u\023`\215\273"
 198      D8A64E99 
 198      D920AC75 
 198      13608DBB 
 199 0034 4C75FA47 		.ascii	"Lu\372G/\202F\360\001(>@QD\024\021$$\001\015,\312\012"
 199      2F8246F0 
 199      01283E40 
 199      51441411 
 199      2424010D 
ARM GAS  C:\Users\mvshv\AppData\Local\Temp\ccgA7Ars.s 			page 15


 200 004b 8884F858 		.ascii	"\210\204\370X1\032Q@\300'>PQyH\312\366;\347\334\335"
 200      311A5140 
 200      C0273E50 
 200      517948CA 
 200      F63BE7DC 
 201 0060 3DBB6C4C 		.ascii	"=\273lL\332\311\035\276{\356w\316\357\374\276\307\371"
 201      DAC91DBE 
 201      7BEE77CE 
 201      EFFCBEC7 
 201      F9
 202 0071 CE398B52 		.ascii	"\3169\213R\020\204\332\251\202\320*\012\302\\$\010v"
 202      1084DAA9 
 202      82D02A0A 
 202      C25C2408 
 202      76
 203 0082 7814D077 		.ascii	"x\024\320wZp=D\267\200\234\004i\224\307\000*\\\020\334"
 203      5A703D44 
 203      B7809C04 
 203      6994C700 
 203      2A5C10DC 
 204 0096 9F7F42A7 		.ascii	"\237\177B\247/\264\037\200\314\004\271\001\322\011b"
 204      2FB41F80 
 204      CC04B901 
 204      D20962
 205 00a5 13D88409 		.ascii	"\023\330\204\011h\300\214\360\015\310\260\314a\021&"
 205      68C08CF0 
 205      0DC8B0CC 
 205      611126
 206 00b4 3FFF8201 		.ascii	"?\377\202\001\177\216\3071\227\360 \370\256\207\366"
 206      7F8EC731 
 206      97F020F8 
 206      AE87F6
 207 00c3 67D08680 		.ascii	"g\320\206\200(\341{\034d\004\344\005\310 \310K\220\000"
 207      28E17B1C 
 207      6404E405 
 207      C820C84B 
 207      9000
 208 00d5 18C3B2CF 		.ascii	"\030\303\262\317\026\217x\034\317\277=\374\345\355D"
 208      168F781C 
 208      CFBF3DFC 
 208      E5ED44
 209 00e4 C0F72C99 		.ascii	"\300\367,\231\3779\310\020\310(\3103\220\247 \277F\314"
 209      FF39C810 
 209      C828C833 
 209      90A720BF 
 209      46CC
 210 00f6 FF462FBC 		.ascii	"\377F/\274\371\030\325\237>\331\250\276\211\272\021"
 210      F918D59F 
 210      3ED9A8BE 
 210      89BA11
 211 0105 C48BA6D2 		.ascii	"\304\213\246\322^\3429yCK\204\352v\307\203X?\364\212"
 211      5EE23979 
 211      434B84EA 
 211      76C78358 
 211      3FF48A
 212 0118 AC91A144 		.ascii	"\254\221\241DqLA\316\036Q\346\020\035\274\364O&@<+\033"
 212      714C41CE 
ARM GAS  C:\Users\mvshv\AppData\Local\Temp\ccgA7Ars.s 			page 16


 212      1E51E610 
 212      1DBCF44F 
 212      26403C2B 
 213 012d 67E61C0F 		.ascii	"g\346\034\017\013\224}p\363X\227\3502\306M\231\344\253"
 213      0B947D70 
 213      F35897E8 
 213      32C64D99 
 213      E4AB
 214 013f E01C763A 		.ascii	"\340\034v:\345\012\022\311I\270\362hsU@/\352\201\321"
 214      E50A12C9 
 214      49B8F268 
 214      7355402F 
 214      EA81D1
 215 0152 658290EB 		.ascii	"e\202\220\353\227\202Ho\321\265\222S\"\026\351\367\343"
 215      9782486F 
 215      D1B59253 
 215      2216E9F7 
 215      E3
 216 0163 86A2276A 		.ascii	"\206\242'j\374K\372}\374\213\234)\021\225\022{\374\216"
 216      FC4BFA7D 
 216      FC8B9C29 
 216      1195127B 
 216      FC8E
 217 0175 60011D47 		.ascii	"`\001\035G\330\221\3173\366\021k\320&\214\202UH\004"
 217      D891CF33 
 217      F6116BD0 
 217      268C8255 
 217      4804
 218 0187 B5E3E9B9 		.ascii	"\265\343\351\271\"5\250o\250\320TP+7\333\363}\246\355"
 218      2235A86F 
 218      A8D05450 
 218      2B37DBF3 
 218      7DA6ED
 219 019a 24137333 		.ascii	"$\023s3\244\251\"\372\340\347\250\016MG_\242\351\340"
 219      A4A922FA 
 219      E0E7A80E 
 219      4D475FA2 
 219      E9E0
 220 01ac 4D3D9A06 		.ascii	"M=\232\006\357T\005c:R|\305\252\234Q,Y{%\353\305=\277"
 220      EF540563 
 220      3A527CC5 
 220      AA9C512C 
 220      597B25EB 
 221 01c3 BBDABC41 		.ascii	"\273\332\274A\262\301\274\271\024\207j\021F'P\004\011"
 221      B2C1BCB9 
 221      14876A11 
 221      46275004 
 221      09
 222 01d4 A2965847 		.ascii	"\242\226XG5\250\027\241/\320M\210\301\202f\300\374\202"
 222      35A817A1 
 222      2FD04D88 
 222      C18266C0 
 222      FC82
 223 01e6 7D39D518 		.ascii	"}9\325\030oA\324\347M\345\266\343j +\006\262\013E\001"
 223      6F41D4E7 
 223      4DE5B6E3 
 223      6A202B06 
ARM GAS  C:\Users\mvshv\AppData\Local\Temp\ccgA7Ars.s 			page 17


 223      B20B4501 
 224 01fa 8592751D 		.ascii	"\205\222u\035p\211\224\252\301E\325\340Iu\222RI\367"
 224      708994AA 
 224      C145D5E0 
 224      49759252 
 224      49F7
 225 020c 2D5D41B8 		.ascii	"-]A\270\220Qm\270\376d\324W\246\032\372\215\033\323"
 225      90516DB8 
 225      FE64D457 
 225      A61AFA8D 
 225      1BD3
 226 021e 2917D329 		.ascii	")\027\323)O\246F\312\264\351\341\253\034\204+\030Sz"
 226      4FA646CA 
 226      B4E9E1AB 
 226      1C842B18 
 226      537A
 227 0230 83A58544 		.ascii	"\203\245\205D\330+I\326\233Us\332\253\357K\033U,<\253"
 227      D82B49D6 
 227      9B5573DA 
 227      ABEF4B1B 
 227      552C3CAB 
 228 0244 8BC92A27 		.ascii	"\213\311*'\027\235\246\014\335m\345\025\0302:S\205\310"
 228      179DA60C 
 228      DD6DE515 
 228      18323A53 
 228      85C8
 229 0256 1A0741D7 		.ascii	"\032\007A\327\247\217\352\306\246\260.B\333\2213T\352"
 229      A78FEAC6 
 229      A6B02E42 
 229      DB913354 
 229      EA
 230 0267 8B07988D 		.ascii	"\213\007\230\215K\231\325{1[\017\005\250\317\316\027"
 230      4B99D57B 
 230      315B0F05 
 230      A8CFCE17 
 231 0277 DE0A64EB 		.ascii	"\336\012d\353\021\232\217\305\233\235\343]\201H\025"
 231      119A8FC5 
 231      9B9DE35D 
 231      814815
 232 0286 BE5192D6 		.ascii	"\276Q\222\326I\305\031\222\377\"\001\265\302z\234\201"
 232      49C51992 
 232      FF2201B5 
 232      C27A9C81 
 233 0296 F5406D28 		.ascii	"\365@m(\234P\0227P3t6A\347a\262t\326{\247\376P0$I\241"
 233      9C501237 
 233      50337436 
 233      41E761B2 
 233      74D67BA7 
 234 02b0 E82C52A1 		.ascii	"\350,R\241\026\227\2533Ul\351\312K\363J\224\370\006"
 234      1697AB33 
 234      556CE9CA 
 234      4BF34A94 
 234      F806
 235 02c2 2D1DD1B2 		.ascii	"-\035\321\262\347\316\031\361\373l|\375\3756\272f\264"
 235      E7CE19F1 
 235      FB6C7CFD 
 235      FD36BA66 
ARM GAS  C:\Users\mvshv\AppData\Local\Temp\ccgA7Ars.s 			page 18


 235      B4
 236 02d3 AE27896D 		.ascii	"\256'\211m\007\033_\271l\200Ifd\247\275\355\030\211"
 236      071B5FB9 
 236      6C804966 
 236      64A7BDED 
 236      1889
 237 02e5 8C8C4B2D 		.ascii	"\214\214K-GIn\252K\357\374\012[1\015|\353\221\213]\312"
 237      47496EAA 
 237      4BEFFC0A 
 237      5B310D7C 
 237      EB918B5D 
 238 02fa 370F4AC5 		.ascii	"7\017J\305M\244|\336.\205\362\311E\024|\236\2219\235"
 238      4DA47CDE 
 238      2E85F2C9 
 238      45147C9E 
 238      91399D
 239 030d 1068CF39 		.ascii	"\020h\3179\342\316\005\364&L\265\325\367\336\011\304"
 239      E2CE05F4 
 239      264CB5D5 
 239      F7DE09C4 
 240 031d 36C6B3BB 		.ascii	"6\306\263\273\343\263X\025\370\236\361\243|\207\011"
 240      E3B35815 
 240      F89EF1A3 
 240      7C8709
 241 032c 859617ED 		.ascii	"\205\226\027\355>,\343~\240\236\030\25481\205e\334J"
 241      3E2CE37E 
 241      A09E18AC 
 241      38318565 
 241      DC4A
 242 033e 8677D5F5 		.ascii	"\206w\325\365?\015\304\227)\271\242\253\362\223\207"
 242      3F0DC497 
 242      29B9A2AB 
 242      F29387
 243 034d 4A141612 		.ascii	"J\024\026\022\036V\"efHV\373\253\267':\356K\322\266"
 243      1E562265 
 243      664856FB 
 243      ABB7273A 
 243      EE4BD2B6 
 244 0361 0064034F 		.ascii	"\000d\003O/\202_WP\210\313d$\3616\012^B\036\335C H!"
 244      2F825F57 
 244      5088CB64 
 244      24F1360A 
 244      5E421EDD 
 245 0379 A00E18BF 		.ascii	"\240\016\030\277D#!h\022\333U\360\355\033\024\206\276"
 245      44232168 
 245      12DB55F0 
 245      ED1B1486 
 245      BE
 246 038a 4561B478 		.ascii	"Ea\264xXN\007'\202\323a\006A\011r>\311\303l\267\332"
 246      584E0727 
 246      82D36106 
 246      4109723E 
 246      C9C36CB7 
 247 039f 834B32A4 		.ascii	"\203K2\244\266\331\324\362e\257\226[\211\015\032\343"
 247      B6D9D4F2 
 247      65AF965B 
 247      890D1AE3 
ARM GAS  C:\Users\mvshv\AppData\Local\Temp\ccgA7Ars.s 			page 19


 248 03af E72D8DBE 		.ascii	"\347-\215\276x\213\202.\360\026\313x5B!\341^]B\327\301"
 248      788B822E 
 248      F016CB78 
 248      354221E1 
 248      5E5D42D7 
 249 03c4 93D77B75 		.ascii	"\223\327{u\301\256\204s\004u\002\350\232k\235\211\217"
 249      C1AE8473 
 249      047502E8 
 249      9A6B9D89 
 249      8F
 250 03d5 D456D7B5 		.ascii	"\324V\327\265\216v\034\220\355\254\036\012t\255\335"
 250      8E761C90 
 250      EDAC1E0A 
 250      74ADDD
 251 03e4 0D144077 		.ascii	"\015\024@w\007\264\000\266\234hh\225\223?\033\324=\317"
 251      07B400B6 
 251      9C686895 
 251      933F1BD4 
 251      3DCF
 252 03f6 BB07FC99 		.ascii	"\273\007\374\231\032\016\352\327W\017T\371\340\002\352"
 252      1A0EEAD7 
 252      570F54F9 
 252      E002EA
 253 0405 363A7FEF 		.ascii	"6:\177\357\263\016_\274\237)\216}\021L\367\005\312k"
 253      B30E5FBC 
 253      9F298E7D 
 253      114CF705 
 253      CA6B
 254 0417 7EF95C8D 		.ascii	"~\371\\\215\313\330\330`\346\235^5\033\233F\346em\333"
 254      CBD8D860 
 254      E69D5E35 
 254      1B9B46E6 
 254      656DDB
 255 042a 21E24A79 		.ascii	"!\342Jy\236\2559\333\037\3270\305q\330\005\263\303."
 255      9EAD39DB 
 255      1FD730C5 
 255      71D805B3 
 255      C32E
 256 043c FB74E706 		.ascii	"\373t\347\006\177\334\300\306\016\334\257\333\036\204"
 256      7FDCC0C6 
 256      0EDCAFDB 
 256      1E84
 257 044a 9B99D270 		.ascii	"\233\231\322p\2436\022\237c\337\345u[\372|\360\025\246"
 257      A336129F 
 257      63DFE575 
 257      5BFA7CF0 
 257      15A6
 258 045c DC3A9139 		.ascii	"\334:\2219\254\300\235L\371\326\326\277\210\261\315"
 258      ACC09D4C 
 258      F9D6D6BF 
 258      88B1CD
 259 046b 016DE4F8 		.ascii	"\001m\344\370\370\015y\347\026c\320Gw\257/C\270\207"
 259      F80D79E7 
 259      1663D047 
 259      77AF2F43 
 259      B887
 260 047d 428324DB 		.ascii	"B\203$\333\326\003\010\205\271\036\250(\271\244&6\342"
ARM GAS  C:\Users\mvshv\AppData\Local\Temp\ccgA7Ars.s 			page 20


 260      D6030885 
 260      B91EA828 
 260      B9A42636 
 260      E2
 261 048e F21A49CA 		.ascii	"\362\032I\312R\322u\275\005\011\036\343\327\265\037"
 261      52D275BD 
 261      05091EE3 
 261      D7B51F
 262 049d B916964D 		.ascii	"\271\026\226Mx\260\021\303\241\226\211)\376\256'\376"
 262      78B011C3 
 262      A1968929 
 262      FEAE27FE 
 263 04ad CE247C7F 		.ascii	"\316$|\177\026\207\177\354\211\357B\316\222e\360\353"
 263      16877FEC 
 263      89EF42CE 
 263      9265F0EB 
 264 04bd 3CBCC713 		.ascii	"<\274\307\023\336=\211\276\235w\347\201'>\322\023\336"
 264      DE3D89BE 
 264      9D77E781 
 264      273ED213 
 264      DE
 265 04ce C4C32F7A 		.ascii	"\304\303/z\205\363\316\360\350\373\236\350K\223\234"
 265      85F3CEF0 
 265      E8FB9EE8 
 265      4B939C
 266 04dd 19E2F1B7 		.ascii	"\031\342\361\267\275\347\222\243o\342c\355\363\204\367"
 266      BDE792A3 
 266      6FE263ED 
 266      F384F7
 267 04ec 7AC2FB79 		.ascii	"z\302\373y\366{\3363\317\301\333y\366\313\336\331\231"
 267      F67BDE33 
 267      CFC1DB79 
 267      F6CBDED9 
 267      99
 268 04fd F36E3BF3 		.ascii	"\363n;\363\021 \036\322\3011y[\276\202m\371\034\266"
 268      11201ED2 
 268      C131795B 
 268      BE826DF9 
 268      1CB6
 269 050f E510C877 		.ascii	"\345\020\310w /@F@\236\200\274\004\031\004\031\006\031"
 269      202F4046 
 269      409E80BC 
 269      04190419 
 269      0619
 270 0521 05190779 		.ascii	"\005\031\007y\006\362\324m\013\017\333\331\3012\346"
 270      06F2D46D 
 270      0B0FDBD9 
 270      C132E6
 271 0530 ED60B99A 		.ascii	"\355`\271\232\305W\340M\357K\316\305\325\301\247a\300"
 271      C557E04D 
 271      EF4BCEC5 
 271      D5C1A761 
 271      C0
 272 0541 FBA244C9 		.ascii	"\373\242D\311\007\321\313\312\312n5\276\315\016\242"
 272      07D1CBCA 
 272      CA6E35BE 
 272      CD0EA2
ARM GAS  C:\Users\mvshv\AppData\Local\Temp\ccgA7Ars.s 			page 21


 273 0550 724B7D9F 		.ascii	"rK}\237\237\347A\344\010\027\331!\312\237.\342\301,"
 273      9FE741E4 
 273      0817D921 
 273      CA9F2EE2 
 273      C12C
 274 0562 9C41229E 		.ascii	"\234A\"\236\000\306\377\270N\2551\307\251e\273[6\356"
 274      00C6FFB8 
 274      4EAD31C7 
 274      A965BB5B 
 274      36EE
 275 0574 CF9F5A13 		.ascii	"\317\237Z\023n\247\226$\262S\013Z\000\357\377n\274 "
 275      6EA79624 
 275      B2530B5A 
 275      00EFFF6E 
 275      BC20
 276 0586 9007939F 		.ascii	"\220\007\223\237\000.p\272\014N\247\340\343w\277jU\261"
 276      002E70BA 
 276      0C4EA7E0 
 276      E377BF6A 
 276      55B1
 277 0598 834042A0 		.ascii	"\203@B\240\017d\357\355\011\300O\331\231\3214T]\026"
 277      0F64EFED 
 277      09C04FD9 
 277      99D13454 
 277      5D16
 278 05aa C00E0D72 		.ascii	"\300\016\015rH\364\3466\333\203\310\355%\311\304\320"
 278      48F4E636 
 278      DB83C8ED 
 278      25C9C4D0 
 279 05ba EFE25D2F 		.ascii	"\357\342]/\302U\012{\002e\212\364\346z\231[\27508WN"
 279      C2550A7B 
 279      02658AF4 
 279      E67A995B 
 279      BD303857 
 280 05cf DE5C05BD 		.ascii	"\336\\\005\275,\327\211\323\345\312\333 \006;\346\320"
 280      2CD789D3 
 280      E5CADB20 
 280      063BE6D0 
 281 05df 1F2F7D87 		.ascii	"\037/}\207z\002y\264\355u\350\252\203\207v\251\360\210"
 281      7A0279B4 
 281      ED75E8AA 
 281      838776A9 
 281      F088
 282 05f1 EC6476D6 		.ascii	"\354dv\326^\204\307\231\362\345\311\307\321\314\341"
 282      5E84C799 
 282      F2E5C9C7 
 282      D1CCE1
 283 0600 E9E4E778 		.ascii	"\351\344\347x\3673\253\374{\261\027\202S\326\016\237"
 283      F733ABFC 
 283      7BB11782 
 283      53D60E9F 
 284 0610 DDA9860B 		.ascii	"\335\251\206\0132,\314qE\366\214q\327T\226\210\321\026"
 284      322CCC71 
 284      45F68C71 
 284      D7549688 
 284      D116
 285 0622 F1872FC8 		.ascii	"\361\207/\310M\340W\266H\306\010\232T@\256\030\2166"
ARM GAS  C:\Users\mvshv\AppData\Local\Temp\ccgA7Ars.s 			page 22


 285      4DE057B6 
 285      48C6089A 
 285      5440AE18 
 285      8E36
 286 0634 8B61682B 		.ascii	"\213ah+H\016H\236\030\306\225l\377ZW\005n\364j\303y"
 286      480E489E 
 286      18C6956C 
 286      FF5A5705 
 286      6EF46AC3 
 287 0649 2AA4C389 		.ascii	"*\244\303\211\2716\235\242?\021\203Q\206\214vd\202\257"
 287      B9369DA2 
 287      3F118351 
 287      868C7664 
 287      82AF
 288 065b 57F9BA1B 		.ascii	"W\371\272\033c{\005P\223\367\3120\037\0359\035\335,"
 288      637B0550 
 288      93F7CA30 
 288      1F1D391D 
 288      DD2C
 289 066d F7BBD57E 		.ascii	"\367\273\325~m\341\271V\021\247\373\320\332?\273\273"
 289      6DE1B956 
 289      11A7FBD0 
 289      DA3FBBBB 
 290 067d ECA0E859 		.ascii	"\354\240\350Y\373\216\260Q>D\373C\2213\357&\306\350"
 290      FB8EB051 
 290      3E44FB43 
 290      9133EF26 
 290      C6E8
 291 068f 65BC1DC0 		.ascii	"e\274\035\300\333DgY\023_\251\315\376\216}Y\276|\245"
 291      DB446759 
 291      135FA9CD 
 291      FE8E7D59 
 291      BE7CA5
 292 06a2 6E17F9B2 		.ascii	"n\027\371\262\336!W\352\016Z\251wK\353.\2108\327\207"
 292      DE2157EA 
 292      0E5AA977 
 292      4BEB2E88 
 292      38D787
 293 06b5 DDA24DDB 		.ascii	"\335\242M\333\0148\237}_\377\274\257O\211\213\2302T"
 293      0C389F7D 
 293      5FFFBCAF 
 293      4F898B98 
 293      3254
 294 06c7 D8FA5085 		.ascii	"\330\372P\205\213\231\262\247\352h&\306\007\231\322"
 294      8B99B2A7 
 294      EA6826C6 
 294      0799D2
 295 06d6 D590DE12 		.ascii	"\325\220\336\022\210+\230\322\267\177\335m\037\\\315"
 295      882B98D2 
 295      B77FDD6D 
 295      1F5CCD
 296 06e5 94D1864B 		.ascii	"\224\321\206K%\"\253\2320P\217Z7\265a\371n$\377u\034"
 296      2522AB9A 
 296      30508F5A 
 296      37B561F9 
 296      6E24FF75 
 297 06fa BE38968F 		.ascii	"\2768\226\217p\015\305\252w\345=\312\011\204\2731\204"
ARM GAS  C:\Users\mvshv\AppData\Local\Temp\ccgA7Ars.s 			page 23


 297      700DC5AA 
 297      77E53DCA 
 297      0984BB31 
 297      84
 298 070b 5E8CCE7B 		.ascii	"^\214\316{\361\356\003.\323\273!\324\022\361\265\327"
 298      F1EE032E 
 298      D3BB21D4 
 298      12F1B5D7 
 299 071b DCAB0F5D 		.ascii	"\334\253\017]%\261\337\023\316\035\345n\013\260\017"
 299      25B1DF13 
 299      CE1DE56E 
 299      0BB00F
 300 072a 16A088D6 		.ascii	"\026\240\210\326]\211\234\375#\220\375r\310z\031H)\310"
 300      5D899CFD 
 300      2390FD72 
 300      C87A1948 
 300      29C8
 301 073c 61908320 		.ascii	"a\220\203 \305 \207@\216\202\034p\253\305\353\037\272"
 301      C5208740 
 301      8E821C70 
 301      ABC5EB1F 
 301      BA
 302 074d 5F685EFC 		.ascii	"_h^\374\344/\005\016]\350\351\346%\036\015Kh} \243\311"
 302      E42F050E 
 302      5DE8E9E6 
 302      251E0D4B 
 302      687D20A3 
 303 0762 4EDFE589 		.ascii	"N\337\345\211\236t\235up\334\005\336\271\335\256b\016"
 303      9E749D75 
 303      70DC05DE 
 303      B9DDAE62 
 303      0E
 304 0773 BEC713CE 		.ascii	"\276\307\023\316m\"\371@\035`\333\242\304\333\266\230"
 304      6D22F940 
 304      1D60DBA2 
 304      C4DBB698 
 305 0783 18E0166B 		.ascii	"\030\340\026k\257W.\316\317!\316\360N\357Q9\177\311"
 305      AF572ECE 
 305      CF21CEF0 
 305      4EEF5139 
 305      7FC9
 306 0795 6EE894AE 		.ascii	"n\350\224\256\251q\035\333D\375#\203y\376(<D\336\250"
 306      A9711DDB 
 306      44FD2383 
 306      79FE283C 
 306      44DEA8
 307 07a8 0FE95638 		.ascii	"\017\351V8\006\263+\\[\241\204n\005\257\253\214*aq\377"
 307      06B32B5C 
 307      5BA1846E 
 307      05AFAB8C 
 307      2A6171FF 
 308 07bc 9F85063F 		.ascii	"\237\205\006?\212Gk\232\247\360\033\353\230\333\306"
 308      8A476B9A 
 308      A7F01BEB 
 308      98DBC6
 309 07cb AA923716 		.ascii	"\252\2227\026i"
 309      69
ARM GAS  C:\Users\mvshv\AppData\Local\Temp\ccgA7Ars.s 			page 24


 310 07d0 7FB13221 		.ascii	"\177\2612!Y\227\234\234\244[\236\220\370Q\332*]\222"
 310      59979C9C 
 310      A45B9E90 
 310      F851DA2A 
 310      5D92
 311 07e2 3125C190 		.ascii	"1%\301\220\2523\244\032\314\321\021\021\221\316?\243"
 311      AA33A41A 
 311      CCD11111 
 311      91CE3FA3 
 312 07f2 29129091 		.ascii	")\022\220\221\253\214\253\315\246\310\270\245\177\216"
 312      AB8CABCD 
 312      A6C8B8A5 
 312      7F8E
 313 0800 8966EF85 		.ascii	"\211f\357\2051k\326D\312\034\021\211~\357\274\373\227"
 313      316BD644 
 313      CA1C1189 
 313      7EEFBCFB 
 313      97
 314 0811 504D5494 		.ascii	"PMT\224\020\363\277\317\025\002\034\256\020\343SM\346"
 314      10F3BFCF 
 314      15021CAE 
 314      10E3534D 
 314      E6
 315 0822 9498685D 		.ascii	"\224\230h]b\2621\361#\332\341kX\375\361bh\177\373\243"
 315      62B231F1 
 315      23DAE16B 
 315      58FDF162 
 315      687FFBA3 
 316 0836 991983C1 		.ascii	"\231\031\203\301\264:b\245\240\322\351\322\014\251f"
 316      B43A62A5 
 316      A0D2E9D2 
 316      0CA966
 317 0845 D0CD2B12 		.ascii	"\320\315+\022\177\037\237\270\322\260\334`2\247%\031"
 317      7F1F9FB8 
 317      D2B0DC60 
 317      32A72519 
 318 0855 8CF166A3 		.ascii	"\214\361f\2431\331\024\377\217\324\264P\372\025\232"
 318      31D914FF 
 318      8FD4B450 
 318      FA159A
 319 0864 B03A2554 		.ascii	"\260:%T\237\262\\\237\224\244O\212\177+bvh\364\354\250"
 319      9FB25C9F 
 319      94A44F8A 
 319      7F2B6276 
 319      68F4ECA8 
 320 0878 B73E9E13 		.ascii	"\267>\236\023\017\375\263R\215\251\372Y\372\204\345"
 320      0FFDB352 
 320      8DA9FA59 
 320      FA84E5
 321 0887 8678436A 		.ascii	"\206xCjbrZ\222>>%\001\270R\365\361\272$\375\212\204"
 321      62725A92 
 321      3E3E2501 
 321      B852F5F1 
 321      BA24FD8A 
 322 089c B464B3CE 		.ascii	"\264d\263\316\274v\225\336\004\026\375\034\366\376\376"
 322      BC7695DE 
 322      0416FD1C 
ARM GAS  C:\Users\mvshv\AppData\Local\Temp\ccgA7Ars.s 			page 25


 322      F6FEFE
 323 08ab 93DA33AD 		.ascii	"\223\3323\2555\305\353L\346$ \007#AqkMf}\212\306\270"
 323      35C5EB4C 
 323      E6242007 
 323      2341716B 
 323      4D667D8A 
 324 08c1 5AAF2199 		.ascii	"Z\257!\231\0225Z\254\211\323z\346(\321\230\222bL\215"
 324      12355AAC 
 324      89D37AE6 
 324      28D19892 
 324      624C8D
 325 08d4 D4AF3143 		.ascii	"\324\2571Cz<3\264\"fv\314\232D S/y_\253[\012\356/\320"
 325      7A3C33B4 
 325      226676CC 
 325      9A442053 
 325      2F795FAB 
 326 08ed AFF0D12C 		.ascii	"\257\360\321,|G\033\355;o\321|m\334R\255b\376\002\215"
 326      7C471BED 
 326      3B6FD17C 
 326      6DDC52AD 
 326      62FE028D 
 327 0901 D677DE92 		.ascii	"\326w\336\222\371Q\261\357\3226\032Z%\014B\343G\272"
 327      F951B1EF 
 327      D2361A5A 
 327      250C42E3 
 327      47BA
 328 0913 09887C44 		.ascii	"\011\210|D\223\017\254Y\254U\220\371\224$F\255\325h"
 328      930FAC59 
 328      AC5590F9 
 328      942446AD 
 328      D568
 329 0925 1CB4CAD8 		.ascii	"\034\264\312\330\277-]\014>j5l0*0nY\034|8\306\361{\363"
 329      BF2D5D0C 
 329      3E6A356C 
 329      302A306E 
 329      591C7C38 
 330 093d B57EDAD8 		.ascii	"\265~\332\330\270X\355_c\027\210\363\264b\234\326\367"
 330      B858ED5F 
 330      631788F3 
 330      B4629CD6 
 330      F7
 331 094e BD254BFF 		.ascii	"\275%K\377\030\273L\253 /<O\243U\274\257]\242\235\262"
 331      18BB4CAB 
 331      202F3C4F 
 331      A355BCAF 
 331      5DA29DB2 
 332 0962 F04FF3E2 		.ascii	"\360O\363\342\0269\246\375\027\3457\235\331"
 332      1639A6FD 
 332      17E5379D 
 332      D9
 333              		.text
 334              		.section	.gnu.lto_.symtab.fb69c29c,"",%progbits
 335 0000 68616C5F 		.ascii	"hal_lld_init\000"
 335      6C6C645F 
 335      696E6974 
 335      00
 336 000d 00       		.ascii	"\000"
ARM GAS  C:\Users\mvshv\AppData\Local\Temp\ccgA7Ars.s 			page 26


 337 000e 00       		.ascii	"\000"
 338 000f 00       		.ascii	"\000"
 339 0010 00000000 		.ascii	"\000\000\000\000\000\000\000\000"
 339      00000000 
 340 0018 BD000000 		.ascii	"\275\000\000\000"
 341 001c 73746D33 		.ascii	"stm32_clock_init\000"
 341      325F636C 
 341      6F636B5F 
 341      696E6974 
 341      00
 342 002d 00       		.ascii	"\000"
 343 002e 00       		.ascii	"\000"
 344 002f 00       		.ascii	"\000"
 345 0030 00000000 		.ascii	"\000\000\000\000\000\000\000\000"
 345      00000000 
 346 0038 BF000000 		.ascii	"\277\000\000\000"
 347 003c 53797374 		.ascii	"SystemCoreClock\000"
 347      656D436F 
 347      7265436C 
 347      6F636B00 
 348 004c 00       		.ascii	"\000"
 349 004d 00       		.ascii	"\000"
 350 004e 00       		.ascii	"\000"
 351 004f 00000000 		.ascii	"\000\000\000\000\000\000\000\000"
 351      00000000 
 352 0057 CE000000 		.ascii	"\316\000\000\000"
 353 005b 69727149 		.ascii	"irqInit\000"
 353      6E697400 
 354 0063 00       		.ascii	"\000"
 355 0064 02       		.ascii	"\002"
 356 0065 00       		.ascii	"\000"
 357 0066 00000000 		.ascii	"\000\000\000\000\000\000\000\000"
 357      00000000 
 358 006e C1000000 		.ascii	"\301\000\000\000"
 359              		.text
 360              		.section	.gnu.lto_.opts,"",%progbits
 361 0000 272D666D 		.ascii	"'-fmath-errno' '-fsigned-zeros' '-ftrapping-math' '"
 361      6174682D 
 361      6572726E 
 361      6F272027 
 361      2D667369 
 362 0033 2D666E6F 		.ascii	"-fno-trapv' '-fno-openmp' '-fno-openacc' '-mcpu=cor"
 362      2D747261 
 362      70762720 
 362      272D666E 
 362      6F2D6F70 
 363 0066 7465782D 		.ascii	"tex-m4' '-mno-thumb-interwork' '-mthumb' '-O2' '-fo"
 363      6D342720 
 363      272D6D6E 
 363      6F2D7468 
 363      756D622D 
 364 0099 6D69742D 		.ascii	"mit-frame-pointer' '-falign-functions=16' '-ffuncti"
 364      6672616D 
 364      652D706F 
 364      696E7465 
 364      72272027 
 365 00cc 6F6E2D73 		.ascii	"on-sections' '-fdata-sections' '-fno-common' '-flto"
ARM GAS  C:\Users\mvshv\AppData\Local\Temp\ccgA7Ars.s 			page 27


 365      65637469 
 365      6F6E7327 
 365      20272D66 
 365      64617461 
 366 00ff 2700     		.ascii	"'\000"
 367              		.text
 368              		.comm	__gnu_lto_v1,1,1
 369              		.comm	__gnu_lto_slim,1,1
 370              		.ident	"GCC: (GNU Tools for Arm Embedded Processors 7-2017-q4-major) 7.2.1 20170904 (release) [ARM
ARM GAS  C:\Users\mvshv\AppData\Local\Temp\ccgA7Ars.s 			page 28


DEFINED SYMBOLS
                            *ABS*:00000000 hal_lld.c
                            *COM*:00000001 __gnu_lto_v1
                            *COM*:00000001 __gnu_lto_slim

NO UNDEFINED SYMBOLS
