ARM GAS  C:\Users\mvshv\AppData\Local\Temp\cc4hFA9e.s 			page 1


   1              		.cpu cortex-m4
   2              		.eabi_attribute 20, 1
   3              		.eabi_attribute 21, 1
   4              		.eabi_attribute 23, 3
   5              		.eabi_attribute 24, 1
   6              		.eabi_attribute 25, 1
   7              		.eabi_attribute 26, 1
   8              		.eabi_attribute 30, 2
   9              		.eabi_attribute 34, 1
  10              		.eabi_attribute 18, 4
  11              		.file	"hal_st.c"
  12              		.section	.gnu.lto_.profile.fb69d4e1,"",%progbits
  13 0000 789C6363 		.ascii	"x\234cc```\001bF\006w9\000\001$\000q"
  13      60606001 
  13      62460677 
  13      39000124 
  13      0071
  14              		.text
  15              		.section	.gnu.lto_.icf.fb69d4e1,"",%progbits
  16 0000 789C6363 		.ascii	"x\234cc``0d@\000\016\206\325\253\276\376db|\332\336"
  16      60603064 
  16      40000E86 
  16      D5ABBEFE 
  16      64627CDA 
  17 0015 F5849BE9 		.ascii	"\365\204\233\351\360\273K7\231\231{\246\335\361cY\276"
  17      F0BB4B37 
  17      99997BA6 
  17      DDF16359 
  17      BE
  18 0026 F6DD2F76 		.ascii	"\366\335/v\326\357s\216ned\373~f\346\177~\366\255\273"
  18      D6EF738E 
  18      6E6564FB 
  18      7E66E67F 
  18      7EF6ADBB 
  19 003a BE74F033 		.ascii	"\276t\3603\000\000tM\030\346"
  19      0000744D 
  19      18E6
  20              		.text
  21              		.section	.gnu.lto_.jmpfuncs.fb69d4e1,"",%progbits
  22 0000 789C6363 		.ascii	"x\234cc``\270\300\200\000\254 \202\021\010\352\3470"
  22      6060B8C0 
  22      8000AC20 
  22      821108EA 
  22      E730
  23 0012 3330314E 		.ascii	"301Nafl\376\265\3773_\375\337\006\2119\314\214\013\230"
  23      61666CFE 
  23      B5FF335F 
  23      FDDF0689 
  23      39CC8C0B 
  24 0027 41B29B19 		.ascii	"A\262\233\031\353\031\030\017\26002\000\361\237\377"
  24      EB19180F 
  24      B0303200 
  24      F19FFF
  25 0036 FFFFF333 		.ascii	"\377\377\36332\001\325Mk=t\236\275\233\031\250\212\221"
  25      3201D54D 
  25      6B3D749E 
  25      BD9B19A8 
ARM GAS  C:\Users\mvshv\AppData\Local\Temp\cc4hFA9e.s 			page 2


  25      8A91
  26 0048 81710BA3 		.ascii	"\201q\013\243\014\010\003\225\263\3400\213i\0013#\320"
  26      0C080395 
  26      B3E0308B 
  26      69013323 
  26      D0
  27 0059 ACADF8CD 		.ascii	"\254\255\370\315b\002\232\265\015h\026\020\2631`3\203"
  27      62029AB5 
  27      0D681610 
  27      B3316033 
  27      83
  28 006a 0968C676 		.ascii	"\011h\306vL3`\232\030\000\3327;\013"
  28      4C33609A 
  28      1800DA37 
  28      3B0B
  29              		.text
  30              		.section	.gnu.lto_.inline.fb69d4e1,"",%progbits
  31 0000 789C6363 		.ascii	"x\234cc``(g@\000V\006\006\026\036F\006& \223m\201<\210"
  31      60602867 
  31      40005606 
  31      06161E46 
  31      06262093 
  32 0018 6260E402 		.ascii	"b`\344\002\021\014<\274@a\276\015\271pq&n\22003\003"
  32      110C3CBC 
  32      4061BE0D 
  32      B9707126 
  32      6E903033 
  33 002d 0B335082 		.ascii	"\0133P\202\351\002?\\\202\205\201\213\033(\3045\301"
  33      E9023F5C 
  33      8285818B 
  33      1B28C435 
  33      C1
  34 003e 0F4D2D1B 		.ascii	"\017M-\033.\011\006\000'\274\010\356"
  34      2E090600 
  34      27BC08EE 
  35              		.text
  36              		.section	.gnu.lto_.pureconst.fb69d4e1,"",%progbits
  37 0000 789C6363 		.ascii	"x\234cc``\340\006bV\006\011F)f)\026)6)\000\004\017\000"
  37      6060E006 
  37      62560609 
  37      46296629 
  37      16293629 
  38 0018 A5       		.ascii	"\245"
  39              		.text
  40              		.section	.gnu.lto_stInit.fb69d4e1,"",%progbits
  41 0000 789C6363 		.ascii	"x\234cc``X\001\304J@,\015\304\214\314\014\214L\023\316"
  41      60605801 
  41      C44A402C 
  41      0DC48CCC 
  41      0C8C4C13 
  42 0015 31303472 		.ascii	"104r012\202\030\015\034\214\014\365L\214\365\214=\314"
  42      30313282 
  42      180D1C8C 
  42      0CF54C8C 
  42      F58C3DCC 
  43 0029 5398190F 		.ascii	"S\230\031\017\265?\333\311\244\271\274\001\010\016L"
  43      B53FDBC9 
ARM GAS  C:\Users\mvshv\AppData\Local\Temp\cc4hFA9e.s 			page 3


  43      A4B9BC01 
  43      080E4C
  44 0038 FF21D9B0 		.ascii	"\377!\331\260\342\000\343\034f\006\206i@\014\002\214"
  44      E200E31C 
  44      66068669 
  44      400C028C 
  45 0048 9B193519 		.ascii	"\233\0315\031\200\312\036m\3747\225\227\215\005\"\316"
  45      80CA1E6D 
  45      FC379597 
  45      8D0522CE 
  46 0058 B885918D 		.ascii	"\270\205\221\215\201\021\310X\177\211\365@\303\277\377"
  46      8111C858 
  46      7F89F540 
  46      C3BFFF
  47 0067 ED0D07EE 		.ascii	"\355\015\007\356,b\374\317\012\224\353\000b\240%\015"
  47      2C62FCCF 
  47      0A94EB00 
  47      62A0250D 
  48 0077 07183A99 		.ascii	"\007\030:\231\231@\254\346\003\014o\030\233\027\374"
  48      9940ACE6 
  48      030C6F18 
  48      9B17FC
  49 0086 96066B02 		.ascii	"\226\006k\002\232\264s\347\233\333\354\365\177\0338"
  49      9AB473E7 
  49      9BDBECF5 
  49      7F1B38
  50 0095 E630334E 		.ascii	"\34603Nc\006\232\302\270\225\261\236a\016P\365;\306"
  50      63069AC2 
  50      B895B19E 
  50      610E50F5 
  50      3BC6
  51 00a7 A605FFB9 		.ascii	"\246\005\377\271\301\352@\240\003(\0114\200\211\201"
  51      C1EA40A0 
  51      03280934 
  51      808981
  52 00b6 41414F4F 		.ascii	"AAOO\037\216\362\213\3653\022s\364\213\213\222At|q\211"
  52      1F8EF28B 
  52      F5331273 
  52      F48B8B92 
  52      41747C71 
  53 00cb 5E320300 		.ascii	"^2\003\000\313\256Cx"
  53      CBAE4378 
  54              		.text
  55              		.section	.gnu.lto_stStartAlarm.fb69d4e1,"",%progbits
  56 0000 789C9552 		.ascii	"x\234\225RKL\023Q\024}w\336t\372\341g\342B\027]4QBp"
  56      4B4C1351 
  56      147D77DE 
  56      74FAE167 
  56      E242175D 
  57 0018 D149D118 		.ascii	"\321I\321\030W\256\214\211\011\254dO\0005\230`0\224"
  57      57AE8C89 
  57      09AC644F 
  57      00359860 
  57      3094
  58 002a B8B48F7E 		.ascii	"\270\264\217~\370\010F\027R\264\031\265\021\010bB@\360"
  58      F8084617 
  58      52B419B5 
ARM GAS  C:\Users\mvshv\AppData\Local\Temp\cc4hFA9e.s 			page 4


  58      11086242 
  58      40F0
  59 003c 43B1C858 		.ascii	"C\261\310X>~\020(\2700\246.\210\304JL\375\223\220\372"
  59      3E7E1028 
  59      B830A62E 
  59      88C44A4C 
  59      FD9390FA 
  60 0050 01EF7B53 		.ascii	"\001\357{S\010\032\027\370\322y3\357\365\334s\357\271"
  60      081A17F8 
  60      D27933EF 
  60      F5DC73EF 
  60      B9
  61 0061 E72A8490 		.ascii	"\347*\204\220\"\231\220\023\370\336\207\017\230\010"
  61      22999013 
  61      F8DE870F 
  61      9808
  62 006f 48176708 		.ascii	"H\027g\010\251\267H\022\215\333\011\263\311\272\213"
  62      A9B74812 
  62      8DDB09B3 
  62      C9BA8B
  63 007e B06C0AB2 		.ascii	"\260l\012\262q-\003\360\017f\001\342\221\250\014\036"
  63      712D03F0 
  63      0F6601E2 
  63      91A80C1E 
  64 008e 68A59728 		.ascii	"h\245\227(\304\032\223\021\251\260\233\341\322\333\207"
  64      C41A9311 
  64      A9B09BE1 
  64      D2DB87
  65 009d 940616D8 		.ascii	"\224\006\026\330\251QB\202\370\360\005\203P\210\250"
  65      A9514282 
  65      F8F00583 
  65      5088A8
  66 00ac 397FBF46 		.ascii	"9\177\277F[\250F\001d<~\231\016-\346\362\243\004\016"
  66      5BA84601 
  66      643C7E99 
  66      0E2DE6F2 
  66      A3040E
  67 00bf 3CFEB8D5 		.ascii	"<\376\270\325\377:\217\356\002\202\3377z/t)\005]\214"
  67      FF3A8FEE 
  67      0282DF37 
  67      7A2F7429 
  67      055D8C
  68 00d2 79999EEA 		.ascii	"y\231\236\352\240l\267F)\334\003\212\204p\027\354p\007"
  68      A06CB746 
  68      29DC038A 
  68      847017EC 
  68      7007
  69 00e4 EC04AF08 		.ascii	"\354\004\257\010\334\207\002\216\177s{\265-G\221\303"
  69      DC87028E 
  69      7F737BB5 
  69      2D4791C3 
  70 00f4 EB396108 		.ascii	"\3539a\010\024\002\370\306\233\276y\223\316V\327\032"
  70      1402F8C6 
  70      9BBE7993 
  70      CE56D71A 
  71 0104 99BEDC09 		.ascii	"\231\276\334\011/\016\333P\002F\2310^V\370FH\023\206"
  71      2F0EDB50 
ARM GAS  C:\Users\mvshv\AppData\Local\Temp\cc4hFA9e.s 			page 5


  71      02469930 
  71      5E56F846 
  71      481386
  72 0117 A02AA693 		.ascii	"\240*\246\223f*\361/\237N\336Cl8\235X\326\016n\260\373"
  72      662AF12F 
  72      9F4EDE43 
  72      6C389D58 
  72      D60E6EB0 
  73 012c 0D755185 		.ascii	"\015uQ\205\012\372 \205M\231\011D@\201a\236\025\267"
  73      0AFA2085 
  73      4D990944 
  73      4081619E 
  73      15B7
  74 013e 1035E15F 		.ascii	"\0205\341_\301@l\326\314\365\231\004r\246w\345\263\315"
  74      C1406CD6 
  74      CCF59904 
  74      72A677E5 
  74      B3CD
  75 0150 387226DE 		.ascii	"8r&\336\201\360\325w\3260\\\003\215*\020EY\017P\026"
  75      81F0D577 
  75      D6305C03 
  75      8D2A1045 
  75      590F5016 
  76 0164 873626A7 		.ascii	"\2076&\247\342\271j/\363\327\263\205O\363\333\027\315"
  76      E2B96A2F 
  76      F3D7B385 
  76      4FF3DB17 
  76      CD
  77 0175 1A35C308 		.ascii	"\0325\303\010\204\241\015+\345\231\010<\004\025k\364"
  77      84A10D2B 
  77      E599083C 
  77      04156BF4 
  78 0185 FD6C7865 		.ascii	"\375lxe52f\222N\254\255\350y<\213\014\022\214\"\337"
  78      35326692 
  78      4EACADE8 
  78      793C8B0C 
  78      128C22DF 
  79 0199 5BF027C6 		.ascii	"[\360'\306\332\243\223\300\213F\030b\372R\221t\216\201"
  79      DAA393C0 
  79      8B461862 
  79      FA529174 
  79      8E81
  80 01ab 21A0F39C 		.ascii	"!\240\363\234\270\232\261\235q;*O\201\337!\372\207\310"
  80      B89AB19D 
  80      713B2A4F 
  80      81DF21FA 
  80      87C8
  81 01bd 48249530 		.ascii	"H$\2250{~1\213F-A\354\015\201G\340!\233\265Y\2056\337"
  81      7B7E318B 
  81      462D41EC 
  81      0D8147E0 
  81      219BB559 
  82 01d4 F7D16FB9 		.ascii	"\367\321o\271\210C\327\255\334\004~\227\236\373\320"
  82      8843D7AD 
  82      DC047E97 
  82      9EFBD0
  83 01e3 9485EAEA 		.ascii	"\224\205\352\352\267i\324\006c8*\261\214<_\347`\000"
ARM GAS  C:\Users\mvshv\AppData\Local\Temp\cc4hFA9e.s 			page 6


  83      B769D406 
  83      63382AB1 
  83      8C3C5FE7 
  83      6000
  84 01f5 107D9931 		.ascii	"\020}\2311\007g\030Ge\206c\023\340\321h\226\250F\316"
  84      07671847 
  84      65866313 
  84      E0D16896 
  84      A846CE
  85 0208 18910489 		.ascii	"\030\221\004\211\3074\353\347\306m\264Bd{\331\342_2"
  85      C734EBE7 
  85      C66DB442 
  85      647BD9E2 
  85      5F32
  86 021a E77788E9 		.ascii	"\347w\210\351H^\311\0161\335\357\340\0032\371\347\200"
  86      485EC90E 
  86      31DDEFE0 
  86      0332F9E7 
  86      80
  87 022b 88C97B0C 		.ascii	"\210\311{\014\371!\344B;C\351D\252\355\300\337v\306"
  87      F921E442 
  87      3B43E944 
  87      AAEDC0DF 
  87      76C6
  88 023d 15CA3119 		.ascii	"\025\3121\031K\351\037\226>AK\237\362\262p\333\252["
  88      4BE91F96 
  88      3E414B9F 
  88      F2B270DB 
  88      AA5B
  89 024f 033BBE62 		.ascii	"\003;\276bW\262\341\231p\013\004\011\007\351\255\336"
  89      57B2E199 
  89      700B0409 
  89      07E9ADDE 
  90 025f 1EB3AB8F 		.ascii	"\036\263\253\217\203\302\003\300\375\234\002\025\366"
  90      83C203C0 
  90      FD9C0215 
  90      F6
  91 026c 208340C0 		.ascii	" \203@\300spe\352\\^\212\006r\267\2362|\226\223M\213"
  91      737065EA 
  91      5C5E8A06 
  91      72B79E32 
  91      7C96934D 
  92 0281 7452866C 		.ascii	"tR\206l\006\324\315\036\231\261\214Y\214\024\344#\377"
  92      06D4CD1E 
  92      99B18C59 
  92      8C14E423 
  92      FF
  93 0292 4F1E5F9F 		.ascii	"O\036_\237<A>'\310\243\327[{l\006\271\004\363\030\231"
  93      3C413E27 
  93      C8A3D75B 
  93      7B6C06B9 
  93      04F31899 
  94 02a6 04EF42CB 		.ascii	"\004\357B\313\315J\336G\321P\362\021\274\341\356\363"
  94      CD4ADE47 
  94      D150F211 
  94      BCE1EEF3 
  95 02b6 86B17C35 		.ascii	"\206\261|5a7\320R\034\"\207\323\251n\374j\334jUy\265"
ARM GAS  C:\Users\mvshv\AppData\Local\Temp\cc4hFA9e.s 			page 7


  95      6137D052 
  95      1C2287D3 
  95      A96EFC6A 
  95      DC6A5579 
  96 02cb EAAEADE4 		.ascii	"\352\256\255\344\3572w\235\263\222\230\313+\334u'O\035"
  96      EF32779D 
  96      B39298CB 
  96      2BDC7527 
  96      4F1D
  97 02dd DFFF0FE0 		.ascii	"\337\377\017\340\351\232\332:\267z\264\264do\221Z\\"
  97      E99ADA3A 
  97      B77AB4B4 
  97      646F915A 
  97      5C
  98 02ee 7C482D3D 		.ascii	"|H-=Rr\306\225\011-\253\256>\346\254\"2\217\375\015"
  98      5272C695 
  98      092DABAE 
  98      3EE6AC22 
  98      328FFD0D 
  99 0302 0DA47B62 		.ascii	"\015\244{b"
 100              		.text
 101              		.section	.gnu.lto_stStopAlarm.fb69d4e1,"",%progbits
 102 0000 789C6D4F 		.ascii	"x\234mO=KBa\024>\317}\355fA\315E\016A\223\313\275T\324"
 102      3D4B4261 
 102      143ECF7D 
 102      ED6641CD 
 102      450E4193 
 103 0018 2F8820D0 		.ascii	"/\210 \320)\227&\011\033\034\004\303+\255\276\226\246"
 103      29972609 
 103      1B1C04C3 
 103      2BADBE96 
 103      A6
 104 0029 614343DA 		.ascii	"aCC\332b!44\211D\237\366\001\027i\023,\372\005\322`"
 104      62213434 
 104      89449FF6 
 104      01176913 
 104      2CFA05D2 
 105 003e D0102142 		.ascii	"\320\020!BB`\235WC\032:\274\347\343=\3479\3479G'\242"
 105      42609D57 
 105      431A3ABC 
 105      E7E33DE7 
 105      39E73947 
 106 0054 3910ADB0 		.ascii	"9\020\255\260\237`\205 h{5\242\270S\003T \235\240\230"
 106      9F608520 
 106      687B35A2 
 106      B8530354 
 106      209DA098 
 107 0068 861876C5 		.ascii	"\206\030v\305\276@%\325(k\356\023\311b\037\264\364m"
 107      BE4025D5 
 107      286BEE13 
 107      C9621FB4 
 107      F46D
 108 007a 991CCB0B 		.ascii	"\231\034\313\013\242\034\253\022\234\301M\014{9\355"
 108      A21CAB12 
 108      9CC14D0C 
 108      7B39ED
 109 0089 64477447 		.ascii	"dGtG/\217s\350\304\034Tz\036\260e\347;%\355\207c|-r"
ARM GAS  C:\Users\mvshv\AppData\Local\Temp\cc4hFA9e.s 			page 8


 109      2F8F73E8 
 109      C41C547A 
 109      1EB065E7 
 109      3B25ED87 
 110 00a1 2DCDCA24 		.ascii	"-\315\312$\322\246\035\241\251h\313\2467TZ\355\352]"
 110      D2A61DA1 
 110      A968CBA6 
 110      37545AED 
 110      EA5D
 111 00b3 CEE8CF49 		.ascii	"\316\350\317I\364\350\332\272\350\316\312\011\374\345"
 111      F4E8DABA 
 111      E8CECA09 
 111      FCE5
 112 00c1 C005745C 		.ascii	"\300\005t\\*\0126\234\317%+\217\203\031\221\027\350"
 112      2A0A369C 
 112      CF252B8F 
 112      83199117 
 112      E8
 113 00d2 C26AC5CF 		.ascii	"\302j\305\317\217\341\336W\215qp\252p\370:T\300\021"
 113      8FE1DE57 
 113      8D7170AA 
 113      70F83A54 
 113      C011
 114 00e4 F242C335 		.ascii	"\362B\3035\\\270\202\213\0244\325\250>\215\232E\231"
 114      5CB8828B 
 114      1434D5A8 
 114      3E8D9A45 
 114      99
 115 00f5 88CB7AA9 		.ascii	"\210\313z\2519\336\344&\2012\012\310\362\232\212\206"
 115      39DEE426 
 115      81320AC8 
 115      F29A8A86 
 116 0105 7003F32F 		.ascii	"p\003\363/\005o\202[\356~\307f=s?\325\275TI\232\013"
 116      056F825B 
 116      EE7EC766 
 116      3D733FD5 
 116      BD54499A 
 117 011a 7C8D4634 		.ascii	"|\215F4i\030f\377\205-3\270\0322\255H@y\277\0255\002"
 117      691866FF 
 117      852D33B8 
 117      1A32AD48 
 117      4079BF15 
 118 0130 34FF0F60 		.ascii	"4\377\017`=\034\211Z\346\262\317;;cz<\013\246o\311\273"
 118      3D1C895A 
 118      E6B2CF3B 
 118      3B637A3C 
 118      0BA66FC9 
 119 0145 31FDDBE2 		.ascii	"1\375\333\342\017\205\326\214 \375\000\351\353\202\275"
 119      0F85D68C 
 119      20FD00E9 
 119      EB82BD
 120              		.text
 121              		.section	.gnu.lto_stSetAlarm.fb69d4e1,"",%progbits
 122 0000 789C8D52 		.ascii	"x\234\215RKHTQ\030>\337=w\346\316\214\257\240M\213\011"
 122      4B485451 
 122      183EDF3D 
 122      77E6CE8C 
ARM GAS  C:\Users\mvshv\AppData\Local\Temp\cc4hFA9e.s 			page 9


 122      AFA04D8B 
 123 0015 064AC416 		.ascii	"\006J\304\026s\261\"Z\265\012\"\320U\356E\25500\014"
 123      73B1225A 
 123      B50A22D0 
 123      55EE45AD 
 123      30300C
 124 0028 47A2DD1C 		.ascii	"G\242\335\034g\306WJ\265\3101\206k\014\251D\221hj\345"
 124      67C6574A 
 124      B5C83186 
 124      6B0CA944 
 124      91686AE5 
 125 003c 68E56D7C 		.ascii	"h\345m|\3654u\023\245\013\311\232\"\354\035\310\364"
 125      F5347513 
 125      A50BC99A 
 125      22EC1DC8 
 125      F4
 126 004d D0FE7367 		.ascii	"\320\376sg\022\215\026\035\346\236\327|\377\367\377"
 126      128D161D 
 126      E69ED77C 
 126      FFF7FF
 127 005c DFFF1D3B 		.ascii	"\337\377\035;c\354\024g\354(\255\273\351\203\215A97"
 127      63EC1467 
 127      EC28ADBB 
 127      E9838D41 
 127      3937
 128 006e C558AD43 		.ascii	"\305X\255CQ\370\264\233\011\227j\0260\221\311\241\246"
 128      51F8B49B 
 128      09976A16 
 128      3091C9A1 
 128      A6
 129 007f AE55406E 		.ascii	"\256U@n\204\003\314\257p\025~\264\360\363\034\361\206"
 129      8403CCAF 
 129      70157EB4 
 129      F0F31CF1 
 129      86
 130 0090 444CC9BF 		.ascii	"DL\311\277,h\230m\275Z\275\250\333b\020o\230>9\320\217"
 130      2C68986D 
 130      BD5ABDA8 
 130      DB62106F 
 130      983E39D0 
 131 00a5 7C42CD84 		.ascii	"|B\315\204z\015\336\314\015\016\250t\374\374$\262\230"
 131      7A0DDECC 
 131      0D0EA874 
 131      FCFC24B2 
 131      98
 132 00b6 2D8F0A3C 		.ascii	"-\217\012<t\374q\265w>\207o\003\243\375\245\356\263"
 132      74FC71B5 
 132      773E876F 
 132      03A3FDA5 
 132      EEB3
 133 00c8 5DF6BC2E 		.ascii	"]\366\274.!\002\302\234\357\340b\273\3019n\202\023!"
 133      2102C29C 
 133      EFE062BB 
 133      C1396E82 
 133      1321
 134 00da 6EC08D01 		.ascii	"n\300\215\001\270\031]1\334B\236\304\277\274\276\322"
 134      B8195D31 
ARM GAS  C:\Users\mvshv\AppData\Local\Temp\cc4hFA9e.s 			page 10


 134      DC429EC4 
 134      BFBCBED2 
 135 00ea 9A6557A3 		.ascii	"\232eW\243\177rb\020v\006Z\351\246g\326f\212\225\325"
 135      7F726210 
 135      76065AE9 
 135      A667D666 
 135      8A95D5
 136 00fd 0661BEEA 		.ascii	"\006a\276\352\304\360\001)\201\242l\024\257\332\345"
 136      C4F00129 
 136      81A26C14 
 136      AFDAE5
 137 010c C4582385 		.ascii	"\304X#\205\220*a\262&\256\310]\320d\357\020\037J\316"
 137      902A61B2 
 137      26AEC85D 
 137      D064EF10 
 137      1F4ACE
 138 011f 7D33F6AD 		.ascii	"}3\366\255\261\207R\352\0064n\321\2079\326ef\210\301"
 138      B18752EA 
 138      06346ED1 
 138      8739D665 
 138      6688C1
 139 0132 8E219995 		.ascii	"\216!\231\225\246\010\267\321_\341\272\370SM\352\263"
 139      A608B7D1 
 139      5FE1BAF8 
 139      534DEAB3 
 140 0142 59C8A9EE 		.ascii	"Y\310\251\356\345O\256\324Q2\311\016D\333\3378\243\270"
 140      E54FAED4 
 140      5132C90E 
 140      44DBDF38 
 140      A3B8
 141 0154 0883DB71 		.ascii	"\010\203\333q\233d\015\223,\011mH<\232\316\326\273E"
 141      9B640D93 
 141      2C096D48 
 141      3C9ACED6 
 141      BB45
 142 0166 A8562C7C 		.ascii	"\250V,|\234\335\274\250\031\\\303\035D\321J\225\312"
 142      9CDDBCA8 
 142      195CC31D 
 142      44D14A95 
 142      CA
 143 0177 4C0C77A1 		.ascii	"L\014w\241S\215\301\237\365\317\235\251\214\351\244"
 143      538DC19F 
 143      F5CF9DA9 
 143      8CE9A4
 144 0186 E3ABCB66 		.ascii	"\343\253\313f\216\314\242B\301\010\361\275F\350\305"
 144      8ECCA242 
 144      C108F1BD 
 144      46E8C5
 145 0195 68DBC024 		.ascii	"h\333\300$d\321\004#L\317R,\231\225\3020\2302'\215&"
 145      64D10423 
 145      4CCF522C 
 145      9995C230 
 145      9832278D 
 146 01aa 6AE7B49B 		.ascii	"j\347\264\233\224/!\344\261\372G\310XliN\363\377\022"
 146      942F21E4 
 146      B1FA47C8 
 146      586C694E 
ARM GAS  C:\Users\mvshv\AppData\Local\Temp\cc4hFA9e.s 			page 11


 146      F3FF12
 147 01bd 0E833BC2 		.ascii	"\016\203;\302\324\033\206{\360\263\365\332\234\226\266"
 147      D41B867B 
 147      F0B3F5DA 
 147      9C96B6
 148 01cc E0F791AF 		.ascii	"\340\367\221\257\331\204#\327\235\322\004y\227\234y"
 148      D98423D7 
 148      9DD20479 
 148      979C79
 149 01db DF9841EA 		.ascii	"\337\230A\352j7\031\334\205Qz*\361\264\274`g\177\035"
 149      6A3719DC 
 149      85517A2A 
 149      F1B4BC60 
 149      677F1D
 150 01ee 087D4108 		.ascii	"\010}A\010\217d\030#e)\307\306\3417x\206U\215\2326\""
 150      8F641823 
 150      6529C7C6 
 150      E1377886 
 150      558D9A36 
 151 0203 0145C634 		.ascii	"\001E\3064\231\247\307\\\274\314\312\366\2549\364V\313"
 151      99A7C75C 
 151      BCCCCAF6 
 151      AC39F456 
 151      CB
 152 0214 EDB05EC7 		.ascii	"\355\260^\307D{fD\230!\217| \023\033\037\210\365\362"
 152      447B6644 
 152      98218F7C 
 152      20131B1F 
 152      88F5F2
 153 0227 26911B21 		.ascii	"&\221\033!.\2623\222\234\273\326\266\367o;\0075.1iK"
 153      2EB23392 
 153      9CBBD6B6 
 153      F76F3B07 
 153      352E3169 
 154 023c F9064BEF 		.ascii	"\371\006K\357\223\245\017dY4\375\257[}[\277PW2\361\320"
 154      93A50F64 
 154      5934FDAF 
 154      5B7D5BBF 
 154      505732F1 
 155 0251 720B1689 		.ascii	"r\013\026\211\004\231-\201+ZA\217\004E\373 \375|\004"
 155      04992D81 
 155      2B5A418F 
 155      0445FB20 
 155      FD7C04
 156 0264 1D3B88C1 		.ascii	"\035;\210\301B\3401\012d\235\011\004\026\232\347\313"
 156      42E0310A 
 156      649D0904 
 156      169AE7CB 
 157 0274 65355659 		.ascii	"e5VY\354\003\002\321\3453\251\366\310\321H\234\324\030"
 157      EC0302D1 
 157      E533A9F6 
 157      C8D1489C 
 157      D418
 158 0286 B2C2E3F5 		.ascii	"\262\302\343\365\352k\277*\237^QZ\251\373\252\313\345"
 158      EA6BBF2A 
 158      9F5E515A 
 158      A9FBAACB 
ARM GAS  C:\Users\mvshv\AppData\Local\Temp\cc4hFA9e.s 			page 12


 158      E5
 159 0297 5AE2ABF1 		.ascii	"Z\342\253\361\2263\255\264\314Ws\354\370\221=\377\000"
 159      9633ADB4 
 159      CC5773EC 
 159      F8913DFF 
 159      00
 160 02a8 9EA8AAAE 		.ascii	"\236\250\252\256\361\351\207\212\213v\355\324\013\013"
 160      F1E9878A 
 160      8B76EDD4 
 160      0B0B
 161 02b6 F7EBC507 		.ascii	"\367\353\305\007\213N\026\244CK*+\017{+\230*c\177\003"
 161      8B4E16A4 
 161      434B2A2B 
 161      0F7B2B98 
 161      2A637F03 
 162 02ca 508B4043 		.ascii	"P\213@C"
 163              		.text
 164              		.section	.gnu.lto_stGetAlarm.fb69d4e1,"",%progbits
 165 0000 789C8D52 		.ascii	"x\234\215RKL\023Q\024\275g\336t\246\345SM\334\030\323"
 165      4B4C1351 
 165      14BD67DE 
 165      74A6E553 
 165      4DDC18D3 
 166 0014 C46E71D1 		.ascii	"\304nq\321I\325\270tebL`%\033W\304\340\202\005\011\206"
 166      49D5B874 
 166      65624C60 
 166      251B57C4 
 166      E0820509 
 167 0029 12B77DA5 		.ascii	"\022\267}\245E \2600*\255\301\3214\321\304\270 \325"
 167      4520B030 
 167      2AADC1D1 
 167      34D1C4B8 
 167      20D5
 168 003b 503FAD0A 		.ascii	"P?\255\012#\0250!ba\247n\210\370IH%\250$XE\360\276\031"
 168      23153021 
 168      6261A76E 
 168      88F84948 
 168      25A82458 
 169 0053 82685C38 		.ascii	"\202h\\8\231\367\2717g\316\275\347\2361\210hI#:\305"
 169      99F7B937 
 169      67CEBDE7 
 169      9E318868 
 169      49233AC5 
 170 0067 E7615EF0 		.ascii	"\347a^\360\021\264\013\263D\011\277\246\211r\210d\215"
 170      11B40BB3 
 170      4409BFA6 
 170      89728864 
 170      8D
 171 0078 EE4449D6 		.ascii	"\356DI\326\011\350^Z\007\324E\372AqM\350\210cP\\\026"
 171      09E85E5A 
 171      07D445FA 
 171      41714DE8 
 171      8863505C 
 172 008d 984BDDB1 		.ascii	"\230K\335\261\305\200\260\005A\347\360\363\213\341\305"
 172      C580B005 
 172      41E7F0F3 
 172      8BE1C5
ARM GAS  C:\Users\mvshv\AppData\Local\Temp\cc4hFA9e.s 			page 13


 173 009c A00A8130 		.ascii	"\240\012\2010\207\225\345\251|]\303-)\273\245\223Y1"
 173      8795E5A9 
 173      7C5DC32D 
 173      29BBA593 
 173      5931
 174 00ae AFE6CB32 		.ascii	"\257\346\3132`\013\215\322\014\317#\204Q\204T\361{h"
 174      600B8DD2 
 174      0CCF2384 
 174      518454F1 
 174      7B68
 175 00c0 2046BFBD 		.ascii	" F\277\275\2731To\350YA\012\300\371\3730\010|r&7\357"
 175      BB31546F 
 175      E859410A 
 175      C0F9FB30 
 175      087C7226 
 176 00d6 73E4C666 		.ascii	"s\344\306f\257t\336\335\300\217\343\246N\266\020>\265"
 176      AF74DEDD 
 176      C08FE3A6 
 176      4EB6103E 
 176      B5
 177 00e7 196A23EA 		.ascii	"\031j#\352\343\305\015J\207\372\271\000\337\222\016"
 177      E3C50D4A 
 177      87FAB900 
 177      DF920E
 178 00f6 2D61A258 		.ascii	"-a\242X\235Y\265\217n\223\247$?Nf\325\024.{Z`Ga\302"
 178      9D59B58F 
 178      6E93A724 
 178      3F4E66D5 
 178      142E7B5A 
 179 010e 031878A8 		.ascii	"\003\030x\250\212\3626,\224\240t\317\304KS\011\322]"
 179      8AF2362C 
 179      94A074CF 
 179      C44B5309 
 179      D25D
 180 0120 E4ECC8DA 		.ascii	"\344\354\310\332J\215\027*&\205\310^\373\030\310\342"
 180      4A8D172A 
 180      2685C85E 
 180      FB18C8E2 
 181 0130 3A6CE143 		.ascii	":l\341C\2215\025\224&\316\367~\230)\007\255\021\231"
 181      91351594 
 181      26CEF77E 
 181      982907AD 
 181      1199
 182 0142 4AC885DC 		.ascii	"J\310\205\334\374\236E\323\026\006\036!\213!\356TU\""
 182      FC9E45D3 
 182      16061E21 
 182      8B21EE54 
 182      5522
 183 0154 3C86C53D 		.ascii	"<\206\305=&\327\317\277\012x\025}^\321\311\3155g\227"
 183      26D7CFBF 
 183      0A78157D 
 183      5ED1C9CD 
 183      356797
 184 0167 AA22A0E1 		.ascii	"\252\"\240\341\011\363\275G\352u)\263:\015\3254\303"
 184      09F3BD47 
 184      EA7529B3 
 184      3A0DD534 
ARM GAS  C:\Users\mvshv\AppData\Local\Temp\cc4hFA9e.s 			page 14


 184      C3
 185 0178 1893AB14 		.ascii	"\030\223\253\024\252\365\036\2060\346\316\221X\272\240"
 185      AAF51E86 
 185      30E6CE91 
 185      58BAA0
 186 0187 72889557 		.ascii	"r\210\225W\220\012\273\343cd\241Pyc\306\177J\277-\314"
 186      900ABBE3 
 186      6364A150 
 186      7963C67F 
 186      4ABF2DCC 
 187 019b 34CF8630 		.ascii	"4\317\2060\2168\355\324\346w\265%\277\217\177\0152n"
 187      8E38EDD4 
 187      E677B525 
 187      BF8F7F0D 
 187      326E
 188 01ad 2F279407 		.ascii	"/'\224\007*W\235\373\324W\313\352\022\273m\021\300S"
 188      2A579DFB 
 188      D457CBEA 
 188      12BB6D11 
 188      C053
 189 01bf 76DDD992 		.ascii	"v\335\331\222\227\2749\332\003F_\2212\254\030&X\231"
 189      97BC39DA 
 189      03465F91 
 189      32AC1826 
 189      5899
 190 01d1 67580971 		.ascii	"gX\011q[\324\270\335\350\277\215\030\253\316\254g\366"
 190      5BD4B8DD 
 190      E8BF8D18 
 190      ABCEAC67 
 190      F6
 191 01e2 FD65C4A5 		.ascii	"\375e\304\245o\346\226\017\342\017\037\236\261\017\223"
 191      6FE6960F 
 191      E20F1F9E 
 191      B10F93
 192 01f1 8A6B52C9 		.ascii	"\212kR\3115\376w\312_\366_\344\337\253\026S\356\224"
 192      35FE77CA 
 192      5FF65FE4 
 192      DFAB1653 
 192      EE94
 193 0203 E1F22890 		.ascii	"\341\362(\2203\330}\333\214\346\024([\324\224\017\323"
 193      33D87DDB 
 193      8CE61428 
 193      5BD4940F 
 193      D3
 194 0214 B0708019 		.ascii	"\260p\200\031\\\004\236#J\313\350^\030X/\031\336\204"
 194      5C049E23 
 194      4ACBE85E 
 194      18582F19 
 194      DE84
 195 0226 0D35CD3E 		.ascii	"\0155\315>\246\340\376yb\341H\304\332~;bV\333\351v+"
 195      A6E0FE79 
 195      62E148C4 
 195      DA7E3B62 
 195      56DBE976 
 196 023b D6D9AACE 		.ascii	"\326\331\252\316\226XW\244\225\216\374\003p\266\243"
 196      965857A4 
 196      958EFC03 
ARM GAS  C:\Users\mvshv\AppData\Local\Temp\cc4hFA9e.s 			page 15


 196      70B6A3
 197 024a B32B669D 		.ascii	"\263+f\235ln:t\320jl<f5\237h:\027\335\372\244\245\275"
 197      6C6E3A74 
 197      D06A6C3C 
 197      66359F68 
 197      3A17DDFA 
 198 0261 FD4CA48D 		.ascii	"\375L\244\215~\001\324q\023\313"
 198      7E01D471 
 198      13CB
 199              		.text
 200              		.section	.gnu.lto_.symbol_nodes.fb69d4e1,"",%progbits
 201 0000 789C558A 		.ascii	"x\234U\212\313\015\3020\020\005g\337&\026i\203\002\250"
 201      CB0DC230 
 201      100567DF 
 201      26166983 
 201      02A8
 202 0012 012A5B1F 		.ascii	"\001*[\037R\000EPC$\302\237\002\250\2016\270 ,\347\202"
 202      52004550 
 202      4324C29F 
 202      02A88136 
 202      B8202CE7 
 203 0027 0F4F23CD 		.ascii	"\017O#\315\274\004Le\350\250\200\375\013\012\346\274"
 203      BC044C65 
 203      E8A880FD 
 203      0B0AE6BC 
 204 0037 2B665658 		.ascii	"+fVXc\372\273\310kp\235\024j\317g\205\267\347\207l9"
 204      63FABBC8 
 204      6B709D14 
 204      6ACF6785 
 204      B7E7876C 
 205 004c 5F145D9B 		.ascii	"_\024]\233\236RMvU\3645A\316[\260\233\"\375\013g\305"
 205      9E524D76 
 205      55F43541 
 205      CE5BB09B 
 205      22FD0B67 
 206 0061 E1FD35B7 		.ascii	"\341\3755\267\201\361\263\361nA\252\340\007\330\330"
 206      81F1B3F1 
 206      6E41AAE0 
 206      07D8D8
 207 0070 2B85     		.ascii	"+\205"
 208              		.text
 209              		.section	.gnu.lto_.refs.fb69d4e1,"",%progbits
 210 0000 789C6363 		.ascii	"x\234cc``\020\000bFF&&\026F\026&V\026F6&v\026\006\000"
 210      60601000 
 210      62464626 
 210      26164616 
 210      26561646 
 211 001a 033F0045 		.ascii	"\003?\000E"
 212              		.text
 213              		.section	.gnu.lto_.decls.fb69d4e1,"",%progbits
 214 0000 789CB558 		.ascii	"x\234\265X{P\024G\032\237\236^\326eyy\233\224\345UL"
 214      7B501447 
 214      1A9F9E5E 
 214      D6657979 
 214      9B94E555 
 215 0015 058D29B8 		.ascii	"\005\215)\270J\302CsI\356\352.\225\004\315\253b\356"
 215      4AC24373 
ARM GAS  C:\Users\mvshv\AppData\Local\Temp\cc4hFA9e.s 			page 16


 215      49EEEA2E 
 215      9504CDAB 
 215      62EE
 216 0027 6EF5AAEE 		.ascii	"n\365\252\356\352\250\332\020\330\004\252xx\356\232"
 216      EAA8DA10 
 216      D804AA78 
 216      78EE9A
 217 0036 AAFC7319 		.ascii	"\252\374s\031\004eE\023\301\200\"b\000yH\022\202\240"
 217      04654513 
 217      C1802262 
 217      00794812 
 217      82A0
 218 0048 022222CB 		.ascii	"\002\"\"\313S\236\202\010FD\024\361\201hD\300\027\210"
 218      539E8208 
 218      464414F1 
 218      816844C0 
 218      1788
 219 005a CA7DDD3D 		.ascii	"\312}\335=\2633;@\222\253\312M\3611\363u\177\375\373"
 219      B3333B40 
 219      92ABCA4D 
 219      F131F375 
 219      7FFDFB
 220 006d 7EDFD73D 		.ascii	"~\337\327=_\367\254\226\3438\337'9\356o\230\343\026"
 220      5FF7AC96 
 220      E338DF27 
 220      39EE6F98 
 220      E316
 221 007f F21C370D 		.ascii	"\362\0347\015\227\026\332j@\240\211\263\203\234\000"
 221      9716DA6A 
 221      40A089B3 
 221      839C00
 222 008e E9E1D835 		.ascii	"\351\341\3305\017\344\034\310\000\310 \310e\220!\220"
 222      0FE41CC8 
 222      00C820C8 
 222      65902190 
 223 009e 61901171 		.ascii	"a\220\021q\3148\310]\220\011\316\371\252@\254\377C\220"
 223      CC38C85D 
 223      9009CEF9 
 223      AA40ACFF 
 223      4390
 224 00b0 49903EB1 		.ascii	"I\220>\261\235\0271\207\271\231W\015\214\361\020\307"
 224      9D173187 
 224      B999570D 
 224      8CF110C7 
 225 00c0 18409E14 		.ascii	"\030@\236\0249\371\200\374\031\372\376\0042\015\317"
 225      39F980FC 
 225      19FAFE04 
 225      320DCF
 226 00cf AF21C6B3 		.ascii	"\257!\306\263\035\344&\210\207\350\313\027\356> \277"
 226      1DE42688 
 226      87E8CB17 
 226      EE3E20BF 
 227 00df 03D188BC 		.ascii	"\003\321\210\274\337B\214\353;pG\"_\345\325 \332~\250"
 227      DF428CEB 
 227      3B704722 
 227      5FE5D520 
 227      DA7EA8
ARM GAS  C:\Users\mvshv\AppData\Local\Temp\cc4hFA9e.s 			page 17


 228 00f2 F281443C 		.ascii	"\362\201D<^\214\375=4\223o\363\377\300\227\344\264["
 228      5E8CFD3D 
 228      34936FF3 
 228      FFC097E4 
 228      B45B
 229 0104 C19757F0 		.ascii	"\301\227W\360\325\210\271\225\270\276/r\275\253\362"
 229      D588B995 
 229      B8BE2F72 
 229      BDABF2
 230 0113 D7018DEE 		.ascii	"\327\001\215\356\277\202\257!\205\257\017D_\352\371"
 230      BF82AF21 
 230      85AF0F44 
 230      5FEAF9
 231 0122 4BC1A8BF 		.ascii	"K\301\250\277\351\233\357\360\026\214|\364\210\254\024"
 231      E99BEFF0 
 231      168C7CF4 
 231      88AC14
 232 0131 2F68DAFF 		.ascii	"/h\332\377c\305\244\007k\"\026\225\005\267\237\302<"
 232      63C5A407 
 232      6B221695 
 232      05B79FC2 
 232      3C
 233 0142 7D9CA898 		.ascii	"}\234\250\230>\241\365+\024\330\245{\217C\245\010KH"
 233      3EA1F52B 
 233      14D8A57B 
 233      8F43A508 
 233      4B48
 234 0154 5DDBC673 		.ascii	"]\333\306s\347\341\347\251\341\311\370\342\014\202j"
 234      E7E1E7A9 
 234      E1C9F8E2 
 234      0C826A
 235 0163 D0230DA8 		.ascii	"\320#\015\250c\355\351\227<A}R\217\274S0\177\241w\352"
 235      63EDE997 
 235      3C417D52 
 235      8FBC5330 
 235      7FA177EA 
 236 0177 9C27D2FB 		.ascii	"\234'\322\373\332\004a\203\220\025'\270\276\303\241"
 236      DA046183 
 236      901527B8 
 236      BEC3A1
 237 0186 0AB4081D 		.ascii	"\012\264\010\035F\2138T\211|\211\3472\344\307\241C\320"
 237      468B3854 
 237      897C89E7 
 237      32E4C7A1 
 237      43D0
 238 0198 78101AF3 		.ascii	"x\020\032\363\211;\373\375{>\311\011\202\300\243#H\217"
 238      893BFBFD 
 238      7B3EC909 
 238      82C0A323 
 238      488F
 239 01aa CA11A636 		.ascii	"\312\021\2466\020\230\217\236\021\370&7y\257\026\357"
 239      10988F9E 
 239      11F82637 
 239      79AF16EF 
 240 01ba 4184015F 		.ascii	"A\204\001_\271\373J\003?\227\217cs\373(\\\322\270\221"
 240      B9FB4A03 
 240      3F978F63 
ARM GAS  C:\Users\mvshv\AppData\Local\Temp\cc4hFA9e.s 			page 18


 240      73FB285C 
 240      D2B891
 241 01cd F8A8021F 		.ascii	"\370\250\002\037Ge\037\340\2229\331V\332\367\320\013"
 241      47651FE0 
 241      9239D956 
 241      DAF7D00B 
 242 01dd 6FA0F9E0 		.ascii	"o\240\371\3407v\224\015\317\351\244fN'C\315/\355\351"
 242      3776940D 
 242      CFE9A466 
 242      4E2743CD 
 242      2FEDE9
 243 01f0 16046F64 		.ascii	"\026\004od\007'\325\262\223*\352\204\264\202\243\251"
 243      0727D5B2 
 243      932AEA84 
 243      B482A3A9 
 244 0200 6B29BD88 		.ascii	"k)\275\210\245\320\035\324\253GR\352\365z\033\031O\035"
 244      A5D01DD4 
 244      AB4752EA 
 244      F57A1B19 
 244      4F1D
 245 0212 9176C915 		.ascii	"\221v\311\025\207\352\310H\344\277\010\325\202\012\326"
 245      87EAC848 
 245      E4BF08D5 
 245      820AD6
 246 0221 39D72BEA 		.ascii	"9\327+\352\\\330`\017P\317\355M\311\323\260\374_#\335"
 246      5CD8600F 
 246      50CFED4D 
 246      C9D3B0FC 
 246      5F23DD
 247 0234 3D13550F 		.ascii	"=\023U\017\334q1\015BS\030\367\355\250\006\371.B\200"
 247      DC71310D 
 247      425318F7 
 247      EDA806F9 
 247      2E4280
 248 0247 86F4F9D2 		.ascii	"\206\364\371\322\344r\250\005\3305\212\363\013W\272"
 248      E472A805 
 248      D8358AF3 
 248      0B57BA
 249 0256 00DE473F 		.ascii	"\000\336G?'\315\360\254\243w\032\270\220#\340\205\034"
 249      27CDF0AC 
 249      A3771AB8 
 249      9023E085 
 249      1C
 250 0267 5ABE0805 		.ascii	"Z\276\010\005@\330\307!\354\026J\247\031\000\233\030"
 250      40D8C721 
 250      EC164AA7 
 250      19009B18 
 251 0277 1F41E8BC 		.ascii	"\037A\350\274\345bH\"\300\360\357uD\261\033\240\277"
 251      E5624822 
 251      C0F0EF75 
 251      44B11BA0 
 251      BF
 252 0288 9ED26F45 		.ascii	"\236\322oE\006)\010b]\222\3214\351\252\027\261m?\207"
 252      06290862 
 252      5D92D134 
 252      E9AA17B1 
 252      6D3F87
ARM GAS  C:\Users\mvshv\AppData\Local\Temp\cc4hFA9e.s 			page 19


 253 029b 3DBD3363 		.ascii	"=\2753cl\236\022\273\355\247\260o\015\325\026\351\335"
 253      6C9E12BB 
 253      EDA7B06F 
 253      0DD516E9 
 253      DD
 254 02ac 131D1386 		.ascii	"\023\035\023\206\332\221A\221\310\023\210\274{\364\016"
 254      DA914191 
 254      C81388BC 
 254      7BF40E
 255 02bb C68F463B 		.ascii	"\306\217F;\037\271\2634\322)i\332\224\211\346\234\203"
 255      1FB9B334 
 255      D22969DA 
 255      9489E69C 
 255      83
 256 02cc 4E690E3A 		.ascii	"Ni\016:\030\257\037z\343+\304\011t\003\265\374bj\265"
 256      18AF1F7A 
 256      E32BC409 
 256      7403B5FC 
 256      626AB5
 257 02df 2B9B8333 		.ascii	"+\233\2033\244\373XkW\257\247:%]\200v\222\242\235\242"
 257      A4FB586B 
 257      57AFA73A 
 257      255D8076 
 257      92A29DA2 
 258 02f3 B43B25DA 		.ascii	"\264;%\332\335\347\267\006\251c\234\323xOsA\2602\304"
 258      DDE7B706 
 258      A9639CD3 
 258      784F7341 
 258      B032C4
 259 0306 6EA7107B 		.ascii	"n\247\020{\304\020{h\210Gj\252\252\335.\240~\004\365"
 259      C4107B68 
 259      88476AAA 
 259      AADD2EA0 
 259      7E04F5
 260 0319 03CDA713 		.ascii	"\003\315\247\023\215\020\373\017w\"T\237\226.\304\332"
 260      8D10FB0F 
 260      7722549F 
 260      962EC4DA 
 261 0329 A1956737 		.ascii	"\241\225g7\321\224(\322\020\344h\341E\014^\302\245\177"
 261      D19428D2 
 261      10E468E1 
 261      450C5EC2 
 261      A57F
 262 033b 220052A2 		.ascii	"\"\000R\242\262~\346N\272X\205f\017\212q\254\211\227"
 262      B27EE64E 
 262      BA588566 
 262      0F8A71AC 
 262      8997
 263 034d 9D2986CC 		.ascii	"\235)\206\314\340\3129\272\035\244\344 \221X\272z~\334"
 263      E0CA39BA 
 263      1DA4E420 
 263      9158BA7A 
 263      7EDC
 264 035f 5AE43E80 		.ascii	"Z\344>\200\316C\357?9.I\027E\213X\302\201\221\013.\270"
 264      CE43EF3F 
 264      392E4917 
 264      458B58C2 
ARM GAS  C:\Users\mvshv\AppData\Local\Temp\cc4hFA9e.s 			page 20


 264      81910B2E 
 265 0374 9495BE86 		.ascii	"\224\225\276\206\351\373v/6\233<)v\243m{\334\330l\316"
 265      E9FB762F 
 265      369B3C29 
 265      76A36D7B 
 265      DCD86CCE 
 266 0388 07B570EB 		.ascii	"\007\265p\353t\212\313\302\035t~\342\204\371<\372p\001"
 266      748ACBC2 
 266      1D747EE2 
 266      84F93CFA 
 266      7001
 267 039a 3A0B19EF 		.ascii	":\013\031\357\245\031\357C\013\341\177\264\2069\253"
 267      A519EF43 
 267      0BE17FB4 
 267      8639AB
 268 03a9 7ADC3DE6 		.ascii	"z\334=\346\271$K\310\032\200J\320\0210tH\020\240\342"
 268      B9244BC8 
 268      1A804AD0 
 268      11307448 
 268      10A0E2
 269 03bc 081A6286 		.ascii	"\010\032b\206\316\310\325\340\014y\365\320\017h\000"
 269      CEC8D5E0 
 269      0C79F5D0 
 269      0F6800
 270 03cb A1D3E802 		.ascii	"\241\323\350\002P;\207\226\300\360\270\302\263\211."
 270      503B8796 
 270      C0F0B8C2 
 270      B3892E
 271 03da B89FB12A 		.ascii	"\270\237\261*.\374\276_\247\341Y\321 \036\310\273\266"
 271      2EFCBE5F 
 271      A7E159D1 
 271      201EC8BB 
 271      B6
 272 03eb A57BBBD7 		.ascii	"\245{\273\327\234\\.P.\347\221H&7\341\213+\356@f\000"
 272      9C5C2E50 
 272      2EE79148 
 272      2637E18B 
 272      2BEE4066 
 273 0400 C80CFE36 		.ascii	"\310\014\3766]\260\303+\007\325\017\254`I8\250\364\253"
 273      5DB0C32B 
 273      07D50FAC 
 273      604938A8 
 273      F4AB
 274 0412 A90C502A 		.ascii	"\251\014P*\315S\007<\361u\306\244\2717\261H/\002u=\345"
 274      CD53073C 
 274      F175C6A4 
 274      B937B148 
 274      2F02753D 
 275 0427 0022315D 		.ascii	"\000\"1]\224\201.\252\201\006)\320\366\203\3673]\360"
 275      94812EAA 
 275      810629D0 
 275      F683F733 
 275      5DF0
 276 0439 3D86D45B 		.ascii	"=\206\324[~\256i\236\210T\373\264\023\245K2\322%5\322"
 276      7EAE699E 
 276      8854FBB4 
 276      13A54B32 
ARM GAS  C:\Users\mvshv\AppData\Local\Temp\cc4hFA9e.s 			page 21


 276      D22535D2 
 277 044d 658A5478 		.ascii	"e\212Tx\247\363\200\007\216\305\024\351\341\266Mc\274"
 277      A7F38007 
 277      8EC514E9 
 277      E1B64D63 
 277      BC
 278 045e 32132449 		.ascii	"2\023$Ir*\256:MKn]A\017/\272m\314\\\220\035'\024\010"
 278      722AAE3A 
 278      4D4B6E5D 
 278      410F2FBA 
 278      6DCC5C90 
 279 0476 A4468315 		.ascii	"\244F\203\025\272\"\373\275\242\366;D\375\216m\275\225"
 279      BA22FBBD 
 279      A2F63B44 
 279      FD8E6DBD 
 279      95
 280 0487 E585B732 		.ascii	"\345\205\2672\277\323cE\247]\010\024\324\372\3437^\310"
 280      BFD36345 
 280      A75D0814 
 280      D4FAE337 
 280      5EC8
 281 0499 2CBE26D8 		.ascii	",\276&\330\364t\031\240k2\3225\261\264\242a\212`\037"
 281      F47419A0 
 281      6B32D235 
 281      B1B4A261 
 281      8A601F
 282 04ac CD4DC3B8 		.ascii	"\315M\303\270\203!\\\234\230\256wW\276\302\344}\227"
 282      83215C9C 
 282      98AE7757 
 282      BEC2E47D 
 282      97
 283 04bd 5FE11BEC 		.ascii	"_\341\033\354\025\006\303\216\326\324\035^t\001@\233"
 283      1506C38E 
 283      D6D41D5E 
 283      7401409B 
 284 04cd B800A6E3 		.ascii	"\270\000\246\343v\335\233{1\336\244Q\377(-\200\330S"
 284      76DD9B7B 
 284      31DEA451 
 284      FF282D80 
 284      D853
 285 04df A79B91C8 		.ascii	"\247\233\221\310\265u\352\205\214CB\274\013\261A\327"
 285      B575EA85 
 285      8C4342BC 
 285      0BB141D7 
 286 04ef 65A6D725 		.ascii	"e\246\327%\246#\224i\177\345\203~\367\305\2238\0236"
 286      A6239469 
 286      7FE5837E 
 286      F7C59338 
 286      1336
 287 0501 01A89E74 		.ascii	"\001\250\236t\277\331w<O\207\0234\224|v\373\355\035"
 287      BFD9773C 
 287      4F871334 
 287      947C76FB 
 287      ED1D
 288 0513 7A9CCA94 		.ascii	"z\234\312\224\314K]Y\236\317\345\010\235v\262\332_\335"
 288      CC4B5D59 
 288      9ECFE508 
ARM GAS  C:\Users\mvshv\AppData\Local\Temp\cc4hFA9e.s 			page 22


 288      9D76B2DA 
 288      5FDD
 289 0525 952FD892 		.ascii	"\225/\330\222b\35184\006\036`!)j\365(\264\334B\2139"
 289      62E93834 
 289      061E6021 
 289      296AF528 
 289      B4DC428B 
 290 053a 348E9E83 		.ascii	"4\216\236\203\261i\273s\312\370\305_k\210\243n\346("
 290      B169BB73 
 290      CAF8C55F 
 290      6B88A36E 
 290      E628
 291 054c DD3E3AE0 		.ascii	"\335>:\340\201\277e\330E\023\227\356kD\354\256\247c"
 291      81BF65D8 
 291      451397EE 
 291      6B44ECAE 
 291      A763
 292 055e B3ECF1DE 		.ascii	"\263\354\361\336\264\326\021`X\016\212\002y\007Zn\023"
 292      B4D61160 
 292      580E8A02 
 292      79075A6E 
 292      13
 293 056f E0BB14F8 		.ascii	"\340\273\024\370Ab\306\015\335\342\303J\340\316\372"
 293      4162C60D 
 293      DDE2C34A 
 293      E0CEFA
 294 057e D62284EB 		.ascii	"\326\"\204\353\031p\327\305\355\373\221\004\374\214"
 294      1970D7C5 
 294      EDFB9104 
 294      FC8C
 295 058c 33F09013 		.ascii	"3\360\220\023\360}h\271G\200'(p\346\303\251]\236\312"
 295      F07D68B9 
 295      47802728 
 295      70E6C3A9 
 295      5D9ECA
 296 059f 7923732E 		.ascii	"y#s.\317\333\244Xz'i\351\225v\004\203\270#\244W\336"
 296      CFDBA458 
 296      7A2769E9 
 296      95760483 
 296      B823A457 
 297 05b4 6911376D 		.ascii	"i\0217m\035\351\036\371\256\334\203\225\030;\351>u5"
 297      1DE91EF9 
 297      AEDC8395 
 297      183BE93E 
 297      7535
 298 05c6 3B5EDC8C 		.ascii	";^\334\214:\211^w\372\370\250\006w1\306i]%+\311\316"
 298      3A895E77 
 298      FAF8A806 
 298      7731C669 
 298      5D252BC9 
 299 05db 14F78BCE 		.ascii	"\024\367\213\316:0\240\255m\252\335\005\237a\243\267"
 299      3A30A0AD 
 299      6DAADD05 
 299      9F61A3B7 
 300 05eb 3494368A 		.ascii	"4\2246\212\307\265&\242\247\034\251\253t\303}\254\363"
 300      C7B526A2 
 300      A71CA9AB 
ARM GAS  C:\Users\mvshv\AppData\Local\Temp\cc4hFA9e.s 			page 23


 300      74C37DAC 
 300      F3
 301 05fc 52E2609D 		.ascii	"R\342`\235\026\0170E\"e\020Ie\366\335mA\3702\353\254"
 301      160F3045 
 301      22651049 
 301      65F6DD6D 
 301      41F832EB 
 302 0611 2C3FDA28 		.ascii	",?\332(\006\020\240\250\221\006V#\313\25667\352Y<\002"
 302      0610A0A8 
 302      91065623 
 302      CBAE3637 
 302      EA593C02 
 303 0625 2275B0EB 		.ascii	"\"u\260\353\334\353x\230\215\254\035/\336'\306\206A"
 303      DCEB7898 
 303      8DAC1D2F 
 303      DE27C686 
 303      41
 304 0636 1D48AA9B 		.ascii	"\035H\252\233\366\232s\243\335\302\213\033m\"OC\271"
 304      F69A73A3 
 304      DDC28B1B 
 304      6D224F43 
 304      B9
 305 0647 9B54FC96 		.ascii	"\233T\374\226\2747j\350\321\315\306/B\011<\261\336\312"
 305      BC376AE8 
 305      D1CDC62F 
 305      42093CB1 
 305      DECA
 306 0659 1BA43174 		.ascii	"\033\2441t\275_\314;\357\251\264\236\376)\353\242\234"
 306      BD5FCC3B 
 306      EFA9B49E 
 306      FE29EBA2 
 306      9C
 307 066a BC9D7A7C 		.ascii	"\274\235z|\223\221\334}\273\177X\234/_P\363\357U\306"
 307      9391DC7D 
 307      BB7F589C 
 307      2F5F50F3 
 307      EF55C6
 308 067d E9F018EB 		.ascii	"\351\360\030\353\373\352\330\236\366y\370.S\244\343"
 308      FBEAD89E 
 308      F679F82E 
 308      53A4E3
 309 068c AE811E77 		.ascii	"\256\201\036w\321\206\037\336\304\223\254\247:y;\324"
 309      D1861FDE 
 309      C493ACA7 
 309      3A793BD4 
 310 069c D2474C19 		.ascii	"\322GL\031\211\2772 \346g!\250\251\2557|\360\006\027"
 310      89BF3220 
 310      E66721A8 
 310      A9AD377C 
 310      F00617
 311 06af DAF5B8A9 		.ascii	"\332\365\270\251\316\007\333\330scY\301>\204\277d\312"
 311      CE07DBD8 
 311      736359C1 
 311      3E84BF64 
 311      CA
 312 06c0 787AE30D 		.ascii	"xz\343\015=\336\316\224\254\256\214\303:\234\312\224"
 312      3DDECE94 
ARM GAS  C:\Users\mvshv\AppData\Local\Temp\cc4hFA9e.s 			page 24


 312      ACAE8CC3 
 312      3A9CCA94 
 313 06d0 FC891DF9 		.ascii	"\374\211\035\371\3568\235)\335\025=67\234\311\024[I"
 313      EE389D29 
 313      DD153D36 
 313      379CC914 
 313      5B49
 314 06e2 499A1BCE 		.ascii	"I\232\033\316a\312\206\312\336dq\037\033 \372\345\274"
 314      61CA86CA 
 314      DE64711F 
 314      1B20FAE5 
 314      BC
 315 06f3 CB59E2B1 		.ascii	"\313Y\342\261D\320\202\236\330\325\006kz\0373N\036\035"
 315      44D0829E 
 315      D8D5066B 
 315      7A1F334E 
 315      1E1D
 316 0705 FF4A3BE7 		.ascii	"\377J;\347<dK\363\020@\247\241\2744\347\226N=\017\017"
 316      3C644BF3 
 316      1040A7A1 
 316      BC34E796 
 316      4E3D0F0F 
 317 0719 C17A8A5A 		.ascii	"\301z\212Z\357\245\231\315\2262[__\365\010\251\347a"
 317      EFA599CD 
 317      96325B5F 
 317      5FF508A9 
 317      E761
 318 072b 2EEB05F6 		.ascii	".\353\005\366\204\254\215nh)\273\236X*]\276\344\337"
 318      84AC8D6E 
 318      6829BB9E 
 318      582A5DBE 
 318      E4DF
 319 073d 5E213E0E 		.ascii	"^!>\016j\313\367xs\311\345\223\261B\356B\012\225\304"
 319      6ACBF778 
 319      73C9E593 
 319      B142EE42 
 319      0A95C4
 320 0750 63F41DFF 		.ascii	"c\364\035\377\204\374\036l\243\363[A\32096d\360s\330"
 320      84FC1E6C 
 320      A3F35B41 
 320      D0393664 
 320      F073D8
 321 0763 5CE23135 		.ascii	"\\\34215\337\2516O\245\346\201\262u\255\302z\267\332"
 321      DFA9364F 
 321      A5E681B2 
 321      75ADC27A 
 321      B7DA
 322 0775 9A9196AC 		.ascii	"\232\221\226\254c\005\373Y\033\216\245\346_\360\006"
 322      6305FB59 
 322      1B8EA5E6 
 322      5FF006
 323 0784 B4593497 		.ascii	"\264Y4\227\226\031\3324\203K\213\002=}vt\245y\227\302"
 323      9619DA34 
 323      834B8B02 
 323      3D7D7674 
 323      A57997C2 
 324 0798 7C97DA3C 		.ascii	"|\227\332<AM}\334\206e\363\015j\363X\005\231dq>\004"
ARM GAS  C:\Users\mvshv\AppData\Local\Temp\cc4hFA9e.s 			page 25


 324      414D7DDC 
 324      8665F30D 
 324      6AF35805 
 324      9964713E 
 325 07ad D81E5026 		.ascii	"\330\036P&\320\375\232v\022{( \250\224\367E\373\371"
 325      D0FD9A76 
 325      127B2820 
 325      A894F745 
 325      FBF9
 326 07bf A5A81024 		.ascii	"\245\250\020$\037\244\000\344\033\220r\220<\220\357"
 326      1FA400E4 
 326      1B907290 
 326      3C90EF
 327 07ce 414A     		.ascii	"AJ"
 328 07d0 408A412A 		.ascii	"@\212A*@rA\016\203\354\0039\010R\004\362-H\031\310\001"
 328      4072410E 
 328      83EC0339 
 328      085204F2 
 328      2D4819C8 
 329 07e5 9043FC52 		.ascii	"\220C\374R\272\2610\232\017\376#\263\314P\263\364W\247"
 329      BAB1309A 
 329      0FFE23B3 
 329      CC50B3F4 
 329      57A7
 330 07f7 E0BA2205 		.ascii	"\340\272\"\005;f\237='se\016\342f\317\2012e\012.{f\345"
 330      3B669F3D 
 330      2773650E 
 330      E266CF81 
 330      32650A2E 
 331 080e A2307EA0 		.ascii	"\2420~\240\240\362\225\332x\373\014*\343\012\363\224"
 331      A0F295DA 
 331      78FB0C2A 
 331      E30AF394 
 332 081e D9CD95EB 		.ascii	"\331\315\225\353n\263\202\370c\2442\1774ci\014*\003"
 332      6EB382F8 
 332      63A4327F 
 332      3463690C 
 332      2A03
 333 0830 DDA8868F 		.ascii	"\335\250\206\217wf\003k\264e\263\270Rs`\245f\211\366"
 333      7766036B 
 333      B465B3B8 
 333      527360A5 
 333      6689F6
 334 0843 D28B881E 		.ascii	"\322\213\210\036\310\013\233}\273\216<6\304\302\362"
 334      C80B9B7D 
 334      BB8E3C36 
 334      C4C2F2
 335 0852 20569C78 		.ascii	" V\234x>\220g\360\261\015W\300qv\263\226:\027\324\316"
 335      3E9067F0 
 335      B10D57C0 
 335      7176B396 
 335      3A17D4CE 
 336 0866 1F21556C 		.ascii	"\037!Ulg\025\231H\233}\031;\255zeh_\252\3557\315\310"
 336      67159948 
 336      9B7D193B 
 336      AD7A6568 
 336      5FAAED37 
ARM GAS  C:\Users\mvshv\AppData\Local\Temp\cc4hFA9e.s 			page 26


 337 087c 9CD23C79 		.ascii	"\234\322<y\366z@\315\311\231\246\355t\201'\036\244e"
 337      F67A40CD 
 337      C999A6ED 
 337      7481271E 
 337      A465
 338 088e 8F2FB5F5 		.ascii	"\217/\265\365\026z!\337'X\304\2477\3438\022\361Q\030"
 338      167A21DF 
 338      2758C4A7 
 338      37E33812 
 338      F15118
 339 08a1 7D84771C 		.ascii	"}\204w\034\212H\002\346xaP%\274'\377\357w\206|\273U"
 339      8A4802E6 
 339      78615025 
 339      BC27FFEF 
 339      77867CBB 
 340 08b6 67976B94 		.ascii	"g\227k\224\247\215\243\212\0009T\305\263\323\006\334"
 340      A78DA38A 
 340      003954C5 
 340      B3D306DC 
 341 08c6 49E1AFED 		.ascii	"I\341\257\355L\323)\215o:\035M\216\211\306\307\250\361"
 341      4CD3298D 
 341      6F3A1D4D 
 341      8E89C6C7 
 341      A8F1
 342 08d8 89874D25 		.ascii	"\211\207M%Z<\302v\201\366\206Si\363\360F-\375\265`w"
 342      5A3CC276 
 342      81F68653 
 342      69F3F046 
 342      2DFDB560 
 343 08ed 7DD9881B 		.ascii	"}\331\210\033re\277\026\370&\320o\364\270\244\371\310"
 343      7265BF16 
 343      F826D06F 
 343      F4B8A4F9 
 343      C8
 344 08fe F18D5E0F 		.ascii	"\361\215^\017\361\326\360\256\000U\013\351\250\203t"
 344      F1D6F0AE 
 344      00550BE9 
 344      A88374
 345 090d 901F0B48 		.ascii	"\220\037\013H\013\375\001a>}T\374\312\000*\262\363\216"
 345      0BFD0161 
 345      3E7D54FC 
 345      CA002AB2 
 345      F38E
 346 091f 5F19C8F9 		.ascii	"_\031\310\371\265q\264P\247<\277\022\023\371\000\333"
 346      B571B450 
 346      A73CBF12 
 346      13F900DB 
 347 092f C02B8FED 		.ascii	"\300+\217\355'\217\234<\244\205\363\253}\200\236\265"
 347      278F9C3C 
 347      A485F3AB 
 347      7D809EB5 
 348 093f 2BCE5C13 		.ascii	"+\316\\\023\004\0102\036i\210!\252\226'\254\232W\235"
 348      0408321E 
 348      698821AA 
 348      9627AC9A 
 348      579D
 349 0951 DC1B7972 		.ascii	"\334\033yr\232\315>x'\335\003o\321\262m\274\264\247"
ARM GAS  C:\Users\mvshv\AppData\Local\Temp\cc4hFA9e.s 			page 27


 349      9ACD3E78 
 349      27DD036F 
 349      D1B26DBC 
 349      B4A7
 350 0963 5A426B79 		.ascii	"ZBky\236}{d\263o\217\3432\322q5R\023E\352\233\256\310"
 350      9E7D7B64 
 350      B36F8FE3 
 350      32D27135 
 350      521345EA 
 351 097a F2C05F33 		.ascii	"\362\300_3\244\274\253\355q\256\"\322\365\027\034H\344"
 351      A4BCABED 
 351      71AE22D2 
 351      F5171C48 
 351      E4
 352 098b 3CD82C23 		.ascii	"<\330,#5\253\221Z(R\365pn\272\006\0273\244\241\216\202"
 352      35AB915A 
 352      2852F570 
 352      6EBA0617 
 352      33A4A18E 
 353 09a0 7089929F 		.ascii	"p\211\222\237\023\245V\031\250U\015\324F\201\312v\246"
 353      13A55619 
 353      A8550DD4 
 353      4681CA76 
 353      A6
 354 09b1 BE866B18 		.ascii	"\276\206k\030N_M\346Y^\004\032\331o\310\241\0378IK\351"
 354      4E5F4DE6 
 354      595E041A 
 354      D96FC8A1 
 354      1F38494B 
 355 09c6 074EBB8C 		.ascii	"\007N\273\214\324\256F:\301/\341\236\361\363\363w\374"
 355      D4AE463A 
 355      C12FE19E 
 355      F1F3F377 
 355      FC
 356 09d7 C558FCC3 		.ascii	"\305X\374\303C\"\375-\353B\311\335d\261\372\205\352"
 356      4322FD2D 
 356      EB42C9DD 
 356      64B1FA85 
 356      EA
 357 09e8 DEFEE0EF 		.ascii	"\336\376\340\357\336A\201\201\234\336dZ\037\021m]\276"
 357      DE418181 
 357      9CDE645A 
 357      1F116D5D 
 357      BE
 358 09f9 CC64FD38 		.ascii	"\314d\3758\364\217\301\241\341\021\037EX\254\353\303"
 358      F48FC1A1 
 358      E1111F45 
 358      58ACEBC3 
 359 0a09 226282AD 		.ascii	"\"b\202\25511\221\226\340O\242\327{\323'\357\220uQ\336"
 359      31319196 
 359      E04FA2D7 
 359      7BD327EF 
 359      907551DE 
 360 0a1d E6A88FCC 		.ascii	"\346\250\217\314aa\346\260\340W\374\002\274\227\005"
 360      6161E6B0 
 360      E057FC02 
 360      BC9705
ARM GAS  C:\Users\mvshv\AppData\Local\Temp\cc4hFA9e.s 			page 28


 361 0a2c 04BEF2EF 		.ascii	"\004\276\362\357\227\202\241\375\305\350\230h\363\213"
 361      9782A1FD 
 361      C5E89868 
 361      F38B
 362 0a3a E6908F22 		.ascii	"\346\220\217\"\202#\242C#\327\207\231\203\243B\000+"
 362      8223A243 
 362      23D78799 
 362      83A34200 
 362      2B
 363 0a4b DA1C6C0A 		.ascii	"\332\034l\0123\177\034\262>\322j\262~\266\326l\361\013"
 363      337F1CB2 
 363      3ED26AB2 
 363      7EB6D66C 
 363      F10B
 364 0a5d E77492BF 		.ascii	"\347t\222\277\177\375\252\376,\237Y\202!\2640\000\007"
 364      7FFDAAFE 
 364      2C9F5982 
 364      21B43000 
 364      07
 365 0a6e 27AEA05A 		.ascii	"'\256\240Z#\242\314&\353\263\252L\254\263\372\213C\374"
 365      23A2CC26 
 365      EBB3AA4C 
 365      ACB3FA8B 
 365      43FC
 366 0a80 43C38909 		.ascii	"C\303\211\011XkB\303C\326i-\326w\243#\254\336?\2239"
 366      586B42C3 
 366      43D6692D 
 366      D677A323 
 366      ACDE3F93 
 367 0a95 CEDD625D 		.ascii	"\316\335b]m\015Yg}#\022\210\270\021%f-}\326\303\263"
 367      6D0D5967 
 367      7D231288 
 367      B8112566 
 367      2D7DD6C3 
 368 0aaa D92A3DBE 		.ascii	"\331*=\276mvX\230\"#\303L\021\200\375\362,\330kc\326"
 368      6D765898 
 368      2223C34C 
 368      1180FDF2 
 368      2CD86B63 
 369 0abf 592DFEAB 		.ascii	"Y-\376\253\327\254Z\276\314\377\375\367W\370\257yw\325"
 369      D7AC5ABE 
 369      CCFFFDF7 
 369      57F8AF79 
 369      77D5
 370 0ad1 A781A237 		.ascii	"\247\201\24272\220\004\023\032\276\3723\313;!\221V\365"
 370      32900413 
 370      1ABEFA33 
 370      CB3B2191 
 370      56F5
 371 0ae3 B43A0503 		.ascii	"\264:\005\003\226\036Jn\234\207\311\364\361\372\350"
 371      961E4A6E 
 371      9C87C9F4 
 371      F1FAE8
 372 0af2 5093C9EF 		.ascii	"P\223\311\357\225\227_]\256\22347\231\247\223\311\037"
 372      95975F5D 
 372      AE933437 
 372      99A793C9 
ARM GAS  C:\Users\mvshv\AppData\Local\Temp\cc4hFA9e.s 			page 29


 372      1F
 373 0b03 02DC64DA 		.ascii	"\002\334d\332\316=/\271\004\005\2552.\347\377b\324\254"
 373      CE3D2FB9 
 373      0405AD32 
 373      2EE7FF62 
 373      D4AC
 374 0b15 58F58611 		.ascii	"X\365\206\021\257\0102j\336\\\261\306\210\203\202\214"
 374      AF08326A 
 374      DE5CB1C6 
 374      8883828C 
 375 0b25 D808F286 		.ascii	"\330\010\362\206\321\210\377\272:\010\007}\260F\023"
 375      D188FFBA 
 375      3A08077D 
 375      B04613
 376 0b34 14B4D248 		.ascii	"\024\264\322H\355\227\321\377\201x\345\333F~5\214|w"
 376      ED97D1FF 
 376      8178E5DB 
 376      467E358C 
 376      7C77
 377 0b46 A551B37A 		.ascii	"\245Q\263z\025X\007\031\227\201\004\202\345?\214\277"
 377      15580719 
 377      97810482 
 377      E53F8CBF 
 378 0b56 FFC539B1 		.ascii	"\377\3059\261X\243\310\262\211\210\202@\335\034\212"
 378      58A3C8B2 
 378      89888240 
 378      DD1C8A
 379 0b65 C9BA40CA 		.ascii	"\311\272@\312\260\305\024B\250\233BB\255\021\237\232"
 379      B0C51442 
 379      A89B4242 
 379      AD119F9A 
 380 0b75 5D4C6FC2 		.ascii	"]Lo\30222\210\235\026\222\026\326\377\033GS\314Z\326"
 380      3232889D 
 380      169216D6 
 380      FF1B4753 
 380      CC5AD6
 381 0b88 325F6A31 		.ascii	"2_j1[\235\033>\221\032\376\013^\255\374\212"
 381      5B9D1B3E 
 381      911AFE0B 
 381      5EADFC8A 
 382              		.text
 383              		.section	.gnu.lto_.symtab.fb69d4e1,"",%progbits
 384 0000 7374496E 		.ascii	"stInit\000"
 384      697400
 385 0007 00       		.ascii	"\000"
 386 0008 00       		.ascii	"\000"
 387 0009 00       		.ascii	"\000"
 388 000a 00000000 		.ascii	"\000\000\000\000\000\000\000\000"
 388      00000000 
 389 0012 DC000000 		.ascii	"\334\000\000\000"
 390 0016 73745374 		.ascii	"stStartAlarm\000"
 390      61727441 
 390      6C61726D 
 390      00
 391 0023 00       		.ascii	"\000"
 392 0024 00       		.ascii	"\000"
 393 0025 00       		.ascii	"\000"
ARM GAS  C:\Users\mvshv\AppData\Local\Temp\cc4hFA9e.s 			page 30


 394 0026 00000000 		.ascii	"\000\000\000\000\000\000\000\000"
 394      00000000 
 395 002e E0000000 		.ascii	"\340\000\000\000"
 396 0032 73745374 		.ascii	"stStopAlarm\000"
 396      6F70416C 
 396      61726D00 
 397 003e 00       		.ascii	"\000"
 398 003f 00       		.ascii	"\000"
 399 0040 00       		.ascii	"\000"
 400 0041 00000000 		.ascii	"\000\000\000\000\000\000\000\000"
 400      00000000 
 401 0049 E2000000 		.ascii	"\342\000\000\000"
 402 004d 73745365 		.ascii	"stSetAlarm\000"
 402      74416C61 
 402      726D00
 403 0058 00       		.ascii	"\000"
 404 0059 00       		.ascii	"\000"
 405 005a 00       		.ascii	"\000"
 406 005b 00000000 		.ascii	"\000\000\000\000\000\000\000\000"
 406      00000000 
 407 0063 E4000000 		.ascii	"\344\000\000\000"
 408 0067 73744765 		.ascii	"stGetAlarm\000"
 408      74416C61 
 408      726D00
 409 0072 00       		.ascii	"\000"
 410 0073 00       		.ascii	"\000"
 411 0074 00       		.ascii	"\000"
 412 0075 00000000 		.ascii	"\000\000\000\000\000\000\000\000"
 412      00000000 
 413 007d E7000000 		.ascii	"\347\000\000\000"
 414 0081 73745F6C 		.ascii	"st_lld_init\000"
 414      6C645F69 
 414      6E697400 
 415 008d 00       		.ascii	"\000"
 416 008e 02       		.ascii	"\002"
 417 008f 00       		.ascii	"\000"
 418 0090 00000000 		.ascii	"\000\000\000\000\000\000\000\000"
 418      00000000 
 419 0098 E9000000 		.ascii	"\351\000\000\000"
 420 009c 63685379 		.ascii	"chSysHalt\000"
 420      7348616C 
 420      7400
 421 00a6 00       		.ascii	"\000"
 422 00a7 02       		.ascii	"\002"
 423 00a8 00       		.ascii	"\000"
 424 00a9 00000000 		.ascii	"\000\000\000\000\000\000\000\000"
 424      00000000 
 425 00b1 EE000000 		.ascii	"\356\000\000\000"
 426              		.text
 427              		.section	.gnu.lto_.opts,"",%progbits
 428 0000 272D666D 		.ascii	"'-fmath-errno' '-fsigned-zeros' '-ftrapping-math' '"
 428      6174682D 
 428      6572726E 
 428      6F272027 
 428      2D667369 
 429 0033 2D666E6F 		.ascii	"-fno-trapv' '-fno-openmp' '-fno-openacc' '-mcpu=cor"
 429      2D747261 
ARM GAS  C:\Users\mvshv\AppData\Local\Temp\cc4hFA9e.s 			page 31


 429      70762720 
 429      272D666E 
 429      6F2D6F70 
 430 0066 7465782D 		.ascii	"tex-m4' '-mno-thumb-interwork' '-mthumb' '-O2' '-fo"
 430      6D342720 
 430      272D6D6E 
 430      6F2D7468 
 430      756D622D 
 431 0099 6D69742D 		.ascii	"mit-frame-pointer' '-falign-functions=16' '-ffuncti"
 431      6672616D 
 431      652D706F 
 431      696E7465 
 431      72272027 
 432 00cc 6F6E2D73 		.ascii	"on-sections' '-fdata-sections' '-fno-common' '-flto"
 432      65637469 
 432      6F6E7327 
 432      20272D66 
 432      64617461 
 433 00ff 2700     		.ascii	"'\000"
 434              		.text
 435              		.comm	__gnu_lto_v1,1,1
 436              		.comm	__gnu_lto_slim,1,1
 437              		.ident	"GCC: (GNU Tools for Arm Embedded Processors 7-2017-q4-major) 7.2.1 20170904 (release) [ARM
ARM GAS  C:\Users\mvshv\AppData\Local\Temp\cc4hFA9e.s 			page 32


DEFINED SYMBOLS
                            *ABS*:00000000 hal_st.c
                            *COM*:00000001 __gnu_lto_v1
                            *COM*:00000001 __gnu_lto_slim

NO UNDEFINED SYMBOLS
