ARM GAS  C:\Users\mvshv\AppData\Local\Temp\ccIa8jwm.s 			page 1


   1              		.cpu cortex-m4
   2              		.eabi_attribute 20, 1
   3              		.eabi_attribute 21, 1
   4              		.eabi_attribute 23, 3
   5              		.eabi_attribute 24, 1
   6              		.eabi_attribute 25, 1
   7              		.eabi_attribute 26, 1
   8              		.eabi_attribute 30, 2
   9              		.eabi_attribute 34, 1
  10              		.eabi_attribute 18, 4
  11              		.file	"nvic.c"
  12              		.section	.gnu.lto_.profile.fb69d78b,"",%progbits
  13 0000 789C6363 		.ascii	"x\234cc```\001bF\006u)\000\000\340\000M"
  13      60606001 
  13      62460675 
  13      290000E0 
  13      004D
  14              		.text
  15              		.section	.gnu.lto_.icf.fb69d78b,"",%progbits
  16 0000 789C6363 		.ascii	"x\234cc``P`@\000V\206\035[N\235bc\234\266c\346\003n"
  16      60605060 
  16      40005686 
  16      1D5B4E9D 
  16      62639CB6 
  17 0018 A6EF9F9B 		.ascii	"\246\357\237\233\23712\317<\262\263\237\213e\321\353"
  17      9F3132CF 
  17      3CB2B39F 
  17      8B65D1EB 
  18 0028 BD2F9819 		.ascii	"\275/\230\031\000\376Y\017F"
  18      00FE590F 
  18      46
  19              		.text
  20              		.section	.gnu.lto_.jmpfuncs.fb69d78b,"",%progbits
  21 0000 789C6363 		.ascii	"x\234cc``\310e@\000\026\006&FF\346\3729\314\014 \314"
  21      6060C865 
  21      40001606 
  21      264646E6 
  21      FA39CC0C 
  22 0016 0804209A 		.ascii	"\010\004 \232\011Y\220\211q\0123c\363\257\375\237\371"
  22      09599089 
  22      710A3363 
  22      F3AFFD9F 
  22      F9
  23 0027 EAFF3648 		.ascii	"\352\3776H\314af\\\300\014\324\310\270\231\261\236\201"
  23      CC61665C 
  23      C00CD4C8 
  23      B899B19E 
  23      81
  24 0038 F1000B23 		.ascii	"\361\000\013#\003\020\377\371\377\377??#\023P\335\264"
  24      0310FFF9 
  24      FFFF3F3F 
  24      231350DD 
  24      B4
  25 0049 D643E7D9 		.ascii	"\326C\347\331\273\231\201\252\030\031\030\2670\312\200"
  25      BB9981AA 
  25      181918B7 
  25      30CA80
ARM GAS  C:\Users\mvshv\AppData\Local\Temp\ccIa8jwm.s 			page 2


  26 0058 300BD454 		.ascii	"0\013\324T\006\000\264K\033^"
  26      0600B44B 
  26      1B5E
  27              		.text
  28              		.section	.gnu.lto_.inline.fb69d78b,"",%progbits
  29 0000 789C458E 		.ascii	"x\234E\216\301\015\3020\014E\377w\254$m\0170\000R3A"
  29      C10DC230 
  29      0C45FF77 
  29      AC246D0F 
  29      30005233 
  30 0015 D7825DB8 		.ascii	"\327\202]\270r\344\320\035zf\005\304(\034\221\270\360"
  30      72E4D01D 
  30      7A6605C4 
  30      281C91B8 
  30      F0
  31 0026 9342B164 		.ascii	"\223B\261d[\226\277\337w\004\260\340\037\016\364\035"
  31      5B96BFDF 
  31      7704B0E0 
  31      1F0EF41D 
  32 0036 8D851A6A 		.ascii	"\215\205\032j\361\370\234\020\347\321`\217\235CS\326"
  32      F1F89C10 
  32      E7D1608F 
  32      9D4353D6 
  33 0046 2683C889 		.ascii	"&\203\310\211l\222\340\363\270J\264\365\0061t=\035\345"
  33      6C92E0F3 
  33      B84AB4F5 
  33      0631743D 
  33      1DE5
  34 0058 74097CBF 		.ascii	"t\011|\277\356\267t\016\327\000\016\\x\020\367\370\355"
  34      EEB7740E 
  34      D7000E5C 
  34      7810F7F8 
  34      ED
  35 0069 3A6E4E2E 		.ascii	":nN.\366J\020j_\235J}\306\006\241\250L\361g\265\011"
  35      F64A106A 
  35      5F9D4A7D 
  35      C606A1A8 
  35      4CF167B5 
  36 007e 372B7C00 		.ascii	"7+|\000d\232\027\014"
  36      649A170C 
  37              		.text
  38              		.section	.gnu.lto_.pureconst.fb69d78b,"",%progbits
  39 0000 789C6363 		.ascii	"x\234cc``\340\004b\026\006)F)&)\026)\000\002\306\000"
  39      6060E004 
  39      62160629 
  39      46292629 
  39      16290002 
  40 0016 83       		.ascii	"\203"
  41              		.text
  42              		.section	.gnu.lto_nvicEnableVector.fb69d78b,"",%progbits
  43 0000 789C9D53 		.ascii	"x\234\235S\317k\023A\024\236o\337\356&\3064w1h\017B"
  43      CF6B1341 
  43      149E6FDF 
  43      EE26C634 
  43      7731680F 
  44 0015 E9254BF1 		.ascii	"\351%K\361\340Y\004\017B/\376\007\322\213\005\233\224"
  44      E059040F 
ARM GAS  C:\Users\mvshv\AppData\Local\Temp\ccIa8jwm.s 			page 3


  44      422FFE07 
  44      D28B059B 
  44      94
  45 0026 568AB74E 		.ascii	"V\212\267N\222\232\266\232C\241\277 \254\222b\253\005"
  45      929AB69A 
  45      43A1BF20 
  45      AC9262AB 
  45      05
  46 0037 A931B455 		.ascii	"\2511\264US\253\2561\265\015\242b)\336\265E\241bisR"
  46      53ABAE31 
  46      B50DA262 
  46      29DEB545 
  46      A1626973 
  47 004c 68AB6F76 		.ascii	"h\253ov\202\012\352A\207\235\2673\357}\357\275\357\233"
  47      820AEA41 
  47      879DB733 
  47      EF7DEFBD 
  47      EF9B
  48 005e D9B58510 		.ascii	"\331\265\205\020gH\210\023\374>\314\023$`\014\275\022"
  48      67488813 
  48      FC3ECC13 
  48      24600CBD 
  48      12
  49 006f 22193400 		.ascii	"\"\0314\000\265\220A\210^\003\275\310\322\010\241\334"
  49      B5904188 
  49      5E03BDC8 
  49      D208A1DC 
  50 007f FFA16434 		.ascii	"\377\241d4\337\222<\274\361\332!9\355\301\345\3641\236"
  50      DF923CBC 
  50      F1DA2139 
  50      EDC1E5F4 
  50      319E
  51 0091 6A6016CD 		.ascii	"j`\026\315\214z\323w\327\245\253\344\022`\362v\347e"
  51      8C7AD377 
  51      D7A5ABE4 
  51      1260F276 
  51      E765
  52 00a3 6E3DA2B6 		.ascii	"n=\242\266\006\032y\273'G\306\"\324\002\301\353\215"
  52      061A79BB 
  52      2747C622 
  52      D402C1EB 
  52      8D
  53 00b4 17378602 		.ascii	"\0277\206\002MSR\246\244W\231$y\314%\302=\020\027\304"
  53      4D5352A6 
  53      A4579924 
  53      79CC25C2 
  53      3D1017C4 
  54 00c8 3CA29843 		.ascii	"<\242\230CT\260K\340>\232\030~;\365\3613\321q?\365\375"
  54      54B04BE0 
  54      3E9A187E 
  54      3BF5F133 
  54      D1713FF5 
  55 00dd CABB11AB 		.ascii	"\312\273\021\253\236\2721UO}\360\207\324\022\232||q"
  55      9EBA3155 
  55      4F7DF087 
  55      D4129A7C 
  55      7C71
ARM GAS  C:\Users\mvshv\AppData\Local\Temp\ccIa8jwm.s 			page 4


  56 00ef 7FB4C136 		.ascii	"\177\264\30165W,\300\026\340Ea\325\362\344\376\267~"
  56      35572CC0 
  56      16E04561 
  56      D5F2E4FE 
  56      B77E
  57 0101 E9ADDDC4 		.ascii	"\351\255\335\304\370\35108\3074\224!6\226\251\214\305"
  57      F8E93038 
  57      C7349421 
  57      3696A98C 
  57      C5
  58 0112 C6B6A10A 		.ascii	"\306\266\241\012\005\241\230\0101\300E\370t\244'\006"
  58      05A19808 
  58      31C045F8 
  58      74A42706 
  59 0122 C950ABB4 		.ascii	"\311P\253\264'6\221\252\365\357\025B\252v\216\220#\233"
  59      273691AA 
  59      F5EF1542 
  59      AA768E90 
  59      239B
  60 0134 5DE9ED0C 		.ascii	"]\351\355\014\264\303`\337\257gc\303\304C\346\270\211"
  60      B4C360DF 
  60      AF6763C3 
  60      C443E6B8 
  60      89
  61 0145 F2DA95AF 		.ascii	"\362\332\225\257\244@\034\036\273\\~\035P\341\200/r"
  61      A4401C1E 
  61      BB5C7E1D 
  61      50E1802F 
  61      72
  62 0156 6E62EB4B 		.ascii	"nb\353KXoe9-#\354\232\3754\274\036\310\343z\222\357"
  62      586F6539 
  62      2D23EC9A 
  62      FD34BC1E 
  62      C8E37A92 
  63 016b 207FC4A5 		.ascii	" \177\304\245 \036\261\332E\256\244\022\226\262\311"
  63      201EB1DA 
  63      45AEA412 
  63      96B2C9
  64 017a 89903323 		.ascii	"\211\2203#\373\222\262\321\245\003x\214<F\375\333\341"
  64      FB92B2D1 
  64      A503788C 
  64      3C46FDDB 
  64      E1
  65 018b E0DBD5F9 		.ascii	"\340\333\325\371\331HKA\005\363q\227Bx\002'GA\377\346"
  65      D9484B41 
  65      05F37197 
  65      42780227 
  65      4741FFE6 
  66 019f 3CB43047 		.ascii	"<\2640G\305x7s\2558mh\322\304aN\034\236\274SjP4,\034"
  66      C5783773 
  66      AD386D68 
  66      D2C4614E 
  66      1C9EBC53 
  67 01b8 C5539F74 		.ascii	"\305S\237t\272\226\031\2644\310\324\240\352\344\302"
  67      BA9619B4 
  67      34C8D4A0 
  67      EAE4C2
ARM GAS  C:\Users\mvshv\AppData\Local\Temp\ccIa8jwm.s 			page 5


  68 01c7 6E582BB3 		.ascii	"nX+\263P\326\240\355L5\240A\226RSY\316\0045\002x\206"
  68      50D6A0ED 
  68      4C35A041 
  68      96525359 
  68      CE043502 
  69 01dd 28D7AFCB 		.ascii	"(\327\257\313\267\352\362\377E\334AT|q\370]\\\217Ka"
  69      B7EAF2FF 
  69      45DC4154 
  69      7C71F85D 
  69      5C8F4B61 
  70 01f1 2C2971A6 		.ascii	",)q\246/\356\271\022g\351^3\305E\374W\267e\277\233\361"
  70      2FEEB912 
  70      67E95E33 
  70      C545FC57 
  70      B765BF9B 
  71 0206 976E2B3F 		.ascii	"\227n+?\273Uu\267-\244\362\205\254\337\313\3779\006"
  71      BB5575B7 
  71      2DA4F285 
  71      ACDFCBFF 
  71      3906
  72 0218 98297F29 		.ascii	"\230)\177)\\ \026\2139?\236D\267s\376\334\005\2473\321"
  72      5C20168B 
  72      393F9E44 
  72      B773FEDC 
  72      05A733D1 
  73 022c 75B1DB69 		.ascii	"u\261\333iKtt$\342\316\311\263\255\247Z/9\361\236\366"
  73      4B747424 
  73      E2CEC9B3 
  73      ADA75A2F 
  73      39F19EF6 
  74 0240 B6589B40 		.ascii	"\266X\233@\334\354\354jO|\007H\215\032\270"
  74      DCECEC6A 
  74      4F7C0748 
  74      8D1AB8
  75              		.text
  76              		.section	.gnu.lto_nvicDisableVector.fb69d78b,"",%progbits
  77 0000 789C9551 		.ascii	"x\234\225Q]k\023Q\020\235sg7\033\373\221g\301\240}\020"
  77      5D6B1351 
  77      109D7367 
  77      371BFB91 
  77      67C1A07D 
  78 0015 4A5FB2C4 		.ascii	"J_\262\304\177 \202o}\361\037H^\024m\"V\212o\275i\332"
  78      7F20826F 
  78      7DF11F48 
  78      5E146D22 
  78      568A6FBD 
  79 002b 6DAB150A 		.ascii	"m\253\025\012m#\204E\266\030\261 Z%\251\232\372\265"
  79      6D238445 
  79      B618B120 
  79      5A25A99A 
  79      FAB5
  80 003d AE15295A 		.ascii	"\256\025)Z\305\242\376\000SD\024\212\212\017\012\265"
  80      C5A2FE00 
  80      5344148A 
  80      8A0F0AB5 
  81 004d 3A775744 		.ascii	":wWD\360\311a\357\335\231{\317\3149w&ED\307\024\321"
  81      F0C961EF 
ARM GAS  C:\Users\mvshv\AppData\Local\Temp\ccIa8jwm.s 			page 6


  81      DD997BCF 
  81      CC397726 
  81      4544C714 
  82 0062 3EF9EF92 		.ascii	">\371\357\222\005&\250\351\347D\345\264\002\214\243"
  82      0526A8E9 
  82      E744E5B4 
  82      028CA3
  83 0071 D3A06185 		.ascii	"\323\240a\205aL\361,#\032\177\327R}\227\265Xx\276\231"
  83      614CF12C 
  83      231A7FD7 
  83      527D97B5 
  83      5878BE99 
  84 0085 F2F4D84E 		.ascii	"\362\364\330N\237\211\252\262\214\241\201>A\275\034"
  84      9F89AAB2 
  84      8CA1813E 
  84      41BD1C
  85 0094 BDEEF359 		.ascii	"\275\356\363Y\366\031\260$\374\274VkgL\250\320#\341"
  85      F619B024 
  85      FCBC566B 
  85      674CA8D0 
  85      23E1
  86 00a6 0F3D5BCD 		.ascii	"\017=[\315p\036$\376\306\323\213\323N\357%\255Gt\370"
  86      701E24FE 
  86      C6D38BD3 
  86      4EEF25AD 
  86      4774F8
  87 00b9 ACCE7AAF 		.ascii	"\254\316z\257\317\214\233`)\210%d\321D\226\344\210p"
  87      CF8C9B60 
  87      29882564 
  87      D14496E4 
  87      8870
  88 00cb 0BBD06FF 		.ascii	"\013\275\006\377\366\306\366\\w\312J\010q\033)\2028"
  88      F6C6F65C 
  88      77CA4A08 
  88      711B2982 
  88      38
  89 00dc 8BEB76A8 		.ascii	"\213\353v\250\267\177\216\353p\243\216\327\007E\261"
  89      B77F8EEB 
  89      70A38ED7 
  89      0745B1
  90 00eb CF96321B 		.ascii	"\317\2262\033\313f[\210\323iB\222\344I:\244IV\306\253"
  90      CB665B88 
  90      D3694292 
  90      E4493AA4 
  90      4956C6AB 
  91 00ff 84F40195 		.ascii	"\204\364\001\225-o\255\261\240L\261\032\243\306F\361"
  91      2D6FADB1 
  91      A04CB11A 
  91      A3C646F1 
  92 010f 4CFD5AAB 		.ascii	"L\375Z\253\333(\266\260\007-\321 \260/\336\244\235\200"
  92      DB28B6B0 
  92      072DD120 
  92      B02FDEA4 
  92      9D80
  93 0121 54025AAD 		.ascii	"T\002Z\255/ou\031\220\015\033\313\011\350\223\267\352"
  93      2F6F7519 
  93      900D1BCB 
ARM GAS  C:\Users\mvshv\AppData\Local\Temp\ccIa8jwm.s 			page 7


  93      09E893B7 
  93      EA
  94 0132 2420D3AD 		.ascii	"$ \323\255\346\312\023/\235 \200;\310J}\001E\257\316"
  94      E6CA132F 
  94      9D20803B 
  94      C84A7D01 
  94      45AFCE
  95 0145 7C8F2B09 		.ascii	"|\217+\011\242:\026\275p\014\"\025\267\2439\277\371"
  95      A23A16BD 
  95      700C2215 
  95      B7A339BF 
  95      F9
  96 0156 AD2B0975 		.ascii	"\255+\011uT\321\0319j|\234i;\001.\224\245\345\301n\237"
  96      54D11939 
  96      6A7C9C69 
  96      3B012E94 
  96      A5E5C16E 
  97 016b 1DDC93BE 		.ascii	"\035\334\223\276\334\025:\223\360x\252<\337\341^\325"
  97      DC153A93 
  97      F078AA3C 
  97      DFE15ED5 
  98 017b A365DDE3 		.ascii	"\243e\335\343s\032\367\021`.\036\206\\\276Y_jd\362\213"
  98      731AF711 
  98      602E1E86 
  98      5CBE595F 
  98      6A64F28B 
  99 018f E63218F2 		.ascii	"\3462\030\362y\007\036\300\025\365\361\240B\344E\243"
  99      79071EC0 
  99      15F5F1A0 
  99      42E445A3 
 100 019f 51F3F5FD 		.ascii	"Q\363\365\375B\333\371-\347\177\310:\3600&\303\277d"
 100      42DBF92D 
 100      E77FC83A 
 100      F03026C3 
 100      BF64
 101 01b1 459F3B11 		.ascii	"E\237;\021\0312+&{\204\374\337o\355\004aEjnb$\270r\016"
 101      19322B26 
 101      7B84FCDF 
 101      6FED0461 
 101      456A6E62 
 102 01c9 F1188D4D 		.ascii	"\361\030\215MH-\231\212\010\314\345r\356\237\2574\350"
 102      482D998A 
 102      08CCE572 
 102      EE9FAF34 
 102      E8
 103 01da 1E397CDC 		.ascii	"\0369|\334=Q:yj\320-\224\006\006JEw\377\241\376\003"
 103      3D513A79 
 103      6AD02D94 
 103      06064A45 
 103      77FFA1FE 
 104 01ef FDA7DDE2 		.ascii	"\375\247\335\342\320\321B\256@(\376\002\223\033\324"
 104      D0D142AE 
 104      4028FE02 
 104      931BD4
 105 01fe AD       		.ascii	"\255"
 106              		.text
 107              		.section	.gnu.lto_nvicSetSystemHandlerPriority.fb69d78b,"",%progbits
ARM GAS  C:\Users\mvshv\AppData\Local\Temp\ccIa8jwm.s 			page 8


 108 0000 789C6D52 		.ascii	"x\234mR\315O\023Q\020\177\277\235\335m\371\324#1=p0"
 108      CD4F1351 
 108      107FBF9D 
 108      DD6DF9D4 
 108      23313D70 
 109 0015 69B874D3 		.ascii	"i\270t\323\304\213\007\017\306\213\027.\376\007\244"
 109      C48B070F 
 109      C68B172E 
 109      FE07A4
 110 0024 9A40022D 		.ascii	"\232@\002-)\306x\353\353\007\264\2001F\371J\335\230"
 110      29C678EB 
 110      EB07B480 
 110      3146F94A 
 110      DD98
 111 0036 1E24488C 		.ascii	"\036$H\214A\203\250\225\002kQ\343\005l\2111\212'\277"
 111      4183A895 
 111      026B51E3 
 111      056C8931 
 111      8A27BF
 112 0049 3069C0A8 		.ascii	"0i\300\250p@\215\350\274m5\034\234\354\333\367f\336"
 112      70408DE8 
 112      BC6D351C 
 112      9CECDBF7 
 112      66DE
 113 005b 6F667E33 		.ascii	"of~3oL!\304\234&\3041\336\217\360\202!\240]Z\025\"\356"
 113      6F4C21C4 
 113      9C26C431 
 113      DE8FF082 
 113      21A05D5A 
 114 0072 D5342AF9 		.ascii	"\3254*\371\204\254\327\235\240\220\215\004\275j\326"
 114      84ACD79D 
 114      A0908D04 
 114      BD6AD6
 115 0081 0175905E 		.ascii	"\001u\220^\210\230F:b\270@#\204bz#\257\265MI\026g|\307"
 115      8898463A 
 115      62B84023 
 115      84627A23 
 115      AFB54D49 
 116 0099 1C90FD2D 		.ascii	"\034\220\375-6\0111\306K\011f\321\306\250r\352\266M"
 116      360931C6 
 116      4B0966D1 
 116      C6A872EA 
 116      B64D
 117 00ab C36413A0 		.ascii	"\303d\023\240\263\372u%\373\276Y\251\032ZYM^Y,x)\010"
 117      B3FA7525 
 117      FBBE59A9 
 117      1A5A594D 
 117      5E592C78 
 118 00c1 C1E7B5D9 		.ascii	"\301\347\265\331\211\223\376I)\023\322\3710I\362\260"
 118      8993FE49 
 118      2913D2F9 
 118      3049F2B0 
 119 00d1 4D847B20 		.ascii	"M\204{ \216\2079\370p\027>\301&\201\373\3603\372f\342"
 119      8E8739F8 
 119      70173EC1 
 119      2681FBF0 
 119      33FA66E2 
ARM GAS  C:\Users\mvshv\AppData\Local\Temp\ccIa8jwm.s 			page 9


 120 00e5 D316D151 		.ascii	"\323\026\321Q\327\363\335\263\267#F\315ug\252\346\372"
 120      D7F3DDB3 
 120      B72346CD 
 120      7567AAE6 
 120      FA
 121 00f6 E03FAE79 		.ascii	"\340?\256y\370]\374\235\275\321&S\317\375e\213\2070"
 121      F85DFC9D 
 121      BDD12653 
 121      CFFD658B 
 121      8730
 122 0108 057867CB 		.ascii	"\005xg\313\314\232\341\310\275\337i&\321\262\276\355"
 122      CC9AE1C8 
 122      BDDF6926 
 122      D1B2BEED 
 123 0118 AD037BEA 		.ascii	"\255\003{\352\232\372q\0338\265\007n\024\221aG\356\212"
 123      9AFA711B 
 123      38B5076E 
 123      14916147 
 123      EE8A
 124 012a 74C42069 		.ascii	"t\304 i\352\224t\304G\244^-o\\5U\274,\251r\177\356\256"
 124      EA9474C4 
 124      47A45E2D 
 124      6F5C3555 
 124      BC2CA972 
 125 0141 2E7854B9 		.ascii	".xT\271\204\006\3143\015%\203L\245\344c\374&R\255nn"
 125      8406CC33 
 125      0D25834C 
 125      A5E463FC 
 125      2652AD6E 
 126 0156 46E6F39B 		.ascii	"F\346\363\233o<\261_\322k\2231F\212L\0011u1\326_|\356"
 126      6F3CB15F 
 126      D26B9331 
 126      468A4C01 
 126      317531D6 
 127 016d 8630DD5A 		.ascii	"\2060\335Z\223?\226\266\233\031\307\2756U\001\312\366"
 127      933F96B6 
 127      9B19C7BD 
 127      365501CA 
 127      F6
 128 017e BDBC9569 		.ascii	"\275\274\225i\310\341Z\374\240M\036,\362\003-\250T\012"
 128      C8E15AFC 
 128      A04D1E2C 
 128      F2032DA8 
 128      540A
 129 0190 7D7DB61F 		.ascii	"}}\266\037\214\236\220\262UEXB\016\325j\035\304l\362"
 129      8C9E90B2 
 129      55455842 
 129      0ED56A1D 
 129      C46CF2
 130 01a3 BA6CF41A 		.ascii	"\272l\364\032\375\012\022\337\322+\371\002\252\374\221"
 130      FD0A12DF 
 130      D22BF902 
 130      AAFC91
 131 01b2 250FDB92 		.ascii	"%\017\333\222_\006j\006\215m\373_\264\016:\036q\242"
 131      5F066A06 
 131      8D6DFB5F 
 131      B40E3A1E 
ARM GAS  C:\Users\mvshv\AppData\Local\Temp\ccIa8jwm.s 			page 10


 131      71A2
 132 01c4 0A8A2F86 		.ascii	"\012\212/\206^\033\012\264\237o\275\3137\236/\214\030"
 132      5E1B0AB4 
 132      9F6FBDCB 
 132      379E2F8C 
 132      18
 133 01d5 5555AE27 		.ascii	"UU\256'e3\233*\345\235\222\241\350\362\344\344\016\331"
 133      65339B2A 
 133      E59D92A1 
 133      E8F2E4E4 
 133      0ED9
 134 01e7 D480657E 		.ascii	"\324\200e~\244b\215\362\345\241\351\351z\353\226L\305"
 134      A4628DF2 
 134      E5A1E9E9 
 134      7AEB964C 
 134      C5
 135 01f8 15E5463C 		.ascii	"\025\345F<f\312\243\356L\361\345\313\033\273\343\007"
 135      66CAA3EE 
 135      4CF1E5CB 
 135      1BBBE307 
 136 0208 8233EA32 		.ascii	"\2023\3522\027\266\251\011O`q\247\335y{\212 s\024\237"
 136      17B6A909 
 136      4F6071A7 
 136      DD797B8A 
 136      2073149F 
 137 021c 91C8CD5F 		.ascii	"\221\310\315_\254V\251$\303\315\344\372x\342\003\201"
 137      AC56A924 
 137      C3CDE4FA 
 137      78E20381 
 138 022c 80F5EF8B 		.ascii	"\200\365\357\213\364Y\235\035\335Vo$z\266\317\012Ez"
 138      F4599D1D 
 138      DD566F24 
 138      7AB6CF0A 
 138      457A
 139 023e 7A2261EB 		.ascii	"z\"a\353\370\251\366\023\355\347\255\360\271\256P $"
 139      F8A9F613 
 139      EDE7ADF0 
 139      B9AE5020 
 139      24
 140 024f 3C9D1DE1 		.ascii	"<\235\035\341\323\335g\242zo\264+\362\007\215\223\363"
 140      D3DD67A2 
 140      7A6FB42B 
 140      F2078D93 
 140      F3
 141 0260 E4       		.ascii	"\344"
 142              		.text
 143              		.section	.gnu.lto___func__.7688.fb69d78b,"",%progbits
 144 0000 789C6363 		.ascii	"x\234cc``\020\005by\006\010\230\302\314\370\341\361"
 144      60601005 
 144      62790608 
 144      98C2CCF8 
 144      E1F1
 145 0012 9CCB4C8A 		.ascii	"\234\313L\212L\363\0338\3460300nfTd\220\315+\313L\016"
 145      4CF31B38 
 145      E6303330 
 145      306E6654 
 145      6490CD2B 
ARM GAS  C:\Users\mvshv\AppData\Local\Temp\ccIa8jwm.s 			page 11


 146 0029 4E2D09AE 		.ascii	"N-\011\256,.I\315\365H\314K\311I-\012(\312\314/\312"
 146      2C2E49CD 
 146      F548CC4B 
 146      C9492D0A 
 146      28CACC2F 
 147 003e 2CA96400 		.ascii	",\251d\000\000\346\363\022t"
 147      00E6F312 
 147      74
 148              		.text
 149              		.section	.gnu.lto_nvicClearPending.fb69d78b,"",%progbits
 150 0000 789C3D51 		.ascii	"x\234=Q\317KTQ\024>\337=\357\315\233Bg-4\224\213@D\230"
 150      CF4B5451 
 150      143EDF3D 
 150      EFCD9B42 
 150      672D3494 
 151 0018 C7F41F48 		.ascii	"\307\364\037H\013Wn\372\017d6\0059\023\031\322\316;"
 151      0B576EFA 
 151      0F643605 
 151      391319D2 
 151      CE3B
 152 002a 333AA329 		.ascii	"3:\243)$\250\023\014\017y\342D\264(\213\321j\306~<\006"
 152      24A8130C 
 152      0F79E244 
 152      B4288BD1 
 152      6AC67E3C 
 153 003f 5B44A428 		.ascii	"[D\244(\342\252U\212\220\202\244 \264P\353\334\367\250"
 153      E2AA558A 
 153      9082A420 
 153      B450EBDC 
 153      F7A8
 154 0051 C3FD71CE 		.ascii	"\303\375q\316\271\347;\367\273\337\215\021\321)\210"
 154      B9E73BF7 
 154      BBDF8D11 
 154      D12988
 155 0060 6EC87E45 		.ascii	"n\310~E&\230\240\246\327\211\362q\005\030G\307A#\012"
 155      2698A0A6 
 155      D789F271 
 155      051847C7 
 155      41230A
 156 0073 2398E259 		.ascii	"#\230\342YF\253\274\337P\335\317\264X\360\244\351\224"
 156      46ABBCDF 
 156      50DDCFB4 
 156      58F0A4E9 
 156      94
 157 0084 F45887C7 		.ascii	"\364X\207\307D\025\231\306PG\267Tm\216\276\362x\222"
 157      441599C6 
 157      5047B754 
 157      6D8EBEF2 
 157      7892
 158 0096 3D062C09 		.ascii	"=\006,\011\217\277Uw\023&T\350\224\360\\\317V\022\234"
 158      8FBF5577 
 158      132654E8 
 158      94F05CCF 
 158      56129C
 159 00a9 0689BFF7 		.ascii	"\006\211\277\367uq\332\351z\252uA\007k5\326\327=f\274"
 159      7571DAE9 
 159      7AAA7541 
ARM GAS  C:\Users\mvshv\AppData\Local\Temp\ccIa8jwm.s 			page 12


 159      076B35D6 
 159      D73D66BC 
 160 00bd 014B43AC 		.ascii	"\001KC\254 \211e$IR\204\267\3502\365?^_\314\265\307"
 160      20896524 
 160      495284B7 
 160      E832F53F 
 160      5E5FCCB5 
 161 00d2 ACE842BC 		.ascii	"\254\350B\274C\214\204<-m\331\201\276\370S\326\301\367"
 161      438C843C 
 161      2D6DD981 
 161      BEF853D6 
 161      C1F7
 162 00e4 1A36FB84 		.ascii	"\0326\373\204\261\307\226\222\305f\343Yf\261\021\366"
 162      B1C79692 
 162      C566E359 
 162      66B111F6 
 163 00f4 A07141CA 		.ascii	"\240qA\312\273t@\023\254\214W\014\350\000\305\263\322"
 163      BB744013 
 163      AC8C570C 
 163      E800C5B3 
 163      D2
 164 0105 F9AAAF4C 		.ascii	"\371\252\257L\307*\243\312\266\3345S{\331h7\264-\\C"
 164      C72AA3CA 
 164      B6DC3553 
 164      7BD96837 
 164      B42D5C43 
 165 0119 438848D9 		.ascii	"C\210H\331\257\322s'*R\350IJ\251I\236\224&\354(\311"
 165      AFD27327 
 165      2A52E849 
 165      4AA9499E 
 165      9426EC28 
 166 012e 11F24BAD 		.ascii	"\021\362K\255y\326f\2206l4Cd\341\244\374\017i\011X2"
 166      79D66690 
 166      366C3443 
 166      64E1A4FC 
 166      0F690958 
 167 0143 ADED473F 		.ascii	"\255\355G?C\230\000*c\255\015\307\000b\241*\313\013"
 167      4398002A 
 167      63AD0DC7 
 167      0062A12A 
 167      CB0B
 168 0155 47BFDBA2 		.ascii	"G\277\333\242P\267\212:!\251\372\341\314\256\343c>/"
 168      50B78A3A 
 168      21A9FAE1 
 168      CCAEE363 
 168      3E2F
 169 0167 CAFB573D 		.ascii	"\312\373W=v\360^\344Y\225\336\006\360y*\277p\331}\241"
 169      76F05EE4 
 169      5995DE06 
 169      F0792ABF 
 169      70D97DA1 
 170 017b 47F3BAD3 		.ascii	"G\363\272\323\3438>\300\307\\\370'r\270\263\265RO\244"
 170      E3383EC0 
 170      C75CF827 
 170      72B8B3B5 
 170      524FA4
 171 018e 97CCA13F 		.ascii	"\227\314\241?\354\361%|\204+T\303\377\372\204\264\020"
ARM GAS  C:\Users\mvshv\AppData\Local\Temp\ccIa8jwm.s 			page 13


 171      ECF1257C 
 171      842B54C3 
 171      FFFA84B4 
 171      10
 172 019f A22314FC 		.ascii	"\242#\024\374\305\307\010\00556.\017\023i\024Q*\225"
 172      C5C70805 
 172      35362E0F 
 172      13691451 
 172      2A95
 173 01b1 72FF8FDC 		.ascii	"r\377\217\334\220{{\340\256{/w\377\301\220\233\311\015"
 173      907B7BE0 
 173      AE7B2F77 
 173      FFC1909B 
 173      C90D
 174 01c3 0EE6B26E 		.ascii	"\016\346\262n\357\255\376\233\375\017\335\354\360\235"
 174      EFADFE9B 
 174      FD0FDDEC 
 174      F09D
 175 01d1 4C2A43C8 		.ascii	"L*C\310\376\005\360\222\255Q"
 175      FE05F092 
 175      AD51
 176              		.text
 177              		.section	.gnu.lto_.symbol_nodes.fb69d78b,"",%progbits
 178 0000 789C6363 		.ascii	"x\234cc``\310\006b\006\246\235L\365\014\014\023\316"
 178      6060C806 
 178      6206A69D 
 178      4CF50C0C 
 178      13CE
 179 0012 313000A9 		.ascii	"10\000\251]\015\216@\221]L\365\214\250\"\273\231\352"
 179      5D0D8E40 
 179      915D4CF5 
 179      8CA822BB 
 179      99EA
 180 0024 99504458 		.ascii	"\231PDX\367114(1003\355a\252gF\221b\334\313T\317\002"
 180      F7313134 
 180      28313030 
 180      33ED61AA 
 180      67469162 
 181 003d 16616068 		.ascii	"\026a`hhp\000\251ae8\362C\217\001\000\262v\032\015"
 181      687000A9 
 181      616538F2 
 181      438F0100 
 181      B2761A0D 
 182              		.text
 183              		.section	.gnu.lto_.refs.fb69d78b,"",%progbits
 184 0000 789C6363 		.ascii	"x\234cc```\003bF&&f&\006\000\000\303\000\027"
 184      60606003 
 184      62462626 
 184      66260600 
 184      00C30017 
 185              		.text
 186              		.section	.gnu.lto_.decls.fb69d78b,"",%progbits
 187 0000 789CBD57 		.ascii	"x\234\275W{P\224\327\025\337\373\335\005\226\345e\221"
 187      7B5094D7 
 187      15DFFBDD 
 187      0596E565 
 187      91
ARM GAS  C:\Users\mvshv\AppData\Local\Temp\ccIa8jwm.s 			page 14


 188 0011 696C4AA6 		.ascii	"ilJ\246\216c&\374\221\000\032\033m\247\323\206\254Z"
 188      8E6326FC 
 188      91001A1B 
 188      6DA7D386 
 188      AC5A
 189 0023 F9C39459 		.ascii	"\371\303\224Y\022\247\017\246\004a\023Ix\244\260v\364"
 189      12A70FA6 
 189      04611349 
 189      78A4B076 
 189      F4
 190 0034 AF2E828A 		.ascii	"\257.\202\212b\014\004DD\210\010\370@\024!\362P\020"
 190      620C0444 
 190      448808F8 
 190      401421F2 
 190      5010
 191 0046 7928C843 		.ascii	"y(\310C\320\240\240(/\221\227\210<U\004Qz\356\343\333"
 191      D0A0A028 
 191      2F919788 
 191      3C550451 
 191      7AEEE3DB 
 192 005a FDF8606D 		.ascii	"\375\370`m:\323\3517\234\375\276s\357\271\347\374\316"
 192      3AD3E937 
 192      9CFDBE73 
 192      EFB9E7FC 
 192      CE
 193 006b 39F79E73 		.ascii	"9\367\236s\261T(\024\201o*\024\317\004\205\242\013)"
 193      B1542814 
 193      816F2A14 
 193      CF0485A2 
 193      0B29
 194 007d 14B3F058 		.ascii	"\024\263\360X\302X\005\020\014)J\201\352\025\354\261"
 194      C2580510 
 194      0C294A81 
 194      EA15ECB1 
 195 008d 00BA0574 		.ascii	"\000\272\005t\007\350.P\033\320} X\246\350Q\314}\262"
 195      07E82E50 
 195      1BD07D20 
 195      58A6E851 
 195      CC7DB2
 196 00a0 60D00EDE 		.ascii	"`\320\016\336\237\0019\0029q]\316@\357\000\375\005\350"
 196      9F013902 
 196      39715DCE 
 196      40EF00FD 
 196      05E8
 197 00b2 03905905 		.ascii	"\003\220Y\005\364\022\276g\200\354\340\333\026\010\303"
 197      F412BE67 
 197      80ECE0DB 
 197      1608C3
 198 00c1 F7DBF05E 		.ascii	"\367\333\360^\001\264\0341\375\267\024\363\237<\"\277"
 198      01B41C31 
 198      FDB714F3 
 198      9F3C22BF 
 199 00d1 800DB97E 		.ascii	"\200\015\271~Q\257h\207\370\345\202\230\015\304\375"
 199      51AF6887 
 199      F8E58298 
 199      0DC4FD
 200 00e0 913F0530 		.ascii	"\221?\0050ao\006\377j\304bR\007\324\305mE\303\330.\240"
ARM GAS  C:\Users\mvshv\AppData\Local\Temp\ccIa8jwm.s 			page 15


 200      616F06FF 
 200      6AC46252 
 200      07D4C56D 
 200      45C3D82E 
 201 00f5 00C46C10 		.ascii	"\000\304l\020\275\241\210\331\272\373\2328\325r\014"
 201      BDA188D9 
 201      BAFB9A38 
 201      D5720C
 202 0104 750B6010 		.ascii	"u\013`\020\237\013 \2406\343\347_\027\360\223\350[\301"
 202      9F0B20A0 
 202      36E3E75F 
 202      17F093E8 
 202      5BC1
 203 0116 DF6D0BE8 		.ascii	"\337m\013\350K\300\250\275&+\033\307`\364\216\032\221"
 203      4BC0A8BD 
 203      262B1BC7 
 203      60F48E1A 
 203      91
 204 0127 8C3BC0D0 		.ascii	"\214;\300\320\331\241\013Svl\210H\024fu\025!,\320\357"
 204      D9A10B53 
 204      766C8848 
 204      14667515 
 204      212CD0EF 
 205 013b FCAAFE5D 		.ascii	"\374\252\376]V\256\247\015\354QmQ\240\002\204EUM\337"
 205      56AEA70D 
 205      EC516D51 
 205      A0028445 
 205      554DDF
 206 014e 8E675AE1 		.ascii	"\216gZ\341\337P\301\037\243rS\210ZG5R\002;\326\220\374"
 206      DF50C11F 
 206      A3725388 
 206      5A473552 
 206      023BD690 
 207 0163 C01E5827 		.ascii	"\300\036X'5Z\232\200\205\316\326\027m\366H\355\022m"
 207      355A9A80 
 207      85CED617 
 207      6DF648ED 
 207      126D
 208 0175 30EC30A4 		.ascii	"0\3540\244E\032\2547(\320\005\344\214\316#g\005*A.\304"
 208      451AAC37 
 208      28D005E4 
 208      8CCE2367 
 208      052A412E 
 209 018a 74217255 		.ascii	"t!rU\240|\030<\007\203\307\211\271\362\376\244\337\037"
 209      A07C183C 
 209      0783C789 
 209      B9F2FEA4 
 209      DF1F
 210 019c 1A371896 		.ascii	"\0327\030\226\242b\244F\200\211\312\200w\357\250\031"
 210      A262A446 
 210      8089CA80 
 210      77EFA819 
 211 01ac 80ACCCB8 		.ascii	"\200\254\314\270tK\234\215\010\002\241\344po\225`\316"
 211      744B9C8D 
 211      0802A1E4 
 211      706F9560 
 211      CE
ARM GAS  C:\Users\mvshv\AppData\Local\Temp\ccIa8jwm.s 			page 16


 212 01bd C625F336 		.ascii	"\306%\3636r\226U\3574\030\004T\0126.\232l\200I\362\202"
 212      729655EF 
 212      34180454 
 212      0A362E9A 
 212      6C8049F2 
 213 01d2 513074BE 		.ascii	"Q0t\276\364\361J\346\2343\011aL\333=\244\216&\313\251"
 213      F4F14AE6 
 213      9C330961 
 213      4CDB3DA4 
 213      8E26CBA9 
 214 01e6 1D322E5A 		.ascii	"\0352.ZR\240r\262\020\2719\2432`A:}\240\241\326\202"
 214      52A072B2 
 214      10B939A3 
 214      3260413A 
 214      7DA0A1D6 
 215 01fb 2D7E0BD8 		.ascii	"-~\013\330\346\370\241\375\210Ef\000\021\376y\351\264"
 215      E6F8A1FD 
 215      88456600 
 215      11FE79E9 
 215      B4
 216 020c 2D8EA5E1 		.ascii	"-\216\245\341V\236\216<5\252D.\316\010\264!\365q1\354"
 216      569E8E3C 
 216      35AA442E 
 216      CE08B421 
 216      F57131EC 
 217 0220 0A7415C0 		.ascii	"\012t\025\300]\346\221\207'\331\000\326G\377E\206\341"
 217      5DE69187 
 217      27D900D6 
 217      47FF4586 
 217      E1
 218 0231 5B45DFD4 		.ascii	"[E\337\324oC\206\001/Q\240\367\235\221;x}\005\274\276"
 218      6F438601 
 218      2F51A0F7 
 218      9D913B78 
 218      7D05BCBE 
 219 0245 4AE15483 		.ascii	"J\341T\203\302*\206\347\310\221K-\3101\226(\206\237"
 219      C22A86E7 
 219      C8914B2D 
 219      C8319628 
 219      869F
 220 0257 0F11D55D 		.ascii	"\017\021\325]\011\363\025\024~\015r\024\235 \322y)5"
 220      09F31514 
 220      7E0D7214 
 220      9D20D279 
 220      2935
 221 0269 53D66AAE 		.ascii	"S\326j\256;\372?\351\316\036\317\234\261\221\352\256"
 221      3BFA3FE9 
 221      CE1ECF9C 
 221      B191EAAE 
 222 0279 7D9DEE86 		.ascii	"}\235\356\206\214\313Y6\266{\215\371Bu\310Q\022\310"
 222      8CCB5936 
 222      B67B8DF9 
 222      4275C851 
 222      12C8
 223 028b 7A448E38 		.ascii	"zD\2168}\203pqEi\231M'jGp\256\320\"\032\005\204\330"
 223      7D837071 
 223      4569994D 
ARM GAS  C:\Users\mvshv\AppData\Local\Temp\ccIa8jwm.s 			page 17


 223      276A4770 
 223      AED0221A 
 224 02a2 2FBC0951 		.ascii	"/\274\011Q~V|\020\033\207Q\201\275\270(a\304%\3108\""
 224      7E567C10 
 224      1B875181 
 224      BDB82861 
 224      C425C838 
 225 02b7 701D82A8 		.ascii	"p\035\202\250\227\376q\005H\252\225\3153s\342\303N8"
 225      97FE7105 
 225      48AA95CD 
 225      3373E2C3 
 225      4E38
 226 02c9 FB90AC63 		.ascii	"\373\220\254cC\202\311\230d\311<\254\012\343\264\021"
 226      4382C998 
 226      64C93CAC 
 226      0AE3B411 
 227 02d9 94C949C4 		.ascii	"\224\311I\304O\\\363\320\276\034\333.\324\001\263Pz"
 227      4F5CF3D0 
 227      BE1CDB2E 
 227      D401B350 
 227      7A
 228 02ea 6255C1F4 		.ascii	"bU\301\364\354\035\276\325\235!\340\003\354\304^=YP"
 228      EC1DBED5 
 228      9D21E003 
 228      ECC45E3D 
 228      5950
 229 02fc 819402DB 		.ascii	"\201\224\002\333\272(DI\306\352'O\224)\215c\327\021"
 229      BA284449 
 229      C6EA274F 
 229      94298D63 
 229      D711
 230 030e 1DAC9A9D 		.ascii	"\035\254\232\235,w`\373R \207y\364Z\252\015\333\227"
 230      2C7760FB 
 230      52208779 
 230      F45AAA0D 
 230      DB97
 231 0320 8BC801BE 		.ascii	"\213\310\001\276\324\221(,I\244\231\2144,\022\320g?"
 231      D491282C 
 231      49A4998C 
 231      342C12D0 
 231      673F
 232 0332 474D909A 		.ascii	"GM\220\232\037ijn\242%\360{\003\024\261M\022\363r\267"
 232      1F696A6E 
 232      A225F07B 
 232      0314B14D 
 232      12F372B7 
 233 0346 6A599A21 		.ascii	"jY\232!\255\313P>ymy\177\276\301\000G\312\240$r\250"
 233      ADCB503E 
 233      796D797F 
 233      BEC10047 
 233      CAA02472 
 234 035b D174A61A 		.ascii	"\321t\246\032\311\016F\015\250\013\241k\250\023\234"
 234      C90E460D 
 234      A80BA16B 
 234      A8139C
 235 036a B8859611 		.ascii	"\270\205\226\021\257:JG1n6\217\377\340\315\364b;\263"
 235      AF3A4A47 
ARM GAS  C:\Users\mvshv\AppData\Local\Temp\ccIa8jwm.s 			page 18


 235      316E368F 
 235      FFE0CDF4 
 235      623BB3
 236 037d 606E5330 		.ascii	"`nS0-\"\230\331\326\212\001{\016\246\351\027\311\206"
 236      2D2298D9 
 236      D68A017B 
 236      0EA6E917 
 236      C986
 237 038f 72D8B970 		.ascii	"r\330\271p\274A\0125\233\2404\313\241\334\241P\362\236"
 237      BC410A35 
 237      9BA034CB 
 237      A1DCA150 
 237      F29E
 238 03a1 3F8AC4B8 		.ascii	"?\212\304\270\237A\211\217\212K\260\0265\375\322\250"
 238      9F41898F 
 238      8A4BB016 
 238      35FDD2A8 
 239 03b1 8938D56A 		.ascii	"\2118\325j\322\324*\327t\227j*=q\320\023Ga\252h\354"
 239      D2D42AD7 
 239      74976A2A 
 239      3D71D013 
 239      4761AA68 
 240 03c6 62C49FB9 		.ascii	"b\304\237\271\236\301\267\346 \272g\322sO\256\247\215"
 240      9EC1B7E6 
 240      20BA67D2 
 240      734FAEA7 
 240      8D
 241 03d7 EA291FCD 		.ascii	"\352)\037\315L\302\370\000St\377\371\354\025[\351\211"
 241      4CC2F800 
 241      5374FFF9 
 241      EC155BE9 
 241      89
 242 03e8 21E7CB74 		.ascii	"!\347\313tb:\330\211\001\301\353\365\007\022\035h\024"
 242      623AD889 
 242      01C1EBF5 
 242      07121D68 
 242      14
 243 03f9 618C4771 		.ascii	"a\214Gq6\362\3203\013\263Q\354\242Q\354\024\243\030"
 243      36F2D033 
 243      0BB351EC 
 243      A251EC14 
 243      A318
 244 040b 71B3A516 		.ascii	"q\263\245\026\001\346.(\221\263\217\336M\311\0350D\253"
 244      01E62E28 
 244      91B38FDE 
 244      4DC91D30 
 244      44AB
 245 041d A9141C41 		.ascii	"\251\024\034A#\346v^\222\320}\212\265\370T\356c\204"
 245      23E6765E 
 245      92D07D8A 
 245      B5F854EE 
 245      6384
 246 042f CB18D6A3 		.ascii	"\313\030\326\243\015\023\211j\334\300\230\332\202\207"
 246      0D13896A 
 246      DCC098DA 
 246      8287
 247 043d C3C2DB19 		.ascii	"\303\302\333\031\206\033\345d\207\270\037>n\210\216"
ARM GAS  C:\Users\mvshv\AppData\Local\Temp\ccIa8jwm.s 			page 19


 247      861BE564 
 247      87B81F3E 
 247      6E888E
 248 044c 8D50D103 		.ascii	"\215P\321\003\377\000\324A\310$e\242\033F\376.(P\017"
 248      FF00D441 
 248      C82465A2 
 248      1B46FE2E 
 248      28500F
 249 045f 7A1B969E 		.ascii	"z\033\226\236n>Rb\313\366\251\201T\337\261\212\335\371"
 249      6E3E5262 
 249      CBF6A981 
 249      54DFB18A 
 249      DDF9
 250 0471 9C1FB502 		.ascii	"\234\037\265\002>\341\314\203\"\304\370X'\340\007\232"
 250      3EE1CC83 
 250      22C4F858 
 250      27E0079A 
 251 0481 4F24DBB1 		.ascii	"O$\333\261\215l8J*l\352\314L\224\022\267\360\010\266"
 251      8D6C384A 
 251      2A6CEACC 
 251      4C9412B7 
 251      F008B6
 252 0494 BCAAE77D 		.ascii	"\274\252\347}*\322\202\034\215\336\266\003vfk\371#\261"
 252      2AD2821C 
 252      8DDEB603 
 252      76666BF9 
 252      23B1
 253 04a6 960FF2FA 		.ascii	"\226\017\362\372\226\230^\200M\365MI\367\350\000\210"
 253      96985E80 
 253      4DF54D49 
 253      F7E80088 
 254 04b6 F753F121 		.ascii	"\367S\361!Z\337\036\211\365\255\347XO\2325Gn\011\374"
 254      5ADF1E89 
 254      F5ADE758 
 254      4F9A3547 
 254      6E09FC
 255 04c9 AEB8EE0C 		.ascii	"\256\270\356\014{\216\234\000\273\021\267/^\311\221"
 255      7B8E9C00 
 255      BB11B72F 
 255      5EC991
 256 04d8 923EBCFF 		.ascii	"\222>\274\377v\334\037p\027\303y'/>\227w\215\021\"["
 256      76DC1F70 
 256      17C37927 
 256      2F3E9777 
 256      8D11225B 
 257 04ec 9CDC926C 		.ascii	"\234\334\222lc\026\347\270\210s\214\341<\273\263'K\005"
 257      6316E7B8 
 257      88738CE1 
 257      3CBBB327 
 257      4B05
 258 04fe AB9DA1C9 		.ascii	"\253\235\241\311#I\207wf\035>\277|\342\214\022?\240"
 258      23498777 
 258      661D3EBF 
 258      7CE28C12 
 258      3FA0
 259 0510 9684BC33 		.ascii	"\226\204\2743=_\"\027\265\330q]w\356&\233s\022\034{"
 259      3D5F2217 
ARM GAS  C:\Users\mvshv\AppData\Local\Temp\ccIa8jwm.s 			page 20


 259      B5D8715D 
 259      77EE269B 
 259      73121C7B 
 260 0524 6A4AB433 		.ascii	"jJ\2643qi\201\016\363\014\272\2003\357\253O\000\316"
 260      7169810E 
 260      F30CBA80 
 260      33EFAB4F 
 260      00CE
 261 0536 04B39F75 		.ascii	"\004\263\237u\344\344\025;\374\230\031\35083\322\210"
 261      E4E4153B 
 261      FC9819E8 
 261      3833D288 
 262 0546 4D167296 		.ascii	"M\026r\226\235\243\375v\032,<7Y\230DfLL-l\242\2713\361"
 262      9DA3FD76 
 262      1A2C3C37 
 262      59984466 
 262      4C4C2D6C 
 263 055e DE9C5643 		.ascii	"\336\234VC\364\215\300\3740\215\310\013\232\212q1\025"
 263      F48DC0FC 
 263      308DC80B 
 263      9A8A7131 
 263      15
 264 056f 3BAEEC79 		.ascii	";\256\354yD[v\344O\323\236T55\242\224j\237y\235\366"
 264      445B76E4 
 264      4FD39E54 
 264      3535A294 
 264      6A9F799D 
 265 0584 C2CE843D 		.ascii	"\302\316\204=|K\246\221\333Oq\373X\271\015\343\273H"
 265      7C4BA691 
 265      DB4F71FB 
 265      58B90DE3 
 265      BB48
 266 0596 F8A78692 		.ascii	"\370\247\206\222\232U<\321\366\300_\236H\031\263\305"
 266      9A553CD1 
 266      F6C05F9E 
 266      4819B3C5 
 267 05a6 4F59A62B 		.ascii	"OY\246+\357\225F\363L\257\006\366\332\376\013\275\346"
 267      EF9546F3 
 267      4CAF06F6 
 267      DAFE0BBD 
 267      E6
 268 05b7 3764A4C0 		.ascii	"7d\244\300\023\275C\2408_\245\245\264\010\362\015i\020"
 268      13BD43A0 
 268      385FA5A5 
 268      B408F20D 
 268      6910
 269 05c9 9C21ED44 		.ascii	"\234!\355D<Jp\024\027\321:\372x\352M\276\037\245\227"
 269      3C4A7014 
 269      17D13AFA 
 269      78EA4DBE 
 269      1FA597
 270 05dc 34477A49 		.ascii	"4GzIC9\003e)j\216\222t\204\3137\017g[\341Y\206\362\311"
 270      43390365 
 270      296A8E92 
 270      7484CB37 
 270      0F675BE1 
 271 05f4 DE9D93FC 		.ascii	"\336\235\223\374\334\220C\327S7\376\203\275Y\224{E\224"
ARM GAS  C:\Users\mvshv\AppData\Local\Temp\ccIa8jwm.s 			page 21


 271      DC9043D7 
 271      5337FE83 
 271      BD59947B 
 271      4594
 272 0606 7B18CA94 		.ascii	"{\030\312\224\301\211Y{9\312\335\200r\227@\304c(\312"
 272      C189597B 
 272      39CADD80 
 272      729740C4 
 272      6328CA
 273 0619 BD22CAA4 		.ascii	"\275\"\312\244\246\274u,U?\345\026\007\013n^\232\276"
 273      A6BC752C 
 273      553FE516 
 273      070B6E5E 
 273      9ABE
 274 062b EE2055BF 		.ascii	"\356 U\277Ox\215\372\311\302\027\367\270\327i\230l\215"
 274      4F788DFA 
 274      C9C217F7 
 274      B8D76998 
 274      6C8D
 275 063d 92D638DE 		.ascii	"\222\3268\336\007\273\244\247\326\211\237\332\210\201"
 275      07BBA4A7 
 275      D6899FDA 
 275      8881
 276 064b DCDD1847 		.ascii	"\334\335\030G)i\030&\016\356\334\243b\302o\220\032w"
 276      29691826 
 276      0EEEDCA3 
 276      62C26F90 
 276      1A77
 277 065d 76784865 		.ascii	"vxHe6\014\361b\030\276caxY\331\231\356 \017C,\340\374"
 277      360CF162 
 277      18BE6361 
 277      7859D999 
 277      EE200F43 
 278 0674 96E24CA0 		.ascii	"\226\342L\2408\343E\234\371\245c\307\304\352Ap\366f"
 278      38E3459C 
 278      F9A563C7 
 278      C4EA4170 
 278      F666
 279 0686 7767A8F1 		.ascii	"wg\250\361~\206\343TyL\015OG\032\311\325\354\341\321"
 279      7E86E354 
 279      794C0D4F 
 279      471AC9D5 
 279      ECE1D1
 280 0699 545B1CCF 		.ascii	"T[\034\317&\305D:\362D^\177X\230'\340T6\371\26236\326"
 280      26C5443A 
 280      F2445E7F 
 280      589827E0 
 280      5436F9B2 
 281 06b0 8AAF247B 		.ascii	"\212\257${\263\263\2659\317\026\247\263\311\302\276"
 281      B3B3B539 
 281      CF16A7B3 
 281      C9C2BE
 282 06bf DA6A7125 		.ascii	"\332jq%\231\334s\266;\306\002g\263\311\373\355\375{"
 282      99DC73B6 
 282      3BC60267 
 282      B3C9FBED 
 282      FD7B
ARM GAS  C:\Users\mvshv\AppData\Local\Temp\ccIa8jwm.s 			page 22


 283 06d1 ED712E63 		.ascii	"\355q.c\256V\357\370\022\027\263\357\372\007Q\357\262"
 283      AE56EFF8 
 283      1217B3EF 
 283      FA0751EF 
 283      B2
 284 06e2 4551A440 		.ascii	"EQ\244@We\346\035\301,\200it\373\237\253\330\033\351"
 284      5765E61D 
 284      C12C8069 
 284      74FB9FAB 
 284      D81BE9
 285 06f5 80CBA8B0 		.ascii	"\200\313\250\260C\347td\247-Z\316\236\305\313]\350;"
 285      43E77464 
 285      A72D5ACE 
 285      9EC5CB5D 
 285      E83B
 286 0707 DD101541 		.ascii	"\335\020\025A\212\017>\337P\007\241\254D\350\033\301"
 286      8A0F3EDF 
 286      5007A1AC 
 286      44E81BC1 
 287 0717 113C838A 		.ascii	"\021<\203\212+,6\246\022B\011\001ZA\376\021c\013\232"
 287      2B2C36A6 
 287      12420901 
 287      5A41FE11 
 287      630B9A
 288 072a 82E02702 		.ascii	"\202\340'\002|\20262\212\230\260xH\321c$\221&\225g\372"
 288      7C823632 
 288      8A98B078 
 288      48D16324 
 288      91269567 
 289 073f 2B90868E 		.ascii	"+\220\206\216\014qFq\\\265\030}\264_\220\351\256\014"
 289      0C714671 
 289      5CB5187D 
 289      B45F90E9 
 289      AE0C
 290 0751 62D20448 		.ascii	"b\322\004H\264\034\310N\271t\323W&\351\357\345\322\251"
 290      B41CC84E 
 290      B974D357 
 290      26E9EFE5 
 290      D2A9
 291 0763 820CC9A0 		.ascii	"\202\014\311\240\004I\222\034\311\3019\272#\015\345"
 291      0449921C 
 291      C9C139BA 
 291      230DE5
 292 0772 DD41C954 		.ascii	"\335A\311T\232\354\352\014.m<\022\275&/\343\370\306"
 292      9AECEA0C 
 292      2E6D3C12 
 292      BD262FE3 
 292      F8C6
 293 0784 32400F47 		.ascii	"2@\017G\351\240\356(\325D\304\341\304\2403\202\013\312"
 293      E9A0EE28 
 293      D544C4E1 
 293      C4A03382 
 293      0BCA
 294 0796 1496A3B3 		.ascii	"\024\226\243\263@'\201N\003\375\000\224\005\224\007"
 294      4027814E 
 294      03FD0094 
 294      059407
ARM GAS  C:\Users\mvshv\AppData\Local\Temp\ccIa8jwm.s 			page 23


 295 07a5 741CE804 		.ascii	"t\034\350\004P.\3201\240\034\240S\302r\332\337\031\354"
 295      502ED031 
 295      A01CA053 
 295      C272DADF 
 295      19EC
 296 07b7 BB12D829 		.ascii	"\273\022\330)r\330\207M\260Y\241\1776\350\030\001X\210"
 296      72D8874D 
 296      B059A17F 
 296      36E81801 
 296      5888
 297 07c9 94821779 		.ascii	"\224\202\027y\223\252\216"
 297      93AA8E
 298 07d0 21A7EF0C 		.ascii	"!\247\357\014\206\032w\3222\321C\236:\261\221\242>y"
 298      861A77D2 
 298      32D1439E 
 298      3AB191A2 
 298      3E79
 299 07e2 EAEA2496 		.ascii	"\352\352$\226\217\310-\357\222\207\267\216\247\016\252"
 299      8FC82DEF 
 299      9287B78E 
 299      A70EAA
 300 07f1 1F8AE0D2 		.ascii	"\037\212\340\322bMD\257\220,u\343\222\324%\312Sw@\236"
 300      624D44AF 
 300      902C75E3 
 300      92D425CA 
 300      5377409E 
 301 0805 E86E8974 		.ascii	"\350n\211t\262\\\372\220I\232\324\346\226\316+\010G"
 301      B25CFA90 
 301      499AD4E6 
 301      96CE2B08 
 301      47
 302 0816 58D026B8 		.ascii	"X\320&\270c:\257\320\002-vY0I\250\000r\363\277\310\023"
 302      633AAFD0 
 302      022D7659 
 302      3049A800 
 302      72F3BFC8 
 303 082b 8B3CD424 		.ascii	"\213<\324$\370\247\021\345\203\302s\202\261\301\222"
 303      F8A711E5 
 303      83C27382 
 303      B1C192
 304 083a 3C505C7B 		.ascii	"<P\\{\372\247\353\261\364\022\231/\331P\220*\201\375"
 304      FAA7EBB1 
 304      F412992F 
 304      D950902A 
 304      81FD
 305 084c DB056F52 		.ascii	"\333\005oR\035+o$\251\244\302\344\006h\022.\342\302"
 305      1D2B6F24 
 305      A9A4C2E4 
 305      0668122E 
 305      E2C2
 306 085e 4554F874 		.ascii	"ET\370t\303\3256^\225\242\311\301\237}\330\232\301K"
 306      C3D5365E 
 306      95A2C9C1 
 306      9F7DD89A 
 306      C14B
 307 0870 D828BD07 		.ascii	"\330(\275\007\317\244\026q\336IR\212\234x)\032J\212"
 307      CFA41671 
ARM GAS  C:\Users\mvshv\AppData\Local\Temp\ccIa8jwm.s 			page 24


 307      DE49528A 
 307      9C78291A 
 307      4A8A
 308 0882 8974305B 		.ascii	"\211t0[M/\212\325\364<\253\372\267\332{\023m\345\325"
 308      4D2F8AD5 
 308      F43CABFA 
 308      B7DA7B13 
 308      6DE5D5
 309 0895 B404225A 		.ascii	"\264\004\"ZL\263PJ\253\351E\261\232\0264\335~f\215c"
 309      4CB3504A 
 309      ABE945B1 
 309      9A1634DD 
 309      7E668D63 
 310 08a9 6832506B 		.ascii	"h2Pk\342\336!\013\261\305D\377\224\026\223\331\2277"
 310      E2DE210B 
 310      B1C544FF 
 310      941693D9 
 310      9737
 311 08bb 622D3556 		.ascii	"b-5V&\274\306\330\315\276\243Q\374>pC!\371\337\312\221"
 311      26BCC6D8 
 311      CDBEA351 
 311      FC3E7043 
 311      21F9DFCA 
 312 08d0 FD6F2556 		.ascii	"\375o%VY'^eK\252\233j\021\216e\330*\307sO\360\265\244"
 312      59275E65 
 312      4BAA9B6A 
 312      118E65D8 
 312      2AC7734F 
 313 08e7 EA77C55E 		.ascii	"\352w\305^\2365\037\223j1&U\254\303<\215\315]/\017\311"
 313      9E351F93 
 313      6A312655 
 313      ACC33C8D 
 313      CD5D2F0F 
 314 08fc 65405949 		.ascii	"e@YIQ^\245(\253E\224\207R\007s\004\271Of\245c\252\012"
 314      515EA528 
 314      AB459487 
 314      52077304 
 314      B94F66A5 
 315 0913 AA796E6B 		.ascii	"\252ynk\010\337\367\352\\\235\025>\300@\307\177\367"
 315      08DFF7EA 
 315      5C9D153E 
 315      C040C77F 
 315      F7
 316 0924 BC4E850F 		.ascii	"\274N\205\0171\246h8\273\310\216I\226\023>\271\344I"
 316      31A66838 
 316      BBC88E49 
 316      96133EB9 
 316      E449
 317 0936 1DBFE0A8 		.ascii	"\035\277\340\250$\323N|z\"{\364\230%Nek\343F\307\343"
 317      24D34E7C 
 317      7A227BF4 
 317      98254E65 
 317      6BE346C7 
 318 094b 2DCDBA7B 		.ascii	"-\315\272{Ct\327\235z[T\2201\242\222\273\333\010\016"
 318      4374D79D 
 318      7A5B5490 
 318      31A292BB 
ARM GAS  C:\Users\mvshv\AppData\Local\Temp\ccIa8jwm.s 			page 25


 318      DB080E
 319 095e 3450077E 		.ascii	"4P\007~\244\016\334\020\035(\211\310l\306rw\315J\237"
 319      A40EDC10 
 319      1D2889C8 
 319      6CC67277 
 319      CD4A9F
 320 0971 EC4BD9CF 		.ascii	"\354K\331\317\323\260\206\334I\246\216\016\332\341\243"
 320      D3B086DC 
 320      49A68E0E 
 320      DAE1A3
 321 0980 0CE4E3E1 		.ascii	"\014\344\343\341\231\263\366\3708cJ\212.Vs\357\334\311"
 321      99B3F6F8 
 321      38634A8A 
 321      2E5673EF 
 321      DCC9
 322 0992 7F08A72B 		.ascii	"\177\010\247+\032mp6\233\233\211=r\316\032\3471\346"
 322      1A6D7036 
 322      9B9B893D 
 322      72CE1AE7 
 322      31E6
 323 09a4 F044FB43 		.ascii	"\360D\373C\276\371]H\2363\276\377\316\032\027\262\271"
 323      BEF95D48 
 323      9E33BEFF 
 323      CE1A17B2 
 323      B9
 324 09b5 D9D8E843 		.ascii	"\331\330\350CV\270\2041\011\215\011\0316\270\2341\303"
 324      56B88431 
 324      098D0919 
 324      36B89C31 
 324      C3
 325 09c6 51BD5D7C 		.ascii	"Q\275]|\353,\001\366\305@B+\377g\307Vrwq\342w\227\234"
 325      EB2C01F6 
 325      C540422B 
 325      FF67C756 
 325      727771E2 
 326 09dd 67FB0FDA 		.ascii	"g\373\017\332\340j\266\364vk\324\005.k\003l\344\351"
 326      E06AB6F4 
 326      766BD405 
 326      2E6B036C 
 326      E4E9
 327 09ef 4B851666 		.ascii	"K\205\026fC\333-\206\366>\333I\337\344d\226Y\312\257"
 327      43DB2D86 
 327      F63EDB49 
 327      DFE46496 
 327      59CAAF
 328 0a02 D79D10AD 		.ascii	"\327\235\020\255\016\032\255\0074Z\335b\264\032\373"
 328      0E1AAD07 
 328      345ADD62 
 328      B41AFB
 329 0a11 62AEDBC8 		.ascii	"b\256\333\310\257\313f\245K\233\332>\304u\014\344\323"
 329      AFCB66A5 
 329      4B9BDA3E 
 329      C4750CE4 
 329      D3
 330 0a22 C6B6FB08 		.ascii	"\306\266\373\01072&\252\276\366\204\025nb\314PVC\215"
 330      373226AA 
 330      BEF68415 
ARM GAS  C:\Users\mvshv\AppData\Local\Temp\ccIa8jwm.s 			page 26


 330      6E62CC50 
 330      56438D
 331 0a35 25BEC398 		.ascii	"%\276\303\230\236\276\351\363\030\2673\346\370P\372"
 331      9EBEE9F3 
 331      18B733E6 
 331      F850FA
 332 0a44 37D6B89B 		.ascii	"7\326\270\233\257\351\031n\344\001\332G\016\323\213"
 332      AFE9196E 
 332      E401DA47 
 332      0ED38B
 333 0a53 D1C25B62 		.ascii	"\321\302[bH\310v\033|\332;\253\302\003T\370\215\274"
 333      48C8761B 
 333      7CDA3BAB 
 333      C20354F8 
 333      8DBC
 334 0a65 A66B69D6 		.ascii	"\246ki\326\210^<L\217\013\177\247\033\022\240\266wL"
 334      885E3C4C 
 334      8F0B7FA7 
 334      1B12A0B6 
 334      774C
 335 0a77 F1CE5403 		.ascii	"\361\316T\003\025\376\012\224\3171\250\216\342\251@"
 335      15FE0A94 
 335      CF31A88E 
 335      E2A940
 336 0a86 15F3AE09 		.ascii	"\025\363\256\011\333\330\025\244\007\244\273\270\264"
 336      DBD815A4 
 336      07A4BBB8 
 336      B4
 337 0a93 E8386A97 		.ascii	"\3508j\227J'@+o\332\316Z9\331zu\\\332Xzj\251\364\005"
 337      4A27402B 
 337      6FDACE5A 
 337      39D97A75 
 337      5CDA587A 
 338 0aab 34AF970F 		.ascii	"4\257\227\017\201\276Gtr\214\367\210\227\320#\014x9"
 338      81BE4774 
 338      728CF788 
 338      97D0230C 
 338      7839
 339 0abd 7A02B5FF 		.ascii	"z\002\265\377\025P$|?\203\367$\320\010\320,P\004\214"
 339      1550247C 
 339      3F83F724 
 339      D008D02C 
 339      50048C
 340 0ad0 4DC37B06 		.ascii	"M\303{\006\350\005\3208\320\016\030\213\002z\012\337"
 340      E805D038 
 340      D00E188B 
 340      027A0ADF 
 341 0ae0 A340C340 		.ascii	"\243@\303@\023@S@\317\215\275\236\\:\306\267\231.\035"
 341      13405340 
 341      CF8DBD9E 
 341      5C3AC6B7 
 341      992E1D
 342 0af3 CD72A437 		.ascii	"\315r\2447\347\370E\272\342v\326\025\313!\012\227\270"
 342      E7F845BA 
 342      E276D615 
 342      CB210A97 
 342      B8
ARM GAS  C:\Users\mvshv\AppData\Local\Temp\ccIa8jwm.s 			page 27


 343 0b04 B4581DF9 		.ascii	"\264X\035\371\355Vr\241\271\033j\322\375P\256\333\315"
 343      ED5672A1 
 343      B91B6AD2 
 343      FD50AEDB 
 343      CD
 344 0b15 140416B3 		.ascii	"\024\004\026\263:I\314\352\027\216\231D\367\270Dw\237"
 344      3A49CCEA 
 344      178E9944 
 344      F7B84477 
 344      9F
 345 0b26 5CBA522E 		.ascii	"\\\272R.=-\221\356]XZ\204B\225o7\211?\226\213\237\237"
 345      3D2D91EE 
 345      5D585A84 
 345      42956F37 
 345      893F968B 
 346 0b3c 77CBE341 		.ascii	"w\313\343A)\345\227\2269A\2710O\371]I\304\357\312\225"
 346      29E59796 
 346      3941B930 
 346      4FF95D49 
 346      C4EFCA95 
 347 0b50 B7CE131F 		.ascii	"\267\316\023\037\224\210\337\226\213\267\314\023\357"
 347      9488DF96 
 347      8BB7CC13 
 347      EF
 348 0b5d 9688DF59 		.ascii	"\226\210\337YX\\rw\253\036aw\2671\371\335\215\250\352"
 348      585C7277 
 348      AB1E6177 
 348      B731F9DD 
 348      8DA8EA
 349 0b70 1B714A8F 		.ascii	"\033qJ\217$'\204\350\032\220\353j\220\307\270Nb\271"
 349      242784E8 
 349      1A90EB6A 
 349      90C7B84E 
 349      62B9
 350 0b82 4D2EBD4B 		.ascii	"M.\275K\220\247\273)\324\224\356\301\0057\207Dw\223"
 350      90A7BB29 
 350      D494EEC1 
 350      05378744 
 350      7793
 351 0b94 44F7BD85 		.ascii	"D\367\275\205c&\315\266D\372\326\302{zN\204%\233\243"
 351      6326CDB6 
 351      44FAD6C2 
 351      7B7A4E84 
 351      259BA3
 352 0ba7 7F61378D 		.ascii	"\177a7\215\300I%\340\351n\202t_\347\342b{A\327\346\334"
 352      C04925E0 
 352      E96E8274 
 352      5FE7E262 
 352      7B41D7E6 
 353 0bbc 0C1B3B0F 		.ascii	"\014\033;\0174*\3610\273\031\266?\314\217\261\221\337"
 353      342AF130 
 353      BB19B63F 
 353      CC8FB191 
 353      DF
 354 0bcd 0CC5238F 		.ascii	"\014\305#\217vc\227\377\313\251gy\1775eIn\216\273\360"
 354      766397FF 
 354      CBA96779 
ARM GAS  C:\Users\mvshv\AppData\Local\Temp\ccIa8jwm.s 			page 28


 354      7F356549 
 354      6E8EBBF0 
 355 0be1 62B4131B 		.ascii	"b\264\023\033o\216c\342\3151\243\257\373\262Rz\031$"
 355      6F8E63E2 
 355      CD31A3AF 
 355      FBB2527A 
 355      1924
 356 0bf3 82A61E12 		.ascii	"\202\246\036\022\215\331e\220\274\337suu3\376\205\206"
 356      8DD96590 
 356      BCDF7375 
 356      7533FE85 
 356      86
 357 0c04 BB6DF10B 		.ascii	"\273m\361\013r\373:4L\037\356\346\037\032\034\034\032"
 357      72FB3A34 
 357      4C1FEEE6 
 357      1F1A1C1C 
 357      1A
 358 0c15 E2E6A1DD 		.ascii	"\342\346\241\335\250\331\270\315-\344\237\201\376\256"
 358      A8D9B8CD 
 358      2DE49F81 
 358      FEAE
 359 0c23 FEAA3F7E 		.ascii	"\376\252?~\374\351R\315\212\025\012\265\257\357\326"
 359      FCE952CD 
 359      8A150AB5 
 359      AFEFD6
 360 0c32 C010FDFB 		.ascii	"\300\020\375\373+}\365\237\373\377\326\307\177K\340"
 360      2B7DF59F 
 360      FBFFD6C7 
 360      7F4BE0
 361 0c41 E6C070FD 		.ascii	"\346\300p\375\326\200\300P\037}hhP\270\317\027![\227"
 361      D680C050 
 361      1F7D6868 
 361      50B8CF17 
 361      215B97
 362 0c54 D2AFA57E 		.ascii	"\322\257\245~a\301Ku\301\233u\001\001\272\000\237\325"
 362      61C14B75 
 362      C19B7501 
 362      01BA009F 
 362      D5
 363 0c65 AEEE4B57 		.ascii	"\256\356KW\272\257X\375\217U>0\376^Hh\210\356=\235\337"
 363      BAAF58FD 
 363      8F553E30 
 363      FE5E4868 
 363      88EE3D9D 
 364 0c7a E6409FC0 		.ascii	"\346@\237\300\020\377\240\255\001:\237`?\320\025\242"
 364      10FFA0AD 
 364      013A9F60 
 364      3FD015A2 
 365 0c8a F3F10DD0 		.ascii	"\363\361\015\320}\356\2675H\357\253\337\376\265.\334"
 365      7DEEB735 
 365      48EFABDF 
 365      FEB52EDC 
 366 0c9a 758B4225 		.ascii	"u\213B%\332\373\333\377\324^\370\366p\037\337p}\000"
 366      DAFBDBFF 
 366      D45EF8F6 
 366      701FDF70 
 366      7D00
ARM GAS  C:\Users\mvshv\AppData\Local\Temp\ccIa8jwm.s 			page 29


 367 0cac 2807234A 		.ascii	"(\007#J\377-~a\213\210\257\353B\3746\007\3516\351\374"
 367      FF2D7E61 
 367      8B88AFEB 
 367      42FC3607 
 367      E936E9FC 
 368 0cc0 F5A161AE 		.ascii	"\365\241a\256\377U\214\024?#\357\265\201\341&\005\316"
 368      FF558C14 
 368      3F23EFB5 
 368      81E12605 
 368      CE
 369 0cd1 64C45BA7 		.ascii	"d\304[\247\367\336\036\256\327\005o\360\013\011\010"
 369      F7DE1EAE 
 369      D7056FF0 
 369      0B0908
 370 0ce0 D2857985 		.ascii	"\322\205y\205\005\206\206\005\352\267Ss\232 \235_\230"
 370      05868605 
 370      EAB75373 
 370      9A209D5F 
 370      98
 371 0cf1 972E0470 		.ascii	"\227.\004p|a\355\277\005\0047\370\005\351\177%3\034"
 371      7C61EDBF 
 371      050437F8 
 371      05E97F25 
 371      331C
 372 0d03 A677E3B8 		.ascii	"\246w\343\270\335\374\267\000\\;_\337\317\267\206\370"
 372      DDFCB700 
 372      5C3B5FDF 
 372      CFB786F8 
 373 0d13 FBFABAAE 		.ascii	"\373\372\272\256\376`\315\032\225\310Yk\327y\257\323"
 373      FE60CD1A 
 373      95C8596B 
 373      D779AFD3 
 374 0d23 6E5AB7F6 		.ascii	"nZ\267\366\327\202\247\2275\313\324\032_\275\025\177"
 374      D782A797 
 374      35CBD41A 
 374      5FBD157F 
 375 0d33 1BA75729 		.ascii	"\033\247W)==>\322\032\331\367\225\236\032/\023\273R"
 375      3D3D3ED2 
 375      1AD9F795 
 375      9E1A2F13 
 375      BB52
 376 0d45 E9E9EDA5 		.ascii	"\351\351\355\245Ui\031\267\002&\327\231&\335ar\235V"
 376      556919B7 
 376      0226D799 
 376      26DD6172 
 376      9D56
 377 0d57 E9FD89A7 		.ascii	"\351\375\211\247\366w2\220<&\272mz\022\0277\315FoOo"
 377      F6773290 
 377      3C26BA6D 
 377      7A121737 
 377      CD466F4F 
 378 0d6c 374D6898 		.ascii	"7Mh\230\316\315S\304\016\214\257\177\360*\360\300\372"
 378      CECD53C4 
 378      0E8CAF7F 
 378      F02AF0C0 
 378      FA
 379 0d7d E34D9E1A 		.ascii	"\343M\236\032\337O \307\240\320C\253\334\270q\275\026"
ARM GAS  C:\Users\mvshv\AppData\Local\Temp\ccIa8jwm.s 			page 30


 379      DF4F20C7 
 379      A0D043AB 
 379      DCB871BD 
 379      16
 380 0d8e 7BACD5E2 		.ascii	"{\254\325\342\265\360\366Z\257Uz\254\367\326*?Z\357"
 380      B5F0F65A 
 380      AF557AAC 
 380      F7D62A3F 
 380      5AEF
 381 0da0 A1B58029 		.ascii	"\241\265\200)\020XK\370\015\344G\003?\026\336\0334\336"
 381      10584BF8 
 381      0DE44703 
 381      3F16DE1B 
 381      34DE
 382 0db2 5AECBDC1 		.ascii	"Z\354\275\301\013k4\360\326h-<<\265\032\255r\323'\177"
 382      0B6B34F0 
 382      D6682D3C 
 382      3CB51AAD 
 382      72D3277F 
 383 0dc6 D2026290 		.ascii	"\322\002b\220\320x}\352\271\026~=4Z\225\267\346#j\353"
 383      D0787DEA 
 383      B9167E3D 
 383      345A95B7 
 383      E6236AEB 
 384 0dda DFD77967 		.ascii	"\337\327yg]"
 384      5D
 385              		.text
 386              		.section	.gnu.lto_.symtab.fb69d78b,"",%progbits
 387 0000 6E766963 		.ascii	"nvicEnableVector\000"
 387      456E6162 
 387      6C655665 
 387      63746F72 
 387      00
 388 0011 00       		.ascii	"\000"
 389 0012 00       		.ascii	"\000"
 390 0013 00       		.ascii	"\000"
 391 0014 00000000 		.ascii	"\000\000\000\000\000\000\000\000"
 391      00000000 
 392 001c D4000000 		.ascii	"\324\000\000\000"
 393 0020 6E766963 		.ascii	"nvicDisableVector\000"
 393      44697361 
 393      626C6556 
 393      6563746F 
 393      7200
 394 0032 00       		.ascii	"\000"
 395 0033 00       		.ascii	"\000"
 396 0034 00       		.ascii	"\000"
 397 0035 00000000 		.ascii	"\000\000\000\000\000\000\000\000"
 397      00000000 
 398 003d D8000000 		.ascii	"\330\000\000\000"
 399 0041 6E766963 		.ascii	"nvicSetSystemHandlerPriority\000"
 399      53657453 
 399      79737465 
 399      6D48616E 
 399      646C6572 
 400 005e 00       		.ascii	"\000"
 401 005f 00       		.ascii	"\000"
ARM GAS  C:\Users\mvshv\AppData\Local\Temp\ccIa8jwm.s 			page 31


 402 0060 00       		.ascii	"\000"
 403 0061 00000000 		.ascii	"\000\000\000\000\000\000\000\000"
 403      00000000 
 404 0069 DA000000 		.ascii	"\332\000\000\000"
 405 006d 6E766963 		.ascii	"nvicClearPending\000"
 405      436C6561 
 405      7250656E 
 405      64696E67 
 405      00
 406 007e 00       		.ascii	"\000"
 407 007f 00       		.ascii	"\000"
 408 0080 00       		.ascii	"\000"
 409 0081 00000000 		.ascii	"\000\000\000\000\000\000\000\000"
 409      00000000 
 410 0089 DC000000 		.ascii	"\334\000\000\000"
 411 008d 63685379 		.ascii	"chSysHalt\000"
 411      7348616C 
 411      7400
 412 0097 00       		.ascii	"\000"
 413 0098 02       		.ascii	"\002"
 414 0099 00       		.ascii	"\000"
 415 009a 00000000 		.ascii	"\000\000\000\000\000\000\000\000"
 415      00000000 
 416 00a2 E1000000 		.ascii	"\341\000\000\000"
 417              		.text
 418              		.section	.gnu.lto_.opts,"",%progbits
 419 0000 272D666D 		.ascii	"'-fmath-errno' '-fsigned-zeros' '-ftrapping-math' '"
 419      6174682D 
 419      6572726E 
 419      6F272027 
 419      2D667369 
 420 0033 2D666E6F 		.ascii	"-fno-trapv' '-fno-openmp' '-fno-openacc' '-mcpu=cor"
 420      2D747261 
 420      70762720 
 420      272D666E 
 420      6F2D6F70 
 421 0066 7465782D 		.ascii	"tex-m4' '-mno-thumb-interwork' '-mthumb' '-O2' '-fo"
 421      6D342720 
 421      272D6D6E 
 421      6F2D7468 
 421      756D622D 
 422 0099 6D69742D 		.ascii	"mit-frame-pointer' '-falign-functions=16' '-ffuncti"
 422      6672616D 
 422      652D706F 
 422      696E7465 
 422      72272027 
 423 00cc 6F6E2D73 		.ascii	"on-sections' '-fdata-sections' '-fno-common' '-flto"
 423      65637469 
 423      6F6E7327 
 423      20272D66 
 423      64617461 
 424 00ff 2700     		.ascii	"'\000"
 425              		.text
 426              		.comm	__gnu_lto_v1,1,1
 427              		.comm	__gnu_lto_slim,1,1
 428              		.ident	"GCC: (GNU Tools for Arm Embedded Processors 7-2017-q4-major) 7.2.1 20170904 (release) [ARM
ARM GAS  C:\Users\mvshv\AppData\Local\Temp\ccIa8jwm.s 			page 32


DEFINED SYMBOLS
                            *ABS*:00000000 nvic.c
                            *COM*:00000001 __gnu_lto_v1
                            *COM*:00000001 __gnu_lto_slim

NO UNDEFINED SYMBOLS
