ARM GAS  C:\Users\mvshv\AppData\Local\Temp\cc6uJ9up.s 			page 1


   1              		.cpu cortex-m4
   2              		.eabi_attribute 20, 1
   3              		.eabi_attribute 21, 1
   4              		.eabi_attribute 23, 3
   5              		.eabi_attribute 24, 1
   6              		.eabi_attribute 25, 1
   7              		.eabi_attribute 26, 1
   8              		.eabi_attribute 30, 2
   9              		.eabi_attribute 34, 1
  10              		.eabi_attribute 18, 4
  11              		.file	"stm32_isr.c"
  12              		.section	.gnu.lto_.profile.fb69f475,"",%progbits
  13 0000 789C6363 		.ascii	"x\234cc```\005bF\206\245\214\252\000\002\243\000\330"
  13      60606005 
  13      624686A5 
  13      8CAA0002 
  13      A300D8
  14              		.text
  15              		.section	.gnu.lto_.icf.fb69f475,"",%progbits
  16 0000 789C6363 		.ascii	"x\234cc``\340c@\000&\206\376%\347W\2603\256\274pt!#"
  16      6060E063 
  16      40002686 
  16      FE25E757 
  16      B033AEBC 
  17 0018 03002B56 		.ascii	"\003\000+V\005\251"
  17      05A9
  18              		.text
  19              		.section	.gnu.lto_.jmpfuncs.fb69f475,"",%progbits
  20 0000 789C6363 		.ascii	"x\234cc``8\317\310\000\007L@\314\3028\205\231q\353\351"
  20      606038CF 
  20      C800074C 
  20      40CCC238 
  20      859971EB 
  21 0015 03B7D8BB 		.ascii	"\003\267\330\273\231\347030j0nf\224a`<\300\302\250\001"
  21      99E73033 
  21      306A306E 
  21      66946160 
  21      3CC0C2A8 
  22 002a C40C0C20 		.ascii	"\304\014\014 \351\247+\016?\346\202H\2631n\201J\263"
  22      E9A72B0E 
  22      3FE68248 
  22      B3316E81 
  22      4AB3
  23 003c 81A5C1DA 		.ascii	"\201\245\301\332\037\317|\272\213\033\"/\316\270\025"
  23      1FCF7CBA 
  23      8B1B222F 
  23      CEB815
  24 004b 2A2F0ED1 		.ascii	"*/\016\321\216M\375\331\205k\316\261A\324s1n\203\312"
  24      8E4DFDD9 
  24      856BCEB1 
  24      41D47331 
  24      6E83CA
  25 005e 73E1563F 		.ascii	"s\341V?\355\354\304]P\365\234\214\333\241\362\234\270"
  25      EDECC45D 
  25      50F59C8C 
  25      DBA1F29C 
  25      B8
ARM GAS  C:\Users\mvshv\AppData\Local\Temp\cc6uJ9up.s 			page 2


  26 006f D577FDBA 		.ascii	"\325w\375\272\336\307\001Q\317\301\270\003*\317\201"
  26      DEC70151 
  26      CFC1B803 
  26      2ACF81
  27 007e 5BFDC953 		.ascii	"[\375\311S\323W\360@\324\2633\356\204\312\263\343P\217"
  27      D357F040 
  27      D4B333EE 
  27      84CAB3E3 
  27      508F
  28 0090 2680C107 		.ascii	"&\200\301\007\006+#Z\030\002\005PC\005(\200\352m\240"
  28      062B235A 
  28      18020550 
  28      43052880 
  28      EA6DA0
  29 00a3 00AABF80 		.ascii	"\000\252\277\200\002\250\016\007\012\240\272\214\011"
  29      02A80E07 
  29      0AA0BA8C 
  29      09
  30 00b0 DD660600 		.ascii	"\335f\006\000M\273U\224"
  30      4DBB5594 
  31              		.text
  32              		.section	.gnu.lto_.inline.fb69f475,"",%progbits
  33 0000 789C6363 		.ascii	"x\234cc``hf@\000&\006\006\211k\014\214 \232\201m\201"
  33      60606866 
  33      40002606 
  33      06896B0C 
  33      8C209A81 
  34 0016 3C886260 		.ascii	"<\210b`\346\001\213\023O12\010\236G3\203\211\033$L\014"
  34      E6018B13 
  34      4F313208 
  34      9E473383 
  34      891B244C 
  35 002b C90000AF 		.ascii	"\311\000\000\257K\004\310"
  35      4B04C8
  36              		.text
  37              		.section	.gnu.lto_.pureconst.fb69f475,"",%progbits
  38 0000 789C6363 		.ascii	"x\234cc```\005b&\006\011F\011\000\000\364\000?"
  38      60606005 
  38      62260609 
  38      46090000 
  38      F4003F
  39              		.text
  40              		.section	.gnu.lto_irqInit.fb69f475,"",%progbits
  41 0000 789C7DD2 		.ascii	"x\234}\322?HBA\030\000\360\357\273\253\347\323\212\306"
  41      3F484241 
  41      1800F0EF 
  41      BBABE7D3 
  41      8AC6
  42 0012 82A23917 		.ascii	"\202\2429\027\037(\321\320\336\026\015\265G\264\024"
  42      1F28D1D0 
  42      DE160DB5 
  42      47B414
  43 0021 1486CFC1 		.ascii	"\024\206\317\301\355\275\012\323\376\020\006\245\004"
  43      EDBD0AD3 
  43      FE1006A5 
  43      04
  44 002e 0FB1961C 		.ascii	"\017\261\226\034\002\2212{\226\365\262\251B\207\226"
ARM GAS  C:\Users\mvshv\AppData\Local\Temp\cc6uJ9up.s 			page 3


  44      0291327B 
  44      96F5B2A9 
  44      428796
  45 003d A0A6329B 		.ascii	"\240\2462\233\244\366 \353\236\027\305\033z\037\367"
  45      A4F620EB 
  45      9E17C51B 
  45      7A1FF7
  46 004c DD7DDCDD 		.ascii	"\335}\334\335\357n\270\023\000`\210\000\014\262\261"
  46      EF6EB813 
  46      00608800 
  46      0CB2B1
  47 005b 87255240 		.ascii	"\207%R@\022\253\000,\210\004\321,T\021A!\250\340:\335"
  47      12AB002C 
  47      8804D12C 
  47      54114121 
  47      A8E03ADD 
  48 006f A2588ABC 		.ascii	"\242X\212\274\352\304\275\257\2620\022\261\316e5\334"
  48      EAC4BDAF 
  48      B23012B1 
  48      CE6535DC 
  49 007f AD518038 		.ascii	"\255Q\2008K3\360\020\335\300\266=g\033\333\035B\013"
  49      4B33F010 
  49      DDC0B63D 
  49      671BDB1D 
  49      420B
  50 0091 9FC72314 		.ascii	"\237\307#\024\000Y\221\271k5\324\306WD5^\3660?\352\004"
  50      005991B9 
  50      6B35D4C6 
  50      5744355E 
  50      F6303FEA 
  51 00a6 88B27576 		.ascii	"\210\262uv\211j\300\012%f\265d@\035\303\251L\2226\025"
  51      896AC00A 
  51      2566B564 
  51      401DC3A9 
  51      4C923615 
  52 00ba 3B4AD7EB 		.ascii	";J\327\353\217\016\345S\0255\212q\312\216\301\034*\346"
  52      8F0EE553 
  52      15358A71 
  52      CA8EC11C 
  52      2AE6
  53 00cc 422D7D55 		.ascii	"B-}Uu\255Q\215\022\024\360\030{\315\324(m\372l\337\377"
  53      75AD518D 
  53      1214F018 
  53      7BCDD428 
  53      6DFA6CDF 
  54 00e1 3CCFF9F5 		.ascii	"<\317\371\365M\"\335\316\271\003O\254<g\303u\316W?\356"
  54      4D22DDCE 
  54      B9034FAC 
  54      3C67C375 
  54      CE573FEE 
  55 00f5 3744CE45 		.ascii	"7D\316E,X\271n\303O9\217\2277\013\002\347N<\263\362"
  55      2C58B96E 
  55      C34F398F 
  55      97370B02 
  55      E74E3CB3 
  56 010a A20D2F72 		.ascii	"\242\015/r^\336=\250\374p\027\236[\371\223\015\277\340"
  56      5EDE3DA8 
ARM GAS  C:\Users\mvshv\AppData\Local\Temp\cc6uJ9up.s 			page 4


  56      FC70179E 
  56      5BF9930D 
  56      BFE0
  57 011c BCBA532B 		.ascii	"\274\272S+\264q\336\205\206\225\327l\370%\347\271[\343"
  57      B471DE85 
  57      8695D76C 
  57      F825E7B9 
  57      5BE3
  58 012e C1C1793F 		.ascii	"\301\301y?\226\376\370\033.\246\336\223\330\364fD\031"
  58      96FEF81B 
  58      2EA6DE93 
  58      D8F46644 
  58      19
  59 013f 626FCABE 		.ascii	"bo\312\276\327\200\307#\3756\277,MO\316J\363\376@P\226"
  59      D780C723 
  59      FD36BF2C 
  59      4D4FCE4A 
  59      F3FE4050 
  60 0154 C6C6477C 		.ascii	"\306\306G|^\336\017\373B!I\016\316\371\274\0233r\300"
  60      5EDE0FFB 
  60      4221490E 
  60      CEF9BC13 
  60      3372C0
  61 0167 3305DF09 		.ascii	"3\005\337\011z\303\""
  61      7AC322
  62              		.text
  63              		.section	.gnu.lto_irqDeinit.fb69f475,"",%progbits
  64 0000 789C7DD2 		.ascii	"x\234}\322\315K\002A\024\000\360\367vj]\255\350XP\340"
  64      CD4B0241 
  64      1400F0F7 
  64      766A5DAD 
  64      E85850E0 
  65 0014 352F2E28 		.ascii	"5/.(\321\177\320-:\324=\242KAa\270\036\274\355\366\251"
  65      D17FD02D 
  65      3AD43DA2 
  65      4B4161B8 
  65      1EBCEDF6 
  66 0029 7D1005A5 		.ascii	"}\020\005\245\004\013Z\227<\004\021e\266\2265\331\251"
  66      040B5A97 
  66      3C041165 
  66      B69635D9 
  66      A9
  67 003a 420F1104 		.ascii	"B\017\021\004u*1\010\254S\020\024Y\263N\264\247\366"
  67      752A3108 
  67      AC531014 
  67      59B34EB4 
  67      A7F6
  68 004c 311F8F79 		.ascii	"1\037\217y\363\2339\314\210\000\340\026\000\272\330"
  68      F39B39CC 
  68      8800E016 
  68      00BAD8
  69 005b DCC63A12 		.ascii	"\334\306:\022@a\271\0100!\011\210f\242I\010\252\200"
  69      4061B908 
  69      30210988 
  69      66A24908 
  69      AA80
  70 006d 2A2E9255 		.ascii	"*.\222U\202\371\310\223!x\2664\0264~\323<\253\315\264"
ARM GAS  C:\Users\mvshv\AppData\Local\Temp\cc6uJ9up.s 			page 5


  70      82F9C893 
  70      2178B634 
  70      16347ED3 
  70      3CABCDB4 
  71 0081 EA0420C6 		.ascii	"\352\004 \306\272\031\270\207\036`\333\036w\253kMb\035"
  71      BA19B887 
  71      1E60DB1E 
  71      77AB6B4D 
  71      621D
  72 0093 5FC77D14 		.ascii	"_\307}\024\001Y\262s]O\265\352wD\243o\233\370\331\353"
  72      0159B273 
  72      5D4FB5EA 
  72      7744A36F 
  72      9BF8D9EB 
  73 00a7 0488B23A 		.ascii	"\004\210\262:\273D\2430G\0043\233\242P\301\351d&Aj\212"
  73      BB44A330 
  73      4704339B 
  73      A250C1E9 
  73      6426416A 
  74 00bc 1D651895 		.ascii	"\035e\030\225{\207\372\245I:\301\030a\307`\032U\263"
  74      7B87FAA5 
  74      493AC118 
  74      61C7601A 
  74      55B3
  75 00ce 504E9D97 		.ascii	"PN\235\227\\\013D'\002\212x\200\355:!5k\270\377\247"
  75      5C0B4427 
  75      028A7880 
  75      ED3A2135 
  75      6BB8FFA7 
  76 00e2 194E2F2E 		.ascii	"\031N/.\343\251FN\035xh\321\234\01558\235\377\270]\222"
  76      E3A9464E 
  76      1D7868D1 
  76      9C0D3538 
  76      9DFFB85D 
  77 00f7 3895306B 		.ascii	"8\2250k\321\007\033z\304i\254\260\222\0259u\342\261"
  77      D1071B7A 
  77      C469ACB0 
  77      92153975 
  77      E2B1
  78 0109 45CB3634 		.ascii	"E\31364\307iac\273\370K]xb\321g\033z\312ii\275\234m"
  78      C7696163 
  78      BBF84B5D 
  78      7862D167 
  78      1B7ACA69 
  79 0121 E0B405A9 		.ascii	"\340\264\005\251E_l\350\031\247\351+z\347\340\264\003"
  79      455F6CE8 
  79      19A7E92B 
  79      7AE7E0B4 
  79      03
  80 0132 F39CBEE2 		.ascii	"\363\234\276\342d\362=\2015kF\224\001\366n\354\013u"
  80      64F23D81 
  80      356B4694 
  80      01F66EEC 
  80      0B75
  81 0144 7ABDF25F 		.ascii	"z\275\362_\013(\362\360\340\250<\036\010\206\024\271"
  81      0B28F2F0 
  81      E0A83C1E 
ARM GAS  C:\Users\mvshv\AppData\Local\Temp\cc6uJ9up.s 			page 6


  81      088614B9 
  82 0154 AFBFC7EF 		.ascii	"\257\277\307\357\343c\267?\034\226\225\320\230\3377"
  82      E363B73F 
  82      1C9695D0 
  82      98DF37
  83 0163 30A204BD 		.ascii	"0\242\004\275C\360\003%!\276S"
  83      43F00325 
  83      21BE53
  84              		.text
  85              		.section	.gnu.lto_.symbol_nodes.fb69f475,"",%progbits
  86 0000 789C55CB 		.ascii	"x\234U\313\315\011\2000\014\206\341\257)8\227N\226\036"
  86      CD098030 
  86      0C86E1AF 
  86      2938974E 
  86      961E
  87 0012 3A804374 		.ascii	":\200Ct\010\377\216=;\203B\347\020\323\372\011z\010"
  87      08FF8E3D 
  87      3B8342E7 
  87      10D3FA09 
  87      7A08
  88 0024 4F78433A 		.ascii	"OxC:\000\223\015d\026\005\306\0350\2260XYD\335\257\270"
  88      00930D64 
  88      1605C61D 
  88      30963058 
  88      5944DDAF 
  89 0039 55545A01 		.ascii	"UTZ\001B\350-l\242\376\033<\004\351\270\\5\323B\343"
  89      42E82D6C 
  89      A2FE1B3C 
  89      04E9B85C 
  89      35D342E3 
  90 004d F99868A6 		.ascii	"\371\230h\246\245j[\37333-4\276w\232i\375\303\015v\210"
  90      A56A5BFB 
  90      33332D34 
  90      BE779A69 
  90      FDC30D76 
  91 0062 366B     		.ascii	"6k"
  92              		.text
  93              		.section	.gnu.lto_.refs.fb69f475,"",%progbits
  94 0000 789C6363 		.ascii	"x\234cc```\004b\006\000\000D\000\010"
  94      60606004 
  94      62060000 
  94      440008
  95              		.text
  96              		.section	.gnu.lto_.decls.fb69f475,"",%progbits
  97 0000 789CAD53 		.ascii	"x\234\255SMl\023G\024\236\267cB\330\030\022P\205\250"
  97      4D6C1347 
  97      149EB763 
  97      42D81812 
  97      5085A8
  98 0013 C4C1CA05 		.ascii	"\304\301\312\005.\330\371\001\201z@T\320\322\036\322"
  98      2ED8F901 
  98      817A4054 
  98      D0D21ED2 
  99 0023 43FFA4AA 		.ascii	"C\377\244\252+\031\307^\232\225\354]\360\256\253p\333"
  99      2B19C75E 
  99      9A95EC5D 
  99      F0AEAB70 
ARM GAS  C:\Users\mvshv\AppData\Local\Temp\cc6uJ9up.s 			page 7


  99      DB
 100 0034 8616A106 		.ascii	"\206\026\241\006)TJIc\250\0104j\211@%\242\205\226@\210"
 100      29544A49 
 100      63A80834 
 100      6A894025 
 100      A2859640 
 101 0049 4D491C88 		.ascii	"MI\034\210C~ \207J%\266\240\225\220\312\001\020m\324"
 101      437E2087 
 101      4A25B6A0 
 101      9590CA01 
 101      106DD4
 102 005c B492FB66 		.ascii	"\264\222\373ff\3276\245\276T\035\355\354\354|\363\336"
 102      66D736A5 
 102      BE541DED 
 102      ECEC7CF3 
 102      DE
 103 006d F77D33F3 		.ascii	"\367}3\363\266\212\020r\302C\310 \020r\012\277\013\330"
 103      B68A1072 
 103      C243C820 
 103      10720ABF 
 103      0BD8
 104 007f 288E69EC 		.ascii	"(\216i\354\010\221a\"\032\206\220Q\354\031\354Y\354"
 104      08916122 
 104      1A869051 
 104      EC19EC59 
 104      EC
 105 0090 D3E4D9D6 		.ascii	"\323\344\331\326\011\"n\027\366\031'w\302Y\223\234\374"
 105      09226E17 
 105      F6192777 
 105      C259939C 
 105      FC
 106 00a1 ECBFE475 		.ascii	"\354\277\344u\225\345\315:ySey\231\012z\335\024\356"
 106      95E5CD3A 
 106      79536579 
 106      990A7ADD 
 106      14EE
 107 00b3 8C0F9CA6 		.ascii	"\214\017\234\246\235\024\326\311\300\234\327\"t\366"
 107      9D14D6C9 
 107      C09CD722 
 107      74F6
 108 00c1 C1C53F96 		.ascii	"\301\305?\226\013\210E\344\007\222\213\265T\342\337"
 108      0B8845E4 
 108      07928BB5 
 108      54E2DF
 109 00d0 BDD327FE 		.ascii	"\275\323'\376\362\372\317\330\242U\033\004\316\003u"
 109      F2FACFD8 
 109      A2551B04 
 109      CE0375
 110 00df A966BB1E 		.ascii	"\251f\273\036\367/\245\333x\340\314\207\203\307\030"
 110      F72FA5DB 
 110      78E0CC87 
 110      83C718
 111 00ee ED2A193C 		.ascii	"\355*\031<8}4\231\274\267\002\247\317\311\340\353\246"
 111      387D3499 
 111      BCB702A7 
 111      CFC9E0EB 
 111      A6
ARM GAS  C:\Users\mvshv\AppData\Local\Temp\cc6uJ9up.s 			page 8


 112 00ff 52EEC73F 		.ascii	"R\356\307?\177Z\001\362\372\203\266\335a\367\355\267"
 112      7F5A01F2 
 112      FA83B6DD 
 112      61F7EDB7 
 113 010f 97BD42E0 		.ascii	"\227\275B\340\"\254\205\357a-\201K\260\236I_\000?\201"
 113      22AC85EF 
 113      612D814B 
 113      B09E495F 
 113      003F81
 114 0122 6F11FC06 		.ascii	"o\021\374\006\301/\231\\*\327\273\265\367\261m\373`"
 114      C12F995C 
 114      2AD7BBB5 
 114      F7B16DFB 
 114      60
 115 0133 0864F80E 		.ascii	"\010d\370\016(\217\301S^'\013\003\003\375\237\234\254"
 115      288FC153 
 115      5E270B03 
 115      03FD9F9C 
 115      AC
 116 0144 A2E78039 		.ascii	"\242\347\2009\220.\035\375eT\252\244q\245\262\306\331"
 116      902E1DFD 
 116      6554AAA4 
 116      71A5B2C6 
 116      D9
 117 0155 FAB18F6C 		.ascii	"\372\261\217l[\202a\324\270\\\322@I6 \212BC\351\341"
 117      5B8261D4 
 117      B85CD240 
 117      4936208A 
 117      4243E9E1 
 118 0169 919A1CDC 		.ascii	"\221\232\034\334\001<\\\250\343\373\007\020o\034Y\347"
 118      013C5CA8 
 118      E3FB0710 
 118      6F1C59E7 
 119 0179 F382DB40 		.ascii	"\363\202\333@\340\210JbpB\331\304M\201\"\"9\034\222"
 119      E0884A62 
 119      7042D9C4 
 119      4D812222 
 119      391C92
 120 018c CBCB1F87 		.ascii	"\313\313\037\207\000\312Y\305\272\220s\233(;\361Q\226"
 120      00CA59C5 
 120      BA90739B 
 120      283BF151 
 120      96
 121 019d 2720A924 		.ascii	"' \251$V\226\362\214WR\\.\232*m\022\234\353\236{p\350"
 121      5696F28C 
 121      57525C2E 
 121      9A2A6D12 
 121      9CEB9E7B 
 122 01b3 6B6F1EE6 		.ascii	"ko\036\346q\365\035B\016W\307\370\305w\376\272\330\005"
 122      71F51D42 
 122      0E57C7F8 
 122      C577FEBA 
 122      D805
 123 01c5 B44794CB 		.ascii	"\264G\224\313ha!U+\252@b\005\3620\373y\215\250\202:"
 123      68612155 
 123      2BAA4062 
 123      05F230FB 
ARM GAS  C:\Users\mvshv\AppData\Local\Temp\cc6uJ9up.s 			page 9


 123      798DA882 
 124 01da 9C9E3954 		.ascii	"\234\2369T\350^\262\346\010;\366\303\373\355:\011v\255"
 124      E85EB2E6 
 124      083BF6C3 
 124      FBED3A09 
 124      76AD
 125 01ec 861FF032 		.ascii	"\206\037\3602\256\342e\020\270\006k\360\255{\204\330"
 125      AEE26510 
 125      B8066BF0 
 125      AD7B84D8 
 126 01fc 07078EF7 		.ascii	"\007\007\216\367\324\324\367\331}y;U\230\360]\316\036"
 126      D4D4F7D9 
 126      7D793B55 
 126      98F05DCE 
 126      1E
 127 020d B0A7316F 		.ascii	"\260\2471o\033\217\203t\351\236\322\254\036!\005y\200"
 127      1B8F8374 
 127      E99ED2AC 
 127      1E210579 
 127      80
 128 021e 11C8A1B7 		.ascii	"\021\310\241\267Q\250\307\374\373?\377\376D\246s\302"
 128      51A8C7FC 
 128      FB3FFFFE 
 128      44A673C2 
 129 022e 56FF85B1 		.ascii	"V\377\205\261\317\250C6\2735i\247:lv\343\214i\254\304"
 129      CFA84336 
 129      BB3569A7 
 129      3A6C76E3 
 129      8C69ACC4 
 130 0242 34F64FA6 		.ascii	"4\366O\246\014g:z\373\356\027\022\315\011\246\314\251"
 130      0C673A7A 
 130      FBEE1712 
 130      CD09A6CC 
 130      A9
 131 0253 F369F048 		.ascii	"\363i\360H\2420\230Y\304&\026\276\032\361\024\261\353"
 131      A2309859 
 131      C42616BE 
 131      1AF114B1 
 131      EB
 132 0264 C0C14757 		.ascii	"\300\301GW\346\217H\025\367:\301\367z\003\234\315\366"
 132      E68F4815 
 132      F73AC1F7 
 132      7A039CCD 
 132      F6
 133 0275 9F3B76DA 		.ascii	"\237;v\332\213\376\362X\217\231\371-\275\203\367\355"
 133      8BFEF258 
 133      8F99F92D 
 133      BD83F7ED 
 134 0285 83328F82 		.ascii	"\2032\217\202\361\222\277q\347\317\203,\36757?\374\220"
 134      F192BF71 
 134      E7CF832C 
 134      F735373F 
 134      FC90
 135 0297 D2E3B4A2 		.ascii	"\322\343\264\242\257\236['\207\226W\2640\305-\334t-"
 135      AF9E5B27 
 135      879657B4 
 135      30C52DDC 
ARM GAS  C:\Users\mvshv\AppData\Local\Temp\cc6uJ9up.s 			page 10


 135      742D
 136 02a9 F4FDB6D0 		.ascii	"\364\375\266\320\3408X|>i_\225X\000L\226\324']\365i"
 136      E038587C 
 136      3E695F95 
 136      58004C96 
 136      D4275DF5 
 137 02be AE9EEC18 		.ascii	"\256\236\354\030\274[\345\375\270\370\257q\263\356\357"
 137      BC5BE5FD 
 137      B8F8AF71 
 137      B3EEEF
 138 02cd 466006BC 		.ascii	"F`\006\274<\030G\014\376\264\260poIy\360\324S\301\263"
 138      3C18470C 
 138      FEB4B070 
 138      6F4979F0 
 138      D453C1B3 
 139 02e1 4E301B37 		.ascii	"N0\0337\372\375\201\342c\230\201\266P4\260\307\210["
 139      FAFD81E2 
 139      639881B6 
 139      5034B0C7 
 139      885B
 140 02f3 66E08D37 		.ascii	"f\340\2157[\232\233\304\373\345\346\366\366\200i\305"
 140      5B9A9BC4 
 140      FBE5E6F6 
 140      F68069C5 
 141 0303 9A9B829A 		.ascii	"\232\233\202\232\031\367\207\253w\276\366\226o{c#\221"
 141      19F787AB 
 141      77BEF696 
 141      6F7B6323 
 141      91
 142 0314 83C184A6 		.ascii	"\203\301\204\246[\210[\273\303/(\3416\255U3\255DD3\024"
 142      5B885BBB 
 142      C32F28E1 
 142      36AD5533 
 142      AD444433 
 143 0329 CB30A2A6 		.ascii	"\3130\242\246\362\236\236\360\361/_(\036\363\251\261"
 143      F29E9EF0 
 143      F12F5F28 
 143      1EF3A9B1 
 144 0339 56351251 		.ascii	"V5\022Q#\312f\177\203\257\251\241q\363\336\215\012\342"
 144      23CA667F 
 144      83AFA9A1 
 144      71F3DE8D 
 144      0AE2
 145 034b 1B744357 		.ascii	"\033tCW7\250\241VM\321\364p4\021Q\225X\010\271tU\011"
 145      37A8A156 
 145      4DD1F470 
 145      34115195 
 145      5808B974 
 146 0361 46D4DDA1 		.ascii	"F\324\335\241D\324\012Z\373\366\250\246\277\215T\273"
 146      44D40A5A 
 146      FBF6A8A6 
 146      BF8D54BB 
 147 0371 7AEFFEAF 		.ascii	"z\357\376\257z\346>S\011\232V\004\311Qd\251\026\337"
 147      7AE63E53 
 147      099A5604 
 147      C95164A9 
 147      16DF
ARM GAS  C:\Users\mvshv\AppData\Local\Temp\cc6uJ9up.s 			page 11


 148 0383 FBAAAE59 		.ascii	"\373\252\256Y\233\376\313\341\220e\230\275C\3250\277"
 148      9BFECBE1 
 148      906598BD 
 148      43D530BF 
 149 0393 4E7F5F0B 		.ascii	"N\177_\013\277\244\207Z\243\352\333j\3302\342\376\212"
 149      BFA4875A 
 149      A3EADB6A 
 149      D832E2FE 
 149      8A
 150 03a4 84612316 		.ascii	"\204a#\0263\364\300\213\257\267loi\017\260<\364\261"
 150      33F4C08B 
 150      AFB76C6F 
 150      690FB03C 
 150      F4B1
 151 03b6 928D3B34 		.ascii	"\222\215;4\263D\36078s\331\000"
 151      B344F037 
 151      3873D900 
 152              		.text
 153              		.section	.gnu.lto_.symtab.fb69f475,"",%progbits
 154 0000 69727149 		.ascii	"irqInit\000"
 154      6E697400 
 155 0008 00       		.ascii	"\000"
 156 0009 00       		.ascii	"\000"
 157 000a 00       		.ascii	"\000"
 158 000b 00000000 		.ascii	"\000\000\000\000\000\000\000\000"
 158      00000000 
 159 0013 C5000000 		.ascii	"\305\000\000\000"
 160 0017 69727144 		.ascii	"irqDeinit\000"
 160      65696E69 
 160      7400
 161 0021 00       		.ascii	"\000"
 162 0022 00       		.ascii	"\000"
 163 0023 00       		.ascii	"\000"
 164 0024 00000000 		.ascii	"\000\000\000\000\000\000\000\000"
 164      00000000 
 165 002c C7000000 		.ascii	"\307\000\000\000"
 166 0030 6E766963 		.ascii	"nvicEnableVector\000"
 166      456E6162 
 166      6C655665 
 166      63746F72 
 166      00
 167 0041 00       		.ascii	"\000"
 168 0042 02       		.ascii	"\002"
 169 0043 00       		.ascii	"\000"
 170 0044 00000000 		.ascii	"\000\000\000\000\000\000\000\000"
 170      00000000 
 171 004c CC000000 		.ascii	"\314\000\000\000"
 172 0050 6E766963 		.ascii	"nvicDisableVector\000"
 172      44697361 
 172      626C6556 
 172      6563746F 
 172      7200
 173 0062 00       		.ascii	"\000"
 174 0063 02       		.ascii	"\002"
 175 0064 00       		.ascii	"\000"
 176 0065 00000000 		.ascii	"\000\000\000\000\000\000\000\000"
 176      00000000 
ARM GAS  C:\Users\mvshv\AppData\Local\Temp\cc6uJ9up.s 			page 12


 177 006d D0000000 		.ascii	"\320\000\000\000"
 178              		.text
 179              		.section	.gnu.lto_.opts,"",%progbits
 180 0000 272D666D 		.ascii	"'-fmath-errno' '-fsigned-zeros' '-ftrapping-math' '"
 180      6174682D 
 180      6572726E 
 180      6F272027 
 180      2D667369 
 181 0033 2D666E6F 		.ascii	"-fno-trapv' '-fno-openmp' '-fno-openacc' '-mcpu=cor"
 181      2D747261 
 181      70762720 
 181      272D666E 
 181      6F2D6F70 
 182 0066 7465782D 		.ascii	"tex-m4' '-mno-thumb-interwork' '-mthumb' '-O2' '-fo"
 182      6D342720 
 182      272D6D6E 
 182      6F2D7468 
 182      756D622D 
 183 0099 6D69742D 		.ascii	"mit-frame-pointer' '-falign-functions=16' '-ffuncti"
 183      6672616D 
 183      652D706F 
 183      696E7465 
 183      72272027 
 184 00cc 6F6E2D73 		.ascii	"on-sections' '-fdata-sections' '-fno-common' '-flto"
 184      65637469 
 184      6F6E7327 
 184      20272D66 
 184      64617461 
 185 00ff 2700     		.ascii	"'\000"
 186              		.text
 187              		.comm	__gnu_lto_v1,1,1
 188              		.comm	__gnu_lto_slim,1,1
 189              		.ident	"GCC: (GNU Tools for Arm Embedded Processors 7-2017-q4-major) 7.2.1 20170904 (release) [ARM
ARM GAS  C:\Users\mvshv\AppData\Local\Temp\cc6uJ9up.s 			page 13


DEFINED SYMBOLS
                            *ABS*:00000000 stm32_isr.c
                            *COM*:00000001 __gnu_lto_v1
                            *COM*:00000001 __gnu_lto_slim

NO UNDEFINED SYMBOLS
